NODE_101_length_10251_cov_6.26206_14 -          DEDD_Tnp_IS110       PF01548.17   1.6e-26   91.6   0.8   3.4e-26   90.5   0.8   1.5   1   0   0   1   1   1   1 # 8684 # 9634 # 1 # ID=58_14;partial=00;start_type=ATG;rbs_motif=GGA/GAG/AGG;rbs_spacer=5-10bp;gc_cont=0.394	114648
NODE_101_length_10251_cov_6.26206_14 -          Transposase_20       PF02371.16   1.4e-23   81.6   0.0   2.8e-23   80.6   0.0   1.5   1   0   0   1   1   1   1 # 8684 # 9634 # 1 # ID=58_14;partial=00;start_type=ATG;rbs_motif=GGA/GAG/AGG;rbs_spacer=5-10bp;gc_cont=0.394	114648
NODE_165_length_8416_cov_5.4027_7 -          DDE_Tnp_IS1595       PF12762.7    8.9e-36  121.8   0.1     1e-35  121.6   0.1   1.0   1   0   0   1   1   1   1 # 3385 # 3897 # -1 # ID=87_7;partial=00;start_type=ATG;rbs_motif=None;rbs_spacer=None;gc_cont=0.464	120227
NODE_165_length_8416_cov_5.4027_7 -          DDE_Tnp_IS1595       PF12762.7    8.9e-36  121.8   0.1     1e-35  121.6   0.1   1.0   1   0   0   1   1   1   1 # 3385 # 3897 # -1 # ID=87_7;partial=00;start_type=ATG;rbs_motif=None;rbs_spacer=None;gc_cont=0.464	767313
NODE_317_length_5660_cov_5.95968_4   -          DDE_Tnp_ISL3         PF01610.17   4.1e-59  198.8   1.5   7.8e-59  197.9   1.5   1.5   1   0   0   1   1   1   1 # 2401 # 3717 # -1 # ID=148_4;partial=00;start_type=ATG;rbs_motif=None;rbs_spacer=None;gc_cont=0.312	124721
NODE_317_length_5660_cov_5.95968_4  -          HTH_Tnp_ISL3         PF13542.6    4.4e-06   24.6   0.2   1.4e-05   23.0   0.2   1.9   1   0   0   1   1   1   1 # 2401 # 3717 # -1 # ID=148_4;partial=00;start_type=ATG;rbs_motif=None;rbs_spacer=None;gc_cont=0.312	124721
NODE_317_length_5660_cov_5.95968_4  -          zf-ISL3              PF14690.6    2.4e-09   36.3   1.9   5.6e-09   35.1   1.9   1.7   1   0   0   1   1   1   1 # 2401 # 3717 # -1 # ID=148_4;partial=00;start_type=ATG;rbs_motif=None;rbs_spacer=None;gc_cont=0.312	124721
NODE_333_length_5551_cov_3.30222_3  -          PDDEXK_2             PF12784.7    3.9e-17   61.1   9.6   8.4e-17   60.0   9.6   1.6   1   1   0   1   1   1   1 # 1946 # 2872 # 1 # ID=157_3;partial=00;start_type=ATG;rbs_motif=AGxAGG/AGGxGG;rbs_spacer=5-10bp;gc_cont=0.340	67019
NODE_556_length_4185_cov_9.18499_3  -          HTH_Tnp_1            PF01527.20   9.9e-09   34.0   0.0   1.5e-05   23.8   0.0   2.7   2   1   0   2   2   2   2 # 2354 # 2857 # -1 # ID=215_3;partial=00;start_type=ATG;rbs_motif=GGAG/GAGG;rbs_spacer=5-10bp;gc_cont=0.282	486894
NODE_556_length_4185_cov_9.18499_3  -          HTH_Tnp_1            PF01527.20   9.9e-09   34.0   0.0   1.5e-05   23.8   0.0   2.7   2   1   0   2   2   2   2 # 2354 # 2857 # -1 # ID=215_3;partial=00;start_type=ATG;rbs_motif=GGAG/GAGG;rbs_spacer=5-10bp;gc_cont=0.282	1106658
NODE_587_length_4095_cov_8.84703_1  -          PDDEXK_2             PF12784.7    5.1e-14   50.9   0.3   6.4e-14   50.6   0.3   1.1   1   0   0   1   1   1   1 # 1 # 411 # -1 # ID=222_1;partial=10;start_type=ATG;rbs_motif=AGGAG;rbs_spacer=5-10bp;gc_cont=0.392	987326
NODE_732_length_3599_cov_4.66112_1  -          DDE_Tnp_1            PF01609.21   3.9e-08   31.8   2.9   1.5e-07   29.9   2.8   1.9   1   1   1   2   2   2   1 # 2 # 862 # -1 # ID=253_1;partial=10;start_type=ATG;rbs_motif=AGGA/GGAG/GAGG;rbs_spacer=11-12bp;gc_cont=0.285	3318438
NODE_732_length_3599_cov_4.66112_1  -          DUF772               PF05598.11   7.3e-19   66.1   0.0   1.2e-18   65.4   0.0   1.4   1   0   0   1   1   1   1 # 2 # 862 # -1 # ID=253_1;partial=10;start_type=ATG;rbs_motif=AGGA/GGAG/GAGG;rbs_spacer=11-12bp;gc_cont=0.285	3318438
NODE_1172_length_2776_cov_9.46454_1  -          DDE_Tnp_ISL3         PF01610.17     1e-50  171.3   6.5   1.7e-50  170.5   6.5   1.4   1   0   0   1   1   1   1 # 89 # 1381 # -1 # ID=345_1;partial=00;start_type=ATG;rbs_motif=TAA;rbs_spacer=8bp;gc_cont=0.374	36764
NODE_1172_length_2776_cov_9.46454_1 -          HTH_Tnp_ISL3         PF13542.6    7.4e-10   36.7   0.0   1.4e-09   35.8   0.0   1.5   1   0   0   1   1   1   1 # 89 # 1381 # -1 # ID=345_1;partial=00;start_type=ATG;rbs_motif=TAA;rbs_spacer=8bp;gc_cont=0.374	36764
NODE_1172_length_2776_cov_9.46454_1 -          zf-ISL3              PF14690.6    1.1e-11   43.8   0.6   2.2e-11   42.8   0.6   1.6   1   0   0   1   1   1   1 # 89 # 1381 # -1 # ID=345_1;partial=00;start_type=ATG;rbs_motif=TAA;rbs_spacer=8bp;gc_cont=0.374	36764
NODE_1172_length_2776_cov_9.46454_1  -          DDE_Tnp_ISL3         PF01610.17     1e-50  171.3   6.5   1.7e-50  170.5   6.5   1.4   1   0   0   1   1   1   1 # 89 # 1381 # -1 # ID=345_1;partial=00;start_type=ATG;rbs_motif=TAA;rbs_spacer=8bp;gc_cont=0.374	36764
NODE_1172_length_2776_cov_9.46454_1 -          HTH_Tnp_ISL3         PF13542.6    7.4e-10   36.7   0.0   1.4e-09   35.8   0.0   1.5   1   0   0   1   1   1   1 # 89 # 1381 # -1 # ID=345_1;partial=00;start_type=ATG;rbs_motif=TAA;rbs_spacer=8bp;gc_cont=0.374	36764
NODE_1172_length_2776_cov_9.46454_1 -          zf-ISL3              PF14690.6    1.1e-11   43.8   0.6   2.2e-11   42.8   0.6   1.6   1   0   0   1   1   1   1 # 89 # 1381 # -1 # ID=345_1;partial=00;start_type=ATG;rbs_motif=TAA;rbs_spacer=8bp;gc_cont=0.374	36764
NODE_1172_length_2776_cov_9.46454_1  -          DDE_Tnp_ISL3         PF01610.17     1e-50  171.3   6.5   1.7e-50  170.5   6.5   1.4   1   0   0   1   1   1   1 # 89 # 1381 # -1 # ID=345_1;partial=00;start_type=ATG;rbs_motif=TAA;rbs_spacer=8bp;gc_cont=0.374	238391
NODE_1172_length_2776_cov_9.46454_1 -          HTH_Tnp_ISL3         PF13542.6    7.4e-10   36.7   0.0   1.4e-09   35.8   0.0   1.5   1   0   0   1   1   1   1 # 89 # 1381 # -1 # ID=345_1;partial=00;start_type=ATG;rbs_motif=TAA;rbs_spacer=8bp;gc_cont=0.374	238391
NODE_1172_length_2776_cov_9.46454_1 -          zf-ISL3              PF14690.6    1.1e-11   43.8   0.6   2.2e-11   42.8   0.6   1.6   1   0   0   1   1   1   1 # 89 # 1381 # -1 # ID=345_1;partial=00;start_type=ATG;rbs_motif=TAA;rbs_spacer=8bp;gc_cont=0.374	238391
NODE_1849_length_2108_cov_2.93132_1 -          DUF772               PF05598.11   1.4e-13   49.2   0.1   2.4e-13   48.5   0.1   1.4   1   0   0   1   1   1   1 # 2 # 403 # -1 # ID=475_1;partial=10;start_type=ATG;rbs_motif=None;rbs_spacer=None;gc_cont=0.361	3824495
NODE_2515_length_1719_cov_3.09615_1  -          DDE_Tnp_ISL3         PF01610.17     6e-57  191.7   5.6   7.3e-57  191.4   5.6   1.1   1   0   0   1   1   1   1 # 74 # 919 # -1 # ID=570_1;partial=00;start_type=TTG;rbs_motif=None;rbs_spacer=None;gc_cont=0.398	3824514
NODE_2613_length_1674_cov_2.35083_2 -          DDE_Tnp_1            PF01609.21   1.6e-26   91.9   0.9   2.1e-26   91.5   0.9   1.1   1   0   0   1   1   1   1 # 275 # 1510 # -1 # ID=583_2;partial=00;start_type=ATG;rbs_motif=AAA;rbs_spacer=11bp;gc_cont=0.488	726947
NODE_2613_length_1674_cov_2.35083_2 -          DDE_Tnp_1_4          PF13701.6    3.4e-07   27.4   1.9   4.8e-07   27.0   1.9   1.2   1   0   0   1   1   1   1 # 275 # 1510 # -1 # ID=583_2;partial=00;start_type=ATG;rbs_motif=AAA;rbs_spacer=11bp;gc_cont=0.488	726947
NODE_3125_length_1504_cov_4.70531_1  -          DDE_Tnp_ISL3         PF01610.17   6.7e-49  165.3   5.8   1.1e-48  164.6   5.8   1.3   1   0   0   1   1   1   1 # 123 # 1379 # 1 # ID=660_1;partial=00;start_type=ATG;rbs_motif=TAGAA;rbs_spacer=8bp;gc_cont=0.372	36764
NODE_3125_length_1504_cov_4.70531_1 -          HTH_Tnp_ISL3         PF13542.6    8.1e-10   36.6   0.0   1.5e-09   35.7   0.0   1.5   1   0   0   1   1   1   1 # 123 # 1379 # 1 # ID=660_1;partial=00;start_type=ATG;rbs_motif=TAGAA;rbs_spacer=8bp;gc_cont=0.372	36764
NODE_3125_length_1504_cov_4.70531_1 -          zf-ISL3              PF14690.6    2.5e-10   39.4   0.2   5.3e-10   38.4   0.2   1.6   1   0   0   1   1   1   1 # 123 # 1379 # 1 # ID=660_1;partial=00;start_type=ATG;rbs_motif=TAGAA;rbs_spacer=8bp;gc_cont=0.372	36764
NODE_3524_length_1389_cov_52.8763_1 -          OrfB_IS605           PF01385.19   2.4e-27   94.1   0.4   2.4e-27   94.1   0.4   1.7   2   0   0   2   2   2   1 # 159 # 1262 # 1 # ID=721_1;partial=00;start_type=ATG;rbs_motif=GGAG/GAGG;rbs_spacer=5-10bp;gc_cont=0.255	63538
NODE_3524_length_1389_cov_52.8763_1 -          OrfB_Zn_ribbon       PF07282.11   1.9e-25   87.1   1.9     5e-25   85.8   1.9   1.8   1   0   0   1   1   1   1 # 159 # 1262 # 1 # ID=721_1;partial=00;start_type=ATG;rbs_motif=GGAG/GAGG;rbs_spacer=5-10bp;gc_cont=0.255	63538
NODE_3540_length_1384_cov_40.8269_1 -          DDE_Tnp_1            PF01609.21   3.9e-06   25.2   0.1   3.9e-06   25.2   0.1   2.7   1   1   0   2   2   2   1 # 86 # 1384 # 1 # ID=724_1;partial=01;start_type=ATG;rbs_motif=TAAA;rbs_spacer=14bp;gc_cont=0.383	36459
NODE_3540_length_1384_cov_40.8269_1 -          DUF772               PF05598.11   5.6e-19   66.5   0.0   1.5e-18   65.2   0.0   1.8   1   0   0   1   1   1   1 # 86 # 1384 # 1 # ID=724_1;partial=01;start_type=ATG;rbs_motif=TAAA;rbs_spacer=14bp;gc_cont=0.383	36459
NODE_3616_length_1366_cov_4.11518_1 -          PDDEXK_2             PF12784.7    7.3e-21   73.3   0.3     1e-20   72.8   0.3   1.2   1   0   0   1   1   1   1 # 1 # 624 # -1 # ID=732_1;partial=10;start_type=ATG;rbs_motif=AGGAG;rbs_spacer=5-10bp;gc_cont=0.413	987326
NODE_3912_length_1300_cov_3.46908_1  -          DDE_Tnp_ISL3         PF01610.17   2.9e-15   55.2   0.1   2.9e-15   55.2   0.1   1.3   2   0   0   2   2   2   1 # 1 # 441 # 1 # ID=766_1;partial=10;start_type=Edge;rbs_motif=None;rbs_spacer=None;gc_cont=0.256	6367273
NODE_4225_length_1240_cov_3.20422_2 -          HTH_Tnp_IS630        PF01710.16   2.9e-08   32.4   0.2   3.3e-08   32.2   0.2   1.1   1   0   0   1   1   1   1 # 472 # 681 # -1 # ID=803_2;partial=00;start_type=GTG;rbs_motif=None;rbs_spacer=None;gc_cont=0.414	82638
NODE_4519_length_1193_cov_3.84886_2 -          HTH_Tnp_IS630        PF01710.16   2.5e-29  100.3   1.1   2.7e-29  100.2   1.1   1.0   1   0   0   1   1   1   1 # 552 # 920 # 1 # ID=838_2;partial=00;start_type=ATG;rbs_motif=None;rbs_spacer=None;gc_cont=0.350	56600
NODE_4779_length_1160_cov_4.16561_1 -          DDE_Tnp_IS240        PF13610.6    1.4e-08   33.7   0.0   2.3e-08   32.9   0.0   1.4   1   0   0   1   1   1   1 # 311 # 1159 # -1 # ID=866_1;partial=01;start_type=Edge;rbs_motif=None;rbs_spacer=None;gc_cont=0.471	17133
NODE_5111_length_1116_cov_4.69086_2 -          DDE_Tnp_1            PF01609.21   4.3e-42  142.8   2.5   5.3e-42  142.4   2.5   1.1   1   0   0   1   1   1   1 # 391 # 1116 # -1 # ID=896_2;partial=01;start_type=Edge;rbs_motif=None;rbs_spacer=None;gc_cont=0.511	409823
NODE_5111_length_1116_cov_4.69086_2 -          DDE_Tnp_1_2          PF13586.6    4.5e-08   31.9   0.2     1e-07   30.8   0.2   1.7   1   0   0   1   1   1   1 # 391 # 1116 # -1 # ID=896_2;partial=01;start_type=Edge;rbs_motif=None;rbs_spacer=None;gc_cont=0.511	409823
NODE_5111_length_1116_cov_4.69086_2  -          DDE_Tnp_1_3          PF13612.6    9.1e-09   34.1   0.1   1.4e-08   33.5   0.1   1.4   1   1   0   1   1   1   1 # 391 # 1116 # -1 # ID=896_2;partial=01;start_type=Edge;rbs_motif=None;rbs_spacer=None;gc_cont=0.511	409823
NODE_5111_length_1116_cov_4.69086_2 -          DDE_Tnp_1_6          PF13751.6    1.4e-07   30.3   1.8     2e-07   29.8   0.5   1.9   2   0   0   2   2   2   1 # 391 # 1116 # -1 # ID=896_2;partial=01;start_type=Edge;rbs_motif=None;rbs_spacer=None;gc_cont=0.511	409823
NODE_5111_length_1116_cov_4.69086_2 -          DDE_Tnp_4            PF13359.6      1e-08   33.5   0.1   1.7e-08   32.9   0.1   1.4   1   0   0   1   1   1   1 # 391 # 1116 # -1 # ID=896_2;partial=01;start_type=Edge;rbs_motif=None;rbs_spacer=None;gc_cont=0.511	409823
NODE_5111_length_1116_cov_4.69086_2 -          DDE_Tnp_1            PF01609.21   4.3e-42  142.8   2.5   5.3e-42  142.4   2.5   1.1   1   0   0   1   1   1   1 # 391 # 1116 # -1 # ID=896_2;partial=01;start_type=Edge;rbs_motif=None;rbs_spacer=None;gc_cont=0.511	156103
NODE_5111_length_1116_cov_4.69086_2 -          DDE_Tnp_1_2          PF13586.6    4.5e-08   31.9   0.2     1e-07   30.8   0.2   1.7   1   0   0   1   1   1   1 # 391 # 1116 # -1 # ID=896_2;partial=01;start_type=Edge;rbs_motif=None;rbs_spacer=None;gc_cont=0.511	156103
NODE_5111_length_1116_cov_4.69086_2  -          DDE_Tnp_1_3          PF13612.6    9.1e-09   34.1   0.1   1.4e-08   33.5   0.1   1.4   1   1   0   1   1   1   1 # 391 # 1116 # -1 # ID=896_2;partial=01;start_type=Edge;rbs_motif=None;rbs_spacer=None;gc_cont=0.511	156103
NODE_5111_length_1116_cov_4.69086_2 -          DDE_Tnp_1_6          PF13751.6    1.4e-07   30.3   1.8     2e-07   29.8   0.5   1.9   2   0   0   2   2   2   1 # 391 # 1116 # -1 # ID=896_2;partial=01;start_type=Edge;rbs_motif=None;rbs_spacer=None;gc_cont=0.511	156103
NODE_5111_length_1116_cov_4.69086_2 -          DDE_Tnp_4            PF13359.6      1e-08   33.5   0.1   1.7e-08   32.9   0.1   1.4   1   0   0   1   1   1   1 # 391 # 1116 # -1 # ID=896_2;partial=01;start_type=Edge;rbs_motif=None;rbs_spacer=None;gc_cont=0.511	156103
NODE_5111_length_1116_cov_4.69086_2 -          DDE_Tnp_1            PF01609.21   4.3e-42  142.8   2.5   5.3e-42  142.4   2.5   1.1   1   0   0   1   1   1   1 # 391 # 1116 # -1 # ID=896_2;partial=01;start_type=Edge;rbs_motif=None;rbs_spacer=None;gc_cont=0.511	409823
NODE_5111_length_1116_cov_4.69086_2 -          DDE_Tnp_1_2          PF13586.6    4.5e-08   31.9   0.2     1e-07   30.8   0.2   1.7   1   0   0   1   1   1   1 # 391 # 1116 # -1 # ID=896_2;partial=01;start_type=Edge;rbs_motif=None;rbs_spacer=None;gc_cont=0.511	409823
NODE_5111_length_1116_cov_4.69086_2  -          DDE_Tnp_1_3          PF13612.6    9.1e-09   34.1   0.1   1.4e-08   33.5   0.1   1.4   1   1   0   1   1   1   1 # 391 # 1116 # -1 # ID=896_2;partial=01;start_type=Edge;rbs_motif=None;rbs_spacer=None;gc_cont=0.511	409823
NODE_5111_length_1116_cov_4.69086_2 -          DDE_Tnp_1_6          PF13751.6    1.4e-07   30.3   1.8     2e-07   29.8   0.5   1.9   2   0   0   2   2   2   1 # 391 # 1116 # -1 # ID=896_2;partial=01;start_type=Edge;rbs_motif=None;rbs_spacer=None;gc_cont=0.511	409823
NODE_5111_length_1116_cov_4.69086_2 -          DDE_Tnp_4            PF13359.6      1e-08   33.5   0.1   1.7e-08   32.9   0.1   1.4   1   0   0   1   1   1   1 # 391 # 1116 # -1 # ID=896_2;partial=01;start_type=Edge;rbs_motif=None;rbs_spacer=None;gc_cont=0.511	409823
NODE_5209_length_1101_cov_3.05641_1 -          HTH_Tnp_ISL3         PF13542.6    2.3e-07   28.7   2.2    0.0016   16.4   0.0   4.0   4   0   0   4   4   4   2 # 1 # 498 # -1 # ID=901_1;partial=10;start_type=ATG;rbs_motif=GGA/GAG/AGG;rbs_spacer=5-10bp;gc_cont=0.430	4606509
NODE_5737_length_1043_cov_3.20951_2 -          HTH_Tnp_1            PF01527.20   3.2e-08   32.4   0.2     0.002   17.0   0.1   2.9   2   1   0   2   2   2   2 # 344 # 898 # -1 # ID=956_2;partial=00;start_type=ATG;rbs_motif=AGGAG/GGAGG;rbs_spacer=11-12bp;gc_cont=0.301	2075257
NODE_6248_length_993_cov_10.3923_1   -          DDE_Tnp_ISL3         PF01610.17   1.6e-43  147.7   7.1   1.6e-43  147.7   7.1   1.6   2   0   0   2   2   2   1 # 1 # 993 # 1 # ID=1003_1;partial=11;start_type=Edge;rbs_motif=None;rbs_spacer=None;gc_cont=0.407	238391
NODE_6248_length_993_cov_10.3923_1  -          HTH_Tnp_ISL3         PF13542.6    2.2e-10   38.4   0.0     5e-10   37.2   0.0   1.6   1   0   0   1   1   1   1 # 1 # 993 # 1 # ID=1003_1;partial=11;start_type=Edge;rbs_motif=None;rbs_spacer=None;gc_cont=0.407	238391
NODE_6776_length_948_cov_3.33259_1  -          DDE_Tnp_1            PF01609.21   1.3e-07   30.1   8.5   6.8e-07   27.7   8.5   1.9   1   1   0   1   1   1   1 # 139 # 948 # -1 # ID=1043_1;partial=01;start_type=Edge;rbs_motif=None;rbs_spacer=None;gc_cont=0.332	4397079
NODE_6776_length_948_cov_3.33259_1  -          DDE_Tnp_1_6          PF13751.6    7.5e-28   95.8   3.3   1.2e-27   95.1   3.3   1.4   1   0   0   1   1   1   1 # 139 # 948 # -1 # ID=1043_1;partial=01;start_type=Edge;rbs_motif=None;rbs_spacer=None;gc_cont=0.332	4397079
NODE_7876_length_865_cov_4.20741_1  -          PDDEXK_2             PF12784.7    3.4e-08   31.9   0.6   4.3e-08   31.5   0.6   1.2   1   0   0   1   1   1   1 # 285 # 863 # -1 # ID=1137_1;partial=01;start_type=Edge;rbs_motif=None;rbs_spacer=None;gc_cont=0.444	1283739
NODE_7888_length_864_cov_2.30408_1  -          Y1_Tnp               PF01797.16   6.4e-42  141.1   1.5   7.5e-42  140.8   1.5   1.1   1   0   0   1   1   1   1 # 151 # 549 # 1 # ID=1140_1;partial=00;start_type=ATG;rbs_motif=AGxAGG/AGGxGG;rbs_spacer=5-10bp;gc_cont=0.276	227956
NODE_7888_length_864_cov_2.30408_1  -          Y1_Tnp               PF01797.16   6.4e-42  141.1   1.5   7.5e-42  140.8   1.5   1.1   1   0   0   1   1   1   1 # 151 # 549 # 1 # ID=1140_1;partial=00;start_type=ATG;rbs_motif=AGxAGG/AGGxGG;rbs_spacer=5-10bp;gc_cont=0.276	227956
NODE_7888_length_864_cov_2.30408_1  -          Y1_Tnp               PF01797.16   6.4e-42  141.1   1.5   7.5e-42  140.8   1.5   1.1   1   0   0   1   1   1   1 # 151 # 549 # 1 # ID=1140_1;partial=00;start_type=ATG;rbs_motif=AGxAGG/AGGxGG;rbs_spacer=5-10bp;gc_cont=0.276	63433
NODE_7997_length_856_cov_3.52684_1   -          DDE_Tnp_ISL3         PF01610.17   2.8e-29  101.1   1.5   5.2e-29  100.2   1.5   1.4   1   0   0   1   1   1   1 # 2 # 856 # 1 # ID=1150_1;partial=11;start_type=Edge;rbs_motif=None;rbs_spacer=None;gc_cont=0.382	1515107
NODE_7997_length_856_cov_3.52684_1  -          HTH_Tnp_ISL3         PF13542.6    9.8e-08   29.9   0.0   2.5e-07   28.6   0.0   1.7   1   0   0   1   1   1   1 # 2 # 856 # 1 # ID=1150_1;partial=11;start_type=Edge;rbs_motif=None;rbs_spacer=None;gc_cont=0.382	1515107
NODE_7997_length_856_cov_3.52684_1  -          zf-ISL3              PF14690.6    1.6e-09   36.8   6.0   4.9e-09   35.3   6.0   1.9   1   0   0   1   1   1   1 # 2 # 856 # 1 # ID=1150_1;partial=11;start_type=Edge;rbs_motif=None;rbs_spacer=None;gc_cont=0.382	1515107
NODE_8709_length_815_cov_2.68158_1  -          HTH_Tnp_1            PF01527.20   5.3e-11   41.3   0.6     3e-09   35.7   0.1   3.0   3   1   0   3   3   3   1 # 230 # 814 # -1 # ID=1189_1;partial=01;start_type=Edge;rbs_motif=None;rbs_spacer=None;gc_cont=0.296	188597
NODE_8870_length_807_cov_8.54388_1  -          HTH_Tnp_1            PF01527.20   6.1e-09   34.7   0.4     4e-07   28.9   0.2   2.6   2   1   0   2   2   2   1 # 306 # 806 # 1 # ID=1202_1;partial=01;start_type=ATG;rbs_motif=GGAGG;rbs_spacer=5-10bp;gc_cont=0.273	130223
NODE_13787_length_630_cov_6.04348_1 -          DUF772               PF05598.11     7e-20   69.4   0.1   1.1e-19   68.7   0.1   1.3   1   0   0   1   1   1   1 # 197 # 628 # 1 # ID=1445_1;partial=01;start_type=ATG;rbs_motif=GGA/GAG/AGG;rbs_spacer=5-10bp;gc_cont=0.532	9754
NODE_16925_length_563_cov_25.2461_1 -          HTH_Tnp_ISL3         PF13542.6    2.9e-09   34.8   0.0   4.5e-09   34.2   0.0   1.3   1   0   0   1   1   1   1 # 3 # 515 # -1 # ID=1577_1;partial=10;start_type=GTG;rbs_motif=None;rbs_spacer=None;gc_cont=0.248	1701539
NODE_16925_length_563_cov_25.2461_1 -          zf-ISL3              PF14690.6    1.7e-13   49.6   3.6   3.2e-13   48.7   3.6   1.4   1   0   0   1   1   1   1 # 3 # 515 # -1 # ID=1577_1;partial=10;start_type=GTG;rbs_motif=None;rbs_spacer=None;gc_cont=0.248	1701539
NODE_19898_length_516_cov_3.53362_1  -          DDE_Tnp_ISL3         PF01610.17   1.7e-33  114.9   7.3   1.9e-33  114.7   7.3   1.0   1   0   0   1   1   1   1 # 3 # 515 # 1 # ID=1692_1;partial=11;start_type=Edge;rbs_motif=None;rbs_spacer=None;gc_cont=0.380	187903
NODE_27296_length_434_cov_17.7995_1 -          OrfB_Zn_ribbon       PF07282.11   6.9e-18   62.9   0.6   7.6e-18   62.8   0.6   1.0   1   0   0   1   1   1   1 # 112 # 321 # -1 # ID=1910_1;partial=00;start_type=ATG;rbs_motif=TAA;rbs_spacer=11bp;gc_cont=0.243	441646
NODE_28279_length_426_cov_1.4717_1   -          DDE_Tnp_ISL3         PF01610.17   8.8e-23   79.8   1.6     1e-22   79.6   1.6   1.0   1   0   0   1   1   1   1 # 28 # 426 # -1 # ID=1939_1;partial=01;start_type=Edge;rbs_motif=None;rbs_spacer=None;gc_cont=0.363	282202
NODE_28279_length_426_cov_1.4717_1   -          DDE_Tnp_ISL3         PF01610.17   8.8e-23   79.8   1.6     1e-22   79.6   1.6   1.0   1   0   0   1   1   1   1 # 28 # 426 # -1 # ID=1939_1;partial=01;start_type=Edge;rbs_motif=None;rbs_spacer=None;gc_cont=0.363	505815
NODE_28279_length_426_cov_1.4717_1   -          DDE_Tnp_ISL3         PF01610.17   8.8e-23   79.8   1.6     1e-22   79.6   1.6   1.0   1   0   0   1   1   1   1 # 28 # 426 # -1 # ID=1939_1;partial=01;start_type=Edge;rbs_motif=None;rbs_spacer=None;gc_cont=0.363	282202
NODE_28766_length_422_cov_2.46866_1 -          OrfB_IS605           PF01385.19   2.1e-08   33.0   0.2   2.6e-08   32.7   0.2   1.2   1   0   0   1   1   1   1 # 1 # 420 # -1 # ID=1946_1;partial=11;start_type=Edge;rbs_motif=None;rbs_spacer=None;gc_cont=0.388	3318395
NODE_28766_length_422_cov_2.46866_1 -          OrfB_IS605           PF01385.19   2.1e-08   33.0   0.2   2.6e-08   32.7   0.2   1.2   1   0   0   1   1   1   1 # 1 # 420 # -1 # ID=1946_1;partial=11;start_type=Edge;rbs_motif=None;rbs_spacer=None;gc_cont=0.388	3318395
NODE_30244_length_411_cov_1.51124_1 -          DDE_Tnp_1            PF01609.21   1.3e-11   43.2   0.2   1.4e-11   43.0   0.2   1.0   1   0   0   1   1   1   1 # 1 # 411 # 1 # ID=1979_1;partial=11;start_type=Edge;rbs_motif=None;rbs_spacer=None;gc_cont=0.416	143048
NODE_32542_length_395_cov_3.04706_1  -          DDE_Tnp_ISL3         PF01610.17   6.9e-20   70.3   1.0   7.7e-20   70.2   1.0   1.0   1   0   0   1   1   1   1 # 1 # 393 # -1 # ID=2043_1;partial=11;start_type=Edge;rbs_motif=None;rbs_spacer=None;gc_cont=0.361	1515107
NODE_37550_length_366_cov_1.50161_2 -          Y1_Tnp               PF01797.16   1.1e-16   59.6   1.0   1.2e-16   59.5   1.0   1.0   1   0   0   1   1   1   1 # 128 # 364 # 1 # ID=2144_2;partial=01;start_type=ATG;rbs_motif=AAAAA;rbs_spacer=6bp;gc_cont=0.325	1283736
NODE_40338_length_353_cov_3.88255_1  -          DDE_Tnp_ISL3         PF01610.17   8.2e-14   50.5   1.1   8.3e-14   50.4   1.1   1.0   1   0   0   1   1   1   1 # 3 # 353 # 1 # ID=2196_1;partial=11;start_type=Edge;rbs_motif=None;rbs_spacer=None;gc_cont=0.385	187903
NODE_54052_length_303_cov_0.794355_1 -          DDE_Tnp_ISL3         PF01610.17   3.4e-08   32.1   0.4   4.1e-08   31.8   0.4   1.1   1   0   0   1   1   1   1 # 3 # 302 # 1 # ID=2443_1;partial=11;start_type=Edge;rbs_motif=None;rbs_spacer=None;gc_cont=0.397	1103488
NODE_54052_length_303_cov_0.794355_1 -          DDE_Tnp_ISL3         PF01610.17   3.4e-08   32.1   0.4   4.1e-08   31.8   0.4   1.1   1   0   0   1   1   1   1 # 3 # 302 # 1 # ID=2443_1;partial=11;start_type=Edge;rbs_motif=None;rbs_spacer=None;gc_cont=0.397	1103488
NODE_90432_length_233_cov_2.07303_1 -          HTH_Tnp_ISL3         PF13542.6    3.4e-11   41.0   0.0   4.6e-11   40.6   0.0   1.2   1   0   0   1   1   1   1 # 2 # 232 # 1 # ID=2969_1;partial=11;start_type=Edge;rbs_motif=None;rbs_spacer=None;gc_cont=0.372	150542
NODE_92226_length_231_cov_0.755682_1 -          DDE_Tnp_1_3          PF13612.6    8.8e-09   34.1   0.8   1.2e-08   33.7   0.8   1.2   1   0   0   1   1   1   1 # 1 # 201 # 1 # ID=2996_1;partial=10;start_type=Edge;rbs_motif=None;rbs_spacer=None;gc_cont=0.433	821003
