NODE_28_length_36619_cov_11.7179_23 -          HTH_Tnp_IS630        PF01710.16   1.7e-29  100.7   0.3   1.9e-29  100.5   0.3   1.0   1   0   0   1   1   1   1 # 19702 # 20052 # 1 # ID=20_23;partial=00;start_type=ATG;rbs_motif=None;rbs_spacer=None;gc_cont=0.373	845300
NODE_53_length_16296_cov_6.67022_14 -          HTH_Tnp_IS630        PF01710.16   1.8e-29  100.6   1.1     2e-29  100.5   1.1   1.0   1   0   0   1   1   1   1 # 14893 # 15243 # -1 # ID=31_14;partial=00;start_type=ATG;rbs_motif=TAA;rbs_spacer=7bp;gc_cont=0.350	2212022
NODE_53_length_16296_cov_6.67022_14 -          HTH_Tnp_IS630        PF01710.16   1.8e-29  100.6   1.1     2e-29  100.5   1.1   1.0   1   0   0   1   1   1   1 # 14893 # 15243 # -1 # ID=31_14;partial=00;start_type=ATG;rbs_motif=TAA;rbs_spacer=7bp;gc_cont=0.350	2212022
NODE_53_length_16296_cov_6.67022_14 -          HTH_Tnp_IS630        PF01710.16   1.8e-29  100.6   1.1     2e-29  100.5   1.1   1.0   1   0   0   1   1   1   1 # 14893 # 15243 # -1 # ID=31_14;partial=00;start_type=ATG;rbs_motif=TAA;rbs_spacer=7bp;gc_cont=0.350	5762607
NODE_64_length_15063_cov_9.9421_3  -          PDDEXK_2             PF12784.7    1.2e-20   72.4   0.9   1.6e-20   72.0   0.9   1.2   1   0   0   1   1   1   1 # 4996 # 5931 # -1 # ID=38_3;partial=00;start_type=ATG;rbs_motif=AGGAG;rbs_spacer=5-10bp;gc_cont=0.447	1369913
NODE_64_length_15063_cov_9.9421_3  -          PDDEXK_2             PF12784.7    1.2e-20   72.4   0.9   1.6e-20   72.0   0.9   1.2   1   0   0   1   1   1   1 # 4996 # 5931 # -1 # ID=38_3;partial=00;start_type=ATG;rbs_motif=AGGAG;rbs_spacer=5-10bp;gc_cont=0.447	129493
NODE_64_length_15063_cov_9.9421_3  -          PDDEXK_2             PF12784.7    1.2e-20   72.4   0.9   1.6e-20   72.0   0.9   1.2   1   0   0   1   1   1   1 # 4996 # 5931 # -1 # ID=38_3;partial=00;start_type=ATG;rbs_motif=AGGAG;rbs_spacer=5-10bp;gc_cont=0.447	41448
NODE_175_length_8416_cov_16.8153_4 -          Y1_Tnp               PF01797.16   2.7e-29  100.1   0.3   2.9e-29  100.0   0.3   1.0   1   0   0   1   1   1   1 # 3158 # 3478 # -1 # ID=97_4;partial=00;start_type=ATG;rbs_motif=AGGAG;rbs_spacer=5-10bp;gc_cont=0.352	1723
NODE_175_length_8416_cov_16.8153_4 -          Y1_Tnp               PF01797.16   2.7e-29  100.1   0.3   2.9e-29  100.0   0.3   1.0   1   0   0   1   1   1   1 # 3158 # 3478 # -1 # ID=97_4;partial=00;start_type=ATG;rbs_motif=AGGAG;rbs_spacer=5-10bp;gc_cont=0.352	81867
NODE_175_length_8416_cov_16.8153_4 -          Y1_Tnp               PF01797.16   2.7e-29  100.1   0.3   2.9e-29  100.0   0.3   1.0   1   0   0   1   1   1   1 # 3158 # 3478 # -1 # ID=97_4;partial=00;start_type=ATG;rbs_motif=AGGAG;rbs_spacer=5-10bp;gc_cont=0.352	5762590
NODE_214_length_7515_cov_15.7346_5 -          DDE_Tnp_IS1595       PF12762.7    3.6e-49  165.1   0.3   5.1e-49  164.6   0.3   1.2   1   0   0   1   1   1   1 # 5734 # 6825 # 1 # ID=118_5;partial=00;start_type=ATG;rbs_motif=None;rbs_spacer=None;gc_cont=0.379	160546
NODE_214_length_7515_cov_15.7346_1 -          DDE_Tnp_IS1595       PF12762.7    4.6e-42  142.0   1.3   6.3e-42  141.5   1.3   1.2   1   0   0   1   1   1   1 # 2 # 889 # -1 # ID=118_1;partial=10;start_type=ATG;rbs_motif=None;rbs_spacer=None;gc_cont=0.403	160546
NODE_214_length_7515_cov_15.7346_1  -          Zn_Tnp_IS1595        PF12760.7    1.5e-15   55.3   4.6   1.5e-15   55.3   4.6   1.9   2   0   0   2   2   2   1 # 2 # 889 # -1 # ID=118_1;partial=10;start_type=ATG;rbs_motif=None;rbs_spacer=None;gc_cont=0.403	160546
NODE_214_length_7515_cov_15.7346_5  -          Zn_Tnp_IS1595        PF12760.7    1.1e-14   52.5   4.9   2.5e-14   51.4   4.9   1.7   1   0   0   1   1   1   1 # 5734 # 6825 # 1 # ID=118_5;partial=00;start_type=ATG;rbs_motif=None;rbs_spacer=None;gc_cont=0.379	160546
NODE_225_length_7216_cov_16.8809_7 -          PDDEXK_2             PF12784.7    5.3e-20   70.3   3.3     7e-20   69.9   3.3   1.2   1   0   0   1   1   1   1 # 6188 # 7051 # -1 # ID=123_7;partial=00;start_type=ATG;rbs_motif=AATAA;rbs_spacer=13bp;gc_cont=0.433	129493
NODE_225_length_7216_cov_16.8809_1 -          PDDEXK_2             PF12784.7    4.2e-19   67.4   1.2   6.1e-19   66.8   1.2   1.2   1   0   0   1   1   1   1 # 3 # 866 # 1 # ID=123_1;partial=10;start_type=Edge;rbs_motif=None;rbs_spacer=None;gc_cont=0.432	129493
NODE_225_length_7216_cov_16.8809_7 -          PDDEXK_2             PF12784.7    5.3e-20   70.3   3.3     7e-20   69.9   3.3   1.2   1   0   0   1   1   1   1 # 6188 # 7051 # -1 # ID=123_7;partial=00;start_type=ATG;rbs_motif=AATAA;rbs_spacer=13bp;gc_cont=0.433	1369913
NODE_225_length_7216_cov_16.8809_1 -          PDDEXK_2             PF12784.7    4.2e-19   67.4   1.2   6.1e-19   66.8   1.2   1.2   1   0   0   1   1   1   1 # 3 # 866 # 1 # ID=123_1;partial=10;start_type=Edge;rbs_motif=None;rbs_spacer=None;gc_cont=0.432	1369913
NODE_225_length_7216_cov_16.8809_7 -          PDDEXK_2             PF12784.7    5.3e-20   70.3   3.3     7e-20   69.9   3.3   1.2   1   0   0   1   1   1   1 # 6188 # 7051 # -1 # ID=123_7;partial=00;start_type=ATG;rbs_motif=AATAA;rbs_spacer=13bp;gc_cont=0.433	5760515
NODE_225_length_7216_cov_16.8809_1 -          PDDEXK_2             PF12784.7    4.2e-19   67.4   1.2   6.1e-19   66.8   1.2   1.2   1   0   0   1   1   1   1 # 3 # 866 # 1 # ID=123_1;partial=10;start_type=Edge;rbs_motif=None;rbs_spacer=None;gc_cont=0.432	5760515
NODE_225_length_7216_cov_16.8809_7 -          PDDEXK_2             PF12784.7    5.3e-20   70.3   3.3     7e-20   69.9   3.3   1.2   1   0   0   1   1   1   1 # 6188 # 7051 # -1 # ID=123_7;partial=00;start_type=ATG;rbs_motif=AATAA;rbs_spacer=13bp;gc_cont=0.433	5760515
NODE_225_length_7216_cov_16.8809_1 -          PDDEXK_2             PF12784.7    4.2e-19   67.4   1.2   6.1e-19   66.8   1.2   1.2   1   0   0   1   1   1   1 # 3 # 866 # 1 # ID=123_1;partial=10;start_type=Edge;rbs_motif=None;rbs_spacer=None;gc_cont=0.432	5760515
NODE_225_length_7216_cov_16.8809_7 -          PDDEXK_2             PF12784.7    5.3e-20   70.3   3.3     7e-20   69.9   3.3   1.2   1   0   0   1   1   1   1 # 6188 # 7051 # -1 # ID=123_7;partial=00;start_type=ATG;rbs_motif=AATAA;rbs_spacer=13bp;gc_cont=0.433	1912496
NODE_225_length_7216_cov_16.8809_1 -          PDDEXK_2             PF12784.7    4.2e-19   67.4   1.2   6.1e-19   66.8   1.2   1.2   1   0   0   1   1   1   1 # 3 # 866 # 1 # ID=123_1;partial=10;start_type=Edge;rbs_motif=None;rbs_spacer=None;gc_cont=0.432	1912496
NODE_260_length_6664_cov_15.9697_4 -          DDE_Tnp_1_6          PF13751.6    1.4e-09   36.6   0.1   1.5e-09   36.5   0.1   1.1   1   0   0   1   1   1   1 # 2035 # 2274 # 1 # ID=140_4;partial=00;start_type=ATG;rbs_motif=GGA/GAG/AGG;rbs_spacer=5-10bp;gc_cont=0.342	1498925
NODE_260_length_6664_cov_15.9697_4 -          DDE_Tnp_1_6          PF13751.6    1.4e-09   36.6   0.1   1.5e-09   36.5   0.1   1.1   1   0   0   1   1   1   1 # 2035 # 2274 # 1 # ID=140_4;partial=00;start_type=ATG;rbs_motif=GGA/GAG/AGG;rbs_spacer=5-10bp;gc_cont=0.342	927178
NODE_260_length_6664_cov_15.9697_4 -          DDE_Tnp_1_6          PF13751.6    1.4e-09   36.6   0.1   1.5e-09   36.5   0.1   1.1   1   0   0   1   1   1   1 # 2035 # 2274 # 1 # ID=140_4;partial=00;start_type=ATG;rbs_motif=GGA/GAG/AGG;rbs_spacer=5-10bp;gc_cont=0.342	770233
NODE_337_length_5654_cov_7.11663_4 -          MULE                 PF10551.9    5.3e-07   28.4   0.0   1.2e-06   27.2   0.0   1.6   1   0   0   1   1   1   1 # 2271 # 2852 # 1 # ID=178_4;partial=00;start_type=TTG;rbs_motif=None;rbs_spacer=None;gc_cont=0.373	3433485
NODE_337_length_5654_cov_7.11663_4 -          Transposase_mut      PF00872.18   8.8e-62  207.5   0.4     1e-61  207.3   0.4   1.0   1   0   0   1   1   1   1 # 2271 # 2852 # 1 # ID=178_4;partial=00;start_type=TTG;rbs_motif=None;rbs_spacer=None;gc_cont=0.373	3433485
NODE_388_length_5217_cov_10.5637_9  -          HTH_Tnp_IS630        PF01710.16   1.4e-07   30.0   0.1   1.4e-07   30.0   0.1   1.0   1   0   0   1   1   1   1 # 4050 # 4193 # -1 # ID=199_9;partial=00;start_type=ATG;rbs_motif=None;rbs_spacer=None;gc_cont=0.382	50822
NODE_388_length_5217_cov_10.5637_9  -          HTH_Tnp_IS630        PF01710.16   1.4e-07   30.0   0.1   1.4e-07   30.0   0.1   1.0   1   0   0   1   1   1   1 # 4050 # 4193 # -1 # ID=199_9;partial=00;start_type=ATG;rbs_motif=None;rbs_spacer=None;gc_cont=0.382	327771
NODE_747_length_3575_cov_5.49972_5  -          DDE_Tnp_ISL3         PF01610.17   7.6e-19   66.7   0.6   9.1e-19   66.5   0.6   1.0   1   0   0   1   1   1   1 # 2437 # 2823 # 1 # ID=344_5;partial=00;start_type=ATG;rbs_motif=None;rbs_spacer=None;gc_cont=0.354	29539
NODE_747_length_3575_cov_5.49972_4  -          DDE_Tnp_ISL3         PF01610.17   7.7e-08   30.7   0.1   1.3e-07   29.9   0.0   1.3   2   0   0   2   2   2   1 # 1910 # 2404 # 1 # ID=344_4;partial=00;start_type=ATG;rbs_motif=None;rbs_spacer=None;gc_cont=0.406	29539
NODE_1156_length_2696_cov_5.532_1   -          DDE_Tnp_ISL3         PF01610.17   1.6e-16   59.2   0.2   1.8e-16   58.9   0.2   1.1   1   0   0   1   1   1   1 # 148 # 522 # -1 # ID=468_1;partial=00;start_type=ATG;rbs_motif=None;rbs_spacer=None;gc_cont=0.355	101063
NODE_1245_length_2539_cov_14.7347_2 -          HTH_Tnp_ISL3         PF13542.6    4.5e-10   37.2   0.0   7.4e-10   36.5   0.0   1.4   1   0   0   1   1   1   1 # 94 # 606 # -1 # ID=486_2;partial=00;start_type=ATG;rbs_motif=None;rbs_spacer=None;gc_cont=0.386	12889
NODE_1245_length_2539_cov_14.7347_2 -          zf-ISL3              PF14690.6    1.5e-11   43.2   0.5   2.4e-11   42.5   0.5   1.4   1   0   0   1   1   1   1 # 94 # 606 # -1 # ID=486_2;partial=00;start_type=ATG;rbs_motif=None;rbs_spacer=None;gc_cont=0.386	12889
NODE_1245_length_2539_cov_14.7347_2 -          HTH_Tnp_ISL3         PF13542.6    4.5e-10   37.2   0.0   7.4e-10   36.5   0.0   1.4   1   0   0   1   1   1   1 # 94 # 606 # -1 # ID=486_2;partial=00;start_type=ATG;rbs_motif=None;rbs_spacer=None;gc_cont=0.386	4931550
NODE_1245_length_2539_cov_14.7347_2 -          zf-ISL3              PF14690.6    1.5e-11   43.2   0.5   2.4e-11   42.5   0.5   1.4   1   0   0   1   1   1   1 # 94 # 606 # -1 # ID=486_2;partial=00;start_type=ATG;rbs_motif=None;rbs_spacer=None;gc_cont=0.386	4931550
NODE_1526_length_2206_cov_3.98047_1 -          DDE_Tnp_ISL3         PF01610.17   2.7e-50  169.7   5.2   3.7e-50  169.2   5.2   1.2   1   0   0   1   1   1   1 # 319 # 1710 # -1 # ID=541_1;partial=00;start_type=ATG;rbs_motif=AGGA/GGAG/GAGG;rbs_spacer=11-12bp;gc_cont=0.277	113772
NODE_1526_length_2206_cov_3.98047_1 -          HTH_Tnp_ISL3         PF13542.6    2.4e-06   25.2   0.0   4.3e-06   24.4   0.0   1.4   1   0   0   1   1   1   1 # 319 # 1710 # -1 # ID=541_1;partial=00;start_type=ATG;rbs_motif=AGGA/GGAG/GAGG;rbs_spacer=11-12bp;gc_cont=0.277	113772
NODE_1526_length_2206_cov_3.98047_1 -          zf-ISL3              PF14690.6    6.2e-08   31.6  11.2   1.5e-07   30.4  11.2   1.7   1   0   0   1   1   1   1 # 319 # 1710 # -1 # ID=541_1;partial=00;start_type=ATG;rbs_motif=AGGA/GGAG/GAGG;rbs_spacer=11-12bp;gc_cont=0.277	113772
NODE_2730_length_1415_cov_127.524_1 -          DDE_Tnp_ISL3         PF01610.17   3.3e-51  172.7   6.3   5.4e-51  172.0   6.3   1.3   1   0   0   1   1   1   1 # 35 # 1291 # -1 # ID=731_1;partial=00;start_type=ATG;rbs_motif=TAGAA;rbs_spacer=8bp;gc_cont=0.386	29539
NODE_2730_length_1415_cov_127.524_1 -          HTH_Tnp_ISL3         PF13542.6    2.4e-10   38.1   0.0   4.1e-10   37.3   0.0   1.4   1   0   0   1   1   1   1 # 35 # 1291 # -1 # ID=731_1;partial=00;start_type=ATG;rbs_motif=TAGAA;rbs_spacer=8bp;gc_cont=0.386	29539
NODE_2730_length_1415_cov_127.524_1 -          zf-ISL3              PF14690.6    1.1e-12   46.8   0.9   1.1e-12   46.8   0.9   2.0   2   0   0   2   2   2   1 # 35 # 1291 # -1 # ID=731_1;partial=00;start_type=ATG;rbs_motif=TAGAA;rbs_spacer=8bp;gc_cont=0.386	29539
NODE_2730_length_1415_cov_127.524_1 -          DDE_Tnp_ISL3         PF01610.17   3.3e-51  172.7   6.3   5.4e-51  172.0   6.3   1.3   1   0   0   1   1   1   1 # 35 # 1291 # -1 # ID=731_1;partial=00;start_type=ATG;rbs_motif=TAGAA;rbs_spacer=8bp;gc_cont=0.386	76862
NODE_2730_length_1415_cov_127.524_1 -          HTH_Tnp_ISL3         PF13542.6    2.4e-10   38.1   0.0   4.1e-10   37.3   0.0   1.4   1   0   0   1   1   1   1 # 35 # 1291 # -1 # ID=731_1;partial=00;start_type=ATG;rbs_motif=TAGAA;rbs_spacer=8bp;gc_cont=0.386	76862
NODE_2730_length_1415_cov_127.524_1 -          zf-ISL3              PF14690.6    1.1e-12   46.8   0.9   1.1e-12   46.8   0.9   2.0   2   0   0   2   2   2   1 # 35 # 1291 # -1 # ID=731_1;partial=00;start_type=ATG;rbs_motif=TAGAA;rbs_spacer=8bp;gc_cont=0.386	76862
NODE_2730_length_1415_cov_127.524_1 -          DDE_Tnp_ISL3         PF01610.17   3.3e-51  172.7   6.3   5.4e-51  172.0   6.3   1.3   1   0   0   1   1   1   1 # 35 # 1291 # -1 # ID=731_1;partial=00;start_type=ATG;rbs_motif=TAGAA;rbs_spacer=8bp;gc_cont=0.386	360089
NODE_2730_length_1415_cov_127.524_1 -          HTH_Tnp_ISL3         PF13542.6    2.4e-10   38.1   0.0   4.1e-10   37.3   0.0   1.4   1   0   0   1   1   1   1 # 35 # 1291 # -1 # ID=731_1;partial=00;start_type=ATG;rbs_motif=TAGAA;rbs_spacer=8bp;gc_cont=0.386	360089
NODE_2730_length_1415_cov_127.524_1 -          zf-ISL3              PF14690.6    1.1e-12   46.8   0.9   1.1e-12   46.8   0.9   2.0   2   0   0   2   2   2   1 # 35 # 1291 # -1 # ID=731_1;partial=00;start_type=ATG;rbs_motif=TAGAA;rbs_spacer=8bp;gc_cont=0.386	360089
NODE_2769_length_1398_cov_115.28_2 -          DDE_Tnp_IS240        PF13610.6    1.1e-06   27.3   0.7   1.8e-06   26.6   0.0   1.6   2   0   0   2   2   2   1 # 641 # 1396 # 1 # ID=742_2;partial=01;start_type=TTG;rbs_motif=None;rbs_spacer=None;gc_cont=0.377	46640
NODE_2769_length_1398_cov_115.28_1  -          HTH_Tnp_1            PF01527.20   3.4e-06   25.7   0.1   1.2e-05   23.9   0.1   1.9   2   0   0   2   2   2   1 # 3 # 572 # 1 # ID=742_1;partial=10;start_type=Edge;rbs_motif=None;rbs_spacer=None;gc_cont=0.344	46640
NODE_2769_length_1398_cov_115.28_2 -          DDE_Tnp_IS240        PF13610.6    1.1e-06   27.3   0.7   1.8e-06   26.6   0.0   1.6   2   0   0   2   2   2   1 # 641 # 1396 # 1 # ID=742_2;partial=01;start_type=TTG;rbs_motif=None;rbs_spacer=None;gc_cont=0.377	6418593
NODE_2769_length_1398_cov_115.28_1  -          HTH_Tnp_1            PF01527.20   3.4e-06   25.7   0.1   1.2e-05   23.9   0.1   1.9   2   0   0   2   2   2   1 # 3 # 572 # 1 # ID=742_1;partial=10;start_type=Edge;rbs_motif=None;rbs_spacer=None;gc_cont=0.344	6418593
NODE_2769_length_1398_cov_115.28_2 -          DDE_Tnp_IS240        PF13610.6    1.1e-06   27.3   0.7   1.8e-06   26.6   0.0   1.6   2   0   0   2   2   2   1 # 641 # 1396 # 1 # ID=742_2;partial=01;start_type=TTG;rbs_motif=None;rbs_spacer=None;gc_cont=0.377	1685574
NODE_2769_length_1398_cov_115.28_1  -          HTH_Tnp_1            PF01527.20   3.4e-06   25.7   0.1   1.2e-05   23.9   0.1   1.9   2   0   0   2   2   2   1 # 3 # 572 # 1 # ID=742_1;partial=10;start_type=Edge;rbs_motif=None;rbs_spacer=None;gc_cont=0.344	1685574
NODE_2769_length_1398_cov_115.28_2 -          DDE_Tnp_IS240        PF13610.6    1.1e-06   27.3   0.7   1.8e-06   26.6   0.0   1.6   2   0   0   2   2   2   1 # 641 # 1396 # 1 # ID=742_2;partial=01;start_type=TTG;rbs_motif=None;rbs_spacer=None;gc_cont=0.377	1685574
NODE_2769_length_1398_cov_115.28_1  -          HTH_Tnp_1            PF01527.20   3.4e-06   25.7   0.1   1.2e-05   23.9   0.1   1.9   2   0   0   2   2   2   1 # 3 # 572 # 1 # ID=742_1;partial=10;start_type=Edge;rbs_motif=None;rbs_spacer=None;gc_cont=0.344	1685574
NODE_3174_length_1252_cov_9.01504_1 -          DDE_Tnp_ISL3         PF01610.17   6.1e-28   96.5   4.2   6.1e-28   96.5   4.2   1.4   2   0   0   2   2   2   1 # 3 # 986 # -1 # ID=787_1;partial=10;start_type=ATG;rbs_motif=TAA;rbs_spacer=8bp;gc_cont=0.375	12889
NODE_3174_length_1252_cov_9.01504_1 -          HTH_Tnp_ISL3         PF13542.6    1.3e-09   35.7   0.0   2.5e-09   34.8   0.0   1.5   1   0   0   1   1   1   1 # 3 # 986 # -1 # ID=787_1;partial=10;start_type=ATG;rbs_motif=TAA;rbs_spacer=8bp;gc_cont=0.375	12889
NODE_3174_length_1252_cov_9.01504_1 -          zf-ISL3              PF14690.6    9.3e-12   43.8   1.7   2.2e-11   42.6   1.7   1.7   1   0   0   1   1   1   1 # 3 # 986 # -1 # ID=787_1;partial=10;start_type=ATG;rbs_motif=TAA;rbs_spacer=8bp;gc_cont=0.375	12889
NODE_3257_length_1228_cov_13.3299_2 -          DDE_Tnp_ISL3         PF01610.17   1.3e-27   95.4   2.0   1.6e-27   95.2   2.0   1.0   1   0   0   1   1   1   1 # 689 # 1228 # -1 # ID=799_2;partial=01;start_type=Edge;rbs_motif=None;rbs_spacer=None;gc_cont=0.389	360089
NODE_6677_length_708_cov_3.10413_1 -          DDE_Tnp_IS240        PF13610.6      1e-06   27.4   0.0   1.8e-06   26.6   0.0   1.4   1   1   0   1   1   1   1 # 134 # 706 # -1 # ID=1017_1;partial=01;start_type=Edge;rbs_motif=None;rbs_spacer=None;gc_cont=0.394	79590
NODE_6677_length_708_cov_3.10413_1 -          DDE_Tnp_IS240        PF13610.6      1e-06   27.4   0.0   1.8e-06   26.6   0.0   1.4   1   1   0   1   1   1   1 # 134 # 706 # -1 # ID=1017_1;partial=01;start_type=Edge;rbs_motif=None;rbs_spacer=None;gc_cont=0.394	1280427
NODE_9222_length_557_cov_8.99203_1  -          DDE_Tnp_ISL3         PF01610.17   1.1e-18   66.2   0.9   1.2e-18   66.1   0.9   1.0   1   0   0   1   1   1   1 # 2 # 331 # 1 # ID=1127_1;partial=10;start_type=Edge;rbs_motif=None;rbs_spacer=None;gc_cont=0.352	101063
NODE_10965_length_491_cov_15.0229_1 -          DDE_Tnp_ISL3         PF01610.17   4.5e-22   77.3   1.1   5.1e-22   77.1   1.1   1.0   1   0   0   1   1   1   1 # 130 # 489 # -1 # ID=1172_1;partial=01;start_type=Edge;rbs_motif=None;rbs_spacer=None;gc_cont=0.342	76862
NODE_11251_length_481_cov_1.33568_1 -          zf-ISL3              PF14690.6    2.2e-09   36.2   2.8   4.4e-09   35.3   2.8   1.5   1   0   0   1   1   1   1 # 2 # 376 # -1 # ID=1182_1;partial=10;start_type=ATG;rbs_motif=None;rbs_spacer=None;gc_cont=0.277	4151697
NODE_11251_length_481_cov_1.33568_1 -          zf-ISL3              PF14690.6    2.2e-09   36.2   2.8   4.4e-09   35.3   2.8   1.5   1   0   0   1   1   1   1 # 2 # 376 # -1 # ID=1182_1;partial=10;start_type=ATG;rbs_motif=None;rbs_spacer=None;gc_cont=0.277	4151697
NODE_15022_length_391_cov_6.96429_1 -          DDE_Tnp_ISL3         PF01610.17   3.9e-25   87.3   3.7   4.2e-25   87.2   3.7   1.0   1   0   0   1   1   1   1 # 1 # 390 # -1 # ID=1297_1;partial=11;start_type=Edge;rbs_motif=None;rbs_spacer=None;gc_cont=0.390	360089
