NODE_33_length_7009_cov_3.72505_2 -          MULE                 PF10551.9    3.1e-08   31.1   0.3   7.7e-08   29.9   0.3   1.7   1   0   0   1   1   1   1 # 1234 # 2346 # -1 # ID=6_2;partial=00;start_type=ATG;rbs_motif=GGAGG;rbs_spacer=5-10bp;gc_cont=0.374	6750666
NODE_33_length_7009_cov_3.72505_2 -          Transposase_mut      PF00872.18     1e-09   34.9   0.1   1.5e-09   34.3   0.1   1.2   1   0   0   1   1   1   1 # 1234 # 2346 # -1 # ID=6_2;partial=00;start_type=ATG;rbs_motif=GGAGG;rbs_spacer=5-10bp;gc_cont=0.374	6750666
NODE_81_length_5112_cov_6.76053_7 -          MULE                 PF10551.9    2.3e-07   28.4   0.0   5.2e-07   27.2   0.0   1.6   1   0   0   1   1   1   1 # 4406 # 4987 # -1 # ID=21_7;partial=00;start_type=TTG;rbs_motif=None;rbs_spacer=None;gc_cont=0.375	189999
NODE_81_length_5112_cov_6.76053_7 -          Transposase_mut      PF00872.18   3.8e-62  207.5   0.4   4.3e-62  207.3   0.4   1.0   1   0   0   1   1   1   1 # 4406 # 4987 # -1 # ID=21_7;partial=00;start_type=TTG;rbs_motif=None;rbs_spacer=None;gc_cont=0.375	189999
NODE_143_length_4013_cov_2.79737_4 -          DDE_Tnp_IS240        PF13610.6    1.9e-06   25.3   0.4     4e-06   24.3   0.0   1.7   2   0   0   2   2   2   1 # 1045 # 1878 # 1 # ID=39_4;partial=00;start_type=ATG;rbs_motif=None;rbs_spacer=None;gc_cont=0.368	133402
NODE_143_length_4013_cov_2.79737_3  -          HTH_Tnp_1            PF01527.20   5.1e-06   23.9   0.9   2.1e-05   22.0   1.0   2.0   2   1   0   2   2   2   1 # 530 # 1045 # 1 # ID=39_3;partial=00;start_type=ATG;rbs_motif=None;rbs_spacer=None;gc_cont=0.335	133402
NODE_143_length_4013_cov_2.79737_4 -          DDE_Tnp_IS240        PF13610.6    1.9e-06   25.3   0.4     4e-06   24.3   0.0   1.7   2   0   0   2   2   2   1 # 1045 # 1878 # 1 # ID=39_4;partial=00;start_type=ATG;rbs_motif=None;rbs_spacer=None;gc_cont=0.368	213154
NODE_143_length_4013_cov_2.79737_3  -          HTH_Tnp_1            PF01527.20   5.1e-06   23.9   0.9   2.1e-05   22.0   1.0   2.0   2   1   0   2   2   2   1 # 530 # 1045 # 1 # ID=39_3;partial=00;start_type=ATG;rbs_motif=None;rbs_spacer=None;gc_cont=0.335	213154
NODE_143_length_4013_cov_2.79737_4 -          DDE_Tnp_IS240        PF13610.6    1.9e-06   25.3   0.4     4e-06   24.3   0.0   1.7   2   0   0   2   2   2   1 # 1045 # 1878 # 1 # ID=39_4;partial=00;start_type=ATG;rbs_motif=None;rbs_spacer=None;gc_cont=0.368	81900
NODE_143_length_4013_cov_2.79737_3  -          HTH_Tnp_1            PF01527.20   5.1e-06   23.9   0.9   2.1e-05   22.0   1.0   2.0   2   1   0   2   2   2   1 # 530 # 1045 # 1 # ID=39_3;partial=00;start_type=ATG;rbs_motif=None;rbs_spacer=None;gc_cont=0.335	81900
NODE_158_length_3849_cov_4.42462_1  -          DDE_Tnp_1            PF01609.21     2e-39  132.7   0.1   3.1e-39  132.0   0.1   1.3   1   0   0   1   1   1   1 # 196 # 1209 # -1 # ID=42_1;partial=00;start_type=ATG;rbs_motif=None;rbs_spacer=None;gc_cont=0.511	5802093
NODE_158_length_3849_cov_4.42462_1  -          DDE_Tnp_1_3          PF13612.6    4.3e-10   37.0   0.0   8.1e-10   36.1   0.0   1.5   1   0   0   1   1   1   1 # 196 # 1209 # -1 # ID=42_1;partial=00;start_type=ATG;rbs_motif=None;rbs_spacer=None;gc_cont=0.511	5802093
NODE_158_length_3849_cov_4.42462_1  -          DDE_Tnp_1_6          PF13751.6    4.7e-09   33.7   0.1   4.7e-09   33.7   0.1   1.8   2   0   0   2   2   2   1 # 196 # 1209 # -1 # ID=42_1;partial=00;start_type=ATG;rbs_motif=None;rbs_spacer=None;gc_cont=0.511	5802093
NODE_158_length_3849_cov_4.42462_1 -          DDE_Tnp_4            PF13359.6    3.2e-12   43.6   0.0   4.9e-12   43.0   0.0   1.3   1   0   0   1   1   1   1 # 196 # 1209 # -1 # ID=42_1;partial=00;start_type=ATG;rbs_motif=None;rbs_spacer=None;gc_cont=0.511	5802093
NODE_158_length_3849_cov_4.42462_1  -          DUF772               PF05598.11   3.5e-22   75.4   2.1   8.7e-22   74.2   0.1   2.3   2   0   0   2   2   2   1 # 196 # 1209 # -1 # ID=42_1;partial=00;start_type=ATG;rbs_motif=None;rbs_spacer=None;gc_cont=0.511	5802093
NODE_771_length_1950_cov_11.4095_2 -          DDE_Tnp_IS240        PF13610.6    1.1e-07   29.4   1.5   1.1e-07   29.4   1.5   1.6   2   0   0   2   2   2   1 # 785 # 1450 # 1 # ID=123_2;partial=00;start_type=TTG;rbs_motif=GGA/GAG/AGG;rbs_spacer=5-10bp;gc_cont=0.258	955275
NODE_771_length_1950_cov_11.4095_1  -          HTH_Tnp_1            PF01527.20   2.3e-06   25.1   0.2   3.6e-05   21.2   0.1   2.6   2   1   0   2   2   2   1 # 87 # 596 # 1 # ID=123_1;partial=00;start_type=GTG;rbs_motif=AGGA/GGAG/GAGG;rbs_spacer=11-12bp;gc_cont=0.229	955275
NODE_936_length_1801_cov_14.2526_1 -          OrfB_IS605           PF01385.19     4e-27   92.0   0.3     4e-27   92.0   0.3   1.7   2   0   0   2   2   2   1 # 348 # 1451 # -1 # ID=142_1;partial=00;start_type=ATG;rbs_motif=GGAG/GAGG;rbs_spacer=5-10bp;gc_cont=0.254	217545
NODE_936_length_1801_cov_14.2526_1  -          OrfB_Zn_ribbon       PF07282.11   1.3e-26   89.5   1.8   3.5e-26   88.1   1.8   1.8   1   0   0   1   1   1   1 # 348 # 1451 # -1 # ID=142_1;partial=00;start_type=ATG;rbs_motif=GGAG/GAGG;rbs_spacer=5-10bp;gc_cont=0.254	217545
NODE_936_length_1801_cov_14.2526_1 -          OrfB_IS605           PF01385.19     4e-27   92.0   0.3     4e-27   92.0   0.3   1.7   2   0   0   2   2   2   1 # 348 # 1451 # -1 # ID=142_1;partial=00;start_type=ATG;rbs_motif=GGAG/GAGG;rbs_spacer=5-10bp;gc_cont=0.254	217545
NODE_936_length_1801_cov_14.2526_1  -          OrfB_Zn_ribbon       PF07282.11   1.3e-26   89.5   1.8   3.5e-26   88.1   1.8   1.8   1   0   0   1   1   1   1 # 348 # 1451 # -1 # ID=142_1;partial=00;start_type=ATG;rbs_motif=GGAG/GAGG;rbs_spacer=5-10bp;gc_cont=0.254	217545
NODE_1117_length_1666_cov_4.46555_1 -          DDE_Tnp_1            PF01609.21   3.4e-12   43.6   0.0   3.4e-12   43.6   0.0   2.6   2   1   0   3   3   3   1 # 164 # 1666 # 1 # ID=163_1;partial=01;start_type=ATG;rbs_motif=TAAAAA;rbs_spacer=9bp;gc_cont=0.422	4837400
NODE_1117_length_1666_cov_4.46555_1 -          DDE_Tnp_1_6          PF13751.6    2.3e-30  102.6   1.5   2.3e-30  102.6   1.5   2.4   2   1   1   3   3   3   1 # 164 # 1666 # 1 # ID=163_1;partial=01;start_type=ATG;rbs_motif=TAAAAA;rbs_spacer=9bp;gc_cont=0.422	4837400
NODE_1117_length_1666_cov_4.46555_1 -          DUF772               PF05598.11   6.2e-21   71.4   1.0   1.5e-20   70.2   0.1   2.2   3   0   0   3   3   3   1 # 164 # 1666 # 1 # ID=163_1;partial=01;start_type=ATG;rbs_motif=TAAAAA;rbs_spacer=9bp;gc_cont=0.422	4837400
NODE_1164_length_1637_cov_5.39949_1 -          DDE_Tnp_1            PF01609.21   1.3e-24   84.3   0.6   2.1e-24   83.6   0.6   1.4   1   0   0   1   1   1   1 # 155 # 1372 # -1 # ID=172_1;partial=00;start_type=ATG;rbs_motif=TAAA;rbs_spacer=11bp;gc_cont=0.434	50558
NODE_1164_length_1637_cov_5.39949_1 -          DDE_Tnp_1_3          PF13612.6    7.2e-07   26.5   1.2   2.3e-06   24.9   0.2   2.1   2   0   0   2   2   2   1 # 155 # 1372 # -1 # ID=172_1;partial=00;start_type=ATG;rbs_motif=TAAA;rbs_spacer=11bp;gc_cont=0.434	50558
NODE_1164_length_1637_cov_5.39949_1 -          DDE_Tnp_1            PF01609.21   1.3e-24   84.3   0.6   2.1e-24   83.6   0.6   1.4   1   0   0   1   1   1   1 # 155 # 1372 # -1 # ID=172_1;partial=00;start_type=ATG;rbs_motif=TAAA;rbs_spacer=11bp;gc_cont=0.434	66132
NODE_1164_length_1637_cov_5.39949_1 -          DDE_Tnp_1_3          PF13612.6    7.2e-07   26.5   1.2   2.3e-06   24.9   0.2   2.1   2   0   0   2   2   2   1 # 155 # 1372 # -1 # ID=172_1;partial=00;start_type=ATG;rbs_motif=TAAA;rbs_spacer=11bp;gc_cont=0.434	66132
NODE_1208_length_1614_cov_11.6081_1 -          DDE_Tnp_1_6          PF13751.6    7.8e-06   23.3   0.8   2.6e-05   21.7   0.0   2.2   3   0   0   3   3   3   1 # 156 # 1463 # 1 # ID=178_1;partial=00;start_type=ATG;rbs_motif=TAA;rbs_spacer=15bp;gc_cont=0.378	1161144
NODE_1208_length_1614_cov_11.6081_1 -          DUF772               PF05598.11   1.5e-19   67.0   0.0   5.7e-19   65.1   0.0   2.0   1   0   0   1   1   1   1 # 156 # 1463 # 1 # ID=178_1;partial=00;start_type=ATG;rbs_motif=TAA;rbs_spacer=15bp;gc_cont=0.378	1161144
NODE_1208_length_1614_cov_11.6081_1 -          DDE_Tnp_1_6          PF13751.6    7.8e-06   23.3   0.8   2.6e-05   21.7   0.0   2.2   3   0   0   3   3   3   1 # 156 # 1463 # 1 # ID=178_1;partial=00;start_type=ATG;rbs_motif=TAA;rbs_spacer=15bp;gc_cont=0.378	1161144
NODE_1208_length_1614_cov_11.6081_1 -          DUF772               PF05598.11   1.5e-19   67.0   0.0   5.7e-19   65.1   0.0   2.0   1   0   0   1   1   1   1 # 156 # 1463 # 1 # ID=178_1;partial=00;start_type=ATG;rbs_motif=TAA;rbs_spacer=15bp;gc_cont=0.378	1161144
NODE_1214_length_1607_cov_3.04446_2  -          DDE_Tnp_ISL3         PF01610.17   8.4e-56  186.5   3.3   1.1e-55  186.1   3.3   1.2   1   0   0   1   1   1   1 # 528 # 1607 # -1 # ID=180_2;partial=01;start_type=Edge;rbs_motif=None;rbs_spacer=None;gc_cont=0.249	6347232
NODE_1214_length_1607_cov_3.04446_2 -          HTH_Tnp_ISL3         PF13542.6      1e-06   25.3   0.0     2e-06   24.3   0.0   1.5   1   0   0   1   1   1   1 # 528 # 1607 # -1 # ID=180_2;partial=01;start_type=Edge;rbs_motif=None;rbs_spacer=None;gc_cont=0.249	6347232
NODE_2501_length_1133_cov_3.25232_2  -          Y1_Tnp               PF01797.16   1.5e-10   38.4   0.1   1.7e-10   38.3   0.1   1.0   1   0   0   1   1   1   1 # 975 # 1133 # -1 # ID=293_2;partial=01;start_type=Edge;rbs_motif=None;rbs_spacer=None;gc_cont=0.289	202676
NODE_2501_length_1133_cov_3.25232_2  -          Y1_Tnp               PF01797.16   1.5e-10   38.4   0.1   1.7e-10   38.3   0.1   1.0   1   0   0   1   1   1   1 # 975 # 1133 # -1 # ID=293_2;partial=01;start_type=Edge;rbs_motif=None;rbs_spacer=None;gc_cont=0.289	1221128
NODE_3509_length_968_cov_2.89266_1 -          HTH_Tnp_IS630        PF01710.16   3.2e-25   85.7   0.1   3.5e-25   85.6   0.1   1.0   1   0   0   1   1   1   1 # 3 # 326 # 1 # ID=371_1;partial=10;start_type=Edge;rbs_motif=None;rbs_spacer=None;gc_cont=0.361	653371
NODE_4570_length_840_cov_4.47516_2 -          OrfB_IS605           PF01385.19   9.1e-15   52.1  11.6   7.1e-14   49.3  11.6   2.1   1   1   0   1   1   1   1 # 278 # 838 # -1 # ID=432_2;partial=01;start_type=Edge;rbs_motif=None;rbs_spacer=None;gc_cont=0.250	541451
NODE_4570_length_840_cov_4.47516_2  -          OrfB_Zn_ribbon       PF07282.11   5.1e-26   87.6   0.9   5.1e-26   87.6   0.9   2.1   2   0   0   2   2   2   1 # 278 # 838 # -1 # ID=432_2;partial=01;start_type=Edge;rbs_motif=None;rbs_spacer=None;gc_cont=0.250	541451
NODE_5820_length_739_cov_2.53947_1   -          DDE_Tnp_ISL3         PF01610.17   4.3e-34  115.5   0.2   6.6e-34  114.9   0.2   1.2   1   0   0   1   1   1   1 # 1 # 738 # -1 # ID=497_1;partial=11;start_type=Edge;rbs_motif=None;rbs_spacer=None;gc_cont=0.252	6347232
NODE_5820_length_739_cov_2.53947_1  -          HTH_Tnp_ISL3         PF13542.6    6.7e-11   38.7   0.0   1.4e-10   37.6   0.0   1.6   1   0   0   1   1   1   1 # 1 # 738 # -1 # ID=497_1;partial=11;start_type=Edge;rbs_motif=None;rbs_spacer=None;gc_cont=0.252	6347232
NODE_6059_length_722_cov_2.96552_1   -          DDE_Tnp_ISL3         PF01610.17   9.6e-46  153.6   4.4   1.2e-45  153.3   4.4   1.1   1   0   0   1   1   1   1 # 76 # 720 # -1 # ID=508_1;partial=01;start_type=Edge;rbs_motif=None;rbs_spacer=None;gc_cont=0.391	85190
NODE_6705_length_686_cov_1.93819_1  -          HTH_Tnp_ISL3         PF13542.6    3.5e-11   39.6   0.0   5.4e-11   39.0   0.0   1.3   1   0   0   1   1   1   1 # 3 # 485 # -1 # ID=543_1;partial=10;start_type=ATG;rbs_motif=TAGAA;rbs_spacer=8bp;gc_cont=0.377	653371
NODE_6705_length_686_cov_1.93819_1 -          zf-ISL3              PF14690.6      2e-12   44.8   0.6   3.3e-12   44.1   0.6   1.4   1   0   0   1   1   1   1 # 3 # 485 # -1 # ID=543_1;partial=10;start_type=ATG;rbs_motif=TAGAA;rbs_spacer=8bp;gc_cont=0.377	653371
NODE_10656_length_533_cov_2.40795_1  -          DDE_Tnp_ISL3         PF01610.17   1.7e-23   80.8   3.9   1.9e-23   80.6   3.9   1.0   1   0   0   1   1   1   1 # 3 # 494 # 1 # ID=704_1;partial=10;start_type=Edge;rbs_motif=None;rbs_spacer=None;gc_cont=0.382	154728
NODE_10656_length_533_cov_2.40795_1  -          DDE_Tnp_ISL3         PF01610.17   1.7e-23   80.8   3.9   1.9e-23   80.6   3.9   1.0   1   0   0   1   1   1   1 # 3 # 494 # 1 # ID=704_1;partial=10;start_type=Edge;rbs_motif=None;rbs_spacer=None;gc_cont=0.382	1953503
NODE_15662_length_432_cov_2.04509_1  -          DDE_Tnp_ISL3         PF01610.17     5e-19   66.1   4.4   5.3e-19   66.1   4.4   1.1   1   0   0   1   1   1   1 # 148 # 432 # -1 # ID=853_1;partial=01;start_type=Edge;rbs_motif=None;rbs_spacer=None;gc_cont=0.225	6347232
NODE_18949_length_388_cov_1.39039_1  -          DDE_Tnp_ISL3         PF01610.17   1.2e-26   91.1   2.1   1.4e-26   90.9   2.1   1.0   1   0   0   1   1   1   1 # 3 # 386 # -1 # ID=927_1;partial=11;start_type=Edge;rbs_motif=None;rbs_spacer=None;gc_cont=0.398	655823
NODE_26622_length_321_cov_0.898496_1 -          Y1_Tnp               PF01797.16   2.2e-32  108.9   0.1   2.4e-32  108.8   0.1   1.0   1   0   0   1   1   1   1 # 3 # 320 # -1 # ID=1107_1;partial=11;start_type=Edge;rbs_motif=None;rbs_spacer=None;gc_cont=0.340	1000077
NODE_34348_length_281_cov_1.91593_1  -          Y1_Tnp               PF01797.16   6.2e-10   36.4   0.5     7e-10   36.3   0.5   1.1   1   0   0   1   1   1   1 # 2 # 160 # -1 # ID=1245_1;partial=10;start_type=ATG;rbs_motif=AGGAG;rbs_spacer=5-10bp;gc_cont=0.333	4151334
NODE_34754_length_279_cov_2.04464_1 -          HTH_Tnp_1            PF01527.20   2.2e-08   31.5   0.1   0.00058   17.3   0.0   2.0   2   0   0   2   2   2   2 # 2 # 277 # -1 # ID=1253_1;partial=11;start_type=Edge;rbs_motif=None;rbs_spacer=None;gc_cont=0.572	356569
NODE_36402_length_272_cov_1.48848_1 -          OrfB_Zn_ribbon       PF07282.11   6.6e-15   52.0   0.6   7.5e-15   51.8   0.6   1.1   1   0   0   1   1   1   1 # 1 # 198 # 1 # ID=1285_1;partial=10;start_type=Edge;rbs_motif=None;rbs_spacer=None;gc_cont=0.288	1682416
NODE_55267_length_222_cov_0.688623_1 -          DDE_Tnp_ISL3         PF01610.17   1.9e-13   47.9   0.0   2.1e-13   47.8   0.0   1.0   1   0   0   1   1   1   1 # 3 # 221 # 1 # ID=1541_1;partial=11;start_type=Edge;rbs_motif=None;rbs_spacer=None;gc_cont=0.621	50292
