NODE_9_length_34452_cov_9.52359_34  -          DDE_Tnp_IS240        PF13610.6    3.9e-08   32.4   0.0   5.1e-08   32.1   0.0   1.1   1   0   0   1   1   1   1 # 33890 # 34450 # 1 # ID=7_34;partial=01;start_type=ATG;rbs_motif=None;rbs_spacer=None;gc_cont=0.390	1746071
NODE_9_length_34452_cov_9.52359_34  -          DDE_Tnp_IS240        PF13610.6    3.9e-08   32.4   0.0   5.1e-08   32.1   0.0   1.1   1   0   0   1   1   1   1 # 33890 # 34450 # 1 # ID=7_34;partial=01;start_type=ATG;rbs_motif=None;rbs_spacer=None;gc_cont=0.390	777115
NODE_13_length_29791_cov_6.82187_1  -          Y1_Tnp               PF01797.16   3.6e-06   25.9   0.0     4e-06   25.7   0.0   1.1   1   0   0   1   1   1   1 # 198 # 338 # 1 # ID=9_1;partial=00;start_type=ATG;rbs_motif=AGGAG;rbs_spacer=5-10bp;gc_cont=0.333	779621
NODE_17_length_27220_cov_9.38388_27 -          HTH_Tnp_1            PF01527.20   7.1e-06   25.1   0.1   7.2e-06   25.0   0.1   1.0   1   0   0   1   1   1   1 # 27004 # 27150 # 1 # ID=11_27;partial=00;start_type=ATG;rbs_motif=GGAG/GAGG;rbs_spacer=5-10bp;gc_cont=0.395	161551
NODE_63_length_14699_cov_67.7081_3  -          PDDEXK_2             PF12784.7    7.1e-21   73.6   1.4   9.7e-21   73.1   1.4   1.2   1   0   0   1   1   1   1 # 13525 # 14493 # -1 # ID=48_3;partial=00;start_type=ATG;rbs_motif=TAA;rbs_spacer=3bp;gc_cont=0.433	1746037
NODE_63_length_14699_cov_67.7081_3  -          PDDEXK_2             PF12784.7    7.1e-21   73.6   1.4   9.7e-21   73.1   1.4   1.2   1   0   0   1   1   1   1 # 13525 # 14493 # -1 # ID=48_3;partial=00;start_type=ATG;rbs_motif=TAA;rbs_spacer=3bp;gc_cont=0.433	1746037
NODE_63_length_14699_cov_67.7081_3  -          PDDEXK_2             PF12784.7    7.1e-21   73.6   1.4   9.7e-21   73.1   1.4   1.2   1   0   0   1   1   1   1 # 13525 # 14493 # -1 # ID=48_3;partial=00;start_type=ATG;rbs_motif=TAA;rbs_spacer=3bp;gc_cont=0.433	221948
NODE_63_length_14699_cov_67.7081_3  -          PDDEXK_2             PF12784.7    7.1e-21   73.6   1.4   9.7e-21   73.1   1.4   1.2   1   0   0   1   1   1   1 # 13525 # 14493 # -1 # ID=48_3;partial=00;start_type=ATG;rbs_motif=TAA;rbs_spacer=3bp;gc_cont=0.433	26311
NODE_63_length_14699_cov_67.7081_3  -          PDDEXK_2             PF12784.7    7.1e-21   73.6   1.4   9.7e-21   73.1   1.4   1.2   1   0   0   1   1   1   1 # 13525 # 14493 # -1 # ID=48_3;partial=00;start_type=ATG;rbs_motif=TAA;rbs_spacer=3bp;gc_cont=0.433	57962
NODE_63_length_14699_cov_67.7081_3  -          PDDEXK_2             PF12784.7    7.1e-21   73.6   1.4   9.7e-21   73.1   1.4   1.2   1   0   0   1   1   1   1 # 13525 # 14493 # -1 # ID=48_3;partial=00;start_type=ATG;rbs_motif=TAA;rbs_spacer=3bp;gc_cont=0.433	163404
NODE_114_length_11926_cov_36.3694_5 -          DDE_Tnp_IS240        PF13610.6    1.6e-15   56.4   0.9   1.6e-15   56.4   0.9   1.5   2   0   0   2   2   2   1 # 3891 # 4238 # 1 # ID=79_5;partial=00;start_type=ATG;rbs_motif=GGA/GAG/AGG;rbs_spacer=5-10bp;gc_cont=0.379	1611911
NODE_114_length_11926_cov_36.3694_5 -          DDE_Tnp_IS240        PF13610.6    1.6e-15   56.4   0.9   1.6e-15   56.4   0.9   1.5   2   0   0   2   2   2   1 # 3891 # 4238 # 1 # ID=79_5;partial=00;start_type=ATG;rbs_motif=GGA/GAG/AGG;rbs_spacer=5-10bp;gc_cont=0.379	142039
NODE_114_length_11926_cov_36.3694_5 -          DDE_Tnp_IS240        PF13610.6    1.6e-15   56.4   0.9   1.6e-15   56.4   0.9   1.5   2   0   0   2   2   2   1 # 3891 # 4238 # 1 # ID=79_5;partial=00;start_type=ATG;rbs_motif=GGA/GAG/AGG;rbs_spacer=5-10bp;gc_cont=0.379	92742
NODE_114_length_11926_cov_36.3694_5 -          DDE_Tnp_IS240        PF13610.6    1.6e-15   56.4   0.9   1.6e-15   56.4   0.9   1.5   2   0   0   2   2   2   1 # 3891 # 4238 # 1 # ID=79_5;partial=00;start_type=ATG;rbs_motif=GGA/GAG/AGG;rbs_spacer=5-10bp;gc_cont=0.379	92742
NODE_156_length_9874_cov_6.45646_11 -          HTH_Tnp_1            PF01527.20   9.5e-06   24.7   0.5   4.2e-05   22.6   0.5   2.0   1   1   0   1   1   1   1 # 8859 # 9233 # 1 # ID=104_11;partial=00;start_type=ATG;rbs_motif=None;rbs_spacer=None;gc_cont=0.400	63986
NODE_156_length_9874_cov_6.45646_11 -          HTH_Tnp_1            PF01527.20   9.5e-06   24.7   0.5   4.2e-05   22.6   0.5   2.0   1   1   0   1   1   1   1 # 8859 # 9233 # 1 # ID=104_11;partial=00;start_type=ATG;rbs_motif=None;rbs_spacer=None;gc_cont=0.400	960973
NODE_282_length_6899_cov_48.1658_1  -          DDE_Tnp_ISL3         PF01610.17     3e-08   32.5   3.3   3.8e-08   32.1   3.3   1.1   1   0   0   1   1   1   1 # 183 # 665 # 1 # ID=180_1;partial=00;start_type=ATG;rbs_motif=None;rbs_spacer=None;gc_cont=0.366	536896
NODE_282_length_6899_cov_48.1658_1  -          DDE_Tnp_ISL3         PF01610.17     3e-08   32.5   3.3   3.8e-08   32.1   3.3   1.1   1   0   0   1   1   1   1 # 183 # 665 # 1 # ID=180_1;partial=00;start_type=ATG;rbs_motif=None;rbs_spacer=None;gc_cont=0.366	1162
NODE_282_length_6899_cov_48.1658_1  -          DDE_Tnp_ISL3         PF01610.17     3e-08   32.5   3.3   3.8e-08   32.1   3.3   1.1   1   0   0   1   1   1   1 # 183 # 665 # 1 # ID=180_1;partial=00;start_type=ATG;rbs_motif=None;rbs_spacer=None;gc_cont=0.366	5220988
NODE_282_length_6899_cov_48.1658_1  -          DDE_Tnp_ISL3         PF01610.17     3e-08   32.5   3.3   3.8e-08   32.1   3.3   1.1   1   0   0   1   1   1   1 # 183 # 665 # 1 # ID=180_1;partial=00;start_type=ATG;rbs_motif=None;rbs_spacer=None;gc_cont=0.366	2980361
NODE_282_length_6899_cov_48.1658_1  -          DDE_Tnp_ISL3         PF01610.17     3e-08   32.5   3.3   3.8e-08   32.1   3.3   1.1   1   0   0   1   1   1   1 # 183 # 665 # 1 # ID=180_1;partial=00;start_type=ATG;rbs_motif=None;rbs_spacer=None;gc_cont=0.366	348745
NODE_354_length_6040_cov_20.7903_8 -          OrfB_IS605           PF01385.19   2.9e-21   74.7  10.5   2.9e-21   74.7  10.5   2.6   2   1   0   2   2   2   1 # 3849 # 5018 # -1 # ID=218_8;partial=00;start_type=ATG;rbs_motif=None;rbs_spacer=None;gc_cont=0.294	5567366
NODE_354_length_6040_cov_20.7903_8 -          OrfB_Zn_ribbon       PF07282.11   1.1e-23   81.7   2.9   2.5e-23   80.6   2.9   1.7   1   0   0   1   1   1   1 # 3849 # 5018 # -1 # ID=218_8;partial=00;start_type=ATG;rbs_motif=None;rbs_spacer=None;gc_cont=0.294	5567366
NODE_354_length_6040_cov_20.7903_8 -          OrfB_IS605           PF01385.19   2.9e-21   74.7  10.5   2.9e-21   74.7  10.5   2.6   2   1   0   2   2   2   1 # 3849 # 5018 # -1 # ID=218_8;partial=00;start_type=ATG;rbs_motif=None;rbs_spacer=None;gc_cont=0.294	6438750
NODE_354_length_6040_cov_20.7903_8 -          OrfB_Zn_ribbon       PF07282.11   1.1e-23   81.7   2.9   2.5e-23   80.6   2.9   1.7   1   0   0   1   1   1   1 # 3849 # 5018 # -1 # ID=218_8;partial=00;start_type=ATG;rbs_motif=None;rbs_spacer=None;gc_cont=0.294	6438750
NODE_357_length_5999_cov_64.9522_1  -          Y1_Tnp               PF01797.16   2.8e-38  129.5   0.4     3e-38  129.4   0.4   1.0   1   0   0   1   1   1   1 # 302 # 655 # 1 # ID=220_1;partial=00;start_type=GTG;rbs_motif=None;rbs_spacer=None;gc_cont=0.364	214988
NODE_358_length_5997_cov_3.56092_3  -          DDE_Tnp_IS1595       PF12762.7    1.4e-44  150.6   1.0   2.1e-44  150.0   1.0   1.2   1   0   0   1   1   1   1 # 2260 # 3396 # -1 # ID=221_3;partial=00;start_type=ATG;rbs_motif=AGGA;rbs_spacer=5-10bp;gc_cont=0.383	5221059
NODE_358_length_5997_cov_3.56092_3  -          Zn_Tnp_IS1595        PF12760.7    7.7e-15   53.4   9.0   1.5e-14   52.5   9.0   1.5   1   0   0   1   1   1   1 # 2260 # 3396 # -1 # ID=221_3;partial=00;start_type=ATG;rbs_motif=AGGA;rbs_spacer=5-10bp;gc_cont=0.383	5221059
NODE_370_length_5873_cov_4.51014_4  -          DDE_Tnp_IS1595       PF12762.7    4.1e-45  152.3   2.6   5.8e-45  151.8   2.6   1.2   1   0   0   1   1   1   1 # 2866 # 3903 # -1 # ID=226_4;partial=00;start_type=ATG;rbs_motif=AATAA;rbs_spacer=10bp;gc_cont=0.395	180296
NODE_370_length_5873_cov_4.51014_4  -          Zn_Tnp_IS1595        PF12760.7    1.6e-16   58.8   4.9   1.6e-16   58.8   4.9   2.0   2   0   0   2   2   2   1 # 2866 # 3903 # -1 # ID=226_4;partial=00;start_type=ATG;rbs_motif=AATAA;rbs_spacer=10bp;gc_cont=0.395	180296
NODE_370_length_5873_cov_4.51014_4  -          DDE_Tnp_IS1595       PF12762.7    4.1e-45  152.3   2.6   5.8e-45  151.8   2.6   1.2   1   0   0   1   1   1   1 # 2866 # 3903 # -1 # ID=226_4;partial=00;start_type=ATG;rbs_motif=AATAA;rbs_spacer=10bp;gc_cont=0.395	2980364
NODE_370_length_5873_cov_4.51014_4  -          Zn_Tnp_IS1595        PF12760.7    1.6e-16   58.8   4.9   1.6e-16   58.8   4.9   2.0   2   0   0   2   2   2   1 # 2866 # 3903 # -1 # ID=226_4;partial=00;start_type=ATG;rbs_motif=AATAA;rbs_spacer=10bp;gc_cont=0.395	2980364
NODE_448_length_5302_cov_13.073_1   -          DDE_Tnp_ISL3         PF01610.17   2.8e-06   26.0   0.4   4.5e-06   25.3   0.2   1.5   2   0   0   2   2   2   1 # 3 # 617 # -1 # ID=262_1;partial=10;start_type=TTG;rbs_motif=None;rbs_spacer=None;gc_cont=0.296	2980286
NODE_448_length_5302_cov_13.073_1   -          HTH_Tnp_ISL3         PF13542.6    9.3e-10   36.6   0.0   1.4e-09   36.0   0.0   1.3   1   0   0   1   1   1   1 # 3 # 617 # -1 # ID=262_1;partial=10;start_type=TTG;rbs_motif=None;rbs_spacer=None;gc_cont=0.296	2980286
NODE_448_length_5302_cov_13.073_1   -          zf-ISL3              PF14690.6    3.7e-08   32.7   5.6     8e-08   31.6   5.6   1.6   1   0   0   1   1   1   1 # 3 # 617 # -1 # ID=262_1;partial=10;start_type=TTG;rbs_motif=None;rbs_spacer=None;gc_cont=0.296	2980286
NODE_448_length_5302_cov_13.073_1   -          DDE_Tnp_ISL3         PF01610.17   2.8e-06   26.0   0.4   4.5e-06   25.3   0.2   1.5   2   0   0   2   2   2   1 # 3 # 617 # -1 # ID=262_1;partial=10;start_type=TTG;rbs_motif=None;rbs_spacer=None;gc_cont=0.296	3598940
NODE_448_length_5302_cov_13.073_1   -          HTH_Tnp_ISL3         PF13542.6    9.3e-10   36.6   0.0   1.4e-09   36.0   0.0   1.3   1   0   0   1   1   1   1 # 3 # 617 # -1 # ID=262_1;partial=10;start_type=TTG;rbs_motif=None;rbs_spacer=None;gc_cont=0.296	3598940
NODE_448_length_5302_cov_13.073_1   -          zf-ISL3              PF14690.6    3.7e-08   32.7   5.6     8e-08   31.6   5.6   1.6   1   0   0   1   1   1   1 # 3 # 617 # -1 # ID=262_1;partial=10;start_type=TTG;rbs_motif=None;rbs_spacer=None;gc_cont=0.296	3598940
NODE_475_length_5154_cov_103.087_7  -          DDE_Tnp_ISL3         PF01610.17   1.2e-15   56.7   1.3   1.3e-15   56.6   1.3   1.1   1   0   0   1   1   1   1 # 4942 # 5154 # -1 # ID=274_7;partial=01;start_type=Edge;rbs_motif=None;rbs_spacer=None;gc_cont=0.333	548101
NODE_475_length_5154_cov_103.087_7  -          DDE_Tnp_ISL3         PF01610.17   1.2e-15   56.7   1.3   1.3e-15   56.6   1.3   1.1   1   0   0   1   1   1   1 # 4942 # 5154 # -1 # ID=274_7;partial=01;start_type=Edge;rbs_motif=None;rbs_spacer=None;gc_cont=0.333	1703874
NODE_506_length_4937_cov_38.7075_1  -          DDE_Tnp_ISL3         PF01610.17   1.5e-58  197.2   1.5   2.6e-58  196.4   1.5   1.4   1   0   0   1   1   1   1 # 201 # 1517 # 1 # ID=288_1;partial=00;start_type=ATG;rbs_motif=AGGA;rbs_spacer=5-10bp;gc_cont=0.311	912204
NODE_506_length_4937_cov_38.7075_1  -          HTH_Tnp_ISL3         PF13542.6    4.6e-06   24.8   0.2   1.6e-05   23.0   0.2   2.0   1   0   0   1   1   1   1 # 201 # 1517 # 1 # ID=288_1;partial=00;start_type=ATG;rbs_motif=AGGA;rbs_spacer=5-10bp;gc_cont=0.311	912204
NODE_506_length_4937_cov_38.7075_1  -          zf-ISL3              PF14690.6    4.2e-09   35.7   2.4   9.8e-09   34.6   2.4   1.7   1   0   0   1   1   1   1 # 201 # 1517 # 1 # ID=288_1;partial=00;start_type=ATG;rbs_motif=AGGA;rbs_spacer=5-10bp;gc_cont=0.311	912204
NODE_506_length_4937_cov_38.7075_1  -          DDE_Tnp_ISL3         PF01610.17   1.5e-58  197.2   1.5   2.6e-58  196.4   1.5   1.4   1   0   0   1   1   1   1 # 201 # 1517 # 1 # ID=288_1;partial=00;start_type=ATG;rbs_motif=AGGA;rbs_spacer=5-10bp;gc_cont=0.311	3057364
NODE_506_length_4937_cov_38.7075_1  -          HTH_Tnp_ISL3         PF13542.6    4.6e-06   24.8   0.2   1.6e-05   23.0   0.2   2.0   1   0   0   1   1   1   1 # 201 # 1517 # 1 # ID=288_1;partial=00;start_type=ATG;rbs_motif=AGGA;rbs_spacer=5-10bp;gc_cont=0.311	3057364
NODE_506_length_4937_cov_38.7075_1  -          zf-ISL3              PF14690.6    4.2e-09   35.7   2.4   9.8e-09   34.6   2.4   1.7   1   0   0   1   1   1   1 # 201 # 1517 # 1 # ID=288_1;partial=00;start_type=ATG;rbs_motif=AGGA;rbs_spacer=5-10bp;gc_cont=0.311	3057364
NODE_519_length_4820_cov_78.5305_2  -          PDDEXK_2             PF12784.7    1.3e-21   76.0   1.7   1.7e-21   75.7   1.7   1.2   1   0   0   1   1   1   1 # 551 # 1510 # 1 # ID=294_2;partial=00;start_type=ATG;rbs_motif=AATAA;rbs_spacer=13bp;gc_cont=0.459	422777
NODE_519_length_4820_cov_78.5305_2  -          PDDEXK_2             PF12784.7    1.3e-21   76.0   1.7   1.7e-21   75.7   1.7   1.2   1   0   0   1   1   1   1 # 551 # 1510 # 1 # ID=294_2;partial=00;start_type=ATG;rbs_motif=AATAA;rbs_spacer=13bp;gc_cont=0.459	422777
NODE_519_length_4820_cov_78.5305_2  -          PDDEXK_2             PF12784.7    1.3e-21   76.0   1.7   1.7e-21   75.7   1.7   1.2   1   0   0   1   1   1   1 # 551 # 1510 # 1 # ID=294_2;partial=00;start_type=ATG;rbs_motif=AATAA;rbs_spacer=13bp;gc_cont=0.459	422777
NODE_519_length_4820_cov_78.5305_2  -          PDDEXK_2             PF12784.7    1.3e-21   76.0   1.7   1.7e-21   75.7   1.7   1.2   1   0   0   1   1   1   1 # 551 # 1510 # 1 # ID=294_2;partial=00;start_type=ATG;rbs_motif=AATAA;rbs_spacer=13bp;gc_cont=0.459	422777
NODE_519_length_4820_cov_78.5305_2  -          PDDEXK_2             PF12784.7    1.3e-21   76.0   1.7   1.7e-21   75.7   1.7   1.2   1   0   0   1   1   1   1 # 551 # 1510 # 1 # ID=294_2;partial=00;start_type=ATG;rbs_motif=AATAA;rbs_spacer=13bp;gc_cont=0.459	422777
NODE_519_length_4820_cov_78.5305_2  -          PDDEXK_2             PF12784.7    1.3e-21   76.0   1.7   1.7e-21   75.7   1.7   1.2   1   0   0   1   1   1   1 # 551 # 1510 # 1 # ID=294_2;partial=00;start_type=ATG;rbs_motif=AATAA;rbs_spacer=13bp;gc_cont=0.459	422777
NODE_519_length_4820_cov_78.5305_2  -          PDDEXK_2             PF12784.7    1.3e-21   76.0   1.7   1.7e-21   75.7   1.7   1.2   1   0   0   1   1   1   1 # 551 # 1510 # 1 # ID=294_2;partial=00;start_type=ATG;rbs_motif=AATAA;rbs_spacer=13bp;gc_cont=0.459	422777
NODE_519_length_4820_cov_78.5305_2  -          PDDEXK_2             PF12784.7    1.3e-21   76.0   1.7   1.7e-21   75.7   1.7   1.2   1   0   0   1   1   1   1 # 551 # 1510 # 1 # ID=294_2;partial=00;start_type=ATG;rbs_motif=AATAA;rbs_spacer=13bp;gc_cont=0.459	422777
NODE_519_length_4820_cov_78.5305_2  -          PDDEXK_2             PF12784.7    1.3e-21   76.0   1.7   1.7e-21   75.7   1.7   1.2   1   0   0   1   1   1   1 # 551 # 1510 # 1 # ID=294_2;partial=00;start_type=ATG;rbs_motif=AATAA;rbs_spacer=13bp;gc_cont=0.459	422777
NODE_519_length_4820_cov_78.5305_2  -          PDDEXK_2             PF12784.7    1.3e-21   76.0   1.7   1.7e-21   75.7   1.7   1.2   1   0   0   1   1   1   1 # 551 # 1510 # 1 # ID=294_2;partial=00;start_type=ATG;rbs_motif=AATAA;rbs_spacer=13bp;gc_cont=0.459	422777
NODE_519_length_4820_cov_78.5305_2  -          PDDEXK_2             PF12784.7    1.3e-21   76.0   1.7   1.7e-21   75.7   1.7   1.2   1   0   0   1   1   1   1 # 551 # 1510 # 1 # ID=294_2;partial=00;start_type=ATG;rbs_motif=AATAA;rbs_spacer=13bp;gc_cont=0.459	422777
NODE_519_length_4820_cov_78.5305_2  -          PDDEXK_2             PF12784.7    1.3e-21   76.0   1.7   1.7e-21   75.7   1.7   1.2   1   0   0   1   1   1   1 # 551 # 1510 # 1 # ID=294_2;partial=00;start_type=ATG;rbs_motif=AATAA;rbs_spacer=13bp;gc_cont=0.459	5221144
NODE_519_length_4820_cov_78.5305_2  -          PDDEXK_2             PF12784.7    1.3e-21   76.0   1.7   1.7e-21   75.7   1.7   1.2   1   0   0   1   1   1   1 # 551 # 1510 # 1 # ID=294_2;partial=00;start_type=ATG;rbs_motif=AATAA;rbs_spacer=13bp;gc_cont=0.459	422777
NODE_519_length_4820_cov_78.5305_2  -          PDDEXK_2             PF12784.7    1.3e-21   76.0   1.7   1.7e-21   75.7   1.7   1.2   1   0   0   1   1   1   1 # 551 # 1510 # 1 # ID=294_2;partial=00;start_type=ATG;rbs_motif=AATAA;rbs_spacer=13bp;gc_cont=0.459	422777
NODE_519_length_4820_cov_78.5305_2  -          PDDEXK_2             PF12784.7    1.3e-21   76.0   1.7   1.7e-21   75.7   1.7   1.2   1   0   0   1   1   1   1 # 551 # 1510 # 1 # ID=294_2;partial=00;start_type=ATG;rbs_motif=AATAA;rbs_spacer=13bp;gc_cont=0.459	422777
NODE_519_length_4820_cov_78.5305_2  -          PDDEXK_2             PF12784.7    1.3e-21   76.0   1.7   1.7e-21   75.7   1.7   1.2   1   0   0   1   1   1   1 # 551 # 1510 # 1 # ID=294_2;partial=00;start_type=ATG;rbs_motif=AATAA;rbs_spacer=13bp;gc_cont=0.459	422777
NODE_519_length_4820_cov_78.5305_2  -          PDDEXK_2             PF12784.7    1.3e-21   76.0   1.7   1.7e-21   75.7   1.7   1.2   1   0   0   1   1   1   1 # 551 # 1510 # 1 # ID=294_2;partial=00;start_type=ATG;rbs_motif=AATAA;rbs_spacer=13bp;gc_cont=0.459	422777
NODE_519_length_4820_cov_78.5305_2  -          PDDEXK_2             PF12784.7    1.3e-21   76.0   1.7   1.7e-21   75.7   1.7   1.2   1   0   0   1   1   1   1 # 551 # 1510 # 1 # ID=294_2;partial=00;start_type=ATG;rbs_motif=AATAA;rbs_spacer=13bp;gc_cont=0.459	422777
NODE_605_length_4385_cov_55.8448_6  -          DDE_Tnp_ISL3         PF01610.17   1.1e-52  178.0   7.3   1.3e-52  177.7   7.3   1.0   1   0   0   1   1   1   1 # 3484 # 4383 # -1 # ID=332_6;partial=01;start_type=Edge;rbs_motif=None;rbs_spacer=None;gc_cont=0.386	4170793
NODE_605_length_4385_cov_55.8448_2  -          PDDEXK_2             PF12784.7    5.8e-20   70.6   1.7   8.1e-20   70.1   1.7   1.2   1   0   0   1   1   1   1 # 235 # 1134 # 1 # ID=332_2;partial=00;start_type=ATG;rbs_motif=AATAA;rbs_spacer=13bp;gc_cont=0.421	4170793
NODE_609_length_4369_cov_5.13306_4  -          DDE_Tnp_1            PF01609.21   4.7e-41  139.6   1.3   7.4e-41  138.9   1.3   1.3   1   0   0   1   1   1   1 # 1294 # 2301 # 1 # ID=334_4;partial=00;start_type=ATG;rbs_motif=GGA/GAG/AGG;rbs_spacer=5-10bp;gc_cont=0.521	55622
NODE_609_length_4369_cov_5.13306_4  -          DDE_Tnp_1_2          PF13586.6    2.6e-08   32.9   0.2   5.5e-08   31.9   0.2   1.6   1   0   0   1   1   1   1 # 1294 # 2301 # 1 # ID=334_4;partial=00;start_type=ATG;rbs_motif=GGA/GAG/AGG;rbs_spacer=5-10bp;gc_cont=0.521	55622
NODE_609_length_4369_cov_5.13306_4  -          DDE_Tnp_1_3          PF13612.6    5.9e-09   34.9   0.0     1e-08   34.2   0.0   1.4   1   1   0   1   1   1   1 # 1294 # 2301 # 1 # ID=334_4;partial=00;start_type=ATG;rbs_motif=GGA/GAG/AGG;rbs_spacer=5-10bp;gc_cont=0.521	55622
NODE_609_length_4369_cov_5.13306_4  -          DDE_Tnp_1_6          PF13751.6    2.7e-07   29.7   0.5   5.7e-07   28.6   0.5   1.6   1   0   0   1   1   1   1 # 1294 # 2301 # 1 # ID=334_4;partial=00;start_type=ATG;rbs_motif=GGA/GAG/AGG;rbs_spacer=5-10bp;gc_cont=0.521	55622
NODE_609_length_4369_cov_5.13306_4  -          DDE_Tnp_4            PF13359.6    3.1e-09   35.5   0.1   7.3e-09   34.3   0.1   1.7   2   0   0   2   2   2   1 # 1294 # 2301 # 1 # ID=334_4;partial=00;start_type=ATG;rbs_motif=GGA/GAG/AGG;rbs_spacer=5-10bp;gc_cont=0.521	55622
NODE_609_length_4369_cov_5.13306_4  -          DUF772               PF05598.11   3.6e-19   67.4   0.1   7.3e-19   66.4   0.1   1.5   1   0   0   1   1   1   1 # 1294 # 2301 # 1 # ID=334_4;partial=00;start_type=ATG;rbs_motif=GGA/GAG/AGG;rbs_spacer=5-10bp;gc_cont=0.521	55622
NODE_609_length_4369_cov_5.13306_4  -          DDE_Tnp_1            PF01609.21   4.7e-41  139.6   1.3   7.4e-41  138.9   1.3   1.3   1   0   0   1   1   1   1 # 1294 # 2301 # 1 # ID=334_4;partial=00;start_type=ATG;rbs_motif=GGA/GAG/AGG;rbs_spacer=5-10bp;gc_cont=0.521	142767
NODE_609_length_4369_cov_5.13306_4  -          DDE_Tnp_1_2          PF13586.6    2.6e-08   32.9   0.2   5.5e-08   31.9   0.2   1.6   1   0   0   1   1   1   1 # 1294 # 2301 # 1 # ID=334_4;partial=00;start_type=ATG;rbs_motif=GGA/GAG/AGG;rbs_spacer=5-10bp;gc_cont=0.521	142767
NODE_609_length_4369_cov_5.13306_4  -          DDE_Tnp_1_3          PF13612.6    5.9e-09   34.9   0.0     1e-08   34.2   0.0   1.4   1   1   0   1   1   1   1 # 1294 # 2301 # 1 # ID=334_4;partial=00;start_type=ATG;rbs_motif=GGA/GAG/AGG;rbs_spacer=5-10bp;gc_cont=0.521	142767
NODE_609_length_4369_cov_5.13306_4  -          DDE_Tnp_1_6          PF13751.6    2.7e-07   29.7   0.5   5.7e-07   28.6   0.5   1.6   1   0   0   1   1   1   1 # 1294 # 2301 # 1 # ID=334_4;partial=00;start_type=ATG;rbs_motif=GGA/GAG/AGG;rbs_spacer=5-10bp;gc_cont=0.521	142767
NODE_609_length_4369_cov_5.13306_4  -          DDE_Tnp_4            PF13359.6    3.1e-09   35.5   0.1   7.3e-09   34.3   0.1   1.7   2   0   0   2   2   2   1 # 1294 # 2301 # 1 # ID=334_4;partial=00;start_type=ATG;rbs_motif=GGA/GAG/AGG;rbs_spacer=5-10bp;gc_cont=0.521	142767
NODE_609_length_4369_cov_5.13306_4  -          DUF772               PF05598.11   3.6e-19   67.4   0.1   7.3e-19   66.4   0.1   1.5   1   0   0   1   1   1   1 # 1294 # 2301 # 1 # ID=334_4;partial=00;start_type=ATG;rbs_motif=GGA/GAG/AGG;rbs_spacer=5-10bp;gc_cont=0.521	142767
NODE_609_length_4369_cov_5.13306_4  -          DDE_Tnp_1            PF01609.21   4.7e-41  139.6   1.3   7.4e-41  138.9   1.3   1.3   1   0   0   1   1   1   1 # 1294 # 2301 # 1 # ID=334_4;partial=00;start_type=ATG;rbs_motif=GGA/GAG/AGG;rbs_spacer=5-10bp;gc_cont=0.521	9754
NODE_609_length_4369_cov_5.13306_4  -          DDE_Tnp_1_2          PF13586.6    2.6e-08   32.9   0.2   5.5e-08   31.9   0.2   1.6   1   0   0   1   1   1   1 # 1294 # 2301 # 1 # ID=334_4;partial=00;start_type=ATG;rbs_motif=GGA/GAG/AGG;rbs_spacer=5-10bp;gc_cont=0.521	9754
NODE_609_length_4369_cov_5.13306_4  -          DDE_Tnp_1_3          PF13612.6    5.9e-09   34.9   0.0     1e-08   34.2   0.0   1.4   1   1   0   1   1   1   1 # 1294 # 2301 # 1 # ID=334_4;partial=00;start_type=ATG;rbs_motif=GGA/GAG/AGG;rbs_spacer=5-10bp;gc_cont=0.521	9754
NODE_609_length_4369_cov_5.13306_4  -          DDE_Tnp_1_6          PF13751.6    2.7e-07   29.7   0.5   5.7e-07   28.6   0.5   1.6   1   0   0   1   1   1   1 # 1294 # 2301 # 1 # ID=334_4;partial=00;start_type=ATG;rbs_motif=GGA/GAG/AGG;rbs_spacer=5-10bp;gc_cont=0.521	9754
NODE_609_length_4369_cov_5.13306_4  -          DDE_Tnp_4            PF13359.6    3.1e-09   35.5   0.1   7.3e-09   34.3   0.1   1.7   2   0   0   2   2   2   1 # 1294 # 2301 # 1 # ID=334_4;partial=00;start_type=ATG;rbs_motif=GGA/GAG/AGG;rbs_spacer=5-10bp;gc_cont=0.521	9754
NODE_609_length_4369_cov_5.13306_4  -          DUF772               PF05598.11   3.6e-19   67.4   0.1   7.3e-19   66.4   0.1   1.5   1   0   0   1   1   1   1 # 1294 # 2301 # 1 # ID=334_4;partial=00;start_type=ATG;rbs_motif=GGA/GAG/AGG;rbs_spacer=5-10bp;gc_cont=0.521	9754
NODE_609_length_4369_cov_5.13306_4  -          DDE_Tnp_1            PF01609.21   4.7e-41  139.6   1.3   7.4e-41  138.9   1.3   1.3   1   0   0   1   1   1   1 # 1294 # 2301 # 1 # ID=334_4;partial=00;start_type=ATG;rbs_motif=GGA/GAG/AGG;rbs_spacer=5-10bp;gc_cont=0.521	65290
NODE_609_length_4369_cov_5.13306_4  -          DDE_Tnp_1_2          PF13586.6    2.6e-08   32.9   0.2   5.5e-08   31.9   0.2   1.6   1   0   0   1   1   1   1 # 1294 # 2301 # 1 # ID=334_4;partial=00;start_type=ATG;rbs_motif=GGA/GAG/AGG;rbs_spacer=5-10bp;gc_cont=0.521	65290
NODE_609_length_4369_cov_5.13306_4  -          DDE_Tnp_1_3          PF13612.6    5.9e-09   34.9   0.0     1e-08   34.2   0.0   1.4   1   1   0   1   1   1   1 # 1294 # 2301 # 1 # ID=334_4;partial=00;start_type=ATG;rbs_motif=GGA/GAG/AGG;rbs_spacer=5-10bp;gc_cont=0.521	65290
NODE_609_length_4369_cov_5.13306_4  -          DDE_Tnp_1_6          PF13751.6    2.7e-07   29.7   0.5   5.7e-07   28.6   0.5   1.6   1   0   0   1   1   1   1 # 1294 # 2301 # 1 # ID=334_4;partial=00;start_type=ATG;rbs_motif=GGA/GAG/AGG;rbs_spacer=5-10bp;gc_cont=0.521	65290
NODE_609_length_4369_cov_5.13306_4  -          DDE_Tnp_4            PF13359.6    3.1e-09   35.5   0.1   7.3e-09   34.3   0.1   1.7   2   0   0   2   2   2   1 # 1294 # 2301 # 1 # ID=334_4;partial=00;start_type=ATG;rbs_motif=GGA/GAG/AGG;rbs_spacer=5-10bp;gc_cont=0.521	65290
NODE_609_length_4369_cov_5.13306_4  -          DUF772               PF05598.11   3.6e-19   67.4   0.1   7.3e-19   66.4   0.1   1.5   1   0   0   1   1   1   1 # 1294 # 2301 # 1 # ID=334_4;partial=00;start_type=ATG;rbs_motif=GGA/GAG/AGG;rbs_spacer=5-10bp;gc_cont=0.521	65290
NODE_609_length_4369_cov_5.13306_4  -          DDE_Tnp_1            PF01609.21   4.7e-41  139.6   1.3   7.4e-41  138.9   1.3   1.3   1   0   0   1   1   1   1 # 1294 # 2301 # 1 # ID=334_4;partial=00;start_type=ATG;rbs_motif=GGA/GAG/AGG;rbs_spacer=5-10bp;gc_cont=0.521	65281
NODE_609_length_4369_cov_5.13306_4  -          DDE_Tnp_1_2          PF13586.6    2.6e-08   32.9   0.2   5.5e-08   31.9   0.2   1.6   1   0   0   1   1   1   1 # 1294 # 2301 # 1 # ID=334_4;partial=00;start_type=ATG;rbs_motif=GGA/GAG/AGG;rbs_spacer=5-10bp;gc_cont=0.521	65281
NODE_609_length_4369_cov_5.13306_4  -          DDE_Tnp_1_3          PF13612.6    5.9e-09   34.9   0.0     1e-08   34.2   0.0   1.4   1   1   0   1   1   1   1 # 1294 # 2301 # 1 # ID=334_4;partial=00;start_type=ATG;rbs_motif=GGA/GAG/AGG;rbs_spacer=5-10bp;gc_cont=0.521	65281
NODE_609_length_4369_cov_5.13306_4  -          DDE_Tnp_1_6          PF13751.6    2.7e-07   29.7   0.5   5.7e-07   28.6   0.5   1.6   1   0   0   1   1   1   1 # 1294 # 2301 # 1 # ID=334_4;partial=00;start_type=ATG;rbs_motif=GGA/GAG/AGG;rbs_spacer=5-10bp;gc_cont=0.521	65281
NODE_609_length_4369_cov_5.13306_4  -          DDE_Tnp_4            PF13359.6    3.1e-09   35.5   0.1   7.3e-09   34.3   0.1   1.7   2   0   0   2   2   2   1 # 1294 # 2301 # 1 # ID=334_4;partial=00;start_type=ATG;rbs_motif=GGA/GAG/AGG;rbs_spacer=5-10bp;gc_cont=0.521	65281
NODE_609_length_4369_cov_5.13306_4  -          DUF772               PF05598.11   3.6e-19   67.4   0.1   7.3e-19   66.4   0.1   1.5   1   0   0   1   1   1   1 # 1294 # 2301 # 1 # ID=334_4;partial=00;start_type=ATG;rbs_motif=GGA/GAG/AGG;rbs_spacer=5-10bp;gc_cont=0.521	65281
NODE_609_length_4369_cov_5.13306_4  -          DDE_Tnp_1            PF01609.21   4.7e-41  139.6   1.3   7.4e-41  138.9   1.3   1.3   1   0   0   1   1   1   1 # 1294 # 2301 # 1 # ID=334_4;partial=00;start_type=ATG;rbs_motif=GGA/GAG/AGG;rbs_spacer=5-10bp;gc_cont=0.521	65281
NODE_609_length_4369_cov_5.13306_4  -          DDE_Tnp_1_2          PF13586.6    2.6e-08   32.9   0.2   5.5e-08   31.9   0.2   1.6   1   0   0   1   1   1   1 # 1294 # 2301 # 1 # ID=334_4;partial=00;start_type=ATG;rbs_motif=GGA/GAG/AGG;rbs_spacer=5-10bp;gc_cont=0.521	65281
NODE_609_length_4369_cov_5.13306_4  -          DDE_Tnp_1_3          PF13612.6    5.9e-09   34.9   0.0     1e-08   34.2   0.0   1.4   1   1   0   1   1   1   1 # 1294 # 2301 # 1 # ID=334_4;partial=00;start_type=ATG;rbs_motif=GGA/GAG/AGG;rbs_spacer=5-10bp;gc_cont=0.521	65281
NODE_609_length_4369_cov_5.13306_4  -          DDE_Tnp_1_6          PF13751.6    2.7e-07   29.7   0.5   5.7e-07   28.6   0.5   1.6   1   0   0   1   1   1   1 # 1294 # 2301 # 1 # ID=334_4;partial=00;start_type=ATG;rbs_motif=GGA/GAG/AGG;rbs_spacer=5-10bp;gc_cont=0.521	65281
NODE_609_length_4369_cov_5.13306_4  -          DDE_Tnp_4            PF13359.6    3.1e-09   35.5   0.1   7.3e-09   34.3   0.1   1.7   2   0   0   2   2   2   1 # 1294 # 2301 # 1 # ID=334_4;partial=00;start_type=ATG;rbs_motif=GGA/GAG/AGG;rbs_spacer=5-10bp;gc_cont=0.521	65281
NODE_609_length_4369_cov_5.13306_4  -          DUF772               PF05598.11   3.6e-19   67.4   0.1   7.3e-19   66.4   0.1   1.5   1   0   0   1   1   1   1 # 1294 # 2301 # 1 # ID=334_4;partial=00;start_type=ATG;rbs_motif=GGA/GAG/AGG;rbs_spacer=5-10bp;gc_cont=0.521	65281
NODE_640_length_4197_cov_57.8059_1  -          DDE_Tnp_ISL3         PF01610.17     7e-14   50.9   0.8     8e-14   50.7   0.8   1.1   1   0   0   1   1   1   1 # 1 # 189 # 1 # ID=348_1;partial=10;start_type=Edge;rbs_motif=None;rbs_spacer=None;gc_cont=0.381	4946994
NODE_643_length_4181_cov_7.33495_5  -          DDE_Tnp_IS240        PF13610.6    2.2e-06   26.8   0.0   2.6e-06   26.5   0.0   1.1   1   0   0   1   1   1   1 # 3686 # 4180 # -1 # ID=349_5;partial=01;start_type=Edge;rbs_motif=None;rbs_spacer=None;gc_cont=0.382	2339715
NODE_643_length_4181_cov_7.33495_5  -          DDE_Tnp_IS240        PF13610.6    2.2e-06   26.8   0.0   2.6e-06   26.5   0.0   1.1   1   0   0   1   1   1   1 # 3686 # 4180 # -1 # ID=349_5;partial=01;start_type=Edge;rbs_motif=None;rbs_spacer=None;gc_cont=0.382	75920
NODE_739_length_3794_cov_19.6689_2 -          OrfB_Zn_ribbon       PF07282.11   4.5e-08   31.7   0.0   1.4e-07   30.1   0.0   1.9   1   0   0   1   1   1   1 # 566 # 2062 # 1 # ID=390_2;partial=00;start_type=ATG;rbs_motif=AGGAG;rbs_spacer=3-4bp;gc_cont=0.271	1398668
NODE_739_length_3794_cov_19.6689_2 -          OrfB_Zn_ribbon       PF07282.11   4.5e-08   31.7   0.0   1.4e-07   30.1   0.0   1.9   1   0   0   1   1   1   1 # 566 # 2062 # 1 # ID=390_2;partial=00;start_type=ATG;rbs_motif=AGGAG;rbs_spacer=3-4bp;gc_cont=0.271	1398668
NODE_834_length_3505_cov_10.2043_1  -          DDE_Tnp_ISL3         PF01610.17   1.7e-23   82.4   1.2   1.7e-23   82.4   1.2   1.5   2   0   0   2   2   2   1 # 2 # 796 # -1 # ID=424_1;partial=10;start_type=ATG;rbs_motif=None;rbs_spacer=None;gc_cont=0.381	116909
NODE_834_length_3505_cov_10.2043_1  -          HTH_Tnp_ISL3         PF13542.6    7.7e-10   36.8   0.0   1.5e-09   35.9   0.0   1.5   1   0   0   1   1   1   1 # 2 # 796 # -1 # ID=424_1;partial=10;start_type=ATG;rbs_motif=None;rbs_spacer=None;gc_cont=0.381	116909
NODE_834_length_3505_cov_10.2043_1  -          zf-ISL3              PF14690.6    1.1e-11   44.0   2.0   2.1e-11   43.1   2.0   1.5   1   0   0   1   1   1   1 # 2 # 796 # -1 # ID=424_1;partial=10;start_type=ATG;rbs_motif=None;rbs_spacer=None;gc_cont=0.381	116909
NODE_834_length_3505_cov_10.2043_1  -          DDE_Tnp_ISL3         PF01610.17   1.7e-23   82.4   1.2   1.7e-23   82.4   1.2   1.5   2   0   0   2   2   2   1 # 2 # 796 # -1 # ID=424_1;partial=10;start_type=ATG;rbs_motif=None;rbs_spacer=None;gc_cont=0.381	57021
NODE_834_length_3505_cov_10.2043_1  -          HTH_Tnp_ISL3         PF13542.6    7.7e-10   36.8   0.0   1.5e-09   35.9   0.0   1.5   1   0   0   1   1   1   1 # 2 # 796 # -1 # ID=424_1;partial=10;start_type=ATG;rbs_motif=None;rbs_spacer=None;gc_cont=0.381	57021
NODE_834_length_3505_cov_10.2043_1  -          zf-ISL3              PF14690.6    1.1e-11   44.0   2.0   2.1e-11   43.1   2.0   1.5   1   0   0   1   1   1   1 # 2 # 796 # -1 # ID=424_1;partial=10;start_type=ATG;rbs_motif=None;rbs_spacer=None;gc_cont=0.381	57021
NODE_834_length_3505_cov_10.2043_1  -          DDE_Tnp_ISL3         PF01610.17   1.7e-23   82.4   1.2   1.7e-23   82.4   1.2   1.5   2   0   0   2   2   2   1 # 2 # 796 # -1 # ID=424_1;partial=10;start_type=ATG;rbs_motif=None;rbs_spacer=None;gc_cont=0.381	12889
NODE_834_length_3505_cov_10.2043_1  -          HTH_Tnp_ISL3         PF13542.6    7.7e-10   36.8   0.0   1.5e-09   35.9   0.0   1.5   1   0   0   1   1   1   1 # 2 # 796 # -1 # ID=424_1;partial=10;start_type=ATG;rbs_motif=None;rbs_spacer=None;gc_cont=0.381	12889
NODE_834_length_3505_cov_10.2043_1  -          zf-ISL3              PF14690.6    1.1e-11   44.0   2.0   2.1e-11   43.1   2.0   1.5   1   0   0   1   1   1   1 # 2 # 796 # -1 # ID=424_1;partial=10;start_type=ATG;rbs_motif=None;rbs_spacer=None;gc_cont=0.381	12889
NODE_834_length_3505_cov_10.2043_1  -          DDE_Tnp_ISL3         PF01610.17   1.7e-23   82.4   1.2   1.7e-23   82.4   1.2   1.5   2   0   0   2   2   2   1 # 2 # 796 # -1 # ID=424_1;partial=10;start_type=ATG;rbs_motif=None;rbs_spacer=None;gc_cont=0.381	6438768
NODE_834_length_3505_cov_10.2043_1  -          HTH_Tnp_ISL3         PF13542.6    7.7e-10   36.8   0.0   1.5e-09   35.9   0.0   1.5   1   0   0   1   1   1   1 # 2 # 796 # -1 # ID=424_1;partial=10;start_type=ATG;rbs_motif=None;rbs_spacer=None;gc_cont=0.381	6438768
NODE_834_length_3505_cov_10.2043_1  -          zf-ISL3              PF14690.6    1.1e-11   44.0   2.0   2.1e-11   43.1   2.0   1.5   1   0   0   1   1   1   1 # 2 # 796 # -1 # ID=424_1;partial=10;start_type=ATG;rbs_motif=None;rbs_spacer=None;gc_cont=0.381	6438768
NODE_850_length_3467_cov_59.0539_5  -          DDE_Tnp_ISL3         PF01610.17   1.4e-51  174.3   8.2   1.6e-51  174.1   8.2   1.0   1   0   0   1   1   1   1 # 2665 # 3465 # -1 # ID=432_5;partial=01;start_type=Edge;rbs_motif=None;rbs_spacer=None;gc_cont=0.370	1658805
NODE_850_length_3467_cov_59.0539_5  -          DDE_Tnp_ISL3         PF01610.17   1.4e-51  174.3   8.2   1.6e-51  174.1   8.2   1.0   1   0   0   1   1   1   1 # 2665 # 3465 # -1 # ID=432_5;partial=01;start_type=Edge;rbs_motif=None;rbs_spacer=None;gc_cont=0.370	101063
NODE_922_length_3293_cov_4.53243_3  -          DEDD_Tnp_IS110       PF01548.17   5.7e-22   77.0   5.2     1e-21   76.2   1.6   2.2   1   1   1   2   2   2   1 # 1858 # 2817 # 1 # ID=458_3;partial=00;start_type=ATG;rbs_motif=AGGA;rbs_spacer=5-10bp;gc_cont=0.489	32040
NODE_922_length_3293_cov_4.53243_3  -          Transposase_20       PF02371.16   3.1e-22   77.5   0.1   6.2e-22   76.5   0.1   1.5   1   0   0   1   1   1   1 # 1858 # 2817 # 1 # ID=458_3;partial=00;start_type=ATG;rbs_motif=AGGA;rbs_spacer=5-10bp;gc_cont=0.489	32040
NODE_1108_length_2912_cov_4.17151_2 -          DDE_Tnp_IS1595       PF12762.7    4.5e-49  165.2   0.3   6.4e-49  164.7   0.3   1.2   1   0   0   1   1   1   1 # 728 # 1819 # -1 # ID=519_2;partial=00;start_type=ATG;rbs_motif=None;rbs_spacer=None;gc_cont=0.375	160546
NODE_1108_length_2912_cov_4.17151_2 -          Zn_Tnp_IS1595        PF12760.7    1.4e-14   52.5   4.9   3.3e-14   51.4   4.9   1.7   1   0   0   1   1   1   1 # 728 # 1819 # -1 # ID=519_2;partial=00;start_type=ATG;rbs_motif=None;rbs_spacer=None;gc_cont=0.375	160546
NODE_1155_length_2841_cov_181.922_1 -          DDE_Tnp_ISL3         PF01610.17   3.9e-44  150.0   5.4   4.4e-44  149.8   5.4   1.0   1   0   0   1   1   1   1 # 3 # 671 # 1 # ID=535_1;partial=10;start_type=Edge;rbs_motif=None;rbs_spacer=None;gc_cont=0.377	58351
NODE_1155_length_2841_cov_181.922_1 -          DDE_Tnp_ISL3         PF01610.17   3.9e-44  150.0   5.4   4.4e-44  149.8   5.4   1.0   1   0   0   1   1   1   1 # 3 # 671 # 1 # ID=535_1;partial=10;start_type=Edge;rbs_motif=None;rbs_spacer=None;gc_cont=0.377	58351
NODE_1158_length_2839_cov_38.9458_2 -          DDE_Tnp_ISL3         PF01610.17   2.2e-22   78.8   6.9   2.5e-22   78.6   6.9   1.0   1   0   0   1   1   1   1 # 1868 # 2377 # 1 # ID=536_2;partial=00;start_type=ATG;rbs_motif=TACAA;rbs_spacer=15bp;gc_cont=0.369	6438765
NODE_1424_length_2532_cov_38.1546_2 -          PDDEXK_2             PF12784.7    3.4e-21   74.7   2.4   4.5e-21   74.2   2.4   1.2   1   0   0   1   1   1   1 # 234 # 1169 # 1 # ID=620_2;partial=00;start_type=TTG;rbs_motif=AGGAG;rbs_spacer=5-10bp;gc_cont=0.444	4170793
NODE_1424_length_2532_cov_38.1546_2 -          PDDEXK_2             PF12784.7    3.4e-21   74.7   2.4   4.5e-21   74.2   2.4   1.2   1   0   0   1   1   1   1 # 234 # 1169 # 1 # ID=620_2;partial=00;start_type=TTG;rbs_motif=AGGAG;rbs_spacer=5-10bp;gc_cont=0.444	4170793
NODE_1448_length_2502_cov_90.7552_1 -          DDE_Tnp_ISL3         PF01610.17     5e-43  146.3   4.7   5.7e-43  146.1   4.7   1.0   1   0   0   1   1   1   1 # 2 # 637 # 1 # ID=629_1;partial=10;start_type=Edge;rbs_motif=None;rbs_spacer=None;gc_cont=0.363	1703874
NODE_1472_length_2475_cov_6.5343_1  -          MULE                 PF10551.9    9.7e-08   31.1   0.3   2.4e-07   29.9   0.3   1.7   1   0   0   1   1   1   1 # 274 # 1386 # 1 # ID=636_1;partial=00;start_type=ATG;rbs_motif=GGAGG;rbs_spacer=5-10bp;gc_cont=0.375	2330880
NODE_1472_length_2475_cov_6.5343_1  -          Transposase_mut      PF00872.18   3.2e-09   34.9   0.1   4.8e-09   34.3   0.1   1.2   1   0   0   1   1   1   1 # 274 # 1386 # 1 # ID=636_1;partial=00;start_type=ATG;rbs_motif=GGAGG;rbs_spacer=5-10bp;gc_cont=0.375	2330880
NODE_1652_length_2311_cov_6.74246_2 -          DDE_Tnp_ISL3         PF01610.17   6.5e-39  132.9   5.3   7.4e-39  132.7   5.3   1.0   1   0   0   1   1   1   1 # 1723 # 2310 # -1 # ID=674_2;partial=01;start_type=Edge;rbs_motif=None;rbs_spacer=None;gc_cont=0.386	288664
NODE_1652_length_2311_cov_6.74246_1 -          DEDD_Tnp_IS110       PF01548.17   6.6e-29   99.6   0.1   6.6e-29   99.6   0.1   1.9   3   0   0   3   3   3   1 # 249 # 1529 # -1 # ID=674_1;partial=00;start_type=ATG;rbs_motif=4Base/6BMM;rbs_spacer=13-15bp;gc_cont=0.400	288664
NODE_1652_length_2311_cov_6.74246_1 -          Transposase_20       PF02371.16   1.1e-21   75.8   0.0   2.2e-21   74.7   0.0   1.6   1   0   0   1   1   1   1 # 249 # 1529 # -1 # ID=674_1;partial=00;start_type=ATG;rbs_motif=4Base/6BMM;rbs_spacer=13-15bp;gc_cont=0.400	288664
NODE_1652_length_2311_cov_6.74246_2 -          DDE_Tnp_ISL3         PF01610.17   6.5e-39  132.9   5.3   7.4e-39  132.7   5.3   1.0   1   0   0   1   1   1   1 # 1723 # 2310 # -1 # ID=674_2;partial=01;start_type=Edge;rbs_motif=None;rbs_spacer=None;gc_cont=0.386	36764
NODE_1652_length_2311_cov_6.74246_1 -          DEDD_Tnp_IS110       PF01548.17   6.6e-29   99.6   0.1   6.6e-29   99.6   0.1   1.9   3   0   0   3   3   3   1 # 249 # 1529 # -1 # ID=674_1;partial=00;start_type=ATG;rbs_motif=4Base/6BMM;rbs_spacer=13-15bp;gc_cont=0.400	36764
NODE_1652_length_2311_cov_6.74246_1 -          Transposase_20       PF02371.16   1.1e-21   75.8   0.0   2.2e-21   74.7   0.0   1.6   1   0   0   1   1   1   1 # 249 # 1529 # -1 # ID=674_1;partial=00;start_type=ATG;rbs_motif=4Base/6BMM;rbs_spacer=13-15bp;gc_cont=0.400	36764
NODE_1652_length_2311_cov_6.74246_2 -          DDE_Tnp_ISL3         PF01610.17   6.5e-39  132.9   5.3   7.4e-39  132.7   5.3   1.0   1   0   0   1   1   1   1 # 1723 # 2310 # -1 # ID=674_2;partial=01;start_type=Edge;rbs_motif=None;rbs_spacer=None;gc_cont=0.386	36764
NODE_1652_length_2311_cov_6.74246_1 -          DEDD_Tnp_IS110       PF01548.17   6.6e-29   99.6   0.1   6.6e-29   99.6   0.1   1.9   3   0   0   3   3   3   1 # 249 # 1529 # -1 # ID=674_1;partial=00;start_type=ATG;rbs_motif=4Base/6BMM;rbs_spacer=13-15bp;gc_cont=0.400	36764
NODE_1652_length_2311_cov_6.74246_1 -          Transposase_20       PF02371.16   1.1e-21   75.8   0.0   2.2e-21   74.7   0.0   1.6   1   0   0   1   1   1   1 # 249 # 1529 # -1 # ID=674_1;partial=00;start_type=ATG;rbs_motif=4Base/6BMM;rbs_spacer=13-15bp;gc_cont=0.400	36764
NODE_1689_length_2285_cov_68.5744_1 -          PDDEXK_2             PF12784.7    2.9e-20   71.6   1.5     4e-20   71.1   1.5   1.2   1   0   0   1   1   1   1 # 192 # 1127 # -1 # ID=682_1;partial=00;start_type=ATG;rbs_motif=AGGAG;rbs_spacer=5-10bp;gc_cont=0.434	1431707
NODE_1689_length_2285_cov_68.5744_1 -          PDDEXK_2             PF12784.7    2.9e-20   71.6   1.5     4e-20   71.1   1.5   1.2   1   0   0   1   1   1   1 # 192 # 1127 # -1 # ID=682_1;partial=00;start_type=ATG;rbs_motif=AGGAG;rbs_spacer=5-10bp;gc_cont=0.434	402356
NODE_1689_length_2285_cov_68.5744_1 -          PDDEXK_2             PF12784.7    2.9e-20   71.6   1.5     4e-20   71.1   1.5   1.2   1   0   0   1   1   1   1 # 192 # 1127 # -1 # ID=682_1;partial=00;start_type=ATG;rbs_motif=AGGAG;rbs_spacer=5-10bp;gc_cont=0.434	785184
NODE_1692_length_2283_cov_8.01885_1 -          DDE_Tnp_1            PF01609.21     6e-09   34.7   0.1   1.2e-08   33.7   0.1   1.4   1   0   0   1   1   1   1 # 80 # 1822 # 1 # ID=684_1;partial=00;start_type=ATG;rbs_motif=None;rbs_spacer=None;gc_cont=0.279	2371969
NODE_1869_length_2138_cov_3.98944_2 -          DDE_Tnp_1            PF01609.21     6e-38  129.4   0.1   9.5e-38  128.8   0.1   1.3   1   0   0   1   1   1   1 # 1053 # 2138 # -1 # ID=730_2;partial=01;start_type=Edge;rbs_motif=None;rbs_spacer=None;gc_cont=0.521	118949
NODE_1869_length_2138_cov_3.98944_2 -          DDE_Tnp_1_3          PF13612.6    2.8e-08   32.7   0.0     6e-08   31.6   0.0   1.6   1   0   0   1   1   1   1 # 1053 # 2138 # -1 # ID=730_2;partial=01;start_type=Edge;rbs_motif=None;rbs_spacer=None;gc_cont=0.521	118949
NODE_1869_length_2138_cov_3.98944_2 -          DDE_Tnp_1_6          PF13751.6    1.2e-07   30.7   0.1   1.2e-07   30.7   0.1   1.8   2   0   0   2   2   2   1 # 1053 # 2138 # -1 # ID=730_2;partial=01;start_type=Edge;rbs_motif=None;rbs_spacer=None;gc_cont=0.521	118949
NODE_1869_length_2138_cov_3.98944_2 -          DDE_Tnp_4            PF13359.6    1.7e-10   39.6   0.0   2.7e-10   38.9   0.0   1.3   1   0   0   1   1   1   1 # 1053 # 2138 # -1 # ID=730_2;partial=01;start_type=Edge;rbs_motif=None;rbs_spacer=None;gc_cont=0.521	118949
NODE_1869_length_2138_cov_3.98944_2 -          DUF772               PF05598.11   1.5e-20   71.8   1.4   6.3e-20   69.8   0.1   2.4   2   0   0   2   2   2   1 # 1053 # 2138 # -1 # ID=730_2;partial=01;start_type=Edge;rbs_motif=None;rbs_spacer=None;gc_cont=0.521	118949
NODE_1869_length_2138_cov_3.98944_2 -          DDE_Tnp_1            PF01609.21     6e-38  129.4   0.1   9.5e-38  128.8   0.1   1.3   1   0   0   1   1   1   1 # 1053 # 2138 # -1 # ID=730_2;partial=01;start_type=Edge;rbs_motif=None;rbs_spacer=None;gc_cont=0.521	415472
NODE_1869_length_2138_cov_3.98944_2 -          DDE_Tnp_1_3          PF13612.6    2.8e-08   32.7   0.0     6e-08   31.6   0.0   1.6   1   0   0   1   1   1   1 # 1053 # 2138 # -1 # ID=730_2;partial=01;start_type=Edge;rbs_motif=None;rbs_spacer=None;gc_cont=0.521	415472
NODE_1869_length_2138_cov_3.98944_2 -          DDE_Tnp_1_6          PF13751.6    1.2e-07   30.7   0.1   1.2e-07   30.7   0.1   1.8   2   0   0   2   2   2   1 # 1053 # 2138 # -1 # ID=730_2;partial=01;start_type=Edge;rbs_motif=None;rbs_spacer=None;gc_cont=0.521	415472
NODE_1869_length_2138_cov_3.98944_2 -          DDE_Tnp_4            PF13359.6    1.7e-10   39.6   0.0   2.7e-10   38.9   0.0   1.3   1   0   0   1   1   1   1 # 1053 # 2138 # -1 # ID=730_2;partial=01;start_type=Edge;rbs_motif=None;rbs_spacer=None;gc_cont=0.521	415472
NODE_1869_length_2138_cov_3.98944_2 -          DUF772               PF05598.11   1.5e-20   71.8   1.4   6.3e-20   69.8   0.1   2.4   2   0   0   2   2   2   1 # 1053 # 2138 # -1 # ID=730_2;partial=01;start_type=Edge;rbs_motif=None;rbs_spacer=None;gc_cont=0.521	415472
NODE_1954_length_2077_cov_17.2794_2 -          DDE_Tnp_ISL3         PF01610.17   6.1e-50  169.0   7.2   7.6e-50  168.6   7.2   1.0   1   0   0   1   1   1   1 # 430 # 1191 # 1 # ID=746_2;partial=00;start_type=ATG;rbs_motif=None;rbs_spacer=None;gc_cont=0.370	1228526
NODE_1954_length_2077_cov_17.2794_1 -          HTH_Tnp_ISL3         PF13542.6    4.2e-10   37.7   0.0   5.8e-10   37.2   0.0   1.2   1   0   0   1   1   1   1 # 1 # 402 # 1 # ID=746_1;partial=10;start_type=Edge;rbs_motif=None;rbs_spacer=None;gc_cont=0.391	1228526
NODE_1954_length_2077_cov_17.2794_1 -          zf-ISL3              PF14690.6    2.3e-12   46.2   0.6   3.7e-12   45.5   0.6   1.4   1   0   0   1   1   1   1 # 1 # 402 # 1 # ID=746_1;partial=10;start_type=Edge;rbs_motif=None;rbs_spacer=None;gc_cont=0.391	1228526
NODE_2145_length_1942_cov_8.85162_3 -          DDE_Tnp_IS240        PF13610.6    1.7e-07   30.3   0.7   2.5e-07   29.8   0.1   1.5   2   0   0   2   2   2   1 # 551 # 1312 # 1 # ID=795_3;partial=00;start_type=ATG;rbs_motif=None;rbs_spacer=None;gc_cont=0.375	777115
NODE_2145_length_1942_cov_8.85162_2 -          HTH_Tnp_1            PF01527.20   2.4e-06   26.6   0.4     1e-05   24.6   0.4   2.0   1   1   0   1   1   1   1 # 135 # 509 # 1 # ID=795_2;partial=00;start_type=ATG;rbs_motif=GGAG/GAGG;rbs_spacer=5-10bp;gc_cont=0.376	777115
NODE_2148_length_1940_cov_38.4101_1 -          DDE_Tnp_ISL3         PF01610.17   8.2e-51  171.8   5.8   9.3e-51  171.6   5.8   1.0   1   0   0   1   1   1   1 # 126 # 923 # -1 # ID=796_1;partial=00;start_type=ATG;rbs_motif=None;rbs_spacer=None;gc_cont=0.371	101063
NODE_2148_length_1940_cov_38.4101_2 -          HTH_Tnp_ISL3         PF13542.6    6.2e-07   27.5   0.0   1.1e-06   26.7   0.0   1.4   1   0   0   1   1   1   1 # 884 # 1348 # -1 # ID=796_2;partial=00;start_type=ATG;rbs_motif=TAGAA;rbs_spacer=8bp;gc_cont=0.376	101063
NODE_2148_length_1940_cov_38.4101_2 -          zf-ISL3              PF14690.6    1.4e-12   46.8   1.2   2.8e-12   45.9   1.2   1.5   1   0   0   1   1   1   1 # 884 # 1348 # -1 # ID=796_2;partial=00;start_type=ATG;rbs_motif=TAGAA;rbs_spacer=8bp;gc_cont=0.376	101063
NODE_2148_length_1940_cov_38.4101_1 -          DDE_Tnp_ISL3         PF01610.17   8.2e-51  171.8   5.8   9.3e-51  171.6   5.8   1.0   1   0   0   1   1   1   1 # 126 # 923 # -1 # ID=796_1;partial=00;start_type=ATG;rbs_motif=None;rbs_spacer=None;gc_cont=0.371	536896
NODE_2148_length_1940_cov_38.4101_2 -          HTH_Tnp_ISL3         PF13542.6    6.2e-07   27.5   0.0   1.1e-06   26.7   0.0   1.4   1   0   0   1   1   1   1 # 884 # 1348 # -1 # ID=796_2;partial=00;start_type=ATG;rbs_motif=TAGAA;rbs_spacer=8bp;gc_cont=0.376	536896
NODE_2148_length_1940_cov_38.4101_2 -          zf-ISL3              PF14690.6    1.4e-12   46.8   1.2   2.8e-12   45.9   1.2   1.5   1   0   0   1   1   1   1 # 884 # 1348 # -1 # ID=796_2;partial=00;start_type=ATG;rbs_motif=TAGAA;rbs_spacer=8bp;gc_cont=0.376	536896
NODE_2282_length_1862_cov_15.7648_2 -          DDE_Tnp_1            PF01609.21   7.7e-07   27.8   3.6   2.9e-06   25.9   3.3   2.0   1   1   1   2   2   2   1 # 1004 # 1861 # 1 # ID=823_2;partial=01;start_type=ATG;rbs_motif=AGxAGG/AGGxGG;rbs_spacer=5-10bp;gc_cont=0.280	6387531
NODE_2282_length_1862_cov_15.7648_2 -          DUF772               PF05598.11   7.8e-19   66.3   0.0   1.3e-18   65.5   0.0   1.4   1   0   0   1   1   1   1 # 1004 # 1861 # 1 # ID=823_2;partial=01;start_type=ATG;rbs_motif=AGxAGG/AGGxGG;rbs_spacer=5-10bp;gc_cont=0.280	6387531
NODE_2385_length_1807_cov_2.33105_1 -          DDE_Tnp_ISL3         PF01610.17   1.7e-18   66.0   0.4   1.8e-18   65.9   0.4   1.0   1   0   0   1   1   1   1 # 1 # 318 # 1 # ID=838_1;partial=10;start_type=Edge;rbs_motif=None;rbs_spacer=None;gc_cont=0.362	112300
NODE_2390_length_1804_cov_20.9205_1 -          PDDEXK_2             PF12784.7    2.5e-21   75.0   1.7   3.3e-21   74.7   1.7   1.2   1   0   0   1   1   1   1 # 656 # 1531 # 1 # ID=840_1;partial=00;start_type=ATG;rbs_motif=AGGAG;rbs_spacer=5-10bp;gc_cont=0.430	785184
NODE_2579_length_1711_cov_3.27717_2 -          DDE_Tnp_IS1595       PF12762.7      1e-35  121.8   0.1   1.2e-35  121.6   0.1   1.0   1   0   0   1   1   1   1 # 336 # 848 # -1 # ID=872_2;partial=00;start_type=ATG;rbs_motif=None;rbs_spacer=None;gc_cont=0.464	36866
NODE_2650_length_1676_cov_34.5898_1 -          DDE_Tnp_ISL3         PF01610.17     2e-51  173.8   6.7   3.5e-51  173.0   6.7   1.4   1   0   0   1   1   1   1 # 263 # 1519 # 1 # ID=892_1;partial=00;start_type=ATG;rbs_motif=None;rbs_spacer=None;gc_cont=0.379	28853
NODE_2650_length_1676_cov_34.5898_1 -          HTH_Tnp_ISL3         PF13542.6    9.1e-10   36.6   0.0   1.6e-09   35.8   0.0   1.4   1   0   0   1   1   1   1 # 263 # 1519 # 1 # ID=892_1;partial=00;start_type=ATG;rbs_motif=None;rbs_spacer=None;gc_cont=0.379	28853
NODE_2650_length_1676_cov_34.5898_1 -          zf-ISL3              PF14690.6      2e-12   46.4   0.9   4.4e-12   45.3   0.9   1.6   1   0   0   1   1   1   1 # 263 # 1519 # 1 # ID=892_1;partial=00;start_type=ATG;rbs_motif=None;rbs_spacer=None;gc_cont=0.379	28853
NODE_2650_length_1676_cov_34.5898_1 -          DDE_Tnp_ISL3         PF01610.17     2e-51  173.8   6.7   3.5e-51  173.0   6.7   1.4   1   0   0   1   1   1   1 # 263 # 1519 # 1 # ID=892_1;partial=00;start_type=ATG;rbs_motif=None;rbs_spacer=None;gc_cont=0.379	966308
NODE_2650_length_1676_cov_34.5898_1 -          HTH_Tnp_ISL3         PF13542.6    9.1e-10   36.6   0.0   1.6e-09   35.8   0.0   1.4   1   0   0   1   1   1   1 # 263 # 1519 # 1 # ID=892_1;partial=00;start_type=ATG;rbs_motif=None;rbs_spacer=None;gc_cont=0.379	966308
NODE_2650_length_1676_cov_34.5898_1 -          zf-ISL3              PF14690.6      2e-12   46.4   0.9   4.4e-12   45.3   0.9   1.6   1   0   0   1   1   1   1 # 263 # 1519 # 1 # ID=892_1;partial=00;start_type=ATG;rbs_motif=None;rbs_spacer=None;gc_cont=0.379	966308
NODE_2650_length_1676_cov_34.5898_1 -          DDE_Tnp_ISL3         PF01610.17     2e-51  173.8   6.7   3.5e-51  173.0   6.7   1.4   1   0   0   1   1   1   1 # 263 # 1519 # 1 # ID=892_1;partial=00;start_type=ATG;rbs_motif=None;rbs_spacer=None;gc_cont=0.379	994851
NODE_2650_length_1676_cov_34.5898_1 -          HTH_Tnp_ISL3         PF13542.6    9.1e-10   36.6   0.0   1.6e-09   35.8   0.0   1.4   1   0   0   1   1   1   1 # 263 # 1519 # 1 # ID=892_1;partial=00;start_type=ATG;rbs_motif=None;rbs_spacer=None;gc_cont=0.379	994851
NODE_2650_length_1676_cov_34.5898_1 -          zf-ISL3              PF14690.6      2e-12   46.4   0.9   4.4e-12   45.3   0.9   1.6   1   0   0   1   1   1   1 # 263 # 1519 # 1 # ID=892_1;partial=00;start_type=ATG;rbs_motif=None;rbs_spacer=None;gc_cont=0.379	994851
NODE_2650_length_1676_cov_34.5898_1 -          DDE_Tnp_ISL3         PF01610.17     2e-51  173.8   6.7   3.5e-51  173.0   6.7   1.4   1   0   0   1   1   1   1 # 263 # 1519 # 1 # ID=892_1;partial=00;start_type=ATG;rbs_motif=None;rbs_spacer=None;gc_cont=0.379	668427
NODE_2650_length_1676_cov_34.5898_1 -          HTH_Tnp_ISL3         PF13542.6    9.1e-10   36.6   0.0   1.6e-09   35.8   0.0   1.4   1   0   0   1   1   1   1 # 263 # 1519 # 1 # ID=892_1;partial=00;start_type=ATG;rbs_motif=None;rbs_spacer=None;gc_cont=0.379	668427
NODE_2650_length_1676_cov_34.5898_1 -          zf-ISL3              PF14690.6      2e-12   46.4   0.9   4.4e-12   45.3   0.9   1.6   1   0   0   1   1   1   1 # 263 # 1519 # 1 # ID=892_1;partial=00;start_type=ATG;rbs_motif=None;rbs_spacer=None;gc_cont=0.379	668427
NODE_2660_length_1668_cov_7.94854_1 -          DDE_Tnp_1            PF01609.21   3.7e-19   68.0   1.6   1.1e-18   66.4   1.6   1.8   1   1   0   1   1   1   1 # 220 # 1605 # 1 # ID=894_1;partial=00;start_type=ATG;rbs_motif=GGAG/GAGG;rbs_spacer=5-10bp;gc_cont=0.385	2895090
NODE_2660_length_1668_cov_7.94854_1 -          DDE_Tnp_1_6          PF13751.6    8.6e-21   73.3   6.6   1.8e-20   72.3   6.6   1.5   1   0   0   1   1   1   1 # 220 # 1605 # 1 # ID=894_1;partial=00;start_type=ATG;rbs_motif=GGAG/GAGG;rbs_spacer=5-10bp;gc_cont=0.385	2895090
NODE_2660_length_1668_cov_7.94854_1 -          DUF772               PF05598.11   1.4e-21   75.1   0.0     3e-21   74.0   0.0   1.6   1   0   0   1   1   1   1 # 220 # 1605 # 1 # ID=894_1;partial=00;start_type=ATG;rbs_motif=GGAG/GAGG;rbs_spacer=5-10bp;gc_cont=0.385	2895090
NODE_2725_length_1640_cov_41.1868_2 -          DDE_Tnp_ISL3         PF01610.17   6.6e-18   64.1   0.7   7.5e-18   63.9   0.7   1.1   1   0   0   1   1   1   1 # 1408 # 1638 # -1 # ID=903_2;partial=01;start_type=Edge;rbs_motif=None;rbs_spacer=None;gc_cont=0.346	1104569
NODE_2725_length_1640_cov_41.1868_2 -          DDE_Tnp_ISL3         PF01610.17   6.6e-18   64.1   0.7   7.5e-18   63.9   0.7   1.1   1   0   0   1   1   1   1 # 1408 # 1638 # -1 # ID=903_2;partial=01;start_type=Edge;rbs_motif=None;rbs_spacer=None;gc_cont=0.346	4965938
NODE_2725_length_1640_cov_41.1868_2 -          DDE_Tnp_ISL3         PF01610.17   6.6e-18   64.1   0.7   7.5e-18   63.9   0.7   1.1   1   0   0   1   1   1   1 # 1408 # 1638 # -1 # ID=903_2;partial=01;start_type=Edge;rbs_motif=None;rbs_spacer=None;gc_cont=0.346	2401329
NODE_2819_length_1603_cov_107.215_1 -          DDE_Tnp_1            PF01609.21   1.6e-17   62.6   2.7   3.5e-17   61.5   2.7   1.5   1   1   0   1   1   1   1 # 64 # 1521 # 1 # ID=918_1;partial=00;start_type=ATG;rbs_motif=GGAG/GAGG;rbs_spacer=5-10bp;gc_cont=0.377	913333
NODE_2819_length_1603_cov_107.215_1 -          DDE_Tnp_1_3          PF13612.6    2.8e-06   26.2   0.2     2e-05   23.4   0.0   2.3   3   0   0   3   3   3   1 # 64 # 1521 # 1 # ID=918_1;partial=00;start_type=ATG;rbs_motif=GGAG/GAGG;rbs_spacer=5-10bp;gc_cont=0.377	913333
NODE_2819_length_1603_cov_107.215_1 -          DDE_Tnp_1_6          PF13751.6    1.9e-14   52.8   2.8     5e-14   51.4   2.7   1.8   2   0   0   2   2   2   1 # 64 # 1521 # 1 # ID=918_1;partial=00;start_type=ATG;rbs_motif=GGAG/GAGG;rbs_spacer=5-10bp;gc_cont=0.377	913333
NODE_2819_length_1603_cov_107.215_1 -          DUF772               PF05598.11   1.1e-16   59.4   0.0   2.4e-16   58.3   0.0   1.6   1   0   0   1   1   1   1 # 64 # 1521 # 1 # ID=918_1;partial=00;start_type=ATG;rbs_motif=GGAG/GAGG;rbs_spacer=5-10bp;gc_cont=0.377	913333
NODE_3237_length_1461_cov_2.90541_1 -          MULE                 PF10551.9    1.2e-07   30.8   0.1   4.4e-07   29.1   0.1   2.1   1   0   0   1   1   1   1 # 57 # 1175 # -1 # ID=979_1;partial=00;start_type=ATG;rbs_motif=AGGAG;rbs_spacer=5-10bp;gc_cont=0.358	1746087
NODE_3237_length_1461_cov_2.90541_1 -          Transposase_mut      PF00872.18   9.9e-08   30.0   0.1   1.5e-07   29.4   0.1   1.2   1   0   0   1   1   1   1 # 57 # 1175 # -1 # ID=979_1;partial=00;start_type=ATG;rbs_motif=AGGAG;rbs_spacer=5-10bp;gc_cont=0.358	1746087
NODE_3376_length_1424_cov_63.8291_2 -          PDDEXK_2             PF12784.7    9.6e-22   76.4   0.5   1.3e-21   76.0   0.5   1.2   1   0   0   1   1   1   1 # 554 # 1192 # -1 # ID=994_2;partial=00;start_type=ATG;rbs_motif=AGGAG;rbs_spacer=5-10bp;gc_cont=0.423	163404
NODE_4515_length_1184_cov_2.63773_1 -          HTH_Tnp_ISL3         PF13542.6    1.3e-06   26.5   0.0   2.6e-06   25.5   0.0   1.5   2   0   0   2   2   2   1 # 2 # 295 # 1 # ID=1138_1;partial=10;start_type=Edge;rbs_motif=None;rbs_spacer=None;gc_cont=0.388	360089
NODE_4694_length_1156_cov_235.082_2 -          DDE_Tnp_ISL3         PF01610.17   1.7e-25   89.0   4.1   1.9e-25   88.8   4.1   1.0   1   0   0   1   1   1   1 # 636 # 1154 # -1 # ID=1162_2;partial=01;start_type=Edge;rbs_motif=None;rbs_spacer=None;gc_cont=0.385	176607
NODE_5465_length_1048_cov_1.9285_2  -          Y1_Tnp               PF01797.16   1.5e-37  127.2   0.2   1.7e-37  127.0   0.2   1.1   1   0   0   1   1   1   1 # 445 # 918 # -1 # ID=1225_2;partial=00;start_type=ATG;rbs_motif=AGGAG;rbs_spacer=5-10bp;gc_cont=0.342	196552
NODE_6719_length_917_cov_3.36891_1  -          zf-ISL3              PF14690.6    1.1e-10   40.8   0.5   1.9e-10   40.1   0.5   1.4   1   0   0   1   1   1   1 # 186 # 785 # 1 # ID=1333_1;partial=00;start_type=ATG;rbs_motif=TAAA;rbs_spacer=7bp;gc_cont=0.377	12889
NODE_6719_length_917_cov_3.36891_1  -          zf-ISL3              PF14690.6    1.1e-10   40.8   0.5   1.9e-10   40.1   0.5   1.4   1   0   0   1   1   1   1 # 186 # 785 # 1 # ID=1333_1;partial=00;start_type=ATG;rbs_motif=TAAA;rbs_spacer=7bp;gc_cont=0.377	176607
NODE_7508_length_856_cov_46.6342_2  -          HTH_Tnp_IS630        PF01710.16   8.8e-27   92.3   0.1   9.6e-27   92.2   0.1   1.0   1   0   0   1   1   1   1 # 454 # 804 # -1 # ID=1396_2;partial=00;start_type=ATG;rbs_motif=None;rbs_spacer=None;gc_cont=0.436	9754
NODE_7604_length_849_cov_25.5529_1  -          DDE_Tnp_IS240        PF13610.6      4e-06   25.9   0.0   6.3e-06   25.3   0.0   1.3   1   0   0   1   1   1   1 # 3 # 533 # 1 # ID=1404_1;partial=10;start_type=Edge;rbs_motif=None;rbs_spacer=None;gc_cont=0.363	2411559
NODE_8260_length_807_cov_5.55585_1  -          Y1_Tnp               PF01797.16   3.8e-39  132.3   0.6   4.5e-39  132.1   0.6   1.1   1   0   0   1   1   1   1 # 152 # 622 # 1 # ID=1450_1;partial=00;start_type=ATG;rbs_motif=AGGAG;rbs_spacer=5-10bp;gc_cont=0.321	597614
NODE_8351_length_800_cov_4.44161_1  -          DDE_Tnp_ISL3         PF01610.17   3.8e-23   81.2   4.0   4.7e-23   80.9   4.0   1.1   1   0   0   1   1   1   1 # 3 # 587 # 1 # ID=1460_1;partial=10;start_type=Edge;rbs_motif=None;rbs_spacer=None;gc_cont=0.263	4930795
NODE_8427_length_796_cov_13.7854_1  -          PDDEXK_2             PF12784.7      3e-07   29.0   0.6   3.8e-07   28.7   0.6   1.2   1   0   0   1   1   1   1 # 2 # 574 # 1 # ID=1465_1;partial=10;start_type=Edge;rbs_motif=None;rbs_spacer=None;gc_cont=0.445	57962
NODE_8427_length_796_cov_13.7854_1  -          PDDEXK_2             PF12784.7      3e-07   29.0   0.6   3.8e-07   28.7   0.6   1.2   1   0   0   1   1   1   1 # 2 # 574 # 1 # ID=1465_1;partial=10;start_type=Edge;rbs_motif=None;rbs_spacer=None;gc_cont=0.445	41448
NODE_8832_length_772_cov_4.2636_1   -          DDE_Tnp_IS240        PF13610.6    1.8e-07   30.3   0.0   2.7e-07   29.7   0.0   1.2   1   0   0   1   1   1   1 # 183 # 770 # -1 # ID=1489_1;partial=01;start_type=Edge;rbs_motif=None;rbs_spacer=None;gc_cont=0.519	31262
NODE_9362_length_745_cov_601.2_1    -          DDE_Tnp_ISL3         PF01610.17   1.1e-25   89.5   1.3   1.1e-25   89.5   1.3   1.6   2   0   0   2   2   2   1 # 1 # 744 # 1 # ID=1521_1;partial=11;start_type=Edge;rbs_motif=None;rbs_spacer=None;gc_cont=0.401	344248
NODE_9362_length_745_cov_601.2_1    -          HTH_Tnp_ISL3         PF13542.6    1.9e-10   38.8   0.0   3.7e-10   37.9   0.0   1.5   1   0   0   1   1   1   1 # 1 # 744 # 1 # ID=1521_1;partial=11;start_type=Edge;rbs_motif=None;rbs_spacer=None;gc_cont=0.401	344248
NODE_9362_length_745_cov_601.2_1    -          zf-ISL3              PF14690.6      9e-12   44.3   1.8   1.7e-11   43.4   1.8   1.5   1   0   0   1   1   1   1 # 1 # 744 # 1 # ID=1521_1;partial=11;start_type=Edge;rbs_motif=None;rbs_spacer=None;gc_cont=0.401	344248
NODE_9362_length_745_cov_601.2_1    -          DDE_Tnp_ISL3         PF01610.17   1.1e-25   89.5   1.3   1.1e-25   89.5   1.3   1.6   2   0   0   2   2   2   1 # 1 # 744 # 1 # ID=1521_1;partial=11;start_type=Edge;rbs_motif=None;rbs_spacer=None;gc_cont=0.401	994851
NODE_9362_length_745_cov_601.2_1    -          HTH_Tnp_ISL3         PF13542.6    1.9e-10   38.8   0.0   3.7e-10   37.9   0.0   1.5   1   0   0   1   1   1   1 # 1 # 744 # 1 # ID=1521_1;partial=11;start_type=Edge;rbs_motif=None;rbs_spacer=None;gc_cont=0.401	994851
NODE_9362_length_745_cov_601.2_1    -          zf-ISL3              PF14690.6      9e-12   44.3   1.8   1.7e-11   43.4   1.8   1.5   1   0   0   1   1   1   1 # 1 # 744 # 1 # ID=1521_1;partial=11;start_type=Edge;rbs_motif=None;rbs_spacer=None;gc_cont=0.401	994851
NODE_10161_length_708_cov_2.30168_1 -          DDE_Tnp_1            PF01609.21   1.5e-07   30.1   0.1   2.3e-07   29.5   0.1   1.3   1   0   0   1   1   1   1 # 3 # 707 # 1 # ID=1566_1;partial=11;start_type=Edge;rbs_motif=None;rbs_spacer=None;gc_cont=0.382	6438761
NODE_11076_length_672_cov_2.67747_1 -          MULE                 PF10551.9    4.7e-07   29.0   0.0   9.5e-07   28.0   0.0   1.5   1   0   0   1   1   1   1 # 222 # 671 # 1 # ID=1606_1;partial=01;start_type=TTG;rbs_motif=None;rbs_spacer=None;gc_cont=0.384	27991
NODE_11076_length_672_cov_2.67747_1 -          Transposase_mut      PF00872.18   3.6e-53  179.6   0.3   3.9e-53  179.5   0.3   1.0   1   0   0   1   1   1   1 # 222 # 671 # 1 # ID=1606_1;partial=01;start_type=TTG;rbs_motif=None;rbs_spacer=None;gc_cont=0.384	27991
NODE_11506_length_655_cov_9.69833_1 -          Y1_Tnp               PF01797.16   1.7e-36  123.8   0.9     2e-36  123.5   0.9   1.1   1   0   0   1   1   1   1 # 3 # 419 # 1 # ID=1630_1;partial=10;start_type=Edge;rbs_motif=None;rbs_spacer=None;gc_cont=0.283	1637318
NODE_11785_length_645_cov_3.90847_1 -          DDE_Tnp_IS240        PF13610.6    1.5e-06   27.3   0.0   2.1e-06   26.8   0.0   1.3   1   0   0   1   1   1   1 # 83 # 643 # -1 # ID=1647_1;partial=01;start_type=Edge;rbs_motif=None;rbs_spacer=None;gc_cont=0.390	259711
NODE_11785_length_645_cov_3.90847_1 -          DDE_Tnp_IS240        PF13610.6    1.5e-06   27.3   0.0   2.1e-06   26.8   0.0   1.3   1   0   0   1   1   1   1 # 83 # 643 # -1 # ID=1647_1;partial=01;start_type=Edge;rbs_motif=None;rbs_spacer=None;gc_cont=0.390	5220959
NODE_12311_length_627_cov_4.10315_1 -          DDE_Tnp_1            PF01609.21   1.9e-36  124.5   1.4   2.4e-36  124.2   1.4   1.1   1   0   0   1   1   1   1 # 3 # 626 # -1 # ID=1673_1;partial=11;start_type=Edge;rbs_motif=None;rbs_spacer=None;gc_cont=0.513	142767
NODE_12311_length_627_cov_4.10315_1 -          DDE_Tnp_1_2          PF13586.6      1e-07   31.0   0.6   2.4e-07   29.8   0.6   1.7   1   0   0   1   1   1   1 # 3 # 626 # -1 # ID=1673_1;partial=11;start_type=Edge;rbs_motif=None;rbs_spacer=None;gc_cont=0.513	142767
NODE_12311_length_627_cov_4.10315_1 -          DDE_Tnp_1_3          PF13612.6      6e-09   34.9   0.0   8.4e-09   34.4   0.0   1.4   1   1   0   1   1   1   1 # 3 # 626 # -1 # ID=1673_1;partial=11;start_type=Edge;rbs_motif=None;rbs_spacer=None;gc_cont=0.513	142767
NODE_12311_length_627_cov_4.10315_1 -          DDE_Tnp_4            PF13359.6    1.1e-08   33.8   0.1   1.8e-08   33.0   0.1   1.5   1   0   0   1   1   1   1 # 3 # 626 # -1 # ID=1673_1;partial=11;start_type=Edge;rbs_motif=None;rbs_spacer=None;gc_cont=0.513	142767
NODE_12311_length_627_cov_4.10315_1 -          DDE_Tnp_1            PF01609.21   1.9e-36  124.5   1.4   2.4e-36  124.2   1.4   1.1   1   0   0   1   1   1   1 # 3 # 626 # -1 # ID=1673_1;partial=11;start_type=Edge;rbs_motif=None;rbs_spacer=None;gc_cont=0.513	361883
NODE_12311_length_627_cov_4.10315_1 -          DDE_Tnp_1_2          PF13586.6      1e-07   31.0   0.6   2.4e-07   29.8   0.6   1.7   1   0   0   1   1   1   1 # 3 # 626 # -1 # ID=1673_1;partial=11;start_type=Edge;rbs_motif=None;rbs_spacer=None;gc_cont=0.513	361883
NODE_12311_length_627_cov_4.10315_1 -          DDE_Tnp_1_3          PF13612.6      6e-09   34.9   0.0   8.4e-09   34.4   0.0   1.4   1   1   0   1   1   1   1 # 3 # 626 # -1 # ID=1673_1;partial=11;start_type=Edge;rbs_motif=None;rbs_spacer=None;gc_cont=0.513	361883
NODE_12311_length_627_cov_4.10315_1 -          DDE_Tnp_4            PF13359.6    1.1e-08   33.8   0.1   1.8e-08   33.0   0.1   1.5   1   0   0   1   1   1   1 # 3 # 626 # -1 # ID=1673_1;partial=11;start_type=Edge;rbs_motif=None;rbs_spacer=None;gc_cont=0.513	361883
NODE_12884_length_611_cov_25.7482_1 -          DDE_Tnp_1_6          PF13751.6    1.9e-13   49.6   0.2     2e-13   49.5   0.2   1.0   1   0   0   1   1   1   1 # 3 # 179 # 1 # ID=1698_1;partial=10;start_type=Edge;rbs_motif=None;rbs_spacer=None;gc_cont=0.339	641816
NODE_14869_length_558_cov_9.3996_1  -          DDE_Tnp_IS240        PF13610.6    6.6e-07   28.4   0.0   9.8e-07   27.9   0.0   1.3   1   0   0   1   1   1   1 # 3 # 557 # 1 # ID=1788_1;partial=11;start_type=Edge;rbs_motif=None;rbs_spacer=None;gc_cont=0.393	81900
NODE_15004_length_555_cov_519.548_1 -          DDE_Tnp_ISL3         PF01610.17     2e-23   82.1   5.5   2.3e-23   81.9   5.5   1.0   1   0   0   1   1   1   1 # 35 # 553 # -1 # ID=1798_1;partial=01;start_type=Edge;rbs_motif=None;rbs_spacer=None;gc_cont=0.393	251481
NODE_15004_length_555_cov_519.548_1 -          DDE_Tnp_ISL3         PF01610.17     2e-23   82.1   5.5   2.3e-23   81.9   5.5   1.0   1   0   0   1   1   1   1 # 35 # 553 # -1 # ID=1798_1;partial=01;start_type=Edge;rbs_motif=None;rbs_spacer=None;gc_cont=0.393	1066893
NODE_15004_length_555_cov_519.548_1 -          DDE_Tnp_ISL3         PF01610.17     2e-23   82.1   5.5   2.3e-23   81.9   5.5   1.0   1   0   0   1   1   1   1 # 35 # 553 # -1 # ID=1798_1;partial=01;start_type=Edge;rbs_motif=None;rbs_spacer=None;gc_cont=0.393	76862
NODE_35165_length_333_cov_49.5432_1 -          zf-ISL3              PF14690.6    1.1e-13   50.5   1.7   1.7e-13   49.8   1.7   1.3   1   0   0   1   1   1   1 # 3 # 332 # -1 # ID=2328_1;partial=11;start_type=Edge;rbs_motif=None;rbs_spacer=None;gc_cont=0.367	711790
NODE_35165_length_333_cov_49.5432_1 -          Zn_Tnp_IS1595        PF12760.7    7.8e-06   24.6   2.0   1.6e-05   23.6   2.0   1.5   1   1   0   1   1   1   1 # 3 # 332 # -1 # ID=2328_1;partial=11;start_type=Edge;rbs_motif=None;rbs_spacer=None;gc_cont=0.367	711790
NODE_46219_length_286_cov_4.80519_1 -          DDE_Tnp_1            PF01609.21   4.3e-20   71.1   1.1   4.7e-20   70.9   1.1   1.0   1   0   0   1   1   1   1 # 2 # 286 # -1 # ID=2532_1;partial=11;start_type=Edge;rbs_motif=None;rbs_spacer=None;gc_cont=0.509	361883
NODE_46219_length_286_cov_4.80519_1 -          DDE_Tnp_1_2          PF13586.6    3.1e-09   35.9   0.3   3.6e-09   35.7   0.3   1.1   1   0   0   1   1   1   1 # 2 # 286 # -1 # ID=2532_1;partial=11;start_type=Edge;rbs_motif=None;rbs_spacer=None;gc_cont=0.509	361883
NODE_46219_length_286_cov_4.80519_1 -          DDE_Tnp_4            PF13359.6    7.6e-09   34.2   0.1   8.2e-09   34.1   0.1   1.1   1   0   0   1   1   1   1 # 2 # 286 # -1 # ID=2532_1;partial=11;start_type=Edge;rbs_motif=None;rbs_spacer=None;gc_cont=0.509	361883
NODE_47156_length_283_cov_1.10965_1 -          HTH_Tnp_1            PF01527.20   3.1e-09   35.8   0.1   3.1e-09   35.8   0.1   1.1   1   0   0   1   1   1   1 # 1 # 198 # -1 # ID=2555_1;partial=10;start_type=ATG;rbs_motif=GGAG/GAGG;rbs_spacer=5-10bp;gc_cont=0.389	2980265
NODE_58326_length_252_cov_1.37056_1 -          DDE_Tnp_IS1595       PF12762.7    7.6e-18   63.8   0.0     8e-18   63.7   0.0   1.0   1   0   0   1   1   1   1 # 2 # 250 # 1 # ID=2720_1;partial=11;start_type=Edge;rbs_motif=None;rbs_spacer=None;gc_cont=0.490	36866
NODE_65195_length_238_cov_1.45355_1 -          HTH_Tnp_1            PF01527.20   3.5e-06   26.0   0.1   0.00083   18.4   0.0   2.0   2   0   0   2   2   2   2 # 2 # 238 # 1 # ID=2826_1;partial=11;start_type=Edge;rbs_motif=None;rbs_spacer=None;gc_cont=0.595	86194
NODE_82601_length_211_cov_1.17308_1 -          DDE_Tnp_1_6          PF13751.6    2.8e-13   49.0   7.8   3.1e-13   48.9   7.8   1.0   1   0   0   1   1   1   1 # 2 # 211 # 1 # ID=3073_1;partial=11;start_type=Edge;rbs_motif=None;rbs_spacer=None;gc_cont=0.390	6438761
NODE_87878_length_133_cov_160.936_1 -          DDE_Tnp_ISL3         PF01610.17   9.8e-14   50.4   0.8     1e-13   50.4   0.8   1.0   1   0   0   1   1   1   1 # 1 # 132 # 1 # ID=3193_1;partial=11;start_type=Edge;rbs_motif=None;rbs_spacer=None;gc_cont=0.386	76862
