NODE_19_length_64982_cov_8.82633_53 -          Transposase_mut      PF00872.18   2.2e-49  167.3   0.0   2.5e-49  167.1   0.0   1.0   1   0   0   1   1   1   1 # 64474 # 64980 # -1 # ID=17_53;partial=01;start_type=Edge;rbs_motif=None;rbs_spacer=None;gc_cont=0.619	847597
NODE_26_length_54342_cov_14.3029_34 -          HTH_Tnp_1            PF01527.20   3.9e-06   26.1   0.4   1.3e-05   24.4   0.4   1.9   1   1   0   1   1   1   1 # 38011 # 38385 # 1 # ID=23_34;partial=00;start_type=ATG;rbs_motif=GGAG/GAGG;rbs_spacer=5-10bp;gc_cont=0.400	3678603
NODE_32_length_48854_cov_16.7041_32 -          DDE_Tnp_IS1595       PF12762.7    1.5e-45  153.9   1.1   2.2e-45  153.4   1.1   1.2   1   0   0   1   1   1   1 # 28712 # 29848 # 1 # ID=27_32;partial=00;start_type=ATG;rbs_motif=AGGA;rbs_spacer=5-10bp;gc_cont=0.382	129490
NODE_32_length_48854_cov_16.7041_22 -          DDE_Tnp_IS1595       PF12762.7    8.3e-44  148.3   1.3   1.2e-43  147.7   1.3   1.2   1   0   0   1   1   1   1 # 21640 # 22677 # -1 # ID=27_22;partial=00;start_type=ATG;rbs_motif=None;rbs_spacer=None;gc_cont=0.396	129490
NODE_32_length_48854_cov_16.7041_22  -          Zn_Tnp_IS1595        PF12760.7    1.8e-16   58.8   4.9   1.8e-16   58.8   4.9   1.8   2   0   0   2   2   2   1 # 21640 # 22677 # -1 # ID=27_22;partial=00;start_type=ATG;rbs_motif=None;rbs_spacer=None;gc_cont=0.396	129490
NODE_32_length_48854_cov_16.7041_32  -          Zn_Tnp_IS1595        PF12760.7    5.5e-14   50.9  10.5   1.1e-13   49.9  10.5   1.5   1   0   0   1   1   1   1 # 28712 # 29848 # 1 # ID=27_32;partial=00;start_type=ATG;rbs_motif=AGGA;rbs_spacer=5-10bp;gc_cont=0.382	129490
NODE_59_length_30201_cov_6.94689_16 -          Transposase_mut      PF00872.18   8.6e-36  122.6   0.0   9.5e-36  122.4   0.0   1.0   1   0   0   1   1   1   1 # 29790 # 30200 # 1 # ID=48_16;partial=01;start_type=ATG;rbs_motif=GGAGG;rbs_spacer=5-10bp;gc_cont=0.599	3799450
NODE_59_length_30201_cov_6.94689_16 -          Transposase_mut      PF00872.18   8.6e-36  122.6   0.0   9.5e-36  122.4   0.0   1.0   1   0   0   1   1   1   1 # 29790 # 30200 # 1 # ID=48_16;partial=01;start_type=ATG;rbs_motif=GGAGG;rbs_spacer=5-10bp;gc_cont=0.599	72492
NODE_117_length_16120_cov_12.4653_8 -          Y1_Tnp               PF01797.16   4.6e-23   80.6   0.1   5.4e-23   80.4   0.1   1.1   1   0   0   1   1   1   1 # 7365 # 7655 # -1 # ID=84_8;partial=00;start_type=ATG;rbs_motif=GGAG/GAGG;rbs_spacer=5-10bp;gc_cont=0.361	3799437
NODE_117_length_16120_cov_12.4653_8 -          Y1_Tnp               PF01797.16   4.6e-23   80.6   0.1   5.4e-23   80.4   0.1   1.1   1   0   0   1   1   1   1 # 7365 # 7655 # -1 # ID=84_8;partial=00;start_type=ATG;rbs_motif=GGAG/GAGG;rbs_spacer=5-10bp;gc_cont=0.361	3799435
NODE_159_length_13598_cov_2.92498_32 -          Mu-transpos_C        PF09299.11   5.8e-17   60.4   0.3   1.3e-16   59.3   0.3   1.6   1   0   0   1   1   1   1 # 12658 # 13596 # -1 # ID=105_32;partial=01;start_type=Edge;rbs_motif=None;rbs_spacer=None;gc_cont=0.563	6060472
NODE_269_length_9388_cov_5.72185_7  -          HTH_Tnp_ISL3         PF13542.6    2.1e-10   38.8   2.1   1.1e-06   26.9   0.2   2.8   2   0   0   2   2   2   2 # 6310 # 7299 # 1 # ID=163_7;partial=00;start_type=ATG;rbs_motif=GGA/GAG/AGG;rbs_spacer=5-10bp;gc_cont=0.686	1086992
NODE_269_length_9388_cov_5.72185_7  -          HTH_Tnp_ISL3         PF13542.6    2.1e-10   38.8   2.1   1.1e-06   26.9   0.2   2.8   2   0   0   2   2   2   2 # 6310 # 7299 # 1 # ID=163_7;partial=00;start_type=ATG;rbs_motif=GGA/GAG/AGG;rbs_spacer=5-10bp;gc_cont=0.686	1912041
NODE_470_length_6792_cov_17.3896_2  -          PDDEXK_2             PF12784.7      7e-22   77.1   2.2   9.5e-22   76.6   2.2   1.2   1   0   0   1   1   1   1 # 1261 # 2160 # 1 # ID=225_2;partial=00;start_type=ATG;rbs_motif=TAA;rbs_spacer=15bp;gc_cont=0.446	5206792
NODE_470_length_6792_cov_17.3896_2  -          PDDEXK_2             PF12784.7      7e-22   77.1   2.2   9.5e-22   76.6   2.2   1.2   1   0   0   1   1   1   1 # 1261 # 2160 # 1 # ID=225_2;partial=00;start_type=ATG;rbs_motif=TAA;rbs_spacer=15bp;gc_cont=0.446	1081049
NODE_508_length_6390_cov_3.56275_6  -          PDDEXK_2             PF12784.7    5.6e-23   80.6   0.2   8.5e-23   80.1   0.2   1.2   1   0   0   1   1   1   1 # 5174 # 6121 # -1 # ID=235_6;partial=00;start_type=ATG;rbs_motif=AGGAG;rbs_spacer=5-10bp;gc_cont=0.427	505182
NODE_508_length_6390_cov_3.56275_6  -          PDDEXK_2             PF12784.7    5.6e-23   80.6   0.2   8.5e-23   80.1   0.2   1.2   1   0   0   1   1   1   1 # 5174 # 6121 # -1 # ID=235_6;partial=00;start_type=ATG;rbs_motif=AGGAG;rbs_spacer=5-10bp;gc_cont=0.427	12164
NODE_552_length_6104_cov_8.95801_3  -          HTH_Tnp_1            PF01527.20   1.6e-16   59.3   2.8   2.1e-16   59.0   2.8   1.2   1   0   0   1   1   1   1 # 1741 # 2025 # 1 # ID=250_3;partial=00;start_type=ATG;rbs_motif=AGGA;rbs_spacer=5-10bp;gc_cont=0.579	379737
NODE_552_length_6104_cov_8.95801_3  -          HTH_Tnp_ISL3         PF13542.6    4.8e-06   24.9   0.0   6.4e-06   24.5   0.0   1.2   1   0   0   1   1   1   1 # 1741 # 2025 # 1 # ID=250_3;partial=00;start_type=ATG;rbs_motif=AGGA;rbs_spacer=5-10bp;gc_cont=0.579	379737
NODE_648_length_5519_cov_36.4579_8  -          DDE_Tnp_1_6          PF13751.6    2.1e-09   36.6   0.1   2.4e-09   36.5   0.1   1.1   1   0   0   1   1   1   1 # 4968 # 5207 # 1 # ID=281_8;partial=00;start_type=ATG;rbs_motif=GGA/GAG/AGG;rbs_spacer=5-10bp;gc_cont=0.342	2836102
NODE_1044_length_3879_cov_19.1043_1 -          Y1_Tnp               PF01797.16   1.6e-15   56.2   0.0   1.9e-15   56.0   0.0   1.1   1   0   0   1   1   1   1 # 3 # 296 # 1 # ID=380_1;partial=10;start_type=Edge;rbs_motif=None;rbs_spacer=None;gc_cont=0.350	1086498
NODE_1044_length_3879_cov_19.1043_1 -          Y1_Tnp               PF01797.16   1.6e-15   56.2   0.0   1.9e-15   56.0   0.0   1.1   1   0   0   1   1   1   1 # 3 # 296 # 1 # ID=380_1;partial=10;start_type=Edge;rbs_motif=None;rbs_spacer=None;gc_cont=0.350	1086498
NODE_1322_length_3326_cov_4.02965_3 -          Y1_Tnp               PF01797.16     1e-21   76.2   0.1   1.3e-21   75.9   0.1   1.1   1   0   0   1   1   1   1 # 2699 # 2986 # -1 # ID=451_3;partial=00;start_type=ATG;rbs_motif=GGAG/GAGG;rbs_spacer=5-10bp;gc_cont=0.326	488802
NODE_1634_length_2865_cov_9.12633_1 -          DDE_Tnp_ISL3         PF01610.17   9.6e-63  211.1   0.0   1.3e-62  210.7   0.0   1.1   1   0   0   1   1   1   1 # 169 # 1497 # 1 # ID=519_1;partial=00;start_type=ATG;rbs_motif=AGGA;rbs_spacer=5-10bp;gc_cont=0.618	161504
NODE_1634_length_2865_cov_9.12633_1 -          HTH_Tnp_ISL3         PF13542.6    7.2e-07   27.5   0.5   3.4e-06   25.3   0.4   2.2   2   0   0   2   2   2   1 # 169 # 1497 # 1 # ID=519_1;partial=00;start_type=ATG;rbs_motif=AGGA;rbs_spacer=5-10bp;gc_cont=0.618	161504
NODE_1634_length_2865_cov_9.12633_1 -          zf-ISL3              PF14690.6      1e-09   37.9   3.1   3.4e-09   36.2   3.1   2.0   1   0   0   1   1   1   1 # 169 # 1497 # 1 # ID=519_1;partial=00;start_type=ATG;rbs_motif=AGGA;rbs_spacer=5-10bp;gc_cont=0.618	161504
NODE_1634_length_2865_cov_9.12633_1 -          DDE_Tnp_ISL3         PF01610.17   9.6e-63  211.1   0.0   1.3e-62  210.7   0.0   1.1   1   0   0   1   1   1   1 # 169 # 1497 # 1 # ID=519_1;partial=00;start_type=ATG;rbs_motif=AGGA;rbs_spacer=5-10bp;gc_cont=0.618	4866725
NODE_1634_length_2865_cov_9.12633_1 -          HTH_Tnp_ISL3         PF13542.6    7.2e-07   27.5   0.5   3.4e-06   25.3   0.4   2.2   2   0   0   2   2   2   1 # 169 # 1497 # 1 # ID=519_1;partial=00;start_type=ATG;rbs_motif=AGGA;rbs_spacer=5-10bp;gc_cont=0.618	4866725
NODE_1634_length_2865_cov_9.12633_1 -          zf-ISL3              PF14690.6      1e-09   37.9   3.1   3.4e-09   36.2   3.1   2.0   1   0   0   1   1   1   1 # 169 # 1497 # 1 # ID=519_1;partial=00;start_type=ATG;rbs_motif=AGGA;rbs_spacer=5-10bp;gc_cont=0.618	4866725
NODE_1857_length_2614_cov_55.644_3  -          DDE_Tnp_IS240        PF13610.6    3.5e-06   26.3   0.6   5.4e-06   25.7   0.1   1.6   2   0   0   2   2   2   1 # 1541 # 2464 # -1 # ID=554_3;partial=00;start_type=ATG;rbs_motif=None;rbs_spacer=None;gc_cont=0.367	37306
NODE_1857_length_2614_cov_55.644_3  -          DDE_Tnp_IS240        PF13610.6    3.5e-06   26.3   0.6   5.4e-06   25.7   0.1   1.6   2   0   0   2   2   2   1 # 1541 # 2464 # -1 # ID=554_3;partial=00;start_type=ATG;rbs_motif=None;rbs_spacer=None;gc_cont=0.367	41477
NODE_3797_length_1473_cov_44.7511_2 -          HTH_Tnp_1            PF01527.20   1.9e-06   27.1   0.2    0.0077   15.5   0.1   2.4   2   1   0   2   2   2   2 # 902 # 1414 # -1 # ID=816_2;partial=00;start_type=ATG;rbs_motif=AGGAGG;rbs_spacer=5-10bp;gc_cont=0.577	532383
NODE_3797_length_1473_cov_44.7511_2 -          HTH_Tnp_1            PF01527.20   1.9e-06   27.1   0.2    0.0077   15.5   0.1   2.4   2   1   0   2   2   2   2 # 902 # 1414 # -1 # ID=816_2;partial=00;start_type=ATG;rbs_motif=AGGAGG;rbs_spacer=5-10bp;gc_cont=0.577	25542
NODE_3911_length_1439_cov_19.6416_2 -          DDE_Tnp_ISL3         PF01610.17   1.3e-64  217.1   0.0   1.8e-64  216.7   0.0   1.2   1   0   0   1   1   1   1 # 123 # 1433 # 1 # ID=830_2;partial=00;start_type=ATG;rbs_motif=None;rbs_spacer=None;gc_cont=0.632	3656373
NODE_3911_length_1439_cov_19.6416_2 -          zf-ISL3              PF14690.6    4.2e-10   39.1  12.2   2.3e-09   36.7   9.3   2.5   2   0   0   2   2   2   1 # 123 # 1433 # 1 # ID=830_2;partial=00;start_type=ATG;rbs_motif=None;rbs_spacer=None;gc_cont=0.632	3656373
NODE_4141_length_1370_cov_26.9658_1 -          DDE_Tnp_ISL3         PF01610.17     4e-65  218.9   0.0   5.4e-65  218.4   0.0   1.2   1   0   0   1   1   1   1 # 3 # 1364 # 1 # ID=851_1;partial=10;start_type=Edge;rbs_motif=None;rbs_spacer=None;gc_cont=0.612	708331
NODE_4141_length_1370_cov_26.9658_1 -          zf-ISL3              PF14690.6    4.2e-10   39.1  11.8   2.6e-09   36.6   8.9   2.6   2   0   0   2   2   2   1 # 3 # 1364 # 1 # ID=851_1;partial=10;start_type=Edge;rbs_motif=None;rbs_spacer=None;gc_cont=0.612	708331
NODE_4141_length_1370_cov_26.9658_1 -          DDE_Tnp_ISL3         PF01610.17     4e-65  218.9   0.0   5.4e-65  218.4   0.0   1.2   1   0   0   1   1   1   1 # 3 # 1364 # 1 # ID=851_1;partial=10;start_type=Edge;rbs_motif=None;rbs_spacer=None;gc_cont=0.612	3656373
NODE_4141_length_1370_cov_26.9658_1 -          zf-ISL3              PF14690.6    4.2e-10   39.1  11.8   2.6e-09   36.6   8.9   2.6   2   0   0   2   2   2   1 # 3 # 1364 # 1 # ID=851_1;partial=10;start_type=Edge;rbs_motif=None;rbs_spacer=None;gc_cont=0.612	3656373
NODE_4601_length_1247_cov_57.6753_2 -          DDE_Tnp_IS240        PF13610.6    2.4e-07   30.0   0.0   3.4e-07   29.6   0.0   1.2   1   0   0   1   1   1   1 # 611 # 1207 # 1 # ID=902_2;partial=00;start_type=ATG;rbs_motif=None;rbs_spacer=None;gc_cont=0.518	1098529
NODE_4601_length_1247_cov_57.6753_1 -          HTH_Tnp_1            PF01527.20   2.6e-06   26.6   0.2   4.3e-06   25.9   0.2   1.6   1   1   0   1   1   1   1 # 57 # 407 # 1 # ID=902_1;partial=00;start_type=ATG;rbs_motif=None;rbs_spacer=None;gc_cont=0.499	1098529
NODE_5419_length_1078_cov_3.10459_1 -          PDDEXK_2             PF12784.7    3.2e-20   71.6   0.4   4.7e-20   71.1   0.4   1.2   1   0   0   1   1   1   1 # 3 # 632 # -1 # ID=981_1;partial=10;start_type=ATG;rbs_motif=AGGAG;rbs_spacer=5-10bp;gc_cont=0.403	1465767
NODE_5459_length_1072_cov_4.71288_2 -          HTH_Tnp_IS630        PF01710.16   1.7e-07   30.3   0.2     2e-07   30.1   0.2   1.0   1   0   0   1   1   1   1 # 314 # 544 # -1 # ID=985_2;partial=00;start_type=GTG;rbs_motif=None;rbs_spacer=None;gc_cont=0.394	331934
NODE_6699_length_896_cov_6.18668_1  -          PDDEXK_2             PF12784.7    6.6e-19   67.3   2.5   9.5e-19   66.8   2.5   1.2   1   0   0   1   1   1   1 # 61 # 894 # -1 # ID=1071_1;partial=01;start_type=Edge;rbs_motif=None;rbs_spacer=None;gc_cont=0.406	337500
NODE_11040_length_584_cov_13.3705_1 -          DDE_Tnp_ISL3         PF01610.17   2.2e-22   78.9   5.3   2.5e-22   78.7   5.3   1.0   1   0   0   1   1   1   1 # 88 # 582 # -1 # ID=1286_1;partial=01;start_type=Edge;rbs_motif=None;rbs_spacer=None;gc_cont=0.356	360089
NODE_11353_length_570_cov_115.849_1 -          DDE_Tnp_ISL3         PF01610.17   5.5e-25   87.5   4.6   6.2e-25   87.3   4.6   1.0   1   0   0   1   1   1   1 # 35 # 568 # -1 # ID=1296_1;partial=01;start_type=Edge;rbs_motif=None;rbs_spacer=None;gc_cont=0.375	42584
NODE_11353_length_570_cov_115.849_1 -          DDE_Tnp_ISL3         PF01610.17   5.5e-25   87.5   4.6   6.2e-25   87.3   4.6   1.0   1   0   0   1   1   1   1 # 35 # 568 # -1 # ID=1296_1;partial=01;start_type=Edge;rbs_motif=None;rbs_spacer=None;gc_cont=0.375	360089
NODE_12565_length_524_cov_41.3497_1 -          DDE_Tnp_ISL3         PF01610.17   2.3e-24   85.4   4.4   2.6e-24   85.3   4.4   1.0   1   0   0   1   1   1   1 # 1 # 522 # 1 # ID=1330_1;partial=11;start_type=Edge;rbs_motif=None;rbs_spacer=None;gc_cont=0.251	675003
NODE_13225_length_503_cov_4.9442_1  -          Transposase_mut      PF00872.18   3.5e-35  120.5   0.0   3.9e-35  120.4   0.0   1.0   1   0   0   1   1   1   1 # 2 # 412 # -1 # ID=1352_1;partial=10;start_type=ATG;rbs_motif=GGAGG;rbs_spacer=5-10bp;gc_cont=0.601	214020
NODE_13955_length_482_cov_6.85948_1 -          PDDEXK_2             PF12784.7      9e-08   30.9   0.1   1.3e-07   30.4   0.1   1.2   1   0   0   1   1   1   1 # 1 # 351 # -1 # ID=1377_1;partial=10;start_type=TTG;rbs_motif=GGA/GAG/AGG;rbs_spacer=5-10bp;gc_cont=0.407	1081049
NODE_13955_length_482_cov_6.85948_2 -          PDDEXK_2             PF12784.7    2.3e-06   26.3   0.0   2.3e-06   26.3   0.0   1.0   1   0   0   1   1   1   1 # 358 # 480 # -1 # ID=1377_2;partial=01;start_type=Edge;rbs_motif=None;rbs_spacer=None;gc_cont=0.382	1081049
NODE_16975_length_416_cov_4.44598_1 -          Transposase_mut      PF00872.18   2.2e-23   81.7   0.1   2.3e-23   81.6   0.1   1.0   1   0   0   1   1   1   1 # 127 # 414 # 1 # ID=1446_1;partial=01;start_type=ATG;rbs_motif=AGGAG;rbs_spacer=5-10bp;gc_cont=0.462	125557
NODE_22417_length_342_cov_3.87805_1 -          HTH_Tnp_ISL3         PF13542.6    2.7e-06   25.7   1.4   3.2e-06   25.4   0.3   1.7   2   0   0   2   2   2   1 # 3 # 341 # -1 # ID=1549_1;partial=11;start_type=Edge;rbs_motif=None;rbs_spacer=None;gc_cont=0.631	161504
NODE_22417_length_342_cov_3.87805_1 -          zf-ISL3              PF14690.6    1.9e-06   27.4   0.8   1.9e-06   27.4   0.8   1.7   2   0   0   2   2   2   1 # 3 # 341 # -1 # ID=1549_1;partial=11;start_type=Edge;rbs_motif=None;rbs_spacer=None;gc_cont=0.631	161504
NODE_37804_length_246_cov_3.61257_1 -          Y1_Tnp               PF01797.16   3.1e-13   48.9   0.1   3.7e-13   48.6   0.1   1.1   1   0   0   1   1   1   1 # 1 # 246 # -1 # ID=1751_1;partial=11;start_type=Edge;rbs_motif=None;rbs_spacer=None;gc_cont=0.289	819449
