NODE_12_length_36319_cov_125.283_25  -          HTH_Tnp_1            PF01527.20   2.2e-06   26.7   0.4   1.2e-05   24.3   0.4   2.0   1   1   0   1   1   1   1 # 27447 # 27821 # -1 # ID=10_25;partial=00;start_type=ATG;rbs_motif=GGAG/GAGG;rbs_spacer=5-10bp;gc_cont=0.392	6451347
NODE_12_length_36319_cov_125.283_21  -          HTH_Tnp_1            PF01527.20   7.9e-06   24.9   0.0   1.4e-05   24.0   0.0   1.6   2   0   0   2   2   2   1 # 20066 # 20431 # -1 # ID=10_21;partial=00;start_type=ATG;rbs_motif=GGAG/GAGG;rbs_spacer=5-10bp;gc_cont=0.391	6451347
NODE_12_length_36319_cov_125.283_25  -          HTH_Tnp_1            PF01527.20   2.2e-06   26.7   0.4   1.2e-05   24.3   0.4   2.0   1   1   0   1   1   1   1 # 27447 # 27821 # -1 # ID=10_25;partial=00;start_type=ATG;rbs_motif=GGAG/GAGG;rbs_spacer=5-10bp;gc_cont=0.392	289071
NODE_12_length_36319_cov_125.283_21  -          HTH_Tnp_1            PF01527.20   7.9e-06   24.9   0.0   1.4e-05   24.0   0.0   1.6   2   0   0   2   2   2   1 # 20066 # 20431 # -1 # ID=10_21;partial=00;start_type=ATG;rbs_motif=GGAG/GAGG;rbs_spacer=5-10bp;gc_cont=0.391	289071
NODE_12_length_36319_cov_125.283_25  -          HTH_Tnp_1            PF01527.20   2.2e-06   26.7   0.4   1.2e-05   24.3   0.4   2.0   1   1   0   1   1   1   1 # 27447 # 27821 # -1 # ID=10_25;partial=00;start_type=ATG;rbs_motif=GGAG/GAGG;rbs_spacer=5-10bp;gc_cont=0.392	220685
NODE_12_length_36319_cov_125.283_21  -          HTH_Tnp_1            PF01527.20   7.9e-06   24.9   0.0   1.4e-05   24.0   0.0   1.6   2   0   0   2   2   2   1 # 20066 # 20431 # -1 # ID=10_21;partial=00;start_type=ATG;rbs_motif=GGAG/GAGG;rbs_spacer=5-10bp;gc_cont=0.391	220685
NODE_12_length_36319_cov_125.283_25  -          HTH_Tnp_1            PF01527.20   2.2e-06   26.7   0.4   1.2e-05   24.3   0.4   2.0   1   1   0   1   1   1   1 # 27447 # 27821 # -1 # ID=10_25;partial=00;start_type=ATG;rbs_motif=GGAG/GAGG;rbs_spacer=5-10bp;gc_cont=0.392	2779371
NODE_12_length_36319_cov_125.283_21  -          HTH_Tnp_1            PF01527.20   7.9e-06   24.9   0.0   1.4e-05   24.0   0.0   1.6   2   0   0   2   2   2   1 # 20066 # 20431 # -1 # ID=10_21;partial=00;start_type=ATG;rbs_motif=GGAG/GAGG;rbs_spacer=5-10bp;gc_cont=0.391	2779371
NODE_12_length_36319_cov_125.283_25  -          HTH_Tnp_1            PF01527.20   2.2e-06   26.7   0.4   1.2e-05   24.3   0.4   2.0   1   1   0   1   1   1   1 # 27447 # 27821 # -1 # ID=10_25;partial=00;start_type=ATG;rbs_motif=GGAG/GAGG;rbs_spacer=5-10bp;gc_cont=0.392	5864237
NODE_12_length_36319_cov_125.283_21  -          HTH_Tnp_1            PF01527.20   7.9e-06   24.9   0.0   1.4e-05   24.0   0.0   1.6   2   0   0   2   2   2   1 # 20066 # 20431 # -1 # ID=10_21;partial=00;start_type=ATG;rbs_motif=GGAG/GAGG;rbs_spacer=5-10bp;gc_cont=0.391	5864237
NODE_12_length_36319_cov_125.283_25  -          HTH_Tnp_1            PF01527.20   2.2e-06   26.7   0.4   1.2e-05   24.3   0.4   2.0   1   1   0   1   1   1   1 # 27447 # 27821 # -1 # ID=10_25;partial=00;start_type=ATG;rbs_motif=GGAG/GAGG;rbs_spacer=5-10bp;gc_cont=0.392	218671
NODE_12_length_36319_cov_125.283_21  -          HTH_Tnp_1            PF01527.20   7.9e-06   24.9   0.0   1.4e-05   24.0   0.0   1.6   2   0   0   2   2   2   1 # 20066 # 20431 # -1 # ID=10_21;partial=00;start_type=ATG;rbs_motif=GGAG/GAGG;rbs_spacer=5-10bp;gc_cont=0.391	218671
NODE_29_length_25892_cov_103.687_1 -          Y1_Tnp               PF01797.16   4.4e-35  119.2   1.1   5.2e-35  118.9   1.1   1.1   1   0   0   1   1   1   1 # 123 # 587 # 1 # ID=22_1;partial=00;start_type=ATG;rbs_motif=AGGAG;rbs_spacer=5-10bp;gc_cont=0.346	524741
NODE_29_length_25892_cov_103.687_1 -          Y1_Tnp               PF01797.16   4.4e-35  119.2   1.1   5.2e-35  118.9   1.1   1.1   1   0   0   1   1   1   1 # 123 # 587 # 1 # ID=22_1;partial=00;start_type=ATG;rbs_motif=AGGAG;rbs_spacer=5-10bp;gc_cont=0.346	4731770
NODE_29_length_25892_cov_103.687_1 -          Y1_Tnp               PF01797.16   4.4e-35  119.2   1.1   5.2e-35  118.9   1.1   1.1   1   0   0   1   1   1   1 # 123 # 587 # 1 # ID=22_1;partial=00;start_type=ATG;rbs_motif=AGGAG;rbs_spacer=5-10bp;gc_cont=0.346	87667
NODE_29_length_25892_cov_103.687_1 -          Y1_Tnp               PF01797.16   4.4e-35  119.2   1.1   5.2e-35  118.9   1.1   1.1   1   0   0   1   1   1   1 # 123 # 587 # 1 # ID=22_1;partial=00;start_type=ATG;rbs_motif=AGGAG;rbs_spacer=5-10bp;gc_cont=0.346	2228677
NODE_45_length_21183_cov_131.503_5  -          DDE_Tnp_IS1595       PF12762.7      1e-48  164.0   0.7   1.4e-48  163.5   0.7   1.2   1   0   0   1   1   1   1 # 4885 # 5976 # 1 # ID=32_5;partial=00;start_type=ATG;rbs_motif=AAA;rbs_spacer=3bp;gc_cont=0.380	3437572
NODE_45_length_21183_cov_131.503_17 -          DDE_Tnp_IS1595       PF12762.7    1.3e-45  153.9   1.1   1.9e-45  153.4   1.1   1.2   1   0   0   1   1   1   1 # 13594 # 14730 # 1 # ID=32_17;partial=00;start_type=ATG;rbs_motif=None;rbs_spacer=None;gc_cont=0.375	3437572
NODE_45_length_21183_cov_131.503_2  -          DDE_Tnp_IS1595       PF12762.7    1.8e-44  150.2   1.7   2.5e-44  149.7   1.7   1.2   1   0   0   1   1   1   1 # 448 # 1485 # -1 # ID=32_2;partial=00;start_type=ATG;rbs_motif=TAAA;rbs_spacer=7bp;gc_cont=0.389	3437572
NODE_45_length_21183_cov_131.503_7  -          DDE_Tnp_IS1595       PF12762.7    1.3e-16   59.7   0.2   1.4e-16   59.6   0.2   1.0   1   0   0   1   1   1   1 # 6416 # 6691 # 1 # ID=32_7;partial=00;start_type=ATG;rbs_motif=None;rbs_spacer=None;gc_cont=0.370	3437572
NODE_45_length_21183_cov_131.503_6  -          DDE_Tnp_IS1595       PF12762.7      1e-06   27.6   0.3   2.8e-06   26.1   0.0   1.7   2   0   0   2   2   2   1 # 6103 # 6450 # 1 # ID=32_6;partial=00;start_type=ATG;rbs_motif=None;rbs_spacer=None;gc_cont=0.376	3437572
NODE_45_length_21183_cov_131.503_2  -          Zn_Tnp_IS1595        PF12760.7    1.1e-16   59.3   4.9   2.5e-16   58.1   4.9   1.7   1   0   0   1   1   1   1 # 448 # 1485 # -1 # ID=32_2;partial=00;start_type=ATG;rbs_motif=TAAA;rbs_spacer=7bp;gc_cont=0.389	3437572
NODE_45_length_21183_cov_131.503_17 -          Zn_Tnp_IS1595        PF12760.7    5.1e-15   53.9   8.6   9.6e-15   53.0   8.6   1.5   1   0   0   1   1   1   1 # 13594 # 14730 # 1 # ID=32_17;partial=00;start_type=ATG;rbs_motif=None;rbs_spacer=None;gc_cont=0.375	3437572
NODE_45_length_21183_cov_131.503_5  -          Zn_Tnp_IS1595        PF12760.7    1.4e-14   52.5   4.9   3.2e-14   51.4   4.9   1.7   1   0   0   1   1   1   1 # 4885 # 5976 # 1 # ID=32_5;partial=00;start_type=ATG;rbs_motif=AAA;rbs_spacer=3bp;gc_cont=0.380	3437572
NODE_45_length_21183_cov_131.503_5  -          DDE_Tnp_IS1595       PF12762.7      1e-48  164.0   0.7   1.4e-48  163.5   0.7   1.2   1   0   0   1   1   1   1 # 4885 # 5976 # 1 # ID=32_5;partial=00;start_type=ATG;rbs_motif=AAA;rbs_spacer=3bp;gc_cont=0.380	160546
NODE_45_length_21183_cov_131.503_17 -          DDE_Tnp_IS1595       PF12762.7    1.3e-45  153.9   1.1   1.9e-45  153.4   1.1   1.2   1   0   0   1   1   1   1 # 13594 # 14730 # 1 # ID=32_17;partial=00;start_type=ATG;rbs_motif=None;rbs_spacer=None;gc_cont=0.375	160546
NODE_45_length_21183_cov_131.503_2  -          DDE_Tnp_IS1595       PF12762.7    1.8e-44  150.2   1.7   2.5e-44  149.7   1.7   1.2   1   0   0   1   1   1   1 # 448 # 1485 # -1 # ID=32_2;partial=00;start_type=ATG;rbs_motif=TAAA;rbs_spacer=7bp;gc_cont=0.389	160546
NODE_45_length_21183_cov_131.503_7  -          DDE_Tnp_IS1595       PF12762.7    1.3e-16   59.7   0.2   1.4e-16   59.6   0.2   1.0   1   0   0   1   1   1   1 # 6416 # 6691 # 1 # ID=32_7;partial=00;start_type=ATG;rbs_motif=None;rbs_spacer=None;gc_cont=0.370	160546
NODE_45_length_21183_cov_131.503_6  -          DDE_Tnp_IS1595       PF12762.7      1e-06   27.6   0.3   2.8e-06   26.1   0.0   1.7   2   0   0   2   2   2   1 # 6103 # 6450 # 1 # ID=32_6;partial=00;start_type=ATG;rbs_motif=None;rbs_spacer=None;gc_cont=0.376	160546
NODE_45_length_21183_cov_131.503_2  -          Zn_Tnp_IS1595        PF12760.7    1.1e-16   59.3   4.9   2.5e-16   58.1   4.9   1.7   1   0   0   1   1   1   1 # 448 # 1485 # -1 # ID=32_2;partial=00;start_type=ATG;rbs_motif=TAAA;rbs_spacer=7bp;gc_cont=0.389	160546
NODE_45_length_21183_cov_131.503_17 -          Zn_Tnp_IS1595        PF12760.7    5.1e-15   53.9   8.6   9.6e-15   53.0   8.6   1.5   1   0   0   1   1   1   1 # 13594 # 14730 # 1 # ID=32_17;partial=00;start_type=ATG;rbs_motif=None;rbs_spacer=None;gc_cont=0.375	160546
NODE_45_length_21183_cov_131.503_5  -          Zn_Tnp_IS1595        PF12760.7    1.4e-14   52.5   4.9   3.2e-14   51.4   4.9   1.7   1   0   0   1   1   1   1 # 4885 # 5976 # 1 # ID=32_5;partial=00;start_type=ATG;rbs_motif=AAA;rbs_spacer=3bp;gc_cont=0.380	160546
NODE_88_length_14452_cov_32.9151_4  -          DDE_Tnp_IS1595       PF12762.7      1e-51  173.7   1.4   1.5e-51  173.2   1.4   1.2   1   0   0   1   1   1   1 # 2600 # 3631 # -1 # ID=62_4;partial=00;start_type=ATG;rbs_motif=None;rbs_spacer=None;gc_cont=0.399	160546
NODE_88_length_14452_cov_32.9151_9  -          DDE_Tnp_IS1595       PF12762.7    1.5e-43  147.2   0.9   1.8e-43  146.9   0.9   1.1   1   0   0   1   1   1   1 # 7925 # 8671 # 1 # ID=62_9;partial=00;start_type=TTG;rbs_motif=TAA;rbs_spacer=7bp;gc_cont=0.419	160546
NODE_88_length_14452_cov_32.9151_4  -          Zn_Tnp_IS1595        PF12760.7    8.7e-16   56.4   3.3   1.7e-15   55.5   3.3   1.5   1   0   0   1   1   1   1 # 2600 # 3631 # -1 # ID=62_4;partial=00;start_type=ATG;rbs_motif=None;rbs_spacer=None;gc_cont=0.399	160546
NODE_113_length_12019_cov_54.7915_17 -          HTH_Tnp_1            PF01527.20   1.3e-06   27.4   0.2   2.4e-06   26.5   0.2   1.5   1   0   0   1   1   1   1 # 9533 # 9961 # 1 # ID=79_17;partial=00;start_type=ATG;rbs_motif=AGGAGG;rbs_spacer=5-10bp;gc_cont=0.382	174137
NODE_117_length_11794_cov_91.2966_3 -          Mu-transpos_C        PF09299.11   5.3e-06   25.0   0.0   1.1e-05   24.1   0.0   1.5   1   0   0   1   1   1   1 # 725 # 1390 # 1 # ID=81_3;partial=00;start_type=ATG;rbs_motif=AATAA;rbs_spacer=14bp;gc_cont=0.350	377667
NODE_117_length_11794_cov_91.2966_3 -          Mu-transpos_C        PF09299.11   5.3e-06   25.0   0.0   1.1e-05   24.1   0.0   1.5   1   0   0   1   1   1   1 # 725 # 1390 # 1 # ID=81_3;partial=00;start_type=ATG;rbs_motif=AATAA;rbs_spacer=14bp;gc_cont=0.350	377667
NODE_117_length_11794_cov_91.2966_3 -          Mu-transpos_C        PF09299.11   5.3e-06   25.0   0.0   1.1e-05   24.1   0.0   1.5   1   0   0   1   1   1   1 # 725 # 1390 # 1 # ID=81_3;partial=00;start_type=ATG;rbs_motif=AATAA;rbs_spacer=14bp;gc_cont=0.350	2535622
NODE_222_length_7916_cov_128.769_6  -          zf-ISL3              PF14690.6    7.7e-08   31.6   0.1   1.2e-07   31.0   0.1   1.3   1   0   0   1   1   1   1 # 4195 # 4431 # -1 # ID=131_6;partial=00;start_type=ATG;rbs_motif=None;rbs_spacer=None;gc_cont=0.371	36764
NODE_222_length_7916_cov_128.769_6  -          zf-ISL3              PF14690.6    7.7e-08   31.6   0.1   1.2e-07   31.0   0.1   1.3   1   0   0   1   1   1   1 # 4195 # 4431 # -1 # ID=131_6;partial=00;start_type=ATG;rbs_motif=None;rbs_spacer=None;gc_cont=0.371	5196058
NODE_232_length_7694_cov_132.968_1  -          PDDEXK_2             PF12784.7    1.2e-18   66.2   1.7   1.7e-18   65.8   1.7   1.2   1   0   0   1   1   1   1 # 3 # 878 # 1 # ID=137_1;partial=10;start_type=Edge;rbs_motif=None;rbs_spacer=None;gc_cont=0.426	1257242
NODE_232_length_7694_cov_132.968_1  -          PDDEXK_2             PF12784.7    1.2e-18   66.2   1.7   1.7e-18   65.8   1.7   1.2   1   0   0   1   1   1   1 # 3 # 878 # 1 # ID=137_1;partial=10;start_type=Edge;rbs_motif=None;rbs_spacer=None;gc_cont=0.426	379674
NODE_232_length_7694_cov_132.968_1  -          PDDEXK_2             PF12784.7    1.2e-18   66.2   1.7   1.7e-18   65.8   1.7   1.2   1   0   0   1   1   1   1 # 3 # 878 # 1 # ID=137_1;partial=10;start_type=Edge;rbs_motif=None;rbs_spacer=None;gc_cont=0.426	1214126
NODE_325_length_6486_cov_140.582_6  -          PDDEXK_2             PF12784.7      7e-21   73.5   1.8   9.3e-21   73.1   1.8   1.2   1   0   0   1   1   1   1 # 4935 # 5873 # 1 # ID=178_6;partial=00;start_type=ATG;rbs_motif=AGGAG;rbs_spacer=5-10bp;gc_cont=0.427	29203
NODE_325_length_6486_cov_140.582_6  -          PDDEXK_2             PF12784.7      7e-21   73.5   1.8   9.3e-21   73.1   1.8   1.2   1   0   0   1   1   1   1 # 4935 # 5873 # 1 # ID=178_6;partial=00;start_type=ATG;rbs_motif=AGGAG;rbs_spacer=5-10bp;gc_cont=0.427	21007
NODE_325_length_6486_cov_140.582_6  -          PDDEXK_2             PF12784.7      7e-21   73.5   1.8   9.3e-21   73.1   1.8   1.2   1   0   0   1   1   1   1 # 4935 # 5873 # 1 # ID=178_6;partial=00;start_type=ATG;rbs_motif=AGGAG;rbs_spacer=5-10bp;gc_cont=0.427	68637
NODE_545_length_4883_cov_87.0207_5   -          HTH_Tnp_1            PF01527.20     2e-07   30.0   0.0   0.00018   20.5   0.0   2.1   2   0   0   2   2   2   2 # 4552 # 4881 # 1 # ID=256_5;partial=01;start_type=ATG;rbs_motif=GGAG/GAGG;rbs_spacer=5-10bp;gc_cont=0.270	1046101
NODE_545_length_4883_cov_87.0207_5   -          HTH_Tnp_1            PF01527.20     2e-07   30.0   0.0   0.00018   20.5   0.0   2.1   2   0   0   2   2   2   2 # 4552 # 4881 # 1 # ID=256_5;partial=01;start_type=ATG;rbs_motif=GGAG/GAGG;rbs_spacer=5-10bp;gc_cont=0.270	486894
NODE_967_length_3599_cov_54.7365_5 -          Y1_Tnp               PF01797.16   1.2e-38  130.6   1.1   1.2e-38  130.6   1.1   1.4   2   0   0   2   2   2   1 # 3095 # 3598 # -1 # ID=379_5;partial=01;start_type=Edge;rbs_motif=None;rbs_spacer=None;gc_cont=0.381	36961
NODE_967_length_3599_cov_54.7365_5 -          Y1_Tnp               PF01797.16   1.2e-38  130.6   1.1   1.2e-38  130.6   1.1   1.4   2   0   0   2   2   2   1 # 3095 # 3598 # -1 # ID=379_5;partial=01;start_type=Edge;rbs_motif=None;rbs_spacer=None;gc_cont=0.381	30651
NODE_967_length_3599_cov_54.7365_5 -          Y1_Tnp               PF01797.16   1.2e-38  130.6   1.1   1.2e-38  130.6   1.1   1.4   2   0   0   2   2   2   1 # 3095 # 3598 # -1 # ID=379_5;partial=01;start_type=Edge;rbs_motif=None;rbs_spacer=None;gc_cont=0.381	14104
NODE_967_length_3599_cov_54.7365_5 -          Y1_Tnp               PF01797.16   1.2e-38  130.6   1.1   1.2e-38  130.6   1.1   1.4   2   0   0   2   2   2   1 # 3095 # 3598 # -1 # ID=379_5;partial=01;start_type=Edge;rbs_motif=None;rbs_spacer=None;gc_cont=0.381	42370
NODE_1002_length_3505_cov_36.9716_3 -          DDE_Tnp_ISL3         PF01610.17   3.6e-15   55.1   0.1   4.2e-15   54.9   0.1   1.0   1   0   0   1   1   1   1 # 3191 # 3505 # 1 # ID=391_3;partial=01;start_type=ATG;rbs_motif=None;rbs_spacer=None;gc_cont=0.365	715512
NODE_1002_length_3505_cov_36.9716_3 -          DDE_Tnp_ISL3         PF01610.17   3.6e-15   55.1   0.1   4.2e-15   54.9   0.1   1.0   1   0   0   1   1   1   1 # 3191 # 3505 # 1 # ID=391_3;partial=01;start_type=ATG;rbs_motif=None;rbs_spacer=None;gc_cont=0.365	187903
NODE_1230_length_3106_cov_126.428_2 -          DDE_Tnp_1            PF01609.21   1.3e-08   33.4   0.0     2e-08   32.9   0.0   1.2   1   0   0   1   1   1   1 # 201 # 737 # -1 # ID=467_2;partial=00;start_type=ATG;rbs_motif=GGAG/GAGG;rbs_spacer=5-10bp;gc_cont=0.363	6747015
NODE_1230_length_3106_cov_126.428_2 -          DDE_Tnp_4            PF13359.6    2.8e-09   35.6   0.1   4.2e-09   35.0   0.1   1.2   1   0   0   1   1   1   1 # 201 # 737 # -1 # ID=467_2;partial=00;start_type=ATG;rbs_motif=GGAG/GAGG;rbs_spacer=5-10bp;gc_cont=0.363	6747015
NODE_1235_length_3097_cov_184.346_3 -          DDE_Tnp_ISL3         PF01610.17   1.5e-26   92.4   2.1   1.5e-26   92.4   2.1   1.5   2   0   0   2   2   2   1 # 1244 # 2161 # -1 # ID=470_3;partial=00;start_type=ATG;rbs_motif=AGGA;rbs_spacer=5-10bp;gc_cont=0.375	2840487
NODE_1235_length_3097_cov_184.346_3 -          HTH_Tnp_ISL3         PF13542.6    2.1e-10   38.6   0.0   3.9e-10   37.7   0.0   1.5   1   0   0   1   1   1   1 # 1244 # 2161 # -1 # ID=470_3;partial=00;start_type=ATG;rbs_motif=AGGA;rbs_spacer=5-10bp;gc_cont=0.375	2840487
NODE_1235_length_3097_cov_184.346_3 -          zf-ISL3              PF14690.6    4.5e-13   48.4   1.2   9.2e-13   47.4   1.2   1.6   1   0   0   1   1   1   1 # 1244 # 2161 # -1 # ID=470_3;partial=00;start_type=ATG;rbs_motif=AGGA;rbs_spacer=5-10bp;gc_cont=0.375	2840487
NODE_1235_length_3097_cov_184.346_3 -          DDE_Tnp_ISL3         PF01610.17   1.5e-26   92.4   2.1   1.5e-26   92.4   2.1   1.5   2   0   0   2   2   2   1 # 1244 # 2161 # -1 # ID=470_3;partial=00;start_type=ATG;rbs_motif=AGGA;rbs_spacer=5-10bp;gc_cont=0.375	176607
NODE_1235_length_3097_cov_184.346_3 -          HTH_Tnp_ISL3         PF13542.6    2.1e-10   38.6   0.0   3.9e-10   37.7   0.0   1.5   1   0   0   1   1   1   1 # 1244 # 2161 # -1 # ID=470_3;partial=00;start_type=ATG;rbs_motif=AGGA;rbs_spacer=5-10bp;gc_cont=0.375	176607
NODE_1235_length_3097_cov_184.346_3 -          zf-ISL3              PF14690.6    4.5e-13   48.4   1.2   9.2e-13   47.4   1.2   1.6   1   0   0   1   1   1   1 # 1244 # 2161 # -1 # ID=470_3;partial=00;start_type=ATG;rbs_motif=AGGA;rbs_spacer=5-10bp;gc_cont=0.375	176607
NODE_1747_length_2504_cov_38.2597_4  -          HTH_Tnp_1            PF01527.20   2.1e-06   26.7   0.2   3.7e-06   25.9   0.1   1.6   1   1   0   1   1   1   1 # 1582 # 1932 # 1 # ID=608_4;partial=00;start_type=ATG;rbs_motif=None;rbs_spacer=None;gc_cont=0.507	805592
NODE_2544_length_1977_cov_105.455_1 -          DDE_Tnp_ISL3         PF01610.17   3.7e-11   41.9   0.7   3.7e-11   41.9   0.7   1.0   1   0   0   1   1   1   1 # 3 # 191 # -1 # ID=806_1;partial=10;start_type=ATG;rbs_motif=None;rbs_spacer=None;gc_cont=0.386	3434366
NODE_2722_length_1883_cov_68.029_2  -          HTH_Tnp_ISL3         PF13542.6    1.3e-09   36.0   0.0   2.3e-09   35.3   0.0   1.4   1   0   0   1   1   1   1 # 1382 # 1882 # 1 # ID=849_2;partial=01;start_type=ATG;rbs_motif=TAA;rbs_spacer=8bp;gc_cont=0.379	175483
NODE_2722_length_1883_cov_68.029_2  -          zf-ISL3              PF14690.6    1.2e-12   47.0   1.0   1.9e-12   46.4   1.0   1.4   1   0   0   1   1   1   1 # 1382 # 1882 # 1 # ID=849_2;partial=01;start_type=ATG;rbs_motif=TAA;rbs_spacer=8bp;gc_cont=0.379	175483
NODE_3031_length_1743_cov_215.279_2 -          PDDEXK_2             PF12784.7      4e-21   74.3   2.8   5.8e-21   73.8   2.8   1.3   1   0   0   1   1   1   1 # 415 # 1389 # 1 # ID=904_2;partial=00;start_type=ATG;rbs_motif=AGGAG;rbs_spacer=5-10bp;gc_cont=0.429	47565
NODE_3031_length_1743_cov_215.279_2 -          PDDEXK_2             PF12784.7      4e-21   74.3   2.8   5.8e-21   73.8   2.8   1.3   1   0   0   1   1   1   1 # 415 # 1389 # 1 # ID=904_2;partial=00;start_type=ATG;rbs_motif=AGGAG;rbs_spacer=5-10bp;gc_cont=0.429	47565
NODE_3056_length_1734_cov_211.968_2 -          DDE_Tnp_ISL3         PF01610.17   1.2e-25   89.3   4.8   1.4e-25   89.1   4.8   1.0   1   0   0   1   1   1   1 # 1010 # 1537 # 1 # ID=909_2;partial=00;start_type=ATG;rbs_motif=None;rbs_spacer=None;gc_cont=0.362	94080
NODE_3056_length_1734_cov_211.968_2 -          DDE_Tnp_ISL3         PF01610.17   1.2e-25   89.3   4.8   1.4e-25   89.1   4.8   1.0   1   0   0   1   1   1   1 # 1010 # 1537 # 1 # ID=909_2;partial=00;start_type=ATG;rbs_motif=None;rbs_spacer=None;gc_cont=0.362	187903
NODE_3102_length_1715_cov_550.643_3 -          HTH_Tnp_ISL3         PF13542.6    1.1e-10   39.5   0.0   1.7e-10   38.9   0.0   1.3   1   0   0   1   1   1   1 # 1100 # 1714 # 1 # ID=919_3;partial=01;start_type=ATG;rbs_motif=None;rbs_spacer=None;gc_cont=0.385	45911
NODE_3102_length_1715_cov_550.643_3 -          zf-ISL3              PF14690.6    2.7e-13   49.1   0.9   4.7e-13   48.3   0.9   1.4   1   0   0   1   1   1   1 # 1100 # 1714 # 1 # ID=919_3;partial=01;start_type=ATG;rbs_motif=None;rbs_spacer=None;gc_cont=0.385	45911
NODE_3102_length_1715_cov_550.643_3 -          HTH_Tnp_ISL3         PF13542.6    1.1e-10   39.5   0.0   1.7e-10   38.9   0.0   1.3   1   0   0   1   1   1   1 # 1100 # 1714 # 1 # ID=919_3;partial=01;start_type=ATG;rbs_motif=None;rbs_spacer=None;gc_cont=0.385	189265
NODE_3102_length_1715_cov_550.643_3 -          zf-ISL3              PF14690.6    2.7e-13   49.1   0.9   4.7e-13   48.3   0.9   1.4   1   0   0   1   1   1   1 # 1100 # 1714 # 1 # ID=919_3;partial=01;start_type=ATG;rbs_motif=None;rbs_spacer=None;gc_cont=0.385	189265
NODE_3102_length_1715_cov_550.643_3 -          HTH_Tnp_ISL3         PF13542.6    1.1e-10   39.5   0.0   1.7e-10   38.9   0.0   1.3   1   0   0   1   1   1   1 # 1100 # 1714 # 1 # ID=919_3;partial=01;start_type=ATG;rbs_motif=None;rbs_spacer=None;gc_cont=0.385	235676
NODE_3102_length_1715_cov_550.643_3 -          zf-ISL3              PF14690.6    2.7e-13   49.1   0.9   4.7e-13   48.3   0.9   1.4   1   0   0   1   1   1   1 # 1100 # 1714 # 1 # ID=919_3;partial=01;start_type=ATG;rbs_motif=None;rbs_spacer=None;gc_cont=0.385	235676
NODE_3577_length_1544_cov_115.666_2 -          DDE_Tnp_ISL3         PF01610.17   3.9e-17   61.5   0.7   3.9e-17   61.5   0.7   1.4   2   0   0   2   2   2   1 # 1213 # 1542 # -1 # ID=1009_2;partial=01;start_type=Edge;rbs_motif=None;rbs_spacer=None;gc_cont=0.267	4970008
NODE_3577_length_1544_cov_115.666_2 -          DDE_Tnp_ISL3         PF01610.17   3.9e-17   61.5   0.7   3.9e-17   61.5   0.7   1.4   2   0   0   2   2   2   1 # 1213 # 1542 # -1 # ID=1009_2;partial=01;start_type=Edge;rbs_motif=None;rbs_spacer=None;gc_cont=0.267	1213743
NODE_4615_length_1264_cov_56.2432_1 -          DDE_Tnp_ISL3         PF01610.17   3.4e-19   68.2   5.3   3.8e-19   68.1   5.3   1.0   1   0   0   1   1   1   1 # 3 # 455 # 1 # ID=1192_1;partial=10;start_type=Edge;rbs_motif=None;rbs_spacer=None;gc_cont=0.351	256992
NODE_4615_length_1264_cov_56.2432_1 -          DDE_Tnp_ISL3         PF01610.17   3.4e-19   68.2   5.3   3.8e-19   68.1   5.3   1.0   1   0   0   1   1   1   1 # 3 # 455 # 1 # ID=1192_1;partial=10;start_type=Edge;rbs_motif=None;rbs_spacer=None;gc_cont=0.351	5176864
NODE_5152_length_1155_cov_3.93182_1 -          OrfB_IS605           PF01385.19   4.1e-25   87.1   5.9   2.2e-24   84.7   5.9   2.1   1   1   0   1   1   1   1 # 1 # 855 # 1 # ID=1271_1;partial=10;start_type=Edge;rbs_motif=None;rbs_spacer=None;gc_cont=0.244	2227864
NODE_5152_length_1155_cov_3.93182_1 -          OrfB_Zn_ribbon       PF07282.11   3.3e-25   86.5   1.0   3.3e-25   86.5   1.0   2.6   3   0   0   3   3   3   1 # 1 # 855 # 1 # ID=1271_1;partial=10;start_type=Edge;rbs_motif=None;rbs_spacer=None;gc_cont=0.244	2227864
NODE_5239_length_1137_cov_256.394_1 -          DDE_Tnp_ISL3         PF01610.17   1.1e-39  135.3   3.9   1.7e-39  134.7   3.9   1.3   1   0   0   1   1   1   1 # 3 # 1136 # 1 # ID=1279_1;partial=11;start_type=Edge;rbs_motif=None;rbs_spacer=None;gc_cont=0.375	2113712
NODE_5239_length_1137_cov_256.394_1 -          HTH_Tnp_ISL3         PF13542.6    1.1e-09   36.3   0.0   1.9e-09   35.5   0.0   1.4   1   0   0   1   1   1   1 # 3 # 1136 # 1 # ID=1279_1;partial=11;start_type=Edge;rbs_motif=None;rbs_spacer=None;gc_cont=0.375	2113712
NODE_5239_length_1137_cov_256.394_1 -          zf-ISL3              PF14690.6    6.7e-13   47.8   1.0   1.5e-12   46.7   1.0   1.7   1   0   0   1   1   1   1 # 3 # 1136 # 1 # ID=1279_1;partial=11;start_type=Edge;rbs_motif=None;rbs_spacer=None;gc_cont=0.375	2113712
NODE_5612_length_1079_cov_377.276_2  -          DDE_Tnp_IS240        PF13610.6    4.6e-07   28.9   0.1   8.3e-07   28.1   0.1   1.4   1   0   0   1   1   1   1 # 209 # 1048 # 1 # ID=1324_2;partial=00;start_type=ATG;rbs_motif=None;rbs_spacer=None;gc_cont=0.383	213154
NODE_5612_length_1079_cov_377.276_2  -          DDE_Tnp_IS240        PF13610.6    4.6e-07   28.9   0.1   8.3e-07   28.1   0.1   1.4   1   0   0   1   1   1   1 # 209 # 1048 # 1 # ID=1324_2;partial=00;start_type=ATG;rbs_motif=None;rbs_spacer=None;gc_cont=0.383	6848
NODE_5612_length_1079_cov_377.276_2  -          DDE_Tnp_IS240        PF13610.6    4.6e-07   28.9   0.1   8.3e-07   28.1   0.1   1.4   1   0   0   1   1   1   1 # 209 # 1048 # 1 # ID=1324_2;partial=00;start_type=ATG;rbs_motif=None;rbs_spacer=None;gc_cont=0.383	6848
NODE_5723_length_1062_cov_25.6892_1 -          DDE_Tnp_1            PF01609.21   1.8e-39  134.4   1.1   2.1e-39  134.1   1.1   1.0   1   0   0   1   1   1   1 # 3 # 620 # -1 # ID=1339_1;partial=10;start_type=TTG;rbs_motif=None;rbs_spacer=None;gc_cont=0.513	3827540
NODE_5723_length_1062_cov_25.6892_1 -          DDE_Tnp_1_2          PF13586.6    1.5e-08   33.6   0.4   3.8e-08   32.4   0.4   1.7   1   0   0   1   1   1   1 # 3 # 620 # -1 # ID=1339_1;partial=10;start_type=TTG;rbs_motif=None;rbs_spacer=None;gc_cont=0.513	3827540
NODE_5723_length_1062_cov_25.6892_1 -          DDE_Tnp_1_3          PF13612.6    4.3e-09   35.3   0.0   5.6e-09   34.9   0.0   1.3   1   0   0   1   1   1   1 # 3 # 620 # -1 # ID=1339_1;partial=10;start_type=TTG;rbs_motif=None;rbs_spacer=None;gc_cont=0.513	3827540
NODE_5723_length_1062_cov_25.6892_1 -          DDE_Tnp_1_6          PF13751.6    3.5e-07   29.2   0.5   3.5e-07   29.2   0.5   1.8   2   1   0   2   2   2   1 # 3 # 620 # -1 # ID=1339_1;partial=10;start_type=TTG;rbs_motif=None;rbs_spacer=None;gc_cont=0.513	3827540
NODE_5723_length_1062_cov_25.6892_1 -          DDE_Tnp_4            PF13359.6      7e-09   34.3   0.0   1.2e-08   33.5   0.0   1.4   1   0   0   1   1   1   1 # 3 # 620 # -1 # ID=1339_1;partial=10;start_type=TTG;rbs_motif=None;rbs_spacer=None;gc_cont=0.513	3827540
NODE_5723_length_1062_cov_25.6892_1 -          DDE_Tnp_1            PF01609.21   1.8e-39  134.4   1.1   2.1e-39  134.1   1.1   1.0   1   0   0   1   1   1   1 # 3 # 620 # -1 # ID=1339_1;partial=10;start_type=TTG;rbs_motif=None;rbs_spacer=None;gc_cont=0.513	1710803
NODE_5723_length_1062_cov_25.6892_1 -          DDE_Tnp_1_2          PF13586.6    1.5e-08   33.6   0.4   3.8e-08   32.4   0.4   1.7   1   0   0   1   1   1   1 # 3 # 620 # -1 # ID=1339_1;partial=10;start_type=TTG;rbs_motif=None;rbs_spacer=None;gc_cont=0.513	1710803
NODE_5723_length_1062_cov_25.6892_1 -          DDE_Tnp_1_3          PF13612.6    4.3e-09   35.3   0.0   5.6e-09   34.9   0.0   1.3   1   0   0   1   1   1   1 # 3 # 620 # -1 # ID=1339_1;partial=10;start_type=TTG;rbs_motif=None;rbs_spacer=None;gc_cont=0.513	1710803
NODE_5723_length_1062_cov_25.6892_1 -          DDE_Tnp_1_6          PF13751.6    3.5e-07   29.2   0.5   3.5e-07   29.2   0.5   1.8   2   1   0   2   2   2   1 # 3 # 620 # -1 # ID=1339_1;partial=10;start_type=TTG;rbs_motif=None;rbs_spacer=None;gc_cont=0.513	1710803
NODE_5723_length_1062_cov_25.6892_1 -          DDE_Tnp_4            PF13359.6      7e-09   34.3   0.0   1.2e-08   33.5   0.0   1.4   1   0   0   1   1   1   1 # 3 # 620 # -1 # ID=1339_1;partial=10;start_type=TTG;rbs_motif=None;rbs_spacer=None;gc_cont=0.513	1710803
NODE_5723_length_1062_cov_25.6892_1 -          DDE_Tnp_1            PF01609.21   1.8e-39  134.4   1.1   2.1e-39  134.1   1.1   1.0   1   0   0   1   1   1   1 # 3 # 620 # -1 # ID=1339_1;partial=10;start_type=TTG;rbs_motif=None;rbs_spacer=None;gc_cont=0.513	1710803
NODE_5723_length_1062_cov_25.6892_1 -          DDE_Tnp_1_2          PF13586.6    1.5e-08   33.6   0.4   3.8e-08   32.4   0.4   1.7   1   0   0   1   1   1   1 # 3 # 620 # -1 # ID=1339_1;partial=10;start_type=TTG;rbs_motif=None;rbs_spacer=None;gc_cont=0.513	1710803
NODE_5723_length_1062_cov_25.6892_1 -          DDE_Tnp_1_3          PF13612.6    4.3e-09   35.3   0.0   5.6e-09   34.9   0.0   1.3   1   0   0   1   1   1   1 # 3 # 620 # -1 # ID=1339_1;partial=10;start_type=TTG;rbs_motif=None;rbs_spacer=None;gc_cont=0.513	1710803
NODE_5723_length_1062_cov_25.6892_1 -          DDE_Tnp_1_6          PF13751.6    3.5e-07   29.2   0.5   3.5e-07   29.2   0.5   1.8   2   1   0   2   2   2   1 # 3 # 620 # -1 # ID=1339_1;partial=10;start_type=TTG;rbs_motif=None;rbs_spacer=None;gc_cont=0.513	1710803
NODE_5723_length_1062_cov_25.6892_1 -          DDE_Tnp_4            PF13359.6      7e-09   34.3   0.0   1.2e-08   33.5   0.0   1.4   1   0   0   1   1   1   1 # 3 # 620 # -1 # ID=1339_1;partial=10;start_type=TTG;rbs_motif=None;rbs_spacer=None;gc_cont=0.513	1710803
NODE_5723_length_1062_cov_25.6892_1 -          DDE_Tnp_1            PF01609.21   1.8e-39  134.4   1.1   2.1e-39  134.1   1.1   1.0   1   0   0   1   1   1   1 # 3 # 620 # -1 # ID=1339_1;partial=10;start_type=TTG;rbs_motif=None;rbs_spacer=None;gc_cont=0.513	3827540
NODE_5723_length_1062_cov_25.6892_1 -          DDE_Tnp_1_2          PF13586.6    1.5e-08   33.6   0.4   3.8e-08   32.4   0.4   1.7   1   0   0   1   1   1   1 # 3 # 620 # -1 # ID=1339_1;partial=10;start_type=TTG;rbs_motif=None;rbs_spacer=None;gc_cont=0.513	3827540
NODE_5723_length_1062_cov_25.6892_1 -          DDE_Tnp_1_3          PF13612.6    4.3e-09   35.3   0.0   5.6e-09   34.9   0.0   1.3   1   0   0   1   1   1   1 # 3 # 620 # -1 # ID=1339_1;partial=10;start_type=TTG;rbs_motif=None;rbs_spacer=None;gc_cont=0.513	3827540
NODE_5723_length_1062_cov_25.6892_1 -          DDE_Tnp_1_6          PF13751.6    3.5e-07   29.2   0.5   3.5e-07   29.2   0.5   1.8   2   1   0   2   2   2   1 # 3 # 620 # -1 # ID=1339_1;partial=10;start_type=TTG;rbs_motif=None;rbs_spacer=None;gc_cont=0.513	3827540
NODE_5723_length_1062_cov_25.6892_1 -          DDE_Tnp_4            PF13359.6      7e-09   34.3   0.0   1.2e-08   33.5   0.0   1.4   1   0   0   1   1   1   1 # 3 # 620 # -1 # ID=1339_1;partial=10;start_type=TTG;rbs_motif=None;rbs_spacer=None;gc_cont=0.513	3827540
NODE_7709_length_823_cov_265.254_1  -          DDE_Tnp_1_6          PF13751.6    1.8e-13   49.6   0.2   1.9e-13   49.5   0.2   1.0   1   0   0   1   1   1   1 # 3 # 179 # 1 # ID=1531_1;partial=10;start_type=Edge;rbs_motif=None;rbs_spacer=None;gc_cont=0.339	1109063
NODE_7784_length_817_cov_759.491_2  -          DDE_Tnp_ISL3         PF01610.17   8.6e-26   89.8   4.7   9.8e-26   89.7   4.7   1.0   1   0   0   1   1   1   1 # 282 # 815 # -1 # ID=1540_2;partial=01;start_type=Edge;rbs_motif=None;rbs_spacer=None;gc_cont=0.373	101063
NODE_7784_length_817_cov_759.491_2  -          DDE_Tnp_ISL3         PF01610.17   8.6e-26   89.8   4.7   9.8e-26   89.7   4.7   1.0   1   0   0   1   1   1   1 # 282 # 815 # -1 # ID=1540_2;partial=01;start_type=Edge;rbs_motif=None;rbs_spacer=None;gc_cont=0.373	425385
NODE_8749_length_741_cov_334.389_1  -          DDE_Tnp_ISL3         PF01610.17   3.2e-27   94.5   1.7   5.5e-27   93.7   1.7   1.3   1   0   0   1   1   1   1 # 2 # 739 # -1 # ID=1617_1;partial=11;start_type=Edge;rbs_motif=None;rbs_spacer=None;gc_cont=0.385	485691
NODE_8749_length_741_cov_334.389_1  -          HTH_Tnp_ISL3         PF13542.6    3.4e-10   37.9   0.0   6.9e-10   36.9   0.0   1.6   1   0   0   1   1   1   1 # 2 # 739 # -1 # ID=1617_1;partial=11;start_type=Edge;rbs_motif=None;rbs_spacer=None;gc_cont=0.385	485691
NODE_8749_length_741_cov_334.389_1  -          zf-ISL3              PF14690.6    6.5e-06   25.5   0.4   1.4e-05   24.4   0.4   1.6   1   0   0   1   1   1   1 # 2 # 739 # -1 # ID=1617_1;partial=11;start_type=Edge;rbs_motif=None;rbs_spacer=None;gc_cont=0.385	485691
NODE_8756_length_741_cov_291.465_1  -          DDE_Tnp_ISL3         PF01610.17   4.5e-28   97.3   2.0   4.5e-28   97.3   2.0   1.8   2   0   0   2   2   2   1 # 3 # 740 # 1 # ID=1620_1;partial=11;start_type=Edge;rbs_motif=None;rbs_spacer=None;gc_cont=0.393	71227
NODE_8756_length_741_cov_291.465_1  -          HTH_Tnp_ISL3         PF13542.6      3e-09   34.9   0.0   5.7e-09   34.0   0.0   1.5   1   0   0   1   1   1   1 # 3 # 740 # 1 # ID=1620_1;partial=11;start_type=Edge;rbs_motif=None;rbs_spacer=None;gc_cont=0.393	71227
NODE_8756_length_741_cov_291.465_1  -          zf-ISL3              PF14690.6    6.8e-06   25.4   0.7   1.5e-05   24.3   0.7   1.6   1   0   0   1   1   1   1 # 3 # 740 # 1 # ID=1620_1;partial=11;start_type=Edge;rbs_motif=None;rbs_spacer=None;gc_cont=0.393	71227
NODE_8756_length_741_cov_291.465_1  -          DDE_Tnp_ISL3         PF01610.17   4.5e-28   97.3   2.0   4.5e-28   97.3   2.0   1.8   2   0   0   2   2   2   1 # 3 # 740 # 1 # ID=1620_1;partial=11;start_type=Edge;rbs_motif=None;rbs_spacer=None;gc_cont=0.393	235676
NODE_8756_length_741_cov_291.465_1  -          HTH_Tnp_ISL3         PF13542.6      3e-09   34.9   0.0   5.7e-09   34.0   0.0   1.5   1   0   0   1   1   1   1 # 3 # 740 # 1 # ID=1620_1;partial=11;start_type=Edge;rbs_motif=None;rbs_spacer=None;gc_cont=0.393	235676
NODE_8756_length_741_cov_291.465_1  -          zf-ISL3              PF14690.6    6.8e-06   25.4   0.7   1.5e-05   24.3   0.7   1.6   1   0   0   1   1   1   1 # 3 # 740 # 1 # ID=1620_1;partial=11;start_type=Edge;rbs_motif=None;rbs_spacer=None;gc_cont=0.393	235676
NODE_8842_length_735_cov_403.865_2  -          DDE_Tnp_ISL3         PF01610.17   1.7e-17   62.7   0.3     2e-17   62.4   0.3   1.0   1   0   0   1   1   1   1 # 482 # 733 # -1 # ID=1626_2;partial=01;start_type=Edge;rbs_motif=None;rbs_spacer=None;gc_cont=0.365	36764
NODE_18273_length_421_cov_469.779_1 -          DDE_Tnp_ISL3         PF01610.17   1.1e-22   79.6   0.5   1.4e-22   79.3   0.5   1.0   1   0   0   1   1   1   1 # 1 # 387 # 1 # ID=2051_1;partial=10;start_type=Edge;rbs_motif=None;rbs_spacer=None;gc_cont=0.367	256992
NODE_20288_length_391_cov_429.065_1 -          DDE_Tnp_ISL3         PF01610.17     3e-09   35.7   3.0   3.3e-09   35.5   3.0   1.0   1   0   0   1   1   1   1 # 3 # 389 # 1 # ID=2112_1;partial=11;start_type=Edge;rbs_motif=None;rbs_spacer=None;gc_cont=0.390	94080
NODE_20288_length_391_cov_429.065_1 -          DDE_Tnp_ISL3         PF01610.17     3e-09   35.7   3.0   3.3e-09   35.5   3.0   1.0   1   0   0   1   1   1   1 # 3 # 389 # 1 # ID=2112_1;partial=11;start_type=Edge;rbs_motif=None;rbs_spacer=None;gc_cont=0.390	176607
NODE_21979_length_371_cov_557.468_1 -          zf-ISL3              PF14690.6    1.3e-13   50.1   1.0   2.2e-13   49.4   1.0   1.4   1   0   0   1   1   1   1 # 1 # 369 # -1 # ID=2154_1;partial=11;start_type=Edge;rbs_motif=None;rbs_spacer=None;gc_cont=0.366	4193519
NODE_21979_length_371_cov_557.468_1 -          zf-ISL3              PF14690.6    1.3e-13   50.1   1.0   2.2e-13   49.4   1.0   1.4   1   0   0   1   1   1   1 # 1 # 369 # -1 # ID=2154_1;partial=11;start_type=Edge;rbs_motif=None;rbs_spacer=None;gc_cont=0.366	71227
NODE_26674_length_325_cov_28.0185_1 -          zf-ISL3              PF14690.6      5e-13   48.2   1.0   8.1e-13   47.6   1.0   1.4   1   0   0   1   1   1   1 # 2 # 325 # -1 # ID=2243_1;partial=11;start_type=Edge;rbs_motif=None;rbs_spacer=None;gc_cont=0.373	531323
NODE_32577_length_284_cov_177.262_1 -          DDE_Tnp_ISL3         PF01610.17   5.6e-17   61.0   0.6   6.7e-17   60.7   0.6   1.1   1   0   0   1   1   1   1 # 1 # 282 # -1 # ID=2337_1;partial=11;start_type=Edge;rbs_motif=None;rbs_spacer=None;gc_cont=0.284	1213743
NODE_51818_length_215_cov_1533.72_1 -          DDE_Tnp_ISL3         PF01610.17   6.4e-19   67.3   1.0   7.1e-19   67.2   1.0   1.0   1   0   0   1   1   1   1 # 3 # 215 # -1 # ID=2530_1;partial=11;start_type=Edge;rbs_motif=None;rbs_spacer=None;gc_cont=0.437	485691
NODE_55834_length_203_cov_683.777_1 -          DDE_Tnp_ISL3         PF01610.17   8.1e-12   44.1   0.5   8.9e-12   44.0   0.5   1.1   1   0   0   1   1   1   1 # 36 # 203 # -1 # ID=2568_1;partial=01;start_type=Edge;rbs_motif=None;rbs_spacer=None;gc_cont=0.363	36764
NODE_56951_length_156_cov_710.901_1 -          HTH_Tnp_ISL3         PF13542.6    3.9e-08   31.3   0.0   4.4e-08   31.1   0.0   1.1   1   0   0   1   1   1   1 # 3 # 155 # 1 # ID=2609_1;partial=11;start_type=Edge;rbs_motif=None;rbs_spacer=None;gc_cont=0.379	189265
