NODE_178_length_8334_cov_4.96316_3  -          HTH_Tnp_ISL3         PF13542.6    1.4e-11   42.3   0.0   2.3e-11   41.6   0.0   1.4   1   0   0   1   1   1   1 # 6039 # 6506 # 1 # ID=111_3;partial=00;start_type=ATG;rbs_motif=None;rbs_spacer=None;gc_cont=0.363	2332411
NODE_178_length_8334_cov_4.96316_3  -          zf-ISL3              PF14690.6    8.6e-11   41.0   0.9   1.7e-10   40.1   0.9   1.5   1   0   0   1   1   1   1 # 6039 # 6506 # 1 # ID=111_3;partial=00;start_type=ATG;rbs_motif=None;rbs_spacer=None;gc_cont=0.363	2332411
NODE_215_length_7700_cov_5.33434_6  -          DDE_Tnp_ISL3         PF01610.17   2.3e-53  180.0   4.1   2.3e-53  180.0   4.1   1.6   2   0   0   2   2   2   1 # 4579 # 6000 # -1 # ID=122_6;partial=00;start_type=ATG;rbs_motif=None;rbs_spacer=None;gc_cont=0.275	5884910
NODE_215_length_7700_cov_5.33434_6  -          zf-ISL3              PF14690.6    1.2e-08   34.2   2.8   3.3e-08   32.7   2.8   1.8   1   0   0   1   1   1   1 # 4579 # 6000 # -1 # ID=122_6;partial=00;start_type=ATG;rbs_motif=None;rbs_spacer=None;gc_cont=0.275	5884910
NODE_215_length_7700_cov_5.33434_6  -          DDE_Tnp_ISL3         PF01610.17   2.3e-53  180.0   4.1   2.3e-53  180.0   4.1   1.6   2   0   0   2   2   2   1 # 4579 # 6000 # -1 # ID=122_6;partial=00;start_type=ATG;rbs_motif=None;rbs_spacer=None;gc_cont=0.275	2217172
NODE_215_length_7700_cov_5.33434_6  -          zf-ISL3              PF14690.6    1.2e-08   34.2   2.8   3.3e-08   32.7   2.8   1.8   1   0   0   1   1   1   1 # 4579 # 6000 # -1 # ID=122_6;partial=00;start_type=ATG;rbs_motif=None;rbs_spacer=None;gc_cont=0.275	2217172
NODE_238_length_7403_cov_6.47401_2 -          HTH_Tnp_IS630        PF01710.16   1.6e-15   55.9   0.2   1.8e-15   55.7   0.2   1.1   1   0   0   1   1   1   1 # 6303 # 6554 # 1 # ID=135_2;partial=00;start_type=ATG;rbs_motif=None;rbs_spacer=None;gc_cont=0.345	1958098
NODE_238_length_7403_cov_6.47401_2 -          HTH_Tnp_IS630        PF01710.16   1.6e-15   55.9   0.2   1.8e-15   55.7   0.2   1.1   1   0   0   1   1   1   1 # 6303 # 6554 # 1 # ID=135_2;partial=00;start_type=ATG;rbs_motif=None;rbs_spacer=None;gc_cont=0.345	1958098
NODE_284_length_6690_cov_7.97197_1  -          PDDEXK_2             PF12784.7    2.6e-19   68.3   1.5   3.8e-19   67.8   1.5   1.2   1   0   0   1   1   1   1 # 2 # 931 # 1 # ID=153_1;partial=10;start_type=Edge;rbs_motif=None;rbs_spacer=None;gc_cont=0.432	4383531
NODE_284_length_6690_cov_7.97197_8  -          PDDEXK_2             PF12784.7    5.4e-19   67.3   2.1     8e-19   66.7   2.1   1.2   1   0   0   1   1   1   1 # 5799 # 6689 # -1 # ID=153_8;partial=01;start_type=Edge;rbs_motif=None;rbs_spacer=None;gc_cont=0.433	4383531
NODE_299_length_6555_cov_4.13138_1  -          Y1_Tnp               PF01797.16   4.1e-20   70.7   0.1   5.1e-20   70.5   0.1   1.1   1   0   0   1   1   1   1 # 3 # 305 # 1 # ID=157_1;partial=10;start_type=Edge;rbs_motif=None;rbs_spacer=None;gc_cont=0.287	273551
NODE_299_length_6555_cov_4.13138_1  -          Y1_Tnp               PF01797.16   4.1e-20   70.7   0.1   5.1e-20   70.5   0.1   1.1   1   0   0   1   1   1   1 # 3 # 305 # 1 # ID=157_1;partial=10;start_type=Edge;rbs_motif=None;rbs_spacer=None;gc_cont=0.287	273551
NODE_299_length_6555_cov_4.13138_1  -          Y1_Tnp               PF01797.16   4.1e-20   70.7   0.1   5.1e-20   70.5   0.1   1.1   1   0   0   1   1   1   1 # 3 # 305 # 1 # ID=157_1;partial=10;start_type=Edge;rbs_motif=None;rbs_spacer=None;gc_cont=0.287	273551
NODE_543_length_4662_cov_7.80616_3  -          PDDEXK_2             PF12784.7    7.6e-21   73.4   2.3   1.1e-20   72.9   2.3   1.2   1   0   0   1   1   1   1 # 2849 # 3730 # -1 # ID=250_3;partial=00;start_type=ATG;rbs_motif=AGGAG;rbs_spacer=5-10bp;gc_cont=0.437	690411
NODE_752_length_3915_cov_3.67073_6  -          DDE_Tnp_1_6          PF13751.6    4.6e-14   51.4   0.2   4.9e-14   51.3   0.2   1.0   1   0   0   1   1   1   1 # 3737 # 3913 # -1 # ID=321_6;partial=01;start_type=Edge;rbs_motif=None;rbs_spacer=None;gc_cont=0.373	613491
NODE_798_length_3787_cov_5.55359_1 -          MULE                 PF10551.9    6.5e-07   28.4   0.0   1.5e-06   27.2   0.0   1.6   1   0   0   1   1   1   1 # 200 # 781 # 1 # ID=333_1;partial=00;start_type=TTG;rbs_motif=3Base/5BMM;rbs_spacer=13-15bp;gc_cont=0.373	36764
NODE_798_length_3787_cov_5.55359_1  -          Transposase_mut      PF00872.18   1.1e-61  207.5   0.4   1.2e-61  207.3   0.4   1.0   1   0   0   1   1   1   1 # 200 # 781 # 1 # ID=333_1;partial=00;start_type=TTG;rbs_motif=3Base/5BMM;rbs_spacer=13-15bp;gc_cont=0.373	36764
NODE_836_length_3713_cov_6.78294_2 -          OrfB_IS605           PF01385.19   3.6e-15   54.9   1.8   1.5e-14   52.9   0.5   2.6   2   1   0   2   2   2   1 # 441 # 2159 # 1 # ID=345_2;partial=00;start_type=ATG;rbs_motif=AGGAGG;rbs_spacer=5-10bp;gc_cont=0.582	5884906
NODE_836_length_3713_cov_6.78294_2  -          OrfB_Zn_ribbon       PF07282.11   3.5e-23   80.0   0.3     7e-23   79.0   0.3   1.5   1   0   0   1   1   1   1 # 441 # 2159 # 1 # ID=345_2;partial=00;start_type=ATG;rbs_motif=AGGAGG;rbs_spacer=5-10bp;gc_cont=0.582	5884906
NODE_836_length_3713_cov_6.78294_2 -          OrfB_IS605           PF01385.19   3.6e-15   54.9   1.8   1.5e-14   52.9   0.5   2.6   2   1   0   2   2   2   1 # 441 # 2159 # 1 # ID=345_2;partial=00;start_type=ATG;rbs_motif=AGGAGG;rbs_spacer=5-10bp;gc_cont=0.582	2232195
NODE_836_length_3713_cov_6.78294_2  -          OrfB_Zn_ribbon       PF07282.11   3.5e-23   80.0   0.3     7e-23   79.0   0.3   1.5   1   0   0   1   1   1   1 # 441 # 2159 # 1 # ID=345_2;partial=00;start_type=ATG;rbs_motif=AGGAGG;rbs_spacer=5-10bp;gc_cont=0.582	2232195
NODE_836_length_3713_cov_6.78294_2 -          OrfB_IS605           PF01385.19   3.6e-15   54.9   1.8   1.5e-14   52.9   0.5   2.6   2   1   0   2   2   2   1 # 441 # 2159 # 1 # ID=345_2;partial=00;start_type=ATG;rbs_motif=AGGAGG;rbs_spacer=5-10bp;gc_cont=0.582	2540016
NODE_836_length_3713_cov_6.78294_2  -          OrfB_Zn_ribbon       PF07282.11   3.5e-23   80.0   0.3     7e-23   79.0   0.3   1.5   1   0   0   1   1   1   1 # 441 # 2159 # 1 # ID=345_2;partial=00;start_type=ATG;rbs_motif=AGGAGG;rbs_spacer=5-10bp;gc_cont=0.582	2540016
NODE_836_length_3713_cov_6.78294_2 -          OrfB_IS605           PF01385.19   3.6e-15   54.9   1.8   1.5e-14   52.9   0.5   2.6   2   1   0   2   2   2   1 # 441 # 2159 # 1 # ID=345_2;partial=00;start_type=ATG;rbs_motif=AGGAGG;rbs_spacer=5-10bp;gc_cont=0.582	1756306
NODE_836_length_3713_cov_6.78294_2  -          OrfB_Zn_ribbon       PF07282.11   3.5e-23   80.0   0.3     7e-23   79.0   0.3   1.5   1   0   0   1   1   1   1 # 441 # 2159 # 1 # ID=345_2;partial=00;start_type=ATG;rbs_motif=AGGAGG;rbs_spacer=5-10bp;gc_cont=0.582	1756306
NODE_836_length_3713_cov_6.78294_2 -          OrfB_IS605           PF01385.19   3.6e-15   54.9   1.8   1.5e-14   52.9   0.5   2.6   2   1   0   2   2   2   1 # 441 # 2159 # 1 # ID=345_2;partial=00;start_type=ATG;rbs_motif=AGGAGG;rbs_spacer=5-10bp;gc_cont=0.582	2232195
NODE_836_length_3713_cov_6.78294_2  -          OrfB_Zn_ribbon       PF07282.11   3.5e-23   80.0   0.3     7e-23   79.0   0.3   1.5   1   0   0   1   1   1   1 # 441 # 2159 # 1 # ID=345_2;partial=00;start_type=ATG;rbs_motif=AGGAGG;rbs_spacer=5-10bp;gc_cont=0.582	2232195
NODE_836_length_3713_cov_6.78294_2 -          OrfB_IS605           PF01385.19   3.6e-15   54.9   1.8   1.5e-14   52.9   0.5   2.6   2   1   0   2   2   2   1 # 441 # 2159 # 1 # ID=345_2;partial=00;start_type=ATG;rbs_motif=AGGAGG;rbs_spacer=5-10bp;gc_cont=0.582	1756306
NODE_836_length_3713_cov_6.78294_2  -          OrfB_Zn_ribbon       PF07282.11   3.5e-23   80.0   0.3     7e-23   79.0   0.3   1.5   1   0   0   1   1   1   1 # 441 # 2159 # 1 # ID=345_2;partial=00;start_type=ATG;rbs_motif=AGGAGG;rbs_spacer=5-10bp;gc_cont=0.582	1756306
NODE_836_length_3713_cov_6.78294_2 -          OrfB_IS605           PF01385.19   3.6e-15   54.9   1.8   1.5e-14   52.9   0.5   2.6   2   1   0   2   2   2   1 # 441 # 2159 # 1 # ID=345_2;partial=00;start_type=ATG;rbs_motif=AGGAGG;rbs_spacer=5-10bp;gc_cont=0.582	2540016
NODE_836_length_3713_cov_6.78294_2  -          OrfB_Zn_ribbon       PF07282.11   3.5e-23   80.0   0.3     7e-23   79.0   0.3   1.5   1   0   0   1   1   1   1 # 441 # 2159 # 1 # ID=345_2;partial=00;start_type=ATG;rbs_motif=AGGAGG;rbs_spacer=5-10bp;gc_cont=0.582	2540016
NODE_939_length_3437_cov_4.82466_3  -          PDDEXK_2             PF12784.7    5.9e-08   31.2   1.8   7.5e-08   30.8   1.8   1.2   1   0   0   1   1   1   1 # 2725 # 3435 # -1 # ID=377_3;partial=01;start_type=Edge;rbs_motif=None;rbs_spacer=None;gc_cont=0.437	4383531
NODE_1182_length_3032_cov_3.43131_1 -          DDE_Tnp_1            PF01609.21   4.5e-07   28.4   0.0   5.6e-07   28.1   0.0   1.3   1   1   0   1   1   1   1 # 1 # 561 # 1 # ID=443_1;partial=10;start_type=Edge;rbs_motif=None;rbs_spacer=None;gc_cont=0.684	5884905
NODE_1182_length_3032_cov_3.43131_1 -          DDE_Tnp_1            PF01609.21   4.5e-07   28.4   0.0   5.6e-07   28.1   0.0   1.3   1   1   0   1   1   1   1 # 1 # 561 # 1 # ID=443_1;partial=10;start_type=Edge;rbs_motif=None;rbs_spacer=None;gc_cont=0.684	5884905
NODE_1182_length_3032_cov_3.43131_1 -          DDE_Tnp_1            PF01609.21   4.5e-07   28.4   0.0   5.6e-07   28.1   0.0   1.3   1   1   0   1   1   1   1 # 1 # 561 # 1 # ID=443_1;partial=10;start_type=Edge;rbs_motif=None;rbs_spacer=None;gc_cont=0.684	18145
NODE_1325_length_2829_cov_14.1983_5 -          DDE_Tnp_IS66         PF03050.14   3.2e-52  176.4   0.6   4.1e-52  176.1   0.6   1.2   1   0   0   1   1   1   1 # 2010 # 2828 # 1 # ID=474_5;partial=01;start_type=ATG;rbs_motif=AGGAG/GGAGG;rbs_spacer=11-12bp;gc_cont=0.435	3337156
NODE_1325_length_2829_cov_14.1983_4 -          LZ_Tnp_IS66          PF13007.7    1.5e-08   33.9   0.0   2.3e-08   33.4   0.0   1.3   1   0   0   1   1   1   1 # 1829 # 2035 # 1 # ID=474_4;partial=00;start_type=ATG;rbs_motif=AGGAG;rbs_spacer=5-10bp;gc_cont=0.406	3337156
NODE_1325_length_2829_cov_14.1983_5 -          zf-IS66              PF13005.7    2.9e-13   48.7   2.3   5.5e-13   47.8   2.3   1.5   1   0   0   1   1   1   1 # 2010 # 2828 # 1 # ID=474_5;partial=01;start_type=ATG;rbs_motif=AGGAG/GGAGG;rbs_spacer=11-12bp;gc_cont=0.435	3337156
NODE_1325_length_2829_cov_14.1983_5 -          DDE_Tnp_IS66         PF03050.14   3.2e-52  176.4   0.6   4.1e-52  176.1   0.6   1.2   1   0   0   1   1   1   1 # 2010 # 2828 # 1 # ID=474_5;partial=01;start_type=ATG;rbs_motif=AGGAG/GGAGG;rbs_spacer=11-12bp;gc_cont=0.435	236290
NODE_1325_length_2829_cov_14.1983_4 -          LZ_Tnp_IS66          PF13007.7    1.5e-08   33.9   0.0   2.3e-08   33.4   0.0   1.3   1   0   0   1   1   1   1 # 1829 # 2035 # 1 # ID=474_4;partial=00;start_type=ATG;rbs_motif=AGGAG;rbs_spacer=5-10bp;gc_cont=0.406	236290
NODE_1325_length_2829_cov_14.1983_5 -          zf-IS66              PF13005.7    2.9e-13   48.7   2.3   5.5e-13   47.8   2.3   1.5   1   0   0   1   1   1   1 # 2010 # 2828 # 1 # ID=474_5;partial=01;start_type=ATG;rbs_motif=AGGAG/GGAGG;rbs_spacer=11-12bp;gc_cont=0.435	236290
NODE_1325_length_2829_cov_14.1983_5 -          DDE_Tnp_IS66         PF03050.14   3.2e-52  176.4   0.6   4.1e-52  176.1   0.6   1.2   1   0   0   1   1   1   1 # 2010 # 2828 # 1 # ID=474_5;partial=01;start_type=ATG;rbs_motif=AGGAG/GGAGG;rbs_spacer=11-12bp;gc_cont=0.435	236290
NODE_1325_length_2829_cov_14.1983_4 -          LZ_Tnp_IS66          PF13007.7    1.5e-08   33.9   0.0   2.3e-08   33.4   0.0   1.3   1   0   0   1   1   1   1 # 1829 # 2035 # 1 # ID=474_4;partial=00;start_type=ATG;rbs_motif=AGGAG;rbs_spacer=5-10bp;gc_cont=0.406	236290
NODE_1325_length_2829_cov_14.1983_5 -          zf-IS66              PF13005.7    2.9e-13   48.7   2.3   5.5e-13   47.8   2.3   1.5   1   0   0   1   1   1   1 # 2010 # 2828 # 1 # ID=474_5;partial=01;start_type=ATG;rbs_motif=AGGAG/GGAGG;rbs_spacer=11-12bp;gc_cont=0.435	236290
NODE_1428_length_2696_cov_11.5983_2 -          PDDEXK_2             PF12784.7    2.1e-22   78.5   2.2   2.8e-22   78.0   2.2   1.2   1   0   0   1   1   1   1 # 643 # 1542 # -1 # ID=499_2;partial=00;start_type=ATG;rbs_motif=AGGAG;rbs_spacer=5-10bp;gc_cont=0.447	3569934
NODE_1428_length_2696_cov_11.5983_2 -          PDDEXK_2             PF12784.7    2.1e-22   78.5   2.2   2.8e-22   78.0   2.2   1.2   1   0   0   1   1   1   1 # 643 # 1542 # -1 # ID=499_2;partial=00;start_type=ATG;rbs_motif=AGGAG;rbs_spacer=5-10bp;gc_cont=0.447	3569934
NODE_1544_length_2580_cov_12.4503_1 -          HTH_Tnp_ISL3         PF13542.6      4e-10   37.6   0.1     8e-10   36.7   0.1   1.5   1   0   0   1   1   1   1 # 992 # 1366 # -1 # ID=532_1;partial=00;start_type=ATG;rbs_motif=TAA;rbs_spacer=11bp;gc_cont=0.395	1083050
NODE_1557_length_2569_cov_12.3564_1 -          DDE_Tnp_1            PF01609.21   4.6e-41  139.5   2.0   6.7e-41  138.9   2.0   1.3   1   0   0   1   1   1   1 # 149 # 1123 # -1 # ID=535_1;partial=00;start_type=ATG;rbs_motif=AACAA;rbs_spacer=12bp;gc_cont=0.518	377220
NODE_1557_length_2569_cov_12.3564_1 -          DDE_Tnp_1_2          PF13586.6    5.5e-08   31.7   0.2   1.1e-07   30.8   0.2   1.6   1   0   0   1   1   1   1 # 149 # 1123 # -1 # ID=535_1;partial=00;start_type=ATG;rbs_motif=AACAA;rbs_spacer=12bp;gc_cont=0.518	377220
NODE_1557_length_2569_cov_12.3564_1 -          DDE_Tnp_1_3          PF13612.6    4.2e-08   32.0   0.1   7.1e-08   31.3   0.1   1.4   1   1   0   1   1   1   1 # 149 # 1123 # -1 # ID=535_1;partial=00;start_type=ATG;rbs_motif=AACAA;rbs_spacer=12bp;gc_cont=0.518	377220
NODE_1557_length_2569_cov_12.3564_1 -          DDE_Tnp_1_6          PF13751.6    7.6e-08   31.3   0.5   1.8e-07   30.1   0.5   1.6   1   0   0   1   1   1   1 # 149 # 1123 # -1 # ID=535_1;partial=00;start_type=ATG;rbs_motif=AACAA;rbs_spacer=12bp;gc_cont=0.518	377220
NODE_1557_length_2569_cov_12.3564_1 -          DDE_Tnp_4            PF13359.6    2.9e-08   32.2   0.1   4.6e-08   31.5   0.1   1.3   1   0   0   1   1   1   1 # 149 # 1123 # -1 # ID=535_1;partial=00;start_type=ATG;rbs_motif=AACAA;rbs_spacer=12bp;gc_cont=0.518	377220
NODE_1557_length_2569_cov_12.3564_1 -          DUF772               PF05598.11   3.1e-19   67.4   0.1   6.3e-19   66.5   0.1   1.5   1   0   0   1   1   1   1 # 149 # 1123 # -1 # ID=535_1;partial=00;start_type=ATG;rbs_motif=AACAA;rbs_spacer=12bp;gc_cont=0.518	377220
NODE_1557_length_2569_cov_12.3564_1 -          DDE_Tnp_1            PF01609.21   4.6e-41  139.5   2.0   6.7e-41  138.9   2.0   1.3   1   0   0   1   1   1   1 # 149 # 1123 # -1 # ID=535_1;partial=00;start_type=ATG;rbs_motif=AACAA;rbs_spacer=12bp;gc_cont=0.518	460576
NODE_1557_length_2569_cov_12.3564_1 -          DDE_Tnp_1_2          PF13586.6    5.5e-08   31.7   0.2   1.1e-07   30.8   0.2   1.6   1   0   0   1   1   1   1 # 149 # 1123 # -1 # ID=535_1;partial=00;start_type=ATG;rbs_motif=AACAA;rbs_spacer=12bp;gc_cont=0.518	460576
NODE_1557_length_2569_cov_12.3564_1 -          DDE_Tnp_1_3          PF13612.6    4.2e-08   32.0   0.1   7.1e-08   31.3   0.1   1.4   1   1   0   1   1   1   1 # 149 # 1123 # -1 # ID=535_1;partial=00;start_type=ATG;rbs_motif=AACAA;rbs_spacer=12bp;gc_cont=0.518	460576
NODE_1557_length_2569_cov_12.3564_1 -          DDE_Tnp_1_6          PF13751.6    7.6e-08   31.3   0.5   1.8e-07   30.1   0.5   1.6   1   0   0   1   1   1   1 # 149 # 1123 # -1 # ID=535_1;partial=00;start_type=ATG;rbs_motif=AACAA;rbs_spacer=12bp;gc_cont=0.518	460576
NODE_1557_length_2569_cov_12.3564_1 -          DDE_Tnp_4            PF13359.6    2.9e-08   32.2   0.1   4.6e-08   31.5   0.1   1.3   1   0   0   1   1   1   1 # 149 # 1123 # -1 # ID=535_1;partial=00;start_type=ATG;rbs_motif=AACAA;rbs_spacer=12bp;gc_cont=0.518	460576
NODE_1557_length_2569_cov_12.3564_1 -          DUF772               PF05598.11   3.1e-19   67.4   0.1   6.3e-19   66.5   0.1   1.5   1   0   0   1   1   1   1 # 149 # 1123 # -1 # ID=535_1;partial=00;start_type=ATG;rbs_motif=AACAA;rbs_spacer=12bp;gc_cont=0.518	460576
NODE_2204_length_2069_cov_2.30884_2 -          Y1_Tnp               PF01797.16     3e-13   48.6   0.8     4e-13   48.2   0.4   1.4   2   0   0   2   2   2   1 # 1288 # 1782 # -1 # ID=663_2;partial=00;start_type=ATG;rbs_motif=AAAAA;rbs_spacer=9bp;gc_cont=0.446	208311
NODE_2301_length_2017_cov_7.96483_3 -          DDE_Tnp_IS240        PF13610.6    4.4e-07   28.9   0.1   7.9e-07   28.1   0.1   1.4   1   0   0   1   1   1   1 # 1086 # 1925 # 1 # ID=689_3;partial=00;start_type=ATG;rbs_motif=None;rbs_spacer=None;gc_cont=0.380	32887
NODE_2301_length_2017_cov_7.96483_2 -          HTH_Tnp_1            PF01527.20   1.9e-06   26.8   0.5   2.7e-05   23.1   1.0   2.4   2   1   0   2   2   2   1 # 574 # 1110 # 1 # ID=689_2;partial=00;start_type=ATG;rbs_motif=None;rbs_spacer=None;gc_cont=0.367	32887
NODE_2306_length_2017_cov_6.00968_1 -          DDE_Tnp_1            PF01609.21   4.8e-12   44.6   0.8   4.8e-12   44.6   0.8   2.9   1   1   1   2   2   2   1 # 124 # 1785 # -1 # ID=693_1;partial=00;start_type=ATG;rbs_motif=AAAAA;rbs_spacer=8bp;gc_cont=0.416	3615318
NODE_2306_length_2017_cov_6.00968_1 -          DDE_Tnp_1_6          PF13751.6    5.8e-34  115.7   1.6   5.8e-34  115.7   1.6   2.3   2   0   0   2   2   2   1 # 124 # 1785 # -1 # ID=693_1;partial=00;start_type=ATG;rbs_motif=AAAAA;rbs_spacer=8bp;gc_cont=0.416	3615318
NODE_2306_length_2017_cov_6.00968_1 -          DUF772               PF05598.11   3.9e-20   70.3   1.1   8.2e-20   69.3   0.1   2.2   3   0   0   3   3   3   1 # 124 # 1785 # -1 # ID=693_1;partial=00;start_type=ATG;rbs_motif=AAAAA;rbs_spacer=8bp;gc_cont=0.416	3615318
NODE_2747_length_1810_cov_4.91396_2 -          Transposase_mut      PF00872.18   2.1e-89  298.7   0.0   2.6e-89  298.4   0.0   1.1   1   0   0   1   1   1   1 # 297 # 1223 # 1 # ID=774_2;partial=00;start_type=GTG;rbs_motif=3Base/5BMM;rbs_spacer=13-15bp;gc_cont=0.674	54173
NODE_3129_length_1658_cov_11.9183_2 -          DDE_Tnp_ISL3         PF01610.17   8.5e-25   86.5   5.6   9.8e-25   86.3   5.6   1.0   1   0   0   1   1   1   1 # 239 # 766 # -1 # ID=838_2;partial=00;start_type=ATG;rbs_motif=TAA;rbs_spacer=8bp;gc_cont=0.381	358542
NODE_3129_length_1658_cov_11.9183_3 -          HTH_Tnp_ISL3         PF13542.6    1.4e-10   39.1   0.0   2.4e-10   38.3   0.0   1.4   1   0   0   1   1   1   1 # 985 # 1596 # -1 # ID=838_3;partial=00;start_type=ATG;rbs_motif=TAGAA;rbs_spacer=8bp;gc_cont=0.397	358542
NODE_3129_length_1658_cov_11.9183_3 -          zf-ISL3              PF14690.6    5.2e-13   48.1   1.4   9.1e-13   47.3   1.4   1.4   1   0   0   1   1   1   1 # 985 # 1596 # -1 # ID=838_3;partial=00;start_type=ATG;rbs_motif=TAGAA;rbs_spacer=8bp;gc_cont=0.397	358542
NODE_3129_length_1658_cov_11.9183_2 -          DDE_Tnp_ISL3         PF01610.17   8.5e-25   86.5   5.6   9.8e-25   86.3   5.6   1.0   1   0   0   1   1   1   1 # 239 # 766 # -1 # ID=838_2;partial=00;start_type=ATG;rbs_motif=TAA;rbs_spacer=8bp;gc_cont=0.381	2332411
NODE_3129_length_1658_cov_11.9183_3 -          HTH_Tnp_ISL3         PF13542.6    1.4e-10   39.1   0.0   2.4e-10   38.3   0.0   1.4   1   0   0   1   1   1   1 # 985 # 1596 # -1 # ID=838_3;partial=00;start_type=ATG;rbs_motif=TAGAA;rbs_spacer=8bp;gc_cont=0.397	2332411
NODE_3129_length_1658_cov_11.9183_3 -          zf-ISL3              PF14690.6    5.2e-13   48.1   1.4   9.1e-13   47.3   1.4   1.4   1   0   0   1   1   1   1 # 985 # 1596 # -1 # ID=838_3;partial=00;start_type=ATG;rbs_motif=TAGAA;rbs_spacer=8bp;gc_cont=0.397	2332411
NODE_3320_length_1599_cov_2.18847_4 -          Y1_Tnp               PF01797.16   4.4e-10   38.4   0.0   4.8e-10   38.3   0.0   1.1   1   0   0   1   1   1   1 # 1353 # 1598 # 1 # ID=868_4;partial=01;start_type=ATG;rbs_motif=None;rbs_spacer=None;gc_cont=0.427	663453
NODE_3548_length_1523_cov_8.19346_1 -          DDE_Tnp_ISL3         PF01610.17   3.1e-52  176.3   7.0   4.9e-52  175.7   7.0   1.3   1   0   0   1   1   1   1 # 250 # 1521 # -1 # ID=899_1;partial=01;start_type=Edge;rbs_motif=None;rbs_spacer=None;gc_cont=0.377	189265
NODE_3548_length_1523_cov_8.19346_1 -          HTH_Tnp_ISL3         PF13542.6    8.4e-10   36.6   0.0   1.5e-09   35.8   0.0   1.4   1   0   0   1   1   1   1 # 250 # 1521 # -1 # ID=899_1;partial=01;start_type=Edge;rbs_motif=None;rbs_spacer=None;gc_cont=0.377	189265
NODE_3548_length_1523_cov_8.19346_1 -          zf-ISL3              PF14690.6    7.8e-13   47.6   1.7   1.6e-12   46.6   1.7   1.6   1   0   0   1   1   1   1 # 250 # 1521 # -1 # ID=899_1;partial=01;start_type=Edge;rbs_motif=None;rbs_spacer=None;gc_cont=0.377	189265
NODE_3598_length_1508_cov_3.4969_2  -          Transposase_mut      PF00872.18   3.6e-06   24.7   0.0   4.9e-06   24.3   0.0   1.3   1   0   0   1   1   1   1 # 292 # 1416 # 1 # ID=908_2;partial=00;start_type=ATG;rbs_motif=GGAGG;rbs_spacer=5-10bp;gc_cont=0.452	6459484
NODE_3645_length_1492_cov_4.8643_1  -          Y1_Tnp               PF01797.16     4e-39  132.1   0.7   5.5e-39  131.7   0.7   1.2   1   0   0   1   1   1   1 # 99 # 689 # 1 # ID=921_1;partial=00;start_type=ATG;rbs_motif=None;rbs_spacer=None;gc_cont=0.347	226792
NODE_4780_length_1223_cov_8.98716_2 -          DDE_Tnp_1            PF01609.21     4e-07   28.6  12.9   6.5e-07   27.9  12.9   1.3   1   1   0   1   1   1   1 # 750 # 1223 # -1 # ID=1071_2;partial=01;start_type=Edge;rbs_motif=None;rbs_spacer=None;gc_cont=0.293	613491
NODE_4780_length_1223_cov_8.98716_2 -          DDE_Tnp_1_6          PF13751.6      1e-16   60.0   2.3   1.4e-16   59.5   2.3   1.3   1   0   0   1   1   1   1 # 750 # 1223 # -1 # ID=1071_2;partial=01;start_type=Edge;rbs_motif=None;rbs_spacer=None;gc_cont=0.293	613491
NODE_5239_length_1144_cov_7.01102_2 -          DDE_Tnp_1            PF01609.21   2.1e-08   32.7  12.7   5.1e-08   31.5  12.7   1.6   1   1   0   1   1   1   1 # 671 # 1144 # -1 # ID=1125_2;partial=01;start_type=Edge;rbs_motif=None;rbs_spacer=None;gc_cont=0.281	613491
NODE_5239_length_1144_cov_7.01102_2 -          DDE_Tnp_1_6          PF13751.6      5e-16   57.7   2.1   7.4e-16   57.2   2.1   1.3   1   1   0   1   1   1   1 # 671 # 1144 # -1 # ID=1125_2;partial=01;start_type=Edge;rbs_motif=None;rbs_spacer=None;gc_cont=0.281	613491
NODE_5728_length_1078_cov_29.8739_2 -          HTH_Tnp_1            PF01527.20   3.5e-08   32.3   0.5    0.0048   15.9   0.2   2.4   2   1   0   2   2   2   2 # 539 # 1051 # -1 # ID=1185_2;partial=00;start_type=ATG;rbs_motif=AGGAGG;rbs_spacer=5-10bp;gc_cont=0.577	21598
NODE_5728_length_1078_cov_29.8739_2 -          HTH_Tnp_1            PF01527.20   3.5e-08   32.3   0.5    0.0048   15.9   0.2   2.4   2   1   0   2   2   2   2 # 539 # 1051 # -1 # ID=1185_2;partial=00;start_type=ATG;rbs_motif=AGGAGG;rbs_spacer=5-10bp;gc_cont=0.577	21598
NODE_6209_length_1019_cov_5.05187_1 -          DDE_Tnp_ISL3         PF01610.17   4.8e-26   90.6   1.8   4.8e-26   90.6   1.8   1.5   2   0   0   2   2   2   1 # 2 # 877 # -1 # ID=1218_1;partial=10;start_type=ATG;rbs_motif=TAA;rbs_spacer=8bp;gc_cont=0.377	1083050
NODE_6209_length_1019_cov_5.05187_1 -          HTH_Tnp_ISL3         PF13542.6    8.1e-10   36.6   0.0   1.6e-09   35.7   0.0   1.5   1   0   0   1   1   1   1 # 2 # 877 # -1 # ID=1218_1;partial=10;start_type=ATG;rbs_motif=TAA;rbs_spacer=8bp;gc_cont=0.377	1083050
NODE_6209_length_1019_cov_5.05187_1 -          zf-ISL3              PF14690.6    1.9e-11   43.1   1.5   4.6e-11   41.9   1.5   1.7   1   0   0   1   1   1   1 # 2 # 877 # -1 # ID=1218_1;partial=10;start_type=ATG;rbs_motif=TAA;rbs_spacer=8bp;gc_cont=0.377	1083050
NODE_6209_length_1019_cov_5.05187_1 -          DDE_Tnp_ISL3         PF01610.17   4.8e-26   90.6   1.8   4.8e-26   90.6   1.8   1.5   2   0   0   2   2   2   1 # 2 # 877 # -1 # ID=1218_1;partial=10;start_type=ATG;rbs_motif=TAA;rbs_spacer=8bp;gc_cont=0.377	189265
NODE_6209_length_1019_cov_5.05187_1 -          HTH_Tnp_ISL3         PF13542.6    8.1e-10   36.6   0.0   1.6e-09   35.7   0.0   1.5   1   0   0   1   1   1   1 # 2 # 877 # -1 # ID=1218_1;partial=10;start_type=ATG;rbs_motif=TAA;rbs_spacer=8bp;gc_cont=0.377	189265
NODE_6209_length_1019_cov_5.05187_1 -          zf-ISL3              PF14690.6    1.9e-11   43.1   1.5   4.6e-11   41.9   1.5   1.7   1   0   0   1   1   1   1 # 2 # 877 # -1 # ID=1218_1;partial=10;start_type=ATG;rbs_motif=TAA;rbs_spacer=8bp;gc_cont=0.377	189265
NODE_6290_length_1010_cov_3.05969_2 -          HTH_Tnp_1            PF01527.20   2.8e-16   58.2   3.8   3.7e-16   57.9   3.8   1.2   1   0   0   1   1   1   1 # 585 # 869 # -1 # ID=1226_2;partial=00;start_type=ATG;rbs_motif=AGGA;rbs_spacer=5-10bp;gc_cont=0.572	192083
NODE_6290_length_1010_cov_3.05969_2 -          HTH_Tnp_ISL3         PF13542.6    2.9e-06   25.3   0.0     4e-06   24.8   0.0   1.2   1   0   0   1   1   1   1 # 585 # 869 # -1 # ID=1226_2;partial=00;start_type=ATG;rbs_motif=AGGA;rbs_spacer=5-10bp;gc_cont=0.572	192083
NODE_6290_length_1010_cov_3.05969_2 -          HTH_Tnp_1            PF01527.20   2.8e-16   58.2   3.8   3.7e-16   57.9   3.8   1.2   1   0   0   1   1   1   1 # 585 # 869 # -1 # ID=1226_2;partial=00;start_type=ATG;rbs_motif=AGGA;rbs_spacer=5-10bp;gc_cont=0.572	192083
NODE_6290_length_1010_cov_3.05969_2 -          HTH_Tnp_ISL3         PF13542.6    2.9e-06   25.3   0.0     4e-06   24.8   0.0   1.2   1   0   0   1   1   1   1 # 585 # 869 # -1 # ID=1226_2;partial=00;start_type=ATG;rbs_motif=AGGA;rbs_spacer=5-10bp;gc_cont=0.572	192083
NODE_6297_length_1009_cov_3.98428_1 -          DDE_Tnp_ISL3         PF01610.17   8.3e-28   96.4   3.5   1.5e-27   95.6   3.5   1.4   1   0   0   1   1   1   1 # 2 # 1009 # -1 # ID=1228_1;partial=11;start_type=Edge;rbs_motif=None;rbs_spacer=None;gc_cont=0.379	245186
NODE_6297_length_1009_cov_3.98428_1 -          HTH_Tnp_ISL3         PF13542.6      7e-11   40.1   0.0   1.5e-10   39.0   0.0   1.6   1   0   0   1   1   1   1 # 2 # 1009 # -1 # ID=1228_1;partial=11;start_type=Edge;rbs_motif=None;rbs_spacer=None;gc_cont=0.379	245186
NODE_6297_length_1009_cov_3.98428_1 -          zf-ISL3              PF14690.6    4.5e-10   38.7   1.6   9.1e-10   37.7   1.6   1.6   1   0   0   1   1   1   1 # 2 # 1009 # -1 # ID=1228_1;partial=11;start_type=Edge;rbs_motif=None;rbs_spacer=None;gc_cont=0.379	245186
NODE_7085_length_927_cov_5.61009_2  -          Transposase_mut      PF00872.18   1.6e-41  141.1   0.0   1.8e-41  140.9   0.0   1.0   1   0   0   1   1   1   1 # 474 # 926 # 1 # ID=1305_2;partial=01;start_type=ATG;rbs_motif=GGAGG;rbs_spacer=5-10bp;gc_cont=0.605	187134
NODE_7253_length_911_cov_4.7535_1   -          PDDEXK_2             PF12784.7    5.4e-09   34.6   0.3   7.3e-09   34.2   0.3   1.2   1   0   0   1   1   1   1 # 266 # 910 # -1 # ID=1318_1;partial=01;start_type=Edge;rbs_motif=None;rbs_spacer=None;gc_cont=0.434	690411
NODE_7717_length_872_cov_2.73317_2  -          HTH_Tnp_1            PF01527.20   1.9e-09   36.3   0.9   0.00044   19.2   0.1   2.3   1   1   1   2   2   2   2 # 225 # 728 # 1 # ID=1360_2;partial=00;start_type=GTG;rbs_motif=GGAGG;rbs_spacer=5-10bp;gc_cont=0.611	30103
NODE_7717_length_872_cov_2.73317_2  -          HTH_Tnp_1            PF01527.20   1.9e-09   36.3   0.9   0.00044   19.2   0.1   2.3   1   1   1   2   2   2   2 # 225 # 728 # 1 # ID=1360_2;partial=00;start_type=GTG;rbs_motif=GGAGG;rbs_spacer=5-10bp;gc_cont=0.611	30103
NODE_8509_length_810_cov_25.6344_1  -          DDE_Tnp_ISL3         PF01610.17     1e-15   56.8   0.1   1.8e-15   56.0   0.1   1.4   1   0   0   1   1   1   1 # 88 # 810 # 1 # ID=1425_1;partial=01;start_type=ATG;rbs_motif=AGGA;rbs_spacer=5-10bp;gc_cont=0.286	2539993
NODE_8509_length_810_cov_25.6344_1  -          HTH_Tnp_ISL3         PF13542.6    3.8e-10   37.7   0.0   5.6e-10   37.2   0.0   1.3   1   0   0   1   1   1   1 # 88 # 810 # 1 # ID=1425_1;partial=01;start_type=ATG;rbs_motif=AGGA;rbs_spacer=5-10bp;gc_cont=0.286	2539993
NODE_8509_length_810_cov_25.6344_1  -          zf-ISL3              PF14690.6    2.8e-10   39.4   5.2   6.1e-10   38.3   5.2   1.6   1   0   0   1   1   1   1 # 88 # 810 # 1 # ID=1425_1;partial=01;start_type=ATG;rbs_motif=AGGA;rbs_spacer=5-10bp;gc_cont=0.286	2539993
NODE_8509_length_810_cov_25.6344_1  -          DDE_Tnp_ISL3         PF01610.17     1e-15   56.8   0.1   1.8e-15   56.0   0.1   1.4   1   0   0   1   1   1   1 # 88 # 810 # 1 # ID=1425_1;partial=01;start_type=ATG;rbs_motif=AGGA;rbs_spacer=5-10bp;gc_cont=0.286	2539993
NODE_8509_length_810_cov_25.6344_1  -          HTH_Tnp_ISL3         PF13542.6    3.8e-10   37.7   0.0   5.6e-10   37.2   0.0   1.3   1   0   0   1   1   1   1 # 88 # 810 # 1 # ID=1425_1;partial=01;start_type=ATG;rbs_motif=AGGA;rbs_spacer=5-10bp;gc_cont=0.286	2539993
NODE_8509_length_810_cov_25.6344_1  -          zf-ISL3              PF14690.6    2.8e-10   39.4   5.2   6.1e-10   38.3   5.2   1.6   1   0   0   1   1   1   1 # 88 # 810 # 1 # ID=1425_1;partial=01;start_type=ATG;rbs_motif=AGGA;rbs_spacer=5-10bp;gc_cont=0.286	2539993
NODE_9474_length_751_cov_2.63506_1  -          Y1_Tnp               PF01797.16   3.5e-39  132.3   1.1   3.5e-39  132.3   1.1   1.7   2   0   0   2   2   2   1 # 2 # 613 # 1 # ID=1492_1;partial=10;start_type=Edge;rbs_motif=None;rbs_spacer=None;gc_cont=0.359	1399524
NODE_10997_length_674_cov_17.79_1   -          HTH_Tnp_1            PF01527.20   3.8e-07   29.0   0.0     6e-07   28.4   0.0   1.3   1   0   0   1   1   1   1 # 97 # 672 # 1 # ID=1589_1;partial=01;start_type=ATG;rbs_motif=AGGA;rbs_spacer=5-10bp;gc_cont=0.293	2380849
NODE_15939_length_519_cov_5.12069_1 -          Transposase_mut      PF00872.18   1.1e-62  210.7   0.0   1.2e-62  210.6   0.0   1.0   1   0   0   1   1   1   1 # 2 # 517 # -1 # ID=1818_1;partial=11;start_type=Edge;rbs_motif=None;rbs_spacer=None;gc_cont=0.640	54173
NODE_16901_length_499_cov_12.5766_1 -          HTH_Tnp_1            PF01527.20   1.6e-08   33.4   0.3    0.0035   16.3   0.1   2.4   2   1   0   2   2   2   2 # 2 # 472 # -1 # ID=1861_1;partial=10;start_type=ATG;rbs_motif=AGGAGG;rbs_spacer=5-10bp;gc_cont=0.573	30103
NODE_17761_length_482_cov_1.46604_1 -          DDE_Tnp_ISL3         PF01610.17   1.3e-10   40.1   0.0   2.1e-10   39.4   0.0   1.3   1   0   0   1   1   1   1 # 1 # 480 # 1 # ID=1888_1;partial=11;start_type=Edge;rbs_motif=None;rbs_spacer=None;gc_cont=0.681	660623
NODE_17761_length_482_cov_1.46604_1 -          HTH_Tnp_ISL3         PF13542.6    3.3e-07   28.3   0.8   3.3e-07   28.3   0.8   1.8   2   0   0   2   2   2   1 # 1 # 480 # 1 # ID=1888_1;partial=11;start_type=Edge;rbs_motif=None;rbs_spacer=None;gc_cont=0.681	660623
NODE_18903_length_464_cov_97.8973_1 -          HTH_Tnp_1            PF01527.20   1.8e-06   26.8   0.1   3.2e-06   26.1   0.1   1.6   1   1   0   1   1   1   1 # 2 # 385 # 1 # ID=1933_1;partial=10;start_type=Edge;rbs_motif=None;rbs_spacer=None;gc_cont=0.516	49534
NODE_21106_length_433_cov_8.27513_1 -          Transposase_mut      PF00872.18   1.7e-29  101.5   0.0   1.9e-29  101.3   0.0   1.0   1   0   0   1   1   1   1 # 105 # 431 # -1 # ID=2000_1;partial=01;start_type=Edge;rbs_motif=None;rbs_spacer=None;gc_cont=0.621	929520
NODE_21561_length_427_cov_2.04032_1 -          zf-ISL3              PF14690.6      1e-09   37.6   3.1   1.5e-09   37.0   3.1   1.3   1   0   0   1   1   1   1 # 141 # 425 # 1 # ID=2012_1;partial=01;start_type=GTG;rbs_motif=GGA/GAG/AGG;rbs_spacer=5-10bp;gc_cont=0.691	660623
NODE_24778_length_393_cov_1.79882_1 -          DDE_Tnp_ISL3         PF01610.17   7.3e-16   57.3   0.9   8.4e-16   57.1   0.9   1.0   1   0   0   1   1   1   1 # 3 # 287 # 1 # ID=2118_1;partial=10;start_type=Edge;rbs_motif=None;rbs_spacer=None;gc_cont=0.351	199066
NODE_32300_length_338_cov_1.65371_1 -          HTH_Tnp_1            PF01527.20   1.2e-08   33.8   0.4   1.6e-08   33.4   0.4   1.2   1   0   0   1   1   1   1 # 3 # 293 # -1 # ID=2294_1;partial=10;start_type=TTG;rbs_motif=GGAG/GAGG;rbs_spacer=5-10bp;gc_cont=0.660	6718644
NODE_32884_length_335_cov_26.075_1  -          DDE_Tnp_ISL3         PF01610.17   5.1e-22   77.4   0.6   5.7e-22   77.3   0.6   1.0   1   0   0   1   1   1   1 # 1 # 333 # 1 # ID=2309_1;partial=11;start_type=Edge;rbs_motif=None;rbs_spacer=None;gc_cont=0.342	358542
NODE_60229_length_243_cov_10.2181_1 -          Y1_Tnp               PF01797.16   3.4e-24   84.0   0.0   3.6e-24   83.9   0.0   1.0   1   0   0   1   1   1   1 # 3 # 242 # 1 # ID=2784_1;partial=11;start_type=Edge;rbs_motif=None;rbs_spacer=None;gc_cont=0.292	1399524
