NODE_2_length_143420_cov_5.95711_55  -          OrfB_IS605           PF01385.19   1.5e-24   86.2   1.0   5.9e-24   84.3   0.1   2.1   2   0   0   2   2   2   1 # 56647 # 57756 # -1 # ID=2_55;partial=00;start_type=ATG;rbs_motif=TAA;rbs_spacer=10bp;gc_cont=0.376	3298979
NODE_2_length_143420_cov_5.95711_30  -          OrfB_IS605           PF01385.19     3e-24   85.3   2.4   5.7e-24   84.3   0.5   2.2   2   0   0   2   2   2   1 # 30153 # 31304 # -1 # ID=2_30;partial=00;start_type=ATG;rbs_motif=TAAAAA;rbs_spacer=15bp;gc_cont=0.362	3298979
NODE_2_length_143420_cov_5.95711_105 -          OrfB_IS605           PF01385.19   3.1e-16   59.4   0.1   6.9e-16   58.3   0.1   1.6   1   0   0   1   1   1   1 # 104930 # 106171 # -1 # ID=2_105;partial=00;start_type=ATG;rbs_motif=AATAA;rbs_spacer=6bp;gc_cont=0.332	3298979
NODE_2_length_143420_cov_5.95711_55  -          OrfB_Zn_ribbon       PF07282.11   8.5e-26   89.4   0.2   1.8e-25   88.3   0.2   1.6   1   0   0   1   1   1   1 # 56647 # 57756 # -1 # ID=2_55;partial=00;start_type=ATG;rbs_motif=TAA;rbs_spacer=10bp;gc_cont=0.376	3298979
NODE_2_length_143420_cov_5.95711_30  -          OrfB_Zn_ribbon       PF07282.11   2.8e-24   84.5   0.5   5.8e-24   83.5   0.5   1.6   1   0   0   1   1   1   1 # 30153 # 31304 # -1 # ID=2_30;partial=00;start_type=ATG;rbs_motif=TAAAAA;rbs_spacer=15bp;gc_cont=0.362	3298979
NODE_2_length_143420_cov_5.95711_105 -          OrfB_Zn_ribbon       PF07282.11   8.6e-08   31.7   0.0   1.9e-07   30.6   0.0   1.7   1   0   0   1   1   1   1 # 104930 # 106171 # -1 # ID=2_105;partial=00;start_type=ATG;rbs_motif=AATAA;rbs_spacer=6bp;gc_cont=0.332	3298979
NODE_2_length_143420_cov_5.95711_55  -          OrfB_IS605           PF01385.19   1.5e-24   86.2   1.0   5.9e-24   84.3   0.1   2.1   2   0   0   2   2   2   1 # 56647 # 57756 # -1 # ID=2_55;partial=00;start_type=ATG;rbs_motif=TAA;rbs_spacer=10bp;gc_cont=0.376	3298979
NODE_2_length_143420_cov_5.95711_30  -          OrfB_IS605           PF01385.19     3e-24   85.3   2.4   5.7e-24   84.3   0.5   2.2   2   0   0   2   2   2   1 # 30153 # 31304 # -1 # ID=2_30;partial=00;start_type=ATG;rbs_motif=TAAAAA;rbs_spacer=15bp;gc_cont=0.362	3298979
NODE_2_length_143420_cov_5.95711_105 -          OrfB_IS605           PF01385.19   3.1e-16   59.4   0.1   6.9e-16   58.3   0.1   1.6   1   0   0   1   1   1   1 # 104930 # 106171 # -1 # ID=2_105;partial=00;start_type=ATG;rbs_motif=AATAA;rbs_spacer=6bp;gc_cont=0.332	3298979
NODE_2_length_143420_cov_5.95711_55  -          OrfB_Zn_ribbon       PF07282.11   8.5e-26   89.4   0.2   1.8e-25   88.3   0.2   1.6   1   0   0   1   1   1   1 # 56647 # 57756 # -1 # ID=2_55;partial=00;start_type=ATG;rbs_motif=TAA;rbs_spacer=10bp;gc_cont=0.376	3298979
NODE_2_length_143420_cov_5.95711_30  -          OrfB_Zn_ribbon       PF07282.11   2.8e-24   84.5   0.5   5.8e-24   83.5   0.5   1.6   1   0   0   1   1   1   1 # 30153 # 31304 # -1 # ID=2_30;partial=00;start_type=ATG;rbs_motif=TAAAAA;rbs_spacer=15bp;gc_cont=0.362	3298979
NODE_2_length_143420_cov_5.95711_105 -          OrfB_Zn_ribbon       PF07282.11   8.6e-08   31.7   0.0   1.9e-07   30.6   0.0   1.7   1   0   0   1   1   1   1 # 104930 # 106171 # -1 # ID=2_105;partial=00;start_type=ATG;rbs_motif=AATAA;rbs_spacer=6bp;gc_cont=0.332	3298979
NODE_2_length_143420_cov_5.95711_55  -          OrfB_IS605           PF01385.19   1.5e-24   86.2   1.0   5.9e-24   84.3   0.1   2.1   2   0   0   2   2   2   1 # 56647 # 57756 # -1 # ID=2_55;partial=00;start_type=ATG;rbs_motif=TAA;rbs_spacer=10bp;gc_cont=0.376	3298979
NODE_2_length_143420_cov_5.95711_30  -          OrfB_IS605           PF01385.19     3e-24   85.3   2.4   5.7e-24   84.3   0.5   2.2   2   0   0   2   2   2   1 # 30153 # 31304 # -1 # ID=2_30;partial=00;start_type=ATG;rbs_motif=TAAAAA;rbs_spacer=15bp;gc_cont=0.362	3298979
NODE_2_length_143420_cov_5.95711_105 -          OrfB_IS605           PF01385.19   3.1e-16   59.4   0.1   6.9e-16   58.3   0.1   1.6   1   0   0   1   1   1   1 # 104930 # 106171 # -1 # ID=2_105;partial=00;start_type=ATG;rbs_motif=AATAA;rbs_spacer=6bp;gc_cont=0.332	3298979
NODE_2_length_143420_cov_5.95711_55  -          OrfB_Zn_ribbon       PF07282.11   8.5e-26   89.4   0.2   1.8e-25   88.3   0.2   1.6   1   0   0   1   1   1   1 # 56647 # 57756 # -1 # ID=2_55;partial=00;start_type=ATG;rbs_motif=TAA;rbs_spacer=10bp;gc_cont=0.376	3298979
NODE_2_length_143420_cov_5.95711_30  -          OrfB_Zn_ribbon       PF07282.11   2.8e-24   84.5   0.5   5.8e-24   83.5   0.5   1.6   1   0   0   1   1   1   1 # 30153 # 31304 # -1 # ID=2_30;partial=00;start_type=ATG;rbs_motif=TAAAAA;rbs_spacer=15bp;gc_cont=0.362	3298979
NODE_2_length_143420_cov_5.95711_105 -          OrfB_Zn_ribbon       PF07282.11   8.6e-08   31.7   0.0   1.9e-07   30.6   0.0   1.7   1   0   0   1   1   1   1 # 104930 # 106171 # -1 # ID=2_105;partial=00;start_type=ATG;rbs_motif=AATAA;rbs_spacer=6bp;gc_cont=0.332	3298979
NODE_3_length_137127_cov_29.5911_121 -          OrfB_IS605           PF01385.19     6e-26   90.7   0.4   1.8e-25   89.2   0.4   1.8   1   0   0   1   1   1   1 # 109963 # 111141 # 1 # ID=3_121;partial=00;start_type=ATG;rbs_motif=None;rbs_spacer=None;gc_cont=0.257	3815810
NODE_3_length_137127_cov_29.5911_162 -          OrfB_IS605           PF01385.19   1.6e-20   73.3   1.3   3.1e-20   72.3   1.3   1.5   1   0   0   1   1   1   1 # 135903 # 137000 # 1 # ID=3_162;partial=00;start_type=ATG;rbs_motif=None;rbs_spacer=None;gc_cont=0.266	3815810
NODE_3_length_137127_cov_29.5911_162 -          OrfB_Zn_ribbon       PF07282.11   5.4e-22   77.2   0.2   1.1e-21   76.2   0.2   1.6   1   0   0   1   1   1   1 # 135903 # 137000 # 1 # ID=3_162;partial=00;start_type=ATG;rbs_motif=None;rbs_spacer=None;gc_cont=0.266	3815810
NODE_3_length_137127_cov_29.5911_44  -          OrfB_Zn_ribbon       PF07282.11   1.3e-10   40.8   0.0   3.5e-10   39.4   0.0   1.8   1   0   0   1   1   1   1 # 25252 # 26610 # 1 # ID=3_44;partial=00;start_type=ATG;rbs_motif=None;rbs_spacer=None;gc_cont=0.325	3815810
NODE_3_length_137127_cov_29.5911_121 -          OrfB_Zn_ribbon       PF07282.11     4e-10   39.2   0.1   8.6e-10   38.1   0.1   1.6   1   0   0   1   1   1   1 # 109963 # 111141 # 1 # ID=3_121;partial=00;start_type=ATG;rbs_motif=None;rbs_spacer=None;gc_cont=0.257	3815810
NODE_26_length_59264_cov_11.0757_60 -          Y1_Tnp               PF01797.16   6.8e-13   48.5   0.6   9.1e-13   48.1   0.6   1.1   1   0   0   1   1   1   1 # 58663 # 59193 # -1 # ID=23_60;partial=00;start_type=ATG;rbs_motif=GGA/GAG/AGG;rbs_spacer=5-10bp;gc_cont=0.324	463119
NODE_26_length_59264_cov_11.0757_60 -          Y1_Tnp               PF01797.16   6.8e-13   48.5   0.6   9.1e-13   48.1   0.6   1.1   1   0   0   1   1   1   1 # 58663 # 59193 # -1 # ID=23_60;partial=00;start_type=ATG;rbs_motif=GGA/GAG/AGG;rbs_spacer=5-10bp;gc_cont=0.324	463119
NODE_26_length_59264_cov_11.0757_60 -          Y1_Tnp               PF01797.16   6.8e-13   48.5   0.6   9.1e-13   48.1   0.6   1.1   1   0   0   1   1   1   1 # 58663 # 59193 # -1 # ID=23_60;partial=00;start_type=ATG;rbs_motif=GGA/GAG/AGG;rbs_spacer=5-10bp;gc_cont=0.324	719917
NODE_26_length_59264_cov_11.0757_60 -          Y1_Tnp               PF01797.16   6.8e-13   48.5   0.6   9.1e-13   48.1   0.6   1.1   1   0   0   1   1   1   1 # 58663 # 59193 # -1 # ID=23_60;partial=00;start_type=ATG;rbs_motif=GGA/GAG/AGG;rbs_spacer=5-10bp;gc_cont=0.324	4166915
NODE_26_length_59264_cov_11.0757_60 -          Y1_Tnp               PF01797.16   6.8e-13   48.5   0.6   9.1e-13   48.1   0.6   1.1   1   0   0   1   1   1   1 # 58663 # 59193 # -1 # ID=23_60;partial=00;start_type=ATG;rbs_motif=GGA/GAG/AGG;rbs_spacer=5-10bp;gc_cont=0.324	4166915
NODE_26_length_59264_cov_11.0757_60 -          Y1_Tnp               PF01797.16   6.8e-13   48.5   0.6   9.1e-13   48.1   0.6   1.1   1   0   0   1   1   1   1 # 58663 # 59193 # -1 # ID=23_60;partial=00;start_type=ATG;rbs_motif=GGA/GAG/AGG;rbs_spacer=5-10bp;gc_cont=0.324	4166915
NODE_71_length_35626_cov_7.59557_6  -          Y1_Tnp               PF01797.16   2.7e-09   36.9   0.7   2.7e-09   36.9   0.7   1.8   1   1   1   2   2   2   1 # 5738 # 6289 # -1 # ID=65_6;partial=00;start_type=ATG;rbs_motif=AAAA;rbs_spacer=4bp;gc_cont=0.283	118949
NODE_71_length_35626_cov_7.59557_6  -          Y1_Tnp               PF01797.16   2.7e-09   36.9   0.7   2.7e-09   36.9   0.7   1.8   1   1   1   2   2   2   1 # 5738 # 6289 # -1 # ID=65_6;partial=00;start_type=ATG;rbs_motif=AAAA;rbs_spacer=4bp;gc_cont=0.283	1464299
NODE_71_length_35626_cov_7.59557_6  -          Y1_Tnp               PF01797.16   2.7e-09   36.9   0.7   2.7e-09   36.9   0.7   1.8   1   1   1   2   2   2   1 # 5738 # 6289 # -1 # ID=65_6;partial=00;start_type=ATG;rbs_motif=AAAA;rbs_spacer=4bp;gc_cont=0.283	131779
NODE_71_length_35626_cov_7.59557_6  -          Y1_Tnp               PF01797.16   2.7e-09   36.9   0.7   2.7e-09   36.9   0.7   1.8   1   1   1   2   2   2   1 # 5738 # 6289 # -1 # ID=65_6;partial=00;start_type=ATG;rbs_motif=AAAA;rbs_spacer=4bp;gc_cont=0.283	4385750
NODE_71_length_35626_cov_7.59557_6  -          Y1_Tnp               PF01797.16   2.7e-09   36.9   0.7   2.7e-09   36.9   0.7   1.8   1   1   1   2   2   2   1 # 5738 # 6289 # -1 # ID=65_6;partial=00;start_type=ATG;rbs_motif=AAAA;rbs_spacer=4bp;gc_cont=0.283	4173134
NODE_71_length_35626_cov_7.59557_6  -          Y1_Tnp               PF01797.16   2.7e-09   36.9   0.7   2.7e-09   36.9   0.7   1.8   1   1   1   2   2   2   1 # 5738 # 6289 # -1 # ID=65_6;partial=00;start_type=ATG;rbs_motif=AAAA;rbs_spacer=4bp;gc_cont=0.283	5234915
NODE_71_length_35626_cov_7.59557_6  -          Y1_Tnp               PF01797.16   2.7e-09   36.9   0.7   2.7e-09   36.9   0.7   1.8   1   1   1   2   2   2   1 # 5738 # 6289 # -1 # ID=65_6;partial=00;start_type=ATG;rbs_motif=AAAA;rbs_spacer=4bp;gc_cont=0.283	224581
NODE_85_length_32404_cov_8.35191_26  -          Zn_Tnp_IS1595        PF12760.7    7.1e-06   25.6   2.3   1.1e-05   25.0   2.3   1.4   1   0   0   1   1   1   1 # 31745 # 31933 # -1 # ID=77_26;partial=00;start_type=TTG;rbs_motif=AATAA;rbs_spacer=10bp;gc_cont=0.333	2618764
NODE_85_length_32404_cov_8.35191_26  -          Zn_Tnp_IS1595        PF12760.7    7.1e-06   25.6   2.3   1.1e-05   25.0   2.3   1.4   1   0   0   1   1   1   1 # 31745 # 31933 # -1 # ID=77_26;partial=00;start_type=TTG;rbs_motif=AATAA;rbs_spacer=10bp;gc_cont=0.333	2618764
NODE_98_length_29022_cov_6.00801_1   -          DUF4096              PF13340.6    1.3e-12   47.5   0.2   1.9e-12   46.9   0.2   1.2   1   0   0   1   1   1   1 # 2 # 367 # -1 # ID=88_1;partial=10;start_type=TTG;rbs_motif=AAAAA;rbs_spacer=9bp;gc_cont=0.309	4988833
NODE_98_length_29022_cov_6.00801_1   -          DUF4096              PF13340.6    1.3e-12   47.5   0.2   1.9e-12   46.9   0.2   1.2   1   0   0   1   1   1   1 # 2 # 367 # -1 # ID=88_1;partial=10;start_type=TTG;rbs_motif=AAAAA;rbs_spacer=9bp;gc_cont=0.309	5123278
NODE_98_length_29022_cov_6.00801_1   -          DUF4096              PF13340.6    1.3e-12   47.5   0.2   1.9e-12   46.9   0.2   1.2   1   0   0   1   1   1   1 # 2 # 367 # -1 # ID=88_1;partial=10;start_type=TTG;rbs_motif=AAAAA;rbs_spacer=9bp;gc_cont=0.309	6294110
NODE_98_length_29022_cov_6.00801_1   -          DUF4096              PF13340.6    1.3e-12   47.5   0.2   1.9e-12   46.9   0.2   1.2   1   0   0   1   1   1   1 # 2 # 367 # -1 # ID=88_1;partial=10;start_type=TTG;rbs_motif=AAAAA;rbs_spacer=9bp;gc_cont=0.309	6294110
NODE_98_length_29022_cov_6.00801_1   -          DUF4096              PF13340.6    1.3e-12   47.5   0.2   1.9e-12   46.9   0.2   1.2   1   0   0   1   1   1   1 # 2 # 367 # -1 # ID=88_1;partial=10;start_type=TTG;rbs_motif=AAAAA;rbs_spacer=9bp;gc_cont=0.309	3394237
NODE_138_length_21132_cov_14.2109_11 -          DDE_Tnp_IS1595       PF12762.7    8.6e-49  165.2   0.3   1.2e-48  164.7   0.3   1.2   1   0   0   1   1   1   1 # 9678 # 10763 # -1 # ID=119_11;partial=00;start_type=ATG;rbs_motif=None;rbs_spacer=None;gc_cont=0.384	443996
NODE_138_length_21132_cov_14.2109_21 -          DDE_Tnp_IS1595       PF12762.7    2.8e-44  150.5   1.4     4e-44  150.0   1.4   1.2   1   0   0   1   1   1   1 # 16373 # 17410 # 1 # ID=119_21;partial=00;start_type=ATG;rbs_motif=None;rbs_spacer=None;gc_cont=0.389	443996
NODE_138_length_21132_cov_14.2109_21 -          Zn_Tnp_IS1595        PF12760.7      3e-16   58.8   4.9     3e-16   58.8   4.9   2.0   2   0   0   2   2   2   1 # 16373 # 17410 # 1 # ID=119_21;partial=00;start_type=ATG;rbs_motif=None;rbs_spacer=None;gc_cont=0.389	443996
NODE_138_length_21132_cov_14.2109_11 -          Zn_Tnp_IS1595        PF12760.7    1.7e-14   53.2   5.5     4e-14   52.0   5.5   1.7   1   0   0   1   1   1   1 # 9678 # 10763 # -1 # ID=119_11;partial=00;start_type=ATG;rbs_motif=None;rbs_spacer=None;gc_cont=0.384	443996
NODE_138_length_21132_cov_14.2109_11 -          DDE_Tnp_IS1595       PF12762.7    8.6e-49  165.2   0.3   1.2e-48  164.7   0.3   1.2   1   0   0   1   1   1   1 # 9678 # 10763 # -1 # ID=119_11;partial=00;start_type=ATG;rbs_motif=None;rbs_spacer=None;gc_cont=0.384	443996
NODE_138_length_21132_cov_14.2109_21 -          DDE_Tnp_IS1595       PF12762.7    2.8e-44  150.5   1.4     4e-44  150.0   1.4   1.2   1   0   0   1   1   1   1 # 16373 # 17410 # 1 # ID=119_21;partial=00;start_type=ATG;rbs_motif=None;rbs_spacer=None;gc_cont=0.389	443996
NODE_138_length_21132_cov_14.2109_21 -          Zn_Tnp_IS1595        PF12760.7      3e-16   58.8   4.9     3e-16   58.8   4.9   2.0   2   0   0   2   2   2   1 # 16373 # 17410 # 1 # ID=119_21;partial=00;start_type=ATG;rbs_motif=None;rbs_spacer=None;gc_cont=0.389	443996
NODE_138_length_21132_cov_14.2109_11 -          Zn_Tnp_IS1595        PF12760.7    1.7e-14   53.2   5.5     4e-14   52.0   5.5   1.7   1   0   0   1   1   1   1 # 9678 # 10763 # -1 # ID=119_11;partial=00;start_type=ATG;rbs_motif=None;rbs_spacer=None;gc_cont=0.384	443996
NODE_221_length_15889_cov_11.0381_1 -          DDE_Tnp_IS240        PF13610.6    1.2e-07   31.7   0.3   2.2e-07   30.9   0.1   1.5   2   0   0   2   2   2   1 # 3 # 767 # 1 # ID=176_1;partial=10;start_type=Edge;rbs_motif=None;rbs_spacer=None;gc_cont=0.375	132265
NODE_221_length_15889_cov_11.0381_1 -          DDE_Tnp_IS240        PF13610.6    1.2e-07   31.7   0.3   2.2e-07   30.9   0.1   1.5   2   0   0   2   2   2   1 # 3 # 767 # 1 # ID=176_1;partial=10;start_type=Edge;rbs_motif=None;rbs_spacer=None;gc_cont=0.375	2115140
NODE_292_length_12360_cov_6.49793_1  -          DUF4096              PF13340.6    2.6e-06   27.2   1.3   4.1e-06   26.6   1.3   1.3   1   0   0   1   1   1   1 # 1 # 303 # 1 # ID=222_1;partial=10;start_type=Edge;rbs_motif=None;rbs_spacer=None;gc_cont=0.347	2526604
NODE_292_length_12360_cov_6.49793_1  -          DUF4096              PF13340.6    2.6e-06   27.2   1.3   4.1e-06   26.6   1.3   1.3   1   0   0   1   1   1   1 # 1 # 303 # 1 # ID=222_1;partial=10;start_type=Edge;rbs_motif=None;rbs_spacer=None;gc_cont=0.347	376903
NODE_292_length_12360_cov_6.49793_1  -          DUF4096              PF13340.6    2.6e-06   27.2   1.3   4.1e-06   26.6   1.3   1.3   1   0   0   1   1   1   1 # 1 # 303 # 1 # ID=222_1;partial=10;start_type=Edge;rbs_motif=None;rbs_spacer=None;gc_cont=0.347	360567
NODE_318_length_11701_cov_10.4055_16 -          DDE_Tnp_1            PF01609.21   5.2e-10   39.0   0.0   1.8e-09   37.2   0.0   1.7   1   1   0   1   1   1   1 # 10766 # 11263 # 1 # ID=234_16;partial=00;start_type=TTG;rbs_motif=None;rbs_spacer=None;gc_cont=0.335	3815734
NODE_318_length_11701_cov_10.4055_16 -          DDE_Tnp_1_2          PF13586.6    4.8e-08   33.0   0.0   7.7e-08   32.3   0.0   1.4   1   0   0   1   1   1   1 # 10766 # 11263 # 1 # ID=234_16;partial=00;start_type=TTG;rbs_motif=None;rbs_spacer=None;gc_cont=0.335	3815734
NODE_318_length_11701_cov_10.4055_16 -          DDE_Tnp_1            PF01609.21   5.2e-10   39.0   0.0   1.8e-09   37.2   0.0   1.7   1   1   0   1   1   1   1 # 10766 # 11263 # 1 # ID=234_16;partial=00;start_type=TTG;rbs_motif=None;rbs_spacer=None;gc_cont=0.335	4192330
NODE_318_length_11701_cov_10.4055_16 -          DDE_Tnp_1_2          PF13586.6    4.8e-08   33.0   0.0   7.7e-08   32.3   0.0   1.4   1   0   0   1   1   1   1 # 10766 # 11263 # 1 # ID=234_16;partial=00;start_type=TTG;rbs_motif=None;rbs_spacer=None;gc_cont=0.335	4192330
NODE_318_length_11701_cov_10.4055_16 -          DDE_Tnp_1            PF01609.21   5.2e-10   39.0   0.0   1.8e-09   37.2   0.0   1.7   1   1   0   1   1   1   1 # 10766 # 11263 # 1 # ID=234_16;partial=00;start_type=TTG;rbs_motif=None;rbs_spacer=None;gc_cont=0.335	4192330
NODE_318_length_11701_cov_10.4055_16 -          DDE_Tnp_1_2          PF13586.6    4.8e-08   33.0   0.0   7.7e-08   32.3   0.0   1.4   1   0   0   1   1   1   1 # 10766 # 11263 # 1 # ID=234_16;partial=00;start_type=TTG;rbs_motif=None;rbs_spacer=None;gc_cont=0.335	4192330
NODE_318_length_11701_cov_10.4055_16 -          DDE_Tnp_1            PF01609.21   5.2e-10   39.0   0.0   1.8e-09   37.2   0.0   1.7   1   1   0   1   1   1   1 # 10766 # 11263 # 1 # ID=234_16;partial=00;start_type=TTG;rbs_motif=None;rbs_spacer=None;gc_cont=0.335	5819924
NODE_318_length_11701_cov_10.4055_16 -          DDE_Tnp_1_2          PF13586.6    4.8e-08   33.0   0.0   7.7e-08   32.3   0.0   1.4   1   0   0   1   1   1   1 # 10766 # 11263 # 1 # ID=234_16;partial=00;start_type=TTG;rbs_motif=None;rbs_spacer=None;gc_cont=0.335	5819924
NODE_318_length_11701_cov_10.4055_16 -          DDE_Tnp_1            PF01609.21   5.2e-10   39.0   0.0   1.8e-09   37.2   0.0   1.7   1   1   0   1   1   1   1 # 10766 # 11263 # 1 # ID=234_16;partial=00;start_type=TTG;rbs_motif=None;rbs_spacer=None;gc_cont=0.335	3815754
NODE_318_length_11701_cov_10.4055_16 -          DDE_Tnp_1_2          PF13586.6    4.8e-08   33.0   0.0   7.7e-08   32.3   0.0   1.4   1   0   0   1   1   1   1 # 10766 # 11263 # 1 # ID=234_16;partial=00;start_type=TTG;rbs_motif=None;rbs_spacer=None;gc_cont=0.335	3815754
NODE_318_length_11701_cov_10.4055_16 -          DDE_Tnp_1            PF01609.21   5.2e-10   39.0   0.0   1.8e-09   37.2   0.0   1.7   1   1   0   1   1   1   1 # 10766 # 11263 # 1 # ID=234_16;partial=00;start_type=TTG;rbs_motif=None;rbs_spacer=None;gc_cont=0.335	3815754
NODE_318_length_11701_cov_10.4055_16 -          DDE_Tnp_1_2          PF13586.6    4.8e-08   33.0   0.0   7.7e-08   32.3   0.0   1.4   1   0   0   1   1   1   1 # 10766 # 11263 # 1 # ID=234_16;partial=00;start_type=TTG;rbs_motif=None;rbs_spacer=None;gc_cont=0.335	3815754
NODE_412_length_9694_cov_18.0487_9 -          zf-ISL3              PF14690.6    8.7e-08   32.4   1.7   1.8e-07   31.4   1.7   1.5   1   0   0   1   1   1   1 # 8910 # 9341 # -1 # ID=264_9;partial=00;start_type=TTG;rbs_motif=None;rbs_spacer=None;gc_cont=0.410	2221490
NODE_476_length_8898_cov_13.2922_8  -          DDE_Tnp_IS240        PF13610.6    5.9e-07   29.5   0.3   1.1e-06   28.6   0.0   1.6   2   0   0   2   2   2   1 # 7979 # 8896 # -1 # ID=285_8;partial=01;start_type=Edge;rbs_motif=None;rbs_spacer=None;gc_cont=0.533	48275
NODE_476_length_8898_cov_13.2922_8  -          DDE_Tnp_IS240        PF13610.6    5.9e-07   29.5   0.3   1.1e-06   28.6   0.0   1.6   2   0   0   2   2   2   1 # 7979 # 8896 # -1 # ID=285_8;partial=01;start_type=Edge;rbs_motif=None;rbs_spacer=None;gc_cont=0.533	11606
NODE_623_length_7481_cov_6.58322_6   -          DDE_Tnp_1            PF01609.21   3.2e-19   69.2   0.1   4.7e-19   68.6   0.1   1.2   1   0   0   1   1   1   1 # 4267 # 5049 # -1 # ID=345_6;partial=00;start_type=GTG;rbs_motif=GGAG/GAGG;rbs_spacer=5-10bp;gc_cont=0.406	443991
NODE_623_length_7481_cov_6.58322_6  -          DDE_Tnp_1_6          PF13751.6    6.7e-23   81.0   4.8   9.7e-23   80.5   4.8   1.2   1   0   0   1   1   1   1 # 4267 # 5049 # -1 # ID=345_6;partial=00;start_type=GTG;rbs_motif=GGAG/GAGG;rbs_spacer=5-10bp;gc_cont=0.406	443991
NODE_623_length_7481_cov_6.58322_7  -          DUF772               PF05598.11   1.6e-20   72.6   0.1   3.5e-20   71.5   0.0   1.6   2   0   0   2   2   2   1 # 5151 # 5717 # -1 # ID=345_7;partial=00;start_type=ATG;rbs_motif=GGAG/GAGG;rbs_spacer=5-10bp;gc_cont=0.393	443991
NODE_705_length_6916_cov_9.45504_2   -          HTH_Tnp_1            PF01527.20   8.4e-17   61.0   4.0   1.1e-16   60.6   4.0   1.2   1   0   0   1   1   1   1 # 208 # 492 # -1 # ID=370_2;partial=00;start_type=ATG;rbs_motif=AGGA;rbs_spacer=5-10bp;gc_cont=0.579	180910
NODE_705_length_6916_cov_9.45504_2  -          HTH_Tnp_ISL3         PF13542.6    2.1e-06   26.8   0.0   2.8e-06   26.4   0.0   1.2   1   0   0   1   1   1   1 # 208 # 492 # -1 # ID=370_2;partial=00;start_type=ATG;rbs_motif=AGGA;rbs_spacer=5-10bp;gc_cont=0.579	180910
NODE_823_length_6255_cov_5.64468_5  -          Y1_Tnp               PF01797.16   8.3e-13   48.2   1.4   9.6e-13   48.0   0.9   1.4   2   0   0   2   2   2   1 # 5573 # 6067 # -1 # ID=410_5;partial=00;start_type=ATG;rbs_motif=GGA/GAG/AGG;rbs_spacer=5-10bp;gc_cont=0.442	139276
NODE_823_length_6255_cov_5.64468_5  -          Y1_Tnp               PF01797.16   8.3e-13   48.2   1.4   9.6e-13   48.0   0.9   1.4   2   0   0   2   2   2   1 # 5573 # 6067 # -1 # ID=410_5;partial=00;start_type=ATG;rbs_motif=GGA/GAG/AGG;rbs_spacer=5-10bp;gc_cont=0.442	139276
NODE_1143_length_5156_cov_2.36169_7  -          OrfB_IS605           PF01385.19   1.1e-19   70.5   0.4   1.1e-19   70.5   0.4   2.5   2   1   0   2   2   2   1 # 4392 # 5156 # 1 # ID=506_7;partial=01;start_type=ATG;rbs_motif=GGAGG;rbs_spacer=5-10bp;gc_cont=0.252	631726
NODE_1179_length_5064_cov_14.4446_7  -          HTH_Tnp_1            PF01527.20     4e-10   39.6   0.0   7.8e-05   22.6   0.1   2.1   1   1   1   2   2   2   2 # 4712 # 5062 # -1 # ID=516_7;partial=01;start_type=Edge;rbs_motif=None;rbs_spacer=None;gc_cont=0.658	2127091
NODE_1179_length_5064_cov_14.4446_7 -          HTH_Tnp_ISL3         PF13542.6    4.3e-06   25.7   0.2    0.0036   16.4   0.0   2.3   2   0   0   2   2   2   2 # 4712 # 5062 # -1 # ID=516_7;partial=01;start_type=Edge;rbs_motif=None;rbs_spacer=None;gc_cont=0.658	2127091
NODE_1179_length_5064_cov_14.4446_7  -          HTH_Tnp_1            PF01527.20     4e-10   39.6   0.0   7.8e-05   22.6   0.1   2.1   1   1   1   2   2   2   2 # 4712 # 5062 # -1 # ID=516_7;partial=01;start_type=Edge;rbs_motif=None;rbs_spacer=None;gc_cont=0.658	5819965
NODE_1179_length_5064_cov_14.4446_7 -          HTH_Tnp_ISL3         PF13542.6    4.3e-06   25.7   0.2    0.0036   16.4   0.0   2.3   2   0   0   2   2   2   2 # 4712 # 5062 # -1 # ID=516_7;partial=01;start_type=Edge;rbs_motif=None;rbs_spacer=None;gc_cont=0.658	5819965
NODE_1414_length_4513_cov_19.2149_2  -          DDE_Tnp_4            PF13359.6    8.8e-12   44.7   0.0   6.9e-11   41.8   0.0   2.0   2   0   0   2   2   2   1 # 209 # 913 # 1 # ID=576_2;partial=00;start_type=GTG;rbs_motif=None;rbs_spacer=None;gc_cont=0.582	162178
NODE_2244_length_3256_cov_12.6926_3  -          OrfB_IS605           PF01385.19   2.9e-17   62.7   0.1     1e-16   60.9   0.1   1.9   1   0   0   1   1   1   1 # 790 # 2412 # 1 # ID=743_3;partial=00;start_type=ATG;rbs_motif=GGAGG;rbs_spacer=5-10bp;gc_cont=0.502	965809
NODE_2244_length_3256_cov_12.6926_3  -          OrfB_Zn_ribbon       PF07282.11   1.4e-22   79.1   1.1   2.6e-22   78.2   1.1   1.5   1   0   0   1   1   1   1 # 790 # 2412 # 1 # ID=743_3;partial=00;start_type=ATG;rbs_motif=GGAGG;rbs_spacer=5-10bp;gc_cont=0.502	965809
NODE_2244_length_3256_cov_12.6926_3  -          OrfB_IS605           PF01385.19   2.9e-17   62.7   0.1     1e-16   60.9   0.1   1.9   1   0   0   1   1   1   1 # 790 # 2412 # 1 # ID=743_3;partial=00;start_type=ATG;rbs_motif=GGAGG;rbs_spacer=5-10bp;gc_cont=0.502	965809
NODE_2244_length_3256_cov_12.6926_3  -          OrfB_Zn_ribbon       PF07282.11   1.4e-22   79.1   1.1   2.6e-22   78.2   1.1   1.5   1   0   0   1   1   1   1 # 790 # 2412 # 1 # ID=743_3;partial=00;start_type=ATG;rbs_motif=GGAGG;rbs_spacer=5-10bp;gc_cont=0.502	965809
NODE_2244_length_3256_cov_12.6926_3  -          OrfB_IS605           PF01385.19   2.9e-17   62.7   0.1     1e-16   60.9   0.1   1.9   1   0   0   1   1   1   1 # 790 # 2412 # 1 # ID=743_3;partial=00;start_type=ATG;rbs_motif=GGAGG;rbs_spacer=5-10bp;gc_cont=0.502	965809
NODE_2244_length_3256_cov_12.6926_3  -          OrfB_Zn_ribbon       PF07282.11   1.4e-22   79.1   1.1   2.6e-22   78.2   1.1   1.5   1   0   0   1   1   1   1 # 790 # 2412 # 1 # ID=743_3;partial=00;start_type=ATG;rbs_motif=GGAGG;rbs_spacer=5-10bp;gc_cont=0.502	965809
NODE_2560_length_2969_cov_3.98662_3 -          Y1_Tnp               PF01797.16   7.6e-23   80.6   0.1     9e-23   80.4   0.1   1.1   1   0   0   1   1   1   1 # 2616 # 2906 # 1 # ID=800_3;partial=00;start_type=ATG;rbs_motif=GGAG/GAGG;rbs_spacer=5-10bp;gc_cont=0.375	406929
NODE_3071_length_2631_cov_5.34239_1  -          DDE_Tnp_1            PF01609.21   3.4e-13   49.5   0.2     1e-12   47.9   0.2   1.6   1   1   0   1   1   1   1 # 1 # 528 # 1 # ID=894_1;partial=10;start_type=Edge;rbs_motif=None;rbs_spacer=None;gc_cont=0.619	385319
NODE_3071_length_2631_cov_5.34239_1  -          DDE_Tnp_4            PF13359.6    1.6e-28   99.0   0.0   1.9e-28   98.8   0.0   1.0   1   0   0   1   1   1   1 # 1 # 528 # 1 # ID=894_1;partial=10;start_type=Edge;rbs_motif=None;rbs_spacer=None;gc_cont=0.619	385319
NODE_3097_length_2614_cov_8.68152_4 -          DEDD_Tnp_IS110       PF01548.17   1.1e-13   51.0   0.0   1.2e-13   50.9   0.0   1.0   1   0   0   1   1   1   1 # 2398 # 2613 # 1 # ID=895_4;partial=01;start_type=ATG;rbs_motif=GGAG/GAGG;rbs_spacer=5-10bp;gc_cont=0.657	126045
NODE_3718_length_2306_cov_6.08707_2  -          HTH_Tnp_1            PF01527.20   5.1e-08   32.8   1.7     1e-07   31.8   0.6   2.1   2   0   0   2   2   2   1 # 271 # 801 # 1 # ID=994_2;partial=00;start_type=ATG;rbs_motif=GGA/GAG/AGG;rbs_spacer=11-12bp;gc_cont=0.322	2221479
NODE_4321_length_2059_cov_9.29242_3 -          DDE_Tnp_IS240        PF13610.6    1.9e-06   27.8   0.0   3.4e-06   27.0   0.0   1.4   1   0   0   1   1   1   1 # 674 # 1342 # -1 # ID=1061_3;partial=00;start_type=ATG;rbs_motif=None;rbs_spacer=None;gc_cont=0.372	2299987
NODE_4446_length_2019_cov_11.1222_2  -          HTH_Tnp_1            PF01527.20   1.4e-16   60.3   2.8   1.7e-16   59.9   2.8   1.2   1   0   0   1   1   1   1 # 691 # 975 # 1 # ID=1083_2;partial=00;start_type=ATG;rbs_motif=AGGA;rbs_spacer=5-10bp;gc_cont=0.568	730404
NODE_4964_length_1864_cov_6.30182_1  -          DDE_Tnp_IS1595       PF12762.7    3.2e-34  117.9   0.0   3.8e-34  117.6   0.0   1.1   1   0   0   1   1   1   1 # 224 # 832 # -1 # ID=1148_1;partial=00;start_type=TTG;rbs_motif=3Base/5BMM;rbs_spacer=13-15bp;gc_cont=0.427	4188615
NODE_5455_length_1748_cov_10.8825_1  -          DDE_Tnp_1            PF01609.21   1.1e-06   28.1   0.1   1.2e-06   28.0   0.1   1.0   1   0   0   1   1   1   1 # 1 # 168 # 1 # ID=1213_1;partial=10;start_type=Edge;rbs_motif=None;rbs_spacer=None;gc_cont=0.530	181998
NODE_5455_length_1748_cov_10.8825_1 -          DDE_Tnp_1_6          PF13751.6    2.3e-06   27.5   0.1   2.5e-06   27.4   0.1   1.0   1   0   0   1   1   1   1 # 1 # 168 # 1 # ID=1213_1;partial=10;start_type=Edge;rbs_motif=None;rbs_spacer=None;gc_cont=0.530	181998
NODE_5455_length_1748_cov_10.8825_1  -          DDE_Tnp_1            PF01609.21   1.1e-06   28.1   0.1   1.2e-06   28.0   0.1   1.0   1   0   0   1   1   1   1 # 1 # 168 # 1 # ID=1213_1;partial=10;start_type=Edge;rbs_motif=None;rbs_spacer=None;gc_cont=0.530	24794
NODE_5455_length_1748_cov_10.8825_1 -          DDE_Tnp_1_6          PF13751.6    2.3e-06   27.5   0.1   2.5e-06   27.4   0.1   1.0   1   0   0   1   1   1   1 # 1 # 168 # 1 # ID=1213_1;partial=10;start_type=Edge;rbs_motif=None;rbs_spacer=None;gc_cont=0.530	24794
NODE_5455_length_1748_cov_10.8825_1  -          DDE_Tnp_1            PF01609.21   1.1e-06   28.1   0.1   1.2e-06   28.0   0.1   1.0   1   0   0   1   1   1   1 # 1 # 168 # 1 # ID=1213_1;partial=10;start_type=Edge;rbs_motif=None;rbs_spacer=None;gc_cont=0.530	544498
NODE_5455_length_1748_cov_10.8825_1 -          DDE_Tnp_1_6          PF13751.6    2.3e-06   27.5   0.1   2.5e-06   27.4   0.1   1.0   1   0   0   1   1   1   1 # 1 # 168 # 1 # ID=1213_1;partial=10;start_type=Edge;rbs_motif=None;rbs_spacer=None;gc_cont=0.530	544498
NODE_6029_length_1622_cov_3.89087_1 -          Y2_Tnp               PF04986.13   3.1e-18   66.2   0.0   4.2e-18   65.8   0.0   1.2   1   0   0   1   1   1   1 # 177 # 746 # -1 # ID=1270_1;partial=00;start_type=GTG;rbs_motif=None;rbs_spacer=None;gc_cont=0.256	5819989
NODE_6029_length_1622_cov_3.89087_2 -          Y2_Tnp               PF04986.13   2.1e-09   37.4   0.3   2.1e-09   37.4   0.3   1.9   2   1   0   2   2   2   1 # 756 # 1382 # -1 # ID=1270_2;partial=00;start_type=ATG;rbs_motif=AGGAG;rbs_spacer=5-10bp;gc_cont=0.297	5819989
NODE_6029_length_1622_cov_3.89087_2 -          Zn_Tnp_IS91          PF14319.6    3.5e-25   87.6   0.8   6.5e-25   86.7   0.8   1.4   1   0   0   1   1   1   1 # 756 # 1382 # -1 # ID=1270_2;partial=00;start_type=ATG;rbs_motif=AGGAG;rbs_spacer=5-10bp;gc_cont=0.297	5819989
NODE_6289_length_1571_cov_2.68206_3 -          DDE_Tnp_IS240        PF13610.6    1.2e-10   41.5   0.6   1.2e-10   41.5   0.6   1.5   2   0   0   2   2   2   1 # 622 # 1278 # -1 # ID=1302_3;partial=00;start_type=TTG;rbs_motif=None;rbs_spacer=None;gc_cont=0.272	203266
NODE_6569_length_1524_cov_3.35739_3  -          DDE_Tnp_1            PF01609.21   2.1e-06   27.2   1.4   2.7e-05   23.6   1.3   1.9   1   1   0   1   1   1   1 # 1067 # 1522 # -1 # ID=1333_3;partial=01;start_type=Edge;rbs_motif=None;rbs_spacer=None;gc_cont=0.487	2973632
NODE_6569_length_1524_cov_3.35739_3  -          DDE_Tnp_4            PF13359.6    5.4e-22   77.8   0.0   6.6e-22   77.6   0.0   1.0   1   0   0   1   1   1   1 # 1067 # 1522 # -1 # ID=1333_3;partial=01;start_type=Edge;rbs_motif=None;rbs_spacer=None;gc_cont=0.487	2973632
NODE_7791_length_1345_cov_53.4023_1  -          DDE_Tnp_1            PF01609.21   1.3e-19   70.4   2.0   2.3e-19   69.6   2.0   1.4   1   0   0   1   1   1   1 # 97 # 1323 # 1 # ID=1454_1;partial=00;start_type=ATG;rbs_motif=AAAA;rbs_spacer=4bp;gc_cont=0.305	683785
NODE_8151_length_1303_cov_4.49119_2 -          DDE_Tnp_ISL3         PF01610.17   3.1e-13   49.7   0.1   3.1e-13   49.7   0.1   1.0   1   0   0   1   1   1   1 # 1162 # 1302 # 1 # ID=1485_2;partial=01;start_type=ATG;rbs_motif=None;rbs_spacer=None;gc_cont=0.270	1151279
NODE_8151_length_1303_cov_4.49119_1  -          HTH_Tnp_1            PF01527.20   2.1e-06   27.7   0.0   4.2e-06   26.7   0.0   1.4   1   0   0   1   1   1   1 # 110 # 1072 # 1 # ID=1485_1;partial=00;start_type=ATG;rbs_motif=AGGA;rbs_spacer=5-10bp;gc_cont=0.297	1151279
NODE_8439_length_1267_cov_4.41089_1 -          DDE_Tnp_IS1          PF03400.13     9e-23   80.7   0.4   1.4e-22   80.1   0.4   1.3   1   0   0   1   1   1   1 # 405 # 1136 # -1 # ID=1509_1;partial=00;start_type=GTG;rbs_motif=None;rbs_spacer=None;gc_cont=0.426	2351275
NODE_8732_length_1234_cov_6.54623_1  -          DDE_Tnp_1            PF01609.21   1.7e-50  171.3   1.1   1.7e-50  171.3   1.1   1.6   2   0   0   2   2   2   1 # 41 # 1126 # -1 # ID=1526_1;partial=00;start_type=ATG;rbs_motif=TAA;rbs_spacer=10bp;gc_cont=0.486	107984
NODE_8732_length_1234_cov_6.54623_1  -          DDE_Tnp_1_2          PF13586.6    5.9e-06   26.3   0.4   5.9e-06   26.3   0.4   2.2   2   0   0   2   2   2   1 # 41 # 1126 # -1 # ID=1526_1;partial=00;start_type=ATG;rbs_motif=TAA;rbs_spacer=10bp;gc_cont=0.486	107984
NODE_8732_length_1234_cov_6.54623_1 -          DDE_Tnp_1_6          PF13751.6    7.5e-08   32.3   0.4   7.5e-08   32.3   0.4   2.1   2   0   0   2   2   2   1 # 41 # 1126 # -1 # ID=1526_1;partial=00;start_type=ATG;rbs_motif=TAA;rbs_spacer=10bp;gc_cont=0.486	107984
NODE_8732_length_1234_cov_6.54623_1  -          DDE_Tnp_4            PF13359.6    5.5e-11   42.1   0.6   2.2e-10   40.2   0.4   2.0   2   0   0   2   2   2   1 # 41 # 1126 # -1 # ID=1526_1;partial=00;start_type=ATG;rbs_motif=TAA;rbs_spacer=10bp;gc_cont=0.486	107984
NODE_8732_length_1234_cov_6.54623_1 -          DUF772               PF05598.11     7e-23   80.1   0.1   1.3e-22   79.3   0.1   1.4   1   0   0   1   1   1   1 # 41 # 1126 # -1 # ID=1526_1;partial=00;start_type=ATG;rbs_motif=TAA;rbs_spacer=10bp;gc_cont=0.486	107984
NODE_10379_length_1083_cov_6.92023_1 -          Transposase_mut      PF00872.18   6.1e-25   87.6   0.1   7.7e-25   87.2   0.1   1.1   1   0   0   1   1   1   1 # 70 # 561 # -1 # ID=1649_1;partial=00;start_type=GTG;rbs_motif=None;rbs_spacer=None;gc_cont=0.640	76283
NODE_10379_length_1083_cov_6.92023_2 -          Transposase_mut      PF00872.18   4.2e-20   71.7   0.0   5.1e-20   71.4   0.0   1.1   1   0   0   1   1   1   1 # 631 # 1083 # -1 # ID=1649_2;partial=01;start_type=Edge;rbs_motif=None;rbs_spacer=None;gc_cont=0.629	76283
NODE_10379_length_1083_cov_6.92023_1 -          Transposase_mut      PF00872.18   6.1e-25   87.6   0.1   7.7e-25   87.2   0.1   1.1   1   0   0   1   1   1   1 # 70 # 561 # -1 # ID=1649_1;partial=00;start_type=GTG;rbs_motif=None;rbs_spacer=None;gc_cont=0.640	76283
NODE_10379_length_1083_cov_6.92023_2 -          Transposase_mut      PF00872.18   4.2e-20   71.7   0.0   5.1e-20   71.4   0.0   1.1   1   0   0   1   1   1   1 # 631 # 1083 # -1 # ID=1649_2;partial=01;start_type=Edge;rbs_motif=None;rbs_spacer=None;gc_cont=0.629	76283
NODE_11382_length_1007_cov_3.23529_2 -          DUF4096              PF13340.6    3.1e-24   84.7   3.4   5.5e-24   83.9   3.4   1.4   1   0   0   1   1   1   1 # 418 # 1005 # 1 # ID=1718_2;partial=01;start_type=GTG;rbs_motif=GGAGG;rbs_spacer=5-10bp;gc_cont=0.731	2408028
NODE_11955_length_966_cov_7.58946_1  -          DDE_Tnp_1            PF01609.21   2.9e-07   30.0   0.1   2.2e-05   23.9   0.1   2.3   1   1   0   1   1   1   1 # 174 # 965 # -1 # ID=1763_1;partial=01;start_type=Edge;rbs_motif=None;rbs_spacer=None;gc_cont=0.606	1933826
NODE_11993_length_964_cov_5.35534_2 -          DDE_Tnp_IS1          PF03400.13   6.7e-25   87.6   0.5   8.4e-25   87.3   0.5   1.1   1   0   0   1   1   1   1 # 125 # 646 # -1 # ID=1765_2;partial=00;start_type=ATG;rbs_motif=GGA/GAG/AGG;rbs_spacer=11-12bp;gc_cont=0.502	683355
NODE_12466_length_935_cov_4.6375_1   -          HTH_Tnp_1            PF01527.20   2.3e-06   27.5   1.5   3.1e-06   27.1   1.5   1.3   1   0   0   1   1   1   1 # 3 # 227 # 1 # ID=1804_1;partial=10;start_type=Edge;rbs_motif=None;rbs_spacer=None;gc_cont=0.573	180910
NODE_12466_length_935_cov_4.6375_1   -          HTH_Tnp_1            PF01527.20   2.3e-06   27.5   1.5   3.1e-06   27.1   1.5   1.3   1   0   0   1   1   1   1 # 3 # 227 # 1 # ID=1804_1;partial=10;start_type=Edge;rbs_motif=None;rbs_spacer=None;gc_cont=0.573	165030
NODE_13113_length_899_cov_3.09242_1 -          Y1_Tnp               PF01797.16   8.4e-35  119.2   0.6   1.3e-34  118.6   0.6   1.3   1   0   0   1   1   1   1 # 138 # 608 # -1 # ID=1839_1;partial=00;start_type=ATG;rbs_motif=AGGAG;rbs_spacer=5-10bp;gc_cont=0.295	967929
NODE_16407_length_756_cov_11.0128_2  -          HTH_Tnp_1            PF01527.20   2.8e-14   52.9   2.8   3.3e-14   52.7   2.8   1.1   1   0   0   1   1   1   1 # 208 # 492 # -1 # ID=1982_2;partial=00;start_type=ATG;rbs_motif=AGGA;rbs_spacer=5-10bp;gc_cont=0.523	180910
NODE_17667_length_713_cov_18.7401_1 -          DUF772               PF05598.11   8.6e-16   57.4   0.1   1.5e-15   56.7   0.1   1.4   1   0   0   1   1   1   1 # 391 # 711 # 1 # ID=2031_1;partial=01;start_type=ATG;rbs_motif=GGA/GAG/AGG;rbs_spacer=5-10bp;gc_cont=0.542	11606
NODE_19687_length_654_cov_65.217_1  -          Y1_Tnp               PF01797.16   2.2e-39  134.0   1.0   2.6e-39  133.8   1.0   1.1   1   0   0   1   1   1   1 # 69 # 533 # -1 # ID=2098_1;partial=00;start_type=ATG;rbs_motif=AGGAG;rbs_spacer=5-10bp;gc_cont=0.357	406929
NODE_23810_length_567_cov_64.0098_1  -          DDE_Tnp_1            PF01609.21   6.9e-34  117.1   1.6   8.3e-34  116.8   1.6   1.1   1   0   0   1   1   1   1 # 3 # 566 # 1 # ID=2236_1;partial=11;start_type=Edge;rbs_motif=None;rbs_spacer=None;gc_cont=0.534	160088
NODE_23810_length_567_cov_64.0098_1  -          DDE_Tnp_1_2          PF13586.6    2.2e-07   30.9   0.6     5e-07   29.7   0.6   1.6   1   0   0   1   1   1   1 # 3 # 566 # 1 # ID=2236_1;partial=11;start_type=Edge;rbs_motif=None;rbs_spacer=None;gc_cont=0.534	160088
NODE_23810_length_567_cov_64.0098_1 -          DDE_Tnp_1_3          PF13612.6    1.4e-08   34.6   0.0     2e-08   34.1   0.0   1.4   1   1   0   1   1   1   1 # 3 # 566 # 1 # ID=2236_1;partial=11;start_type=Edge;rbs_motif=None;rbs_spacer=None;gc_cont=0.534	160088
NODE_23810_length_567_cov_64.0098_1  -          DDE_Tnp_4            PF13359.6    3.7e-08   32.9   0.2   7.3e-08   31.9   0.1   1.7   2   0   0   2   2   2   1 # 3 # 566 # 1 # ID=2236_1;partial=11;start_type=Edge;rbs_motif=None;rbs_spacer=None;gc_cont=0.534	160088
NODE_23810_length_567_cov_64.0098_1  -          DDE_Tnp_1            PF01609.21   6.9e-34  117.1   1.6   8.3e-34  116.8   1.6   1.1   1   0   0   1   1   1   1 # 3 # 566 # 1 # ID=2236_1;partial=11;start_type=Edge;rbs_motif=None;rbs_spacer=None;gc_cont=0.534	130676
NODE_23810_length_567_cov_64.0098_1  -          DDE_Tnp_1_2          PF13586.6    2.2e-07   30.9   0.6     5e-07   29.7   0.6   1.6   1   0   0   1   1   1   1 # 3 # 566 # 1 # ID=2236_1;partial=11;start_type=Edge;rbs_motif=None;rbs_spacer=None;gc_cont=0.534	130676
NODE_23810_length_567_cov_64.0098_1 -          DDE_Tnp_1_3          PF13612.6    1.4e-08   34.6   0.0     2e-08   34.1   0.0   1.4   1   1   0   1   1   1   1 # 3 # 566 # 1 # ID=2236_1;partial=11;start_type=Edge;rbs_motif=None;rbs_spacer=None;gc_cont=0.534	130676
NODE_23810_length_567_cov_64.0098_1  -          DDE_Tnp_4            PF13359.6    3.7e-08   32.9   0.2   7.3e-08   31.9   0.1   1.7   2   0   0   2   2   2   1 # 3 # 566 # 1 # ID=2236_1;partial=11;start_type=Edge;rbs_motif=None;rbs_spacer=None;gc_cont=0.534	130676
NODE_27647_length_504_cov_1.7951_1 -          Transposase_20       PF02371.16   1.9e-24   85.5   0.2     3e-24   84.8   0.2   1.3   1   0   0   1   1   1   1 # 2 # 442 # 1 # ID=2357_1;partial=10;start_type=Edge;rbs_motif=None;rbs_spacer=None;gc_cont=0.676	139242
NODE_29849_length_473_cov_1.32057_1  -          DUF4096              PF13340.6      2e-25   88.5   2.5   2.9e-25   88.0   2.5   1.3   1   0   0   1   1   1   1 # 3 # 473 # -1 # ID=2412_1;partial=11;start_type=Edge;rbs_motif=None;rbs_spacer=None;gc_cont=0.673	2408028
NODE_30092_length_471_cov_2.61779_1  -          DDE_Tnp_1            PF01609.21   1.2e-06   28.0   0.2   1.7e-06   27.5   0.2   1.3   1   1   0   1   1   1   1 # 2 # 310 # 1 # ID=2417_1;partial=10;start_type=Edge;rbs_motif=None;rbs_spacer=None;gc_cont=0.511	234952
NODE_30092_length_471_cov_2.61779_1  -          DDE_Tnp_1_2          PF13586.6    8.1e-15   54.7   0.1     1e-14   54.4   0.1   1.1   1   0   0   1   1   1   1 # 2 # 310 # 1 # ID=2417_1;partial=10;start_type=Edge;rbs_motif=None;rbs_spacer=None;gc_cont=0.511	234952
NODE_32718_length_442_cov_4.83721_1 -          DDE_Tnp_ISL3         PF01610.17   7.3e-20   71.4   0.1   9.6e-20   71.0   0.1   1.2   1   0   0   1   1   1   1 # 110 # 442 # -1 # ID=2468_1;partial=01;start_type=Edge;rbs_motif=None;rbs_spacer=None;gc_cont=0.267	130222
NODE_33077_length_439_cov_2.94792_1  -          DDE_Tnp_1            PF01609.21   1.4e-06   27.8   0.7   1.2e-05   24.7   0.7   1.9   1   1   0   1   1   1   1 # 3 # 437 # 1 # ID=2478_1;partial=11;start_type=Edge;rbs_motif=None;rbs_spacer=None;gc_cont=0.469	5172900
NODE_33077_length_439_cov_2.94792_1  -          DDE_Tnp_4            PF13359.6    1.8e-22   79.4   0.0   2.1e-22   79.2   0.0   1.0   1   0   0   1   1   1   1 # 3 # 437 # 1 # ID=2478_1;partial=11;start_type=Edge;rbs_motif=None;rbs_spacer=None;gc_cont=0.469	5172900
NODE_37440_length_400_cov_3.35652_1  -          DDE_Tnp_1            PF01609.21   4.4e-12   45.8   0.1   4.6e-12   45.7   0.1   1.0   1   0   0   1   1   1   1 # 181 # 399 # 1 # ID=2568_1;partial=01;start_type=ATG;rbs_motif=GGA/GAG/AGG;rbs_spacer=5-10bp;gc_cont=0.525	234952
NODE_40174_length_379_cov_1.41358_1  -          DDE_Tnp_IS1595       PF12762.7    7.5e-32  110.1   3.2     1e-31  109.7   3.2   1.2   1   0   0   1   1   1   1 # 3 # 377 # 1 # ID=2616_1;partial=11;start_type=Edge;rbs_motif=None;rbs_spacer=None;gc_cont=0.400	2526634
NODE_40174_length_379_cov_1.41358_1  -          DDE_Tnp_IS1595       PF12762.7    7.5e-32  110.1   3.2     1e-31  109.7   3.2   1.2   1   0   0   1   1   1   1 # 3 # 377 # 1 # ID=2616_1;partial=11;start_type=Edge;rbs_motif=None;rbs_spacer=None;gc_cont=0.400	2526634
NODE_44221_length_355_cov_2.39667_1  -          HTH_Tnp_1            PF01527.20     1e-06   28.7   0.7   1.7e-06   28.0   0.2   1.6   2   0   0   2   2   2   1 # 1 # 354 # -1 # ID=2691_1;partial=11;start_type=Edge;rbs_motif=None;rbs_spacer=None;gc_cont=0.638	385319
NODE_44221_length_355_cov_2.39667_1  -          HTH_Tnp_1            PF01527.20     1e-06   28.7   0.7   1.7e-06   28.0   0.2   1.6   2   0   0   2   2   2   1 # 1 # 354 # -1 # ID=2691_1;partial=11;start_type=Edge;rbs_motif=None;rbs_spacer=None;gc_cont=0.638	539189
NODE_53527_length_311_cov_0.765625_1 -          HTH_Tnp_1            PF01527.20   3.6e-07   30.1   0.1   4.1e-07   29.9   0.1   1.2   1   0   0   1   1   1   1 # 101 # 310 # 1 # ID=2818_1;partial=01;start_type=ATG;rbs_motif=TAA;rbs_spacer=11bp;gc_cont=0.543	2945577
NODE_55661_length_303_cov_35.7016_1  -          Zn_Tnp_IS1595        PF12760.7    1.9e-06   27.4   5.7   4.1e-06   26.4   5.7   1.6   1   0   0   1   1   1   1 # 3 # 302 # -1 # ID=2861_1;partial=11;start_type=Edge;rbs_motif=None;rbs_spacer=None;gc_cont=0.340	1008785
NODE_63515_length_278_cov_2.40359_1 -          DDE_Tnp_ISL3         PF01610.17   5.9e-17   61.9   0.4   6.6e-17   61.7   0.4   1.0   1   0   0   1   1   1   1 # 1 # 240 # 1 # ID=2974_1;partial=10;start_type=Edge;rbs_motif=None;rbs_spacer=None;gc_cont=0.350	36764
NODE_80490_length_240_cov_0.621622_1 -          PDDEXK_2             PF12784.7    4.8e-13   48.9   5.9   5.1e-13   48.8   5.9   1.0   1   0   0   1   1   1   1 # 2 # 238 # 1 # ID=3162_1;partial=11;start_type=Edge;rbs_motif=None;rbs_spacer=None;gc_cont=0.397	3815757
