NODE_1_length_262701_cov_22.5606_145 -          OrfB_IS605           PF01385.19   2.3e-26   92.1   1.3   5.1e-26   91.0   1.3   1.6   1   0   0   1   1   1   1 # 149495 # 150742 # 1 # ID=1_145;partial=00;start_type=ATG;rbs_motif=None;rbs_spacer=None;gc_cont=0.518	675837
NODE_1_length_262701_cov_22.5606_163 -          OrfB_IS605           PF01385.19   3.9e-18   65.5   0.0   7.8e-18   64.5   0.0   1.5   1   0   0   1   1   1   1 # 163414 # 164685 # -1 # ID=1_163;partial=00;start_type=ATG;rbs_motif=AGGAGG;rbs_spacer=5-10bp;gc_cont=0.425	675837
NODE_1_length_262701_cov_22.5606_182 -          OrfB_IS605           PF01385.19   5.4e-18   65.1   0.0     1e-17   64.1   0.0   1.5   1   0   0   1   1   1   1 # 179147 # 180397 # 1 # ID=1_182;partial=00;start_type=ATG;rbs_motif=AGGAG;rbs_spacer=5-10bp;gc_cont=0.410	675837
NODE_1_length_262701_cov_22.5606_145 -          OrfB_Zn_ribbon       PF07282.11   4.3e-18   64.7   0.1   9.1e-18   63.7   0.1   1.6   1   0   0   1   1   1   1 # 149495 # 150742 # 1 # ID=1_145;partial=00;start_type=ATG;rbs_motif=None;rbs_spacer=None;gc_cont=0.518	675837
NODE_1_length_262701_cov_22.5606_253 -          OrfB_Zn_ribbon       PF07282.11   1.8e-12   46.7   0.5     4e-12   45.6   0.2   1.7   2   0   0   2   2   2   1 # 233600 # 235150 # -1 # ID=1_253;partial=00;start_type=GTG;rbs_motif=GGAGG;rbs_spacer=5-10bp;gc_cont=0.496	675837
NODE_1_length_262701_cov_22.5606_163 -          OrfB_Zn_ribbon       PF07282.11   5.8e-09   35.5   0.4   6.3e-08   32.1   0.4   2.2   1   1   0   1   1   1   1 # 163414 # 164685 # -1 # ID=1_163;partial=00;start_type=ATG;rbs_motif=AGGAGG;rbs_spacer=5-10bp;gc_cont=0.425	675837
NODE_1_length_262701_cov_22.5606_182 -          OrfB_Zn_ribbon       PF07282.11   6.4e-08   32.1   1.1   7.4e-07   28.7   0.2   2.6   2   1   0   2   2   2   1 # 179147 # 180397 # 1 # ID=1_182;partial=00;start_type=ATG;rbs_motif=AGGAG;rbs_spacer=5-10bp;gc_cont=0.410	675837
NODE_1_length_262701_cov_22.5606_145 -          OrfB_IS605           PF01385.19   2.3e-26   92.1   1.3   5.1e-26   91.0   1.3   1.6   1   0   0   1   1   1   1 # 149495 # 150742 # 1 # ID=1_145;partial=00;start_type=ATG;rbs_motif=None;rbs_spacer=None;gc_cont=0.518	2357495
NODE_1_length_262701_cov_22.5606_163 -          OrfB_IS605           PF01385.19   3.9e-18   65.5   0.0   7.8e-18   64.5   0.0   1.5   1   0   0   1   1   1   1 # 163414 # 164685 # -1 # ID=1_163;partial=00;start_type=ATG;rbs_motif=AGGAGG;rbs_spacer=5-10bp;gc_cont=0.425	2357495
NODE_1_length_262701_cov_22.5606_182 -          OrfB_IS605           PF01385.19   5.4e-18   65.1   0.0     1e-17   64.1   0.0   1.5   1   0   0   1   1   1   1 # 179147 # 180397 # 1 # ID=1_182;partial=00;start_type=ATG;rbs_motif=AGGAG;rbs_spacer=5-10bp;gc_cont=0.410	2357495
NODE_1_length_262701_cov_22.5606_145 -          OrfB_Zn_ribbon       PF07282.11   4.3e-18   64.7   0.1   9.1e-18   63.7   0.1   1.6   1   0   0   1   1   1   1 # 149495 # 150742 # 1 # ID=1_145;partial=00;start_type=ATG;rbs_motif=None;rbs_spacer=None;gc_cont=0.518	2357495
NODE_1_length_262701_cov_22.5606_253 -          OrfB_Zn_ribbon       PF07282.11   1.8e-12   46.7   0.5     4e-12   45.6   0.2   1.7   2   0   0   2   2   2   1 # 233600 # 235150 # -1 # ID=1_253;partial=00;start_type=GTG;rbs_motif=GGAGG;rbs_spacer=5-10bp;gc_cont=0.496	2357495
NODE_1_length_262701_cov_22.5606_163 -          OrfB_Zn_ribbon       PF07282.11   5.8e-09   35.5   0.4   6.3e-08   32.1   0.4   2.2   1   1   0   1   1   1   1 # 163414 # 164685 # -1 # ID=1_163;partial=00;start_type=ATG;rbs_motif=AGGAGG;rbs_spacer=5-10bp;gc_cont=0.425	2357495
NODE_1_length_262701_cov_22.5606_182 -          OrfB_Zn_ribbon       PF07282.11   6.4e-08   32.1   1.1   7.4e-07   28.7   0.2   2.6   2   1   0   2   2   2   1 # 179147 # 180397 # 1 # ID=1_182;partial=00;start_type=ATG;rbs_motif=AGGAG;rbs_spacer=5-10bp;gc_cont=0.410	2357495
NODE_3_length_62831_cov_21.7133_45  -          HTH_Tnp_ISL3         PF13542.6    1.5e-07   30.4   0.0   0.00022   20.3   0.0   2.4   2   0   0   2   2   2   2 # 40546 # 41433 # -1 # ID=3_45;partial=00;start_type=ATG;rbs_motif=None;rbs_spacer=None;gc_cont=0.484	5103754
NODE_21_length_26172_cov_5.10748_1  -          DDE_Tnp_ISL3         PF01610.17   2.7e-47  161.2   5.4   3.5e-47  160.8   5.4   1.1   1   0   0   1   1   1   1 # 1238 # 2629 # 1 # ID=16_1;partial=00;start_type=ATG;rbs_motif=AGGA/GGAG/GAGG;rbs_spacer=11-12bp;gc_cont=0.265	168240
NODE_21_length_26172_cov_5.10748_1  -          HTH_Tnp_ISL3         PF13542.6    6.4e-06   25.2   0.0   1.1e-05   24.4   0.0   1.4   1   0   0   1   1   1   1 # 1238 # 2629 # 1 # ID=16_1;partial=00;start_type=ATG;rbs_motif=AGGA/GGAG/GAGG;rbs_spacer=11-12bp;gc_cont=0.265	168240
NODE_21_length_26172_cov_5.10748_1  -          zf-ISL3              PF14690.6    1.2e-07   32.0   9.8   1.2e-07   32.0   9.8   1.8   2   0   0   2   2   2   1 # 1238 # 2629 # 1 # ID=16_1;partial=00;start_type=ATG;rbs_motif=AGGA/GGAG/GAGG;rbs_spacer=11-12bp;gc_cont=0.265	168240
NODE_21_length_26172_cov_5.10748_1  -          DDE_Tnp_ISL3         PF01610.17   2.7e-47  161.2   5.4   3.5e-47  160.8   5.4   1.1   1   0   0   1   1   1   1 # 1238 # 2629 # 1 # ID=16_1;partial=00;start_type=ATG;rbs_motif=AGGA/GGAG/GAGG;rbs_spacer=11-12bp;gc_cont=0.265	77690
NODE_21_length_26172_cov_5.10748_1  -          HTH_Tnp_ISL3         PF13542.6    6.4e-06   25.2   0.0   1.1e-05   24.4   0.0   1.4   1   0   0   1   1   1   1 # 1238 # 2629 # 1 # ID=16_1;partial=00;start_type=ATG;rbs_motif=AGGA/GGAG/GAGG;rbs_spacer=11-12bp;gc_cont=0.265	77690
NODE_21_length_26172_cov_5.10748_1  -          zf-ISL3              PF14690.6    1.2e-07   32.0   9.8   1.2e-07   32.0   9.8   1.8   2   0   0   2   2   2   1 # 1238 # 2629 # 1 # ID=16_1;partial=00;start_type=ATG;rbs_motif=AGGA/GGAG/GAGG;rbs_spacer=11-12bp;gc_cont=0.265	77690
NODE_21_length_26172_cov_5.10748_1  -          DDE_Tnp_ISL3         PF01610.17   2.7e-47  161.2   5.4   3.5e-47  160.8   5.4   1.1   1   0   0   1   1   1   1 # 1238 # 2629 # 1 # ID=16_1;partial=00;start_type=ATG;rbs_motif=AGGA/GGAG/GAGG;rbs_spacer=11-12bp;gc_cont=0.265	4661283
NODE_21_length_26172_cov_5.10748_1  -          HTH_Tnp_ISL3         PF13542.6    6.4e-06   25.2   0.0   1.1e-05   24.4   0.0   1.4   1   0   0   1   1   1   1 # 1238 # 2629 # 1 # ID=16_1;partial=00;start_type=ATG;rbs_motif=AGGA/GGAG/GAGG;rbs_spacer=11-12bp;gc_cont=0.265	4661283
NODE_21_length_26172_cov_5.10748_1  -          zf-ISL3              PF14690.6    1.2e-07   32.0   9.8   1.2e-07   32.0   9.8   1.8   2   0   0   2   2   2   1 # 1238 # 2629 # 1 # ID=16_1;partial=00;start_type=ATG;rbs_motif=AGGA/GGAG/GAGG;rbs_spacer=11-12bp;gc_cont=0.265	4661283
NODE_21_length_26172_cov_5.10748_1  -          DDE_Tnp_ISL3         PF01610.17   2.7e-47  161.2   5.4   3.5e-47  160.8   5.4   1.1   1   0   0   1   1   1   1 # 1238 # 2629 # 1 # ID=16_1;partial=00;start_type=ATG;rbs_motif=AGGA/GGAG/GAGG;rbs_spacer=11-12bp;gc_cont=0.265	6385021
NODE_21_length_26172_cov_5.10748_1  -          HTH_Tnp_ISL3         PF13542.6    6.4e-06   25.2   0.0   1.1e-05   24.4   0.0   1.4   1   0   0   1   1   1   1 # 1238 # 2629 # 1 # ID=16_1;partial=00;start_type=ATG;rbs_motif=AGGA/GGAG/GAGG;rbs_spacer=11-12bp;gc_cont=0.265	6385021
NODE_21_length_26172_cov_5.10748_1  -          zf-ISL3              PF14690.6    1.2e-07   32.0   9.8   1.2e-07   32.0   9.8   1.8   2   0   0   2   2   2   1 # 1238 # 2629 # 1 # ID=16_1;partial=00;start_type=ATG;rbs_motif=AGGA/GGAG/GAGG;rbs_spacer=11-12bp;gc_cont=0.265	6385021
NODE_47_length_18008_cov_5.1754_9   -          Y1_Tnp               PF01797.16   5.1e-15   55.4   1.4   5.8e-15   55.2   1.4   1.0   1   0   0   1   1   1   1 # 15288 # 15485 # -1 # ID=37_9;partial=00;start_type=ATG;rbs_motif=AGGA/GGAG/GAGG;rbs_spacer=11-12bp;gc_cont=0.263	1492309
NODE_47_length_18008_cov_5.1754_9   -          Y1_Tnp               PF01797.16   5.1e-15   55.4   1.4   5.8e-15   55.2   1.4   1.0   1   0   0   1   1   1   1 # 15288 # 15485 # -1 # ID=37_9;partial=00;start_type=ATG;rbs_motif=AGGA/GGAG/GAGG;rbs_spacer=11-12bp;gc_cont=0.263	1911935
NODE_47_length_18008_cov_5.1754_9   -          Y1_Tnp               PF01797.16   5.1e-15   55.4   1.4   5.8e-15   55.2   1.4   1.0   1   0   0   1   1   1   1 # 15288 # 15485 # -1 # ID=37_9;partial=00;start_type=ATG;rbs_motif=AGGA/GGAG/GAGG;rbs_spacer=11-12bp;gc_cont=0.263	218433
NODE_47_length_18008_cov_5.1754_9   -          Y1_Tnp               PF01797.16   5.1e-15   55.4   1.4   5.8e-15   55.2   1.4   1.0   1   0   0   1   1   1   1 # 15288 # 15485 # -1 # ID=37_9;partial=00;start_type=ATG;rbs_motif=AGGA/GGAG/GAGG;rbs_spacer=11-12bp;gc_cont=0.263	2770540
NODE_47_length_18008_cov_5.1754_9   -          Y1_Tnp               PF01797.16   5.1e-15   55.4   1.4   5.8e-15   55.2   1.4   1.0   1   0   0   1   1   1   1 # 15288 # 15485 # -1 # ID=37_9;partial=00;start_type=ATG;rbs_motif=AGGA/GGAG/GAGG;rbs_spacer=11-12bp;gc_cont=0.263	160430
NODE_47_length_18008_cov_5.1754_9   -          Y1_Tnp               PF01797.16   5.1e-15   55.4   1.4   5.8e-15   55.2   1.4   1.0   1   0   0   1   1   1   1 # 15288 # 15485 # -1 # ID=37_9;partial=00;start_type=ATG;rbs_motif=AGGA/GGAG/GAGG;rbs_spacer=11-12bp;gc_cont=0.263	160430
NODE_47_length_18008_cov_5.1754_9   -          Y1_Tnp               PF01797.16   5.1e-15   55.4   1.4   5.8e-15   55.2   1.4   1.0   1   0   0   1   1   1   1 # 15288 # 15485 # -1 # ID=37_9;partial=00;start_type=ATG;rbs_motif=AGGA/GGAG/GAGG;rbs_spacer=11-12bp;gc_cont=0.263	288622
NODE_63_length_16275_cov_5.2476_5   -          HTH_Tnp_ISL3         PF13542.6    2.7e-08   32.8   1.2   5.4e-08   31.8   1.2   1.6   1   0   0   1   1   1   1 # 7710 # 8132 # 1 # ID=45_5;partial=00;start_type=GTG;rbs_motif=GGA/GAG/AGG;rbs_spacer=5-10bp;gc_cont=0.704	43633
NODE_63_length_16275_cov_5.2476_5   -          HTH_Tnp_ISL3         PF13542.6    2.7e-08   32.8   1.2   5.4e-08   31.8   1.2   1.6   1   0   0   1   1   1   1 # 7710 # 8132 # 1 # ID=45_5;partial=00;start_type=GTG;rbs_motif=GGA/GAG/AGG;rbs_spacer=5-10bp;gc_cont=0.704	989027
NODE_63_length_16275_cov_5.2476_5   -          HTH_Tnp_ISL3         PF13542.6    2.7e-08   32.8   1.2   5.4e-08   31.8   1.2   1.6   1   0   0   1   1   1   1 # 7710 # 8132 # 1 # ID=45_5;partial=00;start_type=GTG;rbs_motif=GGA/GAG/AGG;rbs_spacer=5-10bp;gc_cont=0.704	195087
NODE_69_length_15705_cov_8.65917_8 -          Transposase_mut      PF00872.18   7.4e-65  219.0   0.0   9.1e-65  218.7   0.0   1.0   1   0   0   1   1   1   1 # 13203 # 13856 # 1 # ID=48_8;partial=00;start_type=ATG;rbs_motif=GGAG/GAGG;rbs_spacer=5-10bp;gc_cont=0.642	2386988
NODE_69_length_15705_cov_8.65917_8 -          Transposase_mut      PF00872.18   7.4e-65  219.0   0.0   9.1e-65  218.7   0.0   1.0   1   0   0   1   1   1   1 # 13203 # 13856 # 1 # ID=48_8;partial=00;start_type=ATG;rbs_motif=GGAG/GAGG;rbs_spacer=5-10bp;gc_cont=0.642	2386988
NODE_69_length_15705_cov_8.65917_8 -          Transposase_mut      PF00872.18   7.4e-65  219.0   0.0   9.1e-65  218.7   0.0   1.0   1   0   0   1   1   1   1 # 13203 # 13856 # 1 # ID=48_8;partial=00;start_type=ATG;rbs_motif=GGAG/GAGG;rbs_spacer=5-10bp;gc_cont=0.642	72492
NODE_69_length_15705_cov_8.65917_8 -          Transposase_mut      PF00872.18   7.4e-65  219.0   0.0   9.1e-65  218.7   0.0   1.0   1   0   0   1   1   1   1 # 13203 # 13856 # 1 # ID=48_8;partial=00;start_type=ATG;rbs_motif=GGAG/GAGG;rbs_spacer=5-10bp;gc_cont=0.642	182533
NODE_69_length_15705_cov_8.65917_8 -          Transposase_mut      PF00872.18   7.4e-65  219.0   0.0   9.1e-65  218.7   0.0   1.0   1   0   0   1   1   1   1 # 13203 # 13856 # 1 # ID=48_8;partial=00;start_type=ATG;rbs_motif=GGAG/GAGG;rbs_spacer=5-10bp;gc_cont=0.642	5103520
NODE_195_length_10770_cov_8.05432_2  -          DDE_Tnp_1            PF01609.21   2.8e-06   26.8   0.0     3e-06   26.7   0.0   1.0   1   0   0   1   1   1   1 # 590 # 811 # 1 # ID=135_2;partial=00;start_type=ATG;rbs_motif=GGA/GAG/AGG;rbs_spacer=5-10bp;gc_cont=0.653	130094
NODE_195_length_10770_cov_8.05432_1 -          DDE_Tnp_1_assoc      PF13808.6    7.2e-07   28.9   0.0   8.2e-07   28.7   0.0   1.1   1   0   0   1   1   1   1 # 322 # 600 # 1 # ID=135_1;partial=00;start_type=GTG;rbs_motif=GGA/GAG/AGG;rbs_spacer=5-10bp;gc_cont=0.656	130094
NODE_220_length_10196_cov_6.71906_5 -          Y1_Tnp               PF01797.16   4.4e-37  126.6   1.6   5.2e-37  126.3   1.6   1.1   1   0   0   1   1   1   1 # 3325 # 3789 # -1 # ID=151_5;partial=00;start_type=ATG;rbs_motif=AGGAG;rbs_spacer=5-10bp;gc_cont=0.353	292323
NODE_220_length_10196_cov_6.71906_5 -          Y1_Tnp               PF01797.16   4.4e-37  126.6   1.6   5.2e-37  126.3   1.6   1.1   1   0   0   1   1   1   1 # 3325 # 3789 # -1 # ID=151_5;partial=00;start_type=ATG;rbs_motif=AGGAG;rbs_spacer=5-10bp;gc_cont=0.353	758714
NODE_264_length_9320_cov_6.11808_2  -          DDE_Tnp_1_assoc      PF13808.6    2.6e-17   62.3   0.0   3.3e-17   62.0   0.0   1.1   1   0   0   1   1   1   1 # 148 # 492 # -1 # ID=181_2;partial=00;start_type=ATG;rbs_motif=GGAG/GAGG;rbs_spacer=5-10bp;gc_cont=0.667	4040407
NODE_264_length_9320_cov_6.11808_2  -          DDE_Tnp_1_assoc      PF13808.6    2.6e-17   62.3   0.0   3.3e-17   62.0   0.0   1.1   1   0   0   1   1   1   1 # 148 # 492 # -1 # ID=181_2;partial=00;start_type=ATG;rbs_motif=GGAG/GAGG;rbs_spacer=5-10bp;gc_cont=0.667	183691
NODE_441_length_7660_cov_18.6_3     -          HTH_Tnp_ISL3         PF13542.6      2e-11   42.9   0.0   3.3e-11   42.1   0.0   1.4   1   0   0   1   1   1   1 # 5934 # 6401 # 1 # ID=287_3;partial=00;start_type=ATG;rbs_motif=None;rbs_spacer=None;gc_cont=0.368	5103433
NODE_441_length_7660_cov_18.6_3     -          zf-ISL3              PF14690.6    1.8e-10   41.0   0.9   3.6e-10   40.1   0.9   1.5   1   0   0   1   1   1   1 # 5934 # 6401 # 1 # ID=287_3;partial=00;start_type=ATG;rbs_motif=None;rbs_spacer=None;gc_cont=0.368	5103433
NODE_441_length_7660_cov_18.6_3     -          HTH_Tnp_ISL3         PF13542.6      2e-11   42.9   0.0   3.3e-11   42.1   0.0   1.4   1   0   0   1   1   1   1 # 5934 # 6401 # 1 # ID=287_3;partial=00;start_type=ATG;rbs_motif=None;rbs_spacer=None;gc_cont=0.368	1494861
NODE_441_length_7660_cov_18.6_3     -          zf-ISL3              PF14690.6    1.8e-10   41.0   0.9   3.6e-10   40.1   0.9   1.5   1   0   0   1   1   1   1 # 5934 # 6401 # 1 # ID=287_3;partial=00;start_type=ATG;rbs_motif=None;rbs_spacer=None;gc_cont=0.368	1494861
NODE_485_length_7320_cov_6.16944_4   -          DDE_Tnp_1            PF01609.21   2.1e-24   86.1   2.8   2.1e-24   86.1   2.8   2.2   3   1   0   3   3   3   1 # 1469 # 2620 # 1 # ID=310_4;partial=00;start_type=ATG;rbs_motif=None;rbs_spacer=None;gc_cont=0.407	639115
NODE_485_length_7320_cov_6.16944_4  -          DDE_Tnp_1_6          PF13751.6    2.4e-13   50.1   0.7   1.3e-12   47.7   0.0   2.4   2   0   0   2   2   2   1 # 1469 # 2620 # 1 # ID=310_4;partial=00;start_type=ATG;rbs_motif=None;rbs_spacer=None;gc_cont=0.407	639115
NODE_485_length_7320_cov_6.16944_3  -          DUF772               PF05598.11   2.4e-15   56.0   0.1   3.3e-15   55.6   0.1   1.2   1   0   0   1   1   1   1 # 1095 # 1481 # 1 # ID=310_3;partial=00;start_type=ATG;rbs_motif=GGA/GAG/AGG;rbs_spacer=5-10bp;gc_cont=0.388	639115
NODE_485_length_7320_cov_6.16944_4   -          DDE_Tnp_1            PF01609.21   2.1e-24   86.1   2.8   2.1e-24   86.1   2.8   2.2   3   1   0   3   3   3   1 # 1469 # 2620 # 1 # ID=310_4;partial=00;start_type=ATG;rbs_motif=None;rbs_spacer=None;gc_cont=0.407	419442
NODE_485_length_7320_cov_6.16944_4  -          DDE_Tnp_1_6          PF13751.6    2.4e-13   50.1   0.7   1.3e-12   47.7   0.0   2.4   2   0   0   2   2   2   1 # 1469 # 2620 # 1 # ID=310_4;partial=00;start_type=ATG;rbs_motif=None;rbs_spacer=None;gc_cont=0.407	419442
NODE_485_length_7320_cov_6.16944_3  -          DUF772               PF05598.11   2.4e-15   56.0   0.1   3.3e-15   55.6   0.1   1.2   1   0   0   1   1   1   1 # 1095 # 1481 # 1 # ID=310_3;partial=00;start_type=ATG;rbs_motif=GGA/GAG/AGG;rbs_spacer=5-10bp;gc_cont=0.388	419442
NODE_618_length_6569_cov_6.63525_4   -          DDE_Tnp_IS240        PF13610.6      4e-06   26.8   0.1   8.1e-06   25.8   0.1   1.5   1   0   0   1   1   1   1 # 4452 # 5288 # 1 # ID=381_4;partial=00;start_type=TTG;rbs_motif=3Base/5BMM;rbs_spacer=13-15bp;gc_cont=0.358	30269
NODE_618_length_6569_cov_6.63525_4   -          DDE_Tnp_IS240        PF13610.6      4e-06   26.8   0.1   8.1e-06   25.8   0.1   1.5   1   0   0   1   1   1   1 # 4452 # 5288 # 1 # ID=381_4;partial=00;start_type=TTG;rbs_motif=3Base/5BMM;rbs_spacer=13-15bp;gc_cont=0.358	4043561
NODE_695_length_6233_cov_8.34963_2  -          HTH_Tnp_1            PF01527.20   6.1e-10   39.0   0.3   1.7e-09   37.5   0.3   1.7   1   1   0   1   1   1   1 # 813 # 1076 # 1 # ID=413_2;partial=00;start_type=ATG;rbs_motif=GGxGG;rbs_spacer=5-10bp;gc_cont=0.636	182236
NODE_695_length_6233_cov_8.34963_2  -          HTH_Tnp_1            PF01527.20   6.1e-10   39.0   0.3   1.7e-09   37.5   0.3   1.7   1   1   0   1   1   1   1 # 813 # 1076 # 1 # ID=413_2;partial=00;start_type=ATG;rbs_motif=GGxGG;rbs_spacer=5-10bp;gc_cont=0.636	354927
NODE_695_length_6233_cov_8.34963_2  -          HTH_Tnp_1            PF01527.20   6.1e-10   39.0   0.3   1.7e-09   37.5   0.3   1.7   1   1   0   1   1   1   1 # 813 # 1076 # 1 # ID=413_2;partial=00;start_type=ATG;rbs_motif=GGxGG;rbs_spacer=5-10bp;gc_cont=0.636	130094
NODE_823_length_5661_cov_3.32965_9  -          DUF772               PF05598.11     7e-09   35.3   0.0     1e-08   34.8   0.0   1.3   1   0   0   1   1   1   1 # 4849 # 5145 # -1 # ID=479_9;partial=00;start_type=ATG;rbs_motif=GGAG/GAGG;rbs_spacer=5-10bp;gc_cont=0.397	4130843
NODE_823_length_5661_cov_3.32965_10 -          Y1_Tnp               PF01797.16     7e-26   90.4   0.1   8.4e-26   90.2   0.1   1.1   1   0   0   1   1   1   1 # 5337 # 5660 # -1 # ID=479_10;partial=01;start_type=Edge;rbs_motif=None;rbs_spacer=None;gc_cont=0.293	4130843
NODE_856_length_5535_cov_5.93193_6 -          DDE_Tnp_IS1595       PF12762.7    1.7e-34  118.7   0.1     2e-34  118.5   0.1   1.0   1   0   0   1   1   1   1 # 3316 # 3825 # 1 # ID=495_6;partial=00;start_type=ATG;rbs_motif=AAAA;rbs_spacer=5bp;gc_cont=0.463	675917
NODE_856_length_5535_cov_5.93193_6 -          DDE_Tnp_IS1595       PF12762.7    1.7e-34  118.7   0.1     2e-34  118.5   0.1   1.0   1   0   0   1   1   1   1 # 3316 # 3825 # 1 # ID=495_6;partial=00;start_type=ATG;rbs_motif=AAAA;rbs_spacer=5bp;gc_cont=0.463	675917
NODE_856_length_5535_cov_5.93193_6 -          DDE_Tnp_IS1595       PF12762.7    1.7e-34  118.7   0.1     2e-34  118.5   0.1   1.0   1   0   0   1   1   1   1 # 3316 # 3825 # 1 # ID=495_6;partial=00;start_type=ATG;rbs_motif=AAAA;rbs_spacer=5bp;gc_cont=0.463	3966472
NODE_856_length_5535_cov_5.93193_6 -          DDE_Tnp_IS1595       PF12762.7    1.7e-34  118.7   0.1     2e-34  118.5   0.1   1.0   1   0   0   1   1   1   1 # 3316 # 3825 # 1 # ID=495_6;partial=00;start_type=ATG;rbs_motif=AAAA;rbs_spacer=5bp;gc_cont=0.463	120227
NODE_928_length_5302_cov_5.63808_1  -          DEDD_Tnp_IS110       PF01548.17   6.3e-26   90.8   0.0     7e-26   90.7   0.0   1.0   1   0   0   1   1   1   1 # 2 # 325 # -1 # ID=529_1;partial=10;start_type=ATG;rbs_motif=GGAG/GAGG;rbs_spacer=5-10bp;gc_cont=0.651	79691
NODE_928_length_5302_cov_5.63808_1  -          DEDD_Tnp_IS110       PF01548.17   6.3e-26   90.8   0.0     7e-26   90.7   0.0   1.0   1   0   0   1   1   1   1 # 2 # 325 # -1 # ID=529_1;partial=10;start_type=ATG;rbs_motif=GGAG/GAGG;rbs_spacer=5-10bp;gc_cont=0.651	79691
NODE_928_length_5302_cov_5.63808_1  -          DEDD_Tnp_IS110       PF01548.17   6.3e-26   90.8   0.0     7e-26   90.7   0.0   1.0   1   0   0   1   1   1   1 # 2 # 325 # -1 # ID=529_1;partial=10;start_type=ATG;rbs_motif=GGAG/GAGG;rbs_spacer=5-10bp;gc_cont=0.651	2913097
NODE_928_length_5302_cov_5.63808_1  -          DEDD_Tnp_IS110       PF01548.17   6.3e-26   90.8   0.0     7e-26   90.7   0.0   1.0   1   0   0   1   1   1   1 # 2 # 325 # -1 # ID=529_1;partial=10;start_type=ATG;rbs_motif=GGAG/GAGG;rbs_spacer=5-10bp;gc_cont=0.651	2913097
NODE_1046_length_5015_cov_4.40323_6 -          HTH_Tnp_1            PF01527.20   6.2e-12   45.4   0.0   7.8e-12   45.1   0.0   1.1   1   0   0   1   1   1   1 # 1813 # 2115 # -1 # ID=578_6;partial=00;start_type=ATG;rbs_motif=AGGAG;rbs_spacer=5-10bp;gc_cont=0.360	107326
NODE_1226_length_4642_cov_5.5605_2   -          OrfB_IS605           PF01385.19   9.1e-16   57.9   1.6   3.8e-15   55.9   0.4   2.5   2   1   0   2   2   2   1 # 1381 # 3099 # 1 # ID=654_2;partial=00;start_type=ATG;rbs_motif=AGGAGG;rbs_spacer=5-10bp;gc_cont=0.585	1756306
NODE_1226_length_4642_cov_5.5605_2   -          OrfB_Zn_ribbon       PF07282.11   7.4e-23   80.0   0.3   1.5e-22   79.0   0.3   1.5   1   0   0   1   1   1   1 # 1381 # 3099 # 1 # ID=654_2;partial=00;start_type=ATG;rbs_motif=AGGAGG;rbs_spacer=5-10bp;gc_cont=0.585	1756306
NODE_1226_length_4642_cov_5.5605_2   -          OrfB_IS605           PF01385.19   9.1e-16   57.9   1.6   3.8e-15   55.9   0.4   2.5   2   1   0   2   2   2   1 # 1381 # 3099 # 1 # ID=654_2;partial=00;start_type=ATG;rbs_motif=AGGAGG;rbs_spacer=5-10bp;gc_cont=0.585	1756306
NODE_1226_length_4642_cov_5.5605_2   -          OrfB_Zn_ribbon       PF07282.11   7.4e-23   80.0   0.3   1.5e-22   79.0   0.3   1.5   1   0   0   1   1   1   1 # 1381 # 3099 # 1 # ID=654_2;partial=00;start_type=ATG;rbs_motif=AGGAGG;rbs_spacer=5-10bp;gc_cont=0.585	1756306
NODE_1226_length_4642_cov_5.5605_2   -          OrfB_IS605           PF01385.19   9.1e-16   57.9   1.6   3.8e-15   55.9   0.4   2.5   2   1   0   2   2   2   1 # 1381 # 3099 # 1 # ID=654_2;partial=00;start_type=ATG;rbs_motif=AGGAGG;rbs_spacer=5-10bp;gc_cont=0.585	1756306
NODE_1226_length_4642_cov_5.5605_2   -          OrfB_Zn_ribbon       PF07282.11   7.4e-23   80.0   0.3   1.5e-22   79.0   0.3   1.5   1   0   0   1   1   1   1 # 1381 # 3099 # 1 # ID=654_2;partial=00;start_type=ATG;rbs_motif=AGGAGG;rbs_spacer=5-10bp;gc_cont=0.585	1756306
NODE_1226_length_4642_cov_5.5605_2   -          OrfB_IS605           PF01385.19   9.1e-16   57.9   1.6   3.8e-15   55.9   0.4   2.5   2   1   0   2   2   2   1 # 1381 # 3099 # 1 # ID=654_2;partial=00;start_type=ATG;rbs_motif=AGGAGG;rbs_spacer=5-10bp;gc_cont=0.585	1928796
NODE_1226_length_4642_cov_5.5605_2   -          OrfB_Zn_ribbon       PF07282.11   7.4e-23   80.0   0.3   1.5e-22   79.0   0.3   1.5   1   0   0   1   1   1   1 # 1381 # 3099 # 1 # ID=654_2;partial=00;start_type=ATG;rbs_motif=AGGAGG;rbs_spacer=5-10bp;gc_cont=0.585	1928796
NODE_1226_length_4642_cov_5.5605_2   -          OrfB_IS605           PF01385.19   9.1e-16   57.9   1.6   3.8e-15   55.9   0.4   2.5   2   1   0   2   2   2   1 # 1381 # 3099 # 1 # ID=654_2;partial=00;start_type=ATG;rbs_motif=AGGAGG;rbs_spacer=5-10bp;gc_cont=0.585	2119479
NODE_1226_length_4642_cov_5.5605_2   -          OrfB_Zn_ribbon       PF07282.11   7.4e-23   80.0   0.3   1.5e-22   79.0   0.3   1.5   1   0   0   1   1   1   1 # 1381 # 3099 # 1 # ID=654_2;partial=00;start_type=ATG;rbs_motif=AGGAGG;rbs_spacer=5-10bp;gc_cont=0.585	2119479
NODE_1226_length_4642_cov_5.5605_2   -          OrfB_IS605           PF01385.19   9.1e-16   57.9   1.6   3.8e-15   55.9   0.4   2.5   2   1   0   2   2   2   1 # 1381 # 3099 # 1 # ID=654_2;partial=00;start_type=ATG;rbs_motif=AGGAGG;rbs_spacer=5-10bp;gc_cont=0.585	2381610
NODE_1226_length_4642_cov_5.5605_2   -          OrfB_Zn_ribbon       PF07282.11   7.4e-23   80.0   0.3   1.5e-22   79.0   0.3   1.5   1   0   0   1   1   1   1 # 1381 # 3099 # 1 # ID=654_2;partial=00;start_type=ATG;rbs_motif=AGGAGG;rbs_spacer=5-10bp;gc_cont=0.585	2381610
NODE_1226_length_4642_cov_5.5605_2   -          OrfB_IS605           PF01385.19   9.1e-16   57.9   1.6   3.8e-15   55.9   0.4   2.5   2   1   0   2   2   2   1 # 1381 # 3099 # 1 # ID=654_2;partial=00;start_type=ATG;rbs_motif=AGGAGG;rbs_spacer=5-10bp;gc_cont=0.585	3629041
NODE_1226_length_4642_cov_5.5605_2   -          OrfB_Zn_ribbon       PF07282.11   7.4e-23   80.0   0.3   1.5e-22   79.0   0.3   1.5   1   0   0   1   1   1   1 # 1381 # 3099 # 1 # ID=654_2;partial=00;start_type=ATG;rbs_motif=AGGAGG;rbs_spacer=5-10bp;gc_cont=0.585	3629041
NODE_1250_length_4586_cov_4.81373_3  -          OrfB_IS605           PF01385.19   1.1e-16   60.8   0.4     1e-15   57.7   0.4   2.4   1   1   0   1   1   1   1 # 3002 # 4585 # 1 # ID=664_3;partial=01;start_type=ATG;rbs_motif=AGGAGG;rbs_spacer=5-10bp;gc_cont=0.605	1384386
NODE_1250_length_4586_cov_4.81373_3  -          OrfB_Zn_ribbon       PF07282.11   1.2e-23   82.5   0.5   2.2e-23   81.7   0.5   1.4   1   0   0   1   1   1   1 # 3002 # 4585 # 1 # ID=664_3;partial=01;start_type=ATG;rbs_motif=AGGAGG;rbs_spacer=5-10bp;gc_cont=0.605	1384386
NODE_1800_length_3794_cov_6.79914_4 -          DDE_Tnp_ISL3         PF01610.17   1.6e-45  155.5   3.9   2.3e-45  154.9   3.9   1.2   1   0   0   1   1   1   1 # 2418 # 3674 # -1 # ID=848_4;partial=00;start_type=ATG;rbs_motif=AGGA;rbs_spacer=5-10bp;gc_cont=0.395	112300
NODE_1800_length_3794_cov_6.79914_4 -          HTH_Tnp_ISL3         PF13542.6    3.1e-14   51.8   0.1   5.8e-14   51.0   0.1   1.5   1   0   0   1   1   1   1 # 2418 # 3674 # -1 # ID=848_4;partial=00;start_type=ATG;rbs_motif=AGGA;rbs_spacer=5-10bp;gc_cont=0.395	112300
NODE_1800_length_3794_cov_6.79914_4 -          zf-ISL3              PF14690.6      6e-11   42.5   0.8   1.5e-10   41.3   0.8   1.7   1   0   0   1   1   1   1 # 2418 # 3674 # -1 # ID=848_4;partial=00;start_type=ATG;rbs_motif=AGGA;rbs_spacer=5-10bp;gc_cont=0.395	112300
NODE_1800_length_3794_cov_6.79914_4 -          DDE_Tnp_ISL3         PF01610.17   1.6e-45  155.5   3.9   2.3e-45  154.9   3.9   1.2   1   0   0   1   1   1   1 # 2418 # 3674 # -1 # ID=848_4;partial=00;start_type=ATG;rbs_motif=AGGA;rbs_spacer=5-10bp;gc_cont=0.395	208710
NODE_1800_length_3794_cov_6.79914_4 -          HTH_Tnp_ISL3         PF13542.6    3.1e-14   51.8   0.1   5.8e-14   51.0   0.1   1.5   1   0   0   1   1   1   1 # 2418 # 3674 # -1 # ID=848_4;partial=00;start_type=ATG;rbs_motif=AGGA;rbs_spacer=5-10bp;gc_cont=0.395	208710
NODE_1800_length_3794_cov_6.79914_4 -          zf-ISL3              PF14690.6      6e-11   42.5   0.8   1.5e-10   41.3   0.8   1.7   1   0   0   1   1   1   1 # 2418 # 3674 # -1 # ID=848_4;partial=00;start_type=ATG;rbs_motif=AGGA;rbs_spacer=5-10bp;gc_cont=0.395	208710
NODE_1862_length_3723_cov_2.43402_4 -          DDE_Tnp_ISL3         PF01610.17     9e-17   61.3   0.3   9.9e-17   61.2   0.3   1.0   1   0   0   1   1   1   1 # 3337 # 3723 # -1 # ID=870_4;partial=01;start_type=Edge;rbs_motif=None;rbs_spacer=None;gc_cont=0.367	208710
NODE_2239_length_3340_cov_2.76043_3 -          DDE_Tnp_ISL3         PF01610.17     1e-22   80.8   2.0   1.1e-22   80.6   2.0   1.0   1   0   0   1   1   1   1 # 2889 # 3338 # 1 # ID=996_3;partial=01;start_type=ATG;rbs_motif=AAAA;rbs_spacer=14bp;gc_cont=0.382	104649
NODE_2239_length_3340_cov_2.76043_2 -          HTH_Tnp_ISL3         PF13542.6    2.4e-06   26.5   0.0   4.4e-06   25.7   0.0   1.5   1   0   0   1   1   1   1 # 2199 # 2747 # 1 # ID=996_2;partial=00;start_type=ATG;rbs_motif=TAA;rbs_spacer=8bp;gc_cont=0.406	104649
NODE_2239_length_3340_cov_2.76043_2 -          zf-ISL3              PF14690.6    9.7e-11   41.9   4.6   1.6e-10   41.2   4.6   1.4   1   0   0   1   1   1   1 # 2199 # 2747 # 1 # ID=996_2;partial=00;start_type=ATG;rbs_motif=TAA;rbs_spacer=8bp;gc_cont=0.406	104649
NODE_2273_length_3311_cov_16.1437_6 -          DDE_Tnp_ISL3         PF01610.17   3.2e-28   98.8   2.0   4.2e-28   98.4   2.0   1.0   1   0   0   1   1   1   1 # 2450 # 3025 # 1 # ID=1008_6;partial=00;start_type=ATG;rbs_motif=GGAG/GAGG;rbs_spacer=5-10bp;gc_cont=0.387	245186
NODE_2273_length_3311_cov_16.1437_5 -          HTH_Tnp_ISL3         PF13542.6    1.6e-09   36.8   0.0   2.6e-09   36.1   0.0   1.4   1   0   0   1   1   1   1 # 1935 # 2447 # 1 # ID=1008_5;partial=00;start_type=ATG;rbs_motif=None;rbs_spacer=None;gc_cont=0.388	245186
NODE_2273_length_3311_cov_16.1437_5 -          zf-ISL3              PF14690.6    3.7e-11   43.2   0.5   6.2e-11   42.5   0.5   1.4   1   0   0   1   1   1   1 # 1935 # 2447 # 1 # ID=1008_5;partial=00;start_type=ATG;rbs_motif=None;rbs_spacer=None;gc_cont=0.388	245186
NODE_2273_length_3311_cov_16.1437_6 -          DDE_Tnp_ISL3         PF01610.17   3.2e-28   98.8   2.0   4.2e-28   98.4   2.0   1.0   1   0   0   1   1   1   1 # 2450 # 3025 # 1 # ID=1008_6;partial=00;start_type=ATG;rbs_motif=GGAG/GAGG;rbs_spacer=5-10bp;gc_cont=0.387	1227430
NODE_2273_length_3311_cov_16.1437_5 -          HTH_Tnp_ISL3         PF13542.6    1.6e-09   36.8   0.0   2.6e-09   36.1   0.0   1.4   1   0   0   1   1   1   1 # 1935 # 2447 # 1 # ID=1008_5;partial=00;start_type=ATG;rbs_motif=None;rbs_spacer=None;gc_cont=0.388	1227430
NODE_2273_length_3311_cov_16.1437_5 -          zf-ISL3              PF14690.6    3.7e-11   43.2   0.5   6.2e-11   42.5   0.5   1.4   1   0   0   1   1   1   1 # 1935 # 2447 # 1 # ID=1008_5;partial=00;start_type=ATG;rbs_motif=None;rbs_spacer=None;gc_cont=0.388	1227430
NODE_2638_length_3040_cov_25.5608_5 -          DDE_Tnp_ISL3         PF01610.17   7.8e-20   71.3   0.7   9.5e-20   71.0   0.7   1.0   1   0   0   1   1   1   1 # 2474 # 2884 # 1 # ID=1117_5;partial=00;start_type=ATG;rbs_motif=None;rbs_spacer=None;gc_cont=0.367	71680
NODE_2638_length_3040_cov_25.5608_4 -          HTH_Tnp_ISL3         PF13542.6    1.1e-09   37.2   0.1   1.7e-09   36.7   0.1   1.3   1   0   0   1   1   1   1 # 1649 # 2023 # 1 # ID=1117_4;partial=00;start_type=ATG;rbs_motif=TAA;rbs_spacer=11bp;gc_cont=0.392	71680
NODE_2638_length_3040_cov_25.5608_5 -          DDE_Tnp_ISL3         PF01610.17   7.8e-20   71.3   0.7   9.5e-20   71.0   0.7   1.0   1   0   0   1   1   1   1 # 2474 # 2884 # 1 # ID=1117_5;partial=00;start_type=ATG;rbs_motif=None;rbs_spacer=None;gc_cont=0.367	36764
NODE_2638_length_3040_cov_25.5608_4 -          HTH_Tnp_ISL3         PF13542.6    1.1e-09   37.2   0.1   1.7e-09   36.7   0.1   1.3   1   0   0   1   1   1   1 # 1649 # 2023 # 1 # ID=1117_4;partial=00;start_type=ATG;rbs_motif=TAA;rbs_spacer=11bp;gc_cont=0.392	36764
NODE_2764_length_2970_cov_4.4542_3  -          DEDD_Tnp_IS110       PF01548.17   4.2e-25   88.1   0.0     6e-25   87.6   0.0   1.2   1   0   0   1   1   1   1 # 1627 # 2388 # 1 # ID=1153_3;partial=00;start_type=ATG;rbs_motif=AGGAG;rbs_spacer=5-10bp;gc_cont=0.375	1602113
NODE_2764_length_2970_cov_4.4542_4  -          Transposase_20       PF02371.16   2.7e-20   72.2   0.0   4.3e-20   71.5   0.0   1.3   1   0   0   1   1   1   1 # 2408 # 2794 # 1 # ID=1153_4;partial=00;start_type=ATG;rbs_motif=None;rbs_spacer=None;gc_cont=0.421	1602113
NODE_2815_length_2942_cov_2.98337_5  -          DDE_Tnp_1            PF01609.21   3.9e-08   32.9   0.0   4.3e-08   32.8   0.0   1.2   1   1   0   1   1   1   1 # 2229 # 2846 # -1 # ID=1165_5;partial=00;start_type=GTG;rbs_motif=None;rbs_spacer=None;gc_cont=0.683	99713
NODE_2815_length_2942_cov_2.98337_5  -          DDE_Tnp_1            PF01609.21   3.9e-08   32.9   0.0   4.3e-08   32.8   0.0   1.2   1   1   0   1   1   1   1 # 2229 # 2846 # -1 # ID=1165_5;partial=00;start_type=GTG;rbs_motif=None;rbs_spacer=None;gc_cont=0.683	48620
NODE_2815_length_2942_cov_2.98337_5  -          DDE_Tnp_1            PF01609.21   3.9e-08   32.9   0.0   4.3e-08   32.8   0.0   1.2   1   1   0   1   1   1   1 # 2229 # 2846 # -1 # ID=1165_5;partial=00;start_type=GTG;rbs_motif=None;rbs_spacer=None;gc_cont=0.683	48620
NODE_2815_length_2942_cov_2.98337_5  -          DDE_Tnp_1            PF01609.21   3.9e-08   32.9   0.0   4.3e-08   32.8   0.0   1.2   1   1   0   1   1   1   1 # 2229 # 2846 # -1 # ID=1165_5;partial=00;start_type=GTG;rbs_motif=None;rbs_spacer=None;gc_cont=0.683	84656
NODE_2815_length_2942_cov_2.98337_5  -          DDE_Tnp_1            PF01609.21   3.9e-08   32.9   0.0   4.3e-08   32.8   0.0   1.2   1   1   0   1   1   1   1 # 2229 # 2846 # -1 # ID=1165_5;partial=00;start_type=GTG;rbs_motif=None;rbs_spacer=None;gc_cont=0.683	213465
NODE_2815_length_2942_cov_2.98337_5  -          DDE_Tnp_1            PF01609.21   3.9e-08   32.9   0.0   4.3e-08   32.8   0.0   1.2   1   1   0   1   1   1   1 # 2229 # 2846 # -1 # ID=1165_5;partial=00;start_type=GTG;rbs_motif=None;rbs_spacer=None;gc_cont=0.683	628280
NODE_2815_length_2942_cov_2.98337_5  -          DDE_Tnp_1            PF01609.21   3.9e-08   32.9   0.0   4.3e-08   32.8   0.0   1.2   1   1   0   1   1   1   1 # 2229 # 2846 # -1 # ID=1165_5;partial=00;start_type=GTG;rbs_motif=None;rbs_spacer=None;gc_cont=0.683	80881
NODE_2815_length_2942_cov_2.98337_5  -          DDE_Tnp_1            PF01609.21   3.9e-08   32.9   0.0   4.3e-08   32.8   0.0   1.2   1   1   0   1   1   1   1 # 2229 # 2846 # -1 # ID=1165_5;partial=00;start_type=GTG;rbs_motif=None;rbs_spacer=None;gc_cont=0.683	80881
NODE_2815_length_2942_cov_2.98337_5  -          DDE_Tnp_1            PF01609.21   3.9e-08   32.9   0.0   4.3e-08   32.8   0.0   1.2   1   1   0   1   1   1   1 # 2229 # 2846 # -1 # ID=1165_5;partial=00;start_type=GTG;rbs_motif=None;rbs_spacer=None;gc_cont=0.683	2128068
NODE_3358_length_2640_cov_11.306_1  -          DDE_Tnp_ISL3         PF01610.17     5e-50  170.2   7.3   7.2e-50  169.7   7.3   1.2   1   0   0   1   1   1   1 # 35 # 1291 # -1 # ID=1315_1;partial=00;start_type=ATG;rbs_motif=None;rbs_spacer=None;gc_cont=0.375	794404
NODE_3358_length_2640_cov_11.306_1  -          HTH_Tnp_ISL3         PF13542.6    2.9e-10   39.1   0.0   5.2e-10   38.3   0.0   1.4   1   0   0   1   1   1   1 # 35 # 1291 # -1 # ID=1315_1;partial=00;start_type=ATG;rbs_motif=None;rbs_spacer=None;gc_cont=0.375	794404
NODE_3358_length_2640_cov_11.306_1  -          zf-ISL3              PF14690.6    1.4e-12   47.8   0.9   2.8e-12   46.8   0.9   1.6   1   0   0   1   1   1   1 # 35 # 1291 # -1 # ID=1315_1;partial=00;start_type=ATG;rbs_motif=None;rbs_spacer=None;gc_cont=0.375	794404
NODE_3358_length_2640_cov_11.306_1  -          DDE_Tnp_ISL3         PF01610.17     5e-50  170.2   7.3   7.2e-50  169.7   7.3   1.2   1   0   0   1   1   1   1 # 35 # 1291 # -1 # ID=1315_1;partial=00;start_type=ATG;rbs_motif=None;rbs_spacer=None;gc_cont=0.375	1227430
NODE_3358_length_2640_cov_11.306_1  -          HTH_Tnp_ISL3         PF13542.6    2.9e-10   39.1   0.0   5.2e-10   38.3   0.0   1.4   1   0   0   1   1   1   1 # 35 # 1291 # -1 # ID=1315_1;partial=00;start_type=ATG;rbs_motif=None;rbs_spacer=None;gc_cont=0.375	1227430
NODE_3358_length_2640_cov_11.306_1  -          zf-ISL3              PF14690.6    1.4e-12   47.8   0.9   2.8e-12   46.8   0.9   1.6   1   0   0   1   1   1   1 # 35 # 1291 # -1 # ID=1315_1;partial=00;start_type=ATG;rbs_motif=None;rbs_spacer=None;gc_cont=0.375	1227430
NODE_3418_length_2615_cov_3.03906_1 -          DDE_Tnp_ISL3         PF01610.17     1e-37  129.8   3.5   1.2e-37  129.6   3.5   1.1   1   0   0   1   1   1   1 # 3 # 632 # 1 # ID=1330_1;partial=10;start_type=Edge;rbs_motif=None;rbs_spacer=None;gc_cont=0.384	36764
NODE_3968_length_2370_cov_3.40432_1 -          PDDEXK_2             PF12784.7    1.1e-20   73.8   3.0   1.6e-20   73.3   3.0   1.3   1   0   0   1   1   1   1 # 227 # 1126 # -1 # ID=1466_1;partial=00;start_type=ATG;rbs_motif=TAA;rbs_spacer=10bp;gc_cont=0.424	1384368
NODE_4121_length_2310_cov_21.549_1  -          DDE_Tnp_ISL3         PF01610.17   2.2e-53  181.1   5.8   3.3e-53  180.6   5.8   1.3   1   0   0   1   1   1   1 # 127 # 1467 # 1 # ID=1502_1;partial=00;start_type=ATG;rbs_motif=AGGA;rbs_spacer=5-10bp;gc_cont=0.271	688467
NODE_4121_length_2310_cov_21.549_1  -          HTH_Tnp_ISL3         PF13542.6    1.3e-09   37.0   0.1     3e-09   35.9   0.0   1.7   2   0   0   2   2   2   1 # 127 # 1467 # 1 # ID=1502_1;partial=00;start_type=ATG;rbs_motif=AGGA;rbs_spacer=5-10bp;gc_cont=0.271	688467
NODE_4121_length_2310_cov_21.549_1  -          zf-ISL3              PF14690.6    1.5e-09   38.0   5.3   3.3e-09   37.0   5.3   1.6   1   0   0   1   1   1   1 # 127 # 1467 # 1 # ID=1502_1;partial=00;start_type=ATG;rbs_motif=AGGA;rbs_spacer=5-10bp;gc_cont=0.271	688467
NODE_4136_length_2306_cov_2.74633_2 -          Y1_Tnp               PF01797.16   4.6e-09   36.1   0.8   4.6e-09   36.1   0.8   1.8   1   1   1   2   2   2   1 # 554 # 1105 # 1 # ID=1504_2;partial=00;start_type=ATG;rbs_motif=AAA;rbs_spacer=5bp;gc_cont=0.290	43646
NODE_4710_length_2121_cov_4.84608_2  -          OrfB_IS605           PF01385.19   2.4e-25   88.8   1.1   4.8e-25   87.8   1.1   1.5   1   0   0   1   1   1   1 # 170 # 1402 # -1 # ID=1621_2;partial=00;start_type=ATG;rbs_motif=None;rbs_spacer=None;gc_cont=0.504	4130849
NODE_4710_length_2121_cov_4.84608_2  -          OrfB_Zn_ribbon       PF07282.11   4.2e-18   64.7   0.0   9.7e-18   63.6   0.0   1.6   1   0   0   1   1   1   1 # 170 # 1402 # -1 # ID=1621_2;partial=00;start_type=ATG;rbs_motif=None;rbs_spacer=None;gc_cont=0.504	4130849
NODE_4710_length_2121_cov_4.84608_3 -          Y1_Tnp               PF01797.16   3.5e-38  130.1   0.0   3.9e-38  130.0   0.0   1.0   1   0   0   1   1   1   1 # 1427 # 1846 # 1 # ID=1621_3;partial=00;start_type=ATG;rbs_motif=None;rbs_spacer=None;gc_cont=0.498	4130849
NODE_5058_length_2026_cov_18.2694_1 -          DEDD_Tnp_IS110       PF01548.17   2.4e-22   79.2   1.4   4.5e-22   78.3   1.0   1.7   1   1   0   1   1   1   1 # 151 # 1107 # 1 # ID=1710_1;partial=00;start_type=ATG;rbs_motif=None;rbs_spacer=None;gc_cont=0.528	2166028
NODE_5058_length_2026_cov_18.2694_1 -          Transposase_20       PF02371.16     2e-18   66.2   0.6   6.1e-18   64.6   0.1   2.0   2   0   0   2   2   2   1 # 151 # 1107 # 1 # ID=1710_1;partial=00;start_type=ATG;rbs_motif=None;rbs_spacer=None;gc_cont=0.528	2166028
NODE_5058_length_2026_cov_18.2694_1 -          DEDD_Tnp_IS110       PF01548.17   2.4e-22   79.2   1.4   4.5e-22   78.3   1.0   1.7   1   1   0   1   1   1   1 # 151 # 1107 # 1 # ID=1710_1;partial=00;start_type=ATG;rbs_motif=None;rbs_spacer=None;gc_cont=0.528	808283
NODE_5058_length_2026_cov_18.2694_1 -          Transposase_20       PF02371.16     2e-18   66.2   0.6   6.1e-18   64.6   0.1   2.0   2   0   0   2   2   2   1 # 151 # 1107 # 1 # ID=1710_1;partial=00;start_type=ATG;rbs_motif=None;rbs_spacer=None;gc_cont=0.528	808283
NODE_5071_length_2022_cov_16.151_2   -          DDE_Tnp_IS240        PF13610.6      3e-06   27.2   1.5     1e-05   25.5   0.4   2.0   1   1   1   2   2   2   1 # 567 # 1367 # -1 # ID=1713_2;partial=00;start_type=ATG;rbs_motif=None;rbs_spacer=None;gc_cont=0.296	61527
NODE_5071_length_2022_cov_16.151_3  -          HTH_Tnp_1            PF01527.20   5.1e-09   36.0   0.2   5.1e-09   36.0   0.2   3.3   4   1   0   4   4   4   1 # 1391 # 2020 # -1 # ID=1713_3;partial=01;start_type=Edge;rbs_motif=None;rbs_spacer=None;gc_cont=0.306	61527
NODE_5071_length_2022_cov_16.151_2   -          DDE_Tnp_IS240        PF13610.6      3e-06   27.2   1.5     1e-05   25.5   0.4   2.0   1   1   1   2   2   2   1 # 567 # 1367 # -1 # ID=1713_2;partial=00;start_type=ATG;rbs_motif=None;rbs_spacer=None;gc_cont=0.296	158168
NODE_5071_length_2022_cov_16.151_3  -          HTH_Tnp_1            PF01527.20   5.1e-09   36.0   0.2   5.1e-09   36.0   0.2   3.3   4   1   0   4   4   4   1 # 1391 # 2020 # -1 # ID=1713_3;partial=01;start_type=Edge;rbs_motif=None;rbs_spacer=None;gc_cont=0.306	158168
NODE_5071_length_2022_cov_16.151_2   -          DDE_Tnp_IS240        PF13610.6      3e-06   27.2   1.5     1e-05   25.5   0.4   2.0   1   1   1   2   2   2   1 # 567 # 1367 # -1 # ID=1713_2;partial=00;start_type=ATG;rbs_motif=None;rbs_spacer=None;gc_cont=0.296	237291
NODE_5071_length_2022_cov_16.151_3  -          HTH_Tnp_1            PF01527.20   5.1e-09   36.0   0.2   5.1e-09   36.0   0.2   3.3   4   1   0   4   4   4   1 # 1391 # 2020 # -1 # ID=1713_3;partial=01;start_type=Edge;rbs_motif=None;rbs_spacer=None;gc_cont=0.306	237291
NODE_5266_length_1964_cov_9.29754_4 -          DUF772               PF05598.11   3.1e-16   58.8   0.1   5.4e-16   58.1   0.1   1.4   1   0   0   1   1   1   1 # 1642 # 1962 # 1 # ID=1746_4;partial=01;start_type=ATG;rbs_motif=GGA/GAG/AGG;rbs_spacer=5-10bp;gc_cont=0.536	135405
NODE_5266_length_1964_cov_9.29754_4 -          DUF772               PF05598.11   3.1e-16   58.8   0.1   5.4e-16   58.1   0.1   1.4   1   0   0   1   1   1   1 # 1642 # 1962 # 1 # ID=1746_4;partial=01;start_type=ATG;rbs_motif=GGA/GAG/AGG;rbs_spacer=5-10bp;gc_cont=0.536	135405
NODE_5266_length_1964_cov_9.29754_4 -          DUF772               PF05598.11   3.1e-16   58.8   0.1   5.4e-16   58.1   0.1   1.4   1   0   0   1   1   1   1 # 1642 # 1962 # 1 # ID=1746_4;partial=01;start_type=ATG;rbs_motif=GGA/GAG/AGG;rbs_spacer=5-10bp;gc_cont=0.536	2397713
NODE_5266_length_1964_cov_9.29754_4 -          DUF772               PF05598.11   3.1e-16   58.8   0.1   5.4e-16   58.1   0.1   1.4   1   0   0   1   1   1   1 # 1642 # 1962 # 1 # ID=1746_4;partial=01;start_type=ATG;rbs_motif=GGA/GAG/AGG;rbs_spacer=5-10bp;gc_cont=0.536	2365469
NODE_5266_length_1964_cov_9.29754_4 -          DUF772               PF05598.11   3.1e-16   58.8   0.1   5.4e-16   58.1   0.1   1.4   1   0   0   1   1   1   1 # 1642 # 1962 # 1 # ID=1746_4;partial=01;start_type=ATG;rbs_motif=GGA/GAG/AGG;rbs_spacer=5-10bp;gc_cont=0.536	950870
NODE_6017_length_1775_cov_12.982_2  -          DDE_Tnp_ISL3         PF01610.17   2.6e-54  184.2   7.8   4.4e-54  183.4   7.8   1.4   1   0   0   1   1   1   1 # 125 # 1381 # 1 # ID=1870_2;partial=00;start_type=ATG;rbs_motif=TAGAA;rbs_spacer=8bp;gc_cont=0.377	71680
NODE_6017_length_1775_cov_12.982_2  -          HTH_Tnp_ISL3         PF13542.6    5.8e-10   38.1   0.0   1.1e-09   37.3   0.0   1.5   1   0   0   1   1   1   1 # 125 # 1381 # 1 # ID=1870_2;partial=00;start_type=ATG;rbs_motif=TAGAA;rbs_spacer=8bp;gc_cont=0.377	71680
NODE_6017_length_1775_cov_12.982_2  -          zf-ISL3              PF14690.6    5.5e-11   42.7   0.9   1.2e-10   41.6   0.9   1.6   1   0   0   1   1   1   1 # 125 # 1381 # 1 # ID=1870_2;partial=00;start_type=ATG;rbs_motif=TAGAA;rbs_spacer=8bp;gc_cont=0.377	71680
NODE_6017_length_1775_cov_12.982_2  -          DDE_Tnp_ISL3         PF01610.17   2.6e-54  184.2   7.8   4.4e-54  183.4   7.8   1.4   1   0   0   1   1   1   1 # 125 # 1381 # 1 # ID=1870_2;partial=00;start_type=ATG;rbs_motif=TAGAA;rbs_spacer=8bp;gc_cont=0.377	754405
NODE_6017_length_1775_cov_12.982_2  -          HTH_Tnp_ISL3         PF13542.6    5.8e-10   38.1   0.0   1.1e-09   37.3   0.0   1.5   1   0   0   1   1   1   1 # 125 # 1381 # 1 # ID=1870_2;partial=00;start_type=ATG;rbs_motif=TAGAA;rbs_spacer=8bp;gc_cont=0.377	754405
NODE_6017_length_1775_cov_12.982_2  -          zf-ISL3              PF14690.6    5.5e-11   42.7   0.9   1.2e-10   41.6   0.9   1.6   1   0   0   1   1   1   1 # 125 # 1381 # 1 # ID=1870_2;partial=00;start_type=ATG;rbs_motif=TAGAA;rbs_spacer=8bp;gc_cont=0.377	754405
NODE_6017_length_1775_cov_12.982_2  -          DDE_Tnp_ISL3         PF01610.17   2.6e-54  184.2   7.8   4.4e-54  183.4   7.8   1.4   1   0   0   1   1   1   1 # 125 # 1381 # 1 # ID=1870_2;partial=00;start_type=ATG;rbs_motif=TAGAA;rbs_spacer=8bp;gc_cont=0.377	36764
NODE_6017_length_1775_cov_12.982_2  -          HTH_Tnp_ISL3         PF13542.6    5.8e-10   38.1   0.0   1.1e-09   37.3   0.0   1.5   1   0   0   1   1   1   1 # 125 # 1381 # 1 # ID=1870_2;partial=00;start_type=ATG;rbs_motif=TAGAA;rbs_spacer=8bp;gc_cont=0.377	36764
NODE_6017_length_1775_cov_12.982_2  -          zf-ISL3              PF14690.6    5.5e-11   42.7   0.9   1.2e-10   41.6   0.9   1.6   1   0   0   1   1   1   1 # 125 # 1381 # 1 # ID=1870_2;partial=00;start_type=ATG;rbs_motif=TAGAA;rbs_spacer=8bp;gc_cont=0.377	36764
NODE_7808_length_1461_cov_7.88122_1 -          HTH_Tnp_1            PF01527.20   1.1e-09   38.1   0.2   1.6e-09   37.7   0.2   1.3   1   0   0   1   1   1   1 # 641 # 922 # 1 # ID=2172_1;partial=00;start_type=ATG;rbs_motif=AGGA;rbs_spacer=5-10bp;gc_cont=0.674	237638
NODE_7937_length_1438_cov_9.9436_1   -          DDE_Tnp_IS240        PF13610.6    9.1e-06   25.7   0.0   1.6e-05   24.9   0.0   1.4   1   0   0   1   1   1   1 # 33 # 701 # -1 # ID=2191_1;partial=00;start_type=ATG;rbs_motif=None;rbs_spacer=None;gc_cont=0.375	2396331
NODE_8332_length_1386_cov_5.73554_2 -          HTH_Tnp_1            PF01527.20   1.7e-14   53.6   3.7   2.3e-14   53.2   3.7   1.2   1   0   0   1   1   1   1 # 979 # 1263 # -1 # ID=2249_2;partial=00;start_type=ATG;rbs_motif=AGGA;rbs_spacer=5-10bp;gc_cont=0.575	383595
NODE_8332_length_1386_cov_5.73554_2 -          HTH_Tnp_1            PF01527.20   1.7e-14   53.6   3.7   2.3e-14   53.2   3.7   1.2   1   0   0   1   1   1   1 # 979 # 1263 # -1 # ID=2249_2;partial=00;start_type=ATG;rbs_motif=AGGA;rbs_spacer=5-10bp;gc_cont=0.575	99713
NODE_8681_length_1340_cov_11.5175_1 -          DDE_Tnp_ISL3         PF01610.17   7.7e-51  172.8   6.3   1.3e-50  172.1   6.3   1.3   1   0   0   1   1   1   1 # 125 # 1339 # 1 # ID=2301_1;partial=01;start_type=ATG;rbs_motif=TAGAA;rbs_spacer=8bp;gc_cont=0.388	291737
NODE_8681_length_1340_cov_11.5175_1 -          HTH_Tnp_ISL3         PF13542.6    5.8e-10   38.2   0.0     1e-09   37.4   0.0   1.4   1   0   0   1   1   1   1 # 125 # 1339 # 1 # ID=2301_1;partial=01;start_type=ATG;rbs_motif=TAGAA;rbs_spacer=8bp;gc_cont=0.388	291737
NODE_8681_length_1340_cov_11.5175_1 -          zf-ISL3              PF14690.6    1.4e-12   47.8   0.9   2.7e-12   46.9   0.9   1.5   1   0   0   1   1   1   1 # 125 # 1339 # 1 # ID=2301_1;partial=01;start_type=ATG;rbs_motif=TAGAA;rbs_spacer=8bp;gc_cont=0.388	291737
NODE_12072_length_1020_cov_25.914_1 -          DDE_Tnp_ISL3         PF01610.17     1e-26   93.9   2.7   1.6e-26   93.2   2.7   1.3   1   0   0   1   1   1   1 # 89 # 1018 # 1 # ID=2716_1;partial=01;start_type=ATG;rbs_motif=TAA;rbs_spacer=8bp;gc_cont=0.384	245186
NODE_12072_length_1020_cov_25.914_1 -          HTH_Tnp_ISL3         PF13542.6    2.6e-10   39.3   0.0     5e-10   38.4   0.0   1.5   1   0   0   1   1   1   1 # 89 # 1018 # 1 # ID=2716_1;partial=01;start_type=ATG;rbs_motif=TAA;rbs_spacer=8bp;gc_cont=0.384	245186
NODE_12072_length_1020_cov_25.914_1 -          zf-ISL3              PF14690.6    6.6e-13   48.8   1.4   1.6e-12   47.6   1.4   1.7   1   0   0   1   1   1   1 # 89 # 1018 # 1 # ID=2716_1;partial=01;start_type=ATG;rbs_motif=TAA;rbs_spacer=8bp;gc_cont=0.384	245186
NODE_13038_length_955_cov_2_1 -          DDE_Tnp_1_4          PF13701.6    3.3e-12   45.1   0.0   4.3e-12   44.7   0.0   1.0   1   0   0   1   1   1   1 # 1 # 954 # -1 # ID=2824_1;partial=11;start_type=Edge;rbs_motif=None;rbs_spacer=None;gc_cont=0.433	182338
NODE_22097_length_617_cov_2.42171_1 -          Y2_Tnp               PF04986.13   1.6e-18   67.1   0.0     2e-18   66.8   0.0   1.2   1   0   0   1   1   1   1 # 1 # 615 # 1 # ID=3433_1;partial=11;start_type=Edge;rbs_motif=None;rbs_spacer=None;gc_cont=0.262	387669
NODE_23872_length_583_cov_35.5473_1  -          DDE_Tnp_1            PF01609.21   8.3e-07   28.6  12.9   1.4e-06   27.9  12.9   1.3   1   1   0   1   1   1   1 # 1 # 474 # 1 # ID=3512_1;partial=10;start_type=Edge;rbs_motif=None;rbs_spacer=None;gc_cont=0.295	5103442
NODE_23872_length_583_cov_35.5473_1 -          DDE_Tnp_1_6          PF13751.6    2.1e-16   60.0   2.3     3e-16   59.5   2.3   1.3   1   0   0   1   1   1   1 # 1 # 474 # 1 # ID=3512_1;partial=10;start_type=Edge;rbs_motif=None;rbs_spacer=None;gc_cont=0.295	5103442
NODE_27226_length_528_cov_1.50529_1 -          zf-ISL3              PF14690.6    3.8e-06   27.2   0.6   6.5e-06   26.4   0.6   1.4   1   0   0   1   1   1   1 # 99 # 428 # -1 # ID=3666_1;partial=00;start_type=ATG;rbs_motif=None;rbs_spacer=None;gc_cont=0.439	164279
NODE_27295_length_527_cov_4.75424_1 -          HTH_Tnp_1            PF01527.20   9.8e-17   60.8   3.2   1.2e-16   60.4   3.2   1.2   1   0   0   1   1   1   1 # 44 # 328 # -1 # ID=3670_1;partial=00;start_type=ATG;rbs_motif=AGGA;rbs_spacer=5-10bp;gc_cont=0.582	194970
NODE_27295_length_527_cov_4.75424_1 -          HTH_Tnp_ISL3         PF13542.6      2e-06   26.8   0.0   2.8e-06   26.4   0.0   1.2   1   0   0   1   1   1   1 # 44 # 328 # -1 # ID=3670_1;partial=00;start_type=ATG;rbs_motif=AGGA;rbs_spacer=5-10bp;gc_cont=0.582	194970
NODE_27812_length_520_cov_3.96129_1 -          DDE_Tnp_ISL3         PF01610.17     2e-30  106.0   5.5     5e-17   62.1   0.6   2.0   1   1   1   2   2   2   2 # 76 # 519 # -1 # ID=3701_1;partial=01;start_type=Edge;rbs_motif=None;rbs_spacer=None;gc_cont=0.378	104649
NODE_29339_length_498_cov_5.91422_1 -          HTH_Tnp_1            PF01527.20     3e-07   30.4   0.0   9.6e-07   28.7   0.0   1.8   2   1   0   2   2   2   1 # 3 # 497 # 1 # ID=3761_1;partial=11;start_type=Edge;rbs_motif=None;rbs_spacer=None;gc_cont=0.352	49534
NODE_48271_length_353_cov_7.28188_1 -          DUF772               PF05598.11   1.5e-06   27.8   0.2   2.4e-06   27.2   0.2   1.3   1   0   0   1   1   1   1 # 2 # 352 # -1 # ID=4301_1;partial=11;start_type=Edge;rbs_motif=None;rbs_spacer=None;gc_cont=0.510	2365469
NODE_59165_length_311_cov_27.5742_1  -          DDE_Tnp_1            PF01609.21   1.3e-11   44.3   0.5   1.4e-11   44.1   0.5   1.0   1   0   0   1   1   1   1 # 1 # 231 # 1 # ID=4522_1;partial=10;start_type=Edge;rbs_motif=None;rbs_spacer=None;gc_cont=0.528	413832
NODE_59165_length_311_cov_27.5742_1 -          DDE_Tnp_1_6          PF13751.6    2.3e-07   30.8   0.3   2.4e-07   30.7   0.3   1.1   1   0   0   1   1   1   1 # 1 # 231 # 1 # ID=4522_1;partial=10;start_type=Edge;rbs_motif=None;rbs_spacer=None;gc_cont=0.528	413832
NODE_59165_length_311_cov_27.5742_1  -          DDE_Tnp_1            PF01609.21   1.3e-11   44.3   0.5   1.4e-11   44.1   0.5   1.0   1   0   0   1   1   1   1 # 1 # 231 # 1 # ID=4522_1;partial=10;start_type=Edge;rbs_motif=None;rbs_spacer=None;gc_cont=0.528	413832
NODE_59165_length_311_cov_27.5742_1 -          DDE_Tnp_1_6          PF13751.6    2.3e-07   30.8   0.3   2.4e-07   30.7   0.3   1.1   1   0   0   1   1   1   1 # 1 # 231 # 1 # ID=4522_1;partial=10;start_type=Edge;rbs_motif=None;rbs_spacer=None;gc_cont=0.528	413832
NODE_60629_length_306_cov_1.30677_1 -          DDE_Tnp_IS66         PF03050.14   2.3e-11   43.4   0.2   2.5e-11   43.3   0.2   1.0   1   0   0   1   1   1   1 # 1 # 306 # -1 # ID=4550_1;partial=11;start_type=Edge;rbs_motif=None;rbs_spacer=None;gc_cont=0.490	4130871
NODE_86724_length_247_cov_12.2344_1  -          DDE_Tnp_1            PF01609.21   2.1e-06   27.3   0.1   2.3e-06   27.1   0.1   1.0   1   0   0   1   1   1   1 # 3 # 167 # 1 # ID=4961_1;partial=10;start_type=Edge;rbs_motif=None;rbs_spacer=None;gc_cont=0.509	61241
NODE_86724_length_247_cov_12.2344_1 -          DDE_Tnp_1_6          PF13751.6    3.2e-06   27.1   0.0   3.4e-06   27.0   0.0   1.0   1   0   0   1   1   1   1 # 3 # 167 # 1 # ID=4961_1;partial=10;start_type=Edge;rbs_motif=None;rbs_spacer=None;gc_cont=0.509	61241
NODE_87916_length_246_cov_1.96859_1  -          OrfB_Zn_ribbon       PF07282.11   1.5e-20   72.6   0.3   1.7e-20   72.5   0.3   1.0   1   0   0   1   1   1   1 # 1 # 219 # 1 # ID=4981_1;partial=10;start_type=Edge;rbs_motif=None;rbs_spacer=None;gc_cont=0.311	29995
NODE_100636_length_228_cov_21.8902_1 -          DDE_Tnp_1            PF01609.21   5.3e-16   58.6   0.2   5.7e-16   58.5   0.2   1.0   1   0   0   1   1   1   1 # 2 # 226 # -1 # ID=5146_1;partial=11;start_type=Edge;rbs_motif=None;rbs_spacer=None;gc_cont=0.529	196295
