NODE_1_length_129289_cov_27.4655_124 -          DDE_Tnp_ISL3         PF01610.17   2.4e-67  226.3   6.6   3.3e-66  222.6   3.4   2.1   2   0   0   2   2   2   2 # 110527 # 111783 # -1 # ID=1_124;partial=00;start_type=ATG;rbs_motif=None;rbs_spacer=None;gc_cont=0.395	3807216
NODE_1_length_129289_cov_27.4655_124 -          HTH_Tnp_ISL3         PF13542.6      2e-08   32.7   0.0   4.1e-08   31.7   0.0   1.5   1   0   0   1   1   1   1 # 110527 # 111783 # -1 # ID=1_124;partial=00;start_type=ATG;rbs_motif=None;rbs_spacer=None;gc_cont=0.395	3807216
NODE_1_length_129289_cov_27.4655_124 -          zf-ISL3              PF14690.6      1e-14   54.1   4.4   2.1e-14   53.1   3.5   2.1   2   0   0   2   2   2   1 # 110527 # 111783 # -1 # ID=1_124;partial=00;start_type=ATG;rbs_motif=None;rbs_spacer=None;gc_cont=0.395	3807216
NODE_1_length_129289_cov_27.4655_124 -          DDE_Tnp_ISL3         PF01610.17   2.4e-67  226.3   6.6   3.3e-66  222.6   3.4   2.1   2   0   0   2   2   2   2 # 110527 # 111783 # -1 # ID=1_124;partial=00;start_type=ATG;rbs_motif=None;rbs_spacer=None;gc_cont=0.395	3399213
NODE_1_length_129289_cov_27.4655_124 -          HTH_Tnp_ISL3         PF13542.6      2e-08   32.7   0.0   4.1e-08   31.7   0.0   1.5   1   0   0   1   1   1   1 # 110527 # 111783 # -1 # ID=1_124;partial=00;start_type=ATG;rbs_motif=None;rbs_spacer=None;gc_cont=0.395	3399213
NODE_1_length_129289_cov_27.4655_124 -          zf-ISL3              PF14690.6      1e-14   54.1   4.4   2.1e-14   53.1   3.5   2.1   2   0   0   2   2   2   1 # 110527 # 111783 # -1 # ID=1_124;partial=00;start_type=ATG;rbs_motif=None;rbs_spacer=None;gc_cont=0.395	3399213
NODE_1_length_129289_cov_27.4655_124 -          DDE_Tnp_ISL3         PF01610.17   2.4e-67  226.3   6.6   3.3e-66  222.6   3.4   2.1   2   0   0   2   2   2   2 # 110527 # 111783 # -1 # ID=1_124;partial=00;start_type=ATG;rbs_motif=None;rbs_spacer=None;gc_cont=0.395	3016750
NODE_1_length_129289_cov_27.4655_124 -          HTH_Tnp_ISL3         PF13542.6      2e-08   32.7   0.0   4.1e-08   31.7   0.0   1.5   1   0   0   1   1   1   1 # 110527 # 111783 # -1 # ID=1_124;partial=00;start_type=ATG;rbs_motif=None;rbs_spacer=None;gc_cont=0.395	3016750
NODE_1_length_129289_cov_27.4655_124 -          zf-ISL3              PF14690.6      1e-14   54.1   4.4   2.1e-14   53.1   3.5   2.1   2   0   0   2   2   2   1 # 110527 # 111783 # -1 # ID=1_124;partial=00;start_type=ATG;rbs_motif=None;rbs_spacer=None;gc_cont=0.395	3016750
NODE_1_length_129289_cov_27.4655_124 -          DDE_Tnp_ISL3         PF01610.17   2.4e-67  226.3   6.6   3.3e-66  222.6   3.4   2.1   2   0   0   2   2   2   2 # 110527 # 111783 # -1 # ID=1_124;partial=00;start_type=ATG;rbs_motif=None;rbs_spacer=None;gc_cont=0.395	498813
NODE_1_length_129289_cov_27.4655_124 -          HTH_Tnp_ISL3         PF13542.6      2e-08   32.7   0.0   4.1e-08   31.7   0.0   1.5   1   0   0   1   1   1   1 # 110527 # 111783 # -1 # ID=1_124;partial=00;start_type=ATG;rbs_motif=None;rbs_spacer=None;gc_cont=0.395	498813
NODE_1_length_129289_cov_27.4655_124 -          zf-ISL3              PF14690.6      1e-14   54.1   4.4   2.1e-14   53.1   3.5   2.1   2   0   0   2   2   2   1 # 110527 # 111783 # -1 # ID=1_124;partial=00;start_type=ATG;rbs_motif=None;rbs_spacer=None;gc_cont=0.395	498813
NODE_1_length_129289_cov_27.4655_124 -          DDE_Tnp_ISL3         PF01610.17   2.4e-67  226.3   6.6   3.3e-66  222.6   3.4   2.1   2   0   0   2   2   2   2 # 110527 # 111783 # -1 # ID=1_124;partial=00;start_type=ATG;rbs_motif=None;rbs_spacer=None;gc_cont=0.395	498813
NODE_1_length_129289_cov_27.4655_124 -          HTH_Tnp_ISL3         PF13542.6      2e-08   32.7   0.0   4.1e-08   31.7   0.0   1.5   1   0   0   1   1   1   1 # 110527 # 111783 # -1 # ID=1_124;partial=00;start_type=ATG;rbs_motif=None;rbs_spacer=None;gc_cont=0.395	498813
NODE_1_length_129289_cov_27.4655_124 -          zf-ISL3              PF14690.6      1e-14   54.1   4.4   2.1e-14   53.1   3.5   2.1   2   0   0   2   2   2   1 # 110527 # 111783 # -1 # ID=1_124;partial=00;start_type=ATG;rbs_motif=None;rbs_spacer=None;gc_cont=0.395	498813
NODE_1_length_129289_cov_27.4655_124 -          DDE_Tnp_ISL3         PF01610.17   2.4e-67  226.3   6.6   3.3e-66  222.6   3.4   2.1   2   0   0   2   2   2   2 # 110527 # 111783 # -1 # ID=1_124;partial=00;start_type=ATG;rbs_motif=None;rbs_spacer=None;gc_cont=0.395	2391381
NODE_1_length_129289_cov_27.4655_124 -          HTH_Tnp_ISL3         PF13542.6      2e-08   32.7   0.0   4.1e-08   31.7   0.0   1.5   1   0   0   1   1   1   1 # 110527 # 111783 # -1 # ID=1_124;partial=00;start_type=ATG;rbs_motif=None;rbs_spacer=None;gc_cont=0.395	2391381
NODE_1_length_129289_cov_27.4655_124 -          zf-ISL3              PF14690.6      1e-14   54.1   4.4   2.1e-14   53.1   3.5   2.1   2   0   0   2   2   2   1 # 110527 # 111783 # -1 # ID=1_124;partial=00;start_type=ATG;rbs_motif=None;rbs_spacer=None;gc_cont=0.395	2391381
NODE_1_length_129289_cov_27.4655_124 -          DDE_Tnp_ISL3         PF01610.17   2.4e-67  226.3   6.6   3.3e-66  222.6   3.4   2.1   2   0   0   2   2   2   2 # 110527 # 111783 # -1 # ID=1_124;partial=00;start_type=ATG;rbs_motif=None;rbs_spacer=None;gc_cont=0.395	54312
NODE_1_length_129289_cov_27.4655_124 -          HTH_Tnp_ISL3         PF13542.6      2e-08   32.7   0.0   4.1e-08   31.7   0.0   1.5   1   0   0   1   1   1   1 # 110527 # 111783 # -1 # ID=1_124;partial=00;start_type=ATG;rbs_motif=None;rbs_spacer=None;gc_cont=0.395	54312
NODE_1_length_129289_cov_27.4655_124 -          zf-ISL3              PF14690.6      1e-14   54.1   4.4   2.1e-14   53.1   3.5   2.1   2   0   0   2   2   2   1 # 110527 # 111783 # -1 # ID=1_124;partial=00;start_type=ATG;rbs_motif=None;rbs_spacer=None;gc_cont=0.395	54312
NODE_1_length_129289_cov_27.4655_124 -          DDE_Tnp_ISL3         PF01610.17   2.4e-67  226.3   6.6   3.3e-66  222.6   3.4   2.1   2   0   0   2   2   2   2 # 110527 # 111783 # -1 # ID=1_124;partial=00;start_type=ATG;rbs_motif=None;rbs_spacer=None;gc_cont=0.395	5067993
NODE_1_length_129289_cov_27.4655_124 -          HTH_Tnp_ISL3         PF13542.6      2e-08   32.7   0.0   4.1e-08   31.7   0.0   1.5   1   0   0   1   1   1   1 # 110527 # 111783 # -1 # ID=1_124;partial=00;start_type=ATG;rbs_motif=None;rbs_spacer=None;gc_cont=0.395	5067993
NODE_1_length_129289_cov_27.4655_124 -          zf-ISL3              PF14690.6      1e-14   54.1   4.4   2.1e-14   53.1   3.5   2.1   2   0   0   2   2   2   1 # 110527 # 111783 # -1 # ID=1_124;partial=00;start_type=ATG;rbs_motif=None;rbs_spacer=None;gc_cont=0.395	5067993
NODE_1_length_129289_cov_27.4655_124 -          DDE_Tnp_ISL3         PF01610.17   2.4e-67  226.3   6.6   3.3e-66  222.6   3.4   2.1   2   0   0   2   2   2   2 # 110527 # 111783 # -1 # ID=1_124;partial=00;start_type=ATG;rbs_motif=None;rbs_spacer=None;gc_cont=0.395	416882
NODE_1_length_129289_cov_27.4655_124 -          HTH_Tnp_ISL3         PF13542.6      2e-08   32.7   0.0   4.1e-08   31.7   0.0   1.5   1   0   0   1   1   1   1 # 110527 # 111783 # -1 # ID=1_124;partial=00;start_type=ATG;rbs_motif=None;rbs_spacer=None;gc_cont=0.395	416882
NODE_1_length_129289_cov_27.4655_124 -          zf-ISL3              PF14690.6      1e-14   54.1   4.4   2.1e-14   53.1   3.5   2.1   2   0   0   2   2   2   1 # 110527 # 111783 # -1 # ID=1_124;partial=00;start_type=ATG;rbs_motif=None;rbs_spacer=None;gc_cont=0.395	416882
NODE_1_length_129289_cov_27.4655_124 -          DDE_Tnp_ISL3         PF01610.17   2.4e-67  226.3   6.6   3.3e-66  222.6   3.4   2.1   2   0   0   2   2   2   2 # 110527 # 111783 # -1 # ID=1_124;partial=00;start_type=ATG;rbs_motif=None;rbs_spacer=None;gc_cont=0.395	2831618
NODE_1_length_129289_cov_27.4655_124 -          HTH_Tnp_ISL3         PF13542.6      2e-08   32.7   0.0   4.1e-08   31.7   0.0   1.5   1   0   0   1   1   1   1 # 110527 # 111783 # -1 # ID=1_124;partial=00;start_type=ATG;rbs_motif=None;rbs_spacer=None;gc_cont=0.395	2831618
NODE_1_length_129289_cov_27.4655_124 -          zf-ISL3              PF14690.6      1e-14   54.1   4.4   2.1e-14   53.1   3.5   2.1   2   0   0   2   2   2   1 # 110527 # 111783 # -1 # ID=1_124;partial=00;start_type=ATG;rbs_motif=None;rbs_spacer=None;gc_cont=0.395	2831618
NODE_8_length_77479_cov_28.9258_1   -          DDE_Tnp_IS240        PF13610.6    3.6e-08   32.9   0.5     6e-08   32.2   0.1   1.5   2   0   0   2   2   2   1 # 184 # 945 # -1 # ID=8_1;partial=00;start_type=ATG;rbs_motif=None;rbs_spacer=None;gc_cont=0.381	534042
NODE_8_length_77479_cov_28.9258_2   -          HTH_Tnp_1            PF01527.20     7e-07   28.6   0.2   2.7e-06   26.8   0.2   2.0   1   1   0   1   1   1   1 # 987 # 1361 # -1 # ID=8_2;partial=00;start_type=ATG;rbs_motif=GGAG/GAGG;rbs_spacer=5-10bp;gc_cont=0.408	534042
NODE_8_length_77479_cov_28.9258_1   -          DDE_Tnp_IS240        PF13610.6    3.6e-08   32.9   0.5     6e-08   32.2   0.1   1.5   2   0   0   2   2   2   1 # 184 # 945 # -1 # ID=8_1;partial=00;start_type=ATG;rbs_motif=None;rbs_spacer=None;gc_cont=0.381	534042
NODE_8_length_77479_cov_28.9258_2   -          HTH_Tnp_1            PF01527.20     7e-07   28.6   0.2   2.7e-06   26.8   0.2   2.0   1   1   0   1   1   1   1 # 987 # 1361 # -1 # ID=8_2;partial=00;start_type=ATG;rbs_motif=GGAG/GAGG;rbs_spacer=5-10bp;gc_cont=0.408	534042
NODE_8_length_77479_cov_28.9258_1   -          DDE_Tnp_IS240        PF13610.6    3.6e-08   32.9   0.5     6e-08   32.2   0.1   1.5   2   0   0   2   2   2   1 # 184 # 945 # -1 # ID=8_1;partial=00;start_type=ATG;rbs_motif=None;rbs_spacer=None;gc_cont=0.381	5068089
NODE_8_length_77479_cov_28.9258_2   -          HTH_Tnp_1            PF01527.20     7e-07   28.6   0.2   2.7e-06   26.8   0.2   2.0   1   1   0   1   1   1   1 # 987 # 1361 # -1 # ID=8_2;partial=00;start_type=ATG;rbs_motif=GGAG/GAGG;rbs_spacer=5-10bp;gc_cont=0.408	5068089
NODE_8_length_77479_cov_28.9258_1   -          DDE_Tnp_IS240        PF13610.6    3.6e-08   32.9   0.5     6e-08   32.2   0.1   1.5   2   0   0   2   2   2   1 # 184 # 945 # -1 # ID=8_1;partial=00;start_type=ATG;rbs_motif=None;rbs_spacer=None;gc_cont=0.381	1996081
NODE_8_length_77479_cov_28.9258_2   -          HTH_Tnp_1            PF01527.20     7e-07   28.6   0.2   2.7e-06   26.8   0.2   2.0   1   1   0   1   1   1   1 # 987 # 1361 # -1 # ID=8_2;partial=00;start_type=ATG;rbs_motif=GGAG/GAGG;rbs_spacer=5-10bp;gc_cont=0.408	1996081
NODE_8_length_77479_cov_28.9258_1   -          DDE_Tnp_IS240        PF13610.6    3.6e-08   32.9   0.5     6e-08   32.2   0.1   1.5   2   0   0   2   2   2   1 # 184 # 945 # -1 # ID=8_1;partial=00;start_type=ATG;rbs_motif=None;rbs_spacer=None;gc_cont=0.381	358064
NODE_8_length_77479_cov_28.9258_2   -          HTH_Tnp_1            PF01527.20     7e-07   28.6   0.2   2.7e-06   26.8   0.2   2.0   1   1   0   1   1   1   1 # 987 # 1361 # -1 # ID=8_2;partial=00;start_type=ATG;rbs_motif=GGAG/GAGG;rbs_spacer=5-10bp;gc_cont=0.408	358064
NODE_8_length_77479_cov_28.9258_1   -          DDE_Tnp_IS240        PF13610.6    3.6e-08   32.9   0.5     6e-08   32.2   0.1   1.5   2   0   0   2   2   2   1 # 184 # 945 # -1 # ID=8_1;partial=00;start_type=ATG;rbs_motif=None;rbs_spacer=None;gc_cont=0.381	28489
NODE_8_length_77479_cov_28.9258_2   -          HTH_Tnp_1            PF01527.20     7e-07   28.6   0.2   2.7e-06   26.8   0.2   2.0   1   1   0   1   1   1   1 # 987 # 1361 # -1 # ID=8_2;partial=00;start_type=ATG;rbs_motif=GGAG/GAGG;rbs_spacer=5-10bp;gc_cont=0.408	28489
NODE_16_length_52273_cov_32.9613_25 -          Mu-transpos_C        PF09299.11   3.2e-12   45.4   0.0   7.5e-12   44.2   0.0   1.7   1   0   0   1   1   1   1 # 19377 # 21359 # 1 # ID=16_25;partial=00;start_type=ATG;rbs_motif=AGGA;rbs_spacer=5-10bp;gc_cont=0.441	600862
NODE_16_length_52273_cov_32.9613_25 -          Mu-transpos_C        PF09299.11   3.2e-12   45.4   0.0   7.5e-12   44.2   0.0   1.7   1   0   0   1   1   1   1 # 19377 # 21359 # 1 # ID=16_25;partial=00;start_type=ATG;rbs_motif=AGGA;rbs_spacer=5-10bp;gc_cont=0.441	5068070
NODE_16_length_52273_cov_32.9613_25 -          Mu-transpos_C        PF09299.11   3.2e-12   45.4   0.0   7.5e-12   44.2   0.0   1.7   1   0   0   1   1   1   1 # 19377 # 21359 # 1 # ID=16_25;partial=00;start_type=ATG;rbs_motif=AGGA;rbs_spacer=5-10bp;gc_cont=0.441	5068070
NODE_16_length_52273_cov_32.9613_25 -          Mu-transpos_C        PF09299.11   3.2e-12   45.4   0.0   7.5e-12   44.2   0.0   1.7   1   0   0   1   1   1   1 # 19377 # 21359 # 1 # ID=16_25;partial=00;start_type=ATG;rbs_motif=AGGA;rbs_spacer=5-10bp;gc_cont=0.441	5068070
NODE_16_length_52273_cov_32.9613_25 -          Mu-transpos_C        PF09299.11   3.2e-12   45.4   0.0   7.5e-12   44.2   0.0   1.7   1   0   0   1   1   1   1 # 19377 # 21359 # 1 # ID=16_25;partial=00;start_type=ATG;rbs_motif=AGGA;rbs_spacer=5-10bp;gc_cont=0.441	5068048
NODE_16_length_52273_cov_32.9613_25 -          Mu-transpos_C        PF09299.11   3.2e-12   45.4   0.0   7.5e-12   44.2   0.0   1.7   1   0   0   1   1   1   1 # 19377 # 21359 # 1 # ID=16_25;partial=00;start_type=ATG;rbs_motif=AGGA;rbs_spacer=5-10bp;gc_cont=0.441	5068048
NODE_16_length_52273_cov_32.9613_25 -          Mu-transpos_C        PF09299.11   3.2e-12   45.4   0.0   7.5e-12   44.2   0.0   1.7   1   0   0   1   1   1   1 # 19377 # 21359 # 1 # ID=16_25;partial=00;start_type=ATG;rbs_motif=AGGA;rbs_spacer=5-10bp;gc_cont=0.441	2567125
NODE_16_length_52273_cov_32.9613_25 -          Mu-transpos_C        PF09299.11   3.2e-12   45.4   0.0   7.5e-12   44.2   0.0   1.7   1   0   0   1   1   1   1 # 19377 # 21359 # 1 # ID=16_25;partial=00;start_type=ATG;rbs_motif=AGGA;rbs_spacer=5-10bp;gc_cont=0.441	383064
NODE_16_length_52273_cov_32.9613_25 -          Mu-transpos_C        PF09299.11   3.2e-12   45.4   0.0   7.5e-12   44.2   0.0   1.7   1   0   0   1   1   1   1 # 19377 # 21359 # 1 # ID=16_25;partial=00;start_type=ATG;rbs_motif=AGGA;rbs_spacer=5-10bp;gc_cont=0.441	5068003
NODE_16_length_52273_cov_32.9613_25 -          Mu-transpos_C        PF09299.11   3.2e-12   45.4   0.0   7.5e-12   44.2   0.0   1.7   1   0   0   1   1   1   1 # 19377 # 21359 # 1 # ID=16_25;partial=00;start_type=ATG;rbs_motif=AGGA;rbs_spacer=5-10bp;gc_cont=0.441	4118766
NODE_21_length_39511_cov_25.7942_29 -          DDE_Tnp_IS1595       PF12762.7    1.6e-48  163.8   0.7   2.3e-48  163.3   0.7   1.2   1   0   0   1   1   1   1 # 30953 # 32044 # -1 # ID=21_29;partial=00;start_type=ATG;rbs_motif=None;rbs_spacer=None;gc_cont=0.377	409862
NODE_21_length_39511_cov_25.7942_29  -          Zn_Tnp_IS1595        PF12760.7    1.9e-14   52.5   4.9   4.3e-14   51.4   4.9   1.7   1   0   0   1   1   1   1 # 30953 # 32044 # -1 # ID=21_29;partial=00;start_type=ATG;rbs_motif=None;rbs_spacer=None;gc_cont=0.377	409862
NODE_51_length_23205_cov_32.2423_1  -          DUF772               PF05598.11   6.8e-06   25.2   0.0   1.4e-05   24.1   0.0   1.5   1   0   0   1   1   1   1 # 2 # 268 # -1 # ID=43_1;partial=10;start_type=ATG;rbs_motif=GGAG/GAGG;rbs_spacer=5-10bp;gc_cont=0.554	498119
NODE_67_length_19573_cov_32.3271_1  -          DUF772               PF05598.11   1.4e-06   27.4   0.0   2.3e-06   26.7   0.0   1.4   1   0   0   1   1   1   1 # 2 # 436 # 1 # ID=58_1;partial=10;start_type=Edge;rbs_motif=None;rbs_spacer=None;gc_cont=0.547	3619714
NODE_67_length_19573_cov_32.3271_1  -          DUF772               PF05598.11   1.4e-06   27.4   0.0   2.3e-06   26.7   0.0   1.4   1   0   0   1   1   1   1 # 2 # 436 # 1 # ID=58_1;partial=10;start_type=Edge;rbs_motif=None;rbs_spacer=None;gc_cont=0.547	3619714
NODE_67_length_19573_cov_32.3271_1  -          DUF772               PF05598.11   1.4e-06   27.4   0.0   2.3e-06   26.7   0.0   1.4   1   0   0   1   1   1   1 # 2 # 436 # 1 # ID=58_1;partial=10;start_type=Edge;rbs_motif=None;rbs_spacer=None;gc_cont=0.547	2893461
NODE_67_length_19573_cov_32.3271_1  -          DUF772               PF05598.11   1.4e-06   27.4   0.0   2.3e-06   26.7   0.0   1.4   1   0   0   1   1   1   1 # 2 # 436 # 1 # ID=58_1;partial=10;start_type=Edge;rbs_motif=None;rbs_spacer=None;gc_cont=0.547	234620
NODE_67_length_19573_cov_32.3271_1  -          DUF772               PF05598.11   1.4e-06   27.4   0.0   2.3e-06   26.7   0.0   1.4   1   0   0   1   1   1   1 # 2 # 436 # 1 # ID=58_1;partial=10;start_type=Edge;rbs_motif=None;rbs_spacer=None;gc_cont=0.547	2893555
NODE_87_length_17366_cov_24.6592_3   -          PDDEXK_2             PF12784.7    5.9e-21   74.2   1.0   8.1e-21   73.8   1.0   1.2   1   0   0   1   1   1   1 # 4381 # 5319 # 1 # ID=74_3;partial=00;start_type=ATG;rbs_motif=AAA;rbs_spacer=3bp;gc_cont=0.439	132688
NODE_87_length_17366_cov_24.6592_3   -          PDDEXK_2             PF12784.7    5.9e-21   74.2   1.0   8.1e-21   73.8   1.0   1.2   1   0   0   1   1   1   1 # 4381 # 5319 # 1 # ID=74_3;partial=00;start_type=ATG;rbs_motif=AAA;rbs_spacer=3bp;gc_cont=0.439	3417260
NODE_87_length_17366_cov_24.6592_3   -          PDDEXK_2             PF12784.7    5.9e-21   74.2   1.0   8.1e-21   73.8   1.0   1.2   1   0   0   1   1   1   1 # 4381 # 5319 # 1 # ID=74_3;partial=00;start_type=ATG;rbs_motif=AAA;rbs_spacer=3bp;gc_cont=0.439	1214115
NODE_172_length_11297_cov_19.3796_1 -          HTH_Tnp_1            PF01527.20   3.1e-06   26.6   0.1   4.7e-06   26.0   0.1   1.6   1   1   0   1   1   1   1 # 80 # 430 # -1 # ID=139_1;partial=00;start_type=ATG;rbs_motif=None;rbs_spacer=None;gc_cont=0.524	1547776
NODE_223_length_9721_cov_3.14142_3  -          OrfB_IS605           PF01385.19   1.7e-11   43.6   2.2   1.7e-11   43.6   2.2   1.9   2   1   0   2   2   2   1 # 2402 # 3619 # -1 # ID=171_3;partial=00;start_type=ATG;rbs_motif=AGGAG;rbs_spacer=5-10bp;gc_cont=0.314	1693263
NODE_223_length_9721_cov_3.14142_3  -          OrfB_Zn_ribbon       PF07282.11   1.8e-26   91.0   1.3   1.8e-26   91.0   1.3   1.8   2   0   0   2   2   2   1 # 2402 # 3619 # -1 # ID=171_3;partial=00;start_type=ATG;rbs_motif=AGGAG;rbs_spacer=5-10bp;gc_cont=0.314	1693263
NODE_223_length_9721_cov_3.14142_3  -          OrfB_IS605           PF01385.19   1.7e-11   43.6   2.2   1.7e-11   43.6   2.2   1.9   2   1   0   2   2   2   1 # 2402 # 3619 # -1 # ID=171_3;partial=00;start_type=ATG;rbs_motif=AGGAG;rbs_spacer=5-10bp;gc_cont=0.314	1693263
NODE_223_length_9721_cov_3.14142_3  -          OrfB_Zn_ribbon       PF07282.11   1.8e-26   91.0   1.3   1.8e-26   91.0   1.3   1.8   2   0   0   2   2   2   1 # 2402 # 3619 # -1 # ID=171_3;partial=00;start_type=ATG;rbs_motif=AGGAG;rbs_spacer=5-10bp;gc_cont=0.314	1693263
NODE_223_length_9721_cov_3.14142_3  -          OrfB_IS605           PF01385.19   1.7e-11   43.6   2.2   1.7e-11   43.6   2.2   1.9   2   1   0   2   2   2   1 # 2402 # 3619 # -1 # ID=171_3;partial=00;start_type=ATG;rbs_motif=AGGAG;rbs_spacer=5-10bp;gc_cont=0.314	5068018
NODE_223_length_9721_cov_3.14142_3  -          OrfB_Zn_ribbon       PF07282.11   1.8e-26   91.0   1.3   1.8e-26   91.0   1.3   1.8   2   0   0   2   2   2   1 # 2402 # 3619 # -1 # ID=171_3;partial=00;start_type=ATG;rbs_motif=AGGAG;rbs_spacer=5-10bp;gc_cont=0.314	5068018
NODE_223_length_9721_cov_3.14142_3  -          OrfB_IS605           PF01385.19   1.7e-11   43.6   2.2   1.7e-11   43.6   2.2   1.9   2   1   0   2   2   2   1 # 2402 # 3619 # -1 # ID=171_3;partial=00;start_type=ATG;rbs_motif=AGGAG;rbs_spacer=5-10bp;gc_cont=0.314	6368952
NODE_223_length_9721_cov_3.14142_3  -          OrfB_Zn_ribbon       PF07282.11   1.8e-26   91.0   1.3   1.8e-26   91.0   1.3   1.8   2   0   0   2   2   2   1 # 2402 # 3619 # -1 # ID=171_3;partial=00;start_type=ATG;rbs_motif=AGGAG;rbs_spacer=5-10bp;gc_cont=0.314	6368952
NODE_442_length_6355_cov_10.1484_2   -          DDE_Tnp_ISL3         PF01610.17   1.7e-48  164.6   5.8   2.1e-48  164.3   5.8   1.0   1   0   0   1   1   1   1 # 367 # 1128 # 1 # ID=276_2;partial=00;start_type=ATG;rbs_motif=GGAG/GAGG;rbs_spacer=5-10bp;gc_cont=0.370	488436
NODE_442_length_6355_cov_10.1484_2   -          DDE_Tnp_ISL3         PF01610.17   1.7e-48  164.6   5.8   2.1e-48  164.3   5.8   1.0   1   0   0   1   1   1   1 # 367 # 1128 # 1 # ID=276_2;partial=00;start_type=ATG;rbs_motif=GGAG/GAGG;rbs_spacer=5-10bp;gc_cont=0.370	768690
NODE_462_length_6099_cov_29.4116_3   -          PDDEXK_2             PF12784.7    2.5e-21   75.4   1.1   3.5e-21   75.0   1.1   1.2   1   0   0   1   1   1   1 # 3513 # 4400 # -1 # ID=281_3;partial=00;start_type=ATG;rbs_motif=AATAA;rbs_spacer=13bp;gc_cont=0.435	1693275
NODE_539_length_5573_cov_20.807_5    -          PDDEXK_2             PF12784.7    6.8e-21   74.0   1.3   9.2e-21   73.6   1.3   1.2   1   0   0   1   1   1   1 # 4543 # 5541 # -1 # ID=306_5;partial=00;start_type=ATG;rbs_motif=AATAA;rbs_spacer=13bp;gc_cont=0.421	6306700
NODE_539_length_5573_cov_20.807_5    -          PDDEXK_2             PF12784.7    6.8e-21   74.0   1.3   9.2e-21   73.6   1.3   1.2   1   0   0   1   1   1   1 # 4543 # 5541 # -1 # ID=306_5;partial=00;start_type=ATG;rbs_motif=AATAA;rbs_spacer=13bp;gc_cont=0.421	755591
NODE_559_length_5412_cov_12.3394_3  -          DDE_Tnp_1            PF01609.21   1.2e-15   56.9  13.9   3.2e-15   55.5  13.8   1.8   1   1   0   1   1   1   1 # 1954 # 3240 # -1 # ID=315_3;partial=00;start_type=ATG;rbs_motif=AGGAG;rbs_spacer=5-10bp;gc_cont=0.281	4118793
NODE_559_length_5412_cov_12.3394_3  -          DDE_Tnp_1_6          PF13751.6    1.5e-14   53.5   2.1   1.5e-14   53.5   2.1   2.2   2   0   0   2   2   2   1 # 1954 # 3240 # -1 # ID=315_3;partial=00;start_type=ATG;rbs_motif=AGGAG;rbs_spacer=5-10bp;gc_cont=0.281	4118793
NODE_559_length_5412_cov_12.3394_3  -          DUF772               PF05598.11   1.6e-18   65.6   0.0   3.7e-18   64.5   0.0   1.7   1   0   0   1   1   1   1 # 1954 # 3240 # -1 # ID=315_3;partial=00;start_type=ATG;rbs_motif=AGGAG;rbs_spacer=5-10bp;gc_cont=0.281	4118793
NODE_559_length_5412_cov_12.3394_3  -          DDE_Tnp_1            PF01609.21   1.2e-15   56.9  13.9   3.2e-15   55.5  13.8   1.8   1   1   0   1   1   1   1 # 1954 # 3240 # -1 # ID=315_3;partial=00;start_type=ATG;rbs_motif=AGGAG;rbs_spacer=5-10bp;gc_cont=0.281	6368954
NODE_559_length_5412_cov_12.3394_3  -          DDE_Tnp_1_6          PF13751.6    1.5e-14   53.5   2.1   1.5e-14   53.5   2.1   2.2   2   0   0   2   2   2   1 # 1954 # 3240 # -1 # ID=315_3;partial=00;start_type=ATG;rbs_motif=AGGAG;rbs_spacer=5-10bp;gc_cont=0.281	6368954
NODE_559_length_5412_cov_12.3394_3  -          DUF772               PF05598.11   1.6e-18   65.6   0.0   3.7e-18   64.5   0.0   1.7   1   0   0   1   1   1   1 # 1954 # 3240 # -1 # ID=315_3;partial=00;start_type=ATG;rbs_motif=AGGAG;rbs_spacer=5-10bp;gc_cont=0.281	6368954
NODE_610_length_5122_cov_7.12433_1   -          PDDEXK_2             PF12784.7    3.7e-21   74.9   1.5   4.9e-21   74.5   1.5   1.2   1   0   0   1   1   1   1 # 967 # 1965 # 1 # ID=339_1;partial=00;start_type=ATG;rbs_motif=None;rbs_spacer=None;gc_cont=0.433	3417260
NODE_610_length_5122_cov_7.12433_1   -          PDDEXK_2             PF12784.7    3.7e-21   74.9   1.5   4.9e-21   74.5   1.5   1.2   1   0   0   1   1   1   1 # 967 # 1965 # 1 # ID=339_1;partial=00;start_type=ATG;rbs_motif=None;rbs_spacer=None;gc_cont=0.433	1087966
NODE_610_length_5122_cov_7.12433_1   -          PDDEXK_2             PF12784.7    3.7e-21   74.9   1.5   4.9e-21   74.5   1.5   1.2   1   0   0   1   1   1   1 # 967 # 1965 # 1 # ID=339_1;partial=00;start_type=ATG;rbs_motif=None;rbs_spacer=None;gc_cont=0.433	48530
NODE_613_length_5110_cov_37.6734_6   -          PDDEXK_2             PF12784.7    1.2e-07   30.6   1.2   1.6e-07   30.3   1.2   1.2   1   0   0   1   1   1   1 # 4518 # 5108 # -1 # ID=341_6;partial=01;start_type=Edge;rbs_motif=None;rbs_spacer=None;gc_cont=0.445	303907
NODE_613_length_5110_cov_37.6734_6   -          PDDEXK_2             PF12784.7    1.2e-07   30.6   1.2   1.6e-07   30.3   1.2   1.2   1   0   0   1   1   1   1 # 4518 # 5108 # -1 # ID=341_6;partial=01;start_type=Edge;rbs_motif=None;rbs_spacer=None;gc_cont=0.445	6306700
NODE_667_length_4885_cov_2.64969_2  -          DDE_Tnp_IS1595       PF12762.7    6.5e-38  129.3   0.1   1.2e-37  128.5   0.1   1.4   1   0   0   1   1   1   1 # 1987 # 2595 # 1 # ID=360_2;partial=00;start_type=ATG;rbs_motif=AGGA/GGAG/GAGG;rbs_spacer=11-12bp;gc_cont=0.388	1693228
NODE_720_length_4624_cov_3.30838_4  -          DDE_Tnp_1            PF01609.21     5e-06   25.5   0.1   5.4e-06   25.4   0.1   1.0   1   0   0   1   1   1   1 # 2953 # 3141 # 1 # ID=380_4;partial=00;start_type=ATG;rbs_motif=AGGA;rbs_spacer=5-10bp;gc_cont=0.508	60602
NODE_720_length_4624_cov_3.30838_4  -          DDE_Tnp_4            PF13359.6    2.1e-06   26.7   0.1   2.2e-06   26.6   0.1   1.0   1   0   0   1   1   1   1 # 2953 # 3141 # 1 # ID=380_4;partial=00;start_type=ATG;rbs_motif=AGGA;rbs_spacer=5-10bp;gc_cont=0.508	60602
NODE_720_length_4624_cov_3.30838_4  -          DDE_Tnp_1            PF01609.21     5e-06   25.5   0.1   5.4e-06   25.4   0.1   1.0   1   0   0   1   1   1   1 # 2953 # 3141 # 1 # ID=380_4;partial=00;start_type=ATG;rbs_motif=AGGA;rbs_spacer=5-10bp;gc_cont=0.508	65281
NODE_720_length_4624_cov_3.30838_4  -          DDE_Tnp_4            PF13359.6    2.1e-06   26.7   0.1   2.2e-06   26.6   0.1   1.0   1   0   0   1   1   1   1 # 2953 # 3141 # 1 # ID=380_4;partial=00;start_type=ATG;rbs_motif=AGGA;rbs_spacer=5-10bp;gc_cont=0.508	65281
NODE_821_length_4256_cov_42.941_5    -          DDE_Tnp_ISL3         PF01610.17   6.7e-23   80.8   0.6   7.8e-23   80.6   0.6   1.0   1   0   0   1   1   1   1 # 3826 # 4254 # -1 # ID=416_5;partial=01;start_type=Edge;rbs_motif=None;rbs_spacer=None;gc_cont=0.371	36764
NODE_936_length_3845_cov_28.9586_3  -          DDE_Tnp_1            PF01609.21   4.3e-41  140.1   1.4   5.4e-41  139.8   1.4   1.1   1   0   0   1   1   1   1 # 3145 # 3843 # -1 # ID=458_3;partial=01;start_type=Edge;rbs_motif=None;rbs_spacer=None;gc_cont=0.518	3967749
NODE_936_length_3845_cov_28.9586_3  -          DDE_Tnp_1_2          PF13586.6    1.6e-08   34.0   0.2   3.4e-08   32.9   0.2   1.6   1   0   0   1   1   1   1 # 3145 # 3843 # -1 # ID=458_3;partial=01;start_type=Edge;rbs_motif=None;rbs_spacer=None;gc_cont=0.518	3967749
NODE_936_length_3845_cov_28.9586_3  -          DDE_Tnp_1_3          PF13612.6    5.3e-09   35.4   0.1   8.3e-09   34.8   0.1   1.4   1   1   0   1   1   1   1 # 3145 # 3843 # -1 # ID=458_3;partial=01;start_type=Edge;rbs_motif=None;rbs_spacer=None;gc_cont=0.518	3967749
NODE_936_length_3845_cov_28.9586_3  -          DDE_Tnp_1_6          PF13751.6    1.7e-07   30.7   0.5   3.7e-07   29.6   0.5   1.5   1   0   0   1   1   1   1 # 3145 # 3843 # -1 # ID=458_3;partial=01;start_type=Edge;rbs_motif=None;rbs_spacer=None;gc_cont=0.518	3967749
NODE_936_length_3845_cov_28.9586_3  -          DDE_Tnp_4            PF13359.6    3.5e-09   35.7   0.2   6.6e-09   34.8   0.1   1.6   2   0   0   2   2   2   1 # 3145 # 3843 # -1 # ID=458_3;partial=01;start_type=Edge;rbs_motif=None;rbs_spacer=None;gc_cont=0.518	3967749
NODE_936_length_3845_cov_28.9586_3  -          DDE_Tnp_1            PF01609.21   4.3e-41  140.1   1.4   5.4e-41  139.8   1.4   1.1   1   0   0   1   1   1   1 # 3145 # 3843 # -1 # ID=458_3;partial=01;start_type=Edge;rbs_motif=None;rbs_spacer=None;gc_cont=0.518	112699
NODE_936_length_3845_cov_28.9586_3  -          DDE_Tnp_1_2          PF13586.6    1.6e-08   34.0   0.2   3.4e-08   32.9   0.2   1.6   1   0   0   1   1   1   1 # 3145 # 3843 # -1 # ID=458_3;partial=01;start_type=Edge;rbs_motif=None;rbs_spacer=None;gc_cont=0.518	112699
NODE_936_length_3845_cov_28.9586_3  -          DDE_Tnp_1_3          PF13612.6    5.3e-09   35.4   0.1   8.3e-09   34.8   0.1   1.4   1   1   0   1   1   1   1 # 3145 # 3843 # -1 # ID=458_3;partial=01;start_type=Edge;rbs_motif=None;rbs_spacer=None;gc_cont=0.518	112699
NODE_936_length_3845_cov_28.9586_3  -          DDE_Tnp_1_6          PF13751.6    1.7e-07   30.7   0.5   3.7e-07   29.6   0.5   1.5   1   0   0   1   1   1   1 # 3145 # 3843 # -1 # ID=458_3;partial=01;start_type=Edge;rbs_motif=None;rbs_spacer=None;gc_cont=0.518	112699
NODE_936_length_3845_cov_28.9586_3  -          DDE_Tnp_4            PF13359.6    3.5e-09   35.7   0.2   6.6e-09   34.8   0.1   1.6   2   0   0   2   2   2   1 # 3145 # 3843 # -1 # ID=458_3;partial=01;start_type=Edge;rbs_motif=None;rbs_spacer=None;gc_cont=0.518	112699
NODE_936_length_3845_cov_28.9586_3  -          DDE_Tnp_1            PF01609.21   4.3e-41  140.1   1.4   5.4e-41  139.8   1.4   1.1   1   0   0   1   1   1   1 # 3145 # 3843 # -1 # ID=458_3;partial=01;start_type=Edge;rbs_motif=None;rbs_spacer=None;gc_cont=0.518	756896
NODE_936_length_3845_cov_28.9586_3  -          DDE_Tnp_1_2          PF13586.6    1.6e-08   34.0   0.2   3.4e-08   32.9   0.2   1.6   1   0   0   1   1   1   1 # 3145 # 3843 # -1 # ID=458_3;partial=01;start_type=Edge;rbs_motif=None;rbs_spacer=None;gc_cont=0.518	756896
NODE_936_length_3845_cov_28.9586_3  -          DDE_Tnp_1_3          PF13612.6    5.3e-09   35.4   0.1   8.3e-09   34.8   0.1   1.4   1   1   0   1   1   1   1 # 3145 # 3843 # -1 # ID=458_3;partial=01;start_type=Edge;rbs_motif=None;rbs_spacer=None;gc_cont=0.518	756896
NODE_936_length_3845_cov_28.9586_3  -          DDE_Tnp_1_6          PF13751.6    1.7e-07   30.7   0.5   3.7e-07   29.6   0.5   1.5   1   0   0   1   1   1   1 # 3145 # 3843 # -1 # ID=458_3;partial=01;start_type=Edge;rbs_motif=None;rbs_spacer=None;gc_cont=0.518	756896
NODE_936_length_3845_cov_28.9586_3  -          DDE_Tnp_4            PF13359.6    3.5e-09   35.7   0.2   6.6e-09   34.8   0.1   1.6   2   0   0   2   2   2   1 # 3145 # 3843 # -1 # ID=458_3;partial=01;start_type=Edge;rbs_motif=None;rbs_spacer=None;gc_cont=0.518	756896
NODE_936_length_3845_cov_28.9586_3  -          DDE_Tnp_1            PF01609.21   4.3e-41  140.1   1.4   5.4e-41  139.8   1.4   1.1   1   0   0   1   1   1   1 # 3145 # 3843 # -1 # ID=458_3;partial=01;start_type=Edge;rbs_motif=None;rbs_spacer=None;gc_cont=0.518	242798
NODE_936_length_3845_cov_28.9586_3  -          DDE_Tnp_1_2          PF13586.6    1.6e-08   34.0   0.2   3.4e-08   32.9   0.2   1.6   1   0   0   1   1   1   1 # 3145 # 3843 # -1 # ID=458_3;partial=01;start_type=Edge;rbs_motif=None;rbs_spacer=None;gc_cont=0.518	242798
NODE_936_length_3845_cov_28.9586_3  -          DDE_Tnp_1_3          PF13612.6    5.3e-09   35.4   0.1   8.3e-09   34.8   0.1   1.4   1   1   0   1   1   1   1 # 3145 # 3843 # -1 # ID=458_3;partial=01;start_type=Edge;rbs_motif=None;rbs_spacer=None;gc_cont=0.518	242798
NODE_936_length_3845_cov_28.9586_3  -          DDE_Tnp_1_6          PF13751.6    1.7e-07   30.7   0.5   3.7e-07   29.6   0.5   1.5   1   0   0   1   1   1   1 # 3145 # 3843 # -1 # ID=458_3;partial=01;start_type=Edge;rbs_motif=None;rbs_spacer=None;gc_cont=0.518	242798
NODE_936_length_3845_cov_28.9586_3  -          DDE_Tnp_4            PF13359.6    3.5e-09   35.7   0.2   6.6e-09   34.8   0.1   1.6   2   0   0   2   2   2   1 # 3145 # 3843 # -1 # ID=458_3;partial=01;start_type=Edge;rbs_motif=None;rbs_spacer=None;gc_cont=0.518	242798
NODE_1007_length_3665_cov_2.88504_3 -          OrfB_IS605           PF01385.19   1.2e-22   79.5   1.1   1.2e-22   79.5   1.1   2.6   3   1   0   3   3   3   1 # 674 # 1783 # 1 # ID=482_3;partial=00;start_type=ATG;rbs_motif=GGA/GAG/AGG;rbs_spacer=5-10bp;gc_cont=0.350	2381548
NODE_1007_length_3665_cov_2.88504_3 -          OrfB_Zn_ribbon       PF07282.11   1.4e-25   88.1   0.5   3.7e-25   86.8   0.5   1.7   1   0   0   1   1   1   1 # 674 # 1783 # 1 # ID=482_3;partial=00;start_type=ATG;rbs_motif=GGA/GAG/AGG;rbs_spacer=5-10bp;gc_cont=0.350	2381548
NODE_1007_length_3665_cov_2.88504_2 -          Y1_Tnp               PF01797.16   1.8e-25   88.5   0.1     2e-25   88.4   0.1   1.0   1   0   0   1   1   1   1 # 426 # 677 # 1 # ID=482_2;partial=00;start_type=TTG;rbs_motif=None;rbs_spacer=None;gc_cont=0.353	2381548
NODE_1207_length_3272_cov_3.94622_3  -          DDE_Tnp_ISL3         PF01610.17     2e-49  167.7   5.7   2.6e-49  167.3   5.7   1.2   1   0   0   1   1   1   1 # 1981 # 3270 # -1 # ID=556_3;partial=01;start_type=Edge;rbs_motif=None;rbs_spacer=None;gc_cont=0.281	4667699
NODE_1207_length_3272_cov_3.94622_3  -          HTH_Tnp_ISL3         PF13542.6    3.5e-06   25.5   0.0   6.8e-06   24.6   0.0   1.5   1   0   0   1   1   1   1 # 1981 # 3270 # -1 # ID=556_3;partial=01;start_type=Edge;rbs_motif=None;rbs_spacer=None;gc_cont=0.281	4667699
NODE_1207_length_3272_cov_3.94622_3  -          zf-ISL3              PF14690.6    3.8e-08   33.0  10.8   3.8e-08   33.0  10.8   1.9   2   0   0   2   2   2   1 # 1981 # 3270 # -1 # ID=556_3;partial=01;start_type=Edge;rbs_motif=None;rbs_spacer=None;gc_cont=0.281	4667699
NODE_1433_length_2977_cov_3.95448_2 -          DDE_Tnp_IS240        PF13610.6    7.6e-06   25.4   0.1   8.6e-06   25.2   0.1   1.1   1   0   0   1   1   1   1 # 1590 # 1976 # 1 # ID=614_2;partial=00;start_type=ATG;rbs_motif=TAA;rbs_spacer=7bp;gc_cont=0.403	415497
NODE_1581_length_2798_cov_7.79293_1 -          DDE_Tnp_1_6          PF13751.6    6.6e-14   51.4   0.2     7e-14   51.3   0.2   1.0   1   0   0   1   1   1   1 # 3 # 179 # 1 # ID=642_1;partial=10;start_type=Edge;rbs_motif=None;rbs_spacer=None;gc_cont=0.373	613491
NODE_1611_length_2760_cov_15.6237_2 -          HTH_Tnp_1            PF01527.20     3e-09   36.2   0.5    0.0031   17.0   0.1   2.9   2   1   0   2   2   2   2 # 1031 # 1585 # 1 # ID=648_2;partial=00;start_type=ATG;rbs_motif=AGGAG/GGAGG;rbs_spacer=11-12bp;gc_cont=0.297	2381556
NODE_1639_length_2724_cov_7.5695_3  -          DDE_Tnp_IS240        PF13610.6      3e-15   55.9   4.2   1.3e-14   53.8   4.2   2.1   1   1   0   1   1   1   1 # 1446 # 2141 # 1 # ID=654_3;partial=00;start_type=ATG;rbs_motif=GGA/GAG/AGG;rbs_spacer=5-10bp;gc_cont=0.384	4026
NODE_2035_length_2396_cov_4.60786_1  -          DDE_Tnp_ISL3         PF01610.17   1.9e-33  115.4   2.3   1.9e-33  115.4   2.3   1.5   2   0   0   2   2   2   1 # 3 # 1088 # -1 # ID=725_1;partial=10;start_type=ATG;rbs_motif=None;rbs_spacer=None;gc_cont=0.283	2022102
NODE_2035_length_2396_cov_4.60786_1  -          zf-ISL3              PF14690.6      2e-08   33.9   2.8   4.8e-08   32.7   2.8   1.6   1   0   0   1   1   1   1 # 3 # 1088 # -1 # ID=725_1;partial=10;start_type=ATG;rbs_motif=None;rbs_spacer=None;gc_cont=0.283	2022102
NODE_2146_length_2311_cov_24.8369_5 -          HTH_Tnp_IS630        PF01710.16   1.9e-07   30.3   0.2   2.3e-07   30.1   0.2   1.0   1   0   0   1   1   1   1 # 1574 # 1804 # -1 # ID=745_5;partial=00;start_type=GTG;rbs_motif=None;rbs_spacer=None;gc_cont=0.394	157484
NODE_2388_length_2173_cov_6.07318_2  -          DDE_Tnp_ISL3         PF01610.17     2e-33  115.3   7.5   2.2e-33  115.1   7.5   1.0   1   0   0   1   1   1   1 # 1527 # 2117 # 1 # ID=802_2;partial=00;start_type=ATG;rbs_motif=None;rbs_spacer=None;gc_cont=0.367	245186
NODE_2819_length_1949_cov_20.6246_4  -          zf-ISL3              PF14690.6    1.3e-12   47.4   1.3   2.1e-12   46.7   1.3   1.4   1   0   0   1   1   1   1 # 1601 # 1948 # 1 # ID=865_4;partial=01;start_type=ATG;rbs_motif=None;rbs_spacer=None;gc_cont=0.359	5068027
NODE_2964_length_1890_cov_2.75259_1  -          PDDEXK_2             PF12784.7    2.6e-19   68.9  10.9     5e-19   67.9  10.9   1.5   1   1   0   1   1   1   1 # 247 # 1251 # 1 # ID=889_1;partial=00;start_type=ATG;rbs_motif=GGAG/GAGG;rbs_spacer=5-10bp;gc_cont=0.326	843105
NODE_3086_length_1845_cov_28.1436_1 -          DDE_Tnp_1            PF01609.21   3.6e-24   84.8   2.8   3.6e-24   84.8   2.8   2.1   2   1   0   2   2   2   1 # 142 # 1080 # -1 # ID=904_1;partial=00;start_type=TTG;rbs_motif=None;rbs_spacer=None;gc_cont=0.400	79590
NODE_3086_length_1845_cov_28.1436_1 -          DDE_Tnp_1_6          PF13751.6    1.8e-13   50.0   2.3   3.6e-13   49.0   0.1   2.4   2   1   0   2   2   2   1 # 142 # 1080 # -1 # ID=904_1;partial=00;start_type=TTG;rbs_motif=None;rbs_spacer=None;gc_cont=0.400	79590
NODE_3086_length_1845_cov_28.1436_2 -          DUF772               PF05598.11   5.1e-15   54.4   0.1   7.5e-15   53.9   0.1   1.3   1   0   0   1   1   1   1 # 1171 # 1668 # -1 # ID=904_2;partial=00;start_type=ATG;rbs_motif=GGA/GAG/AGG;rbs_spacer=5-10bp;gc_cont=0.392	79590
NODE_3709_length_1652_cov_15.8579_2 -          DDE_Tnp_IS240        PF13610.6    4.7e-06   26.1   2.1   1.3e-05   24.6   0.8   2.0   1   1   1   2   2   2   1 # 603 # 1403 # 1 # ID=997_2;partial=00;start_type=ATG;rbs_motif=None;rbs_spacer=None;gc_cont=0.292	416045
NODE_3709_length_1652_cov_15.8579_1 -          HTH_Tnp_1            PF01527.20   5.3e-07   29.0   0.3   5.3e-07   29.0   0.3   3.2   3   1   1   4   4   4   1 # 1 # 579 # 1 # ID=997_1;partial=10;start_type=Edge;rbs_motif=None;rbs_spacer=None;gc_cont=0.301	416045
NODE_3709_length_1652_cov_15.8579_2 -          DDE_Tnp_IS240        PF13610.6    4.7e-06   26.1   2.1   1.3e-05   24.6   0.8   2.0   1   1   1   2   2   2   1 # 603 # 1403 # 1 # ID=997_2;partial=00;start_type=ATG;rbs_motif=None;rbs_spacer=None;gc_cont=0.292	132513
NODE_3709_length_1652_cov_15.8579_1 -          HTH_Tnp_1            PF01527.20   5.3e-07   29.0   0.3   5.3e-07   29.0   0.3   3.2   3   1   1   4   4   4   1 # 1 # 579 # 1 # ID=997_1;partial=10;start_type=Edge;rbs_motif=None;rbs_spacer=None;gc_cont=0.301	132513
NODE_4299_length_1501_cov_57.8354_2 -          DDE_Tnp_IS240        PF13610.6    1.5e-06   27.7   0.6   2.6e-06   26.9   0.1   1.6   2   0   0   2   2   2   1 # 524 # 1357 # 1 # ID=1075_2;partial=00;start_type=ATG;rbs_motif=None;rbs_spacer=None;gc_cont=0.371	61478
NODE_4299_length_1501_cov_57.8354_2 -          DDE_Tnp_IS240        PF13610.6    1.5e-06   27.7   0.6   2.6e-06   26.9   0.1   1.6   2   0   0   2   2   2   1 # 524 # 1357 # 1 # ID=1075_2;partial=00;start_type=ATG;rbs_motif=None;rbs_spacer=None;gc_cont=0.371	79590
NODE_4299_length_1501_cov_57.8354_2 -          DDE_Tnp_IS240        PF13610.6    1.5e-06   27.7   0.6   2.6e-06   26.9   0.1   1.6   2   0   0   2   2   2   1 # 524 # 1357 # 1 # ID=1075_2;partial=00;start_type=ATG;rbs_motif=None;rbs_spacer=None;gc_cont=0.371	75920
NODE_4725_length_1406_cov_25.0503_1  -          PDDEXK_2             PF12784.7    4.1e-06   25.7   0.2   5.5e-06   25.2   0.2   1.2   1   0   0   1   1   1   1 # 1 # 234 # 1 # ID=1135_1;partial=10;start_type=Edge;rbs_motif=None;rbs_spacer=None;gc_cont=0.397	129493
NODE_4725_length_1406_cov_25.0503_1  -          PDDEXK_2             PF12784.7    4.1e-06   25.7   0.2   5.5e-06   25.2   0.2   1.2   1   0   0   1   1   1   1 # 1 # 234 # 1 # ID=1135_1;partial=10;start_type=Edge;rbs_motif=None;rbs_spacer=None;gc_cont=0.397	303907
NODE_6458_length_1149_cov_15.7806_1  -          PDDEXK_2             PF12784.7    2.4e-16   59.1   0.4   3.1e-16   58.8   0.4   1.1   1   0   0   1   1   1   1 # 1 # 525 # -1 # ID=1301_1;partial=10;start_type=ATG;rbs_motif=AGGAGG;rbs_spacer=5-10bp;gc_cont=0.429	1912416
NODE_7070_length_1081_cov_2.29825_1 -          DDE_Tnp_1            PF01609.21     7e-28   96.9   0.5   8.6e-28   96.6   0.5   1.1   1   0   0   1   1   1   1 # 265 # 1080 # -1 # ID=1360_1;partial=01;start_type=Edge;rbs_motif=None;rbs_spacer=None;gc_cont=0.469	3544718
NODE_7070_length_1081_cov_2.29825_1 -          DDE_Tnp_1_3          PF13612.6    2.5e-07   30.0   1.6   3.8e-06   26.2   0.4   2.2   1   1   0   2   2   2   1 # 265 # 1080 # -1 # ID=1360_1;partial=01;start_type=Edge;rbs_motif=None;rbs_spacer=None;gc_cont=0.469	3544718
NODE_10358_length_831_cov_7.75129_2  -          zf-ISL3              PF14690.6    5.9e-11   42.0   0.5   9.4e-11   41.4   0.5   1.4   1   0   0   1   1   1   1 # 550 # 831 # 1 # ID=1620_2;partial=01;start_type=ATG;rbs_motif=TAA;rbs_spacer=8bp;gc_cont=0.330	46226
NODE_11111_length_792_cov_71.9634_1 -          DDE_Tnp_1            PF01609.21   1.2e-41  141.9   1.5   1.5e-41  141.6   1.5   1.1   1   0   0   1   1   1   1 # 107 # 790 # -1 # ID=1666_1;partial=01;start_type=Edge;rbs_motif=None;rbs_spacer=None;gc_cont=0.503	2114257
NODE_11111_length_792_cov_71.9634_1 -          DDE_Tnp_1_2          PF13586.6    1.2e-07   31.1   0.3   2.7e-07   30.0   0.3   1.6   1   0   0   1   1   1   1 # 107 # 790 # -1 # ID=1666_1;partial=01;start_type=Edge;rbs_motif=None;rbs_spacer=None;gc_cont=0.503	2114257
NODE_11111_length_792_cov_71.9634_1 -          DDE_Tnp_1_3          PF13612.6    5.2e-09   35.5   0.1   8.2e-09   34.8   0.1   1.4   1   1   0   1   1   1   1 # 107 # 790 # -1 # ID=1666_1;partial=01;start_type=Edge;rbs_motif=None;rbs_spacer=None;gc_cont=0.503	2114257
NODE_11111_length_792_cov_71.9634_1 -          DDE_Tnp_1_6          PF13751.6    1.3e-07   31.1   0.5   2.7e-07   30.0   0.5   1.6   1   0   0   1   1   1   1 # 107 # 790 # -1 # ID=1666_1;partial=01;start_type=Edge;rbs_motif=None;rbs_spacer=None;gc_cont=0.503	2114257
NODE_11111_length_792_cov_71.9634_1 -          DDE_Tnp_4            PF13359.6    8.7e-09   34.4   0.2   1.5e-08   33.6   0.1   1.6   2   0   0   2   2   2   1 # 107 # 790 # -1 # ID=1666_1;partial=01;start_type=Edge;rbs_motif=None;rbs_spacer=None;gc_cont=0.503	2114257
NODE_11111_length_792_cov_71.9634_1 -          DDE_Tnp_1            PF01609.21   1.2e-41  141.9   1.5   1.5e-41  141.6   1.5   1.1   1   0   0   1   1   1   1 # 107 # 790 # -1 # ID=1666_1;partial=01;start_type=Edge;rbs_motif=None;rbs_spacer=None;gc_cont=0.503	37117
NODE_11111_length_792_cov_71.9634_1 -          DDE_Tnp_1_2          PF13586.6    1.2e-07   31.1   0.3   2.7e-07   30.0   0.3   1.6   1   0   0   1   1   1   1 # 107 # 790 # -1 # ID=1666_1;partial=01;start_type=Edge;rbs_motif=None;rbs_spacer=None;gc_cont=0.503	37117
NODE_11111_length_792_cov_71.9634_1 -          DDE_Tnp_1_3          PF13612.6    5.2e-09   35.5   0.1   8.2e-09   34.8   0.1   1.4   1   1   0   1   1   1   1 # 107 # 790 # -1 # ID=1666_1;partial=01;start_type=Edge;rbs_motif=None;rbs_spacer=None;gc_cont=0.503	37117
NODE_11111_length_792_cov_71.9634_1 -          DDE_Tnp_1_6          PF13751.6    1.3e-07   31.1   0.5   2.7e-07   30.0   0.5   1.6   1   0   0   1   1   1   1 # 107 # 790 # -1 # ID=1666_1;partial=01;start_type=Edge;rbs_motif=None;rbs_spacer=None;gc_cont=0.503	37117
NODE_11111_length_792_cov_71.9634_1 -          DDE_Tnp_4            PF13359.6    8.7e-09   34.4   0.2   1.5e-08   33.6   0.1   1.6   2   0   0   2   2   2   1 # 107 # 790 # -1 # ID=1666_1;partial=01;start_type=Edge;rbs_motif=None;rbs_spacer=None;gc_cont=0.503	37117
NODE_12455_length_731_cov_46.7944_1  -          DDE_Tnp_ISL3         PF01610.17   6.7e-23   80.8   0.6   7.8e-23   80.6   0.6   1.0   1   0   0   1   1   1   1 # 3 # 431 # 1 # ID=1735_1;partial=10;start_type=Edge;rbs_motif=None;rbs_spacer=None;gc_cont=0.373	488436
NODE_12639_length_723_cov_24.5554_1 -          Y1_Tnp               PF01797.16   4.2e-38  129.4   1.4     5e-38  129.1   1.4   1.1   1   0   0   1   1   1   1 # 129 # 593 # 1 # ID=1746_1;partial=00;start_type=ATG;rbs_motif=None;rbs_spacer=None;gc_cont=0.280	6368913
NODE_15298_length_634_cov_44.4473_1  -          DDE_Tnp_ISL3         PF01610.17   8.1e-38  129.7   9.5   9.2e-38  129.5   9.5   1.0   1   0   0   1   1   1   1 # 1 # 600 # 1 # ID=1893_1;partial=10;start_type=Edge;rbs_motif=None;rbs_spacer=None;gc_cont=0.385	36764
NODE_15675_length_624_cov_1.90685_1  -          zf-ISL3              PF14690.6    7.4e-12   44.9   4.2   1.3e-11   44.1   4.2   1.4   1   0   0   1   1   1   1 # 278 # 622 # 1 # ID=1911_1;partial=01;start_type=GTG;rbs_motif=None;rbs_spacer=None;gc_cont=0.249	963981
NODE_15976_length_616_cov_129.652_1  -          HTH_Tnp_ISL3         PF13542.6    7.3e-10   37.3   0.0   1.3e-09   36.5   0.0   1.4   1   0   0   1   1   1   1 # 3 # 614 # -1 # ID=1922_1;partial=11;start_type=Edge;rbs_motif=None;rbs_spacer=None;gc_cont=0.376	46226
NODE_15976_length_616_cov_129.652_1  -          zf-ISL3              PF14690.6    6.6e-12   45.1   0.6   1.1e-11   44.4   0.6   1.4   1   0   0   1   1   1   1 # 3 # 614 # -1 # ID=1922_1;partial=11;start_type=Edge;rbs_motif=None;rbs_spacer=None;gc_cont=0.376	46226
NODE_18937_length_547_cov_140.116_2 -          HTH_Tnp_1            PF01527.20   4.4e-06   26.1   0.1   7.4e-06   25.4   0.1   1.6   1   1   0   1   1   1   1 # 142 # 546 # -1 # ID=2036_2;partial=01;start_type=Edge;rbs_motif=None;rbs_spacer=None;gc_cont=0.501	38555
NODE_21611_length_498_cov_109.183_1  -          DDE_Tnp_ISL3         PF01610.17   2.2e-21   75.9   1.0   2.6e-21   75.6   1.0   1.0   1   0   0   1   1   1   1 # 2 # 409 # 1 # ID=2140_1;partial=10;start_type=Edge;rbs_motif=None;rbs_spacer=None;gc_cont=0.373	36764
NODE_23361_length_471_cov_122.202_1 -          DDE_Tnp_1            PF01609.21   4.2e-30  104.2   0.4   4.7e-30  104.0   0.4   1.0   1   0   0   1   1   1   1 # 65 # 469 # -1 # ID=2197_1;partial=01;start_type=Edge;rbs_motif=None;rbs_spacer=None;gc_cont=0.526	242798
NODE_23361_length_471_cov_122.202_1 -          DDE_Tnp_1_2          PF13586.6    3.3e-08   33.0   0.2   4.8e-08   32.4   0.2   1.4   1   0   0   1   1   1   1 # 65 # 469 # -1 # ID=2197_1;partial=01;start_type=Edge;rbs_motif=None;rbs_spacer=None;gc_cont=0.526	242798
NODE_23361_length_471_cov_122.202_1 -          DDE_Tnp_1_6          PF13751.6    9.5e-08   31.5   0.4   1.2e-07   31.2   0.4   1.2   1   0   0   1   1   1   1 # 65 # 469 # -1 # ID=2197_1;partial=01;start_type=Edge;rbs_motif=None;rbs_spacer=None;gc_cont=0.526	242798
NODE_23361_length_471_cov_122.202_1 -          DDE_Tnp_4            PF13359.6    1.9e-09   36.6   0.1   2.3e-09   36.3   0.1   1.1   1   0   0   1   1   1   1 # 65 # 469 # -1 # ID=2197_1;partial=01;start_type=Edge;rbs_motif=None;rbs_spacer=None;gc_cont=0.526	242798
NODE_23439_length_471_cov_67.113_1   -          zf-ISL3              PF14690.6    3.8e-12   45.9   1.8   6.5e-12   45.1   1.8   1.4   1   0   0   1   1   1   1 # 87 # 470 # 1 # ID=2202_1;partial=01;start_type=ATG;rbs_motif=None;rbs_spacer=None;gc_cont=0.362	2052815
NODE_25903_length_439_cov_53.8464_1 -          DDE_Tnp_1            PF01609.21   2.5e-33  114.7   3.4   2.9e-33  114.5   3.4   1.0   1   0   0   1   1   1   1 # 2 # 439 # -1 # ID=2276_1;partial=11;start_type=Edge;rbs_motif=None;rbs_spacer=None;gc_cont=0.509	65281
NODE_25903_length_439_cov_53.8464_1 -          DDE_Tnp_1_2          PF13586.6    6.7e-08   32.0   0.8   1.3e-07   31.1   0.8   1.5   1   0   0   1   1   1   1 # 2 # 439 # -1 # ID=2276_1;partial=11;start_type=Edge;rbs_motif=None;rbs_spacer=None;gc_cont=0.509	65281
NODE_25903_length_439_cov_53.8464_1 -          DDE_Tnp_1_3          PF13612.6    4.7e-08   32.4   0.0   5.9e-08   32.0   0.0   1.1   1   0   0   1   1   1   1 # 2 # 439 # -1 # ID=2276_1;partial=11;start_type=Edge;rbs_motif=None;rbs_spacer=None;gc_cont=0.509	65281
NODE_25903_length_439_cov_53.8464_1 -          DDE_Tnp_4            PF13359.6    1.4e-08   33.7   0.1   1.5e-08   33.7   0.1   1.2   1   0   0   1   1   1   1 # 2 # 439 # -1 # ID=2276_1;partial=11;start_type=Edge;rbs_motif=None;rbs_spacer=None;gc_cont=0.509	65281
NODE_33653_length_371_cov_50.8101_1 -          Y1_Tnp               PF01797.16   2.5e-06   26.8   0.3   2.5e-06   26.8   0.3   1.0   1   0   0   1   1   1   1 # 3 # 101 # 1 # ID=2492_1;partial=10;start_type=Edge;rbs_motif=None;rbs_spacer=None;gc_cont=0.364	5744
NODE_37831_length_345_cov_85.8621_1  -          zf-ISL3              PF14690.6    3.1e-12   46.1   1.8     5e-12   45.5   1.8   1.4   1   0   0   1   1   1   1 # 3 # 344 # 1 # ID=2611_1;partial=11;start_type=Edge;rbs_motif=None;rbs_spacer=None;gc_cont=0.380	175483
NODE_37831_length_345_cov_85.8621_1  -          zf-ISL3              PF14690.6    3.1e-12   46.1   1.8     5e-12   45.5   1.8   1.4   1   0   0   1   1   1   1 # 3 # 344 # 1 # ID=2611_1;partial=11;start_type=Edge;rbs_motif=None;rbs_spacer=None;gc_cont=0.380	245186
NODE_40228_length_332_cov_32.5235_1 -          DDE_Tnp_1            PF01609.21   1.3e-06   27.4   0.1   1.4e-06   27.3   0.1   1.0   1   0   0   1   1   1   1 # 168 # 332 # -1 # ID=2672_1;partial=01;start_type=Edge;rbs_motif=None;rbs_spacer=None;gc_cont=0.497	2114257
NODE_40228_length_332_cov_32.5235_1 -          DDE_Tnp_1_6          PF13751.6    5.4e-07   29.1   0.1   5.8e-07   29.0   0.1   1.0   1   0   0   1   1   1   1 # 168 # 332 # -1 # ID=2672_1;partial=01;start_type=Edge;rbs_motif=None;rbs_spacer=None;gc_cont=0.497	2114257
NODE_55978_length_272_cov_0.705069_1 -          PDDEXK_2             PF12784.7      3e-10   39.2   1.5   3.3e-10   39.1   1.5   1.0   1   0   0   1   1   1   1 # 1 # 270 # 1 # ID=2952_1;partial=11;start_type=Edge;rbs_motif=None;rbs_spacer=None;gc_cont=0.319	843105
NODE_61479_length_258_cov_358.374_1 -          DUF772               PF05598.11     3e-20   71.2   0.1   3.5e-20   71.0   0.1   1.1   1   0   0   1   1   1   1 # 1 # 258 # -1 # ID=3037_1;partial=11;start_type=Edge;rbs_motif=None;rbs_spacer=None;gc_cont=0.562	834516
NODE_64521_length_251_cov_311.816_1  -          DDE_Tnp_ISL3         PF01610.17     3e-12   45.9   0.1   3.2e-12   45.8   0.1   1.0   1   0   0   1   1   1   1 # 1 # 249 # -1 # ID=3076_1;partial=11;start_type=Edge;rbs_motif=None;rbs_spacer=None;gc_cont=0.390	154728
NODE_71947_length_236_cov_1.21547_1 -          OrfB_Zn_ribbon       PF07282.11   1.9e-21   74.9   0.7   2.2e-21   74.7   0.7   1.1   1   0   0   1   1   1   1 # 3 # 236 # -1 # ID=3167_1;partial=11;start_type=Edge;rbs_motif=None;rbs_spacer=None;gc_cont=0.269	59949
