NODE_1_length_110994_cov_63.631_57  -          HTH_Tnp_1            PF01527.20   2.2e-06   26.2   0.6   8.8e-06   24.3   0.6   2.0   1   1   0   1   1   1   1 # 67628 # 68002 # 1 # ID=1_57;partial=00;start_type=ATG;rbs_motif=GGAG/GAGG;rbs_spacer=5-10bp;gc_cont=0.392	608754
NODE_1_length_110994_cov_63.631_57  -          HTH_Tnp_1            PF01527.20   2.2e-06   26.2   0.6   8.8e-06   24.3   0.6   2.0   1   1   0   1   1   1   1 # 67628 # 68002 # 1 # ID=1_57;partial=00;start_type=ATG;rbs_motif=GGAG/GAGG;rbs_spacer=5-10bp;gc_cont=0.392	5226013
NODE_1_length_110994_cov_63.631_57  -          HTH_Tnp_1            PF01527.20   2.2e-06   26.2   0.6   8.8e-06   24.3   0.6   2.0   1   1   0   1   1   1   1 # 67628 # 68002 # 1 # ID=1_57;partial=00;start_type=ATG;rbs_motif=GGAG/GAGG;rbs_spacer=5-10bp;gc_cont=0.392	5226044
NODE_1_length_110994_cov_63.631_57  -          HTH_Tnp_1            PF01527.20   2.2e-06   26.2   0.6   8.8e-06   24.3   0.6   2.0   1   1   0   1   1   1   1 # 67628 # 68002 # 1 # ID=1_57;partial=00;start_type=ATG;rbs_motif=GGAG/GAGG;rbs_spacer=5-10bp;gc_cont=0.392	5106692
NODE_1_length_110994_cov_63.631_57  -          HTH_Tnp_1            PF01527.20   2.2e-06   26.2   0.6   8.8e-06   24.3   0.6   2.0   1   1   0   1   1   1   1 # 67628 # 68002 # 1 # ID=1_57;partial=00;start_type=ATG;rbs_motif=GGAG/GAGG;rbs_spacer=5-10bp;gc_cont=0.392	755449
NODE_1_length_110994_cov_63.631_57  -          HTH_Tnp_1            PF01527.20   2.2e-06   26.2   0.6   8.8e-06   24.3   0.6   2.0   1   1   0   1   1   1   1 # 67628 # 68002 # 1 # ID=1_57;partial=00;start_type=ATG;rbs_motif=GGAG/GAGG;rbs_spacer=5-10bp;gc_cont=0.392	482658
NODE_1_length_110994_cov_63.631_57  -          HTH_Tnp_1            PF01527.20   2.2e-06   26.2   0.6   8.8e-06   24.3   0.6   2.0   1   1   0   1   1   1   1 # 67628 # 68002 # 1 # ID=1_57;partial=00;start_type=ATG;rbs_motif=GGAG/GAGG;rbs_spacer=5-10bp;gc_cont=0.392	152300
NODE_1_length_110994_cov_63.631_57  -          HTH_Tnp_1            PF01527.20   2.2e-06   26.2   0.6   8.8e-06   24.3   0.6   2.0   1   1   0   1   1   1   1 # 67628 # 68002 # 1 # ID=1_57;partial=00;start_type=ATG;rbs_motif=GGAG/GAGG;rbs_spacer=5-10bp;gc_cont=0.392	66875
NODE_3_length_85744_cov_52.1093_68  -          DDE_Tnp_IS1595       PF12762.7    3.5e-38  129.3   0.1   6.2e-38  128.5   0.1   1.4   1   0   0   1   1   1   1 # 72510 # 73118 # 1 # ID=3_68;partial=00;start_type=ATG;rbs_motif=AGGA/GGAG/GAGG;rbs_spacer=11-12bp;gc_cont=0.388	2970258
NODE_3_length_85744_cov_52.1093_68  -          DDE_Tnp_IS1595       PF12762.7    3.5e-38  129.3   0.1   6.2e-38  128.5   0.1   1.4   1   0   0   1   1   1   1 # 72510 # 73118 # 1 # ID=3_68;partial=00;start_type=ATG;rbs_motif=AGGA/GGAG/GAGG;rbs_spacer=11-12bp;gc_cont=0.388	5226032
NODE_3_length_85744_cov_52.1093_68  -          DDE_Tnp_IS1595       PF12762.7    3.5e-38  129.3   0.1   6.2e-38  128.5   0.1   1.4   1   0   0   1   1   1   1 # 72510 # 73118 # 1 # ID=3_68;partial=00;start_type=ATG;rbs_motif=AGGA/GGAG/GAGG;rbs_spacer=11-12bp;gc_cont=0.388	4174918
NODE_3_length_85744_cov_52.1093_68  -          DDE_Tnp_IS1595       PF12762.7    3.5e-38  129.3   0.1   6.2e-38  128.5   0.1   1.4   1   0   0   1   1   1   1 # 72510 # 73118 # 1 # ID=3_68;partial=00;start_type=ATG;rbs_motif=AGGA/GGAG/GAGG;rbs_spacer=11-12bp;gc_cont=0.388	5086031
NODE_3_length_85744_cov_52.1093_68  -          DDE_Tnp_IS1595       PF12762.7    3.5e-38  129.3   0.1   6.2e-38  128.5   0.1   1.4   1   0   0   1   1   1   1 # 72510 # 73118 # 1 # ID=3_68;partial=00;start_type=ATG;rbs_motif=AGGA/GGAG/GAGG;rbs_spacer=11-12bp;gc_cont=0.388	226706
NODE_8_length_61758_cov_63.9984_30  -          HTH_Tnp_1            PF01527.20   1.2e-06   27.1   0.1   3.1e-06   25.7   0.1   1.7   1   1   0   1   1   1   1 # 27977 # 28291 # -1 # ID=8_30;partial=00;start_type=ATG;rbs_motif=GGAG/GAGG;rbs_spacer=5-10bp;gc_cont=0.406	827153
NODE_8_length_61758_cov_63.9984_30  -          HTH_Tnp_1            PF01527.20   1.2e-06   27.1   0.1   3.1e-06   25.7   0.1   1.7   1   1   0   1   1   1   1 # 27977 # 28291 # -1 # ID=8_30;partial=00;start_type=ATG;rbs_motif=GGAG/GAGG;rbs_spacer=5-10bp;gc_cont=0.406	83227
NODE_8_length_61758_cov_63.9984_30  -          HTH_Tnp_1            PF01527.20   1.2e-06   27.1   0.1   3.1e-06   25.7   0.1   1.7   1   1   0   1   1   1   1 # 27977 # 28291 # -1 # ID=8_30;partial=00;start_type=ATG;rbs_motif=GGAG/GAGG;rbs_spacer=5-10bp;gc_cont=0.406	3481688
NODE_12_length_50134_cov_49.5252_6  -          HTH_Tnp_1            PF01527.20   2.2e-06   26.2   0.3   7.5e-06   24.5   0.1   1.9   1   1   0   1   1   1   1 # 5281 # 5655 # 1 # ID=11_6;partial=00;start_type=ATG;rbs_motif=GGAG/GAGG;rbs_spacer=5-10bp;gc_cont=0.392	1747783
NODE_12_length_50134_cov_49.5252_4  -          HTH_Tnp_1            PF01527.20   3.3e-06   25.6   0.9   1.4e-05   23.6   0.9   2.0   1   1   0   1   1   1   1 # 2449 # 2823 # 1 # ID=11_4;partial=00;start_type=ATG;rbs_motif=None;rbs_spacer=None;gc_cont=0.387	1747783
NODE_12_length_50134_cov_49.5252_6  -          HTH_Tnp_1            PF01527.20   2.2e-06   26.2   0.3   7.5e-06   24.5   0.1   1.9   1   1   0   1   1   1   1 # 5281 # 5655 # 1 # ID=11_6;partial=00;start_type=ATG;rbs_motif=GGAG/GAGG;rbs_spacer=5-10bp;gc_cont=0.392	542870
NODE_12_length_50134_cov_49.5252_4  -          HTH_Tnp_1            PF01527.20   3.3e-06   25.6   0.9   1.4e-05   23.6   0.9   2.0   1   1   0   1   1   1   1 # 2449 # 2823 # 1 # ID=11_4;partial=00;start_type=ATG;rbs_motif=None;rbs_spacer=None;gc_cont=0.387	542870
NODE_12_length_50134_cov_49.5252_6  -          HTH_Tnp_1            PF01527.20   2.2e-06   26.2   0.3   7.5e-06   24.5   0.1   1.9   1   1   0   1   1   1   1 # 5281 # 5655 # 1 # ID=11_6;partial=00;start_type=ATG;rbs_motif=GGAG/GAGG;rbs_spacer=5-10bp;gc_cont=0.392	356065
NODE_12_length_50134_cov_49.5252_4  -          HTH_Tnp_1            PF01527.20   3.3e-06   25.6   0.9   1.4e-05   23.6   0.9   2.0   1   1   0   1   1   1   1 # 2449 # 2823 # 1 # ID=11_4;partial=00;start_type=ATG;rbs_motif=None;rbs_spacer=None;gc_cont=0.387	356065
NODE_12_length_50134_cov_49.5252_6  -          HTH_Tnp_1            PF01527.20   2.2e-06   26.2   0.3   7.5e-06   24.5   0.1   1.9   1   1   0   1   1   1   1 # 5281 # 5655 # 1 # ID=11_6;partial=00;start_type=ATG;rbs_motif=GGAG/GAGG;rbs_spacer=5-10bp;gc_cont=0.392	483994
NODE_12_length_50134_cov_49.5252_4  -          HTH_Tnp_1            PF01527.20   3.3e-06   25.6   0.9   1.4e-05   23.6   0.9   2.0   1   1   0   1   1   1   1 # 2449 # 2823 # 1 # ID=11_4;partial=00;start_type=ATG;rbs_motif=None;rbs_spacer=None;gc_cont=0.387	483994
NODE_12_length_50134_cov_49.5252_6  -          HTH_Tnp_1            PF01527.20   2.2e-06   26.2   0.3   7.5e-06   24.5   0.1   1.9   1   1   0   1   1   1   1 # 5281 # 5655 # 1 # ID=11_6;partial=00;start_type=ATG;rbs_motif=GGAG/GAGG;rbs_spacer=5-10bp;gc_cont=0.392	175741
NODE_12_length_50134_cov_49.5252_4  -          HTH_Tnp_1            PF01527.20   3.3e-06   25.6   0.9   1.4e-05   23.6   0.9   2.0   1   1   0   1   1   1   1 # 2449 # 2823 # 1 # ID=11_4;partial=00;start_type=ATG;rbs_motif=None;rbs_spacer=None;gc_cont=0.387	175741
NODE_27_length_34489_cov_103.152_30 -          Y1_Tnp               PF01797.16   7.2e-37  124.5   0.5   8.8e-37  124.2   0.5   1.1   1   0   0   1   1   1   1 # 29616 # 30068 # -1 # ID=21_30;partial=00;start_type=ATG;rbs_motif=AAAA;rbs_spacer=4bp;gc_cont=0.369	64882
NODE_27_length_34489_cov_103.152_30 -          Y1_Tnp               PF01797.16   7.2e-37  124.5   0.5   8.8e-37  124.2   0.5   1.1   1   0   0   1   1   1   1 # 29616 # 30068 # -1 # ID=21_30;partial=00;start_type=ATG;rbs_motif=AAAA;rbs_spacer=4bp;gc_cont=0.369	127797
NODE_27_length_34489_cov_103.152_30 -          Y1_Tnp               PF01797.16   7.2e-37  124.5   0.5   8.8e-37  124.2   0.5   1.1   1   0   0   1   1   1   1 # 29616 # 30068 # -1 # ID=21_30;partial=00;start_type=ATG;rbs_motif=AAAA;rbs_spacer=4bp;gc_cont=0.369	514294
NODE_27_length_34489_cov_103.152_30 -          Y1_Tnp               PF01797.16   7.2e-37  124.5   0.5   8.8e-37  124.2   0.5   1.1   1   0   0   1   1   1   1 # 29616 # 30068 # -1 # ID=21_30;partial=00;start_type=ATG;rbs_motif=AAAA;rbs_spacer=4bp;gc_cont=0.369	5226028
NODE_32_length_31549_cov_75.1511_39 -          DDE_Tnp_IS1595       PF12762.7      1e-35  121.3   0.2   1.2e-35  121.1   0.2   1.1   1   0   0   1   1   1   1 # 30477 # 31061 # 1 # ID=25_39;partial=00;start_type=GTG;rbs_motif=None;rbs_spacer=None;gc_cont=0.385	785512
NODE_32_length_31549_cov_75.1511_39 -          DDE_Tnp_IS1595       PF12762.7      1e-35  121.3   0.2   1.2e-35  121.1   0.2   1.1   1   0   0   1   1   1   1 # 30477 # 31061 # 1 # ID=25_39;partial=00;start_type=GTG;rbs_motif=None;rbs_spacer=None;gc_cont=0.385	2389107
NODE_38_length_28285_cov_70.9825_20 -          DDE_Tnp_IS240        PF13610.6    4.1e-06   25.4   0.1   4.6e-06   25.2   0.1   1.1   1   0   0   1   1   1   1 # 18684 # 19070 # 1 # ID=30_20;partial=00;start_type=ATG;rbs_motif=TAA;rbs_spacer=7bp;gc_cont=0.403	1120023
NODE_38_length_28285_cov_70.9825_20 -          DDE_Tnp_IS240        PF13610.6    4.1e-06   25.4   0.1   4.6e-06   25.2   0.1   1.1   1   0   0   1   1   1   1 # 18684 # 19070 # 1 # ID=30_20;partial=00;start_type=ATG;rbs_motif=TAA;rbs_spacer=7bp;gc_cont=0.403	1219231
NODE_44_length_23830_cov_113.208_20 -          DDE_Tnp_ISL3         PF01610.17   7.1e-52  174.8   7.6   1.1e-51  174.2   7.6   1.3   1   0   0   1   1   1   1 # 21927 # 23135 # 1 # ID=35_20;partial=00;start_type=ATG;rbs_motif=None;rbs_spacer=None;gc_cont=0.388	2982939
NODE_44_length_23830_cov_113.208_19 -          DUF772               PF05598.11     4e-15   53.9   0.2   9.9e-15   52.6   0.1   1.8   2   0   0   2   2   2   1 # 20884 # 21660 # -1 # ID=35_19;partial=00;start_type=ATG;rbs_motif=GGA/GAG/AGG;rbs_spacer=5-10bp;gc_cont=0.385	2982939
NODE_44_length_23830_cov_113.208_20 -          HTH_Tnp_ISL3         PF13542.6    3.4e-09   34.3   0.0     6e-09   33.5   0.0   1.4   1   0   0   1   1   1   1 # 21927 # 23135 # 1 # ID=35_20;partial=00;start_type=ATG;rbs_motif=None;rbs_spacer=None;gc_cont=0.388	2982939
NODE_44_length_23830_cov_113.208_20 -          zf-ISL3              PF14690.6    1.2e-11   43.4   2.6   2.6e-11   42.3   2.6   1.6   1   0   0   1   1   1   1 # 21927 # 23135 # 1 # ID=35_20;partial=00;start_type=ATG;rbs_motif=None;rbs_spacer=None;gc_cont=0.388	2982939
NODE_44_length_23830_cov_113.208_20 -          DDE_Tnp_ISL3         PF01610.17   7.1e-52  174.8   7.6   1.1e-51  174.2   7.6   1.3   1   0   0   1   1   1   1 # 21927 # 23135 # 1 # ID=35_20;partial=00;start_type=ATG;rbs_motif=None;rbs_spacer=None;gc_cont=0.388	1747811
NODE_44_length_23830_cov_113.208_19 -          DUF772               PF05598.11     4e-15   53.9   0.2   9.9e-15   52.6   0.1   1.8   2   0   0   2   2   2   1 # 20884 # 21660 # -1 # ID=35_19;partial=00;start_type=ATG;rbs_motif=GGA/GAG/AGG;rbs_spacer=5-10bp;gc_cont=0.385	1747811
NODE_44_length_23830_cov_113.208_20 -          HTH_Tnp_ISL3         PF13542.6    3.4e-09   34.3   0.0     6e-09   33.5   0.0   1.4   1   0   0   1   1   1   1 # 21927 # 23135 # 1 # ID=35_20;partial=00;start_type=ATG;rbs_motif=None;rbs_spacer=None;gc_cont=0.388	1747811
NODE_44_length_23830_cov_113.208_20 -          zf-ISL3              PF14690.6    1.2e-11   43.4   2.6   2.6e-11   42.3   2.6   1.6   1   0   0   1   1   1   1 # 21927 # 23135 # 1 # ID=35_20;partial=00;start_type=ATG;rbs_motif=None;rbs_spacer=None;gc_cont=0.388	1747811
NODE_44_length_23830_cov_113.208_20 -          DDE_Tnp_ISL3         PF01610.17   7.1e-52  174.8   7.6   1.1e-51  174.2   7.6   1.3   1   0   0   1   1   1   1 # 21927 # 23135 # 1 # ID=35_20;partial=00;start_type=ATG;rbs_motif=None;rbs_spacer=None;gc_cont=0.388	830714
NODE_44_length_23830_cov_113.208_19 -          DUF772               PF05598.11     4e-15   53.9   0.2   9.9e-15   52.6   0.1   1.8   2   0   0   2   2   2   1 # 20884 # 21660 # -1 # ID=35_19;partial=00;start_type=ATG;rbs_motif=GGA/GAG/AGG;rbs_spacer=5-10bp;gc_cont=0.385	830714
NODE_44_length_23830_cov_113.208_20 -          HTH_Tnp_ISL3         PF13542.6    3.4e-09   34.3   0.0     6e-09   33.5   0.0   1.4   1   0   0   1   1   1   1 # 21927 # 23135 # 1 # ID=35_20;partial=00;start_type=ATG;rbs_motif=None;rbs_spacer=None;gc_cont=0.388	830714
NODE_44_length_23830_cov_113.208_20 -          zf-ISL3              PF14690.6    1.2e-11   43.4   2.6   2.6e-11   42.3   2.6   1.6   1   0   0   1   1   1   1 # 21927 # 23135 # 1 # ID=35_20;partial=00;start_type=ATG;rbs_motif=None;rbs_spacer=None;gc_cont=0.388	830714
NODE_44_length_23830_cov_113.208_20 -          DDE_Tnp_ISL3         PF01610.17   7.1e-52  174.8   7.6   1.1e-51  174.2   7.6   1.3   1   0   0   1   1   1   1 # 21927 # 23135 # 1 # ID=35_20;partial=00;start_type=ATG;rbs_motif=None;rbs_spacer=None;gc_cont=0.388	36764
NODE_44_length_23830_cov_113.208_19 -          DUF772               PF05598.11     4e-15   53.9   0.2   9.9e-15   52.6   0.1   1.8   2   0   0   2   2   2   1 # 20884 # 21660 # -1 # ID=35_19;partial=00;start_type=ATG;rbs_motif=GGA/GAG/AGG;rbs_spacer=5-10bp;gc_cont=0.385	36764
NODE_44_length_23830_cov_113.208_20 -          HTH_Tnp_ISL3         PF13542.6    3.4e-09   34.3   0.0     6e-09   33.5   0.0   1.4   1   0   0   1   1   1   1 # 21927 # 23135 # 1 # ID=35_20;partial=00;start_type=ATG;rbs_motif=None;rbs_spacer=None;gc_cont=0.388	36764
NODE_44_length_23830_cov_113.208_20 -          zf-ISL3              PF14690.6    1.2e-11   43.4   2.6   2.6e-11   42.3   2.6   1.6   1   0   0   1   1   1   1 # 21927 # 23135 # 1 # ID=35_20;partial=00;start_type=ATG;rbs_motif=None;rbs_spacer=None;gc_cont=0.388	36764
NODE_44_length_23830_cov_113.208_20 -          DDE_Tnp_ISL3         PF01610.17   7.1e-52  174.8   7.6   1.1e-51  174.2   7.6   1.3   1   0   0   1   1   1   1 # 21927 # 23135 # 1 # ID=35_20;partial=00;start_type=ATG;rbs_motif=None;rbs_spacer=None;gc_cont=0.388	369529
NODE_44_length_23830_cov_113.208_19 -          DUF772               PF05598.11     4e-15   53.9   0.2   9.9e-15   52.6   0.1   1.8   2   0   0   2   2   2   1 # 20884 # 21660 # -1 # ID=35_19;partial=00;start_type=ATG;rbs_motif=GGA/GAG/AGG;rbs_spacer=5-10bp;gc_cont=0.385	369529
NODE_44_length_23830_cov_113.208_20 -          HTH_Tnp_ISL3         PF13542.6    3.4e-09   34.3   0.0     6e-09   33.5   0.0   1.4   1   0   0   1   1   1   1 # 21927 # 23135 # 1 # ID=35_20;partial=00;start_type=ATG;rbs_motif=None;rbs_spacer=None;gc_cont=0.388	369529
NODE_44_length_23830_cov_113.208_20 -          zf-ISL3              PF14690.6    1.2e-11   43.4   2.6   2.6e-11   42.3   2.6   1.6   1   0   0   1   1   1   1 # 21927 # 23135 # 1 # ID=35_20;partial=00;start_type=ATG;rbs_motif=None;rbs_spacer=None;gc_cont=0.388	369529
NODE_44_length_23830_cov_113.208_20 -          DDE_Tnp_ISL3         PF01610.17   7.1e-52  174.8   7.6   1.1e-51  174.2   7.6   1.3   1   0   0   1   1   1   1 # 21927 # 23135 # 1 # ID=35_20;partial=00;start_type=ATG;rbs_motif=None;rbs_spacer=None;gc_cont=0.388	1217730
NODE_44_length_23830_cov_113.208_19 -          DUF772               PF05598.11     4e-15   53.9   0.2   9.9e-15   52.6   0.1   1.8   2   0   0   2   2   2   1 # 20884 # 21660 # -1 # ID=35_19;partial=00;start_type=ATG;rbs_motif=GGA/GAG/AGG;rbs_spacer=5-10bp;gc_cont=0.385	1217730
NODE_44_length_23830_cov_113.208_20 -          HTH_Tnp_ISL3         PF13542.6    3.4e-09   34.3   0.0     6e-09   33.5   0.0   1.4   1   0   0   1   1   1   1 # 21927 # 23135 # 1 # ID=35_20;partial=00;start_type=ATG;rbs_motif=None;rbs_spacer=None;gc_cont=0.388	1217730
NODE_44_length_23830_cov_113.208_20 -          zf-ISL3              PF14690.6    1.2e-11   43.4   2.6   2.6e-11   42.3   2.6   1.6   1   0   0   1   1   1   1 # 21927 # 23135 # 1 # ID=35_20;partial=00;start_type=ATG;rbs_motif=None;rbs_spacer=None;gc_cont=0.388	1217730
NODE_44_length_23830_cov_113.208_20 -          DDE_Tnp_ISL3         PF01610.17   7.1e-52  174.8   7.6   1.1e-51  174.2   7.6   1.3   1   0   0   1   1   1   1 # 21927 # 23135 # 1 # ID=35_20;partial=00;start_type=ATG;rbs_motif=None;rbs_spacer=None;gc_cont=0.388	94829
NODE_44_length_23830_cov_113.208_19 -          DUF772               PF05598.11     4e-15   53.9   0.2   9.9e-15   52.6   0.1   1.8   2   0   0   2   2   2   1 # 20884 # 21660 # -1 # ID=35_19;partial=00;start_type=ATG;rbs_motif=GGA/GAG/AGG;rbs_spacer=5-10bp;gc_cont=0.385	94829
NODE_44_length_23830_cov_113.208_20 -          HTH_Tnp_ISL3         PF13542.6    3.4e-09   34.3   0.0     6e-09   33.5   0.0   1.4   1   0   0   1   1   1   1 # 21927 # 23135 # 1 # ID=35_20;partial=00;start_type=ATG;rbs_motif=None;rbs_spacer=None;gc_cont=0.388	94829
NODE_44_length_23830_cov_113.208_20 -          zf-ISL3              PF14690.6    1.2e-11   43.4   2.6   2.6e-11   42.3   2.6   1.6   1   0   0   1   1   1   1 # 21927 # 23135 # 1 # ID=35_20;partial=00;start_type=ATG;rbs_motif=None;rbs_spacer=None;gc_cont=0.388	94829
NODE_44_length_23830_cov_113.208_20 -          DDE_Tnp_ISL3         PF01610.17   7.1e-52  174.8   7.6   1.1e-51  174.2   7.6   1.3   1   0   0   1   1   1   1 # 21927 # 23135 # 1 # ID=35_20;partial=00;start_type=ATG;rbs_motif=None;rbs_spacer=None;gc_cont=0.388	360729
NODE_44_length_23830_cov_113.208_19 -          DUF772               PF05598.11     4e-15   53.9   0.2   9.9e-15   52.6   0.1   1.8   2   0   0   2   2   2   1 # 20884 # 21660 # -1 # ID=35_19;partial=00;start_type=ATG;rbs_motif=GGA/GAG/AGG;rbs_spacer=5-10bp;gc_cont=0.385	360729
NODE_44_length_23830_cov_113.208_20 -          HTH_Tnp_ISL3         PF13542.6    3.4e-09   34.3   0.0     6e-09   33.5   0.0   1.4   1   0   0   1   1   1   1 # 21927 # 23135 # 1 # ID=35_20;partial=00;start_type=ATG;rbs_motif=None;rbs_spacer=None;gc_cont=0.388	360729
NODE_44_length_23830_cov_113.208_20 -          zf-ISL3              PF14690.6    1.2e-11   43.4   2.6   2.6e-11   42.3   2.6   1.6   1   0   0   1   1   1   1 # 21927 # 23135 # 1 # ID=35_20;partial=00;start_type=ATG;rbs_motif=None;rbs_spacer=None;gc_cont=0.388	360729
NODE_51_length_22819_cov_80.7406_17 -          HTH_Tnp_1            PF01527.20   1.6e-06   26.7   0.0   2.1e-06   26.3   0.0   1.4   1   1   0   1   1   1   1 # 16676 # 16963 # 1 # ID=42_17;partial=00;start_type=ATG;rbs_motif=GGAG/GAGG;rbs_spacer=5-10bp;gc_cont=0.372	62443
NODE_51_length_22819_cov_80.7406_17 -          HTH_Tnp_1            PF01527.20   1.6e-06   26.7   0.0   2.1e-06   26.3   0.0   1.4   1   1   0   1   1   1   1 # 16676 # 16963 # 1 # ID=42_17;partial=00;start_type=ATG;rbs_motif=GGAG/GAGG;rbs_spacer=5-10bp;gc_cont=0.372	4172486
NODE_51_length_22819_cov_80.7406_17 -          HTH_Tnp_1            PF01527.20   1.6e-06   26.7   0.0   2.1e-06   26.3   0.0   1.4   1   1   0   1   1   1   1 # 16676 # 16963 # 1 # ID=42_17;partial=00;start_type=ATG;rbs_motif=GGAG/GAGG;rbs_spacer=5-10bp;gc_cont=0.372	762145
NODE_51_length_22819_cov_80.7406_17 -          HTH_Tnp_1            PF01527.20   1.6e-06   26.7   0.0   2.1e-06   26.3   0.0   1.4   1   1   0   1   1   1   1 # 16676 # 16963 # 1 # ID=42_17;partial=00;start_type=ATG;rbs_motif=GGAG/GAGG;rbs_spacer=5-10bp;gc_cont=0.372	1198375
NODE_51_length_22819_cov_80.7406_17 -          HTH_Tnp_1            PF01527.20   1.6e-06   26.7   0.0   2.1e-06   26.3   0.0   1.4   1   1   0   1   1   1   1 # 16676 # 16963 # 1 # ID=42_17;partial=00;start_type=ATG;rbs_motif=GGAG/GAGG;rbs_spacer=5-10bp;gc_cont=0.372	780193
NODE_60_length_20832_cov_48.1496_8 -          Transposase_mut      PF00872.18   1.4e-30  104.7   0.0   1.5e-30  104.6   0.0   1.0   1   0   0   1   1   1   1 # 6751 # 7143 # 1 # ID=50_8;partial=00;start_type=GTG;rbs_motif=AAA;rbs_spacer=3bp;gc_cont=0.397	2106751
NODE_60_length_20832_cov_48.1496_9 -          Transposase_mut      PF00872.18   1.3e-14   52.1   0.1   1.6e-14   51.8   0.1   1.0   1   0   0   1   1   1   1 # 7486 # 7749 # 1 # ID=50_9;partial=00;start_type=GTG;rbs_motif=TAA;rbs_spacer=4bp;gc_cont=0.386	2106751
NODE_60_length_20832_cov_48.1496_8 -          Transposase_mut      PF00872.18   1.4e-30  104.7   0.0   1.5e-30  104.6   0.0   1.0   1   0   0   1   1   1   1 # 6751 # 7143 # 1 # ID=50_8;partial=00;start_type=GTG;rbs_motif=AAA;rbs_spacer=3bp;gc_cont=0.397	2106751
NODE_60_length_20832_cov_48.1496_9 -          Transposase_mut      PF00872.18   1.3e-14   52.1   0.1   1.6e-14   51.8   0.1   1.0   1   0   0   1   1   1   1 # 7486 # 7749 # 1 # ID=50_9;partial=00;start_type=GTG;rbs_motif=TAA;rbs_spacer=4bp;gc_cont=0.386	2106751
NODE_60_length_20832_cov_48.1496_8 -          Transposase_mut      PF00872.18   1.4e-30  104.7   0.0   1.5e-30  104.6   0.0   1.0   1   0   0   1   1   1   1 # 6751 # 7143 # 1 # ID=50_8;partial=00;start_type=GTG;rbs_motif=AAA;rbs_spacer=3bp;gc_cont=0.397	1219231
NODE_60_length_20832_cov_48.1496_9 -          Transposase_mut      PF00872.18   1.3e-14   52.1   0.1   1.6e-14   51.8   0.1   1.0   1   0   0   1   1   1   1 # 7486 # 7749 # 1 # ID=50_9;partial=00;start_type=GTG;rbs_motif=TAA;rbs_spacer=4bp;gc_cont=0.386	1219231
NODE_60_length_20832_cov_48.1496_8 -          Transposase_mut      PF00872.18   1.4e-30  104.7   0.0   1.5e-30  104.6   0.0   1.0   1   0   0   1   1   1   1 # 6751 # 7143 # 1 # ID=50_8;partial=00;start_type=GTG;rbs_motif=AAA;rbs_spacer=3bp;gc_cont=0.397	5226021
NODE_60_length_20832_cov_48.1496_9 -          Transposase_mut      PF00872.18   1.3e-14   52.1   0.1   1.6e-14   51.8   0.1   1.0   1   0   0   1   1   1   1 # 7486 # 7749 # 1 # ID=50_9;partial=00;start_type=GTG;rbs_motif=TAA;rbs_spacer=4bp;gc_cont=0.386	5226021
NODE_66_length_19666_cov_115.878_20 -          DDE_Tnp_ISL3         PF01610.17   1.6e-28   98.4   7.9   2.1e-28   98.0   7.9   1.0   1   0   0   1   1   1   1 # 16678 # 17322 # -1 # ID=56_20;partial=00;start_type=GTG;rbs_motif=None;rbs_spacer=None;gc_cont=0.380	204882
NODE_66_length_19666_cov_115.878_16 -          PDDEXK_2             PF12784.7    5.3e-21   73.5   2.0   7.4e-21   73.0   2.0   1.2   1   0   0   1   1   1   1 # 12840 # 13787 # 1 # ID=56_16;partial=00;start_type=ATG;rbs_motif=AGGAG;rbs_spacer=5-10bp;gc_cont=0.430	204882
NODE_66_length_19666_cov_115.878_22 -          PDDEXK_2             PF12784.7    7.1e-21   73.1   0.5   9.4e-21   72.7   0.5   1.2   1   0   0   1   1   1   1 # 18633 # 19514 # -1 # ID=56_22;partial=00;start_type=ATG;rbs_motif=AGGAG;rbs_spacer=5-10bp;gc_cont=0.422	204882
NODE_66_length_19666_cov_115.878_12 -          PDDEXK_2             PF12784.7    9.2e-21   72.7   1.9   1.2e-20   72.3   1.9   1.2   1   0   0   1   1   1   1 # 9617 # 10543 # 1 # ID=56_12;partial=00;start_type=ATG;rbs_motif=AGGAG;rbs_spacer=5-10bp;gc_cont=0.426	204882
NODE_66_length_19666_cov_115.878_19 -          Y1_Tnp               PF01797.16   1.2e-38  130.3   0.5   1.3e-38  130.1   0.5   1.0   1   0   0   1   1   1   1 # 16114 # 16542 # 1 # ID=56_19;partial=00;start_type=GTG;rbs_motif=None;rbs_spacer=None;gc_cont=0.359	204882
NODE_66_length_19666_cov_115.878_20 -          DDE_Tnp_ISL3         PF01610.17   1.6e-28   98.4   7.9   2.1e-28   98.0   7.9   1.0   1   0   0   1   1   1   1 # 16678 # 17322 # -1 # ID=56_20;partial=00;start_type=GTG;rbs_motif=None;rbs_spacer=None;gc_cont=0.380	734945
NODE_66_length_19666_cov_115.878_16 -          PDDEXK_2             PF12784.7    5.3e-21   73.5   2.0   7.4e-21   73.0   2.0   1.2   1   0   0   1   1   1   1 # 12840 # 13787 # 1 # ID=56_16;partial=00;start_type=ATG;rbs_motif=AGGAG;rbs_spacer=5-10bp;gc_cont=0.430	734945
NODE_66_length_19666_cov_115.878_22 -          PDDEXK_2             PF12784.7    7.1e-21   73.1   0.5   9.4e-21   72.7   0.5   1.2   1   0   0   1   1   1   1 # 18633 # 19514 # -1 # ID=56_22;partial=00;start_type=ATG;rbs_motif=AGGAG;rbs_spacer=5-10bp;gc_cont=0.422	734945
NODE_66_length_19666_cov_115.878_12 -          PDDEXK_2             PF12784.7    9.2e-21   72.7   1.9   1.2e-20   72.3   1.9   1.2   1   0   0   1   1   1   1 # 9617 # 10543 # 1 # ID=56_12;partial=00;start_type=ATG;rbs_motif=AGGAG;rbs_spacer=5-10bp;gc_cont=0.426	734945
NODE_66_length_19666_cov_115.878_19 -          Y1_Tnp               PF01797.16   1.2e-38  130.3   0.5   1.3e-38  130.1   0.5   1.0   1   0   0   1   1   1   1 # 16114 # 16542 # 1 # ID=56_19;partial=00;start_type=GTG;rbs_motif=None;rbs_spacer=None;gc_cont=0.359	734945
NODE_66_length_19666_cov_115.878_20 -          DDE_Tnp_ISL3         PF01610.17   1.6e-28   98.4   7.9   2.1e-28   98.0   7.9   1.0   1   0   0   1   1   1   1 # 16678 # 17322 # -1 # ID=56_20;partial=00;start_type=GTG;rbs_motif=None;rbs_spacer=None;gc_cont=0.380	161235
NODE_66_length_19666_cov_115.878_16 -          PDDEXK_2             PF12784.7    5.3e-21   73.5   2.0   7.4e-21   73.0   2.0   1.2   1   0   0   1   1   1   1 # 12840 # 13787 # 1 # ID=56_16;partial=00;start_type=ATG;rbs_motif=AGGAG;rbs_spacer=5-10bp;gc_cont=0.430	161235
NODE_66_length_19666_cov_115.878_22 -          PDDEXK_2             PF12784.7    7.1e-21   73.1   0.5   9.4e-21   72.7   0.5   1.2   1   0   0   1   1   1   1 # 18633 # 19514 # -1 # ID=56_22;partial=00;start_type=ATG;rbs_motif=AGGAG;rbs_spacer=5-10bp;gc_cont=0.422	161235
NODE_66_length_19666_cov_115.878_12 -          PDDEXK_2             PF12784.7    9.2e-21   72.7   1.9   1.2e-20   72.3   1.9   1.2   1   0   0   1   1   1   1 # 9617 # 10543 # 1 # ID=56_12;partial=00;start_type=ATG;rbs_motif=AGGAG;rbs_spacer=5-10bp;gc_cont=0.426	161235
NODE_66_length_19666_cov_115.878_19 -          Y1_Tnp               PF01797.16   1.2e-38  130.3   0.5   1.3e-38  130.1   0.5   1.0   1   0   0   1   1   1   1 # 16114 # 16542 # 1 # ID=56_19;partial=00;start_type=GTG;rbs_motif=None;rbs_spacer=None;gc_cont=0.359	161235
NODE_66_length_19666_cov_115.878_20 -          DDE_Tnp_ISL3         PF01610.17   1.6e-28   98.4   7.9   2.1e-28   98.0   7.9   1.0   1   0   0   1   1   1   1 # 16678 # 17322 # -1 # ID=56_20;partial=00;start_type=GTG;rbs_motif=None;rbs_spacer=None;gc_cont=0.380	161235
NODE_66_length_19666_cov_115.878_16 -          PDDEXK_2             PF12784.7    5.3e-21   73.5   2.0   7.4e-21   73.0   2.0   1.2   1   0   0   1   1   1   1 # 12840 # 13787 # 1 # ID=56_16;partial=00;start_type=ATG;rbs_motif=AGGAG;rbs_spacer=5-10bp;gc_cont=0.430	161235
NODE_66_length_19666_cov_115.878_22 -          PDDEXK_2             PF12784.7    7.1e-21   73.1   0.5   9.4e-21   72.7   0.5   1.2   1   0   0   1   1   1   1 # 18633 # 19514 # -1 # ID=56_22;partial=00;start_type=ATG;rbs_motif=AGGAG;rbs_spacer=5-10bp;gc_cont=0.422	161235
NODE_66_length_19666_cov_115.878_12 -          PDDEXK_2             PF12784.7    9.2e-21   72.7   1.9   1.2e-20   72.3   1.9   1.2   1   0   0   1   1   1   1 # 9617 # 10543 # 1 # ID=56_12;partial=00;start_type=ATG;rbs_motif=AGGAG;rbs_spacer=5-10bp;gc_cont=0.426	161235
NODE_66_length_19666_cov_115.878_19 -          Y1_Tnp               PF01797.16   1.2e-38  130.3   0.5   1.3e-38  130.1   0.5   1.0   1   0   0   1   1   1   1 # 16114 # 16542 # 1 # ID=56_19;partial=00;start_type=GTG;rbs_motif=None;rbs_spacer=None;gc_cont=0.359	161235
NODE_66_length_19666_cov_115.878_20 -          DDE_Tnp_ISL3         PF01610.17   1.6e-28   98.4   7.9   2.1e-28   98.0   7.9   1.0   1   0   0   1   1   1   1 # 16678 # 17322 # -1 # ID=56_20;partial=00;start_type=GTG;rbs_motif=None;rbs_spacer=None;gc_cont=0.380	114911
NODE_66_length_19666_cov_115.878_16 -          PDDEXK_2             PF12784.7    5.3e-21   73.5   2.0   7.4e-21   73.0   2.0   1.2   1   0   0   1   1   1   1 # 12840 # 13787 # 1 # ID=56_16;partial=00;start_type=ATG;rbs_motif=AGGAG;rbs_spacer=5-10bp;gc_cont=0.430	114911
NODE_66_length_19666_cov_115.878_22 -          PDDEXK_2             PF12784.7    7.1e-21   73.1   0.5   9.4e-21   72.7   0.5   1.2   1   0   0   1   1   1   1 # 18633 # 19514 # -1 # ID=56_22;partial=00;start_type=ATG;rbs_motif=AGGAG;rbs_spacer=5-10bp;gc_cont=0.422	114911
NODE_66_length_19666_cov_115.878_12 -          PDDEXK_2             PF12784.7    9.2e-21   72.7   1.9   1.2e-20   72.3   1.9   1.2   1   0   0   1   1   1   1 # 9617 # 10543 # 1 # ID=56_12;partial=00;start_type=ATG;rbs_motif=AGGAG;rbs_spacer=5-10bp;gc_cont=0.426	114911
NODE_66_length_19666_cov_115.878_19 -          Y1_Tnp               PF01797.16   1.2e-38  130.3   0.5   1.3e-38  130.1   0.5   1.0   1   0   0   1   1   1   1 # 16114 # 16542 # 1 # ID=56_19;partial=00;start_type=GTG;rbs_motif=None;rbs_spacer=None;gc_cont=0.359	114911
NODE_66_length_19666_cov_115.878_20 -          DDE_Tnp_ISL3         PF01610.17   1.6e-28   98.4   7.9   2.1e-28   98.0   7.9   1.0   1   0   0   1   1   1   1 # 16678 # 17322 # -1 # ID=56_20;partial=00;start_type=GTG;rbs_motif=None;rbs_spacer=None;gc_cont=0.380	2396365
NODE_66_length_19666_cov_115.878_16 -          PDDEXK_2             PF12784.7    5.3e-21   73.5   2.0   7.4e-21   73.0   2.0   1.2   1   0   0   1   1   1   1 # 12840 # 13787 # 1 # ID=56_16;partial=00;start_type=ATG;rbs_motif=AGGAG;rbs_spacer=5-10bp;gc_cont=0.430	2396365
NODE_66_length_19666_cov_115.878_22 -          PDDEXK_2             PF12784.7    7.1e-21   73.1   0.5   9.4e-21   72.7   0.5   1.2   1   0   0   1   1   1   1 # 18633 # 19514 # -1 # ID=56_22;partial=00;start_type=ATG;rbs_motif=AGGAG;rbs_spacer=5-10bp;gc_cont=0.422	2396365
NODE_66_length_19666_cov_115.878_12 -          PDDEXK_2             PF12784.7    9.2e-21   72.7   1.9   1.2e-20   72.3   1.9   1.2   1   0   0   1   1   1   1 # 9617 # 10543 # 1 # ID=56_12;partial=00;start_type=ATG;rbs_motif=AGGAG;rbs_spacer=5-10bp;gc_cont=0.426	2396365
NODE_66_length_19666_cov_115.878_19 -          Y1_Tnp               PF01797.16   1.2e-38  130.3   0.5   1.3e-38  130.1   0.5   1.0   1   0   0   1   1   1   1 # 16114 # 16542 # 1 # ID=56_19;partial=00;start_type=GTG;rbs_motif=None;rbs_spacer=None;gc_cont=0.359	2396365
NODE_66_length_19666_cov_115.878_20 -          DDE_Tnp_ISL3         PF01610.17   1.6e-28   98.4   7.9   2.1e-28   98.0   7.9   1.0   1   0   0   1   1   1   1 # 16678 # 17322 # -1 # ID=56_20;partial=00;start_type=GTG;rbs_motif=None;rbs_spacer=None;gc_cont=0.380	94080
NODE_66_length_19666_cov_115.878_16 -          PDDEXK_2             PF12784.7    5.3e-21   73.5   2.0   7.4e-21   73.0   2.0   1.2   1   0   0   1   1   1   1 # 12840 # 13787 # 1 # ID=56_16;partial=00;start_type=ATG;rbs_motif=AGGAG;rbs_spacer=5-10bp;gc_cont=0.430	94080
NODE_66_length_19666_cov_115.878_22 -          PDDEXK_2             PF12784.7    7.1e-21   73.1   0.5   9.4e-21   72.7   0.5   1.2   1   0   0   1   1   1   1 # 18633 # 19514 # -1 # ID=56_22;partial=00;start_type=ATG;rbs_motif=AGGAG;rbs_spacer=5-10bp;gc_cont=0.422	94080
NODE_66_length_19666_cov_115.878_12 -          PDDEXK_2             PF12784.7    9.2e-21   72.7   1.9   1.2e-20   72.3   1.9   1.2   1   0   0   1   1   1   1 # 9617 # 10543 # 1 # ID=56_12;partial=00;start_type=ATG;rbs_motif=AGGAG;rbs_spacer=5-10bp;gc_cont=0.426	94080
NODE_66_length_19666_cov_115.878_19 -          Y1_Tnp               PF01797.16   1.2e-38  130.3   0.5   1.3e-38  130.1   0.5   1.0   1   0   0   1   1   1   1 # 16114 # 16542 # 1 # ID=56_19;partial=00;start_type=GTG;rbs_motif=None;rbs_spacer=None;gc_cont=0.359	94080
NODE_66_length_19666_cov_115.878_20 -          DDE_Tnp_ISL3         PF01610.17   1.6e-28   98.4   7.9   2.1e-28   98.0   7.9   1.0   1   0   0   1   1   1   1 # 16678 # 17322 # -1 # ID=56_20;partial=00;start_type=GTG;rbs_motif=None;rbs_spacer=None;gc_cont=0.380	756250
NODE_66_length_19666_cov_115.878_16 -          PDDEXK_2             PF12784.7    5.3e-21   73.5   2.0   7.4e-21   73.0   2.0   1.2   1   0   0   1   1   1   1 # 12840 # 13787 # 1 # ID=56_16;partial=00;start_type=ATG;rbs_motif=AGGAG;rbs_spacer=5-10bp;gc_cont=0.430	756250
NODE_66_length_19666_cov_115.878_22 -          PDDEXK_2             PF12784.7    7.1e-21   73.1   0.5   9.4e-21   72.7   0.5   1.2   1   0   0   1   1   1   1 # 18633 # 19514 # -1 # ID=56_22;partial=00;start_type=ATG;rbs_motif=AGGAG;rbs_spacer=5-10bp;gc_cont=0.422	756250
NODE_66_length_19666_cov_115.878_12 -          PDDEXK_2             PF12784.7    9.2e-21   72.7   1.9   1.2e-20   72.3   1.9   1.2   1   0   0   1   1   1   1 # 9617 # 10543 # 1 # ID=56_12;partial=00;start_type=ATG;rbs_motif=AGGAG;rbs_spacer=5-10bp;gc_cont=0.426	756250
NODE_66_length_19666_cov_115.878_19 -          Y1_Tnp               PF01797.16   1.2e-38  130.3   0.5   1.3e-38  130.1   0.5   1.0   1   0   0   1   1   1   1 # 16114 # 16542 # 1 # ID=56_19;partial=00;start_type=GTG;rbs_motif=None;rbs_spacer=None;gc_cont=0.359	756250
NODE_66_length_19666_cov_115.878_20 -          DDE_Tnp_ISL3         PF01610.17   1.6e-28   98.4   7.9   2.1e-28   98.0   7.9   1.0   1   0   0   1   1   1   1 # 16678 # 17322 # -1 # ID=56_20;partial=00;start_type=GTG;rbs_motif=None;rbs_spacer=None;gc_cont=0.380	114911
NODE_66_length_19666_cov_115.878_16 -          PDDEXK_2             PF12784.7    5.3e-21   73.5   2.0   7.4e-21   73.0   2.0   1.2   1   0   0   1   1   1   1 # 12840 # 13787 # 1 # ID=56_16;partial=00;start_type=ATG;rbs_motif=AGGAG;rbs_spacer=5-10bp;gc_cont=0.430	114911
NODE_66_length_19666_cov_115.878_22 -          PDDEXK_2             PF12784.7    7.1e-21   73.1   0.5   9.4e-21   72.7   0.5   1.2   1   0   0   1   1   1   1 # 18633 # 19514 # -1 # ID=56_22;partial=00;start_type=ATG;rbs_motif=AGGAG;rbs_spacer=5-10bp;gc_cont=0.422	114911
NODE_66_length_19666_cov_115.878_12 -          PDDEXK_2             PF12784.7    9.2e-21   72.7   1.9   1.2e-20   72.3   1.9   1.2   1   0   0   1   1   1   1 # 9617 # 10543 # 1 # ID=56_12;partial=00;start_type=ATG;rbs_motif=AGGAG;rbs_spacer=5-10bp;gc_cont=0.426	114911
NODE_66_length_19666_cov_115.878_19 -          Y1_Tnp               PF01797.16   1.2e-38  130.3   0.5   1.3e-38  130.1   0.5   1.0   1   0   0   1   1   1   1 # 16114 # 16542 # 1 # ID=56_19;partial=00;start_type=GTG;rbs_motif=None;rbs_spacer=None;gc_cont=0.359	114911
NODE_73_length_18039_cov_6.39963_8 -          OrfB_IS605           PF01385.19   4.6e-25   86.5   0.1   8.6e-25   85.6   0.1   1.4   1   0   0   1   1   1   1 # 4526 # 5662 # 1 # ID=62_8;partial=00;start_type=ATG;rbs_motif=None;rbs_spacer=None;gc_cont=0.419	226706
NODE_73_length_18039_cov_6.39963_8 -          OrfB_Zn_ribbon       PF07282.11   1.6e-21   74.3   1.3   2.6e-21   73.6   0.2   2.1   2   0   0   2   2   2   1 # 4526 # 5662 # 1 # ID=62_8;partial=00;start_type=ATG;rbs_motif=None;rbs_spacer=None;gc_cont=0.419	226706
NODE_73_length_18039_cov_6.39963_7  -          Y1_Tnp               PF01797.16   2.4e-42  142.2   0.0   2.9e-42  141.9   0.0   1.1   1   0   0   1   1   1   1 # 4063 # 4509 # -1 # ID=62_7;partial=00;start_type=ATG;rbs_motif=GGA/GAG/AGG;rbs_spacer=5-10bp;gc_cont=0.380	226706
NODE_85_length_16236_cov_38.729_2   -          DDE_Tnp_1_6          PF13751.6      4e-10   38.3   0.1   4.4e-10   38.2   0.1   1.1   1   0   0   1   1   1   1 # 305 # 544 # 1 # ID=72_2;partial=00;start_type=ATG;rbs_motif=GGA/GAG/AGG;rbs_spacer=5-10bp;gc_cont=0.350	70885
NODE_201_length_9119_cov_9.25519_1  -          HTH_Tnp_1            PF01527.20   5.6e-06   24.9   0.0   6.1e-06   24.8   0.0   1.2   1   1   0   1   1   1   1 # 1 # 264 # -1 # ID=150_1;partial=10;start_type=ATG;rbs_motif=GGA/GAG/AGG;rbs_spacer=5-10bp;gc_cont=0.379	762145
NODE_201_length_9119_cov_9.25519_1  -          HTH_Tnp_1            PF01527.20   5.6e-06   24.9   0.0   6.1e-06   24.8   0.0   1.2   1   1   0   1   1   1   1 # 1 # 264 # -1 # ID=150_1;partial=10;start_type=ATG;rbs_motif=GGA/GAG/AGG;rbs_spacer=5-10bp;gc_cont=0.379	54456
NODE_201_length_9119_cov_9.25519_1  -          HTH_Tnp_1            PF01527.20   5.6e-06   24.9   0.0   6.1e-06   24.8   0.0   1.2   1   1   0   1   1   1   1 # 1 # 264 # -1 # ID=150_1;partial=10;start_type=ATG;rbs_motif=GGA/GAG/AGG;rbs_spacer=5-10bp;gc_cont=0.379	54456
NODE_201_length_9119_cov_9.25519_1  -          HTH_Tnp_1            PF01527.20   5.6e-06   24.9   0.0   6.1e-06   24.8   0.0   1.2   1   1   0   1   1   1   1 # 1 # 264 # -1 # ID=150_1;partial=10;start_type=ATG;rbs_motif=GGA/GAG/AGG;rbs_spacer=5-10bp;gc_cont=0.379	54456
NODE_201_length_9119_cov_9.25519_1  -          HTH_Tnp_1            PF01527.20   5.6e-06   24.9   0.0   6.1e-06   24.8   0.0   1.2   1   1   0   1   1   1   1 # 1 # 264 # -1 # ID=150_1;partial=10;start_type=ATG;rbs_motif=GGA/GAG/AGG;rbs_spacer=5-10bp;gc_cont=0.379	3661653
NODE_361_length_5692_cov_144.338_2  -          PDDEXK_2             PF12784.7    2.1e-21   74.8   1.4   2.8e-21   74.4   1.4   1.2   1   0   0   1   1   1   1 # 284 # 1195 # 1 # ID=235_2;partial=00;start_type=ATG;rbs_motif=AGGAG;rbs_spacer=5-10bp;gc_cont=0.436	756250
NODE_361_length_5692_cov_144.338_2  -          PDDEXK_2             PF12784.7    2.1e-21   74.8   1.4   2.8e-21   74.4   1.4   1.2   1   0   0   1   1   1   1 # 284 # 1195 # 1 # ID=235_2;partial=00;start_type=ATG;rbs_motif=AGGAG;rbs_spacer=5-10bp;gc_cont=0.436	308705
NODE_361_length_5692_cov_144.338_2  -          PDDEXK_2             PF12784.7    2.1e-21   74.8   1.4   2.8e-21   74.4   1.4   1.2   1   0   0   1   1   1   1 # 284 # 1195 # 1 # ID=235_2;partial=00;start_type=ATG;rbs_motif=AGGAG;rbs_spacer=5-10bp;gc_cont=0.436	57962
NODE_707_length_2879_cov_45.0035_1  -          DDE_Tnp_ISL3         PF01610.17   3.8e-25   87.3   4.4   4.3e-25   87.1   4.4   1.0   1   0   0   1   1   1   1 # 121 # 648 # -1 # ID=330_1;partial=00;start_type=ATG;rbs_motif=TAA;rbs_spacer=8bp;gc_cont=0.369	93844
NODE_707_length_2879_cov_45.0035_2  -          DDE_Tnp_ISL3         PF01610.17   4.1e-08   31.5   0.4     7e-08   30.8   0.0   1.4   2   0   0   2   2   2   1 # 684 # 1367 # -1 # ID=330_2;partial=00;start_type=GTG;rbs_motif=TAA;rbs_spacer=10bp;gc_cont=0.389	93844
NODE_707_length_2879_cov_45.0035_2  -          HTH_Tnp_ISL3         PF13542.6    3.3e-10   37.5   0.0   6.3e-10   36.6   0.0   1.5   1   0   0   1   1   1   1 # 684 # 1367 # -1 # ID=330_2;partial=00;start_type=GTG;rbs_motif=TAA;rbs_spacer=10bp;gc_cont=0.389	93844
NODE_707_length_2879_cov_45.0035_2  -          zf-ISL3              PF14690.6    2.7e-12   45.4   1.3   5.1e-12   44.6   1.3   1.5   1   0   0   1   1   1   1 # 684 # 1367 # -1 # ID=330_2;partial=00;start_type=GTG;rbs_motif=TAA;rbs_spacer=10bp;gc_cont=0.389	93844
NODE_858_length_2399_cov_116.081_3  -          DDE_Tnp_ISL3         PF01610.17   2.3e-22   78.2   1.9   2.6e-22   78.0   1.9   1.1   1   0   0   1   1   1   1 # 1956 # 2399 # -1 # ID=354_3;partial=01;start_type=Edge;rbs_motif=None;rbs_spacer=None;gc_cont=0.351	1031794
NODE_858_length_2399_cov_116.081_3  -          DDE_Tnp_ISL3         PF01610.17   2.3e-22   78.2   1.9   2.6e-22   78.0   1.9   1.1   1   0   0   1   1   1   1 # 1956 # 2399 # -1 # ID=354_3;partial=01;start_type=Edge;rbs_motif=None;rbs_spacer=None;gc_cont=0.351	187903
NODE_918_length_2214_cov_153.712_2  -          PDDEXK_2             PF12784.7    2.3e-21   74.7   2.0     3e-21   74.3   2.0   1.2   1   0   0   1   1   1   1 # 1195 # 2079 # -1 # ID=364_2;partial=00;start_type=ATG;rbs_motif=AGGAGG;rbs_spacer=5-10bp;gc_cont=0.434	3892439
NODE_918_length_2214_cov_153.712_2  -          PDDEXK_2             PF12784.7    2.3e-21   74.7   2.0     3e-21   74.3   2.0   1.2   1   0   0   1   1   1   1 # 1195 # 2079 # -1 # ID=364_2;partial=00;start_type=ATG;rbs_motif=AGGAGG;rbs_spacer=5-10bp;gc_cont=0.434	3892439
NODE_918_length_2214_cov_153.712_2  -          PDDEXK_2             PF12784.7    2.3e-21   74.7   2.0     3e-21   74.3   2.0   1.2   1   0   0   1   1   1   1 # 1195 # 2079 # -1 # ID=364_2;partial=00;start_type=ATG;rbs_motif=AGGAGG;rbs_spacer=5-10bp;gc_cont=0.434	69297
NODE_929_length_2199_cov_4.90205_1 -          OrfB_IS605           PF01385.19   6.4e-28   95.7   0.5   1.4e-27   94.6   0.5   1.5   1   0   0   1   1   1   1 # 163 # 1266 # -1 # ID=365_1;partial=00;start_type=ATG;rbs_motif=GGAG/GAGG;rbs_spacer=5-10bp;gc_cont=0.254	1152578
NODE_929_length_2199_cov_4.90205_1 -          OrfB_Zn_ribbon       PF07282.11   3.6e-25   86.0   4.9   4.1e-25   85.8   1.9   2.3   2   0   0   2   2   2   1 # 163 # 1266 # -1 # ID=365_1;partial=00;start_type=ATG;rbs_motif=GGAG/GAGG;rbs_spacer=5-10bp;gc_cont=0.254	1152578
NODE_1048_length_1978_cov_93.3463_4 -          HTH_Tnp_IS630        PF01710.16   5.6e-07   27.9   0.0   6.4e-07   27.7   0.0   1.0   1   0   0   1   1   1   1 # 1026 # 1205 # -1 # ID=378_4;partial=00;start_type=GTG;rbs_motif=None;rbs_spacer=None;gc_cont=0.411	331934
NODE_1048_length_1978_cov_93.3463_4 -          HTH_Tnp_IS630        PF01710.16   5.6e-07   27.9   0.0   6.4e-07   27.7   0.0   1.0   1   0   0   1   1   1   1 # 1026 # 1205 # -1 # ID=378_4;partial=00;start_type=GTG;rbs_motif=None;rbs_spacer=None;gc_cont=0.411	485402
NODE_1048_length_1978_cov_93.3463_4 -          HTH_Tnp_IS630        PF01710.16   5.6e-07   27.9   0.0   6.4e-07   27.7   0.0   1.0   1   0   0   1   1   1   1 # 1026 # 1205 # -1 # ID=378_4;partial=00;start_type=GTG;rbs_motif=None;rbs_spacer=None;gc_cont=0.411	374193
NODE_1095_length_1897_cov_5.82682_2 -          DDE_Tnp_1            PF01609.21   1.3e-19   68.9   1.3   5.9e-19   66.9   1.3   1.9   1   1   0   1   1   1   1 # 330 # 1715 # 1 # ID=385_2;partial=00;start_type=ATG;rbs_motif=GGAG/GAGG;rbs_spacer=5-10bp;gc_cont=0.383	4172509
NODE_1095_length_1897_cov_5.82682_2 -          DDE_Tnp_1_6          PF13751.6    9.2e-21   72.7   5.9   1.8e-20   71.8   5.9   1.5   1   0   0   1   1   1   1 # 330 # 1715 # 1 # ID=385_2;partial=00;start_type=ATG;rbs_motif=GGAG/GAGG;rbs_spacer=5-10bp;gc_cont=0.383	4172509
NODE_1095_length_1897_cov_5.82682_2 -          DUF772               PF05598.11   9.9e-22   75.1   0.0   2.1e-21   74.0   0.0   1.6   1   0   0   1   1   1   1 # 330 # 1715 # 1 # ID=385_2;partial=00;start_type=ATG;rbs_motif=GGAG/GAGG;rbs_spacer=5-10bp;gc_cont=0.383	4172509
NODE_1421_length_1527_cov_19.2846_2 -          DDE_Tnp_IS240        PF13610.6    2.6e-06   26.0   0.1   4.3e-06   25.3   0.0   1.4   1   1   0   1   1   1   1 # 828 # 1496 # 1 # ID=412_2;partial=00;start_type=ATG;rbs_motif=None;rbs_spacer=None;gc_cont=0.369	20792
NODE_1421_length_1527_cov_19.2846_2 -          DDE_Tnp_IS240        PF13610.6    2.6e-06   26.0   0.1   4.3e-06   25.3   0.0   1.4   1   1   0   1   1   1   1 # 828 # 1496 # 1 # ID=412_2;partial=00;start_type=ATG;rbs_motif=None;rbs_spacer=None;gc_cont=0.369	30328
NODE_1534_length_1437_cov_322.607_1 -          DDE_Tnp_IS240        PF13610.6      1e-06   27.4   1.0   1.4e-06   26.9   0.1   1.7   2   0   0   2   2   2   1 # 32 # 865 # -1 # ID=418_1;partial=00;start_type=ATG;rbs_motif=None;rbs_spacer=None;gc_cont=0.369	427431
NODE_1534_length_1437_cov_322.607_1 -          DDE_Tnp_IS240        PF13610.6      1e-06   27.4   1.0   1.4e-06   26.9   0.1   1.7   2   0   0   2   2   2   1 # 32 # 865 # -1 # ID=418_1;partial=00;start_type=ATG;rbs_motif=None;rbs_spacer=None;gc_cont=0.369	386429
NODE_1540_length_1431_cov_2.58794_1 -          DDE_Tnp_IS1595       PF12762.7    1.7e-45  153.1   1.0   2.4e-45  152.6   1.0   1.2   1   0   0   1   1   1   1 # 248 # 1384 # -1 # ID=419_1;partial=00;start_type=ATG;rbs_motif=AGGA;rbs_spacer=5-10bp;gc_cont=0.381	356589
NODE_1540_length_1431_cov_2.58794_1 -          Zn_Tnp_IS1595        PF12760.7    4.1e-15   53.8   8.8   7.7e-15   52.9   8.8   1.5   1   0   0   1   1   1   1 # 248 # 1384 # -1 # ID=419_1;partial=00;start_type=ATG;rbs_motif=AGGA;rbs_spacer=5-10bp;gc_cont=0.381	356589
NODE_1719_length_1315_cov_305.074_1 -          DDE_Tnp_ISL3         PF01610.17   4.6e-51  172.1   6.7     7e-51  171.5   6.7   1.3   1   0   0   1   1   1   1 # 123 # 1313 # 1 # ID=432_1;partial=01;start_type=ATG;rbs_motif=TAGAA;rbs_spacer=8bp;gc_cont=0.386	971107
NODE_1719_length_1315_cov_305.074_1 -          HTH_Tnp_ISL3         PF13542.6    5.7e-10   36.8   0.0   1.1e-09   35.9   0.0   1.5   1   0   0   1   1   1   1 # 123 # 1313 # 1 # ID=432_1;partial=01;start_type=ATG;rbs_motif=TAGAA;rbs_spacer=8bp;gc_cont=0.386	971107
NODE_1719_length_1315_cov_305.074_1 -          zf-ISL3              PF14690.6    5.7e-13   47.6   1.7   1.1e-12   46.7   1.7   1.5   1   0   0   1   1   1   1 # 123 # 1313 # 1 # ID=432_1;partial=01;start_type=ATG;rbs_motif=TAGAA;rbs_spacer=8bp;gc_cont=0.386	971107
NODE_1941_length_1200_cov_97.0297_1 -          DDE_Tnp_IS240        PF13610.6    5.9e-06   24.8   0.1   7.9e-06   24.4   0.1   1.2   1   0   0   1   1   1   1 # 27 # 557 # -1 # ID=441_1;partial=00;start_type=GTG;rbs_motif=GGAG/GAGG;rbs_spacer=5-10bp;gc_cont=0.379	4172486
NODE_1941_length_1200_cov_97.0297_1 -          DDE_Tnp_IS240        PF13610.6    5.9e-06   24.8   0.1   7.9e-06   24.4   0.1   1.2   1   0   0   1   1   1   1 # 27 # 557 # -1 # ID=441_1;partial=00;start_type=GTG;rbs_motif=GGAG/GAGG;rbs_spacer=5-10bp;gc_cont=0.379	548582
NODE_2502_length_1022_cov_2.69183_2 -          HTH_Tnp_1            PF01527.20   1.6e-06   26.6   0.1   2.7e-06   25.9   0.1   1.6   1   1   0   1   1   1   1 # 589 # 939 # -1 # ID=472_2;partial=00;start_type=ATG;rbs_motif=None;rbs_spacer=None;gc_cont=0.493	49534
NODE_2502_length_1022_cov_2.69183_2 -          HTH_Tnp_1            PF01527.20   1.6e-06   26.6   0.1   2.7e-06   25.9   0.1   1.6   1   1   0   1   1   1   1 # 589 # 939 # -1 # ID=472_2;partial=00;start_type=ATG;rbs_motif=None;rbs_spacer=None;gc_cont=0.493	49534
NODE_3525_length_835_cov_3.29744_1  -          DDE_Tnp_ISL3         PF01610.17   3.9e-25   87.3   1.5   3.9e-25   87.3   1.5   1.5   2   0   0   2   2   2   1 # 2 # 835 # 1 # ID=519_1;partial=11;start_type=Edge;rbs_motif=None;rbs_spacer=None;gc_cont=0.381	830714
NODE_3525_length_835_cov_3.29744_1  -          HTH_Tnp_ISL3         PF13542.6    1.1e-10   39.1   0.0   2.1e-10   38.2   0.0   1.5   1   0   0   1   1   1   1 # 2 # 835 # 1 # ID=519_1;partial=11;start_type=Edge;rbs_motif=None;rbs_spacer=None;gc_cont=0.381	830714
NODE_3525_length_835_cov_3.29744_1  -          zf-ISL3              PF14690.6    2.7e-13   48.6   0.9   5.6e-13   47.6   0.9   1.6   1   0   0   1   1   1   1 # 2 # 835 # 1 # ID=519_1;partial=11;start_type=Edge;rbs_motif=None;rbs_spacer=None;gc_cont=0.381	830714
NODE_3715_length_807_cov_218.249_1  -          DDE_Tnp_ISL3         PF01610.17   5.4e-26   90.1   1.8   5.4e-26   90.1   1.8   1.4   2   0   0   2   2   2   1 # 3 # 806 # 1 # ID=523_1;partial=11;start_type=Edge;rbs_motif=None;rbs_spacer=None;gc_cont=0.393	971107
NODE_3715_length_807_cov_218.249_1  -          HTH_Tnp_ISL3         PF13542.6      3e-10   37.7   0.0   5.8e-10   36.8   0.0   1.5   1   0   0   1   1   1   1 # 3 # 806 # 1 # ID=523_1;partial=11;start_type=Edge;rbs_motif=None;rbs_spacer=None;gc_cont=0.393	971107
NODE_3715_length_807_cov_218.249_1  -          zf-ISL3              PF14690.6    4.5e-12   44.8   0.6     9e-12   43.8   0.6   1.6   1   0   0   1   1   1   1 # 3 # 806 # 1 # ID=523_1;partial=11;start_type=Edge;rbs_motif=None;rbs_spacer=None;gc_cont=0.393	971107
NODE_4678_length_710_cov_73.6885_1  -          PDDEXK_2             PF12784.7    7.4e-19   66.5   1.7   9.6e-19   66.1   1.7   1.2   1   0   0   1   1   1   1 # 3 # 710 # -1 # ID=555_1;partial=11;start_type=Edge;rbs_motif=None;rbs_spacer=None;gc_cont=0.418	438617
NODE_5983_length_622_cov_183.257_1  -          Y1_Tnp               PF01797.16   1.2e-38  130.3   0.5   1.3e-38  130.1   0.5   1.0   1   0   0   1   1   1   1 # 106 # 534 # -1 # ID=602_1;partial=00;start_type=GTG;rbs_motif=None;rbs_spacer=None;gc_cont=0.357	2396365
NODE_6884_length_580_cov_8.79238_1  -          DDE_Tnp_ISL3         PF01610.17     1e-29  102.2   3.5   1.2e-29  102.1   3.5   1.0   1   0   0   1   1   1   1 # 2 # 580 # -1 # ID=632_1;partial=11;start_type=Edge;rbs_motif=None;rbs_spacer=None;gc_cont=0.385	214526
NODE_10311_length_467_cov_2.28883_1 -          DDE_Tnp_1            PF01609.21   1.4e-18   65.6   0.9   1.6e-18   65.4   0.9   1.0   1   0   0   1   1   1   1 # 2 # 310 # 1 # ID=703_1;partial=10;start_type=Edge;rbs_motif=None;rbs_spacer=None;gc_cont=0.511	441182
NODE_10311_length_467_cov_2.28883_1 -          DDE_Tnp_1_2          PF13586.6    1.1e-08   33.7   0.2   1.3e-08   33.4   0.2   1.2   1   0   0   1   1   1   1 # 2 # 310 # 1 # ID=703_1;partial=10;start_type=Edge;rbs_motif=None;rbs_spacer=None;gc_cont=0.511	441182
NODE_10311_length_467_cov_2.28883_1 -          DDE_Tnp_1_6          PF13751.6    5.2e-08   31.5   0.3   6.1e-08   31.2   0.3   1.2   1   0   0   1   1   1   1 # 2 # 310 # 1 # ID=703_1;partial=10;start_type=Edge;rbs_motif=None;rbs_spacer=None;gc_cont=0.511	441182
NODE_10311_length_467_cov_2.28883_1 -          DDE_Tnp_4            PF13359.6    6.3e-08   30.7   0.1   7.1e-08   30.6   0.1   1.1   1   0   0   1   1   1   1 # 2 # 310 # 1 # ID=703_1;partial=10;start_type=Edge;rbs_motif=None;rbs_spacer=None;gc_cont=0.511	441182
NODE_13797_length_400_cov_3.37681_1 -          DDE_Tnp_IS240        PF13610.6    8.2e-07   27.6   0.1   9.6e-07   27.4   0.1   1.0   1   0   0   1   1   1   1 # 1 # 399 # 1 # ID=775_1;partial=11;start_type=Edge;rbs_motif=None;rbs_spacer=None;gc_cont=0.388	386429
