NODE_9_length_10911_cov_3.61689_12  -          Y1_Tnp               PF01797.16   2.5e-40  134.9   1.4     3e-40  134.6   1.4   1.1   1   0   0   1   1   1   1 # 9460 # 9924 # 1 # ID=4_12;partial=00;start_type=ATG;rbs_motif=AGGAG;rbs_spacer=5-10bp;gc_cont=0.368	2392655
NODE_47_length_6111_cov_5.0104_5    -          DDE_Tnp_1            PF01609.21   7.8e-23   78.7   0.1   9.3e-23   78.5   0.1   1.1   1   0   0   1   1   1   1 # 3153 # 3713 # 1 # ID=18_5;partial=00;start_type=ATG;rbs_motif=None;rbs_spacer=None;gc_cont=0.310	2557937
NODE_47_length_6111_cov_5.0104_5 -          DDE_Tnp_1_3          PF13612.6    4.8e-16   56.6   0.0   6.7e-16   56.2   0.0   1.2   1   0   0   1   1   1   1 # 3153 # 3713 # 1 # ID=18_5;partial=00;start_type=ATG;rbs_motif=None;rbs_spacer=None;gc_cont=0.310	2557937
NODE_47_length_6111_cov_5.0104_5    -          DDE_Tnp_1            PF01609.21   7.8e-23   78.7   0.1   9.3e-23   78.5   0.1   1.1   1   0   0   1   1   1   1 # 3153 # 3713 # 1 # ID=18_5;partial=00;start_type=ATG;rbs_motif=None;rbs_spacer=None;gc_cont=0.310	1712072
NODE_47_length_6111_cov_5.0104_5 -          DDE_Tnp_1_3          PF13612.6    4.8e-16   56.6   0.0   6.7e-16   56.2   0.0   1.2   1   0   0   1   1   1   1 # 3153 # 3713 # 1 # ID=18_5;partial=00;start_type=ATG;rbs_motif=None;rbs_spacer=None;gc_cont=0.310	1712072
NODE_47_length_6111_cov_5.0104_5    -          DDE_Tnp_1            PF01609.21   7.8e-23   78.7   0.1   9.3e-23   78.5   0.1   1.1   1   0   0   1   1   1   1 # 3153 # 3713 # 1 # ID=18_5;partial=00;start_type=ATG;rbs_motif=None;rbs_spacer=None;gc_cont=0.310	1712072
NODE_47_length_6111_cov_5.0104_5 -          DDE_Tnp_1_3          PF13612.6    4.8e-16   56.6   0.0   6.7e-16   56.2   0.0   1.2   1   0   0   1   1   1   1 # 3153 # 3713 # 1 # ID=18_5;partial=00;start_type=ATG;rbs_motif=None;rbs_spacer=None;gc_cont=0.310	1712072
NODE_450_length_2910_cov_2.11664_4  -          DDE_Tnp_ISL3         PF01610.17     1e-53  180.0   6.4   1.2e-53  179.8   6.4   1.1   1   0   0   1   1   1   1 # 1368 # 2267 # -1 # ID=90_4;partial=00;start_type=ATG;rbs_motif=GGA/GAG/AGG;rbs_spacer=5-10bp;gc_cont=0.378	183841
NODE_450_length_2910_cov_2.11664_4  -          DDE_Tnp_ISL3         PF01610.17     1e-53  180.0   6.4   1.2e-53  179.8   6.4   1.1   1   0   0   1   1   1   1 # 1368 # 2267 # -1 # ID=90_4;partial=00;start_type=ATG;rbs_motif=GGA/GAG/AGG;rbs_spacer=5-10bp;gc_cont=0.378	25197
NODE_932_length_2239_cov_12.0746_3  -          DDE_Tnp_IS240        PF13610.6    8.8e-07   26.8   0.0   1.2e-06   26.3   0.0   1.2   1   0   0   1   1   1   1 # 916 # 1512 # 1 # ID=173_3;partial=00;start_type=ATG;rbs_motif=AAAAA;rbs_spacer=12bp;gc_cont=0.518	182100
NODE_932_length_2239_cov_12.0746_2  -          HTH_Tnp_1            PF01527.20   1.4e-06   26.0   0.1   1.8e-06   25.7   0.1   1.4   1   1   0   1   1   1   1 # 362 # 712 # 1 # ID=173_2;partial=00;start_type=ATG;rbs_motif=None;rbs_spacer=None;gc_cont=0.516	182100
NODE_932_length_2239_cov_12.0746_3  -          DDE_Tnp_IS240        PF13610.6    8.8e-07   26.8   0.0   1.2e-06   26.3   0.0   1.2   1   0   0   1   1   1   1 # 916 # 1512 # 1 # ID=173_3;partial=00;start_type=ATG;rbs_motif=AAAAA;rbs_spacer=12bp;gc_cont=0.518	65892
NODE_932_length_2239_cov_12.0746_2  -          HTH_Tnp_1            PF01527.20   1.4e-06   26.0   0.1   1.8e-06   25.7   0.1   1.4   1   1   0   1   1   1   1 # 362 # 712 # 1 # ID=173_2;partial=00;start_type=ATG;rbs_motif=None;rbs_spacer=None;gc_cont=0.516	65892
NODE_932_length_2239_cov_12.0746_3  -          DDE_Tnp_IS240        PF13610.6    8.8e-07   26.8   0.0   1.2e-06   26.3   0.0   1.2   1   0   0   1   1   1   1 # 916 # 1512 # 1 # ID=173_3;partial=00;start_type=ATG;rbs_motif=AAAAA;rbs_spacer=12bp;gc_cont=0.518	46640
NODE_932_length_2239_cov_12.0746_2  -          HTH_Tnp_1            PF01527.20   1.4e-06   26.0   0.1   1.8e-06   25.7   0.1   1.4   1   1   0   1   1   1   1 # 362 # 712 # 1 # ID=173_2;partial=00;start_type=ATG;rbs_motif=None;rbs_spacer=None;gc_cont=0.516	46640
NODE_932_length_2239_cov_12.0746_3  -          DDE_Tnp_IS240        PF13610.6    8.8e-07   26.8   0.0   1.2e-06   26.3   0.0   1.2   1   0   0   1   1   1   1 # 916 # 1512 # 1 # ID=173_3;partial=00;start_type=ATG;rbs_motif=AAAAA;rbs_spacer=12bp;gc_cont=0.518	1369085
NODE_932_length_2239_cov_12.0746_2  -          HTH_Tnp_1            PF01527.20   1.4e-06   26.0   0.1   1.8e-06   25.7   0.1   1.4   1   1   0   1   1   1   1 # 362 # 712 # 1 # ID=173_2;partial=00;start_type=ATG;rbs_motif=None;rbs_spacer=None;gc_cont=0.516	1369085
NODE_932_length_2239_cov_12.0746_3  -          DDE_Tnp_IS240        PF13610.6    8.8e-07   26.8   0.0   1.2e-06   26.3   0.0   1.2   1   0   0   1   1   1   1 # 916 # 1512 # 1 # ID=173_3;partial=00;start_type=ATG;rbs_motif=AAAAA;rbs_spacer=12bp;gc_cont=0.518	49534
NODE_932_length_2239_cov_12.0746_2  -          HTH_Tnp_1            PF01527.20   1.4e-06   26.0   0.1   1.8e-06   25.7   0.1   1.4   1   1   0   1   1   1   1 # 362 # 712 # 1 # ID=173_2;partial=00;start_type=ATG;rbs_motif=None;rbs_spacer=None;gc_cont=0.516	49534
NODE_932_length_2239_cov_12.0746_3  -          DDE_Tnp_IS240        PF13610.6    8.8e-07   26.8   0.0   1.2e-06   26.3   0.0   1.2   1   0   0   1   1   1   1 # 916 # 1512 # 1 # ID=173_3;partial=00;start_type=ATG;rbs_motif=AAAAA;rbs_spacer=12bp;gc_cont=0.518	3599769
NODE_932_length_2239_cov_12.0746_2  -          HTH_Tnp_1            PF01527.20   1.4e-06   26.0   0.1   1.8e-06   25.7   0.1   1.4   1   1   0   1   1   1   1 # 362 # 712 # 1 # ID=173_2;partial=00;start_type=ATG;rbs_motif=None;rbs_spacer=None;gc_cont=0.516	3599769
NODE_932_length_2239_cov_12.0746_3  -          DDE_Tnp_IS240        PF13610.6    8.8e-07   26.8   0.0   1.2e-06   26.3   0.0   1.2   1   0   0   1   1   1   1 # 916 # 1512 # 1 # ID=173_3;partial=00;start_type=ATG;rbs_motif=AAAAA;rbs_spacer=12bp;gc_cont=0.518	139276
NODE_932_length_2239_cov_12.0746_2  -          HTH_Tnp_1            PF01527.20   1.4e-06   26.0   0.1   1.8e-06   25.7   0.1   1.4   1   1   0   1   1   1   1 # 362 # 712 # 1 # ID=173_2;partial=00;start_type=ATG;rbs_motif=None;rbs_spacer=None;gc_cont=0.516	139276
NODE_1323_length_1966_cov_5.28153_2 -          DDE_Tnp_1            PF01609.21   7.8e-28   95.1   0.0   1.4e-27   94.3   0.0   1.3   1   0   0   1   1   1   1 # 644 # 1852 # 1 # ID=227_2;partial=00;start_type=ATG;rbs_motif=TAA;rbs_spacer=12bp;gc_cont=0.448	66794
NODE_1478_length_1877_cov_5.69868_1 -          DDE_Tnp_ISL3         PF01610.17   8.2e-33  111.6   2.6     7e-31  105.3   0.9   2.0   2   0   0   2   2   2   2 # 172 # 960 # 1 # ID=247_1;partial=00;start_type=ATG;rbs_motif=TAA;rbs_spacer=12bp;gc_cont=0.403	2392663
NODE_1478_length_1877_cov_5.69868_2 -          DDE_Tnp_ISL3         PF01610.17   3.3e-30  103.1   0.2   4.1e-30  102.8   0.2   1.1   1   0   0   1   1   1   1 # 936 # 1493 # 1 # ID=247_2;partial=00;start_type=ATG;rbs_motif=None;rbs_spacer=None;gc_cont=0.378	2392663
NODE_1478_length_1877_cov_5.69868_1 -          HTH_Tnp_ISL3         PF13542.6    3.3e-09   33.6   0.0   5.8e-09   32.8   0.0   1.4   1   0   0   1   1   1   1 # 172 # 960 # 1 # ID=247_1;partial=00;start_type=ATG;rbs_motif=TAA;rbs_spacer=12bp;gc_cont=0.403	2392663
NODE_1478_length_1877_cov_5.69868_1 -          zf-ISL3              PF14690.6    1.3e-15   55.3   3.5   3.2e-15   54.1   3.5   1.7   1   0   0   1   1   1   1 # 172 # 960 # 1 # ID=247_1;partial=00;start_type=ATG;rbs_motif=TAA;rbs_spacer=12bp;gc_cont=0.403	2392663
NODE_1585_length_1834_cov_5.24227_1 -          DDE_Tnp_ISL3         PF01610.17     1e-50  170.2   7.3   1.5e-50  169.7   7.3   1.2   1   0   0   1   1   1   1 # 79 # 1335 # -1 # ID=264_1;partial=00;start_type=ATG;rbs_motif=None;rbs_spacer=None;gc_cont=0.375	5124793
NODE_1585_length_1834_cov_5.24227_1 -          HTH_Tnp_ISL3         PF13542.6    6.2e-11   39.1   0.0   1.1e-10   38.3   0.0   1.4   1   0   0   1   1   1   1 # 79 # 1335 # -1 # ID=264_1;partial=00;start_type=ATG;rbs_motif=None;rbs_spacer=None;gc_cont=0.375	5124793
NODE_1585_length_1834_cov_5.24227_1 -          zf-ISL3              PF14690.6    2.9e-13   47.8   0.9   5.9e-13   46.8   0.9   1.6   1   0   0   1   1   1   1 # 79 # 1335 # -1 # ID=264_1;partial=00;start_type=ATG;rbs_motif=None;rbs_spacer=None;gc_cont=0.375	5124793
NODE_1734_length_1771_cov_6.27855_3 -          DDE_Tnp_IS240        PF13610.6    5.2e-06   24.3   0.1   9.5e-06   23.4   0.1   1.4   1   0   0   1   1   1   1 # 775 # 1431 # 1 # ID=285_3;partial=00;start_type=ATG;rbs_motif=TAA;rbs_spacer=13bp;gc_cont=0.329	1227247
NODE_1734_length_1771_cov_6.27855_2 -          HTH_Tnp_1            PF01527.20   1.6e-06   25.9   0.0   3.4e-06   24.8   0.0   1.5   1   0   0   1   1   1   1 # 230 # 619 # 1 # ID=285_2;partial=00;start_type=ATG;rbs_motif=TAAAA;rbs_spacer=3bp;gc_cont=0.328	1227247
NODE_1984_length_1662_cov_2.23584_2 -          DDE_Tnp_1_6          PF13751.6    4.4e-10   37.4   0.1     5e-10   37.2   0.1   1.1   1   0   0   1   1   1   1 # 997 # 1197 # -1 # ID=304_2;partial=00;start_type=ATG;rbs_motif=GGA/GAG/AGG;rbs_spacer=11-12bp;gc_cont=0.234	2056
NODE_2452_length_1505_cov_14.4028_1 -          DDE_Tnp_ISL3         PF01610.17   1.9e-54  182.4   3.0   2.8e-54  181.9   3.0   1.2   1   0   0   1   1   1   1 # 97 # 1383 # -1 # ID=347_1;partial=00;start_type=GTG;rbs_motif=None;rbs_spacer=None;gc_cont=0.243	114421
NODE_2452_length_1505_cov_14.4028_1 -          HTH_Tnp_ISL3         PF13542.6    2.2e-09   34.1   0.0   4.1e-09   33.2   0.0   1.5   1   0   0   1   1   1   1 # 97 # 1383 # -1 # ID=347_1;partial=00;start_type=GTG;rbs_motif=None;rbs_spacer=None;gc_cont=0.243	114421
NODE_2452_length_1505_cov_14.4028_1 -          zf-ISL3              PF14690.6    3.6e-14   50.7   1.6     8e-14   49.6   1.6   1.6   1   0   0   1   1   1   1 # 97 # 1383 # -1 # ID=347_1;partial=00;start_type=GTG;rbs_motif=None;rbs_spacer=None;gc_cont=0.243	114421
NODE_2452_length_1505_cov_14.4028_1 -          DDE_Tnp_ISL3         PF01610.17   1.9e-54  182.4   3.0   2.8e-54  181.9   3.0   1.2   1   0   0   1   1   1   1 # 97 # 1383 # -1 # ID=347_1;partial=00;start_type=GTG;rbs_motif=None;rbs_spacer=None;gc_cont=0.243	114421
NODE_2452_length_1505_cov_14.4028_1 -          HTH_Tnp_ISL3         PF13542.6    2.2e-09   34.1   0.0   4.1e-09   33.2   0.0   1.5   1   0   0   1   1   1   1 # 97 # 1383 # -1 # ID=347_1;partial=00;start_type=GTG;rbs_motif=None;rbs_spacer=None;gc_cont=0.243	114421
NODE_2452_length_1505_cov_14.4028_1 -          zf-ISL3              PF14690.6    3.6e-14   50.7   1.6     8e-14   49.6   1.6   1.6   1   0   0   1   1   1   1 # 97 # 1383 # -1 # ID=347_1;partial=00;start_type=GTG;rbs_motif=None;rbs_spacer=None;gc_cont=0.243	114421
NODE_3356_length_1286_cov_4.52559_1 -          DDE_Tnp_IS240        PF13610.6    2.5e-11   41.5   0.6   2.5e-11   41.5   0.6   1.5   2   0   0   2   2   2   1 # 466 # 1122 # 1 # ID=440_1;partial=00;start_type=TTG;rbs_motif=None;rbs_spacer=None;gc_cont=0.274	1393322
NODE_3408_length_1275_cov_2.44426_2 -          Y1_Tnp               PF01797.16   3.5e-10   37.5   1.7   7.1e-10   36.6   1.7   1.6   1   1   0   1   1   1   1 # 620 # 1168 # -1 # ID=446_2;partial=00;start_type=ATG;rbs_motif=AAAAA;rbs_spacer=5bp;gc_cont=0.290	359514
NODE_3799_length_1204_cov_1.86684_1 -          Y1_Tnp               PF01797.16     1e-09   36.1   1.2   1.1e-09   36.0   0.4   1.5   1   1   1   2   2   2   1 # 1 # 414 # -1 # ID=482_1;partial=10;start_type=ATG;rbs_motif=TAAA;rbs_spacer=7bp;gc_cont=0.304	359514
NODE_5724_length_963_cov_1.36233_1 -          MULE                 PF10551.9    3.1e-08   31.5   0.3   7.3e-08   30.3   0.3   1.7   1   0   0   1   1   1   1 # 27 # 962 # 1 # ID=625_1;partial=01;start_type=ATG;rbs_motif=GGAGG;rbs_spacer=5-10bp;gc_cont=0.375	2117884
NODE_5724_length_963_cov_1.36233_1 -          Transposase_mut      PF00872.18   9.3e-10   35.4   0.0   1.3e-09   34.9   0.0   1.2   1   0   0   1   1   1   1 # 27 # 962 # 1 # ID=625_1;partial=01;start_type=ATG;rbs_motif=GGAGG;rbs_spacer=5-10bp;gc_cont=0.375	2117884
NODE_9418_length_713_cov_1.75836_1  -          DDE_Tnp_ISL3         PF01610.17   6.4e-40  134.9   3.3   7.8e-40  134.6   3.3   1.0   1   0   0   1   1   1   1 # 2 # 712 # -1 # ID=812_1;partial=01;start_type=Edge;rbs_motif=None;rbs_spacer=None;gc_cont=0.359	183841
NODE_12405_length_593_cov_1.41078_1 -          DDE_Tnp_IS1595       PF12762.7    9.4e-10   36.2   0.9   1.1e-09   36.0   0.9   1.1   1   0   0   1   1   1   1 # 351 # 593 # -1 # ID=927_1;partial=01;start_type=Edge;rbs_motif=None;rbs_spacer=None;gc_cont=0.329	3634596
NODE_12405_length_593_cov_1.41078_1 -          DDE_Tnp_IS1595       PF12762.7    9.4e-10   36.2   0.9   1.1e-09   36.0   0.9   1.1   1   0   0   1   1   1   1 # 351 # 593 # -1 # ID=927_1;partial=01;start_type=Edge;rbs_motif=None;rbs_spacer=None;gc_cont=0.329	3634596
NODE_13287_length_565_cov_1.67647_1 -          DDE_Tnp_ISL3         PF01610.17   2.5e-12   44.5   0.4   5.3e-12   43.5   0.0   1.6   2   0   0   2   2   2   1 # 1 # 564 # 1 # ID=961_1;partial=11;start_type=Edge;rbs_motif=None;rbs_spacer=None;gc_cont=0.390	1789773
NODE_13287_length_565_cov_1.67647_1 -          HTH_Tnp_ISL3         PF13542.6    2.5e-10   37.2   0.0     4e-10   36.5   0.0   1.4   1   0   0   1   1   1   1 # 1 # 564 # 1 # ID=961_1;partial=11;start_type=Edge;rbs_motif=None;rbs_spacer=None;gc_cont=0.390	1789773
NODE_13287_length_565_cov_1.67647_1 -          zf-ISL3              PF14690.6    1.9e-11   42.0   1.9   3.8e-11   41.0   1.9   1.5   1   0   0   1   1   1   1 # 1 # 564 # 1 # ID=961_1;partial=11;start_type=Edge;rbs_motif=None;rbs_spacer=None;gc_cont=0.390	1789773
NODE_13287_length_565_cov_1.67647_1 -          DDE_Tnp_ISL3         PF01610.17   2.5e-12   44.5   0.4   5.3e-12   43.5   0.0   1.6   2   0   0   2   2   2   1 # 1 # 564 # 1 # ID=961_1;partial=11;start_type=Edge;rbs_motif=None;rbs_spacer=None;gc_cont=0.390	1789773
NODE_13287_length_565_cov_1.67647_1 -          HTH_Tnp_ISL3         PF13542.6    2.5e-10   37.2   0.0     4e-10   36.5   0.0   1.4   1   0   0   1   1   1   1 # 1 # 564 # 1 # ID=961_1;partial=11;start_type=Edge;rbs_motif=None;rbs_spacer=None;gc_cont=0.390	1789773
NODE_13287_length_565_cov_1.67647_1 -          zf-ISL3              PF14690.6    1.9e-11   42.0   1.9   3.8e-11   41.0   1.9   1.5   1   0   0   1   1   1   1 # 1 # 564 # 1 # ID=961_1;partial=11;start_type=Edge;rbs_motif=None;rbs_spacer=None;gc_cont=0.390	1789773
NODE_13717_length_554_cov_4.02405_1 -          Y1_Tnp               PF01797.16   1.7e-39  132.2   0.9   2.2e-39  131.8   0.9   1.1   1   0   0   1   1   1   1 # 3 # 431 # 1 # ID=974_1;partial=10;start_type=Edge;rbs_motif=None;rbs_spacer=None;gc_cont=0.350	4541689
NODE_31962_length_309_cov_2.75197_1 -          OrfB_Zn_ribbon       PF07282.11   1.9e-14   50.9   1.4     2e-14   50.8   1.4   1.0   1   0   0   1   1   1   1 # 3 # 167 # 1 # ID=1375_1;partial=10;start_type=Edge;rbs_motif=None;rbs_spacer=None;gc_cont=0.297	1464454
NODE_33559_length_299_cov_2.47131_1 -          DUF4096              PF13340.6    1.5e-08   32.2   1.2   2.5e-08   31.5   0.8   1.6   2   0   0   2   2   2   1 # 2 # 298 # 1 # ID=1395_1;partial=11;start_type=Edge;rbs_motif=None;rbs_spacer=None;gc_cont=0.360	66887
NODE_45690_length_247_cov_0.96875_1 -          OrfB_Zn_ribbon       PF07282.11   3.1e-23   79.0   0.2   3.4e-23   78.9   0.2   1.0   1   0   0   1   1   1   1 # 1 # 246 # -1 # ID=1571_1;partial=11;start_type=Edge;rbs_motif=None;rbs_spacer=None;gc_cont=0.333	2403052
NODE_50875_length_232_cov_1.85876_1 -          DDE_Tnp_ISL3         PF01610.17   4.8e-18   63.2   0.4   5.3e-18   63.1   0.4   1.0   1   0   0   1   1   1   1 # 2 # 232 # 1 # ID=1643_1;partial=11;start_type=Edge;rbs_motif=None;rbs_spacer=None;gc_cont=0.368	36764
