NODE_4_length_413754_cov_117.832_171  -          PDDEXK_2             PF12784.7      2e-27   96.9   4.1   3.3e-23   83.1   3.7   2.0   2   0   0   2   2   2   2 # 225412 # 226299 # 1 # ID=4_171;partial=00;start_type=ATG;rbs_motif=TAA;rbs_spacer=11bp;gc_cont=0.477	3530188
NODE_4_length_413754_cov_117.832_171  -          PDDEXK_2             PF12784.7      2e-27   96.9   4.1   3.3e-23   83.1   3.7   2.0   2   0   0   2   2   2   2 # 225412 # 226299 # 1 # ID=4_171;partial=00;start_type=ATG;rbs_motif=TAA;rbs_spacer=11bp;gc_cont=0.477	4425182
NODE_4_length_413754_cov_117.832_171  -          PDDEXK_2             PF12784.7      2e-27   96.9   4.1   3.3e-23   83.1   3.7   2.0   2   0   0   2   2   2   2 # 225412 # 226299 # 1 # ID=4_171;partial=00;start_type=ATG;rbs_motif=TAA;rbs_spacer=11bp;gc_cont=0.477	1040768
NODE_4_length_413754_cov_117.832_171  -          PDDEXK_2             PF12784.7      2e-27   96.9   4.1   3.3e-23   83.1   3.7   2.0   2   0   0   2   2   2   2 # 225412 # 226299 # 1 # ID=4_171;partial=00;start_type=ATG;rbs_motif=TAA;rbs_spacer=11bp;gc_cont=0.477	1040768
NODE_4_length_413754_cov_117.832_171  -          PDDEXK_2             PF12784.7      2e-27   96.9   4.1   3.3e-23   83.1   3.7   2.0   2   0   0   2   2   2   2 # 225412 # 226299 # 1 # ID=4_171;partial=00;start_type=ATG;rbs_motif=TAA;rbs_spacer=11bp;gc_cont=0.477	117155
NODE_4_length_413754_cov_117.832_171  -          PDDEXK_2             PF12784.7      2e-27   96.9   4.1   3.3e-23   83.1   3.7   2.0   2   0   0   2   2   2   2 # 225412 # 226299 # 1 # ID=4_171;partial=00;start_type=ATG;rbs_motif=TAA;rbs_spacer=11bp;gc_cont=0.477	480876
NODE_4_length_413754_cov_117.832_171  -          PDDEXK_2             PF12784.7      2e-27   96.9   4.1   3.3e-23   83.1   3.7   2.0   2   0   0   2   2   2   2 # 225412 # 226299 # 1 # ID=4_171;partial=00;start_type=ATG;rbs_motif=TAA;rbs_spacer=11bp;gc_cont=0.477	1040768
NODE_4_length_413754_cov_117.832_171  -          PDDEXK_2             PF12784.7      2e-27   96.9   4.1   3.3e-23   83.1   3.7   2.0   2   0   0   2   2   2   2 # 225412 # 226299 # 1 # ID=4_171;partial=00;start_type=ATG;rbs_motif=TAA;rbs_spacer=11bp;gc_cont=0.477	2395784
NODE_4_length_413754_cov_117.832_171  -          PDDEXK_2             PF12784.7      2e-27   96.9   4.1   3.3e-23   83.1   3.7   2.0   2   0   0   2   2   2   2 # 225412 # 226299 # 1 # ID=4_171;partial=00;start_type=ATG;rbs_motif=TAA;rbs_spacer=11bp;gc_cont=0.477	136794
NODE_4_length_413754_cov_117.832_171  -          PDDEXK_2             PF12784.7      2e-27   96.9   4.1   3.3e-23   83.1   3.7   2.0   2   0   0   2   2   2   2 # 225412 # 226299 # 1 # ID=4_171;partial=00;start_type=ATG;rbs_motif=TAA;rbs_spacer=11bp;gc_cont=0.477	5929950
NODE_4_length_413754_cov_117.832_171  -          PDDEXK_2             PF12784.7      2e-27   96.9   4.1   3.3e-23   83.1   3.7   2.0   2   0   0   2   2   2   2 # 225412 # 226299 # 1 # ID=4_171;partial=00;start_type=ATG;rbs_motif=TAA;rbs_spacer=11bp;gc_cont=0.477	1974335
NODE_4_length_413754_cov_117.832_171  -          PDDEXK_2             PF12784.7      2e-27   96.9   4.1   3.3e-23   83.1   3.7   2.0   2   0   0   2   2   2   2 # 225412 # 226299 # 1 # ID=4_171;partial=00;start_type=ATG;rbs_motif=TAA;rbs_spacer=11bp;gc_cont=0.477	876201
NODE_4_length_413754_cov_117.832_171  -          PDDEXK_2             PF12784.7      2e-27   96.9   4.1   3.3e-23   83.1   3.7   2.0   2   0   0   2   2   2   2 # 225412 # 226299 # 1 # ID=4_171;partial=00;start_type=ATG;rbs_motif=TAA;rbs_spacer=11bp;gc_cont=0.477	876201
NODE_4_length_413754_cov_117.832_171  -          PDDEXK_2             PF12784.7      2e-27   96.9   4.1   3.3e-23   83.1   3.7   2.0   2   0   0   2   2   2   2 # 225412 # 226299 # 1 # ID=4_171;partial=00;start_type=ATG;rbs_motif=TAA;rbs_spacer=11bp;gc_cont=0.477	6779249
NODE_4_length_413754_cov_117.832_171  -          PDDEXK_2             PF12784.7      2e-27   96.9   4.1   3.3e-23   83.1   3.7   2.0   2   0   0   2   2   2   2 # 225412 # 226299 # 1 # ID=4_171;partial=00;start_type=ATG;rbs_motif=TAA;rbs_spacer=11bp;gc_cont=0.477	6779249
NODE_10_length_291358_cov_37.6346_130 -          HTH_Tnp_1            PF01527.20   6.2e-08   33.5   0.0   1.9e-07   32.0   0.0   1.7   1   1   0   1   1   1   1 # 145082 # 145459 # -1 # ID=9_130;partial=00;start_type=ATG;rbs_motif=TAAAA;rbs_spacer=12bp;gc_cont=0.437	747976
NODE_10_length_291358_cov_37.6346_130 -          HTH_Tnp_1            PF01527.20   6.2e-08   33.5   0.0   1.9e-07   32.0   0.0   1.7   1   1   0   1   1   1   1 # 145082 # 145459 # -1 # ID=9_130;partial=00;start_type=ATG;rbs_motif=TAAAA;rbs_spacer=12bp;gc_cont=0.437	6183922
NODE_10_length_291358_cov_37.6346_130 -          HTH_Tnp_1            PF01527.20   6.2e-08   33.5   0.0   1.9e-07   32.0   0.0   1.7   1   1   0   1   1   1   1 # 145082 # 145459 # -1 # ID=9_130;partial=00;start_type=ATG;rbs_motif=TAAAA;rbs_spacer=12bp;gc_cont=0.437	4105562
NODE_10_length_291358_cov_37.6346_130 -          HTH_Tnp_1            PF01527.20   6.2e-08   33.5   0.0   1.9e-07   32.0   0.0   1.7   1   1   0   1   1   1   1 # 145082 # 145459 # -1 # ID=9_130;partial=00;start_type=ATG;rbs_motif=TAAAA;rbs_spacer=12bp;gc_cont=0.437	474174
NODE_10_length_291358_cov_37.6346_130 -          HTH_Tnp_1            PF01527.20   6.2e-08   33.5   0.0   1.9e-07   32.0   0.0   1.7   1   1   0   1   1   1   1 # 145082 # 145459 # -1 # ID=9_130;partial=00;start_type=ATG;rbs_motif=TAAAA;rbs_spacer=12bp;gc_cont=0.437	4715148
NODE_10_length_291358_cov_37.6346_130 -          HTH_Tnp_1            PF01527.20   6.2e-08   33.5   0.0   1.9e-07   32.0   0.0   1.7   1   1   0   1   1   1   1 # 145082 # 145459 # -1 # ID=9_130;partial=00;start_type=ATG;rbs_motif=TAAAA;rbs_spacer=12bp;gc_cont=0.437	4678382
NODE_10_length_291358_cov_37.6346_130 -          HTH_Tnp_1            PF01527.20   6.2e-08   33.5   0.0   1.9e-07   32.0   0.0   1.7   1   1   0   1   1   1   1 # 145082 # 145459 # -1 # ID=9_130;partial=00;start_type=ATG;rbs_motif=TAAAA;rbs_spacer=12bp;gc_cont=0.437	42980
NODE_10_length_291358_cov_37.6346_130 -          HTH_Tnp_1            PF01527.20   6.2e-08   33.5   0.0   1.9e-07   32.0   0.0   1.7   1   1   0   1   1   1   1 # 145082 # 145459 # -1 # ID=9_130;partial=00;start_type=ATG;rbs_motif=TAAAA;rbs_spacer=12bp;gc_cont=0.437	3304635
NODE_11_length_282695_cov_244.582_47  -          PDDEXK_2             PF12784.7    4.6e-26   92.4   4.3     1e-22   81.5   3.1   2.1   2   0   0   2   2   2   2 # 82148 # 83032 # 1 # ID=10_47;partial=00;start_type=ATG;rbs_motif=TAA;rbs_spacer=11bp;gc_cont=0.417	4300354
NODE_11_length_282695_cov_244.582_47  -          PDDEXK_2             PF12784.7    4.6e-26   92.4   4.3     1e-22   81.5   3.1   2.1   2   0   0   2   2   2   2 # 82148 # 83032 # 1 # ID=10_47;partial=00;start_type=ATG;rbs_motif=TAA;rbs_spacer=11bp;gc_cont=0.417	6202794
NODE_11_length_282695_cov_244.582_47  -          PDDEXK_2             PF12784.7    4.6e-26   92.4   4.3     1e-22   81.5   3.1   2.1   2   0   0   2   2   2   2 # 82148 # 83032 # 1 # ID=10_47;partial=00;start_type=ATG;rbs_motif=TAA;rbs_spacer=11bp;gc_cont=0.417	6344719
NODE_11_length_282695_cov_244.582_47  -          PDDEXK_2             PF12784.7    4.6e-26   92.4   4.3     1e-22   81.5   3.1   2.1   2   0   0   2   2   2   2 # 82148 # 83032 # 1 # ID=10_47;partial=00;start_type=ATG;rbs_motif=TAA;rbs_spacer=11bp;gc_cont=0.417	1101332
NODE_11_length_282695_cov_244.582_47  -          PDDEXK_2             PF12784.7    4.6e-26   92.4   4.3     1e-22   81.5   3.1   2.1   2   0   0   2   2   2   2 # 82148 # 83032 # 1 # ID=10_47;partial=00;start_type=ATG;rbs_motif=TAA;rbs_spacer=11bp;gc_cont=0.417	2395784
NODE_11_length_282695_cov_244.582_47  -          PDDEXK_2             PF12784.7    4.6e-26   92.4   4.3     1e-22   81.5   3.1   2.1   2   0   0   2   2   2   2 # 82148 # 83032 # 1 # ID=10_47;partial=00;start_type=ATG;rbs_motif=TAA;rbs_spacer=11bp;gc_cont=0.417	1675308
NODE_11_length_282695_cov_244.582_47  -          PDDEXK_2             PF12784.7    4.6e-26   92.4   4.3     1e-22   81.5   3.1   2.1   2   0   0   2   2   2   2 # 82148 # 83032 # 1 # ID=10_47;partial=00;start_type=ATG;rbs_motif=TAA;rbs_spacer=11bp;gc_cont=0.417	744293
NODE_11_length_282695_cov_244.582_47  -          PDDEXK_2             PF12784.7    4.6e-26   92.4   4.3     1e-22   81.5   3.1   2.1   2   0   0   2   2   2   2 # 82148 # 83032 # 1 # ID=10_47;partial=00;start_type=ATG;rbs_motif=TAA;rbs_spacer=11bp;gc_cont=0.417	2528666
NODE_19_length_249862_cov_107.274_61  -          HTH_Tnp_ISL3         PF13542.6    1.6e-07   31.3   2.3    0.0058   16.7   0.1   3.1   4   0   0   4   4   4   2 # 71928 # 72335 # -1 # ID=17_61;partial=00;start_type=ATG;rbs_motif=AATAA;rbs_spacer=10bp;gc_cont=0.390	1405872
NODE_19_length_249862_cov_107.274_61  -          HTH_Tnp_ISL3         PF13542.6    1.6e-07   31.3   2.3    0.0058   16.7   0.1   3.1   4   0   0   4   4   4   2 # 71928 # 72335 # -1 # ID=17_61;partial=00;start_type=ATG;rbs_motif=AATAA;rbs_spacer=10bp;gc_cont=0.390	381977
NODE_19_length_249862_cov_107.274_61  -          HTH_Tnp_ISL3         PF13542.6    1.6e-07   31.3   2.3    0.0058   16.7   0.1   3.1   4   0   0   4   4   4   2 # 71928 # 72335 # -1 # ID=17_61;partial=00;start_type=ATG;rbs_motif=AATAA;rbs_spacer=10bp;gc_cont=0.390	2929033
NODE_23_length_227016_cov_244.966_105 -          PDDEXK_2             PF12784.7    1.2e-24   87.8   3.7   5.2e-24   85.7   3.7   1.8   1   1   0   1   1   1   1 # 113301 # 114197 # -1 # ID=21_105;partial=00;start_type=ATG;rbs_motif=TAAAAA;rbs_spacer=9bp;gc_cont=0.384	2957725
NODE_23_length_227016_cov_244.966_105 -          PDDEXK_2             PF12784.7    1.2e-24   87.8   3.7   5.2e-24   85.7   3.7   1.8   1   1   0   1   1   1   1 # 113301 # 114197 # -1 # ID=21_105;partial=00;start_type=ATG;rbs_motif=TAAAAA;rbs_spacer=9bp;gc_cont=0.384	875270
NODE_23_length_227016_cov_244.966_105 -          PDDEXK_2             PF12784.7    1.2e-24   87.8   3.7   5.2e-24   85.7   3.7   1.8   1   1   0   1   1   1   1 # 113301 # 114197 # -1 # ID=21_105;partial=00;start_type=ATG;rbs_motif=TAAAAA;rbs_spacer=9bp;gc_cont=0.384	2549839
NODE_26_length_204835_cov_266.416_125 -          DDE_Tnp_IS1595       PF12762.7    8.3e-45  153.2   1.7   8.3e-45  153.2   1.7   1.7   2   0   0   2   2   2   1 # 145678 # 146589 # -1 # ID=24_125;partial=00;start_type=ATG;rbs_motif=AAAAA;rbs_spacer=4bp;gc_cont=0.357	4425183
NODE_26_length_204835_cov_266.416_168 -          Transposase_mut      PF00872.18   8.4e-35  121.0   0.0     1e-34  120.8   0.0   1.0   1   0   0   1   1   1   1 # 195036 # 195524 # -1 # ID=24_168;partial=00;start_type=TTG;rbs_motif=TAA;rbs_spacer=12bp;gc_cont=0.454	4425183
NODE_26_length_204835_cov_266.416_169 -          Transposase_mut      PF00872.18   1.2e-25   90.8   0.0   1.5e-25   90.5   0.0   1.0   1   0   0   1   1   1   1 # 195469 # 196020 # -1 # ID=24_169;partial=00;start_type=ATG;rbs_motif=TAA;rbs_spacer=12bp;gc_cont=0.437	4425183
NODE_26_length_204835_cov_266.416_125 -          DDE_Tnp_IS1595       PF12762.7    8.3e-45  153.2   1.7   8.3e-45  153.2   1.7   1.7   2   0   0   2   2   2   1 # 145678 # 146589 # -1 # ID=24_125;partial=00;start_type=ATG;rbs_motif=AAAAA;rbs_spacer=4bp;gc_cont=0.357	4425183
NODE_26_length_204835_cov_266.416_168 -          Transposase_mut      PF00872.18   8.4e-35  121.0   0.0     1e-34  120.8   0.0   1.0   1   0   0   1   1   1   1 # 195036 # 195524 # -1 # ID=24_168;partial=00;start_type=TTG;rbs_motif=TAA;rbs_spacer=12bp;gc_cont=0.454	4425183
NODE_26_length_204835_cov_266.416_169 -          Transposase_mut      PF00872.18   1.2e-25   90.8   0.0   1.5e-25   90.5   0.0   1.0   1   0   0   1   1   1   1 # 195469 # 196020 # -1 # ID=24_169;partial=00;start_type=ATG;rbs_motif=TAA;rbs_spacer=12bp;gc_cont=0.437	4425183
NODE_26_length_204835_cov_266.416_125 -          DDE_Tnp_IS1595       PF12762.7    8.3e-45  153.2   1.7   8.3e-45  153.2   1.7   1.7   2   0   0   2   2   2   1 # 145678 # 146589 # -1 # ID=24_125;partial=00;start_type=ATG;rbs_motif=AAAAA;rbs_spacer=4bp;gc_cont=0.357	6779243
NODE_26_length_204835_cov_266.416_168 -          Transposase_mut      PF00872.18   8.4e-35  121.0   0.0     1e-34  120.8   0.0   1.0   1   0   0   1   1   1   1 # 195036 # 195524 # -1 # ID=24_168;partial=00;start_type=TTG;rbs_motif=TAA;rbs_spacer=12bp;gc_cont=0.454	6779243
NODE_26_length_204835_cov_266.416_169 -          Transposase_mut      PF00872.18   1.2e-25   90.8   0.0   1.5e-25   90.5   0.0   1.0   1   0   0   1   1   1   1 # 195469 # 196020 # -1 # ID=24_169;partial=00;start_type=ATG;rbs_motif=TAA;rbs_spacer=12bp;gc_cont=0.437	6779243
NODE_26_length_204835_cov_266.416_125 -          DDE_Tnp_IS1595       PF12762.7    8.3e-45  153.2   1.7   8.3e-45  153.2   1.7   1.7   2   0   0   2   2   2   1 # 145678 # 146589 # -1 # ID=24_125;partial=00;start_type=ATG;rbs_motif=AAAAA;rbs_spacer=4bp;gc_cont=0.357	889736
NODE_26_length_204835_cov_266.416_168 -          Transposase_mut      PF00872.18   8.4e-35  121.0   0.0     1e-34  120.8   0.0   1.0   1   0   0   1   1   1   1 # 195036 # 195524 # -1 # ID=24_168;partial=00;start_type=TTG;rbs_motif=TAA;rbs_spacer=12bp;gc_cont=0.454	889736
NODE_26_length_204835_cov_266.416_169 -          Transposase_mut      PF00872.18   1.2e-25   90.8   0.0   1.5e-25   90.5   0.0   1.0   1   0   0   1   1   1   1 # 195469 # 196020 # -1 # ID=24_169;partial=00;start_type=ATG;rbs_motif=TAA;rbs_spacer=12bp;gc_cont=0.437	889736
NODE_26_length_204835_cov_266.416_125 -          DDE_Tnp_IS1595       PF12762.7    8.3e-45  153.2   1.7   8.3e-45  153.2   1.7   1.7   2   0   0   2   2   2   1 # 145678 # 146589 # -1 # ID=24_125;partial=00;start_type=ATG;rbs_motif=AAAAA;rbs_spacer=4bp;gc_cont=0.357	1504579
NODE_26_length_204835_cov_266.416_168 -          Transposase_mut      PF00872.18   8.4e-35  121.0   0.0     1e-34  120.8   0.0   1.0   1   0   0   1   1   1   1 # 195036 # 195524 # -1 # ID=24_168;partial=00;start_type=TTG;rbs_motif=TAA;rbs_spacer=12bp;gc_cont=0.454	1504579
NODE_26_length_204835_cov_266.416_169 -          Transposase_mut      PF00872.18   1.2e-25   90.8   0.0   1.5e-25   90.5   0.0   1.0   1   0   0   1   1   1   1 # 195469 # 196020 # -1 # ID=24_169;partial=00;start_type=ATG;rbs_motif=TAA;rbs_spacer=12bp;gc_cont=0.437	1504579
NODE_30_length_191701_cov_6.43759_113 -          PDDEXK_2             PF12784.7    2.7e-11   44.1   0.0   4.4e-11   43.4   0.0   1.3   1   0   0   1   1   1   1 # 123116 # 123961 # 1 # ID=28_113;partial=00;start_type=TTG;rbs_motif=AGxAGG/AGGxGG;rbs_spacer=5-10bp;gc_cont=0.463	702631
NODE_30_length_191701_cov_6.43759_113 -          PDDEXK_2             PF12784.7    2.7e-11   44.1   0.0   4.4e-11   43.4   0.0   1.3   1   0   0   1   1   1   1 # 123116 # 123961 # 1 # ID=28_113;partial=00;start_type=TTG;rbs_motif=AGxAGG/AGGxGG;rbs_spacer=5-10bp;gc_cont=0.463	6221244
NODE_30_length_191701_cov_6.43759_113 -          PDDEXK_2             PF12784.7    2.7e-11   44.1   0.0   4.4e-11   43.4   0.0   1.3   1   0   0   1   1   1   1 # 123116 # 123961 # 1 # ID=28_113;partial=00;start_type=TTG;rbs_motif=AGxAGG/AGGxGG;rbs_spacer=5-10bp;gc_cont=0.463	432912
NODE_30_length_191701_cov_6.43759_113 -          PDDEXK_2             PF12784.7    2.7e-11   44.1   0.0   4.4e-11   43.4   0.0   1.3   1   0   0   1   1   1   1 # 123116 # 123961 # 1 # ID=28_113;partial=00;start_type=TTG;rbs_motif=AGxAGG/AGGxGG;rbs_spacer=5-10bp;gc_cont=0.463	310557
NODE_30_length_191701_cov_6.43759_113 -          PDDEXK_2             PF12784.7    2.7e-11   44.1   0.0   4.4e-11   43.4   0.0   1.3   1   0   0   1   1   1   1 # 123116 # 123961 # 1 # ID=28_113;partial=00;start_type=TTG;rbs_motif=AGxAGG/AGGxGG;rbs_spacer=5-10bp;gc_cont=0.463	113167
NODE_30_length_191701_cov_6.43759_113 -          PDDEXK_2             PF12784.7    2.7e-11   44.1   0.0   4.4e-11   43.4   0.0   1.3   1   0   0   1   1   1   1 # 123116 # 123961 # 1 # ID=28_113;partial=00;start_type=TTG;rbs_motif=AGxAGG/AGGxGG;rbs_spacer=5-10bp;gc_cont=0.463	432912
NODE_30_length_191701_cov_6.43759_113 -          PDDEXK_2             PF12784.7    2.7e-11   44.1   0.0   4.4e-11   43.4   0.0   1.3   1   0   0   1   1   1   1 # 123116 # 123961 # 1 # ID=28_113;partial=00;start_type=TTG;rbs_motif=AGxAGG/AGGxGG;rbs_spacer=5-10bp;gc_cont=0.463	247098
NODE_30_length_191701_cov_6.43759_113 -          PDDEXK_2             PF12784.7    2.7e-11   44.1   0.0   4.4e-11   43.4   0.0   1.3   1   0   0   1   1   1   1 # 123116 # 123961 # 1 # ID=28_113;partial=00;start_type=TTG;rbs_motif=AGxAGG/AGGxGG;rbs_spacer=5-10bp;gc_cont=0.463	5929982
NODE_30_length_191701_cov_6.43759_113 -          PDDEXK_2             PF12784.7    2.7e-11   44.1   0.0   4.4e-11   43.4   0.0   1.3   1   0   0   1   1   1   1 # 123116 # 123961 # 1 # ID=28_113;partial=00;start_type=TTG;rbs_motif=AGxAGG/AGGxGG;rbs_spacer=5-10bp;gc_cont=0.463	3114387
NODE_30_length_191701_cov_6.43759_113 -          PDDEXK_2             PF12784.7    2.7e-11   44.1   0.0   4.4e-11   43.4   0.0   1.3   1   0   0   1   1   1   1 # 123116 # 123961 # 1 # ID=28_113;partial=00;start_type=TTG;rbs_motif=AGxAGG/AGGxGG;rbs_spacer=5-10bp;gc_cont=0.463	3363479
NODE_30_length_191701_cov_6.43759_113 -          PDDEXK_2             PF12784.7    2.7e-11   44.1   0.0   4.4e-11   43.4   0.0   1.3   1   0   0   1   1   1   1 # 123116 # 123961 # 1 # ID=28_113;partial=00;start_type=TTG;rbs_motif=AGxAGG/AGGxGG;rbs_spacer=5-10bp;gc_cont=0.463	5083100
NODE_30_length_191701_cov_6.43759_113 -          PDDEXK_2             PF12784.7    2.7e-11   44.1   0.0   4.4e-11   43.4   0.0   1.3   1   0   0   1   1   1   1 # 123116 # 123961 # 1 # ID=28_113;partial=00;start_type=TTG;rbs_motif=AGxAGG/AGGxGG;rbs_spacer=5-10bp;gc_cont=0.463	5930085
NODE_34_length_187195_cov_237.857_140 -          PDDEXK_2             PF12784.7      2e-80  270.3   6.2   2.5e-80  270.0   6.2   1.1   1   0   0   1   1   1   1 # 175824 # 176921 # -1 # ID=32_140;partial=00;start_type=ATG;rbs_motif=TAAA;rbs_spacer=12bp;gc_cont=0.444	1392573
NODE_34_length_187195_cov_237.857_2   -          PDDEXK_2             PF12784.7    9.4e-44  150.3   0.0   2.2e-29  103.3   0.0   2.1   2   0   0   2   2   2   2 # 846 # 1808 # -1 # ID=32_2;partial=00;start_type=ATG;rbs_motif=TAAA;rbs_spacer=12bp;gc_cont=0.493	1392573
NODE_34_length_187195_cov_237.857_140 -          PDDEXK_2             PF12784.7      2e-80  270.3   6.2   2.5e-80  270.0   6.2   1.1   1   0   0   1   1   1   1 # 175824 # 176921 # -1 # ID=32_140;partial=00;start_type=ATG;rbs_motif=TAAA;rbs_spacer=12bp;gc_cont=0.444	1392573
NODE_34_length_187195_cov_237.857_2   -          PDDEXK_2             PF12784.7    9.4e-44  150.3   0.0   2.2e-29  103.3   0.0   2.1   2   0   0   2   2   2   2 # 846 # 1808 # -1 # ID=32_2;partial=00;start_type=ATG;rbs_motif=TAAA;rbs_spacer=12bp;gc_cont=0.493	1392573
NODE_34_length_187195_cov_237.857_140 -          PDDEXK_2             PF12784.7      2e-80  270.3   6.2   2.5e-80  270.0   6.2   1.1   1   0   0   1   1   1   1 # 175824 # 176921 # -1 # ID=32_140;partial=00;start_type=ATG;rbs_motif=TAAA;rbs_spacer=12bp;gc_cont=0.444	6183456
NODE_34_length_187195_cov_237.857_2   -          PDDEXK_2             PF12784.7    9.4e-44  150.3   0.0   2.2e-29  103.3   0.0   2.1   2   0   0   2   2   2   2 # 846 # 1808 # -1 # ID=32_2;partial=00;start_type=ATG;rbs_motif=TAAA;rbs_spacer=12bp;gc_cont=0.493	6183456
NODE_34_length_187195_cov_237.857_140 -          PDDEXK_2             PF12784.7      2e-80  270.3   6.2   2.5e-80  270.0   6.2   1.1   1   0   0   1   1   1   1 # 175824 # 176921 # -1 # ID=32_140;partial=00;start_type=ATG;rbs_motif=TAAA;rbs_spacer=12bp;gc_cont=0.444	1180430
NODE_34_length_187195_cov_237.857_2   -          PDDEXK_2             PF12784.7    9.4e-44  150.3   0.0   2.2e-29  103.3   0.0   2.1   2   0   0   2   2   2   2 # 846 # 1808 # -1 # ID=32_2;partial=00;start_type=ATG;rbs_motif=TAAA;rbs_spacer=12bp;gc_cont=0.493	1180430
NODE_34_length_187195_cov_237.857_140 -          PDDEXK_2             PF12784.7      2e-80  270.3   6.2   2.5e-80  270.0   6.2   1.1   1   0   0   1   1   1   1 # 175824 # 176921 # -1 # ID=32_140;partial=00;start_type=ATG;rbs_motif=TAAA;rbs_spacer=12bp;gc_cont=0.444	195861
NODE_34_length_187195_cov_237.857_2   -          PDDEXK_2             PF12784.7    9.4e-44  150.3   0.0   2.2e-29  103.3   0.0   2.1   2   0   0   2   2   2   2 # 846 # 1808 # -1 # ID=32_2;partial=00;start_type=ATG;rbs_motif=TAAA;rbs_spacer=12bp;gc_cont=0.493	195861
NODE_34_length_187195_cov_237.857_140 -          PDDEXK_2             PF12784.7      2e-80  270.3   6.2   2.5e-80  270.0   6.2   1.1   1   0   0   1   1   1   1 # 175824 # 176921 # -1 # ID=32_140;partial=00;start_type=ATG;rbs_motif=TAAA;rbs_spacer=12bp;gc_cont=0.444	2240127
NODE_34_length_187195_cov_237.857_2   -          PDDEXK_2             PF12784.7    9.4e-44  150.3   0.0   2.2e-29  103.3   0.0   2.1   2   0   0   2   2   2   2 # 846 # 1808 # -1 # ID=32_2;partial=00;start_type=ATG;rbs_motif=TAAA;rbs_spacer=12bp;gc_cont=0.493	2240127
NODE_34_length_187195_cov_237.857_140 -          PDDEXK_2             PF12784.7      2e-80  270.3   6.2   2.5e-80  270.0   6.2   1.1   1   0   0   1   1   1   1 # 175824 # 176921 # -1 # ID=32_140;partial=00;start_type=ATG;rbs_motif=TAAA;rbs_spacer=12bp;gc_cont=0.444	874032
NODE_34_length_187195_cov_237.857_2   -          PDDEXK_2             PF12784.7    9.4e-44  150.3   0.0   2.2e-29  103.3   0.0   2.1   2   0   0   2   2   2   2 # 846 # 1808 # -1 # ID=32_2;partial=00;start_type=ATG;rbs_motif=TAAA;rbs_spacer=12bp;gc_cont=0.493	874032
NODE_34_length_187195_cov_237.857_140 -          PDDEXK_2             PF12784.7      2e-80  270.3   6.2   2.5e-80  270.0   6.2   1.1   1   0   0   1   1   1   1 # 175824 # 176921 # -1 # ID=32_140;partial=00;start_type=ATG;rbs_motif=TAAA;rbs_spacer=12bp;gc_cont=0.444	1223830
NODE_34_length_187195_cov_237.857_2   -          PDDEXK_2             PF12784.7    9.4e-44  150.3   0.0   2.2e-29  103.3   0.0   2.1   2   0   0   2   2   2   2 # 846 # 1808 # -1 # ID=32_2;partial=00;start_type=ATG;rbs_motif=TAAA;rbs_spacer=12bp;gc_cont=0.493	1223830
NODE_35_length_187149_cov_241.807_118 -          DDE_Tnp_IS66         PF03050.14   3.5e-44  152.0   0.0     4e-44  151.8   0.0   1.0   1   0   0   1   1   1   1 # 147057 # 147938 # 1 # ID=33_118;partial=00;start_type=ATG;rbs_motif=TAA;rbs_spacer=13bp;gc_cont=0.405	1292080
NODE_35_length_187149_cov_241.807_127 -          DDE_Tnp_IS66         PF03050.14   3.5e-30  106.1   0.1     5e-30  105.6   0.1   1.2   1   0   0   1   1   1   1 # 154092 # 155036 # 1 # ID=33_127;partial=00;start_type=GTG;rbs_motif=TAAAAA;rbs_spacer=4bp;gc_cont=0.493	1292080
NODE_35_length_187149_cov_241.807_118 -          DDE_Tnp_IS66         PF03050.14   3.5e-44  152.0   0.0     4e-44  151.8   0.0   1.0   1   0   0   1   1   1   1 # 147057 # 147938 # 1 # ID=33_118;partial=00;start_type=ATG;rbs_motif=TAA;rbs_spacer=13bp;gc_cont=0.405	1292080
NODE_35_length_187149_cov_241.807_127 -          DDE_Tnp_IS66         PF03050.14   3.5e-30  106.1   0.1     5e-30  105.6   0.1   1.2   1   0   0   1   1   1   1 # 154092 # 155036 # 1 # ID=33_127;partial=00;start_type=GTG;rbs_motif=TAAAAA;rbs_spacer=4bp;gc_cont=0.493	1292080
NODE_35_length_187149_cov_241.807_118 -          DDE_Tnp_IS66         PF03050.14   3.5e-44  152.0   0.0     4e-44  151.8   0.0   1.0   1   0   0   1   1   1   1 # 147057 # 147938 # 1 # ID=33_118;partial=00;start_type=ATG;rbs_motif=TAA;rbs_spacer=13bp;gc_cont=0.405	2885414
NODE_35_length_187149_cov_241.807_127 -          DDE_Tnp_IS66         PF03050.14   3.5e-30  106.1   0.1     5e-30  105.6   0.1   1.2   1   0   0   1   1   1   1 # 154092 # 155036 # 1 # ID=33_127;partial=00;start_type=GTG;rbs_motif=TAAAAA;rbs_spacer=4bp;gc_cont=0.493	2885414
NODE_35_length_187149_cov_241.807_118 -          DDE_Tnp_IS66         PF03050.14   3.5e-44  152.0   0.0     4e-44  151.8   0.0   1.0   1   0   0   1   1   1   1 # 147057 # 147938 # 1 # ID=33_118;partial=00;start_type=ATG;rbs_motif=TAA;rbs_spacer=13bp;gc_cont=0.405	46640
NODE_35_length_187149_cov_241.807_127 -          DDE_Tnp_IS66         PF03050.14   3.5e-30  106.1   0.1     5e-30  105.6   0.1   1.2   1   0   0   1   1   1   1 # 154092 # 155036 # 1 # ID=33_127;partial=00;start_type=GTG;rbs_motif=TAAAAA;rbs_spacer=4bp;gc_cont=0.493	46640
NODE_35_length_187149_cov_241.807_118 -          DDE_Tnp_IS66         PF03050.14   3.5e-44  152.0   0.0     4e-44  151.8   0.0   1.0   1   0   0   1   1   1   1 # 147057 # 147938 # 1 # ID=33_118;partial=00;start_type=ATG;rbs_motif=TAA;rbs_spacer=13bp;gc_cont=0.405	117497
NODE_35_length_187149_cov_241.807_127 -          DDE_Tnp_IS66         PF03050.14   3.5e-30  106.1   0.1     5e-30  105.6   0.1   1.2   1   0   0   1   1   1   1 # 154092 # 155036 # 1 # ID=33_127;partial=00;start_type=GTG;rbs_motif=TAAAAA;rbs_spacer=4bp;gc_cont=0.493	117497
NODE_37_length_183751_cov_11.8611_92 -          MULE                 PF10551.9    1.2e-08   35.9   0.0   2.2e-08   35.0   0.0   1.4   1   0   0   1   1   1   1 # 110034 # 110843 # 1 # ID=35_92;partial=00;start_type=GTG;rbs_motif=None;rbs_spacer=None;gc_cont=0.462	1123404
NODE_37_length_183751_cov_11.8611_92  -          Transposase_mut      PF00872.18   4.7e-84  283.1   0.0   5.3e-84  283.0   0.0   1.0   1   0   0   1   1   1   1 # 110034 # 110843 # 1 # ID=35_92;partial=00;start_type=GTG;rbs_motif=None;rbs_spacer=None;gc_cont=0.462	1123404
NODE_37_length_183751_cov_11.8611_122 -          Transposase_mut      PF00872.18   2.7e-21   76.6   0.0   2.9e-21   76.4   0.0   1.0   1   0   0   1   1   1   1 # 143963 # 144358 # -1 # ID=35_122;partial=00;start_type=ATG;rbs_motif=None;rbs_spacer=None;gc_cont=0.495	1123404
NODE_40_length_169730_cov_249.927_130 -          HTH_Tnp_1            PF01527.20   1.7e-06   28.9   1.6        15    6.7   0.0   5.8   5   1   1   6   6   6   2 # 143001 # 144437 # -1 # ID=38_130;partial=00;start_type=ATG;rbs_motif=TAA;rbs_spacer=13bp;gc_cont=0.498	2315720
NODE_40_length_169730_cov_249.927_130 -          HTH_Tnp_ISL3         PF13542.6    6.2e-09   35.8   0.0       1.7    8.8   0.0   6.2   6   0   0   6   6   6   4 # 143001 # 144437 # -1 # ID=38_130;partial=00;start_type=ATG;rbs_motif=TAA;rbs_spacer=13bp;gc_cont=0.498	2315720
NODE_40_length_169730_cov_249.927_130 -          HTH_Tnp_1            PF01527.20   1.7e-06   28.9   1.6        15    6.7   0.0   5.8   5   1   1   6   6   6   2 # 143001 # 144437 # -1 # ID=38_130;partial=00;start_type=ATG;rbs_motif=TAA;rbs_spacer=13bp;gc_cont=0.498	4459717
NODE_40_length_169730_cov_249.927_130 -          HTH_Tnp_ISL3         PF13542.6    6.2e-09   35.8   0.0       1.7    8.8   0.0   6.2   6   0   0   6   6   6   4 # 143001 # 144437 # -1 # ID=38_130;partial=00;start_type=ATG;rbs_motif=TAA;rbs_spacer=13bp;gc_cont=0.498	4459717
NODE_40_length_169730_cov_249.927_130 -          HTH_Tnp_1            PF01527.20   1.7e-06   28.9   1.6        15    6.7   0.0   5.8   5   1   1   6   6   6   2 # 143001 # 144437 # -1 # ID=38_130;partial=00;start_type=ATG;rbs_motif=TAA;rbs_spacer=13bp;gc_cont=0.498	180567
NODE_40_length_169730_cov_249.927_130 -          HTH_Tnp_ISL3         PF13542.6    6.2e-09   35.8   0.0       1.7    8.8   0.0   6.2   6   0   0   6   6   6   4 # 143001 # 144437 # -1 # ID=38_130;partial=00;start_type=ATG;rbs_motif=TAA;rbs_spacer=13bp;gc_cont=0.498	180567
NODE_40_length_169730_cov_249.927_130 -          HTH_Tnp_1            PF01527.20   1.7e-06   28.9   1.6        15    6.7   0.0   5.8   5   1   1   6   6   6   2 # 143001 # 144437 # -1 # ID=38_130;partial=00;start_type=ATG;rbs_motif=TAA;rbs_spacer=13bp;gc_cont=0.498	5174548
NODE_40_length_169730_cov_249.927_130 -          HTH_Tnp_ISL3         PF13542.6    6.2e-09   35.8   0.0       1.7    8.8   0.0   6.2   6   0   0   6   6   6   4 # 143001 # 144437 # -1 # ID=38_130;partial=00;start_type=ATG;rbs_motif=TAA;rbs_spacer=13bp;gc_cont=0.498	5174548
NODE_44_length_161985_cov_245.193_111 -          DDE_Tnp_IS66         PF03050.14   5.9e-52  177.5   0.1   5.9e-52  177.5   0.1   2.0   2   0   0   2   2   2   1 # 142333 # 144126 # -1 # ID=42_111;partial=00;start_type=ATG;rbs_motif=TAA;rbs_spacer=15bp;gc_cont=0.428	1139785
NODE_44_length_161985_cov_245.193_102 -          DDE_Tnp_IS66         PF03050.14   3.2e-10   40.6   0.0   3.6e-10   40.5   0.0   1.0   1   0   0   1   1   1   1 # 135968 # 136315 # -1 # ID=42_102;partial=00;start_type=ATG;rbs_motif=None;rbs_spacer=None;gc_cont=0.443	1139785
NODE_44_length_161985_cov_245.193_111 -          DDE_Tnp_IS66         PF03050.14   5.9e-52  177.5   0.1   5.9e-52  177.5   0.1   2.0   2   0   0   2   2   2   1 # 142333 # 144126 # -1 # ID=42_111;partial=00;start_type=ATG;rbs_motif=TAA;rbs_spacer=15bp;gc_cont=0.428	3846475
NODE_44_length_161985_cov_245.193_102 -          DDE_Tnp_IS66         PF03050.14   3.2e-10   40.6   0.0   3.6e-10   40.5   0.0   1.0   1   0   0   1   1   1   1 # 135968 # 136315 # -1 # ID=42_102;partial=00;start_type=ATG;rbs_motif=None;rbs_spacer=None;gc_cont=0.443	3846475
NODE_44_length_161985_cov_245.193_111 -          DDE_Tnp_IS66         PF03050.14   5.9e-52  177.5   0.1   5.9e-52  177.5   0.1   2.0   2   0   0   2   2   2   1 # 142333 # 144126 # -1 # ID=42_111;partial=00;start_type=ATG;rbs_motif=TAA;rbs_spacer=15bp;gc_cont=0.428	3846475
NODE_44_length_161985_cov_245.193_102 -          DDE_Tnp_IS66         PF03050.14   3.2e-10   40.6   0.0   3.6e-10   40.5   0.0   1.0   1   0   0   1   1   1   1 # 135968 # 136315 # -1 # ID=42_102;partial=00;start_type=ATG;rbs_motif=None;rbs_spacer=None;gc_cont=0.443	3846475
NODE_44_length_161985_cov_245.193_111 -          DDE_Tnp_IS66         PF03050.14   5.9e-52  177.5   0.1   5.9e-52  177.5   0.1   2.0   2   0   0   2   2   2   1 # 142333 # 144126 # -1 # ID=42_111;partial=00;start_type=ATG;rbs_motif=TAA;rbs_spacer=15bp;gc_cont=0.428	114805
NODE_44_length_161985_cov_245.193_102 -          DDE_Tnp_IS66         PF03050.14   3.2e-10   40.6   0.0   3.6e-10   40.5   0.0   1.0   1   0   0   1   1   1   1 # 135968 # 136315 # -1 # ID=42_102;partial=00;start_type=ATG;rbs_motif=None;rbs_spacer=None;gc_cont=0.443	114805
NODE_44_length_161985_cov_245.193_111 -          DDE_Tnp_IS66         PF03050.14   5.9e-52  177.5   0.1   5.9e-52  177.5   0.1   2.0   2   0   0   2   2   2   1 # 142333 # 144126 # -1 # ID=42_111;partial=00;start_type=ATG;rbs_motif=TAA;rbs_spacer=15bp;gc_cont=0.428	3516645
NODE_44_length_161985_cov_245.193_102 -          DDE_Tnp_IS66         PF03050.14   3.2e-10   40.6   0.0   3.6e-10   40.5   0.0   1.0   1   0   0   1   1   1   1 # 135968 # 136315 # -1 # ID=42_102;partial=00;start_type=ATG;rbs_motif=None;rbs_spacer=None;gc_cont=0.443	3516645
NODE_44_length_161985_cov_245.193_111 -          DDE_Tnp_IS66         PF03050.14   5.9e-52  177.5   0.1   5.9e-52  177.5   0.1   2.0   2   0   0   2   2   2   1 # 142333 # 144126 # -1 # ID=42_111;partial=00;start_type=ATG;rbs_motif=TAA;rbs_spacer=15bp;gc_cont=0.428	3516645
NODE_44_length_161985_cov_245.193_102 -          DDE_Tnp_IS66         PF03050.14   3.2e-10   40.6   0.0   3.6e-10   40.5   0.0   1.0   1   0   0   1   1   1   1 # 135968 # 136315 # -1 # ID=42_102;partial=00;start_type=ATG;rbs_motif=None;rbs_spacer=None;gc_cont=0.443	3516645
NODE_44_length_161985_cov_245.193_111 -          DDE_Tnp_IS66         PF03050.14   5.9e-52  177.5   0.1   5.9e-52  177.5   0.1   2.0   2   0   0   2   2   2   1 # 142333 # 144126 # -1 # ID=42_111;partial=00;start_type=ATG;rbs_motif=TAA;rbs_spacer=15bp;gc_cont=0.428	6210915
NODE_44_length_161985_cov_245.193_102 -          DDE_Tnp_IS66         PF03050.14   3.2e-10   40.6   0.0   3.6e-10   40.5   0.0   1.0   1   0   0   1   1   1   1 # 135968 # 136315 # -1 # ID=42_102;partial=00;start_type=ATG;rbs_motif=None;rbs_spacer=None;gc_cont=0.443	6210915
NODE_62_length_128710_cov_37.8733_15  -          PDDEXK_2             PF12784.7    4.1e-22   79.5   2.1   6.4e-22   78.9   2.1   1.3   1   0   0   1   1   1   1 # 11598 # 12035 # -1 # ID=59_15;partial=00;start_type=ATG;rbs_motif=TAAAA;rbs_spacer=12bp;gc_cont=0.443	168173
NODE_62_length_128710_cov_37.8733_15  -          PDDEXK_2             PF12784.7    4.1e-22   79.5   2.1   6.4e-22   78.9   2.1   1.3   1   0   0   1   1   1   1 # 11598 # 12035 # -1 # ID=59_15;partial=00;start_type=ATG;rbs_motif=TAAAA;rbs_spacer=12bp;gc_cont=0.443	247259
NODE_62_length_128710_cov_37.8733_15  -          PDDEXK_2             PF12784.7    4.1e-22   79.5   2.1   6.4e-22   78.9   2.1   1.3   1   0   0   1   1   1   1 # 11598 # 12035 # -1 # ID=59_15;partial=00;start_type=ATG;rbs_motif=TAAAA;rbs_spacer=12bp;gc_cont=0.443	247259
NODE_62_length_128710_cov_37.8733_15  -          PDDEXK_2             PF12784.7    4.1e-22   79.5   2.1   6.4e-22   78.9   2.1   1.3   1   0   0   1   1   1   1 # 11598 # 12035 # -1 # ID=59_15;partial=00;start_type=ATG;rbs_motif=TAAAA;rbs_spacer=12bp;gc_cont=0.443	1403665
NODE_73_length_108277_cov_36.8897_21  -          PDDEXK_2             PF12784.7    3.8e-70  236.7   3.5   4.6e-70  236.4   3.5   1.1   1   0   0   1   1   1   1 # 21697 # 22614 # -1 # ID=69_21;partial=00;start_type=ATG;rbs_motif=TAAAA;rbs_spacer=12bp;gc_cont=0.474	178364
NODE_73_length_108277_cov_36.8897_21  -          PDDEXK_2             PF12784.7    3.8e-70  236.7   3.5   4.6e-70  236.4   3.5   1.1   1   0   0   1   1   1   1 # 21697 # 22614 # -1 # ID=69_21;partial=00;start_type=ATG;rbs_motif=TAAAA;rbs_spacer=12bp;gc_cont=0.474	178364
NODE_73_length_108277_cov_36.8897_21  -          PDDEXK_2             PF12784.7    3.8e-70  236.7   3.5   4.6e-70  236.4   3.5   1.1   1   0   0   1   1   1   1 # 21697 # 22614 # -1 # ID=69_21;partial=00;start_type=ATG;rbs_motif=TAAAA;rbs_spacer=12bp;gc_cont=0.474	1710984
NODE_73_length_108277_cov_36.8897_21  -          PDDEXK_2             PF12784.7    3.8e-70  236.7   3.5   4.6e-70  236.4   3.5   1.1   1   0   0   1   1   1   1 # 21697 # 22614 # -1 # ID=69_21;partial=00;start_type=ATG;rbs_motif=TAAAA;rbs_spacer=12bp;gc_cont=0.474	4425193
NODE_77_length_105526_cov_225.883_16  -          DDE_Tnp_IS66         PF03050.14   1.2e-69  235.6   0.1     5e-69  233.6   0.0   1.9   2   0   0   2   2   2   1 # 14644 # 16143 # -1 # ID=73_16;partial=00;start_type=ATG;rbs_motif=None;rbs_spacer=None;gc_cont=0.429	2307831
NODE_77_length_105526_cov_225.883_3   -          DDE_Tnp_IS66         PF03050.14   1.1e-25   91.3   0.0   1.4e-25   91.0   0.0   1.1   1   0   0   1   1   1   1 # 2427 # 2936 # -1 # ID=73_3;partial=00;start_type=GTG;rbs_motif=TAAAAA;rbs_spacer=5bp;gc_cont=0.453	2307831
NODE_77_length_105526_cov_225.883_3   -          DDE_Tnp_IS66_C       PF13817.6    4.1e-07   30.8   1.0   2.5e-06   28.2   0.2   2.2   2   0   0   2   2   2   1 # 2427 # 2936 # -1 # ID=73_3;partial=00;start_type=GTG;rbs_motif=TAAAAA;rbs_spacer=5bp;gc_cont=0.453	2307831
NODE_77_length_105526_cov_225.883_16  -          DDE_Tnp_IS66         PF03050.14   1.2e-69  235.6   0.1     5e-69  233.6   0.0   1.9   2   0   0   2   2   2   1 # 14644 # 16143 # -1 # ID=73_16;partial=00;start_type=ATG;rbs_motif=None;rbs_spacer=None;gc_cont=0.429	6466244
NODE_77_length_105526_cov_225.883_3   -          DDE_Tnp_IS66         PF03050.14   1.1e-25   91.3   0.0   1.4e-25   91.0   0.0   1.1   1   0   0   1   1   1   1 # 2427 # 2936 # -1 # ID=73_3;partial=00;start_type=GTG;rbs_motif=TAAAAA;rbs_spacer=5bp;gc_cont=0.453	6466244
NODE_77_length_105526_cov_225.883_3   -          DDE_Tnp_IS66_C       PF13817.6    4.1e-07   30.8   1.0   2.5e-06   28.2   0.2   2.2   2   0   0   2   2   2   1 # 2427 # 2936 # -1 # ID=73_3;partial=00;start_type=GTG;rbs_motif=TAAAAA;rbs_spacer=5bp;gc_cont=0.453	6466244
NODE_77_length_105526_cov_225.883_16  -          DDE_Tnp_IS66         PF03050.14   1.2e-69  235.6   0.1     5e-69  233.6   0.0   1.9   2   0   0   2   2   2   1 # 14644 # 16143 # -1 # ID=73_16;partial=00;start_type=ATG;rbs_motif=None;rbs_spacer=None;gc_cont=0.429	3363401
NODE_77_length_105526_cov_225.883_3   -          DDE_Tnp_IS66         PF03050.14   1.1e-25   91.3   0.0   1.4e-25   91.0   0.0   1.1   1   0   0   1   1   1   1 # 2427 # 2936 # -1 # ID=73_3;partial=00;start_type=GTG;rbs_motif=TAAAAA;rbs_spacer=5bp;gc_cont=0.453	3363401
NODE_77_length_105526_cov_225.883_3   -          DDE_Tnp_IS66_C       PF13817.6    4.1e-07   30.8   1.0   2.5e-06   28.2   0.2   2.2   2   0   0   2   2   2   1 # 2427 # 2936 # -1 # ID=73_3;partial=00;start_type=GTG;rbs_motif=TAAAAA;rbs_spacer=5bp;gc_cont=0.453	3363401
NODE_77_length_105526_cov_225.883_16  -          DDE_Tnp_IS66         PF03050.14   1.2e-69  235.6   0.1     5e-69  233.6   0.0   1.9   2   0   0   2   2   2   1 # 14644 # 16143 # -1 # ID=73_16;partial=00;start_type=ATG;rbs_motif=None;rbs_spacer=None;gc_cont=0.429	3363401
NODE_77_length_105526_cov_225.883_3   -          DDE_Tnp_IS66         PF03050.14   1.1e-25   91.3   0.0   1.4e-25   91.0   0.0   1.1   1   0   0   1   1   1   1 # 2427 # 2936 # -1 # ID=73_3;partial=00;start_type=GTG;rbs_motif=TAAAAA;rbs_spacer=5bp;gc_cont=0.453	3363401
NODE_77_length_105526_cov_225.883_3   -          DDE_Tnp_IS66_C       PF13817.6    4.1e-07   30.8   1.0   2.5e-06   28.2   0.2   2.2   2   0   0   2   2   2   1 # 2427 # 2936 # -1 # ID=73_3;partial=00;start_type=GTG;rbs_motif=TAAAAA;rbs_spacer=5bp;gc_cont=0.453	3363401
NODE_77_length_105526_cov_225.883_16  -          DDE_Tnp_IS66         PF03050.14   1.2e-69  235.6   0.1     5e-69  233.6   0.0   1.9   2   0   0   2   2   2   1 # 14644 # 16143 # -1 # ID=73_16;partial=00;start_type=ATG;rbs_motif=None;rbs_spacer=None;gc_cont=0.429	480876
NODE_77_length_105526_cov_225.883_3   -          DDE_Tnp_IS66         PF03050.14   1.1e-25   91.3   0.0   1.4e-25   91.0   0.0   1.1   1   0   0   1   1   1   1 # 2427 # 2936 # -1 # ID=73_3;partial=00;start_type=GTG;rbs_motif=TAAAAA;rbs_spacer=5bp;gc_cont=0.453	480876
NODE_77_length_105526_cov_225.883_3   -          DDE_Tnp_IS66_C       PF13817.6    4.1e-07   30.8   1.0   2.5e-06   28.2   0.2   2.2   2   0   0   2   2   2   1 # 2427 # 2936 # -1 # ID=73_3;partial=00;start_type=GTG;rbs_motif=TAAAAA;rbs_spacer=5bp;gc_cont=0.453	480876
NODE_77_length_105526_cov_225.883_16  -          DDE_Tnp_IS66         PF03050.14   1.2e-69  235.6   0.1     5e-69  233.6   0.0   1.9   2   0   0   2   2   2   1 # 14644 # 16143 # -1 # ID=73_16;partial=00;start_type=ATG;rbs_motif=None;rbs_spacer=None;gc_cont=0.429	2407508
NODE_77_length_105526_cov_225.883_3   -          DDE_Tnp_IS66         PF03050.14   1.1e-25   91.3   0.0   1.4e-25   91.0   0.0   1.1   1   0   0   1   1   1   1 # 2427 # 2936 # -1 # ID=73_3;partial=00;start_type=GTG;rbs_motif=TAAAAA;rbs_spacer=5bp;gc_cont=0.453	2407508
NODE_77_length_105526_cov_225.883_3   -          DDE_Tnp_IS66_C       PF13817.6    4.1e-07   30.8   1.0   2.5e-06   28.2   0.2   2.2   2   0   0   2   2   2   1 # 2427 # 2936 # -1 # ID=73_3;partial=00;start_type=GTG;rbs_motif=TAAAAA;rbs_spacer=5bp;gc_cont=0.453	2407508
NODE_77_length_105526_cov_225.883_16  -          DDE_Tnp_IS66         PF03050.14   1.2e-69  235.6   0.1     5e-69  233.6   0.0   1.9   2   0   0   2   2   2   1 # 14644 # 16143 # -1 # ID=73_16;partial=00;start_type=ATG;rbs_motif=None;rbs_spacer=None;gc_cont=0.429	1671660
NODE_77_length_105526_cov_225.883_3   -          DDE_Tnp_IS66         PF03050.14   1.1e-25   91.3   0.0   1.4e-25   91.0   0.0   1.1   1   0   0   1   1   1   1 # 2427 # 2936 # -1 # ID=73_3;partial=00;start_type=GTG;rbs_motif=TAAAAA;rbs_spacer=5bp;gc_cont=0.453	1671660
NODE_77_length_105526_cov_225.883_3   -          DDE_Tnp_IS66_C       PF13817.6    4.1e-07   30.8   1.0   2.5e-06   28.2   0.2   2.2   2   0   0   2   2   2   1 # 2427 # 2936 # -1 # ID=73_3;partial=00;start_type=GTG;rbs_motif=TAAAAA;rbs_spacer=5bp;gc_cont=0.453	1671660
NODE_84_length_100807_cov_37.6311_61  -          PDDEXK_2             PF12784.7    1.4e-09   38.5   0.2   1.7e-09   38.2   0.2   1.1   1   0   0   1   1   1   1 # 66440 # 66907 # -1 # ID=78_61;partial=00;start_type=GTG;rbs_motif=None;rbs_spacer=None;gc_cont=0.485	591239
NODE_84_length_100807_cov_37.6311_61  -          PDDEXK_2             PF12784.7    1.4e-09   38.5   0.2   1.7e-09   38.2   0.2   1.1   1   0   0   1   1   1   1 # 66440 # 66907 # -1 # ID=78_61;partial=00;start_type=GTG;rbs_motif=None;rbs_spacer=None;gc_cont=0.485	3363404
NODE_90_length_97880_cov_8.30861_11   -          PDDEXK_2             PF12784.7    3.9e-09   37.0   0.0   6.2e-09   36.4   0.0   1.3   1   0   0   1   1   1   1 # 10851 # 11666 # -1 # ID=84_11;partial=00;start_type=ATG;rbs_motif=AGGA;rbs_spacer=5-10bp;gc_cont=0.483	128412
NODE_90_length_97880_cov_8.30861_11   -          PDDEXK_2             PF12784.7    3.9e-09   37.0   0.0   6.2e-09   36.4   0.0   1.3   1   0   0   1   1   1   1 # 10851 # 11666 # -1 # ID=84_11;partial=00;start_type=ATG;rbs_motif=AGGA;rbs_spacer=5-10bp;gc_cont=0.483	2459319
NODE_90_length_97880_cov_8.30861_11   -          PDDEXK_2             PF12784.7    3.9e-09   37.0   0.0   6.2e-09   36.4   0.0   1.3   1   0   0   1   1   1   1 # 10851 # 11666 # -1 # ID=84_11;partial=00;start_type=ATG;rbs_motif=AGGA;rbs_spacer=5-10bp;gc_cont=0.483	2459319
NODE_90_length_97880_cov_8.30861_11   -          PDDEXK_2             PF12784.7    3.9e-09   37.0   0.0   6.2e-09   36.4   0.0   1.3   1   0   0   1   1   1   1 # 10851 # 11666 # -1 # ID=84_11;partial=00;start_type=ATG;rbs_motif=AGGA;rbs_spacer=5-10bp;gc_cont=0.483	3846488
NODE_90_length_97880_cov_8.30861_11   -          PDDEXK_2             PF12784.7    3.9e-09   37.0   0.0   6.2e-09   36.4   0.0   1.3   1   0   0   1   1   1   1 # 10851 # 11666 # -1 # ID=84_11;partial=00;start_type=ATG;rbs_motif=AGGA;rbs_spacer=5-10bp;gc_cont=0.483	893233
NODE_90_length_97880_cov_8.30861_11   -          PDDEXK_2             PF12784.7    3.9e-09   37.0   0.0   6.2e-09   36.4   0.0   1.3   1   0   0   1   1   1   1 # 10851 # 11666 # -1 # ID=84_11;partial=00;start_type=ATG;rbs_motif=AGGA;rbs_spacer=5-10bp;gc_cont=0.483	1266854
NODE_90_length_97880_cov_8.30861_11   -          PDDEXK_2             PF12784.7    3.9e-09   37.0   0.0   6.2e-09   36.4   0.0   1.3   1   0   0   1   1   1   1 # 10851 # 11666 # -1 # ID=84_11;partial=00;start_type=ATG;rbs_motif=AGGA;rbs_spacer=5-10bp;gc_cont=0.483	6779324
NODE_90_length_97880_cov_8.30861_11   -          PDDEXK_2             PF12784.7    3.9e-09   37.0   0.0   6.2e-09   36.4   0.0   1.3   1   0   0   1   1   1   1 # 10851 # 11666 # -1 # ID=84_11;partial=00;start_type=ATG;rbs_motif=AGGA;rbs_spacer=5-10bp;gc_cont=0.483	1807084
NODE_90_length_97880_cov_8.30861_11   -          PDDEXK_2             PF12784.7    3.9e-09   37.0   0.0   6.2e-09   36.4   0.0   1.3   1   0   0   1   1   1   1 # 10851 # 11666 # -1 # ID=84_11;partial=00;start_type=ATG;rbs_motif=AGGA;rbs_spacer=5-10bp;gc_cont=0.483	340968
NODE_90_length_97880_cov_8.30861_11   -          PDDEXK_2             PF12784.7    3.9e-09   37.0   0.0   6.2e-09   36.4   0.0   1.3   1   0   0   1   1   1   1 # 10851 # 11666 # -1 # ID=84_11;partial=00;start_type=ATG;rbs_motif=AGGA;rbs_spacer=5-10bp;gc_cont=0.483	171912
NODE_92_length_97434_cov_230.287_85  -          DDE_Tnp_1            PF01609.21   1.9e-13   51.2   0.3   2.6e-13   50.8   0.3   1.1   1   0   0   1   1   1   1 # 88046 # 88774 # -1 # ID=86_85;partial=00;start_type=ATG;rbs_motif=None;rbs_spacer=None;gc_cont=0.416	4425189
NODE_92_length_97434_cov_230.287_85  -          DDE_Tnp_1            PF01609.21   1.9e-13   51.2   0.3   2.6e-13   50.8   0.3   1.1   1   0   0   1   1   1   1 # 88046 # 88774 # -1 # ID=86_85;partial=00;start_type=ATG;rbs_motif=None;rbs_spacer=None;gc_cont=0.416	4425189
NODE_92_length_97434_cov_230.287_85  -          DDE_Tnp_1            PF01609.21   1.9e-13   51.2   0.3   2.6e-13   50.8   0.3   1.1   1   0   0   1   1   1   1 # 88046 # 88774 # -1 # ID=86_85;partial=00;start_type=ATG;rbs_motif=None;rbs_spacer=None;gc_cont=0.416	4425208
NODE_92_length_97434_cov_230.287_85  -          DDE_Tnp_1            PF01609.21   1.9e-13   51.2   0.3   2.6e-13   50.8   0.3   1.1   1   0   0   1   1   1   1 # 88046 # 88774 # -1 # ID=86_85;partial=00;start_type=ATG;rbs_motif=None;rbs_spacer=None;gc_cont=0.416	230604
NODE_92_length_97434_cov_230.287_85  -          DDE_Tnp_1            PF01609.21   1.9e-13   51.2   0.3   2.6e-13   50.8   0.3   1.1   1   0   0   1   1   1   1 # 88046 # 88774 # -1 # ID=86_85;partial=00;start_type=ATG;rbs_motif=None;rbs_spacer=None;gc_cont=0.416	3363449
NODE_92_length_97434_cov_230.287_85  -          DDE_Tnp_1            PF01609.21   1.9e-13   51.2   0.3   2.6e-13   50.8   0.3   1.1   1   0   0   1   1   1   1 # 88046 # 88774 # -1 # ID=86_85;partial=00;start_type=ATG;rbs_motif=None;rbs_spacer=None;gc_cont=0.416	3363449
NODE_92_length_97434_cov_230.287_85  -          DDE_Tnp_1            PF01609.21   1.9e-13   51.2   0.3   2.6e-13   50.8   0.3   1.1   1   0   0   1   1   1   1 # 88046 # 88774 # -1 # ID=86_85;partial=00;start_type=ATG;rbs_motif=None;rbs_spacer=None;gc_cont=0.416	3838932
NODE_96_length_95978_cov_34.7271_79 -          DDE_Tnp_4            PF13359.6    8.7e-23   81.4   0.1   1.1e-22   81.1   0.1   1.0   1   0   0   1   1   1   1 # 93870 # 94334 # -1 # ID=89_79;partial=00;start_type=ATG;rbs_motif=None;rbs_spacer=None;gc_cont=0.387	6779245
NODE_96_length_95978_cov_34.7271_79 -          DDE_Tnp_4            PF13359.6    8.7e-23   81.4   0.1   1.1e-22   81.1   0.1   1.0   1   0   0   1   1   1   1 # 93870 # 94334 # -1 # ID=89_79;partial=00;start_type=ATG;rbs_motif=None;rbs_spacer=None;gc_cont=0.387	82080
NODE_98_length_93107_cov_11.9445_32  -          DEDD_Tnp_IS110       PF01548.17   4.3e-06   27.3   0.0    0.0068   17.0   0.0   2.6   2   0   0   2   2   2   2 # 33760 # 38010 # 1 # ID=91_32;partial=00;start_type=ATG;rbs_motif=GGAGG;rbs_spacer=5-10bp;gc_cont=0.475	4735083
NODE_98_length_93107_cov_11.9445_32  -          DEDD_Tnp_IS110       PF01548.17   4.3e-06   27.3   0.0    0.0068   17.0   0.0   2.6   2   0   0   2   2   2   2 # 33760 # 38010 # 1 # ID=91_32;partial=00;start_type=ATG;rbs_motif=GGAGG;rbs_spacer=5-10bp;gc_cont=0.475	135954
NODE_98_length_93107_cov_11.9445_32  -          DEDD_Tnp_IS110       PF01548.17   4.3e-06   27.3   0.0    0.0068   17.0   0.0   2.6   2   0   0   2   2   2   2 # 33760 # 38010 # 1 # ID=91_32;partial=00;start_type=ATG;rbs_motif=GGAGG;rbs_spacer=5-10bp;gc_cont=0.475	1123411
NODE_115_length_85708_cov_5.12595_1  -          DEDD_Tnp_IS110       PF01548.17   7.4e-43  146.8   0.1   2.6e-42  145.0   0.0   2.0   2   0   0   2   2   2   1 # 133 # 1311 # -1 # ID=104_1;partial=00;start_type=ATG;rbs_motif=GGAGG;rbs_spacer=5-10bp;gc_cont=0.500	3820268
NODE_115_length_85708_cov_5.12595_1  -          Transposase_20       PF02371.16   6.6e-24   84.7   0.0   5.8e-23   81.7   0.0   2.2   2   0   0   2   2   2   1 # 133 # 1311 # -1 # ID=104_1;partial=00;start_type=ATG;rbs_motif=GGAGG;rbs_spacer=5-10bp;gc_cont=0.500	3820268
NODE_115_length_85708_cov_5.12595_1  -          DEDD_Tnp_IS110       PF01548.17   7.4e-43  146.8   0.1   2.6e-42  145.0   0.0   2.0   2   0   0   2   2   2   1 # 133 # 1311 # -1 # ID=104_1;partial=00;start_type=ATG;rbs_motif=GGAGG;rbs_spacer=5-10bp;gc_cont=0.500	1562500
NODE_115_length_85708_cov_5.12595_1  -          Transposase_20       PF02371.16   6.6e-24   84.7   0.0   5.8e-23   81.7   0.0   2.2   2   0   0   2   2   2   1 # 133 # 1311 # -1 # ID=104_1;partial=00;start_type=ATG;rbs_motif=GGAGG;rbs_spacer=5-10bp;gc_cont=0.500	1562500
NODE_115_length_85708_cov_5.12595_1  -          DEDD_Tnp_IS110       PF01548.17   7.4e-43  146.8   0.1   2.6e-42  145.0   0.0   2.0   2   0   0   2   2   2   1 # 133 # 1311 # -1 # ID=104_1;partial=00;start_type=ATG;rbs_motif=GGAGG;rbs_spacer=5-10bp;gc_cont=0.500	6779261
NODE_115_length_85708_cov_5.12595_1  -          Transposase_20       PF02371.16   6.6e-24   84.7   0.0   5.8e-23   81.7   0.0   2.2   2   0   0   2   2   2   1 # 133 # 1311 # -1 # ID=104_1;partial=00;start_type=ATG;rbs_motif=GGAGG;rbs_spacer=5-10bp;gc_cont=0.500	6779261
NODE_115_length_85708_cov_5.12595_1  -          DEDD_Tnp_IS110       PF01548.17   7.4e-43  146.8   0.1   2.6e-42  145.0   0.0   2.0   2   0   0   2   2   2   1 # 133 # 1311 # -1 # ID=104_1;partial=00;start_type=ATG;rbs_motif=GGAGG;rbs_spacer=5-10bp;gc_cont=0.500	699560
NODE_115_length_85708_cov_5.12595_1  -          Transposase_20       PF02371.16   6.6e-24   84.7   0.0   5.8e-23   81.7   0.0   2.2   2   0   0   2   2   2   1 # 133 # 1311 # -1 # ID=104_1;partial=00;start_type=ATG;rbs_motif=GGAGG;rbs_spacer=5-10bp;gc_cont=0.500	699560
NODE_115_length_85708_cov_5.12595_1  -          DEDD_Tnp_IS110       PF01548.17   7.4e-43  146.8   0.1   2.6e-42  145.0   0.0   2.0   2   0   0   2   2   2   1 # 133 # 1311 # -1 # ID=104_1;partial=00;start_type=ATG;rbs_motif=GGAGG;rbs_spacer=5-10bp;gc_cont=0.500	5930049
NODE_115_length_85708_cov_5.12595_1  -          Transposase_20       PF02371.16   6.6e-24   84.7   0.0   5.8e-23   81.7   0.0   2.2   2   0   0   2   2   2   1 # 133 # 1311 # -1 # ID=104_1;partial=00;start_type=ATG;rbs_motif=GGAGG;rbs_spacer=5-10bp;gc_cont=0.500	5930049
NODE_120_length_83261_cov_277.501_73  -          PDDEXK_2             PF12784.7    1.1e-77  261.4   6.5   1.3e-77  261.1   6.5   1.1   1   0   0   1   1   1   1 # 62684 # 63574 # -1 # ID=109_73;partial=00;start_type=ATG;rbs_motif=TAAA;rbs_spacer=12bp;gc_cont=0.456	4688124
NODE_120_length_83261_cov_277.501_73  -          PDDEXK_2             PF12784.7    1.1e-77  261.4   6.5   1.3e-77  261.1   6.5   1.1   1   0   0   1   1   1   1 # 62684 # 63574 # -1 # ID=109_73;partial=00;start_type=ATG;rbs_motif=TAAA;rbs_spacer=12bp;gc_cont=0.456	3978408
NODE_120_length_83261_cov_277.501_73  -          PDDEXK_2             PF12784.7    1.1e-77  261.4   6.5   1.3e-77  261.1   6.5   1.1   1   0   0   1   1   1   1 # 62684 # 63574 # -1 # ID=109_73;partial=00;start_type=ATG;rbs_motif=TAAA;rbs_spacer=12bp;gc_cont=0.456	5929955
NODE_120_length_83261_cov_277.501_73  -          PDDEXK_2             PF12784.7    1.1e-77  261.4   6.5   1.3e-77  261.1   6.5   1.1   1   0   0   1   1   1   1 # 62684 # 63574 # -1 # ID=109_73;partial=00;start_type=ATG;rbs_motif=TAAA;rbs_spacer=12bp;gc_cont=0.456	5929955
NODE_120_length_83261_cov_277.501_73  -          PDDEXK_2             PF12784.7    1.1e-77  261.4   6.5   1.3e-77  261.1   6.5   1.1   1   0   0   1   1   1   1 # 62684 # 63574 # -1 # ID=109_73;partial=00;start_type=ATG;rbs_motif=TAAA;rbs_spacer=12bp;gc_cont=0.456	2135061
NODE_120_length_83261_cov_277.501_73  -          PDDEXK_2             PF12784.7    1.1e-77  261.4   6.5   1.3e-77  261.1   6.5   1.1   1   0   0   1   1   1   1 # 62684 # 63574 # -1 # ID=109_73;partial=00;start_type=ATG;rbs_motif=TAAA;rbs_spacer=12bp;gc_cont=0.456	195861
NODE_153_length_65497_cov_12.1244_35 -          Transposase_31       PF04754.12   4.9e-07   30.2   0.1   1.7e-06   28.5   0.1   1.8   1   1   0   1   1   1   1 # 34873 # 35970 # 1 # ID=136_35;partial=00;start_type=ATG;rbs_motif=None;rbs_spacer=None;gc_cont=0.418	4711280
NODE_153_length_65497_cov_12.1244_35 -          Transposase_31       PF04754.12   4.9e-07   30.2   0.1   1.7e-06   28.5   0.1   1.8   1   1   0   1   1   1   1 # 34873 # 35970 # 1 # ID=136_35;partial=00;start_type=ATG;rbs_motif=None;rbs_spacer=None;gc_cont=0.418	5456445
NODE_155_length_64648_cov_5.2297_58  -          DEDD_Tnp_IS110       PF01548.17   1.2e-36  126.6   0.2     5e-36  124.6   0.0   2.0   2   0   0   2   2   2   1 # 63499 # 64647 # -1 # ID=138_58;partial=01;start_type=Edge;rbs_motif=None;rbs_spacer=None;gc_cont=0.504	2250642
NODE_155_length_64648_cov_5.2297_58  -          Transposase_20       PF02371.16   9.2e-24   84.2   0.0   7.1e-23   81.4   0.0   2.1   2   0   0   2   2   2   1 # 63499 # 64647 # -1 # ID=138_58;partial=01;start_type=Edge;rbs_motif=None;rbs_spacer=None;gc_cont=0.504	2250642
NODE_155_length_64648_cov_5.2297_58  -          DEDD_Tnp_IS110       PF01548.17   1.2e-36  126.6   0.2     5e-36  124.6   0.0   2.0   2   0   0   2   2   2   1 # 63499 # 64647 # -1 # ID=138_58;partial=01;start_type=Edge;rbs_motif=None;rbs_spacer=None;gc_cont=0.504	5930000
NODE_155_length_64648_cov_5.2297_58  -          Transposase_20       PF02371.16   9.2e-24   84.2   0.0   7.1e-23   81.4   0.0   2.1   2   0   0   2   2   2   1 # 63499 # 64647 # -1 # ID=138_58;partial=01;start_type=Edge;rbs_motif=None;rbs_spacer=None;gc_cont=0.504	5930000
NODE_155_length_64648_cov_5.2297_58  -          DEDD_Tnp_IS110       PF01548.17   1.2e-36  126.6   0.2     5e-36  124.6   0.0   2.0   2   0   0   2   2   2   1 # 63499 # 64647 # -1 # ID=138_58;partial=01;start_type=Edge;rbs_motif=None;rbs_spacer=None;gc_cont=0.504	5930000
NODE_155_length_64648_cov_5.2297_58  -          Transposase_20       PF02371.16   9.2e-24   84.2   0.0   7.1e-23   81.4   0.0   2.1   2   0   0   2   2   2   1 # 63499 # 64647 # -1 # ID=138_58;partial=01;start_type=Edge;rbs_motif=None;rbs_spacer=None;gc_cont=0.504	5930000
NODE_155_length_64648_cov_5.2297_58  -          DEDD_Tnp_IS110       PF01548.17   1.2e-36  126.6   0.2     5e-36  124.6   0.0   2.0   2   0   0   2   2   2   1 # 63499 # 64647 # -1 # ID=138_58;partial=01;start_type=Edge;rbs_motif=None;rbs_spacer=None;gc_cont=0.504	1483702
NODE_155_length_64648_cov_5.2297_58  -          Transposase_20       PF02371.16   9.2e-24   84.2   0.0   7.1e-23   81.4   0.0   2.1   2   0   0   2   2   2   1 # 63499 # 64647 # -1 # ID=138_58;partial=01;start_type=Edge;rbs_motif=None;rbs_spacer=None;gc_cont=0.504	1483702
NODE_155_length_64648_cov_5.2297_58  -          DEDD_Tnp_IS110       PF01548.17   1.2e-36  126.6   0.2     5e-36  124.6   0.0   2.0   2   0   0   2   2   2   1 # 63499 # 64647 # -1 # ID=138_58;partial=01;start_type=Edge;rbs_motif=None;rbs_spacer=None;gc_cont=0.504	170664
NODE_155_length_64648_cov_5.2297_58  -          Transposase_20       PF02371.16   9.2e-24   84.2   0.0   7.1e-23   81.4   0.0   2.1   2   0   0   2   2   2   1 # 63499 # 64647 # -1 # ID=138_58;partial=01;start_type=Edge;rbs_motif=None;rbs_spacer=None;gc_cont=0.504	170664
NODE_155_length_64648_cov_5.2297_58  -          DEDD_Tnp_IS110       PF01548.17   1.2e-36  126.6   0.2     5e-36  124.6   0.0   2.0   2   0   0   2   2   2   1 # 63499 # 64647 # -1 # ID=138_58;partial=01;start_type=Edge;rbs_motif=None;rbs_spacer=None;gc_cont=0.504	2235113
NODE_155_length_64648_cov_5.2297_58  -          Transposase_20       PF02371.16   9.2e-24   84.2   0.0   7.1e-23   81.4   0.0   2.1   2   0   0   2   2   2   1 # 63499 # 64647 # -1 # ID=138_58;partial=01;start_type=Edge;rbs_motif=None;rbs_spacer=None;gc_cont=0.504	2235113
NODE_155_length_64648_cov_5.2297_58  -          DEDD_Tnp_IS110       PF01548.17   1.2e-36  126.6   0.2     5e-36  124.6   0.0   2.0   2   0   0   2   2   2   1 # 63499 # 64647 # -1 # ID=138_58;partial=01;start_type=Edge;rbs_motif=None;rbs_spacer=None;gc_cont=0.504	131184
NODE_155_length_64648_cov_5.2297_58  -          Transposase_20       PF02371.16   9.2e-24   84.2   0.0   7.1e-23   81.4   0.0   2.1   2   0   0   2   2   2   1 # 63499 # 64647 # -1 # ID=138_58;partial=01;start_type=Edge;rbs_motif=None;rbs_spacer=None;gc_cont=0.504	131184
NODE_155_length_64648_cov_5.2297_58  -          DEDD_Tnp_IS110       PF01548.17   1.2e-36  126.6   0.2     5e-36  124.6   0.0   2.0   2   0   0   2   2   2   1 # 63499 # 64647 # -1 # ID=138_58;partial=01;start_type=Edge;rbs_motif=None;rbs_spacer=None;gc_cont=0.504	3137328
NODE_155_length_64648_cov_5.2297_58  -          Transposase_20       PF02371.16   9.2e-24   84.2   0.0   7.1e-23   81.4   0.0   2.1   2   0   0   2   2   2   1 # 63499 # 64647 # -1 # ID=138_58;partial=01;start_type=Edge;rbs_motif=None;rbs_spacer=None;gc_cont=0.504	3137328
NODE_155_length_64648_cov_5.2297_58  -          DEDD_Tnp_IS110       PF01548.17   1.2e-36  126.6   0.2     5e-36  124.6   0.0   2.0   2   0   0   2   2   2   1 # 63499 # 64647 # -1 # ID=138_58;partial=01;start_type=Edge;rbs_motif=None;rbs_spacer=None;gc_cont=0.504	3820268
NODE_155_length_64648_cov_5.2297_58  -          Transposase_20       PF02371.16   9.2e-24   84.2   0.0   7.1e-23   81.4   0.0   2.1   2   0   0   2   2   2   1 # 63499 # 64647 # -1 # ID=138_58;partial=01;start_type=Edge;rbs_motif=None;rbs_spacer=None;gc_cont=0.504	3820268
NODE_167_length_59352_cov_38.1865_19  -          PDDEXK_2             PF12784.7    4.9e-07   30.2   0.1   2.5e-06   27.9   0.1   1.9   1   1   0   1   1   1   1 # 22470 # 23096 # 1 # ID=147_19;partial=00;start_type=GTG;rbs_motif=None;rbs_spacer=None;gc_cont=0.461	396776
NODE_167_length_59352_cov_38.1865_19  -          PDDEXK_2             PF12784.7    4.9e-07   30.2   0.1   2.5e-06   27.9   0.1   1.9   1   1   0   1   1   1   1 # 22470 # 23096 # 1 # ID=147_19;partial=00;start_type=GTG;rbs_motif=None;rbs_spacer=None;gc_cont=0.461	247259
NODE_221_length_44920_cov_6.83428_29 -          Y1_Tnp               PF01797.16   1.2e-10   42.2   0.5   1.4e-10   42.0   0.5   1.0   1   0   0   1   1   1   1 # 32987 # 33166 # -1 # ID=186_29;partial=00;start_type=ATG;rbs_motif=AGGAG;rbs_spacer=5-10bp;gc_cont=0.339	227815
NODE_221_length_44920_cov_6.83428_29 -          Y1_Tnp               PF01797.16   1.2e-10   42.2   0.5   1.4e-10   42.0   0.5   1.0   1   0   0   1   1   1   1 # 32987 # 33166 # -1 # ID=186_29;partial=00;start_type=ATG;rbs_motif=AGGAG;rbs_spacer=5-10bp;gc_cont=0.339	6779272
NODE_229_length_42313_cov_331.44_34   -          HTH_Tnp_1            PF01527.20   4.3e-08   34.0   0.7   8.3e-08   33.1   0.1   1.8   2   0   0   2   2   2   1 # 20135 # 20692 # 1 # ID=192_34;partial=00;start_type=ATG;rbs_motif=TAA;rbs_spacer=11bp;gc_cont=0.450	2549843
NODE_229_length_42313_cov_331.44_34  -          HTH_Tnp_1_2          PF13022.6    1.6e-09   38.6   0.1   2.8e-09   37.8   0.1   1.4   1   0   0   1   1   1   1 # 20135 # 20692 # 1 # ID=192_34;partial=00;start_type=ATG;rbs_motif=TAA;rbs_spacer=11bp;gc_cont=0.450	2549843
NODE_229_length_42313_cov_331.44_34   -          HTH_Tnp_1            PF01527.20   4.3e-08   34.0   0.7   8.3e-08   33.1   0.1   1.8   2   0   0   2   2   2   1 # 20135 # 20692 # 1 # ID=192_34;partial=00;start_type=ATG;rbs_motif=TAA;rbs_spacer=11bp;gc_cont=0.450	1478402
NODE_229_length_42313_cov_331.44_34  -          HTH_Tnp_1_2          PF13022.6    1.6e-09   38.6   0.1   2.8e-09   37.8   0.1   1.4   1   0   0   1   1   1   1 # 20135 # 20692 # 1 # ID=192_34;partial=00;start_type=ATG;rbs_motif=TAA;rbs_spacer=11bp;gc_cont=0.450	1478402
NODE_238_length_39280_cov_5.10985_18 -          DDE_Tnp_1_6          PF13751.6    4.6e-11   43.7   0.1   5.1e-11   43.5   0.1   1.0   1   0   0   1   1   1   1 # 19819 # 20106 # 1 # ID=198_18;partial=00;start_type=TTG;rbs_motif=GGA/GAG/AGG;rbs_spacer=5-10bp;gc_cont=0.517	1061571
NODE_238_length_39280_cov_5.10985_18 -          DDE_Tnp_1_6          PF13751.6    4.6e-11   43.7   0.1   5.1e-11   43.5   0.1   1.0   1   0   0   1   1   1   1 # 19819 # 20106 # 1 # ID=198_18;partial=00;start_type=TTG;rbs_motif=GGA/GAG/AGG;rbs_spacer=5-10bp;gc_cont=0.517	5929968
NODE_238_length_39280_cov_5.10985_18 -          DDE_Tnp_1_6          PF13751.6    4.6e-11   43.7   0.1   5.1e-11   43.5   0.1   1.0   1   0   0   1   1   1   1 # 19819 # 20106 # 1 # ID=198_18;partial=00;start_type=TTG;rbs_motif=GGA/GAG/AGG;rbs_spacer=5-10bp;gc_cont=0.517	3363474
NODE_238_length_39280_cov_5.10985_18 -          DDE_Tnp_1_6          PF13751.6    4.6e-11   43.7   0.1   5.1e-11   43.5   0.1   1.0   1   0   0   1   1   1   1 # 19819 # 20106 # 1 # ID=198_18;partial=00;start_type=TTG;rbs_motif=GGA/GAG/AGG;rbs_spacer=5-10bp;gc_cont=0.517	3363474
NODE_238_length_39280_cov_5.10985_18 -          DDE_Tnp_1_6          PF13751.6    4.6e-11   43.7   0.1   5.1e-11   43.5   0.1   1.0   1   0   0   1   1   1   1 # 19819 # 20106 # 1 # ID=198_18;partial=00;start_type=TTG;rbs_motif=GGA/GAG/AGG;rbs_spacer=5-10bp;gc_cont=0.517	4425234
NODE_238_length_39280_cov_5.10985_18 -          DDE_Tnp_1_6          PF13751.6    4.6e-11   43.7   0.1   5.1e-11   43.5   0.1   1.0   1   0   0   1   1   1   1 # 19819 # 20106 # 1 # ID=198_18;partial=00;start_type=TTG;rbs_motif=GGA/GAG/AGG;rbs_spacer=5-10bp;gc_cont=0.517	2744472
NODE_262_length_33012_cov_3.85636_11 -          OrfB_IS605           PF01385.19   9.5e-13   49.1   1.7   2.1e-12   48.0   1.7   1.6   1   0   0   1   1   1   1 # 10676 # 11839 # -1 # ID=213_11;partial=00;start_type=ATG;rbs_motif=AGGAGG;rbs_spacer=5-10bp;gc_cont=0.348	5758592
NODE_262_length_33012_cov_3.85636_11 -          OrfB_Zn_ribbon       PF07282.11     9e-21   74.2   1.4   2.4e-20   72.8   1.4   1.8   1   0   0   1   1   1   1 # 10676 # 11839 # -1 # ID=213_11;partial=00;start_type=ATG;rbs_motif=AGGAGG;rbs_spacer=5-10bp;gc_cont=0.348	5758592
NODE_262_length_33012_cov_3.85636_20  -          PDDEXK_2             PF12784.7    1.9e-47  162.4   0.2   2.7e-47  161.9   0.2   1.2   1   0   0   1   1   1   1 # 18974 # 19906 # -1 # ID=213_20;partial=00;start_type=ATG;rbs_motif=AGGAGG;rbs_spacer=5-10bp;gc_cont=0.372	5758592
NODE_262_length_33012_cov_3.85636_11 -          OrfB_IS605           PF01385.19   9.5e-13   49.1   1.7   2.1e-12   48.0   1.7   1.6   1   0   0   1   1   1   1 # 10676 # 11839 # -1 # ID=213_11;partial=00;start_type=ATG;rbs_motif=AGGAGG;rbs_spacer=5-10bp;gc_cont=0.348	5758592
NODE_262_length_33012_cov_3.85636_11 -          OrfB_Zn_ribbon       PF07282.11     9e-21   74.2   1.4   2.4e-20   72.8   1.4   1.8   1   0   0   1   1   1   1 # 10676 # 11839 # -1 # ID=213_11;partial=00;start_type=ATG;rbs_motif=AGGAGG;rbs_spacer=5-10bp;gc_cont=0.348	5758592
NODE_262_length_33012_cov_3.85636_20  -          PDDEXK_2             PF12784.7    1.9e-47  162.4   0.2   2.7e-47  161.9   0.2   1.2   1   0   0   1   1   1   1 # 18974 # 19906 # -1 # ID=213_20;partial=00;start_type=ATG;rbs_motif=AGGAGG;rbs_spacer=5-10bp;gc_cont=0.372	5758592
NODE_334_length_21776_cov_6.30542_13  -          DDE_Tnp_IS66         PF03050.14   6.2e-86  289.0   0.7   1.3e-85  287.9   0.0   1.7   2   0   0   2   2   2   1 # 11264 # 12901 # 1 # ID=255_13;partial=00;start_type=GTG;rbs_motif=GGAG/GAGG;rbs_spacer=5-10bp;gc_cont=0.435	2699818
NODE_334_length_21776_cov_6.30542_13  -          DDE_Tnp_IS66_C       PF13817.6      3e-13   50.4   2.5     1e-12   48.7   0.1   2.5   2   0   0   2   2   2   1 # 11264 # 12901 # 1 # ID=255_13;partial=00;start_type=GTG;rbs_motif=GGAG/GAGG;rbs_spacer=5-10bp;gc_cont=0.435	2699818
NODE_334_length_21776_cov_6.30542_13 -          LZ_Tnp_IS66          PF13007.7    2.1e-09   38.7   1.2   4.7e-09   37.5   1.2   1.6   1   0   0   1   1   1   1 # 11264 # 12901 # 1 # ID=255_13;partial=00;start_type=GTG;rbs_motif=GGAG/GAGG;rbs_spacer=5-10bp;gc_cont=0.435	2699818
NODE_334_length_21776_cov_6.30542_13 -          zf-IS66              PF13005.7    3.5e-13   50.4   0.5   7.1e-13   49.4   0.5   1.6   1   0   0   1   1   1   1 # 11264 # 12901 # 1 # ID=255_13;partial=00;start_type=GTG;rbs_motif=GGAG/GAGG;rbs_spacer=5-10bp;gc_cont=0.435	2699818
NODE_392_length_17320_cov_627.433_9  -          DDE_Tnp_1            PF01609.21   1.3e-09   38.7   0.0   1.8e-09   38.2   0.0   1.1   1   0   0   1   1   1   1 # 6282 # 6698 # -1 # ID=287_9;partial=00;start_type=ATG;rbs_motif=AAA;rbs_spacer=11bp;gc_cont=0.424	1139785
NODE_392_length_17320_cov_627.433_9 -          DDE_Tnp_1_4          PF13701.6    7.1e-08   31.8   0.0   8.9e-08   31.5   0.0   1.0   1   0   0   1   1   1   1 # 6282 # 6698 # -1 # ID=287_9;partial=00;start_type=ATG;rbs_motif=AAA;rbs_spacer=11bp;gc_cont=0.424	1139785
NODE_415_length_15864_cov_3.97432_1   -          PDDEXK_2             PF12784.7    4.3e-17   63.1   8.2   4.3e-17   63.1   8.2   2.2   1   1   1   2   2   2   1 # 130 # 1266 # -1 # ID=301_1;partial=00;start_type=ATG;rbs_motif=GGAG/GAGG;rbs_spacer=5-10bp;gc_cont=0.338	5929957
NODE_435_length_15236_cov_10.2246_11  -          PDDEXK_2             PF12784.7    3.4e-06   27.5   1.3   3.4e-06   27.5   1.3   2.0   2   0   0   2   2   2   1 # 5918 # 6874 # 1 # ID=311_11;partial=00;start_type=GTG;rbs_motif=AGGAG;rbs_spacer=5-10bp;gc_cont=0.406	1565904
NODE_435_length_15236_cov_10.2246_11  -          PDDEXK_2             PF12784.7    3.4e-06   27.5   1.3   3.4e-06   27.5   1.3   2.0   2   0   0   2   2   2   1 # 5918 # 6874 # 1 # ID=311_11;partial=00;start_type=GTG;rbs_motif=AGGAG;rbs_spacer=5-10bp;gc_cont=0.406	6492888
NODE_504_length_12628_cov_14.0705_1  -          DDE_Tnp_1            PF01609.21   2.4e-07   31.3   0.0   2.8e-07   31.1   0.0   1.3   1   0   0   1   1   1   1 # 327 # 761 # 1 # ID=340_1;partial=00;start_type=ATG;rbs_motif=None;rbs_spacer=None;gc_cont=0.349	1041824
NODE_504_length_12628_cov_14.0705_1  -          DDE_Tnp_1_6          PF13751.6    9.8e-06   26.5   0.0   1.6e-05   25.8   0.0   1.4   1   0   0   1   1   1   1 # 327 # 761 # 1 # ID=340_1;partial=00;start_type=ATG;rbs_motif=None;rbs_spacer=None;gc_cont=0.349	1041824
NODE_594_length_10606_cov_13.3933_11 -          DDE_Tnp_1            PF01609.21   2.9e-09   37.5   0.2   4.8e-09   36.8   0.1   1.3   1   1   0   1   1   1   1 # 9788 # 10606 # -1 # ID=381_11;partial=01;start_type=Edge;rbs_motif=None;rbs_spacer=None;gc_cont=0.381	4803182
NODE_594_length_10606_cov_13.3933_11 -          DDE_Tnp_1_6          PF13751.6    1.7e-27   96.8   4.8   1.7e-27   96.8   4.8   1.5   2   0   0   2   2   2   1 # 9788 # 10606 # -1 # ID=381_11;partial=01;start_type=Edge;rbs_motif=None;rbs_spacer=None;gc_cont=0.381	4803182
NODE_802_length_8356_cov_648.597_10  -          DDE_Tnp_1            PF01609.21   1.4e-36  126.9   0.9   1.9e-36  126.4   0.9   1.2   1   0   0   1   1   1   1 # 5704 # 6867 # 1 # ID=456_10;partial=00;start_type=ATG;rbs_motif=TAA;rbs_spacer=11bp;gc_cont=0.370	2315006
NODE_907_length_7584_cov_3.51866_9    -          PDDEXK_2             PF12784.7    2.4e-10   41.0   6.8   4.4e-10   40.2   6.8   1.5   1   1   0   1   1   1   1 # 6617 # 7516 # -1 # ID=499_9;partial=00;start_type=ATG;rbs_motif=GGA/GAG/AGG;rbs_spacer=5-10bp;gc_cont=0.414	129957
NODE_907_length_7584_cov_3.51866_9    -          PDDEXK_2             PF12784.7    2.4e-10   41.0   6.8   4.4e-10   40.2   6.8   1.5   1   1   0   1   1   1   1 # 6617 # 7516 # -1 # ID=499_9;partial=00;start_type=ATG;rbs_motif=GGA/GAG/AGG;rbs_spacer=5-10bp;gc_cont=0.414	3040783
NODE_1038_length_6931_cov_4.73546_2   -          DDE_Tnp_IS66         PF03050.14   9.5e-79  265.5   0.1   1.2e-78  265.1   0.1   1.1   1   0   0   1   1   1   1 # 933 # 2558 # -1 # ID=528_2;partial=00;start_type=ATG;rbs_motif=AGGAG;rbs_spacer=5-10bp;gc_cont=0.395	6779280
NODE_1038_length_6931_cov_4.73546_2   -          DDE_Tnp_IS66_C       PF13817.6    1.4e-09   38.6   0.1   5.2e-09   36.8   0.1   2.1   1   0   0   1   1   1   1 # 933 # 2558 # -1 # ID=528_2;partial=00;start_type=ATG;rbs_motif=AGGAG;rbs_spacer=5-10bp;gc_cont=0.395	6779280
NODE_1038_length_6931_cov_4.73546_2  -          LZ_Tnp_IS66          PF13007.7      6e-06   27.6   0.7   1.2e-05   26.6   0.1   1.8   2   0   0   2   2   2   1 # 933 # 2558 # -1 # ID=528_2;partial=00;start_type=ATG;rbs_motif=AGGAG;rbs_spacer=5-10bp;gc_cont=0.395	6779280
NODE_1038_length_6931_cov_4.73546_1  -          Y1_Tnp               PF01797.16   9.2e-40  136.2   1.4   1.1e-39  135.9   1.4   1.1   1   0   0   1   1   1   1 # 286 # 741 # -1 # ID=528_1;partial=00;start_type=ATG;rbs_motif=AGGA;rbs_spacer=5-10bp;gc_cont=0.333	6779280
NODE_1073_length_6778_cov_4.81288_5  -          DEDD_Tnp_IS110       PF01548.17   4.7e-44  150.6   0.3   1.2e-43  149.3   0.2   1.7   2   0   0   2   2   2   1 # 5214 # 6401 # 1 # ID=534_5;partial=00;start_type=ATG;rbs_motif=GGA/GAG/AGG;rbs_spacer=5-10bp;gc_cont=0.492	75657
NODE_1073_length_6778_cov_4.81288_5  -          Transposase_20       PF02371.16   8.6e-30  103.5   0.0   1.6e-29  102.7   0.0   1.5   1   0   0   1   1   1   1 # 5214 # 6401 # 1 # ID=534_5;partial=00;start_type=ATG;rbs_motif=GGA/GAG/AGG;rbs_spacer=5-10bp;gc_cont=0.492	75657
NODE_1073_length_6778_cov_4.81288_5  -          DEDD_Tnp_IS110       PF01548.17   4.7e-44  150.6   0.3   1.2e-43  149.3   0.2   1.7   2   0   0   2   2   2   1 # 5214 # 6401 # 1 # ID=534_5;partial=00;start_type=ATG;rbs_motif=GGA/GAG/AGG;rbs_spacer=5-10bp;gc_cont=0.492	435695
NODE_1073_length_6778_cov_4.81288_5  -          Transposase_20       PF02371.16   8.6e-30  103.5   0.0   1.6e-29  102.7   0.0   1.5   1   0   0   1   1   1   1 # 5214 # 6401 # 1 # ID=534_5;partial=00;start_type=ATG;rbs_motif=GGA/GAG/AGG;rbs_spacer=5-10bp;gc_cont=0.492	435695
NODE_1568_length_5035_cov_4.29036_3  -          Y1_Tnp               PF01797.16   4.4e-07   30.7   0.5   8.1e-07   29.8   0.5   1.4   1   1   0   1   1   1   1 # 466 # 777 # -1 # ID=644_3;partial=00;start_type=ATG;rbs_motif=GGAGG;rbs_spacer=5-10bp;gc_cont=0.503	1427095
NODE_1568_length_5035_cov_4.29036_3  -          Y1_Tnp               PF01797.16   4.4e-07   30.7   0.5   8.1e-07   29.8   0.5   1.4   1   1   0   1   1   1   1 # 466 # 777 # -1 # ID=644_3;partial=00;start_type=ATG;rbs_motif=GGAGG;rbs_spacer=5-10bp;gc_cont=0.503	6779262
NODE_1692_length_4783_cov_3.71404_1   -          PDDEXK_2             PF12784.7    1.3e-21   77.9   0.5   1.5e-21   77.7   0.5   1.0   1   0   0   1   1   1   1 # 1 # 402 # -1 # ID=668_1;partial=10;start_type=ATG;rbs_motif=AGGAG;rbs_spacer=5-10bp;gc_cont=0.400	787549
NODE_1704_length_4745_cov_2.59232_2   -          DDE_Tnp_IS240        PF13610.6    1.5e-07   32.4   0.0     3e-07   31.4   0.0   1.4   1   0   0   1   1   1   1 # 1327 # 2271 # -1 # ID=669_2;partial=00;start_type=ATG;rbs_motif=GGA/GAG/AGG;rbs_spacer=5-10bp;gc_cont=0.577	103307
NODE_1722_length_4701_cov_3.1313_7   -          OrfB_IS605           PF01385.19   2.5e-25   89.7   1.1   2.5e-25   89.7   1.1   1.9   2   0   0   2   2   2   1 # 2357 # 3478 # 1 # ID=676_7;partial=00;start_type=ATG;rbs_motif=GGA/GAG/AGG;rbs_spacer=11-12bp;gc_cont=0.447	4425209
NODE_1722_length_4701_cov_3.1313_7   -          OrfB_Zn_ribbon       PF07282.11   1.7e-23   83.0   0.1   3.3e-23   82.0   0.1   1.5   1   0   0   1   1   1   1 # 2357 # 3478 # 1 # ID=676_7;partial=00;start_type=ATG;rbs_motif=GGA/GAG/AGG;rbs_spacer=11-12bp;gc_cont=0.447	4425209
NODE_1814_length_4537_cov_10.224_1   -          DEDD_Tnp_IS110       PF01548.17   7.8e-33  114.2   0.2   1.9e-32  112.9   0.1   1.7   2   0   0   2   2   2   1 # 175 # 1386 # -1 # ID=693_1;partial=00;start_type=ATG;rbs_motif=AGGAG;rbs_spacer=5-10bp;gc_cont=0.400	651317
NODE_1814_length_4537_cov_10.224_1   -          Transposase_20       PF02371.16   1.7e-19   70.6   0.0   2.9e-19   69.8   0.0   1.4   1   0   0   1   1   1   1 # 175 # 1386 # -1 # ID=693_1;partial=00;start_type=ATG;rbs_motif=AGGAG;rbs_spacer=5-10bp;gc_cont=0.400	651317
NODE_1814_length_4537_cov_10.224_3   -          Y1_Tnp               PF01797.16   1.4e-38  132.3   0.5   1.6e-38  132.2   0.5   1.0   1   0   0   1   1   1   1 # 3519 # 3929 # 1 # ID=693_3;partial=00;start_type=ATG;rbs_motif=None;rbs_spacer=None;gc_cont=0.440	651317
NODE_1989_length_4254_cov_4.10836_4  -          MULE                 PF10551.9    2.4e-06   28.5   0.0   1.3e-05   26.1   0.0   2.2   2   0   0   2   2   2   1 # 1120 # 2361 # -1 # ID=725_4;partial=00;start_type=ATG;rbs_motif=AGGAGG;rbs_spacer=5-10bp;gc_cont=0.386	4425212
NODE_1989_length_4254_cov_4.10836_4   -          Transposase_mut      PF00872.18  4.9e-116  388.4   0.9    6e-116  388.1   0.9   1.0   1   0   0   1   1   1   1 # 1120 # 2361 # -1 # ID=725_4;partial=00;start_type=ATG;rbs_motif=AGGAGG;rbs_spacer=5-10bp;gc_cont=0.386	4425212
NODE_1989_length_4254_cov_4.10836_4  -          MULE                 PF10551.9    2.4e-06   28.5   0.0   1.3e-05   26.1   0.0   2.2   2   0   0   2   2   2   1 # 1120 # 2361 # -1 # ID=725_4;partial=00;start_type=ATG;rbs_motif=AGGAGG;rbs_spacer=5-10bp;gc_cont=0.386	480724
NODE_1989_length_4254_cov_4.10836_4   -          Transposase_mut      PF00872.18  4.9e-116  388.4   0.9    6e-116  388.1   0.9   1.0   1   0   0   1   1   1   1 # 1120 # 2361 # -1 # ID=725_4;partial=00;start_type=ATG;rbs_motif=AGGAGG;rbs_spacer=5-10bp;gc_cont=0.386	480724
NODE_2050_length_4173_cov_5.96236_1  -          Y1_Tnp               PF01797.16   1.3e-38  132.4   0.1   1.5e-38  132.3   0.1   1.0   1   0   0   1   1   1   1 # 395 # 772 # 1 # ID=737_1;partial=00;start_type=TTG;rbs_motif=GGA/GAG/AGG;rbs_spacer=11-12bp;gc_cont=0.405	432028
NODE_2742_length_3313_cov_2.29466_1   -          DDE_Tnp_IS66         PF03050.14   6.2e-85  285.7   0.0   1.4e-84  284.6   0.0   1.6   2   0   0   2   2   2   1 # 42 # 1670 # -1 # ID=842_1;partial=00;start_type=GTG;rbs_motif=AGGAG;rbs_spacer=5-10bp;gc_cont=0.487	2699818
NODE_2742_length_3313_cov_2.29466_1   -          DDE_Tnp_IS66_C       PF13817.6    7.4e-12   45.9   0.7   2.7e-11   44.2   0.0   2.2   2   0   0   2   2   2   1 # 42 # 1670 # -1 # ID=842_1;partial=00;start_type=GTG;rbs_motif=AGGAG;rbs_spacer=5-10bp;gc_cont=0.487	2699818
NODE_2742_length_3313_cov_2.29466_1  -          LZ_Tnp_IS66          PF13007.7      3e-10   41.4   4.5   6.6e-10   40.3   4.5   1.6   1   0   0   1   1   1   1 # 42 # 1670 # -1 # ID=842_1;partial=00;start_type=GTG;rbs_motif=AGGAG;rbs_spacer=5-10bp;gc_cont=0.487	2699818
NODE_2742_length_3313_cov_2.29466_1  -          zf-IS66              PF13005.7    9.1e-15   55.4   0.9   1.7e-14   54.6   0.9   1.5   1   0   0   1   1   1   1 # 42 # 1670 # -1 # ID=842_1;partial=00;start_type=GTG;rbs_motif=AGGAG;rbs_spacer=5-10bp;gc_cont=0.487	2699818
NODE_3136_length_2992_cov_3.34014_2 -          Y2_Tnp               PF04986.13     4e-35  122.2   0.1   5.9e-35  121.6   0.1   1.3   1   0   0   1   1   1   1 # 2107 # 2991 # 1 # ID=898_2;partial=01;start_type=ATG;rbs_motif=None;rbs_spacer=None;gc_cont=0.443	2240133
NODE_3136_length_2992_cov_3.34014_2 -          Zn_Tnp_IS91          PF14319.6      1e-24   87.0   1.8     2e-24   86.1   1.8   1.4   1   0   0   1   1   1   1 # 2107 # 2991 # 1 # ID=898_2;partial=01;start_type=ATG;rbs_motif=None;rbs_spacer=None;gc_cont=0.443	2240133
NODE_3136_length_2992_cov_3.34014_2 -          Y2_Tnp               PF04986.13     4e-35  122.2   0.1   5.9e-35  121.6   0.1   1.3   1   0   0   1   1   1   1 # 2107 # 2991 # 1 # ID=898_2;partial=01;start_type=ATG;rbs_motif=None;rbs_spacer=None;gc_cont=0.443	2240133
NODE_3136_length_2992_cov_3.34014_2 -          Zn_Tnp_IS91          PF14319.6      1e-24   87.0   1.8     2e-24   86.1   1.8   1.4   1   0   0   1   1   1   1 # 2107 # 2991 # 1 # ID=898_2;partial=01;start_type=ATG;rbs_motif=None;rbs_spacer=None;gc_cont=0.443	2240133
NODE_3136_length_2992_cov_3.34014_2 -          Y2_Tnp               PF04986.13     4e-35  122.2   0.1   5.9e-35  121.6   0.1   1.3   1   0   0   1   1   1   1 # 2107 # 2991 # 1 # ID=898_2;partial=01;start_type=ATG;rbs_motif=None;rbs_spacer=None;gc_cont=0.443	738428
NODE_3136_length_2992_cov_3.34014_2 -          Zn_Tnp_IS91          PF14319.6      1e-24   87.0   1.8     2e-24   86.1   1.8   1.4   1   0   0   1   1   1   1 # 2107 # 2991 # 1 # ID=898_2;partial=01;start_type=ATG;rbs_motif=None;rbs_spacer=None;gc_cont=0.443	738428
NODE_3218_length_2931_cov_3.66342_2  -          DEDD_Tnp_IS110       PF01548.17     2e-35  122.6   0.0   3.2e-35  122.0   0.0   1.3   1   0   0   1   1   1   1 # 1370 # 2572 # 1 # ID=906_2;partial=00;start_type=ATG;rbs_motif=GGAGG;rbs_spacer=5-10bp;gc_cont=0.480	111030
NODE_3218_length_2931_cov_3.66342_1  -          DEDD_Tnp_IS110       PF01548.17   1.4e-13   51.6   1.5   2.2e-13   51.1   0.8   1.7   2   0   0   2   2   2   1 # 2 # 973 # 1 # ID=906_1;partial=10;start_type=Edge;rbs_motif=None;rbs_spacer=None;gc_cont=0.536	111030
NODE_3218_length_2931_cov_3.66342_2  -          Transposase_20       PF02371.16   2.2e-20   73.4   0.0   4.2e-20   72.5   0.0   1.4   1   0   0   1   1   1   1 # 1370 # 2572 # 1 # ID=906_2;partial=00;start_type=ATG;rbs_motif=GGAGG;rbs_spacer=5-10bp;gc_cont=0.480	111030
NODE_3218_length_2931_cov_3.66342_1  -          Transposase_20       PF02371.16   1.5e-17   64.4   0.0   2.9e-17   63.4   0.0   1.5   1   0   0   1   1   1   1 # 2 # 973 # 1 # ID=906_1;partial=10;start_type=Edge;rbs_motif=None;rbs_spacer=None;gc_cont=0.536	111030
NODE_3795_length_2588_cov_10.1165_3   -          HTH_Tnp_1            PF01527.20   4.3e-17   62.9   0.0   2.3e-05   25.3   0.0   3.4   1   1   2   3   3   3   3 # 1323 # 2009 # -1 # ID=974_3;partial=00;start_type=ATG;rbs_motif=GGxGG;rbs_spacer=5-10bp;gc_cont=0.370	1282643
NODE_4164_length_2409_cov_1.98938_4  -          OrfB_IS605           PF01385.19   2.5e-20   73.5   1.6   2.5e-20   73.5   1.6   1.7   2   0   0   2   2   2   1 # 1608 # 2408 # 1 # ID=1025_4;partial=01;start_type=TTG;rbs_motif=GGAG/GAGG;rbs_spacer=5-10bp;gc_cont=0.411	2323772
NODE_4164_length_2409_cov_1.98938_3  -          Y1_Tnp               PF01797.16   9.1e-39  133.0   1.1   1.4e-38  132.3   1.1   1.3   1   0   0   1   1   1   1 # 1108 # 1611 # 1 # ID=1025_3;partial=00;start_type=TTG;rbs_motif=AGxAGG/AGGxGG;rbs_spacer=5-10bp;gc_cont=0.373	2323772
NODE_4164_length_2409_cov_1.98938_4  -          OrfB_IS605           PF01385.19   2.5e-20   73.5   1.6   2.5e-20   73.5   1.6   1.7   2   0   0   2   2   2   1 # 1608 # 2408 # 1 # ID=1025_4;partial=01;start_type=TTG;rbs_motif=GGAG/GAGG;rbs_spacer=5-10bp;gc_cont=0.411	2323772
NODE_4164_length_2409_cov_1.98938_3  -          Y1_Tnp               PF01797.16   9.1e-39  133.0   1.1   1.4e-38  132.3   1.1   1.3   1   0   0   1   1   1   1 # 1108 # 1611 # 1 # ID=1025_3;partial=00;start_type=TTG;rbs_motif=AGxAGG/AGGxGG;rbs_spacer=5-10bp;gc_cont=0.373	2323772
NODE_4495_length_2264_cov_5.98053_1  -          DDE_Tnp_1            PF01609.21   1.3e-13   51.7   0.0   1.9e-13   51.2   0.0   1.3   1   0   0   1   1   1   1 # 225 # 1505 # -1 # ID=1056_1;partial=00;start_type=ATG;rbs_motif=AGGAGG;rbs_spacer=5-10bp;gc_cont=0.375	3846489
NODE_5655_length_1873_cov_15.1111_1  -          DDE_Tnp_1            PF01609.21   2.7e-15   57.2   0.0     7e-15   55.9   0.0   1.7   1   1   0   1   1   1   1 # 90 # 1277 # -1 # ID=1159_1;partial=00;start_type=GTG;rbs_motif=None;rbs_spacer=None;gc_cont=0.452	6779335
NODE_5655_length_1873_cov_15.1111_1 -          DDE_Tnp_2            PF04693.12   5.1e-06   26.6   0.0   1.9e-05   24.7   0.0   1.8   1   1   0   2   2   2   1 # 90 # 1277 # -1 # ID=1159_1;partial=00;start_type=GTG;rbs_motif=None;rbs_spacer=None;gc_cont=0.452	6779335
NODE_5742_length_1849_cov_3.01171_1   -          Transposase_mut      PF00872.18   1.1e-08   35.1   0.7   4.3e-08   33.1   0.2   2.0   1   1   1   2   2   2   1 # 62 # 1183 # -1 # ID=1170_1;partial=00;start_type=ATG;rbs_motif=GGAG/GAGG;rbs_spacer=5-10bp;gc_cont=0.373	1974352
NODE_6152_length_1746_cov_3.23832_2  -          MULE                 PF10551.9    3.8e-07   31.1   0.3     9e-07   29.9   0.3   1.7   1   0   0   1   1   1   1 # 283 # 1395 # -1 # ID=1204_2;partial=00;start_type=ATG;rbs_motif=GGAGG;rbs_spacer=5-10bp;gc_cont=0.369	528820
NODE_6152_length_1746_cov_3.23832_2   -          Transposase_mut      PF00872.18   1.8e-08   34.3   0.1   2.7e-08   33.7   0.1   1.2   1   0   0   1   1   1   1 # 283 # 1395 # -1 # ID=1204_2;partial=00;start_type=ATG;rbs_motif=GGAGG;rbs_spacer=5-10bp;gc_cont=0.369	528820
NODE_6153_length_1746_cov_9.77351_1  -          DEDD_Tnp_IS110       PF01548.17     2e-23   83.7   0.0   5.5e-23   82.2   0.0   1.7   1   0   0   1   1   1   1 # 320 # 1558 # 1 # ID=1205_1;partial=00;start_type=ATG;rbs_motif=AGGAG;rbs_spacer=5-10bp;gc_cont=0.414	6779333
NODE_6153_length_1746_cov_9.77351_1  -          Transposase_20       PF02371.16   3.4e-20   72.8   0.0   6.8e-20   71.8   0.0   1.5   1   0   0   1   1   1   1 # 320 # 1558 # 1 # ID=1205_1;partial=00;start_type=ATG;rbs_motif=AGGAG;rbs_spacer=5-10bp;gc_cont=0.414	6779333
NODE_6415_length_1687_cov_1411.38_1  -          DDE_Tnp_1            PF01609.21   1.7e-16   61.2   0.5     4e-16   60.0   0.1   1.8   2   0   0   2   2   2   1 # 28 # 1569 # -1 # ID=1225_1;partial=00;start_type=ATG;rbs_motif=None;rbs_spacer=None;gc_cont=0.470	5929964
NODE_6451_length_1678_cov_18.6944_2  -          DDE_Tnp_1            PF01609.21   8.1e-10   39.4   0.7   2.8e-08   34.3   0.1   2.6   1   1   1   2   2   2   1 # 94 # 1668 # 1 # ID=1228_2;partial=00;start_type=ATG;rbs_motif=TAAA;rbs_spacer=5bp;gc_cont=0.375	249998
NODE_6451_length_1678_cov_18.6944_2  -          DDE_Tnp_1_6          PF13751.6    1.6e-26   93.6   8.1   3.1e-26   92.7   8.1   1.5   1   0   0   1   1   1   1 # 94 # 1668 # 1 # ID=1228_2;partial=00;start_type=ATG;rbs_motif=TAAA;rbs_spacer=5bp;gc_cont=0.375	249998
NODE_6451_length_1678_cov_18.6944_2 -          DUF772               PF05598.11   1.4e-14   54.5   0.0   4.8e-14   52.8   0.0   1.9   2   0   0   2   2   2   1 # 94 # 1668 # 1 # ID=1228_2;partial=00;start_type=ATG;rbs_motif=TAAA;rbs_spacer=5bp;gc_cont=0.375	249998
NODE_6590_length_1650_cov_15.9806_1  -          DDE_Tnp_1            PF01609.21   2.4e-07   31.3   5.6   4.8e-07   30.3   0.1   2.7   2   1   1   3   3   3   1 # 11 # 1585 # -1 # ID=1245_1;partial=00;start_type=ATG;rbs_motif=AATAA;rbs_spacer=5bp;gc_cont=0.367	249998
NODE_6590_length_1650_cov_15.9806_1  -          DDE_Tnp_1_6          PF13751.6    2.9e-25   89.5   8.1   5.8e-25   88.6   8.1   1.5   1   0   0   1   1   1   1 # 11 # 1585 # -1 # ID=1245_1;partial=00;start_type=ATG;rbs_motif=AATAA;rbs_spacer=5bp;gc_cont=0.367	249998
NODE_6590_length_1650_cov_15.9806_1 -          DUF772               PF05598.11   1.6e-13   51.1   0.0     4e-13   49.8   0.0   1.7   1   0   0   1   1   1   1 # 11 # 1585 # -1 # ID=1245_1;partial=00;start_type=ATG;rbs_motif=AATAA;rbs_spacer=5bp;gc_cont=0.367	249998
NODE_6614_length_1645_cov_6.30881_2  -          DDE_Tnp_1            PF01609.21   6.8e-18   65.8   0.0   1.1e-17   65.1   0.0   1.4   1   0   0   1   1   1   1 # 244 # 1560 # -1 # ID=1247_2;partial=00;start_type=ATG;rbs_motif=None;rbs_spacer=None;gc_cont=0.342	2056177
NODE_6935_length_1581_cov_3.37811_2  -          DDE_Tnp_1            PF01609.21     2e-15   57.7   0.1   5.7e-15   56.2   0.1   1.8   1   0   0   1   1   1   1 # 256 # 1581 # 1 # ID=1275_2;partial=01;start_type=ATG;rbs_motif=AGGAG;rbs_spacer=5-10bp;gc_cont=0.417	3209605
NODE_6935_length_1581_cov_3.37811_2 -          DDE_Tnp_2            PF04693.12   1.5e-06   28.4   0.1   2.1e-06   27.9   0.1   1.3   1   0   0   1   1   1   1 # 256 # 1581 # 1 # ID=1275_2;partial=01;start_type=ATG;rbs_motif=AGGAG;rbs_spacer=5-10bp;gc_cont=0.417	3209605
NODE_7441_length_1486_cov_3.39133_1   -          HTH_Tnp_1            PF01527.20   7.4e-08   33.2   0.4   1.7e-07   32.1   0.4   1.6   1   1   0   1   1   1   1 # 142 # 483 # 1 # ID=1298_1;partial=00;start_type=ATG;rbs_motif=AGGAGG;rbs_spacer=5-10bp;gc_cont=0.488	5768712
NODE_7487_length_1477_cov_18.1842_1  -          MULE                 PF10551.9    2.9e-06   28.2   0.0   9.1e-06   26.7   0.0   1.8   1   0   0   1   1   1   1 # 2 # 1084 # -1 # ID=1302_1;partial=10;start_type=ATG;rbs_motif=AGGAG;rbs_spacer=5-10bp;gc_cont=0.387	480724
NODE_7487_length_1477_cov_18.1842_1   -          Transposase_mut      PF00872.18  6.1e-108  361.7   0.9  7.4e-108  361.5   0.9   1.0   1   0   0   1   1   1   1 # 2 # 1084 # -1 # ID=1302_1;partial=10;start_type=ATG;rbs_motif=AGGAG;rbs_spacer=5-10bp;gc_cont=0.387	480724
NODE_7737_length_1432_cov_2.37255_2   -          HTH_Tnp_1            PF01527.20   4.1e-06   27.7   3.0   1.2e-05   26.2   3.0   1.7   1   1   0   1   1   1   1 # 172 # 537 # 1 # ID=1317_2;partial=00;start_type=ATG;rbs_motif=AATAA;rbs_spacer=3bp;gc_cont=0.514	169225
NODE_7759_length_1428_cov_17.3168_1   -          Transposase_mut      PF00872.18  3.6e-119  398.7   0.2  4.6e-119  398.4   0.2   1.0   1   0   0   1   1   1   1 # 1 # 1272 # 1 # ID=1321_1;partial=10;start_type=Edge;rbs_motif=None;rbs_spacer=None;gc_cont=0.407	5929957
NODE_7872_length_1409_cov_1965.61_2   -          HTH_Tnp_1            PF01527.20   1.5e-09   38.7   3.9     9e-05   23.4   0.1   2.8   2   1   1   3   3   3   2 # 854 # 1366 # -1 # ID=1331_2;partial=00;start_type=ATG;rbs_motif=TAA;rbs_spacer=15bp;gc_cont=0.442	46640
NODE_7872_length_1409_cov_1965.61_2   -          HTH_Tnp_1            PF01527.20   1.5e-09   38.7   3.9     9e-05   23.4   0.1   2.8   2   1   1   3   3   3   2 # 854 # 1366 # -1 # ID=1331_2;partial=00;start_type=ATG;rbs_motif=TAA;rbs_spacer=15bp;gc_cont=0.442	49534
NODE_7913_length_1404_cov_47.4018_1  -          MULE                 PF10551.9    4.8e-06   27.5   0.0   2.9e-05   25.1   0.0   2.3   2   0   0   2   2   2   1 # 77 # 1321 # -1 # ID=1334_1;partial=00;start_type=ATG;rbs_motif=AGGAGG;rbs_spacer=5-10bp;gc_cont=0.420	693039
NODE_7913_length_1404_cov_47.4018_1   -          Transposase_mut      PF00872.18  2.2e-115  386.2   0.4  2.7e-115  385.9   0.4   1.0   1   0   0   1   1   1   1 # 77 # 1321 # -1 # ID=1334_1;partial=00;start_type=ATG;rbs_motif=AGGAGG;rbs_spacer=5-10bp;gc_cont=0.420	693039
NODE_7913_length_1404_cov_47.4018_1  -          MULE                 PF10551.9    4.8e-06   27.5   0.0   2.9e-05   25.1   0.0   2.3   2   0   0   2   2   2   1 # 77 # 1321 # -1 # ID=1334_1;partial=00;start_type=ATG;rbs_motif=AGGAGG;rbs_spacer=5-10bp;gc_cont=0.420	1478415
NODE_7913_length_1404_cov_47.4018_1   -          Transposase_mut      PF00872.18  2.2e-115  386.2   0.4  2.7e-115  385.9   0.4   1.0   1   0   0   1   1   1   1 # 77 # 1321 # -1 # ID=1334_1;partial=00;start_type=ATG;rbs_motif=AGGAGG;rbs_spacer=5-10bp;gc_cont=0.420	1478415
NODE_8326_length_1347_cov_11.7438_1  -          MULE                 PF10551.9    4.7e-07   30.8   0.0   9.5e-07   29.8   0.0   1.6   1   0   0   1   1   1   1 # 103 # 1293 # 1 # ID=1355_1;partial=00;start_type=ATG;rbs_motif=AGGAG;rbs_spacer=5-10bp;gc_cont=0.560	3363441
NODE_8326_length_1347_cov_11.7438_1   -          Transposase_mut      PF00872.18  1.3e-110  370.5   1.8  1.6e-110  370.3   1.8   1.0   1   0   0   1   1   1   1 # 103 # 1293 # 1 # ID=1355_1;partial=00;start_type=ATG;rbs_motif=AGGAG;rbs_spacer=5-10bp;gc_cont=0.560	3363441
NODE_8326_length_1347_cov_11.7438_1  -          MULE                 PF10551.9    4.7e-07   30.8   0.0   9.5e-07   29.8   0.0   1.6   1   0   0   1   1   1   1 # 103 # 1293 # 1 # ID=1355_1;partial=00;start_type=ATG;rbs_motif=AGGAG;rbs_spacer=5-10bp;gc_cont=0.560	3363441
NODE_8326_length_1347_cov_11.7438_1   -          Transposase_mut      PF00872.18  1.3e-110  370.5   1.8  1.6e-110  370.3   1.8   1.0   1   0   0   1   1   1   1 # 103 # 1293 # 1 # ID=1355_1;partial=00;start_type=ATG;rbs_motif=AGGAG;rbs_spacer=5-10bp;gc_cont=0.560	3363441
NODE_8648_length_1302_cov_3.57658_1  -          MULE                 PF10551.9    1.2e-06   29.5   0.1   1.6e-05   25.9   0.0   2.6   3   0   0   3   3   3   1 # 84 # 1301 # -1 # ID=1372_1;partial=01;start_type=Edge;rbs_motif=None;rbs_spacer=None;gc_cont=0.434	4730856
NODE_8648_length_1302_cov_3.57658_1   -          Transposase_mut      PF00872.18  2.3e-116  389.4   1.4  2.8e-116  389.2   1.4   1.0   1   0   0   1   1   1   1 # 84 # 1301 # -1 # ID=1372_1;partial=01;start_type=Edge;rbs_motif=None;rbs_spacer=None;gc_cont=0.434	4730856
NODE_9379_length_1216_cov_3.11542_2   -          HTH_Tnp_1            PF01527.20   2.7e-08   34.7   0.3     0.016   16.2   0.6   2.8   2   1   0   2   2   2   2 # 613 # 1134 # -1 # ID=1412_2;partial=00;start_type=ATG;rbs_motif=None;rbs_spacer=None;gc_cont=0.464	126965
NODE_10204_length_1126_cov_4.22876_1  -          PDDEXK_2             PF12784.7    2.1e-34  119.7   6.1   2.1e-34  119.7   6.1   1.2   1   1   0   1   1   1   1 # 349 # 1125 # -1 # ID=1465_1;partial=01;start_type=Edge;rbs_motif=None;rbs_spacer=None;gc_cont=0.400	6415535
NODE_10591_length_1089_cov_31.1925_1 -          DEDD_Tnp_IS110       PF01548.17   1.2e-06   29.1   0.9   3.1e-05   24.5   0.1   2.6   3   0   0   3   3   3   1 # 235 # 1089 # -1 # ID=1489_1;partial=01;start_type=Edge;rbs_motif=None;rbs_spacer=None;gc_cont=0.453	184699
NODE_10591_length_1089_cov_31.1925_1 -          Transposase_20       PF02371.16   6.5e-23   81.5   0.0   1.3e-22   80.5   0.0   1.5   1   0   0   1   1   1   1 # 235 # 1089 # -1 # ID=1489_1;partial=01;start_type=Edge;rbs_motif=None;rbs_spacer=None;gc_cont=0.453	184699
NODE_11155_length_1040_cov_1243.94_1 -          DDE_Tnp_1            PF01609.21   2.1e-14   54.3   0.7   1.1e-13   52.0   0.7   2.0   1   1   0   1   1   1   1 # 3 # 1040 # -1 # ID=1514_1;partial=11;start_type=Edge;rbs_motif=None;rbs_spacer=None;gc_cont=0.452	2413096
NODE_11155_length_1040_cov_1243.94_1 -          DDE_Tnp_1_6          PF13751.6    1.3e-36  126.2   3.6   1.3e-36  126.2   3.6   1.8   2   0   0   2   2   2   1 # 3 # 1040 # -1 # ID=1514_1;partial=11;start_type=Edge;rbs_motif=None;rbs_spacer=None;gc_cont=0.452	2413096
NODE_12301_length_953_cov_3.74499_1  -          DDE_Tnp_1            PF01609.21     8e-17   62.3   0.0   1.1e-16   61.8   0.0   1.1   1   0   0   1   1   1   1 # 203 # 952 # -1 # ID=1555_1;partial=01;start_type=Edge;rbs_motif=None;rbs_spacer=None;gc_cont=0.392	3734574
NODE_12301_length_953_cov_3.74499_1 -          DDE_Tnp_1_4          PF13701.6    1.8e-79  267.8   0.0     2e-79  267.6   0.0   1.0   1   0   0   1   1   1   1 # 203 # 952 # -1 # ID=1555_1;partial=01;start_type=Edge;rbs_motif=None;rbs_spacer=None;gc_cont=0.392	3734574
NODE_13659_length_870_cov_1394.06_1  -          DDE_Tnp_1            PF01609.21   1.4e-14   54.9   0.7     6e-14   52.9   0.7   1.8   1   1   0   1   1   1   1 # 1 # 870 # -1 # ID=1611_1;partial=11;start_type=Edge;rbs_motif=None;rbs_spacer=None;gc_cont=0.476	2413096
NODE_13659_length_870_cov_1394.06_1  -          DDE_Tnp_1_6          PF13751.6    6.1e-37  127.3   3.6   8.9e-37  126.8   3.6   1.2   1   0   0   1   1   1   1 # 1 # 870 # -1 # ID=1611_1;partial=11;start_type=Edge;rbs_motif=None;rbs_spacer=None;gc_cont=0.476	2413096
NODE_13659_length_870_cov_1394.06_1  -          DDE_Tnp_1            PF01609.21   1.4e-14   54.9   0.7     6e-14   52.9   0.7   1.8   1   1   0   1   1   1   1 # 1 # 870 # -1 # ID=1611_1;partial=11;start_type=Edge;rbs_motif=None;rbs_spacer=None;gc_cont=0.476	3363394
NODE_13659_length_870_cov_1394.06_1  -          DDE_Tnp_1_6          PF13751.6    6.1e-37  127.3   3.6   8.9e-37  126.8   3.6   1.2   1   0   0   1   1   1   1 # 1 # 870 # -1 # ID=1611_1;partial=11;start_type=Edge;rbs_motif=None;rbs_spacer=None;gc_cont=0.476	3363394
NODE_18024_length_694_cov_1.3349_1    -          PDDEXK_2             PF12784.7    6.7e-06   26.5   0.2   1.3e-05   25.6   0.1   1.5   1   1   1   2   2   2   1 # 178 # 693 # 1 # ID=1761_1;partial=01;start_type=ATG;rbs_motif=AGGAG;rbs_spacer=5-10bp;gc_cont=0.397	3056815
NODE_18236_length_688_cov_3.67457_1  -          Y1_Tnp               PF01797.16   2.3e-24   86.4   0.4   2.7e-24   86.2   0.4   1.1   1   0   0   1   1   1   1 # 3 # 320 # 1 # ID=1765_1;partial=10;start_type=Edge;rbs_motif=None;rbs_spacer=None;gc_cont=0.324	2056177
NODE_19519_length_651_cov_19.2114_2  -          Y1_Tnp               PF01797.16   3.6e-39  134.3   0.2   4.2e-39  134.0   0.2   1.0   1   0   0   1   1   1   1 # 109 # 579 # 1 # ID=1801_2;partial=00;start_type=ATG;rbs_motif=AGGAGG;rbs_spacer=5-10bp;gc_cont=0.380	2226993
NODE_25151_length_540_cov_1.6701_1    -          DDE_Tnp_IS66_C       PF13817.6    8.3e-15   55.4   0.1   1.1e-14   55.0   0.1   1.2   1   0   0   1   1   1   1 # 145 # 351 # 1 # ID=1932_1;partial=00;start_type=ATG;rbs_motif=AAGAA;rbs_spacer=10bp;gc_cont=0.401	3846510
NODE_26103_length_525_cov_1.96809_1  -          Transposase_20       PF02371.16   4.9e-06   27.4   0.0     1e-05   26.4   0.0   1.6   1   0   0   1   1   1   1 # 2 # 523 # 1 # ID=1949_1;partial=11;start_type=Edge;rbs_motif=None;rbs_spacer=None;gc_cont=0.531	5930068
NODE_26103_length_525_cov_1.96809_1  -          Transposase_20       PF02371.16   4.9e-06   27.4   0.0     1e-05   26.4   0.0   1.6   1   0   0   1   1   1   1 # 2 # 523 # 1 # ID=1949_1;partial=11;start_type=Edge;rbs_motif=None;rbs_spacer=None;gc_cont=0.531	5930068
NODE_27368_length_507_cov_4.18363_1  -          Y1_Tnp               PF01797.16   4.8e-31  108.0   1.9   5.2e-31  107.9   1.9   1.0   1   0   0   1   1   1   1 # 219 # 506 # 1 # ID=1971_1;partial=01;start_type=ATG;rbs_motif=AAAA;rbs_spacer=3bp;gc_cont=0.295	2501792
NODE_28070_length_497_cov_1.61765_1   -          Transposase_mut      PF00872.18     6e-13   49.1   0.2   6.7e-13   48.9   0.2   1.0   1   0   0   1   1   1   1 # 2 # 274 # 1 # ID=1984_1;partial=10;start_type=Edge;rbs_motif=None;rbs_spacer=None;gc_cont=0.451	4730856
NODE_29183_length_484_cov_2.20746_1  -          Y1_Tnp               PF01797.16   1.2e-27   97.1   0.0   1.3e-27   96.9   0.0   1.0   1   0   0   1   1   1   1 # 129 # 482 # -1 # ID=2001_1;partial=01;start_type=Edge;rbs_motif=None;rbs_spacer=None;gc_cont=0.364	4817403
NODE_29183_length_484_cov_2.20746_1  -          Y1_Tnp               PF01797.16   1.2e-27   97.1   0.0   1.3e-27   96.9   0.0   1.0   1   0   0   1   1   1   1 # 129 # 482 # -1 # ID=2001_1;partial=01;start_type=Edge;rbs_motif=None;rbs_spacer=None;gc_cont=0.364	2369983
NODE_32288_length_451_cov_1.03788_1  -          DDE_Tnp_1            PF01609.21   1.4e-15   58.2   0.6   1.9e-12   48.0   0.0   2.0   1   1   1   2   2   2   2 # 2 # 391 # 1 # ID=2052_1;partial=10;start_type=Edge;rbs_motif=None;rbs_spacer=None;gc_cont=0.382	6745414
NODE_32288_length_451_cov_1.03788_1 -          DDE_Tnp_1_2          PF13586.6    3.5e-14   53.6   0.0   4.5e-14   53.3   0.0   1.1   1   0   0   1   1   1   1 # 2 # 391 # 1 # ID=2052_1;partial=10;start_type=Edge;rbs_motif=None;rbs_spacer=None;gc_cont=0.382	6745414
NODE_32288_length_451_cov_1.03788_1 -          DDE_Tnp_1_3          PF13612.6      2e-06   28.5   0.0   2.4e-06   28.3   0.0   1.0   1   0   0   1   1   1   1 # 2 # 391 # 1 # ID=2052_1;partial=10;start_type=Edge;rbs_motif=None;rbs_spacer=None;gc_cont=0.382	6745414
NODE_37248_length_411_cov_1.33146_1  -          DEDD_Tnp_IS110       PF01548.17   2.3e-20   73.7   0.0   2.4e-20   73.6   0.0   1.0   1   0   0   1   1   1   1 # 2 # 409 # -1 # ID=2118_1;partial=11;start_type=Edge;rbs_motif=None;rbs_spacer=None;gc_cont=0.439	6779333
NODE_37618_length_409_cov_2.28814_1   -          Transposase_mut      PF00872.18   8.5e-09   35.4   0.1   9.5e-09   35.3   0.1   1.0   1   0   0   1   1   1   1 # 1 # 216 # 1 # ID=2122_1;partial=10;start_type=Edge;rbs_motif=None;rbs_spacer=None;gc_cont=0.463	4425212
NODE_46092_length_358_cov_3.33993_1  -          Transposase_20       PF02371.16   2.9e-09   37.8   0.0     4e-09   37.3   0.0   1.2   1   0   0   1   1   1   1 # 1 # 303 # 1 # ID=2234_1;partial=10;start_type=Edge;rbs_motif=None;rbs_spacer=None;gc_cont=0.538	956684
NODE_52215_length_331_cov_1.11957_1  -          Y1_Tnp               PF01797.16     2e-07   31.8   0.0   2.2e-07   31.7   0.0   1.0   1   0   0   1   1   1   1 # 1 # 159 # -1 # ID=2294_1;partial=10;start_type=ATG;rbs_motif=AGxAGG/AGGxGG;rbs_spacer=5-10bp;gc_cont=0.390	112138
NODE_52215_length_331_cov_1.11957_1  -          Y1_Tnp               PF01797.16     2e-07   31.8   0.0   2.2e-07   31.7   0.0   1.0   1   0   0   1   1   1   1 # 1 # 159 # -1 # ID=2294_1;partial=10;start_type=ATG;rbs_motif=AGxAGG/AGGxGG;rbs_spacer=5-10bp;gc_cont=0.390	112138
NODE_55270_length_319_cov_1.53409_1  -          Y1_Tnp               PF01797.16   1.1e-13   52.1   0.0   1.2e-13   51.9   0.0   1.0   1   0   0   1   1   1   1 # 3 # 230 # 1 # ID=2330_1;partial=10;start_type=Edge;rbs_motif=None;rbs_spacer=None;gc_cont=0.482	4160959
NODE_55270_length_319_cov_1.53409_1  -          Y1_Tnp               PF01797.16   1.1e-13   52.1   0.0   1.2e-13   51.9   0.0   1.0   1   0   0   1   1   1   1 # 3 # 230 # 1 # ID=2330_1;partial=10;start_type=Edge;rbs_motif=None;rbs_spacer=None;gc_cont=0.482	4160959
NODE_68888_length_280_cov_1.01778_1   -          DDE_Tnp_IS66         PF03050.14   2.4e-12   47.6   0.4   2.5e-12   47.5   0.4   1.0   1   0   0   1   1   1   1 # 2 # 280 # -1 # ID=2465_1;partial=11;start_type=Edge;rbs_motif=None;rbs_spacer=None;gc_cont=0.477	6779297
