NODE_3_length_40189_cov_8.84559_1    -          DDE_Tnp_1            PF01609.21     6e-06   26.5   0.1   6.5e-06   26.4   0.1   1.0   1   0   0   1   1   1   1 # 1 # 168 # 1 # ID=3_1;partial=10;start_type=Edge;rbs_motif=None;rbs_spacer=None;gc_cont=0.524	279198
NODE_3_length_40189_cov_8.84559_1   -          DDE_Tnp_1_6          PF13751.6    3.4e-06   27.8   0.1   3.6e-06   27.7   0.1   1.0   1   0   0   1   1   1   1 # 1 # 168 # 1 # ID=3_1;partial=10;start_type=Edge;rbs_motif=None;rbs_spacer=None;gc_cont=0.524	279198
NODE_3_length_40189_cov_8.84559_1    -          DDE_Tnp_1            PF01609.21     6e-06   26.5   0.1   6.5e-06   26.4   0.1   1.0   1   0   0   1   1   1   1 # 1 # 168 # 1 # ID=3_1;partial=10;start_type=Edge;rbs_motif=None;rbs_spacer=None;gc_cont=0.524	117753
NODE_3_length_40189_cov_8.84559_1   -          DDE_Tnp_1_6          PF13751.6    3.4e-06   27.8   0.1   3.6e-06   27.7   0.1   1.0   1   0   0   1   1   1   1 # 1 # 168 # 1 # ID=3_1;partial=10;start_type=Edge;rbs_motif=None;rbs_spacer=None;gc_cont=0.524	117753
NODE_3_length_40189_cov_8.84559_1    -          DDE_Tnp_1            PF01609.21     6e-06   26.5   0.1   6.5e-06   26.4   0.1   1.0   1   0   0   1   1   1   1 # 1 # 168 # 1 # ID=3_1;partial=10;start_type=Edge;rbs_motif=None;rbs_spacer=None;gc_cont=0.524	84070
NODE_3_length_40189_cov_8.84559_1   -          DDE_Tnp_1_6          PF13751.6    3.4e-06   27.8   0.1   3.6e-06   27.7   0.1   1.0   1   0   0   1   1   1   1 # 1 # 168 # 1 # ID=3_1;partial=10;start_type=Edge;rbs_motif=None;rbs_spacer=None;gc_cont=0.524	84070
NODE_3_length_40189_cov_8.84559_1    -          DDE_Tnp_1            PF01609.21     6e-06   26.5   0.1   6.5e-06   26.4   0.1   1.0   1   0   0   1   1   1   1 # 1 # 168 # 1 # ID=3_1;partial=10;start_type=Edge;rbs_motif=None;rbs_spacer=None;gc_cont=0.524	2295973
NODE_3_length_40189_cov_8.84559_1   -          DDE_Tnp_1_6          PF13751.6    3.4e-06   27.8   0.1   3.6e-06   27.7   0.1   1.0   1   0   0   1   1   1   1 # 1 # 168 # 1 # ID=3_1;partial=10;start_type=Edge;rbs_motif=None;rbs_spacer=None;gc_cont=0.524	2295973
NODE_3_length_40189_cov_8.84559_1    -          DDE_Tnp_1            PF01609.21     6e-06   26.5   0.1   6.5e-06   26.4   0.1   1.0   1   0   0   1   1   1   1 # 1 # 168 # 1 # ID=3_1;partial=10;start_type=Edge;rbs_motif=None;rbs_spacer=None;gc_cont=0.524	3236608
NODE_3_length_40189_cov_8.84559_1   -          DDE_Tnp_1_6          PF13751.6    3.4e-06   27.8   0.1   3.6e-06   27.7   0.1   1.0   1   0   0   1   1   1   1 # 1 # 168 # 1 # ID=3_1;partial=10;start_type=Edge;rbs_motif=None;rbs_spacer=None;gc_cont=0.524	3236608
NODE_3_length_40189_cov_8.84559_1    -          DDE_Tnp_1            PF01609.21     6e-06   26.5   0.1   6.5e-06   26.4   0.1   1.0   1   0   0   1   1   1   1 # 1 # 168 # 1 # ID=3_1;partial=10;start_type=Edge;rbs_motif=None;rbs_spacer=None;gc_cont=0.524	3236608
NODE_3_length_40189_cov_8.84559_1   -          DDE_Tnp_1_6          PF13751.6    3.4e-06   27.8   0.1   3.6e-06   27.7   0.1   1.0   1   0   0   1   1   1   1 # 1 # 168 # 1 # ID=3_1;partial=10;start_type=Edge;rbs_motif=None;rbs_spacer=None;gc_cont=0.524	3236608
NODE_7_length_31338_cov_10.2586_1    -          HTH_Tnp_1            PF01527.20   5.9e-06   26.9   0.1   8.6e-06   26.4   0.1   1.5   1   1   0   1   1   1   1 # 3 # 308 # -1 # ID=7_1;partial=10;start_type=ATG;rbs_motif=GGA/GAG/AGG;rbs_spacer=11-12bp;gc_cont=0.500	49534
NODE_7_length_31338_cov_10.2586_1    -          HTH_Tnp_1            PF01527.20   5.9e-06   26.9   0.1   8.6e-06   26.4   0.1   1.5   1   1   0   1   1   1   1 # 3 # 308 # -1 # ID=7_1;partial=10;start_type=ATG;rbs_motif=GGA/GAG/AGG;rbs_spacer=11-12bp;gc_cont=0.500	6416674
NODE_7_length_31338_cov_10.2586_1    -          HTH_Tnp_1            PF01527.20   5.9e-06   26.9   0.1   8.6e-06   26.4   0.1   1.5   1   1   0   1   1   1   1 # 3 # 308 # -1 # ID=7_1;partial=10;start_type=ATG;rbs_motif=GGA/GAG/AGG;rbs_spacer=11-12bp;gc_cont=0.500	1186691
NODE_7_length_31338_cov_10.2586_1    -          HTH_Tnp_1            PF01527.20   5.9e-06   26.9   0.1   8.6e-06   26.4   0.1   1.5   1   1   0   1   1   1   1 # 3 # 308 # -1 # ID=7_1;partial=10;start_type=ATG;rbs_motif=GGA/GAG/AGG;rbs_spacer=11-12bp;gc_cont=0.500	1517057
NODE_7_length_31338_cov_10.2586_1    -          HTH_Tnp_1            PF01527.20   5.9e-06   26.9   0.1   8.6e-06   26.4   0.1   1.5   1   1   0   1   1   1   1 # 3 # 308 # -1 # ID=7_1;partial=10;start_type=ATG;rbs_motif=GGA/GAG/AGG;rbs_spacer=11-12bp;gc_cont=0.500	3404461
NODE_7_length_31338_cov_10.2586_1    -          HTH_Tnp_1            PF01527.20   5.9e-06   26.9   0.1   8.6e-06   26.4   0.1   1.5   1   1   0   1   1   1   1 # 3 # 308 # -1 # ID=7_1;partial=10;start_type=ATG;rbs_motif=GGA/GAG/AGG;rbs_spacer=11-12bp;gc_cont=0.500	457681
NODE_7_length_31338_cov_10.2586_1    -          HTH_Tnp_1            PF01527.20   5.9e-06   26.9   0.1   8.6e-06   26.4   0.1   1.5   1   1   0   1   1   1   1 # 3 # 308 # -1 # ID=7_1;partial=10;start_type=ATG;rbs_motif=GGA/GAG/AGG;rbs_spacer=11-12bp;gc_cont=0.500	457681
NODE_7_length_31338_cov_10.2586_1    -          HTH_Tnp_1            PF01527.20   5.9e-06   26.9   0.1   8.6e-06   26.4   0.1   1.5   1   1   0   1   1   1   1 # 3 # 308 # -1 # ID=7_1;partial=10;start_type=ATG;rbs_motif=GGA/GAG/AGG;rbs_spacer=11-12bp;gc_cont=0.500	60602
NODE_7_length_31338_cov_10.2586_1    -          HTH_Tnp_1            PF01527.20   5.9e-06   26.9   0.1   8.6e-06   26.4   0.1   1.5   1   1   0   1   1   1   1 # 3 # 308 # -1 # ID=7_1;partial=10;start_type=ATG;rbs_motif=GGA/GAG/AGG;rbs_spacer=11-12bp;gc_cont=0.500	6604473
NODE_7_length_31338_cov_10.2586_1    -          HTH_Tnp_1            PF01527.20   5.9e-06   26.9   0.1   8.6e-06   26.4   0.1   1.5   1   1   0   1   1   1   1 # 3 # 308 # -1 # ID=7_1;partial=10;start_type=ATG;rbs_motif=GGA/GAG/AGG;rbs_spacer=11-12bp;gc_cont=0.500	1700098
NODE_7_length_31338_cov_10.2586_1    -          HTH_Tnp_1            PF01527.20   5.9e-06   26.9   0.1   8.6e-06   26.4   0.1   1.5   1   1   0   1   1   1   1 # 3 # 308 # -1 # ID=7_1;partial=10;start_type=ATG;rbs_motif=GGA/GAG/AGG;rbs_spacer=11-12bp;gc_cont=0.500	1700098
NODE_21_length_24639_cov_10.7295_25  -          DDE_Tnp_1            PF01609.21   4.6e-40  138.0   1.1   7.5e-40  137.3   1.1   1.3   1   0   0   1   1   1   1 # 23632 # 24639 # 1 # ID=21_25;partial=00;start_type=ATG;rbs_motif=GGA/GAG/AGG;rbs_spacer=5-10bp;gc_cont=0.519	1347358
NODE_21_length_24639_cov_10.7295_25 -          DDE_Tnp_1_2          PF13586.6    1.9e-07   31.8   0.2   4.3e-07   30.6   0.2   1.6   1   0   0   1   1   1   1 # 23632 # 24639 # 1 # ID=21_25;partial=00;start_type=ATG;rbs_motif=GGA/GAG/AGG;rbs_spacer=5-10bp;gc_cont=0.519	1347358
NODE_21_length_24639_cov_10.7295_25  -          DDE_Tnp_1_3          PF13612.6    3.1e-08   34.2   0.0   4.9e-08   33.6   0.0   1.4   1   0   0   1   1   1   1 # 23632 # 24639 # 1 # ID=21_25;partial=00;start_type=ATG;rbs_motif=GGA/GAG/AGG;rbs_spacer=5-10bp;gc_cont=0.519	1347358
NODE_21_length_24639_cov_10.7295_25 -          DDE_Tnp_1_6          PF13751.6      4e-06   27.5   0.4   8.2e-06   26.5   0.4   1.5   1   0   0   1   1   1   1 # 23632 # 24639 # 1 # ID=21_25;partial=00;start_type=ATG;rbs_motif=GGA/GAG/AGG;rbs_spacer=5-10bp;gc_cont=0.519	1347358
NODE_21_length_24639_cov_10.7295_25 -          DDE_Tnp_4            PF13359.6    1.9e-08   34.6   0.1   3.2e-08   33.8   0.1   1.4   1   0   0   1   1   1   1 # 23632 # 24639 # 1 # ID=21_25;partial=00;start_type=ATG;rbs_motif=GGA/GAG/AGG;rbs_spacer=5-10bp;gc_cont=0.519	1347358
NODE_21_length_24639_cov_10.7295_25 -          DUF772               PF05598.11   1.1e-18   67.4   0.1   2.3e-18   66.4   0.1   1.5   1   0   0   1   1   1   1 # 23632 # 24639 # 1 # ID=21_25;partial=00;start_type=ATG;rbs_motif=GGA/GAG/AGG;rbs_spacer=5-10bp;gc_cont=0.519	1347358
NODE_21_length_24639_cov_10.7295_25  -          DDE_Tnp_1            PF01609.21   4.6e-40  138.0   1.1   7.5e-40  137.3   1.1   1.3   1   0   0   1   1   1   1 # 23632 # 24639 # 1 # ID=21_25;partial=00;start_type=ATG;rbs_motif=GGA/GAG/AGG;rbs_spacer=5-10bp;gc_cont=0.519	87580
NODE_21_length_24639_cov_10.7295_25 -          DDE_Tnp_1_2          PF13586.6    1.9e-07   31.8   0.2   4.3e-07   30.6   0.2   1.6   1   0   0   1   1   1   1 # 23632 # 24639 # 1 # ID=21_25;partial=00;start_type=ATG;rbs_motif=GGA/GAG/AGG;rbs_spacer=5-10bp;gc_cont=0.519	87580
NODE_21_length_24639_cov_10.7295_25  -          DDE_Tnp_1_3          PF13612.6    3.1e-08   34.2   0.0   4.9e-08   33.6   0.0   1.4   1   0   0   1   1   1   1 # 23632 # 24639 # 1 # ID=21_25;partial=00;start_type=ATG;rbs_motif=GGA/GAG/AGG;rbs_spacer=5-10bp;gc_cont=0.519	87580
NODE_21_length_24639_cov_10.7295_25 -          DDE_Tnp_1_6          PF13751.6      4e-06   27.5   0.4   8.2e-06   26.5   0.4   1.5   1   0   0   1   1   1   1 # 23632 # 24639 # 1 # ID=21_25;partial=00;start_type=ATG;rbs_motif=GGA/GAG/AGG;rbs_spacer=5-10bp;gc_cont=0.519	87580
NODE_21_length_24639_cov_10.7295_25 -          DDE_Tnp_4            PF13359.6    1.9e-08   34.6   0.1   3.2e-08   33.8   0.1   1.4   1   0   0   1   1   1   1 # 23632 # 24639 # 1 # ID=21_25;partial=00;start_type=ATG;rbs_motif=GGA/GAG/AGG;rbs_spacer=5-10bp;gc_cont=0.519	87580
NODE_21_length_24639_cov_10.7295_25 -          DUF772               PF05598.11   1.1e-18   67.4   0.1   2.3e-18   66.4   0.1   1.5   1   0   0   1   1   1   1 # 23632 # 24639 # 1 # ID=21_25;partial=00;start_type=ATG;rbs_motif=GGA/GAG/AGG;rbs_spacer=5-10bp;gc_cont=0.519	87580
NODE_21_length_24639_cov_10.7295_25  -          DDE_Tnp_1            PF01609.21   4.6e-40  138.0   1.1   7.5e-40  137.3   1.1   1.3   1   0   0   1   1   1   1 # 23632 # 24639 # 1 # ID=21_25;partial=00;start_type=ATG;rbs_motif=GGA/GAG/AGG;rbs_spacer=5-10bp;gc_cont=0.519	4413289
NODE_21_length_24639_cov_10.7295_25 -          DDE_Tnp_1_2          PF13586.6    1.9e-07   31.8   0.2   4.3e-07   30.6   0.2   1.6   1   0   0   1   1   1   1 # 23632 # 24639 # 1 # ID=21_25;partial=00;start_type=ATG;rbs_motif=GGA/GAG/AGG;rbs_spacer=5-10bp;gc_cont=0.519	4413289
NODE_21_length_24639_cov_10.7295_25  -          DDE_Tnp_1_3          PF13612.6    3.1e-08   34.2   0.0   4.9e-08   33.6   0.0   1.4   1   0   0   1   1   1   1 # 23632 # 24639 # 1 # ID=21_25;partial=00;start_type=ATG;rbs_motif=GGA/GAG/AGG;rbs_spacer=5-10bp;gc_cont=0.519	4413289
NODE_21_length_24639_cov_10.7295_25 -          DDE_Tnp_1_6          PF13751.6      4e-06   27.5   0.4   8.2e-06   26.5   0.4   1.5   1   0   0   1   1   1   1 # 23632 # 24639 # 1 # ID=21_25;partial=00;start_type=ATG;rbs_motif=GGA/GAG/AGG;rbs_spacer=5-10bp;gc_cont=0.519	4413289
NODE_21_length_24639_cov_10.7295_25 -          DDE_Tnp_4            PF13359.6    1.9e-08   34.6   0.1   3.2e-08   33.8   0.1   1.4   1   0   0   1   1   1   1 # 23632 # 24639 # 1 # ID=21_25;partial=00;start_type=ATG;rbs_motif=GGA/GAG/AGG;rbs_spacer=5-10bp;gc_cont=0.519	4413289
NODE_21_length_24639_cov_10.7295_25 -          DUF772               PF05598.11   1.1e-18   67.4   0.1   2.3e-18   66.4   0.1   1.5   1   0   0   1   1   1   1 # 23632 # 24639 # 1 # ID=21_25;partial=00;start_type=ATG;rbs_motif=GGA/GAG/AGG;rbs_spacer=5-10bp;gc_cont=0.519	4413289
NODE_24_length_23883_cov_7.25029_18  -          DDE_Tnp_1            PF01609.21   1.9e-06   28.1   0.1   2.1e-06   28.0   0.1   1.0   1   0   0   1   1   1   1 # 23716 # 23883 # -1 # ID=23_18;partial=01;start_type=Edge;rbs_motif=None;rbs_spacer=None;gc_cont=0.518	841878
NODE_24_length_23883_cov_7.25029_18 -          DDE_Tnp_1_6          PF13751.6    3.9e-06   27.5   0.1   4.2e-06   27.4   0.1   1.0   1   0   0   1   1   1   1 # 23716 # 23883 # -1 # ID=23_18;partial=01;start_type=Edge;rbs_motif=None;rbs_spacer=None;gc_cont=0.518	841878
NODE_24_length_23883_cov_7.25029_18  -          DDE_Tnp_1            PF01609.21   1.9e-06   28.1   0.1   2.1e-06   28.0   0.1   1.0   1   0   0   1   1   1   1 # 23716 # 23883 # -1 # ID=23_18;partial=01;start_type=Edge;rbs_motif=None;rbs_spacer=None;gc_cont=0.518	56885
NODE_24_length_23883_cov_7.25029_18 -          DDE_Tnp_1_6          PF13751.6    3.9e-06   27.5   0.1   4.2e-06   27.4   0.1   1.0   1   0   0   1   1   1   1 # 23716 # 23883 # -1 # ID=23_18;partial=01;start_type=Edge;rbs_motif=None;rbs_spacer=None;gc_cont=0.518	56885
NODE_24_length_23883_cov_7.25029_18  -          DDE_Tnp_1            PF01609.21   1.9e-06   28.1   0.1   2.1e-06   28.0   0.1   1.0   1   0   0   1   1   1   1 # 23716 # 23883 # -1 # ID=23_18;partial=01;start_type=Edge;rbs_motif=None;rbs_spacer=None;gc_cont=0.518	75611
NODE_24_length_23883_cov_7.25029_18 -          DDE_Tnp_1_6          PF13751.6    3.9e-06   27.5   0.1   4.2e-06   27.4   0.1   1.0   1   0   0   1   1   1   1 # 23716 # 23883 # -1 # ID=23_18;partial=01;start_type=Edge;rbs_motif=None;rbs_spacer=None;gc_cont=0.518	75611
NODE_24_length_23883_cov_7.25029_18  -          DDE_Tnp_1            PF01609.21   1.9e-06   28.1   0.1   2.1e-06   28.0   0.1   1.0   1   0   0   1   1   1   1 # 23716 # 23883 # -1 # ID=23_18;partial=01;start_type=Edge;rbs_motif=None;rbs_spacer=None;gc_cont=0.518	65977
NODE_24_length_23883_cov_7.25029_18 -          DDE_Tnp_1_6          PF13751.6    3.9e-06   27.5   0.1   4.2e-06   27.4   0.1   1.0   1   0   0   1   1   1   1 # 23716 # 23883 # -1 # ID=23_18;partial=01;start_type=Edge;rbs_motif=None;rbs_spacer=None;gc_cont=0.518	65977
NODE_24_length_23883_cov_7.25029_18  -          DDE_Tnp_1            PF01609.21   1.9e-06   28.1   0.1   2.1e-06   28.0   0.1   1.0   1   0   0   1   1   1   1 # 23716 # 23883 # -1 # ID=23_18;partial=01;start_type=Edge;rbs_motif=None;rbs_spacer=None;gc_cont=0.518	19413
NODE_24_length_23883_cov_7.25029_18 -          DDE_Tnp_1_6          PF13751.6    3.9e-06   27.5   0.1   4.2e-06   27.4   0.1   1.0   1   0   0   1   1   1   1 # 23716 # 23883 # -1 # ID=23_18;partial=01;start_type=Edge;rbs_motif=None;rbs_spacer=None;gc_cont=0.518	19413
NODE_24_length_23883_cov_7.25029_18  -          DDE_Tnp_1            PF01609.21   1.9e-06   28.1   0.1   2.1e-06   28.0   0.1   1.0   1   0   0   1   1   1   1 # 23716 # 23883 # -1 # ID=23_18;partial=01;start_type=Edge;rbs_motif=None;rbs_spacer=None;gc_cont=0.518	261463
NODE_24_length_23883_cov_7.25029_18 -          DDE_Tnp_1_6          PF13751.6    3.9e-06   27.5   0.1   4.2e-06   27.4   0.1   1.0   1   0   0   1   1   1   1 # 23716 # 23883 # -1 # ID=23_18;partial=01;start_type=Edge;rbs_motif=None;rbs_spacer=None;gc_cont=0.518	261463
NODE_24_length_23883_cov_7.25029_18  -          DDE_Tnp_1            PF01609.21   1.9e-06   28.1   0.1   2.1e-06   28.0   0.1   1.0   1   0   0   1   1   1   1 # 23716 # 23883 # -1 # ID=23_18;partial=01;start_type=Edge;rbs_motif=None;rbs_spacer=None;gc_cont=0.518	46616
NODE_24_length_23883_cov_7.25029_18 -          DDE_Tnp_1_6          PF13751.6    3.9e-06   27.5   0.1   4.2e-06   27.4   0.1   1.0   1   0   0   1   1   1   1 # 23716 # 23883 # -1 # ID=23_18;partial=01;start_type=Edge;rbs_motif=None;rbs_spacer=None;gc_cont=0.518	46616
NODE_24_length_23883_cov_7.25029_18  -          DDE_Tnp_1            PF01609.21   1.9e-06   28.1   0.1   2.1e-06   28.0   0.1   1.0   1   0   0   1   1   1   1 # 23716 # 23883 # -1 # ID=23_18;partial=01;start_type=Edge;rbs_motif=None;rbs_spacer=None;gc_cont=0.518	434425
NODE_24_length_23883_cov_7.25029_18 -          DDE_Tnp_1_6          PF13751.6    3.9e-06   27.5   0.1   4.2e-06   27.4   0.1   1.0   1   0   0   1   1   1   1 # 23716 # 23883 # -1 # ID=23_18;partial=01;start_type=Edge;rbs_motif=None;rbs_spacer=None;gc_cont=0.518	434425
NODE_24_length_23883_cov_7.25029_18  -          DDE_Tnp_1            PF01609.21   1.9e-06   28.1   0.1   2.1e-06   28.0   0.1   1.0   1   0   0   1   1   1   1 # 23716 # 23883 # -1 # ID=23_18;partial=01;start_type=Edge;rbs_motif=None;rbs_spacer=None;gc_cont=0.518	62047
NODE_24_length_23883_cov_7.25029_18 -          DDE_Tnp_1_6          PF13751.6    3.9e-06   27.5   0.1   4.2e-06   27.4   0.1   1.0   1   0   0   1   1   1   1 # 23716 # 23883 # -1 # ID=23_18;partial=01;start_type=Edge;rbs_motif=None;rbs_spacer=None;gc_cont=0.518	62047
NODE_42_length_19908_cov_12.9613_1   -          DDE_Tnp_1            PF01609.21   2.1e-41  142.4   1.1   2.8e-41  142.0   1.1   1.1   1   0   0   1   1   1   1 # 3 # 701 # 1 # ID=40_1;partial=10;start_type=Edge;rbs_motif=None;rbs_spacer=None;gc_cont=0.515	65281
NODE_42_length_19908_cov_12.9613_1  -          DDE_Tnp_1_2          PF13586.6      2e-07   31.7   0.2   4.9e-07   30.5   0.2   1.7   1   0   0   1   1   1   1 # 3 # 701 # 1 # ID=40_1;partial=10;start_type=Edge;rbs_motif=None;rbs_spacer=None;gc_cont=0.515	65281
NODE_42_length_19908_cov_12.9613_1   -          DDE_Tnp_1_3          PF13612.6    8.8e-09   36.0   0.0   1.4e-08   35.4   0.0   1.4   1   1   0   1   1   1   1 # 3 # 701 # 1 # ID=40_1;partial=10;start_type=Edge;rbs_motif=None;rbs_spacer=None;gc_cont=0.515	65281
NODE_42_length_19908_cov_12.9613_1  -          DDE_Tnp_1_6          PF13751.6    7.9e-07   29.8   0.4   1.6e-06   28.8   0.4   1.5   1   0   0   1   1   1   1 # 3 # 701 # 1 # ID=40_1;partial=10;start_type=Edge;rbs_motif=None;rbs_spacer=None;gc_cont=0.515	65281
NODE_42_length_19908_cov_12.9613_1  -          DDE_Tnp_4            PF13359.6    2.6e-08   34.1   0.1   3.8e-08   33.6   0.1   1.4   1   0   0   1   1   1   1 # 3 # 701 # 1 # ID=40_1;partial=10;start_type=Edge;rbs_motif=None;rbs_spacer=None;gc_cont=0.515	65281
NODE_42_length_19908_cov_12.9613_1   -          DDE_Tnp_1            PF01609.21   2.1e-41  142.4   1.1   2.8e-41  142.0   1.1   1.1   1   0   0   1   1   1   1 # 3 # 701 # 1 # ID=40_1;partial=10;start_type=Edge;rbs_motif=None;rbs_spacer=None;gc_cont=0.515	62047
NODE_42_length_19908_cov_12.9613_1  -          DDE_Tnp_1_2          PF13586.6      2e-07   31.7   0.2   4.9e-07   30.5   0.2   1.7   1   0   0   1   1   1   1 # 3 # 701 # 1 # ID=40_1;partial=10;start_type=Edge;rbs_motif=None;rbs_spacer=None;gc_cont=0.515	62047
NODE_42_length_19908_cov_12.9613_1   -          DDE_Tnp_1_3          PF13612.6    8.8e-09   36.0   0.0   1.4e-08   35.4   0.0   1.4   1   1   0   1   1   1   1 # 3 # 701 # 1 # ID=40_1;partial=10;start_type=Edge;rbs_motif=None;rbs_spacer=None;gc_cont=0.515	62047
NODE_42_length_19908_cov_12.9613_1  -          DDE_Tnp_1_6          PF13751.6    7.9e-07   29.8   0.4   1.6e-06   28.8   0.4   1.5   1   0   0   1   1   1   1 # 3 # 701 # 1 # ID=40_1;partial=10;start_type=Edge;rbs_motif=None;rbs_spacer=None;gc_cont=0.515	62047
NODE_42_length_19908_cov_12.9613_1  -          DDE_Tnp_4            PF13359.6    2.6e-08   34.1   0.1   3.8e-08   33.6   0.1   1.4   1   0   0   1   1   1   1 # 3 # 701 # 1 # ID=40_1;partial=10;start_type=Edge;rbs_motif=None;rbs_spacer=None;gc_cont=0.515	62047
NODE_68_length_15056_cov_10.9745_1  -          Y1_Tnp               PF01797.16   4.8e-39  133.6   1.4   5.4e-39  133.5   1.4   1.0   1   0   0   1   1   1   1 # 37 # 426 # -1 # ID=63_1;partial=00;start_type=ATG;rbs_motif=AGGAG;rbs_spacer=5-10bp;gc_cont=0.367	76392
NODE_68_length_15056_cov_10.9745_1  -          Y1_Tnp               PF01797.16   4.8e-39  133.6   1.4   5.4e-39  133.5   1.4   1.0   1   0   0   1   1   1   1 # 37 # 426 # -1 # ID=63_1;partial=00;start_type=ATG;rbs_motif=AGGAG;rbs_spacer=5-10bp;gc_cont=0.367	48371
NODE_68_length_15056_cov_10.9745_1  -          Y1_Tnp               PF01797.16   4.8e-39  133.6   1.4   5.4e-39  133.5   1.4   1.0   1   0   0   1   1   1   1 # 37 # 426 # -1 # ID=63_1;partial=00;start_type=ATG;rbs_motif=AGGAG;rbs_spacer=5-10bp;gc_cont=0.367	2260993
NODE_68_length_15056_cov_10.9745_1  -          Y1_Tnp               PF01797.16   4.8e-39  133.6   1.4   5.4e-39  133.5   1.4   1.0   1   0   0   1   1   1   1 # 37 # 426 # -1 # ID=63_1;partial=00;start_type=ATG;rbs_motif=AGGAG;rbs_spacer=5-10bp;gc_cont=0.367	4294241
NODE_68_length_15056_cov_10.9745_1  -          Y1_Tnp               PF01797.16   4.8e-39  133.6   1.4   5.4e-39  133.5   1.4   1.0   1   0   0   1   1   1   1 # 37 # 426 # -1 # ID=63_1;partial=00;start_type=ATG;rbs_motif=AGGAG;rbs_spacer=5-10bp;gc_cont=0.367	4294241
NODE_74_length_14153_cov_13.198_7   -          HTH_Tnp_ISL3         PF13542.6    1.5e-06   27.9   1.0     0.034   14.0   0.0   3.6   3   0   0   3   3   3   2 # 3974 # 6658 # -1 # ID=68_7;partial=00;start_type=ATG;rbs_motif=GGAG/GAGG;rbs_spacer=5-10bp;gc_cont=0.556	3162934
NODE_74_length_14153_cov_13.198_7   -          HTH_Tnp_ISL3         PF13542.6    1.5e-06   27.9   1.0     0.034   14.0   0.0   3.6   3   0   0   3   3   3   2 # 3974 # 6658 # -1 # ID=68_7;partial=00;start_type=ATG;rbs_motif=GGAG/GAGG;rbs_spacer=5-10bp;gc_cont=0.556	6604148
NODE_74_length_14153_cov_13.198_7   -          HTH_Tnp_ISL3         PF13542.6    1.5e-06   27.9   1.0     0.034   14.0   0.0   3.6   3   0   0   3   3   3   2 # 3974 # 6658 # -1 # ID=68_7;partial=00;start_type=ATG;rbs_motif=GGAG/GAGG;rbs_spacer=5-10bp;gc_cont=0.556	6604148
NODE_74_length_14153_cov_13.198_7   -          HTH_Tnp_ISL3         PF13542.6    1.5e-06   27.9   1.0     0.034   14.0   0.0   3.6   3   0   0   3   3   3   2 # 3974 # 6658 # -1 # ID=68_7;partial=00;start_type=ATG;rbs_motif=GGAG/GAGG;rbs_spacer=5-10bp;gc_cont=0.556	75611
NODE_74_length_14153_cov_13.198_7   -          HTH_Tnp_ISL3         PF13542.6    1.5e-06   27.9   1.0     0.034   14.0   0.0   3.6   3   0   0   3   3   3   2 # 3974 # 6658 # -1 # ID=68_7;partial=00;start_type=ATG;rbs_motif=GGAG/GAGG;rbs_spacer=5-10bp;gc_cont=0.556	113689
NODE_74_length_14153_cov_13.198_7   -          HTH_Tnp_ISL3         PF13542.6    1.5e-06   27.9   1.0     0.034   14.0   0.0   3.6   3   0   0   3   3   3   2 # 3974 # 6658 # -1 # ID=68_7;partial=00;start_type=ATG;rbs_motif=GGAG/GAGG;rbs_spacer=5-10bp;gc_cont=0.556	74858
NODE_74_length_14153_cov_13.198_7   -          HTH_Tnp_ISL3         PF13542.6    1.5e-06   27.9   1.0     0.034   14.0   0.0   3.6   3   0   0   3   3   3   2 # 3974 # 6658 # -1 # ID=68_7;partial=00;start_type=ATG;rbs_motif=GGAG/GAGG;rbs_spacer=5-10bp;gc_cont=0.556	75454
NODE_74_length_14153_cov_13.198_7   -          HTH_Tnp_ISL3         PF13542.6    1.5e-06   27.9   1.0     0.034   14.0   0.0   3.6   3   0   0   3   3   3   2 # 3974 # 6658 # -1 # ID=68_7;partial=00;start_type=ATG;rbs_motif=GGAG/GAGG;rbs_spacer=5-10bp;gc_cont=0.556	570330
NODE_74_length_14153_cov_13.198_7   -          HTH_Tnp_ISL3         PF13542.6    1.5e-06   27.9   1.0     0.034   14.0   0.0   3.6   3   0   0   3   3   3   2 # 3974 # 6658 # -1 # ID=68_7;partial=00;start_type=ATG;rbs_motif=GGAG/GAGG;rbs_spacer=5-10bp;gc_cont=0.556	46928
NODE_74_length_14153_cov_13.198_7   -          HTH_Tnp_ISL3         PF13542.6    1.5e-06   27.9   1.0     0.034   14.0   0.0   3.6   3   0   0   3   3   3   2 # 3974 # 6658 # -1 # ID=68_7;partial=00;start_type=ATG;rbs_motif=GGAG/GAGG;rbs_spacer=5-10bp;gc_cont=0.556	46928
NODE_74_length_14153_cov_13.198_7   -          HTH_Tnp_ISL3         PF13542.6    1.5e-06   27.9   1.0     0.034   14.0   0.0   3.6   3   0   0   3   3   3   2 # 3974 # 6658 # -1 # ID=68_7;partial=00;start_type=ATG;rbs_motif=GGAG/GAGG;rbs_spacer=5-10bp;gc_cont=0.556	6604430
NODE_119_length_10065_cov_12.5132_1  -          DDE_Tnp_1            PF01609.21   5.6e-18   65.8   1.6   6.9e-18   65.5   1.6   1.1   1   0   0   1   1   1   1 # 3 # 629 # -1 # ID=107_1;partial=10;start_type=TTG;rbs_motif=None;rbs_spacer=None;gc_cont=0.396	45239
NODE_119_length_10065_cov_12.5132_2 -          DUF772               PF05598.11   7.3e-15   55.2   0.2   1.6e-14   54.1   0.1   1.7   2   0   0   2   2   2   1 # 699 # 1337 # -1 # ID=107_2;partial=00;start_type=ATG;rbs_motif=GGA/GAG/AGG;rbs_spacer=5-10bp;gc_cont=0.399	45239
NODE_134_length_9457_cov_9.77207_4   -          DDE_Tnp_1            PF01609.21     5e-15   56.2   1.1   1.1e-14   55.0   0.2   2.0   2   1   0   2   2   2   1 # 3406 # 4695 # 1 # ID=120_4;partial=00;start_type=ATG;rbs_motif=None;rbs_spacer=None;gc_cont=0.397	56157
NODE_134_length_9457_cov_9.77207_5   -          DDE_Tnp_1            PF01609.21   2.8e-07   30.9   0.0   3.4e-07   30.6   0.0   1.1   1   0   0   1   1   1   1 # 4705 # 5133 # 1 # ID=120_5;partial=00;start_type=TTG;rbs_motif=None;rbs_spacer=None;gc_cont=0.373	56157
NODE_134_length_9457_cov_9.77207_5  -          DDE_Tnp_1_6          PF13751.6    9.2e-14   52.2   0.0   1.2e-13   51.8   0.0   1.1   1   0   0   1   1   1   1 # 4705 # 5133 # 1 # ID=120_5;partial=00;start_type=TTG;rbs_motif=None;rbs_spacer=None;gc_cont=0.373	56157
NODE_134_length_9457_cov_9.77207_4  -          DUF772               PF05598.11   3.2e-11   43.5   0.1   1.1e-09   38.6   0.0   2.5   2   0   0   2   2   2   1 # 3406 # 4695 # 1 # ID=120_4;partial=00;start_type=ATG;rbs_motif=None;rbs_spacer=None;gc_cont=0.397	56157
NODE_134_length_9457_cov_9.77207_4   -          DDE_Tnp_1            PF01609.21     5e-15   56.2   1.1   1.1e-14   55.0   0.2   2.0   2   1   0   2   2   2   1 # 3406 # 4695 # 1 # ID=120_4;partial=00;start_type=ATG;rbs_motif=None;rbs_spacer=None;gc_cont=0.397	134146
NODE_134_length_9457_cov_9.77207_5   -          DDE_Tnp_1            PF01609.21   2.8e-07   30.9   0.0   3.4e-07   30.6   0.0   1.1   1   0   0   1   1   1   1 # 4705 # 5133 # 1 # ID=120_5;partial=00;start_type=TTG;rbs_motif=None;rbs_spacer=None;gc_cont=0.373	134146
NODE_134_length_9457_cov_9.77207_5  -          DDE_Tnp_1_6          PF13751.6    9.2e-14   52.2   0.0   1.2e-13   51.8   0.0   1.1   1   0   0   1   1   1   1 # 4705 # 5133 # 1 # ID=120_5;partial=00;start_type=TTG;rbs_motif=None;rbs_spacer=None;gc_cont=0.373	134146
NODE_134_length_9457_cov_9.77207_4  -          DUF772               PF05598.11   3.2e-11   43.5   0.1   1.1e-09   38.6   0.0   2.5   2   0   0   2   2   2   1 # 3406 # 4695 # 1 # ID=120_4;partial=00;start_type=ATG;rbs_motif=None;rbs_spacer=None;gc_cont=0.397	134146
NODE_134_length_9457_cov_9.77207_4   -          DDE_Tnp_1            PF01609.21     5e-15   56.2   1.1   1.1e-14   55.0   0.2   2.0   2   1   0   2   2   2   1 # 3406 # 4695 # 1 # ID=120_4;partial=00;start_type=ATG;rbs_motif=None;rbs_spacer=None;gc_cont=0.397	2584041
NODE_134_length_9457_cov_9.77207_5   -          DDE_Tnp_1            PF01609.21   2.8e-07   30.9   0.0   3.4e-07   30.6   0.0   1.1   1   0   0   1   1   1   1 # 4705 # 5133 # 1 # ID=120_5;partial=00;start_type=TTG;rbs_motif=None;rbs_spacer=None;gc_cont=0.373	2584041
NODE_134_length_9457_cov_9.77207_5  -          DDE_Tnp_1_6          PF13751.6    9.2e-14   52.2   0.0   1.2e-13   51.8   0.0   1.1   1   0   0   1   1   1   1 # 4705 # 5133 # 1 # ID=120_5;partial=00;start_type=TTG;rbs_motif=None;rbs_spacer=None;gc_cont=0.373	2584041
NODE_134_length_9457_cov_9.77207_4  -          DUF772               PF05598.11   3.2e-11   43.5   0.1   1.1e-09   38.6   0.0   2.5   2   0   0   2   2   2   1 # 3406 # 4695 # 1 # ID=120_4;partial=00;start_type=ATG;rbs_motif=None;rbs_spacer=None;gc_cont=0.397	2584041
NODE_134_length_9457_cov_9.77207_4   -          DDE_Tnp_1            PF01609.21     5e-15   56.2   1.1   1.1e-14   55.0   0.2   2.0   2   1   0   2   2   2   1 # 3406 # 4695 # 1 # ID=120_4;partial=00;start_type=ATG;rbs_motif=None;rbs_spacer=None;gc_cont=0.397	246792
NODE_134_length_9457_cov_9.77207_5   -          DDE_Tnp_1            PF01609.21   2.8e-07   30.9   0.0   3.4e-07   30.6   0.0   1.1   1   0   0   1   1   1   1 # 4705 # 5133 # 1 # ID=120_5;partial=00;start_type=TTG;rbs_motif=None;rbs_spacer=None;gc_cont=0.373	246792
NODE_134_length_9457_cov_9.77207_5  -          DDE_Tnp_1_6          PF13751.6    9.2e-14   52.2   0.0   1.2e-13   51.8   0.0   1.1   1   0   0   1   1   1   1 # 4705 # 5133 # 1 # ID=120_5;partial=00;start_type=TTG;rbs_motif=None;rbs_spacer=None;gc_cont=0.373	246792
NODE_134_length_9457_cov_9.77207_4  -          DUF772               PF05598.11   3.2e-11   43.5   0.1   1.1e-09   38.6   0.0   2.5   2   0   0   2   2   2   1 # 3406 # 4695 # 1 # ID=120_4;partial=00;start_type=ATG;rbs_motif=None;rbs_spacer=None;gc_cont=0.397	246792
NODE_134_length_9457_cov_9.77207_4   -          DDE_Tnp_1            PF01609.21     5e-15   56.2   1.1   1.1e-14   55.0   0.2   2.0   2   1   0   2   2   2   1 # 3406 # 4695 # 1 # ID=120_4;partial=00;start_type=ATG;rbs_motif=None;rbs_spacer=None;gc_cont=0.397	246792
NODE_134_length_9457_cov_9.77207_5   -          DDE_Tnp_1            PF01609.21   2.8e-07   30.9   0.0   3.4e-07   30.6   0.0   1.1   1   0   0   1   1   1   1 # 4705 # 5133 # 1 # ID=120_5;partial=00;start_type=TTG;rbs_motif=None;rbs_spacer=None;gc_cont=0.373	246792
NODE_134_length_9457_cov_9.77207_5  -          DDE_Tnp_1_6          PF13751.6    9.2e-14   52.2   0.0   1.2e-13   51.8   0.0   1.1   1   0   0   1   1   1   1 # 4705 # 5133 # 1 # ID=120_5;partial=00;start_type=TTG;rbs_motif=None;rbs_spacer=None;gc_cont=0.373	246792
NODE_134_length_9457_cov_9.77207_4  -          DUF772               PF05598.11   3.2e-11   43.5   0.1   1.1e-09   38.6   0.0   2.5   2   0   0   2   2   2   1 # 3406 # 4695 # 1 # ID=120_4;partial=00;start_type=ATG;rbs_motif=None;rbs_spacer=None;gc_cont=0.397	246792
NODE_134_length_9457_cov_9.77207_4   -          DDE_Tnp_1            PF01609.21     5e-15   56.2   1.1   1.1e-14   55.0   0.2   2.0   2   1   0   2   2   2   1 # 3406 # 4695 # 1 # ID=120_4;partial=00;start_type=ATG;rbs_motif=None;rbs_spacer=None;gc_cont=0.397	847435
NODE_134_length_9457_cov_9.77207_5   -          DDE_Tnp_1            PF01609.21   2.8e-07   30.9   0.0   3.4e-07   30.6   0.0   1.1   1   0   0   1   1   1   1 # 4705 # 5133 # 1 # ID=120_5;partial=00;start_type=TTG;rbs_motif=None;rbs_spacer=None;gc_cont=0.373	847435
NODE_134_length_9457_cov_9.77207_5  -          DDE_Tnp_1_6          PF13751.6    9.2e-14   52.2   0.0   1.2e-13   51.8   0.0   1.1   1   0   0   1   1   1   1 # 4705 # 5133 # 1 # ID=120_5;partial=00;start_type=TTG;rbs_motif=None;rbs_spacer=None;gc_cont=0.373	847435
NODE_134_length_9457_cov_9.77207_4  -          DUF772               PF05598.11   3.2e-11   43.5   0.1   1.1e-09   38.6   0.0   2.5   2   0   0   2   2   2   1 # 3406 # 4695 # 1 # ID=120_4;partial=00;start_type=ATG;rbs_motif=None;rbs_spacer=None;gc_cont=0.397	847435
NODE_134_length_9457_cov_9.77207_4   -          DDE_Tnp_1            PF01609.21     5e-15   56.2   1.1   1.1e-14   55.0   0.2   2.0   2   1   0   2   2   2   1 # 3406 # 4695 # 1 # ID=120_4;partial=00;start_type=ATG;rbs_motif=None;rbs_spacer=None;gc_cont=0.397	2360050
NODE_134_length_9457_cov_9.77207_5   -          DDE_Tnp_1            PF01609.21   2.8e-07   30.9   0.0   3.4e-07   30.6   0.0   1.1   1   0   0   1   1   1   1 # 4705 # 5133 # 1 # ID=120_5;partial=00;start_type=TTG;rbs_motif=None;rbs_spacer=None;gc_cont=0.373	2360050
NODE_134_length_9457_cov_9.77207_5  -          DDE_Tnp_1_6          PF13751.6    9.2e-14   52.2   0.0   1.2e-13   51.8   0.0   1.1   1   0   0   1   1   1   1 # 4705 # 5133 # 1 # ID=120_5;partial=00;start_type=TTG;rbs_motif=None;rbs_spacer=None;gc_cont=0.373	2360050
NODE_134_length_9457_cov_9.77207_4  -          DUF772               PF05598.11   3.2e-11   43.5   0.1   1.1e-09   38.6   0.0   2.5   2   0   0   2   2   2   1 # 3406 # 4695 # 1 # ID=120_4;partial=00;start_type=ATG;rbs_motif=None;rbs_spacer=None;gc_cont=0.397	2360050
NODE_562_length_3833_cov_8.38142_2   -          DDE_Tnp_1            PF01609.21   5.3e-25   88.8   0.6   8.7e-25   88.1   0.6   1.4   1   0   0   1   1   1   1 # 498 # 1715 # -1 # ID=350_2;partial=00;start_type=ATG;rbs_motif=TAAA;rbs_spacer=11bp;gc_cont=0.435	36944
NODE_562_length_3833_cov_8.38142_2   -          DDE_Tnp_1_3          PF13612.6    1.9e-06   28.4   1.4   5.4e-06   26.9   0.3   2.1   2   0   0   2   2   2   1 # 498 # 1715 # -1 # ID=350_2;partial=00;start_type=ATG;rbs_motif=TAAA;rbs_spacer=11bp;gc_cont=0.435	36944
NODE_592_length_3746_cov_11.0734_1   -          DDE_Tnp_1            PF01609.21   6.7e-06   26.3   0.0   7.4e-06   26.2   0.0   1.1   1   0   0   1   1   1   1 # 3 # 245 # 1 # ID=360_1;partial=10;start_type=Edge;rbs_motif=None;rbs_spacer=None;gc_cont=0.395	112300
NODE_592_length_3746_cov_11.0734_1  -          DDE_Tnp_1_6          PF13751.6    1.8e-13   51.2   0.0     2e-13   51.1   0.0   1.0   1   0   0   1   1   1   1 # 3 # 245 # 1 # ID=360_1;partial=10;start_type=Edge;rbs_motif=None;rbs_spacer=None;gc_cont=0.395	112300
NODE_592_length_3746_cov_11.0734_1   -          DDE_Tnp_1            PF01609.21   6.7e-06   26.3   0.0   7.4e-06   26.2   0.0   1.1   1   0   0   1   1   1   1 # 3 # 245 # 1 # ID=360_1;partial=10;start_type=Edge;rbs_motif=None;rbs_spacer=None;gc_cont=0.395	103836
NODE_592_length_3746_cov_11.0734_1  -          DDE_Tnp_1_6          PF13751.6    1.8e-13   51.2   0.0     2e-13   51.1   0.0   1.0   1   0   0   1   1   1   1 # 3 # 245 # 1 # ID=360_1;partial=10;start_type=Edge;rbs_motif=None;rbs_spacer=None;gc_cont=0.395	103836
NODE_729_length_3374_cov_12.2492_1   -          HTH_Tnp_1            PF01527.20   6.1e-06   26.9   0.0   6.2e-06   26.9   0.0   1.2   1   0   0   1   1   1   1 # 2 # 244 # -1 # ID=417_1;partial=10;start_type=ATG;rbs_motif=GGA/GAG/AGG;rbs_spacer=11-12bp;gc_cont=0.514	123087
NODE_846_length_3120_cov_6.23785_1 -          DEDD_Tnp_IS110       PF01548.17   1.1e-20   74.6   0.0   2.3e-20   73.5   0.0   1.5   1   0   0   1   1   1   1 # 413 # 1465 # 1 # ID=466_1;partial=00;start_type=ATG;rbs_motif=TAA;rbs_spacer=11bp;gc_cont=0.428	299971
NODE_846_length_3120_cov_6.23785_1  -          Transposase_20       PF02371.16     2e-12   47.7   0.0   3.6e-12   46.9   0.0   1.4   1   0   0   1   1   1   1 # 413 # 1465 # 1 # ID=466_1;partial=00;start_type=ATG;rbs_motif=TAA;rbs_spacer=11bp;gc_cont=0.428	299971
NODE_846_length_3120_cov_6.23785_1 -          DEDD_Tnp_IS110       PF01548.17   1.1e-20   74.6   0.0   2.3e-20   73.5   0.0   1.5   1   0   0   1   1   1   1 # 413 # 1465 # 1 # ID=466_1;partial=00;start_type=ATG;rbs_motif=TAA;rbs_spacer=11bp;gc_cont=0.428	118188
NODE_846_length_3120_cov_6.23785_1  -          Transposase_20       PF02371.16     2e-12   47.7   0.0   3.6e-12   46.9   0.0   1.4   1   0   0   1   1   1   1 # 413 # 1465 # 1 # ID=466_1;partial=00;start_type=ATG;rbs_motif=TAA;rbs_spacer=11bp;gc_cont=0.428	118188
NODE_847_length_3117_cov_14.3596_1   -          HTH_Tnp_1            PF01527.20   3.8e-06   27.6   0.0   4.2e-06   27.4   0.0   1.1   1   0   0   1   1   1   1 # 3 # 185 # -1 # ID=467_1;partial=10;start_type=ATG;rbs_motif=None;rbs_spacer=None;gc_cont=0.503	1852169
NODE_866_length_3088_cov_11.5836_4   -          DDE_Tnp_1            PF01609.21   3.9e-24   86.0   1.4   4.2e-24   85.8   1.4   1.0   1   0   0   1   1   1   1 # 2778 # 3086 # -1 # ID=475_4;partial=01;start_type=Edge;rbs_motif=None;rbs_spacer=None;gc_cont=0.505	4477144
NODE_866_length_3088_cov_11.5836_4  -          DDE_Tnp_1_2          PF13586.6    4.3e-07   30.7   0.2   7.4e-07   29.9   0.2   1.4   1   0   0   1   1   1   1 # 2778 # 3086 # -1 # ID=475_4;partial=01;start_type=Edge;rbs_motif=None;rbs_spacer=None;gc_cont=0.505	4477144
NODE_866_length_3088_cov_11.5836_4   -          DDE_Tnp_1_3          PF13612.6    2.5e-07   31.3   0.1   2.7e-07   31.2   0.1   1.0   1   0   0   1   1   1   1 # 2778 # 3086 # -1 # ID=475_4;partial=01;start_type=Edge;rbs_motif=None;rbs_spacer=None;gc_cont=0.505	4477144
NODE_866_length_3088_cov_11.5836_4  -          DDE_Tnp_4            PF13359.6    2.3e-06   27.8   0.0   2.4e-06   27.8   0.0   1.1   1   0   0   1   1   1   1 # 2778 # 3086 # -1 # ID=475_4;partial=01;start_type=Edge;rbs_motif=None;rbs_spacer=None;gc_cont=0.505	4477144
NODE_866_length_3088_cov_11.5836_4   -          DDE_Tnp_1            PF01609.21   3.9e-24   86.0   1.4   4.2e-24   85.8   1.4   1.0   1   0   0   1   1   1   1 # 2778 # 3086 # -1 # ID=475_4;partial=01;start_type=Edge;rbs_motif=None;rbs_spacer=None;gc_cont=0.505	242798
NODE_866_length_3088_cov_11.5836_4  -          DDE_Tnp_1_2          PF13586.6    4.3e-07   30.7   0.2   7.4e-07   29.9   0.2   1.4   1   0   0   1   1   1   1 # 2778 # 3086 # -1 # ID=475_4;partial=01;start_type=Edge;rbs_motif=None;rbs_spacer=None;gc_cont=0.505	242798
NODE_866_length_3088_cov_11.5836_4   -          DDE_Tnp_1_3          PF13612.6    2.5e-07   31.3   0.1   2.7e-07   31.2   0.1   1.0   1   0   0   1   1   1   1 # 2778 # 3086 # -1 # ID=475_4;partial=01;start_type=Edge;rbs_motif=None;rbs_spacer=None;gc_cont=0.505	242798
NODE_866_length_3088_cov_11.5836_4  -          DDE_Tnp_4            PF13359.6    2.3e-06   27.8   0.0   2.4e-06   27.8   0.0   1.1   1   0   0   1   1   1   1 # 2778 # 3086 # -1 # ID=475_4;partial=01;start_type=Edge;rbs_motif=None;rbs_spacer=None;gc_cont=0.505	242798
NODE_866_length_3088_cov_11.5836_4   -          DDE_Tnp_1            PF01609.21   3.9e-24   86.0   1.4   4.2e-24   85.8   1.4   1.0   1   0   0   1   1   1   1 # 2778 # 3086 # -1 # ID=475_4;partial=01;start_type=Edge;rbs_motif=None;rbs_spacer=None;gc_cont=0.505	273316
NODE_866_length_3088_cov_11.5836_4  -          DDE_Tnp_1_2          PF13586.6    4.3e-07   30.7   0.2   7.4e-07   29.9   0.2   1.4   1   0   0   1   1   1   1 # 2778 # 3086 # -1 # ID=475_4;partial=01;start_type=Edge;rbs_motif=None;rbs_spacer=None;gc_cont=0.505	273316
NODE_866_length_3088_cov_11.5836_4   -          DDE_Tnp_1_3          PF13612.6    2.5e-07   31.3   0.1   2.7e-07   31.2   0.1   1.0   1   0   0   1   1   1   1 # 2778 # 3086 # -1 # ID=475_4;partial=01;start_type=Edge;rbs_motif=None;rbs_spacer=None;gc_cont=0.505	273316
NODE_866_length_3088_cov_11.5836_4  -          DDE_Tnp_4            PF13359.6    2.3e-06   27.8   0.0   2.4e-06   27.8   0.0   1.1   1   0   0   1   1   1   1 # 2778 # 3086 # -1 # ID=475_4;partial=01;start_type=Edge;rbs_motif=None;rbs_spacer=None;gc_cont=0.505	273316
NODE_995_length_2904_cov_9.07898_3   -          DDE_Tnp_1            PF01609.21   6.7e-10   39.4   0.1   8.2e-10   39.1   0.1   1.1   1   0   0   1   1   1   1 # 2158 # 2547 # 1 # ID=528_3;partial=00;start_type=ATG;rbs_motif=TAAAAA;rbs_spacer=13bp;gc_cont=0.367	1052900
NODE_995_length_2904_cov_9.07898_3  -          DDE_Tnp_4            PF13359.6    2.4e-11   44.0   0.2     3e-11   43.7   0.2   1.1   1   0   0   1   1   1   1 # 2158 # 2547 # 1 # ID=528_3;partial=00;start_type=ATG;rbs_motif=TAAAAA;rbs_spacer=13bp;gc_cont=0.367	1052900
NODE_1458_length_2437_cov_2.2225_2  -          OrfB_Zn_ribbon       PF07282.11   9.3e-14   51.5   0.2   1.9e-13   50.5   0.2   1.5   1   0   0   1   1   1   1 # 490 # 2058 # -1 # ID=698_2;partial=00;start_type=TTG;rbs_motif=AGGAGG;rbs_spacer=5-10bp;gc_cont=0.594	2510530
NODE_1458_length_2437_cov_2.2225_2  -          OrfB_Zn_ribbon       PF07282.11   9.3e-14   51.5   0.2   1.9e-13   50.5   0.2   1.5   1   0   0   1   1   1   1 # 490 # 2058 # -1 # ID=698_2;partial=00;start_type=TTG;rbs_motif=AGGAGG;rbs_spacer=5-10bp;gc_cont=0.594	503508
NODE_1941_length_2118_cov_3.30635_1  -          DDE_Tnp_ISL3         PF01610.17   2.8e-09   37.5   0.5     3e-09   37.4   0.5   1.0   1   0   0   1   1   1   1 # 2 # 127 # 1 # ID=820_1;partial=10;start_type=Edge;rbs_motif=None;rbs_spacer=None;gc_cont=0.310	19361
NODE_2050_length_2067_cov_15.6233_3 -          DUF772               PF05598.11   4.8e-16   59.0   0.0   7.5e-16   58.4   0.0   1.3   1   0   0   1   1   1   1 # 1737 # 2066 # 1 # ID=855_3;partial=01;start_type=ATG;rbs_motif=TAAA;rbs_spacer=14bp;gc_cont=0.382	1646147
NODE_2050_length_2067_cov_15.6233_2 -          Transposase_mut      PF00872.18   6.1e-06   25.8   0.1   4.6e-05   22.9   0.1   2.0   1   1   0   1   1   1   1 # 797 # 1642 # 1 # ID=855_2;partial=00;start_type=ATG;rbs_motif=None;rbs_spacer=None;gc_cont=0.379	1646147
NODE_2218_length_2007_cov_2.60758_2 -          DDE_Tnp_IS1595       PF12762.7    3.2e-32  112.1   1.9   4.3e-32  111.7   1.9   1.2   1   0   0   1   1   1   1 # 1470 # 2006 # -1 # ID=898_2;partial=01;start_type=Edge;rbs_motif=None;rbs_spacer=None;gc_cont=0.421	434449
NODE_2390_length_1932_cov_10.8535_2 -          MULE                 PF10551.9    1.2e-06   29.2   0.0   2.6e-06   28.2   0.0   1.6   1   0   0   1   1   1   1 # 473 # 1666 # 1 # ID=940_2;partial=00;start_type=ATG;rbs_motif=AGGA;rbs_spacer=5-10bp;gc_cont=0.271	4294299
NODE_2390_length_1932_cov_10.8535_2 -          Transposase_mut      PF00872.18  8.8e-104  347.8   0.9  1.1e-103  347.5   0.9   1.0   1   0   0   1   1   1   1 # 473 # 1666 # 1 # ID=940_2;partial=00;start_type=ATG;rbs_motif=AGGA;rbs_spacer=5-10bp;gc_cont=0.271	4294299
NODE_2520_length_1884_cov_8.32258_2  -          DDE_Tnp_ISL3         PF01610.17   1.9e-49  169.0   8.1   1.9e-49  169.0   8.1   1.5   2   0   0   2   2   2   1 # 611 # 1882 # -1 # ID=975_2;partial=01;start_type=Edge;rbs_motif=None;rbs_spacer=None;gc_cont=0.371	71227
NODE_2520_length_1884_cov_8.32258_2 -          HTH_Tnp_ISL3         PF13542.6    2.6e-08   33.6   0.0   4.8e-08   32.7   0.0   1.5   1   0   0   1   1   1   1 # 611 # 1882 # -1 # ID=975_2;partial=01;start_type=Edge;rbs_motif=None;rbs_spacer=None;gc_cont=0.371	71227
NODE_2520_length_1884_cov_8.32258_2  -          zf-ISL3              PF14690.6    2.2e-11   44.7   1.3   4.8e-11   43.6   1.3   1.6   1   0   0   1   1   1   1 # 611 # 1882 # -1 # ID=975_2;partial=01;start_type=Edge;rbs_motif=None;rbs_spacer=None;gc_cont=0.371	71227
NODE_2520_length_1884_cov_8.32258_2  -          DDE_Tnp_ISL3         PF01610.17   1.9e-49  169.0   8.1   1.9e-49  169.0   8.1   1.5   2   0   0   2   2   2   1 # 611 # 1882 # -1 # ID=975_2;partial=01;start_type=Edge;rbs_motif=None;rbs_spacer=None;gc_cont=0.371	9297
NODE_2520_length_1884_cov_8.32258_2 -          HTH_Tnp_ISL3         PF13542.6    2.6e-08   33.6   0.0   4.8e-08   32.7   0.0   1.5   1   0   0   1   1   1   1 # 611 # 1882 # -1 # ID=975_2;partial=01;start_type=Edge;rbs_motif=None;rbs_spacer=None;gc_cont=0.371	9297
NODE_2520_length_1884_cov_8.32258_2  -          zf-ISL3              PF14690.6    2.2e-11   44.7   1.3   4.8e-11   43.6   1.3   1.6   1   0   0   1   1   1   1 # 611 # 1882 # -1 # ID=975_2;partial=01;start_type=Edge;rbs_motif=None;rbs_spacer=None;gc_cont=0.371	9297
NODE_2520_length_1884_cov_8.32258_2  -          DDE_Tnp_ISL3         PF01610.17   1.9e-49  169.0   8.1   1.9e-49  169.0   8.1   1.5   2   0   0   2   2   2   1 # 611 # 1882 # -1 # ID=975_2;partial=01;start_type=Edge;rbs_motif=None;rbs_spacer=None;gc_cont=0.371	1731915
NODE_2520_length_1884_cov_8.32258_2 -          HTH_Tnp_ISL3         PF13542.6    2.6e-08   33.6   0.0   4.8e-08   32.7   0.0   1.5   1   0   0   1   1   1   1 # 611 # 1882 # -1 # ID=975_2;partial=01;start_type=Edge;rbs_motif=None;rbs_spacer=None;gc_cont=0.371	1731915
NODE_2520_length_1884_cov_8.32258_2  -          zf-ISL3              PF14690.6    2.2e-11   44.7   1.3   4.8e-11   43.6   1.3   1.6   1   0   0   1   1   1   1 # 611 # 1882 # -1 # ID=975_2;partial=01;start_type=Edge;rbs_motif=None;rbs_spacer=None;gc_cont=0.371	1731915
NODE_2520_length_1884_cov_8.32258_2  -          DDE_Tnp_ISL3         PF01610.17   1.9e-49  169.0   8.1   1.9e-49  169.0   8.1   1.5   2   0   0   2   2   2   1 # 611 # 1882 # -1 # ID=975_2;partial=01;start_type=Edge;rbs_motif=None;rbs_spacer=None;gc_cont=0.371	71227
NODE_2520_length_1884_cov_8.32258_2 -          HTH_Tnp_ISL3         PF13542.6    2.6e-08   33.6   0.0   4.8e-08   32.7   0.0   1.5   1   0   0   1   1   1   1 # 611 # 1882 # -1 # ID=975_2;partial=01;start_type=Edge;rbs_motif=None;rbs_spacer=None;gc_cont=0.371	71227
NODE_2520_length_1884_cov_8.32258_2  -          zf-ISL3              PF14690.6    2.2e-11   44.7   1.3   4.8e-11   43.6   1.3   1.6   1   0   0   1   1   1   1 # 611 # 1882 # -1 # ID=975_2;partial=01;start_type=Edge;rbs_motif=None;rbs_spacer=None;gc_cont=0.371	71227
NODE_2727_length_1807_cov_4.76484_1  -          DDE_Tnp_1            PF01609.21   2.3e-48  165.1   0.8   2.3e-48  165.1   0.8   1.6   2   0   0   2   2   2   1 # 560 # 1645 # -1 # ID=1030_1;partial=00;start_type=ATG;rbs_motif=TAA;rbs_spacer=10bp;gc_cont=0.486	5570919
NODE_2727_length_1807_cov_4.76484_1 -          DDE_Tnp_1_6          PF13751.6      2e-07   31.7   0.3     2e-07   31.7   0.3   2.2   2   0   0   2   2   2   1 # 560 # 1645 # -1 # ID=1030_1;partial=00;start_type=ATG;rbs_motif=TAA;rbs_spacer=10bp;gc_cont=0.486	5570919
NODE_2727_length_1807_cov_4.76484_1 -          DDE_Tnp_4            PF13359.6    1.4e-09   38.2   0.5   6.8e-09   36.0   0.3   2.2   2   1   0   2   2   2   1 # 560 # 1645 # -1 # ID=1030_1;partial=00;start_type=ATG;rbs_motif=TAA;rbs_spacer=10bp;gc_cont=0.486	5570919
NODE_2727_length_1807_cov_4.76484_1 -          DUF772               PF05598.11   1.2e-22   80.1   0.1   2.2e-22   79.3   0.1   1.4   1   0   0   1   1   1   1 # 560 # 1645 # -1 # ID=1030_1;partial=00;start_type=ATG;rbs_motif=TAA;rbs_spacer=10bp;gc_cont=0.486	5570919
NODE_2727_length_1807_cov_4.76484_1  -          DDE_Tnp_1            PF01609.21   2.3e-48  165.1   0.8   2.3e-48  165.1   0.8   1.6   2   0   0   2   2   2   1 # 560 # 1645 # -1 # ID=1030_1;partial=00;start_type=ATG;rbs_motif=TAA;rbs_spacer=10bp;gc_cont=0.486	5570919
NODE_2727_length_1807_cov_4.76484_1 -          DDE_Tnp_1_6          PF13751.6      2e-07   31.7   0.3     2e-07   31.7   0.3   2.2   2   0   0   2   2   2   1 # 560 # 1645 # -1 # ID=1030_1;partial=00;start_type=ATG;rbs_motif=TAA;rbs_spacer=10bp;gc_cont=0.486	5570919
NODE_2727_length_1807_cov_4.76484_1 -          DDE_Tnp_4            PF13359.6    1.4e-09   38.2   0.5   6.8e-09   36.0   0.3   2.2   2   1   0   2   2   2   1 # 560 # 1645 # -1 # ID=1030_1;partial=00;start_type=ATG;rbs_motif=TAA;rbs_spacer=10bp;gc_cont=0.486	5570919
NODE_2727_length_1807_cov_4.76484_1 -          DUF772               PF05598.11   1.2e-22   80.1   0.1   2.2e-22   79.3   0.1   1.4   1   0   0   1   1   1   1 # 560 # 1645 # -1 # ID=1030_1;partial=00;start_type=ATG;rbs_motif=TAA;rbs_spacer=10bp;gc_cont=0.486	5570919
NODE_3153_length_1687_cov_3.19363_3  -          DDE_Tnp_1            PF01609.21   1.1e-15   58.3   0.1   6.2e-14   52.6   0.1   2.0   1   1   0   1   1   1   1 # 1171 # 1686 # -1 # ID=1128_3;partial=01;start_type=Edge;rbs_motif=None;rbs_spacer=None;gc_cont=0.386	45320
NODE_3153_length_1687_cov_3.19363_3  -          DDE_Tnp_1_3          PF13612.6    8.2e-61  205.0   0.2   9.7e-61  204.8   0.2   1.1   1   0   0   1   1   1   1 # 1171 # 1686 # -1 # ID=1128_3;partial=01;start_type=Edge;rbs_motif=None;rbs_spacer=None;gc_cont=0.386	45320
NODE_3168_length_1684_cov_11.9736_1  -          PDDEXK_2             PF12784.7    2.8e-12   47.1   0.1   3.5e-12   46.8   0.1   1.1   1   0   0   1   1   1   1 # 2 # 400 # -1 # ID=1131_1;partial=10;start_type=ATG;rbs_motif=AGGAG;rbs_spacer=5-10bp;gc_cont=0.393	1851973
NODE_3186_length_1679_cov_28.83_1    -          DDE_Tnp_1            PF01609.21   1.6e-11   44.7   5.5   3.6e-11   43.6   0.5   3.0   2   1   0   2   2   2   1 # 3 # 1652 # 1 # ID=1134_1;partial=10;start_type=Edge;rbs_motif=None;rbs_spacer=None;gc_cont=0.414	3162882
NODE_3186_length_1679_cov_28.83_1   -          DDE_Tnp_1_6          PF13751.6      2e-33  115.7   1.6     2e-33  115.7   1.6   2.1   2   0   0   2   2   2   1 # 3 # 1652 # 1 # ID=1134_1;partial=10;start_type=Edge;rbs_motif=None;rbs_spacer=None;gc_cont=0.414	3162882
NODE_3186_length_1679_cov_28.83_1   -          DUF772               PF05598.11   7.8e-20   71.1   1.1   1.7e-19   70.0   0.1   2.1   3   0   0   3   3   3   1 # 3 # 1652 # 1 # ID=1134_1;partial=10;start_type=Edge;rbs_motif=None;rbs_spacer=None;gc_cont=0.414	3162882
NODE_3186_length_1679_cov_28.83_1    -          DDE_Tnp_1            PF01609.21   1.6e-11   44.7   5.5   3.6e-11   43.6   0.5   3.0   2   1   0   2   2   2   1 # 3 # 1652 # 1 # ID=1134_1;partial=10;start_type=Edge;rbs_motif=None;rbs_spacer=None;gc_cont=0.414	3162882
NODE_3186_length_1679_cov_28.83_1   -          DDE_Tnp_1_6          PF13751.6      2e-33  115.7   1.6     2e-33  115.7   1.6   2.1   2   0   0   2   2   2   1 # 3 # 1652 # 1 # ID=1134_1;partial=10;start_type=Edge;rbs_motif=None;rbs_spacer=None;gc_cont=0.414	3162882
NODE_3186_length_1679_cov_28.83_1   -          DUF772               PF05598.11   7.8e-20   71.1   1.1   1.7e-19   70.0   0.1   2.1   3   0   0   3   3   3   1 # 3 # 1652 # 1 # ID=1134_1;partial=10;start_type=Edge;rbs_motif=None;rbs_spacer=None;gc_cont=0.414	3162882
NODE_3484_length_1605_cov_4.10129_2 -          DDE_Tnp_IS240        PF13610.6    6.1e-08   33.4   0.5   1.5e-06   29.0   0.0   2.1   2   0   0   2   2   2   1 # 788 # 1603 # -1 # ID=1204_2;partial=01;start_type=Edge;rbs_motif=None;rbs_spacer=None;gc_cont=0.528	3004867
NODE_3764_length_1549_cov_2.13655_3  -          DDE_Tnp_ISL3         PF01610.17   1.7e-39  136.4   2.6   2.1e-39  136.2   2.6   1.1   1   0   0   1   1   1   1 # 844 # 1548 # -1 # ID=1258_3;partial=01;start_type=Edge;rbs_motif=None;rbs_spacer=None;gc_cont=0.260	48347
NODE_3828_length_1537_cov_2.89271_3  -          DDE_Tnp_ISL3         PF01610.17   1.4e-20   74.5   0.0   1.7e-20   74.2   0.0   1.1   1   0   0   1   1   1   1 # 1134 # 1535 # 1 # ID=1275_3;partial=01;start_type=GTG;rbs_motif=GGA/GAG/AGG;rbs_spacer=5-10bp;gc_cont=0.597	381031
NODE_3828_length_1537_cov_2.89271_3  -          DDE_Tnp_ISL3         PF01610.17   1.4e-20   74.5   0.0   1.7e-20   74.2   0.0   1.1   1   0   0   1   1   1   1 # 1134 # 1535 # 1 # ID=1275_3;partial=01;start_type=GTG;rbs_motif=GGA/GAG/AGG;rbs_spacer=5-10bp;gc_cont=0.597	438578
NODE_3828_length_1537_cov_2.89271_3  -          DDE_Tnp_ISL3         PF01610.17   1.4e-20   74.5   0.0   1.7e-20   74.2   0.0   1.1   1   0   0   1   1   1   1 # 1134 # 1535 # 1 # ID=1275_3;partial=01;start_type=GTG;rbs_motif=GGA/GAG/AGG;rbs_spacer=5-10bp;gc_cont=0.597	5571185
NODE_4085_length_1483_cov_1.93768_1 -          OrfB_Zn_ribbon       PF07282.11   1.6e-16   60.4   4.3   2.3e-16   59.9   4.3   1.1   1   0   0   1   1   1   1 # 3 # 338 # 1 # ID=1318_1;partial=10;start_type=Edge;rbs_motif=None;rbs_spacer=None;gc_cont=0.333	579781
NODE_4720_length_1384_cov_2.15425_2  -          HTH_Tnp_1            PF01527.20   1.9e-09   38.1   0.3   0.00044   20.9   0.9   3.1   1   1   1   2   2   2   2 # 576 # 1154 # -1 # ID=1444_2;partial=00;start_type=ATG;rbs_motif=AGGAGG;rbs_spacer=11-12bp;gc_cont=0.380	105778
NODE_5358_length_1297_cov_16.1014_1  -          DDE_Tnp_ISL3         PF01610.17   3.6e-50  171.4   7.7   3.6e-50  171.4   7.7   1.4   2   0   0   2   2   2   1 # 3 # 1274 # 1 # ID=1552_1;partial=10;start_type=Edge;rbs_motif=None;rbs_spacer=None;gc_cont=0.373	9297
NODE_5358_length_1297_cov_16.1014_1 -          HTH_Tnp_ISL3         PF13542.6    2.1e-09   37.0   0.0   3.9e-09   36.2   0.0   1.5   1   0   0   1   1   1   1 # 3 # 1274 # 1 # ID=1552_1;partial=10;start_type=Edge;rbs_motif=None;rbs_spacer=None;gc_cont=0.373	9297
NODE_5358_length_1297_cov_16.1014_1  -          zf-ISL3              PF14690.6    6.5e-12   46.4   0.9   1.4e-11   45.3   0.9   1.6   1   0   0   1   1   1   1 # 3 # 1274 # 1 # ID=1552_1;partial=10;start_type=Edge;rbs_motif=None;rbs_spacer=None;gc_cont=0.373	9297
NODE_5358_length_1297_cov_16.1014_1  -          DDE_Tnp_ISL3         PF01610.17   3.6e-50  171.4   7.7   3.6e-50  171.4   7.7   1.4   2   0   0   2   2   2   1 # 3 # 1274 # 1 # ID=1552_1;partial=10;start_type=Edge;rbs_motif=None;rbs_spacer=None;gc_cont=0.373	425385
NODE_5358_length_1297_cov_16.1014_1 -          HTH_Tnp_ISL3         PF13542.6    2.1e-09   37.0   0.0   3.9e-09   36.2   0.0   1.5   1   0   0   1   1   1   1 # 3 # 1274 # 1 # ID=1552_1;partial=10;start_type=Edge;rbs_motif=None;rbs_spacer=None;gc_cont=0.373	425385
NODE_5358_length_1297_cov_16.1014_1  -          zf-ISL3              PF14690.6    6.5e-12   46.4   0.9   1.4e-11   45.3   0.9   1.6   1   0   0   1   1   1   1 # 3 # 1274 # 1 # ID=1552_1;partial=10;start_type=Edge;rbs_motif=None;rbs_spacer=None;gc_cont=0.373	425385
NODE_5358_length_1297_cov_16.1014_1  -          DDE_Tnp_ISL3         PF01610.17   3.6e-50  171.4   7.7   3.6e-50  171.4   7.7   1.4   2   0   0   2   2   2   1 # 3 # 1274 # 1 # ID=1552_1;partial=10;start_type=Edge;rbs_motif=None;rbs_spacer=None;gc_cont=0.373	76862
NODE_5358_length_1297_cov_16.1014_1 -          HTH_Tnp_ISL3         PF13542.6    2.1e-09   37.0   0.0   3.9e-09   36.2   0.0   1.5   1   0   0   1   1   1   1 # 3 # 1274 # 1 # ID=1552_1;partial=10;start_type=Edge;rbs_motif=None;rbs_spacer=None;gc_cont=0.373	76862
NODE_5358_length_1297_cov_16.1014_1  -          zf-ISL3              PF14690.6    6.5e-12   46.4   0.9   1.4e-11   45.3   0.9   1.6   1   0   0   1   1   1   1 # 3 # 1274 # 1 # ID=1552_1;partial=10;start_type=Edge;rbs_motif=None;rbs_spacer=None;gc_cont=0.373	76862
NODE_5358_length_1297_cov_16.1014_1  -          DDE_Tnp_ISL3         PF01610.17   3.6e-50  171.4   7.7   3.6e-50  171.4   7.7   1.4   2   0   0   2   2   2   1 # 3 # 1274 # 1 # ID=1552_1;partial=10;start_type=Edge;rbs_motif=None;rbs_spacer=None;gc_cont=0.373	101063
NODE_5358_length_1297_cov_16.1014_1 -          HTH_Tnp_ISL3         PF13542.6    2.1e-09   37.0   0.0   3.9e-09   36.2   0.0   1.5   1   0   0   1   1   1   1 # 3 # 1274 # 1 # ID=1552_1;partial=10;start_type=Edge;rbs_motif=None;rbs_spacer=None;gc_cont=0.373	101063
NODE_5358_length_1297_cov_16.1014_1  -          zf-ISL3              PF14690.6    6.5e-12   46.4   0.9   1.4e-11   45.3   0.9   1.6   1   0   0   1   1   1   1 # 3 # 1274 # 1 # ID=1552_1;partial=10;start_type=Edge;rbs_motif=None;rbs_spacer=None;gc_cont=0.373	101063
NODE_5388_length_1293_cov_42.0735_2  -          DDE_Tnp_1            PF01609.21   8.2e-41  140.4   1.0   1.1e-40  140.1   1.0   1.1   1   0   0   1   1   1   1 # 593 # 1291 # -1 # ID=1560_2;partial=01;start_type=Edge;rbs_motif=None;rbs_spacer=None;gc_cont=0.514	273316
NODE_5388_length_1293_cov_42.0735_2 -          DDE_Tnp_1_2          PF13586.6    8.5e-08   32.9   0.2   2.2e-07   31.6   0.2   1.7   1   0   0   1   1   1   1 # 593 # 1291 # -1 # ID=1560_2;partial=01;start_type=Edge;rbs_motif=None;rbs_spacer=None;gc_cont=0.514	273316
NODE_5388_length_1293_cov_42.0735_2  -          DDE_Tnp_1_3          PF13612.6    8.3e-09   36.1   0.0   1.2e-08   35.5   0.0   1.4   1   1   0   1   1   1   1 # 593 # 1291 # -1 # ID=1560_2;partial=01;start_type=Edge;rbs_motif=None;rbs_spacer=None;gc_cont=0.514	273316
NODE_5388_length_1293_cov_42.0735_2 -          DDE_Tnp_1_6          PF13751.6    1.8e-06   28.6   0.4     4e-06   27.5   0.4   1.6   1   0   0   1   1   1   1 # 593 # 1291 # -1 # ID=1560_2;partial=01;start_type=Edge;rbs_motif=None;rbs_spacer=None;gc_cont=0.514	273316
NODE_5388_length_1293_cov_42.0735_2 -          DDE_Tnp_4            PF13359.6      1e-08   35.5   0.1   1.5e-08   34.9   0.1   1.4   1   0   0   1   1   1   1 # 593 # 1291 # -1 # ID=1560_2;partial=01;start_type=Edge;rbs_motif=None;rbs_spacer=None;gc_cont=0.514	273316
NODE_5412_length_1291_cov_9.6157_1   -          DDE_Tnp_ISL3         PF01610.17   1.7e-57  195.4   0.0   2.2e-57  195.0   0.0   1.1   1   0   0   1   1   1   1 # 69 # 1289 # 1 # ID=1563_1;partial=01;start_type=ATG;rbs_motif=None;rbs_spacer=None;gc_cont=0.614	2221286
NODE_5412_length_1291_cov_9.6157_1   -          zf-ISL3              PF14690.6    7.6e-10   39.7   9.6   4.1e-09   37.4   5.9   2.9   3   0   0   3   3   3   1 # 69 # 1289 # 1 # ID=1563_1;partial=01;start_type=ATG;rbs_motif=None;rbs_spacer=None;gc_cont=0.614	2221286
NODE_5535_length_1274_cov_9.15422_1  -          PDDEXK_2             PF12784.7    2.3e-20   73.5   2.0   3.2e-20   73.1   2.0   1.2   1   0   0   1   1   1   1 # 129 # 1007 # -1 # ID=1581_1;partial=00;start_type=ATG;rbs_motif=AGGAG;rbs_spacer=5-10bp;gc_cont=0.424	719974
NODE_5617_length_1266_cov_17.6284_1  -          HTH_Tnp_1            PF01527.20   1.2e-10   42.0   2.3   0.00011   22.8   0.1   2.7   1   1   1   2   2   2   2 # 60 # 575 # 1 # ID=1589_1;partial=00;start_type=ATG;rbs_motif=GGAGG;rbs_spacer=5-10bp;gc_cont=0.593	341607
NODE_5617_length_1266_cov_17.6284_1  -          HTH_Tnp_1            PF01527.20   1.2e-10   42.0   2.3   0.00011   22.8   0.1   2.7   1   1   1   2   2   2   2 # 60 # 575 # 1 # ID=1589_1;partial=00;start_type=ATG;rbs_motif=GGAGG;rbs_spacer=5-10bp;gc_cont=0.593	341607
NODE_5815_length_1242_cov_5.28559_1  -          DDE_Tnp_ISL3         PF01610.17   4.2e-29  102.4   1.8   6.5e-29  101.8   1.8   1.2   1   0   0   1   1   1   1 # 233 # 1240 # 1 # ID=1626_1;partial=01;start_type=ATG;rbs_motif=None;rbs_spacer=None;gc_cont=0.271	3094605
NODE_5815_length_1242_cov_5.28559_1  -          zf-ISL3              PF14690.6    1.1e-07   32.8  11.0   2.8e-07   31.5  11.0   1.7   1   0   0   1   1   1   1 # 233 # 1240 # 1 # ID=1626_1;partial=01;start_type=ATG;rbs_motif=None;rbs_spacer=None;gc_cont=0.271	3094605
NODE_5815_length_1242_cov_5.28559_1  -          DDE_Tnp_ISL3         PF01610.17   4.2e-29  102.4   1.8   6.5e-29  101.8   1.8   1.2   1   0   0   1   1   1   1 # 233 # 1240 # 1 # ID=1626_1;partial=01;start_type=ATG;rbs_motif=None;rbs_spacer=None;gc_cont=0.271	6403597
NODE_5815_length_1242_cov_5.28559_1  -          zf-ISL3              PF14690.6    1.1e-07   32.8  11.0   2.8e-07   31.5  11.0   1.7   1   0   0   1   1   1   1 # 233 # 1240 # 1 # ID=1626_1;partial=01;start_type=ATG;rbs_motif=None;rbs_spacer=None;gc_cont=0.271	6403597
NODE_6112_length_1212_cov_2.84356_1 -          OrfB_IS605           PF01385.19   3.1e-18   66.6   1.0   5.7e-18   65.7   1.0   1.4   1   0   0   1   1   1   1 # 1 # 696 # 1 # ID=1672_1;partial=10;start_type=Edge;rbs_motif=None;rbs_spacer=None;gc_cont=0.619	1207130
NODE_6112_length_1212_cov_2.84356_1 -          OrfB_Zn_ribbon       PF07282.11   1.5e-22   79.7   0.4   3.2e-22   78.6   0.4   1.6   1   0   0   1   1   1   1 # 1 # 696 # 1 # ID=1672_1;partial=10;start_type=Edge;rbs_motif=None;rbs_spacer=None;gc_cont=0.619	1207130
NODE_6206_length_1204_cov_4.72846_2 -          DDE_Tnp_1_6          PF13751.6    3.9e-24   85.7   0.3   4.4e-24   85.5   0.3   1.0   1   0   0   1   1   1   1 # 776 # 1204 # -1 # ID=1683_2;partial=01;start_type=Edge;rbs_motif=None;rbs_spacer=None;gc_cont=0.359	4188746
NODE_6206_length_1204_cov_4.72846_1 -          MULE                 PF10551.9    1.9e-06   28.7   0.2   4.3e-06   27.5   0.2   1.7   1   0   0   1   1   1   1 # 1 # 744 # 1 # ID=1683_1;partial=10;start_type=Edge;rbs_motif=None;rbs_spacer=None;gc_cont=0.382	4188746
NODE_6206_length_1204_cov_4.72846_1 -          Transposase_mut      PF00872.18   2.9e-07   30.1   0.0   3.5e-07   29.9   0.0   1.2   1   0   0   1   1   1   1 # 1 # 744 # 1 # ID=1683_1;partial=10;start_type=Edge;rbs_motif=None;rbs_spacer=None;gc_cont=0.382	4188746
NODE_6361_length_1187_cov_8.18816_1  -          PDDEXK_2             PF12784.7    2.3e-20   73.5   2.0   3.2e-20   73.1   2.0   1.2   1   0   0   1   1   1   1 # 181 # 1059 # 1 # ID=1702_1;partial=00;start_type=ATG;rbs_motif=AGGAG;rbs_spacer=5-10bp;gc_cont=0.423	3162786
NODE_6361_length_1187_cov_8.18816_1  -          PDDEXK_2             PF12784.7    2.3e-20   73.5   2.0   3.2e-20   73.1   2.0   1.2   1   0   0   1   1   1   1 # 181 # 1059 # 1 # ID=1702_1;partial=00;start_type=ATG;rbs_motif=AGGAG;rbs_spacer=5-10bp;gc_cont=0.423	224743
NODE_6627_length_1162_cov_16.1734_2  -          PDDEXK_2             PF12784.7    1.5e-06   28.4   0.8   2.1e-06   27.9   0.8   1.2   1   0   0   1   1   1   1 # 581 # 1162 # -1 # ID=1751_2;partial=01;start_type=Edge;rbs_motif=None;rbs_spacer=None;gc_cont=0.440	3162786
NODE_6627_length_1162_cov_16.1734_2  -          PDDEXK_2             PF12784.7    1.5e-06   28.4   0.8   2.1e-06   27.9   0.8   1.2   1   0   0   1   1   1   1 # 581 # 1162 # -1 # ID=1751_2;partial=01;start_type=Edge;rbs_motif=None;rbs_spacer=None;gc_cont=0.440	5570877
NODE_7739_length_1075_cov_23.6225_1  -          PDDEXK_2             PF12784.7    6.1e-20   72.2   1.7   8.1e-20   71.8   1.7   1.2   1   0   0   1   1   1   1 # 1 # 789 # -1 # ID=1932_1;partial=10;start_type=ATG;rbs_motif=AGGAG;rbs_spacer=5-10bp;gc_cont=0.431	321448
NODE_7739_length_1075_cov_23.6225_1  -          PDDEXK_2             PF12784.7    6.1e-20   72.2   1.7   8.1e-20   71.8   1.7   1.2   1   0   0   1   1   1   1 # 1 # 789 # -1 # ID=1932_1;partial=10;start_type=ATG;rbs_motif=AGGAG;rbs_spacer=5-10bp;gc_cont=0.431	29915
NODE_7739_length_1075_cov_23.6225_1  -          PDDEXK_2             PF12784.7    6.1e-20   72.2   1.7   8.1e-20   71.8   1.7   1.2   1   0   0   1   1   1   1 # 1 # 789 # -1 # ID=1932_1;partial=10;start_type=ATG;rbs_motif=AGGAG;rbs_spacer=5-10bp;gc_cont=0.431	1851973
NODE_8073_length_1051_cov_51.1918_1  -          DDE_Tnp_1            PF01609.21   1.6e-13   51.3   0.8     8e-13   49.0   0.8   2.0   1   1   0   1   1   1   1 # 103 # 1029 # 1 # ID=1984_1;partial=00;start_type=ATG;rbs_motif=None;rbs_spacer=None;gc_cont=0.431	166784
NODE_8073_length_1051_cov_51.1918_1  -          DDE_Tnp_1_3          PF13612.6    2.4e-64  216.5   0.4   3.2e-64  216.1   0.4   1.2   1   0   0   1   1   1   1 # 103 # 1029 # 1 # ID=1984_1;partial=00;start_type=ATG;rbs_motif=None;rbs_spacer=None;gc_cont=0.431	166784
NODE_8931_length_999_cov_5.03072_1   -          PDDEXK_2             PF12784.7    1.6e-11   44.7   4.8   2.2e-11   44.2   4.8   1.3   1   0   0   1   1   1   1 # 337 # 999 # -1 # ID=2099_1;partial=01;start_type=Edge;rbs_motif=None;rbs_spacer=None;gc_cont=0.436	1009398
NODE_8931_length_999_cov_5.03072_1   -          PDDEXK_2             PF12784.7    1.6e-11   44.7   4.8   2.2e-11   44.2   4.8   1.3   1   0   0   1   1   1   1 # 337 # 999 # -1 # ID=2099_1;partial=01;start_type=Edge;rbs_motif=None;rbs_spacer=None;gc_cont=0.436	57962
NODE_8931_length_999_cov_5.03072_1   -          PDDEXK_2             PF12784.7    1.6e-11   44.7   4.8   2.2e-11   44.2   4.8   1.3   1   0   0   1   1   1   1 # 337 # 999 # -1 # ID=2099_1;partial=01;start_type=Edge;rbs_motif=None;rbs_spacer=None;gc_cont=0.436	5570877
NODE_9002_length_995_cov_4.3_1       -          DDE_Tnp_ISL3         PF01610.17   7.7e-55  186.7   3.8   1.1e-54  186.1   3.8   1.3   1   0   0   1   1   1   1 # 2 # 994 # -1 # ID=2118_1;partial=11;start_type=Edge;rbs_motif=None;rbs_spacer=None;gc_cont=0.282	608660
NODE_9300_length_976_cov_3.48317_1  -          OrfB_IS605           PF01385.19   9.9e-15   55.3   0.5   1.7e-14   54.5   0.3   1.5   1   1   0   1   1   1   1 # 3 # 767 # 1 # ID=2150_1;partial=10;start_type=Edge;rbs_motif=None;rbs_spacer=None;gc_cont=0.340	579781
NODE_9300_length_976_cov_3.48317_1  -          OrfB_Zn_ribbon       PF07282.11   5.7e-16   58.6   5.3   1.2e-15   57.6   5.3   1.5   1   0   0   1   1   1   1 # 3 # 767 # 1 # ID=2150_1;partial=10;start_type=Edge;rbs_motif=None;rbs_spacer=None;gc_cont=0.340	579781
NODE_11136_length_885_cov_3.85904_1  -          DDE_Tnp_ISL3         PF01610.17   3.7e-31  109.1   2.8   3.7e-31  109.1   2.8   1.6   2   0   0   2   2   2   1 # 3 # 884 # 1 # ID=2382_1;partial=11;start_type=Edge;rbs_motif=None;rbs_spacer=None;gc_cont=0.391	72296
NODE_11136_length_885_cov_3.85904_1 -          HTH_Tnp_ISL3         PF13542.6      2e-09   37.2   0.0   3.5e-09   36.4   0.0   1.5   1   0   0   1   1   1   1 # 3 # 884 # 1 # ID=2382_1;partial=11;start_type=Edge;rbs_motif=None;rbs_spacer=None;gc_cont=0.391	72296
NODE_11136_length_885_cov_3.85904_1  -          zf-ISL3              PF14690.6    7.2e-06   27.0   0.3   1.4e-05   26.1   0.3   1.5   1   0   0   1   1   1   1 # 3 # 884 # 1 # ID=2382_1;partial=11;start_type=Edge;rbs_motif=None;rbs_spacer=None;gc_cont=0.391	72296
NODE_11348_length_876_cov_2.28015_2  -          DDE_Tnp_ISL3         PF01610.17     2e-24   87.1   0.0   2.2e-24   86.9   0.0   1.0   1   0   0   1   1   1   1 # 567 # 875 # 1 # ID=2417_2;partial=01;start_type=GTG;rbs_motif=None;rbs_spacer=None;gc_cont=0.641	5571185
NODE_11837_length_858_cov_1.48568_1 -          OrfB_Zn_ribbon       PF07282.11   3.4e-06   27.3   1.0   5.8e-06   26.6   1.0   1.4   1   0   0   1   1   1   1 # 3 # 455 # 1 # ID=2471_1;partial=10;start_type=Edge;rbs_motif=None;rbs_spacer=None;gc_cont=0.587	3224422
NODE_12218_length_844_cov_44.1458_1  -          DDE_Tnp_1            PF01609.21   6.1e-20   72.2   0.0   8.1e-20   71.8   0.0   1.2   1   0   0   1   1   1   1 # 10 # 438 # -1 # ID=2520_1;partial=00;start_type=ATG;rbs_motif=GGA/GAG/AGG;rbs_spacer=5-10bp;gc_cont=0.510	44229
NODE_12218_length_844_cov_44.1458_1 -          DDE_Tnp_1_2          PF13586.6    9.2e-14   52.0   0.1   1.7e-13   51.2   0.1   1.4   1   0   0   1   1   1   1 # 10 # 438 # -1 # ID=2520_1;partial=00;start_type=ATG;rbs_motif=GGA/GAG/AGG;rbs_spacer=5-10bp;gc_cont=0.510	44229
NODE_12218_length_844_cov_44.1458_2 -          DUF4096              PF13340.6    8.1e-21   74.5   0.5   1.1e-20   74.0   0.5   1.1   1   0   0   1   1   1   1 # 494 # 802 # -1 # ID=2520_2;partial=00;start_type=ATG;rbs_motif=None;rbs_spacer=None;gc_cont=0.566	44229
NODE_12544_length_832_cov_5.51094_1  -          DDE_Tnp_ISL3         PF01610.17   1.6e-48  166.0   7.8   1.8e-48  165.8   7.8   1.0   1   0   0   1   1   1   1 # 80 # 832 # -1 # ID=2553_1;partial=01;start_type=Edge;rbs_motif=None;rbs_spacer=None;gc_cont=0.384	327317
NODE_12544_length_832_cov_5.51094_1  -          DDE_Tnp_ISL3         PF01610.17   1.6e-48  166.0   7.8   1.8e-48  165.8   7.8   1.0   1   0   0   1   1   1   1 # 80 # 832 # -1 # ID=2553_1;partial=01;start_type=Edge;rbs_motif=None;rbs_spacer=None;gc_cont=0.384	72296
NODE_12544_length_832_cov_5.51094_1  -          DDE_Tnp_ISL3         PF01610.17   1.6e-48  166.0   7.8   1.8e-48  165.8   7.8   1.0   1   0   0   1   1   1   1 # 80 # 832 # -1 # ID=2553_1;partial=01;start_type=Edge;rbs_motif=None;rbs_spacer=None;gc_cont=0.384	150536
NODE_13342_length_805_cov_4.18133_1  -          PDDEXK_2             PF12784.7      4e-20   72.8   0.6   5.7e-20   72.3   0.6   1.2   1   0   0   1   1   1   1 # 181 # 804 # 1 # ID=2658_1;partial=01;start_type=ATG;rbs_motif=AGGAG;rbs_spacer=5-10bp;gc_cont=0.415	106156
NODE_13342_length_805_cov_4.18133_1  -          PDDEXK_2             PF12784.7      4e-20   72.8   0.6   5.7e-20   72.3   0.6   1.2   1   0   0   1   1   1   1 # 181 # 804 # 1 # ID=2658_1;partial=01;start_type=ATG;rbs_motif=AGGAG;rbs_spacer=5-10bp;gc_cont=0.415	321448
NODE_15099_length_755_cov_55.9886_1  -          DDE_Tnp_1            PF01609.21   8.2e-41  140.4   1.0   1.1e-40  140.1   1.0   1.1   1   0   0   1   1   1   1 # 55 # 753 # -1 # ID=2885_1;partial=01;start_type=Edge;rbs_motif=None;rbs_spacer=None;gc_cont=0.514	273316
NODE_15099_length_755_cov_55.9886_1 -          DDE_Tnp_1_2          PF13586.6    8.5e-08   32.9   0.2   2.2e-07   31.6   0.2   1.7   1   0   0   1   1   1   1 # 55 # 753 # -1 # ID=2885_1;partial=01;start_type=Edge;rbs_motif=None;rbs_spacer=None;gc_cont=0.514	273316
NODE_15099_length_755_cov_55.9886_1  -          DDE_Tnp_1_3          PF13612.6    8.3e-09   36.1   0.0   1.2e-08   35.5   0.0   1.4   1   1   0   1   1   1   1 # 55 # 753 # -1 # ID=2885_1;partial=01;start_type=Edge;rbs_motif=None;rbs_spacer=None;gc_cont=0.514	273316
NODE_15099_length_755_cov_55.9886_1 -          DDE_Tnp_1_6          PF13751.6    1.8e-06   28.6   0.4     4e-06   27.5   0.4   1.6   1   0   0   1   1   1   1 # 55 # 753 # -1 # ID=2885_1;partial=01;start_type=Edge;rbs_motif=None;rbs_spacer=None;gc_cont=0.514	273316
NODE_15099_length_755_cov_55.9886_1 -          DDE_Tnp_4            PF13359.6      1e-08   35.5   0.1   1.5e-08   34.9   0.1   1.4   1   0   0   1   1   1   1 # 55 # 753 # -1 # ID=2885_1;partial=01;start_type=Edge;rbs_motif=None;rbs_spacer=None;gc_cont=0.514	273316
NODE_15124_length_755_cov_13.3814_1  -          PDDEXK_2             PF12784.7      2e-18   67.3   1.3   2.8e-18   66.7   1.3   1.2   1   0   0   1   1   1   1 # 172 # 753 # 1 # ID=2888_1;partial=01;start_type=ATG;rbs_motif=AGGAG;rbs_spacer=5-10bp;gc_cont=0.423	57962
NODE_15995_length_733_cov_2.18879_1 -          OrfB_IS605           PF01385.19   3.6e-11   43.8   1.0   5.7e-11   43.1   1.0   1.3   1   0   0   1   1   1   1 # 145 # 732 # -1 # ID=2999_1;partial=01;start_type=Edge;rbs_motif=None;rbs_spacer=None;gc_cont=0.556	3748889
NODE_15995_length_733_cov_2.18879_1 -          OrfB_Zn_ribbon       PF07282.11     5e-22   78.0   0.1   7.8e-22   77.4   0.1   1.3   1   0   0   1   1   1   1 # 145 # 732 # -1 # ID=2999_1;partial=01;start_type=Edge;rbs_motif=None;rbs_spacer=None;gc_cont=0.556	3748889
NODE_16014_length_732_cov_2.03397_1  -          HTH_Tnp_1            PF01527.20     6e-14   52.6   1.2   3.4e-06   27.7   0.1   2.6   2   1   1   3   3   3   2 # 184 # 732 # 1 # ID=3001_1;partial=01;start_type=TTG;rbs_motif=AGxAGG/AGGxGG;rbs_spacer=11-12bp;gc_cont=0.335	740065
NODE_16898_length_712_cov_2.36073_1  -          DDE_Tnp_1            PF01609.21   7.5e-15   55.6   0.5   2.8e-14   53.7   0.5   1.7   1   1   0   1   1   1   1 # 2 # 505 # 1 # ID=3096_1;partial=10;start_type=Edge;rbs_motif=None;rbs_spacer=None;gc_cont=0.377	6604181
NODE_16898_length_712_cov_2.36073_1  -          DDE_Tnp_1_3          PF13612.6    1.6e-56  191.0   0.9     2e-56  190.8   0.9   1.1   1   0   0   1   1   1   1 # 2 # 505 # 1 # ID=3096_1;partial=10;start_type=Edge;rbs_motif=None;rbs_spacer=None;gc_cont=0.377	6604181
NODE_17635_length_697_cov_3.25545_1 -          HTH_Tnp_ISL3         PF13542.6    4.9e-09   35.9   0.0   9.3e-09   35.0   0.0   1.5   1   0   0   1   1   1   1 # 3 # 638 # -1 # ID=3189_1;partial=10;start_type=ATG;rbs_motif=TAA;rbs_spacer=8bp;gc_cont=0.373	2109356
NODE_17635_length_697_cov_3.25545_1  -          zf-ISL3              PF14690.6    1.7e-11   45.0   0.6   2.8e-11   44.3   0.6   1.4   1   0   0   1   1   1   1 # 3 # 638 # -1 # ID=3189_1;partial=10;start_type=ATG;rbs_motif=TAA;rbs_spacer=8bp;gc_cont=0.373	2109356
NODE_17635_length_697_cov_3.25545_1 -          HTH_Tnp_ISL3         PF13542.6    4.9e-09   35.9   0.0   9.3e-09   35.0   0.0   1.5   1   0   0   1   1   1   1 # 3 # 638 # -1 # ID=3189_1;partial=10;start_type=ATG;rbs_motif=TAA;rbs_spacer=8bp;gc_cont=0.373	943472
NODE_17635_length_697_cov_3.25545_1  -          zf-ISL3              PF14690.6    1.7e-11   45.0   0.6   2.8e-11   44.3   0.6   1.4   1   0   0   1   1   1   1 # 3 # 638 # -1 # ID=3189_1;partial=10;start_type=ATG;rbs_motif=TAA;rbs_spacer=8bp;gc_cont=0.373	943472
NODE_17987_length_690_cov_2.54488_1 -          DDE_Tnp_IS66         PF03050.14   5.6e-41  141.3   0.0   6.6e-41  141.1   0.0   1.1   1   0   0   1   1   1   1 # 116 # 688 # -1 # ID=3226_1;partial=01;start_type=Edge;rbs_motif=None;rbs_spacer=None;gc_cont=0.321	6604501
NODE_17987_length_690_cov_2.54488_1 -          DDE_Tnp_IS66_C       PF13817.6    8.9e-09   35.9   0.6   1.9e-08   34.8   0.6   1.6   1   0   0   1   1   1   1 # 116 # 688 # -1 # ID=3226_1;partial=01;start_type=Edge;rbs_motif=None;rbs_spacer=None;gc_cont=0.321	6604501
NODE_20689_length_642_cov_36.7939_1  -          DDE_Tnp_1            PF01609.21     2e-38  132.7   1.8   2.3e-38  132.4   1.8   1.1   1   0   0   1   1   1   1 # 3 # 641 # 1 # ID=3483_1;partial=11;start_type=Edge;rbs_motif=None;rbs_spacer=None;gc_cont=0.516	65281
NODE_20689_length_642_cov_36.7939_1 -          DDE_Tnp_1_2          PF13586.6    7.2e-08   33.1   0.6   1.7e-07   32.0   0.6   1.6   1   0   0   1   1   1   1 # 3 # 641 # 1 # ID=3483_1;partial=11;start_type=Edge;rbs_motif=None;rbs_spacer=None;gc_cont=0.516	65281
NODE_20689_length_642_cov_36.7939_1  -          DDE_Tnp_1_3          PF13612.6    4.7e-08   33.6   0.0   8.8e-08   32.7   0.0   1.6   1   1   0   1   1   1   1 # 3 # 641 # 1 # ID=3483_1;partial=11;start_type=Edge;rbs_motif=None;rbs_spacer=None;gc_cont=0.516	65281
NODE_20689_length_642_cov_36.7939_1 -          DDE_Tnp_4            PF13359.6      1e-08   35.4   0.0   1.5e-08   34.9   0.0   1.3   1   0   0   1   1   1   1 # 3 # 641 # 1 # ID=3483_1;partial=11;start_type=Edge;rbs_motif=None;rbs_spacer=None;gc_cont=0.516	65281
NODE_20689_length_642_cov_36.7939_1  -          DDE_Tnp_1            PF01609.21     2e-38  132.7   1.8   2.3e-38  132.4   1.8   1.1   1   0   0   1   1   1   1 # 3 # 641 # 1 # ID=3483_1;partial=11;start_type=Edge;rbs_motif=None;rbs_spacer=None;gc_cont=0.516	242798
NODE_20689_length_642_cov_36.7939_1 -          DDE_Tnp_1_2          PF13586.6    7.2e-08   33.1   0.6   1.7e-07   32.0   0.6   1.6   1   0   0   1   1   1   1 # 3 # 641 # 1 # ID=3483_1;partial=11;start_type=Edge;rbs_motif=None;rbs_spacer=None;gc_cont=0.516	242798
NODE_20689_length_642_cov_36.7939_1  -          DDE_Tnp_1_3          PF13612.6    4.7e-08   33.6   0.0   8.8e-08   32.7   0.0   1.6   1   1   0   1   1   1   1 # 3 # 641 # 1 # ID=3483_1;partial=11;start_type=Edge;rbs_motif=None;rbs_spacer=None;gc_cont=0.516	242798
NODE_20689_length_642_cov_36.7939_1 -          DDE_Tnp_4            PF13359.6      1e-08   35.4   0.0   1.5e-08   34.9   0.0   1.3   1   0   0   1   1   1   1 # 3 # 641 # 1 # ID=3483_1;partial=11;start_type=Edge;rbs_motif=None;rbs_spacer=None;gc_cont=0.516	242798
NODE_21616_length_627_cov_2.34091_1  -          DDE_Tnp_1_3          PF13612.6    1.3e-13   51.7   0.6   1.7e-13   51.3   0.6   1.2   1   0   0   1   1   1   1 # 236 # 496 # 1 # ID=3577_1;partial=00;start_type=ATG;rbs_motif=GGAG/GAGG;rbs_spacer=5-10bp;gc_cont=0.360	131291
NODE_21800_length_625_cov_121.004_1 -          HTH_Tnp_IS630        PF01710.16     5e-20   72.2   0.1   5.4e-20   72.1   0.1   1.0   1   0   0   1   1   1   1 # 302 # 625 # -1 # ID=3600_1;partial=01;start_type=Edge;rbs_motif=None;rbs_spacer=None;gc_cont=0.429	79933
NODE_23010_length_608_cov_2.83183_1  -          DDE_Tnp_1            PF01609.21   3.7e-08   33.7   1.9     1e-07   32.3   1.8   1.8   1   1   0   1   1   1   1 # 2 # 607 # -1 # ID=3726_1;partial=11;start_type=Edge;rbs_motif=None;rbs_spacer=None;gc_cont=0.304	188764
NODE_23010_length_608_cov_2.83183_1 -          DUF772               PF05598.11   2.8e-06   27.7   0.1   4.3e-06   27.1   0.1   1.3   1   0   0   1   1   1   1 # 2 # 607 # -1 # ID=3726_1;partial=11;start_type=Edge;rbs_motif=None;rbs_spacer=None;gc_cont=0.304	188764
NODE_23269_length_604_cov_1.69763_1 -          OrfB_IS605           PF01385.19   5.5e-12   46.4   0.6   5.5e-12   46.4   0.6   1.5   1   1   0   1   1   1   1 # 87 # 602 # -1 # ID=3750_1;partial=01;start_type=Edge;rbs_motif=None;rbs_spacer=None;gc_cont=0.558	3498005
NODE_23269_length_604_cov_1.69763_1 -          OrfB_Zn_ribbon       PF07282.11   4.4e-24   84.6   0.1   7.7e-24   83.8   0.1   1.4   1   0   0   1   1   1   1 # 87 # 602 # -1 # ID=3750_1;partial=01;start_type=Edge;rbs_motif=None;rbs_spacer=None;gc_cont=0.558	3498005
NODE_23794_length_598_cov_2.58011_1  -          HTH_Tnp_1            PF01527.20   1.7e-08   35.1   0.3   1.7e-06   28.7   0.0   2.7   2   1   0   2   2   2   1 # 1 # 597 # 1 # ID=3806_1;partial=11;start_type=Edge;rbs_motif=None;rbs_spacer=None;gc_cont=0.367	132712
NODE_24424_length_590_cov_2.14953_1  -          DDE_Tnp_ISL3         PF01610.17   1.3e-31  110.6   4.2   1.5e-31  110.5   4.2   1.0   1   0   0   1   1   1   1 # 3 # 590 # -1 # ID=3864_1;partial=11;start_type=Edge;rbs_motif=None;rbs_spacer=None;gc_cont=0.355	76862
NODE_24424_length_590_cov_2.14953_1  -          DDE_Tnp_ISL3         PF01610.17   1.3e-31  110.6   4.2   1.5e-31  110.5   4.2   1.0   1   0   0   1   1   1   1 # 3 # 590 # -1 # ID=3864_1;partial=11;start_type=Edge;rbs_motif=None;rbs_spacer=None;gc_cont=0.355	150536
NODE_27026_length_560_cov_1.55842_1 -          Y1_Tnp               PF01797.16   8.1e-09   36.1   0.1   1.1e-08   35.6   0.1   1.1   1   0   0   1   1   1   1 # 24 # 560 # -1 # ID=4133_1;partial=01;start_type=Edge;rbs_motif=None;rbs_spacer=None;gc_cont=0.408	200407
NODE_29822_length_533_cov_1.80126_1 -          Transposase_20       PF02371.16   1.4e-18   67.4   0.1     2e-18   66.9   0.1   1.3   1   0   0   1   1   1   1 # 71 # 532 # -1 # ID=4410_1;partial=01;start_type=Edge;rbs_motif=None;rbs_spacer=None;gc_cont=0.513	230628
NODE_30162_length_530_cov_4.34105_1  -          DDE_Tnp_ISL3         PF01610.17   1.3e-32  113.9   2.8   1.5e-32  113.7   2.8   1.0   1   0   0   1   1   1   1 # 39 # 530 # -1 # ID=4439_1;partial=01;start_type=Edge;rbs_motif=None;rbs_spacer=None;gc_cont=0.362	6604180
NODE_30187_length_529_cov_3.28059_2 -          OrfB_Zn_ribbon       PF07282.11   1.3e-08   35.0   0.4   4.7e-05   23.7   0.2   2.3   2   0   0   2   2   2   2 # 96 # 527 # -1 # ID=4443_2;partial=01;start_type=Edge;rbs_motif=None;rbs_spacer=None;gc_cont=0.262	5571342
NODE_30792_length_524_cov_2.05544_1  -          zf-ISL3              PF14690.6    2.5e-07   31.7   5.7   4.4e-07   30.9   5.7   1.4   1   0   0   1   1   1   1 # 194 # 523 # 1 # ID=4492_1;partial=01;start_type=ATG;rbs_motif=AGGA;rbs_spacer=5-10bp;gc_cont=0.364	1852197
NODE_31198_length_520_cov_3.2172_1  -          HTH_Tnp_IS630        PF01710.16   1.3e-09   38.6   0.1   1.3e-09   38.6   0.1   1.1   1   0   0   1   1   1   1 # 36 # 224 # -1 # ID=4529_1;partial=00;start_type=ATG;rbs_motif=TAA;rbs_spacer=7bp;gc_cont=0.344	336727
NODE_33048_length_505_cov_219.273_1 -          DDE_Tnp_IS240        PF13610.6    6.5e-07   30.1   0.0     8e-07   29.8   0.0   1.1   1   0   0   1   1   1   1 # 3 # 503 # -1 # ID=4711_1;partial=11;start_type=Edge;rbs_motif=None;rbs_spacer=None;gc_cont=0.507	45295
NODE_33048_length_505_cov_219.273_1 -          DDE_Tnp_IS240        PF13610.6    6.5e-07   30.1   0.0     8e-07   29.8   0.0   1.1   1   0   0   1   1   1   1 # 3 # 503 # -1 # ID=4711_1;partial=11;start_type=Edge;rbs_motif=None;rbs_spacer=None;gc_cont=0.507	45295
NODE_39313_length_462_cov_3.57248_1  -          DDE_Tnp_ISL3         PF01610.17     9e-32  111.1   0.1   9.9e-32  111.0   0.1   1.0   1   0   0   1   1   1   1 # 46 # 462 # -1 # ID=5242_1;partial=01;start_type=Edge;rbs_motif=None;rbs_spacer=None;gc_cont=0.470	118618
NODE_39978_length_458_cov_3.42184_1  -          DDE_Tnp_ISL3         PF01610.17   3.3e-22   79.8   7.3   3.7e-22   79.7   7.3   1.0   1   0   0   1   1   1   1 # 2 # 457 # -1 # ID=5305_1;partial=11;start_type=Edge;rbs_motif=None;rbs_spacer=None;gc_cont=0.371	76862
NODE_39978_length_458_cov_3.42184_1  -          DDE_Tnp_ISL3         PF01610.17   3.3e-22   79.8   7.3   3.7e-22   79.7   7.3   1.0   1   0   0   1   1   1   1 # 2 # 457 # -1 # ID=5305_1;partial=11;start_type=Edge;rbs_motif=None;rbs_spacer=None;gc_cont=0.371	36764
NODE_39978_length_458_cov_3.42184_1  -          DDE_Tnp_ISL3         PF01610.17   3.3e-22   79.8   7.3   3.7e-22   79.7   7.3   1.0   1   0   0   1   1   1   1 # 2 # 457 # -1 # ID=5305_1;partial=11;start_type=Edge;rbs_motif=None;rbs_spacer=None;gc_cont=0.371	327317
NODE_41388_length_450_cov_2.65823_1  -          DDE_Tnp_ISL3         PF01610.17   6.9e-27   95.2   2.8   7.6e-27   95.0   2.8   1.0   1   0   0   1   1   1   1 # 3 # 434 # 1 # ID=5419_1;partial=10;start_type=Edge;rbs_motif=None;rbs_spacer=None;gc_cont=0.380	72296
NODE_41926_length_447_cov_1.71429_1 -          OrfB_Zn_ribbon       PF07282.11   6.7e-22   77.6   0.6   9.7e-22   77.1   0.6   1.3   1   0   0   1   1   1   1 # 2 # 445 # 1 # ID=5458_1;partial=11;start_type=Edge;rbs_motif=None;rbs_spacer=None;gc_cont=0.574	1653456
NODE_44943_length_432_cov_2.9443_1   -          DDE_Tnp_ISL3         PF01610.17   3.3e-10   40.5   0.0   3.5e-10   40.5   0.0   1.0   1   0   0   1   1   1   1 # 2 # 256 # 1 # ID=5712_1;partial=10;start_type=Edge;rbs_motif=None;rbs_spacer=None;gc_cont=0.510	1454381
NODE_51144_length_405_cov_2.05714_1  -          DDE_Tnp_1_3          PF13612.6    4.4e-22   79.2   0.2     6e-22   78.8   0.2   1.2   1   0   0   1   1   1   1 # 3 # 404 # -1 # ID=6176_1;partial=11;start_type=Edge;rbs_motif=None;rbs_spacer=None;gc_cont=0.405	6604181
NODE_52995_length_398_cov_2.22449_1 -          OrfB_Zn_ribbon       PF07282.11     2e-22   79.3   0.2   2.2e-22   79.2   0.2   1.0   1   0   0   1   1   1   1 # 156 # 398 # -1 # ID=6315_1;partial=01;start_type=Edge;rbs_motif=None;rbs_spacer=None;gc_cont=0.300	2476516
NODE_55545_length_389_cov_2.76647_1  -          zf-ISL3              PF14690.6    8.2e-07   30.0   2.9   1.1e-06   29.6   1.6   1.7   2   0   0   2   2   2   1 # 169 # 387 # 1 # ID=6516_1;partial=01;start_type=ATG;rbs_motif=AACAA;rbs_spacer=10bp;gc_cont=0.443	1399829
NODE_55545_length_389_cov_2.76647_1  -          zf-ISL3              PF14690.6    8.2e-07   30.0   2.9   1.1e-06   29.6   1.6   1.7   2   0   0   2   2   2   1 # 169 # 387 # 1 # ID=6516_1;partial=01;start_type=ATG;rbs_motif=AACAA;rbs_spacer=10bp;gc_cont=0.443	198437
NODE_55866_length_388_cov_2.27628_1 -          HTH_Tnp_ISL3         PF13542.6    5.4e-11   42.2   0.0     9e-11   41.5   0.0   1.4   1   0   0   1   1   1   1 # 1 # 387 # -1 # ID=6537_1;partial=11;start_type=Edge;rbs_motif=None;rbs_spacer=None;gc_cont=0.380	1731915
NODE_58998_length_378_cov_2.05573_1  -          PDDEXK_2             PF12784.7    9.4e-11   42.1   1.9   1.2e-10   41.8   1.9   1.1   1   0   0   1   1   1   1 # 2 # 376 # 1 # ID=6760_1;partial=11;start_type=Edge;rbs_motif=None;rbs_spacer=None;gc_cont=0.299	3094605
NODE_66340_length_357_cov_1.66887_1 -          OrfB_IS605           PF01385.19   1.7e-07   31.9   0.0   1.7e-07   31.9   0.0   1.0   1   0   0   1   1   1   1 # 3 # 158 # 1 # ID=7318_1;partial=10;start_type=Edge;rbs_motif=None;rbs_spacer=None;gc_cont=0.212	3162921
NODE_75948_length_334_cov_2.04659_1  -          DDE_Tnp_1            PF01609.21   7.7e-07   29.4   0.1   8.1e-07   29.3   0.1   1.0   1   0   0   1   1   1   1 # 2 # 334 # 1 # ID=8003_1;partial=11;start_type=Edge;rbs_motif=None;rbs_spacer=None;gc_cont=0.342	5570977
NODE_90247_length_307_cov_1.39683_1 -          Transposase_mut      PF00872.18   7.5e-27   94.6   0.0     8e-27   94.5   0.0   1.0   1   0   0   1   1   1   1 # 3 # 305 # 1 # ID=8938_1;partial=11;start_type=Edge;rbs_motif=None;rbs_spacer=None;gc_cont=0.343	1851941
NODE_90247_length_307_cov_1.39683_1 -          Transposase_mut      PF00872.18   7.5e-27   94.6   0.0     8e-27   94.5   0.0   1.0   1   0   0   1   1   1   1 # 3 # 305 # 1 # ID=8938_1;partial=11;start_type=Edge;rbs_motif=None;rbs_spacer=None;gc_cont=0.343	1851941
NODE_91842_length_305_cov_1.78_1     -          DDE_Tnp_ISL3         PF01610.17   5.9e-12   46.3   0.0   6.8e-12   46.1   0.0   1.0   1   0   0   1   1   1   1 # 1 # 303 # -1 # ID=9047_1;partial=11;start_type=Edge;rbs_motif=None;rbs_spacer=None;gc_cont=0.376	72296
NODE_93103_length_303_cov_1.52419_1 -          OrfB_IS605           PF01385.19   1.5e-16   61.1   0.7   1.9e-16   60.8   0.7   1.1   1   0   0   1   1   1   1 # 2 # 301 # 1 # ID=9124_1;partial=11;start_type=Edge;rbs_motif=None;rbs_spacer=None;gc_cont=0.323	4294441
NODE_100553_length_292_cov_1.90717_1 -          PDDEXK_2             PF12784.7    1.2e-08   35.2   3.3   1.3e-08   35.2   3.3   1.0   1   0   0   1   1   1   1 # 1 # 291 # -1 # ID=9643_1;partial=11;start_type=Edge;rbs_motif=None;rbs_spacer=None;gc_cont=0.296	5571355
NODE_110527_length_279_cov_2.26339_1 -          DDE_Tnp_ISL3         PF01610.17   1.9e-18   67.5   0.0   2.1e-18   67.4   0.0   1.0   1   0   0   1   1   1   1 # 1 # 279 # -1 # ID=10255_1;partial=11;start_type=Edge;rbs_motif=None;rbs_spacer=None;gc_cont=0.613	2221286
NODE_120003_length_268_cov_1.6385_1  -          DDE_Tnp_ISL3         PF01610.17   2.9e-10   40.7   0.0   3.3e-10   40.5   0.0   1.0   1   0   0   1   1   1   1 # 1 # 267 # 1 # ID=10847_1;partial=11;start_type=Edge;rbs_motif=None;rbs_spacer=None;gc_cont=0.614	108728
NODE_120003_length_268_cov_1.6385_1  -          DDE_Tnp_ISL3         PF01610.17   2.9e-10   40.7   0.0   3.3e-10   40.5   0.0   1.0   1   0   0   1   1   1   1 # 1 # 267 # 1 # ID=10847_1;partial=11;start_type=Edge;rbs_motif=None;rbs_spacer=None;gc_cont=0.614	159816
NODE_145904_length_245_cov_9.65789_1 -          DDE_Tnp_ISL3         PF01610.17   1.8e-08   34.9   0.0   2.7e-08   34.3   0.0   1.3   1   0   0   1   1   1   1 # 1 # 180 # 1 # ID=12250_1;partial=10;start_type=Edge;rbs_motif=None;rbs_spacer=None;gc_cont=0.244	6604115
NODE_149778_length_242_cov_1.59893_1 -          DDE_Tnp_ISL3         PF01610.17   2.1e-16   60.8   0.1   2.2e-16   60.8   0.1   1.0   1   0   0   1   1   1   1 # 2 # 241 # -1 # ID=12475_1;partial=11;start_type=Edge;rbs_motif=None;rbs_spacer=None;gc_cont=0.371	101063
NODE_157322_length_236_cov_1.77348_1 -          zf-ISL3              PF14690.6    2.5e-09   38.1   0.0   3.8e-09   37.5   0.0   1.3   1   0   0   1   1   1   1 # 14 # 235 # -1 # ID=12885_1;partial=01;start_type=Edge;rbs_motif=None;rbs_spacer=None;gc_cont=0.360	628299
NODE_157885_length_236_cov_2.35912_1 -          zf-ISL3              PF14690.6    3.2e-12   47.3   7.5   4.1e-12   47.0   6.8   1.6   2   0   0   2   2   2   1 # 1 # 234 # 1 # ID=12917_1;partial=11;start_type=Edge;rbs_motif=None;rbs_spacer=None;gc_cont=0.470	198437
NODE_162642_length_232_cov_1.55367_1 -          zf-ISL3              PF14690.6    1.1e-10   42.5   0.9   1.4e-10   42.1   0.9   1.2   1   0   0   1   1   1   1 # 2 # 232 # -1 # ID=13178_1;partial=11;start_type=Edge;rbs_motif=None;rbs_spacer=None;gc_cont=0.372	71227
NODE_164069_length_232_cov_68.9435_1 -          HTH_Tnp_1            PF01527.20   5.9e-06   27.0   0.0   6.6e-06   26.8   0.0   1.1   1   0   0   1   1   1   1 # 3 # 230 # -1 # ID=13254_1;partial=11;start_type=Edge;rbs_motif=None;rbs_spacer=None;gc_cont=0.504	123087
NODE_164070_length_232_cov_22.5141_1 -          DDE_Tnp_1            PF01609.21   6.5e-19   68.9   0.3   7.4e-19   68.7   0.3   1.0   1   0   0   1   1   1   1 # 2 # 232 # -1 # ID=13255_1;partial=11;start_type=Edge;rbs_motif=None;rbs_spacer=None;gc_cont=0.476	273316
