NODE_11_length_11126_cov_5.51892_11 -          DDE_Tnp_ISL3         PF01610.17   3.5e-30  105.5   3.0   3.5e-30  105.5   3.0   1.6   2   0   0   2   2   2   1 # 10114 # 11124 # 1 # ID=7_11;partial=01;start_type=ATG;rbs_motif=None;rbs_spacer=None;gc_cont=0.375	1841561
NODE_11_length_11126_cov_5.51892_11  -          HTH_Tnp_ISL3         PF13542.6    2.8e-09   36.2   0.0   5.3e-09   35.3   0.0   1.5   1   0   0   1   1   1   1 # 10114 # 11124 # 1 # ID=7_11;partial=01;start_type=ATG;rbs_motif=None;rbs_spacer=None;gc_cont=0.375	1841561
NODE_11_length_11126_cov_5.51892_11 -          zf-ISL3              PF14690.6    1.4e-11   44.9   0.7   2.8e-11   43.9   0.7   1.5   1   0   0   1   1   1   1 # 10114 # 11124 # 1 # ID=7_11;partial=01;start_type=ATG;rbs_motif=None;rbs_spacer=None;gc_cont=0.375	1841561
NODE_11_length_11126_cov_5.51892_11 -          DDE_Tnp_ISL3         PF01610.17   3.5e-30  105.5   3.0   3.5e-30  105.5   3.0   1.6   2   0   0   2   2   2   1 # 10114 # 11124 # 1 # ID=7_11;partial=01;start_type=ATG;rbs_motif=None;rbs_spacer=None;gc_cont=0.375	371241
NODE_11_length_11126_cov_5.51892_11  -          HTH_Tnp_ISL3         PF13542.6    2.8e-09   36.2   0.0   5.3e-09   35.3   0.0   1.5   1   0   0   1   1   1   1 # 10114 # 11124 # 1 # ID=7_11;partial=01;start_type=ATG;rbs_motif=None;rbs_spacer=None;gc_cont=0.375	371241
NODE_11_length_11126_cov_5.51892_11 -          zf-ISL3              PF14690.6    1.4e-11   44.9   0.7   2.8e-11   43.9   0.7   1.5   1   0   0   1   1   1   1 # 10114 # 11124 # 1 # ID=7_11;partial=01;start_type=ATG;rbs_motif=None;rbs_spacer=None;gc_cont=0.375	371241
NODE_11_length_11126_cov_5.51892_11 -          DDE_Tnp_ISL3         PF01610.17   3.5e-30  105.5   3.0   3.5e-30  105.5   3.0   1.6   2   0   0   2   2   2   1 # 10114 # 11124 # 1 # ID=7_11;partial=01;start_type=ATG;rbs_motif=None;rbs_spacer=None;gc_cont=0.375	865471
NODE_11_length_11126_cov_5.51892_11  -          HTH_Tnp_ISL3         PF13542.6    2.8e-09   36.2   0.0   5.3e-09   35.3   0.0   1.5   1   0   0   1   1   1   1 # 10114 # 11124 # 1 # ID=7_11;partial=01;start_type=ATG;rbs_motif=None;rbs_spacer=None;gc_cont=0.375	865471
NODE_11_length_11126_cov_5.51892_11 -          zf-ISL3              PF14690.6    1.4e-11   44.9   0.7   2.8e-11   43.9   0.7   1.5   1   0   0   1   1   1   1 # 10114 # 11124 # 1 # ID=7_11;partial=01;start_type=ATG;rbs_motif=None;rbs_spacer=None;gc_cont=0.375	865471
NODE_11_length_11126_cov_5.51892_11 -          DDE_Tnp_ISL3         PF01610.17   3.5e-30  105.5   3.0   3.5e-30  105.5   3.0   1.6   2   0   0   2   2   2   1 # 10114 # 11124 # 1 # ID=7_11;partial=01;start_type=ATG;rbs_motif=None;rbs_spacer=None;gc_cont=0.375	865471
NODE_11_length_11126_cov_5.51892_11  -          HTH_Tnp_ISL3         PF13542.6    2.8e-09   36.2   0.0   5.3e-09   35.3   0.0   1.5   1   0   0   1   1   1   1 # 10114 # 11124 # 1 # ID=7_11;partial=01;start_type=ATG;rbs_motif=None;rbs_spacer=None;gc_cont=0.375	865471
NODE_11_length_11126_cov_5.51892_11 -          zf-ISL3              PF14690.6    1.4e-11   44.9   0.7   2.8e-11   43.9   0.7   1.5   1   0   0   1   1   1   1 # 10114 # 11124 # 1 # ID=7_11;partial=01;start_type=ATG;rbs_motif=None;rbs_spacer=None;gc_cont=0.375	865471
NODE_11_length_11126_cov_5.51892_11 -          DDE_Tnp_ISL3         PF01610.17   3.5e-30  105.5   3.0   3.5e-30  105.5   3.0   1.6   2   0   0   2   2   2   1 # 10114 # 11124 # 1 # ID=7_11;partial=01;start_type=ATG;rbs_motif=None;rbs_spacer=None;gc_cont=0.375	3057323
NODE_11_length_11126_cov_5.51892_11  -          HTH_Tnp_ISL3         PF13542.6    2.8e-09   36.2   0.0   5.3e-09   35.3   0.0   1.5   1   0   0   1   1   1   1 # 10114 # 11124 # 1 # ID=7_11;partial=01;start_type=ATG;rbs_motif=None;rbs_spacer=None;gc_cont=0.375	3057323
NODE_11_length_11126_cov_5.51892_11 -          zf-ISL3              PF14690.6    1.4e-11   44.9   0.7   2.8e-11   43.9   0.7   1.5   1   0   0   1   1   1   1 # 10114 # 11124 # 1 # ID=7_11;partial=01;start_type=ATG;rbs_motif=None;rbs_spacer=None;gc_cont=0.375	3057323
NODE_11_length_11126_cov_5.51892_11 -          DDE_Tnp_ISL3         PF01610.17   3.5e-30  105.5   3.0   3.5e-30  105.5   3.0   1.6   2   0   0   2   2   2   1 # 10114 # 11124 # 1 # ID=7_11;partial=01;start_type=ATG;rbs_motif=None;rbs_spacer=None;gc_cont=0.375	1791888
NODE_11_length_11126_cov_5.51892_11  -          HTH_Tnp_ISL3         PF13542.6    2.8e-09   36.2   0.0   5.3e-09   35.3   0.0   1.5   1   0   0   1   1   1   1 # 10114 # 11124 # 1 # ID=7_11;partial=01;start_type=ATG;rbs_motif=None;rbs_spacer=None;gc_cont=0.375	1791888
NODE_11_length_11126_cov_5.51892_11 -          zf-ISL3              PF14690.6    1.4e-11   44.9   0.7   2.8e-11   43.9   0.7   1.5   1   0   0   1   1   1   1 # 10114 # 11124 # 1 # ID=7_11;partial=01;start_type=ATG;rbs_motif=None;rbs_spacer=None;gc_cont=0.375	1791888
NODE_11_length_11126_cov_5.51892_11 -          DDE_Tnp_ISL3         PF01610.17   3.5e-30  105.5   3.0   3.5e-30  105.5   3.0   1.6   2   0   0   2   2   2   1 # 10114 # 11124 # 1 # ID=7_11;partial=01;start_type=ATG;rbs_motif=None;rbs_spacer=None;gc_cont=0.375	245186
NODE_11_length_11126_cov_5.51892_11  -          HTH_Tnp_ISL3         PF13542.6    2.8e-09   36.2   0.0   5.3e-09   35.3   0.0   1.5   1   0   0   1   1   1   1 # 10114 # 11124 # 1 # ID=7_11;partial=01;start_type=ATG;rbs_motif=None;rbs_spacer=None;gc_cont=0.375	245186
NODE_11_length_11126_cov_5.51892_11 -          zf-ISL3              PF14690.6    1.4e-11   44.9   0.7   2.8e-11   43.9   0.7   1.5   1   0   0   1   1   1   1 # 10114 # 11124 # 1 # ID=7_11;partial=01;start_type=ATG;rbs_motif=None;rbs_spacer=None;gc_cont=0.375	245186
NODE_11_length_11126_cov_5.51892_11 -          DDE_Tnp_ISL3         PF01610.17   3.5e-30  105.5   3.0   3.5e-30  105.5   3.0   1.6   2   0   0   2   2   2   1 # 10114 # 11124 # 1 # ID=7_11;partial=01;start_type=ATG;rbs_motif=None;rbs_spacer=None;gc_cont=0.375	111730
NODE_11_length_11126_cov_5.51892_11  -          HTH_Tnp_ISL3         PF13542.6    2.8e-09   36.2   0.0   5.3e-09   35.3   0.0   1.5   1   0   0   1   1   1   1 # 10114 # 11124 # 1 # ID=7_11;partial=01;start_type=ATG;rbs_motif=None;rbs_spacer=None;gc_cont=0.375	111730
NODE_11_length_11126_cov_5.51892_11 -          zf-ISL3              PF14690.6    1.4e-11   44.9   0.7   2.8e-11   43.9   0.7   1.5   1   0   0   1   1   1   1 # 10114 # 11124 # 1 # ID=7_11;partial=01;start_type=ATG;rbs_motif=None;rbs_spacer=None;gc_cont=0.375	111730
NODE_11_length_11126_cov_5.51892_11 -          DDE_Tnp_ISL3         PF01610.17   3.5e-30  105.5   3.0   3.5e-30  105.5   3.0   1.6   2   0   0   2   2   2   1 # 10114 # 11124 # 1 # ID=7_11;partial=01;start_type=ATG;rbs_motif=None;rbs_spacer=None;gc_cont=0.375	969696
NODE_11_length_11126_cov_5.51892_11  -          HTH_Tnp_ISL3         PF13542.6    2.8e-09   36.2   0.0   5.3e-09   35.3   0.0   1.5   1   0   0   1   1   1   1 # 10114 # 11124 # 1 # ID=7_11;partial=01;start_type=ATG;rbs_motif=None;rbs_spacer=None;gc_cont=0.375	969696
NODE_11_length_11126_cov_5.51892_11 -          zf-ISL3              PF14690.6    1.4e-11   44.9   0.7   2.8e-11   43.9   0.7   1.5   1   0   0   1   1   1   1 # 10114 # 11124 # 1 # ID=7_11;partial=01;start_type=ATG;rbs_motif=None;rbs_spacer=None;gc_cont=0.375	969696
NODE_20_length_8233_cov_5.02433_10  -          DDE_Tnp_1            PF01609.21   1.3e-11   44.5   0.1   1.6e-11   44.3   0.1   1.1   1   0   0   1   1   1   1 # 5685 # 6074 # -1 # ID=14_10;partial=00;start_type=ATG;rbs_motif=None;rbs_spacer=None;gc_cont=0.367	6504502
NODE_20_length_8233_cov_5.02433_10  -          DDE_Tnp_4            PF13359.6    9.2e-13   48.1   0.2     1e-12   48.0   0.2   1.1   1   0   0   1   1   1   1 # 5685 # 6074 # -1 # ID=14_10;partial=00;start_type=ATG;rbs_motif=None;rbs_spacer=None;gc_cont=0.367	6504502
NODE_20_length_8233_cov_5.02433_10  -          DDE_Tnp_1            PF01609.21   1.3e-11   44.5   0.1   1.6e-11   44.3   0.1   1.1   1   0   0   1   1   1   1 # 5685 # 6074 # -1 # ID=14_10;partial=00;start_type=ATG;rbs_motif=None;rbs_spacer=None;gc_cont=0.367	6504502
NODE_20_length_8233_cov_5.02433_10  -          DDE_Tnp_4            PF13359.6    9.2e-13   48.1   0.2     1e-12   48.0   0.2   1.1   1   0   0   1   1   1   1 # 5685 # 6074 # -1 # ID=14_10;partial=00;start_type=ATG;rbs_motif=None;rbs_spacer=None;gc_cont=0.367	6504502
NODE_231_length_3250_cov_6.53709_3  -          PDDEXK_2             PF12784.7    1.7e-20   73.5   1.2   2.3e-20   73.1   1.2   1.2   1   0   0   1   1   1   1 # 2171 # 3070 # 1 # ID=140_3;partial=00;start_type=ATG;rbs_motif=AGGAG;rbs_spacer=5-10bp;gc_cont=0.430	1020268
NODE_231_length_3250_cov_6.53709_3  -          PDDEXK_2             PF12784.7    1.7e-20   73.5   1.2   2.3e-20   73.1   1.2   1.2   1   0   0   1   1   1   1 # 2171 # 3070 # 1 # ID=140_3;partial=00;start_type=ATG;rbs_motif=AGGAG;rbs_spacer=5-10bp;gc_cont=0.430	6504337
NODE_231_length_3250_cov_6.53709_3  -          PDDEXK_2             PF12784.7    1.7e-20   73.5   1.2   2.3e-20   73.1   1.2   1.2   1   0   0   1   1   1   1 # 2171 # 3070 # 1 # ID=140_3;partial=00;start_type=ATG;rbs_motif=AGGAG;rbs_spacer=5-10bp;gc_cont=0.430	6504337
NODE_231_length_3250_cov_6.53709_3  -          PDDEXK_2             PF12784.7    1.7e-20   73.5   1.2   2.3e-20   73.1   1.2   1.2   1   0   0   1   1   1   1 # 2171 # 3070 # 1 # ID=140_3;partial=00;start_type=ATG;rbs_motif=AGGAG;rbs_spacer=5-10bp;gc_cont=0.430	551693
NODE_231_length_3250_cov_6.53709_3  -          PDDEXK_2             PF12784.7    1.7e-20   73.5   1.2   2.3e-20   73.1   1.2   1.2   1   0   0   1   1   1   1 # 2171 # 3070 # 1 # ID=140_3;partial=00;start_type=ATG;rbs_motif=AGGAG;rbs_spacer=5-10bp;gc_cont=0.430	276748
NODE_231_length_3250_cov_6.53709_3  -          PDDEXK_2             PF12784.7    1.7e-20   73.5   1.2   2.3e-20   73.1   1.2   1.2   1   0   0   1   1   1   1 # 2171 # 3070 # 1 # ID=140_3;partial=00;start_type=ATG;rbs_motif=AGGAG;rbs_spacer=5-10bp;gc_cont=0.430	26311
NODE_231_length_3250_cov_6.53709_3  -          PDDEXK_2             PF12784.7    1.7e-20   73.5   1.2   2.3e-20   73.1   1.2   1.2   1   0   0   1   1   1   1 # 2171 # 3070 # 1 # ID=140_3;partial=00;start_type=ATG;rbs_motif=AGGAG;rbs_spacer=5-10bp;gc_cont=0.430	3057149
NODE_231_length_3250_cov_6.53709_3  -          PDDEXK_2             PF12784.7    1.7e-20   73.5   1.2   2.3e-20   73.1   1.2   1.2   1   0   0   1   1   1   1 # 2171 # 3070 # 1 # ID=140_3;partial=00;start_type=ATG;rbs_motif=AGGAG;rbs_spacer=5-10bp;gc_cont=0.430	4358832
NODE_231_length_3250_cov_6.53709_3  -          PDDEXK_2             PF12784.7    1.7e-20   73.5   1.2   2.3e-20   73.1   1.2   1.2   1   0   0   1   1   1   1 # 2171 # 3070 # 1 # ID=140_3;partial=00;start_type=ATG;rbs_motif=AGGAG;rbs_spacer=5-10bp;gc_cont=0.430	696460
NODE_328_length_2647_cov_6.31597_4 -          Y1_Tnp               PF01797.16   4.7e-07   29.9   0.2   4.8e-07   29.9   0.2   1.0   1   0   0   1   1   1   1 # 2368 # 2493 # -1 # ID=199_4;partial=00;start_type=ATG;rbs_motif=AGGA/GGAG/GAGG;rbs_spacer=11-12bp;gc_cont=0.341	5744
NODE_498_length_2108_cov_8.46079_3 -          Y1_Tnp               PF01797.16   2.5e-28   98.6   0.1     3e-28   98.3   0.1   1.1   1   0   0   1   1   1   1 # 1753 # 2106 # -1 # ID=297_3;partial=01;start_type=Edge;rbs_motif=None;rbs_spacer=None;gc_cont=0.362	4636545
NODE_498_length_2108_cov_8.46079_3 -          Y1_Tnp               PF01797.16   2.5e-28   98.6   0.1     3e-28   98.3   0.1   1.1   1   0   0   1   1   1   1 # 1753 # 2106 # -1 # ID=297_3;partial=01;start_type=Edge;rbs_motif=None;rbs_spacer=None;gc_cont=0.362	678288
NODE_498_length_2108_cov_8.46079_3 -          Y1_Tnp               PF01797.16   2.5e-28   98.6   0.1     3e-28   98.3   0.1   1.1   1   0   0   1   1   1   1 # 1753 # 2106 # -1 # ID=297_3;partial=01;start_type=Edge;rbs_motif=None;rbs_spacer=None;gc_cont=0.362	1414456
NODE_498_length_2108_cov_8.46079_3 -          Y1_Tnp               PF01797.16   2.5e-28   98.6   0.1     3e-28   98.3   0.1   1.1   1   0   0   1   1   1   1 # 1753 # 2106 # -1 # ID=297_3;partial=01;start_type=Edge;rbs_motif=None;rbs_spacer=None;gc_cont=0.362	1240925
NODE_498_length_2108_cov_8.46079_3 -          Y1_Tnp               PF01797.16   2.5e-28   98.6   0.1     3e-28   98.3   0.1   1.1   1   0   0   1   1   1   1 # 1753 # 2106 # -1 # ID=297_3;partial=01;start_type=Edge;rbs_motif=None;rbs_spacer=None;gc_cont=0.362	1240925
NODE_518_length_2059_cov_3.95958_2 -          MULE                 PF10551.9    2.2e-07   31.1   0.3   5.6e-07   29.9   0.3   1.7   1   0   0   1   1   1   1 # 749 # 1861 # 1 # ID=306_2;partial=00;start_type=ATG;rbs_motif=GGAGG;rbs_spacer=5-10bp;gc_cont=0.373	4188746
NODE_518_length_2059_cov_3.95958_2  -          Transposase_mut      PF00872.18   7.3e-09   34.9   0.1   1.1e-08   34.3   0.1   1.2   1   0   0   1   1   1   1 # 749 # 1861 # 1 # ID=306_2;partial=00;start_type=ATG;rbs_motif=GGAGG;rbs_spacer=5-10bp;gc_cont=0.373	4188746
NODE_574_length_1944_cov_2.29275_1  -          DDE_Tnp_1            PF01609.21   4.5e-09   36.2   0.0   1.1e-08   34.9   0.0   1.7   1   0   0   1   1   1   1 # 3 # 1415 # 1 # ID=330_1;partial=10;start_type=Edge;rbs_motif=None;rbs_spacer=None;gc_cont=0.433	168364
NODE_668_length_1763_cov_9.76522_2  -          DDE_Tnp_ISL3         PF01610.17     5e-57  193.4   4.1   6.9e-57  192.9   4.1   1.2   1   0   0   1   1   1   1 # 547 # 1524 # 1 # ID=383_2;partial=00;start_type=GTG;rbs_motif=GGAG/GAGG;rbs_spacer=5-10bp;gc_cont=0.390	56181
NODE_731_length_1670_cov_12.1139_1  -          DDE_Tnp_1            PF01609.21   8.6e-06   25.5   0.1   8.6e-06   25.5   0.1   2.6   1   1   0   2   2   2   1 # 161 # 1468 # -1 # ID=413_1;partial=00;start_type=ATG;rbs_motif=TAAA;rbs_spacer=14bp;gc_cont=0.387	70483
NODE_731_length_1670_cov_12.1139_1 -          DUF772               PF05598.11   1.5e-18   66.5   0.0   4.1e-18   65.1   0.0   1.8   1   0   0   1   1   1   1 # 161 # 1468 # -1 # ID=413_1;partial=00;start_type=ATG;rbs_motif=TAAA;rbs_spacer=14bp;gc_cont=0.387	70483
NODE_731_length_1670_cov_12.1139_1  -          DDE_Tnp_1            PF01609.21   8.6e-06   25.5   0.1   8.6e-06   25.5   0.1   2.6   1   1   0   2   2   2   1 # 161 # 1468 # -1 # ID=413_1;partial=00;start_type=ATG;rbs_motif=TAAA;rbs_spacer=14bp;gc_cont=0.387	70483
NODE_731_length_1670_cov_12.1139_1 -          DUF772               PF05598.11   1.5e-18   66.5   0.0   4.1e-18   65.1   0.0   1.8   1   0   0   1   1   1   1 # 161 # 1468 # -1 # ID=413_1;partial=00;start_type=ATG;rbs_motif=TAAA;rbs_spacer=14bp;gc_cont=0.387	70483
NODE_866_length_1545_cov_19.8289_3  -          DDE_Tnp_IS240        PF13610.6      1e-06   29.0   0.0   1.5e-06   28.5   0.0   1.2   1   0   0   1   1   1   1 # 908 # 1504 # 1 # ID=460_3;partial=00;start_type=ATG;rbs_motif=None;rbs_spacer=None;gc_cont=0.516	1098529
NODE_866_length_1545_cov_19.8289_2   -          HTH_Tnp_1            PF01527.20   4.8e-06   26.8   0.1   6.5e-06   26.4   0.1   1.5   1   1   0   1   1   1   1 # 354 # 704 # 1 # ID=460_2;partial=00;start_type=ATG;rbs_motif=None;rbs_spacer=None;gc_cont=0.519	1098529
NODE_866_length_1545_cov_19.8289_3  -          DDE_Tnp_IS240        PF13610.6      1e-06   29.0   0.0   1.5e-06   28.5   0.0   1.2   1   0   0   1   1   1   1 # 908 # 1504 # 1 # ID=460_3;partial=00;start_type=ATG;rbs_motif=None;rbs_spacer=None;gc_cont=0.516	48275
NODE_866_length_1545_cov_19.8289_2   -          HTH_Tnp_1            PF01527.20   4.8e-06   26.8   0.1   6.5e-06   26.4   0.1   1.5   1   1   0   1   1   1   1 # 354 # 704 # 1 # ID=460_2;partial=00;start_type=ATG;rbs_motif=None;rbs_spacer=None;gc_cont=0.519	48275
NODE_866_length_1545_cov_19.8289_3  -          DDE_Tnp_IS240        PF13610.6      1e-06   29.0   0.0   1.5e-06   28.5   0.0   1.2   1   0   0   1   1   1   1 # 908 # 1504 # 1 # ID=460_3;partial=00;start_type=ATG;rbs_motif=None;rbs_spacer=None;gc_cont=0.516	3881193
NODE_866_length_1545_cov_19.8289_2   -          HTH_Tnp_1            PF01527.20   4.8e-06   26.8   0.1   6.5e-06   26.4   0.1   1.5   1   1   0   1   1   1   1 # 354 # 704 # 1 # ID=460_2;partial=00;start_type=ATG;rbs_motif=None;rbs_spacer=None;gc_cont=0.519	3881193
NODE_908_length_1397_cov_5.76653_1  -          DDE_Tnp_1            PF01609.21   1.5e-34  119.5   0.3   1.5e-34  119.5   0.3   1.6   2   0   0   2   2   2   1 # 71 # 1282 # -1 # ID=475_1;partial=00;start_type=ATG;rbs_motif=AGGA;rbs_spacer=5-10bp;gc_cont=0.517	208311
NODE_908_length_1397_cov_5.76653_1  -          DDE_Tnp_1_4          PF13701.6    1.2e-10   40.3   1.6   1.8e-10   39.7   1.6   1.2   1   0   0   1   1   1   1 # 71 # 1282 # -1 # ID=475_1;partial=00;start_type=ATG;rbs_motif=AGGA;rbs_spacer=5-10bp;gc_cont=0.517	208311
NODE_1167_length_1302_cov_7.35285_2 -          DDE_Tnp_ISL3         PF01610.17   3.7e-49  167.6   4.0   6.5e-49  166.8   4.0   1.4   1   0   0   1   1   1   1 # 123 # 1301 # 1 # ID=550_2;partial=01;start_type=ATG;rbs_motif=TAGAA;rbs_spacer=8bp;gc_cont=0.381	256984
NODE_1167_length_1302_cov_7.35285_2  -          HTH_Tnp_ISL3         PF13542.6    1.9e-09   36.8   0.0   3.4e-09   35.9   0.0   1.5   1   0   0   1   1   1   1 # 123 # 1301 # 1 # ID=550_2;partial=01;start_type=ATG;rbs_motif=TAGAA;rbs_spacer=8bp;gc_cont=0.381	256984
NODE_1167_length_1302_cov_7.35285_2 -          zf-ISL3              PF14690.6    5.1e-10   39.8   0.5   9.6e-10   39.0   0.5   1.5   1   0   0   1   1   1   1 # 123 # 1301 # 1 # ID=550_2;partial=01;start_type=ATG;rbs_motif=TAGAA;rbs_spacer=8bp;gc_cont=0.381	256984
NODE_1167_length_1302_cov_7.35285_2 -          DDE_Tnp_ISL3         PF01610.17   3.7e-49  167.6   4.0   6.5e-49  166.8   4.0   1.4   1   0   0   1   1   1   1 # 123 # 1301 # 1 # ID=550_2;partial=01;start_type=ATG;rbs_motif=TAGAA;rbs_spacer=8bp;gc_cont=0.381	245186
NODE_1167_length_1302_cov_7.35285_2  -          HTH_Tnp_ISL3         PF13542.6    1.9e-09   36.8   0.0   3.4e-09   35.9   0.0   1.5   1   0   0   1   1   1   1 # 123 # 1301 # 1 # ID=550_2;partial=01;start_type=ATG;rbs_motif=TAGAA;rbs_spacer=8bp;gc_cont=0.381	245186
NODE_1167_length_1302_cov_7.35285_2 -          zf-ISL3              PF14690.6    5.1e-10   39.8   0.5   9.6e-10   39.0   0.5   1.5   1   0   0   1   1   1   1 # 123 # 1301 # 1 # ID=550_2;partial=01;start_type=ATG;rbs_motif=TAGAA;rbs_spacer=8bp;gc_cont=0.381	245186
NODE_1167_length_1302_cov_7.35285_2 -          DDE_Tnp_ISL3         PF01610.17   3.7e-49  167.6   4.0   6.5e-49  166.8   4.0   1.4   1   0   0   1   1   1   1 # 123 # 1301 # 1 # ID=550_2;partial=01;start_type=ATG;rbs_motif=TAGAA;rbs_spacer=8bp;gc_cont=0.381	2438472
NODE_1167_length_1302_cov_7.35285_2  -          HTH_Tnp_ISL3         PF13542.6    1.9e-09   36.8   0.0   3.4e-09   35.9   0.0   1.5   1   0   0   1   1   1   1 # 123 # 1301 # 1 # ID=550_2;partial=01;start_type=ATG;rbs_motif=TAGAA;rbs_spacer=8bp;gc_cont=0.381	2438472
NODE_1167_length_1302_cov_7.35285_2 -          zf-ISL3              PF14690.6    5.1e-10   39.8   0.5   9.6e-10   39.0   0.5   1.5   1   0   0   1   1   1   1 # 123 # 1301 # 1 # ID=550_2;partial=01;start_type=ATG;rbs_motif=TAGAA;rbs_spacer=8bp;gc_cont=0.381	2438472
NODE_1167_length_1302_cov_7.35285_2 -          DDE_Tnp_ISL3         PF01610.17   3.7e-49  167.6   4.0   6.5e-49  166.8   4.0   1.4   1   0   0   1   1   1   1 # 123 # 1301 # 1 # ID=550_2;partial=01;start_type=ATG;rbs_motif=TAGAA;rbs_spacer=8bp;gc_cont=0.381	752571
NODE_1167_length_1302_cov_7.35285_2  -          HTH_Tnp_ISL3         PF13542.6    1.9e-09   36.8   0.0   3.4e-09   35.9   0.0   1.5   1   0   0   1   1   1   1 # 123 # 1301 # 1 # ID=550_2;partial=01;start_type=ATG;rbs_motif=TAGAA;rbs_spacer=8bp;gc_cont=0.381	752571
NODE_1167_length_1302_cov_7.35285_2 -          zf-ISL3              PF14690.6    5.1e-10   39.8   0.5   9.6e-10   39.0   0.5   1.5   1   0   0   1   1   1   1 # 123 # 1301 # 1 # ID=550_2;partial=01;start_type=ATG;rbs_motif=TAGAA;rbs_spacer=8bp;gc_cont=0.381	752571
NODE_1167_length_1302_cov_7.35285_2 -          DDE_Tnp_ISL3         PF01610.17   3.7e-49  167.6   4.0   6.5e-49  166.8   4.0   1.4   1   0   0   1   1   1   1 # 123 # 1301 # 1 # ID=550_2;partial=01;start_type=ATG;rbs_motif=TAGAA;rbs_spacer=8bp;gc_cont=0.381	969696
NODE_1167_length_1302_cov_7.35285_2  -          HTH_Tnp_ISL3         PF13542.6    1.9e-09   36.8   0.0   3.4e-09   35.9   0.0   1.5   1   0   0   1   1   1   1 # 123 # 1301 # 1 # ID=550_2;partial=01;start_type=ATG;rbs_motif=TAGAA;rbs_spacer=8bp;gc_cont=0.381	969696
NODE_1167_length_1302_cov_7.35285_2 -          zf-ISL3              PF14690.6    5.1e-10   39.8   0.5   9.6e-10   39.0   0.5   1.5   1   0   0   1   1   1   1 # 123 # 1301 # 1 # ID=550_2;partial=01;start_type=ATG;rbs_motif=TAGAA;rbs_spacer=8bp;gc_cont=0.381	969696
NODE_1167_length_1302_cov_7.35285_2 -          DDE_Tnp_ISL3         PF01610.17   3.7e-49  167.6   4.0   6.5e-49  166.8   4.0   1.4   1   0   0   1   1   1   1 # 123 # 1301 # 1 # ID=550_2;partial=01;start_type=ATG;rbs_motif=TAGAA;rbs_spacer=8bp;gc_cont=0.381	76862
NODE_1167_length_1302_cov_7.35285_2  -          HTH_Tnp_ISL3         PF13542.6    1.9e-09   36.8   0.0   3.4e-09   35.9   0.0   1.5   1   0   0   1   1   1   1 # 123 # 1301 # 1 # ID=550_2;partial=01;start_type=ATG;rbs_motif=TAGAA;rbs_spacer=8bp;gc_cont=0.381	76862
NODE_1167_length_1302_cov_7.35285_2 -          zf-ISL3              PF14690.6    5.1e-10   39.8   0.5   9.6e-10   39.0   0.5   1.5   1   0   0   1   1   1   1 # 123 # 1301 # 1 # ID=550_2;partial=01;start_type=ATG;rbs_motif=TAGAA;rbs_spacer=8bp;gc_cont=0.381	76862
NODE_1189_length_1293_cov_6.09774_1 -          DUF4096              PF13340.6    8.4e-17   61.1   0.9   1.2e-16   60.7   0.9   1.2   1   0   0   1   1   1   1 # 627 # 956 # 1 # ID=560_1;partial=00;start_type=ATG;rbs_motif=None;rbs_spacer=None;gc_cont=0.418	4220077
NODE_1329_length_1218_cov_6.62855_2 -          DDE_Tnp_1            PF01609.21   8.7e-07   28.8   0.0   1.2e-06   28.3   0.0   1.2   1   0   0   1   1   1   1 # 378 # 1217 # -1 # ID=598_2;partial=01;start_type=Edge;rbs_motif=None;rbs_spacer=None;gc_cont=0.445	122572
NODE_1329_length_1218_cov_6.62855_2 -          DDE_Tnp_1_4          PF13701.6    7.1e-10   37.7   0.1   1.7e-09   36.5   0.1   1.5   1   1   0   1   1   1   1 # 378 # 1217 # -1 # ID=598_2;partial=01;start_type=Edge;rbs_motif=None;rbs_spacer=None;gc_cont=0.445	122572
NODE_1357_length_1208_cov_3.06331_2 -          Transposase_mut      PF00872.18   6.8e-06   25.2   0.1   4.7e-05   22.4   0.1   1.9   1   1   0   1   1   1   1 # 239 # 1084 # 1 # ID=605_2;partial=00;start_type=ATG;rbs_motif=None;rbs_spacer=None;gc_cont=0.378	846957
NODE_1357_length_1208_cov_3.06331_2 -          Transposase_mut      PF00872.18   6.8e-06   25.2   0.1   4.7e-05   22.4   0.1   1.9   1   1   0   1   1   1   1 # 239 # 1084 # 1 # ID=605_2;partial=00;start_type=ATG;rbs_motif=None;rbs_spacer=None;gc_cont=0.378	846957
NODE_1357_length_1208_cov_3.06331_2 -          Transposase_mut      PF00872.18   6.8e-06   25.2   0.1   4.7e-05   22.4   0.1   1.9   1   1   0   1   1   1   1 # 239 # 1084 # 1 # ID=605_2;partial=00;start_type=ATG;rbs_motif=None;rbs_spacer=None;gc_cont=0.378	2157859
NODE_1357_length_1208_cov_3.06331_2 -          Transposase_mut      PF00872.18   6.8e-06   25.2   0.1   4.7e-05   22.4   0.1   1.9   1   1   0   1   1   1   1 # 239 # 1084 # 1 # ID=605_2;partial=00;start_type=ATG;rbs_motif=None;rbs_spacer=None;gc_cont=0.378	2157859
NODE_1373_length_1200_cov_7.04017_1 -          OrfB_IS605           PF01385.19     1e-26   93.5   0.3   2.5e-26   92.2   0.3   1.6   1   0   0   1   1   1   1 # 161 # 1198 # -1 # ID=612_1;partial=01;start_type=Edge;rbs_motif=None;rbs_spacer=None;gc_cont=0.253	995681
NODE_1373_length_1200_cov_7.04017_1 -          OrfB_Zn_ribbon       PF07282.11   5.5e-25   87.1   1.9   1.2e-24   85.9   1.9   1.6   1   0   0   1   1   1   1 # 161 # 1198 # -1 # ID=612_1;partial=01;start_type=Edge;rbs_motif=None;rbs_spacer=None;gc_cont=0.253	995681
NODE_1373_length_1200_cov_7.04017_1 -          OrfB_IS605           PF01385.19     1e-26   93.5   0.3   2.5e-26   92.2   0.3   1.6   1   0   0   1   1   1   1 # 161 # 1198 # -1 # ID=612_1;partial=01;start_type=Edge;rbs_motif=None;rbs_spacer=None;gc_cont=0.253	127158
NODE_1373_length_1200_cov_7.04017_1 -          OrfB_Zn_ribbon       PF07282.11   5.5e-25   87.1   1.9   1.2e-24   85.9   1.9   1.6   1   0   0   1   1   1   1 # 161 # 1198 # -1 # ID=612_1;partial=01;start_type=Edge;rbs_motif=None;rbs_spacer=None;gc_cont=0.253	127158
NODE_1373_length_1200_cov_7.04017_1 -          OrfB_IS605           PF01385.19     1e-26   93.5   0.3   2.5e-26   92.2   0.3   1.6   1   0   0   1   1   1   1 # 161 # 1198 # -1 # ID=612_1;partial=01;start_type=Edge;rbs_motif=None;rbs_spacer=None;gc_cont=0.253	127158
NODE_1373_length_1200_cov_7.04017_1 -          OrfB_Zn_ribbon       PF07282.11   5.5e-25   87.1   1.9   1.2e-24   85.9   1.9   1.6   1   0   0   1   1   1   1 # 161 # 1198 # -1 # ID=612_1;partial=01;start_type=Edge;rbs_motif=None;rbs_spacer=None;gc_cont=0.253	127158
NODE_1524_length_1148_cov_4.84172_1 -          DDE_Tnp_1            PF01609.21   1.1e-13   51.3   0.8   5.8e-13   49.0   0.8   2.0   1   1   0   1   1   1   1 # 126 # 1052 # 1 # ID=652_1;partial=00;start_type=ATG;rbs_motif=None;rbs_spacer=None;gc_cont=0.437	6067401
NODE_1524_length_1148_cov_4.84172_1 -          DDE_Tnp_1_3          PF13612.6    1.7e-64  216.5   0.4   2.3e-64  216.1   0.4   1.2   1   0   0   1   1   1   1 # 126 # 1052 # 1 # ID=652_1;partial=00;start_type=ATG;rbs_motif=None;rbs_spacer=None;gc_cont=0.437	6067401
NODE_1778_length_1077_cov_3.58219_1 -          DDE_Tnp_ISL3         PF01610.17   2.7e-21   76.4   0.0   3.1e-21   76.2   0.0   1.0   1   0   0   1   1   1   1 # 1 # 369 # 1 # ID=704_1;partial=10;start_type=Edge;rbs_motif=None;rbs_spacer=None;gc_cont=0.295	42766
NODE_1852_length_1059_cov_7.81972_1 -          DDE_Tnp_ISL3         PF01610.17   2.8e-27   96.0   2.7   2.8e-27   96.0   2.7   1.5   2   0   0   2   2   2   1 # 2 # 973 # -1 # ID=723_1;partial=10;start_type=ATG;rbs_motif=TAA;rbs_spacer=8bp;gc_cont=0.383	76862
NODE_1852_length_1059_cov_7.81972_1  -          HTH_Tnp_ISL3         PF13542.6    2.1e-10   39.8   0.0   4.5e-10   38.8   0.0   1.6   1   0   0   1   1   1   1 # 2 # 973 # -1 # ID=723_1;partial=10;start_type=ATG;rbs_motif=TAA;rbs_spacer=8bp;gc_cont=0.383	76862
NODE_1852_length_1059_cov_7.81972_1 -          zf-ISL3              PF14690.6    6.4e-12   45.9   1.0   1.4e-11   44.9   1.0   1.6   1   0   0   1   1   1   1 # 2 # 973 # -1 # ID=723_1;partial=10;start_type=ATG;rbs_motif=TAA;rbs_spacer=8bp;gc_cont=0.383	76862
NODE_2217_length_984_cov_3.01076_1   -          HTH_Tnp_ISL3         PF13542.6    5.8e-10   38.4   0.0     1e-09   37.6   0.0   1.4   1   0   0   1   1   1   1 # 236 # 877 # -1 # ID=797_1;partial=00;start_type=ATG;rbs_motif=TAGAA;rbs_spacer=8bp;gc_cont=0.363	71227
NODE_2217_length_984_cov_3.01076_1  -          zf-ISL3              PF14690.6    6.7e-12   45.9   0.7   1.2e-11   45.1   0.7   1.4   1   0   0   1   1   1   1 # 236 # 877 # -1 # ID=797_1;partial=00;start_type=ATG;rbs_motif=TAGAA;rbs_spacer=8bp;gc_cont=0.363	71227
NODE_2217_length_984_cov_3.01076_1   -          HTH_Tnp_ISL3         PF13542.6    5.8e-10   38.4   0.0     1e-09   37.6   0.0   1.4   1   0   0   1   1   1   1 # 236 # 877 # -1 # ID=797_1;partial=00;start_type=ATG;rbs_motif=TAGAA;rbs_spacer=8bp;gc_cont=0.363	71227
NODE_2217_length_984_cov_3.01076_1  -          zf-ISL3              PF14690.6    6.7e-12   45.9   0.7   1.2e-11   45.1   0.7   1.4   1   0   0   1   1   1   1 # 236 # 877 # -1 # ID=797_1;partial=00;start_type=ATG;rbs_motif=TAGAA;rbs_spacer=8bp;gc_cont=0.363	71227
NODE_2217_length_984_cov_3.01076_1   -          HTH_Tnp_ISL3         PF13542.6    5.8e-10   38.4   0.0     1e-09   37.6   0.0   1.4   1   0   0   1   1   1   1 # 236 # 877 # -1 # ID=797_1;partial=00;start_type=ATG;rbs_motif=TAGAA;rbs_spacer=8bp;gc_cont=0.363	2438472
NODE_2217_length_984_cov_3.01076_1  -          zf-ISL3              PF14690.6    6.7e-12   45.9   0.7   1.2e-11   45.1   0.7   1.4   1   0   0   1   1   1   1 # 236 # 877 # -1 # ID=797_1;partial=00;start_type=ATG;rbs_motif=TAGAA;rbs_spacer=8bp;gc_cont=0.363	2438472
NODE_2764_length_900_cov_2.7432_1    -          HTH_Tnp_1            PF01527.20   2.6e-10   40.5   5.2   5.7e-10   39.4   5.2   1.5   1   1   0   1   1   1   1 # 514 # 831 # 1 # ID=906_1;partial=00;start_type=ATG;rbs_motif=GGAGG;rbs_spacer=5-10bp;gc_cont=0.635	4730
NODE_2764_length_900_cov_2.7432_1    -          HTH_Tnp_1            PF01527.20   2.6e-10   40.5   5.2   5.7e-10   39.4   5.2   1.5   1   1   0   1   1   1   1 # 514 # 831 # 1 # ID=906_1;partial=00;start_type=ATG;rbs_motif=GGAGG;rbs_spacer=5-10bp;gc_cont=0.635	32773
NODE_2764_length_900_cov_2.7432_1    -          HTH_Tnp_1            PF01527.20   2.6e-10   40.5   5.2   5.7e-10   39.4   5.2   1.5   1   1   0   1   1   1   1 # 514 # 831 # 1 # ID=906_1;partial=00;start_type=ATG;rbs_motif=GGAGG;rbs_spacer=5-10bp;gc_cont=0.635	27607
NODE_2932_length_881_cov_3.8414_1   -          DDE_Tnp_ISL3         PF01610.17   1.8e-60  204.7   0.0   2.1e-60  204.4   0.0   1.0   1   0   0   1   1   1   1 # 119 # 880 # -1 # ID=930_1;partial=01;start_type=Edge;rbs_motif=None;rbs_spacer=None;gc_cont=0.593	826291
NODE_2932_length_881_cov_3.8414_1   -          DDE_Tnp_ISL3         PF01610.17   1.8e-60  204.7   0.0   2.1e-60  204.4   0.0   1.0   1   0   0   1   1   1   1 # 119 # 880 # -1 # ID=930_1;partial=01;start_type=Edge;rbs_motif=None;rbs_spacer=None;gc_cont=0.593	114218
NODE_3004_length_875_cov_7.22683_1 -          Y1_Tnp               PF01797.16   2.4e-39  134.1   1.0     3e-39  133.9   1.0   1.1   1   0   0   1   1   1   1 # 218 # 679 # 1 # ID=948_1;partial=00;start_type=ATG;rbs_motif=GGA/GAG/AGG;rbs_spacer=5-10bp;gc_cont=0.342	614835
NODE_3666_length_814_cov_5.12648_1  -          PDDEXK_2             PF12784.7    1.6e-17   63.8   1.4   2.1e-17   63.4   1.4   1.2   1   0   0   1   1   1   1 # 260 # 814 # 1 # ID=1044_1;partial=01;start_type=ATG;rbs_motif=TAAA;rbs_spacer=12bp;gc_cont=0.387	163404
NODE_4182_length_777_cov_2.62465_2  -          DDE_Tnp_ISL3         PF01610.17   6.3e-31  107.9   3.8   9.6e-31  107.3   3.8   1.3   1   0   0   1   1   1   1 # 111 # 776 # -1 # ID=1117_2;partial=01;start_type=Edge;rbs_motif=None;rbs_spacer=None;gc_cont=0.267	1733822
NODE_4407_length_763_cov_2.65395_2  -          DDE_Tnp_ISL3         PF01610.17   1.5e-06   28.1   0.1   2.4e-06   27.4   0.1   1.3   1   0   0   1   1   1   1 # 188 # 763 # 1 # ID=1156_2;partial=01;start_type=ATG;rbs_motif=None;rbs_spacer=None;gc_cont=0.418	794325
NODE_4407_length_763_cov_2.65395_2   -          HTH_Tnp_ISL3         PF13542.6    2.1e-11   43.0   0.1   3.1e-11   42.5   0.1   1.3   1   0   0   1   1   1   1 # 188 # 763 # 1 # ID=1156_2;partial=01;start_type=ATG;rbs_motif=None;rbs_spacer=None;gc_cont=0.418	794325
NODE_4407_length_763_cov_2.65395_2  -          zf-ISL3              PF14690.6    1.3e-11   45.0   6.7   1.3e-11   45.0   6.7   1.8   2   0   0   2   2   2   1 # 188 # 763 # 1 # ID=1156_2;partial=01;start_type=ATG;rbs_motif=None;rbs_spacer=None;gc_cont=0.418	794325
NODE_4881_length_738_cov_2.67057_1  -          DDE_Tnp_1            PF01609.21   9.6e-18   64.6   0.1   3.6e-16   59.5   0.1   2.1   1   1   0   1   1   1   1 # 3 # 737 # 1 # ID=1228_1;partial=11;start_type=Edge;rbs_motif=None;rbs_spacer=None;gc_cont=0.395	116160
NODE_4881_length_738_cov_2.67057_1  -          DDE_Tnp_1_3          PF13612.6    1.2e-73  246.2   0.2   1.9e-73  245.6   0.2   1.3   1   0   0   1   1   1   1 # 3 # 737 # 1 # ID=1228_1;partial=11;start_type=Edge;rbs_motif=None;rbs_spacer=None;gc_cont=0.395	116160
NODE_5524_length_709_cov_4.2737_1   -          DDE_Tnp_1_3          PF13612.6    2.2e-22   79.7   0.1   3.1e-22   79.2   0.1   1.2   1   0   0   1   1   1   1 # 1 # 492 # -1 # ID=1311_1;partial=10;start_type=ATG;rbs_motif=TAA;rbs_spacer=11bp;gc_cont=0.407	763429
NODE_5524_length_709_cov_4.2737_1   -          DDE_Tnp_1_3          PF13612.6    2.2e-22   79.7   0.1   3.1e-22   79.2   0.1   1.2   1   0   0   1   1   1   1 # 1 # 492 # -1 # ID=1311_1;partial=10;start_type=ATG;rbs_motif=TAA;rbs_spacer=11bp;gc_cont=0.407	3635050
NODE_5695_length_702_cov_1.99536_1  -          DDE_Tnp_ISL3         PF01610.17   3.6e-32  112.0   0.7   4.2e-32  111.8   0.7   1.0   1   0   0   1   1   1   1 # 1 # 432 # 1 # ID=1324_1;partial=10;start_type=Edge;rbs_motif=None;rbs_spacer=None;gc_cont=0.343	382528
NODE_5825_length_697_cov_1.8053_1 -          Transposase_20       PF02371.16   3.4e-21   75.3   0.1   4.9e-21   74.8   0.1   1.2   1   0   0   1   1   1   1 # 281 # 697 # -1 # ID=1351_1;partial=01;start_type=Edge;rbs_motif=None;rbs_spacer=None;gc_cont=0.482	365759
NODE_7060_length_654_cov_4.2788_2    -          HTH_Tnp_1            PF01527.20   3.7e-09   36.8   0.2   3.7e-09   36.8   0.2   2.4   3   1   0   3   3   3   1 # 161 # 652 # -1 # ID=1519_2;partial=01;start_type=Edge;rbs_motif=None;rbs_spacer=None;gc_cont=0.319	42484
NODE_7060_length_654_cov_4.2788_2    -          HTH_Tnp_1            PF01527.20   3.7e-09   36.8   0.2   3.7e-09   36.8   0.2   2.4   3   1   0   3   3   3   1 # 161 # 652 # -1 # ID=1519_2;partial=01;start_type=Edge;rbs_motif=None;rbs_spacer=None;gc_cont=0.319	188597
NODE_7342_length_646_cov_8.78003_1  -          DDE_Tnp_ISL3         PF01610.17   1.2e-16   61.2   0.4   1.3e-16   61.0   0.4   1.0   1   0   0   1   1   1   1 # 1 # 231 # 1 # ID=1559_1;partial=10;start_type=Edge;rbs_motif=None;rbs_spacer=None;gc_cont=0.377	36764
NODE_7504_length_641_cov_2.44027_1  -          DDE_Tnp_ISL3         PF01610.17   3.3e-37  128.5   0.0   3.9e-37  128.2   0.0   1.1   1   0   0   1   1   1   1 # 1 # 639 # -1 # ID=1582_1;partial=11;start_type=Edge;rbs_motif=None;rbs_spacer=None;gc_cont=0.628	125158
NODE_8849_length_608_cov_2.03436_1 -          DUF772               PF05598.11     1e-21   76.7   0.1     2e-21   75.8   0.1   1.5   1   0   0   1   1   1   1 # 48 # 608 # 1 # ID=1752_1;partial=01;start_type=ATG;rbs_motif=None;rbs_spacer=None;gc_cont=0.533	1096642
NODE_10530_length_572_cov_4.94971_1 -          DDE_Tnp_ISL3         PF01610.17   4.2e-31  108.5   4.8   4.6e-31  108.3   4.8   1.0   1   0   0   1   1   1   1 # 2 # 571 # 1 # ID=1915_1;partial=11;start_type=Edge;rbs_motif=None;rbs_spacer=None;gc_cont=0.374	94080
NODE_10871_length_567_cov_5.26953_2 -          DDE_Tnp_ISL3         PF01610.17     5e-22   78.8   0.5   5.6e-22   78.6   0.5   1.0   1   0   0   1   1   1   1 # 193 # 567 # -1 # ID=1960_2;partial=01;start_type=Edge;rbs_motif=None;rbs_spacer=None;gc_cont=0.368	3057227
NODE_11212_length_561_cov_5.52569_1 -          DDE_Tnp_IS240        PF13610.6    1.9e-06   28.1   0.5   2.7e-06   27.6   0.5   1.2   1   0   0   1   1   1   1 # 25 # 561 # -1 # ID=1988_1;partial=01;start_type=Edge;rbs_motif=None;rbs_spacer=None;gc_cont=0.296	48347
NODE_11212_length_561_cov_5.52569_1 -          DDE_Tnp_IS240        PF13610.6    1.9e-06   28.1   0.5   2.7e-06   27.6   0.5   1.2   1   0   0   1   1   1   1 # 25 # 561 # -1 # ID=1988_1;partial=01;start_type=Edge;rbs_motif=None;rbs_spacer=None;gc_cont=0.296	158168
NODE_11520_length_556_cov_3.48104_1 -          DDE_Tnp_1            PF01609.21     4e-07   29.9   0.1   4.5e-07   29.7   0.1   1.1   1   0   0   1   1   1   1 # 150 # 554 # -1 # ID=2018_1;partial=01;start_type=Edge;rbs_motif=None;rbs_spacer=None;gc_cont=0.420	1039286
NODE_11520_length_556_cov_3.48104_1 -          DDE_Tnp_1_6          PF13751.6    3.1e-14   53.2   0.2   6.3e-14   52.3   0.2   1.6   1   1   0   1   1   1   1 # 150 # 554 # -1 # ID=2018_1;partial=01;start_type=Edge;rbs_motif=None;rbs_spacer=None;gc_cont=0.420	1039286
NODE_11520_length_556_cov_3.48104_1 -          DDE_Tnp_1            PF01609.21     4e-07   29.9   0.1   4.5e-07   29.7   0.1   1.1   1   0   0   1   1   1   1 # 150 # 554 # -1 # ID=2018_1;partial=01;start_type=Edge;rbs_motif=None;rbs_spacer=None;gc_cont=0.420	1039286
NODE_11520_length_556_cov_3.48104_1 -          DDE_Tnp_1_6          PF13751.6    3.1e-14   53.2   0.2   6.3e-14   52.3   0.2   1.6   1   1   0   1   1   1   1 # 150 # 554 # -1 # ID=2018_1;partial=01;start_type=Edge;rbs_motif=None;rbs_spacer=None;gc_cont=0.420	1039286
NODE_14985_length_508_cov_1.69978_1 -          DDE_Tnp_1_3          PF13612.6    3.8e-18   66.0   2.5   4.8e-18   65.6   2.5   1.1   1   0   0   1   1   1   1 # 240 # 506 # -1 # ID=2377_1;partial=01;start_type=Edge;rbs_motif=None;rbs_spacer=None;gc_cont=0.378	49674
NODE_29041_length_406_cov_2.50997_1  -          HTH_Tnp_1            PF01527.20     1e-06   28.9   0.1   2.7e-06   27.6   0.1   1.7   1   1   0   1   1   1   1 # 1 # 405 # 1 # ID=3609_1;partial=11;start_type=Edge;rbs_motif=None;rbs_spacer=None;gc_cont=0.225	955275
NODE_29041_length_406_cov_2.50997_1  -          HTH_Tnp_1            PF01527.20     1e-06   28.9   0.1   2.7e-06   27.6   0.1   1.7   1   1   0   1   1   1   1 # 1 # 405 # 1 # ID=3609_1;partial=11;start_type=Edge;rbs_motif=None;rbs_spacer=None;gc_cont=0.225	955275
NODE_29518_length_403_cov_1.97126_1 -          DDE_Tnp_ISL3         PF01610.17   7.5e-24   84.7   0.5   8.2e-24   84.6   0.5   1.0   1   0   0   1   1   1   1 # 68 # 403 # -1 # ID=3651_1;partial=01;start_type=Edge;rbs_motif=None;rbs_spacer=None;gc_cont=0.390	1791851
NODE_30574_length_398_cov_3.25948_1 -          DDE_Tnp_ISL3         PF01610.17   6.5e-08   32.6   0.1   8.2e-08   32.2   0.1   1.1   1   0   0   1   1   1   1 # 2 # 283 # 1 # ID=3747_1;partial=10;start_type=Edge;rbs_motif=None;rbs_spacer=None;gc_cont=0.429	425385
NODE_31034_length_396_cov_1.09677_1 -          DDE_Tnp_IS66         PF03050.14   3.6e-12   46.3   0.0   5.1e-12   45.8   0.0   1.2   1   0   0   1   1   1   1 # 3 # 395 # 1 # ID=3776_1;partial=11;start_type=Edge;rbs_motif=None;rbs_spacer=None;gc_cont=0.468	3696995
NODE_39372_length_363_cov_1.65909_1  -          HTH_Tnp_1            PF01527.20   2.8e-08   33.9   0.2   4.3e-08   33.3   0.2   1.4   1   1   0   1   1   1   1 # 2 # 361 # -1 # ID=4371_1;partial=11;start_type=Edge;rbs_motif=None;rbs_spacer=None;gc_cont=0.364	42484
NODE_43894_length_350_cov_3.56271_1 -          DDE_Tnp_ISL3         PF01610.17   5.7e-17   62.2   0.0   6.8e-17   62.0   0.0   1.0   1   0   0   1   1   1   1 # 14 # 349 # -1 # ID=4690_1;partial=01;start_type=Edge;rbs_motif=None;rbs_spacer=None;gc_cont=0.366	111730
NODE_52929_length_327_cov_3.125_1   -          DDE_Tnp_ISL3         PF01610.17   1.8e-23   83.5   0.4   1.9e-23   83.4   0.4   1.0   1   0   0   1   1   1   1 # 1 # 327 # -1 # ID=5338_1;partial=11;start_type=Edge;rbs_motif=None;rbs_spacer=None;gc_cont=0.275	5747348
NODE_52929_length_327_cov_3.125_1   -          DDE_Tnp_ISL3         PF01610.17   1.8e-23   83.5   0.4   1.9e-23   83.4   0.4   1.0   1   0   0   1   1   1   1 # 1 # 327 # -1 # ID=5338_1;partial=11;start_type=Edge;rbs_motif=None;rbs_spacer=None;gc_cont=0.275	5747348
NODE_64303_length_304_cov_1.41365_1 -          DDE_Tnp_1_3          PF13612.6    2.7e-13   50.2   1.6   3.5e-13   49.8   1.6   1.1   1   0   0   1   1   1   1 # 3 # 206 # 1 # ID=6108_1;partial=10;start_type=Edge;rbs_motif=None;rbs_spacer=None;gc_cont=0.446	1695100
NODE_64303_length_304_cov_1.41365_1 -          DDE_Tnp_1_3          PF13612.6    2.7e-13   50.2   1.6   3.5e-13   49.8   1.6   1.1   1   0   0   1   1   1   1 # 3 # 206 # 1 # ID=6108_1;partial=10;start_type=Edge;rbs_motif=None;rbs_spacer=None;gc_cont=0.446	1695100
NODE_66215_length_301_cov_11.687_1 -          Y1_Tnp               PF01797.16   1.2e-09   38.3   0.5   1.3e-09   38.2   0.5   1.1   1   0   0   1   1   1   1 # 3 # 164 # -1 # ID=6239_1;partial=10;start_type=ATG;rbs_motif=AGGAG;rbs_spacer=5-10bp;gc_cont=0.358	1242852
NODE_80215_length_280_cov_1.70667_1 -          Zn_Tnp_IS1595        PF12760.7    2.4e-09   37.0  11.1   3.4e-09   36.5  11.1   1.3   1   0   0   1   1   1   1 # 3 # 278 # 1 # ID=7184_1;partial=11;start_type=Edge;rbs_motif=None;rbs_spacer=None;gc_cont=0.370	1414438
NODE_91050_length_267_cov_1.85849_1 -          DDE_Tnp_ISL3         PF01610.17   1.8e-17   63.8   0.0     2e-17   63.7   0.0   1.0   1   0   0   1   1   1   1 # 1 # 267 # -1 # ID=7840_1;partial=11;start_type=Edge;rbs_motif=None;rbs_spacer=None;gc_cont=0.644	114218
NODE_95260_length_262_cov_2.78744_1 -          DDE_Tnp_1            PF01609.21   6.4e-18   65.2   0.4   7.2e-18   65.0   0.4   1.0   1   0   0   1   1   1   1 # 1 # 261 # 1 # ID=8071_1;partial=11;start_type=Edge;rbs_motif=None;rbs_spacer=None;gc_cont=0.513	41905
NODE_95260_length_262_cov_2.78744_1 -          DDE_Tnp_1_2          PF13586.6    5.3e-08   33.1   0.4   6.8e-08   32.8   0.4   1.1   1   0   0   1   1   1   1 # 1 # 261 # 1 # ID=8071_1;partial=11;start_type=Edge;rbs_motif=None;rbs_spacer=None;gc_cont=0.513	41905
NODE_95260_length_262_cov_2.78744_1 -          DDE_Tnp_4            PF13359.6    1.4e-08   34.6   0.1   1.7e-08   34.3   0.1   1.0   1   0   0   1   1   1   1 # 1 # 261 # 1 # ID=8071_1;partial=11;start_type=Edge;rbs_motif=None;rbs_spacer=None;gc_cont=0.513	41905
NODE_115994_length_243_cov_1.04255_1 -          HTH_Tnp_1            PF01527.20     2e-08   34.4   0.5   2.6e-08   34.1   0.5   1.1   1   0   0   1   1   1   1 # 1 # 243 # -1 # ID=9261_1;partial=11;start_type=Edge;rbs_motif=None;rbs_spacer=None;gc_cont=0.420	6441083
NODE_155118_length_217_cov_2.3642_1 -          PDDEXK_2             PF12784.7      7e-07   29.0   0.0     7e-07   29.0   0.0   1.1   1   0   0   1   1   1   1 # 1 # 216 # -1 # ID=11375_1;partial=11;start_type=Edge;rbs_motif=None;rbs_spacer=None;gc_cont=0.407	276748
