NODE_2_length_153130_cov_6.82633_66 -          OrfB_IS605           PF01385.19   6.7e-22   77.5   1.8   6.7e-22   77.5   1.8   3.0   3   1   0   3   3   3   1 # 86725 # 87834 # 1 # ID=2_66;partial=00;start_type=ATG;rbs_motif=AGGAGG;rbs_spacer=5-10bp;gc_cont=0.455	14578
NODE_2_length_153130_cov_6.82633_56 -          OrfB_IS605           PF01385.19   1.5e-15   57.0   0.0   2.8e-15   56.1   0.0   1.4   1   0   0   1   1   1   1 # 73345 # 74616 # 1 # ID=2_56;partial=00;start_type=ATG;rbs_motif=AGGAGG;rbs_spacer=5-10bp;gc_cont=0.439	14578
NODE_2_length_153130_cov_6.82633_66 -          OrfB_Zn_ribbon       PF07282.11   6.1e-24   83.3   2.2   1.6e-23   81.9   0.3   2.3   2   0   0   2   2   2   1 # 86725 # 87834 # 1 # ID=2_66;partial=00;start_type=ATG;rbs_motif=AGGAGG;rbs_spacer=5-10bp;gc_cont=0.455	14578
NODE_2_length_153130_cov_6.82633_29 -          OrfB_Zn_ribbon       PF07282.11   1.2e-15   56.7   0.4   2.3e-15   55.8   0.4   1.4   1   0   0   1   1   1   1 # 38639 # 40276 # 1 # ID=2_29;partial=00;start_type=ATG;rbs_motif=AGGAGG;rbs_spacer=5-10bp;gc_cont=0.517	14578
NODE_2_length_153130_cov_6.82633_56 -          OrfB_Zn_ribbon       PF07282.11   1.3e-09   37.3   0.0     7e-09   35.0   0.0   2.1   1   1   0   1   1   1   1 # 73345 # 74616 # 1 # ID=2_56;partial=00;start_type=ATG;rbs_motif=AGGAGG;rbs_spacer=5-10bp;gc_cont=0.439	14578
NODE_5_length_36157_cov_7.11409_53  -          OrfB_Zn_ribbon       PF07282.11   5.2e-11   41.8   0.1   1.1e-10   40.8   0.1   1.5   1   0   0   1   1   1   1 # 32442 # 34052 # -1 # ID=4_53;partial=00;start_type=GTG;rbs_motif=AGGAGG;rbs_spacer=11-12bp;gc_cont=0.502	57526
NODE_186_length_2066_cov_10.2158_2 -          DDE_Tnp_IS240        PF13610.6    1.4e-06   28.1   0.1   2.6e-06   27.2   0.1   1.4   1   0   0   1   1   1   1 # 305 # 1027 # -1 # ID=85_2;partial=00;start_type=TTG;rbs_motif=TAAA;rbs_spacer=15bp;gc_cont=0.386	2507152
NODE_186_length_2066_cov_10.2158_2 -          DDE_Tnp_IS240        PF13610.6    1.4e-06   28.1   0.1   2.6e-06   27.2   0.1   1.4   1   0   0   1   1   1   1 # 305 # 1027 # -1 # ID=85_2;partial=00;start_type=TTG;rbs_motif=TAAA;rbs_spacer=15bp;gc_cont=0.386	2507152
NODE_294_length_1777_cov_5.42741_1 -          HTH_Tnp_1            PF01527.20   1.1e-08   34.8   0.4    0.0052   16.6   0.0   2.5   1   1   1   2   2   2   2 # 173 # 685 # 1 # ID=116_1;partial=00;start_type=ATG;rbs_motif=AGGAGG;rbs_spacer=5-10bp;gc_cont=0.577	131175
NODE_404_length_1551_cov_12.488_3  -          HTH_Tnp_1            PF01527.20   3.9e-06   26.6   0.1   5.9e-06   26.0   0.1   1.6   1   1   0   1   1   1   1 # 931 # 1281 # 1 # ID=159_3;partial=00;start_type=ATG;rbs_motif=GGA/GAG/AGG;rbs_spacer=11-12bp;gc_cont=0.504	49534
NODE_404_length_1551_cov_12.488_3  -          HTH_Tnp_1            PF01527.20   3.9e-06   26.6   0.1   5.9e-06   26.0   0.1   1.6   1   1   0   1   1   1   1 # 931 # 1281 # 1 # ID=159_3;partial=00;start_type=ATG;rbs_motif=GGA/GAG/AGG;rbs_spacer=11-12bp;gc_cont=0.504	2263063
NODE_1195_length_964_cov_3.40374_2  -          DDE_Tnp_1            PF01609.21   1.8e-29  102.4   0.7     2e-29  102.3   0.7   1.0   1   0   0   1   1   1   1 # 535 # 963 # -1 # ID=375_2;partial=01;start_type=Edge;rbs_motif=None;rbs_spacer=None;gc_cont=0.499	70897
NODE_1195_length_964_cov_3.40374_2 -          DDE_Tnp_1_2          PF13586.6    2.1e-08   33.9   0.2   3.1e-08   33.4   0.2   1.3   1   0   0   1   1   1   1 # 535 # 963 # -1 # ID=375_2;partial=01;start_type=Edge;rbs_motif=None;rbs_spacer=None;gc_cont=0.499	70897
NODE_1195_length_964_cov_3.40374_2  -          DDE_Tnp_1_6          PF13751.6    1.7e-06   27.8   0.2   2.2e-06   27.4   0.2   1.2   1   0   0   1   1   1   1 # 535 # 963 # -1 # ID=375_2;partial=01;start_type=Edge;rbs_motif=None;rbs_spacer=None;gc_cont=0.499	70897
NODE_1195_length_964_cov_3.40374_2  -          DDE_Tnp_4            PF13359.6    3.2e-08   32.9   0.0   3.6e-08   32.7   0.0   1.1   1   0   0   1   1   1   1 # 535 # 963 # -1 # ID=375_2;partial=01;start_type=Edge;rbs_motif=None;rbs_spacer=None;gc_cont=0.499	70897
NODE_2219_length_725_cov_24.5328_2 -          DDE_Tnp_IS240        PF13610.6    1.2e-06   28.4   0.0   1.6e-06   27.9   0.0   1.2   1   0   0   1   1   1   1 # 152 # 724 # -1 # ID=654_2;partial=01;start_type=Edge;rbs_motif=None;rbs_spacer=None;gc_cont=0.522	825084
NODE_4179_length_547_cov_14.9187_1  -          DDE_Tnp_1            PF01609.21   3.9e-13   49.1   2.6   4.2e-13   49.0   2.6   1.0   1   0   0   1   1   1   1 # 2 # 280 # 1 # ID=1174_1;partial=10;start_type=Edge;rbs_motif=None;rbs_spacer=None;gc_cont=0.498	125915
NODE_4179_length_547_cov_14.9187_1  -          DDE_Tnp_1_6          PF13751.6    1.6e-07   31.1   1.2   1.6e-07   31.1   1.2   1.1   1   0   0   1   1   1   1 # 2 # 280 # 1 # ID=1174_1;partial=10;start_type=Edge;rbs_motif=None;rbs_spacer=None;gc_cont=0.498	125915
NODE_4179_length_547_cov_14.9187_1  -          DDE_Tnp_4            PF13359.6      9e-07   28.2   0.2     1e-06   28.0   0.2   1.1   1   0   0   1   1   1   1 # 2 # 280 # 1 # ID=1174_1;partial=10;start_type=Edge;rbs_motif=None;rbs_spacer=None;gc_cont=0.498	125915
NODE_4179_length_547_cov_14.9187_1  -          DDE_Tnp_1            PF01609.21   3.9e-13   49.1   2.6   4.2e-13   49.0   2.6   1.0   1   0   0   1   1   1   1 # 2 # 280 # 1 # ID=1174_1;partial=10;start_type=Edge;rbs_motif=None;rbs_spacer=None;gc_cont=0.498	41905
NODE_4179_length_547_cov_14.9187_1  -          DDE_Tnp_1_6          PF13751.6    1.6e-07   31.1   1.2   1.6e-07   31.1   1.2   1.1   1   0   0   1   1   1   1 # 2 # 280 # 1 # ID=1174_1;partial=10;start_type=Edge;rbs_motif=None;rbs_spacer=None;gc_cont=0.498	41905
NODE_4179_length_547_cov_14.9187_1  -          DDE_Tnp_4            PF13359.6      9e-07   28.2   0.2     1e-06   28.0   0.2   1.1   1   0   0   1   1   1   1 # 2 # 280 # 1 # ID=1174_1;partial=10;start_type=Edge;rbs_motif=None;rbs_spacer=None;gc_cont=0.498	41905
NODE_10931_length_367_cov_16.4808_1 -          DDE_Tnp_1            PF01609.21   1.2e-13   50.7   1.2   1.3e-13   50.6   1.2   1.0   1   0   0   1   1   1   1 # 2 # 280 # 1 # ID=2639_1;partial=10;start_type=Edge;rbs_motif=None;rbs_spacer=None;gc_cont=0.527	70897
NODE_10931_length_367_cov_16.4808_1 -          DDE_Tnp_1_6          PF13751.6    9.6e-08   31.8   0.4   1.1e-07   31.7   0.4   1.2   1   0   0   1   1   1   1 # 2 # 280 # 1 # ID=2639_1;partial=10;start_type=Edge;rbs_motif=None;rbs_spacer=None;gc_cont=0.527	70897
NODE_10931_length_367_cov_16.4808_1 -          DDE_Tnp_4            PF13359.6    5.5e-06   25.7   0.1   6.2e-06   25.5   0.1   1.1   1   0   0   1   1   1   1 # 2 # 280 # 1 # ID=2639_1;partial=10;start_type=Edge;rbs_motif=None;rbs_spacer=None;gc_cont=0.527	70897
NODE_10931_length_367_cov_16.4808_1 -          DDE_Tnp_1            PF01609.21   1.2e-13   50.7   1.2   1.3e-13   50.6   1.2   1.0   1   0   0   1   1   1   1 # 2 # 280 # 1 # ID=2639_1;partial=10;start_type=Edge;rbs_motif=None;rbs_spacer=None;gc_cont=0.527	181998
NODE_10931_length_367_cov_16.4808_1 -          DDE_Tnp_1_6          PF13751.6    9.6e-08   31.8   0.4   1.1e-07   31.7   0.4   1.2   1   0   0   1   1   1   1 # 2 # 280 # 1 # ID=2639_1;partial=10;start_type=Edge;rbs_motif=None;rbs_spacer=None;gc_cont=0.527	181998
NODE_10931_length_367_cov_16.4808_1 -          DDE_Tnp_4            PF13359.6    5.5e-06   25.7   0.1   6.2e-06   25.5   0.1   1.1   1   0   0   1   1   1   1 # 2 # 280 # 1 # ID=2639_1;partial=10;start_type=Edge;rbs_motif=None;rbs_spacer=None;gc_cont=0.527	181998
NODE_11112_length_364_cov_1.13916_1 -          DDE_Tnp_ISL3         PF01610.17   3.2e-25   88.8   1.1   3.4e-25   88.7   1.1   1.0   1   0   0   1   1   1   1 # 4 # 363 # -1 # ID=2667_1;partial=01;start_type=Edge;rbs_motif=None;rbs_spacer=None;gc_cont=0.389	360089
NODE_13797_length_334_cov_44.853_1 -          DUF772               PF05598.11   5.4e-09   35.5   0.3   8.4e-09   34.9   0.3   1.3   1   0   0   1   1   1   1 # 1 # 333 # 1 # ID=3246_1;partial=11;start_type=Edge;rbs_motif=None;rbs_spacer=None;gc_cont=0.535	125915
NODE_39338_length_223_cov_1.36905_1 -          DDE_Tnp_IS1595       PF12762.7    6.6e-08   32.2   0.2   9.1e-08   31.8   0.2   1.2   1   0   0   1   1   1   1 # 3 # 221 # -1 # ID=7247_1;partial=11;start_type=Edge;rbs_motif=None;rbs_spacer=None;gc_cont=0.466	287655
NODE_39338_length_223_cov_1.36905_1 -          DDE_Tnp_IS1595       PF12762.7    6.6e-08   32.2   0.2   9.1e-08   31.8   0.2   1.2   1   0   0   1   1   1   1 # 3 # 221 # -1 # ID=7247_1;partial=11;start_type=Edge;rbs_motif=None;rbs_spacer=None;gc_cont=0.466	287655
