NODE_5_length_16614_cov_14.531_5 -          Mu-transpos_C        PF09299.11   1.2e-17   63.2   0.0   2.4e-17   62.3   0.0   1.5   1   0   0   1   1   1   1 # 3457 # 5448 # 1 # ID=2_5;partial=00;start_type=ATG;rbs_motif=None;rbs_spacer=None;gc_cont=0.543	270355
NODE_5_length_16614_cov_14.531_5 -          Mu-transpos_C        PF09299.11   1.2e-17   63.2   0.0   2.4e-17   62.3   0.0   1.5   1   0   0   1   1   1   1 # 3457 # 5448 # 1 # ID=2_5;partial=00;start_type=ATG;rbs_motif=None;rbs_spacer=None;gc_cont=0.543	114648
NODE_5_length_16614_cov_14.531_5 -          Mu-transpos_C        PF09299.11   1.2e-17   63.2   0.0   2.4e-17   62.3   0.0   1.5   1   0   0   1   1   1   1 # 3457 # 5448 # 1 # ID=2_5;partial=00;start_type=ATG;rbs_motif=None;rbs_spacer=None;gc_cont=0.543	332495
NODE_53_length_8191_cov_18.1863_1   -          DDE_Tnp_1            PF01609.21   9.2e-26   90.5   0.5     1e-25   90.3   0.5   1.0   1   0   0   1   1   1   1 # 3 # 374 # 1 # ID=38_1;partial=10;start_type=Edge;rbs_motif=None;rbs_spacer=None;gc_cont=0.524	1160497
NODE_53_length_8191_cov_18.1863_1   -          DDE_Tnp_1_2          PF13586.6    8.9e-09   35.3   0.2   1.1e-08   34.9   0.2   1.2   1   0   0   1   1   1   1 # 3 # 374 # 1 # ID=38_1;partial=10;start_type=Edge;rbs_motif=None;rbs_spacer=None;gc_cont=0.524	1160497
NODE_53_length_8191_cov_18.1863_1   -          DDE_Tnp_1_6          PF13751.6    4.5e-08   33.0   0.5   5.5e-08   32.7   0.5   1.1   1   0   0   1   1   1   1 # 3 # 374 # 1 # ID=38_1;partial=10;start_type=Edge;rbs_motif=None;rbs_spacer=None;gc_cont=0.524	1160497
NODE_53_length_8191_cov_18.1863_1   -          DDE_Tnp_4            PF13359.6    2.6e-09   36.6   0.1   3.1e-09   36.3   0.1   1.1   1   0   0   1   1   1   1 # 3 # 374 # 1 # ID=38_1;partial=10;start_type=Edge;rbs_motif=None;rbs_spacer=None;gc_cont=0.524	1160497
NODE_231_length_4055_cov_18.9833_5 -          Transposase_20       PF02371.16   4.4e-19   68.2   0.1   6.4e-19   67.7   0.1   1.3   1   0   0   1   1   1   1 # 3611 # 4054 # -1 # ID=137_5;partial=01;start_type=Edge;rbs_motif=None;rbs_spacer=None;gc_cont=0.532	227493
NODE_231_length_4055_cov_18.9833_5 -          Transposase_20       PF02371.16   4.4e-19   68.2   0.1   6.4e-19   67.7   0.1   1.3   1   0   0   1   1   1   1 # 3611 # 4054 # -1 # ID=137_5;partial=01;start_type=Edge;rbs_motif=None;rbs_spacer=None;gc_cont=0.532	5481882
NODE_231_length_4055_cov_18.9833_5 -          Transposase_20       PF02371.16   4.4e-19   68.2   0.1   6.4e-19   67.7   0.1   1.3   1   0   0   1   1   1   1 # 3611 # 4054 # -1 # ID=137_5;partial=01;start_type=Edge;rbs_motif=None;rbs_spacer=None;gc_cont=0.532	5481882
NODE_281_length_3734_cov_18.5499_1  -          DDE_Tnp_1            PF01609.21   1.1e-23   83.7   0.4   1.2e-23   83.5   0.4   1.0   1   0   0   1   1   1   1 # 217 # 564 # -1 # ID=159_1;partial=00;start_type=TTG;rbs_motif=GGA/GAG/AGG;rbs_spacer=11-12bp;gc_cont=0.503	5481686
NODE_281_length_3734_cov_18.5499_1  -          DDE_Tnp_1_2          PF13586.6    6.4e-09   35.7   0.9     9e-09   35.2   0.9   1.3   1   1   0   1   1   1   1 # 217 # 564 # -1 # ID=159_1;partial=00;start_type=TTG;rbs_motif=GGA/GAG/AGG;rbs_spacer=11-12bp;gc_cont=0.503	5481686
NODE_281_length_3734_cov_18.5499_1  -          DDE_Tnp_1_6          PF13751.6    1.2e-07   31.6   0.5   1.6e-07   31.3   0.5   1.1   1   0   0   1   1   1   1 # 217 # 564 # -1 # ID=159_1;partial=00;start_type=TTG;rbs_motif=GGA/GAG/AGG;rbs_spacer=11-12bp;gc_cont=0.503	5481686
NODE_281_length_3734_cov_18.5499_1  -          DDE_Tnp_4            PF13359.6    5.6e-09   35.5   0.0   6.8e-09   35.2   0.0   1.1   1   0   0   1   1   1   1 # 217 # 564 # -1 # ID=159_1;partial=00;start_type=TTG;rbs_motif=GGA/GAG/AGG;rbs_spacer=11-12bp;gc_cont=0.503	5481686
NODE_281_length_3734_cov_18.5499_1  -          DDE_Tnp_1            PF01609.21   1.1e-23   83.7   0.4   1.2e-23   83.5   0.4   1.0   1   0   0   1   1   1   1 # 217 # 564 # -1 # ID=159_1;partial=00;start_type=TTG;rbs_motif=GGA/GAG/AGG;rbs_spacer=11-12bp;gc_cont=0.503	5481686
NODE_281_length_3734_cov_18.5499_1  -          DDE_Tnp_1_2          PF13586.6    6.4e-09   35.7   0.9     9e-09   35.2   0.9   1.3   1   1   0   1   1   1   1 # 217 # 564 # -1 # ID=159_1;partial=00;start_type=TTG;rbs_motif=GGA/GAG/AGG;rbs_spacer=11-12bp;gc_cont=0.503	5481686
NODE_281_length_3734_cov_18.5499_1  -          DDE_Tnp_1_6          PF13751.6    1.2e-07   31.6   0.5   1.6e-07   31.3   0.5   1.1   1   0   0   1   1   1   1 # 217 # 564 # -1 # ID=159_1;partial=00;start_type=TTG;rbs_motif=GGA/GAG/AGG;rbs_spacer=11-12bp;gc_cont=0.503	5481686
NODE_281_length_3734_cov_18.5499_1  -          DDE_Tnp_4            PF13359.6    5.6e-09   35.5   0.0   6.8e-09   35.2   0.0   1.1   1   0   0   1   1   1   1 # 217 # 564 # -1 # ID=159_1;partial=00;start_type=TTG;rbs_motif=GGA/GAG/AGG;rbs_spacer=11-12bp;gc_cont=0.503	5481686
NODE_529_length_2608_cov_15.8378_1  -          DUF772               PF05598.11   5.3e-06   26.0   0.0   1.1e-05   25.0   0.0   1.6   1   0   0   1   1   1   1 # 2 # 229 # -1 # ID=253_1;partial=10;start_type=ATG;rbs_motif=None;rbs_spacer=None;gc_cont=0.539	9754
NODE_566_length_2484_cov_11.2281_2 -          MULE                 PF10551.9    2.1e-08   34.1   0.1   4.8e-06   26.6   0.0   3.2   3   0   0   3   3   3   1 # 1251 # 2438 # -1 # ID=264_2;partial=00;start_type=ATG;rbs_motif=TAA;rbs_spacer=11bp;gc_cont=0.512	77523
NODE_566_length_2484_cov_11.2281_2  -          Transposase_mut      PF00872.18   2.7e-73  246.7   0.0   3.6e-73  246.3   0.0   1.0   1   0   0   1   1   1   1 # 1251 # 2438 # -1 # ID=264_2;partial=00;start_type=ATG;rbs_motif=TAA;rbs_spacer=11bp;gc_cont=0.512	77523
NODE_615_length_2351_cov_31.3515_2  -          DUF772               PF05598.11   2.6e-19   68.7   0.1   4.6e-19   67.9   0.1   1.4   1   0   0   1   1   1   1 # 1805 # 2350 # 1 # ID=277_2;partial=01;start_type=ATG;rbs_motif=GGA/GAG/AGG;rbs_spacer=5-10bp;gc_cont=0.531	54825
NODE_615_length_2351_cov_31.3515_2  -          DUF772               PF05598.11   2.6e-19   68.7   0.1   4.6e-19   67.9   0.1   1.4   1   0   0   1   1   1   1 # 1805 # 2350 # 1 # ID=277_2;partial=01;start_type=ATG;rbs_motif=GGA/GAG/AGG;rbs_spacer=5-10bp;gc_cont=0.531	9754
NODE_645_length_2269_cov_19.6689_1  -          DUF772               PF05598.11   1.1e-19   69.9   0.1   1.9e-19   69.1   0.1   1.4   1   0   0   1   1   1   1 # 3 # 419 # -1 # ID=283_1;partial=10;start_type=ATG;rbs_motif=GGA/GAG/AGG;rbs_spacer=5-10bp;gc_cont=0.520	6559958
NODE_1017_length_1774_cov_3.12042_1 -          DDE_Tnp_1            PF01609.21   6.3e-24   84.5   3.4   6.3e-24   84.5   3.4   2.1   2   2   0   2   2   2   1 # 168 # 1694 # 1 # ID=383_1;partial=00;start_type=ATG;rbs_motif=GGA/GAG/AGG;rbs_spacer=5-10bp;gc_cont=0.406	2396751
NODE_1017_length_1774_cov_3.12042_1 -          DDE_Tnp_1_6          PF13751.6    1.8e-13   50.4   0.2   6.5e-13   48.6   0.0   2.0   2   0   0   2   2   2   1 # 168 # 1694 # 1 # ID=383_1;partial=00;start_type=ATG;rbs_motif=GGA/GAG/AGG;rbs_spacer=5-10bp;gc_cont=0.406	2396751
NODE_1017_length_1774_cov_3.12042_1 -          DUF772               PF05598.11   1.2e-14   53.7   0.1   2.4e-14   52.7   0.1   1.6   1   0   0   1   1   1   1 # 168 # 1694 # 1 # ID=383_1;partial=00;start_type=ATG;rbs_motif=GGA/GAG/AGG;rbs_spacer=5-10bp;gc_cont=0.406	2396751
NODE_1229_length_1613_cov_30.6431_1 -          DDE_Tnp_1            PF01609.21   9.2e-26   90.5   0.5     1e-25   90.3   0.5   1.0   1   0   0   1   1   1   1 # 3 # 374 # 1 # ID=425_1;partial=10;start_type=Edge;rbs_motif=None;rbs_spacer=None;gc_cont=0.527	193033
NODE_1229_length_1613_cov_30.6431_1 -          DDE_Tnp_1_2          PF13586.6    8.9e-09   35.3   0.2   1.1e-08   34.9   0.2   1.2   1   0   0   1   1   1   1 # 3 # 374 # 1 # ID=425_1;partial=10;start_type=Edge;rbs_motif=None;rbs_spacer=None;gc_cont=0.527	193033
NODE_1229_length_1613_cov_30.6431_1 -          DDE_Tnp_1_6          PF13751.6    4.5e-08   33.0   0.5   5.5e-08   32.7   0.5   1.1   1   0   0   1   1   1   1 # 3 # 374 # 1 # ID=425_1;partial=10;start_type=Edge;rbs_motif=None;rbs_spacer=None;gc_cont=0.527	193033
NODE_1229_length_1613_cov_30.6431_1 -          DDE_Tnp_4            PF13359.6    2.6e-09   36.6   0.1     3e-09   36.4   0.1   1.1   1   0   0   1   1   1   1 # 3 # 374 # 1 # ID=425_1;partial=10;start_type=Edge;rbs_motif=None;rbs_spacer=None;gc_cont=0.527	193033
NODE_2183_length_1192_cov_35.8821_2 -          DDE_Tnp_1            PF01609.21   2.6e-31  108.6   0.9   2.9e-31  108.5   0.9   1.0   1   0   0   1   1   1   1 # 759 # 1190 # -1 # ID=589_2;partial=01;start_type=Edge;rbs_motif=None;rbs_spacer=None;gc_cont=0.519	1493275
NODE_2183_length_1192_cov_35.8821_2 -          DDE_Tnp_1_2          PF13586.6    1.2e-08   34.8   0.2   1.8e-08   34.3   0.2   1.4   1   0   0   1   1   1   1 # 759 # 1190 # -1 # ID=589_2;partial=01;start_type=Edge;rbs_motif=None;rbs_spacer=None;gc_cont=0.519	1493275
NODE_2183_length_1192_cov_35.8821_2 -          DDE_Tnp_1_3          PF13612.6    4.1e-07   29.8   0.0   5.1e-07   29.5   0.0   1.1   1   0   0   1   1   1   1 # 759 # 1190 # -1 # ID=589_2;partial=01;start_type=Edge;rbs_motif=None;rbs_spacer=None;gc_cont=0.519	1493275
NODE_2183_length_1192_cov_35.8821_2 -          DDE_Tnp_1_6          PF13751.6    1.1e-07   31.8   0.7   1.4e-07   31.4   0.7   1.2   1   0   0   1   1   1   1 # 759 # 1190 # -1 # ID=589_2;partial=01;start_type=Edge;rbs_motif=None;rbs_spacer=None;gc_cont=0.519	1493275
NODE_2183_length_1192_cov_35.8821_2 -          DDE_Tnp_4            PF13359.6    2.1e-09   36.9   0.0   2.4e-09   36.7   0.0   1.1   1   0   0   1   1   1   1 # 759 # 1190 # -1 # ID=589_2;partial=01;start_type=Edge;rbs_motif=None;rbs_spacer=None;gc_cont=0.519	1493275
NODE_2615_length_1084_cov_38.2041_1 -          DUF772               PF05598.11   1.1e-19   69.9   0.1   1.9e-19   69.1   0.1   1.4   1   0   0   1   1   1   1 # 3 # 419 # -1 # ID=655_1;partial=10;start_type=ATG;rbs_motif=GGA/GAG/AGG;rbs_spacer=5-10bp;gc_cont=0.520	21184
NODE_2615_length_1084_cov_38.2041_1 -          DUF772               PF05598.11   1.1e-19   69.9   0.1   1.9e-19   69.1   0.1   1.4   1   0   0   1   1   1   1 # 3 # 419 # -1 # ID=655_1;partial=10;start_type=ATG;rbs_motif=GGA/GAG/AGG;rbs_spacer=5-10bp;gc_cont=0.520	9754
NODE_2667_length_1075_cov_2.84804_1 -          DDE_Tnp_1            PF01609.21   1.7e-19   70.0   0.1   5.6e-18   65.0   0.1   2.0   1   1   0   1   1   1   1 # 1 # 687 # 1 # ID=668_1;partial=10;start_type=Edge;rbs_motif=None;rbs_spacer=None;gc_cont=0.396	175221
NODE_2667_length_1075_cov_2.84804_1 -          DDE_Tnp_1_3          PF13612.6    1.2e-72  242.7   0.3   1.5e-72  242.4   0.3   1.1   1   0   0   1   1   1   1 # 1 # 687 # 1 # ID=668_1;partial=10;start_type=Edge;rbs_motif=None;rbs_spacer=None;gc_cont=0.396	175221
NODE_2667_length_1075_cov_2.84804_1 -          DDE_Tnp_1            PF01609.21   1.7e-19   70.0   0.1   5.6e-18   65.0   0.1   2.0   1   1   0   1   1   1   1 # 1 # 687 # 1 # ID=668_1;partial=10;start_type=Edge;rbs_motif=None;rbs_spacer=None;gc_cont=0.396	175221
NODE_2667_length_1075_cov_2.84804_1 -          DDE_Tnp_1_3          PF13612.6    1.2e-72  242.7   0.3   1.5e-72  242.4   0.3   1.1   1   0   0   1   1   1   1 # 1 # 687 # 1 # ID=668_1;partial=10;start_type=Edge;rbs_motif=None;rbs_spacer=None;gc_cont=0.396	175221
NODE_4027_length_874_cov_197.954_1 -          HTH_Tnp_IS630        PF01710.16   9.3e-24   83.4   0.8     1e-23   83.3   0.8   1.0   1   0   0   1   1   1   1 # 69 # 419 # 1 # ID=851_1;partial=00;start_type=ATG;rbs_motif=None;rbs_spacer=None;gc_cont=0.484	5481658
NODE_4303_length_841_cov_2.00763_1  -          Y1_Tnp               PF01797.16   4.2e-40  136.3   1.6     5e-40  136.0   1.6   1.1   1   0   0   1   1   1   1 # 210 # 671 # -1 # ID=880_1;partial=00;start_type=ATG;rbs_motif=AGGA;rbs_spacer=5-10bp;gc_cont=0.316	3901183
NODE_4530_length_819_cov_42.6073_1  -          DDE_Tnp_1            PF01609.21   9.7e-26   90.4   0.4   4.7e-25   88.1   0.4   1.9   1   1   0   1   1   1   1 # 23 # 817 # -1 # ID=917_1;partial=01;start_type=Edge;rbs_motif=None;rbs_spacer=None;gc_cont=0.470	406402
NODE_4530_length_819_cov_42.6073_1  -          DDE_Tnp_1_3          PF13612.6    2.6e-77  257.8   0.6   3.7e-77  257.3   0.6   1.2   1   0   0   1   1   1   1 # 23 # 817 # -1 # ID=917_1;partial=01;start_type=Edge;rbs_motif=None;rbs_spacer=None;gc_cont=0.470	406402
NODE_5063_length_777_cov_1.93213_1  -          DDE_Tnp_ISL3         PF01610.17   1.3e-31  109.8   5.0   1.4e-31  109.7   5.0   1.0   1   0   0   1   1   1   1 # 2 # 484 # -1 # ID=980_1;partial=10;start_type=ATG;rbs_motif=None;rbs_spacer=None;gc_cont=0.398	1313947
NODE_5385_length_756_cov_2.25392_2  -          DDE_Tnp_1            PF01609.21   4.9e-06   26.0   0.0   6.5e-06   25.6   0.0   1.2   1   0   0   1   1   1   1 # 411 # 755 # -1 # ID=1017_2;partial=01;start_type=Edge;rbs_motif=None;rbs_spacer=None;gc_cont=0.414	3859422
NODE_8337_length_618_cov_2.62522_1  -          DUF772               PF05598.11   5.3e-12   45.2   0.1   9.4e-12   44.4   0.1   1.4   1   0   0   1   1   1   1 # 151 # 618 # 1 # ID=1392_1;partial=01;start_type=ATG;rbs_motif=TATAA;rbs_spacer=12bp;gc_cont=0.286	2611824
NODE_9513_length_580_cov_83.2248_1  -          DDE_Tnp_1            PF01609.21   2.6e-31  108.6   0.9   2.9e-31  108.5   0.9   1.0   1   0   0   1   1   1   1 # 3 # 434 # 1 # ID=1549_1;partial=10;start_type=Edge;rbs_motif=None;rbs_spacer=None;gc_cont=0.521	3726362
NODE_9513_length_580_cov_83.2248_1  -          DDE_Tnp_1_2          PF13586.6    1.2e-08   34.8   0.2   1.8e-08   34.3   0.2   1.4   1   0   0   1   1   1   1 # 3 # 434 # 1 # ID=1549_1;partial=10;start_type=Edge;rbs_motif=None;rbs_spacer=None;gc_cont=0.521	3726362
NODE_9513_length_580_cov_83.2248_1  -          DDE_Tnp_1_3          PF13612.6    4.1e-07   29.8   0.0   5.1e-07   29.5   0.0   1.1   1   0   0   1   1   1   1 # 3 # 434 # 1 # ID=1549_1;partial=10;start_type=Edge;rbs_motif=None;rbs_spacer=None;gc_cont=0.521	3726362
NODE_9513_length_580_cov_83.2248_1  -          DDE_Tnp_1_6          PF13751.6    1.1e-07   31.8   0.7   1.4e-07   31.4   0.7   1.2   1   0   0   1   1   1   1 # 3 # 434 # 1 # ID=1549_1;partial=10;start_type=Edge;rbs_motif=None;rbs_spacer=None;gc_cont=0.521	3726362
NODE_9513_length_580_cov_83.2248_1  -          DDE_Tnp_4            PF13359.6    2.1e-09   36.9   0.0   2.4e-09   36.7   0.0   1.1   1   0   0   1   1   1   1 # 3 # 434 # 1 # ID=1549_1;partial=10;start_type=Edge;rbs_motif=None;rbs_spacer=None;gc_cont=0.521	3726362
NODE_9998_length_566_cov_1.7045_1   -          zf-ISL3              PF14690.6      3e-12   46.6   1.6   4.9e-12   46.0   1.6   1.4   1   0   0   1   1   1   1 # 1 # 360 # -1 # ID=1600_1;partial=10;start_type=ATG;rbs_motif=None;rbs_spacer=None;gc_cont=0.386	1371554
NODE_13390_length_493_cov_57.0525_1 -          DDE_Tnp_1            PF01609.21   4.3e-12   45.8   0.0   5.8e-12   45.4   0.0   1.2   1   0   0   1   1   1   1 # 3 # 491 # -1 # ID=1953_1;partial=11;start_type=Edge;rbs_motif=None;rbs_spacer=None;gc_cont=0.526	65281
NODE_13390_length_493_cov_57.0525_1 -          DUF772               PF05598.11   7.3e-12   44.8   0.3   1.2e-11   44.1   0.3   1.3   1   0   0   1   1   1   1 # 3 # 491 # -1 # ID=1953_1;partial=11;start_type=Edge;rbs_motif=None;rbs_spacer=None;gc_cont=0.526	65281
NODE_18012_length_429_cov_4.16578_1 -          Y1_Tnp               PF01797.16   7.2e-37  125.8   0.4   8.5e-37  125.6   0.4   1.1   1   0   0   1   1   1   1 # 3 # 416 # 1 # ID=2479_1;partial=10;start_type=Edge;rbs_motif=None;rbs_spacer=None;gc_cont=0.331	3901183
NODE_18012_length_429_cov_4.16578_1 -          Y1_Tnp               PF01797.16   7.2e-37  125.8   0.4   8.5e-37  125.6   0.4   1.1   1   0   0   1   1   1   1 # 3 # 416 # 1 # ID=2479_1;partial=10;start_type=Edge;rbs_motif=None;rbs_spacer=None;gc_cont=0.331	546004
NODE_18474_length_424_cov_378.106_1  -          HTH_Tnp_1            PF01527.20   4.1e-06   26.7   0.1   5.6e-06   26.2   0.1   1.5   1   1   0   1   1   1   1 # 62 # 424 # -1 # ID=2530_1;partial=01;start_type=Edge;rbs_motif=None;rbs_spacer=None;gc_cont=0.496	193033
NODE_18474_length_424_cov_378.106_1  -          HTH_Tnp_1            PF01527.20   4.1e-06   26.7   0.1   5.6e-06   26.2   0.1   1.5   1   1   0   1   1   1   1 # 62 # 424 # -1 # ID=2530_1;partial=01;start_type=Edge;rbs_motif=None;rbs_spacer=None;gc_cont=0.496	200781
NODE_18474_length_424_cov_378.106_1  -          HTH_Tnp_1            PF01527.20   4.1e-06   26.7   0.1   5.6e-06   26.2   0.1   1.5   1   1   0   1   1   1   1 # 62 # 424 # -1 # ID=2530_1;partial=01;start_type=Edge;rbs_motif=None;rbs_spacer=None;gc_cont=0.496	1098529
NODE_18474_length_424_cov_378.106_1  -          HTH_Tnp_1            PF01527.20   4.1e-06   26.7   0.1   5.6e-06   26.2   0.1   1.5   1   1   0   1   1   1   1 # 62 # 424 # -1 # ID=2530_1;partial=01;start_type=Edge;rbs_motif=None;rbs_spacer=None;gc_cont=0.496	182100
NODE_18757_length_421_cov_2.02459_1  -          HTH_Tnp_ISL3         PF13542.6    2.6e-08   32.8   0.0   3.9e-08   32.2   0.0   1.3   1   0   0   1   1   1   1 # 1 # 420 # 1 # ID=2557_1;partial=11;start_type=Edge;rbs_motif=None;rbs_spacer=None;gc_cont=0.429	1313947
NODE_18757_length_421_cov_2.02459_1 -          zf-ISL3              PF14690.6    2.3e-11   43.8   5.2   3.9e-11   43.1   5.2   1.4   1   0   0   1   1   1   1 # 1 # 420 # 1 # ID=2557_1;partial=11;start_type=Edge;rbs_motif=None;rbs_spacer=None;gc_cont=0.429	1313947
NODE_19088_length_417_cov_0.848066_1 -          HTH_Tnp_1            PF01527.20   7.2e-07   29.1   0.1   4.8e-05   23.3   0.0   2.4   2   0   0   2   2   2   2 # 74 # 415 # 1 # ID=2594_1;partial=01;start_type=ATG;rbs_motif=GGAGG;rbs_spacer=5-10bp;gc_cont=0.421	4481937
NODE_48020_length_277_cov_0.81982_1 -          zf-IS66              PF13005.7    5.5e-06   26.3   1.1   1.1e-05   25.4   1.1   1.5   1   0   0   1   1   1   1 # 3 # 275 # 1 # ID=5373_1;partial=11;start_type=Edge;rbs_motif=None;rbs_spacer=None;gc_cont=0.469	3726424
NODE_67493_length_240_cov_0.313514_1 -          HTH_Tnp_ISL3         PF13542.6    1.7e-07   30.2   0.0   2.5e-07   29.7   0.0   1.3   1   0   0   1   1   1   1 # 3 # 239 # -1 # ID=7068_1;partial=11;start_type=Edge;rbs_motif=None;rbs_spacer=None;gc_cont=0.363	189265
NODE_67493_length_240_cov_0.313514_1 -          HTH_Tnp_ISL3         PF13542.6    1.7e-07   30.2   0.0   2.5e-07   29.7   0.0   1.3   1   0   0   1   1   1   1 # 3 # 239 # -1 # ID=7068_1;partial=11;start_type=Edge;rbs_motif=None;rbs_spacer=None;gc_cont=0.363	189265
NODE_71329_length_234_cov_43.7877_1 -          DDE_Tnp_1            PF01609.21   1.6e-17   63.5   0.2   1.7e-17   63.4   0.2   1.0   1   0   0   1   1   1   1 # 3 # 233 # 1 # ID=7370_1;partial=11;start_type=Edge;rbs_motif=None;rbs_spacer=None;gc_cont=0.515	65281
NODE_73415_length_232_cov_1.50282_1 -          DDE_Tnp_ISL3         PF01610.17   1.6e-16   60.4   1.0   1.7e-16   60.3   1.0   1.0   1   0   0   1   1   1   1 # 2 # 232 # -1 # ID=7524_1;partial=11;start_type=Edge;rbs_motif=None;rbs_spacer=None;gc_cont=0.342	36764
NODE_98484_length_137_cov_157.439_1 -          DDE_Tnp_1            PF01609.21   6.3e-06   25.6   0.1   6.4e-06   25.6   0.1   1.0   1   0   0   1   1   1   1 # 3 # 137 # -1 # ID=9911_1;partial=11;start_type=Edge;rbs_motif=None;rbs_spacer=None;gc_cont=0.504	65281
