NODE_2_length_80516_cov_8.86484_68  -          OrfB_IS605           PF01385.19     4e-12   46.9   0.1     9e-12   45.7   0.1   1.5   1   0   0   1   1   1   1 # 70377 # 71600 # -1 # ID=2_68;partial=00;start_type=ATG;rbs_motif=None;rbs_spacer=None;gc_cont=0.268	3648355
NODE_2_length_80516_cov_8.86484_68   -          OrfB_Zn_ribbon       PF07282.11     1e-08   35.4   0.0   2.4e-08   34.2   0.0   1.6   1   1   0   1   1   1   1 # 70377 # 71600 # -1 # ID=2_68;partial=00;start_type=ATG;rbs_motif=None;rbs_spacer=None;gc_cont=0.268	3648355
NODE_2_length_80516_cov_8.86484_68  -          OrfB_IS605           PF01385.19     4e-12   46.9   0.1     9e-12   45.7   0.1   1.5   1   0   0   1   1   1   1 # 70377 # 71600 # -1 # ID=2_68;partial=00;start_type=ATG;rbs_motif=None;rbs_spacer=None;gc_cont=0.268	3720575
NODE_2_length_80516_cov_8.86484_68   -          OrfB_Zn_ribbon       PF07282.11     1e-08   35.4   0.0   2.4e-08   34.2   0.0   1.6   1   1   0   1   1   1   1 # 70377 # 71600 # -1 # ID=2_68;partial=00;start_type=ATG;rbs_motif=None;rbs_spacer=None;gc_cont=0.268	3720575
NODE_2_length_80516_cov_8.86484_68  -          OrfB_IS605           PF01385.19     4e-12   46.9   0.1     9e-12   45.7   0.1   1.5   1   0   0   1   1   1   1 # 70377 # 71600 # -1 # ID=2_68;partial=00;start_type=ATG;rbs_motif=None;rbs_spacer=None;gc_cont=0.268	2170077
NODE_2_length_80516_cov_8.86484_68   -          OrfB_Zn_ribbon       PF07282.11     1e-08   35.4   0.0   2.4e-08   34.2   0.0   1.6   1   1   0   1   1   1   1 # 70377 # 71600 # -1 # ID=2_68;partial=00;start_type=ATG;rbs_motif=None;rbs_spacer=None;gc_cont=0.268	2170077
NODE_10_length_27715_cov_4.1226_2   -          OrfB_IS605           PF01385.19     3e-16   60.2   3.2     3e-16   60.2   3.2   2.6   1   1   1   2   2   2   1 # 656 # 1891 # 1 # ID=9_2;partial=00;start_type=ATG;rbs_motif=None;rbs_spacer=None;gc_cont=0.339	3720610
NODE_10_length_27715_cov_4.1226_2    -          OrfB_Zn_ribbon       PF07282.11   7.8e-22   77.4   1.6   1.7e-21   76.4   1.6   1.6   1   0   0   1   1   1   1 # 656 # 1891 # 1 # ID=9_2;partial=00;start_type=ATG;rbs_motif=None;rbs_spacer=None;gc_cont=0.339	3720610
NODE_25_length_16852_cov_7.33393_1  -          Transposase_20       PF02371.16   5.5e-10   39.9   0.0   8.3e-10   39.3   0.0   1.3   1   0   0   1   1   1   1 # 2 # 340 # 1 # ID=20_1;partial=10;start_type=Edge;rbs_motif=None;rbs_spacer=None;gc_cont=0.404	6548901
NODE_25_length_16852_cov_7.33393_1  -          Transposase_20       PF02371.16   5.5e-10   39.9   0.0   8.3e-10   39.3   0.0   1.3   1   0   0   1   1   1   1 # 2 # 340 # 1 # ID=20_1;partial=10;start_type=Edge;rbs_motif=None;rbs_spacer=None;gc_cont=0.404	5459937
NODE_42_length_13791_cov_11.0387_8   -          DDE_Tnp_ISL3         PF01610.17     2e-50  172.2   5.9   2.9e-50  171.7   5.9   1.2   1   0   0   1   1   1   1 # 12014 # 13270 # -1 # ID=33_8;partial=00;start_type=ATG;rbs_motif=None;rbs_spacer=None;gc_cont=0.376	6548959
NODE_42_length_13791_cov_11.0387_8   -          HTH_Tnp_ISL3         PF13542.6    7.4e-10   38.5   0.0   1.3e-09   37.7   0.0   1.4   1   0   0   1   1   1   1 # 12014 # 13270 # -1 # ID=33_8;partial=00;start_type=ATG;rbs_motif=None;rbs_spacer=None;gc_cont=0.376	6548959
NODE_42_length_13791_cov_11.0387_8   -          zf-ISL3              PF14690.6    1.4e-11   45.3   1.0     3e-11   44.3   1.0   1.6   1   0   0   1   1   1   1 # 12014 # 13270 # -1 # ID=33_8;partial=00;start_type=ATG;rbs_motif=None;rbs_spacer=None;gc_cont=0.376	6548959
NODE_42_length_13791_cov_11.0387_8   -          DDE_Tnp_ISL3         PF01610.17     2e-50  172.2   5.9   2.9e-50  171.7   5.9   1.2   1   0   0   1   1   1   1 # 12014 # 13270 # -1 # ID=33_8;partial=00;start_type=ATG;rbs_motif=None;rbs_spacer=None;gc_cont=0.376	6548915
NODE_42_length_13791_cov_11.0387_8   -          HTH_Tnp_ISL3         PF13542.6    7.4e-10   38.5   0.0   1.3e-09   37.7   0.0   1.4   1   0   0   1   1   1   1 # 12014 # 13270 # -1 # ID=33_8;partial=00;start_type=ATG;rbs_motif=None;rbs_spacer=None;gc_cont=0.376	6548915
NODE_42_length_13791_cov_11.0387_8   -          zf-ISL3              PF14690.6    1.4e-11   45.3   1.0     3e-11   44.3   1.0   1.6   1   0   0   1   1   1   1 # 12014 # 13270 # -1 # ID=33_8;partial=00;start_type=ATG;rbs_motif=None;rbs_spacer=None;gc_cont=0.376	6548915
NODE_42_length_13791_cov_11.0387_8   -          DDE_Tnp_ISL3         PF01610.17     2e-50  172.2   5.9   2.9e-50  171.7   5.9   1.2   1   0   0   1   1   1   1 # 12014 # 13270 # -1 # ID=33_8;partial=00;start_type=ATG;rbs_motif=None;rbs_spacer=None;gc_cont=0.376	6548915
NODE_42_length_13791_cov_11.0387_8   -          HTH_Tnp_ISL3         PF13542.6    7.4e-10   38.5   0.0   1.3e-09   37.7   0.0   1.4   1   0   0   1   1   1   1 # 12014 # 13270 # -1 # ID=33_8;partial=00;start_type=ATG;rbs_motif=None;rbs_spacer=None;gc_cont=0.376	6548915
NODE_42_length_13791_cov_11.0387_8   -          zf-ISL3              PF14690.6    1.4e-11   45.3   1.0     3e-11   44.3   1.0   1.6   1   0   0   1   1   1   1 # 12014 # 13270 # -1 # ID=33_8;partial=00;start_type=ATG;rbs_motif=None;rbs_spacer=None;gc_cont=0.376	6548915
NODE_42_length_13791_cov_11.0387_8   -          DDE_Tnp_ISL3         PF01610.17     2e-50  172.2   5.9   2.9e-50  171.7   5.9   1.2   1   0   0   1   1   1   1 # 12014 # 13270 # -1 # ID=33_8;partial=00;start_type=ATG;rbs_motif=None;rbs_spacer=None;gc_cont=0.376	800086
NODE_42_length_13791_cov_11.0387_8   -          HTH_Tnp_ISL3         PF13542.6    7.4e-10   38.5   0.0   1.3e-09   37.7   0.0   1.4   1   0   0   1   1   1   1 # 12014 # 13270 # -1 # ID=33_8;partial=00;start_type=ATG;rbs_motif=None;rbs_spacer=None;gc_cont=0.376	800086
NODE_42_length_13791_cov_11.0387_8   -          zf-ISL3              PF14690.6    1.4e-11   45.3   1.0     3e-11   44.3   1.0   1.6   1   0   0   1   1   1   1 # 12014 # 13270 # -1 # ID=33_8;partial=00;start_type=ATG;rbs_motif=None;rbs_spacer=None;gc_cont=0.376	800086
NODE_42_length_13791_cov_11.0387_8   -          DDE_Tnp_ISL3         PF01610.17     2e-50  172.2   5.9   2.9e-50  171.7   5.9   1.2   1   0   0   1   1   1   1 # 12014 # 13270 # -1 # ID=33_8;partial=00;start_type=ATG;rbs_motif=None;rbs_spacer=None;gc_cont=0.376	5016648
NODE_42_length_13791_cov_11.0387_8   -          HTH_Tnp_ISL3         PF13542.6    7.4e-10   38.5   0.0   1.3e-09   37.7   0.0   1.4   1   0   0   1   1   1   1 # 12014 # 13270 # -1 # ID=33_8;partial=00;start_type=ATG;rbs_motif=None;rbs_spacer=None;gc_cont=0.376	5016648
NODE_42_length_13791_cov_11.0387_8   -          zf-ISL3              PF14690.6    1.4e-11   45.3   1.0     3e-11   44.3   1.0   1.6   1   0   0   1   1   1   1 # 12014 # 13270 # -1 # ID=33_8;partial=00;start_type=ATG;rbs_motif=None;rbs_spacer=None;gc_cont=0.376	5016648
NODE_42_length_13791_cov_11.0387_8   -          DDE_Tnp_ISL3         PF01610.17     2e-50  172.2   5.9   2.9e-50  171.7   5.9   1.2   1   0   0   1   1   1   1 # 12014 # 13270 # -1 # ID=33_8;partial=00;start_type=ATG;rbs_motif=None;rbs_spacer=None;gc_cont=0.376	9297
NODE_42_length_13791_cov_11.0387_8   -          HTH_Tnp_ISL3         PF13542.6    7.4e-10   38.5   0.0   1.3e-09   37.7   0.0   1.4   1   0   0   1   1   1   1 # 12014 # 13270 # -1 # ID=33_8;partial=00;start_type=ATG;rbs_motif=None;rbs_spacer=None;gc_cont=0.376	9297
NODE_42_length_13791_cov_11.0387_8   -          zf-ISL3              PF14690.6    1.4e-11   45.3   1.0     3e-11   44.3   1.0   1.6   1   0   0   1   1   1   1 # 12014 # 13270 # -1 # ID=33_8;partial=00;start_type=ATG;rbs_motif=None;rbs_spacer=None;gc_cont=0.376	9297
NODE_42_length_13791_cov_11.0387_8   -          DDE_Tnp_ISL3         PF01610.17     2e-50  172.2   5.9   2.9e-50  171.7   5.9   1.2   1   0   0   1   1   1   1 # 12014 # 13270 # -1 # ID=33_8;partial=00;start_type=ATG;rbs_motif=None;rbs_spacer=None;gc_cont=0.376	45911
NODE_42_length_13791_cov_11.0387_8   -          HTH_Tnp_ISL3         PF13542.6    7.4e-10   38.5   0.0   1.3e-09   37.7   0.0   1.4   1   0   0   1   1   1   1 # 12014 # 13270 # -1 # ID=33_8;partial=00;start_type=ATG;rbs_motif=None;rbs_spacer=None;gc_cont=0.376	45911
NODE_42_length_13791_cov_11.0387_8   -          zf-ISL3              PF14690.6    1.4e-11   45.3   1.0     3e-11   44.3   1.0   1.6   1   0   0   1   1   1   1 # 12014 # 13270 # -1 # ID=33_8;partial=00;start_type=ATG;rbs_motif=None;rbs_spacer=None;gc_cont=0.376	45911
NODE_143_length_9126_cov_3.79649_4  -          DDE_Tnp_1_3          PF13612.6    7.5e-18   65.5   2.4   9.8e-18   65.1   2.4   1.1   1   0   0   1   1   1   1 # 5243 # 5668 # -1 # ID=94_4;partial=00;start_type=ATG;rbs_motif=TAGAA;rbs_spacer=8bp;gc_cont=0.394	332200
NODE_143_length_9126_cov_3.79649_4  -          DDE_Tnp_1_3          PF13612.6    7.5e-18   65.5   2.4   9.8e-18   65.1   2.4   1.1   1   0   0   1   1   1   1 # 5243 # 5668 # -1 # ID=94_4;partial=00;start_type=ATG;rbs_motif=TAGAA;rbs_spacer=8bp;gc_cont=0.394	196038
NODE_171_length_8564_cov_4.66718_5  -          DDE_Tnp_1_3          PF13612.6    1.1e-12   48.7   1.5   1.4e-12   48.4   1.5   1.1   1   0   0   1   1   1   1 # 5868 # 6101 # -1 # ID=116_5;partial=00;start_type=ATG;rbs_motif=AAGAA;rbs_spacer=7bp;gc_cont=0.397	2455859
NODE_220_length_7782_cov_10.9722_5   -          PDDEXK_2             PF12784.7    6.3e-21   75.4   1.8   8.5e-21   75.0   1.8   1.2   1   0   0   1   1   1   1 # 6703 # 7602 # -1 # ID=138_5;partial=00;start_type=ATG;rbs_motif=AGGAG;rbs_spacer=5-10bp;gc_cont=0.443	6549127
NODE_220_length_7782_cov_10.9722_5   -          PDDEXK_2             PF12784.7    6.3e-21   75.4   1.8   8.5e-21   75.0   1.8   1.2   1   0   0   1   1   1   1 # 6703 # 7602 # -1 # ID=138_5;partial=00;start_type=ATG;rbs_motif=AGGAG;rbs_spacer=5-10bp;gc_cont=0.443	26311
NODE_274_length_7074_cov_3.74683_5   -          PDDEXK_2             PF12784.7    3.2e-13   50.2   3.7   4.1e-13   49.9   3.7   1.1   1   0   0   1   1   1   1 # 4684 # 5355 # 1 # ID=162_5;partial=00;start_type=ATG;rbs_motif=AGGAG/GGAGG;rbs_spacer=11-12bp;gc_cont=0.360	5459956
NODE_478_length_5752_cov_4.31051_7  -          Y1_Tnp               PF01797.16   6.2e-27   94.6   0.0   8.6e-27   94.1   0.0   1.2   1   0   0   1   1   1   1 # 4913 # 5356 # -1 # ID=250_7;partial=00;start_type=ATG;rbs_motif=AAAA;rbs_spacer=11bp;gc_cont=0.358	4253135
NODE_478_length_5752_cov_4.31051_7  -          Y1_Tnp               PF01797.16   6.2e-27   94.6   0.0   8.6e-27   94.1   0.0   1.2   1   0   0   1   1   1   1 # 4913 # 5356 # -1 # ID=250_7;partial=00;start_type=ATG;rbs_motif=AAAA;rbs_spacer=11bp;gc_cont=0.358	112604
NODE_520_length_5551_cov_4.75946_3  -          OrfB_IS605           PF01385.19   4.3e-26   92.0   0.4   7.1e-26   91.2   0.4   1.3   1   0   0   1   1   1   1 # 1034 # 2341 # 1 # ID=273_3;partial=00;start_type=ATG;rbs_motif=3Base/5BMM;rbs_spacer=13-15bp;gc_cont=0.574	2348734
NODE_520_length_5551_cov_4.75946_3   -          OrfB_Zn_ribbon       PF07282.11   2.7e-21   75.7   0.3   4.6e-21   75.0   0.3   1.4   1   0   0   1   1   1   1 # 1034 # 2341 # 1 # ID=273_3;partial=00;start_type=ATG;rbs_motif=3Base/5BMM;rbs_spacer=13-15bp;gc_cont=0.574	2348734
NODE_608_length_5218_cov_5.36878_4  -          DDE_Tnp_1            PF01609.21   6.7e-15   55.8   0.3   2.5e-13   50.7   0.3   2.0   1   1   0   1   1   1   1 # 2125 # 2589 # -1 # ID=302_4;partial=00;start_type=ATG;rbs_motif=GGAG/GAGG;rbs_spacer=5-10bp;gc_cont=0.366	1350746
NODE_608_length_5218_cov_5.36878_4  -          DDE_Tnp_1_3          PF13612.6    1.1e-49  168.9   0.1   1.3e-49  168.7   0.1   1.1   1   0   0   1   1   1   1 # 2125 # 2589 # -1 # ID=302_4;partial=00;start_type=ATG;rbs_motif=GGAG/GAGG;rbs_spacer=5-10bp;gc_cont=0.366	1350746
NODE_773_length_4663_cov_3.22439_2  -          DDE_Tnp_1            PF01609.21   4.8e-07   30.1   0.1     5e-07   30.0   0.1   1.1   1   0   0   1   1   1   1 # 967 # 1362 # -1 # ID=353_2;partial=00;start_type=TTG;rbs_motif=TAA;rbs_spacer=10bp;gc_cont=0.402	1248394
NODE_872_length_4416_cov_5.47971_3   -          Transposase_mut      PF00872.18   2.8e-20   73.0   0.1     3e-20   72.9   0.1   1.0   1   0   0   1   1   1   1 # 1929 # 2120 # -1 # ID=392_3;partial=00;start_type=GTG;rbs_motif=None;rbs_spacer=None;gc_cont=0.380	956222
NODE_1031_length_4091_cov_3.97621_4  -          OrfB_Zn_ribbon       PF07282.11   7.5e-14   51.9   0.1   1.7e-13   50.7   0.1   1.6   1   0   0   1   1   1   1 # 2025 # 3536 # -1 # ID=452_4;partial=00;start_type=TTG;rbs_motif=None;rbs_spacer=None;gc_cont=0.579	6548937
NODE_1050_length_4069_cov_4.0137_3  -          OrfB_IS605           PF01385.19   1.3e-25   90.5   0.3   2.6e-25   89.4   0.3   1.4   1   0   0   1   1   1   1 # 1106 # 2413 # -1 # ID=457_3;partial=00;start_type=ATG;rbs_motif=AGGAG/GGAGG;rbs_spacer=11-12bp;gc_cont=0.568	1820182
NODE_1050_length_4069_cov_4.0137_3   -          OrfB_Zn_ribbon       PF07282.11     2e-21   76.2   0.2   3.4e-21   75.4   0.2   1.4   1   0   0   1   1   1   1 # 1106 # 2413 # -1 # ID=457_3;partial=00;start_type=ATG;rbs_motif=AGGAG/GGAGG;rbs_spacer=11-12bp;gc_cont=0.568	1820182
NODE_1050_length_4069_cov_4.0137_3  -          OrfB_IS605           PF01385.19   1.3e-25   90.5   0.3   2.6e-25   89.4   0.3   1.4   1   0   0   1   1   1   1 # 1106 # 2413 # -1 # ID=457_3;partial=00;start_type=ATG;rbs_motif=AGGAG/GGAGG;rbs_spacer=11-12bp;gc_cont=0.568	3720640
NODE_1050_length_4069_cov_4.0137_3   -          OrfB_Zn_ribbon       PF07282.11     2e-21   76.2   0.2   3.4e-21   75.4   0.2   1.4   1   0   0   1   1   1   1 # 1106 # 2413 # -1 # ID=457_3;partial=00;start_type=ATG;rbs_motif=AGGAG/GGAGG;rbs_spacer=11-12bp;gc_cont=0.568	3720640
NODE_1086_length_4019_cov_4.14203_5 -          OrfB_IS605           PF01385.19   1.4e-27   96.7   0.1   2.4e-27   96.0   0.1   1.3   1   0   0   1   1   1   1 # 3176 # 4018 # 1 # ID=472_5;partial=01;start_type=ATG;rbs_motif=None;rbs_spacer=None;gc_cont=0.578	3720640
NODE_1086_length_4019_cov_4.14203_5  -          OrfB_Zn_ribbon       PF07282.11   2.3e-23   82.3   0.1   4.1e-23   81.5   0.1   1.4   1   0   0   1   1   1   1 # 3176 # 4018 # 1 # ID=472_5;partial=01;start_type=ATG;rbs_motif=None;rbs_spacer=None;gc_cont=0.578	3720640
NODE_1086_length_4019_cov_4.14203_1  -          OrfB_Zn_ribbon       PF07282.11   1.3e-17   64.0   1.2   1.7e-17   63.5   1.2   1.2   1   0   0   1   1   1   1 # 2 # 328 # 1 # ID=472_1;partial=10;start_type=Edge;rbs_motif=None;rbs_spacer=None;gc_cont=0.547	3720640
NODE_1115_length_3971_cov_7.55235_2  -          Transposase_mut      PF00872.18   3.6e-26   92.4   0.0   4.2e-26   92.2   0.0   1.0   1   0   0   1   1   1   1 # 447 # 719 # -1 # ID=480_2;partial=00;start_type=ATG;rbs_motif=None;rbs_spacer=None;gc_cont=0.385	4253138
NODE_1368_length_3642_cov_15.7973_3 -          Y1_Tnp               PF01797.16   3.8e-37  127.5   0.8   4.2e-37  127.4   0.8   1.0   1   0   0   1   1   1   1 # 2559 # 2948 # 1 # ID=554_3;partial=00;start_type=ATG;rbs_motif=AGGAG;rbs_spacer=5-10bp;gc_cont=0.359	2396365
NODE_1368_length_3642_cov_15.7973_3 -          Y1_Tnp               PF01797.16   3.8e-37  127.5   0.8   4.2e-37  127.4   0.8   1.0   1   0   0   1   1   1   1 # 2559 # 2948 # 1 # ID=554_3;partial=00;start_type=ATG;rbs_motif=AGGAG;rbs_spacer=5-10bp;gc_cont=0.359	458356
NODE_1368_length_3642_cov_15.7973_3 -          Y1_Tnp               PF01797.16   3.8e-37  127.5   0.8   4.2e-37  127.4   0.8   1.0   1   0   0   1   1   1   1 # 2559 # 2948 # 1 # ID=554_3;partial=00;start_type=ATG;rbs_motif=AGGAG;rbs_spacer=5-10bp;gc_cont=0.359	458356
NODE_1416_length_3573_cov_3.01507_3 -          OrfB_IS605           PF01385.19   3.1e-12   47.2   1.6   3.1e-12   47.2   1.6   1.9   2   0   0   2   2   2   1 # 1296 # 2474 # 1 # ID=565_3;partial=00;start_type=ATG;rbs_motif=AGGAG(G)/GGAGG;rbs_spacer=13-15bp;gc_cont=0.289	3106724
NODE_1416_length_3573_cov_3.01507_3  -          OrfB_Zn_ribbon       PF07282.11   8.3e-20   70.9   0.7   1.9e-19   69.8   0.7   1.6   1   0   0   1   1   1   1 # 1296 # 2474 # 1 # ID=565_3;partial=00;start_type=ATG;rbs_motif=AGGAG(G)/GGAGG;rbs_spacer=13-15bp;gc_cont=0.289	3106724
NODE_1426_length_3566_cov_8.95756_3  -          HTH_Tnp_1            PF01527.20   3.4e-10   40.5   1.6    0.0011   19.7   0.3   2.7   1   1   1   2   2   2   2 # 1723 # 2238 # 1 # ID=570_3;partial=00;start_type=GTG;rbs_motif=GGAGG;rbs_spacer=5-10bp;gc_cont=0.609	570390
NODE_1426_length_3566_cov_8.95756_3  -          HTH_Tnp_1            PF01527.20   3.4e-10   40.5   1.6    0.0011   19.7   0.3   2.7   1   1   1   2   2   2   2 # 1723 # 2238 # 1 # ID=570_3;partial=00;start_type=GTG;rbs_motif=GGAGG;rbs_spacer=5-10bp;gc_cont=0.609	18387
NODE_1459_length_3524_cov_4.72961_1 -          OrfB_IS605           PF01385.19   4.2e-28   98.4   2.2   7.7e-28   97.6   2.2   1.4   1   0   0   1   1   1   1 # 285 # 1325 # -1 # ID=579_1;partial=00;start_type=TTG;rbs_motif=None;rbs_spacer=None;gc_cont=0.594	4253177
NODE_1459_length_3524_cov_4.72961_1  -          OrfB_Zn_ribbon       PF07282.11   1.1e-23   83.3   0.5   3.1e-23   81.9   0.5   1.7   1   0   0   1   1   1   1 # 285 # 1325 # -1 # ID=579_1;partial=00;start_type=TTG;rbs_motif=None;rbs_spacer=None;gc_cont=0.594	4253177
NODE_1480_length_3495_cov_6.61802_6 -          Y1_Tnp               PF01797.16   1.6e-07   31.9   0.2   1.9e-07   31.7   0.2   1.1   1   0   0   1   1   1   1 # 3287 # 3493 # -1 # ID=588_6;partial=01;start_type=Edge;rbs_motif=None;rbs_spacer=None;gc_cont=0.377	6549032
NODE_1550_length_3412_cov_9.13643_3 -          MULE                 PF10551.9    2.8e-07   31.3   0.0     6e-07   30.3   0.0   1.6   1   0   0   1   1   1   1 # 2803 # 3411 # -1 # ID=607_3;partial=01;start_type=Edge;rbs_motif=None;rbs_spacer=None;gc_cont=0.376	189999
NODE_1550_length_3412_cov_9.13643_3  -          Transposase_mut      PF00872.18   2.9e-61  207.9   0.4   3.5e-61  207.6   0.4   1.0   1   0   0   1   1   1   1 # 2803 # 3411 # -1 # ID=607_3;partial=01;start_type=Edge;rbs_motif=None;rbs_spacer=None;gc_cont=0.376	189999
NODE_1699_length_3254_cov_3.76899_3  -          PDDEXK_2             PF12784.7    5.4e-19   69.1   8.7   9.7e-19   68.3   8.7   1.4   1   1   0   1   1   1   1 # 918 # 1805 # 1 # ID=662_3;partial=00;start_type=ATG;rbs_motif=TAA;rbs_spacer=4bp;gc_cont=0.316	106979
NODE_1744_length_3216_cov_17.4198_3  -          DDE_Tnp_IS240        PF13610.6    6.9e-07   30.0   0.0   9.7e-07   29.6   0.0   1.2   1   0   0   1   1   1   1 # 1068 # 1664 # 1 # ID=671_3;partial=00;start_type=ATG;rbs_motif=AAAAA;rbs_spacer=12bp;gc_cont=0.518	65892
NODE_1744_length_3216_cov_17.4198_2  -          HTH_Tnp_1            PF01527.20   7.5e-06   26.6   0.2   1.2e-05   25.9   0.2   1.6   1   1   0   1   1   1   1 # 514 # 864 # 1 # ID=671_2;partial=00;start_type=ATG;rbs_motif=None;rbs_spacer=None;gc_cont=0.501	65892
NODE_1744_length_3216_cov_17.4198_3  -          DDE_Tnp_IS240        PF13610.6    6.9e-07   30.0   0.0   9.7e-07   29.6   0.0   1.2   1   0   0   1   1   1   1 # 1068 # 1664 # 1 # ID=671_3;partial=00;start_type=ATG;rbs_motif=AAAAA;rbs_spacer=12bp;gc_cont=0.518	1693163
NODE_1744_length_3216_cov_17.4198_2  -          HTH_Tnp_1            PF01527.20   7.5e-06   26.6   0.2   1.2e-05   25.9   0.2   1.6   1   1   0   1   1   1   1 # 514 # 864 # 1 # ID=671_2;partial=00;start_type=ATG;rbs_motif=None;rbs_spacer=None;gc_cont=0.501	1693163
NODE_1744_length_3216_cov_17.4198_3  -          DDE_Tnp_IS240        PF13610.6    6.9e-07   30.0   0.0   9.7e-07   29.6   0.0   1.2   1   0   0   1   1   1   1 # 1068 # 1664 # 1 # ID=671_3;partial=00;start_type=ATG;rbs_motif=AAAAA;rbs_spacer=12bp;gc_cont=0.518	1693163
NODE_1744_length_3216_cov_17.4198_2  -          HTH_Tnp_1            PF01527.20   7.5e-06   26.6   0.2   1.2e-05   25.9   0.2   1.6   1   1   0   1   1   1   1 # 514 # 864 # 1 # ID=671_2;partial=00;start_type=ATG;rbs_motif=None;rbs_spacer=None;gc_cont=0.501	1693163
NODE_1916_length_3063_cov_4.74335_4  -          PDDEXK_2             PF12784.7      2e-15   57.5   1.9   3.2e-15   56.8   1.9   1.3   1   0   0   1   1   1   1 # 2102 # 2905 # 1 # ID=718_4;partial=00;start_type=ATG;rbs_motif=GGAG/GAGG;rbs_spacer=5-10bp;gc_cont=0.364	3106680
NODE_1924_length_3052_cov_12.8832_1 -          DUF772               PF05598.11   4.9e-14   52.5   0.2   1.4e-13   51.1   0.1   1.8   2   0   0   2   2   2   1 # 3 # 860 # -1 # ID=720_1;partial=10;start_type=ATG;rbs_motif=GGA/GAG/AGG;rbs_spacer=5-10bp;gc_cont=0.395	3720562
NODE_2225_length_2838_cov_4.32411_3  -          OrfB_Zn_ribbon       PF07282.11   1.7e-13   50.7   0.0   3.8e-13   49.6   0.0   1.6   1   0   0   1   1   1   1 # 1126 # 2637 # -1 # ID=813_3;partial=00;start_type=TTG;rbs_motif=None;rbs_spacer=None;gc_cont=0.570	5459521
NODE_2623_length_2609_cov_9.73375_4  -          PDDEXK_2             PF12784.7    1.4e-20   74.3   1.5   1.9e-20   73.9   1.5   1.2   1   0   0   1   1   1   1 # 1807 # 2607 # 1 # ID=921_4;partial=01;start_type=ATG;rbs_motif=AGGAG;rbs_spacer=5-10bp;gc_cont=0.422	61174
NODE_2623_length_2609_cov_9.73375_4  -          PDDEXK_2             PF12784.7    1.4e-20   74.3   1.5   1.9e-20   73.9   1.5   1.2   1   0   0   1   1   1   1 # 1807 # 2607 # 1 # ID=921_4;partial=01;start_type=ATG;rbs_motif=AGGAG;rbs_spacer=5-10bp;gc_cont=0.422	29915
NODE_2623_length_2609_cov_9.73375_4  -          PDDEXK_2             PF12784.7    1.4e-20   74.3   1.5   1.9e-20   73.9   1.5   1.2   1   0   0   1   1   1   1 # 1807 # 2607 # 1 # ID=921_4;partial=01;start_type=ATG;rbs_motif=AGGAG;rbs_spacer=5-10bp;gc_cont=0.422	276748
NODE_2623_length_2609_cov_9.73375_4  -          PDDEXK_2             PF12784.7    1.4e-20   74.3   1.5   1.9e-20   73.9   1.5   1.2   1   0   0   1   1   1   1 # 1807 # 2607 # 1 # ID=921_4;partial=01;start_type=ATG;rbs_motif=AGGAG;rbs_spacer=5-10bp;gc_cont=0.422	57962
NODE_2642_length_2595_cov_6.73386_2  -          DDE_Tnp_ISL3         PF01610.17   3.1e-49  168.3   6.9   3.8e-49  168.0   6.9   1.0   1   0   0   1   1   1   1 # 656 # 1417 # -1 # ID=927_2;partial=00;start_type=ATG;rbs_motif=None;rbs_spacer=None;gc_cont=0.367	3656469
NODE_2642_length_2595_cov_6.73386_3  -          HTH_Tnp_ISL3         PF13542.6    6.7e-10   38.7   0.0   1.2e-09   37.9   0.0   1.4   1   0   0   1   1   1   1 # 1445 # 1948 # -1 # ID=927_3;partial=00;start_type=ATG;rbs_motif=TAA;rbs_spacer=8bp;gc_cont=0.369	3656469
NODE_2642_length_2595_cov_6.73386_3  -          zf-ISL3              PF14690.6    1.1e-11   45.6   0.6   1.9e-11   44.9   0.6   1.4   1   0   0   1   1   1   1 # 1445 # 1948 # -1 # ID=927_3;partial=00;start_type=ATG;rbs_motif=TAA;rbs_spacer=8bp;gc_cont=0.369	3656469
NODE_2642_length_2595_cov_6.73386_2  -          DDE_Tnp_ISL3         PF01610.17   3.1e-49  168.3   6.9   3.8e-49  168.0   6.9   1.0   1   0   0   1   1   1   1 # 656 # 1417 # -1 # ID=927_2;partial=00;start_type=ATG;rbs_motif=None;rbs_spacer=None;gc_cont=0.367	3656469
NODE_2642_length_2595_cov_6.73386_3  -          HTH_Tnp_ISL3         PF13542.6    6.7e-10   38.7   0.0   1.2e-09   37.9   0.0   1.4   1   0   0   1   1   1   1 # 1445 # 1948 # -1 # ID=927_3;partial=00;start_type=ATG;rbs_motif=TAA;rbs_spacer=8bp;gc_cont=0.369	3656469
NODE_2642_length_2595_cov_6.73386_3  -          zf-ISL3              PF14690.6    1.1e-11   45.6   0.6   1.9e-11   44.9   0.6   1.4   1   0   0   1   1   1   1 # 1445 # 1948 # -1 # ID=927_3;partial=00;start_type=ATG;rbs_motif=TAA;rbs_spacer=8bp;gc_cont=0.369	3656469
NODE_2675_length_2577_cov_3.94647_4 -          OrfB_IS605           PF01385.19   5.8e-10   39.9  10.5   9.2e-10   39.3   4.3   3.1   2   1   0   2   2   2   1 # 1161 # 2558 # 1 # ID=935_4;partial=00;start_type=ATG;rbs_motif=AGGAG;rbs_spacer=5-10bp;gc_cont=0.314	52006
NODE_2675_length_2577_cov_3.94647_4  -          OrfB_Zn_ribbon       PF07282.11   1.9e-24   85.8   0.1   6.9e-24   84.0   0.1   2.0   2   0   0   2   2   2   1 # 1161 # 2558 # 1 # ID=935_4;partial=00;start_type=ATG;rbs_motif=AGGAG;rbs_spacer=5-10bp;gc_cont=0.314	52006
NODE_3228_length_2329_cov_4.95646_2  -          Transposase_mut      PF00872.18  1.1e-134  449.5   0.0  1.5e-134  449.2   0.0   1.0   1   0   0   1   1   1   1 # 585 # 2327 # -1 # ID=1058_2;partial=01;start_type=Edge;rbs_motif=None;rbs_spacer=None;gc_cont=0.606	183160
NODE_3228_length_2329_cov_4.95646_2  -          Transposase_mut      PF00872.18  1.1e-134  449.5   0.0  1.5e-134  449.2   0.0   1.0   1   0   0   1   1   1   1 # 585 # 2327 # -1 # ID=1058_2;partial=01;start_type=Edge;rbs_motif=None;rbs_spacer=None;gc_cont=0.606	196406
NODE_3228_length_2329_cov_4.95646_2  -          Transposase_mut      PF00872.18  1.1e-134  449.5   0.0  1.5e-134  449.2   0.0   1.0   1   0   0   1   1   1   1 # 585 # 2327 # -1 # ID=1058_2;partial=01;start_type=Edge;rbs_motif=None;rbs_spacer=None;gc_cont=0.606	196406
NODE_3438_length_2244_cov_6.93239_2  -          DDE_Tnp_ISL3         PF01610.17   1.3e-47  163.0   6.1   1.6e-47  162.7   6.1   1.1   1   0   0   1   1   1   1 # 1130 # 2242 # -1 # ID=1111_2;partial=01;start_type=Edge;rbs_motif=None;rbs_spacer=None;gc_cont=0.250	288628
NODE_3879_length_2086_cov_7.21861_1  -          DDE_Tnp_ISL3         PF01610.17     1e-58  199.4   1.4   1.6e-58  198.7   1.4   1.3   1   0   0   1   1   1   1 # 3 # 1145 # 1 # ID=1218_1;partial=10;start_type=Edge;rbs_motif=None;rbs_spacer=None;gc_cont=0.318	42766
NODE_3879_length_2086_cov_7.21861_1  -          zf-ISL3              PF14690.6      9e-06   26.7   0.1   2.3e-05   25.4   0.1   1.8   1   0   0   1   1   1   1 # 3 # 1145 # 1 # ID=1218_1;partial=10;start_type=Edge;rbs_motif=None;rbs_spacer=None;gc_cont=0.318	42766
NODE_3879_length_2086_cov_7.21861_1  -          DDE_Tnp_ISL3         PF01610.17     1e-58  199.4   1.4   1.6e-58  198.7   1.4   1.3   1   0   0   1   1   1   1 # 3 # 1145 # 1 # ID=1218_1;partial=10;start_type=Edge;rbs_motif=None;rbs_spacer=None;gc_cont=0.318	769536
NODE_3879_length_2086_cov_7.21861_1  -          zf-ISL3              PF14690.6      9e-06   26.7   0.1   2.3e-05   25.4   0.1   1.8   1   0   0   1   1   1   1 # 3 # 1145 # 1 # ID=1218_1;partial=10;start_type=Edge;rbs_motif=None;rbs_spacer=None;gc_cont=0.318	769536
NODE_3879_length_2086_cov_7.21861_1  -          DDE_Tnp_ISL3         PF01610.17     1e-58  199.4   1.4   1.6e-58  198.7   1.4   1.3   1   0   0   1   1   1   1 # 3 # 1145 # 1 # ID=1218_1;partial=10;start_type=Edge;rbs_motif=None;rbs_spacer=None;gc_cont=0.318	42766
NODE_3879_length_2086_cov_7.21861_1  -          zf-ISL3              PF14690.6      9e-06   26.7   0.1   2.3e-05   25.4   0.1   1.8   1   0   0   1   1   1   1 # 3 # 1145 # 1 # ID=1218_1;partial=10;start_type=Edge;rbs_motif=None;rbs_spacer=None;gc_cont=0.318	42766
NODE_3966_length_2062_cov_6.16642_3 -          OrfB_IS605           PF01385.19   1.6e-27   96.6   0.3   2.7e-27   95.8   0.3   1.3   1   0   0   1   1   1   1 # 648 # 1892 # -1 # ID=1238_3;partial=00;start_type=ATG;rbs_motif=AGGAG;rbs_spacer=5-10bp;gc_cont=0.559	6549020
NODE_3966_length_2062_cov_6.16642_3  -          OrfB_Zn_ribbon       PF07282.11   1.7e-21   76.3   0.1     3e-21   75.5   0.1   1.4   1   0   0   1   1   1   1 # 648 # 1892 # -1 # ID=1238_3;partial=00;start_type=ATG;rbs_motif=AGGAG;rbs_spacer=5-10bp;gc_cont=0.559	6549020
NODE_4186_length_1998_cov_6.35615_2 -          DEDD_Tnp_IS110       PF01548.17     3e-27   95.8   0.0   5.1e-27   95.1   0.0   1.4   1   0   0   1   1   1   1 # 312 # 1499 # -1 # ID=1296_2;partial=00;start_type=ATG;rbs_motif=AGGAG;rbs_spacer=5-10bp;gc_cont=0.342	18563
NODE_4186_length_1998_cov_6.35615_2 -          Transposase_20       PF02371.16   2.3e-20   73.1   0.0   4.4e-20   72.2   0.0   1.5   1   0   0   1   1   1   1 # 312 # 1499 # -1 # ID=1296_2;partial=00;start_type=ATG;rbs_motif=AGGAG;rbs_spacer=5-10bp;gc_cont=0.342	18563
NODE_4315_length_1965_cov_3.19267_1 -          OrfB_IS605           PF01385.19   1.2e-12   48.5   0.6   2.4e-12   47.6   0.6   1.5   1   0   0   1   1   1   1 # 1 # 1197 # -1 # ID=1327_1;partial=10;start_type=ATG;rbs_motif=AGGAG;rbs_spacer=5-10bp;gc_cont=0.317	5459888
NODE_4315_length_1965_cov_3.19267_1  -          OrfB_Zn_ribbon       PF07282.11   1.8e-09   37.8   0.3   3.7e-09   36.8   0.3   1.6   1   0   0   1   1   1   1 # 1 # 1197 # -1 # ID=1327_1;partial=10;start_type=ATG;rbs_motif=AGGAG;rbs_spacer=5-10bp;gc_cont=0.317	5459888
NODE_4315_length_1965_cov_3.19267_1 -          OrfB_IS605           PF01385.19   1.2e-12   48.5   0.6   2.4e-12   47.6   0.6   1.5   1   0   0   1   1   1   1 # 1 # 1197 # -1 # ID=1327_1;partial=10;start_type=ATG;rbs_motif=AGGAG;rbs_spacer=5-10bp;gc_cont=0.317	66410
NODE_4315_length_1965_cov_3.19267_1  -          OrfB_Zn_ribbon       PF07282.11   1.8e-09   37.8   0.3   3.7e-09   36.8   0.3   1.6   1   0   0   1   1   1   1 # 1 # 1197 # -1 # ID=1327_1;partial=10;start_type=ATG;rbs_motif=AGGAG;rbs_spacer=5-10bp;gc_cont=0.317	66410
NODE_4405_length_1945_cov_22.4725_2  -          DDE_Tnp_ISL3         PF01610.17   1.2e-47  163.2   5.9   1.7e-47  162.7   5.9   1.2   1   0   0   1   1   1   1 # 861 # 1943 # -1 # ID=1348_2;partial=01;start_type=Edge;rbs_motif=None;rbs_spacer=None;gc_cont=0.404	194389
NODE_4405_length_1945_cov_22.4725_2  -          HTH_Tnp_ISL3         PF13542.6    7.4e-13   48.2   0.2   1.6e-12   47.1   0.2   1.6   1   0   0   1   1   1   1 # 861 # 1943 # -1 # ID=1348_2;partial=01;start_type=Edge;rbs_motif=None;rbs_spacer=None;gc_cont=0.404	194389
NODE_4479_length_1927_cov_9.3141_2  -          DDE_Tnp_1            PF01609.21   2.2e-34  119.5   0.3   2.2e-34  119.5   0.3   1.6   2   0   0   2   2   2   1 # 513 # 1724 # -1 # ID=1362_2;partial=00;start_type=ATG;rbs_motif=AGGA;rbs_spacer=5-10bp;gc_cont=0.517	199339
NODE_4479_length_1927_cov_9.3141_2  -          DDE_Tnp_1_4          PF13701.6    1.7e-10   40.3   1.6   2.5e-10   39.7   1.6   1.2   1   0   0   1   1   1   1 # 513 # 1724 # -1 # ID=1362_2;partial=00;start_type=ATG;rbs_motif=AGGA;rbs_spacer=5-10bp;gc_cont=0.517	199339
NODE_4479_length_1927_cov_9.3141_2  -          DDE_Tnp_1            PF01609.21   2.2e-34  119.5   0.3   2.2e-34  119.5   0.3   1.6   2   0   0   2   2   2   1 # 513 # 1724 # -1 # ID=1362_2;partial=00;start_type=ATG;rbs_motif=AGGA;rbs_spacer=5-10bp;gc_cont=0.517	331916
NODE_4479_length_1927_cov_9.3141_2  -          DDE_Tnp_1_4          PF13701.6    1.7e-10   40.3   1.6   2.5e-10   39.7   1.6   1.2   1   0   0   1   1   1   1 # 513 # 1724 # -1 # ID=1362_2;partial=00;start_type=ATG;rbs_motif=AGGA;rbs_spacer=5-10bp;gc_cont=0.517	331916
NODE_4730_length_1868_cov_28.2405_2 -          Y1_Tnp               PF01797.16   1.7e-38  131.9   0.7   2.4e-38  131.4   0.7   1.2   1   0   0   1   1   1   1 # 566 # 1201 # 1 # ID=1423_2;partial=00;start_type=ATG;rbs_motif=AAAA;rbs_spacer=4bp;gc_cont=0.344	4652237
NODE_5008_length_1812_cov_55.7832_1 -          DDE_Tnp_1            PF01609.21   8.1e-11   42.4   6.1   1.2e-10   41.9   0.8   3.0   2   1   0   2   2   2   1 # 71 # 1732 # 1 # ID=1488_1;partial=00;start_type=ATG;rbs_motif=TAAAAA;rbs_spacer=10bp;gc_cont=0.413	689414
NODE_5008_length_1812_cov_55.7832_1 -          DDE_Tnp_1_6          PF13751.6    5.5e-33  114.3   1.8   5.5e-33  114.3   1.8   2.2   2   0   0   2   2   2   1 # 71 # 1732 # 1 # ID=1488_1;partial=00;start_type=ATG;rbs_motif=TAAAAA;rbs_spacer=10bp;gc_cont=0.413	689414
NODE_5008_length_1812_cov_55.7832_1 -          DUF772               PF05598.11   7.5e-20   71.2   1.1   1.7e-19   70.0   0.1   2.2   3   0   0   3   3   3   1 # 71 # 1732 # 1 # ID=1488_1;partial=00;start_type=ATG;rbs_motif=TAAAAA;rbs_spacer=10bp;gc_cont=0.413	689414
NODE_5008_length_1812_cov_55.7832_1 -          DDE_Tnp_1            PF01609.21   8.1e-11   42.4   6.1   1.2e-10   41.9   0.8   3.0   2   1   0   2   2   2   1 # 71 # 1732 # 1 # ID=1488_1;partial=00;start_type=ATG;rbs_motif=TAAAAA;rbs_spacer=10bp;gc_cont=0.413	62347
NODE_5008_length_1812_cov_55.7832_1 -          DDE_Tnp_1_6          PF13751.6    5.5e-33  114.3   1.8   5.5e-33  114.3   1.8   2.2   2   0   0   2   2   2   1 # 71 # 1732 # 1 # ID=1488_1;partial=00;start_type=ATG;rbs_motif=TAAAAA;rbs_spacer=10bp;gc_cont=0.413	62347
NODE_5008_length_1812_cov_55.7832_1 -          DUF772               PF05598.11   7.5e-20   71.2   1.1   1.7e-19   70.0   0.1   2.2   3   0   0   3   3   3   1 # 71 # 1732 # 1 # ID=1488_1;partial=00;start_type=ATG;rbs_motif=TAAAAA;rbs_spacer=10bp;gc_cont=0.413	62347
NODE_5008_length_1812_cov_55.7832_1 -          DDE_Tnp_1            PF01609.21   8.1e-11   42.4   6.1   1.2e-10   41.9   0.8   3.0   2   1   0   2   2   2   1 # 71 # 1732 # 1 # ID=1488_1;partial=00;start_type=ATG;rbs_motif=TAAAAA;rbs_spacer=10bp;gc_cont=0.413	32344
NODE_5008_length_1812_cov_55.7832_1 -          DDE_Tnp_1_6          PF13751.6    5.5e-33  114.3   1.8   5.5e-33  114.3   1.8   2.2   2   0   0   2   2   2   1 # 71 # 1732 # 1 # ID=1488_1;partial=00;start_type=ATG;rbs_motif=TAAAAA;rbs_spacer=10bp;gc_cont=0.413	32344
NODE_5008_length_1812_cov_55.7832_1 -          DUF772               PF05598.11   7.5e-20   71.2   1.1   1.7e-19   70.0   0.1   2.2   3   0   0   3   3   3   1 # 71 # 1732 # 1 # ID=1488_1;partial=00;start_type=ATG;rbs_motif=TAAAAA;rbs_spacer=10bp;gc_cont=0.413	32344
NODE_5331_length_1748_cov_9.83698_3  -          HTH_Tnp_1            PF01527.20   1.2e-07   32.3   0.8   1.2e-05   26.0   0.1   2.9   2   1   0   2   2   2   1 # 1149 # 1748 # -1 # ID=1552_3;partial=01;start_type=Edge;rbs_motif=None;rbs_spacer=None;gc_cont=0.372	316151
NODE_5331_length_1748_cov_9.83698_3  -          HTH_Tnp_1            PF01527.20   1.2e-07   32.3   0.8   1.2e-05   26.0   0.1   2.9   2   1   0   2   2   2   1 # 1149 # 1748 # -1 # ID=1552_3;partial=01;start_type=Edge;rbs_motif=None;rbs_spacer=None;gc_cont=0.372	1357854
NODE_5447_length_1725_cov_9.60359_2 -          DDE_Tnp_1            PF01609.21   1.6e-25   90.5   0.6   2.6e-25   89.8   0.6   1.4   1   0   0   1   1   1   1 # 331 # 1548 # 1 # ID=1583_2;partial=00;start_type=ATG;rbs_motif=TAAA;rbs_spacer=11bp;gc_cont=0.433	3106867
NODE_5447_length_1725_cov_9.60359_2 -          DDE_Tnp_1_3          PF13612.6    1.3e-06   29.0   0.7   5.5e-06   26.9   0.3   2.0   2   0   0   2   2   2   1 # 331 # 1548 # 1 # ID=1583_2;partial=00;start_type=ATG;rbs_motif=TAAA;rbs_spacer=11bp;gc_cont=0.433	3106867
NODE_5747_length_1675_cov_9.43025_1 -          DEDD_Tnp_IS110       PF01548.17   4.4e-22   79.1   0.8   8.4e-22   78.2   0.4   1.6   1   1   0   1   1   1   1 # 167 # 1138 # -1 # ID=1665_1;partial=00;start_type=ATG;rbs_motif=GGA/GAG/AGG;rbs_spacer=5-10bp;gc_cont=0.524	1550364
NODE_5747_length_1675_cov_9.43025_1 -          Transposase_20       PF02371.16   3.3e-18   66.2   0.8   6.6e-18   65.3   0.1   1.8   2   0   0   2   2   2   1 # 167 # 1138 # -1 # ID=1665_1;partial=00;start_type=ATG;rbs_motif=GGA/GAG/AGG;rbs_spacer=5-10bp;gc_cont=0.524	1550364
NODE_5926_length_1644_cov_5.21334_1 -          OrfB_IS605           PF01385.19   1.2e-30  106.7   1.2   1.2e-30  106.7   1.2   1.7   2   0   0   2   2   2   1 # 1 # 1251 # -1 # ID=1708_1;partial=10;start_type=ATG;rbs_motif=GGxGG;rbs_spacer=5-10bp;gc_cont=0.565	4253177
NODE_5926_length_1644_cov_5.21334_1  -          OrfB_Zn_ribbon       PF07282.11   1.3e-23   83.1   0.4   2.3e-23   82.3   0.4   1.5   1   0   0   1   1   1   1 # 1 # 1251 # -1 # ID=1708_1;partial=10;start_type=ATG;rbs_motif=GGxGG;rbs_spacer=5-10bp;gc_cont=0.565	4253177
NODE_5990_length_1634_cov_4.23813_1  -          DDE_Tnp_ISL3         PF01610.17   6.6e-15   55.9   0.0   7.3e-15   55.8   0.0   1.0   1   0   0   1   1   1   1 # 2 # 208 # 1 # ID=1729_1;partial=10;start_type=Edge;rbs_motif=None;rbs_spacer=None;gc_cont=0.589	48175
NODE_5990_length_1634_cov_4.23813_2  -          Transposase_mut      PF00872.18     2e-07   30.7   0.1   1.4e-06   27.9   0.1   1.9   1   1   1   2   2   2   1 # 269 # 1411 # -1 # ID=1729_2;partial=00;start_type=ATG;rbs_motif=None;rbs_spacer=None;gc_cont=0.647	48175
NODE_6101_length_1617_cov_12.4673_1  -          PDDEXK_2             PF12784.7    9.3e-21   74.9   1.1   1.2e-20   74.5   1.1   1.2   1   0   0   1   1   1   1 # 344 # 1315 # -1 # ID=1750_1;partial=00;start_type=ATG;rbs_motif=AGGAG;rbs_spacer=5-10bp;gc_cont=0.448	26311
NODE_6101_length_1617_cov_12.4673_1  -          PDDEXK_2             PF12784.7    9.3e-21   74.9   1.1   1.2e-20   74.5   1.1   1.2   1   0   0   1   1   1   1 # 344 # 1315 # -1 # ID=1750_1;partial=00;start_type=ATG;rbs_motif=AGGAG;rbs_spacer=5-10bp;gc_cont=0.448	276748
NODE_6327_length_1580_cov_3.65574_2 -          DEDD_Tnp_IS110       PF01548.17   1.1e-20   74.6   0.0   2.4e-20   73.5   0.0   1.5   1   0   0   1   1   1   1 # 349 # 1401 # 1 # ID=1791_2;partial=00;start_type=ATG;rbs_motif=TAA;rbs_spacer=11bp;gc_cont=0.427	331844
NODE_6327_length_1580_cov_3.65574_2 -          Transposase_20       PF02371.16     2e-12   47.7   0.0   3.6e-12   46.9   0.0   1.4   1   0   0   1   1   1   1 # 349 # 1401 # 1 # ID=1791_2;partial=00;start_type=ATG;rbs_motif=TAA;rbs_spacer=11bp;gc_cont=0.427	331844
NODE_6723_length_1522_cov_2.3606_2  -          OrfB_IS605           PF01385.19   1.2e-11   45.3   2.8     3e-11   44.0   2.8   1.7   1   0   0   1   1   1   1 # 660 # 1520 # 1 # ID=1861_2;partial=01;start_type=ATG;rbs_motif=AGxAGG/AGGxGG;rbs_spacer=5-10bp;gc_cont=0.317	3106724
NODE_7097_length_1473_cov_36.9922_1 -          DDE_Tnp_1            PF01609.21   9.8e-18   65.0   2.6   1.8e-17   64.2   2.6   1.4   1   1   0   1   1   1   1 # 1 # 1374 # -1 # ID=1936_1;partial=10;start_type=ATG;rbs_motif=None;rbs_spacer=None;gc_cont=0.378	29344
NODE_7097_length_1473_cov_36.9922_1 -          DDE_Tnp_1_6          PF13751.6    1.2e-20   74.5   6.1   2.1e-20   73.7   6.1   1.4   1   0   0   1   1   1   1 # 1 # 1374 # -1 # ID=1936_1;partial=10;start_type=ATG;rbs_motif=None;rbs_spacer=None;gc_cont=0.378	29344
NODE_7097_length_1473_cov_36.9922_1 -          DUF772               PF05598.11   2.1e-19   69.7   0.0   4.3e-19   68.8   0.0   1.5   1   0   0   1   1   1   1 # 1 # 1374 # -1 # ID=1936_1;partial=10;start_type=ATG;rbs_motif=None;rbs_spacer=None;gc_cont=0.378	29344
NODE_7565_length_1414_cov_12.0625_1  -          DDE_Tnp_ISL3         PF01610.17   1.4e-64  218.6   0.0   1.8e-64  218.2   0.0   1.1   1   0   0   1   1   1   1 # 2 # 1294 # -1 # ID=2031_1;partial=10;start_type=ATG;rbs_motif=None;rbs_spacer=None;gc_cont=0.616	125441
NODE_7565_length_1414_cov_12.0625_1  -          zf-ISL3              PF14690.6    9.2e-10   39.5   9.6   4.5e-09   37.3   5.9   2.8   3   0   0   3   3   3   1 # 2 # 1294 # -1 # ID=2031_1;partial=10;start_type=ATG;rbs_motif=None;rbs_spacer=None;gc_cont=0.616	125441
NODE_7565_length_1414_cov_12.0625_1  -          DDE_Tnp_ISL3         PF01610.17   1.4e-64  218.6   0.0   1.8e-64  218.2   0.0   1.1   1   0   0   1   1   1   1 # 2 # 1294 # -1 # ID=2031_1;partial=10;start_type=ATG;rbs_motif=None;rbs_spacer=None;gc_cont=0.616	2098116
NODE_7565_length_1414_cov_12.0625_1  -          zf-ISL3              PF14690.6    9.2e-10   39.5   9.6   4.5e-09   37.3   5.9   2.8   3   0   0   3   3   3   1 # 2 # 1294 # -1 # ID=2031_1;partial=10;start_type=ATG;rbs_motif=None;rbs_spacer=None;gc_cont=0.616	2098116
NODE_7565_length_1414_cov_12.0625_1  -          DDE_Tnp_ISL3         PF01610.17   1.4e-64  218.6   0.0   1.8e-64  218.2   0.0   1.1   1   0   0   1   1   1   1 # 2 # 1294 # -1 # ID=2031_1;partial=10;start_type=ATG;rbs_motif=None;rbs_spacer=None;gc_cont=0.616	4854180
NODE_7565_length_1414_cov_12.0625_1  -          zf-ISL3              PF14690.6    9.2e-10   39.5   9.6   4.5e-09   37.3   5.9   2.8   3   0   0   3   3   3   1 # 2 # 1294 # -1 # ID=2031_1;partial=10;start_type=ATG;rbs_motif=None;rbs_spacer=None;gc_cont=0.616	4854180
NODE_7565_length_1414_cov_12.0625_1  -          DDE_Tnp_ISL3         PF01610.17   1.4e-64  218.6   0.0   1.8e-64  218.2   0.0   1.1   1   0   0   1   1   1   1 # 2 # 1294 # -1 # ID=2031_1;partial=10;start_type=ATG;rbs_motif=None;rbs_spacer=None;gc_cont=0.616	4854180
NODE_7565_length_1414_cov_12.0625_1  -          zf-ISL3              PF14690.6    9.2e-10   39.5   9.6   4.5e-09   37.3   5.9   2.8   3   0   0   3   3   3   1 # 2 # 1294 # -1 # ID=2031_1;partial=10;start_type=ATG;rbs_motif=None;rbs_spacer=None;gc_cont=0.616	4854180
NODE_7759_length_1390_cov_12.436_2   -          DDE_Tnp_ISL3         PF01610.17   1.1e-55  189.5   4.7   1.3e-55  189.2   4.7   1.1   1   0   0   1   1   1   1 # 485 # 1354 # 1 # ID=2056_2;partial=00;start_type=TTG;rbs_motif=None;rbs_spacer=None;gc_cont=0.401	6549148
NODE_8165_length_1346_cov_12.8404_1  -          DDE_Tnp_ISL3         PF01610.17   2.4e-69  234.2   1.2     3e-69  233.8   1.2   1.1   1   0   0   1   1   1   1 # 48 # 1259 # -1 # ID=2124_1;partial=00;start_type=ATG;rbs_motif=None;rbs_spacer=None;gc_cont=0.370	2397409
NODE_8165_length_1346_cov_12.8404_1  -          zf-ISL3              PF14690.6    3.4e-06   28.1   7.2   8.3e-06   26.8   7.2   1.7   1   0   0   1   1   1   1 # 48 # 1259 # -1 # ID=2124_1;partial=00;start_type=ATG;rbs_motif=None;rbs_spacer=None;gc_cont=0.370	2397409
NODE_8384_length_1323_cov_4.19243_1  -          OrfB_Zn_ribbon       PF07282.11     9e-13   48.4   0.2   2.1e-12   47.3   0.2   1.6   1   0   0   1   1   1   1 # 1 # 1323 # -1 # ID=2164_1;partial=01;start_type=Edge;rbs_motif=None;rbs_spacer=None;gc_cont=0.560	4253171
NODE_9128_length_1255_cov_36.2808_1 -          DDE_Tnp_1            PF01609.21   5.9e-08   33.1   0.0   1.5e-07   31.8   0.0   1.6   1   1   0   1   1   1   1 # 3 # 1253 # 1 # ID=2287_1;partial=11;start_type=Edge;rbs_motif=None;rbs_spacer=None;gc_cont=0.448	723298
NODE_9128_length_1255_cov_36.2808_1 -          DDE_Tnp_1_4          PF13701.6    9.8e-16   57.5   0.0   2.3e-15   56.3   0.0   1.5   1   1   0   1   1   1   1 # 3 # 1253 # 1 # ID=2287_1;partial=11;start_type=Edge;rbs_motif=None;rbs_spacer=None;gc_cont=0.448	723298
NODE_9128_length_1255_cov_36.2808_1 -          DDE_Tnp_1            PF01609.21   5.9e-08   33.1   0.0   1.5e-07   31.8   0.0   1.6   1   1   0   1   1   1   1 # 3 # 1253 # 1 # ID=2287_1;partial=11;start_type=Edge;rbs_motif=None;rbs_spacer=None;gc_cont=0.448	723298
NODE_9128_length_1255_cov_36.2808_1 -          DDE_Tnp_1_4          PF13701.6    9.8e-16   57.5   0.0   2.3e-15   56.3   0.0   1.5   1   1   0   1   1   1   1 # 3 # 1253 # 1 # ID=2287_1;partial=11;start_type=Edge;rbs_motif=None;rbs_spacer=None;gc_cont=0.448	723298
NODE_9239_length_1246_cov_12.2964_2  -          HTH_Tnp_1            PF01527.20   7.4e-08   33.1   0.7    0.0077   17.0   0.1   2.9   2   1   0   2   2   2   2 # 265 # 819 # -1 # ID=2308_2;partial=00;start_type=ATG;rbs_motif=AGGA/GGAG/GAGG;rbs_spacer=11-12bp;gc_cont=0.299	4834864
NODE_9702_length_1210_cov_6.72208_2 -          DDE_Tnp_1            PF01609.21   9.6e-14   52.0   4.4   1.4e-13   51.5   4.4   1.2   1   0   0   1   1   1   1 # 217 # 654 # -1 # ID=2387_2;partial=00;start_type=TTG;rbs_motif=None;rbs_spacer=None;gc_cont=0.447	2344301
NODE_9702_length_1210_cov_6.72208_2 -          DDE_Tnp_4            PF13359.6    1.2e-19   71.0   0.2   1.3e-19   70.9   0.2   1.0   1   0   0   1   1   1   1 # 217 # 654 # -1 # ID=2387_2;partial=00;start_type=TTG;rbs_motif=None;rbs_spacer=None;gc_cont=0.447	2344301
NODE_10324_length_1165_cov_21.8595_2 -          HTH_Tnp_ISL3         PF13542.6    2.9e-10   39.9   0.1   6.2e-10   38.8   0.0   1.6   2   0   0   2   2   2   1 # 598 # 1164 # 1 # ID=2484_2;partial=01;start_type=ATG;rbs_motif=TAA;rbs_spacer=8bp;gc_cont=0.383	2831463
NODE_10324_length_1165_cov_21.8595_2 -          zf-ISL3              PF14690.6      6e-13   49.7   0.7     1e-12   49.0   0.7   1.4   1   0   0   1   1   1   1 # 598 # 1164 # 1 # ID=2484_2;partial=01;start_type=ATG;rbs_motif=TAA;rbs_spacer=8bp;gc_cont=0.383	2831463
NODE_10324_length_1165_cov_21.8595_2 -          HTH_Tnp_ISL3         PF13542.6    2.9e-10   39.9   0.1   6.2e-10   38.8   0.0   1.6   2   0   0   2   2   2   1 # 598 # 1164 # 1 # ID=2484_2;partial=01;start_type=ATG;rbs_motif=TAA;rbs_spacer=8bp;gc_cont=0.383	141002
NODE_10324_length_1165_cov_21.8595_2 -          zf-ISL3              PF14690.6      6e-13   49.7   0.7     1e-12   49.0   0.7   1.4   1   0   0   1   1   1   1 # 598 # 1164 # 1 # ID=2484_2;partial=01;start_type=ATG;rbs_motif=TAA;rbs_spacer=8bp;gc_cont=0.383	141002
NODE_10324_length_1165_cov_21.8595_2 -          HTH_Tnp_ISL3         PF13542.6    2.9e-10   39.9   0.1   6.2e-10   38.8   0.0   1.6   2   0   0   2   2   2   1 # 598 # 1164 # 1 # ID=2484_2;partial=01;start_type=ATG;rbs_motif=TAA;rbs_spacer=8bp;gc_cont=0.383	207992
NODE_10324_length_1165_cov_21.8595_2 -          zf-ISL3              PF14690.6      6e-13   49.7   0.7     1e-12   49.0   0.7   1.4   1   0   0   1   1   1   1 # 598 # 1164 # 1 # ID=2484_2;partial=01;start_type=ATG;rbs_motif=TAA;rbs_spacer=8bp;gc_cont=0.383	207992
NODE_10969_length_1122_cov_36.015_1 -          Y1_Tnp               PF01797.16   3.4e-39  134.1   1.0   4.2e-39  133.9   1.0   1.1   1   0   0   1   1   1   1 # 145 # 606 # -1 # ID=2590_1;partial=00;start_type=ATG;rbs_motif=None;rbs_spacer=None;gc_cont=0.342	2410
NODE_11043_length_1117_cov_42.7985_1 -          Transposase_mut      PF00872.18   4.9e-06   26.1   0.5   8.5e-05   22.0   0.5   2.1   1   1   0   1   1   1   1 # 85 # 990 # -1 # ID=2599_1;partial=00;start_type=ATG;rbs_motif=None;rbs_spacer=None;gc_cont=0.408	1424064
NODE_14600_length_935_cov_4.92614_1 -          DDE_Tnp_1            PF01609.21   8.8e-08   32.5   0.0   1.5e-07   31.8   0.0   1.3   1   0   0   1   1   1   1 # 46 # 648 # -1 # ID=3108_1;partial=00;start_type=ATG;rbs_motif=None;rbs_spacer=None;gc_cont=0.378	5390423
NODE_14600_length_935_cov_4.92614_1 -          DDE_Tnp_1_3          PF13612.6    2.8e-38  131.8   0.1   5.6e-38  130.8   0.1   1.5   1   0   0   1   1   1   1 # 46 # 648 # -1 # ID=3108_1;partial=00;start_type=ATG;rbs_motif=None;rbs_spacer=None;gc_cont=0.378	5390423
NODE_14600_length_935_cov_4.92614_1 -          DDE_Tnp_1            PF01609.21   8.8e-08   32.5   0.0   1.5e-07   31.8   0.0   1.3   1   0   0   1   1   1   1 # 46 # 648 # -1 # ID=3108_1;partial=00;start_type=ATG;rbs_motif=None;rbs_spacer=None;gc_cont=0.378	231101
NODE_14600_length_935_cov_4.92614_1 -          DDE_Tnp_1_3          PF13612.6    2.8e-38  131.8   0.1   5.6e-38  130.8   0.1   1.5   1   0   0   1   1   1   1 # 46 # 648 # -1 # ID=3108_1;partial=00;start_type=ATG;rbs_motif=None;rbs_spacer=None;gc_cont=0.378	231101
NODE_14600_length_935_cov_4.92614_1 -          DDE_Tnp_1            PF01609.21   8.8e-08   32.5   0.0   1.5e-07   31.8   0.0   1.3   1   0   0   1   1   1   1 # 46 # 648 # -1 # ID=3108_1;partial=00;start_type=ATG;rbs_motif=None;rbs_spacer=None;gc_cont=0.378	1350746
NODE_14600_length_935_cov_4.92614_1 -          DDE_Tnp_1_3          PF13612.6    2.8e-38  131.8   0.1   5.6e-38  130.8   0.1   1.5   1   0   0   1   1   1   1 # 46 # 648 # -1 # ID=3108_1;partial=00;start_type=ATG;rbs_motif=None;rbs_spacer=None;gc_cont=0.378	1350746
NODE_17611_length_830_cov_1.72129_2  -          zf-ISL3              PF14690.6    4.8e-10   40.4   9.3   7.5e-10   39.8   9.3   1.3   1   0   0   1   1   1   1 # 473 # 829 # 1 # ID=3489_2;partial=01;start_type=ATG;rbs_motif=None;rbs_spacer=None;gc_cont=0.667	39598
NODE_17611_length_830_cov_1.72129_2  -          zf-ISL3              PF14690.6    4.8e-10   40.4   9.3   7.5e-10   39.8   9.3   1.3   1   0   0   1   1   1   1 # 473 # 829 # 1 # ID=3489_2;partial=01;start_type=ATG;rbs_motif=None;rbs_spacer=None;gc_cont=0.667	300639
NODE_18186_length_814_cov_38.9209_1  -          DDE_Tnp_ISL3         PF01610.17   1.2e-49  169.7   7.4   1.4e-49  169.5   7.4   1.0   1   0   0   1   1   1   1 # 1 # 780 # 1 # ID=3556_1;partial=10;start_type=Edge;rbs_motif=None;rbs_spacer=None;gc_cont=0.383	9297
NODE_19141_length_789_cov_15.094_1   -          DDE_Tnp_ISL3         PF01610.17   2.9e-49  168.4   9.5   3.3e-49  168.3   9.5   1.0   1   0   0   1   1   1   1 # 1 # 753 # 1 # ID=3654_1;partial=10;start_type=Edge;rbs_motif=None;rbs_spacer=None;gc_cont=0.398	36764
NODE_21373_length_735_cov_5.96176_1  -          PDDEXK_2             PF12784.7    2.7e-14   53.7   0.3   3.5e-14   53.4   0.3   1.2   1   0   0   1   1   1   1 # 103 # 651 # -1 # ID=3914_1;partial=00;start_type=ATG;rbs_motif=AGGAG;rbs_spacer=5-10bp;gc_cont=0.404	93147
NODE_21800_length_726_cov_10.231_2   -          HTH_Tnp_ISL3         PF13542.6    2.6e-08   33.6   0.0   4.7e-08   32.8   0.0   1.4   1   0   0   1   1   1   1 # 283 # 726 # 1 # ID=3956_2;partial=01;start_type=ATG;rbs_motif=None;rbs_spacer=None;gc_cont=0.369	65084
NODE_21800_length_726_cov_10.231_2   -          zf-ISL3              PF14690.6    9.2e-11   42.7   0.7   1.5e-10   42.0   0.7   1.4   1   0   0   1   1   1   1 # 283 # 726 # 1 # ID=3956_2;partial=01;start_type=ATG;rbs_motif=None;rbs_spacer=None;gc_cont=0.369	65084
NODE_24014_length_684_cov_3.63116_1  -          Transposase_mut      PF00872.18   7.3e-58  196.7   0.9   7.9e-58  196.6   0.9   1.0   1   0   0   1   1   1   1 # 2 # 532 # -1 # ID=4165_1;partial=10;start_type=ATG;rbs_motif=AGGAG;rbs_spacer=5-10bp;gc_cont=0.497	62097
NODE_24860_length_670_cov_3.77398_1 -          OrfB_IS605           PF01385.19   8.7e-26   91.0   1.1   8.7e-26   91.0   1.1   1.9   2   0   0   2   2   2   1 # 2 # 670 # -1 # ID=4246_1;partial=11;start_type=Edge;rbs_motif=None;rbs_spacer=None;gc_cont=0.263	776533
NODE_25982_length_652_cov_3.26633_1  -          PDDEXK_2             PF12784.7    2.6e-17   63.6   0.6   3.5e-17   63.2   0.6   1.2   1   0   0   1   1   1   1 # 100 # 651 # 1 # ID=4361_1;partial=01;start_type=ATG;rbs_motif=AGGAGG;rbs_spacer=5-10bp;gc_cont=0.384	93147
NODE_26232_length_648_cov_3.2226_1   -          DDE_Tnp_ISL3         PF01610.17   1.2e-37  130.4   0.0   1.4e-37  130.2   0.0   1.0   1   0   0   1   1   1   1 # 3 # 506 # 1 # ID=4398_1;partial=10;start_type=Edge;rbs_motif=None;rbs_spacer=None;gc_cont=0.629	63705
NODE_28019_length_623_cov_3.73415_1 -          DDE_Tnp_1_3          PF13612.6      2e-10   41.3   0.4   2.8e-10   40.9   0.4   1.2   1   0   0   1   1   1   1 # 180 # 422 # 1 # ID=4556_1;partial=00;start_type=ATG;rbs_motif=AGGAG;rbs_spacer=5-10bp;gc_cont=0.379	60315
NODE_30182_length_595_cov_1.90185_1 -          DEDD_Tnp_IS110       PF01548.17   1.4e-17   64.4   0.4   1.6e-17   64.3   0.4   1.0   1   0   0   1   1   1   1 # 291 # 593 # 1 # ID=4751_1;partial=01;start_type=ATG;rbs_motif=AATAA;rbs_spacer=10bp;gc_cont=0.360	334271
NODE_33740_length_557_cov_2.15737_1  -          Transposase_mut      PF00872.18   8.5e-39  133.9   0.1   9.6e-39  133.8   0.1   1.0   1   0   0   1   1   1   1 # 3 # 467 # 1 # ID=5052_1;partial=10;start_type=Edge;rbs_motif=None;rbs_spacer=None;gc_cont=0.503	1370398
NODE_40863_length_496_cov_2.36054_1  -          DDE_Tnp_ISL3         PF01610.17     2e-24   87.1   0.0   2.5e-24   86.8   0.0   1.1   1   0   0   1   1   1   1 # 1 # 495 # 1 # ID=5639_1;partial=11;start_type=Edge;rbs_motif=None;rbs_spacer=None;gc_cont=0.632	2455911
NODE_44330_length_472_cov_2.77698_1  -          HTH_Tnp_ISL3         PF13542.6      3e-06   27.0   2.9   1.8e-05   24.5   1.4   2.3   2   0   0   2   2   2   1 # 3 # 470 # 1 # ID=5910_1;partial=11;start_type=Edge;rbs_motif=None;rbs_spacer=None;gc_cont=0.650	300639
NODE_44330_length_472_cov_2.77698_1  -          zf-ISL3              PF14690.6    8.7e-10   39.6  12.6   7.5e-09   36.6   9.3   2.2   2   0   0   2   2   2   1 # 3 # 470 # 1 # ID=5910_1;partial=11;start_type=Edge;rbs_motif=None;rbs_spacer=None;gc_cont=0.650	300639
NODE_56661_length_408_cov_2.1728_1   -          Transposase_mut      PF00872.18   9.2e-11   41.7   0.0   1.2e-10   41.2   0.0   1.2   1   0   0   1   1   1   1 # 3 # 320 # 1 # ID=6780_1;partial=10;start_type=Edge;rbs_motif=None;rbs_spacer=None;gc_cont=0.588	65378
NODE_66218_length_374_cov_66.0878_2 -          Y1_Tnp               PF01797.16   1.4e-28   99.8   0.1   1.6e-28   99.7   0.1   1.0   1   0   0   1   1   1   1 # 64 # 372 # 1 # ID=7438_2;partial=01;start_type=ATG;rbs_motif=AGGAG;rbs_spacer=5-10bp;gc_cont=0.353	170558
NODE_66218_length_374_cov_66.0878_2 -          Y1_Tnp               PF01797.16   1.4e-28   99.8   0.1   1.6e-28   99.7   0.1   1.0   1   0   0   1   1   1   1 # 64 # 372 # 1 # ID=7438_2;partial=01;start_type=ATG;rbs_motif=AGGAG;rbs_spacer=5-10bp;gc_cont=0.353	170558
NODE_66218_length_374_cov_66.0878_2 -          Y1_Tnp               PF01797.16   1.4e-28   99.8   0.1   1.6e-28   99.7   0.1   1.0   1   0   0   1   1   1   1 # 64 # 372 # 1 # ID=7438_2;partial=01;start_type=ATG;rbs_motif=AGGAG;rbs_spacer=5-10bp;gc_cont=0.353	6549032
NODE_66238_length_373_cov_1.83648_1  -          DDE_Tnp_ISL3         PF01610.17   8.2e-26   91.7   0.0   9.4e-26   91.5   0.0   1.0   1   0   0   1   1   1   1 # 1 # 372 # 1 # ID=7439_1;partial=11;start_type=Edge;rbs_motif=None;rbs_spacer=None;gc_cont=0.632	63705
NODE_67435_length_370_cov_3.11111_1  -          DDE_Tnp_ISL3         PF01610.17   8.1e-25   88.4   0.0   9.7e-25   88.1   0.0   1.0   1   0   0   1   1   1   1 # 1 # 369 # 1 # ID=7509_1;partial=11;start_type=Edge;rbs_motif=None;rbs_spacer=None;gc_cont=0.612	38697
NODE_78856_length_340_cov_3.12281_2  -          DDE_Tnp_ISL3         PF01610.17   1.4e-08   35.3   0.1   1.4e-08   35.2   0.1   1.0   1   0   0   1   1   1   1 # 169 # 339 # -1 # ID=8294_2;partial=01;start_type=Edge;rbs_motif=None;rbs_spacer=None;gc_cont=0.614	38697
NODE_81007_length_335_cov_1.44286_1 -          DDE_Tnp_1_6          PF13751.6    7.5e-11   42.8   0.5   8.3e-11   42.7   0.5   1.0   1   0   0   1   1   1   1 # 110 # 334 # -1 # ID=8439_1;partial=01;start_type=Edge;rbs_motif=None;rbs_spacer=None;gc_cont=0.360	154760
NODE_81806_length_333_cov_2.22662_1 -          DDE_Tnp_1            PF01609.21   9.3e-12   45.5   0.0   1.1e-11   45.2   0.0   1.1   1   0   0   1   1   1   1 # 2 # 331 # -1 # ID=8494_1;partial=11;start_type=Edge;rbs_motif=None;rbs_spacer=None;gc_cont=0.430	196038
NODE_81806_length_333_cov_2.22662_1 -          DDE_Tnp_1_3          PF13612.6      6e-45  153.5   0.4   6.6e-45  153.4   0.4   1.0   1   0   0   1   1   1   1 # 2 # 331 # -1 # ID=8494_1;partial=11;start_type=Edge;rbs_motif=None;rbs_spacer=None;gc_cont=0.430	196038
NODE_85750_length_325_cov_3.37407_1 -          DEDD_Tnp_IS110       PF01548.17   6.4e-06   26.6   0.3     1e-05   25.9   0.3   1.3   1   0   0   1   1   1   1 # 3 # 323 # -1 # ID=8742_1;partial=11;start_type=Edge;rbs_motif=None;rbs_spacer=None;gc_cont=0.386	3720596
NODE_91866_length_313_cov_11.7597_1  -          DDE_Tnp_ISL3         PF01610.17   2.3e-23   83.6   1.1   2.4e-23   83.6   1.1   1.0   1   0   0   1   1   1   1 # 3 # 311 # 1 # ID=9135_1;partial=11;start_type=Edge;rbs_motif=None;rbs_spacer=None;gc_cont=0.385	5016648
NODE_91866_length_313_cov_11.7597_1  -          DDE_Tnp_ISL3         PF01610.17   2.3e-23   83.6   1.1   2.4e-23   83.6   1.1   1.0   1   0   0   1   1   1   1 # 3 # 311 # 1 # ID=9135_1;partial=11;start_type=Edge;rbs_motif=None;rbs_spacer=None;gc_cont=0.385	185669
NODE_100198_length_299_cov_25.0164_1 -          DDE_Tnp_ISL3         PF01610.17     1e-20   74.9   1.8   1.1e-20   74.8   1.8   1.0   1   0   0   1   1   1   1 # 2 # 298 # 1 # ID=9603_1;partial=11;start_type=Edge;rbs_motif=None;rbs_spacer=None;gc_cont=0.428	72296
NODE_101130_length_297_cov_1.30992_1 -          PDDEXK_2             PF12784.7    4.3e-10   40.0   0.8   4.9e-10   39.8   0.8   1.0   1   0   0   1   1   1   1 # 3 # 296 # 1 # ID=9661_1;partial=11;start_type=Edge;rbs_motif=None;rbs_spacer=None;gc_cont=0.276	3720722
NODE_102384_length_295_cov_1.29583_1 -          HTH_Tnp_ISL3         PF13542.6    5.7e-10   38.9   0.0   9.2e-10   38.2   0.0   1.4   1   0   0   1   1   1   1 # 1 # 282 # 1 # ID=9731_1;partial=10;start_type=Edge;rbs_motif=None;rbs_spacer=None;gc_cont=0.443	739437
NODE_112593_length_281_cov_18.0044_1 -          DDE_Tnp_ISL3         PF01610.17   3.9e-15   56.7   0.9   4.1e-15   56.6   0.9   1.0   1   0   0   1   1   1   1 # 1 # 279 # -1 # ID=10336_1;partial=11;start_type=Edge;rbs_motif=None;rbs_spacer=None;gc_cont=0.348	6548987
NODE_112593_length_281_cov_18.0044_1 -          DDE_Tnp_ISL3         PF01610.17   3.9e-15   56.7   0.9   4.1e-15   56.6   0.9   1.0   1   0   0   1   1   1   1 # 1 # 279 # -1 # ID=10336_1;partial=11;start_type=Edge;rbs_motif=None;rbs_spacer=None;gc_cont=0.348	194389
NODE_119741_length_272_cov_1.95853_1 -          OrfB_Zn_ribbon       PF07282.11     2e-23   82.6   0.2   2.3e-23   82.3   0.2   1.1   1   0   0   1   1   1   1 # 3 # 272 # -1 # ID=10709_1;partial=11;start_type=Edge;rbs_motif=None;rbs_spacer=None;gc_cont=0.348	4253141
NODE_144482_length_247_cov_2.34896_1 -          HTH_Tnp_1            PF01527.20   2.1e-08   34.8   0.0   2.2e-08   34.7   0.0   1.0   1   0   0   1   1   1   1 # 114 # 245 # 1 # ID=12012_1;partial=01;start_type=ATG;rbs_motif=GGAG/GAGG;rbs_spacer=5-10bp;gc_cont=0.598	646358
NODE_144482_length_247_cov_2.34896_1 -          HTH_Tnp_ISL3         PF13542.6      4e-08   33.0   0.1   4.1e-08   33.0   0.1   1.0   1   0   0   1   1   1   1 # 114 # 245 # 1 # ID=12012_1;partial=01;start_type=ATG;rbs_motif=GGAG/GAGG;rbs_spacer=5-10bp;gc_cont=0.598	646358
NODE_179018_length_222_cov_1.27545_1 -          zf-ISL3              PF14690.6    1.2e-09   39.1   4.1   1.5e-09   38.8   4.1   1.1   1   0   0   1   1   1   1 # 3 # 221 # -1 # ID=13746_1;partial=11;start_type=Edge;rbs_motif=None;rbs_spacer=None;gc_cont=0.384	256721
