NODE_523_length_1959_cov_5.41387_2 -          DDE_Tnp_IS240        PF13610.6    6.1e-09   35.8   0.2   1.1e-08   35.0   0.2   1.4   1   0   0   1   1   1   1 # 930 # 1751 # 1 # ID=159_2;partial=00;start_type=ATG;rbs_motif=4Base/6BMM;rbs_spacer=13-15bp;gc_cont=0.391	124953
NODE_523_length_1959_cov_5.41387_2 -          DDE_Tnp_IS240        PF13610.6    6.1e-09   35.8   0.2   1.1e-08   35.0   0.2   1.4   1   0   0   1   1   1   1 # 930 # 1751 # 1 # ID=159_2;partial=00;start_type=ATG;rbs_motif=4Base/6BMM;rbs_spacer=13-15bp;gc_cont=0.391	417078
NODE_523_length_1959_cov_5.41387_2 -          DDE_Tnp_IS240        PF13610.6    6.1e-09   35.8   0.2   1.1e-08   35.0   0.2   1.4   1   0   0   1   1   1   1 # 930 # 1751 # 1 # ID=159_2;partial=00;start_type=ATG;rbs_motif=4Base/6BMM;rbs_spacer=13-15bp;gc_cont=0.391	108948
NODE_523_length_1959_cov_5.41387_2 -          DDE_Tnp_IS240        PF13610.6    6.1e-09   35.8   0.2   1.1e-08   35.0   0.2   1.4   1   0   0   1   1   1   1 # 930 # 1751 # 1 # ID=159_2;partial=00;start_type=ATG;rbs_motif=4Base/6BMM;rbs_spacer=13-15bp;gc_cont=0.391	108948
NODE_523_length_1959_cov_5.41387_2 -          DDE_Tnp_IS240        PF13610.6    6.1e-09   35.8   0.2   1.1e-08   35.0   0.2   1.4   1   0   0   1   1   1   1 # 930 # 1751 # 1 # ID=159_2;partial=00;start_type=ATG;rbs_motif=4Base/6BMM;rbs_spacer=13-15bp;gc_cont=0.391	59896
NODE_523_length_1959_cov_5.41387_2 -          DDE_Tnp_IS240        PF13610.6    6.1e-09   35.8   0.2   1.1e-08   35.0   0.2   1.4   1   0   0   1   1   1   1 # 930 # 1751 # 1 # ID=159_2;partial=00;start_type=ATG;rbs_motif=4Base/6BMM;rbs_spacer=13-15bp;gc_cont=0.391	111167
NODE_523_length_1959_cov_5.41387_2 -          DDE_Tnp_IS240        PF13610.6    6.1e-09   35.8   0.2   1.1e-08   35.0   0.2   1.4   1   0   0   1   1   1   1 # 930 # 1751 # 1 # ID=159_2;partial=00;start_type=ATG;rbs_motif=4Base/6BMM;rbs_spacer=13-15bp;gc_cont=0.391	111167
NODE_739_length_1613_cov_1.80167_2 -          DDE_Tnp_IS240        PF13610.6      4e-15   55.9   4.3   1.8e-14   53.8   4.3   2.1   1   1   0   1   1   1   1 # 619 # 1314 # 1 # ID=215_2;partial=00;start_type=ATG;rbs_motif=GGA/GAG/AGG;rbs_spacer=5-10bp;gc_cont=0.378	1059367
NODE_762_length_1586_cov_9.92227_3 -          DDE_Tnp_1            PF01609.21   2.6e-16   59.5   0.2     4e-16   58.9   0.2   1.3   1   1   0   1   1   1   1 # 1087 # 1584 # 1 # ID=221_3;partial=01;start_type=ATG;rbs_motif=None;rbs_spacer=None;gc_cont=0.363	146219
NODE_762_length_1586_cov_9.92227_3 -          DDE_Tnp_1            PF01609.21   2.6e-16   59.5   0.2     4e-16   58.9   0.2   1.3   1   1   0   1   1   1   1 # 1087 # 1584 # 1 # ID=221_3;partial=01;start_type=ATG;rbs_motif=None;rbs_spacer=None;gc_cont=0.363	1699128
NODE_926_length_1421_cov_4.45681_1  -          DDE_Tnp_ISL3         PF01610.17   8.5e-51  172.6   8.6   1.2e-50  172.1   8.6   1.2   1   0   0   1   1   1   1 # 154 # 1419 # -1 # ID=260_1;partial=01;start_type=Edge;rbs_motif=None;rbs_spacer=None;gc_cont=0.375	14930
NODE_926_length_1421_cov_4.45681_1 -          HTH_Tnp_ISL3         PF13542.6    4.1e-10   38.5   0.0   7.3e-10   37.7   0.0   1.4   1   0   0   1   1   1   1 # 154 # 1419 # -1 # ID=260_1;partial=01;start_type=Edge;rbs_motif=None;rbs_spacer=None;gc_cont=0.375	14930
NODE_926_length_1421_cov_4.45681_1  -          zf-ISL3              PF14690.6    5.5e-12   45.8   1.5   1.2e-11   44.7   1.5   1.6   1   0   0   1   1   1   1 # 154 # 1419 # -1 # ID=260_1;partial=01;start_type=Edge;rbs_motif=None;rbs_spacer=None;gc_cont=0.375	14930
NODE_926_length_1421_cov_4.45681_1  -          DDE_Tnp_ISL3         PF01610.17   8.5e-51  172.6   8.6   1.2e-50  172.1   8.6   1.2   1   0   0   1   1   1   1 # 154 # 1419 # -1 # ID=260_1;partial=01;start_type=Edge;rbs_motif=None;rbs_spacer=None;gc_cont=0.375	36764
NODE_926_length_1421_cov_4.45681_1 -          HTH_Tnp_ISL3         PF13542.6    4.1e-10   38.5   0.0   7.3e-10   37.7   0.0   1.4   1   0   0   1   1   1   1 # 154 # 1419 # -1 # ID=260_1;partial=01;start_type=Edge;rbs_motif=None;rbs_spacer=None;gc_cont=0.375	36764
NODE_926_length_1421_cov_4.45681_1  -          zf-ISL3              PF14690.6    5.5e-12   45.8   1.5   1.2e-11   44.7   1.5   1.6   1   0   0   1   1   1   1 # 154 # 1419 # -1 # ID=260_1;partial=01;start_type=Edge;rbs_motif=None;rbs_spacer=None;gc_cont=0.375	36764
NODE_926_length_1421_cov_4.45681_1  -          DDE_Tnp_ISL3         PF01610.17   8.5e-51  172.6   8.6   1.2e-50  172.1   8.6   1.2   1   0   0   1   1   1   1 # 154 # 1419 # -1 # ID=260_1;partial=01;start_type=Edge;rbs_motif=None;rbs_spacer=None;gc_cont=0.375	36764
NODE_926_length_1421_cov_4.45681_1 -          HTH_Tnp_ISL3         PF13542.6    4.1e-10   38.5   0.0   7.3e-10   37.7   0.0   1.4   1   0   0   1   1   1   1 # 154 # 1419 # -1 # ID=260_1;partial=01;start_type=Edge;rbs_motif=None;rbs_spacer=None;gc_cont=0.375	36764
NODE_926_length_1421_cov_4.45681_1  -          zf-ISL3              PF14690.6    5.5e-12   45.8   1.5   1.2e-11   44.7   1.5   1.6   1   0   0   1   1   1   1 # 154 # 1419 # -1 # ID=260_1;partial=01;start_type=Edge;rbs_motif=None;rbs_spacer=None;gc_cont=0.375	36764
NODE_926_length_1421_cov_4.45681_1  -          DDE_Tnp_ISL3         PF01610.17   8.5e-51  172.6   8.6   1.2e-50  172.1   8.6   1.2   1   0   0   1   1   1   1 # 154 # 1419 # -1 # ID=260_1;partial=01;start_type=Edge;rbs_motif=None;rbs_spacer=None;gc_cont=0.375	68314
NODE_926_length_1421_cov_4.45681_1 -          HTH_Tnp_ISL3         PF13542.6    4.1e-10   38.5   0.0   7.3e-10   37.7   0.0   1.4   1   0   0   1   1   1   1 # 154 # 1419 # -1 # ID=260_1;partial=01;start_type=Edge;rbs_motif=None;rbs_spacer=None;gc_cont=0.375	68314
NODE_926_length_1421_cov_4.45681_1  -          zf-ISL3              PF14690.6    5.5e-12   45.8   1.5   1.2e-11   44.7   1.5   1.6   1   0   0   1   1   1   1 # 154 # 1419 # -1 # ID=260_1;partial=01;start_type=Edge;rbs_motif=None;rbs_spacer=None;gc_cont=0.375	68314
NODE_926_length_1421_cov_4.45681_1  -          DDE_Tnp_ISL3         PF01610.17   8.5e-51  172.6   8.6   1.2e-50  172.1   8.6   1.2   1   0   0   1   1   1   1 # 154 # 1419 # -1 # ID=260_1;partial=01;start_type=Edge;rbs_motif=None;rbs_spacer=None;gc_cont=0.375	72296
NODE_926_length_1421_cov_4.45681_1 -          HTH_Tnp_ISL3         PF13542.6    4.1e-10   38.5   0.0   7.3e-10   37.7   0.0   1.4   1   0   0   1   1   1   1 # 154 # 1419 # -1 # ID=260_1;partial=01;start_type=Edge;rbs_motif=None;rbs_spacer=None;gc_cont=0.375	72296
NODE_926_length_1421_cov_4.45681_1  -          zf-ISL3              PF14690.6    5.5e-12   45.8   1.5   1.2e-11   44.7   1.5   1.6   1   0   0   1   1   1   1 # 154 # 1419 # -1 # ID=260_1;partial=01;start_type=Edge;rbs_motif=None;rbs_spacer=None;gc_cont=0.375	72296
NODE_926_length_1421_cov_4.45681_1  -          DDE_Tnp_ISL3         PF01610.17   8.5e-51  172.6   8.6   1.2e-50  172.1   8.6   1.2   1   0   0   1   1   1   1 # 154 # 1419 # -1 # ID=260_1;partial=01;start_type=Edge;rbs_motif=None;rbs_spacer=None;gc_cont=0.375	469294
NODE_926_length_1421_cov_4.45681_1 -          HTH_Tnp_ISL3         PF13542.6    4.1e-10   38.5   0.0   7.3e-10   37.7   0.0   1.4   1   0   0   1   1   1   1 # 154 # 1419 # -1 # ID=260_1;partial=01;start_type=Edge;rbs_motif=None;rbs_spacer=None;gc_cont=0.375	469294
NODE_926_length_1421_cov_4.45681_1  -          zf-ISL3              PF14690.6    5.5e-12   45.8   1.5   1.2e-11   44.7   1.5   1.6   1   0   0   1   1   1   1 # 154 # 1419 # -1 # ID=260_1;partial=01;start_type=Edge;rbs_motif=None;rbs_spacer=None;gc_cont=0.375	469294
NODE_1596_length_1044_cov_4.50859_1 -          Y1_Tnp               PF01797.16   9.2e-40  135.1   0.8   1.1e-39  134.9   0.8   1.1   1   0   0   1   1   1   1 # 190 # 654 # -1 # ID=427_1;partial=00;start_type=ATG;rbs_motif=AAAA;rbs_spacer=3bp;gc_cont=0.320	987384
NODE_1745_length_992_cov_3.43223_1 -          DDE_Tnp_1            PF01609.21   7.5e-20   71.1   2.6   7.5e-20   71.1   2.6   1.8   2   1   0   2   2   2   1 # 2 # 991 # 1 # ID=465_1;partial=11;start_type=Edge;rbs_motif=None;rbs_spacer=None;gc_cont=0.399	1260606
NODE_1745_length_992_cov_3.43223_1 -          DDE_Tnp_1_6          PF13751.6    4.2e-06   26.6   0.3   6.2e-05   22.8   0.0   2.5   2   0   0   2   2   2   1 # 2 # 991 # 1 # ID=465_1;partial=11;start_type=Edge;rbs_motif=None;rbs_spacer=None;gc_cont=0.399	1260606
NODE_1873_length_960_cov_4.74365_3 -          HTH_Tnp_IS630        PF01710.16   2.4e-26   91.7   0.1   2.6e-26   91.6   0.1   1.0   1   0   0   1   1   1   1 # 574 # 960 # -1 # ID=489_3;partial=01;start_type=Edge;rbs_motif=None;rbs_spacer=None;gc_cont=0.426	3267
NODE_2245_length_873_cov_9.31663_1 -          DDE_Tnp_1            PF01609.21   1.5e-40  138.8   1.1   1.8e-40  138.5   1.1   1.1   1   0   0   1   1   1   1 # 197 # 871 # -1 # ID=575_1;partial=01;start_type=Edge;rbs_motif=None;rbs_spacer=None;gc_cont=0.502	2575505
NODE_2245_length_873_cov_9.31663_1 -          DDE_Tnp_1_2          PF13586.6    1.6e-07   31.2   0.1   3.5e-07   30.1   0.1   1.6   1   0   0   1   1   1   1 # 197 # 871 # -1 # ID=575_1;partial=01;start_type=Edge;rbs_motif=None;rbs_spacer=None;gc_cont=0.502	2575505
NODE_2245_length_873_cov_9.31663_1   -          DDE_Tnp_1_3          PF13612.6    2.8e-08   33.5   0.0   4.3e-08   32.9   0.0   1.4   1   1   0   1   1   1   1 # 197 # 871 # -1 # ID=575_1;partial=01;start_type=Edge;rbs_motif=None;rbs_spacer=None;gc_cont=0.502	2575505
NODE_2245_length_873_cov_9.31663_1 -          DDE_Tnp_1_6          PF13751.6    2.3e-06   27.5   1.1   3.3e-06   26.9   0.3   1.7   2   0   0   2   2   2   1 # 197 # 871 # -1 # ID=575_1;partial=01;start_type=Edge;rbs_motif=None;rbs_spacer=None;gc_cont=0.502	2575505
NODE_2245_length_873_cov_9.31663_1 -          DDE_Tnp_4            PF13359.6    4.4e-09   35.8   0.0   6.3e-09   35.3   0.0   1.3   1   0   0   1   1   1   1 # 197 # 871 # -1 # ID=575_1;partial=01;start_type=Edge;rbs_motif=None;rbs_spacer=None;gc_cont=0.502	2575505
NODE_2245_length_873_cov_9.31663_1 -          DDE_Tnp_1            PF01609.21   1.5e-40  138.8   1.1   1.8e-40  138.5   1.1   1.1   1   0   0   1   1   1   1 # 197 # 871 # -1 # ID=575_1;partial=01;start_type=Edge;rbs_motif=None;rbs_spacer=None;gc_cont=0.502	181998
NODE_2245_length_873_cov_9.31663_1 -          DDE_Tnp_1_2          PF13586.6    1.6e-07   31.2   0.1   3.5e-07   30.1   0.1   1.6   1   0   0   1   1   1   1 # 197 # 871 # -1 # ID=575_1;partial=01;start_type=Edge;rbs_motif=None;rbs_spacer=None;gc_cont=0.502	181998
NODE_2245_length_873_cov_9.31663_1   -          DDE_Tnp_1_3          PF13612.6    2.8e-08   33.5   0.0   4.3e-08   32.9   0.0   1.4   1   1   0   1   1   1   1 # 197 # 871 # -1 # ID=575_1;partial=01;start_type=Edge;rbs_motif=None;rbs_spacer=None;gc_cont=0.502	181998
NODE_2245_length_873_cov_9.31663_1 -          DDE_Tnp_1_6          PF13751.6    2.3e-06   27.5   1.1   3.3e-06   26.9   0.3   1.7   2   0   0   2   2   2   1 # 197 # 871 # -1 # ID=575_1;partial=01;start_type=Edge;rbs_motif=None;rbs_spacer=None;gc_cont=0.502	181998
NODE_2245_length_873_cov_9.31663_1 -          DDE_Tnp_4            PF13359.6    4.4e-09   35.8   0.0   6.3e-09   35.3   0.0   1.3   1   0   0   1   1   1   1 # 197 # 871 # -1 # ID=575_1;partial=01;start_type=Edge;rbs_motif=None;rbs_spacer=None;gc_cont=0.502	181998
NODE_2245_length_873_cov_9.31663_1 -          DDE_Tnp_1            PF01609.21   1.5e-40  138.8   1.1   1.8e-40  138.5   1.1   1.1   1   0   0   1   1   1   1 # 197 # 871 # -1 # ID=575_1;partial=01;start_type=Edge;rbs_motif=None;rbs_spacer=None;gc_cont=0.502	70897
NODE_2245_length_873_cov_9.31663_1 -          DDE_Tnp_1_2          PF13586.6    1.6e-07   31.2   0.1   3.5e-07   30.1   0.1   1.6   1   0   0   1   1   1   1 # 197 # 871 # -1 # ID=575_1;partial=01;start_type=Edge;rbs_motif=None;rbs_spacer=None;gc_cont=0.502	70897
NODE_2245_length_873_cov_9.31663_1   -          DDE_Tnp_1_3          PF13612.6    2.8e-08   33.5   0.0   4.3e-08   32.9   0.0   1.4   1   1   0   1   1   1   1 # 197 # 871 # -1 # ID=575_1;partial=01;start_type=Edge;rbs_motif=None;rbs_spacer=None;gc_cont=0.502	70897
NODE_2245_length_873_cov_9.31663_1 -          DDE_Tnp_1_6          PF13751.6    2.3e-06   27.5   1.1   3.3e-06   26.9   0.3   1.7   2   0   0   2   2   2   1 # 197 # 871 # -1 # ID=575_1;partial=01;start_type=Edge;rbs_motif=None;rbs_spacer=None;gc_cont=0.502	70897
NODE_2245_length_873_cov_9.31663_1 -          DDE_Tnp_4            PF13359.6    4.4e-09   35.8   0.0   6.3e-09   35.3   0.0   1.3   1   0   0   1   1   1   1 # 197 # 871 # -1 # ID=575_1;partial=01;start_type=Edge;rbs_motif=None;rbs_spacer=None;gc_cont=0.502	70897
NODE_3474_length_710_cov_2.07023_2  -          DDE_Tnp_ISL3         PF01610.17     4e-08   32.9   0.2   8.6e-08   31.8   0.0   1.5   2   0   0   2   2   2   1 # 210 # 710 # -1 # ID=809_2;partial=01;start_type=Edge;rbs_motif=None;rbs_spacer=None;gc_cont=0.407	68314
NODE_3474_length_710_cov_2.07023_2 -          HTH_Tnp_ISL3         PF13542.6    3.9e-09   35.4   0.0   6.4e-09   34.7   0.0   1.4   1   0   0   1   1   1   1 # 210 # 710 # -1 # ID=809_2;partial=01;start_type=Edge;rbs_motif=None;rbs_spacer=None;gc_cont=0.407	68314
NODE_8398_length_484_cov_2.21445_1  -          DDE_Tnp_ISL3         PF01610.17   6.1e-20   71.6   0.3   8.5e-20   71.1   0.3   1.2   1   0   0   1   1   1   1 # 1 # 393 # 1 # ID=1671_1;partial=10;start_type=Edge;rbs_motif=None;rbs_spacer=None;gc_cont=0.275	675003
NODE_17364_length_357_cov_1.15563_1 -          zf-ISL3              PF14690.6    1.2e-06   28.7   0.3   4.1e-06   27.0   0.1   1.8   2   0   0   2   2   2   1 # 148 # 357 # 1 # ID=3159_1;partial=01;start_type=ATG;rbs_motif=AACAA;rbs_spacer=10bp;gc_cont=0.433	118618
NODE_18332_length_349_cov_1.02041_1 -          zf-ISL3              PF14690.6    4.8e-09   36.4   0.3   6.2e-09   36.0   0.3   1.2   1   0   0   1   1   1   1 # 2 # 268 # -1 # ID=3296_1;partial=10;start_type=GTG;rbs_motif=None;rbs_spacer=None;gc_cont=0.251	3183291
NODE_18332_length_349_cov_1.02041_1 -          zf-ISL3              PF14690.6    4.8e-09   36.4   0.3   6.2e-09   36.0   0.3   1.2   1   0   0   1   1   1   1 # 2 # 268 # -1 # ID=3296_1;partial=10;start_type=GTG;rbs_motif=None;rbs_spacer=None;gc_cont=0.251	3183291
NODE_39828_length_256_cov_1.1194_1  -          Y1_Tnp               PF01797.16   5.6e-17   61.6   0.1   6.6e-17   61.3   0.1   1.1   1   0   0   1   1   1   1 # 1 # 255 # 1 # ID=6192_1;partial=11;start_type=Edge;rbs_motif=None;rbs_spacer=None;gc_cont=0.302	67161
NODE_40336_length_255_cov_1.61_1 -          PDDEXK_2             PF12784.7    6.3e-11   41.9   0.6   8.1e-11   41.5   0.6   1.1   1   0   0   1   1   1   1 # 1 # 255 # -1 # ID=6276_1;partial=11;start_type=Edge;rbs_motif=None;rbs_spacer=None;gc_cont=0.416	337500
NODE_40336_length_255_cov_1.61_1 -          PDDEXK_2             PF12784.7    6.3e-11   41.9   0.6   8.1e-11   41.5   0.6   1.1   1   0   0   1   1   1   1 # 1 # 255 # -1 # ID=6276_1;partial=11;start_type=Edge;rbs_motif=None;rbs_spacer=None;gc_cont=0.416	5096887
NODE_40336_length_255_cov_1.61_1 -          PDDEXK_2             PF12784.7    6.3e-11   41.9   0.6   8.1e-11   41.5   0.6   1.1   1   0   0   1   1   1   1 # 1 # 255 # -1 # ID=6276_1;partial=11;start_type=Edge;rbs_motif=None;rbs_spacer=None;gc_cont=0.416	58722
NODE_40336_length_255_cov_1.61_1 -          PDDEXK_2             PF12784.7    6.3e-11   41.9   0.6   8.1e-11   41.5   0.6   1.1   1   0   0   1   1   1   1 # 1 # 255 # -1 # ID=6276_1;partial=11;start_type=Edge;rbs_motif=None;rbs_spacer=None;gc_cont=0.416	337500
NODE_40336_length_255_cov_1.61_1 -          PDDEXK_2             PF12784.7    6.3e-11   41.9   0.6   8.1e-11   41.5   0.6   1.1   1   0   0   1   1   1   1 # 1 # 255 # -1 # ID=6276_1;partial=11;start_type=Edge;rbs_motif=None;rbs_spacer=None;gc_cont=0.416	337500
NODE_45072_length_244_cov_2.89418_1 -          DDE_Tnp_ISL3         PF01610.17   1.7e-19   70.1   2.5   1.9e-19   69.9   2.5   1.0   1   0   0   1   1   1   1 # 2 # 244 # -1 # ID=6839_1;partial=11;start_type=Edge;rbs_motif=None;rbs_spacer=None;gc_cont=0.395	238391
NODE_57908_length_221_cov_0.963855_1 -          DDE_Tnp_1_3          PF13612.6    1.4e-23   83.3   0.1   1.5e-23   83.2   0.1   1.0   1   0   0   1   1   1   1 # 2 # 220 # -1 # ID=8223_1;partial=11;start_type=Edge;rbs_motif=None;rbs_spacer=None;gc_cont=0.370	443153
