NODE_7_length_39550_cov_22.9814_22  -          HTH_Tnp_ISL3         PF13542.6      5e-06   26.4   6.1     0.012   15.6   0.0   3.2   4   0   0   4   4   4   2 # 13351 # 16062 # 1 # ID=6_22;partial=00;start_type=GTG;rbs_motif=GGAGG;rbs_spacer=3-4bp;gc_cont=0.519	1269142
NODE_7_length_39550_cov_22.9814_22  -          HTH_Tnp_ISL3         PF13542.6      5e-06   26.4   6.1     0.012   15.6   0.0   3.2   4   0   0   4   4   4   2 # 13351 # 16062 # 1 # ID=6_22;partial=00;start_type=GTG;rbs_motif=GGAGG;rbs_spacer=3-4bp;gc_cont=0.519	1269142
NODE_15_length_19084_cov_21.9128_5  -          OrfB_IS605           PF01385.19   2.2e-28   99.5   0.2   4.3e-28   98.5   0.2   1.4   1   0   0   1   1   1   1 # 9025 # 10263 # 1 # ID=12_5;partial=00;start_type=ATG;rbs_motif=AGGAG;rbs_spacer=5-10bp;gc_cont=0.639	2925264
NODE_15_length_19084_cov_21.9128_5  -          OrfB_Zn_ribbon       PF07282.11     1e-22   80.4   0.2     2e-22   79.4   0.2   1.5   1   0   0   1   1   1   1 # 9025 # 10263 # 1 # ID=12_5;partial=00;start_type=ATG;rbs_motif=AGGAG;rbs_spacer=5-10bp;gc_cont=0.639	2925264
NODE_15_length_19084_cov_21.9128_5  -          OrfB_IS605           PF01385.19   2.2e-28   99.5   0.2   4.3e-28   98.5   0.2   1.4   1   0   0   1   1   1   1 # 9025 # 10263 # 1 # ID=12_5;partial=00;start_type=ATG;rbs_motif=AGGAG;rbs_spacer=5-10bp;gc_cont=0.639	5710099
NODE_15_length_19084_cov_21.9128_5  -          OrfB_Zn_ribbon       PF07282.11     1e-22   80.4   0.2     2e-22   79.4   0.2   1.5   1   0   0   1   1   1   1 # 9025 # 10263 # 1 # ID=12_5;partial=00;start_type=ATG;rbs_motif=AGGAG;rbs_spacer=5-10bp;gc_cont=0.639	5710099
NODE_15_length_19084_cov_21.9128_5  -          OrfB_IS605           PF01385.19   2.2e-28   99.5   0.2   4.3e-28   98.5   0.2   1.4   1   0   0   1   1   1   1 # 9025 # 10263 # 1 # ID=12_5;partial=00;start_type=ATG;rbs_motif=AGGAG;rbs_spacer=5-10bp;gc_cont=0.639	5710099
NODE_15_length_19084_cov_21.9128_5  -          OrfB_Zn_ribbon       PF07282.11     1e-22   80.4   0.2     2e-22   79.4   0.2   1.5   1   0   0   1   1   1   1 # 9025 # 10263 # 1 # ID=12_5;partial=00;start_type=ATG;rbs_motif=AGGAG;rbs_spacer=5-10bp;gc_cont=0.639	5710099
NODE_15_length_19084_cov_21.9128_5  -          OrfB_IS605           PF01385.19   2.2e-28   99.5   0.2   4.3e-28   98.5   0.2   1.4   1   0   0   1   1   1   1 # 9025 # 10263 # 1 # ID=12_5;partial=00;start_type=ATG;rbs_motif=AGGAG;rbs_spacer=5-10bp;gc_cont=0.639	5709403
NODE_15_length_19084_cov_21.9128_5  -          OrfB_Zn_ribbon       PF07282.11     1e-22   80.4   0.2     2e-22   79.4   0.2   1.5   1   0   0   1   1   1   1 # 9025 # 10263 # 1 # ID=12_5;partial=00;start_type=ATG;rbs_motif=AGGAG;rbs_spacer=5-10bp;gc_cont=0.639	5709403
NODE_15_length_19084_cov_21.9128_5  -          OrfB_IS605           PF01385.19   2.2e-28   99.5   0.2   4.3e-28   98.5   0.2   1.4   1   0   0   1   1   1   1 # 9025 # 10263 # 1 # ID=12_5;partial=00;start_type=ATG;rbs_motif=AGGAG;rbs_spacer=5-10bp;gc_cont=0.639	5709403
NODE_15_length_19084_cov_21.9128_5  -          OrfB_Zn_ribbon       PF07282.11     1e-22   80.4   0.2     2e-22   79.4   0.2   1.5   1   0   0   1   1   1   1 # 9025 # 10263 # 1 # ID=12_5;partial=00;start_type=ATG;rbs_motif=AGGAG;rbs_spacer=5-10bp;gc_cont=0.639	5709403
NODE_64_length_7131_cov_8.04551_1   -          PDDEXK_2             PF12784.7    9.3e-21   75.0   2.2   1.3e-20   74.6   2.2   1.2   1   0   0   1   1   1   1 # 46 # 948 # -1 # ID=41_1;partial=00;start_type=ATG;rbs_motif=AGGAGG;rbs_spacer=5-10bp;gc_cont=0.426	3939099
NODE_64_length_7131_cov_8.04551_1   -          PDDEXK_2             PF12784.7    9.3e-21   75.0   2.2   1.3e-20   74.6   2.2   1.2   1   0   0   1   1   1   1 # 46 # 948 # -1 # ID=41_1;partial=00;start_type=ATG;rbs_motif=AGGAGG;rbs_spacer=5-10bp;gc_cont=0.426	57962
NODE_64_length_7131_cov_8.04551_1   -          PDDEXK_2             PF12784.7    9.3e-21   75.0   2.2   1.3e-20   74.6   2.2   1.2   1   0   0   1   1   1   1 # 46 # 948 # -1 # ID=41_1;partial=00;start_type=ATG;rbs_motif=AGGAGG;rbs_spacer=5-10bp;gc_cont=0.426	374533
NODE_64_length_7131_cov_8.04551_1   -          PDDEXK_2             PF12784.7    9.3e-21   75.0   2.2   1.3e-20   74.6   2.2   1.2   1   0   0   1   1   1   1 # 46 # 948 # -1 # ID=41_1;partial=00;start_type=ATG;rbs_motif=AGGAGG;rbs_spacer=5-10bp;gc_cont=0.426	374533
NODE_64_length_7131_cov_8.04551_1   -          PDDEXK_2             PF12784.7    9.3e-21   75.0   2.2   1.3e-20   74.6   2.2   1.2   1   0   0   1   1   1   1 # 46 # 948 # -1 # ID=41_1;partial=00;start_type=ATG;rbs_motif=AGGAGG;rbs_spacer=5-10bp;gc_cont=0.426	3236399
NODE_75_length_6556_cov_7.4304_5      -          Transposase_mut      PF00872.18   2.1e-49  169.0   0.0   2.3e-49  168.9   0.0   1.0   1   0   0   1   1   1   1 # 5028 # 5486 # 1 # ID=51_5;partial=00;start_type=ATG;rbs_motif=GGA/GAG/AGG;rbs_spacer=5-10bp;gc_cont=0.394	20792
NODE_75_length_6556_cov_7.4304_5      -          Transposase_mut      PF00872.18   2.1e-49  169.0   0.0   2.3e-49  168.9   0.0   1.0   1   0   0   1   1   1   1 # 5028 # 5486 # 1 # ID=51_5;partial=00;start_type=ATG;rbs_motif=GGA/GAG/AGG;rbs_spacer=5-10bp;gc_cont=0.394	240107
NODE_91_length_5898_cov_23.8925_1   -          OrfB_IS605           PF01385.19   5.9e-15   56.1   0.6   3.7e-14   53.6   0.1   2.1   2   0   0   2   2   2   1 # 3 # 911 # -1 # ID=61_1;partial=10;start_type=ATG;rbs_motif=GGAG/GAGG;rbs_spacer=5-10bp;gc_cont=0.556	1895010
NODE_114_length_5400_cov_22.734_6   -          OrfB_IS605           PF01385.19   5.5e-27   95.0   1.5   6.7e-27   94.7   0.3   1.7   2   0   0   2   2   2   1 # 2817 # 4124 # -1 # ID=77_6;partial=00;start_type=GTG;rbs_motif=GGAG/GAGG;rbs_spacer=5-10bp;gc_cont=0.638	2203650
NODE_114_length_5400_cov_22.734_8   -          OrfB_Zn_ribbon       PF07282.11   2.9e-22   79.0   1.1   3.4e-22   78.7   1.1   1.1   1   0   0   1   1   1   1 # 5132 # 5398 # -1 # ID=77_8;partial=01;start_type=Edge;rbs_motif=None;rbs_spacer=None;gc_cont=0.532	2203650
NODE_114_length_5400_cov_22.734_6   -          OrfB_Zn_ribbon       PF07282.11   4.8e-22   78.2   0.1     1e-21   77.2   0.1   1.6   1   0   0   1   1   1   1 # 2817 # 4124 # -1 # ID=77_6;partial=00;start_type=GTG;rbs_motif=GGAG/GAGG;rbs_spacer=5-10bp;gc_cont=0.638	2203650
NODE_114_length_5400_cov_22.734_6   -          OrfB_IS605           PF01385.19   5.5e-27   95.0   1.5   6.7e-27   94.7   0.3   1.7   2   0   0   2   2   2   1 # 2817 # 4124 # -1 # ID=77_6;partial=00;start_type=GTG;rbs_motif=GGAG/GAGG;rbs_spacer=5-10bp;gc_cont=0.638	5709409
NODE_114_length_5400_cov_22.734_8   -          OrfB_Zn_ribbon       PF07282.11   2.9e-22   79.0   1.1   3.4e-22   78.7   1.1   1.1   1   0   0   1   1   1   1 # 5132 # 5398 # -1 # ID=77_8;partial=01;start_type=Edge;rbs_motif=None;rbs_spacer=None;gc_cont=0.532	5709409
NODE_114_length_5400_cov_22.734_6   -          OrfB_Zn_ribbon       PF07282.11   4.8e-22   78.2   0.1     1e-21   77.2   0.1   1.6   1   0   0   1   1   1   1 # 2817 # 4124 # -1 # ID=77_6;partial=00;start_type=GTG;rbs_motif=GGAG/GAGG;rbs_spacer=5-10bp;gc_cont=0.638	5709409
NODE_114_length_5400_cov_22.734_6   -          OrfB_IS605           PF01385.19   5.5e-27   95.0   1.5   6.7e-27   94.7   0.3   1.7   2   0   0   2   2   2   1 # 2817 # 4124 # -1 # ID=77_6;partial=00;start_type=GTG;rbs_motif=GGAG/GAGG;rbs_spacer=5-10bp;gc_cont=0.638	1895010
NODE_114_length_5400_cov_22.734_8   -          OrfB_Zn_ribbon       PF07282.11   2.9e-22   79.0   1.1   3.4e-22   78.7   1.1   1.1   1   0   0   1   1   1   1 # 5132 # 5398 # -1 # ID=77_8;partial=01;start_type=Edge;rbs_motif=None;rbs_spacer=None;gc_cont=0.532	1895010
NODE_114_length_5400_cov_22.734_6   -          OrfB_Zn_ribbon       PF07282.11   4.8e-22   78.2   0.1     1e-21   77.2   0.1   1.6   1   0   0   1   1   1   1 # 2817 # 4124 # -1 # ID=77_6;partial=00;start_type=GTG;rbs_motif=GGAG/GAGG;rbs_spacer=5-10bp;gc_cont=0.638	1895010
NODE_116_length_5370_cov_5.01336_2  -          MULE                 PF10551.9    3.5e-07   31.1   0.3   8.6e-07   29.9   0.3   1.7   1   0   0   1   1   1   1 # 721 # 1833 # -1 # ID=78_2;partial=00;start_type=ATG;rbs_motif=GGAGG;rbs_spacer=5-10bp;gc_cont=0.367	908411
NODE_116_length_5370_cov_5.01336_2    -          Transposase_mut      PF00872.18   1.7e-08   34.3   0.1   2.6e-08   33.7   0.1   1.2   1   0   0   1   1   1   1 # 721 # 1833 # -1 # ID=78_2;partial=00;start_type=ATG;rbs_motif=GGAGG;rbs_spacer=5-10bp;gc_cont=0.367	908411
NODE_116_length_5370_cov_5.01336_2  -          MULE                 PF10551.9    3.5e-07   31.1   0.3   8.6e-07   29.9   0.3   1.7   1   0   0   1   1   1   1 # 721 # 1833 # -1 # ID=78_2;partial=00;start_type=ATG;rbs_motif=GGAGG;rbs_spacer=5-10bp;gc_cont=0.367	619312
NODE_116_length_5370_cov_5.01336_2    -          Transposase_mut      PF00872.18   1.7e-08   34.3   0.1   2.6e-08   33.7   0.1   1.2   1   0   0   1   1   1   1 # 721 # 1833 # -1 # ID=78_2;partial=00;start_type=ATG;rbs_motif=GGAGG;rbs_spacer=5-10bp;gc_cont=0.367	619312
NODE_416_length_2981_cov_8.5769_1   -          DEDD_Tnp_IS110       PF01548.17   7.9e-21   75.1   0.0   1.7e-20   74.0   0.0   1.5   1   0   0   1   1   1   1 # 529 # 1581 # -1 # ID=251_1;partial=00;start_type=ATG;rbs_motif=TAA;rbs_spacer=11bp;gc_cont=0.424	100221
NODE_416_length_2981_cov_8.5769_1   -          Transposase_20       PF02371.16   2.2e-12   47.7   0.0     4e-12   46.9   0.0   1.4   1   0   0   1   1   1   1 # 529 # 1581 # -1 # ID=251_1;partial=00;start_type=ATG;rbs_motif=TAA;rbs_spacer=11bp;gc_cont=0.424	100221
NODE_416_length_2981_cov_8.5769_1   -          DEDD_Tnp_IS110       PF01548.17   7.9e-21   75.1   0.0   1.7e-20   74.0   0.0   1.5   1   0   0   1   1   1   1 # 529 # 1581 # -1 # ID=251_1;partial=00;start_type=ATG;rbs_motif=TAA;rbs_spacer=11bp;gc_cont=0.424	3955414
NODE_416_length_2981_cov_8.5769_1   -          Transposase_20       PF02371.16   2.2e-12   47.7   0.0     4e-12   46.9   0.0   1.4   1   0   0   1   1   1   1 # 529 # 1581 # -1 # ID=251_1;partial=00;start_type=ATG;rbs_motif=TAA;rbs_spacer=11bp;gc_cont=0.424	3955414
NODE_517_length_2696_cov_4.93222_2  -          MULE                 PF10551.9    1.1e-06   29.5   0.2   4.4e-06   27.6   0.1   2.2   2   0   0   2   2   2   1 # 755 # 1873 # -1 # ID=303_2;partial=00;start_type=ATG;rbs_motif=AGGAG;rbs_spacer=5-10bp;gc_cont=0.363	45455
NODE_517_length_2696_cov_4.93222_2    -          Transposase_mut      PF00872.18   3.9e-07   29.9   0.1   5.8e-07   29.3   0.1   1.2   1   0   0   1   1   1   1 # 755 # 1873 # -1 # ID=303_2;partial=00;start_type=ATG;rbs_motif=AGGAG;rbs_spacer=5-10bp;gc_cont=0.363	45455
NODE_557_length_2621_cov_10.226_3   -          OrfB_IS605           PF01385.19   5.2e-12   46.6   0.2   1.1e-11   45.5   0.2   1.5   1   0   0   1   1   1   1 # 899 # 2242 # 1 # ID=326_3;partial=00;start_type=ATG;rbs_motif=AGGAG;rbs_spacer=5-10bp;gc_cont=0.321	6529927
NODE_557_length_2621_cov_10.226_3   -          OrfB_Zn_ribbon       PF07282.11   3.4e-19   69.1   2.6   7.1e-19   68.1   2.6   1.6   1   0   0   1   1   1   1 # 899 # 2242 # 1 # ID=326_3;partial=00;start_type=ATG;rbs_motif=AGGAG;rbs_spacer=5-10bp;gc_cont=0.321	6529927
NODE_557_length_2621_cov_10.226_2   -          Y1_Tnp               PF01797.16     9e-38  129.7   0.1     1e-37  129.5   0.1   1.0   1   0   0   1   1   1   1 # 321 # 749 # -1 # ID=326_2;partial=00;start_type=ATG;rbs_motif=AGGAG;rbs_spacer=5-10bp;gc_cont=0.333	6529927
NODE_557_length_2621_cov_10.226_3   -          OrfB_IS605           PF01385.19   5.2e-12   46.6   0.2   1.1e-11   45.5   0.2   1.5   1   0   0   1   1   1   1 # 899 # 2242 # 1 # ID=326_3;partial=00;start_type=ATG;rbs_motif=AGGAG;rbs_spacer=5-10bp;gc_cont=0.321	1384764
NODE_557_length_2621_cov_10.226_3   -          OrfB_Zn_ribbon       PF07282.11   3.4e-19   69.1   2.6   7.1e-19   68.1   2.6   1.6   1   0   0   1   1   1   1 # 899 # 2242 # 1 # ID=326_3;partial=00;start_type=ATG;rbs_motif=AGGAG;rbs_spacer=5-10bp;gc_cont=0.321	1384764
NODE_557_length_2621_cov_10.226_2   -          Y1_Tnp               PF01797.16     9e-38  129.7   0.1     1e-37  129.5   0.1   1.0   1   0   0   1   1   1   1 # 321 # 749 # -1 # ID=326_2;partial=00;start_type=ATG;rbs_motif=AGGAG;rbs_spacer=5-10bp;gc_cont=0.333	1384764
NODE_899_length_2124_cov_4.48526_2  -          Y1_Tnp               PF01797.16   9.5e-37  126.4   1.2   1.1e-36  126.1   1.2   1.1   1   0   0   1   1   1   1 # 914 # 1387 # -1 # ID=481_2;partial=00;start_type=ATG;rbs_motif=AGGAG;rbs_spacer=5-10bp;gc_cont=0.365	401807
NODE_1099_length_1973_cov_65.8931_1 -          DDE_Tnp_IS240        PF13610.6    4.2e-06   27.6   0.1     6e-06   27.1   0.1   1.2   1   0   0   1   1   1   1 # 765 # 1361 # -1 # ID=567_1;partial=00;start_type=ATG;rbs_motif=AAAAA;rbs_spacer=12bp;gc_cont=0.511	512803
NODE_1099_length_1973_cov_65.8931_1 -          DDE_Tnp_IS240        PF13610.6    4.2e-06   27.6   0.1     6e-06   27.1   0.1   1.2   1   0   0   1   1   1   1 # 765 # 1361 # -1 # ID=567_1;partial=00;start_type=ATG;rbs_motif=AAAAA;rbs_spacer=12bp;gc_cont=0.511	512803
NODE_1133_length_1952_cov_6.45809_2  -          DDE_Tnp_ISL3         PF01610.17   9.3e-63  212.7   3.4   1.4e-62  212.2   3.4   1.2   1   0   0   1   1   1   1 # 692 # 1951 # 1 # ID=582_2;partial=01;start_type=ATG;rbs_motif=AGGAG;rbs_spacer=5-10bp;gc_cont=0.298	2203739
NODE_1133_length_1952_cov_6.45809_2 -          HTH_Tnp_ISL3         PF13542.6    2.8e-06   27.2   0.0     5e-06   26.4   0.0   1.4   1   0   0   1   1   1   1 # 692 # 1951 # 1 # ID=582_2;partial=01;start_type=ATG;rbs_motif=AGGAG;rbs_spacer=5-10bp;gc_cont=0.298	2203739
NODE_1133_length_1952_cov_6.45809_2  -          zf-ISL3              PF14690.6    1.6e-09   38.9   3.1   3.4e-09   37.8   3.1   1.6   1   0   0   1   1   1   1 # 692 # 1951 # 1 # ID=582_2;partial=01;start_type=ATG;rbs_motif=AGGAG;rbs_spacer=5-10bp;gc_cont=0.298	2203739
NODE_1397_length_1797_cov_14.3416_2  -          HTH_Tnp_1            PF01527.20   1.6e-09   38.5   1.3    0.0018   19.1   0.1   2.4   1   1   1   2   2   2   2 # 538 # 1050 # 1 # ID=685_2;partial=00;start_type=GTG;rbs_motif=GGAGG;rbs_spacer=5-10bp;gc_cont=0.610	86194
NODE_1397_length_1797_cov_14.3416_2  -          HTH_Tnp_1            PF01527.20   1.6e-09   38.5   1.3    0.0018   19.1   0.1   2.4   1   1   1   2   2   2   2 # 538 # 1050 # 1 # ID=685_2;partial=00;start_type=GTG;rbs_motif=GGAGG;rbs_spacer=5-10bp;gc_cont=0.610	3569948
NODE_1397_length_1797_cov_14.3416_2  -          HTH_Tnp_1            PF01527.20   1.6e-09   38.5   1.3    0.0018   19.1   0.1   2.4   1   1   1   2   2   2   2 # 538 # 1050 # 1 # ID=685_2;partial=00;start_type=GTG;rbs_motif=GGAGG;rbs_spacer=5-10bp;gc_cont=0.610	186646
NODE_1397_length_1797_cov_14.3416_2  -          HTH_Tnp_1            PF01527.20   1.6e-09   38.5   1.3    0.0018   19.1   0.1   2.4   1   1   1   2   2   2   2 # 538 # 1050 # 1 # ID=685_2;partial=00;start_type=GTG;rbs_motif=GGAGG;rbs_spacer=5-10bp;gc_cont=0.610	292104
NODE_1397_length_1797_cov_14.3416_2  -          HTH_Tnp_1            PF01527.20   1.6e-09   38.5   1.3    0.0018   19.1   0.1   2.4   1   1   1   2   2   2   2 # 538 # 1050 # 1 # ID=685_2;partial=00;start_type=GTG;rbs_motif=GGAGG;rbs_spacer=5-10bp;gc_cont=0.610	658791
NODE_1422_length_1786_cov_2.60716_1 -          DDE_Tnp_IS66         PF03050.14   4.7e-26   92.5   0.0   6.4e-26   92.1   0.0   1.2   1   0   0   1   1   1   1 # 3 # 635 # -1 # ID=692_1;partial=10;start_type=ATG;rbs_motif=AGGAG/GGAGG;rbs_spacer=11-12bp;gc_cont=0.433	5709521
NODE_1422_length_1786_cov_2.60716_2 -          LZ_Tnp_IS66          PF13007.7      6e-08   33.9   0.0   9.1e-08   33.4   0.0   1.3   1   0   0   1   1   1   1 # 610 # 816 # -1 # ID=692_2;partial=00;start_type=ATG;rbs_motif=AGGAG;rbs_spacer=5-10bp;gc_cont=0.411	5709521
NODE_1422_length_1786_cov_2.60716_1 -          zf-IS66              PF13005.7    8.5e-13   49.1   1.8   1.5e-12   48.2   1.8   1.5   1   0   0   1   1   1   1 # 3 # 635 # -1 # ID=692_1;partial=10;start_type=ATG;rbs_motif=AGGAG/GGAGG;rbs_spacer=11-12bp;gc_cont=0.433	5709521
NODE_1428_length_1782_cov_7.27736_2 -          DEDD_Tnp_IS110       PF01548.17     2e-22   80.3   0.0   2.6e-22   80.0   0.0   1.1   1   0   0   1   1   1   1 # 1170 # 1781 # 1 # ID=694_2;partial=01;start_type=ATG;rbs_motif=AGGAG;rbs_spacer=5-10bp;gc_cont=0.394	613473
NODE_1702_length_1675_cov_6.17531_2  -          DDE_Tnp_ISL3         PF01610.17   3.7e-54  184.6   3.8   7.8e-54  183.5   3.8   1.6   1   0   0   1   1   1   1 # 238 # 1623 # -1 # ID=780_2;partial=00;start_type=ATG;rbs_motif=None;rbs_spacer=None;gc_cont=0.281	4344772
NODE_1702_length_1675_cov_6.17531_2  -          zf-ISL3              PF14690.6    3.7e-09   37.7   2.9   9.9e-09   36.3   2.9   1.7   1   0   0   1   1   1   1 # 238 # 1623 # -1 # ID=780_2;partial=00;start_type=ATG;rbs_motif=None;rbs_spacer=None;gc_cont=0.281	4344772
NODE_1750_length_1655_cov_10.2506_1  -          DDE_Tnp_ISL3         PF01610.17   8.9e-61  206.3   0.0   1.1e-60  206.0   0.0   1.1   1   0   0   1   1   1   1 # 156 # 1457 # 1 # ID=795_1;partial=00;start_type=ATG;rbs_motif=GGAGG;rbs_spacer=5-10bp;gc_cont=0.624	903038
NODE_1750_length_1655_cov_10.2506_1  -          zf-ISL3              PF14690.6    3.3e-06   28.2   2.9     1e-05   26.7   2.9   1.9   1   0   0   1   1   1   1 # 156 # 1457 # 1 # ID=795_1;partial=00;start_type=ATG;rbs_motif=GGAGG;rbs_spacer=5-10bp;gc_cont=0.624	903038
NODE_1750_length_1655_cov_10.2506_1  -          DDE_Tnp_ISL3         PF01610.17   8.9e-61  206.3   0.0   1.1e-60  206.0   0.0   1.1   1   0   0   1   1   1   1 # 156 # 1457 # 1 # ID=795_1;partial=00;start_type=ATG;rbs_motif=GGAGG;rbs_spacer=5-10bp;gc_cont=0.624	6671546
NODE_1750_length_1655_cov_10.2506_1  -          zf-ISL3              PF14690.6    3.3e-06   28.2   2.9     1e-05   26.7   2.9   1.9   1   0   0   1   1   1   1 # 156 # 1457 # 1 # ID=795_1;partial=00;start_type=ATG;rbs_motif=GGAGG;rbs_spacer=5-10bp;gc_cont=0.624	6671546
NODE_1750_length_1655_cov_10.2506_1  -          DDE_Tnp_ISL3         PF01610.17   8.9e-61  206.3   0.0   1.1e-60  206.0   0.0   1.1   1   0   0   1   1   1   1 # 156 # 1457 # 1 # ID=795_1;partial=00;start_type=ATG;rbs_motif=GGAGG;rbs_spacer=5-10bp;gc_cont=0.624	6671546
NODE_1750_length_1655_cov_10.2506_1  -          zf-ISL3              PF14690.6    3.3e-06   28.2   2.9     1e-05   26.7   2.9   1.9   1   0   0   1   1   1   1 # 156 # 1457 # 1 # ID=795_1;partial=00;start_type=ATG;rbs_motif=GGAGG;rbs_spacer=5-10bp;gc_cont=0.624	6671546
NODE_1814_length_1631_cov_6.61929_2 -          DEDD_Tnp_IS110       PF01548.17   2.5e-19   70.2   0.0   1.1e-18   68.2   0.0   1.9   2   0   0   2   2   2   1 # 435 # 1469 # 1 # ID=825_2;partial=00;start_type=ATG;rbs_motif=TAA;rbs_spacer=11bp;gc_cont=0.398	3434339
NODE_1814_length_1631_cov_6.61929_2 -          Transposase_20       PF02371.16   5.3e-18   65.7   0.0   1.2e-17   64.6   0.0   1.6   1   0   0   1   1   1   1 # 435 # 1469 # 1 # ID=825_2;partial=00;start_type=ATG;rbs_motif=TAA;rbs_spacer=11bp;gc_cont=0.398	3434339
NODE_1884_length_1611_cov_6.09833_1 -          DDE_Tnp_1            PF01609.21   7.1e-19   68.9   0.1   2.8e-17   63.7   0.1   2.2   1   1   0   1   1   1   1 # 345 # 1253 # 1 # ID=848_1;partial=00;start_type=ATG;rbs_motif=None;rbs_spacer=None;gc_cont=0.386	26832
NODE_1884_length_1611_cov_6.09833_1 -          DDE_Tnp_1_3          PF13612.6    1.3e-72  243.5   0.2   2.3e-72  242.7   0.2   1.4   1   0   0   1   1   1   1 # 345 # 1253 # 1 # ID=848_1;partial=00;start_type=ATG;rbs_motif=None;rbs_spacer=None;gc_cont=0.386	26832
NODE_1884_length_1611_cov_6.09833_1 -          DDE_Tnp_1            PF01609.21   7.1e-19   68.9   0.1   2.8e-17   63.7   0.1   2.2   1   1   0   1   1   1   1 # 345 # 1253 # 1 # ID=848_1;partial=00;start_type=ATG;rbs_motif=None;rbs_spacer=None;gc_cont=0.386	12259
NODE_1884_length_1611_cov_6.09833_1 -          DDE_Tnp_1_3          PF13612.6    1.3e-72  243.5   0.2   2.3e-72  242.7   0.2   1.4   1   0   0   1   1   1   1 # 345 # 1253 # 1 # ID=848_1;partial=00;start_type=ATG;rbs_motif=None;rbs_spacer=None;gc_cont=0.386	12259
NODE_1899_length_1608_cov_15.2498_1 -          DDE_Tnp_1            PF01609.21   1.8e-13   51.3   0.8   8.9e-13   49.0   0.8   2.0   1   1   0   1   1   1   1 # 662 # 1588 # 1 # ID=855_1;partial=00;start_type=ATG;rbs_motif=None;rbs_spacer=None;gc_cont=0.437	96811
NODE_1899_length_1608_cov_15.2498_1 -          DDE_Tnp_1_3          PF13612.6    2.6e-64  216.5   0.4   3.6e-64  216.1   0.4   1.2   1   0   0   1   1   1   1 # 662 # 1588 # 1 # ID=855_1;partial=00;start_type=ATG;rbs_motif=None;rbs_spacer=None;gc_cont=0.437	96811
NODE_1900_length_1608_cov_21.9961_1 -          DUF772               PF05598.11   2.2e-18   66.6   0.0   5.9e-18   65.2   0.0   1.8   1   0   0   1   1   1   1 # 2 # 1258 # -1 # ID=856_1;partial=10;start_type=ATG;rbs_motif=TAAA;rbs_spacer=14bp;gc_cont=0.380	118882
NODE_2861_length_1373_cov_4.56904_1 -          DEDD_Tnp_IS110       PF01548.17   6.5e-27   94.9   0.0   1.2e-26   94.1   0.0   1.4   1   0   0   1   1   1   1 # 2 # 1177 # 1 # ID=1131_1;partial=10;start_type=Edge;rbs_motif=None;rbs_spacer=None;gc_cont=0.345	788374
NODE_2861_length_1373_cov_4.56904_1 -          Transposase_20       PF02371.16   2.5e-20   73.1   0.0   4.7e-20   72.3   0.0   1.5   1   0   0   1   1   1   1 # 2 # 1177 # 1 # ID=1131_1;partial=10;start_type=Edge;rbs_motif=None;rbs_spacer=None;gc_cont=0.345	788374
NODE_2920_length_1363_cov_28.052_2   -          DDE_Tnp_ISL3         PF01610.17   7.4e-15   55.9   1.0   1.7e-14   54.8   0.1   1.9   2   0   0   2   2   2   1 # 661 # 1362 # 1 # ID=1147_2;partial=01;start_type=ATG;rbs_motif=None;rbs_spacer=None;gc_cont=0.392	12889
NODE_2920_length_1363_cov_28.052_2  -          HTH_Tnp_ISL3         PF13542.6    6.1e-09   35.7   0.0   1.1e-08   34.9   0.0   1.5   1   0   0   1   1   1   1 # 661 # 1362 # 1 # ID=1147_2;partial=01;start_type=ATG;rbs_motif=None;rbs_spacer=None;gc_cont=0.392	12889
NODE_2920_length_1363_cov_28.052_2   -          zf-ISL3              PF14690.6    2.6e-11   44.6   1.7   4.5e-11   43.8   1.7   1.4   1   0   0   1   1   1   1 # 661 # 1362 # 1 # ID=1147_2;partial=01;start_type=ATG;rbs_motif=None;rbs_spacer=None;gc_cont=0.392	12889
NODE_2920_length_1363_cov_28.052_2   -          DDE_Tnp_ISL3         PF01610.17   7.4e-15   55.9   1.0   1.7e-14   54.8   0.1   1.9   2   0   0   2   2   2   1 # 661 # 1362 # 1 # ID=1147_2;partial=01;start_type=ATG;rbs_motif=None;rbs_spacer=None;gc_cont=0.392	539069
NODE_2920_length_1363_cov_28.052_2  -          HTH_Tnp_ISL3         PF13542.6    6.1e-09   35.7   0.0   1.1e-08   34.9   0.0   1.5   1   0   0   1   1   1   1 # 661 # 1362 # 1 # ID=1147_2;partial=01;start_type=ATG;rbs_motif=None;rbs_spacer=None;gc_cont=0.392	539069
NODE_2920_length_1363_cov_28.052_2   -          zf-ISL3              PF14690.6    2.6e-11   44.6   1.7   4.5e-11   43.8   1.7   1.4   1   0   0   1   1   1   1 # 661 # 1362 # 1 # ID=1147_2;partial=01;start_type=ATG;rbs_motif=None;rbs_spacer=None;gc_cont=0.392	539069
NODE_2920_length_1363_cov_28.052_2   -          DDE_Tnp_ISL3         PF01610.17   7.4e-15   55.9   1.0   1.7e-14   54.8   0.1   1.9   2   0   0   2   2   2   1 # 661 # 1362 # 1 # ID=1147_2;partial=01;start_type=ATG;rbs_motif=None;rbs_spacer=None;gc_cont=0.392	154933
NODE_2920_length_1363_cov_28.052_2  -          HTH_Tnp_ISL3         PF13542.6    6.1e-09   35.7   0.0   1.1e-08   34.9   0.0   1.5   1   0   0   1   1   1   1 # 661 # 1362 # 1 # ID=1147_2;partial=01;start_type=ATG;rbs_motif=None;rbs_spacer=None;gc_cont=0.392	154933
NODE_2920_length_1363_cov_28.052_2   -          zf-ISL3              PF14690.6    2.6e-11   44.6   1.7   4.5e-11   43.8   1.7   1.4   1   0   0   1   1   1   1 # 661 # 1362 # 1 # ID=1147_2;partial=01;start_type=ATG;rbs_motif=None;rbs_spacer=None;gc_cont=0.392	154933
NODE_2920_length_1363_cov_28.052_2   -          DDE_Tnp_ISL3         PF01610.17   7.4e-15   55.9   1.0   1.7e-14   54.8   0.1   1.9   2   0   0   2   2   2   1 # 661 # 1362 # 1 # ID=1147_2;partial=01;start_type=ATG;rbs_motif=None;rbs_spacer=None;gc_cont=0.392	68314
NODE_2920_length_1363_cov_28.052_2  -          HTH_Tnp_ISL3         PF13542.6    6.1e-09   35.7   0.0   1.1e-08   34.9   0.0   1.5   1   0   0   1   1   1   1 # 661 # 1362 # 1 # ID=1147_2;partial=01;start_type=ATG;rbs_motif=None;rbs_spacer=None;gc_cont=0.392	68314
NODE_2920_length_1363_cov_28.052_2   -          zf-ISL3              PF14690.6    2.6e-11   44.6   1.7   4.5e-11   43.8   1.7   1.4   1   0   0   1   1   1   1 # 661 # 1362 # 1 # ID=1147_2;partial=01;start_type=ATG;rbs_motif=None;rbs_spacer=None;gc_cont=0.392	68314
NODE_3068_length_1340_cov_4.73852_1 -          OrfB_IS605           PF01385.19   1.9e-26   93.2   0.9   4.1e-26   92.1   0.9   1.5   1   0   0   1   1   1   1 # 1 # 1338 # -1 # ID=1184_1;partial=11;start_type=Edge;rbs_motif=None;rbs_spacer=None;gc_cont=0.639	2203650
NODE_3068_length_1340_cov_4.73852_1 -          OrfB_Zn_ribbon       PF07282.11   5.6e-22   78.0   0.1     1e-21   77.2   0.1   1.5   1   0   0   1   1   1   1 # 1 # 1338 # -1 # ID=1184_1;partial=11;start_type=Edge;rbs_motif=None;rbs_spacer=None;gc_cont=0.639	2203650
NODE_3068_length_1340_cov_4.73852_1 -          OrfB_IS605           PF01385.19   1.9e-26   93.2   0.9   4.1e-26   92.1   0.9   1.5   1   0   0   1   1   1   1 # 1 # 1338 # -1 # ID=1184_1;partial=11;start_type=Edge;rbs_motif=None;rbs_spacer=None;gc_cont=0.639	5709409
NODE_3068_length_1340_cov_4.73852_1 -          OrfB_Zn_ribbon       PF07282.11   5.6e-22   78.0   0.1     1e-21   77.2   0.1   1.5   1   0   0   1   1   1   1 # 1 # 1338 # -1 # ID=1184_1;partial=11;start_type=Edge;rbs_motif=None;rbs_spacer=None;gc_cont=0.639	5709409
NODE_3072_length_1340_cov_18.9875_1 -          OrfB_IS605           PF01385.19   1.7e-28   99.9   0.1   3.4e-28   98.9   0.1   1.4   1   0   0   1   1   1   1 # 3 # 1340 # 1 # ID=1186_1;partial=11;start_type=Edge;rbs_motif=None;rbs_spacer=None;gc_cont=0.630	2503575
NODE_3072_length_1340_cov_18.9875_1 -          OrfB_Zn_ribbon       PF07282.11   5.1e-22   78.2   0.4   1.1e-21   77.1   0.4   1.6   1   0   0   1   1   1   1 # 3 # 1340 # 1 # ID=1186_1;partial=11;start_type=Edge;rbs_motif=None;rbs_spacer=None;gc_cont=0.630	2503575
NODE_3377_length_1286_cov_18.7482_2 -          DDE_Tnp_1            PF01609.21   1.4e-13   51.6   1.4   1.5e-13   51.5   1.4   1.0   1   0   0   1   1   1   1 # 1007 # 1285 # -1 # ID=1243_2;partial=01;start_type=Edge;rbs_motif=None;rbs_spacer=None;gc_cont=0.516	73977
NODE_3377_length_1286_cov_18.7482_2  -          DDE_Tnp_1_6          PF13751.6    3.1e-07   31.2   0.5   3.2e-07   31.2   0.5   1.1   1   0   0   1   1   1   1 # 1007 # 1285 # -1 # ID=1243_2;partial=01;start_type=Edge;rbs_motif=None;rbs_spacer=None;gc_cont=0.516	73977
NODE_3377_length_1286_cov_18.7482_2 -          DDE_Tnp_4            PF13359.6    4.2e-06   27.1   0.1   4.8e-06   26.9   0.1   1.1   1   0   0   1   1   1   1 # 1007 # 1285 # -1 # ID=1243_2;partial=01;start_type=Edge;rbs_motif=None;rbs_spacer=None;gc_cont=0.516	73977
NODE_3377_length_1286_cov_18.7482_2 -          DDE_Tnp_1            PF01609.21   1.4e-13   51.6   1.4   1.5e-13   51.5   1.4   1.0   1   0   0   1   1   1   1 # 1007 # 1285 # -1 # ID=1243_2;partial=01;start_type=Edge;rbs_motif=None;rbs_spacer=None;gc_cont=0.516	273013
NODE_3377_length_1286_cov_18.7482_2  -          DDE_Tnp_1_6          PF13751.6    3.1e-07   31.2   0.5   3.2e-07   31.2   0.5   1.1   1   0   0   1   1   1   1 # 1007 # 1285 # -1 # ID=1243_2;partial=01;start_type=Edge;rbs_motif=None;rbs_spacer=None;gc_cont=0.516	273013
NODE_3377_length_1286_cov_18.7482_2 -          DDE_Tnp_4            PF13359.6    4.2e-06   27.1   0.1   4.8e-06   26.9   0.1   1.1   1   0   0   1   1   1   1 # 1007 # 1285 # -1 # ID=1243_2;partial=01;start_type=Edge;rbs_motif=None;rbs_spacer=None;gc_cont=0.516	273013
NODE_3377_length_1286_cov_18.7482_2 -          DDE_Tnp_1            PF01609.21   1.4e-13   51.6   1.4   1.5e-13   51.5   1.4   1.0   1   0   0   1   1   1   1 # 1007 # 1285 # -1 # ID=1243_2;partial=01;start_type=Edge;rbs_motif=None;rbs_spacer=None;gc_cont=0.516	285488
NODE_3377_length_1286_cov_18.7482_2  -          DDE_Tnp_1_6          PF13751.6    3.1e-07   31.2   0.5   3.2e-07   31.2   0.5   1.1   1   0   0   1   1   1   1 # 1007 # 1285 # -1 # ID=1243_2;partial=01;start_type=Edge;rbs_motif=None;rbs_spacer=None;gc_cont=0.516	285488
NODE_3377_length_1286_cov_18.7482_2 -          DDE_Tnp_4            PF13359.6    4.2e-06   27.1   0.1   4.8e-06   26.9   0.1   1.1   1   0   0   1   1   1   1 # 1007 # 1285 # -1 # ID=1243_2;partial=01;start_type=Edge;rbs_motif=None;rbs_spacer=None;gc_cont=0.516	285488
NODE_3454_length_1274_cov_3.23626_1 -          OrfB_IS605           PF01385.19   3.4e-25   89.2   1.0   1.2e-24   87.5   0.1   2.1   1   1   1   2   2   2   1 # 197 # 1273 # -1 # ID=1260_1;partial=01;start_type=Edge;rbs_motif=None;rbs_spacer=None;gc_cont=0.401	270355
NODE_3454_length_1274_cov_3.23626_1 -          OrfB_Zn_ribbon       PF07282.11   1.1e-18   67.5   0.5     3e-18   66.1   0.5   1.9   1   0   0   1   1   1   1 # 197 # 1273 # -1 # ID=1260_1;partial=01;start_type=Edge;rbs_motif=None;rbs_spacer=None;gc_cont=0.401	270355
NODE_3454_length_1274_cov_3.23626_1 -          OrfB_IS605           PF01385.19   3.4e-25   89.2   1.0   1.2e-24   87.5   0.1   2.1   1   1   1   2   2   2   1 # 197 # 1273 # -1 # ID=1260_1;partial=01;start_type=Edge;rbs_motif=None;rbs_spacer=None;gc_cont=0.401	414207
NODE_3454_length_1274_cov_3.23626_1 -          OrfB_Zn_ribbon       PF07282.11   1.1e-18   67.5   0.5     3e-18   66.1   0.5   1.9   1   0   0   1   1   1   1 # 197 # 1273 # -1 # ID=1260_1;partial=01;start_type=Edge;rbs_motif=None;rbs_spacer=None;gc_cont=0.401	414207
NODE_3454_length_1274_cov_3.23626_1 -          OrfB_IS605           PF01385.19   3.4e-25   89.2   1.0   1.2e-24   87.5   0.1   2.1   1   1   1   2   2   2   1 # 197 # 1273 # -1 # ID=1260_1;partial=01;start_type=Edge;rbs_motif=None;rbs_spacer=None;gc_cont=0.401	364588
NODE_3454_length_1274_cov_3.23626_1 -          OrfB_Zn_ribbon       PF07282.11   1.1e-18   67.5   0.5     3e-18   66.1   0.5   1.9   1   0   0   1   1   1   1 # 197 # 1273 # -1 # ID=1260_1;partial=01;start_type=Edge;rbs_motif=None;rbs_spacer=None;gc_cont=0.401	364588
NODE_3928_length_1213_cov_4.019_1   -          OrfB_IS605           PF01385.19   9.7e-18   65.1   1.1   1.3e-17   64.7   0.1   1.7   2   0   0   2   2   2   1 # 1 # 747 # -1 # ID=1358_1;partial=10;start_type=ATG;rbs_motif=GGAG/GAGG;rbs_spacer=5-10bp;gc_cont=0.254	57933
NODE_4126_length_1192_cov_7.99033_1 -          DEDD_Tnp_IS110       PF01548.17   1.1e-21   77.9   0.8   2.2e-21   76.9   0.5   1.6   1   1   0   1   1   1   1 # 196 # 1152 # 1 # ID=1404_1;partial=00;start_type=ATG;rbs_motif=None;rbs_spacer=None;gc_cont=0.534	5709879
NODE_4126_length_1192_cov_7.99033_1 -          Transposase_20       PF02371.16   1.9e-18   67.1   0.7   4.8e-18   65.8   0.1   2.0   2   0   0   2   2   2   1 # 196 # 1152 # 1 # ID=1404_1;partial=00;start_type=ATG;rbs_motif=None;rbs_spacer=None;gc_cont=0.534	5709879
NODE_4126_length_1192_cov_7.99033_1 -          DEDD_Tnp_IS110       PF01548.17   1.1e-21   77.9   0.8   2.2e-21   76.9   0.5   1.6   1   1   0   1   1   1   1 # 196 # 1152 # 1 # ID=1404_1;partial=00;start_type=ATG;rbs_motif=None;rbs_spacer=None;gc_cont=0.534	513955
NODE_4126_length_1192_cov_7.99033_1 -          Transposase_20       PF02371.16   1.9e-18   67.1   0.7   4.8e-18   65.8   0.1   2.0   2   0   0   2   2   2   1 # 196 # 1152 # 1 # ID=1404_1;partial=00;start_type=ATG;rbs_motif=None;rbs_spacer=None;gc_cont=0.534	513955
NODE_4442_length_1155_cov_6.85545_1 -          PDDEXK_2             PF12784.7    2.7e-20   73.5   1.7   3.6e-20   73.1   1.7   1.2   1   0   0   1   1   1   1 # 82 # 1005 # -1 # ID=1467_1;partial=00;start_type=ATG;rbs_motif=AGGAG;rbs_spacer=5-10bp;gc_cont=0.440	261119
NODE_4627_length_1136_cov_9.61517_2 -          PDDEXK_2             PF12784.7    2.7e-17   63.7   0.7   3.7e-17   63.2   0.7   1.2   1   0   0   1   1   1   1 # 586 # 1134 # 1 # ID=1503_2;partial=01;start_type=ATG;rbs_motif=AGGAG;rbs_spacer=5-10bp;gc_cont=0.406	4344864
NODE_4627_length_1136_cov_9.61517_2 -          PDDEXK_2             PF12784.7    2.7e-17   63.7   0.7   3.7e-17   63.2   0.7   1.2   1   0   0   1   1   1   1 # 586 # 1134 # 1 # ID=1503_2;partial=01;start_type=ATG;rbs_motif=AGGAG;rbs_spacer=5-10bp;gc_cont=0.406	4344864
NODE_4940_length_1105_cov_12.9448_1 -          DDE_Tnp_1            PF01609.21   1.5e-16   61.3   0.3     2e-16   60.9   0.3   1.1   1   0   0   1   1   1   1 # 447 # 1103 # -1 # ID=1566_1;partial=01;start_type=Edge;rbs_motif=None;rbs_spacer=None;gc_cont=0.422	50558
NODE_5463_length_1060_cov_14.6169_1 -          DDE_Tnp_1_4          PF13701.6    1.7e-11   43.6   0.0   2.2e-11   43.3   0.0   1.1   1   0   0   1   1   1   1 # 1 # 1059 # 1 # ID=1673_1;partial=11;start_type=Edge;rbs_motif=None;rbs_spacer=None;gc_cont=0.448	111846
NODE_5463_length_1060_cov_14.6169_1 -          DDE_Tnp_1_4          PF13701.6    1.7e-11   43.6   0.0   2.2e-11   43.3   0.0   1.1   1   0   0   1   1   1   1 # 1 # 1059 # 1 # ID=1673_1;partial=11;start_type=Edge;rbs_motif=None;rbs_spacer=None;gc_cont=0.448	15317
NODE_5463_length_1060_cov_14.6169_1 -          DDE_Tnp_1_4          PF13701.6    1.7e-11   43.6   0.0   2.2e-11   43.3   0.0   1.1   1   0   0   1   1   1   1 # 1 # 1059 # 1 # ID=1673_1;partial=11;start_type=Edge;rbs_motif=None;rbs_spacer=None;gc_cont=0.448	62418
NODE_5463_length_1060_cov_14.6169_1 -          DDE_Tnp_1_4          PF13701.6    1.7e-11   43.6   0.0   2.2e-11   43.3   0.0   1.1   1   0   0   1   1   1   1 # 1 # 1059 # 1 # ID=1673_1;partial=11;start_type=Edge;rbs_motif=None;rbs_spacer=None;gc_cont=0.448	15317
NODE_5470_length_1059_cov_9.86355_1  -          DDE_Tnp_ISL3         PF01610.17   1.2e-50  173.0   7.4   1.6e-50  172.7   7.4   1.1   1   0   0   1   1   1   1 # 2 # 970 # 1 # ID=1674_1;partial=10;start_type=Edge;rbs_motif=None;rbs_spacer=None;gc_cont=0.376	360089
NODE_5470_length_1059_cov_9.86355_1 -          HTH_Tnp_ISL3         PF13542.6    3.5e-07   30.1   0.0   6.4e-07   29.3   0.0   1.5   1   0   0   1   1   1   1 # 2 # 970 # 1 # ID=1674_1;partial=10;start_type=Edge;rbs_motif=None;rbs_spacer=None;gc_cont=0.376	360089
NODE_5593_length_1050_cov_4.67236_2 -          Y1_Tnp               PF01797.16   3.8e-39  134.1   1.0   4.6e-39  133.9   1.0   1.1   1   0   0   1   1   1   1 # 372 # 833 # -1 # ID=1693_2;partial=00;start_type=ATG;rbs_motif=GGA/GAG/AGG;rbs_spacer=5-10bp;gc_cont=0.340	4624750
NODE_5593_length_1050_cov_4.67236_2 -          Y1_Tnp               PF01797.16   3.8e-39  134.1   1.0   4.6e-39  133.9   1.0   1.1   1   0   0   1   1   1   1 # 372 # 833 # -1 # ID=1693_2;partial=00;start_type=ATG;rbs_motif=GGA/GAG/AGG;rbs_spacer=5-10bp;gc_cont=0.340	4624750
NODE_6247_length_1006_cov_3.796_2   -          DDE_Tnp_1            PF01609.21   7.9e-07   29.5   1.8   1.2e-06   28.9   1.8   1.3   1   1   0   1   1   1   1 # 628 # 948 # 1 # ID=1827_2;partial=00;start_type=ATG;rbs_motif=None;rbs_spacer=None;gc_cont=0.455	98093
NODE_6247_length_1006_cov_3.796_2   -          DDE_Tnp_4            PF13359.6    4.2e-12   46.6   0.0   4.5e-12   46.5   0.0   1.0   1   0   0   1   1   1   1 # 628 # 948 # 1 # ID=1827_2;partial=00;start_type=ATG;rbs_motif=None;rbs_spacer=None;gc_cont=0.455	98093
NODE_6730_length_975_cov_4.42391_1  -          DDE_Tnp_1            PF01609.21   3.2e-20   73.3   0.1   1.2e-18   68.1   0.1   2.2   1   1   0   1   1   1   1 # 13 # 918 # -1 # ID=1914_1;partial=00;start_type=ATG;rbs_motif=AAAAA;rbs_spacer=5bp;gc_cont=0.389	60315
NODE_6730_length_975_cov_4.42391_1  -          DDE_Tnp_1_3          PF13612.6    6.7e-73  244.4   0.3   9.3e-73  244.0   0.3   1.2   1   0   0   1   1   1   1 # 13 # 918 # -1 # ID=1914_1;partial=00;start_type=ATG;rbs_motif=AAAAA;rbs_spacer=5bp;gc_cont=0.389	60315
NODE_6730_length_975_cov_4.42391_1  -          DDE_Tnp_1            PF01609.21   3.2e-20   73.3   0.1   1.2e-18   68.1   0.1   2.2   1   1   0   1   1   1   1 # 13 # 918 # -1 # ID=1914_1;partial=00;start_type=ATG;rbs_motif=AAAAA;rbs_spacer=5bp;gc_cont=0.389	12259
NODE_6730_length_975_cov_4.42391_1  -          DDE_Tnp_1_3          PF13612.6    6.7e-73  244.4   0.3   9.3e-73  244.0   0.3   1.2   1   0   0   1   1   1   1 # 13 # 918 # -1 # ID=1914_1;partial=00;start_type=ATG;rbs_motif=AAAAA;rbs_spacer=5bp;gc_cont=0.389	12259
NODE_6730_length_975_cov_4.42391_1  -          DDE_Tnp_1            PF01609.21   3.2e-20   73.3   0.1   1.2e-18   68.1   0.1   2.2   1   1   0   1   1   1   1 # 13 # 918 # -1 # ID=1914_1;partial=00;start_type=ATG;rbs_motif=AAAAA;rbs_spacer=5bp;gc_cont=0.389	1301456
NODE_6730_length_975_cov_4.42391_1  -          DDE_Tnp_1_3          PF13612.6    6.7e-73  244.4   0.3   9.3e-73  244.0   0.3   1.2   1   0   0   1   1   1   1 # 13 # 918 # -1 # ID=1914_1;partial=00;start_type=ATG;rbs_motif=AAAAA;rbs_spacer=5bp;gc_cont=0.389	1301456
NODE_7039_length_957_cov_3.398_1    -          DDE_Tnp_1            PF01609.21   3.8e-09   37.1   0.0   6.2e-09   36.4   0.0   1.3   1   0   0   1   1   1   1 # 35 # 955 # -1 # ID=1975_1;partial=01;start_type=Edge;rbs_motif=None;rbs_spacer=None;gc_cont=0.454	3973
NODE_7889_length_917_cov_20.2401_1  -          DDE_Tnp_1            PF01609.21   1.4e-13   51.6   1.4   1.5e-13   51.5   1.4   1.0   1   0   0   1   1   1   1 # 2 # 280 # 1 # ID=2115_1;partial=10;start_type=Edge;rbs_motif=None;rbs_spacer=None;gc_cont=0.520	125915
NODE_7889_length_917_cov_20.2401_1   -          DDE_Tnp_1_6          PF13751.6    3.1e-07   31.2   0.5   3.2e-07   31.2   0.5   1.1   1   0   0   1   1   1   1 # 2 # 280 # 1 # ID=2115_1;partial=10;start_type=Edge;rbs_motif=None;rbs_spacer=None;gc_cont=0.520	125915
NODE_7889_length_917_cov_20.2401_1  -          DDE_Tnp_4            PF13359.6    4.2e-06   27.1   0.1   4.8e-06   26.9   0.1   1.1   1   0   0   1   1   1   1 # 2 # 280 # 1 # ID=2115_1;partial=10;start_type=Edge;rbs_motif=None;rbs_spacer=None;gc_cont=0.520	125915
NODE_7889_length_917_cov_20.2401_1  -          DDE_Tnp_1            PF01609.21   1.4e-13   51.6   1.4   1.5e-13   51.5   1.4   1.0   1   0   0   1   1   1   1 # 2 # 280 # 1 # ID=2115_1;partial=10;start_type=Edge;rbs_motif=None;rbs_spacer=None;gc_cont=0.520	273013
NODE_7889_length_917_cov_20.2401_1   -          DDE_Tnp_1_6          PF13751.6    3.1e-07   31.2   0.5   3.2e-07   31.2   0.5   1.1   1   0   0   1   1   1   1 # 2 # 280 # 1 # ID=2115_1;partial=10;start_type=Edge;rbs_motif=None;rbs_spacer=None;gc_cont=0.520	273013
NODE_7889_length_917_cov_20.2401_1  -          DDE_Tnp_4            PF13359.6    4.2e-06   27.1   0.1   4.8e-06   26.9   0.1   1.1   1   0   0   1   1   1   1 # 2 # 280 # 1 # ID=2115_1;partial=10;start_type=Edge;rbs_motif=None;rbs_spacer=None;gc_cont=0.520	273013
NODE_7889_length_917_cov_20.2401_1  -          DDE_Tnp_1            PF01609.21   1.4e-13   51.6   1.4   1.5e-13   51.5   1.4   1.0   1   0   0   1   1   1   1 # 2 # 280 # 1 # ID=2115_1;partial=10;start_type=Edge;rbs_motif=None;rbs_spacer=None;gc_cont=0.520	115235
NODE_7889_length_917_cov_20.2401_1   -          DDE_Tnp_1_6          PF13751.6    3.1e-07   31.2   0.5   3.2e-07   31.2   0.5   1.1   1   0   0   1   1   1   1 # 2 # 280 # 1 # ID=2115_1;partial=10;start_type=Edge;rbs_motif=None;rbs_spacer=None;gc_cont=0.520	115235
NODE_7889_length_917_cov_20.2401_1  -          DDE_Tnp_4            PF13359.6    4.2e-06   27.1   0.1   4.8e-06   26.9   0.1   1.1   1   0   0   1   1   1   1 # 2 # 280 # 1 # ID=2115_1;partial=10;start_type=Edge;rbs_motif=None;rbs_spacer=None;gc_cont=0.520	115235
NODE_7889_length_917_cov_20.2401_1  -          DDE_Tnp_1            PF01609.21   1.4e-13   51.6   1.4   1.5e-13   51.5   1.4   1.0   1   0   0   1   1   1   1 # 2 # 280 # 1 # ID=2115_1;partial=10;start_type=Edge;rbs_motif=None;rbs_spacer=None;gc_cont=0.520	196432
NODE_7889_length_917_cov_20.2401_1   -          DDE_Tnp_1_6          PF13751.6    3.1e-07   31.2   0.5   3.2e-07   31.2   0.5   1.1   1   0   0   1   1   1   1 # 2 # 280 # 1 # ID=2115_1;partial=10;start_type=Edge;rbs_motif=None;rbs_spacer=None;gc_cont=0.520	196432
NODE_7889_length_917_cov_20.2401_1  -          DDE_Tnp_4            PF13359.6    4.2e-06   27.1   0.1   4.8e-06   26.9   0.1   1.1   1   0   0   1   1   1   1 # 2 # 280 # 1 # ID=2115_1;partial=10;start_type=Edge;rbs_motif=None;rbs_spacer=None;gc_cont=0.520	196432
NODE_7889_length_917_cov_20.2401_1  -          DDE_Tnp_1            PF01609.21   1.4e-13   51.6   1.4   1.5e-13   51.5   1.4   1.0   1   0   0   1   1   1   1 # 2 # 280 # 1 # ID=2115_1;partial=10;start_type=Edge;rbs_motif=None;rbs_spacer=None;gc_cont=0.520	413832
NODE_7889_length_917_cov_20.2401_1   -          DDE_Tnp_1_6          PF13751.6    3.1e-07   31.2   0.5   3.2e-07   31.2   0.5   1.1   1   0   0   1   1   1   1 # 2 # 280 # 1 # ID=2115_1;partial=10;start_type=Edge;rbs_motif=None;rbs_spacer=None;gc_cont=0.520	413832
NODE_7889_length_917_cov_20.2401_1  -          DDE_Tnp_4            PF13359.6    4.2e-06   27.1   0.1   4.8e-06   26.9   0.1   1.1   1   0   0   1   1   1   1 # 2 # 280 # 1 # ID=2115_1;partial=10;start_type=Edge;rbs_motif=None;rbs_spacer=None;gc_cont=0.520	413832
NODE_7889_length_917_cov_20.2401_1  -          DDE_Tnp_1            PF01609.21   1.4e-13   51.6   1.4   1.5e-13   51.5   1.4   1.0   1   0   0   1   1   1   1 # 2 # 280 # 1 # ID=2115_1;partial=10;start_type=Edge;rbs_motif=None;rbs_spacer=None;gc_cont=0.520	246121
NODE_7889_length_917_cov_20.2401_1   -          DDE_Tnp_1_6          PF13751.6    3.1e-07   31.2   0.5   3.2e-07   31.2   0.5   1.1   1   0   0   1   1   1   1 # 2 # 280 # 1 # ID=2115_1;partial=10;start_type=Edge;rbs_motif=None;rbs_spacer=None;gc_cont=0.520	246121
NODE_7889_length_917_cov_20.2401_1  -          DDE_Tnp_4            PF13359.6    4.2e-06   27.1   0.1   4.8e-06   26.9   0.1   1.1   1   0   0   1   1   1   1 # 2 # 280 # 1 # ID=2115_1;partial=10;start_type=Edge;rbs_motif=None;rbs_spacer=None;gc_cont=0.520	246121
NODE_8528_length_888_cov_7.80312_1   -          DDE_Tnp_ISL3         PF01610.17   4.7e-16   59.8   0.9   7.9e-16   59.1   0.1   1.8   2   0   0   2   2   2   1 # 3 # 746 # -1 # ID=2239_1;partial=10;start_type=ATG;rbs_motif=TAA;rbs_spacer=8bp;gc_cont=0.383	5709384
NODE_8528_length_888_cov_7.80312_1  -          HTH_Tnp_ISL3         PF13542.6    4.1e-10   39.5   0.0   7.1e-10   38.7   0.0   1.4   1   0   0   1   1   1   1 # 3 # 746 # -1 # ID=2239_1;partial=10;start_type=ATG;rbs_motif=TAA;rbs_spacer=8bp;gc_cont=0.383	5709384
NODE_8528_length_888_cov_7.80312_1   -          zf-ISL3              PF14690.6    1.2e-12   48.9   1.4   2.1e-12   48.0   1.4   1.5   1   0   0   1   1   1   1 # 3 # 746 # -1 # ID=2239_1;partial=10;start_type=ATG;rbs_motif=TAA;rbs_spacer=8bp;gc_cont=0.383	5709384
NODE_8528_length_888_cov_7.80312_1   -          DDE_Tnp_ISL3         PF01610.17   4.7e-16   59.8   0.9   7.9e-16   59.1   0.1   1.8   2   0   0   2   2   2   1 # 3 # 746 # -1 # ID=2239_1;partial=10;start_type=ATG;rbs_motif=TAA;rbs_spacer=8bp;gc_cont=0.383	7465
NODE_8528_length_888_cov_7.80312_1  -          HTH_Tnp_ISL3         PF13542.6    4.1e-10   39.5   0.0   7.1e-10   38.7   0.0   1.4   1   0   0   1   1   1   1 # 3 # 746 # -1 # ID=2239_1;partial=10;start_type=ATG;rbs_motif=TAA;rbs_spacer=8bp;gc_cont=0.383	7465
NODE_8528_length_888_cov_7.80312_1   -          zf-ISL3              PF14690.6    1.2e-12   48.9   1.4   2.1e-12   48.0   1.4   1.5   1   0   0   1   1   1   1 # 3 # 746 # -1 # ID=2239_1;partial=10;start_type=ATG;rbs_motif=TAA;rbs_spacer=8bp;gc_cont=0.383	7465
NODE_8528_length_888_cov_7.80312_1   -          DDE_Tnp_ISL3         PF01610.17   4.7e-16   59.8   0.9   7.9e-16   59.1   0.1   1.8   2   0   0   2   2   2   1 # 3 # 746 # -1 # ID=2239_1;partial=10;start_type=ATG;rbs_motif=TAA;rbs_spacer=8bp;gc_cont=0.383	4993028
NODE_8528_length_888_cov_7.80312_1  -          HTH_Tnp_ISL3         PF13542.6    4.1e-10   39.5   0.0   7.1e-10   38.7   0.0   1.4   1   0   0   1   1   1   1 # 3 # 746 # -1 # ID=2239_1;partial=10;start_type=ATG;rbs_motif=TAA;rbs_spacer=8bp;gc_cont=0.383	4993028
NODE_8528_length_888_cov_7.80312_1   -          zf-ISL3              PF14690.6    1.2e-12   48.9   1.4   2.1e-12   48.0   1.4   1.5   1   0   0   1   1   1   1 # 3 # 746 # -1 # ID=2239_1;partial=10;start_type=ATG;rbs_motif=TAA;rbs_spacer=8bp;gc_cont=0.383	4993028
NODE_8912_length_873_cov_2.74083_1    -          Transposase_mut      PF00872.18   2.4e-08   33.8   0.1   3.1e-08   33.5   0.1   1.1   1   0   0   1   1   1   1 # 1 # 582 # -1 # ID=2320_1;partial=10;start_type=ATG;rbs_motif=GGAGG;rbs_spacer=5-10bp;gc_cont=0.395	1930401
NODE_8912_length_873_cov_2.74083_1    -          Transposase_mut      PF00872.18   2.4e-08   33.8   0.1   3.1e-08   33.5   0.1   1.1   1   0   0   1   1   1   1 # 1 # 582 # -1 # ID=2320_1;partial=10;start_type=ATG;rbs_motif=GGAGG;rbs_spacer=5-10bp;gc_cont=0.395	1930401
NODE_8937_length_872_cov_6.64871_1  -          Transposase_20       PF02371.16   8.4e-17   61.8   0.0   1.7e-16   60.9   0.0   1.5   1   1   1   2   2   2   1 # 2 # 376 # 1 # ID=2328_1;partial=10;start_type=Edge;rbs_motif=None;rbs_spacer=None;gc_cont=0.405	1269186
NODE_8937_length_872_cov_6.64871_1  -          Transposase_20       PF02371.16   8.4e-17   61.8   0.0   1.7e-16   60.9   0.0   1.5   1   1   1   2   2   2   1 # 2 # 376 # 1 # ID=2328_1;partial=10;start_type=Edge;rbs_motif=None;rbs_spacer=None;gc_cont=0.405	485040
NODE_8937_length_872_cov_6.64871_1  -          Transposase_20       PF02371.16   8.4e-17   61.8   0.0   1.7e-16   60.9   0.0   1.5   1   1   1   2   2   2   1 # 2 # 376 # 1 # ID=2328_1;partial=10;start_type=Edge;rbs_motif=None;rbs_spacer=None;gc_cont=0.405	485040
NODE_9502_length_849_cov_3.51763_1  -          DUF772               PF05598.11   1.9e-18   66.8   0.0   3.4e-18   66.0   0.0   1.4   1   0   0   1   1   1   1 # 3 # 692 # -1 # ID=2411_1;partial=10;start_type=ATG;rbs_motif=AGxAGG/AGGxGG;rbs_spacer=5-10bp;gc_cont=0.275	2203648
NODE_9502_length_849_cov_3.51763_1  -          DUF772               PF05598.11   1.9e-18   66.8   0.0   3.4e-18   66.0   0.0   1.4   1   0   0   1   1   1   1 # 3 # 692 # -1 # ID=2411_1;partial=10;start_type=ATG;rbs_motif=AGxAGG/AGGxGG;rbs_spacer=5-10bp;gc_cont=0.275	2203648
NODE_9502_length_849_cov_3.51763_1  -          DUF772               PF05598.11   1.9e-18   66.8   0.0   3.4e-18   66.0   0.0   1.4   1   0   0   1   1   1   1 # 3 # 692 # -1 # ID=2411_1;partial=10;start_type=ATG;rbs_motif=AGxAGG/AGGxGG;rbs_spacer=5-10bp;gc_cont=0.275	3784617
NODE_9828_length_836_cov_38.9206_1  -          OrfB_IS605           PF01385.19   2.6e-27   96.0   0.2   4.4e-27   95.3   0.2   1.3   1   0   0   1   1   1   1 # 1 # 816 # 1 # ID=2464_1;partial=10;start_type=Edge;rbs_motif=None;rbs_spacer=None;gc_cont=0.642	2503575
NODE_9828_length_836_cov_38.9206_1  -          OrfB_Zn_ribbon       PF07282.11   6.4e-23   81.0   0.2   1.4e-22   80.0   0.2   1.6   2   0   0   2   2   2   1 # 1 # 816 # 1 # ID=2464_1;partial=10;start_type=Edge;rbs_motif=None;rbs_spacer=None;gc_cont=0.642	2503575
NODE_10311_length_820_cov_8.33072_1 -          DDE_Tnp_1            PF01609.21   6.9e-06   26.5   0.0   7.4e-06   26.4   0.0   1.1   1   0   0   1   1   1   1 # 3 # 314 # 1 # ID=2536_1;partial=10;start_type=Edge;rbs_motif=None;rbs_spacer=None;gc_cont=0.407	5709361
NODE_10311_length_820_cov_8.33072_1  -          DDE_Tnp_1_6          PF13751.6    1.3e-13   51.9   0.0   1.5e-13   51.6   0.0   1.1   1   0   0   1   1   1   1 # 3 # 314 # 1 # ID=2536_1;partial=10;start_type=Edge;rbs_motif=None;rbs_spacer=None;gc_cont=0.407	5709361
NODE_10311_length_820_cov_8.33072_1 -          DDE_Tnp_1            PF01609.21   6.9e-06   26.5   0.0   7.4e-06   26.4   0.0   1.1   1   0   0   1   1   1   1 # 3 # 314 # 1 # ID=2536_1;partial=10;start_type=Edge;rbs_motif=None;rbs_spacer=None;gc_cont=0.407	532395
NODE_10311_length_820_cov_8.33072_1  -          DDE_Tnp_1_6          PF13751.6    1.3e-13   51.9   0.0   1.5e-13   51.6   0.0   1.1   1   0   0   1   1   1   1 # 3 # 314 # 1 # ID=2536_1;partial=10;start_type=Edge;rbs_motif=None;rbs_spacer=None;gc_cont=0.407	532395
NODE_10311_length_820_cov_8.33072_1 -          DDE_Tnp_1            PF01609.21   6.9e-06   26.5   0.0   7.4e-06   26.4   0.0   1.1   1   0   0   1   1   1   1 # 3 # 314 # 1 # ID=2536_1;partial=10;start_type=Edge;rbs_motif=None;rbs_spacer=None;gc_cont=0.407	869411
NODE_10311_length_820_cov_8.33072_1  -          DDE_Tnp_1_6          PF13751.6    1.3e-13   51.9   0.0   1.5e-13   51.6   0.0   1.1   1   0   0   1   1   1   1 # 3 # 314 # 1 # ID=2536_1;partial=10;start_type=Edge;rbs_motif=None;rbs_spacer=None;gc_cont=0.407	869411
NODE_10565_length_811_cov_2.31746_1 -          DDE_Tnp_1            PF01609.21   1.7e-32  113.4   2.9     2e-32  113.2   2.9   1.0   1   0   0   1   1   1   1 # 1 # 510 # 1 # ID=2581_1;partial=10;start_type=Edge;rbs_motif=None;rbs_spacer=None;gc_cont=0.439	6251770
NODE_10565_length_811_cov_2.31746_1   -          DDE_Tnp_1_2          PF13586.6    1.6e-07   32.2   1.8   2.5e-07   31.6   0.9   1.7   2   0   0   2   2   2   1 # 1 # 510 # 1 # ID=2581_1;partial=10;start_type=Edge;rbs_motif=None;rbs_spacer=None;gc_cont=0.439	6251770
NODE_10565_length_811_cov_2.31746_1 -          DDE_Tnp_1_3          PF13612.6    1.9e-06   28.6   0.1   2.5e-06   28.2   0.1   1.2   1   0   0   1   1   1   1 # 1 # 510 # 1 # ID=2581_1;partial=10;start_type=Edge;rbs_motif=None;rbs_spacer=None;gc_cont=0.439	6251770
NODE_10565_length_811_cov_2.31746_1  -          DDE_Tnp_1_6          PF13751.6    3.2e-07   31.2   1.6   5.1e-07   30.5   1.6   1.3   1   0   0   1   1   1   1 # 1 # 510 # 1 # ID=2581_1;partial=10;start_type=Edge;rbs_motif=None;rbs_spacer=None;gc_cont=0.439	6251770
NODE_10565_length_811_cov_2.31746_1 -          DDE_Tnp_4            PF13359.6    9.3e-07   29.2   0.1   1.1e-06   28.9   0.1   1.1   1   0   0   1   1   1   1 # 1 # 510 # 1 # ID=2581_1;partial=10;start_type=Edge;rbs_motif=None;rbs_spacer=None;gc_cont=0.439	6251770
NODE_10572_length_811_cov_4.21693_1 -          HTH_Tnp_ISL3         PF13542.6    4.2e-06   26.7   0.0     6e-06   26.2   0.0   1.2   1   0   0   1   1   1   1 # 191 # 811 # 1 # ID=2585_1;partial=01;start_type=ATG;rbs_motif=None;rbs_spacer=None;gc_cont=0.271	113772
NODE_10572_length_811_cov_4.21693_1  -          zf-ISL3              PF14690.6    1.7e-07   32.4  11.0     3e-07   31.6  11.0   1.5   1   0   0   1   1   1   1 # 191 # 811 # 1 # ID=2585_1;partial=01;start_type=ATG;rbs_motif=None;rbs_spacer=None;gc_cont=0.271	113772
NODE_12745_length_749_cov_2.92651_1  -          DDE_Tnp_ISL3         PF01610.17   2.6e-51  175.3   6.2   2.9e-51  175.1   6.2   1.0   1   0   0   1   1   1   1 # 1 # 747 # -1 # ID=2905_1;partial=11;start_type=Edge;rbs_motif=None;rbs_spacer=None;gc_cont=0.375	360089
NODE_12745_length_749_cov_2.92651_1  -          DDE_Tnp_ISL3         PF01610.17   2.6e-51  175.3   6.2   2.9e-51  175.1   6.2   1.0   1   0   0   1   1   1   1 # 1 # 747 # -1 # ID=2905_1;partial=11;start_type=Edge;rbs_motif=None;rbs_spacer=None;gc_cont=0.375	77200
NODE_12970_length_744_cov_91.1597_1 -          DDE_Tnp_1            PF01609.21   1.6e-23   84.1   0.3   2.5e-23   83.4   0.3   1.3   1   0   0   1   1   1   1 # 1 # 744 # -1 # ID=2933_1;partial=11;start_type=Edge;rbs_motif=None;rbs_spacer=None;gc_cont=0.524	986163
NODE_12970_length_744_cov_91.1597_1 -          DDE_Tnp_1_3          PF13612.6    2.7e-06   28.1   0.0   4.7e-06   27.3   0.0   1.5   1   1   0   1   1   1   1 # 1 # 744 # -1 # ID=2933_1;partial=11;start_type=Edge;rbs_motif=None;rbs_spacer=None;gc_cont=0.524	986163
NODE_12970_length_744_cov_91.1597_1 -          DUF772               PF05598.11   8.2e-19   68.0   0.1   1.5e-18   67.1   0.1   1.4   1   0   0   1   1   1   1 # 1 # 744 # -1 # ID=2933_1;partial=11;start_type=Edge;rbs_motif=None;rbs_spacer=None;gc_cont=0.524	986163
NODE_12970_length_744_cov_91.1597_1 -          DDE_Tnp_1            PF01609.21   1.6e-23   84.1   0.3   2.5e-23   83.4   0.3   1.3   1   0   0   1   1   1   1 # 1 # 744 # -1 # ID=2933_1;partial=11;start_type=Edge;rbs_motif=None;rbs_spacer=None;gc_cont=0.524	285488
NODE_12970_length_744_cov_91.1597_1 -          DDE_Tnp_1_3          PF13612.6    2.7e-06   28.1   0.0   4.7e-06   27.3   0.0   1.5   1   1   0   1   1   1   1 # 1 # 744 # -1 # ID=2933_1;partial=11;start_type=Edge;rbs_motif=None;rbs_spacer=None;gc_cont=0.524	285488
NODE_12970_length_744_cov_91.1597_1 -          DUF772               PF05598.11   8.2e-19   68.0   0.1   1.5e-18   67.1   0.1   1.4   1   0   0   1   1   1   1 # 1 # 744 # -1 # ID=2933_1;partial=11;start_type=Edge;rbs_motif=None;rbs_spacer=None;gc_cont=0.524	285488
NODE_12970_length_744_cov_91.1597_1 -          DDE_Tnp_1            PF01609.21   1.6e-23   84.1   0.3   2.5e-23   83.4   0.3   1.3   1   0   0   1   1   1   1 # 1 # 744 # -1 # ID=2933_1;partial=11;start_type=Edge;rbs_motif=None;rbs_spacer=None;gc_cont=0.524	125915
NODE_12970_length_744_cov_91.1597_1 -          DDE_Tnp_1_3          PF13612.6    2.7e-06   28.1   0.0   4.7e-06   27.3   0.0   1.5   1   1   0   1   1   1   1 # 1 # 744 # -1 # ID=2933_1;partial=11;start_type=Edge;rbs_motif=None;rbs_spacer=None;gc_cont=0.524	125915
NODE_12970_length_744_cov_91.1597_1 -          DUF772               PF05598.11   8.2e-19   68.0   0.1   1.5e-18   67.1   0.1   1.4   1   0   0   1   1   1   1 # 1 # 744 # -1 # ID=2933_1;partial=11;start_type=Edge;rbs_motif=None;rbs_spacer=None;gc_cont=0.524	125915
NODE_12970_length_744_cov_91.1597_1 -          DDE_Tnp_1            PF01609.21   1.6e-23   84.1   0.3   2.5e-23   83.4   0.3   1.3   1   0   0   1   1   1   1 # 1 # 744 # -1 # ID=2933_1;partial=11;start_type=Edge;rbs_motif=None;rbs_spacer=None;gc_cont=0.524	28154
NODE_12970_length_744_cov_91.1597_1 -          DDE_Tnp_1_3          PF13612.6    2.7e-06   28.1   0.0   4.7e-06   27.3   0.0   1.5   1   1   0   1   1   1   1 # 1 # 744 # -1 # ID=2933_1;partial=11;start_type=Edge;rbs_motif=None;rbs_spacer=None;gc_cont=0.524	28154
NODE_12970_length_744_cov_91.1597_1 -          DUF772               PF05598.11   8.2e-19   68.0   0.1   1.5e-18   67.1   0.1   1.4   1   0   0   1   1   1   1 # 1 # 744 # -1 # ID=2933_1;partial=11;start_type=Edge;rbs_motif=None;rbs_spacer=None;gc_cont=0.524	28154
NODE_12970_length_744_cov_91.1597_1 -          DDE_Tnp_1            PF01609.21   1.6e-23   84.1   0.3   2.5e-23   83.4   0.3   1.3   1   0   0   1   1   1   1 # 1 # 744 # -1 # ID=2933_1;partial=11;start_type=Edge;rbs_motif=None;rbs_spacer=None;gc_cont=0.524	28154
NODE_12970_length_744_cov_91.1597_1 -          DDE_Tnp_1_3          PF13612.6    2.7e-06   28.1   0.0   4.7e-06   27.3   0.0   1.5   1   1   0   1   1   1   1 # 1 # 744 # -1 # ID=2933_1;partial=11;start_type=Edge;rbs_motif=None;rbs_spacer=None;gc_cont=0.524	28154
NODE_12970_length_744_cov_91.1597_1 -          DUF772               PF05598.11   8.2e-19   68.0   0.1   1.5e-18   67.1   0.1   1.4   1   0   0   1   1   1   1 # 1 # 744 # -1 # ID=2933_1;partial=11;start_type=Edge;rbs_motif=None;rbs_spacer=None;gc_cont=0.524	28154
NODE_12970_length_744_cov_91.1597_1 -          DDE_Tnp_1            PF01609.21   1.6e-23   84.1   0.3   2.5e-23   83.4   0.3   1.3   1   0   0   1   1   1   1 # 1 # 744 # -1 # ID=2933_1;partial=11;start_type=Edge;rbs_motif=None;rbs_spacer=None;gc_cont=0.524	1710803
NODE_12970_length_744_cov_91.1597_1 -          DDE_Tnp_1_3          PF13612.6    2.7e-06   28.1   0.0   4.7e-06   27.3   0.0   1.5   1   1   0   1   1   1   1 # 1 # 744 # -1 # ID=2933_1;partial=11;start_type=Edge;rbs_motif=None;rbs_spacer=None;gc_cont=0.524	1710803
NODE_12970_length_744_cov_91.1597_1 -          DUF772               PF05598.11   8.2e-19   68.0   0.1   1.5e-18   67.1   0.1   1.4   1   0   0   1   1   1   1 # 1 # 744 # -1 # ID=2933_1;partial=11;start_type=Edge;rbs_motif=None;rbs_spacer=None;gc_cont=0.524	1710803
NODE_12970_length_744_cov_91.1597_1 -          DDE_Tnp_1            PF01609.21   1.6e-23   84.1   0.3   2.5e-23   83.4   0.3   1.3   1   0   0   1   1   1   1 # 1 # 744 # -1 # ID=2933_1;partial=11;start_type=Edge;rbs_motif=None;rbs_spacer=None;gc_cont=0.524	196646
NODE_12970_length_744_cov_91.1597_1 -          DDE_Tnp_1_3          PF13612.6    2.7e-06   28.1   0.0   4.7e-06   27.3   0.0   1.5   1   1   0   1   1   1   1 # 1 # 744 # -1 # ID=2933_1;partial=11;start_type=Edge;rbs_motif=None;rbs_spacer=None;gc_cont=0.524	196646
NODE_12970_length_744_cov_91.1597_1 -          DUF772               PF05598.11   8.2e-19   68.0   0.1   1.5e-18   67.1   0.1   1.4   1   0   0   1   1   1   1 # 1 # 744 # -1 # ID=2933_1;partial=11;start_type=Edge;rbs_motif=None;rbs_spacer=None;gc_cont=0.524	196646
NODE_12970_length_744_cov_91.1597_1 -          DDE_Tnp_1            PF01609.21   1.6e-23   84.1   0.3   2.5e-23   83.4   0.3   1.3   1   0   0   1   1   1   1 # 1 # 744 # -1 # ID=2933_1;partial=11;start_type=Edge;rbs_motif=None;rbs_spacer=None;gc_cont=0.524	5709350
NODE_12970_length_744_cov_91.1597_1 -          DDE_Tnp_1_3          PF13612.6    2.7e-06   28.1   0.0   4.7e-06   27.3   0.0   1.5   1   1   0   1   1   1   1 # 1 # 744 # -1 # ID=2933_1;partial=11;start_type=Edge;rbs_motif=None;rbs_spacer=None;gc_cont=0.524	5709350
NODE_12970_length_744_cov_91.1597_1 -          DUF772               PF05598.11   8.2e-19   68.0   0.1   1.5e-18   67.1   0.1   1.4   1   0   0   1   1   1   1 # 1 # 744 # -1 # ID=2933_1;partial=11;start_type=Edge;rbs_motif=None;rbs_spacer=None;gc_cont=0.524	5709350
NODE_13506_length_731_cov_1.63757_1  -          HTH_Tnp_1            PF01527.20   1.1e-10   42.2   1.0   1.9e-10   41.5   1.0   1.5   1   1   0   1   1   1   1 # 244 # 525 # -1 # ID=3004_1;partial=00;start_type=ATG;rbs_motif=GGA/GAG/AGG;rbs_spacer=5-10bp;gc_cont=0.603	142429
NODE_13506_length_731_cov_1.63757_1  -          HTH_Tnp_1            PF01527.20   1.1e-10   42.2   1.0   1.9e-10   41.5   1.0   1.5   1   1   0   1   1   1   1 # 244 # 525 # -1 # ID=3004_1;partial=00;start_type=ATG;rbs_motif=GGA/GAG/AGG;rbs_spacer=5-10bp;gc_cont=0.603	142429
NODE_14101_length_719_cov_4.91566_1  -          DDE_Tnp_ISL3         PF01610.17   3.1e-26   93.1   1.2   3.6e-26   92.9   1.2   1.0   1   0   0   1   1   1   1 # 3 # 464 # 1 # ID=3097_1;partial=10;start_type=Edge;rbs_motif=None;rbs_spacer=None;gc_cont=0.303	2203739
NODE_14772_length_705_cov_12.6385_1  -          DDE_Tnp_ISL3         PF01610.17   4.6e-32  112.3   3.9   5.2e-32  112.1   3.9   1.0   1   0   0   1   1   1   1 # 2 # 703 # -1 # ID=3199_1;partial=11;start_type=Edge;rbs_motif=None;rbs_spacer=None;gc_cont=0.385	360089
NODE_15506_length_690_cov_3.31811_1 -          DUF772               PF05598.11   1.2e-12   48.2   0.1   2.1e-12   47.5   0.1   1.4   1   0   0   1   1   1   1 # 209 # 688 # 1 # ID=3299_1;partial=01;start_type=ATG;rbs_motif=TAA;rbs_spacer=3bp;gc_cont=0.354	6671929
NODE_16173_length_678_cov_6.50562_1  -          DDE_Tnp_ISL3         PF01610.17   8.5e-49  167.0   0.9   9.6e-49  166.9   0.9   1.0   1   0   0   1   1   1   1 # 2 # 676 # -1 # ID=3394_1;partial=11;start_type=Edge;rbs_motif=None;rbs_spacer=None;gc_cont=0.290	42766
NODE_18279_length_643_cov_2.16837_1 -          DDE_Tnp_IS240        PF13610.6    3.8e-09   37.5   0.3   4.9e-09   37.1   0.3   1.1   1   0   0   1   1   1   1 # 156 # 641 # -1 # ID=3680_1;partial=01;start_type=Edge;rbs_motif=None;rbs_spacer=None;gc_cont=0.372	5709849
NODE_18787_length_636_cov_17.8003_1  -          DDE_Tnp_ISL3         PF01610.17   3.7e-36  125.6   7.1   4.2e-36  125.5   7.1   1.0   1   0   0   1   1   1   1 # 35 # 634 # -1 # ID=3742_1;partial=01;start_type=Edge;rbs_motif=None;rbs_spacer=None;gc_cont=0.380	36764
NODE_18787_length_636_cov_17.8003_1  -          DDE_Tnp_ISL3         PF01610.17   3.7e-36  125.6   7.1   4.2e-36  125.5   7.1   1.0   1   0   0   1   1   1   1 # 35 # 634 # -1 # ID=3742_1;partial=01;start_type=Edge;rbs_motif=None;rbs_spacer=None;gc_cont=0.380	4344770
NODE_19892_length_620_cov_2.5292_1   -          DDE_Tnp_IS1595       PF12762.7    3.5e-06   27.7   0.1   4.5e-06   27.3   0.1   1.1   1   0   0   1   1   1   1 # 3 # 245 # -1 # ID=3882_1;partial=10;start_type=ATG;rbs_motif=TAAAAA;rbs_spacer=9bp;gc_cont=0.424	666561
NODE_20281_length_615_cov_4.89821_1  -          zf-ISL3              PF14690.6    1.5e-09   38.9   3.6     3e-09   38.0   3.6   1.4   1   0   0   1   1   1   1 # 2 # 445 # -1 # ID=3922_1;partial=10;start_type=ATG;rbs_motif=None;rbs_spacer=None;gc_cont=0.309	4344772
NODE_21035_length_605_cov_1.56182_1 -          OrfB_IS605           PF01385.19   3.9e-13   50.3   0.5   7.2e-13   49.4   0.5   1.4   1   0   0   1   1   1   1 # 2 # 604 # -1 # ID=4015_1;partial=11;start_type=Edge;rbs_motif=None;rbs_spacer=None;gc_cont=0.322	1895242
NODE_21035_length_605_cov_1.56182_1 -          OrfB_IS605           PF01385.19   3.9e-13   50.3   0.5   7.2e-13   49.4   0.5   1.4   1   0   0   1   1   1   1 # 2 # 604 # -1 # ID=4015_1;partial=11;start_type=Edge;rbs_motif=None;rbs_spacer=None;gc_cont=0.322	1895242
NODE_22379_length_588_cov_0.977486_1 -          DDE_Tnp_1_6          PF13751.6    1.3e-07   32.5  10.4   5.1e-06   27.3   0.0   2.1   1   1   1   2   2   2   1 # 2 # 496 # 1 # ID=4190_1;partial=10;start_type=Edge;rbs_motif=None;rbs_spacer=None;gc_cont=0.438	1137758
NODE_24721_length_563_cov_5.85827_1 -          OrfB_IS605           PF01385.19   2.5e-07   31.5   0.2   4.7e-07   30.6   0.2   1.5   1   0   0   1   1   1   1 # 3 # 404 # 1 # ID=4493_1;partial=10;start_type=Edge;rbs_motif=None;rbs_spacer=None;gc_cont=0.261	63538
NODE_24721_length_563_cov_5.85827_1 -          OrfB_Zn_ribbon       PF07282.11   1.9e-25   89.2   1.9   2.6e-25   88.7   1.9   1.2   1   0   0   1   1   1   1 # 3 # 404 # 1 # ID=4493_1;partial=10;start_type=Edge;rbs_motif=None;rbs_spacer=None;gc_cont=0.261	63538
NODE_27215_length_539_cov_1.93388_1 -          OrfB_Zn_ribbon       PF07282.11   1.1e-16   61.0   0.2     3e-16   59.7   0.2   1.7   1   1   0   1   1   1   1 # 3 # 344 # 1 # ID=4773_1;partial=10;start_type=Edge;rbs_motif=None;rbs_spacer=None;gc_cont=0.325	5709410
NODE_31246_length_506_cov_2.55876_1 -          Y1_Tnp               PF01797.16   3.1e-15   56.9   0.3   3.8e-15   56.6   0.3   1.1   1   0   0   1   1   1   1 # 2 # 265 # 1 # ID=5204_1;partial=10;start_type=Edge;rbs_motif=None;rbs_spacer=None;gc_cont=0.292	4344949
NODE_31246_length_506_cov_2.55876_1 -          Y1_Tnp               PF01797.16   3.1e-15   56.9   0.3   3.8e-15   56.6   0.3   1.1   1   0   0   1   1   1   1 # 2 # 265 # 1 # ID=5204_1;partial=10;start_type=Edge;rbs_motif=None;rbs_spacer=None;gc_cont=0.292	311190
NODE_35017_length_480_cov_2.08706_1   -          Transposase_mut      PF00872.18   2.1e-15   57.1   0.0   2.3e-15   56.9   0.0   1.0   1   0   0   1   1   1   1 # 3 # 449 # -1 # ID=5610_1;partial=10;start_type=ATG;rbs_motif=TAAAAA;rbs_spacer=14bp;gc_cont=0.490	142622
NODE_36174_length_473_cov_1.03589_1 -          PDDEXK_2             PF12784.7    1.3e-14   54.9   6.1   2.7e-14   53.8   6.1   1.4   1   1   0   1   1   1   1 # 3 # 473 # -1 # ID=5726_1;partial=11;start_type=Edge;rbs_motif=None;rbs_spacer=None;gc_cont=0.310	2203763
NODE_37544_length_465_cov_4.18049_1 -          HTH_Tnp_IS630        PF01710.16   1.2e-29  103.3   0.3   1.3e-29  103.2   0.3   1.0   1   0   0   1   1   1   1 # 92 # 442 # 1 # ID=5869_1;partial=00;start_type=ATG;rbs_motif=TAA;rbs_spacer=7bp;gc_cont=0.362	840802
NODE_41658_length_443_cov_13.5696_1  -          DDE_Tnp_ISL3         PF01610.17   1.6e-16   61.4   0.3   2.5e-16   60.7   0.1   1.4   2   0   0   2   2   2   1 # 1 # 441 # 1 # ID=6257_1;partial=11;start_type=Edge;rbs_motif=None;rbs_spacer=None;gc_cont=0.406	154933
NODE_41658_length_443_cov_13.5696_1 -          HTH_Tnp_ISL3         PF13542.6    2.1e-09   37.2   0.0   3.5e-09   36.5   0.0   1.4   1   0   0   1   1   1   1 # 1 # 441 # 1 # ID=6257_1;partial=11;start_type=Edge;rbs_motif=None;rbs_spacer=None;gc_cont=0.406	154933
NODE_43097_length_436_cov_12.8688_1  -          zf-ISL3              PF14690.6    5.4e-12   46.8   0.8   7.4e-12   46.3   0.8   1.2   1   0   0   1   1   1   1 # 180 # 434 # 1 # ID=6384_1;partial=01;start_type=ATG;rbs_motif=None;rbs_spacer=None;gc_cont=0.361	175483
NODE_43822_length_432_cov_2.34218_1 -          Transposase_20       PF02371.16   6.7e-22   78.2   0.1     9e-22   77.8   0.1   1.2   1   0   0   1   1   1   1 # 1 # 408 # 1 # ID=6448_1;partial=10;start_type=Edge;rbs_motif=None;rbs_spacer=None;gc_cont=0.429	1547841
NODE_45092_length_427_cov_51.8306_1  -          DDE_Tnp_ISL3         PF01610.17   2.6e-19   70.5   3.5   2.9e-19   70.3   3.5   1.0   1   0   0   1   1   1   1 # 1 # 426 # 1 # ID=6581_1;partial=11;start_type=Edge;rbs_motif=None;rbs_spacer=None;gc_cont=0.390	425385
NODE_45121_length_427_cov_38.2097_1 -          DDE_Tnp_1            PF01609.21   3.1e-14   53.7   1.5   3.3e-14   53.6   1.5   1.0   1   0   0   1   1   1   1 # 2 # 280 # 1 # ID=6591_1;partial=10;start_type=Edge;rbs_motif=None;rbs_spacer=None;gc_cont=0.520	986163
NODE_45121_length_427_cov_38.2097_1  -          DDE_Tnp_1_6          PF13751.6      2e-07   31.9   0.6     2e-07   31.8   0.6   1.1   1   0   0   1   1   1   1 # 2 # 280 # 1 # ID=6591_1;partial=10;start_type=Edge;rbs_motif=None;rbs_spacer=None;gc_cont=0.520	986163
NODE_45121_length_427_cov_38.2097_1 -          DDE_Tnp_4            PF13359.6    5.7e-06   26.7   0.1   6.5e-06   26.5   0.1   1.1   1   0   0   1   1   1   1 # 2 # 280 # 1 # ID=6591_1;partial=10;start_type=Edge;rbs_motif=None;rbs_spacer=None;gc_cont=0.520	986163
NODE_45121_length_427_cov_38.2097_1 -          DDE_Tnp_1            PF01609.21   3.1e-14   53.7   1.5   3.3e-14   53.6   1.5   1.0   1   0   0   1   1   1   1 # 2 # 280 # 1 # ID=6591_1;partial=10;start_type=Edge;rbs_motif=None;rbs_spacer=None;gc_cont=0.520	285488
NODE_45121_length_427_cov_38.2097_1  -          DDE_Tnp_1_6          PF13751.6      2e-07   31.9   0.6     2e-07   31.8   0.6   1.1   1   0   0   1   1   1   1 # 2 # 280 # 1 # ID=6591_1;partial=10;start_type=Edge;rbs_motif=None;rbs_spacer=None;gc_cont=0.520	285488
NODE_45121_length_427_cov_38.2097_1 -          DDE_Tnp_4            PF13359.6    5.7e-06   26.7   0.1   6.5e-06   26.5   0.1   1.1   1   0   0   1   1   1   1 # 2 # 280 # 1 # ID=6591_1;partial=10;start_type=Edge;rbs_motif=None;rbs_spacer=None;gc_cont=0.520	285488
NODE_45121_length_427_cov_38.2097_1 -          DDE_Tnp_1            PF01609.21   3.1e-14   53.7   1.5   3.3e-14   53.6   1.5   1.0   1   0   0   1   1   1   1 # 2 # 280 # 1 # ID=6591_1;partial=10;start_type=Edge;rbs_motif=None;rbs_spacer=None;gc_cont=0.520	237020
NODE_45121_length_427_cov_38.2097_1  -          DDE_Tnp_1_6          PF13751.6      2e-07   31.9   0.6     2e-07   31.8   0.6   1.1   1   0   0   1   1   1   1 # 2 # 280 # 1 # ID=6591_1;partial=10;start_type=Edge;rbs_motif=None;rbs_spacer=None;gc_cont=0.520	237020
NODE_45121_length_427_cov_38.2097_1 -          DDE_Tnp_4            PF13359.6    5.7e-06   26.7   0.1   6.5e-06   26.5   0.1   1.1   1   0   0   1   1   1   1 # 2 # 280 # 1 # ID=6591_1;partial=10;start_type=Edge;rbs_motif=None;rbs_spacer=None;gc_cont=0.520	237020
NODE_48685_length_412_cov_1.5014_1   -          HTH_Tnp_1            PF01527.20   3.4e-07   31.1   1.1   1.6e-05   25.7   0.1   2.7   3   0   0   3   3   3   1 # 41 # 412 # 1 # ID=6953_1;partial=01;start_type=GTG;rbs_motif=GGA/GAG/AGG;rbs_spacer=5-10bp;gc_cont=0.312	188597
NODE_53001_length_396_cov_1.77419_1   -          Transposase_mut      PF00872.18   2.5e-06   27.2   0.0   2.6e-06   27.1   0.0   1.1   1   0   0   1   1   1   1 # 1 # 396 # 1 # ID=7348_1;partial=11;start_type=Edge;rbs_motif=None;rbs_spacer=None;gc_cont=0.641	684844
NODE_58832_length_377_cov_2.68323_2  -          DDE_Tnp_ISL3         PF01610.17     3e-21   76.8   0.0   3.4e-21   76.7   0.0   1.0   1   0   0   1   1   1   1 # 68 # 376 # -1 # ID=7887_2;partial=01;start_type=Edge;rbs_motif=None;rbs_spacer=None;gc_cont=0.618	1895115
NODE_58832_length_377_cov_2.68323_2  -          DDE_Tnp_ISL3         PF01610.17     3e-21   76.8   0.0   3.4e-21   76.7   0.0   1.0   1   0   0   1   1   1   1 # 68 # 376 # -1 # ID=7887_2;partial=01;start_type=Edge;rbs_motif=None;rbs_spacer=None;gc_cont=0.618	108728
NODE_58958_length_376_cov_1.4704_1  -          PDDEXK_2             PF12784.7      1e-07   32.3   0.2   1.3e-07   32.0   0.2   1.2   1   0   0   1   1   1   1 # 1 # 375 # 1 # ID=7905_1;partial=11;start_type=Edge;rbs_motif=None;rbs_spacer=None;gc_cont=0.427	57962
NODE_68342_length_351_cov_1.79054_1  -          DDE_Tnp_ISL3         PF01610.17   2.7e-23   83.5   0.0     3e-23   83.4   0.0   1.0   1   0   0   1   1   1   1 # 2 # 349 # 1 # ID=8757_1;partial=11;start_type=Edge;rbs_motif=None;rbs_spacer=None;gc_cont=0.606	18023
NODE_68342_length_351_cov_1.79054_1  -          DDE_Tnp_ISL3         PF01610.17   2.7e-23   83.5   0.0     3e-23   83.4   0.0   1.0   1   0   0   1   1   1   1 # 2 # 349 # 1 # ID=8757_1;partial=11;start_type=Edge;rbs_motif=None;rbs_spacer=None;gc_cont=0.606	197129
NODE_72135_length_342_cov_2.4878_1  -          DDE_Tnp_1            PF01609.21   7.1e-08   32.9   0.3   7.5e-08   32.9   0.3   1.0   1   0   0   1   1   1   1 # 1 # 195 # 1 # ID=9088_1;partial=10;start_type=Edge;rbs_motif=None;rbs_spacer=None;gc_cont=0.497	156103
NODE_72135_length_342_cov_2.4878_1   -          DDE_Tnp_1_6          PF13751.6    1.1e-06   29.4   0.2   1.2e-06   29.4   0.2   1.0   1   0   0   1   1   1   1 # 1 # 195 # 1 # ID=9088_1;partial=10;start_type=Edge;rbs_motif=None;rbs_spacer=None;gc_cont=0.497	156103
NODE_74444_length_337_cov_1.48936_1  -          DDE_Tnp_ISL3         PF01610.17   1.1e-17   65.2   0.0   1.2e-17   65.1   0.0   1.0   1   0   0   1   1   1   1 # 2 # 337 # 1 # ID=9303_1;partial=11;start_type=Edge;rbs_motif=None;rbs_spacer=None;gc_cont=0.652	1895115
NODE_74444_length_337_cov_1.48936_1  -          DDE_Tnp_ISL3         PF01610.17   1.1e-17   65.2   0.0   1.2e-17   65.1   0.0   1.0   1   0   0   1   1   1   1 # 2 # 337 # 1 # ID=9303_1;partial=11;start_type=Edge;rbs_motif=None;rbs_spacer=None;gc_cont=0.652	2503629
NODE_78420_length_329_cov_2.24818_1  -          zf-ISL3              PF14690.6    1.9e-08   35.4   0.4   2.7e-08   34.9   0.4   1.2   1   0   0   1   1   1   1 # 2 # 328 # -1 # ID=9644_1;partial=11;start_type=Edge;rbs_motif=None;rbs_spacer=None;gc_cont=0.373	5709504
NODE_85574_length_316_cov_3.93103_1  -          DDE_Tnp_ISL3         PF01610.17   2.9e-17   63.8   0.0   3.2e-17   63.6   0.0   1.0   1   0   0   1   1   1   1 # 52 # 315 # -1 # ID=10182_1;partial=01;start_type=Edge;rbs_motif=None;rbs_spacer=None;gc_cont=0.576	99784
NODE_91531_length_306_cov_1.06773_1  -          DDE_Tnp_IS1595       PF12762.7    1.1e-20   74.8   0.2   1.2e-20   74.7   0.2   1.0   1   0   0   1   1   1   1 # 3 # 305 # 1 # ID=10622_1;partial=11;start_type=Edge;rbs_motif=None;rbs_spacer=None;gc_cont=0.366	1930462
NODE_95540_length_300_cov_1.81633_1  -          HTH_Tnp_1            PF01527.20   3.2e-19   69.6   0.0   3.4e-19   69.5   0.0   1.0   1   0   0   1   1   1   1 # 3 # 206 # -1 # ID=10959_1;partial=10;start_type=ATG;rbs_motif=GGAG/GAGG;rbs_spacer=5-10bp;gc_cont=0.608	611454
NODE_97796_length_296_cov_1.66805_1   -          Transposase_mut      PF00872.18   8.1e-20   71.6   0.2     9e-20   71.5   0.2   1.0   1   0   0   1   1   1   1 # 1 # 255 # 1 # ID=11128_1;partial=10;start_type=Edge;rbs_motif=None;rbs_spacer=None;gc_cont=0.341	2503714
NODE_103135_length_289_cov_1.11538_1 -          DDE_Tnp_IS1595       PF12762.7    6.7e-07   30.0   0.2   8.4e-07   29.7   0.2   1.1   1   0   0   1   1   1   1 # 3 # 173 # 1 # ID=11538_1;partial=10;start_type=Edge;rbs_motif=None;rbs_spacer=None;gc_cont=0.322	4345038
NODE_115474_length_274_cov_0.908676_1 -          Transposase_mut      PF00872.18     5e-06   26.2   0.0   5.5e-06   26.1   0.0   1.1   1   0   0   1   1   1   1 # 1 # 273 # 1 # ID=12413_1;partial=11;start_type=Edge;rbs_motif=None;rbs_spacer=None;gc_cont=0.363	646240
NODE_117389_length_272_cov_0.824885_1 -          DDE_Tnp_1_2          PF13586.6    9.5e-06   26.5   0.1   1.1e-05   26.2   0.1   1.1   1   0   0   1   1   1   1 # 1 # 270 # 1 # ID=12533_1;partial=11;start_type=Edge;rbs_motif=None;rbs_spacer=None;gc_cont=0.359	22587
NODE_130567_length_259_cov_1.63725_1 -          HTH_Tnp_1            PF01527.20     8e-07   29.9   0.2   8.6e-07   29.8   0.2   1.1   1   0   0   1   1   1   1 # 69 # 257 # 1 # ID=13449_1;partial=01;start_type=ATG;rbs_motif=AGGAG/GGAGG;rbs_spacer=11-12bp;gc_cont=0.307	64638
NODE_136799_length_253_cov_1.02525_1 -          DDE_Tnp_ISL3         PF01610.17   8.2e-25   88.5   0.0   8.7e-25   88.4   0.0   1.0   1   0   0   1   1   1   1 # 3 # 251 # -1 # ID=13914_1;partial=11;start_type=Edge;rbs_motif=None;rbs_spacer=None;gc_cont=0.631	3587579
NODE_208412_length_208_cov_1.21569_1 -          zf-ISL3              PF14690.6    5.5e-06   27.5   0.5   9.2e-06   26.8   0.5   1.4   1   0   0   1   1   1   1 # 1 # 207 # -1 # ID=18428_1;partial=11;start_type=Edge;rbs_motif=None;rbs_spacer=None;gc_cont=0.367	7465
NODE_213364_length_187_cov_64.8636_1 -          DDE_Tnp_ISL3         PF01610.17   5.3e-17   62.9   0.5   5.5e-17   62.9   0.5   1.0   1   0   0   1   1   1   1 # 1 # 186 # 1 # ID=18931_1;partial=11;start_type=Edge;rbs_motif=None;rbs_spacer=None;gc_cont=0.360	42584
NODE_213364_length_187_cov_64.8636_1 -          DDE_Tnp_ISL3         PF01610.17   5.3e-17   62.9   0.5   5.5e-17   62.9   0.5   1.0   1   0   0   1   1   1   1 # 1 # 186 # 1 # ID=18931_1;partial=11;start_type=Edge;rbs_motif=None;rbs_spacer=None;gc_cont=0.360	193096
NODE_213364_length_187_cov_64.8636_1 -          DDE_Tnp_ISL3         PF01610.17   5.3e-17   62.9   0.5   5.5e-17   62.9   0.5   1.0   1   0   0   1   1   1   1 # 1 # 186 # 1 # ID=18931_1;partial=11;start_type=Edge;rbs_motif=None;rbs_spacer=None;gc_cont=0.360	42584
