NODE_668_length_5584_cov_13.9298	gb_NC_003112.2_-_1791966-1795170_ARO:3000811_mtrD	81.362	2012	371	4	3575	5584	1	2010	0.0	1635
NODE_752_length_5276_cov_14.2708	gb_AY768532_+_0-1935_ARO:3000535_macB	82.277	1941	335	9	1359	3296	1935	1	0.0	1670
NODE_752_length_5276_cov_14.2708	gb_AY768531_+_0-1179_ARO:3000533_macA	80.948	1076	199	4	3442	4514	1118	46	0.0	846
NODE_1685_length_3461_cov_3.09366	gb_AP009380.1_-_573191-573902_ARO:3003920_pgpB	99.297	711	5	0	2020	2730	711	1	0.0	1286
NODE_1700_length_3439_cov_5.26507	gb_AF118110.1_-_71-1037_ARO:3003002_CfxA2	100.000	966	0	0	1457	2422	1	966	0.0	1784
NODE_1700_length_3439_cov_5.26507	gb_AF472622_+_52-1018_ARO:3003003_CfxA3	99.896	966	1	0	1457	2422	1	966	0.0	1779
NODE_1700_length_3439_cov_5.26507	gb_AY769934_+_27-993_ARO:3003096_CfxA5	99.896	966	1	0	1457	2422	1	966	0.0	1779
NODE_1700_length_3439_cov_5.26507	gb_U38243_+_149-1115_ARO:3003001_CfxA	99.896	966	1	0	1457	2422	1	966	0.0	1779
NODE_1700_length_3439_cov_5.26507	gb_AY769933_+_0-966_ARO:3003005_CfxA4	99.896	966	1	0	1457	2422	1	966	0.0	1779
NODE_1700_length_3439_cov_5.26507	gb_GQ342996_+_797-1793_ARO:3003097_CfxA6	89.234	966	101	3	1453	2417	30	993	0.0	1205
NODE_1810_length_3325_cov_13.2101	gb_NC_003112.2_+_329612-330767_ARO:3003961_farA	73.224	915	227	16	457	1362	127	1032	2.75e-86	316
NODE_5256_length_1783_cov_1.83738	gb_Z21523_+_0-1974_ARO:3000191_tetQ	98.444	1221	19	0	563	1783	1974	754	0.0	2150
NODE_6584_length_1565_cov_12.6815	gb_NC_003112.2_-_1791966-1795170_ARO:3000811_mtrD	81.557	1220	225	0	2	1221	1957	3176	0.0	1007
NODE_6940_length_1518_cov_4.33903	gb_KX000272.1_+_0-1740_ARO:3004035_tetA(60)	88.397	948	110	0	565	1512	1	948	0.0	1142
NODE_7008_length_1510_cov_1.85361	gb_HQ652506.1_+_373-2098_ARO:3004032_tetA(46)	89.371	1336	140	2	1	1335	391	1725	0.0	1679
NODE_8483_length_1357_cov_4.89247	gb_KX000273.1_+_0-1740_ARO:3004036_tetB(60)	85.222	1015	150	0	1	1015	1015	1	0.0	1044
NODE_8483_length_1357_cov_4.89247	gb_KX000272.1_+_0-1740_ARO:3004035_tetA(60)	86.994	346	45	0	1012	1357	1740	1395	6.47e-109	390
NODE_11649_length_1122_cov_2.36645	gb_AP006618.1_+_4835199-4838688_ARO:3000501_Nocardia	85.928	334	43	4	588	919	2968	3299	7.00e-98	353
NODE_21194_length_807_cov_2.80585	gb_NC_003112.2_+_329612-330767_ARO:3003961_farA	75.966	466	104	8	43	504	572	1033	6.80e-62	233
NODE_23389_length_765_cov_1.80986	gb_CP001050.1_+_1332866-1333499_ARO:3000817_mtrR	87.151	179	23	0	582	760	1	179	5.05e-53	204
NODE_34463_length_626_cov_3.11909	gb_NC_003112.2_-_1791966-1795170_ARO:3000811_mtrD	80.223	627	118	5	3	626	1387	2010	4.74e-132	466
NODE_40443_length_578_cov_3.86998	gb_CP007593.1_+_2148923-2149772_ARO:3001301_RlmA(II)	84.257	451	69	2	121	570	1	450	9.52e-124	438
NODE_41867_length_568_cov_2.46979	gb_AF235050.4_+_38028-40140_ARO:3003318_Streptomyces	77.143	245	50	4	2	243	184	425	3.82e-33	137
NODE_43921_length_555_cov_1.966	gb_KX000273.1_+_0-1740_ARO:3004036_tetB(60)	88.618	123	14	0	433	555	1740	1618	4.79e-37	150
NODE_44373_length_552_cov_3.14487	gb_KX000273.1_+_0-1740_ARO:3004036_tetB(60)	86.289	547	75	0	6	552	1277	731	5.09e-171	595
NODE_49118_length_525_cov_2.17234	gb_HM990671_+_5192-6671_ARO:3003112_lsaC	93.834	519	32	0	7	525	116	634	0.0	782
NODE_56392_length_490_cov_1.48736	gb_NC_003112.2_-_1795181-1796420_ARO:3000810_mtrC	85.102	490	73	0	1	490	147	636	1.01e-142	501
NODE_59834_length_476_cov_1.33017	gb_Z21523_+_0-1974_ARO:3000191_tetQ	97.479	476	12	0	1	476	598	123	0.0	813
NODE_62897_length_465_cov_3.28537	gb_HM990671_+_5192-6671_ARO:3003112_lsaC	92.903	465	33	0	1	465	971	1435	0.0	676
NODE_64901_length_458_cov_1.22084	gb_U57969_+_1485-4617_ARO:3000801_MexD	76.744	172	36	3	28	197	2940	2771	6.70e-20	93.5
NODE_68603_length_446_cov_3.65729	gb_KX000273.1_+_0-1740_ARO:3004036_tetB(60)	90.359	446	43	0	1	446	1681	1236	2.45e-168	586
NODE_69875_length_442_cov_1.02067	gb_NC_014638.1_-_1610636-1613960_ARO:3003730_Bifidobacteria	84.127	126	20	0	1	126	3192	3067	8.23e-29	122
NODE_72467_length_434_cov_1.4248	gb_HM990671_+_5192-6671_ARO:3003112_lsaC	100.000	29	0	0	86	114	452	424	2.99e-08	54.7
NODE_80226_length_414_cov_2.28412	gb_KX000272.1_+_0-1740_ARO:3004035_tetA(60)	87.379	412	52	0	3	414	1159	1570	1.84e-134	473
NODE_93841_length_385_cov_0.972727	gb_HQ652506.1_+_2099-3836_ARO:3004033_tetB(46)	93.011	372	26	0	14	385	662	291	1.28e-155	544
NODE_100944_length_373_cov_3.61635	gb_CP007593.1_+_2148923-2149772_ARO:3001301_RlmA(II)	85.441	261	38	0	1	261	583	843	6.46e-74	272
NODE_115228_length_350_cov_1	gb_AP006618.1_+_4835199-4838688_ARO:3000501_Nocardia	84.962	266	36	4	87	350	3362	3099	2.82e-72	267
NODE_121936_length_342_cov_1.82927	gb_HQ652506.1_+_2099-3836_ARO:3004033_tetB(46)	94.175	309	18	0	34	342	622	930	5.43e-134	472
NODE_125861_length_337_cov_0.946809	gb_AF540889_+_0-327_ARO:3002871_tet37	100.000	135	0	0	1	135	135	1	2.73e-67	250
NODE_141655_length_320_cov_3.39623	gb_AY768532_+_0-1935_ARO:3000535_macB	83.801	321	50	2	1	320	1929	1610	1.95e-83	303
NODE_150396_length_311_cov_1.08203	gb_HQ652506.1_+_2099-3836_ARO:3004033_tetB(46)	86.817	311	41	0	1	311	1243	1553	8.63e-97	348
NODE_158536_length_304_cov_1.53012	gb_AM180355_+_600033-601953_ARO:3000186_tetM	97.368	304	8	0	1	304	1828	1525	6.07e-148	518
NODE_159134_length_304_cov_1.48996	gb_CP007593.1_+_2148923-2149772_ARO:3001301_RlmA(II)	90.759	303	28	0	1	303	630	328	4.93e-114	405
NODE_159492_length_303_cov_1.12097	gb_AP006618.1_+_4835199-4838688_ARO:3000501_Nocardia	76.471	289	66	2	6	293	1494	1207	5.46e-39	156
NODE_182524_length_286_cov_1.7316	gb_Z21523_+_0-1974_ARO:3000191_tetQ	99.451	182	1	0	105	286	1	182	7.94e-92	331
NODE_210317_length_269_cov_2.34579	gb_Z21523_+_0-1974_ARO:3000191_tetQ	98.077	260	5	0	10	269	793	534	1.52e-128	453
NODE_210320_length_269_cov_1.71963	gb_CP007593.1_+_2148923-2149772_ARO:3001301_RlmA(II)	89.179	268	29	0	1	268	425	692	5.75e-93	335
NODE_233985_length_256_cov_1	gb_AJ295238.3_+_163-2083_ARO:3000196_tet32	100.000	256	0	0	1	256	926	1181	1.11e-134	473
NODE_235306_length_256_cov_1.68159	gb_HM990671_+_5192-6671_ARO:3003112_lsaC	93.750	256	16	0	1	256	978	723	5.33e-108	385
NODE_255571_length_247_cov_1.11979	gb_AF235050.4_+_38028-40140_ARO:3003318_Streptomyces	82.979	235	40	0	1	235	1662	1428	2.56e-56	213
NODE_277876_length_238_cov_1.01639	gb_NC_014638.1_-_1610636-1613960_ARO:3003730_Bifidobacteria	82.400	125	22	0	110	234	3200	3076	3.32e-25	110
NODE_280947_length_237_cov_1.75824	gb_HM990671_+_5192-6671_ARO:3003112_lsaC	95.302	149	7	0	51	199	1	149	1.45e-63	237
NODE_302667_length_229_cov_0.948276	gb_AY768531_+_0-1179_ARO:3000533_macA	81.333	225	39	3	1	224	1087	865	2.39e-46	180
NODE_333089_length_220_cov_0.951515	gb_CP007593.1_+_2148923-2149772_ARO:3001301_RlmA(II)	85.167	209	31	0	8	216	1	209	6.28e-57	215
NODE_374224_length_209_cov_1.53896	gb_HQ652506.1_+_2099-3836_ARO:3004033_tetB(46)	86.893	206	27	0	4	209	215	10	5.89e-62	231
NODE_389894_length_141_cov_2.02326	gb_NC_003112.2_-_1791966-1795170_ARO:3000811_mtrD	83.453	139	23	0	3	141	1532	1394	1.43e-31	130
