NODE_234_length_9437_cov_3.30303	gb_AP009380.1_-_573191-573902_ARO:3003920_pgpB	99.297	711	5	0	5800	6510	711	1	0.0	1286
NODE_240_length_9347_cov_3.72751	gb_AF540889_+_0-327_ARO:3002871_tet37	99.099	222	2	0	3006	3227	1	222	7.49e-111	399
NODE_251_length_9110_cov_11.2182	gb_NC_003112.2_+_330790-332317_ARO:3003962_farB	75.798	1504	337	23	518	2009	1527	39	0.0	736
NODE_251_length_9110_cov_11.2182	gb_NC_003112.2_+_329612-330767_ARO:3003961_farA	72.846	917	229	20	2370	3276	1033	127	9.86e-80	296
NODE_306_length_8285_cov_23.0433	gb_AF472622_+_52-1018_ARO:3003003_CfxA3	100.000	52	0	0	1	52	915	966	9.75e-20	97.1
NODE_306_length_8285_cov_23.0433	gb_AY769934_+_27-993_ARO:3003096_CfxA5	100.000	52	0	0	1	52	915	966	9.75e-20	97.1
NODE_306_length_8285_cov_23.0433	gb_U38243_+_149-1115_ARO:3003001_CfxA	100.000	52	0	0	1	52	915	966	9.75e-20	97.1
NODE_306_length_8285_cov_23.0433	gb_AY769933_+_0-966_ARO:3003005_CfxA4	100.000	52	0	0	1	52	915	966	9.75e-20	97.1
NODE_306_length_8285_cov_23.0433	gb_AF118110.1_-_71-1037_ARO:3003002_CfxA2	100.000	52	0	0	1	52	915	966	9.75e-20	97.1
NODE_570_length_6293_cov_3.49647	gb_NC_003112.2_+_330790-332317_ARO:3003962_farB	76.062	1224	285	7	1906	3125	1277	58	1.64e-180	630
NODE_1430_length_4271_cov_3.28439	gb_Z21523_+_0-1974_ARO:3000191_tetQ	92.626	556	39	2	4	558	555	1	0.0	798
NODE_2568_length_3234_cov_4.0497	gb_Z21523_+_0-1974_ARO:3000191_tetQ	89.239	1143	123	0	1	1143	832	1974	0.0	1430
NODE_3616_length_2728_cov_26.3176	gb_NC_003112.2_-_1791966-1795170_ARO:3000811_mtrD	80.622	2735	510	16	1	2725	5	2729	0.0	2097
NODE_4560_length_2402_cov_11.559	gb_AY768532_+_0-1935_ARO:3000535_macB	87.765	1038	125	2	1	1037	1037	1	0.0	1212
NODE_4560_length_2402_cov_11.559	gb_AY768531_+_0-1179_ARO:3000533_macA	83.422	1128	172	13	1139	2259	1170	51	0.0	1033
NODE_5393_length_2197_cov_13.8711	gb_HM990671_+_5192-6671_ARO:3003112_lsaC	89.376	1073	114	0	1	1073	1073	1	0.0	1351
NODE_5581_length_2150_cov_10.2668	gb_AY768532_+_0-1935_ARO:3000535_macB	81.944	792	134	8	63	851	1935	1150	0.0	662
NODE_8770_length_1686_cov_10.8173	gb_NC_003112.2_-_1795181-1796420_ARO:3000810_mtrC	82.201	1045	183	3	471	1513	126	1169	0.0	896
NODE_8862_length_1676_cov_9.89328	gb_NC_003112.2_+_329612-330767_ARO:3003961_farA	72.976	840	211	14	843	1674	1033	202	1.81e-75	279
NODE_12719_length_1364_cov_2.49198	gb_Z21523_+_0-1974_ARO:3000191_tetQ	100.000	188	0	0	1	188	1787	1974	3.97e-96	348
NODE_12790_length_1360_cov_2.12644	gb_NC_003098.1_-_1359228-1360395_ARO:3000025_patB	91.869	701	57	0	1	701	467	1167	0.0	979
NODE_14145_length_1280_cov_3.01959	gb_AF235050.4_+_38028-40140_ARO:3003318_Streptomyces	77.749	382	77	7	574	951	453	76	5.06e-60	228
NODE_14534_length_1261_cov_6.43118	gb_NC_003112.2_-_1791966-1795170_ARO:3000811_mtrD	85.673	342	45	3	1	340	2837	3176	6.09e-99	357
NODE_14902_length_1243_cov_9.80219	gb_AY768532_+_0-1935_ARO:3000535_macB	85.005	947	133	8	1	944	983	1923	0.0	953
NODE_18171_length_1108_cov_1.62203	gb_AM180355_+_600033-601953_ARO:3000186_tetM	96.825	378	12	0	731	1108	1920	1543	0.0	632
NODE_22848_length_963_cov_4.51211	gb_AY768531_+_0-1179_ARO:3000533_macA	76.707	820	187	4	3	820	301	1118	5.74e-128	453
NODE_25456_length_903_cov_47.4906	gb_AF118110.1_-_71-1037_ARO:3003002_CfxA2	100.000	900	0	0	4	903	966	67	0.0	1663
NODE_25456_length_903_cov_47.4906	gb_AF472622_+_52-1018_ARO:3003003_CfxA3	99.889	900	1	0	4	903	966	67	0.0	1657
NODE_25456_length_903_cov_47.4906	gb_AY769934_+_27-993_ARO:3003096_CfxA5	99.889	900	1	0	4	903	966	67	0.0	1657
NODE_25456_length_903_cov_47.4906	gb_U38243_+_149-1115_ARO:3003001_CfxA	99.889	900	1	0	4	903	966	67	0.0	1657
NODE_25456_length_903_cov_47.4906	gb_AY769933_+_0-966_ARO:3003005_CfxA4	99.889	900	1	0	4	903	966	67	0.0	1657
NODE_25456_length_903_cov_47.4906	gb_GQ342996_+_797-1793_ARO:3003097_CfxA6	88.839	896	97	3	9	903	993	100	0.0	1098
NODE_25861_length_894_cov_2.35042	gb_Z21523_+_0-1974_ARO:3000191_tetQ	100.000	310	0	0	1	310	310	1	3.91e-164	573
NODE_26990_length_871_cov_2.84191	gb_NC_003112.2_-_1791966-1795170_ARO:3000811_mtrD	84.388	711	110	1	162	871	3176	2466	0.0	697
NODE_28172_length_848_cov_4.06305	gb_NC_003112.2_-_1791966-1795170_ARO:3000811_mtrD	82.749	342	55	3	509	848	3176	2837	1.93e-82	302
NODE_35135_length_741_cov_5.69096	gb_CP001050.1_+_1332866-1333499_ARO:3000817_mtrR	78.585	537	103	11	5	535	531	1	2.76e-95	344
NODE_36702_length_721_cov_2.70871	gb_NC_003112.2_-_1791966-1795170_ARO:3000811_mtrD	81.883	701	119	7	25	721	2459	1763	1.45e-167	584
NODE_37567_length_712_cov_2.0761	gb_HM990671_+_5192-6671_ARO:3003112_lsaC	94.366	710	40	0	3	712	548	1257	0.0	1090
NODE_38042_length_706_cov_3.31644	gb_NC_003112.2_-_1795181-1796420_ARO:3000810_mtrC	85.957	235	31	2	471	704	121	354	5.89e-67	250
NODE_39761_length_687_cov_1.57437	gb_AP006618.1_+_4835199-4838688_ARO:3000501_Nocardia	86.379	301	37	4	1	299	3266	2968	9.24e-90	326
NODE_40113_length_683_cov_1.43631	gb_AM180355_+_600033-601953_ARO:3000186_tetM	88.726	683	77	0	1	683	1002	320	0.0	835
NODE_40113_length_683_cov_1.43631	gb_L09756_+_0-1926_ARO:3000192_tetS	75.000	680	156	12	11	683	992	320	1.55e-82	302
NODE_41749_length_667_cov_1.5098	gb_NC_003098.1_+_866210-867410_ARO:3000822_pmrA	92.793	555	40	0	113	667	1	555	0.0	804
NODE_42210_length_663_cov_10.8734	gb_NC_003112.2_-_1791966-1795170_ARO:3000811_mtrD	82.800	500	80	5	165	661	3176	2680	8.48e-125	442
NODE_45812_length_631_cov_11.0747	gb_AF472622_+_52-1018_ARO:3003003_CfxA3	100.000	121	0	0	511	631	1	121	3.18e-59	224
NODE_45812_length_631_cov_11.0747	gb_AY769934_+_27-993_ARO:3003096_CfxA5	100.000	121	0	0	511	631	1	121	3.18e-59	224
NODE_45812_length_631_cov_11.0747	gb_U38243_+_149-1115_ARO:3003001_CfxA	100.000	121	0	0	511	631	1	121	3.18e-59	224
NODE_45812_length_631_cov_11.0747	gb_AY769933_+_0-966_ARO:3003005_CfxA4	100.000	121	0	0	511	631	1	121	3.18e-59	224
NODE_45812_length_631_cov_11.0747	gb_AF118110.1_-_71-1037_ARO:3003002_CfxA2	100.000	121	0	0	511	631	1	121	3.18e-59	224
NODE_49899_length_599_cov_1.49816	gb_CP007593.1_+_2148923-2149772_ARO:3001301_RlmA(II)	93.909	394	22	2	3	395	457	849	1.99e-170	593
NODE_56155_length_559_cov_2.0754	gb_NC_003098.1_-_1359228-1360395_ARO:3000025_patB	84.448	553	82	3	7	557	1109	559	6.81e-155	542
NODE_56190_length_559_cov_1.9881	gb_NC_003098.1_-_1359228-1360395_ARO:3000025_patB	94.292	473	27	0	1	473	473	1	0.0	725
NODE_59024_length_542_cov_12.5462	gb_HM990671_+_5192-6671_ARO:3003112_lsaC	88.286	461	54	0	82	542	1479	1019	3.05e-158	553
NODE_66202_length_504_cov_1.34744	gb_HQ652506.1_+_2099-3836_ARO:3004033_tetB(46)	97.436	273	7	0	232	504	1	273	3.79e-132	466
NODE_66202_length_504_cov_1.34744	gb_HQ652506.1_+_373-2098_ARO:3004032_tetA(46)	96.930	228	7	0	3	230	1498	1725	3.92e-107	383
NODE_67323_length_499_cov_1.79955	gb_HQ652506.1_+_2099-3836_ARO:3004033_tetB(46)	88.636	484	53	2	1	483	1571	1089	7.66e-169	588
NODE_73580_length_472_cov_1.42446	gb_NC_017452.1_-_1144673-1146068_ARO:3003953_hmrM	90.254	472	46	0	1	472	1296	825	9.22e-178	617
NODE_73662_length_472_cov_1.97362	gb_Z21523_+_0-1974_ARO:3000191_tetQ	98.684	456	6	0	15	470	1498	1043	0.0	809
NODE_75641_length_464_cov_0.760391	gb_FJ919776_+_208-1069_ARO:3001034_TEM-168	99.206	378	3	0	87	464	1	378	0.0	682
NODE_75641_length_464_cov_0.760391	gb_AJ318093_+_0-861_ARO:3000960_TEM-93	99.206	378	3	0	87	464	1	378	0.0	682
NODE_75641_length_464_cov_0.760391	gb_AF104442_+_193-1054_ARO:3000923_TEM-54	99.206	378	3	0	87	464	1	378	0.0	682
NODE_75641_length_464_cov_0.760391	gb_AM941159_+_208-1069_ARO:3001022_TEM-156	99.206	378	3	0	87	464	1	378	0.0	682
NODE_75641_length_464_cov_0.760391	gb_AY589493_+_166-1027_ARO:3000975_TEM-112	99.206	378	3	0	87	464	1	378	0.0	682
NODE_75641_length_464_cov_0.760391	gb_HQ529916_+_110-971_ARO:3001045_TEM-183	99.206	378	3	0	87	464	1	378	0.0	682
NODE_75641_length_464_cov_0.760391	gb_JN254627_+_0-861_ARO:3001049_TEM-189	98.942	378	4	0	87	464	1	378	0.0	676
NODE_75641_length_464_cov_0.760391	gb_FJ807656_+_0-861_ARO:3001020_TEM-154	98.942	378	4	0	87	464	1	378	0.0	676
NODE_75641_length_464_cov_0.760391	gb_AM183304_+_208-1069_ARO:3001017_TEM-150	98.942	378	4	0	87	464	1	378	0.0	676
NODE_75641_length_464_cov_0.760391	gb_AF427128_+_208-1069_ARO:3000949_TEM-82	98.942	378	4	0	87	464	1	378	0.0	676
NODE_75641_length_464_cov_0.760391	gb_DQ279850_+_0-861_ARO:3001014_TEM-147	98.942	378	4	0	87	464	1	378	0.0	676
NODE_75641_length_464_cov_0.760391	gb_HQ877606_+_0-861_ARO:3001056_TEM-197	98.942	378	4	0	87	464	1	378	0.0	676
NODE_75641_length_464_cov_0.760391	gb_KM114268_+_0-861_ARO:3003157_TEM-219	98.942	378	4	0	87	464	1	378	0.0	676
NODE_75641_length_464_cov_0.760391	gb_DQ105529_+_0-861_ARO:3001013_TEM-146	98.942	378	4	0	87	464	1	378	0.0	676
NODE_75641_length_464_cov_0.760391	gb_AF351241_+_89-950_ARO:3000957_TEM-90	98.942	378	4	0	87	464	1	378	0.0	676
NODE_75641_length_464_cov_0.760391	gb_AF190692_+_208-1069_ARO:3000946_TEM-79	98.942	378	4	0	87	464	1	378	0.0	676
NODE_75641_length_464_cov_0.760391	gb_AY826417_+_0-861_ARO:3001000_TEM-136	98.942	378	4	0	87	464	1	378	0.0	676
NODE_75641_length_464_cov_0.760391	gb_Y17584_+_0-858_ARO:3000899_TEM-29	98.942	378	4	0	87	464	1	378	0.0	676
NODE_75641_length_464_cov_0.760391	gb_AY092401_+_0-861_ARO:3000963_TEM-96	98.942	378	4	0	87	464	1	378	0.0	676
NODE_75641_length_464_cov_0.760391	gb_EU815939_+_0-861_ARO:3001029_TEM-163	98.942	378	4	0	87	464	1	378	0.0	676
NODE_75641_length_464_cov_0.760391	gb_GQ149347_+_5269-6130_ARO:3001037_TEM-171	98.942	378	4	0	87	464	1	378	0.0	676
NODE_75641_length_464_cov_0.760391	gb_DQ286729_+_0-861_ARO:3000924_TEM-55	98.942	378	4	0	87	464	1	378	0.0	676
NODE_75641_length_464_cov_0.760391	gb_X57972_+_339-1200_ARO:3000878_TEM-6	98.942	378	4	0	87	464	1	378	0.0	676
NODE_75641_length_464_cov_0.760391	gb_DQ105528_+_0-861_ARO:3001012_TEM-145	98.942	378	4	0	87	464	1	378	0.0	676
NODE_75641_length_464_cov_0.760391	gb_Y13612_+_0-861_ARO:3000921_TEM-52	98.942	378	4	0	87	464	1	378	0.0	676
NODE_75641_length_464_cov_0.760391	gb_AY307100_+_0-861_ARO:3000984_TEM-122	98.942	378	4	0	87	464	1	378	0.0	676
NODE_75641_length_464_cov_0.760391	gb_AB049569_+_0-861_ARO:3000958_TEM-91	98.942	378	4	0	87	464	1	378	0.0	676
NODE_75641_length_464_cov_0.760391	gb_NC_002156_+_1429-2290_ARO:3000979_TEM-116	98.942	378	4	0	87	464	1	378	0.0	676
NODE_75641_length_464_cov_0.760391	gb_KM998962.1_+_0-861_ARO:3003158_TEM-220	98.677	378	5	0	87	464	1	378	0.0	671
NODE_75641_length_464_cov_0.760391	gb_FJ405211_+_0-861_ARO:3000926_TEM-57	98.677	378	5	0	87	464	1	378	0.0	671
NODE_75641_length_464_cov_0.760391	gb_KP050492_+_0-861_ARO:3001392_TEM-215	98.677	378	5	0	87	464	1	378	0.0	671
NODE_75641_length_464_cov_0.760391	gb_AF190694_+_208-1069_ARO:3000942_TEM-76	98.677	378	5	0	87	464	1	378	0.0	671
NODE_75641_length_464_cov_0.760391	gb_AF188199_+_214-1075_ARO:3000936_TEM-70	98.677	378	5	0	87	464	1	378	0.0	671
NODE_75641_length_464_cov_0.760391	gb_M88143_+_367-1228_ARO:3000884_TEM-12	98.677	378	5	0	87	464	1	378	0.0	671
NODE_75641_length_464_cov_0.760391	gb_JX042489_+_141-1002_ARO:3000890_TEM-19	98.677	378	5	0	87	464	1	378	0.0	671
NODE_75641_length_464_cov_0.760391	gb_AY368236_+_0-861_ARO:3000989_TEM-127	98.677	378	5	0	87	464	1	378	0.0	671
NODE_75641_length_464_cov_0.760391	gb_AJ634602.1_-_7839-8700_ARO:3000999_TEM-135	98.677	378	5	0	87	464	1	378	0.0	671
NODE_75641_length_464_cov_0.760391	gb_DQ075245_+_217-1078_ARO:3001006_TEM-143	98.677	378	5	0	87	464	1	378	0.0	671
NODE_75641_length_464_cov_0.760391	gb_AF347054_+_208-1069_ARO:3000947_TEM-80	98.677	378	5	0	87	464	1	378	0.0	671
NODE_75641_length_464_cov_0.760391	gb_AF427127_+_208-1069_ARO:3000948_TEM-81	98.677	378	5	0	87	464	1	378	0.0	671
NODE_75641_length_464_cov_0.760391	gb_FR717535_+_0-861_ARO:3000910_TEM-40	98.677	378	5	0	87	464	1	378	0.0	671
NODE_75641_length_464_cov_0.760391	gb_JN935135_+_0-861_ARO:3001053_TEM-193	98.677	378	5	0	87	464	1	378	0.0	671
NODE_75641_length_464_cov_0.760391	gb_AY956335_+_38-899_ARO:3001004_TEM-141	98.677	378	5	0	87	464	1	378	0.0	671
NODE_75641_length_464_cov_0.760391	gb_AF516719_+_214-1075_ARO:3000967_TEM-104	98.677	378	5	0	87	464	1	378	0.0	671
NODE_75641_length_464_cov_0.760391	gb_AM049399_+_0-861_ARO:3001007_TEM-144	98.677	378	5	0	87	464	1	378	0.0	671
NODE_75641_length_464_cov_0.760391	gb_JN227084_+_308-1169_ARO:3001046_TEM-186	98.677	378	5	0	87	464	1	378	0.0	671
NODE_75641_length_464_cov_0.760391	gb_FJ873740_+_0-858_ARO:3001035_TEM-169	98.677	378	5	0	87	464	1	378	0.0	671
NODE_75641_length_464_cov_0.760391	gb_Y17581_+_78-936_ARO:3000891_TEM-20	98.677	378	5	0	87	464	1	378	0.0	671
NODE_75641_length_464_cov_0.760391	gb_U37195_+_75-936_ARO:3000898_TEM-28	98.677	378	5	0	87	464	1	378	0.0	671
NODE_75641_length_464_cov_0.760391	gb_KF240808_+_0-861_ARO:3001386_TEM-209	98.677	378	5	0	87	464	1	378	0.0	671
NODE_75641_length_464_cov_0.760391	gb_KC149518_+_0-861_ARO:3001369_TEM-153	98.677	378	5	0	87	464	1	378	0.0	671
NODE_75641_length_464_cov_0.760391	gb_AM286274_+_0-861_ARO:3001001_TEM-137	98.677	378	5	0	87	464	1	378	0.0	671
NODE_75641_length_464_cov_0.760391	gb_AJ239002_+_0-861_ARO:3000935_TEM-68	98.677	378	5	0	87	464	1	378	0.0	671
NODE_75641_length_464_cov_0.760391	gb_HG934763_+_0-861_ARO:3001394_TEM-217	98.677	378	5	0	87	464	1	378	0.0	671
NODE_75641_length_464_cov_0.760391	gb_AJ437107_+_208-1069_ARO:3000900_TEM-30	98.677	378	5	0	87	464	1	378	0.0	671
NODE_75641_length_464_cov_0.760391	gb_KF663615_+_0-858_ARO:3001390_TEM-213	98.677	378	5	0	87	464	1	378	0.0	671
NODE_75641_length_464_cov_0.760391	gb_AF093512_+_197-1058_ARO:3000882_TEM-10	98.677	378	5	0	87	464	1	378	0.0	671
NODE_75641_length_464_cov_0.760391	gb_AJ012256_+_208-1069_ARO:3000939_TEM-73	98.677	378	5	0	87	464	1	378	0.0	671
NODE_75641_length_464_cov_0.760391	gb_AJ308558_+_181-1042_ARO:3000962_TEM-95	98.677	378	5	0	87	464	1	378	0.0	671
NODE_75641_length_464_cov_0.760391	gb_AF427130_+_208-1069_ARO:3000951_TEM-84	98.677	378	5	0	87	464	1	378	0.0	671
NODE_75641_length_464_cov_0.760391	gb_AY368237_+_0-861_ARO:3000990_TEM-128	98.677	378	5	0	87	464	1	378	0.0	671
NODE_75641_length_464_cov_0.760391	gb_AF203816_+_210-1071_ARO:3000937_TEM-71	98.677	378	5	0	87	464	1	378	0.0	671
NODE_75641_length_464_cov_0.760391	gb_AL513383_+_161910-162771_ARO:3000873_TEM-1	98.677	378	5	0	87	464	1	378	0.0	671
NODE_75641_length_464_cov_0.760391	gb_AM087454_+_208-1069_ARO:3001015_TEM-148	98.677	378	5	0	87	464	1	378	0.0	671
NODE_75641_length_464_cov_0.760391	gb_GU550123_+_144-1005_ARO:3001041_TEM-176	98.677	378	5	0	87	464	1	378	0.0	671
NODE_75641_length_464_cov_0.760391	gb_KC818234_+_0-861_ARO:3001384_TEM-207	98.677	378	5	0	87	464	1	378	0.0	671
NODE_75641_length_464_cov_0.760391	gb_Y14574_+_0-861_ARO:3000888_TEM-17	98.677	378	5	0	87	464	1	378	0.0	671
NODE_75641_length_464_cov_0.760391	gb_AB700703_+_161-1022_ARO:3001057_TEM-198	98.677	378	5	0	87	464	1	378	0.0	671
NODE_75641_length_464_cov_0.760391	gb_U95363_+_0-861_ARO:3000912_TEM-43	98.677	378	5	0	87	464	1	378	0.0	671
NODE_75641_length_464_cov_0.760391	gb_Y10279_+_0-861_ARO:3000916_TEM-47	98.677	378	5	0	87	464	1	378	0.0	671
NODE_75641_length_464_cov_0.760391	gb_AY491682_+_0-861_ARO:3000996_TEM-132	98.677	378	5	0	87	464	1	378	0.0	671
NODE_75641_length_464_cov_0.760391	gb_AY628199_+_203-1064_ARO:3000988_TEM-126	98.677	378	5	0	87	464	1	378	0.0	671
NODE_75641_length_464_cov_0.760391	gb_JQ034306_+_0-861_ARO:3001376_TEM-196	98.413	378	6	0	87	464	1	378	0.0	665
NODE_75641_length_464_cov_0.760391	gb_AF468003_+_0-861_ARO:3000974_TEM-111	98.413	378	6	0	87	464	1	378	0.0	665
NODE_75641_length_464_cov_0.760391	gb_JN416112_+_0-861_ARO:3001050_TEM-190	98.413	378	6	0	87	464	1	378	0.0	665
NODE_75641_length_464_cov_0.760391	gb_AF516720_+_214-1075_ARO:3000968_TEM-105	98.413	378	6	0	87	464	1	378	0.0	665
NODE_75641_length_464_cov_0.760391	gb_KC865667_+_183-1044_ARO:3001385_TEM-208	98.413	378	6	0	87	464	1	378	0.0	665
NODE_75641_length_464_cov_0.760391	gb_AJ277415_+_0-861_ARO:3000953_TEM-86	98.413	378	6	0	87	464	1	378	0.0	665
NODE_75641_length_464_cov_0.760391	gb_EU274580_+_214-1075_ARO:3001030_TEM-164	98.413	378	6	0	87	464	1	378	0.0	665
NODE_75641_length_464_cov_0.760391	gb_Y10280_+_0-861_ARO:3000917_TEM-48	98.413	378	6	0	87	464	1	378	0.0	665
NODE_75641_length_464_cov_0.760391	gb_AF104441_+_193-1054_ARO:3000922_TEM-53	98.413	378	6	0	87	464	1	378	0.0	665
NODE_75641_length_464_cov_0.760391	gb_AF495873_+_0-861_ARO:3000964_TEM-101	98.413	378	6	0	87	464	1	378	0.0	665
NODE_75641_length_464_cov_0.760391	gb_AF535127_+_208-1069_ARO:3000978_TEM-115	98.413	378	6	0	87	464	1	378	0.0	665
NODE_75641_length_464_cov_0.760391	gb_JN935136_+_0-861_ARO:3001054_TEM-194	98.413	378	6	0	87	464	1	378	0.0	665
NODE_75641_length_464_cov_0.760391	gb_DQ909059_+_0-861_ARO:3001023_TEM-157	98.413	378	6	0	87	464	1	378	0.0	665
NODE_75641_length_464_cov_0.760391	gb_AM849805_+_262-1123_ARO:3000886_TEM-15	98.413	378	6	0	87	464	1	378	0.0	665
NODE_75641_length_464_cov_0.760391	gb_AJ277414_+_0-861_ARO:3000952_TEM-85	98.413	378	6	0	87	464	1	378	0.0	665
NODE_75641_length_464_cov_0.760391	gb_DQ369751_+_0-861_ARO:3001016_TEM-149	98.413	378	6	0	87	464	1	378	0.0	665
NODE_75641_length_464_cov_0.760391	gb_X95401_+_208-1069_ARO:3000914_TEM-45	98.413	378	6	0	87	464	1	378	0.0	665
NODE_75641_length_464_cov_0.760391	gb_AY589495_+_181-1042_ARO:3000977_TEM-114	98.413	378	6	0	87	464	1	378	0.0	665
NODE_75641_length_464_cov_0.760391	gb_AY027590_+_112-973_ARO:3000955_TEM-88	98.413	378	6	0	87	464	1	378	0.0	665
NODE_75641_length_464_cov_0.760391	gb_DQ834728_+_205-1066_ARO:3001019_TEM-152	98.413	378	6	0	87	464	1	378	0.0	665
NODE_75641_length_464_cov_0.760391	gb_Y10281_+_0-861_ARO:3000918_TEM-49	98.413	378	6	0	87	464	1	378	0.0	665
NODE_75641_length_464_cov_0.760391	gb_JF795538_+_0-861_ARO:3001374_TEM-185	98.413	378	6	0	87	464	1	378	0.0	665
NODE_75641_length_464_cov_0.760391	gb_DQ388882_+_0-861_ARO:3001005_TEM-142	98.413	378	6	0	87	464	1	378	0.0	665
NODE_75641_length_464_cov_0.760391	gb_AF427129_+_208-1069_ARO:3000950_TEM-83	98.413	378	6	0	87	464	1	378	0.0	665
NODE_75641_length_464_cov_0.760391	gb_L19940_+_197-1006_ARO:3000896_TEM-26	98.413	378	6	0	87	464	1	378	0.0	665
NODE_75641_length_464_cov_0.760391	gb_KC900516_+_0-858_ARO:3001382_TEM-205	98.413	378	6	0	87	464	1	378	0.0	665
NODE_75641_length_464_cov_0.760391	gb_AY243512_+_208-1069_ARO:3000982_TEM-120	98.413	378	6	0	87	464	1	378	0.0	665
NODE_75641_length_464_cov_0.760391	gb_JX310327_+_0-861_ARO:3001378_TEM-201	98.413	378	6	0	87	464	1	378	0.0	665
NODE_75641_length_464_cov_0.760391	gb_AY072920_+_0-861_ARO:3000973_TEM-110	98.413	378	6	0	87	464	1	378	0.0	665
NODE_75641_length_464_cov_0.760391	gb_HM246246_+_211-1069_ARO:3001047_TEM-187	98.413	378	6	0	87	464	1	378	0.0	665
NODE_75641_length_464_cov_0.760391	gb_AY101764_+_206-1067_ARO:3000970_TEM-107	98.413	378	6	0	87	464	1	378	0.0	665
NODE_75641_length_464_cov_0.760391	gb_AY101578_+_214-1075_ARO:3000969_TEM-106	98.413	378	6	0	87	464	1	378	0.0	665
NODE_75641_length_464_cov_0.760391	gb_JN211012_+_213-1074_ARO:3001048_TEM-188	98.413	378	6	0	87	464	1	378	0.0	665
NODE_75641_length_464_cov_0.760391	gb_DQ834729_+_205-1066_ARO:3001018_TEM-151	98.413	378	6	0	87	464	1	378	0.0	665
NODE_75641_length_464_cov_0.760391	gb_HQ317449_+_0-861_ARO:3001373_TEM-182	98.413	378	6	0	87	464	1	378	0.0	665
NODE_75641_length_464_cov_0.760391	gb_X54606_+_214-1075_ARO:3000874_TEM-2	98.413	378	6	0	87	464	1	378	0.0	665
NODE_75641_length_464_cov_0.760391	gb_GU371926_-_50304-51165_ARO:3000903_TEM-33	98.413	378	6	0	87	464	1	378	0.0	665
NODE_75641_length_464_cov_0.760391	gb_KP050491_+_0-861_ARO:3001391_TEM-214	98.413	378	6	0	87	464	1	378	0.0	665
NODE_75641_length_464_cov_0.760391	gb_DQ679961_+_114-975_ARO:3001021_TEM-155	98.413	378	6	0	87	464	1	378	0.0	665
NODE_75641_length_464_cov_0.760391	gb_FJ197316_+_0-861_ARO:3001032_TEM-166	98.413	378	6	0	87	464	1	378	0.0	665
NODE_75641_length_464_cov_0.760391	gb_AY874537_+_177-1038_ARO:3000883_TEM-11	98.413	378	6	0	87	464	1	378	0.0	665
NODE_75641_length_464_cov_0.760391	gb_EF534736_+_213-1074_ARO:3001024_TEM-158	98.413	378	6	0	87	464	1	378	0.0	665
NODE_75641_length_464_cov_0.760391	gb_KC783461_+_0-861_ARO:3001383_TEM-206	98.413	378	6	0	87	464	1	378	0.0	665
NODE_75641_length_464_cov_0.760391	gb_AY853593_+_214-1075_ARO:3001002_TEM-138	98.413	378	6	0	87	464	1	378	0.0	665
NODE_75641_length_464_cov_0.760391	gb_AF190693_+_208-1069_ARO:3000944_TEM-78	98.413	378	6	0	87	464	1	378	0.0	665
NODE_75641_length_464_cov_0.760391	gb_JN935137_+_0-861_ARO:3001055_TEM-195	98.413	378	6	0	87	464	1	378	0.0	665
NODE_75641_length_464_cov_0.760391	gb_KC292503_+_4334-5195_ARO:3000904_TEM-34	98.413	378	6	0	87	464	1	378	0.0	665
NODE_75641_length_464_cov_0.760391	gb_AF062386_+_30-862_ARO:3000928_TEM-59	98.413	378	6	0	87	464	1	378	0.0	665
NODE_75641_length_464_cov_0.760391	gb_AF157553_+_147-1008_ARO:3000938_TEM-72	98.413	378	6	0	87	464	1	378	0.0	665
NODE_75641_length_464_cov_0.760391	gb_NG_050265_+_100-961_ARO:3000876_TEM-4	98.148	378	7	0	87	464	1	378	0.0	660
NODE_75641_length_464_cov_0.760391	gb_AY327539_+_0-858_ARO:3000985_TEM-123	98.148	378	7	0	87	464	1	378	0.0	660
NODE_75641_length_464_cov_0.760391	gb_X65253_+_175-1036_ARO:3000894_TEM-24	98.148	378	7	0	87	464	1	378	0.0	660
NODE_75641_length_464_cov_0.760391	gb_FJ360884_+_213-1074_ARO:3001033_TEM-167	98.148	378	7	0	87	464	1	378	0.0	660
NODE_75641_length_464_cov_0.760391	gb_AJ318094_+_0-861_ARO:3000961_TEM-94	98.148	378	7	0	87	464	1	378	0.0	660
NODE_75641_length_464_cov_0.760391	gb_X64523.1_-_476-1337_ARO:3000875_TEM-3	98.148	378	7	0	87	464	1	378	0.0	660
NODE_75641_length_464_cov_0.760391	gb_X65252_+_175-1036_ARO:3000880_TEM-8	98.148	378	7	0	87	464	1	378	0.0	660
NODE_75641_length_464_cov_0.760391	gb_KF513179_+_0-861_ARO:3001388_TEM-211	98.148	378	7	0	87	464	1	378	0.0	660
NODE_75641_length_464_cov_0.760391	gb_EF136377_+_0-861_ARO:3001026_TEM-160	98.148	378	7	0	87	464	1	378	0.0	660
NODE_75641_length_464_cov_0.760391	gb_KF944358_+_0-861_ARO:3001393_TEM-216	98.148	378	7	0	87	464	1	378	0.0	660
NODE_75641_length_464_cov_0.760391	gb_AY327540_+_0-858_ARO:3000986_TEM-124	98.148	378	7	0	87	464	1	378	0.0	660
NODE_75641_length_464_cov_0.760391	gb_AY574271_+_0-861_ARO:3000998_TEM-134	98.148	378	7	0	87	464	1	378	0.0	660
NODE_75641_length_464_cov_0.760391	gb_AF332513_+_103-964_ARO:3000931_TEM-63	98.148	378	7	0	87	464	1	378	0.0	660
NODE_75641_length_464_cov_0.760391	gb_AY589494_+_193-1054_ARO:3000976_TEM-113	98.148	378	7	0	87	464	1	378	0.0	660
NODE_75641_length_464_cov_0.760391	gb_EF136376_+_0-861_ARO:3001025_TEM-159	98.148	378	7	0	87	464	1	378	0.0	660
NODE_75641_length_464_cov_0.760391	gb_AY039040_+_188-1022_ARO:3000956_TEM-89	98.148	378	7	0	87	464	1	378	0.0	660
NODE_75641_length_464_cov_0.760391	gb_Y17582_+_0-858_ARO:3000892_TEM-21	98.148	378	7	0	87	464	1	378	0.0	660
NODE_75641_length_464_cov_0.760391	gb_AY528425_+_0-861_ARO:3000997_TEM-133	98.148	378	7	0	87	464	1	378	0.0	660
NODE_75641_length_464_cov_0.760391	gb_Y17583_+_213-1071_ARO:3000893_TEM-22	98.148	378	7	0	87	464	1	378	0.0	660
NODE_75641_length_464_cov_0.760391	gb_AF091113_+_450-1311_ARO:3000934_TEM-67	98.148	378	7	0	87	464	1	378	0.0	660
NODE_75641_length_464_cov_0.760391	gb_AF143804_+_0-861_ARO:3000959_TEM-92	98.148	378	7	0	87	464	1	378	0.0	660
NODE_75641_length_464_cov_0.760391	gb_AY271267_+_0-861_ARO:3000983_TEM-121	98.148	378	7	0	87	464	1	378	0.0	660
NODE_75641_length_464_cov_0.760391	gb_AF250872_+_0-861_ARO:3000954_TEM-87	98.148	378	7	0	87	464	1	378	0.0	660
NODE_75641_length_464_cov_0.760391	gb_AY628175_+_210-1071_ARO:3000972_TEM-109	98.148	378	7	0	87	464	1	378	0.0	660
NODE_75641_length_464_cov_0.760391	gb_X65254_+_175-1036_ARO:3000887_TEM-16	98.148	378	7	0	87	464	1	378	0.0	660
NODE_75641_length_464_cov_0.760391	gb_AF506748_+_38-899_ARO:3000971_TEM-108	98.649	370	5	0	95	464	9	378	0.0	656
NODE_75641_length_464_cov_0.760391	gb_AY436361_+_131-992_ARO:3000995_TEM-131	97.884	378	8	0	87	464	1	378	0.0	656
NODE_75641_length_464_cov_0.760391	gb_FR848831_+_0-861_ARO:3001375_TEM-184	97.884	378	8	0	87	464	1	378	0.0	654
NODE_75641_length_464_cov_0.760391	gb_FN652295_+_0-861_ARO:3001042_TEM-177	97.884	378	8	0	87	464	1	378	0.0	654
NODE_75641_length_464_cov_0.760391	gb_X97254_+_153-1011_ARO:3001043_TEM-178	97.889	379	6	2	87	464	1	378	0.0	654
NODE_75641_length_464_cov_0.760391	gb_AJ746225_+_0-861_ARO:3000993_TEM-129	97.884	378	8	0	87	464	1	378	0.0	654
NODE_75641_length_464_cov_0.760391	gb_AF047171_+_135-996_ARO:3000929_TEM-60	97.619	378	9	0	87	464	1	378	0.0	649
NODE_75641_length_464_cov_0.760391	gb_DQ072853_+_0-861_ARO:3001003_TEM-139	97.619	378	9	0	87	464	1	378	0.0	649
NODE_75641_length_464_cov_0.760391	gb_AY628176_+_75-936_ARO:3000987_TEM-125	97.619	378	9	0	87	464	1	378	0.0	649
NODE_75641_length_464_cov_0.760391	gb_AY040093_+_68-929_ARO:3000965_TEM-102	97.619	378	9	0	87	464	1	378	0.0	649
NODE_75641_length_464_cov_0.760391	gb_JX050178_+_0-852_ARO:3001058_TEM-199	98.108	370	7	0	95	464	1	370	0.0	645
NODE_75641_length_464_cov_0.760391	gb_AJ866988_+_0-861_ARO:3000994_TEM-130	97.354	378	10	0	87	464	1	378	0.0	643
NODE_75641_length_464_cov_0.760391	gb_X98047_+_0-844_ARO:3000911_TEM-42	98.103	369	7	0	96	464	1	369	0.0	643
NODE_75641_length_464_cov_0.760391	gb_EF468463_+_66-927_ARO:3001028_TEM-162	97.354	378	10	0	87	464	1	378	0.0	643
NODE_75641_length_464_cov_0.760391	gb_JF949916_+_0-757_ARO:3001051_TEM-191	98.851	348	4	0	117	464	1	348	7.00e-179	621
NODE_75641_length_464_cov_0.760391	gb_JF949915_+_0-754_ARO:3001052_TEM-192	98.563	348	5	0	117	464	1	348	3.26e-177	616
NODE_75641_length_464_cov_0.760391	gb_AY130285_+_0-785_ARO:3000981_TEM-118	98.538	342	5	0	123	464	1	342	7.05e-174	604
NODE_75641_length_464_cov_0.760391	gb_AY130282_+_0-764_ARO:3000980_TEM-117	98.246	342	6	0	123	464	1	342	3.28e-172	599
NODE_75641_length_464_cov_0.760391	gb_AY130284_+_0-785_ARO:3000941_TEM-75	98.246	342	6	0	123	464	1	342	3.28e-172	599
NODE_75641_length_464_cov_0.760391	gb_AF527798.1_+_0-785_ARO:3000879_TEM-7	98.246	342	6	0	123	464	1	342	3.28e-172	599
NODE_76043_length_463_cov_1.41422	gb_NC_017452.1_-_1144673-1146068_ARO:3003953_hmrM	91.126	462	41	0	2	463	523	984	1.50e-180	627
NODE_76745_length_460_cov_3.37778	gb_NC_003112.2_-_1791966-1795170_ARO:3000811_mtrD	84.449	463	66	5	1	460	769	1228	9.63e-128	451
NODE_78799_length_453_cov_2.97739	gb_NC_003112.2_+_329612-330767_ARO:3003961_farA	81.048	248	45	2	188	434	957	711	4.91e-51	196
NODE_79363_length_451_cov_1.83333	gb_HQ652506.1_+_373-2098_ARO:3004032_tetA(46)	95.276	381	18	0	1	381	381	1	6.85e-174	604
NODE_85098_length_432_cov_1.47215	gb_KU736867.1_+_19653-21573_ARO:3004442_tet(W/N/W)	100.000	136	0	0	297	432	1	136	9.82e-68	252
NODE_85098_length_432_cov_1.47215	gb_EU434751_+_658-2578_ARO:3000194_tetW	100.000	136	0	0	297	432	1	136	9.82e-68	252
NODE_88391_length_422_cov_1.38147	gb_AY768532_+_0-1935_ARO:3000535_macB	87.260	416	49	4	5	418	1359	946	6.76e-134	472
NODE_89013_length_421_cov_3.35246	gb_Z21523_+_0-1974_ARO:3000191_tetQ	98.100	421	8	0	1	421	495	915	0.0	734
NODE_90517_length_417_cov_8.12431	gb_AF472622_+_52-1018_ARO:3003003_CfxA3	100.000	52	0	0	366	417	966	915	4.69e-21	97.1
NODE_90517_length_417_cov_8.12431	gb_AY769934_+_27-993_ARO:3003096_CfxA5	100.000	52	0	0	366	417	966	915	4.69e-21	97.1
NODE_90517_length_417_cov_8.12431	gb_U38243_+_149-1115_ARO:3003001_CfxA	100.000	52	0	0	366	417	966	915	4.69e-21	97.1
NODE_90517_length_417_cov_8.12431	gb_AY769933_+_0-966_ARO:3003005_CfxA4	100.000	52	0	0	366	417	966	915	4.69e-21	97.1
NODE_90517_length_417_cov_8.12431	gb_AF118110.1_-_71-1037_ARO:3003002_CfxA2	100.000	52	0	0	366	417	966	915	4.69e-21	97.1
NODE_110657_length_370_cov_2.71429	gb_Z21523_+_0-1974_ARO:3000191_tetQ	100.000	370	0	0	1	370	1446	1815	0.0	684
NODE_115680_length_361_cov_0.980392	gb_HQ652506.1_+_373-2098_ARO:3004032_tetA(46)	91.967	361	29	0	1	361	1033	673	1.58e-144	507
NODE_116211_length_360_cov_1.08197	gb_AF173226_+_3767-6917_ARO:3003052_smeB	85.227	88	13	0	4	91	2716	2629	1.88e-19	91.6
NODE_118900_length_355_cov_6.33	gb_HM990671_+_5192-6671_ARO:3003112_lsaC	90.704	355	33	0	1	355	1373	1019	1.57e-134	473
NODE_125815_length_344_cov_1.32526	gb_NC_003098.1_-_1359228-1360395_ARO:3000025_patB	88.953	344	38	0	1	344	317	660	4.31e-120	425
NODE_131781_length_335_cov_0.925	gb_NC_017452.1_-_1144673-1146068_ARO:3003953_hmrM	90.504	337	28	4	1	335	471	137	4.17e-125	442
NODE_133739_length_332_cov_2.41516	gb_Z21523_+_0-1974_ARO:3000191_tetQ	88.253	332	39	0	1	332	843	512	9.06e-112	398
NODE_135969_length_329_cov_1.04745	gb_M18896.2_+_206-2126_ARO:3000190_tetO	99.696	329	1	0	1	329	1498	1826	1.77e-173	603
NODE_135969_length_329_cov_1.04745	gb_AJ295238.3_+_163-2083_ARO:3000196_tet32	99.696	329	1	0	1	329	1498	1826	1.77e-173	603
NODE_139616_length_324_cov_1.08922	gb_NC_003112.2_-_1791966-1795170_ARO:3000811_mtrD	94.753	324	17	0	1	324	1159	836	5.05e-144	505
NODE_149284_length_312_cov_0.785992	gb_KX000272.1_+_0-1740_ARO:3004035_tetA(60)	90.064	312	31	0	1	312	1241	930	5.07e-114	405
NODE_150258_length_311_cov_1.15625	gb_AJ252200_+_1278-4401_ARO:3003056_smeE	94.737	38	1	1	208	245	2856	2820	1.63e-09	58.4
NODE_150258_length_311_cov_1.15625	gb_NC_002516_+_2810008-2813197_ARO:3000804_MexF	96.970	33	1	0	208	240	2883	2851	5.86e-09	56.5
NODE_150258_length_311_cov_1.15625	gb_AB219524.1_+_1176-4338_ARO:3003699_mexQ	90.244	41	4	0	212	252	2852	2812	2.11e-08	54.7
NODE_151224_length_310_cov_0.976471	gb_NC_003098.1_+_866210-867410_ARO:3000822_pmrA	94.516	310	17	0	1	310	753	1062	2.92e-136	479
NODE_152742_length_308_cov_1.14229	gb_EU434751_+_658-2578_ARO:3000194_tetW	100.000	308	0	0	1	308	1095	1402	1.67e-163	569
NODE_152742_length_308_cov_1.14229	gb_KU736867.1_+_19653-21573_ARO:3004442_tet(W/N/W)	97.403	308	8	0	1	308	1095	1402	3.68e-150	525
NODE_167611_length_293_cov_1.2521	gb_NC_003112.2_-_1791966-1795170_ARO:3000811_mtrD	94.138	290	17	0	2	291	2848	3137	3.61e-125	442
NODE_167735_length_293_cov_11.8613	gb_CP001050.1_+_1332866-1333499_ARO:3000817_mtrR	80.952	294	54	2	1	293	40	332	8.51e-62	231
NODE_174804_length_286_cov_0.935065	gb_KX000273.1_+_0-1740_ARO:3004036_tetB(60)	95.455	286	13	0	1	286	1605	1320	1.26e-129	457
NODE_182134_length_280_cov_6.33778	gb_AF472622_+_52-1018_ARO:3003003_CfxA3	98.276	58	1	0	1	58	121	64	6.63e-23	102
NODE_182134_length_280_cov_6.33778	gb_AY769934_+_27-993_ARO:3003096_CfxA5	98.276	58	1	0	1	58	121	64	6.63e-23	102
NODE_182134_length_280_cov_6.33778	gb_U38243_+_149-1115_ARO:3003001_CfxA	98.276	58	1	0	1	58	121	64	6.63e-23	102
NODE_182134_length_280_cov_6.33778	gb_AY769933_+_0-966_ARO:3003005_CfxA4	98.276	58	1	0	1	58	121	64	6.63e-23	102
NODE_182134_length_280_cov_6.33778	gb_AF118110.1_-_71-1037_ARO:3003002_CfxA2	98.276	58	1	0	1	58	121	64	6.63e-23	102
NODE_184148_length_278_cov_2.27803	gb_CP007593.1_+_2148923-2149772_ARO:3001301_RlmA(II)	89.113	248	27	0	26	273	103	350	3.61e-85	309
NODE_186286_length_276_cov_1.0181	gb_NC_003112.2_+_330790-332317_ARO:3003962_farB	91.575	273	23	0	4	276	1154	1426	9.68e-106	377
NODE_195017_length_269_cov_1.57009	gb_AY768531_+_0-1179_ARO:3000533_macA	87.266	267	34	0	3	269	739	1005	4.51e-84	305
NODE_196501_length_268_cov_1.15493	gb_HQ652506.1_+_2099-3836_ARO:3004033_tetB(46)	93.657	268	17	0	1	268	855	588	5.57e-113	401
NODE_197458_length_268_cov_3.17371	gb_AY768532_+_0-1935_ARO:3000535_macB	85.375	253	29	5	20	268	1231	983	4.59e-69	255
NODE_200918_length_265_cov_2.10952	gb_Z21523_+_0-1974_ARO:3000191_tetQ	99.245	265	2	0	1	265	1114	850	2.47e-136	479
NODE_202007_length_264_cov_1.41148	gb_X95635_+_259-1663_ARO:3000812_mtrE	92.803	264	19	0	1	264	1133	870	1.98e-107	383
NODE_207427_length_261_cov_1.36893	gb_HM990671_+_5192-6671_ARO:3003112_lsaC	78.289	152	30	3	29	178	531	381	1.03e-20	95.3
NODE_210374_length_259_cov_3.28431	gb_NC_003098.1_-_1359228-1360395_ARO:3000025_patB	88.281	256	30	0	4	259	653	398	1.20e-84	307
NODE_211111_length_258_cov_0.871921	gb_NC_012469.1_-_1800927-1802391_ARO:3000616_mel	100.000	258	0	0	1	258	800	1057	8.63e-136	477
NODE_212349_length_257_cov_0.806931	gb_X95635_+_259-1663_ARO:3000812_mtrE	93.023	258	16	2	1	257	707	451	3.22e-105	375
NODE_215064_length_255_cov_1.13	gb_CP007593.1_+_2148923-2149772_ARO:3001301_RlmA(II)	93.939	231	14	0	25	255	1	231	1.94e-97	350
NODE_217712_length_254_cov_1.1206	gb_HQ652506.1_+_373-2098_ARO:3004032_tetA(46)	96.063	254	10	0	1	254	1435	1182	6.75e-117	414
NODE_218398_length_253_cov_2.13131	gb_NC_003112.2_+_330790-332317_ARO:3003962_farB	96.838	253	8	0	1	253	581	833	1.12e-119	424
NODE_231456_length_246_cov_1	gb_BX664015.1_-_204137-204554_ARO:3000168_tet(D)	100.000	31	0	0	216	246	1	31	1.26e-09	58.4
NODE_237968_length_242_cov_1.58824	gb_CP007593.1_+_2148923-2149772_ARO:3001301_RlmA(II)	91.064	235	19	2	1	234	579	812	1.86e-87	316
NODE_245613_length_238_cov_0.923497	gb_X95635_+_259-1663_ARO:3000812_mtrE	90.756	238	22	0	1	238	296	59	5.07e-88	318
NODE_253361_length_234_cov_1.65922	gb_NC_023287.1_-_65291-66509_ARO:3000615_mefA	98.291	234	4	0	1	234	248	481	7.98e-116	411
NODE_253371_length_234_cov_0.927374	gb_AY055428.1_-_20268-21084_ARO:3000412_sul2	98.864	88	1	0	1	88	729	816	1.15e-39	158
NODE_253371_length_234_cov_0.927374	gb_AF313472_+_15593-16397_ARO:3002639_APH(3'')-Ib	98.837	86	1	0	149	234	1	86	1.48e-38	154
NODE_259516_length_232_cov_1.32768	gb_CP007593.1_+_2148923-2149772_ARO:3001301_RlmA(II)	90.435	230	22	0	1	230	465	694	1.38e-83	303
NODE_261257_length_231_cov_1.15909	gb_HQ652506.1_+_373-2098_ARO:3004032_tetA(46)	98.485	66	1	0	166	231	1427	1362	1.92e-27	117
NODE_267425_length_228_cov_1.51445	gb_HM990671_+_5192-6671_ARO:3003112_lsaC	93.720	207	13	0	1	207	208	2	8.09e-86	311
NODE_273618_length_225_cov_2.24118	gb_Z21523_+_0-1974_ARO:3000191_tetQ	100.000	225	0	0	1	225	318	542	1.64e-117	416
NODE_275377_length_225_cov_1.64118	gb_NC_003098.1_+_866210-867410_ARO:3000822_pmrA	98.095	105	2	0	121	225	1200	1096	1.81e-47	183
NODE_277716_length_224_cov_1.85207	gb_AY768532_+_0-1935_ARO:3000535_macB	84.000	225	34	2	1	224	598	821	6.40e-57	215
NODE_277723_length_224_cov_1.56213	gb_NC_003098.1_+_866210-867410_ARO:3000822_pmrA	93.750	224	14	0	1	224	697	474	1.31e-93	337
NODE_295789_length_217_cov_1.42593	gb_NC_003098.1_+_866210-867410_ARO:3000822_pmrA	94.444	216	12	0	2	217	673	888	1.64e-92	333
NODE_295996_length_216_cov_1.34783	gb_NC_003112.2_-_1791966-1795170_ARO:3000811_mtrD	87.037	216	22	5	2	214	2478	2690	3.65e-64	239
NODE_304115_length_214_cov_10.2893	gb_NC_003112.2_-_1791966-1795170_ARO:3000811_mtrD	86.321	212	29	0	3	214	2680	2891	6.04e-62	231
NODE_316482_length_209_cov_0.818182	gb_HQ652506.1_+_373-2098_ARO:3004032_tetA(46)	100.000	42	0	0	128	169	1725	1684	8.12e-16	78.7
NODE_318373_length_208_cov_1.02614	gb_NC_003112.2_+_330790-332317_ARO:3003962_farB	93.269	208	14	0	1	208	1082	875	9.46e-85	307
NODE_319396_length_208_cov_2.77124	gb_KM998962.1_+_0-861_ARO:3003158_TEM-220	100.000	61	0	0	148	208	861	801	2.21e-26	113
NODE_319396_length_208_cov_2.77124	gb_NG_050265_+_100-961_ARO:3000876_TEM-4	100.000	61	0	0	148	208	861	801	2.21e-26	113
NODE_319396_length_208_cov_2.77124	gb_JQ034306_+_0-861_ARO:3001376_TEM-196	100.000	61	0	0	148	208	861	801	2.21e-26	113
NODE_319396_length_208_cov_2.77124	gb_AF047171_+_135-996_ARO:3000929_TEM-60	100.000	61	0	0	148	208	861	801	2.21e-26	113
NODE_319396_length_208_cov_2.77124	gb_FJ405211_+_0-861_ARO:3000926_TEM-57	100.000	61	0	0	148	208	861	801	2.21e-26	113
NODE_319396_length_208_cov_2.77124	gb_JN254627_+_0-861_ARO:3001049_TEM-189	100.000	61	0	0	148	208	861	801	2.21e-26	113
NODE_319396_length_208_cov_2.77124	gb_X65253_+_175-1036_ARO:3000894_TEM-24	100.000	61	0	0	148	208	861	801	2.21e-26	113
NODE_319396_length_208_cov_2.77124	gb_KP050492_+_0-861_ARO:3001392_TEM-215	100.000	61	0	0	148	208	861	801	2.21e-26	113
NODE_319396_length_208_cov_2.77124	gb_AF468003_+_0-861_ARO:3000974_TEM-111	100.000	61	0	0	148	208	861	801	2.21e-26	113
NODE_319396_length_208_cov_2.77124	gb_AF516720_+_214-1075_ARO:3000968_TEM-105	100.000	61	0	0	148	208	861	801	2.21e-26	113
NODE_319396_length_208_cov_2.77124	gb_FJ807656_+_0-861_ARO:3001020_TEM-154	100.000	61	0	0	148	208	861	801	2.21e-26	113
NODE_319396_length_208_cov_2.77124	gb_AF190694_+_208-1069_ARO:3000942_TEM-76	100.000	61	0	0	148	208	861	801	2.21e-26	113
NODE_319396_length_208_cov_2.77124	gb_FJ360884_+_213-1074_ARO:3001033_TEM-167	100.000	61	0	0	148	208	861	801	2.21e-26	113
NODE_319396_length_208_cov_2.77124	gb_AM183304_+_208-1069_ARO:3001017_TEM-150	100.000	61	0	0	148	208	861	801	2.21e-26	113
NODE_319396_length_208_cov_2.77124	gb_KC865667_+_183-1044_ARO:3001385_TEM-208	100.000	61	0	0	148	208	861	801	2.21e-26	113
NODE_319396_length_208_cov_2.77124	gb_AJ277415_+_0-861_ARO:3000953_TEM-86	100.000	61	0	0	148	208	861	801	2.21e-26	113
NODE_319396_length_208_cov_2.77124	gb_AF188199_+_214-1075_ARO:3000936_TEM-70	100.000	61	0	0	148	208	861	801	2.21e-26	113
NODE_319396_length_208_cov_2.77124	gb_AJ318094_+_0-861_ARO:3000961_TEM-94	100.000	61	0	0	148	208	861	801	2.21e-26	113
NODE_319396_length_208_cov_2.77124	gb_X64523.1_-_476-1337_ARO:3000875_TEM-3	100.000	61	0	0	148	208	861	801	2.21e-26	113
NODE_319396_length_208_cov_2.77124	gb_X65252_+_175-1036_ARO:3000880_TEM-8	100.000	61	0	0	148	208	861	801	2.21e-26	113
NODE_319396_length_208_cov_2.77124	gb_AY436361_+_131-992_ARO:3000995_TEM-131	100.000	61	0	0	148	208	861	801	2.21e-26	113
NODE_319396_length_208_cov_2.77124	gb_DQ279850_+_0-861_ARO:3001014_TEM-147	100.000	61	0	0	148	208	861	801	2.21e-26	113
NODE_319396_length_208_cov_2.77124	gb_Y10280_+_0-861_ARO:3000917_TEM-48	100.000	61	0	0	148	208	861	801	2.21e-26	113
NODE_319396_length_208_cov_2.77124	gb_M88143_+_367-1228_ARO:3000884_TEM-12	100.000	61	0	0	148	208	861	801	2.21e-26	113
NODE_319396_length_208_cov_2.77124	gb_JX042489_+_141-1002_ARO:3000890_TEM-19	100.000	61	0	0	148	208	861	801	2.21e-26	113
NODE_319396_length_208_cov_2.77124	gb_AY368236_+_0-861_ARO:3000989_TEM-127	100.000	61	0	0	148	208	861	801	2.21e-26	113
NODE_319396_length_208_cov_2.77124	gb_AF104441_+_193-1054_ARO:3000922_TEM-53	100.000	61	0	0	148	208	861	801	2.21e-26	113
NODE_319396_length_208_cov_2.77124	gb_FR848831_+_0-861_ARO:3001375_TEM-184	100.000	61	0	0	148	208	861	801	2.21e-26	113
NODE_319396_length_208_cov_2.77124	gb_AF535127_+_208-1069_ARO:3000978_TEM-115	100.000	61	0	0	148	208	861	801	2.21e-26	113
NODE_319396_length_208_cov_2.77124	gb_AJ634602.1_-_7839-8700_ARO:3000999_TEM-135	100.000	61	0	0	148	208	861	801	2.21e-26	113
NODE_319396_length_208_cov_2.77124	gb_DQ075245_+_217-1078_ARO:3001006_TEM-143	100.000	61	0	0	148	208	861	801	2.21e-26	113
NODE_319396_length_208_cov_2.77124	gb_DQ072853_+_0-861_ARO:3001003_TEM-139	100.000	61	0	0	148	208	861	801	2.21e-26	113
NODE_319396_length_208_cov_2.77124	gb_HQ877606_+_0-861_ARO:3001056_TEM-197	100.000	61	0	0	148	208	861	801	2.21e-26	113
NODE_319396_length_208_cov_2.77124	gb_JN935136_+_0-861_ARO:3001054_TEM-194	100.000	61	0	0	148	208	861	801	2.21e-26	113
NODE_319396_length_208_cov_2.77124	gb_AF427127_+_208-1069_ARO:3000948_TEM-81	100.000	61	0	0	148	208	861	801	2.21e-26	113
NODE_319396_length_208_cov_2.77124	gb_AJ866988_+_0-861_ARO:3000994_TEM-130	100.000	61	0	0	148	208	861	801	2.21e-26	113
NODE_319396_length_208_cov_2.77124	gb_FJ919776_+_208-1069_ARO:3001034_TEM-168	100.000	61	0	0	148	208	861	801	2.21e-26	113
NODE_319396_length_208_cov_2.77124	gb_EF136377_+_0-861_ARO:3001026_TEM-160	100.000	61	0	0	148	208	861	801	2.21e-26	113
NODE_319396_length_208_cov_2.77124	gb_DQ909059_+_0-861_ARO:3001023_TEM-157	100.000	61	0	0	148	208	861	801	2.21e-26	113
NODE_319396_length_208_cov_2.77124	gb_KF944358_+_0-861_ARO:3001393_TEM-216	100.000	61	0	0	148	208	861	801	2.21e-26	113
NODE_319396_length_208_cov_2.77124	gb_FR717535_+_0-861_ARO:3000910_TEM-40	100.000	61	0	0	148	208	861	801	2.21e-26	113
NODE_319396_length_208_cov_2.77124	gb_AM849805_+_262-1123_ARO:3000886_TEM-15	100.000	61	0	0	148	208	861	801	2.21e-26	113
NODE_319396_length_208_cov_2.77124	gb_AJ277414_+_0-861_ARO:3000952_TEM-85	100.000	61	0	0	148	208	861	801	2.21e-26	113
NODE_319396_length_208_cov_2.77124	gb_JN935135_+_0-861_ARO:3001053_TEM-193	100.000	61	0	0	148	208	861	801	2.21e-26	113
NODE_319396_length_208_cov_2.77124	gb_DQ369751_+_0-861_ARO:3001016_TEM-149	100.000	61	0	0	148	208	861	801	2.21e-26	113
NODE_319396_length_208_cov_2.77124	gb_AJ318093_+_0-861_ARO:3000960_TEM-93	100.000	61	0	0	148	208	861	801	2.21e-26	113
NODE_319396_length_208_cov_2.77124	gb_FN652295_+_0-861_ARO:3001042_TEM-177	100.000	61	0	0	148	208	861	801	2.21e-26	113
NODE_319396_length_208_cov_2.77124	gb_AY956335_+_38-899_ARO:3001004_TEM-141	100.000	61	0	0	148	208	861	801	2.21e-26	113
NODE_319396_length_208_cov_2.77124	gb_AY589495_+_181-1042_ARO:3000977_TEM-114	100.000	61	0	0	148	208	861	801	2.21e-26	113
NODE_319396_length_208_cov_2.77124	gb_AM049399_+_0-861_ARO:3001007_TEM-144	100.000	61	0	0	148	208	861	801	2.21e-26	113
NODE_319396_length_208_cov_2.77124	gb_KM114268_+_0-861_ARO:3003157_TEM-219	100.000	61	0	0	148	208	861	801	2.21e-26	113
NODE_319396_length_208_cov_2.77124	gb_AY574271_+_0-861_ARO:3000998_TEM-134	100.000	61	0	0	148	208	861	801	2.21e-26	113
NODE_319396_length_208_cov_2.77124	gb_AF104442_+_193-1054_ARO:3000923_TEM-54	100.000	61	0	0	148	208	861	801	2.21e-26	113
NODE_319396_length_208_cov_2.77124	gb_AJ746225_+_0-861_ARO:3000993_TEM-129	100.000	61	0	0	148	208	861	801	2.21e-26	113
NODE_319396_length_208_cov_2.77124	gb_DQ105529_+_0-861_ARO:3001013_TEM-146	100.000	61	0	0	148	208	861	801	2.21e-26	113
NODE_319396_length_208_cov_2.77124	gb_AM941159_+_208-1069_ARO:3001022_TEM-156	100.000	61	0	0	148	208	861	801	2.21e-26	113
NODE_319396_length_208_cov_2.77124	gb_AF351241_+_89-950_ARO:3000957_TEM-90	100.000	61	0	0	148	208	861	801	2.21e-26	113
NODE_319396_length_208_cov_2.77124	gb_JN227084_+_308-1169_ARO:3001046_TEM-186	100.000	61	0	0	148	208	861	801	2.21e-26	113
NODE_319396_length_208_cov_2.77124	gb_AF190692_+_208-1069_ARO:3000946_TEM-79	100.000	61	0	0	148	208	861	801	2.21e-26	113
NODE_319396_length_208_cov_2.77124	gb_AY826417_+_0-861_ARO:3001000_TEM-136	100.000	61	0	0	148	208	861	801	2.21e-26	113
NODE_319396_length_208_cov_2.77124	gb_U37195_+_75-936_ARO:3000898_TEM-28	100.000	61	0	0	148	208	861	801	2.21e-26	113
NODE_319396_length_208_cov_2.77124	gb_KF240808_+_0-861_ARO:3001386_TEM-209	100.000	61	0	0	148	208	861	801	2.21e-26	113
NODE_319396_length_208_cov_2.77124	gb_KC149518_+_0-861_ARO:3001369_TEM-153	100.000	61	0	0	148	208	861	801	2.21e-26	113
NODE_319396_length_208_cov_2.77124	gb_AM286274_+_0-861_ARO:3001001_TEM-137	100.000	61	0	0	148	208	861	801	2.21e-26	113
NODE_319396_length_208_cov_2.77124	gb_AY027590_+_112-973_ARO:3000955_TEM-88	100.000	61	0	0	148	208	861	801	2.21e-26	113
NODE_319396_length_208_cov_2.77124	gb_Y10281_+_0-861_ARO:3000918_TEM-49	100.000	61	0	0	148	208	861	801	2.21e-26	113
NODE_319396_length_208_cov_2.77124	gb_AF332513_+_103-964_ARO:3000931_TEM-63	100.000	61	0	0	148	208	861	801	2.21e-26	113
NODE_319396_length_208_cov_2.77124	gb_JF795538_+_0-861_ARO:3001374_TEM-185	100.000	61	0	0	148	208	861	801	2.21e-26	113
NODE_319396_length_208_cov_2.77124	gb_DQ388882_+_0-861_ARO:3001005_TEM-142	100.000	61	0	0	148	208	861	801	2.21e-26	113
NODE_319396_length_208_cov_2.77124	gb_GQ149347_+_5269-6130_ARO:3001037_TEM-171	100.000	61	0	0	148	208	861	801	2.21e-26	113
NODE_319396_length_208_cov_2.77124	gb_DQ286729_+_0-861_ARO:3000924_TEM-55	100.000	61	0	0	148	208	861	801	2.21e-26	113
NODE_319396_length_208_cov_2.77124	gb_X57972_+_339-1200_ARO:3000878_TEM-6	100.000	61	0	0	148	208	861	801	2.21e-26	113
NODE_319396_length_208_cov_2.77124	gb_HG934763_+_0-861_ARO:3001394_TEM-217	100.000	61	0	0	148	208	861	801	2.21e-26	113
NODE_319396_length_208_cov_2.77124	gb_AJ437107_+_208-1069_ARO:3000900_TEM-30	100.000	61	0	0	148	208	861	801	2.21e-26	113
NODE_319396_length_208_cov_2.77124	gb_EF136376_+_0-861_ARO:3001025_TEM-159	100.000	61	0	0	148	208	861	801	2.21e-26	113
NODE_319396_length_208_cov_2.77124	gb_AY243512_+_208-1069_ARO:3000982_TEM-120	100.000	61	0	0	148	208	861	801	2.21e-26	113
NODE_319396_length_208_cov_2.77124	gb_AF093512_+_197-1058_ARO:3000882_TEM-10	100.000	61	0	0	148	208	861	801	2.21e-26	113
NODE_319396_length_208_cov_2.77124	gb_EF468463_+_66-927_ARO:3001028_TEM-162	100.000	61	0	0	148	208	861	801	2.21e-26	113
NODE_319396_length_208_cov_2.77124	gb_JX310327_+_0-861_ARO:3001378_TEM-201	100.000	61	0	0	148	208	861	801	2.21e-26	113
NODE_319396_length_208_cov_2.77124	gb_DQ105528_+_0-861_ARO:3001012_TEM-145	100.000	61	0	0	148	208	861	801	2.21e-26	113
NODE_319396_length_208_cov_2.77124	gb_AJ012256_+_208-1069_ARO:3000939_TEM-73	100.000	61	0	0	148	208	861	801	2.21e-26	113
NODE_319396_length_208_cov_2.77124	gb_AY072920_+_0-861_ARO:3000973_TEM-110	100.000	61	0	0	148	208	861	801	2.21e-26	113
NODE_319396_length_208_cov_2.77124	gb_AY101764_+_206-1067_ARO:3000970_TEM-107	100.000	61	0	0	148	208	861	801	2.21e-26	113
NODE_319396_length_208_cov_2.77124	gb_AY101578_+_214-1075_ARO:3000969_TEM-106	100.000	61	0	0	148	208	861	801	2.21e-26	113
NODE_319396_length_208_cov_2.77124	gb_AY528425_+_0-861_ARO:3000997_TEM-133	100.000	61	0	0	148	208	861	801	2.21e-26	113
NODE_319396_length_208_cov_2.77124	gb_AJ308558_+_181-1042_ARO:3000962_TEM-95	100.000	61	0	0	148	208	861	801	2.21e-26	113
NODE_319396_length_208_cov_2.77124	gb_Y13612_+_0-861_ARO:3000921_TEM-52	100.000	61	0	0	148	208	861	801	2.21e-26	113
NODE_319396_length_208_cov_2.77124	gb_JN211012_+_213-1074_ARO:3001048_TEM-188	100.000	61	0	0	148	208	861	801	2.21e-26	113
NODE_319396_length_208_cov_2.77124	gb_AY368237_+_0-861_ARO:3000990_TEM-128	100.000	61	0	0	148	208	861	801	2.21e-26	113
NODE_319396_length_208_cov_2.77124	gb_X54606_+_214-1075_ARO:3000874_TEM-2	100.000	61	0	0	148	208	861	801	2.21e-26	113
NODE_319396_length_208_cov_2.77124	gb_GU371926_-_50304-51165_ARO:3000903_TEM-33	100.000	61	0	0	148	208	861	801	2.21e-26	113
NODE_319396_length_208_cov_2.77124	gb_AF203816_+_210-1071_ARO:3000937_TEM-71	100.000	61	0	0	148	208	861	801	2.21e-26	113
NODE_319396_length_208_cov_2.77124	gb_KP050491_+_0-861_ARO:3001391_TEM-214	100.000	61	0	0	148	208	861	801	2.21e-26	113
NODE_319396_length_208_cov_2.77124	gb_DQ679961_+_114-975_ARO:3001021_TEM-155	100.000	61	0	0	148	208	861	801	2.21e-26	113
NODE_319396_length_208_cov_2.77124	gb_AY589493_+_166-1027_ARO:3000975_TEM-112	100.000	61	0	0	148	208	861	801	2.21e-26	113
NODE_319396_length_208_cov_2.77124	gb_AL513383_+_161910-162771_ARO:3000873_TEM-1	100.000	61	0	0	148	208	861	801	2.21e-26	113
NODE_319396_length_208_cov_2.77124	gb_FJ197316_+_0-861_ARO:3001032_TEM-166	100.000	61	0	0	148	208	861	801	2.21e-26	113
NODE_319396_length_208_cov_2.77124	gb_AM087454_+_208-1069_ARO:3001015_TEM-148	100.000	61	0	0	148	208	861	801	2.21e-26	113
NODE_319396_length_208_cov_2.77124	gb_GU550123_+_144-1005_ARO:3001041_TEM-176	100.000	61	0	0	148	208	861	801	2.21e-26	113
NODE_319396_length_208_cov_2.77124	gb_KC818234_+_0-861_ARO:3001384_TEM-207	100.000	61	0	0	148	208	861	801	2.21e-26	113
NODE_319396_length_208_cov_2.77124	gb_Y14574_+_0-861_ARO:3000888_TEM-17	100.000	61	0	0	148	208	861	801	2.21e-26	113
NODE_319396_length_208_cov_2.77124	gb_AF091113_+_450-1311_ARO:3000934_TEM-67	100.000	61	0	0	148	208	861	801	2.21e-26	113
NODE_319396_length_208_cov_2.77124	gb_AY874537_+_177-1038_ARO:3000883_TEM-11	100.000	61	0	0	148	208	861	801	2.21e-26	113
NODE_319396_length_208_cov_2.77124	gb_AB049569_+_0-861_ARO:3000958_TEM-91	100.000	61	0	0	148	208	861	801	2.21e-26	113
NODE_319396_length_208_cov_2.77124	gb_AF143804_+_0-861_ARO:3000959_TEM-92	100.000	61	0	0	148	208	861	801	2.21e-26	113
NODE_319396_length_208_cov_2.77124	gb_KC783461_+_0-861_ARO:3001383_TEM-206	100.000	61	0	0	148	208	861	801	2.21e-26	113
NODE_319396_length_208_cov_2.77124	gb_AY853593_+_214-1075_ARO:3001002_TEM-138	100.000	61	0	0	148	208	861	801	2.21e-26	113
NODE_319396_length_208_cov_2.77124	gb_AY271267_+_0-861_ARO:3000983_TEM-121	100.000	61	0	0	148	208	861	801	2.21e-26	113
NODE_319396_length_208_cov_2.77124	gb_JN935137_+_0-861_ARO:3001055_TEM-195	100.000	61	0	0	148	208	861	801	2.21e-26	113
NODE_319396_length_208_cov_2.77124	gb_AB700703_+_161-1022_ARO:3001057_TEM-198	100.000	61	0	0	148	208	861	801	2.21e-26	113
NODE_319396_length_208_cov_2.77124	gb_HQ529916_+_110-971_ARO:3001045_TEM-183	100.000	61	0	0	148	208	861	801	2.21e-26	113
NODE_319396_length_208_cov_2.77124	gb_AF250872_+_0-861_ARO:3000954_TEM-87	100.000	61	0	0	148	208	861	801	2.21e-26	113
NODE_319396_length_208_cov_2.77124	gb_U95363_+_0-861_ARO:3000912_TEM-43	100.000	61	0	0	148	208	861	801	2.21e-26	113
NODE_319396_length_208_cov_2.77124	gb_AY628175_+_210-1071_ARO:3000972_TEM-109	100.000	61	0	0	148	208	861	801	2.21e-26	113
NODE_319396_length_208_cov_2.77124	gb_NC_002156_+_1429-2290_ARO:3000979_TEM-116	100.000	61	0	0	148	208	861	801	2.21e-26	113
NODE_319396_length_208_cov_2.77124	gb_AY040093_+_68-929_ARO:3000965_TEM-102	100.000	61	0	0	148	208	861	801	2.21e-26	113
NODE_319396_length_208_cov_2.77124	gb_X65254_+_175-1036_ARO:3000887_TEM-16	100.000	61	0	0	148	208	861	801	2.21e-26	113
NODE_319396_length_208_cov_2.77124	gb_Y10279_+_0-861_ARO:3000916_TEM-47	100.000	61	0	0	148	208	861	801	2.21e-26	113
NODE_319396_length_208_cov_2.77124	gb_AY491682_+_0-861_ARO:3000996_TEM-132	100.000	61	0	0	148	208	861	801	2.21e-26	113
NODE_319396_length_208_cov_2.77124	gb_KC292503_+_4334-5195_ARO:3000904_TEM-34	100.000	61	0	0	148	208	861	801	2.21e-26	113
NODE_319396_length_208_cov_2.77124	gb_AF157553_+_147-1008_ARO:3000938_TEM-72	100.000	61	0	0	148	208	861	801	2.21e-26	113
NODE_319396_length_208_cov_2.77124	gb_AY628199_+_203-1064_ARO:3000988_TEM-126	100.000	61	0	0	148	208	861	801	2.21e-26	113
NODE_319396_length_208_cov_2.77124	gb_JX050178_+_0-852_ARO:3001058_TEM-199	100.000	60	0	0	149	208	852	793	7.96e-26	111
NODE_319396_length_208_cov_2.77124	gb_AY589494_+_193-1054_ARO:3000976_TEM-113	100.000	60	0	0	148	207	861	802	7.96e-26	111
NODE_319396_length_208_cov_2.77124	gb_AF506748_+_38-899_ARO:3000971_TEM-108	98.361	61	1	0	148	208	861	801	1.03e-24	108
NODE_319396_length_208_cov_2.77124	gb_JN416112_+_0-861_ARO:3001050_TEM-190	98.361	61	1	0	148	208	861	801	1.03e-24	108
NODE_319396_length_208_cov_2.77124	gb_AF427128_+_208-1069_ARO:3000949_TEM-82	98.361	61	1	0	148	208	861	801	1.03e-24	108
NODE_319396_length_208_cov_2.77124	gb_EU274580_+_214-1075_ARO:3001030_TEM-164	98.361	61	1	0	148	208	861	801	1.03e-24	108
NODE_319396_length_208_cov_2.77124	gb_KF513179_+_0-861_ARO:3001388_TEM-211	98.361	61	1	0	148	208	861	801	1.03e-24	108
NODE_319396_length_208_cov_2.77124	gb_AF347054_+_208-1069_ARO:3000947_TEM-80	98.361	61	1	0	148	208	861	801	1.03e-24	108
NODE_319396_length_208_cov_2.77124	gb_X95401_+_208-1069_ARO:3000914_TEM-45	98.361	61	1	0	148	208	861	801	1.03e-24	108
NODE_319396_length_208_cov_2.77124	gb_FJ873740_+_0-858_ARO:3001035_TEM-169	100.000	58	0	0	151	208	858	801	1.03e-24	108
NODE_319396_length_208_cov_2.77124	gb_Y17581_+_78-936_ARO:3000891_TEM-20	100.000	58	0	0	151	208	858	801	1.03e-24	108
NODE_319396_length_208_cov_2.77124	gb_Y17584_+_0-858_ARO:3000899_TEM-29	100.000	58	0	0	151	208	858	801	1.03e-24	108
NODE_319396_length_208_cov_2.77124	gb_AY092401_+_0-861_ARO:3000963_TEM-96	98.361	61	1	0	148	208	861	801	1.03e-24	108
NODE_319396_length_208_cov_2.77124	gb_AY628176_+_75-936_ARO:3000987_TEM-125	98.361	61	1	0	148	208	861	801	1.03e-24	108
NODE_319396_length_208_cov_2.77124	gb_DQ834728_+_205-1066_ARO:3001019_TEM-152	98.361	61	1	0	148	208	861	801	1.03e-24	108
NODE_319396_length_208_cov_2.77124	gb_AJ239002_+_0-861_ARO:3000935_TEM-68	98.361	61	1	0	148	208	861	801	1.03e-24	108
NODE_319396_length_208_cov_2.77124	gb_AF427129_+_208-1069_ARO:3000950_TEM-83	98.361	61	1	0	148	208	861	801	1.03e-24	108
NODE_319396_length_208_cov_2.77124	gb_KF663615_+_0-858_ARO:3001390_TEM-213	100.000	58	0	0	151	208	858	801	1.03e-24	108
NODE_319396_length_208_cov_2.77124	gb_KC900516_+_0-858_ARO:3001382_TEM-205	100.000	58	0	0	151	208	858	801	1.03e-24	108
NODE_319396_length_208_cov_2.77124	gb_Y17582_+_0-858_ARO:3000892_TEM-21	100.000	58	0	0	151	208	858	801	1.03e-24	108
NODE_319396_length_208_cov_2.77124	gb_AF427130_+_208-1069_ARO:3000951_TEM-84	98.361	61	1	0	148	208	861	801	1.03e-24	108
NODE_319396_length_208_cov_2.77124	gb_Y17583_+_213-1071_ARO:3000893_TEM-22	100.000	58	0	0	151	208	858	801	1.03e-24	108
NODE_319396_length_208_cov_2.77124	gb_HQ317449_+_0-861_ARO:3001373_TEM-182	98.361	61	1	0	148	208	861	801	1.03e-24	108
NODE_319396_length_208_cov_2.77124	gb_AY307100_+_0-861_ARO:3000984_TEM-122	98.361	61	1	0	148	208	861	801	1.03e-24	108
NODE_319396_length_208_cov_2.77124	gb_EF534736_+_213-1074_ARO:3001024_TEM-158	98.361	61	1	0	148	208	861	801	1.03e-24	108
NODE_319396_length_208_cov_2.77124	gb_AF190693_+_208-1069_ARO:3000944_TEM-78	98.361	61	1	0	148	208	861	801	1.03e-24	108
NODE_319396_length_208_cov_2.77124	gb_HM246246_+_211-1069_ARO:3001047_TEM-187	100.000	57	0	0	152	208	857	801	3.70e-24	106
NODE_319396_length_208_cov_2.77124	gb_AY327539_+_0-858_ARO:3000985_TEM-123	96.721	61	2	0	148	208	858	798	4.79e-23	102
NODE_319396_length_208_cov_2.77124	gb_AF495873_+_0-861_ARO:3000964_TEM-101	96.721	61	2	0	148	208	861	801	4.79e-23	102
NODE_319396_length_208_cov_2.77124	gb_AY327540_+_0-858_ARO:3000986_TEM-124	96.721	61	2	0	148	208	858	798	4.79e-23	102
NODE_319396_length_208_cov_2.77124	gb_AF516719_+_214-1075_ARO:3000967_TEM-104	96.721	61	2	0	148	208	861	801	4.79e-23	102
NODE_319396_length_208_cov_2.77124	gb_EU815939_+_0-861_ARO:3001029_TEM-163	96.721	61	2	0	148	208	861	801	4.79e-23	102
NODE_319396_length_208_cov_2.77124	gb_X98047_+_0-844_ARO:3000911_TEM-42	100.000	52	0	0	157	208	843	792	2.23e-21	97.1
NODE_319396_length_208_cov_2.77124	gb_X97254_+_153-1011_ARO:3001043_TEM-178	90.164	61	6	0	148	208	858	798	2.25e-16	80.5
NODE_319396_length_208_cov_2.77124	gb_AY039040_+_188-1022_ARO:3000956_TEM-89	100.000	34	0	0	175	208	834	801	2.26e-11	63.9
NODE_319396_length_208_cov_2.77124	gb_AF062386_+_30-862_ARO:3000928_TEM-59	100.000	31	0	0	178	208	831	801	1.05e-09	58.4
