NODE_1_length_364631_cov_5.73635	gb_AP006618.1_+_4835199-4838688_ARO:3000501_Nocardia	75.833	3153	700	52	86659	89788	3362	249	0.0	1544
NODE_287_length_16556_cov_16.5451	gb_NC_012469.1_-_1800927-1802391_ARO:3000616_mel	100.000	1464	0	0	12516	13979	1464	1	0.0	2704
NODE_287_length_16556_cov_16.5451	gb_NC_023287.1_-_65291-66509_ARO:3000615_mefA	96.962	1218	37	0	14099	15316	1218	1	0.0	2045
NODE_351_length_14845_cov_5.17776	gb_AP009380.1_-_573191-573902_ARO:3003920_pgpB	99.156	711	6	0	1928	2638	711	1	0.0	1280
NODE_480_length_12751_cov_7.33648	gb_AY928180_+_0-495_ARO:3002837_lnuC	99.192	495	4	0	9866	10360	1	495	0.0	893
NODE_482_length_12702_cov_3.33004	gb_AP006618.1_+_4835199-4838688_ARO:3000501_Nocardia	82.484	314	49	5	4857	5167	3333	3023	8.33e-72	270
NODE_563_length_11741_cov_76.1021	gb_AY768532_+_0-1935_ARO:3000535_macB	81.584	1944	343	14	8097	10034	1	1935	0.0	1592
NODE_603_length_11268_cov_7.22331	gb_AF118110.1_-_71-1037_ARO:3003002_CfxA2	100.000	966	0	0	1901	2866	1	966	0.0	1784
NODE_603_length_11268_cov_7.22331	gb_AF472622_+_52-1018_ARO:3003003_CfxA3	99.896	966	1	0	1901	2866	1	966	0.0	1779
NODE_603_length_11268_cov_7.22331	gb_AY769934_+_27-993_ARO:3003096_CfxA5	99.896	966	1	0	1901	2866	1	966	0.0	1779
NODE_603_length_11268_cov_7.22331	gb_U38243_+_149-1115_ARO:3003001_CfxA	99.896	966	1	0	1901	2866	1	966	0.0	1779
NODE_603_length_11268_cov_7.22331	gb_AY769933_+_0-966_ARO:3003005_CfxA4	99.896	966	1	0	1901	2866	1	966	0.0	1779
NODE_603_length_11268_cov_7.22331	gb_GQ342996_+_797-1793_ARO:3003097_CfxA6	89.234	966	101	3	1897	2861	30	993	0.0	1205
NODE_652_length_10695_cov_25.2826	gb_AP006618.1_+_4835199-4838688_ARO:3000501_Nocardia	86.228	334	42	4	10350	10681	2968	3299	1.45e-98	359
NODE_698_length_10352_cov_33.9488	gb_M17124_+_1181-1982_ARO:3000498_ErmF	99.750	801	2	0	7390	8190	1	801	0.0	1469
NODE_698_length_10352_cov_33.9488	gb_AF319779.2_+_32-833_ARO:3000604_Erm(35)	78.643	796	166	3	7390	8183	1	794	1.31e-148	525
NODE_1085_length_7928_cov_4.12829	gb_HM990671_+_5192-6671_ARO:3003112_lsaC	89.163	203	10	2	1465	1655	282	484	1.13e-63	243
NODE_1313_length_7163_cov_13.2299	gb_AY043299.1_-_3984-5175_ARO:3000167_tet(C)	99.832	1191	2	0	3027	4217	1191	1	0.0	2189
NODE_1430_length_6836_cov_11.0055	gb_NC_003098.1_-_1359228-1360395_ARO:3000025_patB	92.510	761	57	0	6076	6836	1161	401	0.0	1090
NODE_1536_length_6620_cov_9.25392	gb_BX664015.1_-_103017-103833_ARO:3002641_APH(3')-Ia	99.140	814	7	0	1655	2468	1	814	0.0	1465
NODE_1536_length_6620_cov_9.25392	gb_AY043299.1_-_3984-5175_ARO:3000167_tet(C)	100.000	280	0	0	5070	5349	901	622	1.40e-146	518
NODE_1536_length_6620_cov_9.25392	gb_AY043299.1_-_3984-5175_ARO:3000167_tet(C)	100.000	55	0	0	6566	6620	625	571	1.67e-21	102
NODE_2133_length_5595_cov_20.9953	gb_EU434751_+_658-2578_ARO:3000194_tetW	99.948	1920	1	0	331	2250	1920	1	0.0	3541
NODE_2133_length_5595_cov_20.9953	gb_KU736867.1_+_19653-21573_ARO:3004442_tet(W/N/W)	96.077	1912	73	2	340	2250	1911	1	0.0	3114
NODE_2258_length_5406_cov_5.93852	gb_Z21523_+_0-1974_ARO:3000191_tetQ	100.000	1974	0	0	560	2533	1	1974	0.0	3646
NODE_2684_length_4902_cov_34.7413	gb_NC_002134.1_+_41537-42743_ARO:3000165_tet(A)	99.917	1206	1	0	2840	4045	1206	1	0.0	2222
NODE_2684_length_4902_cov_34.7413	gb_AB089595_+_0-1206_ARO:3000166_tet(B)	99.751	1206	3	0	2840	4045	1206	1	0.0	2211
NODE_2684_length_4902_cov_34.7413	gb_BX664015.1_-_204137-204554_ARO:3000168_tet(D)	100.000	144	0	0	4218	4361	144	1	4.15e-71	267
NODE_3142_length_4497_cov_2.55358	gb_DQ516954_+_0-1716_ARO:3002881_lmrC	98.718	1716	22	0	1908	3623	1	1716	0.0	3048
NODE_3142_length_4497_cov_2.55358	gb_DQ516970_+_0-1987_ARO:3002882_lmrD	98.843	864	10	0	3634	4497	1	864	0.0	1541
NODE_3202_length_4457_cov_125.617	gb_AM180355_+_600033-601953_ARO:3000186_tetM	92.240	1920	149	0	2056	3975	1	1920	0.0	2721
NODE_3202_length_4457_cov_125.617	gb_L09756_+_0-1926_ARO:3000192_tetS	78.723	1927	393	15	2057	3974	2	1920	0.0	1271
NODE_3281_length_4411_cov_87.1825	gb_NC_003112.2_+_329612-330767_ARO:3003961_farA	73.362	916	226	16	2746	3652	127	1033	2.19e-88	324
NODE_3854_length_4031_cov_15.9819	gb_NC_003112.2_+_330790-332317_ARO:3003962_farB	75.764	1506	334	26	299	1790	1527	39	0.0	730
NODE_3854_length_4031_cov_15.9819	gb_NC_003112.2_+_329612-330767_ARO:3003961_farA	72.737	917	230	20	2151	3057	1033	127	2.02e-78	291
NODE_3989_length_3955_cov_2.40897	gb_M80346_+_0-1656_ARO:3002817_carA	100.000	36	0	0	2343	2378	1467	1502	3.64e-11	67.6
NODE_4302_length_3804_cov_12.0328	gb_NC_003098.1_+_866210-867410_ARO:3000822_pmrA	93.667	1200	76	0	245	1444	1200	1	0.0	1796
NODE_4559_length_3677_cov_1.72833	gb_DQ516970_+_0-1987_ARO:3002882_lmrD	99.002	902	9	0	1	902	1085	1986	0.0	1616
NODE_4657_length_3645_cov_4.26407	gb_HQ652506.1_+_373-2098_ARO:3004032_tetA(46)	87.942	1725	208	0	1668	3392	1725	1	0.0	2034
NODE_4657_length_3645_cov_4.26407	gb_HQ652506.1_+_2099-3836_ARO:3004033_tetB(46)	86.747	1660	220	0	7	1666	1660	1	0.0	1847
NODE_5197_length_3428_cov_9.54165	gb_AF235050.4_+_38028-40140_ARO:3003318_Streptomyces	78.329	383	73	9	296	673	453	76	6.32e-63	239
NODE_5244_length_3413_cov_3.73853	gb_CP007593.1_+_2148923-2149772_ARO:3001301_RlmA(II)	83.924	846	130	6	299	1141	1	843	0.0	804
NODE_5303_length_3393_cov_3.6456	gb_AP006618.1_+_4835199-4838688_ARO:3000501_Nocardia	75.488	461	86	20	2938	3389	877	1319	2.95e-51	200
NODE_5523_length_3311_cov_4.70639	gb_HM990671_+_5192-6671_ARO:3003112_lsaC	94.181	1478	86	0	1527	3004	2	1479	0.0	2254
NODE_5590_length_3293_cov_2.68901	gb_M11036_+_0-1377_ARO:3000179_tet(L)	99.706	1361	4	0	704	2064	17	1377	0.0	2492
NODE_6543_length_2999_cov_11.444	gb_NC_003112.2_-_1791966-1795170_ARO:3000811_mtrD	84.368	2111	324	6	890	2997	1	2108	0.0	2065
NODE_6543_length_2999_cov_11.444	gb_NC_003112.2_-_1795181-1796420_ARO:3000810_mtrC	81.395	774	142	2	1	773	383	1155	0.0	630
NODE_6970_length_2897_cov_16.0964	gb_NC_003112.2_-_1795181-1796420_ARO:3000810_mtrC	81.678	1037	186	4	1138	2172	1155	121	0.0	859
NODE_8233_length_2637_cov_4.11813	gb_NC_003098.1_-_1359228-1360395_ARO:3000025_patB	83.278	299	50	0	2339	2637	1	299	3.70e-74	276
NODE_9370_length_2443_cov_2.21734	gb_AFRQ01000061.1_-_23986-27124_ARO:3004144_AxyY	82.727	440	69	6	2000	2437	1572	1138	5.45e-107	385
NODE_9370_length_2443_cov_2.21734	gb_AB015853_+_1330-4471_ARO:3003033_mexY	82.588	425	65	7	2022	2443	1550	1132	1.97e-101	366
NODE_9370_length_2443_cov_2.21734	gb_AF173226_+_3767-6917_ARO:3003052_smeB	75.272	368	78	11	605	967	2988	2629	2.78e-40	163
NODE_9464_length_2429_cov_2.67439	gb_X63451_+_0-1653_ARO:3002828_srmB	78.448	116	19	6	212	324	1577	1465	1.72e-12	71.3
NODE_11562_length_2146_cov_7.72692	gb_AJ295238.3_+_163-2083_ARO:3000196_tet32	86.048	1240	155	17	916	2146	1911	681	0.0	1315
NODE_12569_length_2034_cov_6.45932	gb_CP007593.1_+_2148923-2149772_ARO:3001301_RlmA(II)	89.542	851	85	4	992	1840	849	1	0.0	1075
NODE_13084_length_1979_cov_85.8295	gb_NC_003112.2_-_1791966-1795170_ARO:3000811_mtrD	81.965	1985	346	8	1	1979	2888	910	0.0	1672
NODE_13085_length_1979_cov_8.25884	gb_AM180355_+_600033-601953_ARO:3000186_tetM	98.311	888	15	0	1	888	888	1	0.0	1557
NODE_13085_length_1979_cov_8.25884	gb_L09756_+_0-1926_ARO:3000192_tetS	77.466	892	191	9	1	887	888	2	2.49e-149	525
NODE_13578_length_1932_cov_8.32765	gb_NC_005024_+_42504-43944_ARO:3002597_AAC(6')-Ie-APH(2'')-Ia	100.000	1440	0	0	125	1564	1	1440	0.0	2660
NODE_13578_length_1932_cov_8.32765	gb_AY701528.1_+_9695-10589_ARO:3004191_APH(2'')-If	80.843	830	149	9	728	1552	43	867	0.0	643
NODE_13593_length_1931_cov_2.16471	gb_X63451_+_0-1653_ARO:3002828_srmB	97.222	36	1	0	209	244	1465	1500	8.24e-10	62.1
NODE_14128_length_1881_cov_92.126	gb_AF024666.2_-_2207-2969_ARO:3000596_ErmX	99.869	763	0	1	225	987	1	762	0.0	1402
NODE_14327_length_1866_cov_4.78134	gb_AJ295238.3_+_163-2083_ARO:3000196_tet32	91.293	781	66	2	1	780	780	1	0.0	1064
NODE_15659_length_1762_cov_5.00527	gb_KX000273.1_+_0-1740_ARO:3004036_tetB(60)	86.616	1442	193	0	321	1762	1740	299	0.0	1594
NODE_15895_length_1745_cov_5.73314	gb_KX000273.1_+_0-1740_ARO:3004036_tetB(60)	90.377	239	23	0	1	239	1502	1740	5.17e-86	315
NODE_15945_length_1742_cov_8.85833	gb_KX000272.1_+_0-1740_ARO:3004035_tetA(60)	97.746	488	11	0	1	488	488	1	0.0	841
NODE_16384_length_1710_cov_39.6647	gb_AY768531_+_0-1179_ARO:3000533_macA	84.211	1102	161	11	150	1246	77	1170	0.0	1059
NODE_16384_length_1710_cov_39.6647	gb_AY768532_+_0-1935_ARO:3000535_macB	89.503	362	38	0	1349	1710	1	362	2.21e-129	459
NODE_16863_length_1678_cov_3.07579	gb_NC_014638.1_-_1610636-1613960_ARO:3003730_Bifidobacteria	74.316	1133	240	39	147	1246	1034	2148	1.32e-121	433
NODE_17279_length_1652_cov_31.0438	gb_AY768532_+_0-1935_ARO:3000535_macB	85.768	1335	177	13	1	1330	607	1933	0.0	1400
NODE_18246_length_1595_cov_3.35455	gb_HQ652506.1_+_2099-3836_ARO:3004033_tetB(46)	82.143	896	148	12	606	1495	1721	832	0.0	758
NODE_18267_length_1594_cov_5.12151	gb_CP007593.1_+_2148923-2149772_ARO:3001301_RlmA(II)	83.666	851	134	5	45	892	1	849	0.0	797
NODE_18711_length_1567_cov_1.73347	gb_AB091338_+_173-1355_ARO:3003551_emeA	78.384	458	90	7	201	654	7	459	2.81e-78	289
NODE_19130_length_1544_cov_14.5709	gb_NC_003098.1_-_1359228-1360395_ARO:3000025_patB	94.505	455	25	0	1090	1544	1	455	0.0	702
NODE_20972_length_1446_cov_2.13084	gb_NC_002516.2_-_2850882-2854014_ARO:3004074_MuxB	72.690	1234	269	58	218	1423	2268	1075	1.17e-96	350
NODE_23368_length_1341_cov_2.91135	gb_AY055428.1_-_20268-21084_ARO:3000412_sul2	100.000	816	0	0	78	893	816	1	0.0	1507
NODE_25838_length_1250_cov_4.7272	gb_AF235050.4_+_38028-40140_ARO:3003318_Streptomyces	86.154	65	9	0	249	313	1897	1961	8.81e-13	71.3
NODE_25953_length_1246_cov_11.3359	gb_NC_003098.1_-_1359228-1360395_ARO:3000025_patB	78.205	1170	238	14	34	1194	1	1162	0.0	732
NODE_26459_length_1230_cov_8.60426	gb_HQ652506.1_+_2099-3836_ARO:3004033_tetB(46)	77.346	1236	247	27	7	1226	1660	442	0.0	701
NODE_28904_length_1156_cov_9.46866	gb_NC_003112.2_-_1791966-1795170_ARO:3000811_mtrD	85.383	1163	152	14	1	1154	955	2108	0.0	1190
NODE_29112_length_1150_cov_162.5	gb_AF242872_+_2131-2878_ARO:3000375_ErmB	99.197	747	5	1	66	811	747	1	0.0	1345
NODE_32598_length_1058_cov_1.91924	gb_AF235050.4_+_38028-40140_ARO:3003318_Streptomyces	77.174	460	87	15	7	457	1539	1089	2.47e-67	252
NODE_32759_length_1055_cov_26.181	gb_NC_003112.2_-_1791966-1795170_ARO:3000811_mtrD	82.824	1048	176	4	1	1046	2056	3101	0.0	935
NODE_33342_length_1042_cov_19.8338	gb_CP001050.1_+_1332866-1333499_ARO:3000817_mtrR	81.921	354	54	7	694	1042	1	349	5.16e-79	291
NODE_33683_length_1034_cov_2.4525	gb_U57969_+_1485-4617_ARO:3000801_MexD	78.214	280	55	6	758	1034	951	1227	5.38e-44	174
NODE_33683_length_1034_cov_2.4525	gb_L11616_+_1569-4710_ARO:3000378_MexB	79.358	218	43	2	818	1034	1005	1221	2.52e-37	152
NODE_34478_length_1017_cov_2.53638	gb_KX000272.1_+_0-1740_ARO:3004035_tetA(60)	88.801	1009	113	0	9	1017	1442	434	0.0	1238
NODE_36396_length_977_cov_3.17137	gb_NC_003098.1_-_1359228-1360395_ARO:3000025_patB	83.550	614	97	3	1	612	544	1155	1.54e-163	571
NODE_37512_length_956_cov_6.21199	gb_NC_003112.2_-_1791966-1795170_ARO:3000811_mtrD	83.925	958	146	7	1	954	1155	2108	0.0	909
NODE_40154_length_911_cov_5.44743	gb_NC_003098.1_-_1359228-1360395_ARO:3000025_patB	93.561	761	49	0	151	911	1161	401	0.0	1134
NODE_40265_length_908_cov_1.59672	gb_AP006618.1_+_4835199-4838688_ARO:3000501_Nocardia	83.616	354	56	2	539	891	3320	2968	2.64e-91	331
NODE_46610_length_815_cov_1.19868	gb_CP001050.1_+_1332866-1333499_ARO:3000817_mtrR	75.916	191	44	2	495	684	1	190	9.41e-21	97.1
NODE_51858_length_753_cov_12.3754	gb_HQ652506.1_+_373-2098_ARO:3004032_tetA(46)	83.133	249	42	0	493	741	1725	1477	2.95e-60	228
NODE_54177_length_729_cov_1.1632	gb_NC_007682_+_20649-22125_ARO:3003109_msrE	100.000	507	0	0	1	507	970	1476	0.0	937
NODE_54177_length_729_cov_1.1632	gb_CP016215.1_+_74426-75311_ARO:3003741_mphD	100.000	167	0	0	563	729	1	167	9.90e-85	309
NODE_63008_length_654_cov_1.33055	gb_M80346_+_0-1656_ARO:3002817_carA	97.222	36	1	0	482	517	1468	1503	2.74e-10	62.1
NODE_64305_length_645_cov_4.56441	gb_KX000272.1_+_0-1740_ARO:3004035_tetA(60)	94.419	645	36	0	1	645	1078	434	0.0	992
NODE_65767_length_634_cov_3.8981	gb_NC_007795.1_-_1360280-1361636_ARO:3000839_arlS	81.159	69	13	0	16	84	1156	1224	1.23e-08	56.5
NODE_66412_length_630_cov_4.54783	gb_KX000272.1_+_0-1740_ARO:3004035_tetA(60)	88.167	600	71	0	30	629	1740	1141	0.0	715
NODE_76501_length_571_cov_1.35465	gb_AY769962_+_2434-5611_ARO:3000781_adeJ	80.132	453	84	5	120	569	3177	2728	4.56e-92	333
NODE_76501_length_571_cov_1.35465	gb_AY769962_+_5610-7065_ARO:3000782_adeK	95.789	95	4	0	26	120	95	1	3.81e-38	154
NODE_83882_length_536_cov_3.18087	gb_NC_003098.1_+_866210-867410_ARO:3000822_pmrA	92.019	426	32	2	112	536	1	425	1.37e-171	597
NODE_87614_length_519_cov_6.78017	gb_HM990671_+_5192-6671_ARO:3003112_lsaC	87.810	443	54	0	77	519	1	443	2.95e-148	520
NODE_91009_length_504_cov_3.03786	gb_KX000273.1_+_0-1740_ARO:3004036_tetB(60)	87.550	249	31	0	2	250	249	1	8.80e-79	289
NODE_92416_length_498_cov_2.00677	gb_CP007593.1_+_2148923-2149772_ARO:3001301_RlmA(II)	86.235	494	68	0	3	496	322	815	2.81e-153	536
NODE_92995_length_496_cov_13.2018	gb_CP007593.1_+_2148923-2149772_ARO:3001301_RlmA(II)	92.257	452	35	0	45	496	1	452	0.0	641
NODE_93637_length_493_cov_5.89726	gb_HM990671_+_5192-6671_ARO:3003112_lsaC	93.915	493	30	0	1	493	389	881	0.0	745
NODE_93677_length_493_cov_4.72831	gb_CP007593.1_+_2148923-2149772_ARO:3001301_RlmA(II)	76.709	395	86	6	86	477	392	1	1.48e-56	215
NODE_96285_length_481_cov_2.59155	gb_KX000272.1_+_0-1740_ARO:3004035_tetA(60)	91.116	484	40	1	1	481	1243	760	0.0	652
NODE_100873_length_463_cov_1.9902	gb_CP007593.1_+_2148923-2149772_ARO:3001301_RlmA(II)	88.840	457	51	0	6	462	841	385	4.30e-161	562
NODE_101988_length_458_cov_1.84119	gb_KM998962.1_+_0-861_ARO:3003158_TEM-220	100.000	228	0	0	1	228	634	861	7.52e-119	422
NODE_101988_length_458_cov_1.84119	gb_JQ034306_+_0-861_ARO:3001376_TEM-196	100.000	228	0	0	1	228	634	861	7.52e-119	422
NODE_101988_length_458_cov_1.84119	gb_FJ405211_+_0-861_ARO:3000926_TEM-57	100.000	228	0	0	1	228	634	861	7.52e-119	422
NODE_101988_length_458_cov_1.84119	gb_KP050492_+_0-861_ARO:3001392_TEM-215	100.000	228	0	0	1	228	634	861	7.52e-119	422
NODE_101988_length_458_cov_1.84119	gb_AF516720_+_214-1075_ARO:3000968_TEM-105	100.000	228	0	0	1	228	634	861	7.52e-119	422
NODE_101988_length_458_cov_1.84119	gb_FJ807656_+_0-861_ARO:3001020_TEM-154	100.000	228	0	0	1	228	634	861	7.52e-119	422
NODE_101988_length_458_cov_1.84119	gb_AF190694_+_208-1069_ARO:3000942_TEM-76	100.000	228	0	0	1	228	634	861	7.52e-119	422
NODE_101988_length_458_cov_1.84119	gb_AM183304_+_208-1069_ARO:3001017_TEM-150	100.000	228	0	0	1	228	634	861	7.52e-119	422
NODE_101988_length_458_cov_1.84119	gb_KC865667_+_183-1044_ARO:3001385_TEM-208	100.000	228	0	0	1	228	634	861	7.52e-119	422
NODE_101988_length_458_cov_1.84119	gb_AF188199_+_214-1075_ARO:3000936_TEM-70	100.000	228	0	0	1	228	634	861	7.52e-119	422
NODE_101988_length_458_cov_1.84119	gb_AY368236_+_0-861_ARO:3000989_TEM-127	100.000	228	0	0	1	228	634	861	7.52e-119	422
NODE_101988_length_458_cov_1.84119	gb_FR848831_+_0-861_ARO:3001375_TEM-184	100.000	228	0	0	1	228	634	861	7.52e-119	422
NODE_101988_length_458_cov_1.84119	gb_AF535127_+_208-1069_ARO:3000978_TEM-115	100.000	228	0	0	1	228	634	861	7.52e-119	422
NODE_101988_length_458_cov_1.84119	gb_AJ634602.1_-_7839-8700_ARO:3000999_TEM-135	100.000	228	0	0	1	228	634	861	7.52e-119	422
NODE_101988_length_458_cov_1.84119	gb_DQ075245_+_217-1078_ARO:3001006_TEM-143	100.000	228	0	0	1	228	634	861	7.52e-119	422
NODE_101988_length_458_cov_1.84119	gb_AF427127_+_208-1069_ARO:3000948_TEM-81	100.000	228	0	0	1	228	634	861	7.52e-119	422
NODE_101988_length_458_cov_1.84119	gb_DQ909059_+_0-861_ARO:3001023_TEM-157	100.000	228	0	0	1	228	634	861	7.52e-119	422
NODE_101988_length_458_cov_1.84119	gb_KF944358_+_0-861_ARO:3001393_TEM-216	100.000	228	0	0	1	228	634	861	7.52e-119	422
NODE_101988_length_458_cov_1.84119	gb_FR717535_+_0-861_ARO:3000910_TEM-40	100.000	228	0	0	1	228	634	861	7.52e-119	422
NODE_101988_length_458_cov_1.84119	gb_AY956335_+_38-899_ARO:3001004_TEM-141	100.000	228	0	0	1	228	634	861	7.52e-119	422
NODE_101988_length_458_cov_1.84119	gb_AM941159_+_208-1069_ARO:3001022_TEM-156	100.000	228	0	0	1	228	634	861	7.52e-119	422
NODE_101988_length_458_cov_1.84119	gb_AF351241_+_89-950_ARO:3000957_TEM-90	100.000	228	0	0	1	228	634	861	7.52e-119	422
NODE_101988_length_458_cov_1.84119	gb_JN227084_+_308-1169_ARO:3001046_TEM-186	100.000	228	0	0	1	228	634	861	7.52e-119	422
NODE_101988_length_458_cov_1.84119	gb_KF240808_+_0-861_ARO:3001386_TEM-209	100.000	228	0	0	1	228	634	861	7.52e-119	422
NODE_101988_length_458_cov_1.84119	gb_JF795538_+_0-861_ARO:3001374_TEM-185	100.000	228	0	0	1	228	634	861	7.52e-119	422
NODE_101988_length_458_cov_1.84119	gb_GQ149347_+_5269-6130_ARO:3001037_TEM-171	100.000	228	0	0	1	228	634	861	7.52e-119	422
NODE_101988_length_458_cov_1.84119	gb_X57972_+_339-1200_ARO:3000878_TEM-6	100.000	228	0	0	1	228	634	861	7.52e-119	422
NODE_101988_length_458_cov_1.84119	gb_EF136376_+_0-861_ARO:3001025_TEM-159	100.000	228	0	0	1	228	634	861	7.52e-119	422
NODE_101988_length_458_cov_1.84119	gb_EF468463_+_66-927_ARO:3001028_TEM-162	100.000	228	0	0	1	228	634	861	7.52e-119	422
NODE_101988_length_458_cov_1.84119	gb_AY101578_+_214-1075_ARO:3000969_TEM-106	100.000	228	0	0	1	228	634	861	7.52e-119	422
NODE_101988_length_458_cov_1.84119	gb_AY528425_+_0-861_ARO:3000997_TEM-133	100.000	228	0	0	1	228	634	861	7.52e-119	422
NODE_101988_length_458_cov_1.84119	gb_AJ308558_+_181-1042_ARO:3000962_TEM-95	100.000	228	0	0	1	228	634	861	7.52e-119	422
NODE_101988_length_458_cov_1.84119	gb_AY368237_+_0-861_ARO:3000990_TEM-128	100.000	228	0	0	1	228	634	861	7.52e-119	422
NODE_101988_length_458_cov_1.84119	gb_GU371926_-_50304-51165_ARO:3000903_TEM-33	100.000	228	0	0	1	228	634	861	7.52e-119	422
NODE_101988_length_458_cov_1.84119	gb_KP050491_+_0-861_ARO:3001391_TEM-214	100.000	228	0	0	1	228	634	861	7.52e-119	422
NODE_101988_length_458_cov_1.84119	gb_AL513383_+_161910-162771_ARO:3000873_TEM-1	100.000	228	0	0	1	228	634	861	7.52e-119	422
NODE_101988_length_458_cov_1.84119	gb_FJ197316_+_0-861_ARO:3001032_TEM-166	100.000	228	0	0	1	228	634	861	7.52e-119	422
NODE_101988_length_458_cov_1.84119	gb_AM087454_+_208-1069_ARO:3001015_TEM-148	100.000	228	0	0	1	228	634	861	7.52e-119	422
NODE_101988_length_458_cov_1.84119	gb_KC783461_+_0-861_ARO:3001383_TEM-206	100.000	228	0	0	1	228	634	861	7.52e-119	422
NODE_101988_length_458_cov_1.84119	gb_U95363_+_0-861_ARO:3000912_TEM-43	100.000	228	0	0	1	228	634	861	7.52e-119	422
NODE_101988_length_458_cov_1.84119	gb_AY628175_+_210-1071_ARO:3000972_TEM-109	100.000	228	0	0	1	228	634	861	7.52e-119	422
NODE_101988_length_458_cov_1.84119	gb_NC_002156_+_1429-2290_ARO:3000979_TEM-116	100.000	228	0	0	1	228	634	861	7.52e-119	422
NODE_101988_length_458_cov_1.84119	gb_KC292503_+_4334-5195_ARO:3000904_TEM-34	100.000	228	0	0	1	228	634	861	7.52e-119	422
NODE_101988_length_458_cov_1.84119	gb_AY628199_+_203-1064_ARO:3000988_TEM-126	100.000	228	0	0	1	228	634	861	7.52e-119	422
NODE_101988_length_458_cov_1.84119	gb_JN254627_+_0-861_ARO:3001049_TEM-189	99.561	228	1	0	1	228	634	861	3.50e-117	416
NODE_101988_length_458_cov_1.84119	gb_AF427128_+_208-1069_ARO:3000949_TEM-82	99.561	228	1	0	1	228	634	861	3.50e-117	416
NODE_101988_length_458_cov_1.84119	gb_AY436361_+_131-992_ARO:3000995_TEM-131	99.561	228	1	0	1	228	634	861	3.50e-117	416
NODE_101988_length_458_cov_1.84119	gb_DQ279850_+_0-861_ARO:3001014_TEM-147	99.561	228	1	0	1	228	634	861	3.50e-117	416
NODE_101988_length_458_cov_1.84119	gb_EU274580_+_214-1075_ARO:3001030_TEM-164	99.561	228	1	0	1	228	634	861	3.50e-117	416
NODE_101988_length_458_cov_1.84119	gb_M88143_+_367-1228_ARO:3000884_TEM-12	99.561	228	1	0	1	228	634	861	3.50e-117	416
NODE_101988_length_458_cov_1.84119	gb_AF104441_+_193-1054_ARO:3000922_TEM-53	99.561	228	1	0	1	228	634	861	3.50e-117	416
NODE_101988_length_458_cov_1.84119	gb_AF347054_+_208-1069_ARO:3000947_TEM-80	99.561	228	1	0	1	228	634	861	3.50e-117	416
NODE_101988_length_458_cov_1.84119	gb_HQ877606_+_0-861_ARO:3001056_TEM-197	99.561	228	1	0	1	228	634	861	3.50e-117	416
NODE_101988_length_458_cov_1.84119	gb_AJ866988_+_0-861_ARO:3000994_TEM-130	99.561	228	1	0	1	228	634	861	3.50e-117	416
NODE_101988_length_458_cov_1.84119	gb_FJ919776_+_208-1069_ARO:3001034_TEM-168	99.561	228	1	0	1	228	634	861	3.50e-117	416
NODE_101988_length_458_cov_1.84119	gb_EF136377_+_0-861_ARO:3001026_TEM-160	99.561	228	1	0	1	228	634	861	3.50e-117	416
NODE_101988_length_458_cov_1.84119	gb_AM849805_+_262-1123_ARO:3000886_TEM-15	99.561	228	1	0	1	228	634	861	3.50e-117	416
NODE_101988_length_458_cov_1.84119	gb_AM049399_+_0-861_ARO:3001007_TEM-144	99.561	228	1	0	1	228	634	861	3.50e-117	416
NODE_101988_length_458_cov_1.84119	gb_KM114268_+_0-861_ARO:3003157_TEM-219	99.561	228	1	0	1	228	634	861	3.50e-117	416
NODE_101988_length_458_cov_1.84119	gb_AF104442_+_193-1054_ARO:3000923_TEM-54	99.561	228	1	0	1	228	634	861	3.50e-117	416
NODE_101988_length_458_cov_1.84119	gb_AJ746225_+_0-861_ARO:3000993_TEM-129	99.561	228	1	0	1	228	634	861	3.50e-117	416
NODE_101988_length_458_cov_1.84119	gb_DQ105529_+_0-861_ARO:3001013_TEM-146	99.561	228	1	0	1	228	634	861	3.50e-117	416
NODE_101988_length_458_cov_1.84119	gb_AF190692_+_208-1069_ARO:3000946_TEM-79	99.561	228	1	0	1	228	634	861	3.50e-117	416
NODE_101988_length_458_cov_1.84119	gb_FJ873740_+_0-858_ARO:3001035_TEM-169	100.000	225	0	0	1	225	634	858	3.50e-117	416
NODE_101988_length_458_cov_1.84119	gb_U37195_+_75-936_ARO:3000898_TEM-28	99.561	228	1	0	1	228	634	861	3.50e-117	416
NODE_101988_length_458_cov_1.84119	gb_Y17584_+_0-858_ARO:3000899_TEM-29	100.000	225	0	0	1	225	634	858	3.50e-117	416
NODE_101988_length_458_cov_1.84119	gb_KC149518_+_0-861_ARO:3001369_TEM-153	99.561	228	1	0	1	228	634	861	3.50e-117	416
NODE_101988_length_458_cov_1.84119	gb_AY092401_+_0-861_ARO:3000963_TEM-96	99.561	228	1	0	1	228	634	861	3.50e-117	416
NODE_101988_length_458_cov_1.84119	gb_AY027590_+_112-973_ARO:3000955_TEM-88	99.561	228	1	0	1	228	634	861	3.50e-117	416
NODE_101988_length_458_cov_1.84119	gb_AF332513_+_103-964_ARO:3000931_TEM-63	99.561	228	1	0	1	228	634	861	3.50e-117	416
NODE_101988_length_458_cov_1.84119	gb_DQ286729_+_0-861_ARO:3000924_TEM-55	99.561	228	1	0	1	228	634	861	3.50e-117	416
NODE_101988_length_458_cov_1.84119	gb_HG934763_+_0-861_ARO:3001394_TEM-217	99.561	228	1	0	1	228	634	861	3.50e-117	416
NODE_101988_length_458_cov_1.84119	gb_AJ437107_+_208-1069_ARO:3000900_TEM-30	99.561	228	1	0	1	228	634	861	3.50e-117	416
NODE_101988_length_458_cov_1.84119	gb_KF663615_+_0-858_ARO:3001390_TEM-213	100.000	225	0	0	1	225	634	858	3.50e-117	416
NODE_101988_length_458_cov_1.84119	gb_KC900516_+_0-858_ARO:3001382_TEM-205	100.000	225	0	0	1	225	634	858	3.50e-117	416
NODE_101988_length_458_cov_1.84119	gb_AY243512_+_208-1069_ARO:3000982_TEM-120	99.561	228	1	0	1	228	634	861	3.50e-117	416
NODE_101988_length_458_cov_1.84119	gb_AF093512_+_197-1058_ARO:3000882_TEM-10	99.561	228	1	0	1	228	634	861	3.50e-117	416
NODE_101988_length_458_cov_1.84119	gb_JX310327_+_0-861_ARO:3001378_TEM-201	99.561	228	1	0	1	228	634	861	3.50e-117	416
NODE_101988_length_458_cov_1.84119	gb_AJ012256_+_208-1069_ARO:3000939_TEM-73	99.561	228	1	0	1	228	634	861	3.50e-117	416
NODE_101988_length_458_cov_1.84119	gb_AY101764_+_206-1067_ARO:3000970_TEM-107	99.561	228	1	0	1	228	634	861	3.50e-117	416
NODE_101988_length_458_cov_1.84119	gb_Y13612_+_0-861_ARO:3000921_TEM-52	99.561	228	1	0	1	228	634	861	3.50e-117	416
NODE_101988_length_458_cov_1.84119	gb_HQ317449_+_0-861_ARO:3001373_TEM-182	99.561	228	1	0	1	228	634	861	3.50e-117	416
NODE_101988_length_458_cov_1.84119	gb_X54606_+_214-1075_ARO:3000874_TEM-2	99.561	228	1	0	1	228	634	861	3.50e-117	416
NODE_101988_length_458_cov_1.84119	gb_AY307100_+_0-861_ARO:3000984_TEM-122	99.561	228	1	0	1	228	634	861	3.50e-117	416
NODE_101988_length_458_cov_1.84119	gb_DQ679961_+_114-975_ARO:3001021_TEM-155	99.561	228	1	0	1	228	634	861	3.50e-117	416
NODE_101988_length_458_cov_1.84119	gb_AY589493_+_166-1027_ARO:3000975_TEM-112	99.561	228	1	0	1	228	634	861	3.50e-117	416
NODE_101988_length_458_cov_1.84119	gb_GU550123_+_144-1005_ARO:3001041_TEM-176	99.561	228	1	0	1	228	634	861	3.50e-117	416
NODE_101988_length_458_cov_1.84119	gb_KC818234_+_0-861_ARO:3001384_TEM-207	99.561	228	1	0	1	228	634	861	3.50e-117	416
NODE_101988_length_458_cov_1.84119	gb_AY874537_+_177-1038_ARO:3000883_TEM-11	99.561	228	1	0	1	228	634	861	3.50e-117	416
NODE_101988_length_458_cov_1.84119	gb_AB049569_+_0-861_ARO:3000958_TEM-91	99.561	228	1	0	1	228	634	861	3.50e-117	416
NODE_101988_length_458_cov_1.84119	gb_EF534736_+_213-1074_ARO:3001024_TEM-158	99.561	228	1	0	1	228	634	861	3.50e-117	416
NODE_101988_length_458_cov_1.84119	gb_JN935137_+_0-861_ARO:3001055_TEM-195	99.561	228	1	0	1	228	634	861	3.50e-117	416
NODE_101988_length_458_cov_1.84119	gb_AB700703_+_161-1022_ARO:3001057_TEM-198	99.561	228	1	0	1	228	634	861	3.50e-117	416
NODE_101988_length_458_cov_1.84119	gb_HQ529916_+_110-971_ARO:3001045_TEM-183	99.561	228	1	0	1	228	634	861	3.50e-117	416
NODE_101988_length_458_cov_1.84119	gb_AF250872_+_0-861_ARO:3000954_TEM-87	99.561	228	1	0	1	228	634	861	3.50e-117	416
NODE_101988_length_458_cov_1.84119	gb_X65254_+_175-1036_ARO:3000887_TEM-16	99.561	228	1	0	1	228	634	861	3.50e-117	416
NODE_101988_length_458_cov_1.84119	gb_AY491682_+_0-861_ARO:3000996_TEM-132	99.561	228	1	0	1	228	634	861	3.50e-117	416
NODE_101988_length_458_cov_1.84119	gb_AF506748_+_38-899_ARO:3000971_TEM-108	99.123	228	2	0	1	228	634	861	1.63e-115	411
NODE_101988_length_458_cov_1.84119	gb_X65253_+_175-1036_ARO:3000894_TEM-24	99.123	228	2	0	1	228	634	861	1.63e-115	411
NODE_101988_length_458_cov_1.84119	gb_JN416112_+_0-861_ARO:3001050_TEM-190	99.123	228	2	0	1	228	634	861	1.63e-115	411
NODE_101988_length_458_cov_1.84119	gb_X64523.1_-_476-1337_ARO:3000875_TEM-3	99.123	228	2	0	1	228	634	861	1.63e-115	411
NODE_101988_length_458_cov_1.84119	gb_X65252_+_175-1036_ARO:3000880_TEM-8	99.123	228	2	0	1	228	634	861	1.63e-115	411
NODE_101988_length_458_cov_1.84119	gb_JX042489_+_141-1002_ARO:3000890_TEM-19	99.123	228	2	0	1	228	634	861	1.63e-115	411
NODE_101988_length_458_cov_1.84119	gb_DQ072853_+_0-861_ARO:3001003_TEM-139	99.123	228	2	0	1	228	634	861	1.63e-115	411
NODE_101988_length_458_cov_1.84119	gb_JN935135_+_0-861_ARO:3001053_TEM-193	99.123	228	2	0	1	228	634	861	1.63e-115	411
NODE_101988_length_458_cov_1.84119	gb_DQ369751_+_0-861_ARO:3001016_TEM-149	99.123	228	2	0	1	228	634	861	1.63e-115	411
NODE_101988_length_458_cov_1.84119	gb_AJ318093_+_0-861_ARO:3000960_TEM-93	99.123	228	2	0	1	228	634	861	1.63e-115	411
NODE_101988_length_458_cov_1.84119	gb_FN652295_+_0-861_ARO:3001042_TEM-177	99.123	228	2	0	1	228	634	861	1.63e-115	411
NODE_101988_length_458_cov_1.84119	gb_AF516719_+_214-1075_ARO:3000967_TEM-104	99.123	228	2	0	1	228	634	861	1.63e-115	411
NODE_101988_length_458_cov_1.84119	gb_X95401_+_208-1069_ARO:3000914_TEM-45	99.123	228	2	0	1	228	634	861	1.63e-115	411
NODE_101988_length_458_cov_1.84119	gb_AY574271_+_0-861_ARO:3000998_TEM-134	99.123	228	2	0	1	228	634	861	1.63e-115	411
NODE_101988_length_458_cov_1.84119	gb_AY628176_+_75-936_ARO:3000987_TEM-125	99.123	228	2	0	1	228	634	861	1.63e-115	411
NODE_101988_length_458_cov_1.84119	gb_EU815939_+_0-861_ARO:3001029_TEM-163	99.123	228	2	0	1	228	634	861	1.63e-115	411
NODE_101988_length_458_cov_1.84119	gb_AF427129_+_208-1069_ARO:3000950_TEM-83	99.123	228	2	0	1	228	634	861	1.63e-115	411
NODE_101988_length_458_cov_1.84119	gb_AY072920_+_0-861_ARO:3000973_TEM-110	99.123	228	2	0	1	228	634	861	1.63e-115	411
NODE_101988_length_458_cov_1.84119	gb_AF427130_+_208-1069_ARO:3000951_TEM-84	99.123	228	2	0	1	228	634	861	1.63e-115	411
NODE_101988_length_458_cov_1.84119	gb_Y14574_+_0-861_ARO:3000888_TEM-17	99.123	228	2	0	1	228	634	861	1.63e-115	411
NODE_101988_length_458_cov_1.84119	gb_AF091113_+_450-1311_ARO:3000934_TEM-67	99.123	228	2	0	1	228	634	861	1.63e-115	411
NODE_101988_length_458_cov_1.84119	gb_AF143804_+_0-861_ARO:3000959_TEM-92	99.123	228	2	0	1	228	634	861	1.63e-115	411
NODE_101988_length_458_cov_1.84119	gb_AY853593_+_214-1075_ARO:3001002_TEM-138	99.123	228	2	0	1	228	634	861	1.63e-115	411
NODE_101988_length_458_cov_1.84119	gb_AF190693_+_208-1069_ARO:3000944_TEM-78	99.123	228	2	0	1	228	634	861	1.63e-115	411
NODE_101988_length_458_cov_1.84119	gb_JX050178_+_0-852_ARO:3001058_TEM-199	99.119	227	2	0	1	227	626	852	5.85e-115	409
NODE_101988_length_458_cov_1.84119	gb_NG_050265_+_100-961_ARO:3000876_TEM-4	98.684	228	3	0	1	228	634	861	7.57e-114	405
NODE_101988_length_458_cov_1.84119	gb_AF468003_+_0-861_ARO:3000974_TEM-111	98.684	228	3	0	1	228	634	861	7.57e-114	405
NODE_101988_length_458_cov_1.84119	gb_AJ318094_+_0-861_ARO:3000961_TEM-94	98.684	228	3	0	1	228	634	861	7.57e-114	405
NODE_101988_length_458_cov_1.84119	gb_KF513179_+_0-861_ARO:3001388_TEM-211	98.684	228	3	0	1	228	634	861	7.57e-114	405
NODE_101988_length_458_cov_1.84119	gb_AJ277414_+_0-861_ARO:3000952_TEM-85	98.684	228	3	0	1	228	634	861	7.57e-114	405
NODE_101988_length_458_cov_1.84119	gb_AY589495_+_181-1042_ARO:3000977_TEM-114	98.684	228	3	0	1	228	634	861	7.57e-114	405
NODE_101988_length_458_cov_1.84119	gb_Y17581_+_78-936_ARO:3000891_TEM-20	99.111	225	2	0	1	225	634	858	7.57e-114	405
NODE_101988_length_458_cov_1.84119	gb_AY826417_+_0-861_ARO:3001000_TEM-136	98.684	228	3	0	1	228	634	861	7.57e-114	405
NODE_101988_length_458_cov_1.84119	gb_AM286274_+_0-861_ARO:3001001_TEM-137	98.684	228	3	0	1	228	634	861	7.57e-114	405
NODE_101988_length_458_cov_1.84119	gb_DQ834728_+_205-1066_ARO:3001019_TEM-152	98.684	228	3	0	1	228	634	861	7.57e-114	405
NODE_101988_length_458_cov_1.84119	gb_AY589494_+_193-1054_ARO:3000976_TEM-113	98.684	228	3	0	1	228	634	861	7.57e-114	405
NODE_101988_length_458_cov_1.84119	gb_Y17582_+_0-858_ARO:3000892_TEM-21	99.111	225	2	0	1	225	634	858	7.57e-114	405
NODE_101988_length_458_cov_1.84119	gb_DQ105528_+_0-861_ARO:3001012_TEM-145	98.684	228	3	0	1	228	634	861	7.57e-114	405
NODE_101988_length_458_cov_1.84119	gb_JN211012_+_213-1074_ARO:3001048_TEM-188	98.684	228	3	0	1	228	634	861	7.57e-114	405
NODE_101988_length_458_cov_1.84119	gb_DQ834729_+_205-1066_ARO:3001018_TEM-151	98.684	228	3	0	1	228	634	861	7.57e-114	405
NODE_101988_length_458_cov_1.84119	gb_AF203816_+_210-1071_ARO:3000937_TEM-71	98.684	228	3	0	1	228	634	861	7.57e-114	405
NODE_101988_length_458_cov_1.84119	gb_AY271267_+_0-861_ARO:3000983_TEM-121	98.684	228	3	0	1	228	634	861	7.57e-114	405
NODE_101988_length_458_cov_1.84119	gb_AY040093_+_68-929_ARO:3000965_TEM-102	98.684	228	3	0	1	228	634	861	7.57e-114	405
NODE_101988_length_458_cov_1.84119	gb_AF157553_+_147-1008_ARO:3000938_TEM-72	98.684	228	3	0	1	228	634	861	7.57e-114	405
NODE_101988_length_458_cov_1.84119	gb_HM246246_+_211-1069_ARO:3001047_TEM-187	99.107	224	2	0	1	224	634	857	2.72e-113	403
NODE_101988_length_458_cov_1.84119	gb_AF047171_+_135-996_ARO:3000929_TEM-60	98.246	228	4	0	1	228	634	861	3.52e-112	399
NODE_101988_length_458_cov_1.84119	gb_FJ360884_+_213-1074_ARO:3001033_TEM-167	98.246	228	4	0	1	228	634	861	3.52e-112	399
NODE_101988_length_458_cov_1.84119	gb_AJ277415_+_0-861_ARO:3000953_TEM-86	98.246	228	4	0	1	228	634	861	3.52e-112	399
NODE_101988_length_458_cov_1.84119	gb_Y10280_+_0-861_ARO:3000917_TEM-48	98.246	228	4	0	1	228	634	861	3.52e-112	399
NODE_101988_length_458_cov_1.84119	gb_JN935136_+_0-861_ARO:3001054_TEM-194	98.246	228	4	0	1	228	634	861	3.52e-112	399
NODE_101988_length_458_cov_1.84119	gb_DQ388882_+_0-861_ARO:3001005_TEM-142	98.246	228	4	0	1	228	634	861	3.52e-112	399
NODE_101988_length_458_cov_1.84119	gb_Y17583_+_213-1071_ARO:3000893_TEM-22	98.667	225	3	0	1	225	634	858	3.52e-112	399
NODE_101988_length_458_cov_1.84119	gb_Y10279_+_0-861_ARO:3000916_TEM-47	98.246	228	4	0	1	228	634	861	3.52e-112	399
NODE_101988_length_458_cov_1.84119	gb_AF495873_+_0-861_ARO:3000964_TEM-101	97.807	228	5	0	1	228	634	861	1.64e-110	394
NODE_101988_length_458_cov_1.84119	gb_Y10281_+_0-861_ARO:3000918_TEM-49	97.807	228	5	0	1	228	634	861	1.64e-110	394
NODE_101988_length_458_cov_1.84119	gb_AJ239002_+_0-861_ARO:3000935_TEM-68	97.807	228	5	0	1	228	634	861	1.64e-110	394
NODE_101988_length_458_cov_1.84119	gb_AY327540_+_0-858_ARO:3000986_TEM-124	97.807	228	2	1	1	228	634	858	2.12e-109	390
NODE_101988_length_458_cov_1.84119	gb_X98047_+_0-844_ARO:3000911_TEM-42	98.174	219	4	0	1	219	625	843	3.55e-107	383
NODE_101988_length_458_cov_1.84119	gb_AY327539_+_0-858_ARO:3000985_TEM-123	96.930	228	4	1	1	228	634	858	4.59e-106	379
NODE_101988_length_458_cov_1.84119	gb_X97254_+_153-1011_ARO:3001043_TEM-178	96.491	228	8	0	1	228	631	858	1.65e-105	377
NODE_101988_length_458_cov_1.84119	gb_AY039040_+_188-1022_ARO:3000956_TEM-89	99.005	201	2	0	1	201	634	834	1.66e-100	361
NODE_101988_length_458_cov_1.84119	gb_AF062386_+_30-862_ARO:3000928_TEM-59	99.495	198	1	0	1	198	634	831	1.66e-100	361
NODE_101988_length_458_cov_1.84119	gb_AF527798.1_+_0-785_ARO:3000879_TEM-7	99.468	188	1	0	1	188	598	785	6.02e-95	342
NODE_101988_length_458_cov_1.84119	gb_AY130284_+_0-785_ARO:3000941_TEM-75	98.936	188	2	0	1	188	598	785	2.80e-93	337
NODE_101988_length_458_cov_1.84119	gb_AY130285_+_0-785_ARO:3000981_TEM-118	98.936	188	2	0	1	188	598	785	2.80e-93	337
NODE_101988_length_458_cov_1.84119	gb_L19940_+_197-1006_ARO:3000896_TEM-26	99.432	176	1	0	1	176	634	809	2.82e-88	320
NODE_101988_length_458_cov_1.84119	gb_AY130282_+_0-764_ARO:3000980_TEM-117	100.000	167	0	0	1	167	598	764	6.11e-85	309
NODE_101988_length_458_cov_1.84119	gb_JF949915_+_0-754_ARO:3001052_TEM-192	100.000	150	0	0	1	150	604	753	1.72e-75	278
NODE_101988_length_458_cov_1.84119	gb_JF949916_+_0-757_ARO:3001051_TEM-191	99.346	153	1	0	1	153	604	756	1.72e-75	278
NODE_102237_length_457_cov_4.15174	gb_CP007593.1_+_2148923-2149772_ARO:3001301_RlmA(II)	87.692	455	54	2	4	457	665	212	4.30e-151	529
NODE_105371_length_445_cov_1.39487	gb_NC_003098_+_953382-954594_ARO:3000614_mefE	89.720	107	11	0	335	441	792	686	2.96e-33	137
NODE_111293_length_420_cov_1.68767	gb_AF313472_+_15593-16397_ARO:3002639_APH(3'')-Ib	100.000	420	0	0	1	420	782	363	0.0	776
NODE_114158_length_409_cov_2.98305	gb_AP009048_+_2810082-2811255_ARO:3000027_emrA	80.000	110	22	0	223	332	859	968	1.29e-16	82.4
NODE_120481_length_385_cov_5.86667	gb_AM180355_+_600033-601953_ARO:3000186_tetM	98.961	385	4	0	1	385	1911	1527	0.0	689
NODE_123495_length_374_cov_1.16614	gb_KX531049.1_+_0-1947_ARO:3003986_TaeA	86.154	65	9	0	134	198	1363	1427	2.53e-13	71.3
NODE_127425_length_362_cov_2.75896	gb_KX000273.1_+_0-1740_ARO:3004036_tetB(60)	87.252	353	45	0	9	361	551	199	2.13e-113	403
NODE_127457_length_362_cov_7.72638	gb_NC_003112.2_-_1791966-1795170_ARO:3000811_mtrD	86.322	329	45	0	33	361	3176	2848	4.69e-100	359
NODE_128930_length_357_cov_1.50993	gb_JN254627_+_0-861_ARO:3001049_TEM-189	100.000	357	0	0	1	357	257	613	0.0	660
NODE_128930_length_357_cov_1.50993	gb_AM183304_+_208-1069_ARO:3001017_TEM-150	100.000	357	0	0	1	357	257	613	0.0	660
NODE_128930_length_357_cov_1.50993	gb_AF427128_+_208-1069_ARO:3000949_TEM-82	100.000	357	0	0	1	357	257	613	0.0	660
NODE_128930_length_357_cov_1.50993	gb_AY130282_+_0-764_ARO:3000980_TEM-117	100.000	357	0	0	1	357	221	577	0.0	660
NODE_128930_length_357_cov_1.50993	gb_FJ919776_+_208-1069_ARO:3001034_TEM-168	100.000	357	0	0	1	357	257	613	0.0	660
NODE_128930_length_357_cov_1.50993	gb_FR717535_+_0-861_ARO:3000910_TEM-40	100.000	357	0	0	1	357	257	613	0.0	660
NODE_128930_length_357_cov_1.50993	gb_KM114268_+_0-861_ARO:3003157_TEM-219	100.000	357	0	0	1	357	257	613	0.0	660
NODE_128930_length_357_cov_1.50993	gb_AF104442_+_193-1054_ARO:3000923_TEM-54	100.000	357	0	0	1	357	257	613	0.0	660
NODE_128930_length_357_cov_1.50993	gb_GQ149347_+_5269-6130_ARO:3001037_TEM-171	100.000	357	0	0	1	357	257	613	0.0	660
NODE_128930_length_357_cov_1.50993	gb_AJ012256_+_208-1069_ARO:3000939_TEM-73	100.000	357	0	0	1	357	257	613	0.0	660
NODE_128930_length_357_cov_1.50993	gb_AL513383_+_161910-162771_ARO:3000873_TEM-1	100.000	357	0	0	1	357	257	613	0.0	660
NODE_128930_length_357_cov_1.50993	gb_HQ529916_+_110-971_ARO:3001045_TEM-183	100.000	357	0	0	1	357	257	613	0.0	660
NODE_128930_length_357_cov_1.50993	gb_AY327539_+_0-858_ARO:3000985_TEM-123	99.720	357	1	0	1	357	257	613	0.0	654
NODE_128930_length_357_cov_1.50993	gb_FJ807656_+_0-861_ARO:3001020_TEM-154	99.720	357	1	0	1	357	257	613	0.0	654
NODE_128930_length_357_cov_1.50993	gb_EU274580_+_214-1075_ARO:3001030_TEM-164	99.720	357	1	0	1	357	257	613	0.0	654
NODE_128930_length_357_cov_1.50993	gb_Y10280_+_0-861_ARO:3000917_TEM-48	99.720	357	1	0	1	357	257	613	0.0	654
NODE_128930_length_357_cov_1.50993	gb_JX042489_+_141-1002_ARO:3000890_TEM-19	99.720	357	1	0	1	357	257	613	0.0	654
NODE_128930_length_357_cov_1.50993	gb_AF495873_+_0-861_ARO:3000964_TEM-101	99.720	357	1	0	1	357	257	613	0.0	654
NODE_128930_length_357_cov_1.50993	gb_AF347054_+_208-1069_ARO:3000947_TEM-80	99.720	357	1	0	1	357	257	613	0.0	654
NODE_128930_length_357_cov_1.50993	gb_AF427127_+_208-1069_ARO:3000948_TEM-81	99.720	357	1	0	1	357	257	613	0.0	654
NODE_128930_length_357_cov_1.50993	gb_EF136377_+_0-861_ARO:3001026_TEM-160	99.720	357	1	0	1	357	257	613	0.0	654
NODE_128930_length_357_cov_1.50993	gb_KF944358_+_0-861_ARO:3001393_TEM-216	99.720	357	1	0	1	357	257	613	0.0	654
NODE_128930_length_357_cov_1.50993	gb_AJ318093_+_0-861_ARO:3000960_TEM-93	99.720	357	1	0	1	357	257	613	0.0	654
NODE_128930_length_357_cov_1.50993	gb_AY956335_+_38-899_ARO:3001004_TEM-141	99.720	357	1	0	1	357	257	613	0.0	654
NODE_128930_length_357_cov_1.50993	gb_AF516719_+_214-1075_ARO:3000967_TEM-104	99.720	357	1	0	1	357	257	613	0.0	654
NODE_128930_length_357_cov_1.50993	gb_X95401_+_208-1069_ARO:3000914_TEM-45	99.720	357	1	0	1	357	257	613	0.0	654
NODE_128930_length_357_cov_1.50993	gb_DQ105529_+_0-861_ARO:3001013_TEM-146	99.720	357	1	0	1	357	257	613	0.0	654
NODE_128930_length_357_cov_1.50993	gb_AM941159_+_208-1069_ARO:3001022_TEM-156	99.720	357	1	0	1	357	257	613	0.0	654
NODE_128930_length_357_cov_1.50993	gb_AF351241_+_89-950_ARO:3000957_TEM-90	99.720	357	1	0	1	357	257	613	0.0	654
NODE_128930_length_357_cov_1.50993	gb_AF190692_+_208-1069_ARO:3000946_TEM-79	99.720	357	1	0	1	357	257	613	0.0	654
NODE_128930_length_357_cov_1.50993	gb_KF240808_+_0-861_ARO:3001386_TEM-209	99.720	357	1	0	1	357	257	613	0.0	654
NODE_128930_length_357_cov_1.50993	gb_AY092401_+_0-861_ARO:3000963_TEM-96	99.720	357	1	0	1	357	257	613	0.0	654
NODE_128930_length_357_cov_1.50993	gb_Y10281_+_0-861_ARO:3000918_TEM-49	99.720	357	1	0	1	357	257	613	0.0	654
NODE_128930_length_357_cov_1.50993	gb_X98047_+_0-844_ARO:3000911_TEM-42	99.720	357	1	0	1	357	248	604	0.0	654
NODE_128930_length_357_cov_1.50993	gb_EU815939_+_0-861_ARO:3001029_TEM-163	99.720	357	1	0	1	357	257	613	0.0	654
NODE_128930_length_357_cov_1.50993	gb_AJ239002_+_0-861_ARO:3000935_TEM-68	99.720	357	1	0	1	357	257	613	0.0	654
NODE_128930_length_357_cov_1.50993	gb_DQ286729_+_0-861_ARO:3000924_TEM-55	99.720	357	1	0	1	357	257	613	0.0	654
NODE_128930_length_357_cov_1.50993	gb_HG934763_+_0-861_ARO:3001394_TEM-217	99.720	357	1	0	1	357	257	613	0.0	654
NODE_128930_length_357_cov_1.50993	gb_AJ437107_+_208-1069_ARO:3000900_TEM-30	99.720	357	1	0	1	357	257	613	0.0	654
NODE_128930_length_357_cov_1.50993	gb_JF949915_+_0-754_ARO:3001052_TEM-192	99.720	357	1	0	1	357	227	583	0.0	654
NODE_128930_length_357_cov_1.50993	gb_AY243512_+_208-1069_ARO:3000982_TEM-120	99.720	357	1	0	1	357	257	613	0.0	654
NODE_128930_length_357_cov_1.50993	gb_JX310327_+_0-861_ARO:3001378_TEM-201	99.720	357	1	0	1	357	257	613	0.0	654
NODE_128930_length_357_cov_1.50993	gb_DQ105528_+_0-861_ARO:3001012_TEM-145	99.720	357	1	0	1	357	257	613	0.0	654
NODE_128930_length_357_cov_1.50993	gb_AY072920_+_0-861_ARO:3000973_TEM-110	99.720	357	1	0	1	357	257	613	0.0	654
NODE_128930_length_357_cov_1.50993	gb_AF427130_+_208-1069_ARO:3000951_TEM-84	99.720	357	1	0	1	357	257	613	0.0	654
NODE_128930_length_357_cov_1.50993	gb_JN211012_+_213-1074_ARO:3001048_TEM-188	99.720	357	1	0	1	357	257	613	0.0	654
NODE_128930_length_357_cov_1.50993	gb_JF949916_+_0-757_ARO:3001051_TEM-191	99.720	357	1	0	1	357	227	583	0.0	654
NODE_128930_length_357_cov_1.50993	gb_X54606_+_214-1075_ARO:3000874_TEM-2	99.720	357	1	0	1	357	257	613	0.0	654
NODE_128930_length_357_cov_1.50993	gb_GU371926_-_50304-51165_ARO:3000903_TEM-33	99.720	357	1	0	1	357	257	613	0.0	654
NODE_128930_length_357_cov_1.50993	gb_AF203816_+_210-1071_ARO:3000937_TEM-71	99.720	357	1	0	1	357	257	613	0.0	654
NODE_128930_length_357_cov_1.50993	gb_KP050491_+_0-861_ARO:3001391_TEM-214	99.720	357	1	0	1	357	257	613	0.0	654
NODE_128930_length_357_cov_1.50993	gb_AY307100_+_0-861_ARO:3000984_TEM-122	99.720	357	1	0	1	357	257	613	0.0	654
NODE_128930_length_357_cov_1.50993	gb_DQ679961_+_114-975_ARO:3001021_TEM-155	99.720	357	1	0	1	357	257	613	0.0	654
NODE_128930_length_357_cov_1.50993	gb_AY589493_+_166-1027_ARO:3000975_TEM-112	99.720	357	1	0	1	357	257	613	0.0	654
NODE_128930_length_357_cov_1.50993	gb_GU550123_+_144-1005_ARO:3001041_TEM-176	99.720	357	1	0	1	357	257	613	0.0	654
NODE_128930_length_357_cov_1.50993	gb_KC818234_+_0-861_ARO:3001384_TEM-207	99.720	357	1	0	1	357	257	613	0.0	654
NODE_128930_length_357_cov_1.50993	gb_AF091113_+_450-1311_ARO:3000934_TEM-67	99.720	357	1	0	1	357	257	613	0.0	654
NODE_128930_length_357_cov_1.50993	gb_KC783461_+_0-861_ARO:3001383_TEM-206	99.720	357	1	0	1	357	257	613	0.0	654
NODE_128930_length_357_cov_1.50993	gb_AB700703_+_161-1022_ARO:3001057_TEM-198	99.720	357	1	0	1	357	257	613	0.0	654
NODE_128930_length_357_cov_1.50993	gb_NC_002156_+_1429-2290_ARO:3000979_TEM-116	99.720	357	1	0	1	357	257	613	0.0	654
NODE_128930_length_357_cov_1.50993	gb_Y10279_+_0-861_ARO:3000916_TEM-47	99.720	357	1	0	1	357	257	613	0.0	654
NODE_128930_length_357_cov_1.50993	gb_KC292503_+_4334-5195_ARO:3000904_TEM-34	99.720	357	1	0	1	357	257	613	0.0	654
NODE_128930_length_357_cov_1.50993	gb_NG_050265_+_100-961_ARO:3000876_TEM-4	99.440	357	2	0	1	357	257	613	0.0	649
NODE_128930_length_357_cov_1.50993	gb_JQ034306_+_0-861_ARO:3001376_TEM-196	99.440	357	2	0	1	357	257	613	0.0	649
NODE_128930_length_357_cov_1.50993	gb_AF506748_+_38-899_ARO:3000971_TEM-108	99.440	357	2	0	1	357	257	613	0.0	649
NODE_128930_length_357_cov_1.50993	gb_FJ405211_+_0-861_ARO:3000926_TEM-57	99.440	357	2	0	1	357	257	613	0.0	649
NODE_128930_length_357_cov_1.50993	gb_X65253_+_175-1036_ARO:3000894_TEM-24	99.440	357	2	0	1	357	257	613	0.0	649
NODE_128930_length_357_cov_1.50993	gb_KP050492_+_0-861_ARO:3001392_TEM-215	99.440	357	2	0	1	357	257	613	0.0	649
NODE_128930_length_357_cov_1.50993	gb_AF468003_+_0-861_ARO:3000974_TEM-111	99.440	357	2	0	1	357	257	613	0.0	649
NODE_128930_length_357_cov_1.50993	gb_JN416112_+_0-861_ARO:3001050_TEM-190	99.440	357	2	0	1	357	257	613	0.0	649
NODE_128930_length_357_cov_1.50993	gb_AF516720_+_214-1075_ARO:3000968_TEM-105	99.440	357	2	0	1	357	257	613	0.0	649
NODE_128930_length_357_cov_1.50993	gb_AF190694_+_208-1069_ARO:3000942_TEM-76	99.440	357	2	0	1	357	257	613	0.0	649
NODE_128930_length_357_cov_1.50993	gb_FJ360884_+_213-1074_ARO:3001033_TEM-167	99.440	357	2	0	1	357	257	613	0.0	649
NODE_128930_length_357_cov_1.50993	gb_KC865667_+_183-1044_ARO:3001385_TEM-208	99.440	357	2	0	1	357	257	613	0.0	649
NODE_128930_length_357_cov_1.50993	gb_AJ277415_+_0-861_ARO:3000953_TEM-86	99.440	357	2	0	1	357	257	613	0.0	649
NODE_128930_length_357_cov_1.50993	gb_AF188199_+_214-1075_ARO:3000936_TEM-70	99.440	357	2	0	1	357	257	613	0.0	649
NODE_128930_length_357_cov_1.50993	gb_X64523.1_-_476-1337_ARO:3000875_TEM-3	99.440	357	2	0	1	357	257	613	0.0	649
NODE_128930_length_357_cov_1.50993	gb_DQ279850_+_0-861_ARO:3001014_TEM-147	99.440	357	2	0	1	357	257	613	0.0	649
NODE_128930_length_357_cov_1.50993	gb_M88143_+_367-1228_ARO:3000884_TEM-12	99.440	357	2	0	1	357	257	613	0.0	649
NODE_128930_length_357_cov_1.50993	gb_AY368236_+_0-861_ARO:3000989_TEM-127	99.440	357	2	0	1	357	257	613	0.0	649
NODE_128930_length_357_cov_1.50993	gb_AF104441_+_193-1054_ARO:3000922_TEM-53	99.440	357	2	0	1	357	257	613	0.0	649
NODE_128930_length_357_cov_1.50993	gb_AF535127_+_208-1069_ARO:3000978_TEM-115	99.440	357	2	0	1	357	257	613	0.0	649
NODE_128930_length_357_cov_1.50993	gb_AJ634602.1_-_7839-8700_ARO:3000999_TEM-135	99.440	357	2	0	1	357	257	613	0.0	649
NODE_128930_length_357_cov_1.50993	gb_DQ075245_+_217-1078_ARO:3001006_TEM-143	99.440	357	2	0	1	357	257	613	0.0	649
NODE_128930_length_357_cov_1.50993	gb_DQ072853_+_0-861_ARO:3001003_TEM-139	99.440	357	2	0	1	357	257	613	0.0	649
NODE_128930_length_357_cov_1.50993	gb_HQ877606_+_0-861_ARO:3001056_TEM-197	99.440	357	2	0	1	357	257	613	0.0	649
NODE_128930_length_357_cov_1.50993	gb_AY130284_+_0-785_ARO:3000941_TEM-75	99.440	357	2	0	1	357	221	577	0.0	649
NODE_128930_length_357_cov_1.50993	gb_DQ909059_+_0-861_ARO:3001023_TEM-157	99.440	357	2	0	1	357	257	613	0.0	649
NODE_128930_length_357_cov_1.50993	gb_AM849805_+_262-1123_ARO:3000886_TEM-15	99.440	357	2	0	1	357	257	613	0.0	649
NODE_128930_length_357_cov_1.50993	gb_AJ277414_+_0-861_ARO:3000952_TEM-85	99.440	357	2	0	1	357	257	613	0.0	649
NODE_128930_length_357_cov_1.50993	gb_AY589495_+_181-1042_ARO:3000977_TEM-114	99.440	357	2	0	1	357	257	613	0.0	649
NODE_128930_length_357_cov_1.50993	gb_AM049399_+_0-861_ARO:3001007_TEM-144	99.440	357	2	0	1	357	257	613	0.0	649
NODE_128930_length_357_cov_1.50993	gb_JN227084_+_308-1169_ARO:3001046_TEM-186	99.440	357	2	0	1	357	257	613	0.0	649
NODE_128930_length_357_cov_1.50993	gb_FJ873740_+_0-858_ARO:3001035_TEM-169	99.440	357	2	0	1	357	257	613	0.0	649
NODE_128930_length_357_cov_1.50993	gb_Y17581_+_78-936_ARO:3000891_TEM-20	99.440	357	2	0	1	357	257	613	0.0	649
NODE_128930_length_357_cov_1.50993	gb_AY130285_+_0-785_ARO:3000981_TEM-118	99.440	357	2	0	1	357	221	577	0.0	649
NODE_128930_length_357_cov_1.50993	gb_AY826417_+_0-861_ARO:3001000_TEM-136	99.440	357	2	0	1	357	257	613	0.0	649
NODE_128930_length_357_cov_1.50993	gb_U37195_+_75-936_ARO:3000898_TEM-28	99.440	357	2	0	1	357	257	613	0.0	649
NODE_128930_length_357_cov_1.50993	gb_Y17584_+_0-858_ARO:3000899_TEM-29	99.440	357	2	0	1	357	257	613	0.0	649
NODE_128930_length_357_cov_1.50993	gb_KC149518_+_0-861_ARO:3001369_TEM-153	99.440	357	2	0	1	357	257	613	0.0	649
NODE_128930_length_357_cov_1.50993	gb_AM286274_+_0-861_ARO:3001001_TEM-137	99.440	357	2	0	1	357	257	613	0.0	649
NODE_128930_length_357_cov_1.50993	gb_DQ834728_+_205-1066_ARO:3001019_TEM-152	99.440	357	2	0	1	357	257	613	0.0	649
NODE_128930_length_357_cov_1.50993	gb_JF795538_+_0-861_ARO:3001374_TEM-185	99.440	357	2	0	1	357	257	613	0.0	649
NODE_128930_length_357_cov_1.50993	gb_DQ388882_+_0-861_ARO:3001005_TEM-142	99.440	357	2	0	1	357	257	613	0.0	649
NODE_128930_length_357_cov_1.50993	gb_AF427129_+_208-1069_ARO:3000950_TEM-83	99.440	357	2	0	1	357	257	613	0.0	649
NODE_128930_length_357_cov_1.50993	gb_X57972_+_339-1200_ARO:3000878_TEM-6	99.440	357	2	0	1	357	257	613	0.0	649
NODE_128930_length_357_cov_1.50993	gb_KF663615_+_0-858_ARO:3001390_TEM-213	99.440	357	2	0	1	357	257	613	0.0	649
NODE_128930_length_357_cov_1.50993	gb_EF136376_+_0-861_ARO:3001025_TEM-159	99.440	357	2	0	1	357	257	613	0.0	649
NODE_128930_length_357_cov_1.50993	gb_AF093512_+_197-1058_ARO:3000882_TEM-10	99.440	357	2	0	1	357	257	613	0.0	649
NODE_128930_length_357_cov_1.50993	gb_AJ308558_+_181-1042_ARO:3000962_TEM-95	99.440	357	2	0	1	357	257	613	0.0	649
NODE_128930_length_357_cov_1.50993	gb_Y13612_+_0-861_ARO:3000921_TEM-52	99.440	357	2	0	1	357	257	613	0.0	649
NODE_128930_length_357_cov_1.50993	gb_AY368237_+_0-861_ARO:3000990_TEM-128	99.440	357	2	0	1	357	257	613	0.0	649
NODE_128930_length_357_cov_1.50993	gb_DQ834729_+_205-1066_ARO:3001018_TEM-151	99.440	357	2	0	1	357	257	613	0.0	649
NODE_128930_length_357_cov_1.50993	gb_Y17583_+_213-1071_ARO:3000893_TEM-22	99.440	357	2	0	1	357	257	613	0.0	649
NODE_128930_length_357_cov_1.50993	gb_HQ317449_+_0-861_ARO:3001373_TEM-182	99.440	357	2	0	1	357	257	613	0.0	649
NODE_128930_length_357_cov_1.50993	gb_FJ197316_+_0-861_ARO:3001032_TEM-166	99.440	357	2	0	1	357	257	613	0.0	649
NODE_128930_length_357_cov_1.50993	gb_AM087454_+_208-1069_ARO:3001015_TEM-148	99.440	357	2	0	1	357	257	613	0.0	649
NODE_128930_length_357_cov_1.50993	gb_AY874537_+_177-1038_ARO:3000883_TEM-11	99.440	357	2	0	1	357	257	613	0.0	649
NODE_128930_length_357_cov_1.50993	gb_AB049569_+_0-861_ARO:3000958_TEM-91	99.440	357	2	0	1	357	257	613	0.0	649
NODE_128930_length_357_cov_1.50993	gb_EF534736_+_213-1074_ARO:3001024_TEM-158	99.440	357	2	0	1	357	257	613	0.0	649
NODE_128930_length_357_cov_1.50993	gb_AF190693_+_208-1069_ARO:3000944_TEM-78	99.440	357	2	0	1	357	257	613	0.0	649
NODE_128930_length_357_cov_1.50993	gb_AY628175_+_210-1071_ARO:3000972_TEM-109	99.440	357	2	0	1	357	257	613	0.0	649
NODE_128930_length_357_cov_1.50993	gb_AF527798.1_+_0-785_ARO:3000879_TEM-7	99.440	357	2	0	1	357	221	577	0.0	649
NODE_128930_length_357_cov_1.50993	gb_AF062386_+_30-862_ARO:3000928_TEM-59	99.440	357	2	0	1	357	257	613	0.0	649
NODE_128930_length_357_cov_1.50993	gb_AF157553_+_147-1008_ARO:3000938_TEM-72	99.440	357	2	0	1	357	257	613	0.0	649
NODE_128930_length_357_cov_1.50993	gb_KM998962.1_+_0-861_ARO:3003158_TEM-220	99.160	357	3	0	1	357	257	613	0.0	643
NODE_128930_length_357_cov_1.50993	gb_AJ318094_+_0-861_ARO:3000961_TEM-94	99.160	357	3	0	1	357	257	613	0.0	643
NODE_128930_length_357_cov_1.50993	gb_X65252_+_175-1036_ARO:3000880_TEM-8	99.160	357	3	0	1	357	257	613	0.0	643
NODE_128930_length_357_cov_1.50993	gb_AJ866988_+_0-861_ARO:3000994_TEM-130	99.160	357	3	0	1	357	257	613	0.0	643
NODE_128930_length_357_cov_1.50993	gb_JX050178_+_0-852_ARO:3001058_TEM-199	99.160	357	3	0	1	357	249	605	0.0	643
NODE_128930_length_357_cov_1.50993	gb_AY327540_+_0-858_ARO:3000986_TEM-124	99.160	357	3	0	1	357	257	613	0.0	643
NODE_128930_length_357_cov_1.50993	gb_AY574271_+_0-861_ARO:3000998_TEM-134	99.160	357	3	0	1	357	257	613	0.0	643
NODE_128930_length_357_cov_1.50993	gb_AJ746225_+_0-861_ARO:3000993_TEM-129	99.160	357	3	0	1	357	257	613	0.0	643
NODE_128930_length_357_cov_1.50993	gb_AY589494_+_193-1054_ARO:3000976_TEM-113	99.160	357	3	0	1	357	257	613	0.0	643
NODE_128930_length_357_cov_1.50993	gb_L19940_+_197-1006_ARO:3000896_TEM-26	99.160	357	3	0	1	357	257	613	0.0	643
NODE_128930_length_357_cov_1.50993	gb_EF468463_+_66-927_ARO:3001028_TEM-162	99.160	357	3	0	1	357	257	613	0.0	643
NODE_128930_length_357_cov_1.50993	gb_AY039040_+_188-1022_ARO:3000956_TEM-89	99.160	357	3	0	1	357	257	613	0.0	643
NODE_128930_length_357_cov_1.50993	gb_Y17582_+_0-858_ARO:3000892_TEM-21	99.160	357	3	0	1	357	257	613	0.0	643
NODE_128930_length_357_cov_1.50993	gb_HM246246_+_211-1069_ARO:3001047_TEM-187	99.160	357	3	0	1	357	257	613	0.0	643
NODE_128930_length_357_cov_1.50993	gb_AY101578_+_214-1075_ARO:3000969_TEM-106	99.160	357	3	0	1	357	257	613	0.0	643
NODE_128930_length_357_cov_1.50993	gb_AY528425_+_0-861_ARO:3000997_TEM-133	99.160	357	3	0	1	357	257	613	0.0	643
NODE_128930_length_357_cov_1.50993	gb_Y14574_+_0-861_ARO:3000888_TEM-17	99.160	357	3	0	1	357	257	613	0.0	643
NODE_128930_length_357_cov_1.50993	gb_AF143804_+_0-861_ARO:3000959_TEM-92	99.160	357	3	0	1	357	257	613	0.0	643
NODE_128930_length_357_cov_1.50993	gb_AY853593_+_214-1075_ARO:3001002_TEM-138	99.160	357	3	0	1	357	257	613	0.0	643
NODE_128930_length_357_cov_1.50993	gb_AY271267_+_0-861_ARO:3000983_TEM-121	99.160	357	3	0	1	357	257	613	0.0	643
NODE_128930_length_357_cov_1.50993	gb_X65254_+_175-1036_ARO:3000887_TEM-16	99.160	357	3	0	1	357	257	613	0.0	643
NODE_128930_length_357_cov_1.50993	gb_AY491682_+_0-861_ARO:3000996_TEM-132	99.160	357	3	0	1	357	257	613	0.0	643
NODE_128930_length_357_cov_1.50993	gb_AY628199_+_203-1064_ARO:3000988_TEM-126	99.160	357	3	0	1	357	257	613	0.0	643
NODE_128930_length_357_cov_1.50993	gb_AY436361_+_131-992_ARO:3000995_TEM-131	98.880	357	4	0	1	357	257	613	0.0	638
NODE_128930_length_357_cov_1.50993	gb_KF513179_+_0-861_ARO:3001388_TEM-211	98.880	357	4	0	1	357	257	613	0.0	638
NODE_128930_length_357_cov_1.50993	gb_DQ369751_+_0-861_ARO:3001016_TEM-149	98.880	357	4	0	1	357	257	613	0.0	638
NODE_128930_length_357_cov_1.50993	gb_FN652295_+_0-861_ARO:3001042_TEM-177	98.880	357	4	0	1	357	257	613	0.0	638
NODE_128930_length_357_cov_1.50993	gb_AY027590_+_112-973_ARO:3000955_TEM-88	98.880	357	4	0	1	357	257	613	0.0	638
NODE_128930_length_357_cov_1.50993	gb_AY628176_+_75-936_ARO:3000987_TEM-125	98.880	357	4	0	1	357	257	613	0.0	638
NODE_128930_length_357_cov_1.50993	gb_AF332513_+_103-964_ARO:3000931_TEM-63	98.880	357	4	0	1	357	257	613	0.0	638
NODE_128930_length_357_cov_1.50993	gb_AY101764_+_206-1067_ARO:3000970_TEM-107	98.880	357	4	0	1	357	257	613	0.0	638
NODE_128930_length_357_cov_1.50993	gb_U95363_+_0-861_ARO:3000912_TEM-43	98.880	357	4	0	1	357	257	613	0.0	638
NODE_128930_length_357_cov_1.50993	gb_AF047171_+_135-996_ARO:3000929_TEM-60	98.599	357	5	0	1	357	257	613	0.0	632
NODE_128930_length_357_cov_1.50993	gb_FR848831_+_0-861_ARO:3001375_TEM-184	98.599	357	5	0	1	357	257	613	0.0	632
NODE_128930_length_357_cov_1.50993	gb_KC900516_+_0-858_ARO:3001382_TEM-205	98.599	357	5	0	1	357	257	613	0.0	632
NODE_128930_length_357_cov_1.50993	gb_AF250872_+_0-861_ARO:3000954_TEM-87	98.599	357	5	0	1	357	257	613	0.0	632
NODE_128930_length_357_cov_1.50993	gb_AY040093_+_68-929_ARO:3000965_TEM-102	98.599	357	5	0	1	357	257	613	0.0	632
NODE_128930_length_357_cov_1.50993	gb_X97254_+_153-1011_ARO:3001043_TEM-178	98.319	357	6	0	1	357	257	613	1.15e-180	627
NODE_128930_length_357_cov_1.50993	gb_JN935137_+_0-861_ARO:3001055_TEM-195	97.199	357	10	0	1	357	257	613	5.37e-174	604
NODE_128930_length_357_cov_1.50993	gb_JN935135_+_0-861_ARO:3001053_TEM-193	96.089	358	12	2	1	357	257	613	2.52e-167	582
NODE_128930_length_357_cov_1.50993	gb_JN935136_+_0-861_ARO:3001054_TEM-194	96.011	351	14	0	1	351	257	607	5.45e-164	571
NODE_130399_length_353_cov_3.97315	gb_KX000273.1_+_0-1740_ARO:3004036_tetB(60)	83.761	351	57	0	1	351	12	362	2.77e-92	333
NODE_143785_length_314_cov_7.11583	gb_HM990671_+_5192-6671_ARO:3003112_lsaC	90.764	314	29	0	1	314	1140	827	1.82e-118	420
NODE_147366_length_304_cov_0.923695	gb_HQ652506.1_+_2099-3836_ARO:3004033_tetB(46)	94.389	303	17	0	2	304	521	219	2.23e-132	466
NODE_147858_length_303_cov_2.45968	gb_KU736867.1_+_19653-21573_ARO:3004442_tet(W/N/W)	100.000	34	0	0	1	34	34	1	3.40e-11	63.9
NODE_147858_length_303_cov_2.45968	gb_EU434751_+_658-2578_ARO:3000194_tetW	100.000	34	0	0	1	34	34	1	3.40e-11	63.9
NODE_149973_length_298_cov_3.39095	gb_KX000273.1_+_0-1740_ARO:3004036_tetB(60)	87.755	294	36	0	1	294	1036	1329	1.07e-95	344
NODE_155040_length_288_cov_7.19313	gb_AY768532_+_0-1935_ARO:3000535_macB	88.811	286	32	0	3	288	376	661	6.14e-98	351
NODE_158179_length_282_cov_7.98238	gb_AY768532_+_0-1935_ARO:3000535_macB	87.500	280	35	0	3	282	376	655	1.31e-89	324
NODE_159075_length_281_cov_1.94248	gb_AP006618.1_+_4835199-4838688_ARO:3000501_Nocardia	85.714	273	37	2	1	272	3203	2932	1.71e-78	287
NODE_162447_length_276_cov_1.69683	gb_AY768532_+_0-1935_ARO:3000535_macB	94.595	37	1	1	58	94	447	482	5.15e-09	56.5
NODE_163538_length_275_cov_10.8909	gb_CP007593.1_+_2148923-2149772_ARO:3001301_RlmA(II)	90.148	203	20	0	1	203	641	843	7.83e-72	265
NODE_165047_length_273_cov_1.69725	gb_KX000272.1_+_0-1740_ARO:3004035_tetA(60)	92.308	273	21	0	1	273	1192	920	4.42e-109	388
NODE_165856_length_272_cov_1.14747	gb_AP006618.1_+_4835199-4838688_ARO:3000501_Nocardia	82.576	264	44	2	1	263	1420	1158	7.85e-62	231
NODE_171794_length_265_cov_1.18095	gb_M80346_+_0-1656_ARO:3002817_carA	100.000	28	0	0	67	94	1188	1161	6.38e-08	52.8
NODE_175680_length_261_cov_1.31068	gb_NC_003098_+_953382-954594_ARO:3000614_mefE	89.516	248	26	0	7	254	560	313	7.25e-87	315
NODE_178924_length_259_cov_1.85784	gb_M57437_+_0-1647_ARO:3002827_tlrC	97.297	37	1	0	141	177	601	565	2.87e-11	63.9
NODE_179317_length_258_cov_1.10837	gb_NC_007682_+_20649-22125_ARO:3003109_msrE	100.000	258	0	0	1	258	287	544	8.63e-136	477
NODE_183266_length_255_cov_2.335	gb_CP007593.1_+_2148923-2149772_ARO:3001301_RlmA(II)	92.969	256	16	2	1	255	422	676	4.14e-104	372
NODE_187708_length_252_cov_1.00508	gb_HQ652506.1_+_2099-3836_ARO:3004033_tetB(46)	92.063	252	20	0	1	252	923	672	4.11e-99	355
NODE_190105_length_251_cov_2.83163	gb_NC_003098.1_-_1359228-1360395_ARO:3000025_patB	77.876	226	41	7	15	237	785	1004	7.51e-32	132
NODE_194418_length_248_cov_2.75648	gb_HM990671_+_5192-6671_ARO:3003112_lsaC	96.350	137	5	0	112	248	1	137	3.31e-60	226
NODE_210217_length_239_cov_1.47826	gb_CP007593.1_+_2148923-2149772_ARO:3001301_RlmA(II)	91.379	58	5	0	182	239	841	784	2.62e-16	80.5
NODE_210427_length_239_cov_3.22283	gb_NC_003098.1_+_866210-867410_ARO:3000822_pmrA	96.186	236	9	0	1	236	262	497	1.38e-108	387
NODE_218154_length_235_cov_2.30556	gb_HM990671_+_5192-6671_ARO:3003112_lsaC	91.489	235	20	0	1	235	846	1080	1.07e-89	324
NODE_233579_length_228_cov_4.34104	gb_NC_003098.1_-_1359228-1360395_ARO:3000025_patB	92.105	228	18	0	1	228	622	395	3.74e-89	322
NODE_234318_length_227_cov_1.56977	gb_Z21523_+_0-1974_ARO:3000191_tetQ	90.308	227	22	0	1	227	1076	1302	6.27e-82	298
NODE_237368_length_226_cov_1.31579	gb_NC_003098_+_953382-954594_ARO:3000614_mefE	91.150	226	20	0	1	226	1173	948	1.04e-84	307
NODE_239733_length_225_cov_0.888235	gb_M80346_+_0-1656_ARO:3002817_carA	100.000	29	0	0	41	69	1503	1475	1.48e-08	54.7
NODE_245162_length_223_cov_2.89286	gb_HM990671_+_5192-6671_ARO:3003112_lsaC	96.861	223	7	0	1	223	389	611	9.93e-105	374
NODE_260598_length_217_cov_10.1481	gb_CP007593.1_+_2148923-2149772_ARO:3001301_RlmA(II)	93.488	215	12	2	1	214	452	665	4.58e-88	318
NODE_264105_length_215_cov_1.125	gb_KM087865_+_0-843_ARO:3001583_OXA-397	99.535	215	1	0	1	215	59	273	2.63e-110	392
NODE_264105_length_215_cov_1.125	gb_NC_010605_+_13383-14226_ARO:3001611_OXA-58	99.535	215	1	0	1	215	59	273	2.63e-110	392
NODE_264105_length_215_cov_1.125	gb_DQ519090_+_62-905_ARO:3001631_OXA-96	99.535	215	1	0	1	215	59	273	2.63e-110	392
NODE_264105_length_215_cov_1.125	gb_GU831575_+_0-843_ARO:3001662_OXA-164	99.535	215	1	0	1	215	59	273	2.63e-110	392
NODE_264105_length_215_cov_1.125	gb_EF102240.1_-_11722-12565_ARO:3001647_OXA-97	99.070	215	2	0	1	215	59	273	1.23e-108	387
NODE_264105_length_215_cov_1.125	gb_AB983359_+_2425-3268_ARO:3003116_OXA-420	99.070	215	2	0	1	215	59	273	1.23e-108	387
NODE_268237_length_214_cov_1.33333	gb_NC_000913.3_-_481253-484403_ARO:3000216_acrB	80.172	116	16	5	48	158	1575	1462	2.32e-16	80.5
NODE_268992_length_213_cov_1.98734	gb_NC_003112.2_-_1791966-1795170_ARO:3000811_mtrD	86.408	206	26	2	1	205	2039	2243	1.01e-59	224
NODE_271562_length_213_cov_9.52532	gb_AY768532_+_0-1935_ARO:3000535_macB	89.202	213	23	0	1	213	443	655	1.65e-72	267
NODE_277135_length_211_cov_1.25641	gb_CP007593.1_+_2148923-2149772_ARO:3001301_RlmA(II)	80.282	213	38	4	1	211	424	214	1.02e-39	158
NODE_278259_length_210_cov_1.70968	gb_CP007593.1_+_2148923-2149772_ARO:3001301_RlmA(II)	90.431	209	20	0	1	209	566	358	2.70e-75	276
NODE_280016_length_210_cov_1.35484	gb_KM998962.1_+_0-861_ARO:3003158_TEM-220	99.422	173	1	0	38	210	1	173	5.71e-87	315
NODE_280016_length_210_cov_1.35484	gb_KP050492_+_0-861_ARO:3001392_TEM-215	99.422	173	1	0	38	210	1	173	5.71e-87	315
NODE_280016_length_210_cov_1.35484	gb_AF516720_+_214-1075_ARO:3000968_TEM-105	99.422	173	1	0	38	210	1	173	5.71e-87	315
NODE_280016_length_210_cov_1.35484	gb_AF190694_+_208-1069_ARO:3000942_TEM-76	99.422	173	1	0	38	210	1	173	5.71e-87	315
NODE_280016_length_210_cov_1.35484	gb_KC865667_+_183-1044_ARO:3001385_TEM-208	99.422	173	1	0	38	210	1	173	5.71e-87	315
NODE_280016_length_210_cov_1.35484	gb_AF188199_+_214-1075_ARO:3000936_TEM-70	99.422	173	1	0	38	210	1	173	5.71e-87	315
NODE_280016_length_210_cov_1.35484	gb_AY368236_+_0-861_ARO:3000989_TEM-127	99.422	173	1	0	38	210	1	173	5.71e-87	315
NODE_280016_length_210_cov_1.35484	gb_AJ634602.1_-_7839-8700_ARO:3000999_TEM-135	99.422	173	1	0	38	210	1	173	5.71e-87	315
NODE_280016_length_210_cov_1.35484	gb_DQ075245_+_217-1078_ARO:3001006_TEM-143	99.422	173	1	0	38	210	1	173	5.71e-87	315
NODE_280016_length_210_cov_1.35484	gb_AM849805_+_262-1123_ARO:3000886_TEM-15	99.422	173	1	0	38	210	1	173	5.71e-87	315
NODE_280016_length_210_cov_1.35484	gb_AF516719_+_214-1075_ARO:3000967_TEM-104	99.422	173	1	0	38	210	1	173	5.71e-87	315
NODE_280016_length_210_cov_1.35484	gb_AM049399_+_0-861_ARO:3001007_TEM-144	99.422	173	1	0	38	210	1	173	5.71e-87	315
NODE_280016_length_210_cov_1.35484	gb_KM114268_+_0-861_ARO:3003157_TEM-219	99.422	173	1	0	38	210	1	173	5.71e-87	315
NODE_280016_length_210_cov_1.35484	gb_JN227084_+_308-1169_ARO:3001046_TEM-186	99.422	173	1	0	38	210	1	173	5.71e-87	315
NODE_280016_length_210_cov_1.35484	gb_AF190692_+_208-1069_ARO:3000946_TEM-79	99.422	173	1	0	38	210	1	173	5.71e-87	315
NODE_280016_length_210_cov_1.35484	gb_U37195_+_75-936_ARO:3000898_TEM-28	99.422	173	1	0	38	210	1	173	5.71e-87	315
NODE_280016_length_210_cov_1.35484	gb_AY027590_+_112-973_ARO:3000955_TEM-88	99.422	173	1	0	38	210	1	173	5.71e-87	315
NODE_280016_length_210_cov_1.35484	gb_AJ239002_+_0-861_ARO:3000935_TEM-68	99.422	173	1	0	38	210	1	173	5.71e-87	315
NODE_280016_length_210_cov_1.35484	gb_HG934763_+_0-861_ARO:3001394_TEM-217	99.422	173	1	0	38	210	1	173	5.71e-87	315
NODE_280016_length_210_cov_1.35484	gb_AJ437107_+_208-1069_ARO:3000900_TEM-30	99.422	173	1	0	38	210	1	173	5.71e-87	315
NODE_280016_length_210_cov_1.35484	gb_AF093512_+_197-1058_ARO:3000882_TEM-10	99.422	173	1	0	38	210	1	173	5.71e-87	315
NODE_280016_length_210_cov_1.35484	gb_AY101764_+_206-1067_ARO:3000970_TEM-107	99.422	173	1	0	38	210	1	173	5.71e-87	315
NODE_280016_length_210_cov_1.35484	gb_AY101578_+_214-1075_ARO:3000969_TEM-106	99.422	173	1	0	38	210	1	173	5.71e-87	315
NODE_280016_length_210_cov_1.35484	gb_AJ308558_+_181-1042_ARO:3000962_TEM-95	99.422	173	1	0	38	210	1	173	5.71e-87	315
NODE_280016_length_210_cov_1.35484	gb_AY368237_+_0-861_ARO:3000990_TEM-128	99.422	173	1	0	38	210	1	173	5.71e-87	315
NODE_280016_length_210_cov_1.35484	gb_HQ317449_+_0-861_ARO:3001373_TEM-182	99.422	173	1	0	38	210	1	173	5.71e-87	315
NODE_280016_length_210_cov_1.35484	gb_GU371926_-_50304-51165_ARO:3000903_TEM-33	99.422	173	1	0	38	210	1	173	5.71e-87	315
NODE_280016_length_210_cov_1.35484	gb_AL513383_+_161910-162771_ARO:3000873_TEM-1	99.422	173	1	0	38	210	1	173	5.71e-87	315
NODE_280016_length_210_cov_1.35484	gb_FJ197316_+_0-861_ARO:3001032_TEM-166	99.422	173	1	0	38	210	1	173	5.71e-87	315
NODE_280016_length_210_cov_1.35484	gb_AM087454_+_208-1069_ARO:3001015_TEM-148	99.422	173	1	0	38	210	1	173	5.71e-87	315
NODE_280016_length_210_cov_1.35484	gb_GU550123_+_144-1005_ARO:3001041_TEM-176	99.422	173	1	0	38	210	1	173	5.71e-87	315
NODE_280016_length_210_cov_1.35484	gb_KC818234_+_0-861_ARO:3001384_TEM-207	99.422	173	1	0	38	210	1	173	5.71e-87	315
NODE_280016_length_210_cov_1.35484	gb_EF534736_+_213-1074_ARO:3001024_TEM-158	99.422	173	1	0	38	210	1	173	5.71e-87	315
NODE_280016_length_210_cov_1.35484	gb_AB700703_+_161-1022_ARO:3001057_TEM-198	99.422	173	1	0	38	210	1	173	5.71e-87	315
NODE_280016_length_210_cov_1.35484	gb_AY628175_+_210-1071_ARO:3000972_TEM-109	99.422	173	1	0	38	210	1	173	5.71e-87	315
NODE_280016_length_210_cov_1.35484	gb_Y10279_+_0-861_ARO:3000916_TEM-47	99.422	173	1	0	38	210	1	173	5.71e-87	315
NODE_280016_length_210_cov_1.35484	gb_AY491682_+_0-861_ARO:3000996_TEM-132	99.422	173	1	0	38	210	1	173	5.71e-87	315
NODE_280016_length_210_cov_1.35484	gb_KC292503_+_4334-5195_ARO:3000904_TEM-34	99.422	173	1	0	38	210	1	173	5.71e-87	315
NODE_280016_length_210_cov_1.35484	gb_AY628199_+_203-1064_ARO:3000988_TEM-126	99.422	173	1	0	38	210	1	173	5.71e-87	315
NODE_280016_length_210_cov_1.35484	gb_JQ034306_+_0-861_ARO:3001376_TEM-196	98.844	173	2	0	38	210	1	173	2.66e-85	309
NODE_280016_length_210_cov_1.35484	gb_FJ405211_+_0-861_ARO:3000926_TEM-57	98.844	173	2	0	38	210	1	173	2.66e-85	309
NODE_280016_length_210_cov_1.35484	gb_JN254627_+_0-861_ARO:3001049_TEM-189	98.844	173	2	0	38	210	1	173	2.66e-85	309
NODE_280016_length_210_cov_1.35484	gb_FJ807656_+_0-861_ARO:3001020_TEM-154	98.844	173	2	0	38	210	1	173	2.66e-85	309
NODE_280016_length_210_cov_1.35484	gb_AF427128_+_208-1069_ARO:3000949_TEM-82	98.844	173	2	0	38	210	1	173	2.66e-85	309
NODE_280016_length_210_cov_1.35484	gb_DQ279850_+_0-861_ARO:3001014_TEM-147	98.844	173	2	0	38	210	1	173	2.66e-85	309
NODE_280016_length_210_cov_1.35484	gb_EU274580_+_214-1075_ARO:3001030_TEM-164	98.844	173	2	0	38	210	1	173	2.66e-85	309
NODE_280016_length_210_cov_1.35484	gb_AF347054_+_208-1069_ARO:3000947_TEM-80	98.844	173	2	0	38	210	1	173	2.66e-85	309
NODE_280016_length_210_cov_1.35484	gb_HQ877606_+_0-861_ARO:3001056_TEM-197	98.844	173	2	0	38	210	1	173	2.66e-85	309
NODE_280016_length_210_cov_1.35484	gb_AF427127_+_208-1069_ARO:3000948_TEM-81	98.844	173	2	0	38	210	1	173	2.66e-85	309
NODE_280016_length_210_cov_1.35484	gb_FJ919776_+_208-1069_ARO:3001034_TEM-168	98.844	173	2	0	38	210	1	173	2.66e-85	309
NODE_280016_length_210_cov_1.35484	gb_FR717535_+_0-861_ARO:3000910_TEM-40	98.844	173	2	0	38	210	1	173	2.66e-85	309
NODE_280016_length_210_cov_1.35484	gb_AY327540_+_0-858_ARO:3000986_TEM-124	98.844	173	2	0	38	210	1	173	2.66e-85	309
NODE_280016_length_210_cov_1.35484	gb_AJ318093_+_0-861_ARO:3000960_TEM-93	98.844	173	2	0	38	210	1	173	2.66e-85	309
NODE_280016_length_210_cov_1.35484	gb_AF104442_+_193-1054_ARO:3000923_TEM-54	98.844	173	2	0	38	210	1	173	2.66e-85	309
NODE_280016_length_210_cov_1.35484	gb_DQ105529_+_0-861_ARO:3001013_TEM-146	98.844	173	2	0	38	210	1	173	2.66e-85	309
NODE_280016_length_210_cov_1.35484	gb_AM941159_+_208-1069_ARO:3001022_TEM-156	98.844	173	2	0	38	210	1	173	2.66e-85	309
NODE_280016_length_210_cov_1.35484	gb_AF351241_+_89-950_ARO:3000957_TEM-90	98.844	173	2	0	38	210	1	173	2.66e-85	309
NODE_280016_length_210_cov_1.35484	gb_FJ873740_+_0-858_ARO:3001035_TEM-169	98.844	173	2	0	38	210	1	173	2.66e-85	309
NODE_280016_length_210_cov_1.35484	gb_AY826417_+_0-861_ARO:3001000_TEM-136	98.844	173	2	0	38	210	1	173	2.66e-85	309
NODE_280016_length_210_cov_1.35484	gb_Y17584_+_0-858_ARO:3000899_TEM-29	98.844	173	2	0	38	210	1	173	2.66e-85	309
NODE_280016_length_210_cov_1.35484	gb_KC149518_+_0-861_ARO:3001369_TEM-153	98.844	173	2	0	38	210	1	173	2.66e-85	309
NODE_280016_length_210_cov_1.35484	gb_AY092401_+_0-861_ARO:3000963_TEM-96	98.844	173	2	0	38	210	1	173	2.66e-85	309
NODE_280016_length_210_cov_1.35484	gb_EU815939_+_0-861_ARO:3001029_TEM-163	98.844	173	2	0	38	210	1	173	2.66e-85	309
NODE_280016_length_210_cov_1.35484	gb_GQ149347_+_5269-6130_ARO:3001037_TEM-171	98.844	173	2	0	38	210	1	173	2.66e-85	309
NODE_280016_length_210_cov_1.35484	gb_DQ286729_+_0-861_ARO:3000924_TEM-55	98.844	173	2	0	38	210	1	173	2.66e-85	309
NODE_280016_length_210_cov_1.35484	gb_X57972_+_339-1200_ARO:3000878_TEM-6	98.844	173	2	0	38	210	1	173	2.66e-85	309
NODE_280016_length_210_cov_1.35484	gb_JX310327_+_0-861_ARO:3001378_TEM-201	98.844	173	2	0	38	210	1	173	2.66e-85	309
NODE_280016_length_210_cov_1.35484	gb_DQ105528_+_0-861_ARO:3001012_TEM-145	98.844	173	2	0	38	210	1	173	2.66e-85	309
NODE_280016_length_210_cov_1.35484	gb_AJ012256_+_208-1069_ARO:3000939_TEM-73	98.844	173	2	0	38	210	1	173	2.66e-85	309
NODE_280016_length_210_cov_1.35484	gb_Y13612_+_0-861_ARO:3000921_TEM-52	98.844	173	2	0	38	210	1	173	2.66e-85	309
NODE_280016_length_210_cov_1.35484	gb_KP050491_+_0-861_ARO:3001391_TEM-214	98.844	173	2	0	38	210	1	173	2.66e-85	309
NODE_280016_length_210_cov_1.35484	gb_AY307100_+_0-861_ARO:3000984_TEM-122	98.844	173	2	0	38	210	1	173	2.66e-85	309
NODE_280016_length_210_cov_1.35484	gb_AY589493_+_166-1027_ARO:3000975_TEM-112	98.844	173	2	0	38	210	1	173	2.66e-85	309
NODE_280016_length_210_cov_1.35484	gb_Y14574_+_0-861_ARO:3000888_TEM-17	98.844	173	2	0	38	210	1	173	2.66e-85	309
NODE_280016_length_210_cov_1.35484	gb_AB049569_+_0-861_ARO:3000958_TEM-91	98.844	173	2	0	38	210	1	173	2.66e-85	309
NODE_280016_length_210_cov_1.35484	gb_KC783461_+_0-861_ARO:3001383_TEM-206	98.844	173	2	0	38	210	1	173	2.66e-85	309
NODE_280016_length_210_cov_1.35484	gb_HQ529916_+_110-971_ARO:3001045_TEM-183	98.844	173	2	0	38	210	1	173	2.66e-85	309
NODE_280016_length_210_cov_1.35484	gb_U95363_+_0-861_ARO:3000912_TEM-43	98.844	173	2	0	38	210	1	173	2.66e-85	309
NODE_280016_length_210_cov_1.35484	gb_NC_002156_+_1429-2290_ARO:3000979_TEM-116	98.844	173	2	0	38	210	1	173	2.66e-85	309
NODE_280016_length_210_cov_1.35484	gb_AF468003_+_0-861_ARO:3000974_TEM-111	98.266	173	3	0	38	210	1	173	1.24e-83	303
NODE_280016_length_210_cov_1.35484	gb_JN416112_+_0-861_ARO:3001050_TEM-190	98.266	173	3	0	38	210	1	173	1.24e-83	303
NODE_280016_length_210_cov_1.35484	gb_AM183304_+_208-1069_ARO:3001017_TEM-150	98.266	173	3	0	38	210	1	173	1.24e-83	303
NODE_280016_length_210_cov_1.35484	gb_M88143_+_367-1228_ARO:3000884_TEM-12	98.266	173	3	0	38	210	1	173	1.24e-83	303
NODE_280016_length_210_cov_1.35484	gb_JX042489_+_141-1002_ARO:3000890_TEM-19	98.266	173	3	0	38	210	1	173	1.24e-83	303
NODE_280016_length_210_cov_1.35484	gb_JN935136_+_0-861_ARO:3001054_TEM-194	98.266	173	3	0	38	210	1	173	1.24e-83	303
NODE_280016_length_210_cov_1.35484	gb_DQ909059_+_0-861_ARO:3001023_TEM-157	98.266	173	3	0	38	210	1	173	1.24e-83	303
NODE_280016_length_210_cov_1.35484	gb_KF944358_+_0-861_ARO:3001393_TEM-216	98.266	173	3	0	38	210	1	173	1.24e-83	303
NODE_280016_length_210_cov_1.35484	gb_JN935135_+_0-861_ARO:3001053_TEM-193	98.266	173	3	0	38	210	1	173	1.24e-83	303
NODE_280016_length_210_cov_1.35484	gb_DQ369751_+_0-861_ARO:3001016_TEM-149	98.266	173	3	0	38	210	1	173	1.24e-83	303
NODE_280016_length_210_cov_1.35484	gb_AY956335_+_38-899_ARO:3001004_TEM-141	98.266	173	3	0	38	210	1	173	1.24e-83	303
NODE_280016_length_210_cov_1.35484	gb_X95401_+_208-1069_ARO:3000914_TEM-45	98.266	173	3	0	38	210	1	173	1.24e-83	303
NODE_280016_length_210_cov_1.35484	gb_AJ746225_+_0-861_ARO:3000993_TEM-129	98.266	173	3	0	38	210	1	173	1.24e-83	303
NODE_280016_length_210_cov_1.35484	gb_Y17581_+_78-936_ARO:3000891_TEM-20	98.266	173	3	0	38	210	1	173	1.24e-83	303
NODE_280016_length_210_cov_1.35484	gb_KF240808_+_0-861_ARO:3001386_TEM-209	98.266	173	3	0	38	210	1	173	1.24e-83	303
NODE_280016_length_210_cov_1.35484	gb_AM286274_+_0-861_ARO:3001001_TEM-137	98.266	173	3	0	38	210	1	173	1.24e-83	303
NODE_280016_length_210_cov_1.35484	gb_DQ834728_+_205-1066_ARO:3001019_TEM-152	98.266	173	3	0	38	210	1	173	1.24e-83	303
NODE_280016_length_210_cov_1.35484	gb_JF795538_+_0-861_ARO:3001374_TEM-185	98.266	173	3	0	38	210	1	173	1.24e-83	303
NODE_280016_length_210_cov_1.35484	gb_DQ388882_+_0-861_ARO:3001005_TEM-142	98.266	173	3	0	38	210	1	173	1.24e-83	303
NODE_280016_length_210_cov_1.35484	gb_AF427129_+_208-1069_ARO:3000950_TEM-83	98.266	173	3	0	38	210	1	173	1.24e-83	303
NODE_280016_length_210_cov_1.35484	gb_L19940_+_197-1006_ARO:3000896_TEM-26	98.266	173	3	0	38	210	1	173	1.24e-83	303
NODE_280016_length_210_cov_1.35484	gb_KF663615_+_0-858_ARO:3001390_TEM-213	98.266	173	3	0	38	210	1	173	1.24e-83	303
NODE_280016_length_210_cov_1.35484	gb_KC900516_+_0-858_ARO:3001382_TEM-205	98.266	173	3	0	38	210	1	173	1.24e-83	303
NODE_280016_length_210_cov_1.35484	gb_AF427130_+_208-1069_ARO:3000951_TEM-84	98.266	173	3	0	38	210	1	173	1.24e-83	303
NODE_280016_length_210_cov_1.35484	gb_DQ834729_+_205-1066_ARO:3001018_TEM-151	98.266	173	3	0	38	210	1	173	1.24e-83	303
NODE_280016_length_210_cov_1.35484	gb_AF203816_+_210-1071_ARO:3000937_TEM-71	98.266	173	3	0	38	210	1	173	1.24e-83	303
NODE_280016_length_210_cov_1.35484	gb_AY853593_+_214-1075_ARO:3001002_TEM-138	98.266	173	3	0	38	210	1	173	1.24e-83	303
NODE_280016_length_210_cov_1.35484	gb_AF190693_+_208-1069_ARO:3000944_TEM-78	98.266	173	3	0	38	210	1	173	1.24e-83	303
NODE_280016_length_210_cov_1.35484	gb_JN935137_+_0-861_ARO:3001055_TEM-195	98.266	173	3	0	38	210	1	173	1.24e-83	303
NODE_280016_length_210_cov_1.35484	gb_NG_050265_+_100-961_ARO:3000876_TEM-4	97.688	173	4	0	38	210	1	173	5.76e-82	298
NODE_280016_length_210_cov_1.35484	gb_AY327539_+_0-858_ARO:3000985_TEM-123	97.688	173	4	0	38	210	1	173	5.76e-82	298
NODE_280016_length_210_cov_1.35484	gb_X65253_+_175-1036_ARO:3000894_TEM-24	97.688	173	4	0	38	210	1	173	5.76e-82	298
NODE_280016_length_210_cov_1.35484	gb_FJ360884_+_213-1074_ARO:3001033_TEM-167	97.688	173	4	0	38	210	1	173	5.76e-82	298
NODE_280016_length_210_cov_1.35484	gb_AJ277415_+_0-861_ARO:3000953_TEM-86	97.688	173	4	0	38	210	1	173	5.76e-82	298
NODE_280016_length_210_cov_1.35484	gb_AJ318094_+_0-861_ARO:3000961_TEM-94	97.688	173	4	0	38	210	1	173	5.76e-82	298
NODE_280016_length_210_cov_1.35484	gb_X64523.1_-_476-1337_ARO:3000875_TEM-3	97.688	173	4	0	38	210	1	173	5.76e-82	298
NODE_280016_length_210_cov_1.35484	gb_X65252_+_175-1036_ARO:3000880_TEM-8	97.688	173	4	0	38	210	1	173	5.76e-82	298
NODE_280016_length_210_cov_1.35484	gb_AY436361_+_131-992_ARO:3000995_TEM-131	97.688	173	4	0	38	210	1	173	5.76e-82	298
NODE_280016_length_210_cov_1.35484	gb_Y10280_+_0-861_ARO:3000917_TEM-48	97.688	173	4	0	38	210	1	173	5.76e-82	298
NODE_280016_length_210_cov_1.35484	gb_AF104441_+_193-1054_ARO:3000922_TEM-53	97.688	173	4	0	38	210	1	173	5.76e-82	298
NODE_280016_length_210_cov_1.35484	gb_AF495873_+_0-861_ARO:3000964_TEM-101	97.688	173	4	0	38	210	1	173	5.76e-82	298
NODE_280016_length_210_cov_1.35484	gb_FR848831_+_0-861_ARO:3001375_TEM-184	97.688	173	4	0	38	210	1	173	5.76e-82	298
NODE_280016_length_210_cov_1.35484	gb_AF535127_+_208-1069_ARO:3000978_TEM-115	97.688	173	4	0	38	210	1	173	5.76e-82	298
NODE_280016_length_210_cov_1.35484	gb_KF513179_+_0-861_ARO:3001388_TEM-211	97.688	173	4	0	38	210	1	173	5.76e-82	298
NODE_280016_length_210_cov_1.35484	gb_DQ072853_+_0-861_ARO:3001003_TEM-139	97.688	173	4	0	38	210	1	173	5.76e-82	298
NODE_280016_length_210_cov_1.35484	gb_EF136377_+_0-861_ARO:3001026_TEM-160	97.688	173	4	0	38	210	1	173	5.76e-82	298
NODE_280016_length_210_cov_1.35484	gb_AJ277414_+_0-861_ARO:3000952_TEM-85	97.688	173	4	0	38	210	1	173	5.76e-82	298
NODE_280016_length_210_cov_1.35484	gb_AY589495_+_181-1042_ARO:3000977_TEM-114	97.688	173	4	0	38	210	1	173	5.76e-82	298
NODE_280016_length_210_cov_1.35484	gb_AY574271_+_0-861_ARO:3000998_TEM-134	97.688	173	4	0	38	210	1	173	5.76e-82	298
NODE_280016_length_210_cov_1.35484	gb_AY628176_+_75-936_ARO:3000987_TEM-125	97.688	173	4	0	38	210	1	173	5.76e-82	298
NODE_280016_length_210_cov_1.35484	gb_Y10281_+_0-861_ARO:3000918_TEM-49	97.688	173	4	0	38	210	1	173	5.76e-82	298
NODE_280016_length_210_cov_1.35484	gb_AF332513_+_103-964_ARO:3000931_TEM-63	97.688	173	4	0	38	210	1	173	5.76e-82	298
NODE_280016_length_210_cov_1.35484	gb_AY589494_+_193-1054_ARO:3000976_TEM-113	97.688	173	4	0	38	210	1	173	5.76e-82	298
NODE_280016_length_210_cov_1.35484	gb_EF136376_+_0-861_ARO:3001025_TEM-159	97.688	173	4	0	38	210	1	173	5.76e-82	298
NODE_280016_length_210_cov_1.35484	gb_AY243512_+_208-1069_ARO:3000982_TEM-120	97.688	173	4	0	38	210	1	173	5.76e-82	298
NODE_280016_length_210_cov_1.35484	gb_AY039040_+_188-1022_ARO:3000956_TEM-89	97.688	173	4	0	38	210	1	173	5.76e-82	298
NODE_280016_length_210_cov_1.35484	gb_Y17582_+_0-858_ARO:3000892_TEM-21	97.688	173	4	0	38	210	1	173	5.76e-82	298
NODE_280016_length_210_cov_1.35484	gb_AY072920_+_0-861_ARO:3000973_TEM-110	97.688	173	4	0	38	210	1	173	5.76e-82	298
NODE_280016_length_210_cov_1.35484	gb_HM246246_+_211-1069_ARO:3001047_TEM-187	97.688	173	4	0	38	210	1	173	5.76e-82	298
NODE_280016_length_210_cov_1.35484	gb_AY528425_+_0-861_ARO:3000997_TEM-133	97.688	173	4	0	38	210	1	173	5.76e-82	298
NODE_280016_length_210_cov_1.35484	gb_JN211012_+_213-1074_ARO:3001048_TEM-188	97.688	173	4	0	38	210	1	173	5.76e-82	298
NODE_280016_length_210_cov_1.35484	gb_Y17583_+_213-1071_ARO:3000893_TEM-22	97.688	173	4	0	38	210	1	173	5.76e-82	298
NODE_280016_length_210_cov_1.35484	gb_X54606_+_214-1075_ARO:3000874_TEM-2	97.688	173	4	0	38	210	1	173	5.76e-82	298
NODE_280016_length_210_cov_1.35484	gb_DQ679961_+_114-975_ARO:3001021_TEM-155	97.688	173	4	0	38	210	1	173	5.76e-82	298
NODE_280016_length_210_cov_1.35484	gb_AY874537_+_177-1038_ARO:3000883_TEM-11	97.688	173	4	0	38	210	1	173	5.76e-82	298
NODE_280016_length_210_cov_1.35484	gb_AF143804_+_0-861_ARO:3000959_TEM-92	97.688	173	4	0	38	210	1	173	5.76e-82	298
NODE_280016_length_210_cov_1.35484	gb_AY271267_+_0-861_ARO:3000983_TEM-121	97.688	173	4	0	38	210	1	173	5.76e-82	298
NODE_280016_length_210_cov_1.35484	gb_AF250872_+_0-861_ARO:3000954_TEM-87	97.688	173	4	0	38	210	1	173	5.76e-82	298
NODE_280016_length_210_cov_1.35484	gb_AY040093_+_68-929_ARO:3000965_TEM-102	97.688	173	4	0	38	210	1	173	5.76e-82	298
NODE_280016_length_210_cov_1.35484	gb_X65254_+_175-1036_ARO:3000887_TEM-16	97.688	173	4	0	38	210	1	173	5.76e-82	298
NODE_280016_length_210_cov_1.35484	gb_AF062386_+_30-862_ARO:3000928_TEM-59	97.688	173	4	0	38	210	1	173	5.76e-82	298
NODE_280016_length_210_cov_1.35484	gb_AF157553_+_147-1008_ARO:3000938_TEM-72	97.688	173	4	0	38	210	1	173	5.76e-82	298
NODE_280016_length_210_cov_1.35484	gb_AF506748_+_38-899_ARO:3000971_TEM-108	98.788	165	2	0	46	210	9	173	7.44e-81	294
NODE_280016_length_210_cov_1.35484	gb_AJ866988_+_0-861_ARO:3000994_TEM-130	97.110	173	5	0	38	210	1	173	2.68e-80	292
NODE_280016_length_210_cov_1.35484	gb_FN652295_+_0-861_ARO:3001042_TEM-177	97.110	173	5	0	38	210	1	173	2.68e-80	292
NODE_280016_length_210_cov_1.35484	gb_EF468463_+_66-927_ARO:3001028_TEM-162	97.110	173	5	0	38	210	1	173	2.68e-80	292
NODE_280016_length_210_cov_1.35484	gb_AF091113_+_450-1311_ARO:3000934_TEM-67	97.110	173	5	0	38	210	1	173	2.68e-80	292
NODE_280016_length_210_cov_1.35484	gb_AF047171_+_135-996_ARO:3000929_TEM-60	96.532	173	6	0	38	210	1	173	1.25e-78	287
NODE_280016_length_210_cov_1.35484	gb_X97254_+_153-1011_ARO:3001043_TEM-178	96.552	174	4	2	38	210	1	173	1.25e-78	287
NODE_280016_length_210_cov_1.35484	gb_JX050178_+_0-852_ARO:3001058_TEM-199	97.576	165	4	0	46	210	1	165	1.61e-77	283
NODE_280016_length_210_cov_1.35484	gb_X98047_+_0-844_ARO:3000911_TEM-42	96.951	164	5	0	47	210	1	164	2.70e-75	276
NODE_280016_length_210_cov_1.35484	gb_JF949915_+_0-754_ARO:3001052_TEM-192	100.000	143	0	0	68	210	1	143	5.84e-72	265
NODE_280016_length_210_cov_1.35484	gb_JF949916_+_0-757_ARO:3001051_TEM-191	100.000	143	0	0	68	210	1	143	5.84e-72	265
NODE_280016_length_210_cov_1.35484	gb_AY130285_+_0-785_ARO:3000981_TEM-118	99.270	137	1	0	74	210	1	137	5.88e-67	248
NODE_280016_length_210_cov_1.35484	gb_AY130282_+_0-764_ARO:3000980_TEM-117	98.540	137	2	0	74	210	1	137	2.74e-65	243
NODE_280016_length_210_cov_1.35484	gb_AY130284_+_0-785_ARO:3000941_TEM-75	98.540	137	2	0	74	210	1	137	2.74e-65	243
NODE_280016_length_210_cov_1.35484	gb_AF527798.1_+_0-785_ARO:3000879_TEM-7	98.540	137	2	0	74	210	1	137	2.74e-65	243
NODE_282958_length_209_cov_1.58442	gb_CP007593.1_+_2148923-2149772_ARO:3001301_RlmA(II)	84.000	175	28	0	1	175	669	843	4.68e-43	169
NODE_285722_length_208_cov_14.3791	gb_AY768532_+_0-1935_ARO:3000535_macB	87.500	208	26	0	1	208	451	658	9.73e-65	241
NODE_293662_length_190_cov_17.1481	gb_AY768532_+_0-1935_ARO:3000535_macB	87.895	190	23	0	1	190	497	308	8.86e-60	224
NODE_294010_length_186_cov_9.47328	gb_AY768532_+_0-1935_ARO:3000535_macB	88.043	184	22	0	1	184	505	322	4.03e-58	219
NODE_295308_length_175_cov_8.00833	gb_NC_003098.1_-_1359228-1360395_ARO:3000025_patB	93.714	175	11	0	1	175	275	449	1.71e-71	263
NODE_299233_length_147_cov_2.3913	gb_HM990671_+_5192-6671_ARO:3003112_lsaC	93.662	142	9	0	6	147	1321	1462	1.45e-56	213
NODE_307214_length_110_cov_10.5273	gb_AY043299.1_-_3984-5175_ARO:3000167_tet(C)	100.000	55	0	0	1	55	388	334	2.32e-23	102
NODE_309294_length_103_cov_5.95833	gb_HM990671_+_5192-6671_ARO:3003112_lsaC	96.040	101	4	0	1	101	611	511	2.70e-42	165
NODE_322624_length_73_cov_22.8889	gb_CP007593.1_+_2148923-2149772_ARO:3001301_RlmA(II)	93.151	73	5	0	1	73	694	622	3.02e-25	108
NODE_322647_length_73_cov_9.44444	gb_NC_003098.1_-_1359228-1360395_ARO:3000025_patB	97.260	73	2	0	1	73	968	896	3.00e-30	124
NODE_332070_length_63_cov_6.625	gb_AY768532_+_0-1935_ARO:3000535_macB	95.238	63	3	0	1	63	443	505	4.13e-23	100
