NODE_10_length_321478_cov_38.0274	gb_AP006618.1_+_4835199-4838688_ARO:3000501_Nocardia	81.238	501	90	4	315084	315582	3365	2867	7.15e-110	401
NODE_58_length_161092_cov_38.4725	gb_NC_014638.1_-_1610636-1613960_ARO:3003730_Bifidobacteria	88.143	3306	384	8	16747	20048	23	3324	0.0	3927
NODE_77_length_140432_cov_54.8539	gb_GQ343019_+_132-1023_ARO:3002999_CblA-1	99.776	891	2	0	129588	130478	1	891	0.0	1635
NODE_95_length_127253_cov_12.6882	gb_AF170880_+_0-1848_ARO:3002522_novA	76.168	214	45	6	31605	31815	1381	1591	6.92e-22	108
NODE_99_length_126282_cov_33.8315	gb_AF235050.4_+_38028-40140_ARO:3003318_Streptomyces	74.394	742	160	23	101465	102188	1338	2067	6.35e-77	291
NODE_178_length_90516_cov_24.3714	gb_JQ394987_+_0-1233_ARO:3001328_Escherichia	98.378	1233	20	0	25945	27177	1	1233	0.0	2167
NODE_181_length_89306_cov_60.1748	gb_AF173226_+_3767-6917_ARO:3003052_smeB	86.486	74	10	0	47931	48004	1169	1242	2.94e-14	82.4
NODE_181_length_89306_cov_60.1748	gb_AJ252200_+_1278-4401_ARO:3003056_smeE	84.722	72	11	0	47933	48004	1171	1242	1.77e-11	73.1
NODE_185_length_88364_cov_10.4925	gb_M57437_+_0-1647_ARO:3002827_tlrC	96.970	33	1	0	31092	31124	600	568	1.76e-06	56.5
NODE_226_length_78079_cov_4.16467	gb_FN594949_+_25244-27167_ARO:3000556_tet44	97.816	1923	42	0	50411	52333	1923	1	0.0	3319
NODE_282_length_69735_cov_29.4159	gb_AP009048.1_-_4304505-4306557_ARO:3003549_mdtO	99.903	2052	2	0	2707	4758	1	2052	0.0	3779
NODE_282_length_69735_cov_29.4159	gb_AP009048.1_-_4303042-4304509_ARO:3003550_mdtP	100.000	1467	0	0	4755	6221	1	1467	0.0	2710
NODE_282_length_69735_cov_29.4159	gb_AP009048.1_-_4306556-4307588_ARO:3003548_mdtN	99.903	1032	1	0	1676	2707	1	1032	0.0	1901
NODE_296_length_67081_cov_52.7517	gb_AF235050.4_+_38028-40140_ARO:3003318_Streptomyces	100.000	31	0	0	13202	13232	1926	1896	3.72e-07	58.4
NODE_309_length_65747_cov_14.8992	gb_AY768532_+_0-1935_ARO:3000535_macB	90.909	44	4	0	45591	45634	845	802	1.01e-07	60.2
NODE_332_length_61679_cov_94.7405	gb_AF173226_+_3767-6917_ARO:3003052_smeB	87.500	56	7	0	3793	3848	1186	1241	2.05e-09	65.8
NODE_332_length_61679_cov_94.7405	gb_AJ252200_+_1278-4401_ARO:3003056_smeE	78.313	83	18	0	3766	3848	1159	1241	4.43e-06	54.7
NODE_440_length_51640_cov_4.12391	gb_AP009048.1_-_4153663-4154296_ARO:3000518_CRP	87.994	633	76	0	13169	13801	1	633	0.0	749
NODE_445_length_51491_cov_23.5094	gb_U00096_-_1124117-1125326_ARO:3001216_mdtH	100.000	1209	0	0	28208	29416	1209	1	0.0	2233
NODE_445_length_51491_cov_23.5094	gb_CP000800.1_-_1191727-1192954_ARO:3001329_mdtG	99.430	1227	7	0	18353	19579	1227	1	0.0	2228
NODE_449_length_51140_cov_18.5851	gb_U05883_+_555-1458_ARO:3003559_cepA	99.446	903	5	0	20766	21668	1	903	0.0	1640
NODE_578_length_42712_cov_28.3537	gb_NC_000913.3_+_3219493-3220873_ARO:3000024_patA	100.000	1380	0	0	25166	26545	1380	1	0.0	2549
NODE_578_length_42712_cov_28.3537	gb_U00096.3_-_3203309-3204131_ARO:3002986_bacA	100.000	806	0	0	41907	42712	1	806	0.0	1489
NODE_666_length_39803_cov_26.2615	gb_NC_000913.3_-_484425-485619_ARO:3004043_Escherichia	100.000	1194	0	0	38566	39759	1	1194	0.0	2206
NODE_666_length_39803_cov_26.2615	gb_AJ318073.1_+_793-1990_ARO:3004041_Klebsiella	78.578	1167	241	8	38566	39726	1	1164	0.0	761
NODE_685_length_39131_cov_11.3607	gb_AF235050.4_+_38028-40140_ARO:3003318_Streptomyces	77.246	167	36	2	27519	27684	421	256	4.61e-19	97.1
NODE_725_length_37591_cov_24.1503	gb_U00096_+_2155262-2158385_ARO:3000793_mdtB	98.367	3123	51	0	32830	35952	3123	1	0.0	5485
NODE_725_length_37591_cov_24.1503	gb_U00096_+_2158385-2161463_ARO:3000794_mdtC	98.571	3078	44	0	29752	32829	3078	1	0.0	5441
NODE_725_length_37591_cov_24.1503	gb_AP009048_+_2165012-2166416_ARO:3000829_baeS	100.000	1404	0	0	26936	28339	1404	1	0.0	2593
NODE_725_length_37591_cov_24.1503	gb_U00096_+_2154015-2155263_ARO:3000792_mdtA	97.917	1248	26	0	35952	37199	1248	1	0.0	2161
NODE_725_length_37591_cov_24.1503	gb_NC_007779_+_2166412-2167135_ARO:3000828_baeR	99.447	723	4	0	26217	26939	723	1	0.0	1314
NODE_859_length_33062_cov_26.3414	gb_U00096_+_2812615-2814154_ARO:3000074_emrB	100.000	1539	0	0	24068	25606	1	1539	0.0	2843
NODE_859_length_33062_cov_26.3414	gb_AP009048_+_2810082-2811255_ARO:3000027_emrA	100.000	1173	0	0	22879	24051	1	1173	0.0	2167
NODE_859_length_33062_cov_26.3414	gb_NC_000913.3_+_2810769-2811300_ARO:3000516_emrR	100.000	531	0	0	22222	22752	1	531	0.0	981
NODE_895_length_32287_cov_25.4748	gb_U00096_+_2484373-2487967_ARO:3000833_evgS	99.972	3594	1	0	26309	29902	3594	1	0.0	6632
NODE_895_length_32287_cov_25.4748	gb_D78168_+_536-1592_ARO:3000206_emrK	100.000	1056	0	0	31045	32100	1	1056	0.0	1951
NODE_895_length_32287_cov_25.4748	gb_NC_002695_+_3211891-3212506_ARO:3000832_evgA	100.000	615	0	0	29907	30521	615	1	0.0	1136
NODE_895_length_32287_cov_25.4748	gb_D78168_+_1591-3130_ARO:3000254_emrY	100.000	188	0	0	32100	32287	1	188	9.50e-95	348
NODE_912_length_31753_cov_29.3955	gb_AP009048.1_-_4304505-4306557_ARO:3003549_mdtO	99.903	2052	2	0	26996	29047	2052	1	0.0	3779
NODE_912_length_31753_cov_29.3955	gb_AP009048.1_-_4303042-4304509_ARO:3003550_mdtP	100.000	1467	0	0	25533	26999	1467	1	0.0	2710
NODE_912_length_31753_cov_29.3955	gb_AP009048.1_-_4306556-4307588_ARO:3003548_mdtN	99.903	1032	1	0	29047	30078	1032	1	0.0	1901
NODE_928_length_31349_cov_25.3733	gb_NC_007779_+_2586250-2589364_ARO:3000491_acrD	99.968	3114	1	0	6122	9235	3114	1	0.0	5746
NODE_928_length_31349_cov_25.3733	gb_AJ252200_+_1278-4401_ARO:3003056_smeE	73.261	834	211	10	7722	8549	1514	687	1.22e-78	294
NODE_928_length_31349_cov_25.3733	gb_U00096_+_3660413-3663527_ARO:3000796_mdtF	74.359	468	106	11	7752	8212	1484	1024	2.13e-46	187
NODE_928_length_31349_cov_25.3733	gb_AB219524.1_+_1176-4338_ARO:3003699_mexQ	83.582	67	11	0	7986	8052	1256	1190	3.74e-09	63.9
NODE_938_length_31019_cov_2.94271	gb_L36601_+_1420-3130_ARO:3003036_oleB	97.059	34	1	0	14749	14782	1532	1565	1.72e-07	58.4
NODE_1034_length_28519_cov_3.72632	gb_NC_010378.1_+_47850-51003_ARO:3003923_oqxB	88.056	1641	196	0	2	1642	1480	3120	0.0	1945
NODE_1092_length_27247_cov_3.26714	gb_NC_007779_+_1621287-1621671_ARO:3000263_marA	86.744	347	46	0	25487	25833	347	1	1.70e-106	387
NODE_1296_length_23603_cov_3.86937	gb_NC_007779_+_2586250-2589364_ARO:3000491_acrD	78.251	423	84	8	19658	20076	1478	1060	7.20e-70	265
NODE_1296_length_23603_cov_3.86937	gb_U00096_+_3660413-3663527_ARO:3000796_mdtF	73.349	439	111	6	19643	20078	1493	1058	1.26e-37	158
NODE_1296_length_23603_cov_3.86937	gb_AB219524.1_+_1176-4338_ARO:3003699_mexQ	75.122	205	48	2	19883	20087	1259	1058	3.60e-18	93.5
NODE_1398_length_22380_cov_3.91928	gb_NC_000913.3_-_481253-484403_ARO:3000216_acrB	84.764	2901	433	8	3	2897	253	3150	0.0	2900
NODE_1398_length_22380_cov_3.91928	gb_L11616_+_1569-4710_ARO:3000378_MexB	76.947	1297	282	16	20	1306	270	1559	0.0	723
NODE_1398_length_22380_cov_3.91928	gb_NC_007779_+_2586250-2589364_ARO:3000491_acrD	79.365	504	100	4	727	1228	977	1478	5.10e-96	351
NODE_1477_length_21208_cov_3.53973	gb_NC_000913.3_+_966620-968369_ARO:3003950_msbA	82.750	1658	284	2	19552	21208	1749	93	0.0	1476
NODE_1477_length_21208_cov_3.53973	gb_AJ011502.1_+_300-1425_ARO:3004122_Klebsiella	72.470	494	123	9	1346	1834	46	531	2.45e-34	147
NODE_1557_length_20355_cov_3.6898	gb_U00096_+_2812615-2814154_ARO:3000074_emrB	84.269	1532	237	4	65	1594	1538	9	0.0	1491
NODE_1557_length_20355_cov_3.6898	gb_NC_000913.3_+_2810769-2811300_ARO:3000516_emrR	83.992	531	85	0	2931	3461	531	1	7.23e-144	510
NODE_1853_length_17907_cov_30.0961	gb_NC_002695.1_-_4903561-4904935_ARO:3000830_cpxA	98.981	1374	14	0	2895	4268	1374	1	0.0	2460
NODE_1861_length_17777_cov_29.7577	gb_AP009048_-_4338624-4340268_ARO:3003576_eptA	100.000	1644	0	0	8534	10177	1	1644	0.0	3037
NODE_1992_length_16633_cov_3.56907	gb_JQ394987_+_0-1233_ARO:3001328_Escherichia	79.665	1136	225	6	2507	3639	31	1163	0.0	813
NODE_2074_length_16080_cov_2.68849	gb_L36601_+_1420-3130_ARO:3003036_oleB	100.000	29	0	0	6572	6600	1540	1568	1.16e-06	54.7
NODE_2154_length_15562_cov_29.4095	gb_AP009048.1_-_4153663-4154296_ARO:3000518_CRP	99.842	633	1	0	7267	7899	633	1	0.0	1164
NODE_2249_length_14965_cov_4.05392	gb_KJ207209_+_454-1600_ARO:3001847_ACT-27	98.517	1146	17	0	11170	12315	1	1146	0.0	2023
NODE_2249_length_14965_cov_4.05392	gb_FJ237368_+_0-1146_ARO:3001830_ACT-7	98.342	1146	19	0	11170	12315	1	1146	0.0	2012
NODE_2249_length_14965_cov_4.05392	gb_KM087835_+_0-1146_ARO:3001852_ACT-32	98.342	1146	19	0	11170	12315	1	1146	0.0	2012
NODE_2249_length_14965_cov_4.05392	gb_KF992026_+_753-1899_ARO:3001838_ACT-17	98.342	1146	19	0	11170	12315	1	1146	0.0	2012
NODE_2249_length_14965_cov_4.05392	gb_KM087834.1_+_0-1146_ARO:3001853_ACT-33	98.255	1146	20	0	11170	12315	1	1146	0.0	2006
NODE_2249_length_14965_cov_4.05392	gb_JX440356_+_754-1900_ARO:3001837_ACT-15	98.255	1146	20	0	11170	12315	1	1146	0.0	2006
NODE_2249_length_14965_cov_4.05392	gb_AB737978_+_0-1140_ARO:3001827_ACT-16	98.505	1137	17	0	11170	12306	1	1137	0.0	2006
NODE_2249_length_14965_cov_4.05392	gb_LC004922_+_0-1146_ARO:3001855_ACT-35	98.255	1146	20	0	11170	12315	1	1146	0.0	2006
NODE_2249_length_14965_cov_4.05392	gb_KM087843_+_0-1146_ARO:3001851_ACT-31	98.168	1146	21	0	11170	12315	1	1146	0.0	2001
NODE_2249_length_14965_cov_4.05392	gb_KJ207208_+_539-1685_ARO:3001845_ACT-25	98.168	1146	21	0	11170	12315	1	1146	0.0	2001
NODE_2249_length_14965_cov_4.05392	gb_KF526117_+_0-1146_ARO:3001841_ACT-20	97.993	1146	23	0	11170	12315	1	1146	0.0	1989
NODE_2249_length_14965_cov_4.05392	gb_KM087833_+_0-1146_ARO:3001850_ACT-30	97.906	1146	24	0	11170	12315	1	1146	0.0	1984
NODE_2249_length_14965_cov_4.05392	gb_KF992028_+_761-1907_ARO:3001839_ACT-18	96.859	1146	36	0	11170	12315	1	1146	0.0	1917
NODE_2249_length_14965_cov_4.05392	gb_JX440354_+_756-1902_ARO:3001836_ACT-14	96.771	1146	37	0	11170	12315	1	1146	0.0	1912
NODE_2249_length_14965_cov_4.05392	gb_KF515536_+_0-1146_ARO:3001828_ACT-23	96.597	1146	39	0	11170	12315	1	1146	0.0	1901
NODE_2249_length_14965_cov_4.05392	gb_KJ207207_+_479-1625_ARO:3001844_ACT-24	96.510	1146	40	0	11170	12315	1	1146	0.0	1895
NODE_2249_length_14965_cov_4.05392	gb_FJ237369_+_0-1146_ARO:3001824_ACT-5	96.510	1146	40	0	11170	12315	1	1146	0.0	1895
NODE_2249_length_14965_cov_4.05392	gb_KM926621_+_751-1897_ARO:3003171_ACT-36	96.422	1146	41	0	11170	12315	1	1146	0.0	1890
NODE_2249_length_14965_cov_4.05392	gb_KF526118_+_0-1146_ARO:3001842_ACT-21	96.073	1146	45	0	11170	12315	1	1146	0.0	1868
NODE_2249_length_14965_cov_4.05392	gb_KM926622_+_238-1384_ARO:3003172_ACT-37	93.979	1146	69	0	11170	12315	1	1146	0.0	1735
NODE_2249_length_14965_cov_4.05392	gb_KF992029_+_748-1894_ARO:3001840_ACT-19	93.717	1146	72	0	11170	12315	1	1146	0.0	1718
NODE_2249_length_14965_cov_4.05392	gb_FJ237366_+_40-1186_ARO:3001825_ACT-6	86.533	1151	145	8	11170	12315	1	1146	0.0	1258
NODE_2249_length_14965_cov_4.05392	gb_KM087832_+_0-1146_ARO:3001849_ACT-29	86.099	1151	150	8	11170	12315	1	1146	0.0	1230
NODE_2249_length_14965_cov_4.05392	gb_HE819402_+_0-1146_ARO:3001835_ACT-13	86.155	1134	147	8	11168	12296	2	1130	0.0	1216
NODE_2249_length_14965_cov_4.05392	gb_JN848330_+_0-1146_ARO:3001832_ACT-10	85.838	1151	153	8	11170	12315	1	1146	0.0	1214
NODE_2249_length_14965_cov_4.05392	gb_KM087864_+_0-1146_ARO:3002179_MIR-14	85.752	1151	154	8	11170	12315	1	1146	0.0	1208
NODE_2249_length_14965_cov_4.05392	gb_AY743435_+_13-1159_ARO:3002169_MIR-3	85.752	1151	154	8	11170	12315	1	1146	0.0	1208
NODE_2249_length_14965_cov_4.05392	gb_KM087858_+_0-1146_ARO:3002175_MIR-10	85.652	1150	157	6	11170	12315	1	1146	0.0	1203
NODE_2249_length_14965_cov_4.05392	gb_EF417572_+_29-1175_ARO:3002167_MIR-4	85.690	1153	151	12	11170	12315	1	1146	0.0	1203
NODE_2249_length_14965_cov_4.05392	gb_KM087861_+_0-1146_ARO:3002181_MIR-16	85.652	1150	157	6	11170	12315	1	1146	0.0	1203
NODE_2249_length_14965_cov_4.05392	gb_AY227752_+_88-1234_ARO:3002168_MIR-2	85.652	1150	157	6	11170	12315	1	1146	0.0	1203
NODE_2249_length_14965_cov_4.05392	gb_KM087862_+_0-1146_ARO:3002178_MIR-13	85.565	1150	158	6	11170	12315	1	1146	0.0	1197
NODE_2249_length_14965_cov_4.05392	gb_KM087863_+_0-1146_ARO:3002177_MIR-12	85.565	1150	158	6	11170	12315	1	1146	0.0	1197
NODE_2249_length_14965_cov_4.05392	gb_AM076977_+_0-1146_ARO:3001822_ACT-2	85.765	1131	157	3	11168	12296	2	1130	0.0	1194
NODE_2249_length_14965_cov_4.05392	gb_KM087859_+_0-1146_ARO:3002176_MIR-11	85.478	1150	159	6	11170	12315	1	1146	0.0	1192
NODE_2249_length_14965_cov_4.05392	gb_LN515535_+_0-1146_ARO:3003173_MIR-17	85.478	1150	159	6	11170	12315	1	1146	0.0	1192
NODE_2249_length_14965_cov_4.05392	gb_JQ664733_+_0-1146_ARO:3002171_MIR-6	85.478	1150	159	6	11170	12315	1	1146	0.0	1192
NODE_2249_length_14965_cov_4.05392	gb_FJ237367_+_0-1146_ARO:3002173_MIR-8	85.478	1150	159	6	11170	12315	1	1146	0.0	1192
NODE_2249_length_14965_cov_4.05392	gb_KP050484_+_0-1146_ARO:3002170_MIR-5	85.478	1150	159	6	11170	12315	1	1146	0.0	1192
NODE_2249_length_14965_cov_4.05392	gb_M37839_+_927-2073_ARO:3002166_MIR-1	85.391	1150	160	6	11170	12315	1	1146	0.0	1186
NODE_2249_length_14965_cov_4.05392	gb_KM087860_+_0-1146_ARO:3002174_MIR-9	85.391	1150	160	6	11170	12315	1	1146	0.0	1186
NODE_2249_length_14965_cov_4.05392	gb_KM087851_+_0-1146_ARO:3002180_MIR-15	85.391	1150	160	6	11170	12315	1	1146	0.0	1186
NODE_2249_length_14965_cov_4.05392	gb_EU427302_+_1475-2618_ARO:3001829_ACT-4	85.588	1131	155	6	11170	12296	1	1127	0.0	1179
NODE_2249_length_14965_cov_4.05392	gb_EF125013_+_0-1146_ARO:3001823_ACT-3	85.385	1129	165	0	11168	12296	2	1130	0.0	1171
NODE_2249_length_14965_cov_4.05392	gb_U58495_+_27-1173_ARO:3001821_ACT-1	85.411	1131	161	3	11168	12296	2	1130	0.0	1171
NODE_2249_length_14965_cov_4.05392	gb_KJ207206_+_751-1897_ARO:3001848_ACT-28	82.378	1152	191	10	11170	12315	1	1146	0.0	992
NODE_2249_length_14965_cov_4.05392	gb_KF150216_+_0-1146_ARO:3002116_CMY-104	74.975	1011	233	17	11278	12278	109	1109	4.22e-125	448
NODE_2295_length_14668_cov_6.2508	gb_U00096_-_2098446-2099613_ARO:3003577_ugd	96.487	1167	41	0	11840	13006	1	1167	0.0	1929
NODE_2359_length_14390_cov_24.1782	gb_NC_000913.3_-_721055-721733_ARO:3003841_kdpE	100.000	678	0	0	5867	6544	678	1	0.0	1253
NODE_2359_length_14390_cov_24.1782	gb_NC_000913.3_-_721055-721733_ARO:3003841_kdpE	90.278	144	14	0	1532	1675	678	535	2.72e-47	189
NODE_2495_length_13742_cov_23.8556	gb_NC_002695.2_-_1737690-1738104_ARO:3000676_H-NS	99.517	414	2	0	4941	5354	414	1	0.0	754
NODE_2679_length_12946_cov_28.9183	gb_U00096_+_3660413-3663527_ARO:3000796_mdtF	99.968	3114	1	0	7119	10232	1	3114	0.0	5746
NODE_2679_length_12946_cov_28.9183	gb_AP009048.1_-_3980025-3981183_ARO:3000795_mdtE	100.000	1158	0	0	5937	7094	1	1158	0.0	2139
NODE_2679_length_12946_cov_28.9183	gb_NC_007779_+_3974604-3975429_ARO:3000508_gadX	100.000	825	0	0	11691	12515	825	1	0.0	1524
NODE_2679_length_12946_cov_28.9183	gb_CP015085.1_-_2551711-2552440_ARO:3003838_gadW	94.650	729	39	0	10595	11323	729	1	0.0	1131
NODE_2679_length_12946_cov_28.9183	gb_L11616_+_1569-4710_ARO:3000378_MexB	76.774	465	103	5	8154	8616	1036	1497	2.38e-67	255
NODE_2679_length_12946_cov_28.9183	gb_AJ252200_+_1278-4401_ARO:3003056_smeE	74.790	476	113	7	8145	8617	1027	1498	6.75e-53	207
NODE_2679_length_12946_cov_28.9183	gb_NC_007779_+_2586250-2589364_ARO:3000491_acrD	74.359	468	106	11	8142	8602	1024	1484	8.79e-47	187
NODE_2679_length_12946_cov_28.9183	gb_U57969_+_1485-4617_ARO:3000801_MexD	86.316	95	13	0	8289	8383	1177	1271	9.11e-22	104
NODE_2679_length_12946_cov_28.9183	gb_NC_010378.1_+_47850-51003_ARO:3003923_oqxB	87.500	72	7	2	8302	8372	1193	1263	4.27e-15	82.4
NODE_2679_length_12946_cov_28.9183	gb_NC_002516_+_2810008-2813197_ARO:3000804_MexF	81.443	97	18	0	8275	8371	1166	1262	1.53e-14	80.5
NODE_2685_length_12921_cov_6.19703	gb_AF235050.4_+_38028-40140_ARO:3003318_Streptomyces	74.932	367	72	17	6776	7132	75	431	1.15e-35	150
NODE_2687_length_12914_cov_26.5731	gb_U00096.3_-_4567286-4568519_ARO:3001214_mdtM	95.690	1137	49	0	11778	12914	1233	97	0.0	1829
NODE_2829_length_12382_cov_3.67381	gb_NC_007779_+_2586250-2589364_ARO:3000491_acrD	81.610	3105	559	10	6994	10092	1	3099	0.0	2560
NODE_2829_length_12382_cov_3.67381	gb_L11616_+_1569-4710_ARO:3000378_MexB	79.518	581	116	1	7972	8549	979	1559	4.58e-114	411
NODE_2829_length_12382_cov_3.67381	gb_L11616_+_1569-4710_ARO:3000378_MexB	73.131	923	204	37	9160	10060	2170	3070	6.23e-78	291
NODE_2829_length_12382_cov_3.67381	gb_NC_000913.3_-_481253-484403_ARO:3000216_acrB	78.840	586	111	10	7972	8549	979	1559	9.99e-106	383
NODE_2829_length_12382_cov_3.67381	gb_AF173226_+_3767-6917_ARO:3003052_smeB	79.661	472	87	9	8005	8471	1011	1478	3.67e-90	331
NODE_2928_length_12016_cov_29.5918	gb_FJ768952_+_0-1488_ARO:3000237_tolC	100.000	1488	0	0	9361	10848	1488	1	0.0	2748
NODE_2996_length_11767_cov_4.111	gb_U00096_+_3415032-3418137_ARO:3000502_acrF	74.590	122	31	0	6973	7094	1246	1125	8.45e-07	54.7
NODE_3039_length_11596_cov_3.71606	gb_NC_000913.3_-_721055-721733_ARO:3003841_kdpE	76.444	675	153	6	10762	11433	672	1	4.38e-99	361
NODE_3143_length_11188_cov_3.61628	gb_NC_000913.3_-_2306971-2308615_ARO:3003952_yojI	79.139	1649	326	16	3712	5351	1	1640	0.0	1123
NODE_3143_length_11188_cov_3.61628	gb_AJ011502.1_+_300-1425_ARO:3004122_Klebsiella	74.615	390	77	14	311	683	739	1123	2.77e-36	152
NODE_3223_length_10987_cov_3.81934	gb_NC_000913.3_+_3219493-3220873_ARO:3000024_patA	89.855	207	21	0	10781	10987	1	207	9.31e-71	267
NODE_3239_length_10943_cov_25.7975	gb_CP014358.1_-_2161325-2162750_ARO:3001327_mdtK	75.461	1410	332	12	7245	8647	1403	1	0.0	675
NODE_3509_length_10196_cov_53.1569	gb_NC_005024_+_42504-43944_ARO:3002597_AAC(6')-Ie-APH(2'')-Ia	84.384	1428	218	5	6332	7756	3	1428	0.0	1397
NODE_3509_length_10196_cov_53.1569	gb_AY701528.1_+_9695-10589_ARO:3004191_APH(2'')-If	94.145	854	46	4	6932	7783	43	894	0.0	1297
NODE_3571_length_10028_cov_19.449	gb_JF969163_+_1053-1893_ARO:3000410_sul1	100.000	840	0	0	5469	6308	840	1	0.0	1552
NODE_3571_length_10028_cov_19.449	gb_NC_004998.1_-_80976-81768_ARO:3002601_aadA	99.747	792	2	0	6813	7604	792	1	0.0	1452
NODE_3571_length_10028_cov_19.449	gb_DQ677333_+_0-780_ARO:3002621_aadA24	98.575	772	11	0	6813	7584	780	9	0.0	1365
NODE_3571_length_10028_cov_19.449	gb_AM261837_+_73-865_ARO:3002619_aadA22	97.222	792	22	0	6813	7604	792	1	0.0	1341
NODE_3571_length_10028_cov_19.449	gb_AY171244_+_46-838_ARO:3002618_aadA21	97.096	792	23	0	6813	7604	792	1	0.0	1336
NODE_3571_length_10028_cov_19.449	gb_AJ809407_+_118-898_ARO:3002620_aadA23	97.668	772	18	0	6813	7584	780	9	0.0	1327
NODE_3571_length_10028_cov_19.449	gb_DQ393783_+_1799-2591_ARO:3002615_aadA15	96.582	790	27	0	6815	7604	790	1	0.0	1310
NODE_3571_length_10028_cov_19.449	gb_FJ381668_+_56-848_ARO:3002612_aadA12	94.430	790	44	0	6815	7604	790	1	0.0	1216
NODE_3571_length_10028_cov_19.449	gb_CP003022_+_336788-337580_ARO:3003197_aadA25	93.561	792	51	0	6813	7604	792	1	0.0	1181
NODE_3571_length_10028_cov_19.449	gb_FJ460181_+_1790-2582_ARO:3002617_aadA17	93.418	790	52	0	6815	7604	790	1	0.0	1171
NODE_3571_length_10028_cov_19.449	gb_AY139603_+_106-898_ARO:3002608_aadA8	92.551	792	59	0	6813	7604	792	1	0.0	1136
NODE_3571_length_10028_cov_19.449	gb_AF047479_+_1295-2087_ARO:3002603_aadA3	90.530	792	75	0	6813	7604	792	1	0.0	1048
NODE_3571_length_10028_cov_19.449	gb_NG_036525_+_633-1431_ARO:3002613_aadA13	89.612	799	82	1	6806	7604	798	1	0.0	1014
NODE_3571_length_10028_cov_19.449	gb_AF156486_+_5012-5792_ARO:3002602_aadA2	89.740	770	79	0	6815	7584	778	9	0.0	985
NODE_3571_length_10028_cov_19.449	gb_AY928180_+_0-495_ARO:3002837_lnuC	99.192	495	4	0	1151	1645	1	495	0.0	893
NODE_3571_length_10028_cov_19.449	gb_AJ400733.1_+_21-585_ARO:3002854_dfrA1	99.057	318	3	0	7697	8014	564	247	1.61e-162	571
NODE_3571_length_10028_cov_19.449	gb_AJ400733.1_+_21-585_ARO:3002854_dfrA1	98.485	264	4	0	7907	8170	264	1	7.82e-131	466
NODE_3571_length_10028_cov_19.449	gb_AM087411_+_1611-2457_ARO:3002606_aadA6	78.715	794	160	7	6766	7551	846	54	1.64e-147	521
NODE_3571_length_10028_cov_19.449	gb_KF534911_+_39-513_ARO:3003013_dfrA15	84.388	474	74	0	7697	8170	474	1	7.82e-131	466
NODE_3571_length_10028_cov_19.449	gb_Y11946.1_+_0-980_ARO:3002578_AAC(6')-Ib7	99.590	244	1	0	8188	8431	244	1	1.02e-124	446
NODE_3571_length_10028_cov_19.449	gb_L06157_+_554-1085_ARO:3002530_AAC(3)-Ib	100.000	57	0	0	8188	8244	57	1	1.96e-22	106
NODE_3571_length_10028_cov_19.449	gb_DQ390458_-_3095-3995_ARO:3002609_aadA9	100.000	57	0	0	8188	8244	57	1	1.96e-22	106
NODE_3690_length_9687_cov_5.65583	gb_AY043299.1_-_3984-5175_ARO:3000167_tet(C)	99.916	1191	1	0	1228	2418	1191	1	0.0	2194
NODE_3790_length_9464_cov_35.8646	gb_KU302801_+_102199-102430_ARO:3002831_vgaC	86.239	218	30	0	9163	9380	224	7	6.29e-62	237
NODE_3810_length_9414_cov_3.74089	gb_DQ679966_+_299-1493_ARO:3004042_Enterobacter	88.117	1195	140	2	8177	9370	1	1194	0.0	1419
NODE_3810_length_9414_cov_3.74089	gb_NC_000913.3_-_484425-485619_ARO:3004043_Escherichia	80.141	1133	225	0	8177	9309	1	1133	0.0	846
NODE_3810_length_9414_cov_3.74089	gb_AJ318073.1_+_793-1990_ARO:3004041_Klebsiella	79.551	1203	231	13	8177	9370	1	1197	0.0	845
NODE_3819_length_9395_cov_28.596	gb_NC_000913.3_-_4377810-4378944_ARO:3004290_Escherichia	100.000	1134	0	0	6361	7494	1	1134	0.0	2095
NODE_3819_length_9395_cov_28.596	gb_AJ555823_+_0-1146_ARO:3002026_CMY-15	72.588	1109	267	30	6394	7479	37	1131	1.00e-89	329
NODE_3819_length_9395_cov_28.596	gb_AM931008_+_0-1146_ARO:3002049_CMY-38	72.613	1110	265	31	6394	7479	37	1131	1.00e-89	329
NODE_3819_length_9395_cov_28.596	gb_Y16785_+_0-1143_ARO:3002023_CMY-12	72.498	1109	268	30	6394	7479	37	1131	4.66e-88	324
NODE_3819_length_9395_cov_28.596	gb_KM087859_+_0-1146_ARO:3002176_MIR-11	72.057	977	243	25	6481	7442	133	1094	2.87e-70	265
NODE_3819_length_9395_cov_28.596	gb_KM087851_+_0-1146_ARO:3002180_MIR-15	72.057	977	243	26	6481	7442	133	1094	2.87e-70	265
NODE_3819_length_9395_cov_28.596	gb_AY227752_+_88-1234_ARO:3002168_MIR-2	71.720	1029	261	25	6481	7494	133	1146	3.71e-69	261
NODE_3819_length_9395_cov_28.596	gb_KM087858_+_0-1146_ARO:3002175_MIR-10	71.955	977	244	25	6481	7442	133	1094	1.33e-68	259
NODE_3819_length_9395_cov_28.596	gb_KM087860_+_0-1146_ARO:3002174_MIR-9	71.955	977	244	25	6481	7442	133	1094	1.33e-68	259
NODE_3819_length_9395_cov_28.596	gb_JQ664733_+_0-1146_ARO:3002171_MIR-6	71.955	977	244	26	6481	7442	133	1094	1.33e-68	259
NODE_3819_length_9395_cov_28.596	gb_KM087861_+_0-1146_ARO:3002181_MIR-16	71.955	977	244	25	6481	7442	133	1094	1.33e-68	259
NODE_3819_length_9395_cov_28.596	gb_EF417572_+_29-1175_ARO:3002167_MIR-4	71.853	977	245	26	6481	7442	133	1094	6.20e-67	254
NODE_3819_length_9395_cov_28.596	gb_FJ237367_+_0-1146_ARO:3002173_MIR-8	71.853	977	245	26	6481	7442	133	1094	6.20e-67	254
NODE_3819_length_9395_cov_28.596	gb_KM087863_+_0-1146_ARO:3002177_MIR-12	71.853	977	245	25	6481	7442	133	1094	6.20e-67	254
NODE_3819_length_9395_cov_28.596	gb_KP050484_+_0-1146_ARO:3002170_MIR-5	71.853	977	245	25	6481	7442	133	1094	6.20e-67	254
NODE_3819_length_9395_cov_28.596	gb_AY743435_+_13-1159_ARO:3002169_MIR-3	71.853	977	245	26	6481	7442	133	1094	6.20e-67	254
NODE_3819_length_9395_cov_28.596	gb_M37839_+_927-2073_ARO:3002166_MIR-1	71.750	977	246	25	6481	7442	133	1094	2.89e-65	248
NODE_3819_length_9395_cov_28.596	gb_LN515535_+_0-1146_ARO:3003173_MIR-17	71.750	977	246	25	6481	7442	133	1094	2.89e-65	248
NODE_3819_length_9395_cov_28.596	gb_KM087862_+_0-1146_ARO:3002178_MIR-13	71.648	977	247	26	6481	7442	133	1094	1.34e-63	243
NODE_3819_length_9395_cov_28.596	gb_KM926622_+_238-1384_ARO:3003172_ACT-37	70.192	1040	258	42	6481	7494	133	1146	1.80e-37	156
NODE_3819_length_9395_cov_28.596	gb_KF992029_+_748-1894_ARO:3001840_ACT-19	69.971	1039	262	41	6481	7494	133	1146	3.90e-34	145
NODE_3992_length_8966_cov_8.71328	gb_Z11877.1_+_485-818_ARO:3004039_Escherichia	98.799	333	4	0	3298	3630	333	1	3.07e-169	593
NODE_4010_length_8925_cov_26.9178	gb_U00096.3_-_3203309-3204131_ARO:3002986_bacA	100.000	71	0	0	8855	8925	822	752	2.88e-30	132
NODE_4232_length_8429_cov_25.591	gb_NC_000913.3_+_966620-968369_ARO:3003950_msbA	100.000	1749	0	0	6633	8381	1749	1	0.0	3230
NODE_4274_length_8345_cov_4.67238	gb_U00096_+_3415032-3418137_ARO:3000502_acrF	76.255	3108	682	50	295	3374	3080	1	0.0	1600
NODE_4469_length_7994_cov_10.8307	gb_NC_002516.2_+_4904646-4907703_ARO:3003031_mexW	73.558	208	47	5	5825	6028	2569	2772	1.59e-12	73.1
NODE_4469_length_7994_cov_10.8307	gb_AF173226_+_3767-6917_ARO:3003052_smeB	88.636	44	5	0	5978	6021	2809	2852	5.74e-07	54.7
NODE_4565_length_7844_cov_27.4741	gb_NC_000913.3_-_481253-484403_ARO:3000216_acrB	100.000	3150	0	0	34	3183	1	3150	0.0	5818
NODE_4565_length_7844_cov_27.4741	gb_U00096_+_3415032-3418137_ARO:3000502_acrF	73.716	3135	734	81	42	3133	10	3097	0.0	1142
NODE_4565_length_7844_cov_27.4741	gb_NC_006350.1_-_2147817-2150949_ARO:3002983_amrB	73.902	387	84	16	2659	3038	2608	2984	1.51e-32	139
NODE_4751_length_7564_cov_3.76881	gb_NC_002695.2_-_1737690-1738104_ARO:3000676_H-NS	85.819	409	56	2	2191	2598	1	408	5.97e-121	433
NODE_4766_length_7546_cov_2.92645	gb_L36601_+_1420-3130_ARO:3003036_oleB	84.127	63	10	0	3044	3106	1568	1506	3.24e-09	62.1
NODE_4840_length_7430_cov_28.6061	gb_U00096_+_3415032-3418137_ARO:3000502_acrF	99.936	3105	2	0	4165	7269	1	3105	0.0	5723
NODE_4840_length_7430_cov_28.6061	gb_U00096_+_3413863-3415021_ARO:3000499_acrE	100.000	1158	0	0	2996	4153	1	1158	0.0	2139
NODE_4840_length_7430_cov_28.6061	gb_U00096_-_3412802-3413465_ARO:3000656_acrS	100.000	663	0	0	1935	2597	663	1	0.0	1225
NODE_4840_length_7430_cov_28.6061	gb_NC_000913.3_-_481253-484403_ARO:3000216_acrB	73.758	3140	724	89	4174	7261	9	3100	0.0	1142
NODE_4840_length_7430_cov_28.6061	gb_NC_003197.2_-_393893-397061_ARO:3000790_mdsB	81.928	83	9	6	7070	7149	2933	3012	2.47e-10	65.8
NODE_4883_length_7373_cov_34.3419	gb_Z21523_+_0-1974_ARO:3000191_tetQ	100.000	55	0	0	1	55	1907	1961	1.87e-21	102
NODE_5238_length_6877_cov_2.11096	gb_NC_007779_+_2586250-2589364_ARO:3000491_acrD	82.672	479	83	0	2	480	2636	3114	9.09e-119	425
NODE_5240_length_6874_cov_64.3141	gb_Z21523_+_0-1974_ARO:3000191_tetQ	89.498	1733	182	0	5142	6874	1974	242	0.0	2193
NODE_5294_length_6795_cov_8.21929	gb_U00096.3_-_4567286-4568519_ARO:3001214_mdtM	96.689	151	5	0	1	151	151	1	1.61e-66	252
NODE_5310_length_6777_cov_2.24517	gb_AJ011502.1_+_300-1425_ARO:3004122_Klebsiella	76.093	389	71	13	3373	3744	1044	661	5.95e-46	183
NODE_5513_length_6540_cov_2.45428	gb_NC_000913.3_+_3219493-3220873_ARO:3000024_patA	84.915	1359	203	2	1866	3223	1	1358	0.0	1373
NODE_5676_length_6324_cov_3.51986	gb_NC_010378.1_+_47850-51003_ARO:3003923_oqxB	89.200	1463	158	0	1	1463	1463	1	0.0	1827
NODE_5676_length_6324_cov_3.51986	gb_NC_010378.1_+_46651-47827_ARO:3003922_oqxA	86.916	1177	152	2	1487	2662	1176	1	0.0	1319
NODE_5676_length_6324_cov_3.51986	gb_NC_007779_+_2586250-2589364_ARO:3000491_acrD	87.143	70	9	0	202	271	1253	1184	7.49e-15	80.5
NODE_5810_length_6172_cov_2.87641	gb_KU254579.1_+_59421-59841_ARO:3004111_FosA6	99.286	420	3	0	3040	3459	420	1	0.0	760
NODE_5810_length_6172_cov_2.87641	gb_KP143090.1_-_1199-1619_ARO:3003209_FosA5	97.381	420	11	0	3040	3459	420	1	0.0	715
NODE_5838_length_6134_cov_2.66886	gb_AJ252200_+_1278-4401_ARO:3003056_smeE	81.212	495	84	8	3280	3769	1006	1496	2.96e-108	390
NODE_5838_length_6134_cov_2.66886	gb_NC_007779_+_2586250-2589364_ARO:3000491_acrD	79.669	423	80	6	3333	3752	1059	1478	5.12e-81	300
NODE_5838_length_6134_cov_2.66886	gb_NC_000913.3_-_481253-484403_ARO:3000216_acrB	77.101	476	99	10	3267	3737	993	1463	5.20e-71	267
NODE_5838_length_6134_cov_2.66886	gb_U00096_+_3660413-3663527_ARO:3000796_mdtF	72.907	454	112	11	3306	3754	1033	1480	7.06e-35	147
NODE_5841_length_6134_cov_24.0033	gb_U00096_+_2367070-2368039_ARO:3003578_pmrF	100.000	969	0	0	473	1441	969	1	0.0	1790
NODE_6124_length_5841_cov_2.92447	gb_AFRQ01000061.1_-_23986-27124_ARO:3004144_AxyY	72.949	573	142	11	4127	4694	2493	3057	3.96e-47	187
NODE_6124_length_5841_cov_2.92447	gb_U97042_+_1263-4347_ARO:3003010_ceoB	100.000	37	0	0	4426	4462	2834	2870	1.50e-11	69.4
NODE_6124_length_5841_cov_2.92447	gb_AB219524.1_+_1176-4338_ARO:3003699_mexQ	94.737	38	2	0	4426	4463	2816	2853	9.01e-09	60.2
NODE_6229_length_5749_cov_3.08623	gb_KU302801_+_102199-102430_ARO:3002831_vgaC	99.134	231	2	0	925	1155	231	1	4.57e-116	416
NODE_7095_length_5002_cov_3.16091	gb_NC_007779_+_2166412-2167135_ARO:3000828_baeR	82.982	711	121	0	1654	2364	711	1	0.0	643
NODE_7146_length_4971_cov_3.55309	gb_M17124_+_1181-1982_ARO:3000498_ErmF	95.385	65	3	0	1	65	676	612	3.49e-22	104
NODE_7568_length_4694_cov_2.67019	gb_KX531046.1_+_0-864_ARO:3003982_LlmA	73.659	205	50	4	3307	3509	470	268	7.18e-14	76.8
NODE_8444_length_4196_cov_23.6559	gb_NC_000913.3_-_2306971-2308615_ARO:3003952_yojI	100.000	469	0	0	1	469	469	1	0.0	867
NODE_8489_length_4167_cov_3.64932	gb_U00096.3_-_3203309-3204131_ARO:3002986_bacA	84.005	819	129	2	2815	3632	1	818	0.0	785
NODE_8492_length_4164_cov_2.52495	gb_NC_000913.3_-_481253-484403_ARO:3000216_acrB	83.002	3118	489	23	3	3085	37	3148	0.0	2784
NODE_8492_length_4164_cov_2.52495	gb_U00096_+_3415032-3418137_ARO:3000502_acrF	73.219	3103	725	76	1	3037	35	3097	0.0	1029
NODE_8492_length_4164_cov_2.52495	gb_AB015853_+_1330-4471_ARO:3003033_mexY	77.523	218	45	4	941	1156	972	1187	1.74e-29	128
NODE_9097_length_3897_cov_3.47866	gb_U00096_+_2155262-2158385_ARO:3000793_mdtB	80.129	2476	482	10	3	2473	2471	1	0.0	1838
NODE_9097_length_3897_cov_3.47866	gb_U00096_+_2154015-2155263_ARO:3000792_mdtA	81.132	1007	186	4	2494	3498	1182	178	0.0	804
NODE_9698_length_3646_cov_2.66249	gb_AF226276.1_+_3583-4207_ARO:3002682_catD	100.000	624	0	0	314	937	624	1	0.0	1153
NODE_9698_length_3646_cov_2.66249	gb_U15027_+_0-624_ARO:3002686_catP	100.000	624	0	0	314	937	624	1	0.0	1153
NODE_9698_length_3646_cov_2.66249	gb_X74948_+_0-492_ARO:3002688_catS	82.680	485	78	4	386	867	492	11	4.81e-119	425
NODE_9796_length_3609_cov_3.66263	gb_AJ011502.1_+_300-1425_ARO:3004122_Klebsiella	77.353	340	68	6	232	562	1048	709	5.26e-49	193
NODE_9900_length_3565_cov_2.24387	gb_NC_010378.1_+_46651-47827_ARO:3003922_oqxA	99.235	1176	9	0	27	1202	1176	1	0.0	2122
NODE_11100_length_3195_cov_1.72771	gb_AF535128_+_0-861_ARO:3001098_SHV-40	99.768	861	2	0	878	1738	1	861	0.0	1580
NODE_11100_length_3195_cov_1.72771	gb_DQ322460_+_15-876_ARO:3001139_SHV-85	99.768	861	2	0	878	1738	1	861	0.0	1580
NODE_11100_length_3195_cov_1.72771	gb_DQ193536_+_0-861_ARO:3001141_SHV-89	99.768	861	2	0	878	1738	1	861	0.0	1580
NODE_11100_length_3195_cov_1.72771	gb_EU586041_+_0-861_ARO:3001112_SHV-56	99.768	861	2	0	878	1738	1	861	0.0	1580
NODE_11100_length_3195_cov_1.72771	gb_AM176554_+_30-891_ARO:3001133_SHV-79	99.768	861	2	0	878	1738	1	861	0.0	1580
NODE_11100_length_3195_cov_1.72771	gb_LN515533_+_0-867_ARO:3003154_SHV-187	99.423	867	5	0	872	1738	1	867	0.0	1574
NODE_11100_length_3195_cov_1.72771	gb_JQ926986_+_0-861_ARO:3001345_SHV-144	99.535	861	4	0	878	1738	1	861	0.0	1568
NODE_11100_length_3195_cov_1.72771	gb_AM941845_+_0-861_ARO:3001337_SHV-99	99.535	861	4	0	878	1738	1	861	0.0	1568
NODE_11100_length_3195_cov_1.72771	gb_EF373970_+_0-861_ARO:3001146_SHV-94	99.535	861	4	0	878	1738	1	861	0.0	1568
NODE_11100_length_3195_cov_1.72771	gb_EF373971_+_0-861_ARO:3001148_SHV-96	99.535	861	4	0	878	1738	1	861	0.0	1568
NODE_11100_length_3195_cov_1.72771	gb_AY070258_+_0-861_ARO:3001093_SHV-35	99.535	861	4	0	878	1738	1	861	0.0	1568
NODE_11100_length_3195_cov_1.72771	gb_HM751103.1_+_0-864_ARO:3001169_SHV-122	99.421	864	2	3	878	1738	1	864	0.0	1565
NODE_11100_length_3195_cov_1.72771	gb_AM176558_+_0-861_ARO:3001137_SHV-83	99.534	859	4	0	880	1738	3	861	0.0	1565
NODE_11100_length_3195_cov_1.72771	gb_KF705209_+_0-861_ARO:3001361_SHV-178	99.419	861	5	0	878	1738	1	861	0.0	1563
NODE_11100_length_3195_cov_1.72771	gb_AY259119_+_116-977_ARO:3001102_SHV-44	99.419	861	5	0	878	1738	1	861	0.0	1563
NODE_11100_length_3195_cov_1.72771	gb_AB372881_+_8-869_ARO:3001160_SHV-111	99.419	861	5	0	878	1738	1	861	0.0	1563
NODE_11100_length_3195_cov_1.72771	gb_DQ013287_+_0-861_ARO:3001124_SHV-70	99.419	861	5	0	878	1738	1	861	0.0	1563
NODE_11100_length_3195_cov_1.72771	gb_AF164577_+_0-861_ARO:3001072_SHV-13	99.419	861	5	0	878	1738	1	861	0.0	1563
NODE_11100_length_3195_cov_1.72771	gb_AM176555_+_0-861_ARO:3001134_SHV-80	99.419	861	5	0	878	1738	1	861	0.0	1563
NODE_11100_length_3195_cov_1.72771	gb_AY277255_+_66-927_ARO:3001089_SHV-31	99.419	861	5	0	878	1738	1	861	0.0	1563
NODE_11100_length_3195_cov_1.72771	gb_AF208796_+_0-861_ARO:3001083_SHV-25	99.419	861	5	0	878	1738	1	861	0.0	1563
NODE_11100_length_3195_cov_1.72771	gb_JX268631_+_0-861_ARO:3001091_SHV-33	99.419	861	5	0	878	1738	1	861	0.0	1563
NODE_11100_length_3195_cov_1.72771	gb_JX121124_+_0-861_ARO:3001196_SHV-157	99.419	861	5	0	878	1738	1	861	0.0	1563
NODE_11100_length_3195_cov_1.72771	gb_AF226622_+_54-915_ARO:3001073_SHV-14	99.419	861	5	0	878	1738	1	861	0.0	1563
NODE_11100_length_3195_cov_1.72771	gb_AJ866285_+_0-861_ARO:3001117_SHV-62	99.419	861	5	0	878	1738	1	861	0.0	1563
NODE_11100_length_3195_cov_1.72771	gb_HM751100_+_0-861_ARO:3001157_SHV-108	99.419	861	5	0	878	1738	1	861	0.0	1563
NODE_11100_length_3195_cov_1.72771	gb_X98101_+_73-934_ARO:3001070_SHV-11	99.419	861	5	0	878	1738	1	861	0.0	1563
NODE_11100_length_3195_cov_1.72771	gb_KM233164_+_0-861_ARO:3003152_SHV-185	99.419	861	5	0	878	1738	1	861	0.0	1563
NODE_11100_length_3195_cov_1.72771	gb_AY079099_+_148-1009_ARO:3001096_SHV-38	99.419	861	5	0	878	1738	1	861	0.0	1563
NODE_11100_length_3195_cov_1.72771	gb_DQ174308_+_4-865_ARO:3001123_SHV-69	99.419	861	5	0	878	1738	1	861	0.0	1563
NODE_11100_length_3195_cov_1.72771	gb_AF467947_+_0-861_ARO:3001094_SHV-36	99.419	861	5	0	878	1738	1	861	0.0	1563
NODE_11100_length_3195_cov_1.72771	gb_JX121122_+_0-858_ARO:3001194_SHV-155	99.533	856	4	0	878	1733	1	856	0.0	1559
NODE_11100_length_3195_cov_1.72771	gb_AF301532_+_7-868_ARO:3001087_SHV-29	99.303	861	6	0	878	1738	1	861	0.0	1557
NODE_11100_length_3195_cov_1.72771	gb_AF293345_+_0-861_ARO:3001085_SHV-27	99.303	861	6	0	878	1738	1	861	0.0	1557
NODE_11100_length_3195_cov_1.72771	gb_AF299299_+_0-861_ARO:3001086_SHV-28	99.303	861	6	0	878	1738	1	861	0.0	1557
NODE_11100_length_3195_cov_1.72771	gb_HQ877615_+_0-861_ARO:3001159_SHV-110	99.303	861	6	0	878	1738	1	861	0.0	1557
NODE_11100_length_3195_cov_1.72771	gb_AB302939_+_8-869_ARO:3001115_SHV-60	99.303	861	6	0	878	1738	1	861	0.0	1557
NODE_11100_length_3195_cov_1.72771	gb_AM176556_+_25-886_ARO:3001135_SHV-81	99.303	861	6	0	878	1738	1	861	0.0	1557
NODE_11100_length_3195_cov_1.72771	gb_KJ776406_+_16-877_ARO:3001340_SHV-119	99.303	861	6	0	878	1738	1	861	0.0	1557
NODE_11100_length_3195_cov_1.72771	gb_AY790341_+_0-861_ARO:3001114_SHV-59	99.303	861	6	0	878	1738	1	861	0.0	1557
NODE_11100_length_3195_cov_1.72771	gb_AM176546_+_0-861_ARO:3001125_SHV-71	99.303	861	6	0	878	1738	1	861	0.0	1557
NODE_11100_length_3195_cov_1.72771	gb_EU032604_+_0-861_ARO:3001152_SHV-103	99.303	861	6	0	878	1738	1	861	0.0	1557
NODE_11100_length_3195_cov_1.72771	gb_AM176551_+_30-891_ARO:3001130_SHV-76	99.303	861	6	0	878	1738	1	861	0.0	1557
NODE_11100_length_3195_cov_1.72771	gb_FJ668814_+_76-937_ARO:3001059_SHV-1	99.303	861	6	0	878	1738	1	861	0.0	1557
NODE_11100_length_3195_cov_1.72771	gb_AM176552_+_30-891_ARO:3001131_SHV-77	99.303	861	6	0	878	1738	1	861	0.0	1557
NODE_11100_length_3195_cov_1.72771	gb_JQ388884_+_0-861_ARO:3001183_SHV-141	99.303	861	6	0	878	1738	1	861	0.0	1557
NODE_11100_length_3195_cov_1.72771	gb_KF513177_+_0-861_ARO:3001356_SHV-172	99.303	861	6	0	878	1738	1	861	0.0	1557
NODE_11100_length_3195_cov_1.72771	gb_AM176557_+_0-861_ARO:3001136_SHV-82	99.303	861	6	0	878	1738	1	861	0.0	1557
NODE_11100_length_3195_cov_1.72771	gb_JX121123_+_0-861_ARO:3001195_SHV-156	99.303	861	6	0	878	1738	1	861	0.0	1557
NODE_11100_length_3195_cov_1.72771	gb_HE981194_+_0-861_ARO:3001347_SHV-164	99.303	861	6	0	878	1738	1	861	0.0	1557
NODE_11100_length_3195_cov_1.72771	gb_HQ661362_+_71-932_ARO:3001168_SHV-121	99.303	861	6	0	878	1738	1	861	0.0	1557
NODE_11100_length_3195_cov_1.72771	gb_AJ866284_+_0-861_ARO:3001116_SHV-61	99.303	861	6	0	878	1738	1	861	0.0	1557
NODE_11100_length_3195_cov_1.72771	gb_KP050489_+_0-861_ARO:3001364_SHV-182	99.303	861	6	0	878	1738	1	861	0.0	1557
NODE_11100_length_3195_cov_1.72771	gb_JN051143_+_0-861_ARO:3001182_SHV-140	99.302	859	6	0	880	1738	3	861	0.0	1554
NODE_11100_length_3195_cov_1.72771	gb_NG_050068_+_100-961_ARO:3001062_SHV-3	99.187	861	7	0	878	1738	1	861	0.0	1552
NODE_11100_length_3195_cov_1.72771	gb_KF705208_+_0-861_ARO:3001362_SHV-179	99.187	861	7	0	878	1738	1	861	0.0	1552
NODE_11100_length_3195_cov_1.72771	gb_JX013655_+_0-861_ARO:3001185_SHV-145	99.187	861	7	0	878	1738	1	861	0.0	1552
NODE_11100_length_3195_cov_1.72771	gb_KP050494_+_0-861_ARO:3003156_SHV-189	99.187	861	7	0	878	1738	1	861	0.0	1552
NODE_11100_length_3195_cov_1.72771	gb_AM941844_+_0-861_ARO:3001336_SHV-98	99.187	861	7	0	878	1738	1	861	0.0	1552
NODE_11100_length_3195_cov_1.72771	gb_JX121127_+_0-861_ARO:3001199_SHV-160	99.187	861	7	0	878	1738	1	861	0.0	1552
NODE_11100_length_3195_cov_1.72771	gb_JX121126_+_0-858_ARO:3001198_SHV-159	99.301	858	6	0	878	1735	1	858	0.0	1552
NODE_11100_length_3195_cov_1.72771	gb_EF373972_+_0-861_ARO:3001147_SHV-95	99.187	861	7	0	878	1738	1	861	0.0	1552
NODE_11100_length_3195_cov_1.72771	gb_X98102_+_73-934_ARO:3001061_SHV-2A	99.187	861	7	0	878	1738	1	861	0.0	1552
NODE_11100_length_3195_cov_1.72771	gb_JQ341060.1_-_881-1742_ARO:3001344_SHV-143	99.187	861	7	0	878	1738	1	861	0.0	1552
NODE_11100_length_3195_cov_1.72771	gb_AY289548_+_0-861_ARO:3001108_SHV-51	99.187	861	7	0	878	1738	1	861	0.0	1552
NODE_11100_length_3195_cov_1.72771	gb_AM941848_+_0-861_ARO:3001156_SHV-107	99.187	861	7	0	878	1738	1	861	0.0	1552
NODE_11100_length_3195_cov_1.72771	gb_HQ637576_+_0-861_ARO:3001179_SHV-135	99.187	861	7	0	878	1738	1	861	0.0	1552
NODE_11100_length_3195_cov_1.72771	gb_EU342351_+_172-1033_ARO:3001118_SHV-63	99.187	861	7	0	878	1738	1	861	0.0	1552
NODE_11100_length_3195_cov_1.72771	gb_AF227204_+_73-934_ARO:3001084_SHV-26	99.187	861	7	0	878	1738	1	861	0.0	1552
NODE_11100_length_3195_cov_1.72771	gb_KF513178_+_0-861_ARO:3001357_SHV-173	99.187	861	7	0	878	1738	1	861	0.0	1552
NODE_11100_length_3195_cov_1.72771	gb_JX870080_+_0-861_ARO:3001352_SHV-168	99.187	861	7	0	878	1738	1	861	0.0	1552
NODE_11100_length_3195_cov_1.72771	gb_JX121125_+_0-858_ARO:3001197_SHV-158	99.301	858	6	0	878	1735	1	858	0.0	1552
NODE_11100_length_3195_cov_1.72771	gb_AM176549_+_30-891_ARO:3001128_SHV-74	99.187	861	7	0	878	1738	1	861	0.0	1552
NODE_11100_length_3195_cov_1.72771	gb_HM559945_+_0-861_ARO:3001178_SHV-134	99.187	861	7	0	878	1738	1	861	0.0	1552
NODE_11100_length_3195_cov_1.72771	gb_DQ174306_+_4-865_ARO:3001121_SHV-66	99.187	861	7	0	878	1738	1	861	0.0	1552
NODE_11100_length_3195_cov_1.72771	gb_EF373969_+_0-861_ARO:3001145_SHV-93	99.187	861	7	0	878	1738	1	861	0.0	1552
NODE_11100_length_3195_cov_1.72771	gb_JX121128_+_0-861_ARO:3001200_SHV-161	99.187	861	7	0	878	1738	1	861	0.0	1552
NODE_11100_length_3195_cov_1.72771	gb_JX121117_+_0-858_ARO:3001189_SHV-150	99.301	858	6	0	878	1735	1	858	0.0	1552
NODE_11100_length_3195_cov_1.72771	gb_EF373973_+_0-861_ARO:3001149_SHV-97	99.187	861	7	0	878	1738	1	861	0.0	1552
NODE_11100_length_3195_cov_1.72771	gb_AM176547_+_30-891_ARO:3001126_SHV-72	99.187	861	7	0	878	1738	1	861	0.0	1552
NODE_11100_length_3195_cov_1.72771	gb_JQ029959_+_28-889_ARO:3001184_SHV-142	99.187	861	7	0	878	1738	1	861	0.0	1552
NODE_11100_length_3195_cov_1.72771	gb_AY661885_+_48-909_ARO:3001088_SHV-30	99.187	861	7	0	878	1738	1	861	0.0	1552
NODE_11100_length_3195_cov_1.72771	gb_AM176550_+_30-891_ARO:3001129_SHV-75	99.187	861	7	0	878	1738	1	861	0.0	1552
NODE_11100_length_3195_cov_1.72771	gb_DQ174307_+_4-865_ARO:3001122_SHV-67	99.187	861	7	0	878	1738	1	861	0.0	1552
NODE_11100_length_3195_cov_1.72771	gb_AM176553_+_30-891_ARO:3001132_SHV-78	99.187	861	7	0	878	1738	1	861	0.0	1552
NODE_11100_length_3195_cov_1.72771	gb_AY037778_+_91-952_ARO:3001090_SHV-32	99.187	861	7	0	878	1738	1	861	0.0	1552
NODE_11100_length_3195_cov_1.72771	gb_EU155018_+_0-861_ARO:3001150_SHV-101	99.187	861	7	0	878	1738	1	861	0.0	1552
NODE_11100_length_3195_cov_1.72771	gb_DQ836922_+_0-861_ARO:3001144_SHV-92	99.187	861	7	0	878	1738	1	861	0.0	1552
NODE_11100_length_3195_cov_1.72771	gb_AF535130_+_0-861_ARO:3001100_SHV-42	99.187	861	7	0	878	1738	1	861	0.0	1552
NODE_11100_length_3195_cov_1.72771	gb_EU274581_+_0-861_ARO:3001153_SHV-104	99.186	860	7	0	879	1738	2	861	0.0	1550
NODE_11100_length_3195_cov_1.72771	gb_JX121130_+_0-858_ARO:3001202_SHV-163	99.299	856	6	0	878	1733	1	856	0.0	1548
NODE_11100_length_3195_cov_1.72771	gb_JX121115_+_0-858_ARO:3001187_SHV-148	99.299	856	6	0	878	1733	1	856	0.0	1548
NODE_11100_length_3195_cov_1.72771	gb_U20270_+_124-985_ARO:3001066_SHV-7	99.071	861	8	0	878	1738	1	861	0.0	1546
NODE_11100_length_3195_cov_1.72771	gb_AY288915_+_0-861_ARO:3001107_SHV-50	99.071	861	8	0	878	1738	1	861	0.0	1546
NODE_11100_length_3195_cov_1.72771	gb_JF812965_+_0-861_ARO:3001167_SHV-120	99.071	861	8	0	878	1738	1	861	0.0	1546
NODE_11100_length_3195_cov_1.72771	gb_JX121118_+_0-858_ARO:3001190_SHV-151	99.184	858	7	0	878	1735	1	858	0.0	1546
NODE_11100_length_3195_cov_1.72771	gb_DQ328802_+_0-861_ARO:3001140_SHV-86	99.071	861	8	0	878	1738	1	861	0.0	1546
NODE_11100_length_3195_cov_1.72771	gb_DQ174305_+_4-865_ARO:3001120_SHV-65	99.071	861	8	0	878	1738	1	861	0.0	1546
NODE_11100_length_3195_cov_1.72771	gb_AY036620_+_88-949_ARO:3001092_SHV-34	99.071	861	8	0	878	1738	1	861	0.0	1546
NODE_11100_length_3195_cov_1.72771	gb_EU418913_+_16-877_ARO:3001158_SHV-109	99.071	861	8	0	878	1738	1	861	0.0	1546
NODE_11100_length_3195_cov_1.72771	gb_AF148851_+_5-866_ARO:3001060_SHV-2	99.071	861	8	0	878	1738	1	861	0.0	1546
NODE_11100_length_3195_cov_1.72771	gb_KM233165_+_0-861_ARO:3003153_SHV-186	99.071	861	8	0	878	1738	1	861	0.0	1546
NODE_11100_length_3195_cov_1.72771	gb_AM941847_+_0-861_ARO:3001155_SHV-106	99.071	861	8	0	878	1738	1	861	0.0	1546
NODE_11100_length_3195_cov_1.72771	gb_AY223863_+_170-1031_ARO:3001113_SHV-57	99.071	861	8	0	878	1738	1	861	0.0	1546
NODE_11100_length_3195_cov_1.72771	gb_AF467948_+_0-861_ARO:3001095_SHV-37	99.071	861	8	0	878	1738	1	861	0.0	1546
NODE_11100_length_3195_cov_1.72771	gb_AY528718_+_413-1274_ARO:3001106_SHV-49	99.071	861	8	0	878	1738	1	861	0.0	1546
NODE_11100_length_3195_cov_1.72771	gb_AB551737_+_14-875_ARO:3001177_SHV-133	99.071	861	8	0	878	1738	1	861	0.0	1546
NODE_11100_length_3195_cov_1.72771	gb_U92041_+_0-861_ARO:3001067_SHV-8	99.071	861	8	0	878	1738	1	861	0.0	1546
NODE_11100_length_3195_cov_1.72771	gb_AJ011428_+_0-861_ARO:3001074_SHV-15	99.071	861	8	0	878	1738	1	861	0.0	1546
NODE_11100_length_3195_cov_1.72771	gb_LN515534_+_0-873_ARO:3003155_SHV-188	98.740	873	5	1	872	1738	1	873	0.0	1546
NODE_11100_length_3195_cov_1.72771	gb_KP050487.1_+_0-861_ARO:3001350_SHV-180	99.071	861	8	0	878	1738	1	861	0.0	1546
NODE_11100_length_3195_cov_1.72771	gb_HQ661363_+_71-932_ARO:3001181_SHV-137	99.071	861	8	0	878	1738	1	861	0.0	1546
NODE_11100_length_3195_cov_1.72771	gb_DQ174304_+_4-865_ARO:3001119_SHV-64	99.071	861	8	0	878	1738	1	861	0.0	1546
NODE_11100_length_3195_cov_1.72771	gb_AF132290_+_87-948_ARO:3001076_SHV-18	99.071	861	8	0	878	1738	1	861	0.0	1546
NODE_11100_length_3195_cov_1.72771	gb_AB023477_+_0-861_ARO:3001082_SHV-24	99.071	861	8	0	878	1738	1	861	0.0	1546
NODE_11100_length_3195_cov_1.72771	gb_HQ845196_+_0-861_ARO:3001109_SHV-52	99.071	861	8	0	878	1738	1	861	0.0	1546
NODE_11100_length_3195_cov_1.72771	gb_HG934764_+_0-864_ARO:3001351_SHV-183	98.958	864	6	1	878	1738	1	864	0.0	1543
NODE_11100_length_3195_cov_1.72771	gb_X55640_+_111-972_ARO:3001064_SHV-5	98.955	861	9	0	878	1738	1	861	0.0	1541
NODE_11100_length_3195_cov_1.72771	gb_JX121121_+_0-858_ARO:3001193_SHV-154	99.068	858	8	0	878	1735	1	858	0.0	1541
NODE_11100_length_3195_cov_1.72771	gb_AF547625_+_0-861_ARO:3001103_SHV-45	98.955	861	9	0	878	1738	1	861	0.0	1541
NODE_11100_length_3195_cov_1.72771	gb_AY263404_+_0-861_ARO:3001105_SHV-48	98.955	861	9	0	878	1738	1	861	0.0	1541
NODE_11100_length_3195_cov_1.72771	gb_JX121114_+_0-858_ARO:3001186_SHV-147	99.068	858	8	0	878	1735	1	858	0.0	1541
NODE_11100_length_3195_cov_1.72771	gb_AJ863560_+_0-861_ARO:3001111_SHV-55	98.955	861	9	0	878	1738	1	861	0.0	1541
NODE_11100_length_3195_cov_1.72771	gb_AY065991_+_6-867_ARO:3001101_SHV-43	98.955	861	9	0	878	1738	1	861	0.0	1541
NODE_11100_length_3195_cov_1.72771	gb_EU024485_+_0-861_ARO:3001151_SHV-102	98.955	861	9	0	878	1738	1	861	0.0	1541
NODE_11100_length_3195_cov_1.72771	gb_GU827715_+_0-861_ARO:3001176_SHV-129	98.955	861	9	0	878	1738	1	861	0.0	1541
NODE_11100_length_3195_cov_1.72771	gb_JX121129_+_0-858_ARO:3001201_SHV-162	99.068	858	8	0	878	1735	1	858	0.0	1541
NODE_11100_length_3195_cov_1.72771	gb_FJ194944_+_46-907_ARO:3001154_SHV-105	98.955	861	9	0	878	1738	1	861	0.0	1541
NODE_11100_length_3195_cov_1.72771	gb_AF535129_+_0-861_ARO:3001099_SHV-41	98.955	861	9	0	878	1738	1	861	0.0	1541
NODE_11100_length_3195_cov_1.72771	gb_AM176548_+_16-874_ARO:3001127_SHV-73	99.179	853	7	0	886	1738	6	858	0.0	1537
NODE_11100_length_3195_cov_1.72771	gb_JX121116_+_0-858_ARO:3001188_SHV-149	98.951	858	9	0	878	1735	1	858	0.0	1535
NODE_11100_length_3195_cov_1.72771	gb_JX121120_+_0-858_ARO:3001192_SHV-153	98.951	858	9	0	878	1735	1	858	0.0	1535
NODE_11100_length_3195_cov_1.72771	gb_JX121119_+_0-858_ARO:3001191_SHV-152	98.951	858	9	0	878	1735	1	858	0.0	1535
NODE_11100_length_3195_cov_1.72771	gb_JX121131_+_0-858_ARO:3001203_SHV-165	98.834	858	10	0	878	1735	1	858	0.0	1530
NODE_11100_length_3195_cov_1.72771	gb_AY210887_+_111-972_ARO:3001104_SHV-46	98.722	861	11	0	878	1738	1	861	0.0	1530
NODE_11100_length_3195_cov_1.72771	gb_GU932590_+_0-861_ARO:3001175_SHV-128	98.722	861	11	0	878	1738	1	861	0.0	1530
NODE_11100_length_3195_cov_1.72771	gb_AB733453_+_3-849_ARO:3001204_SHV-167	99.173	846	7	0	878	1723	1	846	0.0	1524
NODE_11100_length_3195_cov_1.72771	gb_AJ920369_+_23-860_ARO:3001071_SHV-12	99.283	837	6	0	878	1714	1	837	0.0	1513
NODE_11100_length_3195_cov_1.72771	gb_S82452_+_120-978_ARO:3001068_SHV-9	97.909	861	15	1	878	1738	1	858	0.0	1487
NODE_11100_length_3195_cov_1.72771	gb_AM087453_+_25-856_ARO:3001138_SHV-84	98.917	831	9	0	878	1708	1	831	0.0	1485
NODE_11100_length_3195_cov_1.72771	gb_AF072684_+_117-993_ARO:3001075_SHV-16	97.263	877	7	3	878	1738	1	876	0.0	1471
NODE_11100_length_3195_cov_1.72771	gb_GQ390808_+_0-813_ARO:3001173_SHV-126	99.016	813	8	0	878	1690	1	813	0.0	1458
NODE_11100_length_3195_cov_1.72771	gb_GQ390809_+_0-813_ARO:3001174_SHV-127	98.893	813	9	0	878	1690	1	813	0.0	1452
NODE_11100_length_3195_cov_1.72771	gb_GQ390807_+_0-813_ARO:3001172_SHV-125	98.893	813	9	0	878	1690	1	813	0.0	1452
NODE_11100_length_3195_cov_1.72771	gb_GQ390806_+_0-813_ARO:3001171_SHV-124	98.770	813	10	0	878	1690	1	813	0.0	1447
NODE_11100_length_3195_cov_1.72771	gb_GQ390805_+_0-813_ARO:3001170_SHV-123	98.647	813	11	0	878	1690	1	813	0.0	1441
NODE_11100_length_3195_cov_1.72771	gb_AF117743_+_0-780_ARO:3001077_SHV-19	98.974	780	8	0	908	1687	1	780	0.0	1397
NODE_11100_length_3195_cov_1.72771	gb_Y11069_+_0-780_ARO:3001065_SHV-6	98.974	780	8	0	908	1687	1	780	0.0	1397
NODE_11100_length_3195_cov_1.72771	gb_AM941846_+_0-900_ARO:3001338_SHV-100	99.351	770	5	0	969	1738	131	900	0.0	1395
NODE_11100_length_3195_cov_1.72771	gb_AM941846_+_0-900_ARO:3001338_SHV-100	98.496	133	2	0	878	1010	1	133	7.62e-62	235
NODE_11100_length_3195_cov_1.72771	gb_AF117744_+_0-780_ARO:3001078_SHV-20	98.846	780	9	0	908	1687	1	780	0.0	1391
NODE_11100_length_3195_cov_1.72771	gb_AF117746_+_0-780_ARO:3001080_SHV-22	98.718	780	10	0	908	1687	1	780	0.0	1386
NODE_11100_length_3195_cov_1.72771	gb_AF117745_+_0-780_ARO:3001079_SHV-21	98.718	780	10	0	908	1687	1	780	0.0	1386
NODE_11100_length_3195_cov_1.72771	gb_AF117747_+_0-780_ARO:3001081_SHV-23	98.590	780	11	0	908	1687	1	780	0.0	1380
NODE_11100_length_3195_cov_1.72771	gb_AY590467_+_0-729_ARO:3001110_SHV-53	99.314	729	5	0	898	1626	1	729	0.0	1319
NODE_11100_length_3195_cov_1.72771	gb_AM850912_+_0-861_ARO:3002469_LEN-22	90.951	862	76	2	878	1738	1	861	0.0	1158
NODE_11100_length_3195_cov_1.72771	gb_AM850909_+_0-861_ARO:3002466_LEN-19	90.951	862	76	2	878	1738	1	861	0.0	1158
NODE_11100_length_3195_cov_1.72771	gb_AY037780_+_88-949_ARO:3002455_LEN-2	90.951	862	76	2	878	1738	1	861	0.0	1158
NODE_11100_length_3195_cov_1.72771	gb_AY633109_+_0-861_ARO:3002456_LEN-5	90.835	862	77	2	878	1738	1	861	0.0	1153
NODE_11100_length_3195_cov_1.72771	gb_AM850910_+_0-861_ARO:3002467_LEN-20	90.835	862	77	2	878	1738	1	861	0.0	1153
NODE_11100_length_3195_cov_1.72771	gb_AM850911_+_0-861_ARO:3002468_LEN-21	90.835	862	77	2	878	1738	1	861	0.0	1153
NODE_11100_length_3195_cov_1.72771	gb_AM850914_+_30-891_ARO:3002471_LEN-24	90.719	862	78	2	878	1738	1	861	0.0	1147
NODE_11100_length_3195_cov_1.72771	gb_AM850908_+_0-861_ARO:3002465_LEN-18	90.719	862	78	2	878	1738	1	861	0.0	1147
NODE_11100_length_3195_cov_1.72771	gb_AY743416_+_67-928_ARO:3002464_LEN-16	90.719	862	78	2	878	1738	1	861	0.0	1147
NODE_11100_length_3195_cov_1.72771	gb_NG_050780.1_+_100-961_ARO:3002459_LEN-9	90.719	862	78	2	878	1738	1	861	0.0	1147
NODE_11100_length_3195_cov_1.72771	gb_NG_049281_+_0-861_ARO:3002474_LEN-26	90.487	862	80	2	878	1738	1	861	0.0	1136
NODE_11100_length_3195_cov_1.72771	gb_AM850913_+_0-861_ARO:3002470_LEN-23	90.487	862	80	2	878	1738	1	861	0.0	1136
NODE_11100_length_3195_cov_1.72771	gb_AF452105_+_0-840_ARO:3002478_LEN-15	90.499	842	77	3	878	1718	1	840	0.0	1109
NODE_11100_length_3195_cov_1.72771	gb_AY130287_+_0-822_ARO:3002472_LEN-4	90.865	821	73	2	900	1719	3	822	0.0	1099
NODE_11100_length_3195_cov_1.72771	gb_X04515_+_285-1125_ARO:3002454_LEN-1	90.261	842	79	3	878	1718	1	840	0.0	1098
NODE_11100_length_3195_cov_1.72771	gb_AY130286_+_0-822_ARO:3002475_LEN-3	90.743	821	74	2	900	1719	3	822	0.0	1094
NODE_11100_length_3195_cov_1.72771	gb_AJ635417_+_0-789_ARO:3002461_LEN-11	90.506	790	73	2	914	1702	1	789	0.0	1042
NODE_11100_length_3195_cov_1.72771	gb_AJ635406_+_0-789_ARO:3002462_LEN-12	90.506	790	73	2	914	1702	1	789	0.0	1042
NODE_11100_length_3195_cov_1.72771	gb_FJ534513_+_0-861_ARO:3002430_OKP-A-13	88.515	862	97	2	878	1738	1	861	0.0	1042
NODE_11100_length_3195_cov_1.72771	gb_AM850915_+_19-880_ARO:3002428_OKP-A-11	88.528	863	95	4	878	1738	1	861	0.0	1042
NODE_11100_length_3195_cov_1.72771	gb_AJ635425_+_0-789_ARO:3002457_LEN-7	90.253	790	75	2	914	1702	1	789	0.0	1031
NODE_11100_length_3195_cov_1.72771	gb_FJ755840_+_0-861_ARO:3002433_OKP-A-16	88.297	863	97	4	878	1738	1	861	0.0	1031
NODE_11100_length_3195_cov_1.72771	gb_AM850919_+_24-885_ARO:3002450_OKP-B-17	88.283	862	99	2	878	1738	1	861	0.0	1031
NODE_11100_length_3195_cov_1.72771	gb_AM850918_+_24-885_ARO:3002438_OKP-B-5	88.283	862	99	2	878	1738	1	861	0.0	1031
NODE_11100_length_3195_cov_1.72771	gb_FJ534512_+_0-861_ARO:3002431_OKP-A-14	88.283	862	99	2	878	1738	1	861	0.0	1031
NODE_11100_length_3195_cov_1.72771	gb_AJ635403_+_0-789_ARO:3002463_LEN-13	90.253	790	75	2	914	1702	1	789	0.0	1031
NODE_11100_length_3195_cov_1.72771	gb_AM850916_+_18-879_ARO:3002429_OKP-A-12	88.297	863	97	4	878	1738	1	861	0.0	1031
NODE_11100_length_3195_cov_1.72771	gb_AJ635401_+_0-861_ARO:3002418_OKP-A-1	88.269	861	99	2	878	1737	1	860	0.0	1029
NODE_11100_length_3195_cov_1.72771	gb_AM051143_+_0-861_ARO:3002422_OKP-A-5	88.283	862	97	4	878	1737	1	860	0.0	1029
NODE_11100_length_3195_cov_1.72771	gb_AM051153_+_0-861_ARO:3002437_OKP-B-4	88.269	861	99	2	878	1737	1	860	0.0	1029
NODE_11100_length_3195_cov_1.72771	gb_AM051140_+_0-861_ARO:3002420_OKP-A-3	88.283	862	97	4	878	1737	1	860	0.0	1029
NODE_11100_length_3195_cov_1.72771	gb_AM850917_+_17-878_ARO:3002439_OKP-B-6	88.167	862	100	2	878	1738	1	861	0.0	1026
NODE_11100_length_3195_cov_1.72771	gb_AJ635419_+_0-789_ARO:3002460_LEN-10	90.127	790	76	2	914	1702	1	789	0.0	1026
NODE_11100_length_3195_cov_1.72771	gb_AM051142_+_0-861_ARO:3002421_OKP-A-4	88.153	861	100	2	878	1737	1	860	0.0	1024
NODE_11100_length_3195_cov_1.72771	gb_AM051147_+_0-861_ARO:3002425_OKP-A-8	88.153	861	100	2	878	1737	1	860	0.0	1024
NODE_11100_length_3195_cov_1.72771	gb_AJ635404_+_0-861_ARO:3002419_OKP-A-2	88.153	861	100	2	878	1737	1	860	0.0	1024
NODE_11100_length_3195_cov_1.72771	gb_AM051148_+_0-861_ARO:3002426_OKP-A-9	88.167	862	98	4	878	1737	1	860	0.0	1024
NODE_11100_length_3195_cov_1.72771	gb_AM051152_+_0-861_ARO:3002436_OKP-B-3	88.153	861	100	2	878	1737	1	860	0.0	1024
NODE_11100_length_3195_cov_1.72771	gb_AM850922_+_24-885_ARO:3002453_OKP-B-20	88.051	862	101	2	878	1738	1	861	0.0	1020
NODE_11100_length_3195_cov_1.72771	gb_AY825330_+_0-861_ARO:3002446_OKP-B-13	88.051	862	101	2	878	1738	1	861	0.0	1020
NODE_11100_length_3195_cov_1.72771	gb_AM051149_+_0-861_ARO:3002427_OKP-A-10	88.051	862	99	4	878	1737	1	860	0.0	1018
NODE_11100_length_3195_cov_1.72771	gb_AM051157_+_0-861_ARO:3002441_OKP-B-8	88.037	861	101	2	878	1737	1	860	0.0	1018
NODE_11100_length_3195_cov_1.72771	gb_AM051151_+_0-861_ARO:3002435_OKP-B-2	88.037	861	101	2	878	1737	1	860	0.0	1018
NODE_11100_length_3195_cov_1.72771	gb_AM051159_+_0-861_ARO:3002442_OKP-B-9	88.037	861	101	2	878	1737	1	860	0.0	1018
NODE_11100_length_3195_cov_1.72771	gb_AM850921_+_24-885_ARO:3002452_OKP-B-19	87.935	862	102	2	878	1738	1	861	0.0	1014
NODE_11100_length_3195_cov_1.72771	gb_AJ635424_+_0-789_ARO:3002458_LEN-8	89.873	790	78	2	914	1702	1	789	0.0	1014
NODE_11100_length_3195_cov_1.72771	gb_AM051144_+_0-861_ARO:3002423_OKP-A-6	87.949	863	98	6	878	1737	1	860	0.0	1013
NODE_11100_length_3195_cov_1.72771	gb_AM051156_+_0-861_ARO:3002440_OKP-B-7	87.921	861	102	2	878	1737	1	860	0.0	1013
NODE_11100_length_3195_cov_1.72771	gb_AJ635402_+_0-861_ARO:3002434_OKP-B-1	87.921	861	102	2	878	1737	1	860	0.0	1013
NODE_11100_length_3195_cov_1.72771	gb_AM051161_+_0-861_ARO:3002444_OKP-B-11	87.819	862	101	4	878	1737	1	860	0.0	1007
NODE_11100_length_3195_cov_1.72771	gb_AM850920_+_40-901_ARO:3002451_OKP-B-18	87.703	862	104	2	878	1738	1	861	0.0	1003
NODE_11100_length_3195_cov_1.72771	gb_AM051146_+_0-861_ARO:3002424_OKP-A-7	87.703	862	102	4	878	1737	1	860	0.0	1002
NODE_11100_length_3195_cov_1.72771	gb_AM051160_+_0-861_ARO:3002443_OKP-B-10	87.689	861	104	2	878	1737	1	860	0.0	1002
NODE_11100_length_3195_cov_1.72771	gb_FJ755841_+_0-846_ARO:3002432_OKP-A-15	86.775	862	97	11	878	1738	1	846	0.0	944
NODE_11100_length_3195_cov_1.72771	gb_AJ635420_+_0-789_ARO:3002445_OKP-B-12	87.595	790	94	4	915	1702	2	789	0.0	913
NODE_11100_length_3195_cov_1.72771	gb_AY265890_+_0-472_ARO:3002476_LEN-6	91.507	471	40	0	899	1369	1	471	0.0	649
NODE_11100_length_3195_cov_1.72771	gb_AY265889_+_0-458_ARO:3002477_LEN-14	90.830	458	42	0	903	1360	1	458	8.37e-176	614
NODE_11100_length_3195_cov_1.72771	gb_EU477409_+_0-308_ARO:3001161_SHV-112	98.706	309	4	0	1357	1665	1	309	2.39e-156	549
NODE_11100_length_3195_cov_1.72771	gb_AY150585_+_0-285_ARO:3001097_SHV-39	98.936	282	3	0	1379	1660	1	282	5.26e-143	505
NODE_11125_length_3187_cov_2.65741	gb_AP009048.1_-_4153663-4154296_ARO:3000518_CRP	88.152	633	75	0	2010	2642	1	633	0.0	754
NODE_11135_length_3185_cov_3.72652	gb_U00096_+_2158385-2161463_ARO:3000794_mdtC	82.750	3084	520	12	105	3182	3078	1	0.0	2737
NODE_11135_length_3185_cov_3.72652	gb_AB219523.1_+_1175-4286_ARO:3003705_mexN	73.363	443	100	13	165	598	3036	2603	1.02e-35	148
NODE_11193_length_3167_cov_25.7388	gb_NC_000913.3_-_2306971-2308615_ARO:3003952_yojI	100.000	1230	0	0	1938	3167	1644	415	0.0	2272
NODE_11330_length_3126_cov_1.83556	gb_NC_000913.3_-_2306971-2308615_ARO:3003952_yojI	76.893	1519	326	21	1619	3123	1640	133	0.0	837
NODE_11331_length_3126_cov_1.74275	gb_U00096_+_2155262-2158385_ARO:3000793_mdtB	80.336	1902	366	8	13	1910	3075	1178	0.0	1434
NODE_11331_length_3126_cov_1.74275	gb_U00096_+_2158385-2161463_ARO:3000794_mdtC	80.287	1461	280	8	1604	3060	1457	1	0.0	1096
NODE_11331_length_3126_cov_1.74275	gb_NC_002516.2_-_2850882-2854014_ARO:3004074_MuxB	74.120	2187	470	79	13	2151	3048	910	0.0	815
NODE_11331_length_3126_cov_1.74275	gb_NC_002516.2_-_2847775-2850886_ARO:3004075_MuxC	73.214	1400	328	39	1601	2973	1466	87	8.73e-131	464
NODE_11331_length_3126_cov_1.74275	gb_AB219523.1_+_1175-4286_ARO:3003705_mexN	73.574	333	76	12	2635	2961	438	112	2.82e-26	117
NODE_11492_length_3077_cov_22.6585	gb_D78168_+_1591-3130_ARO:3000254_emrY	99.929	1406	1	0	1672	3077	1539	134	0.0	2591
NODE_11635_length_3040_cov_2.37119	gb_NC_007779_+_2586250-2589364_ARO:3000491_acrD	81.634	1628	287	12	9	1630	1622	1	0.0	1339
NODE_11635_length_3040_cov_2.37119	gb_AJ252200_+_1278-4401_ARO:3003056_smeE	74.533	1339	297	40	134	1450	1497	181	1.06e-154	544
NODE_11635_length_3040_cov_2.37119	gb_L11616_+_1569-4710_ARO:3000378_MexB	75.320	1094	225	38	81	1150	1553	481	2.34e-136	483
NODE_11635_length_3040_cov_2.37119	gb_NC_000913.3_-_481253-484403_ARO:3000216_acrB	77.148	582	120	9	79	652	1555	979	4.18e-89	326
NODE_11635_length_3040_cov_2.37119	gb_AB015853_+_1330-4471_ARO:3003033_mexY	77.525	396	83	6	221	613	1407	1015	2.61e-61	233
NODE_11635_length_3040_cov_2.37119	gb_U00096_+_3660413-3663527_ARO:3000796_mdtF	75.161	467	104	11	147	607	1484	1024	4.39e-54	209
NODE_11635_length_3040_cov_2.37119	gb_U57969_+_1485-4617_ARO:3000801_MexD	79.116	249	44	7	360	604	1277	1033	9.64e-41	165
NODE_11635_length_3040_cov_2.37119	gb_NC_002516_+_2810008-2813197_ARO:3000804_MexF	76.016	246	51	7	372	613	1268	1027	2.12e-27	121
NODE_11635_length_3040_cov_2.37119	gb_NC_010378.1_+_47850-51003_ARO:3003923_oqxB	74.793	242	49	11	378	613	1262	1027	9.92e-21	99.0
NODE_12282_length_2874_cov_3.49166	gb_NC_000913.3_+_966620-968369_ARO:3003950_msbA	94.595	37	2	0	1005	1041	1439	1475	1.59e-08	58.4
NODE_12566_length_2817_cov_2.61694	gb_NC_002695.1_-_4903561-4904935_ARO:3000830_cpxA	81.905	1365	245	2	718	2081	1	1364	0.0	1151
NODE_12827_length_2764_cov_25.0746	gb_JN086160_-_1582-2407_ARO:3001777_OXA-347	99.879	825	1	0	876	1700	1	825	0.0	1519
NODE_12827_length_2764_cov_25.0746	gb_M17124_+_1181-1982_ARO:3000498_ErmF	99.376	801	5	0	1903	2703	801	1	0.0	1452
NODE_12827_length_2764_cov_25.0746	gb_JF268688.1_-_5407-6232_ARO:3001809_OXA-209	83.787	734	107	12	973	1700	98	825	0.0	686
NODE_12827_length_2764_cov_25.0746	gb_AF319779.2_+_32-833_ARO:3000604_Erm(35)	78.643	796	166	3	1910	2703	794	1	3.49e-149	525
NODE_13187_length_2696_cov_35.0886	gb_AJ295238.3_+_163-2083_ARO:3000196_tet32	87.715	1921	216	19	287	2197	1	1911	0.0	2222
NODE_13198_length_2693_cov_9.54549	gb_AF242872_+_2131-2878_ARO:3000375_ErmB	100.000	42	0	0	2652	2693	1	42	1.14e-14	78.7
NODE_13371_length_2660_cov_14.6917	gb_AF235050.4_+_38028-40140_ARO:3003318_Streptomyces	76.071	280	55	9	2357	2630	85	358	6.61e-32	135
NODE_14005_length_2552_cov_233.789	gb_Z21523_+_0-1974_ARO:3000191_tetQ	97.230	1733	48	0	820	2552	1974	242	0.0	2935
NODE_14491_length_2475_cov_2.9405	gb_U00096_+_3415032-3418137_ARO:3000502_acrF	76.289	97	23	0	2282	2378	1150	1246	6.36e-07	52.8
NODE_15482_length_2332_cov_165.412	gb_EU434751_+_658-2578_ARO:3000194_tetW	100.000	177	0	0	1	177	1744	1920	8.89e-90	327
NODE_15698_length_2300_cov_7.81292	gb_JQ740052_+_2108-3329_ARO:3000567_tet(40)	100.000	39	0	0	2262	2300	1	39	4.54e-13	73.1
NODE_15883_length_2275_cov_1.90766	gb_M64090_+_0-735_ARO:3000595_ErmT	99.320	735	5	0	1026	1760	735	1	0.0	1330
NODE_15883_length_2275_cov_1.90766	gb_AB014481_+_0-735_ARO:3002825_ErmY	81.284	732	133	3	1031	1760	730	1	1.00e-168	590
NODE_15883_length_2275_cov_1.90766	gb_M12730_+_779-1514_ARO:3000250_ErmC	81.114	736	127	10	1031	1760	730	1	2.17e-165	579
NODE_16047_length_2252_cov_2.42421	gb_FJ768952_+_0-1488_ARO:3000237_tolC	78.921	1409	276	15	757	2153	1	1400	0.0	937
NODE_16160_length_2238_cov_41.7219	gb_NC_005024_+_42504-43944_ARO:3002597_AAC(6')-Ie-APH(2'')-Ia	100.000	1440	0	0	723	2162	1	1440	0.0	2660
NODE_16160_length_2238_cov_41.7219	gb_AY701528.1_+_9695-10589_ARO:3004191_APH(2'')-If	80.843	830	149	9	1326	2150	43	867	0.0	643
NODE_16421_length_2203_cov_2.12756	gb_X63451_+_0-1653_ARO:3002828_srmB	94.444	36	2	0	1542	1577	1464	1499	4.37e-08	56.5
NODE_17179_length_2113_cov_5.655	gb_NC_002695.1_-_4903561-4904935_ARO:3000830_cpxA	83.172	1034	174	0	1078	2111	1	1034	0.0	946
NODE_19053_length_1926_cov_34.511	gb_AY055428.1_-_20268-21084_ARO:3000412_sul2	100.000	816	0	0	893	1708	816	1	0.0	1507
NODE_19651_length_1875_cov_1.75714	gb_L11616_+_1569-4710_ARO:3000378_MexB	73.091	550	120	24	5	540	2804	2269	1.27e-42	171
NODE_19684_length_1872_cov_233.757	gb_EU434751_+_658-2578_ARO:3000194_tetW	99.944	1798	1	0	75	1872	1	1798	0.0	3315
NODE_19684_length_1872_cov_233.757	gb_KU736867.1_+_19653-21573_ARO:3004442_tet(W/N/W)	96.774	1798	58	0	75	1872	1	1798	0.0	3000
NODE_19993_length_1848_cov_2.60736	gb_KU736867.1_+_19653-21573_ARO:3004442_tet(W/N/W)	94.118	68	4	0	1779	1846	1920	1853	1.29e-22	104
NODE_19993_length_1848_cov_2.60736	gb_EU434751_+_658-2578_ARO:3000194_tetW	96.774	62	0	2	1788	1848	1911	1851	4.64e-22	102
NODE_22112_length_1693_cov_36.8895	gb_KP050492_+_0-861_ARO:3001392_TEM-215	99.884	861	1	0	631	1491	1	861	0.0	1585
NODE_22112_length_1693_cov_36.8895	gb_AF516720_+_214-1075_ARO:3000968_TEM-105	99.884	861	1	0	631	1491	1	861	0.0	1585
NODE_22112_length_1693_cov_36.8895	gb_AF190694_+_208-1069_ARO:3000942_TEM-76	99.884	861	1	0	631	1491	1	861	0.0	1585
NODE_22112_length_1693_cov_36.8895	gb_KC865667_+_183-1044_ARO:3001385_TEM-208	99.884	861	1	0	631	1491	1	861	0.0	1585
NODE_22112_length_1693_cov_36.8895	gb_AF188199_+_214-1075_ARO:3000936_TEM-70	99.884	861	1	0	631	1491	1	861	0.0	1585
NODE_22112_length_1693_cov_36.8895	gb_AY368236_+_0-861_ARO:3000989_TEM-127	99.884	861	1	0	631	1491	1	861	0.0	1585
NODE_22112_length_1693_cov_36.8895	gb_AJ634602.1_-_7839-8700_ARO:3000999_TEM-135	99.884	861	1	0	631	1491	1	861	0.0	1585
NODE_22112_length_1693_cov_36.8895	gb_DQ075245_+_217-1078_ARO:3001006_TEM-143	99.884	861	1	0	631	1491	1	861	0.0	1585
NODE_22112_length_1693_cov_36.8895	gb_JN227084_+_308-1169_ARO:3001046_TEM-186	99.884	861	1	0	631	1491	1	861	0.0	1585
NODE_22112_length_1693_cov_36.8895	gb_HG934763_+_0-861_ARO:3001394_TEM-217	99.884	861	1	0	631	1491	1	861	0.0	1585
NODE_22112_length_1693_cov_36.8895	gb_AJ437107_+_208-1069_ARO:3000900_TEM-30	99.884	861	1	0	631	1491	1	861	0.0	1585
NODE_22112_length_1693_cov_36.8895	gb_AJ308558_+_181-1042_ARO:3000962_TEM-95	99.884	861	1	0	631	1491	1	861	0.0	1585
NODE_22112_length_1693_cov_36.8895	gb_AY368237_+_0-861_ARO:3000990_TEM-128	99.884	861	1	0	631	1491	1	861	0.0	1585
NODE_22112_length_1693_cov_36.8895	gb_GU371926_-_50304-51165_ARO:3000903_TEM-33	99.884	861	1	0	631	1491	1	861	0.0	1585
NODE_22112_length_1693_cov_36.8895	gb_KP050491_+_0-861_ARO:3001391_TEM-214	99.884	861	1	0	631	1491	1	861	0.0	1585
NODE_22112_length_1693_cov_36.8895	gb_AL513383_+_161910-162771_ARO:3000873_TEM-1	99.884	861	1	0	631	1491	1	861	0.0	1585
NODE_22112_length_1693_cov_36.8895	gb_FJ197316_+_0-861_ARO:3001032_TEM-166	99.884	861	1	0	631	1491	1	861	0.0	1585
NODE_22112_length_1693_cov_36.8895	gb_AM087454_+_208-1069_ARO:3001015_TEM-148	99.884	861	1	0	631	1491	1	861	0.0	1585
NODE_22112_length_1693_cov_36.8895	gb_GU550123_+_144-1005_ARO:3001041_TEM-176	99.884	861	1	0	631	1491	1	861	0.0	1585
NODE_22112_length_1693_cov_36.8895	gb_KC818234_+_0-861_ARO:3001384_TEM-207	99.884	861	1	0	631	1491	1	861	0.0	1585
NODE_22112_length_1693_cov_36.8895	gb_KC783461_+_0-861_ARO:3001383_TEM-206	99.884	861	1	0	631	1491	1	861	0.0	1585
NODE_22112_length_1693_cov_36.8895	gb_AB700703_+_161-1022_ARO:3001057_TEM-198	99.884	861	1	0	631	1491	1	861	0.0	1585
NODE_22112_length_1693_cov_36.8895	gb_KC292503_+_4334-5195_ARO:3000904_TEM-34	99.884	861	1	0	631	1491	1	861	0.0	1585
NODE_22112_length_1693_cov_36.8895	gb_KM998962.1_+_0-861_ARO:3003158_TEM-220	99.768	861	2	0	631	1491	1	861	0.0	1580
NODE_22112_length_1693_cov_36.8895	gb_JQ034306_+_0-861_ARO:3001376_TEM-196	99.768	861	2	0	631	1491	1	861	0.0	1580
NODE_22112_length_1693_cov_36.8895	gb_FJ405211_+_0-861_ARO:3000926_TEM-57	99.768	861	2	0	631	1491	1	861	0.0	1580
NODE_22112_length_1693_cov_36.8895	gb_EU274580_+_214-1075_ARO:3001030_TEM-164	99.768	861	2	0	631	1491	1	861	0.0	1580
NODE_22112_length_1693_cov_36.8895	gb_KF944358_+_0-861_ARO:3001393_TEM-216	99.768	861	2	0	631	1491	1	861	0.0	1580
NODE_22112_length_1693_cov_36.8895	gb_AM849805_+_262-1123_ARO:3000886_TEM-15	99.768	861	2	0	631	1491	1	861	0.0	1580
NODE_22112_length_1693_cov_36.8895	gb_AY956335_+_38-899_ARO:3001004_TEM-141	99.768	861	2	0	631	1491	1	861	0.0	1580
NODE_22112_length_1693_cov_36.8895	gb_AF516719_+_214-1075_ARO:3000967_TEM-104	99.768	861	2	0	631	1491	1	861	0.0	1580
NODE_22112_length_1693_cov_36.8895	gb_AM049399_+_0-861_ARO:3001007_TEM-144	99.768	861	2	0	631	1491	1	861	0.0	1580
NODE_22112_length_1693_cov_36.8895	gb_AF190692_+_208-1069_ARO:3000946_TEM-79	99.768	861	2	0	631	1491	1	861	0.0	1580
NODE_22112_length_1693_cov_36.8895	gb_U37195_+_75-936_ARO:3000898_TEM-28	99.768	861	2	0	631	1491	1	861	0.0	1580
NODE_22112_length_1693_cov_36.8895	gb_KF240808_+_0-861_ARO:3001386_TEM-209	99.768	861	2	0	631	1491	1	861	0.0	1580
NODE_22112_length_1693_cov_36.8895	gb_DQ286729_+_0-861_ARO:3000924_TEM-55	99.768	861	2	0	631	1491	1	861	0.0	1580
NODE_22112_length_1693_cov_36.8895	gb_AF093512_+_197-1058_ARO:3000882_TEM-10	99.768	861	2	0	631	1491	1	861	0.0	1580
NODE_22112_length_1693_cov_36.8895	gb_JX310327_+_0-861_ARO:3001378_TEM-201	99.768	861	2	0	631	1491	1	861	0.0	1580
NODE_22112_length_1693_cov_36.8895	gb_AY101578_+_214-1075_ARO:3000969_TEM-106	99.768	861	2	0	631	1491	1	861	0.0	1580
NODE_22112_length_1693_cov_36.8895	gb_AY307100_+_0-861_ARO:3000984_TEM-122	99.768	861	2	0	631	1491	1	861	0.0	1580
NODE_22112_length_1693_cov_36.8895	gb_AY628199_+_203-1064_ARO:3000988_TEM-126	99.768	861	2	0	631	1491	1	861	0.0	1580
NODE_22112_length_1693_cov_36.8895	gb_DQ279850_+_0-861_ARO:3001014_TEM-147	99.652	861	3	0	631	1491	1	861	0.0	1574
NODE_22112_length_1693_cov_36.8895	gb_FR717535_+_0-861_ARO:3000910_TEM-40	99.652	861	3	0	631	1491	1	861	0.0	1574
NODE_22112_length_1693_cov_36.8895	gb_KM114268_+_0-861_ARO:3003157_TEM-219	99.652	861	3	0	631	1491	1	861	0.0	1574
NODE_22112_length_1693_cov_36.8895	gb_Y17584_+_0-858_ARO:3000899_TEM-29	99.767	858	2	0	631	1488	1	858	0.0	1574
NODE_22112_length_1693_cov_36.8895	gb_EU815939_+_0-861_ARO:3001029_TEM-163	99.652	861	3	0	631	1491	1	861	0.0	1574
NODE_22112_length_1693_cov_36.8895	gb_HQ317449_+_0-861_ARO:3001373_TEM-182	99.652	861	3	0	631	1491	1	861	0.0	1574
NODE_22112_length_1693_cov_36.8895	gb_EF534736_+_213-1074_ARO:3001024_TEM-158	99.652	861	3	0	631	1491	1	861	0.0	1574
NODE_22112_length_1693_cov_36.8895	gb_AY491682_+_0-861_ARO:3000996_TEM-132	99.652	861	3	0	631	1491	1	861	0.0	1574
NODE_22112_length_1693_cov_36.8895	gb_AM183304_+_208-1069_ARO:3001017_TEM-150	99.535	861	4	0	631	1491	1	861	0.0	1568
NODE_22112_length_1693_cov_36.8895	gb_FJ919776_+_208-1069_ARO:3001034_TEM-168	99.535	861	4	0	631	1491	1	861	0.0	1568
NODE_22112_length_1693_cov_36.8895	gb_AF104442_+_193-1054_ARO:3000923_TEM-54	99.535	861	4	0	631	1491	1	861	0.0	1568
NODE_22112_length_1693_cov_36.8895	gb_AM941159_+_208-1069_ARO:3001022_TEM-156	99.535	861	4	0	631	1491	1	861	0.0	1568
NODE_22112_length_1693_cov_36.8895	gb_AF351241_+_89-950_ARO:3000957_TEM-90	99.535	861	4	0	631	1491	1	861	0.0	1568
NODE_22112_length_1693_cov_36.8895	gb_FJ873740_+_0-858_ARO:3001035_TEM-169	99.650	858	3	0	631	1488	1	858	0.0	1568
NODE_22112_length_1693_cov_36.8895	gb_AY092401_+_0-861_ARO:3000963_TEM-96	99.535	861	4	0	631	1491	1	861	0.0	1568
NODE_22112_length_1693_cov_36.8895	gb_AY027590_+_112-973_ARO:3000955_TEM-88	99.535	861	4	0	631	1491	1	861	0.0	1568
NODE_22112_length_1693_cov_36.8895	gb_GQ149347_+_5269-6130_ARO:3001037_TEM-171	99.535	861	4	0	631	1491	1	861	0.0	1568
NODE_22112_length_1693_cov_36.8895	gb_AJ012256_+_208-1069_ARO:3000939_TEM-73	99.535	861	4	0	631	1491	1	861	0.0	1568
NODE_22112_length_1693_cov_36.8895	gb_AY101764_+_206-1067_ARO:3000970_TEM-107	99.535	861	4	0	631	1491	1	861	0.0	1568
NODE_22112_length_1693_cov_36.8895	gb_HQ529916_+_110-971_ARO:3001045_TEM-183	99.535	861	4	0	631	1491	1	861	0.0	1568
NODE_22112_length_1693_cov_36.8895	gb_U95363_+_0-861_ARO:3000912_TEM-43	99.535	861	4	0	631	1491	1	861	0.0	1568
NODE_22112_length_1693_cov_36.8895	gb_AY628175_+_210-1071_ARO:3000972_TEM-109	99.535	861	4	0	631	1491	1	861	0.0	1568
NODE_22112_length_1693_cov_36.8895	gb_JN254627_+_0-861_ARO:3001049_TEM-189	99.419	861	5	0	631	1491	1	861	0.0	1563
NODE_22112_length_1693_cov_36.8895	gb_FJ807656_+_0-861_ARO:3001020_TEM-154	99.419	861	5	0	631	1491	1	861	0.0	1563
NODE_22112_length_1693_cov_36.8895	gb_AF427128_+_208-1069_ARO:3000949_TEM-82	99.419	861	5	0	631	1491	1	861	0.0	1563
NODE_22112_length_1693_cov_36.8895	gb_AF427127_+_208-1069_ARO:3000948_TEM-81	99.419	861	5	0	631	1491	1	861	0.0	1563
NODE_22112_length_1693_cov_36.8895	gb_DQ105529_+_0-861_ARO:3001013_TEM-146	99.419	861	5	0	631	1491	1	861	0.0	1563
NODE_22112_length_1693_cov_36.8895	gb_AY826417_+_0-861_ARO:3001000_TEM-136	99.419	861	5	0	631	1491	1	861	0.0	1563
NODE_22112_length_1693_cov_36.8895	gb_KC149518_+_0-861_ARO:3001369_TEM-153	99.419	861	5	0	631	1491	1	861	0.0	1563
NODE_22112_length_1693_cov_36.8895	gb_X57972_+_339-1200_ARO:3000878_TEM-6	99.419	861	5	0	631	1491	1	861	0.0	1563
NODE_22112_length_1693_cov_36.8895	gb_DQ105528_+_0-861_ARO:3001012_TEM-145	99.419	861	5	0	631	1491	1	861	0.0	1563
NODE_22112_length_1693_cov_36.8895	gb_AY589493_+_166-1027_ARO:3000975_TEM-112	99.419	861	5	0	631	1491	1	861	0.0	1563
NODE_22112_length_1693_cov_36.8895	gb_AB049569_+_0-861_ARO:3000958_TEM-91	99.419	861	5	0	631	1491	1	861	0.0	1563
NODE_22112_length_1693_cov_36.8895	gb_NC_002156_+_1429-2290_ARO:3000979_TEM-116	99.419	861	5	0	631	1491	1	861	0.0	1563
NODE_22112_length_1693_cov_36.8895	gb_M88143_+_367-1228_ARO:3000884_TEM-12	99.303	861	6	0	631	1491	1	861	0.0	1557
NODE_22112_length_1693_cov_36.8895	gb_JX042489_+_141-1002_ARO:3000890_TEM-19	99.303	861	6	0	631	1491	1	861	0.0	1557
NODE_22112_length_1693_cov_36.8895	gb_AF535127_+_208-1069_ARO:3000978_TEM-115	99.303	861	6	0	631	1491	1	861	0.0	1557
NODE_22112_length_1693_cov_36.8895	gb_AF347054_+_208-1069_ARO:3000947_TEM-80	99.303	861	6	0	631	1491	1	861	0.0	1557
NODE_22112_length_1693_cov_36.8895	gb_HQ877606_+_0-861_ARO:3001056_TEM-197	99.303	861	6	0	631	1491	1	861	0.0	1557
NODE_22112_length_1693_cov_36.8895	gb_AJ318093_+_0-861_ARO:3000960_TEM-93	99.303	861	6	0	631	1491	1	861	0.0	1557
NODE_22112_length_1693_cov_36.8895	gb_JF795538_+_0-861_ARO:3001374_TEM-185	99.303	861	6	0	631	1491	1	861	0.0	1557
NODE_22112_length_1693_cov_36.8895	gb_AY243512_+_208-1069_ARO:3000982_TEM-120	99.303	861	6	0	631	1491	1	861	0.0	1557
NODE_22112_length_1693_cov_36.8895	gb_Y13612_+_0-861_ARO:3000921_TEM-52	99.303	861	6	0	631	1491	1	861	0.0	1557
NODE_22112_length_1693_cov_36.8895	gb_AF427130_+_208-1069_ARO:3000951_TEM-84	99.303	861	6	0	631	1491	1	861	0.0	1557
NODE_22112_length_1693_cov_36.8895	gb_X54606_+_214-1075_ARO:3000874_TEM-2	99.303	861	6	0	631	1491	1	861	0.0	1557
NODE_22112_length_1693_cov_36.8895	gb_DQ679961_+_114-975_ARO:3001021_TEM-155	99.303	861	6	0	631	1491	1	861	0.0	1557
NODE_22112_length_1693_cov_36.8895	gb_Y10279_+_0-861_ARO:3000916_TEM-47	99.303	861	6	0	631	1491	1	861	0.0	1557
NODE_22112_length_1693_cov_36.8895	gb_AF104441_+_193-1054_ARO:3000922_TEM-53	99.187	861	7	0	631	1491	1	861	0.0	1552
NODE_22112_length_1693_cov_36.8895	gb_EF136377_+_0-861_ARO:3001026_TEM-160	99.187	861	7	0	631	1491	1	861	0.0	1552
NODE_22112_length_1693_cov_36.8895	gb_DQ909059_+_0-861_ARO:3001023_TEM-157	99.187	861	7	0	631	1491	1	861	0.0	1552
NODE_22112_length_1693_cov_36.8895	gb_X95401_+_208-1069_ARO:3000914_TEM-45	99.187	861	7	0	631	1491	1	861	0.0	1552
NODE_22112_length_1693_cov_36.8895	gb_AJ746225_+_0-861_ARO:3000993_TEM-129	99.187	861	7	0	631	1491	1	861	0.0	1552
NODE_22112_length_1693_cov_36.8895	gb_AJ239002_+_0-861_ARO:3000935_TEM-68	99.187	861	7	0	631	1491	1	861	0.0	1552
NODE_22112_length_1693_cov_36.8895	gb_KF663615_+_0-858_ARO:3001390_TEM-213	99.301	858	6	0	631	1488	1	858	0.0	1552
NODE_22112_length_1693_cov_36.8895	gb_EF136376_+_0-861_ARO:3001025_TEM-159	99.187	861	7	0	631	1491	1	861	0.0	1552
NODE_22112_length_1693_cov_36.8895	gb_AY072920_+_0-861_ARO:3000973_TEM-110	99.187	861	7	0	631	1491	1	861	0.0	1552
NODE_22112_length_1693_cov_36.8895	gb_AY528425_+_0-861_ARO:3000997_TEM-133	99.187	861	7	0	631	1491	1	861	0.0	1552
NODE_22112_length_1693_cov_36.8895	gb_AF203816_+_210-1071_ARO:3000937_TEM-71	99.187	861	7	0	631	1491	1	861	0.0	1552
NODE_22112_length_1693_cov_36.8895	gb_AY874537_+_177-1038_ARO:3000883_TEM-11	99.187	861	7	0	631	1491	1	861	0.0	1552
NODE_22112_length_1693_cov_36.8895	gb_AF506748_+_38-899_ARO:3000971_TEM-108	99.414	853	5	0	639	1491	9	861	0.0	1548
NODE_22112_length_1693_cov_36.8895	gb_X65253_+_175-1036_ARO:3000894_TEM-24	99.071	861	8	0	631	1491	1	861	0.0	1546
NODE_22112_length_1693_cov_36.8895	gb_AF468003_+_0-861_ARO:3000974_TEM-111	99.071	861	8	0	631	1491	1	861	0.0	1546
NODE_22112_length_1693_cov_36.8895	gb_JN416112_+_0-861_ARO:3001050_TEM-190	99.071	861	8	0	631	1491	1	861	0.0	1546
NODE_22112_length_1693_cov_36.8895	gb_X64523.1_-_476-1337_ARO:3000875_TEM-3	99.071	861	8	0	631	1491	1	861	0.0	1546
NODE_22112_length_1693_cov_36.8895	gb_DQ072853_+_0-861_ARO:3001003_TEM-139	99.071	861	8	0	631	1491	1	861	0.0	1546
NODE_22112_length_1693_cov_36.8895	gb_Y17581_+_78-936_ARO:3000891_TEM-20	99.184	858	7	0	631	1488	1	858	0.0	1546
NODE_22112_length_1693_cov_36.8895	gb_AM286274_+_0-861_ARO:3001001_TEM-137	99.071	861	8	0	631	1491	1	861	0.0	1546
NODE_22112_length_1693_cov_36.8895	gb_AF427129_+_208-1069_ARO:3000950_TEM-83	99.071	861	8	0	631	1491	1	861	0.0	1546
NODE_22112_length_1693_cov_36.8895	gb_JN211012_+_213-1074_ARO:3001048_TEM-188	99.071	861	8	0	631	1491	1	861	0.0	1546
NODE_22112_length_1693_cov_36.8895	gb_Y14574_+_0-861_ARO:3000888_TEM-17	99.071	861	8	0	631	1491	1	861	0.0	1546
NODE_22112_length_1693_cov_36.8895	gb_AF091113_+_450-1311_ARO:3000934_TEM-67	99.071	861	8	0	631	1491	1	861	0.0	1546
NODE_22112_length_1693_cov_36.8895	gb_AY853593_+_214-1075_ARO:3001002_TEM-138	99.071	861	8	0	631	1491	1	861	0.0	1546
NODE_22112_length_1693_cov_36.8895	gb_AF190693_+_208-1069_ARO:3000944_TEM-78	99.071	861	8	0	631	1491	1	861	0.0	1546
NODE_22112_length_1693_cov_36.8895	gb_X65254_+_175-1036_ARO:3000887_TEM-16	99.071	861	8	0	631	1491	1	861	0.0	1546
NODE_22112_length_1693_cov_36.8895	gb_AY327540_+_0-858_ARO:3000986_TEM-124	99.071	861	5	1	631	1491	1	858	0.0	1543
NODE_22112_length_1693_cov_36.8895	gb_NG_050265_+_100-961_ARO:3000876_TEM-4	98.955	861	9	0	631	1491	1	861	0.0	1541
NODE_22112_length_1693_cov_36.8895	gb_X65252_+_175-1036_ARO:3000880_TEM-8	98.955	861	9	0	631	1491	1	861	0.0	1541
NODE_22112_length_1693_cov_36.8895	gb_Y10280_+_0-861_ARO:3000917_TEM-48	98.955	861	9	0	631	1491	1	861	0.0	1541
NODE_22112_length_1693_cov_36.8895	gb_FR848831_+_0-861_ARO:3001375_TEM-184	98.955	861	9	0	631	1491	1	861	0.0	1541
NODE_22112_length_1693_cov_36.8895	gb_AJ866988_+_0-861_ARO:3000994_TEM-130	98.955	861	9	0	631	1491	1	861	0.0	1541
NODE_22112_length_1693_cov_36.8895	gb_AJ277414_+_0-861_ARO:3000952_TEM-85	98.955	861	9	0	631	1491	1	861	0.0	1541
NODE_22112_length_1693_cov_36.8895	gb_DQ369751_+_0-861_ARO:3001016_TEM-149	98.955	861	9	0	631	1491	1	861	0.0	1541
NODE_22112_length_1693_cov_36.8895	gb_AY589495_+_181-1042_ARO:3000977_TEM-114	98.955	861	9	0	631	1491	1	861	0.0	1541
NODE_22112_length_1693_cov_36.8895	gb_AY574271_+_0-861_ARO:3000998_TEM-134	98.955	861	9	0	631	1491	1	861	0.0	1541
NODE_22112_length_1693_cov_36.8895	gb_DQ834728_+_205-1066_ARO:3001019_TEM-152	98.955	861	9	0	631	1491	1	861	0.0	1541
NODE_22112_length_1693_cov_36.8895	gb_AF332513_+_103-964_ARO:3000931_TEM-63	98.955	861	9	0	631	1491	1	861	0.0	1541
NODE_22112_length_1693_cov_36.8895	gb_DQ388882_+_0-861_ARO:3001005_TEM-142	98.955	861	9	0	631	1491	1	861	0.0	1541
NODE_22112_length_1693_cov_36.8895	gb_DQ834729_+_205-1066_ARO:3001018_TEM-151	98.955	861	9	0	631	1491	1	861	0.0	1541
NODE_22112_length_1693_cov_36.8895	gb_AF143804_+_0-861_ARO:3000959_TEM-92	98.955	861	9	0	631	1491	1	861	0.0	1541
NODE_22112_length_1693_cov_36.8895	gb_AF157553_+_147-1008_ARO:3000938_TEM-72	98.955	861	9	0	631	1491	1	861	0.0	1541
NODE_22112_length_1693_cov_36.8895	gb_AY436361_+_131-992_ARO:3000995_TEM-131	98.839	861	10	0	631	1491	1	861	0.0	1537
NODE_22112_length_1693_cov_36.8895	gb_FJ360884_+_213-1074_ARO:3001033_TEM-167	98.839	861	10	0	631	1491	1	861	0.0	1535
NODE_22112_length_1693_cov_36.8895	gb_AJ277415_+_0-861_ARO:3000953_TEM-86	98.839	861	10	0	631	1491	1	861	0.0	1535
NODE_22112_length_1693_cov_36.8895	gb_AJ318094_+_0-861_ARO:3000961_TEM-94	98.839	861	10	0	631	1491	1	861	0.0	1535
NODE_22112_length_1693_cov_36.8895	gb_AF495873_+_0-861_ARO:3000964_TEM-101	98.839	861	10	0	631	1491	1	861	0.0	1535
NODE_22112_length_1693_cov_36.8895	gb_Y10281_+_0-861_ARO:3000918_TEM-49	98.839	861	10	0	631	1491	1	861	0.0	1535
NODE_22112_length_1693_cov_36.8895	gb_AY589494_+_193-1054_ARO:3000976_TEM-113	98.839	861	10	0	631	1491	1	861	0.0	1535
NODE_22112_length_1693_cov_36.8895	gb_Y17582_+_0-858_ARO:3000892_TEM-21	98.951	858	9	0	631	1488	1	858	0.0	1535
NODE_22112_length_1693_cov_36.8895	gb_Y17583_+_213-1071_ARO:3000893_TEM-22	98.951	858	9	0	631	1488	1	858	0.0	1535
NODE_22112_length_1693_cov_36.8895	gb_AY271267_+_0-861_ARO:3000983_TEM-121	98.839	861	10	0	631	1491	1	861	0.0	1535
NODE_22112_length_1693_cov_36.8895	gb_AF250872_+_0-861_ARO:3000954_TEM-87	98.839	861	10	0	631	1491	1	861	0.0	1535
NODE_22112_length_1693_cov_36.8895	gb_AY040093_+_68-929_ARO:3000965_TEM-102	98.839	861	10	0	631	1491	1	861	0.0	1535
NODE_22112_length_1693_cov_36.8895	gb_HM246246_+_211-1069_ARO:3001047_TEM-187	98.950	857	9	0	631	1487	1	857	0.0	1533
NODE_22112_length_1693_cov_36.8895	gb_KF513179_+_0-861_ARO:3001388_TEM-211	98.722	861	11	0	631	1491	1	861	0.0	1530
NODE_22112_length_1693_cov_36.8895	gb_FN652295_+_0-861_ARO:3001042_TEM-177	98.722	861	11	0	631	1491	1	861	0.0	1530
NODE_22112_length_1693_cov_36.8895	gb_KC900516_+_0-858_ARO:3001382_TEM-205	98.834	858	10	0	631	1488	1	858	0.0	1530
NODE_22112_length_1693_cov_36.8895	gb_EF468463_+_66-927_ARO:3001028_TEM-162	98.722	861	11	0	631	1491	1	861	0.0	1530
NODE_22112_length_1693_cov_36.8895	gb_JX050178_+_0-852_ARO:3001058_TEM-199	98.944	852	9	0	639	1490	1	852	0.0	1524
NODE_22112_length_1693_cov_36.8895	gb_AY628176_+_75-936_ARO:3000987_TEM-125	98.606	861	12	0	631	1491	1	861	0.0	1524
NODE_22112_length_1693_cov_36.8895	gb_AY327539_+_0-858_ARO:3000985_TEM-123	98.606	861	9	1	631	1491	1	858	0.0	1520
NODE_22112_length_1693_cov_36.8895	gb_JN935137_+_0-861_ARO:3001055_TEM-195	98.374	861	14	0	631	1491	1	861	0.0	1513
NODE_22112_length_1693_cov_36.8895	gb_AF047171_+_135-996_ARO:3000929_TEM-60	98.258	861	15	0	631	1491	1	861	0.0	1507
NODE_22112_length_1693_cov_36.8895	gb_X98047_+_0-844_ARO:3000911_TEM-42	98.814	843	10	0	640	1482	1	843	0.0	1502
NODE_22112_length_1693_cov_36.8895	gb_AF062386_+_30-862_ARO:3000928_TEM-59	99.158	831	7	0	631	1461	1	831	0.0	1496
NODE_22112_length_1693_cov_36.8895	gb_AY039040_+_188-1022_ARO:3000956_TEM-89	98.921	834	9	0	631	1464	1	834	0.0	1491
NODE_22112_length_1693_cov_36.8895	gb_JN935135_+_0-861_ARO:3001053_TEM-193	97.796	862	17	2	631	1491	1	861	0.0	1485
NODE_22112_length_1693_cov_36.8895	gb_JN935136_+_0-861_ARO:3001054_TEM-194	97.329	861	23	0	631	1491	1	861	0.0	1463
NODE_22112_length_1693_cov_36.8895	gb_X97254_+_153-1011_ARO:3001043_TEM-178	97.332	862	18	3	631	1491	1	858	0.0	1459
NODE_22112_length_1693_cov_36.8895	gb_L19940_+_197-1006_ARO:3000896_TEM-26	99.135	809	7	0	631	1439	1	809	0.0	1456
NODE_22112_length_1693_cov_36.8895	gb_AY130285_+_0-785_ARO:3000981_TEM-118	99.236	785	6	0	667	1451	1	785	0.0	1417
NODE_22112_length_1693_cov_36.8895	gb_AF527798.1_+_0-785_ARO:3000879_TEM-7	99.236	785	6	0	667	1451	1	785	0.0	1417
NODE_22112_length_1693_cov_36.8895	gb_AY130284_+_0-785_ARO:3000941_TEM-75	99.108	785	7	0	667	1451	1	785	0.0	1411
NODE_22112_length_1693_cov_36.8895	gb_AY130282_+_0-764_ARO:3000980_TEM-117	99.607	764	3	0	667	1430	1	764	0.0	1395
NODE_22112_length_1693_cov_36.8895	gb_JF949916_+_0-757_ARO:3001051_TEM-191	99.868	756	1	0	661	1416	1	756	0.0	1391
NODE_22112_length_1693_cov_36.8895	gb_JF949915_+_0-754_ARO:3001052_TEM-192	99.867	753	1	0	661	1413	1	753	0.0	1386
NODE_22711_length_1657_cov_1.85518	gb_AJ011502.1_+_300-1425_ARO:3004122_Klebsiella	95.325	1155	24	14	490	1644	1	1125	0.0	1807
NODE_24212_length_1568_cov_1.85592	gb_U01945_+_373-916_ARO:3002897_SAT-4	100.000	397	0	0	94	490	543	147	0.0	734
NODE_24483_length_1553_cov_1.43925	gb_M57437_+_0-1647_ARO:3002827_tlrC	100.000	29	0	0	1041	1069	1471	1499	1.11e-07	54.7
NODE_25451_length_1503_cov_5.02555	gb_AB261016_+_3068-3728_ARO:3002665_npmA	100.000	660	0	0	115	774	1	660	0.0	1219
NODE_26772_length_1436_cov_2.23968	gb_U00096_+_2158385-2161463_ARO:3000794_mdtC	82.160	1222	218	0	215	1436	3051	1830	0.0	1050
NODE_26880_length_1431_cov_2.4673	gb_NC_010378.1_+_47850-51003_ARO:3003923_oqxB	99.086	1423	13	0	1	1423	188	1610	0.0	2556
NODE_26880_length_1431_cov_2.4673	gb_NC_002516_+_2810008-2813197_ARO:3000804_MexF	73.421	1298	309	30	21	1300	208	1487	8.59e-128	453
NODE_26880_length_1431_cov_2.4673	gb_AJ252200_+_1278-4401_ARO:3003056_smeE	73.990	396	98	4	798	1189	976	1370	2.71e-38	156
NODE_26880_length_1431_cov_2.4673	gb_U57969_+_1485-4617_ARO:3000801_MexD	77.056	231	39	9	972	1194	1156	1380	9.89e-28	121
NODE_26880_length_1431_cov_2.4673	gb_L11616_+_1569-4710_ARO:3000378_MexB	74.800	250	61	2	827	1075	1005	1253	5.95e-25	111
NODE_26880_length_1431_cov_2.4673	gb_U00096_+_3660413-3663527_ARO:3000796_mdtF	88.889	72	6	2	1006	1076	1184	1254	1.00e-17	87.9
NODE_26880_length_1431_cov_2.4673	gb_NC_002516_+_4707534-4710624_ARO:3000808_mexI	84.722	72	11	0	999	1070	1156	1227	2.81e-13	73.1
NODE_27669_length_1397_cov_85.6595	gb_JQ740052_+_2108-3329_ARO:3000567_tet(40)	99.509	1221	6	0	17	1237	1	1221	0.0	2222
NODE_30623_length_1283_cov_1.32085	gb_M57437_+_0-1647_ARO:3002827_tlrC	96.875	32	1	0	1192	1223	568	599	9.11e-08	54.7
NODE_31158_length_1265_cov_2.6438	gb_U00096_+_2812615-2814154_ARO:3000074_emrB	84.462	1255	191	4	12	1264	1448	196	0.0	1234
NODE_32345_length_1226_cov_2.38173	gb_JQ394987_+_0-1233_ARO:3001328_Escherichia	78.327	526	110	4	7	530	524	1	7.71e-93	337
NODE_33628_length_1187_cov_1.64664	gb_M57437_+_0-1647_ARO:3002827_tlrC	100.000	29	0	0	393	421	1499	1471	8.42e-08	54.7
NODE_33891_length_1179_cov_1.73221	gb_L42817_+_201-936_ARO:3000522_ErmG	99.456	735	4	0	36	770	735	1	0.0	1336
NODE_33891_length_1179_cov_1.73221	gb_M64090_+_0-735_ARO:3000595_ErmT	78.231	735	146	11	43	770	728	1	1.52e-129	459
NODE_34318_length_1166_cov_1.92169	gb_NC_010378.1_+_47850-51003_ARO:3003923_oqxB	98.542	1166	17	0	1	1166	2821	1656	0.0	2060
NODE_34746_length_1155_cov_81.3236	gb_M18896.2_+_206-2126_ARO:3000190_tetO	99.557	903	4	0	253	1155	1	903	0.0	1646
NODE_34746_length_1155_cov_81.3236	gb_AJ295238.3_+_163-2083_ARO:3000196_tet32	91.919	396	32	0	253	648	1	396	1.84e-158	555
NODE_35404_length_1137_cov_4.19501	gb_CP004067_+_52914-53709_ARO:3002647_APH(3')-IIIa	100.000	795	0	0	265	1059	795	1	0.0	1469
NODE_39442_length_1039_cov_2.1189	gb_DQ212986_+_2258-2966_ARO:3002926_vanRG	93.333	45	3	0	383	427	702	658	9.44e-12	67.6
NODE_40330_length_1020_cov_2.05181	gb_AP006618.1_+_4835199-4838688_ARO:3000501_Nocardia	75.126	398	83	13	28	417	1062	1451	1.91e-43	172
NODE_42692_length_974_cov_31.5082	gb_AF028812_+_392-887_ARO:3002867_dfrF	99.597	496	1	1	422	917	1	495	0.0	904
NODE_46197_length_914_cov_2.42375	gb_M57437_+_0-1647_ARO:3002827_tlrC	100.000	28	0	0	279	306	1472	1499	2.32e-07	52.8
NODE_46615_length_907_cov_3.9061	gb_X01702_+_484-1285_ARO:3002659_APH(6)-Ic	94.444	36	1	1	332	366	483	518	6.39e-08	54.7
NODE_53878_length_802_cov_2.02945	gb_U00096_+_2155262-2158385_ARO:3000793_mdtB	83.209	804	131	4	1	802	435	1236	0.0	734
NODE_53878_length_802_cov_2.02945	gb_NC_002516.2_-_2850882-2854014_ARO:3004074_MuxB	74.605	760	163	25	57	801	464	1208	3.93e-84	307
NODE_53878_length_802_cov_2.02945	gb_NC_002516.2_-_2847775-2850886_ARO:3004075_MuxC	80.120	166	29	4	639	802	1052	1215	5.49e-28	121
NODE_54470_length_794_cov_73.9526	gb_M18896.2_+_206-2126_ARO:3000190_tetO	100.000	756	0	0	1	756	1165	1920	0.0	1397
NODE_54470_length_794_cov_73.9526	gb_AJ295238.3_+_163-2083_ARO:3000196_tet32	96.825	756	24	0	1	756	1165	1920	0.0	1264
NODE_55787_length_778_cov_429.224	gb_AF242872_+_2131-2878_ARO:3000375_ErmB	99.598	747	2	1	30	775	747	1	0.0	1362
NODE_56796_length_766_cov_1.72996	gb_AF242872_+_2131-2878_ARO:3000375_ErmB	100.000	54	0	0	713	766	167	114	6.82e-22	100
NODE_60469_length_726_cov_1.21311	gb_D16251.1_-_1625-2531_ARO:3000316_mphA	100.000	628	0	0	99	726	1	628	0.0	1160
NODE_62499_length_707_cov_3.05061	gb_AJ318073.1_+_793-1990_ARO:3004041_Klebsiella	98.217	673	11	1	35	706	1197	525	0.0	1175
NODE_65449_length_681_cov_21.7444	gb_NC_007779_+_1621287-1621671_ARO:3000263_marA	100.000	384	0	0	253	636	384	1	0.0	710
NODE_75560_length_606_cov_1.37931	gb_AY712687_+_0-831_ARO:3002628_aad(6)	100.000	501	0	0	1	501	331	831	0.0	926
NODE_75560_length_606_cov_1.37931	gb_NC_023287.1_-_60996-61860_ARO:3002626_ANT(6)-Ia	79.540	435	87	2	1	434	409	842	8.18e-85	309
NODE_75560_length_606_cov_1.37931	gb_U01945_+_373-916_ARO:3002897_SAT-4	99.083	109	1	0	498	606	1	109	6.64e-51	196
NODE_77408_length_594_cov_2.69017	gb_NC_002695.2_-_1737690-1738104_ARO:3000676_H-NS	91.971	137	11	0	10	146	137	1	8.42e-50	193
NODE_83709_length_559_cov_2.74802	gb_U00096_+_2155262-2158385_ARO:3000793_mdtB	83.779	561	85	6	1	558	3048	2491	1.91e-150	527
NODE_89556_length_531_cov_1.66176	gb_AM180355_+_600033-601953_ARO:3000186_tetM	99.507	406	2	0	126	531	1	406	0.0	739
NODE_89556_length_531_cov_1.66176	gb_L09756_+_0-1926_ARO:3000192_tetS	81.250	400	75	0	127	526	2	401	2.55e-89	324
NODE_100328_length_484_cov_2.72727	gb_AJ318073.1_+_793-1990_ARO:3004041_Klebsiella	98.140	484	9	0	1	484	494	11	0.0	845
NODE_100328_length_484_cov_2.72727	gb_DQ679966_+_299-1493_ARO:3004042_Enterobacter	81.328	482	88	2	4	484	491	11	2.25e-109	390
NODE_100328_length_484_cov_2.72727	gb_NC_000913.3_-_484425-485619_ARO:3004043_Escherichia	78.029	487	101	6	1	484	494	11	1.08e-82	302
NODE_102261_length_476_cov_1.37055	gb_NC_007779_+_2586250-2589364_ARO:3000491_acrD	97.727	44	1	0	1	44	2546	2589	7.02e-15	76.8
NODE_103073_length_473_cov_4.37081	gb_EU434751_+_658-2578_ARO:3000194_tetW	96.774	62	0	2	1	61	1851	1911	1.15e-22	102
NODE_109395_length_446_cov_3.02302	gb_NC_014638.1_-_1610636-1613960_ARO:3003730_Bifidobacteria	87.162	444	55	2	2	444	2230	2672	2.54e-143	503
NODE_109644_length_445_cov_1.31282	gb_AF170880_+_0-1848_ARO:3002522_novA	85.915	71	10	0	168	238	1513	1583	6.54e-15	76.8
NODE_117321_length_411_cov_1.39045	gb_X63451_+_0-1653_ARO:3002828_srmB	100.000	29	0	0	379	407	1499	1471	2.82e-08	54.7
NODE_119231_length_403_cov_1.77586	gb_AP006618.1_+_4835199-4838688_ARO:3000501_Nocardia	82.216	343	59	2	45	386	3025	3366	1.50e-80	294
NODE_122043_length_391_cov_1.71726	gb_NC_023287.1_-_65291-66509_ARO:3000615_mefA	97.990	199	4	0	1	199	199	1	3.94e-96	346
NODE_122926_length_387_cov_2.51506	gb_U00096_+_2158385-2161463_ARO:3000794_mdtC	79.614	363	74	0	1	363	1806	1444	1.45e-70	261
NODE_125471_length_376_cov_1.95327	gb_KU736867.1_+_19653-21573_ARO:3004442_tet(W/N/W)	88.360	378	40	3	1	376	655	280	7.79e-128	451
NODE_125471_length_376_cov_1.95327	gb_EU434751_+_658-2578_ARO:3000194_tetW	87.566	378	43	3	1	376	655	280	7.85e-123	435
NODE_125654_length_376_cov_333.96	gb_Z21523_+_0-1974_ARO:3000191_tetQ	98.986	296	3	0	1	296	296	1	9.73e-152	531
NODE_126872_length_371_cov_53.4272	gb_M18896.2_+_206-2126_ARO:3000190_tetO	98.922	371	4	0	1	371	849	1219	0.0	664
NODE_137539_length_333_cov_281.917	gb_AF242872_+_2131-2878_ARO:3000375_ErmB	100.000	52	0	0	1	52	52	1	3.71e-21	97.1
NODE_139639_length_326_cov_0.926199	gb_AM180355_+_600033-601953_ARO:3000186_tetM	98.773	326	4	0	1	326	1437	1762	8.22e-167	580
NODE_142070_length_316_cov_0.977011	gb_L20800_+_2308-4267_ARO:3000195_tetB(P)	100.000	306	0	0	1	306	1654	1959	2.23e-162	566
NODE_144258_length_306_cov_6.62151	gb_U00096.3_-_3203309-3204131_ARO:3002986_bacA	98.551	69	1	0	238	306	820	752	5.60e-29	122
NODE_155820_length_269_cov_5.34579	gb_D78168_+_1591-3130_ARO:3000254_emrY	97.026	269	8	0	1	269	134	402	1.52e-128	453
NODE_156447_length_267_cov_1.00943	gb_X01702_+_484-1285_ARO:3002659_APH(6)-Ic	96.875	32	1	0	43	74	483	514	1.79e-08	54.7
NODE_168097_length_251_cov_0.765306	gb_M35190.1_+_308-932_ARO:3004454_Campylobacter	99.602	251	1	0	1	251	57	307	3.03e-130	459
NODE_179079_length_242_cov_7.3262	gb_NC_000913.3_-_2306971-2308615_ARO:3003952_yojI	97.934	242	5	0	1	242	469	228	1.38e-118	420
NODE_181351_length_240_cov_1.08649	gb_D16251.1_-_1625-2531_ARO:3000316_mphA	99.583	240	1	0	1	240	628	867	3.76e-124	438
NODE_209274_length_224_cov_3.01183	gb_NC_014638.1_-_1610636-1613960_ARO:3003730_Bifidobacteria	91.964	224	18	0	1	224	2000	2223	6.14e-87	315
NODE_211407_length_223_cov_0.720238	gb_NC_012469.1_-_1800927-1802391_ARO:3000616_mel	97.758	223	5	0	1	223	472	250	4.59e-108	385
NODE_218536_length_220_cov_1.70909	gb_KU736867.1_+_19653-21573_ARO:3004442_tet(W/N/W)	93.088	217	15	0	1	217	1216	1432	4.65e-88	318
NODE_218536_length_220_cov_1.70909	gb_EU434751_+_658-2578_ARO:3000194_tetW	91.705	217	18	0	1	217	1216	1432	4.68e-83	302
NODE_244899_length_208_cov_1.47059	gb_AY522923.1_-_7744-8983_ARO:3003839_Mrx	100.000	208	0	0	1	208	548	755	4.25e-108	385
NODE_253035_length_189_cov_21.709	gb_AF242872_+_2131-2878_ARO:3000375_ErmB	100.000	49	0	0	141	189	1	49	9.32e-20	91.6
NODE_253152_length_183_cov_17.7109	gb_JQ740052_+_2108-3329_ARO:3000567_tet(40)	100.000	37	0	0	147	183	1	37	4.21e-13	69.4
NODE_253250_length_178_cov_19.122	gb_U00096.3_-_4567286-4568519_ARO:3001214_mdtM	94.615	130	7	0	49	178	22	151	3.86e-53	202
NODE_255647_length_112_cov_64	gb_EU434751_+_658-2578_ARO:3000194_tetW	91.209	91	8	0	1	91	1744	1834	5.06e-30	124
NODE_256108_length_108_cov_23.8302	gb_JF969163_+_1053-1893_ARO:3000410_sul1	100.000	55	0	0	54	108	238	184	2.27e-23	102
NODE_256253_length_107_cov_128.75	gb_AF242872_+_2131-2878_ARO:3000375_ErmB	100.000	52	0	0	1	52	52	1	1.04e-21	97.1
NODE_256460_length_104_cov_18.3265	gb_AJ295238.3_+_163-2083_ARO:3000196_tet32	91.000	100	8	1	6	104	853	952	7.69e-33	134
NODE_256460_length_104_cov_18.3265	gb_M18896.2_+_206-2126_ARO:3000190_tetO	98.182	55	1	0	1	55	849	903	1.01e-21	97.1
NODE_256475_length_104_cov_55.0408	gb_JQ740052_+_2108-3329_ARO:3000567_tet(40)	100.000	37	0	0	68	104	1	37	2.20e-13	69.4
NODE_256616_length_102_cov_17.0426	gb_EU434751_+_658-2578_ARO:3000194_tetW	88.776	98	11	0	1	98	1814	1911	5.85e-29	121
NODE_256616_length_102_cov_17.0426	gb_M18896.2_+_206-2126_ARO:3000190_tetO	98.305	59	1	0	44	102	1857	1915	5.89e-24	104
NODE_256616_length_102_cov_17.0426	gb_AJ295238.3_+_163-2083_ARO:3000196_tet32	98.305	59	1	0	44	102	1857	1915	5.89e-24	104
NODE_256819_length_99_cov_23.3409	gb_M18896.2_+_206-2126_ARO:3000190_tetO	91.463	82	7	0	18	99	1138	1219	9.43e-27	113
NODE_256819_length_99_cov_23.3409	gb_AJ295238.3_+_163-2083_ARO:3000196_tet32	90.000	80	8	0	1	80	1121	1200	5.68e-24	104
NODE_260889_length_57_cov_69	gb_JQ740052_+_2108-3329_ARO:3000567_tet(40)	100.000	39	0	0	1	39	39	1	7.81e-15	73.1
