NODE_98_length_88658_cov_5.34355	gb_M80346_+_0-1656_ARO:3002817_carA	96.970	33	1	0	2247	2279	603	571	1.77e-06	56.5
NODE_99_length_88528_cov_6.02238	gb_NC_000913.3_-_2306971-2308615_ARO:3003952_yojI	98.966	1644	17	0	12544	14187	1644	1	0.0	2942
NODE_99_length_88528_cov_6.02238	gb_U00096_+_2367070-2368039_ARO:3003578_pmrF	100.000	969	0	0	72646	73614	1	969	0.0	1790
NODE_141_length_75527_cov_6.14106	gb_U00096_+_3660413-3663527_ARO:3000796_mdtF	90.909	44	4	0	45265	45308	2841	2798	1.17e-07	60.2
NODE_142_length_74493_cov_6.34752	gb_FJ768952_+_0-1488_ARO:3000237_tolC	99.933	1488	1	0	67383	68870	1	1488	0.0	2743
NODE_166_length_68470_cov_6.0453	gb_NC_000913.3_+_966620-968369_ARO:3003950_msbA	100.000	1749	0	0	40672	42420	1	1749	0.0	3230
NODE_192_length_64014_cov_12.7273	gb_AF173226_+_3767-6917_ARO:3003052_smeB	87.500	56	7	0	21703	21758	1186	1241	2.12e-09	65.8
NODE_192_length_64014_cov_12.7273	gb_AJ252200_+_1278-4401_ARO:3003056_smeE	78.313	83	18	0	21676	21758	1159	1241	4.60e-06	54.7
NODE_239_length_58601_cov_6.32702	gb_NC_000913.3_-_481253-484403_ARO:3000216_acrB	99.968	3150	1	0	21132	24281	1	3150	0.0	5812
NODE_239_length_58601_cov_6.32702	gb_NC_000913.3_-_484425-485619_ARO:3004043_Escherichia	100.000	1194	0	0	19916	21109	1	1194	0.0	2206
NODE_239_length_58601_cov_6.32702	gb_U00096_+_3415032-3418137_ARO:3000502_acrF	73.684	3135	735	81	21140	24231	10	3097	0.0	1136
NODE_239_length_58601_cov_6.32702	gb_AJ318073.1_+_793-1990_ARO:3004041_Klebsiella	78.578	1167	241	8	19916	21076	1	1164	0.0	761
NODE_239_length_58601_cov_6.32702	gb_NC_006350.1_-_2147817-2150949_ARO:3002983_amrB	73.902	387	84	16	23757	24136	2608	2984	1.13e-31	139
NODE_320_length_50404_cov_6.63084	gb_NC_000913.3_+_3219493-3220873_ARO:3000024_patA	100.000	1380	0	0	19595	20974	1380	1	0.0	2549
NODE_320_length_50404_cov_6.63084	gb_U00096.3_-_3203309-3204131_ARO:3002986_bacA	100.000	822	0	0	36337	37158	1	822	0.0	1519
NODE_363_length_45626_cov_5.92934	gb_U00096_+_2484373-2487967_ARO:3000833_evgS	100.000	3594	0	0	31812	35405	3594	1	0.0	6637
NODE_363_length_45626_cov_5.92934	gb_D78168_+_1591-3130_ARO:3000254_emrY	99.090	1539	14	0	37603	39141	1	1539	0.0	2765
NODE_363_length_45626_cov_5.92934	gb_D78168_+_536-1592_ARO:3000206_emrK	99.905	1056	1	0	36548	37603	1	1056	0.0	1945
NODE_363_length_45626_cov_5.92934	gb_NC_002695_+_3211891-3212506_ARO:3000832_evgA	100.000	615	0	0	35410	36024	615	1	0.0	1136
NODE_429_length_42511_cov_5.21132	gb_NC_002695.2_-_1737690-1738104_ARO:3000676_H-NS	99.275	414	3	0	9782	10195	414	1	0.0	749
NODE_531_length_37243_cov_6.48177	gb_AP009048_-_4338624-4340268_ARO:3003576_eptA	99.818	1644	3	0	26969	28612	1	1644	0.0	3020
NODE_615_length_34447_cov_5.53414	gb_U00096_-_1124117-1125326_ARO:3001216_mdtH	98.015	1209	24	0	28232	29440	1	1209	0.0	2100
NODE_679_length_32234_cov_6.19354	gb_AP009048.1_-_4304505-4306557_ARO:3003549_mdtO	100.000	2052	0	0	18615	20666	2052	1	0.0	3790
NODE_679_length_32234_cov_6.19354	gb_AP009048.1_-_4303042-4304509_ARO:3003550_mdtP	99.318	1467	10	0	17152	18618	1467	1	0.0	2654
NODE_679_length_32234_cov_6.19354	gb_AP009048.1_-_4306556-4307588_ARO:3003548_mdtN	100.000	1032	0	0	20666	21697	1032	1	0.0	1906
NODE_683_length_32134_cov_5.19477	gb_JQ394987_+_0-1233_ARO:3001328_Escherichia	97.810	1233	27	0	21709	22941	1	1233	0.0	2128
NODE_699_length_31696_cov_7.56237	gb_NC_002695.1_-_4903561-4904935_ARO:3000830_cpxA	98.981	1374	14	0	22479	23852	1	1374	0.0	2460
NODE_759_length_30164_cov_6.16231	gb_NC_007779_+_2586250-2589364_ARO:3000491_acrD	99.968	3114	1	0	4089	7202	3114	1	0.0	5746
NODE_759_length_30164_cov_6.16231	gb_AJ252200_+_1278-4401_ARO:3003056_smeE	73.261	834	211	10	5689	6516	1514	687	1.17e-78	294
NODE_759_length_30164_cov_6.16231	gb_U00096_+_3660413-3663527_ARO:3000796_mdtF	74.359	468	106	11	5719	6179	1484	1024	2.05e-46	187
NODE_759_length_30164_cov_6.16231	gb_AB219524.1_+_1176-4338_ARO:3003699_mexQ	83.582	67	11	0	5953	6019	1256	1190	3.60e-09	63.9
NODE_770_length_29956_cov_7.00816	gb_AP009048.1_-_4153663-4154296_ARO:3000518_CRP	99.842	633	1	0	10972	11604	1	633	0.0	1164
NODE_782_length_29663_cov_7.42847	gb_U00096_+_3415032-3418137_ARO:3000502_acrF	99.098	3105	28	0	20978	24082	1	3105	0.0	5579
NODE_782_length_29663_cov_7.42847	gb_U00096_+_3413863-3415021_ARO:3000499_acrE	98.964	1158	12	0	19809	20966	1	1158	0.0	2073
NODE_782_length_29663_cov_7.42847	gb_U00096_-_3412802-3413465_ARO:3000656_acrS	99.095	663	6	0	18748	19410	663	1	0.0	1192
NODE_782_length_29663_cov_7.42847	gb_NC_003197.2_-_393893-397061_ARO:3000790_mdsB	81.928	83	9	6	23883	23962	2933	3012	9.85e-10	65.8
NODE_832_length_28626_cov_14.8406	gb_U00096_-_2098446-2099613_ARO:3003577_ugd	78.488	172	37	0	24454	24625	869	698	3.35e-24	113
NODE_960_length_25965_cov_32.5462	gb_NC_000913.3_-_481253-484403_ARO:3000216_acrB	91.803	61	5	0	1743	1803	2969	2909	6.62e-16	86.1
NODE_962_length_25900_cov_4.50288	gb_NC_007779_+_1621287-1621671_ARO:3000263_marA	100.000	384	0	0	8179	8562	384	1	0.0	710
NODE_1037_length_24474_cov_3.69081	gb_NC_002516.2_+_4904646-4907703_ARO:3003031_mexW	83.117	77	13	0	20112	20188	1221	1145	1.75e-11	71.3
NODE_1048_length_24367_cov_26.2923	gb_GQ343019_+_132-1023_ARO:3002999_CblA-1	99.776	891	2	0	9947	10837	891	1	0.0	1635
NODE_1063_length_24149_cov_4.38408	gb_NC_000913.3_-_481253-484403_ARO:3000216_acrB	76.042	576	125	9	12348	12912	981	1554	1.57e-76	287
NODE_1063_length_24149_cov_4.38408	gb_NC_007779_+_2586250-2589364_ARO:3000491_acrD	76.721	494	109	5	12373	12863	1006	1496	1.58e-71	270
NODE_1214_length_21860_cov_5.45545	gb_CP000800.1_-_1191727-1192954_ARO:3001329_mdtG	99.511	1227	6	0	3722	4948	1	1227	0.0	2233
NODE_1437_length_19570_cov_31.3032	gb_M17124_+_1181-1982_ARO:3000498_ErmF	100.000	55	0	0	1	55	55	1	4.96e-21	102
NODE_1437_length_19570_cov_31.3032	gb_AF319779.2_+_32-833_ARO:3000604_Erm(35)	100.000	53	0	0	3	55	53	1	6.41e-20	99.0
NODE_1877_length_15944_cov_3.24004	gb_AF472622_+_52-1018_ARO:3003003_CfxA3	100.000	514	0	0	15431	15944	1	514	0.0	950
NODE_1877_length_15944_cov_3.24004	gb_AY769934_+_27-993_ARO:3003096_CfxA5	100.000	514	0	0	15431	15944	1	514	0.0	950
NODE_1877_length_15944_cov_3.24004	gb_U38243_+_149-1115_ARO:3003001_CfxA	100.000	514	0	0	15431	15944	1	514	0.0	950
NODE_1877_length_15944_cov_3.24004	gb_AY769933_+_0-966_ARO:3003005_CfxA4	100.000	514	0	0	15431	15944	1	514	0.0	950
NODE_1877_length_15944_cov_3.24004	gb_AF118110.1_-_71-1037_ARO:3003002_CfxA2	100.000	514	0	0	15431	15944	1	514	0.0	950
NODE_1877_length_15944_cov_3.24004	gb_GQ342996_+_797-1793_ARO:3003097_CfxA6	88.304	513	60	0	15427	15939	30	542	1.17e-175	616
NODE_1925_length_15692_cov_5.76543	gb_U00096_+_2158385-2161463_ARO:3000794_mdtC	99.903	3078	3	0	9567	12644	3078	1	0.0	5668
NODE_1925_length_15692_cov_5.76543	gb_U00096_+_2155262-2158385_ARO:3000793_mdtB	99.803	3048	6	0	12645	15692	3123	76	0.0	5596
NODE_1925_length_15692_cov_5.76543	gb_AP009048_+_2165012-2166416_ARO:3000829_baeS	100.000	1404	0	0	6751	8154	1404	1	0.0	2593
NODE_1925_length_15692_cov_5.76543	gb_NC_007779_+_2166412-2167135_ARO:3000828_baeR	100.000	723	0	0	6032	6754	723	1	0.0	1336
NODE_2103_length_14736_cov_6.28227	gb_U00096_+_2812615-2814154_ARO:3000074_emrB	99.805	1539	3	0	12983	14521	1	1539	0.0	2826
NODE_2103_length_14736_cov_6.28227	gb_AP009048_+_2810082-2811255_ARO:3000027_emrA	99.233	1173	9	0	11794	12966	1	1173	0.0	2117
NODE_2103_length_14736_cov_6.28227	gb_NC_000913.3_+_2810769-2811300_ARO:3000516_emrR	100.000	531	0	0	11137	11667	1	531	0.0	981
NODE_2412_length_13440_cov_6.74412	gb_U00096_+_3660413-3663527_ARO:3000796_mdtF	99.968	3114	1	0	7613	10726	1	3114	0.0	5746
NODE_2412_length_13440_cov_6.74412	gb_AP009048.1_-_3980025-3981183_ARO:3000795_mdtE	100.000	1158	0	0	6431	7588	1	1158	0.0	2139
NODE_2412_length_13440_cov_6.74412	gb_NC_007779_+_3974604-3975429_ARO:3000508_gadX	100.000	825	0	0	12185	13009	825	1	0.0	1524
NODE_2412_length_13440_cov_6.74412	gb_CP015085.1_-_2551711-2552440_ARO:3003838_gadW	94.650	729	39	0	11089	11817	729	1	0.0	1131
NODE_2412_length_13440_cov_6.74412	gb_L11616_+_1569-4710_ARO:3000378_MexB	76.774	465	103	5	8648	9110	1036	1497	2.47e-67	255
NODE_2412_length_13440_cov_6.74412	gb_AJ252200_+_1278-4401_ARO:3003056_smeE	74.790	476	113	7	8639	9111	1027	1498	7.01e-53	207
NODE_2412_length_13440_cov_6.74412	gb_NC_007779_+_2586250-2589364_ARO:3000491_acrD	74.359	468	106	11	8636	9096	1024	1484	9.13e-47	187
NODE_2412_length_13440_cov_6.74412	gb_U57969_+_1485-4617_ARO:3000801_MexD	86.316	95	13	0	8783	8877	1177	1271	9.46e-22	104
NODE_2412_length_13440_cov_6.74412	gb_NC_010378.1_+_47850-51003_ARO:3003923_oqxB	87.500	72	7	2	8796	8866	1193	1263	4.43e-15	82.4
NODE_2412_length_13440_cov_6.74412	gb_NC_002516_+_2810008-2813197_ARO:3000804_MexF	81.443	97	18	0	8769	8865	1166	1262	1.59e-14	80.5
NODE_2712_length_12485_cov_6.30274	gb_NC_000913.3_-_4377810-4378944_ARO:3004290_Escherichia	98.501	1134	17	0	4195	5328	1134	1	0.0	2001
NODE_2712_length_12485_cov_6.30274	gb_KM087859_+_0-1146_ARO:3002176_MIR-11	71.926	976	246	23	4247	5208	1094	133	1.77e-68	259
NODE_2712_length_12485_cov_6.30274	gb_KM087851_+_0-1146_ARO:3002180_MIR-15	71.926	976	246	24	4247	5208	1094	133	1.77e-68	259
NODE_2712_length_12485_cov_6.30274	gb_KM087861_+_0-1146_ARO:3002181_MIR-16	71.926	976	246	23	4247	5208	1094	133	1.77e-68	259
NODE_2712_length_12485_cov_6.30274	gb_KM087858_+_0-1146_ARO:3002175_MIR-10	71.824	976	247	23	4247	5208	1094	133	8.24e-67	254
NODE_2712_length_12485_cov_6.30274	gb_KM087860_+_0-1146_ARO:3002174_MIR-9	71.824	976	247	23	4247	5208	1094	133	8.24e-67	254
NODE_2712_length_12485_cov_6.30274	gb_JQ664733_+_0-1146_ARO:3002171_MIR-6	71.824	976	247	24	4247	5208	1094	133	8.24e-67	254
NODE_2712_length_12485_cov_6.30274	gb_KM087863_+_0-1146_ARO:3002177_MIR-12	71.824	976	247	23	4247	5208	1094	133	8.24e-67	254
NODE_2712_length_12485_cov_6.30274	gb_AY227752_+_88-1234_ARO:3002168_MIR-2	71.824	976	247	23	4247	5208	1094	133	8.24e-67	254
NODE_2712_length_12485_cov_6.30274	gb_EF417572_+_29-1175_ARO:3002167_MIR-4	71.721	976	248	24	4247	5208	1094	133	3.83e-65	248
NODE_2712_length_12485_cov_6.30274	gb_FJ237367_+_0-1146_ARO:3002173_MIR-8	71.721	976	248	24	4247	5208	1094	133	3.83e-65	248
NODE_2712_length_12485_cov_6.30274	gb_KP050484_+_0-1146_ARO:3002170_MIR-5	71.721	976	248	23	4247	5208	1094	133	3.83e-65	248
NODE_2712_length_12485_cov_6.30274	gb_AY743435_+_13-1159_ARO:3002169_MIR-3	71.721	976	248	24	4247	5208	1094	133	3.83e-65	248
NODE_2712_length_12485_cov_6.30274	gb_M37839_+_927-2073_ARO:3002166_MIR-1	71.619	976	249	23	4247	5208	1094	133	1.78e-63	243
NODE_2712_length_12485_cov_6.30274	gb_LN515535_+_0-1146_ARO:3003173_MIR-17	71.619	976	249	23	4247	5208	1094	133	1.78e-63	243
NODE_2712_length_12485_cov_6.30274	gb_KM087862_+_0-1146_ARO:3002178_MIR-13	71.516	976	250	24	4247	5208	1094	133	8.30e-62	237
NODE_3047_length_11485_cov_5.0783	gb_Z11877.1_+_485-818_ARO:3004039_Escherichia	98.361	61	1	0	11425	11485	1	61	6.24e-23	108
NODE_3082_length_11393_cov_5.61342	gb_NC_000913.3_-_721055-721733_ARO:3003841_kdpE	90.278	144	14	0	6891	7034	678	535	2.15e-47	189
NODE_3082_length_11393_cov_5.61342	gb_NC_000913.3_-_721055-721733_ARO:3003841_kdpE	98.649	74	1	0	11320	11393	678	605	3.68e-30	132
NODE_3651_length_10060_cov_44.558	gb_NC_005024_+_42504-43944_ARO:3002597_AAC(6')-Ie-APH(2'')-Ia	84.384	1428	218	5	4447	5871	3	1428	0.0	1397
NODE_3651_length_10060_cov_44.558	gb_AY701528.1_+_9695-10589_ARO:3004191_APH(2'')-If	94.145	854	46	4	5047	5898	43	894	0.0	1297
NODE_3987_length_9396_cov_2.98576	gb_L36601_+_1420-3130_ARO:3003036_oleB	97.059	34	1	0	1156	1189	1565	1532	5.22e-08	58.4
NODE_5086_length_7729_cov_2.68243	gb_AY768532_+_0-1935_ARO:3000535_macB	87.324	71	9	0	6750	6820	1591	1661	2.55e-15	82.4
NODE_5198_length_7609_cov_8.67673	gb_Z21523_+_0-1974_ARO:3000191_tetQ	98.148	54	1	0	1	54	192	245	3.22e-19	95.3
NODE_5198_length_7609_cov_8.67673	gb_AF173226_+_3767-6917_ARO:3003052_smeB	78.761	113	20	3	2946	3056	1132	1242	1.51e-12	73.1
NODE_5198_length_7609_cov_8.67673	gb_AJ252200_+_1278-4401_ARO:3003056_smeE	78.000	100	22	0	2957	3056	1143	1242	9.08e-10	63.9
NODE_5888_length_6895_cov_9.20482	gb_AF235050.4_+_38028-40140_ARO:3003318_Streptomyces	76.370	292	53	13	31	314	358	75	1.03e-33	143
NODE_6153_length_6638_cov_3.10254	gb_HM990671_+_5192-6671_ARO:3003112_lsaC	92.857	42	3	0	4968	5009	452	411	2.85e-09	62.1
NODE_7360_length_5769_cov_4.9433	gb_U00096.3_-_4567286-4568519_ARO:3001214_mdtM	95.957	1212	49	0	4510	5721	1233	22	0.0	1967
NODE_7482_length_5694_cov_2.79642	gb_HG970100.1_+_0-1457_ARO:3003948_efrA	70.925	454	115	17	3179	3628	868	1308	3.12e-18	91.6
NODE_7577_length_5632_cov_55.1114	gb_AY055428.1_-_20268-21084_ARO:3000412_sul2	100.000	816	0	0	4703	5518	816	1	0.0	1507
NODE_7788_length_5504_cov_2.6548	gb_M18896.2_+_206-2126_ARO:3000190_tetO	100.000	54	0	0	5451	5504	1480	1427	5.00e-21	100
NODE_7788_length_5504_cov_2.6548	gb_AJ295238.3_+_163-2083_ARO:3000196_tet32	100.000	54	0	0	5451	5504	1480	1427	5.00e-21	100
NODE_7858_length_5472_cov_30.8547	gb_AF242872_+_2131-2878_ARO:3000375_ErmB	98.214	56	0	1	1	55	686	741	6.43e-20	97.1
NODE_8348_length_5217_cov_7.87137	gb_AF170880_+_0-1848_ARO:3002522_novA	76.636	214	44	6	2944	3154	1381	1591	6.09e-25	113
NODE_8411_length_5181_cov_3.78697	gb_AJ252200_+_1278-4401_ARO:3003056_smeE	80.992	121	20	2	1105	1222	1145	1265	7.88e-19	93.5
NODE_8411_length_5181_cov_3.78697	gb_NC_007779_+_2586250-2589364_ARO:3000491_acrD	88.235	68	8	0	1150	1217	1193	1260	1.71e-15	82.4
NODE_8411_length_5181_cov_3.78697	gb_AF173226_+_3767-6917_ARO:3003052_smeB	78.641	103	19	3	1105	1204	1145	1247	1.72e-10	65.8
NODE_9639_length_4614_cov_28.1154	gb_AF173226_+_3767-6917_ARO:3003052_smeB	86.486	74	10	0	2962	3035	1242	1169	1.52e-15	82.4
NODE_9639_length_4614_cov_28.1154	gb_AJ252200_+_1278-4401_ARO:3003056_smeE	84.722	72	11	0	2962	3033	1242	1171	9.13e-13	73.1
NODE_9665_length_4602_cov_22.4042	gb_AF173226_+_3767-6917_ARO:3003052_smeB	83.784	74	12	0	2950	3023	1242	1169	3.28e-12	71.3
NODE_9665_length_4602_cov_22.4042	gb_AJ252200_+_1278-4401_ARO:3003056_smeE	83.333	72	12	0	2950	3021	1242	1171	4.24e-11	67.6
NODE_10684_length_4217_cov_4.42407	gb_U00096_+_2154015-2155263_ARO:3000792_mdtA	100.000	1248	0	0	2796	4043	1	1248	0.0	2305
NODE_10684_length_4217_cov_4.42407	gb_U00096_+_2155262-2158385_ARO:3000793_mdtB	98.857	175	2	0	4043	4217	1	175	4.52e-85	313
NODE_11732_length_3874_cov_5.61744	gb_AF235050.4_+_38028-40140_ARO:3003318_Streptomyces	75.714	280	56	9	3571	3844	85	358	4.49e-30	130
NODE_12729_length_3604_cov_8.3925	gb_AY928180_+_0-495_ARO:3002837_lnuC	92.121	495	39	0	1133	1627	495	1	0.0	699
NODE_13527_length_3404_cov_2.78113	gb_AF235050.4_+_38028-40140_ARO:3003318_Streptomyces	76.636	107	21	3	18	122	360	256	6.78e-08	56.5
NODE_13753_length_3356_cov_8.23114	gb_M17124_+_1181-1982_ARO:3000498_ErmF	100.000	55	0	0	1	55	55	1	8.47e-22	102
NODE_13753_length_3356_cov_8.23114	gb_M17124_+_1181-1982_ARO:3000498_ErmF	100.000	31	0	0	3326	3356	801	771	1.86e-08	58.4
NODE_13753_length_3356_cov_8.23114	gb_AF319779.2_+_32-833_ARO:3000604_Erm(35)	100.000	53	0	0	3	55	53	1	1.10e-20	99.0
NODE_17572_length_2666_cov_32.8246	gb_AF472622_+_52-1018_ARO:3003003_CfxA3	94.747	514	27	0	2153	2666	1	514	0.0	800
NODE_17572_length_2666_cov_32.8246	gb_AY769934_+_27-993_ARO:3003096_CfxA5	94.747	514	27	0	2153	2666	1	514	0.0	800
NODE_17572_length_2666_cov_32.8246	gb_U38243_+_149-1115_ARO:3003001_CfxA	94.747	514	27	0	2153	2666	1	514	0.0	800
NODE_17572_length_2666_cov_32.8246	gb_AY769933_+_0-966_ARO:3003005_CfxA4	94.747	514	27	0	2153	2666	1	514	0.0	800
NODE_17572_length_2666_cov_32.8246	gb_AF118110.1_-_71-1037_ARO:3003002_CfxA2	94.747	514	27	0	2153	2666	1	514	0.0	800
NODE_17572_length_2666_cov_32.8246	gb_GQ342996_+_797-1793_ARO:3003097_CfxA6	91.033	513	46	0	2149	2661	30	542	0.0	693
NODE_18118_length_2595_cov_19.8512	gb_AF242872_+_2131-2878_ARO:3000375_ErmB	98.387	62	0	1	1	61	686	747	1.40e-23	108
NODE_18309_length_2571_cov_773.643	gb_Z21523_+_0-1974_ARO:3000191_tetQ	97.881	1746	37	0	826	2571	1	1746	0.0	3020
NODE_18494_length_2547_cov_5.19743	gb_NC_000913.3_-_721055-721733_ARO:3003841_kdpE	99.241	659	5	0	1889	2547	1	659	0.0	1190
NODE_18515_length_2544_cov_3.23222	gb_X01702_+_484-1285_ARO:3002659_APH(6)-Ic	94.444	36	1	1	581	615	518	483	1.82e-07	54.7
NODE_18915_length_2495_cov_85.4053	gb_AJ295238.3_+_163-2083_ARO:3000196_tet32	89.115	1718	168	18	12	1719	203	1911	0.0	2119
NODE_19902_length_2381_cov_216.417	gb_M18896.2_+_206-2126_ARO:3000190_tetO	99.635	1920	7	0	424	2343	1	1920	0.0	3507
NODE_19902_length_2381_cov_216.417	gb_AJ295238.3_+_163-2083_ARO:3000196_tet32	94.465	831	46	0	1513	2343	1090	1920	0.0	1280
NODE_19902_length_2381_cov_216.417	gb_AJ295238.3_+_163-2083_ARO:3000196_tet32	91.919	396	32	0	424	819	1	396	3.83e-158	555
NODE_20536_length_2308_cov_76.1278	gb_NC_005024_+_42504-43944_ARO:3002597_AAC(6')-Ie-APH(2'')-Ia	100.000	1440	0	0	796	2235	1	1440	0.0	2660
NODE_20536_length_2308_cov_76.1278	gb_AY701528.1_+_9695-10589_ARO:3004191_APH(2'')-If	80.843	830	149	9	1399	2223	43	867	0.0	643
NODE_23178_length_2061_cov_100.704	gb_EU434751_+_658-2578_ARO:3000194_tetW	99.896	1920	2	0	75	1994	1	1920	0.0	3535
NODE_23178_length_2061_cov_100.704	gb_KU736867.1_+_19653-21573_ARO:3004442_tet(W/N/W)	96.025	1912	74	2	75	1985	1	1911	0.0	3109
NODE_24139_length_1979_cov_54.7692	gb_Z21523_+_0-1974_ARO:3000191_tetQ	90.286	1750	169	1	4	1752	1750	1	0.0	2289
NODE_24235_length_1971_cov_6.24061	gb_AF235050.4_+_38028-40140_ARO:3003318_Streptomyces	77.576	165	35	2	472	635	419	256	6.40e-21	99.0
NODE_24790_length_1928_cov_45.1057	gb_JN086160_-_1582-2407_ARO:3001777_OXA-347	100.000	825	0	0	879	1703	1	825	0.0	1524
NODE_24790_length_1928_cov_45.1057	gb_JF268688.1_-_5407-6232_ARO:3001809_OXA-209	83.924	734	106	12	976	1703	98	825	0.0	691
NODE_25871_length_1848_cov_5.12883	gb_CP014358.1_-_2161325-2162750_ARO:3001327_mdtK	75.513	1413	332	11	199	1604	1406	1	0.0	680
NODE_26085_length_1833_cov_2.03318	gb_KU302801_+_102199-102430_ARO:3002831_vgaC	88.739	222	25	0	1444	1665	222	1	3.32e-73	272
NODE_29498_length_1629_cov_2.14041	gb_M57437_+_0-1647_ARO:3002827_tlrC	96.970	33	1	0	1286	1318	600	568	3.23e-08	56.5
NODE_31697_length_1519_cov_1.61612	gb_AY055428.1_-_20268-21084_ARO:3000412_sul2	100.000	40	0	0	1480	1519	1	40	8.30e-14	75.0
NODE_34737_length_1392_cov_125.464	gb_JQ740052_+_2108-3329_ARO:3000567_tet(40)	99.672	1221	4	0	161	1381	1221	1	0.0	2233
NODE_34738_length_1392_cov_240.5	gb_Z21523_+_0-1974_ARO:3000191_tetQ	96.820	283	9	0	1	283	1692	1974	6.41e-134	473
NODE_35963_length_1345_cov_4.74806	gb_AM180355_+_600033-601953_ARO:3000186_tetM	97.248	436	12	0	910	1345	1920	1485	0.0	739
NODE_36911_length_1310_cov_22.8319	gb_AY928180_+_0-495_ARO:3002837_lnuC	94.894	235	12	0	1	235	261	495	2.93e-102	368
NODE_38193_length_1267_cov_2.13119	gb_L36601_+_1420-3130_ARO:3003036_oleB	94.595	37	2	0	774	810	1532	1568	6.95e-09	58.4
NODE_38625_length_1253_cov_59.3856	gb_M17124_+_1181-1982_ARO:3000498_ErmF	100.000	55	0	0	1199	1253	1	55	3.13e-22	102
NODE_38625_length_1253_cov_59.3856	gb_AF319779.2_+_32-833_ARO:3000604_Erm(35)	100.000	53	0	0	1199	1251	1	53	4.05e-21	99.0
NODE_38816_length_1247_cov_3.59815	gb_Z21523_+_0-1974_ARO:3000191_tetQ	100.000	54	0	0	1194	1247	947	894	1.12e-21	100
NODE_38816_length_1247_cov_3.59815	gb_Z21523_+_0-1974_ARO:3000191_tetQ	97.826	46	1	0	1	46	987	942	1.46e-15	80.5
NODE_40183_length_1204_cov_2.39426	gb_AF235050.4_+_38028-40140_ARO:3003318_Streptomyces	77.049	122	24	3	132	251	194	75	1.10e-11	67.6
NODE_48233_length_1009_cov_2.6478	gb_U00096_+_3415032-3418137_ARO:3000502_acrF	76.531	98	21	2	87	183	1246	1150	2.56e-07	52.8
NODE_48545_length_1003_cov_114.552	gb_AF118110.1_-_71-1037_ARO:3003002_CfxA2	92.324	482	37	0	522	1003	941	460	0.0	686
NODE_48545_length_1003_cov_114.552	gb_AF472622_+_52-1018_ARO:3003003_CfxA3	92.116	482	38	0	522	1003	941	460	0.0	680
NODE_48545_length_1003_cov_114.552	gb_AY769934_+_27-993_ARO:3003096_CfxA5	92.116	482	38	0	522	1003	941	460	0.0	680
NODE_48545_length_1003_cov_114.552	gb_U38243_+_149-1115_ARO:3003001_CfxA	92.116	482	38	0	522	1003	941	460	0.0	680
NODE_48545_length_1003_cov_114.552	gb_AY769933_+_0-966_ARO:3003005_CfxA4	92.116	482	38	0	522	1003	941	460	0.0	680
NODE_48545_length_1003_cov_114.552	gb_GQ342996_+_797-1793_ARO:3003097_CfxA6	90.605	479	45	0	522	1000	974	496	0.0	636
NODE_48613_length_1002_cov_8.48786	gb_JQ740052_+_2108-3329_ARO:3000567_tet(40)	100.000	44	0	0	959	1002	1	44	3.25e-16	82.4
NODE_57021_length_861_cov_1.3598	gb_X63451_+_0-1653_ARO:3002828_srmB	100.000	29	0	0	32	60	1471	1499	6.06e-08	54.7
NODE_58986_length_833_cov_216.478	gb_M17124_+_1181-1982_ARO:3000498_ErmF	99.376	801	5	0	1	801	1	801	0.0	1452
NODE_58986_length_833_cov_216.478	gb_AF319779.2_+_32-833_ARO:3000604_Erm(35)	78.643	796	166	3	1	794	1	794	1.04e-149	525
NODE_59578_length_824_cov_2.6801	gb_DQ212986_+_7787-9926_ARO:3002972_vanTG	99.506	607	3	0	54	660	1533	2139	0.0	1105
NODE_60577_length_812_cov_2.35535	gb_U00096.3_-_4567286-4568519_ARO:3001214_mdtM	97.403	77	2	0	3	79	77	1	2.57e-31	132
NODE_61981_length_794_cov_2.18945	gb_AM180355_+_600033-601953_ARO:3000186_tetM	87.097	682	88	0	1	682	682	1	0.0	773
NODE_64792_length_760_cov_1.64397	gb_U00096_-_2098446-2099613_ARO:3003577_ugd	72.789	294	80	0	249	542	570	863	6.77e-22	100
NODE_65026_length_758_cov_2.02987	gb_AJ011502.1_+_300-1425_ARO:3004122_Klebsiella	86.275	102	14	0	12	113	1047	946	3.12e-25	111
NODE_66348_length_743_cov_237.994	gb_AF242872_+_2131-2878_ARO:3000375_ErmB	99.325	741	4	1	1	740	741	1	0.0	1339
NODE_66454_length_741_cov_1.28134	gb_X54723_+_818-1679_ARO:3002535_AAC(3)-IIc	97.422	543	14	0	199	741	1	543	0.0	926
NODE_66454_length_741_cov_1.28134	gb_X13543.1_+_185-1046_ARO:3002533_AAC(3)-IIa	96.685	543	18	0	199	741	1	543	0.0	904
NODE_70179_length_704_cov_8.26965	gb_AP006618.1_+_4835199-4838688_ARO:3000501_Nocardia	82.328	232	37	4	475	704	3351	3122	2.16e-51	198
NODE_72303_length_684_cov_2.13514	gb_AF024602_+_3155-3992_ARO:3002660_APH(6)-Id	99.852	675	1	0	10	684	837	163	0.0	1242
NODE_74132_length_669_cov_2.50326	gb_NC_000913.3_-_721055-721733_ARO:3003841_kdpE	100.000	74	0	0	596	669	678	605	4.52e-33	137
NODE_74880_length_663_cov_34.0707	gb_AF028812_+_392-887_ARO:3002867_dfrF	100.000	495	0	0	104	598	1	495	0.0	915
NODE_87953_length_574_cov_0.924855	gb_U38944.1_+_0-1536_ARO:3003037_opcM	100.000	28	0	0	4	31	1143	1170	1.44e-07	52.8
NODE_89636_length_565_cov_1.14902	gb_AY522923.1_-_7744-8983_ARO:3003839_Mrx	100.000	335	0	0	1	335	905	1239	3.09e-178	619
NODE_91365_length_556_cov_1.84631	gb_U00096_-_2098446-2099613_ARO:3003577_ugd	95.154	227	11	0	1	227	941	1167	7.32e-100	359
NODE_101547_length_508_cov_1.43267	gb_AY768532_+_0-1935_ARO:3000535_macB	90.909	44	4	0	406	449	802	845	7.57e-10	60.2
NODE_103925_length_498_cov_1.24831	gb_AF313472_+_15593-16397_ARO:3002639_APH(3'')-Ib	99.598	498	2	0	1	498	622	125	0.0	909
NODE_111015_length_470_cov_2.03855	gb_U00096_-_2098446-2099613_ARO:3003577_ugd	98.956	383	4	0	1	383	383	1	0.0	686
NODE_113479_length_460_cov_1.30864	gb_MF095097.1_-_1855-3484_ARO:3004470_poxtA	93.182	44	1	2	141	183	1430	1388	5.27e-11	63.9
NODE_114890_length_455_cov_2.55	gb_AF235050.4_+_38028-40140_ARO:3003318_Streptomyces	75.207	363	78	8	43	399	431	75	1.80e-40	161
NODE_115814_length_451_cov_1.06313	gb_JN420336.1_-_1399-2230_ARO:3001396_OXA-1	100.000	151	0	0	1	151	681	831	4.71e-76	279
NODE_115814_length_451_cov_1.06313	gb_JN596991_+_2280-3111_ARO:3001806_OXA-224	100.000	151	0	0	1	151	681	831	4.71e-76	279
NODE_115814_length_451_cov_1.06313	gb_JN129451_+_1036-1867_ARO:3001399_OXA-4	100.000	151	0	0	1	151	681	831	4.71e-76	279
NODE_115814_length_451_cov_1.06313	gb_AF294653_+_753-1584_ARO:3001425_OXA-31	100.000	151	0	0	1	151	681	831	4.71e-76	279
NODE_115814_length_451_cov_1.06313	gb_KF151169_+_0-831_ARO:3001793_OXA-320	99.338	151	1	0	1	151	681	831	2.19e-74	274
NODE_115814_length_451_cov_1.06313	gb_AY237830_+_0-831_ARO:3001781_OXA-47	98.675	151	2	0	1	151	681	831	1.02e-72	268
NODE_115814_length_451_cov_1.06313	gb_AY008291_+_0-769_ARO:3001427_OXA-33	100.000	133	0	0	1	133	636	768	4.78e-66	246
NODE_116138_length_450_cov_0.997468	gb_AFRQ01000061.1_-_23986-27124_ARO:3004144_AxyY	84.797	467	48	10	3	449	2072	1609	1.22e-126	448
NODE_117536_length_445_cov_2.92308	gb_AM180355_+_600033-601953_ARO:3000186_tetM	91.236	445	39	0	1	445	1032	1476	1.88e-174	606
NODE_119768_length_436_cov_3.88189	gb_AF235050.4_+_38028-40140_ARO:3003318_Streptomyces	76.647	167	33	5	13	176	419	256	2.96e-18	87.9
NODE_125029_length_416_cov_0.905817	gb_CP004067_+_52914-53709_ARO:3002647_APH(3')-IIIa	100.000	336	0	0	1	336	336	1	6.24e-179	621
NODE_126197_length_411_cov_1.06461	gb_U05883_+_555-1458_ARO:3003559_cepA	82.927	164	28	0	79	242	240	77	1.26e-36	148
NODE_128324_length_403_cov_195.359	gb_Z21523_+_0-1974_ARO:3000191_tetQ	91.304	276	24	0	128	403	1974	1699	1.44e-105	377
NODE_134600_length_380_cov_2.21231	gb_U00096_-_2098446-2099613_ARO:3003577_ugd	95.778	379	16	0	2	380	1100	722	3.42e-176	612
NODE_141355_length_357_cov_1.10596	gb_L20800_+_2308-4267_ARO:3000195_tetB(P)	100.000	131	0	0	227	357	1959	1829	4.85e-65	243
NODE_143918_length_349_cov_1.17347	gb_NC_002516_+_2810008-2813197_ARO:3000804_MexF	77.637	237	47	6	15	248	1268	1035	6.39e-34	139
NODE_145024_length_346_cov_2.20619	gb_M35190.1_+_308-932_ARO:3004454_Campylobacter	99.133	346	3	0	1	346	197	542	1.43e-179	623
NODE_146057_length_343_cov_2.22917	gb_AF235050.4_+_38028-40140_ARO:3003318_Streptomyces	82.927	82	14	0	1	82	332	413	1.79e-14	75.0
NODE_147982_length_338_cov_165.099	gb_AF242872_+_2131-2878_ARO:3000375_ErmB	98.387	62	0	1	278	338	747	686	1.74e-24	108
NODE_148006_length_338_cov_124.12	gb_AF242872_+_2131-2878_ARO:3000375_ErmB	100.000	52	0	0	1	52	52	1	3.77e-21	97.1
NODE_151465_length_329_cov_10.9051	gb_DQ212986_+_2258-2966_ARO:3002926_vanRG	81.081	259	49	0	71	329	377	119	1.62e-54	207
NODE_159344_length_305_cov_1.864	gb_U00096_-_2098446-2099613_ARO:3003577_ugd	90.909	77	7	0	229	305	1167	1091	2.02e-23	104
NODE_161158_length_299_cov_9.67623	gb_AY928180_+_0-495_ARO:3002837_lnuC	95.882	170	7	0	129	298	1	170	3.96e-75	276
NODE_162113_length_296_cov_3.0249	gb_NC_000913.3_-_4377810-4378944_ARO:3004290_Escherichia	94.932	296	15	0	1	296	671	966	7.79e-132	464
NODE_162113_length_296_cov_3.0249	gb_KM926622_+_238-1384_ARO:3003172_ACT-37	83.333	72	10	2	138	208	820	890	9.23e-12	65.8
NODE_162113_length_296_cov_3.0249	gb_KF992029_+_748-1894_ARO:3001840_ACT-19	83.333	72	10	2	138	208	820	890	9.23e-12	65.8
NODE_163709_length_291_cov_1.90254	gb_X01702_+_484-1285_ARO:3002659_APH(6)-Ic	96.875	32	1	0	176	207	514	483	1.96e-08	54.7
NODE_164117_length_289_cov_0.940171	gb_AF231986_+_3307-4522_ARO:3002705_floR	100.000	74	0	0	1	74	74	1	1.88e-33	137
NODE_164117_length_289_cov_0.940171	gb_D37826_+_1070-2195_ARO:3002812_pp-flo	94.595	74	4	0	1	74	74	1	8.81e-27	115
NODE_164807_length_288_cov_6.19313	gb_DQ212986_+_2258-2966_ARO:3002926_vanRG	83.529	170	28	0	116	285	1	170	4.00e-40	159
NODE_164928_length_287_cov_1.31034	gb_DQ212986_+_7030-7795_ARO:3003069_vanXYG	95.122	287	14	0	1	287	714	428	1.63e-128	453
NODE_168098_length_280_cov_15.8933	gb_Z21523_+_0-1974_ARO:3000191_tetQ	94.224	277	16	0	4	280	890	1166	1.25e-119	424
NODE_170160_length_275_cov_9.11364	gb_DQ212986_+_2258-2966_ARO:3002926_vanRG	81.765	170	31	0	103	272	1	170	3.83e-35	143
NODE_180358_length_259_cov_2.69118	gb_U00096_-_2098446-2099613_ARO:3003577_ugd	93.050	259	18	0	1	259	672	414	2.51e-106	379
NODE_181466_length_257_cov_0.811881	gb_AF231986_+_3307-4522_ARO:3002705_floR	99.611	257	1	0	1	257	951	695	1.44e-133	470
NODE_181466_length_257_cov_0.811881	gb_D37826_+_1070-2195_ARO:3002812_pp-flo	96.899	258	2	4	1	257	947	695	8.78e-121	427
NODE_203713_length_238_cov_1.45902	gb_Z11877.1_+_485-818_ARO:3004039_Escherichia	92.857	238	17	0	1	238	81	318	2.33e-96	346
NODE_207011_length_236_cov_1.39779	gb_Y11946.1_+_0-980_ARO:3002578_AAC(6')-Ib7	98.742	159	2	0	78	236	1	159	1.83e-77	283
NODE_208483_length_235_cov_0.955556	gb_U00096_-_2098446-2099613_ARO:3003577_ugd	96.596	235	8	0	1	235	538	304	1.04e-109	390
NODE_214212_length_231_cov_1.01705	gb_AY327539_+_0-858_ARO:3000985_TEM-123	100.000	231	0	0	1	231	420	650	7.81e-121	427
NODE_214212_length_231_cov_1.01705	gb_FJ405211_+_0-861_ARO:3000926_TEM-57	100.000	231	0	0	1	231	420	650	7.81e-121	427
NODE_214212_length_231_cov_1.01705	gb_JN254627_+_0-861_ARO:3001049_TEM-189	100.000	231	0	0	1	231	420	650	7.81e-121	427
NODE_214212_length_231_cov_1.01705	gb_AF516720_+_214-1075_ARO:3000968_TEM-105	100.000	231	0	0	1	231	420	650	7.81e-121	427
NODE_214212_length_231_cov_1.01705	gb_AF190694_+_208-1069_ARO:3000942_TEM-76	100.000	231	0	0	1	231	420	650	7.81e-121	427
NODE_214212_length_231_cov_1.01705	gb_AM183304_+_208-1069_ARO:3001017_TEM-150	100.000	231	0	0	1	231	420	650	7.81e-121	427
NODE_214212_length_231_cov_1.01705	gb_KC865667_+_183-1044_ARO:3001385_TEM-208	100.000	231	0	0	1	231	420	650	7.81e-121	427
NODE_214212_length_231_cov_1.01705	gb_AF427128_+_208-1069_ARO:3000949_TEM-82	100.000	231	0	0	1	231	420	650	7.81e-121	427
NODE_214212_length_231_cov_1.01705	gb_EU274580_+_214-1075_ARO:3001030_TEM-164	100.000	231	0	0	1	231	420	650	7.81e-121	427
NODE_214212_length_231_cov_1.01705	gb_AF347054_+_208-1069_ARO:3000947_TEM-80	100.000	231	0	0	1	231	420	650	7.81e-121	427
NODE_214212_length_231_cov_1.01705	gb_AY130282_+_0-764_ARO:3000980_TEM-117	100.000	231	0	0	1	231	384	614	7.81e-121	427
NODE_214212_length_231_cov_1.01705	gb_AF427127_+_208-1069_ARO:3000948_TEM-81	100.000	231	0	0	1	231	420	650	7.81e-121	427
NODE_214212_length_231_cov_1.01705	gb_FJ919776_+_208-1069_ARO:3001034_TEM-168	100.000	231	0	0	1	231	420	650	7.81e-121	427
NODE_214212_length_231_cov_1.01705	gb_KF944358_+_0-861_ARO:3001393_TEM-216	100.000	231	0	0	1	231	420	650	7.81e-121	427
NODE_214212_length_231_cov_1.01705	gb_FR717535_+_0-861_ARO:3000910_TEM-40	100.000	231	0	0	1	231	420	650	7.81e-121	427
NODE_214212_length_231_cov_1.01705	gb_AM849805_+_262-1123_ARO:3000886_TEM-15	100.000	231	0	0	1	231	420	650	7.81e-121	427
NODE_214212_length_231_cov_1.01705	gb_AY956335_+_38-899_ARO:3001004_TEM-141	100.000	231	0	0	1	231	420	650	7.81e-121	427
NODE_214212_length_231_cov_1.01705	gb_AF516719_+_214-1075_ARO:3000967_TEM-104	100.000	231	0	0	1	231	420	650	7.81e-121	427
NODE_214212_length_231_cov_1.01705	gb_KM114268_+_0-861_ARO:3003157_TEM-219	100.000	231	0	0	1	231	420	650	7.81e-121	427
NODE_214212_length_231_cov_1.01705	gb_AF104442_+_193-1054_ARO:3000923_TEM-54	100.000	231	0	0	1	231	420	650	7.81e-121	427
NODE_214212_length_231_cov_1.01705	gb_DQ105529_+_0-861_ARO:3001013_TEM-146	100.000	231	0	0	1	231	420	650	7.81e-121	427
NODE_214212_length_231_cov_1.01705	gb_AF351241_+_89-950_ARO:3000957_TEM-90	100.000	231	0	0	1	231	420	650	7.81e-121	427
NODE_214212_length_231_cov_1.01705	gb_AF190692_+_208-1069_ARO:3000946_TEM-79	100.000	231	0	0	1	231	420	650	7.81e-121	427
NODE_214212_length_231_cov_1.01705	gb_KF240808_+_0-861_ARO:3001386_TEM-209	100.000	231	0	0	1	231	420	650	7.81e-121	427
NODE_214212_length_231_cov_1.01705	gb_EU815939_+_0-861_ARO:3001029_TEM-163	100.000	231	0	0	1	231	420	650	7.81e-121	427
NODE_214212_length_231_cov_1.01705	gb_GQ149347_+_5269-6130_ARO:3001037_TEM-171	100.000	231	0	0	1	231	420	650	7.81e-121	427
NODE_214212_length_231_cov_1.01705	gb_HG934763_+_0-861_ARO:3001394_TEM-217	100.000	231	0	0	1	231	420	650	7.81e-121	427
NODE_214212_length_231_cov_1.01705	gb_AJ437107_+_208-1069_ARO:3000900_TEM-30	100.000	231	0	0	1	231	420	650	7.81e-121	427
NODE_214212_length_231_cov_1.01705	gb_JF949915_+_0-754_ARO:3001052_TEM-192	100.000	231	0	0	1	231	390	620	7.81e-121	427
NODE_214212_length_231_cov_1.01705	gb_JX310327_+_0-861_ARO:3001378_TEM-201	100.000	231	0	0	1	231	420	650	7.81e-121	427
NODE_214212_length_231_cov_1.01705	gb_DQ105528_+_0-861_ARO:3001012_TEM-145	100.000	231	0	0	1	231	420	650	7.81e-121	427
NODE_214212_length_231_cov_1.01705	gb_AJ012256_+_208-1069_ARO:3000939_TEM-73	100.000	231	0	0	1	231	420	650	7.81e-121	427
NODE_214212_length_231_cov_1.01705	gb_JF949916_+_0-757_ARO:3001051_TEM-191	100.000	231	0	0	1	231	390	620	7.81e-121	427
NODE_214212_length_231_cov_1.01705	gb_GU371926_-_50304-51165_ARO:3000903_TEM-33	100.000	231	0	0	1	231	420	650	7.81e-121	427
NODE_214212_length_231_cov_1.01705	gb_KP050491_+_0-861_ARO:3001391_TEM-214	100.000	231	0	0	1	231	420	650	7.81e-121	427
NODE_214212_length_231_cov_1.01705	gb_AY307100_+_0-861_ARO:3000984_TEM-122	100.000	231	0	0	1	231	420	650	7.81e-121	427
NODE_214212_length_231_cov_1.01705	gb_AL513383_+_161910-162771_ARO:3000873_TEM-1	100.000	231	0	0	1	231	420	650	7.81e-121	427
NODE_214212_length_231_cov_1.01705	gb_FJ197316_+_0-861_ARO:3001032_TEM-166	100.000	231	0	0	1	231	420	650	7.81e-121	427
NODE_214212_length_231_cov_1.01705	gb_GU550123_+_144-1005_ARO:3001041_TEM-176	100.000	231	0	0	1	231	420	650	7.81e-121	427
NODE_214212_length_231_cov_1.01705	gb_KC818234_+_0-861_ARO:3001384_TEM-207	100.000	231	0	0	1	231	420	650	7.81e-121	427
NODE_214212_length_231_cov_1.01705	gb_KC783461_+_0-861_ARO:3001383_TEM-206	100.000	231	0	0	1	231	420	650	7.81e-121	427
NODE_214212_length_231_cov_1.01705	gb_AB700703_+_161-1022_ARO:3001057_TEM-198	100.000	231	0	0	1	231	420	650	7.81e-121	427
NODE_214212_length_231_cov_1.01705	gb_HQ529916_+_110-971_ARO:3001045_TEM-183	100.000	231	0	0	1	231	420	650	7.81e-121	427
NODE_214212_length_231_cov_1.01705	gb_KC292503_+_4334-5195_ARO:3000904_TEM-34	100.000	231	0	0	1	231	420	650	7.81e-121	427
NODE_214212_length_231_cov_1.01705	gb_NG_050265_+_100-961_ARO:3000876_TEM-4	99.567	231	1	0	1	231	420	650	3.63e-119	422
NODE_214212_length_231_cov_1.01705	gb_JQ034306_+_0-861_ARO:3001376_TEM-196	99.567	231	1	0	1	231	420	650	3.63e-119	422
NODE_214212_length_231_cov_1.01705	gb_AF506748_+_38-899_ARO:3000971_TEM-108	99.567	231	1	0	1	231	420	650	3.63e-119	422
NODE_214212_length_231_cov_1.01705	gb_X65253_+_175-1036_ARO:3000894_TEM-24	99.567	231	1	0	1	231	420	650	3.63e-119	422
NODE_214212_length_231_cov_1.01705	gb_KP050492_+_0-861_ARO:3001392_TEM-215	99.567	231	1	0	1	231	420	650	3.63e-119	422
NODE_214212_length_231_cov_1.01705	gb_AF468003_+_0-861_ARO:3000974_TEM-111	99.567	231	1	0	1	231	420	650	3.63e-119	422
NODE_214212_length_231_cov_1.01705	gb_FJ807656_+_0-861_ARO:3001020_TEM-154	99.567	231	1	0	1	231	420	650	3.63e-119	422
NODE_214212_length_231_cov_1.01705	gb_FJ360884_+_213-1074_ARO:3001033_TEM-167	99.567	231	1	0	1	231	420	650	3.63e-119	422
NODE_214212_length_231_cov_1.01705	gb_AF188199_+_214-1075_ARO:3000936_TEM-70	99.567	231	1	0	1	231	420	650	3.63e-119	422
NODE_214212_length_231_cov_1.01705	gb_X64523.1_-_476-1337_ARO:3000875_TEM-3	99.567	231	1	0	1	231	420	650	3.63e-119	422
NODE_214212_length_231_cov_1.01705	gb_DQ279850_+_0-861_ARO:3001014_TEM-147	99.567	231	1	0	1	231	420	650	3.63e-119	422
NODE_214212_length_231_cov_1.01705	gb_Y10280_+_0-861_ARO:3000917_TEM-48	99.567	231	1	0	1	231	420	650	3.63e-119	422
NODE_214212_length_231_cov_1.01705	gb_JX042489_+_141-1002_ARO:3000890_TEM-19	99.567	231	1	0	1	231	420	650	3.63e-119	422
NODE_214212_length_231_cov_1.01705	gb_AY368236_+_0-861_ARO:3000989_TEM-127	99.567	231	1	0	1	231	420	650	3.63e-119	422
NODE_214212_length_231_cov_1.01705	gb_AF495873_+_0-861_ARO:3000964_TEM-101	99.567	231	1	0	1	231	420	650	3.63e-119	422
NODE_214212_length_231_cov_1.01705	gb_AJ634602.1_-_7839-8700_ARO:3000999_TEM-135	99.567	231	1	0	1	231	420	650	3.63e-119	422
NODE_214212_length_231_cov_1.01705	gb_DQ075245_+_217-1078_ARO:3001006_TEM-143	99.567	231	1	0	1	231	420	650	3.63e-119	422
NODE_214212_length_231_cov_1.01705	gb_DQ072853_+_0-861_ARO:3001003_TEM-139	99.567	231	1	0	1	231	420	650	3.63e-119	422
NODE_214212_length_231_cov_1.01705	gb_HQ877606_+_0-861_ARO:3001056_TEM-197	99.567	231	1	0	1	231	420	650	3.63e-119	422
NODE_214212_length_231_cov_1.01705	gb_EF136377_+_0-861_ARO:3001026_TEM-160	99.567	231	1	0	1	231	420	650	3.63e-119	422
NODE_214212_length_231_cov_1.01705	gb_DQ909059_+_0-861_ARO:3001023_TEM-157	99.567	231	1	0	1	231	420	650	3.63e-119	422
NODE_214212_length_231_cov_1.01705	gb_AY327540_+_0-858_ARO:3000986_TEM-124	99.567	231	1	0	1	231	420	650	3.63e-119	422
NODE_214212_length_231_cov_1.01705	gb_AJ318093_+_0-861_ARO:3000960_TEM-93	99.567	231	1	0	1	231	420	650	3.63e-119	422
NODE_214212_length_231_cov_1.01705	gb_X95401_+_208-1069_ARO:3000914_TEM-45	99.567	231	1	0	1	231	420	650	3.63e-119	422
NODE_214212_length_231_cov_1.01705	gb_AM049399_+_0-861_ARO:3001007_TEM-144	99.567	231	1	0	1	231	420	650	3.63e-119	422
NODE_214212_length_231_cov_1.01705	gb_AM941159_+_208-1069_ARO:3001022_TEM-156	99.567	231	1	0	1	231	420	650	3.63e-119	422
NODE_214212_length_231_cov_1.01705	gb_JN227084_+_308-1169_ARO:3001046_TEM-186	99.567	231	1	0	1	231	420	650	3.63e-119	422
NODE_214212_length_231_cov_1.01705	gb_FJ873740_+_0-858_ARO:3001035_TEM-169	99.567	231	1	0	1	231	420	650	3.63e-119	422
NODE_214212_length_231_cov_1.01705	gb_AY826417_+_0-861_ARO:3001000_TEM-136	99.567	231	1	0	1	231	420	650	3.63e-119	422
NODE_214212_length_231_cov_1.01705	gb_U37195_+_75-936_ARO:3000898_TEM-28	99.567	231	1	0	1	231	420	650	3.63e-119	422
NODE_214212_length_231_cov_1.01705	gb_Y17584_+_0-858_ARO:3000899_TEM-29	99.567	231	1	0	1	231	420	650	3.63e-119	422
NODE_214212_length_231_cov_1.01705	gb_KC149518_+_0-861_ARO:3001369_TEM-153	99.567	231	1	0	1	231	420	650	3.63e-119	422
NODE_214212_length_231_cov_1.01705	gb_AY092401_+_0-861_ARO:3000963_TEM-96	99.567	231	1	0	1	231	420	650	3.63e-119	422
NODE_214212_length_231_cov_1.01705	gb_Y10281_+_0-861_ARO:3000918_TEM-49	99.567	231	1	0	1	231	420	650	3.63e-119	422
NODE_214212_length_231_cov_1.01705	gb_X98047_+_0-844_ARO:3000911_TEM-42	99.567	231	1	0	1	231	411	641	3.63e-119	422
NODE_214212_length_231_cov_1.01705	gb_DQ388882_+_0-861_ARO:3001005_TEM-142	99.567	231	1	0	1	231	420	650	3.63e-119	422
NODE_214212_length_231_cov_1.01705	gb_AJ239002_+_0-861_ARO:3000935_TEM-68	99.567	231	1	0	1	231	420	650	3.63e-119	422
NODE_214212_length_231_cov_1.01705	gb_DQ286729_+_0-861_ARO:3000924_TEM-55	99.567	231	1	0	1	231	420	650	3.63e-119	422
NODE_214212_length_231_cov_1.01705	gb_X57972_+_339-1200_ARO:3000878_TEM-6	99.567	231	1	0	1	231	420	650	3.63e-119	422
NODE_214212_length_231_cov_1.01705	gb_KF663615_+_0-858_ARO:3001390_TEM-213	99.567	231	1	0	1	231	420	650	3.63e-119	422
NODE_214212_length_231_cov_1.01705	gb_AY243512_+_208-1069_ARO:3000982_TEM-120	99.567	231	1	0	1	231	420	650	3.63e-119	422
NODE_214212_length_231_cov_1.01705	gb_AF093512_+_197-1058_ARO:3000882_TEM-10	99.567	231	1	0	1	231	420	650	3.63e-119	422
NODE_214212_length_231_cov_1.01705	gb_EF468463_+_66-927_ARO:3001028_TEM-162	99.567	231	1	0	1	231	420	650	3.63e-119	422
NODE_214212_length_231_cov_1.01705	gb_AY039040_+_188-1022_ARO:3000956_TEM-89	99.567	231	1	0	1	231	420	650	3.63e-119	422
NODE_214212_length_231_cov_1.01705	gb_AY072920_+_0-861_ARO:3000973_TEM-110	99.567	231	1	0	1	231	420	650	3.63e-119	422
NODE_214212_length_231_cov_1.01705	gb_AY101578_+_214-1075_ARO:3000969_TEM-106	99.567	231	1	0	1	231	420	650	3.63e-119	422
NODE_214212_length_231_cov_1.01705	gb_AJ308558_+_181-1042_ARO:3000962_TEM-95	99.567	231	1	0	1	231	420	650	3.63e-119	422
NODE_214212_length_231_cov_1.01705	gb_Y13612_+_0-861_ARO:3000921_TEM-52	99.567	231	1	0	1	231	420	650	3.63e-119	422
NODE_214212_length_231_cov_1.01705	gb_AF427130_+_208-1069_ARO:3000951_TEM-84	99.567	231	1	0	1	231	420	650	3.63e-119	422
NODE_214212_length_231_cov_1.01705	gb_JN211012_+_213-1074_ARO:3001048_TEM-188	99.567	231	1	0	1	231	420	650	3.63e-119	422
NODE_214212_length_231_cov_1.01705	gb_AY368237_+_0-861_ARO:3000990_TEM-128	99.567	231	1	0	1	231	420	650	3.63e-119	422
NODE_214212_length_231_cov_1.01705	gb_Y17583_+_213-1071_ARO:3000893_TEM-22	99.567	231	1	0	1	231	420	650	3.63e-119	422
NODE_214212_length_231_cov_1.01705	gb_HQ317449_+_0-861_ARO:3001373_TEM-182	99.567	231	1	0	1	231	420	650	3.63e-119	422
NODE_214212_length_231_cov_1.01705	gb_X54606_+_214-1075_ARO:3000874_TEM-2	99.567	231	1	0	1	231	420	650	3.63e-119	422
NODE_214212_length_231_cov_1.01705	gb_AF203816_+_210-1071_ARO:3000937_TEM-71	99.567	231	1	0	1	231	420	650	3.63e-119	422
NODE_214212_length_231_cov_1.01705	gb_DQ679961_+_114-975_ARO:3001021_TEM-155	99.567	231	1	0	1	231	420	650	3.63e-119	422
NODE_214212_length_231_cov_1.01705	gb_AY589493_+_166-1027_ARO:3000975_TEM-112	99.567	231	1	0	1	231	420	650	3.63e-119	422
NODE_214212_length_231_cov_1.01705	gb_AM087454_+_208-1069_ARO:3001015_TEM-148	99.567	231	1	0	1	231	420	650	3.63e-119	422
NODE_214212_length_231_cov_1.01705	gb_Y14574_+_0-861_ARO:3000888_TEM-17	99.567	231	1	0	1	231	420	650	3.63e-119	422
NODE_214212_length_231_cov_1.01705	gb_AF091113_+_450-1311_ARO:3000934_TEM-67	99.567	231	1	0	1	231	420	650	3.63e-119	422
NODE_214212_length_231_cov_1.01705	gb_EF534736_+_213-1074_ARO:3001024_TEM-158	99.567	231	1	0	1	231	420	650	3.63e-119	422
NODE_214212_length_231_cov_1.01705	gb_AY628175_+_210-1071_ARO:3000972_TEM-109	99.567	231	1	0	1	231	420	650	3.63e-119	422
NODE_214212_length_231_cov_1.01705	gb_NC_002156_+_1429-2290_ARO:3000979_TEM-116	99.567	231	1	0	1	231	420	650	3.63e-119	422
NODE_214212_length_231_cov_1.01705	gb_Y10279_+_0-861_ARO:3000916_TEM-47	99.567	231	1	0	1	231	420	650	3.63e-119	422
NODE_214212_length_231_cov_1.01705	gb_AF062386_+_30-862_ARO:3000928_TEM-59	99.567	231	1	0	1	231	420	650	3.63e-119	422
NODE_214212_length_231_cov_1.01705	gb_KM998962.1_+_0-861_ARO:3003158_TEM-220	99.134	231	2	0	1	231	420	650	1.69e-117	416
NODE_214212_length_231_cov_1.01705	gb_JN416112_+_0-861_ARO:3001050_TEM-190	99.134	231	2	0	1	231	420	650	1.69e-117	416
NODE_214212_length_231_cov_1.01705	gb_AJ277415_+_0-861_ARO:3000953_TEM-86	99.134	231	2	0	1	231	420	650	1.69e-117	416
NODE_214212_length_231_cov_1.01705	gb_AJ318094_+_0-861_ARO:3000961_TEM-94	99.134	231	2	0	1	231	420	650	1.69e-117	416
NODE_214212_length_231_cov_1.01705	gb_X65252_+_175-1036_ARO:3000880_TEM-8	99.134	231	2	0	1	231	420	650	1.69e-117	416
NODE_214212_length_231_cov_1.01705	gb_M88143_+_367-1228_ARO:3000884_TEM-12	99.134	231	2	0	1	231	420	650	1.69e-117	416
NODE_214212_length_231_cov_1.01705	gb_AF104441_+_193-1054_ARO:3000922_TEM-53	99.134	231	2	0	1	231	420	650	1.69e-117	416
NODE_214212_length_231_cov_1.01705	gb_AF535127_+_208-1069_ARO:3000978_TEM-115	99.134	231	2	0	1	231	420	650	1.69e-117	416
NODE_214212_length_231_cov_1.01705	gb_KF513179_+_0-861_ARO:3001388_TEM-211	99.134	231	2	0	1	231	420	650	1.69e-117	416
NODE_214212_length_231_cov_1.01705	gb_AJ866988_+_0-861_ARO:3000994_TEM-130	99.134	231	2	0	1	231	420	650	1.69e-117	416
NODE_214212_length_231_cov_1.01705	gb_AY130284_+_0-785_ARO:3000941_TEM-75	99.134	231	2	0	1	231	384	614	1.69e-117	416
NODE_214212_length_231_cov_1.01705	gb_JX050178_+_0-852_ARO:3001058_TEM-199	99.134	231	2	0	1	231	412	642	1.69e-117	416
NODE_214212_length_231_cov_1.01705	gb_AJ277414_+_0-861_ARO:3000952_TEM-85	99.134	231	2	0	1	231	420	650	1.69e-117	416
NODE_214212_length_231_cov_1.01705	gb_AY589495_+_181-1042_ARO:3000977_TEM-114	99.134	231	2	0	1	231	420	650	1.69e-117	416
NODE_214212_length_231_cov_1.01705	gb_AY574271_+_0-861_ARO:3000998_TEM-134	99.134	231	2	0	1	231	420	650	1.69e-117	416
NODE_214212_length_231_cov_1.01705	gb_AJ746225_+_0-861_ARO:3000993_TEM-129	99.134	231	2	0	1	231	420	650	1.69e-117	416
NODE_214212_length_231_cov_1.01705	gb_Y17581_+_78-936_ARO:3000891_TEM-20	99.134	231	2	0	1	231	420	650	1.69e-117	416
NODE_214212_length_231_cov_1.01705	gb_AY130285_+_0-785_ARO:3000981_TEM-118	99.134	231	2	0	1	231	384	614	1.69e-117	416
NODE_214212_length_231_cov_1.01705	gb_AM286274_+_0-861_ARO:3001001_TEM-137	99.134	231	2	0	1	231	420	650	1.69e-117	416
NODE_214212_length_231_cov_1.01705	gb_AY027590_+_112-973_ARO:3000955_TEM-88	99.134	231	2	0	1	231	420	650	1.69e-117	416
NODE_214212_length_231_cov_1.01705	gb_DQ834728_+_205-1066_ARO:3001019_TEM-152	99.134	231	2	0	1	231	420	650	1.69e-117	416
NODE_214212_length_231_cov_1.01705	gb_JF795538_+_0-861_ARO:3001374_TEM-185	99.134	231	2	0	1	231	420	650	1.69e-117	416
NODE_214212_length_231_cov_1.01705	gb_AF427129_+_208-1069_ARO:3000950_TEM-83	99.134	231	2	0	1	231	420	650	1.69e-117	416
NODE_214212_length_231_cov_1.01705	gb_AY589494_+_193-1054_ARO:3000976_TEM-113	99.134	231	2	0	1	231	420	650	1.69e-117	416
NODE_214212_length_231_cov_1.01705	gb_L19940_+_197-1006_ARO:3000896_TEM-26	99.134	231	2	0	1	231	420	650	1.69e-117	416
NODE_214212_length_231_cov_1.01705	gb_EF136376_+_0-861_ARO:3001025_TEM-159	99.134	231	2	0	1	231	420	650	1.69e-117	416
NODE_214212_length_231_cov_1.01705	gb_Y17582_+_0-858_ARO:3000892_TEM-21	99.134	231	2	0	1	231	420	650	1.69e-117	416
NODE_214212_length_231_cov_1.01705	gb_AY101764_+_206-1067_ARO:3000970_TEM-107	99.134	231	2	0	1	231	420	650	1.69e-117	416
NODE_214212_length_231_cov_1.01705	gb_AY528425_+_0-861_ARO:3000997_TEM-133	99.134	231	2	0	1	231	420	650	1.69e-117	416
NODE_214212_length_231_cov_1.01705	gb_DQ834729_+_205-1066_ARO:3001018_TEM-151	99.134	231	2	0	1	231	420	650	1.69e-117	416
NODE_214212_length_231_cov_1.01705	gb_AY874537_+_177-1038_ARO:3000883_TEM-11	99.134	231	2	0	1	231	420	650	1.69e-117	416
NODE_214212_length_231_cov_1.01705	gb_AB049569_+_0-861_ARO:3000958_TEM-91	99.134	231	2	0	1	231	420	650	1.69e-117	416
NODE_214212_length_231_cov_1.01705	gb_AF143804_+_0-861_ARO:3000959_TEM-92	99.134	231	2	0	1	231	420	650	1.69e-117	416
NODE_214212_length_231_cov_1.01705	gb_AY853593_+_214-1075_ARO:3001002_TEM-138	99.134	231	2	0	1	231	420	650	1.69e-117	416
NODE_214212_length_231_cov_1.01705	gb_AY271267_+_0-861_ARO:3000983_TEM-121	99.134	231	2	0	1	231	420	650	1.69e-117	416
NODE_214212_length_231_cov_1.01705	gb_AF190693_+_208-1069_ARO:3000944_TEM-78	99.134	231	2	0	1	231	420	650	1.69e-117	416
NODE_214212_length_231_cov_1.01705	gb_U95363_+_0-861_ARO:3000912_TEM-43	99.134	231	2	0	1	231	420	650	1.69e-117	416
NODE_214212_length_231_cov_1.01705	gb_X65254_+_175-1036_ARO:3000887_TEM-16	99.134	231	2	0	1	231	420	650	1.69e-117	416
NODE_214212_length_231_cov_1.01705	gb_AY491682_+_0-861_ARO:3000996_TEM-132	99.134	231	2	0	1	231	420	650	1.69e-117	416
NODE_214212_length_231_cov_1.01705	gb_AF527798.1_+_0-785_ARO:3000879_TEM-7	99.134	231	2	0	1	231	384	614	1.69e-117	416
NODE_214212_length_231_cov_1.01705	gb_AF157553_+_147-1008_ARO:3000938_TEM-72	99.134	231	2	0	1	231	420	650	1.69e-117	416
NODE_214212_length_231_cov_1.01705	gb_AY628199_+_203-1064_ARO:3000988_TEM-126	99.134	231	2	0	1	231	420	650	1.69e-117	416
NODE_214212_length_231_cov_1.01705	gb_AY436361_+_131-992_ARO:3000995_TEM-131	98.701	231	3	0	1	231	420	650	7.87e-116	411
NODE_214212_length_231_cov_1.01705	gb_FR848831_+_0-861_ARO:3001375_TEM-184	98.701	231	3	0	1	231	420	650	7.87e-116	411
NODE_214212_length_231_cov_1.01705	gb_DQ369751_+_0-861_ARO:3001016_TEM-149	98.701	231	3	0	1	231	420	650	7.87e-116	411
NODE_214212_length_231_cov_1.01705	gb_FN652295_+_0-861_ARO:3001042_TEM-177	98.701	231	3	0	1	231	420	650	7.87e-116	411
NODE_214212_length_231_cov_1.01705	gb_AY628176_+_75-936_ARO:3000987_TEM-125	98.701	231	3	0	1	231	420	650	7.87e-116	411
NODE_214212_length_231_cov_1.01705	gb_HM246246_+_211-1069_ARO:3001047_TEM-187	98.701	231	3	0	1	231	420	650	7.87e-116	411
NODE_214212_length_231_cov_1.01705	gb_AY040093_+_68-929_ARO:3000965_TEM-102	98.701	231	3	0	1	231	420	650	7.87e-116	411
NODE_214212_length_231_cov_1.01705	gb_AF047171_+_135-996_ARO:3000929_TEM-60	98.268	231	4	0	1	231	420	650	3.66e-114	405
NODE_214212_length_231_cov_1.01705	gb_AF332513_+_103-964_ARO:3000931_TEM-63	98.684	228	3	0	1	228	420	647	3.66e-114	405
NODE_214212_length_231_cov_1.01705	gb_KC900516_+_0-858_ARO:3001382_TEM-205	98.268	231	4	0	1	231	420	650	3.66e-114	405
NODE_214212_length_231_cov_1.01705	gb_AF250872_+_0-861_ARO:3000954_TEM-87	98.268	231	4	0	1	231	420	650	3.66e-114	405
NODE_214212_length_231_cov_1.01705	gb_JN935137_+_0-861_ARO:3001055_TEM-195	96.104	231	9	0	1	231	420	650	7.98e-106	377
NODE_214212_length_231_cov_1.01705	gb_X97254_+_153-1011_ARO:3001043_TEM-178	96.104	231	6	1	1	231	420	647	1.03e-104	374
NODE_214212_length_231_cov_1.01705	gb_JN935135_+_0-861_ARO:3001053_TEM-193	94.828	232	10	2	1	231	420	650	8.04e-101	361
NODE_214212_length_231_cov_1.01705	gb_JN935136_+_0-861_ARO:3001054_TEM-194	93.506	231	15	0	1	231	420	650	8.09e-96	344
NODE_215624_length_231_cov_32.9659	gb_Z21523_+_0-1974_ARO:3000191_tetQ	88.745	231	26	0	1	231	964	734	1.79e-77	283
NODE_235939_length_220_cov_1.09091	gb_L20800_+_1062-2325_ARO:3000180_tetA(P)	95.385	130	6	0	1	130	130	1	1.05e-54	207
NODE_236892_length_220_cov_0.818182	gb_AJ252200_+_1278-4401_ARO:3003056_smeE	94.872	39	2	0	67	105	345	307	8.65e-11	62.1
NODE_239219_length_219_cov_10.3659	gb_AF319779.2_+_32-833_ARO:3000604_Erm(35)	100.000	28	0	0	1	28	28	1	5.18e-08	52.8
NODE_239219_length_219_cov_10.3659	gb_M17124_+_1181-1982_ARO:3000498_ErmF	100.000	28	0	0	1	28	28	1	5.18e-08	52.8
NODE_248738_length_215_cov_0.7875	gb_KM998962.1_+_0-861_ARO:3003158_TEM-220	99.535	215	1	0	1	215	70	284	2.63e-110	392
NODE_248738_length_215_cov_0.7875	gb_KP050492_+_0-861_ARO:3001392_TEM-215	99.535	215	1	0	1	215	70	284	2.63e-110	392
NODE_248738_length_215_cov_0.7875	gb_AF516720_+_214-1075_ARO:3000968_TEM-105	99.535	215	1	0	1	215	70	284	2.63e-110	392
NODE_248738_length_215_cov_0.7875	gb_AF190694_+_208-1069_ARO:3000942_TEM-76	99.535	215	1	0	1	215	70	284	2.63e-110	392
NODE_248738_length_215_cov_0.7875	gb_KC865667_+_183-1044_ARO:3001385_TEM-208	99.535	215	1	0	1	215	70	284	2.63e-110	392
NODE_248738_length_215_cov_0.7875	gb_AF188199_+_214-1075_ARO:3000936_TEM-70	99.535	215	1	0	1	215	70	284	2.63e-110	392
NODE_248738_length_215_cov_0.7875	gb_DQ279850_+_0-861_ARO:3001014_TEM-147	99.535	215	1	0	1	215	70	284	2.63e-110	392
NODE_248738_length_215_cov_0.7875	gb_AY368236_+_0-861_ARO:3000989_TEM-127	99.535	215	1	0	1	215	70	284	2.63e-110	392
NODE_248738_length_215_cov_0.7875	gb_AJ634602.1_-_7839-8700_ARO:3000999_TEM-135	99.535	215	1	0	1	215	70	284	2.63e-110	392
NODE_248738_length_215_cov_0.7875	gb_DQ075245_+_217-1078_ARO:3001006_TEM-143	99.535	215	1	0	1	215	70	284	2.63e-110	392
NODE_248738_length_215_cov_0.7875	gb_AM849805_+_262-1123_ARO:3000886_TEM-15	99.535	215	1	0	1	215	70	284	2.63e-110	392
NODE_248738_length_215_cov_0.7875	gb_AY327540_+_0-858_ARO:3000986_TEM-124	99.535	215	1	0	1	215	70	284	2.63e-110	392
NODE_248738_length_215_cov_0.7875	gb_AF516719_+_214-1075_ARO:3000967_TEM-104	99.535	215	1	0	1	215	70	284	2.63e-110	392
NODE_248738_length_215_cov_0.7875	gb_AM049399_+_0-861_ARO:3001007_TEM-144	99.535	215	1	0	1	215	70	284	2.63e-110	392
NODE_248738_length_215_cov_0.7875	gb_JN227084_+_308-1169_ARO:3001046_TEM-186	99.535	215	1	0	1	215	70	284	2.63e-110	392
NODE_248738_length_215_cov_0.7875	gb_AY826417_+_0-861_ARO:3001000_TEM-136	99.535	215	1	0	1	215	70	284	2.63e-110	392
NODE_248738_length_215_cov_0.7875	gb_U37195_+_75-936_ARO:3000898_TEM-28	99.535	215	1	0	1	215	70	284	2.63e-110	392
NODE_248738_length_215_cov_0.7875	gb_Y17584_+_0-858_ARO:3000899_TEM-29	99.535	215	1	0	1	215	70	284	2.63e-110	392
NODE_248738_length_215_cov_0.7875	gb_KC149518_+_0-861_ARO:3001369_TEM-153	99.535	215	1	0	1	215	70	284	2.63e-110	392
NODE_248738_length_215_cov_0.7875	gb_AY092401_+_0-861_ARO:3000963_TEM-96	99.535	215	1	0	1	215	70	284	2.63e-110	392
NODE_248738_length_215_cov_0.7875	gb_AY027590_+_112-973_ARO:3000955_TEM-88	99.535	215	1	0	1	215	70	284	2.63e-110	392
NODE_248738_length_215_cov_0.7875	gb_EU815939_+_0-861_ARO:3001029_TEM-163	99.535	215	1	0	1	215	70	284	2.63e-110	392
NODE_248738_length_215_cov_0.7875	gb_AJ239002_+_0-861_ARO:3000935_TEM-68	99.535	215	1	0	1	215	70	284	2.63e-110	392
NODE_248738_length_215_cov_0.7875	gb_DQ286729_+_0-861_ARO:3000924_TEM-55	99.535	215	1	0	1	215	70	284	2.63e-110	392
NODE_248738_length_215_cov_0.7875	gb_HG934763_+_0-861_ARO:3001394_TEM-217	99.535	215	1	0	1	215	70	284	2.63e-110	392
NODE_248738_length_215_cov_0.7875	gb_AJ437107_+_208-1069_ARO:3000900_TEM-30	99.535	215	1	0	1	215	70	284	2.63e-110	392
NODE_248738_length_215_cov_0.7875	gb_AF093512_+_197-1058_ARO:3000882_TEM-10	99.535	215	1	0	1	215	70	284	2.63e-110	392
NODE_248738_length_215_cov_0.7875	gb_DQ105528_+_0-861_ARO:3001012_TEM-145	99.535	215	1	0	1	215	70	284	2.63e-110	392
NODE_248738_length_215_cov_0.7875	gb_AY101764_+_206-1067_ARO:3000970_TEM-107	99.535	215	1	0	1	215	70	284	2.63e-110	392
NODE_248738_length_215_cov_0.7875	gb_AY101578_+_214-1075_ARO:3000969_TEM-106	99.535	215	1	0	1	215	70	284	2.63e-110	392
NODE_248738_length_215_cov_0.7875	gb_AJ308558_+_181-1042_ARO:3000962_TEM-95	99.535	215	1	0	1	215	70	284	2.63e-110	392
NODE_248738_length_215_cov_0.7875	gb_JF949916_+_0-757_ARO:3001051_TEM-191	99.535	215	1	0	1	215	40	254	2.63e-110	392
NODE_248738_length_215_cov_0.7875	gb_AY368237_+_0-861_ARO:3000990_TEM-128	99.535	215	1	0	1	215	70	284	2.63e-110	392
NODE_248738_length_215_cov_0.7875	gb_KP050491_+_0-861_ARO:3001391_TEM-214	99.535	215	1	0	1	215	70	284	2.63e-110	392
NODE_248738_length_215_cov_0.7875	gb_AY307100_+_0-861_ARO:3000984_TEM-122	99.535	215	1	0	1	215	70	284	2.63e-110	392
NODE_248738_length_215_cov_0.7875	gb_AL513383_+_161910-162771_ARO:3000873_TEM-1	99.535	215	1	0	1	215	70	284	2.63e-110	392
NODE_248738_length_215_cov_0.7875	gb_FJ197316_+_0-861_ARO:3001032_TEM-166	99.535	215	1	0	1	215	70	284	2.63e-110	392
NODE_248738_length_215_cov_0.7875	gb_AM087454_+_208-1069_ARO:3001015_TEM-148	99.535	215	1	0	1	215	70	284	2.63e-110	392
NODE_248738_length_215_cov_0.7875	gb_GU550123_+_144-1005_ARO:3001041_TEM-176	99.535	215	1	0	1	215	70	284	2.63e-110	392
NODE_248738_length_215_cov_0.7875	gb_KC818234_+_0-861_ARO:3001384_TEM-207	99.535	215	1	0	1	215	70	284	2.63e-110	392
NODE_248738_length_215_cov_0.7875	gb_AB049569_+_0-861_ARO:3000958_TEM-91	99.535	215	1	0	1	215	70	284	2.63e-110	392
NODE_248738_length_215_cov_0.7875	gb_KC783461_+_0-861_ARO:3001383_TEM-206	99.535	215	1	0	1	215	70	284	2.63e-110	392
NODE_248738_length_215_cov_0.7875	gb_AB700703_+_161-1022_ARO:3001057_TEM-198	99.535	215	1	0	1	215	70	284	2.63e-110	392
NODE_248738_length_215_cov_0.7875	gb_U95363_+_0-861_ARO:3000912_TEM-43	99.535	215	1	0	1	215	70	284	2.63e-110	392
NODE_248738_length_215_cov_0.7875	gb_Y10279_+_0-861_ARO:3000916_TEM-47	99.535	215	1	0	1	215	70	284	2.63e-110	392
NODE_248738_length_215_cov_0.7875	gb_AY491682_+_0-861_ARO:3000996_TEM-132	99.535	215	1	0	1	215	70	284	2.63e-110	392
NODE_248738_length_215_cov_0.7875	gb_AY628199_+_203-1064_ARO:3000988_TEM-126	99.535	215	1	0	1	215	70	284	2.63e-110	392
NODE_248738_length_215_cov_0.7875	gb_NG_050265_+_100-961_ARO:3000876_TEM-4	99.070	215	2	0	1	215	70	284	1.23e-108	387
NODE_248738_length_215_cov_0.7875	gb_JQ034306_+_0-861_ARO:3001376_TEM-196	99.070	215	2	0	1	215	70	284	1.23e-108	387
NODE_248738_length_215_cov_0.7875	gb_AF506748_+_38-899_ARO:3000971_TEM-108	99.070	215	2	0	1	215	70	284	1.23e-108	387
NODE_248738_length_215_cov_0.7875	gb_AY327539_+_0-858_ARO:3000985_TEM-123	99.070	215	2	0	1	215	70	284	1.23e-108	387
NODE_248738_length_215_cov_0.7875	gb_FJ405211_+_0-861_ARO:3000926_TEM-57	99.070	215	2	0	1	215	70	284	1.23e-108	387
NODE_248738_length_215_cov_0.7875	gb_AF468003_+_0-861_ARO:3000974_TEM-111	99.070	215	2	0	1	215	70	284	1.23e-108	387
NODE_248738_length_215_cov_0.7875	gb_FJ360884_+_213-1074_ARO:3001033_TEM-167	99.070	215	2	0	1	215	70	284	1.23e-108	387
NODE_248738_length_215_cov_0.7875	gb_AJ277415_+_0-861_ARO:3000953_TEM-86	99.070	215	2	0	1	215	70	284	1.23e-108	387
NODE_248738_length_215_cov_0.7875	gb_AJ318094_+_0-861_ARO:3000961_TEM-94	99.070	215	2	0	1	215	70	284	1.23e-108	387
NODE_248738_length_215_cov_0.7875	gb_EU274580_+_214-1075_ARO:3001030_TEM-164	99.070	215	2	0	1	215	70	284	1.23e-108	387
NODE_248738_length_215_cov_0.7875	gb_Y10280_+_0-861_ARO:3000917_TEM-48	99.070	215	2	0	1	215	70	284	1.23e-108	387
NODE_248738_length_215_cov_0.7875	gb_M88143_+_367-1228_ARO:3000884_TEM-12	99.070	215	2	0	1	215	70	284	1.23e-108	387
NODE_248738_length_215_cov_0.7875	gb_JX042489_+_141-1002_ARO:3000890_TEM-19	99.070	215	2	0	1	215	70	284	1.23e-108	387
NODE_248738_length_215_cov_0.7875	gb_AF104441_+_193-1054_ARO:3000922_TEM-53	99.070	215	2	0	1	215	70	284	1.23e-108	387
NODE_248738_length_215_cov_0.7875	gb_FR848831_+_0-861_ARO:3001375_TEM-184	99.070	215	2	0	1	215	70	284	1.23e-108	387
NODE_248738_length_215_cov_0.7875	gb_AF535127_+_208-1069_ARO:3000978_TEM-115	99.070	215	2	0	1	215	70	284	1.23e-108	387
NODE_248738_length_215_cov_0.7875	gb_KF513179_+_0-861_ARO:3001388_TEM-211	99.070	215	2	0	1	215	70	284	1.23e-108	387
NODE_248738_length_215_cov_0.7875	gb_AY130282_+_0-764_ARO:3000980_TEM-117	99.070	215	2	0	1	215	34	248	1.23e-108	387
NODE_248738_length_215_cov_0.7875	gb_HQ877606_+_0-861_ARO:3001056_TEM-197	99.070	215	2	0	1	215	70	284	1.23e-108	387
NODE_248738_length_215_cov_0.7875	gb_JN935136_+_0-861_ARO:3001054_TEM-194	99.070	215	2	0	1	215	70	284	1.23e-108	387
NODE_248738_length_215_cov_0.7875	gb_FJ919776_+_208-1069_ARO:3001034_TEM-168	99.070	215	2	0	1	215	70	284	1.23e-108	387
NODE_248738_length_215_cov_0.7875	gb_AY130284_+_0-785_ARO:3000941_TEM-75	99.070	215	2	0	1	215	34	248	1.23e-108	387
NODE_248738_length_215_cov_0.7875	gb_KF944358_+_0-861_ARO:3001393_TEM-216	99.070	215	2	0	1	215	70	284	1.23e-108	387
NODE_248738_length_215_cov_0.7875	gb_FR717535_+_0-861_ARO:3000910_TEM-40	99.070	215	2	0	1	215	70	284	1.23e-108	387
NODE_248738_length_215_cov_0.7875	gb_AJ277414_+_0-861_ARO:3000952_TEM-85	99.070	215	2	0	1	215	70	284	1.23e-108	387
NODE_248738_length_215_cov_0.7875	gb_JN935135_+_0-861_ARO:3001053_TEM-193	99.070	215	2	0	1	215	70	284	1.23e-108	387
NODE_248738_length_215_cov_0.7875	gb_DQ369751_+_0-861_ARO:3001016_TEM-149	99.070	215	2	0	1	215	70	284	1.23e-108	387
NODE_248738_length_215_cov_0.7875	gb_AJ318093_+_0-861_ARO:3000960_TEM-93	99.070	215	2	0	1	215	70	284	1.23e-108	387
NODE_248738_length_215_cov_0.7875	gb_AY956335_+_38-899_ARO:3001004_TEM-141	99.070	215	2	0	1	215	70	284	1.23e-108	387
NODE_248738_length_215_cov_0.7875	gb_KM114268_+_0-861_ARO:3003157_TEM-219	99.070	215	2	0	1	215	70	284	1.23e-108	387
NODE_248738_length_215_cov_0.7875	gb_AF104442_+_193-1054_ARO:3000923_TEM-54	99.070	215	2	0	1	215	70	284	1.23e-108	387
NODE_248738_length_215_cov_0.7875	gb_DQ105529_+_0-861_ARO:3001013_TEM-146	99.070	215	2	0	1	215	70	284	1.23e-108	387
NODE_248738_length_215_cov_0.7875	gb_AM941159_+_208-1069_ARO:3001022_TEM-156	99.070	215	2	0	1	215	70	284	1.23e-108	387
NODE_248738_length_215_cov_0.7875	gb_AF351241_+_89-950_ARO:3000957_TEM-90	99.070	215	2	0	1	215	70	284	1.23e-108	387
NODE_248738_length_215_cov_0.7875	gb_AF190692_+_208-1069_ARO:3000946_TEM-79	99.070	215	2	0	1	215	70	284	1.23e-108	387
NODE_248738_length_215_cov_0.7875	gb_FJ873740_+_0-858_ARO:3001035_TEM-169	99.070	215	2	0	1	215	70	284	1.23e-108	387
NODE_248738_length_215_cov_0.7875	gb_Y17581_+_78-936_ARO:3000891_TEM-20	99.070	215	2	0	1	215	70	284	1.23e-108	387
NODE_248738_length_215_cov_0.7875	gb_AY130285_+_0-785_ARO:3000981_TEM-118	99.070	215	2	0	1	215	34	248	1.23e-108	387
NODE_248738_length_215_cov_0.7875	gb_KF240808_+_0-861_ARO:3001386_TEM-209	99.070	215	2	0	1	215	70	284	1.23e-108	387
NODE_248738_length_215_cov_0.7875	gb_AM286274_+_0-861_ARO:3001001_TEM-137	99.070	215	2	0	1	215	70	284	1.23e-108	387
NODE_248738_length_215_cov_0.7875	gb_Y10281_+_0-861_ARO:3000918_TEM-49	99.070	215	2	0	1	215	70	284	1.23e-108	387
NODE_248738_length_215_cov_0.7875	gb_AF332513_+_103-964_ARO:3000931_TEM-63	99.070	215	2	0	1	215	70	284	1.23e-108	387
NODE_248738_length_215_cov_0.7875	gb_DQ388882_+_0-861_ARO:3001005_TEM-142	99.070	215	2	0	1	215	70	284	1.23e-108	387
NODE_248738_length_215_cov_0.7875	gb_L19940_+_197-1006_ARO:3000896_TEM-26	99.070	215	2	0	1	215	70	284	1.23e-108	387
NODE_248738_length_215_cov_0.7875	gb_X57972_+_339-1200_ARO:3000878_TEM-6	99.070	215	2	0	1	215	70	284	1.23e-108	387
NODE_248738_length_215_cov_0.7875	gb_JF949915_+_0-754_ARO:3001052_TEM-192	99.070	215	2	0	1	215	40	254	1.23e-108	387
NODE_248738_length_215_cov_0.7875	gb_AY243512_+_208-1069_ARO:3000982_TEM-120	99.070	215	2	0	1	215	70	284	1.23e-108	387
NODE_248738_length_215_cov_0.7875	gb_JX310327_+_0-861_ARO:3001378_TEM-201	99.070	215	2	0	1	215	70	284	1.23e-108	387
NODE_248738_length_215_cov_0.7875	gb_AJ012256_+_208-1069_ARO:3000939_TEM-73	99.070	215	2	0	1	215	70	284	1.23e-108	387
NODE_248738_length_215_cov_0.7875	gb_AY072920_+_0-861_ARO:3000973_TEM-110	99.070	215	2	0	1	215	70	284	1.23e-108	387
NODE_248738_length_215_cov_0.7875	gb_HM246246_+_211-1069_ARO:3001047_TEM-187	99.070	215	2	0	1	215	70	284	1.23e-108	387
NODE_248738_length_215_cov_0.7875	gb_AY528425_+_0-861_ARO:3000997_TEM-133	99.070	215	2	0	1	215	70	284	1.23e-108	387
NODE_248738_length_215_cov_0.7875	gb_Y13612_+_0-861_ARO:3000921_TEM-52	99.070	215	2	0	1	215	70	284	1.23e-108	387
NODE_248738_length_215_cov_0.7875	gb_AF427130_+_208-1069_ARO:3000951_TEM-84	99.070	215	2	0	1	215	70	284	1.23e-108	387
NODE_248738_length_215_cov_0.7875	gb_JN211012_+_213-1074_ARO:3001048_TEM-188	99.070	215	2	0	1	215	70	284	1.23e-108	387
NODE_248738_length_215_cov_0.7875	gb_HQ317449_+_0-861_ARO:3001373_TEM-182	99.070	215	2	0	1	215	70	284	1.23e-108	387
NODE_248738_length_215_cov_0.7875	gb_GU371926_-_50304-51165_ARO:3000903_TEM-33	99.070	215	2	0	1	215	70	284	1.23e-108	387
NODE_248738_length_215_cov_0.7875	gb_AF203816_+_210-1071_ARO:3000937_TEM-71	99.070	215	2	0	1	215	70	284	1.23e-108	387
NODE_248738_length_215_cov_0.7875	gb_AY589493_+_166-1027_ARO:3000975_TEM-112	99.070	215	2	0	1	215	70	284	1.23e-108	387
NODE_248738_length_215_cov_0.7875	gb_EF534736_+_213-1074_ARO:3001024_TEM-158	99.070	215	2	0	1	215	70	284	1.23e-108	387
NODE_248738_length_215_cov_0.7875	gb_AF143804_+_0-861_ARO:3000959_TEM-92	99.070	215	2	0	1	215	70	284	1.23e-108	387
NODE_248738_length_215_cov_0.7875	gb_AY853593_+_214-1075_ARO:3001002_TEM-138	99.070	215	2	0	1	215	70	284	1.23e-108	387
NODE_248738_length_215_cov_0.7875	gb_JN935137_+_0-861_ARO:3001055_TEM-195	99.070	215	2	0	1	215	70	284	1.23e-108	387
NODE_248738_length_215_cov_0.7875	gb_HQ529916_+_110-971_ARO:3001045_TEM-183	99.070	215	2	0	1	215	70	284	1.23e-108	387
NODE_248738_length_215_cov_0.7875	gb_AF250872_+_0-861_ARO:3000954_TEM-87	99.070	215	2	0	1	215	70	284	1.23e-108	387
NODE_248738_length_215_cov_0.7875	gb_AY628175_+_210-1071_ARO:3000972_TEM-109	99.070	215	2	0	1	215	70	284	1.23e-108	387
NODE_248738_length_215_cov_0.7875	gb_KC292503_+_4334-5195_ARO:3000904_TEM-34	99.070	215	2	0	1	215	70	284	1.23e-108	387
NODE_248738_length_215_cov_0.7875	gb_AY436361_+_131-992_ARO:3000995_TEM-131	98.605	215	3	0	1	215	70	284	1.59e-107	383
NODE_248738_length_215_cov_0.7875	gb_AY040093_+_68-929_ARO:3000965_TEM-102	99.061	213	2	0	3	215	72	284	1.59e-107	383
NODE_248738_length_215_cov_0.7875	gb_JN254627_+_0-861_ARO:3001049_TEM-189	98.605	215	3	0	1	215	70	284	5.70e-107	381
NODE_248738_length_215_cov_0.7875	gb_X65253_+_175-1036_ARO:3000894_TEM-24	98.605	215	3	0	1	215	70	284	5.70e-107	381
NODE_248738_length_215_cov_0.7875	gb_JN416112_+_0-861_ARO:3001050_TEM-190	98.605	215	3	0	1	215	70	284	5.70e-107	381
NODE_248738_length_215_cov_0.7875	gb_FJ807656_+_0-861_ARO:3001020_TEM-154	98.605	215	3	0	1	215	70	284	5.70e-107	381
NODE_248738_length_215_cov_0.7875	gb_AM183304_+_208-1069_ARO:3001017_TEM-150	98.605	215	3	0	1	215	70	284	5.70e-107	381
NODE_248738_length_215_cov_0.7875	gb_AF427128_+_208-1069_ARO:3000949_TEM-82	98.605	215	3	0	1	215	70	284	5.70e-107	381
NODE_248738_length_215_cov_0.7875	gb_X64523.1_-_476-1337_ARO:3000875_TEM-3	98.605	215	3	0	1	215	70	284	5.70e-107	381
NODE_248738_length_215_cov_0.7875	gb_X65252_+_175-1036_ARO:3000880_TEM-8	98.605	215	3	0	1	215	70	284	5.70e-107	381
NODE_248738_length_215_cov_0.7875	gb_AF495873_+_0-861_ARO:3000964_TEM-101	98.605	215	3	0	1	215	70	284	5.70e-107	381
NODE_248738_length_215_cov_0.7875	gb_AF347054_+_208-1069_ARO:3000947_TEM-80	98.605	215	3	0	1	215	70	284	5.70e-107	381
NODE_248738_length_215_cov_0.7875	gb_AF427127_+_208-1069_ARO:3000948_TEM-81	98.605	215	3	0	1	215	70	284	5.70e-107	381
NODE_248738_length_215_cov_0.7875	gb_JX050178_+_0-852_ARO:3001058_TEM-199	98.605	215	3	0	1	215	62	276	5.70e-107	381
NODE_248738_length_215_cov_0.7875	gb_DQ909059_+_0-861_ARO:3001023_TEM-157	98.605	215	3	0	1	215	70	284	5.70e-107	381
NODE_248738_length_215_cov_0.7875	gb_FN652295_+_0-861_ARO:3001042_TEM-177	98.605	215	3	0	1	215	70	284	5.70e-107	381
NODE_248738_length_215_cov_0.7875	gb_X95401_+_208-1069_ARO:3000914_TEM-45	98.605	215	3	0	1	215	70	284	5.70e-107	381
NODE_248738_length_215_cov_0.7875	gb_AY589495_+_181-1042_ARO:3000977_TEM-114	98.605	215	3	0	1	215	70	284	5.70e-107	381
NODE_248738_length_215_cov_0.7875	gb_AY574271_+_0-861_ARO:3000998_TEM-134	98.605	215	3	0	1	215	70	284	5.70e-107	381
NODE_248738_length_215_cov_0.7875	gb_AJ746225_+_0-861_ARO:3000993_TEM-129	98.605	215	3	0	1	215	70	284	5.70e-107	381
NODE_248738_length_215_cov_0.7875	gb_DQ834728_+_205-1066_ARO:3001019_TEM-152	98.605	215	3	0	1	215	70	284	5.70e-107	381
NODE_248738_length_215_cov_0.7875	gb_JF795538_+_0-861_ARO:3001374_TEM-185	98.605	215	3	0	1	215	70	284	5.70e-107	381
NODE_248738_length_215_cov_0.7875	gb_AF427129_+_208-1069_ARO:3000950_TEM-83	98.605	215	3	0	1	215	70	284	5.70e-107	381
NODE_248738_length_215_cov_0.7875	gb_AY589494_+_193-1054_ARO:3000976_TEM-113	98.605	215	3	0	1	215	70	284	5.70e-107	381
NODE_248738_length_215_cov_0.7875	gb_GQ149347_+_5269-6130_ARO:3001037_TEM-171	98.605	215	3	0	1	215	70	284	5.70e-107	381
NODE_248738_length_215_cov_0.7875	gb_KF663615_+_0-858_ARO:3001390_TEM-213	98.605	215	3	0	1	215	70	284	5.70e-107	381
NODE_248738_length_215_cov_0.7875	gb_EF136376_+_0-861_ARO:3001025_TEM-159	98.605	215	3	0	1	215	70	284	5.70e-107	381
NODE_248738_length_215_cov_0.7875	gb_AY039040_+_188-1022_ARO:3000956_TEM-89	98.605	215	3	0	1	215	70	284	5.70e-107	381
NODE_248738_length_215_cov_0.7875	gb_Y17582_+_0-858_ARO:3000892_TEM-21	98.605	215	3	0	1	215	70	284	5.70e-107	381
NODE_248738_length_215_cov_0.7875	gb_DQ834729_+_205-1066_ARO:3001018_TEM-151	98.605	215	3	0	1	215	70	284	5.70e-107	381
NODE_248738_length_215_cov_0.7875	gb_Y17583_+_213-1071_ARO:3000893_TEM-22	98.605	215	3	0	1	215	70	284	5.70e-107	381
NODE_248738_length_215_cov_0.7875	gb_X54606_+_214-1075_ARO:3000874_TEM-2	98.605	215	3	0	1	215	70	284	5.70e-107	381
NODE_248738_length_215_cov_0.7875	gb_DQ679961_+_114-975_ARO:3001021_TEM-155	98.605	215	3	0	1	215	70	284	5.70e-107	381
NODE_248738_length_215_cov_0.7875	gb_Y14574_+_0-861_ARO:3000888_TEM-17	98.605	215	3	0	1	215	70	284	5.70e-107	381
NODE_248738_length_215_cov_0.7875	gb_AF091113_+_450-1311_ARO:3000934_TEM-67	98.605	215	3	0	1	215	70	284	5.70e-107	381
NODE_248738_length_215_cov_0.7875	gb_AY874537_+_177-1038_ARO:3000883_TEM-11	98.605	215	3	0	1	215	70	284	5.70e-107	381
NODE_248738_length_215_cov_0.7875	gb_AY271267_+_0-861_ARO:3000983_TEM-121	98.605	215	3	0	1	215	70	284	5.70e-107	381
NODE_248738_length_215_cov_0.7875	gb_AF190693_+_208-1069_ARO:3000944_TEM-78	98.605	215	3	0	1	215	70	284	5.70e-107	381
NODE_248738_length_215_cov_0.7875	gb_NC_002156_+_1429-2290_ARO:3000979_TEM-116	98.605	215	3	0	1	215	70	284	5.70e-107	381
NODE_248738_length_215_cov_0.7875	gb_X65254_+_175-1036_ARO:3000887_TEM-16	98.605	215	3	0	1	215	70	284	5.70e-107	381
NODE_248738_length_215_cov_0.7875	gb_AF527798.1_+_0-785_ARO:3000879_TEM-7	98.605	215	3	0	1	215	34	248	5.70e-107	381
NODE_248738_length_215_cov_0.7875	gb_AF062386_+_30-862_ARO:3000928_TEM-59	98.605	215	3	0	1	215	70	284	5.70e-107	381
NODE_248738_length_215_cov_0.7875	gb_AF157553_+_147-1008_ARO:3000938_TEM-72	98.605	215	3	0	1	215	70	284	5.70e-107	381
NODE_248738_length_215_cov_0.7875	gb_DQ072853_+_0-861_ARO:3001003_TEM-139	98.140	215	4	0	1	215	70	284	2.65e-105	375
NODE_248738_length_215_cov_0.7875	gb_EF136377_+_0-861_ARO:3001026_TEM-160	98.140	215	4	0	1	215	70	284	2.65e-105	375
NODE_248738_length_215_cov_0.7875	gb_X98047_+_0-844_ARO:3000911_TEM-42	98.140	215	4	0	1	215	61	275	2.65e-105	375
NODE_248738_length_215_cov_0.7875	gb_KC900516_+_0-858_ARO:3001382_TEM-205	98.140	215	4	0	1	215	70	284	2.65e-105	375
NODE_248738_length_215_cov_0.7875	gb_AF047171_+_135-996_ARO:3000929_TEM-60	97.674	215	5	0	1	215	70	284	1.23e-103	370
NODE_248738_length_215_cov_0.7875	gb_AJ866988_+_0-861_ARO:3000994_TEM-130	97.674	215	5	0	1	215	70	284	1.23e-103	370
NODE_248738_length_215_cov_0.7875	gb_X97254_+_153-1011_ARO:3001043_TEM-178	97.685	216	3	2	1	215	70	284	1.23e-103	370
NODE_248738_length_215_cov_0.7875	gb_AY628176_+_75-936_ARO:3000987_TEM-125	97.674	215	5	0	1	215	70	284	1.23e-103	370
NODE_248738_length_215_cov_0.7875	gb_EF468463_+_66-927_ARO:3001028_TEM-162	97.209	215	6	0	1	215	70	284	5.74e-102	364
NODE_257699_length_211_cov_1.15385	gb_AF133139_+_0-1176_ARO:3000174_tet(G)	89.423	208	22	0	4	211	1	208	2.11e-71	263
NODE_259489_length_211_cov_1.16026	gb_X74948_+_0-492_ARO:3002688_catS	91.892	185	15	0	27	211	266	82	2.73e-70	259
NODE_260542_length_210_cov_1.09032	gb_KT736121.1_+_0-2721_ARO:3001555_OXA-368	100.000	210	0	0	1	210	2311	2520	3.32e-109	388
NODE_260542_length_210_cov_1.09032	gb_KC543497.1_+_404932-405451_ARO:3002548_AAC(6')-IId	100.000	210	0	0	1	210	175	384	3.32e-109	388
NODE_260542_length_210_cov_1.09032	gb_AF453998_+_3554-4946_ARO:3002598_ANT(3'')-Ii-AAC(6')-IId	100.000	210	0	0	1	210	1048	1257	3.32e-109	388
NODE_260542_length_210_cov_1.09032	gb_Y11946.1_+_0-980_ARO:3002578_AAC(6')-Ib7	100.000	210	0	0	1	210	476	685	3.32e-109	388
NODE_260542_length_210_cov_1.09032	gb_NC_025003.1_+_4171-4849_ARO:3002579_AAC(6')-Ib8	100.000	210	0	0	1	210	334	543	3.32e-109	388
NODE_260542_length_210_cov_1.09032	gb_AY660529.1_+_121-676_ARO:3003676_AAC(6')-Ib'	100.000	210	0	0	1	210	211	420	3.32e-109	388
NODE_260542_length_210_cov_1.09032	gb_AF445082_+_2788-3343_ARO:3002577_AAC(6')-Ib4	100.000	210	0	0	1	210	211	420	3.32e-109	388
NODE_260542_length_210_cov_1.09032	gb_FJ503047_+_0-519_ARO:3002592_AAC(6')-Ib-Hangzhou	100.000	210	0	0	1	210	175	384	3.32e-109	388
NODE_260542_length_210_cov_1.09032	gb_AF043381_+_251-863_ARO:3002580_AAC(6')-Ib9	100.000	210	0	0	1	210	268	477	3.32e-109	388
NODE_260542_length_210_cov_1.09032	gb_AJ584652_+_1926-2913_ARO:3002599_AAC(6')-30/AAC(6')-Ib'	100.000	210	0	0	1	210	643	852	3.32e-109	388
NODE_260542_length_210_cov_1.09032	gb_JQ808129_+_633-1188_ARO:3002546_AAC(6')-Ib	100.000	210	0	0	1	210	211	420	3.32e-109	388
NODE_260542_length_210_cov_1.09032	gb_AY136758_+_377-947_ARO:3002582_AAC(6')-Ib11	99.524	210	1	0	1	210	226	435	1.54e-107	383
NODE_260542_length_210_cov_1.09032	gb_U59183_+_247-859_ARO:3002581_AAC(6')-Ib10	99.524	210	1	0	1	210	268	477	1.54e-107	383
NODE_260542_length_210_cov_1.09032	gb_FJ854362_+_1702-2257_ARO:3002576_AAC(6')-Ib3	99.524	210	1	0	1	210	211	420	1.54e-107	383
NODE_260542_length_210_cov_1.09032	gb_EU085533_+_0-519_ARO:3002591_AAC(6')-Ib-Suzhou	99.524	210	1	0	1	210	175	384	1.54e-107	383
NODE_260542_length_210_cov_1.09032	gb_AF355189_+_1434-2439_ARO:3002600_AAC(3)-Ib/AAC(6')-Ib''	99.524	210	1	0	1	210	661	870	1.54e-107	383
NODE_260542_length_210_cov_1.09032	gb_DQ303918_+_0-600_ARO:3002547_AAC(6')-Ib-cr	99.048	210	2	0	1	210	256	465	7.19e-106	377
NODE_260542_length_210_cov_1.09032	gb_AM283489_+_2655-3174_ARO:3002585_AAC(6')-31	89.048	210	23	0	1	210	175	384	7.55e-71	261
NODE_274688_length_149_cov_18.3936	gb_M17124_+_1181-1982_ARO:3000498_ErmF	100.000	55	0	0	95	149	1	55	3.32e-23	102
NODE_274688_length_149_cov_18.3936	gb_AF319779.2_+_32-833_ARO:3000604_Erm(35)	100.000	53	0	0	95	147	1	53	4.29e-22	99.0
NODE_275051_length_143_cov_32.2386	gb_AF242872_+_2131-2878_ARO:3000375_ErmB	100.000	52	0	0	1	52	52	1	1.47e-21	97.1
NODE_276039_length_123_cov_8.83824	gb_AF235050.4_+_38028-40140_ARO:3003318_Streptomyces	83.168	101	15	2	1	100	349	250	5.74e-20	91.6
NODE_276957_length_111_cov_83.4107	gb_JQ740052_+_2108-3329_ARO:3000567_tet(40)	100.000	44	0	0	68	111	1	44	3.06e-17	82.4
NODE_277080_length_110_cov_188.345	gb_Z21523_+_0-1974_ARO:3000191_tetQ	100.000	55	0	0	56	110	1961	1907	2.32e-23	102
NODE_277195_length_109_cov_29.2222	gb_AF319779.2_+_32-833_ARO:3000604_Erm(35)	100.000	49	0	0	1	49	49	1	4.97e-20	91.6
NODE_277195_length_109_cov_29.2222	gb_M17124_+_1181-1982_ARO:3000498_ErmF	100.000	49	0	0	1	49	49	1	4.97e-20	91.6
NODE_277457_length_107_cov_122.135	gb_AY055428.1_-_20268-21084_ARO:3000412_sul2	100.000	53	0	0	55	107	816	764	2.90e-22	99.0
NODE_277466_length_107_cov_59.4423	gb_AF242872_+_2131-2878_ARO:3000375_ErmB	100.000	52	0	0	56	107	1	52	1.04e-21	97.1
NODE_277516_length_106_cov_9.58824	gb_JN086160_-_1582-2407_ARO:3001777_OXA-347	100.000	47	0	0	1	47	47	1	6.22e-19	87.9
NODE_277536_length_106_cov_42.1569	gb_JQ740052_+_2108-3329_ARO:3000567_tet(40)	100.000	44	0	0	63	106	1	44	2.89e-17	82.4
NODE_277752_length_104_cov_12.2653	gb_JN086160_-_1582-2407_ARO:3001777_OXA-347	100.000	42	0	0	1	42	42	1	3.66e-16	78.7
NODE_279112_length_88_cov_32.8182	gb_AF319779.2_+_32-833_ARO:3000604_Erm(35)	100.000	37	0	0	1	37	37	1	1.79e-13	69.4
NODE_279112_length_88_cov_32.8182	gb_M17124_+_1181-1982_ARO:3000498_ErmF	100.000	37	0	0	1	37	37	1	1.79e-13	69.4
NODE_281986_length_62_cov_151.571	gb_Z21523_+_0-1974_ARO:3000191_tetQ	98.305	59	1	0	4	62	1750	1692	3.13e-24	104
