NODE_13_length_250949_cov_15.4823	gb_GQ343019_+_132-1023_ARO:3002999_CblA-1	99.776	891	2	0	20271	21161	1	891	0.0	1635
NODE_44_length_160177_cov_20.9785	gb_NC_003197.2_-_393893-397061_ARO:3000790_mdsB	96.970	33	1	0	117759	117791	2967	2935	3.20e-06	56.5
NODE_89_length_123421_cov_4.63995	gb_AF173226_+_3767-6917_ARO:3003052_smeB	87.500	56	7	0	86082	86137	1241	1186	4.10e-09	65.8
NODE_89_length_123421_cov_4.63995	gb_AJ252200_+_1278-4401_ARO:3003056_smeE	78.313	83	18	0	86082	86164	1241	1159	8.87e-06	54.7
NODE_276_length_71090_cov_6.23049	gb_KU736867.1_+_19653-21573_ARO:3004442_tet(W/N/W)	99.217	383	3	0	1	383	1538	1920	0.0	691
NODE_276_length_71090_cov_6.23049	gb_EU434751_+_658-2578_ARO:3000194_tetW	92.800	375	25	2	1	374	1538	1911	8.94e-153	542
NODE_280_length_70574_cov_21.8687	gb_AF173226_+_3767-6917_ARO:3003052_smeB	83.784	74	12	0	43831	43904	1169	1242	5.03e-11	71.3
NODE_280_length_70574_cov_21.8687	gb_AJ252200_+_1278-4401_ARO:3003056_smeE	83.333	72	12	0	43833	43904	1171	1242	6.51e-10	67.6
NODE_592_length_42480_cov_27.7959	gb_AF235050.4_+_38028-40140_ARO:3003318_Streptomyces	74.764	424	78	21	3559	3970	85	491	4.86e-39	163
NODE_1054_length_27552_cov_19.7122	gb_AF028812_+_392-887_ARO:3002867_dfrF	99.597	496	1	1	1649	2144	495	1	0.0	904
NODE_1359_length_22438_cov_6.5141	gb_AF235050.4_+_38028-40140_ARO:3003318_Streptomyces	71.591	352	90	9	16502	16848	75	421	1.59e-16	87.9
NODE_1884_length_16771_cov_2.75682	gb_AF235050.4_+_38028-40140_ARO:3003318_Streptomyces	79.882	169	32	2	12366	12533	250	417	3.26e-27	122
NODE_2083_length_15223_cov_11.1017	gb_AM180355_+_600033-601953_ARO:3000186_tetM	93.802	1920	119	0	156	2075	1920	1	0.0	2887
NODE_2083_length_15223_cov_11.1017	gb_L09756_+_0-1926_ARO:3000192_tetS	78.712	1926	395	14	157	2074	1920	2	0.0	1271
NODE_3221_length_9976_cov_5.00615	gb_L22689_+_261-1035_ARO:3000593_ErmQ	100.000	774	0	0	4709	5482	774	1	0.0	1430
NODE_3963_length_8138_cov_4.96994	gb_KU736867.1_+_19653-21573_ARO:3004442_tet(W/N/W)	100.000	36	0	0	1	36	36	1	7.51e-11	67.6
NODE_3963_length_8138_cov_4.96994	gb_EU434751_+_658-2578_ARO:3000194_tetW	100.000	36	0	0	1	36	36	1	7.51e-11	67.6
NODE_4015_length_8020_cov_3.31149	gb_M57437_+_0-1647_ARO:3002827_tlrC	96.970	33	1	0	4075	4107	600	568	1.60e-07	56.5
NODE_4085_length_7849_cov_2.0639	gb_AP009048.1_-_4153663-4154296_ARO:3000518_CRP	99.526	633	3	0	4952	5584	633	1	0.0	1153
NODE_4422_length_7261_cov_15.1873	gb_AF235050.4_+_38028-40140_ARO:3003318_Streptomyces	73.109	357	73	18	616	963	417	75	1.42e-22	106
NODE_5210_length_6200_cov_121.525	gb_Z21523_+_0-1974_ARO:3000191_tetQ	90.071	1974	195	1	263	2235	1	1974	0.0	2558
NODE_5214_length_6197_cov_14.5656	gb_AF242872_+_2131-2878_ARO:3000375_ErmB	98.387	62	0	1	1	61	686	747	3.37e-23	108
NODE_5943_length_5511_cov_6.296	gb_M11036_+_0-1377_ARO:3000179_tet(L)	99.492	1377	7	0	3998	5374	1377	1	0.0	2505
NODE_5943_length_5511_cov_6.296	gb_NC_005000.1_+_17463-18111_ARO:3004456_Enterococcus	92.747	648	47	0	2309	2956	648	1	0.0	937
NODE_5943_length_5511_cov_6.296	gb_X92945.2_-_8934-9582_ARO:3004458_Enterococcus	84.544	647	100	0	2310	2956	647	1	0.0	641
NODE_5943_length_5511_cov_6.296	gb_M64281.1_+_207-855_ARO:3004457_Staphylococcus	83.771	647	105	0	2310	2956	647	1	1.45e-175	614
NODE_6604_length_5008_cov_2.20048	gb_NC_002695.1_-_4903561-4904935_ARO:3000830_cpxA	98.981	1374	14	0	2073	3446	1374	1	0.0	2460
NODE_6857_length_4848_cov_2.23221	gb_U00096_+_3660413-3663527_ARO:3000796_mdtF	99.679	3114	4	1	1267	4374	3114	1	0.0	5690
NODE_6857_length_4848_cov_2.23221	gb_CP015085.1_-_2551711-2552440_ARO:3003838_gadW	94.650	729	39	0	176	904	1	729	0.0	1131
NODE_6857_length_4848_cov_2.23221	gb_AP009048.1_-_3980025-3981183_ARO:3000795_mdtE	99.111	450	4	0	4399	4848	1158	709	0.0	809
NODE_8396_length_4092_cov_1.946	gb_NC_000913.3_+_3219493-3220873_ARO:3000024_patA	100.000	1036	0	0	3057	4092	1380	345	0.0	1914
NODE_8803_length_3922_cov_65.0587	gb_AJ295238.3_+_163-2083_ARO:3000196_tet32	87.975	1921	211	19	1650	3560	1911	1	0.0	2250
NODE_8985_length_3855_cov_2.09632	gb_U00096_+_3415032-3418137_ARO:3000502_acrF	99.136	2431	21	0	1	2431	2431	1	0.0	4373
NODE_8985_length_3855_cov_2.09632	gb_U00096_+_3413863-3415021_ARO:3000499_acrE	98.964	1158	12	0	2443	3600	1158	1	0.0	2073
NODE_9250_length_3766_cov_2.00835	gb_AP009048_-_4338624-4340268_ARO:3003576_eptA	99.681	627	2	0	3140	3766	1	627	0.0	1147
NODE_11733_length_3072_cov_1.95625	gb_NC_000913.3_+_966620-968369_ARO:3003950_msbA	99.828	1749	3	0	621	2369	1	1749	0.0	3214
NODE_12234_length_2968_cov_2.08548	gb_NC_007779_+_2586250-2589364_ARO:3000491_acrD	100.000	469	0	0	1	469	2646	3114	0.0	867
NODE_12365_length_2941_cov_2.20859	gb_AY768532_+_0-1935_ARO:3000535_macB	90.909	44	4	0	1007	1050	845	802	4.53e-09	60.2
NODE_12388_length_2936_cov_171.801	gb_Z21523_+_0-1974_ARO:3000191_tetQ	97.718	1490	34	0	1447	2936	1	1490	0.0	2564
NODE_13361_length_2770_cov_1.8733	gb_AP009048.1_-_3980025-3981183_ARO:3000795_mdtE	100.000	298	0	0	1	298	298	1	5.77e-157	551
NODE_13589_length_2731_cov_3.40396	gb_AF235050.4_+_38028-40140_ARO:3003318_Streptomyces	82.609	92	16	0	356	447	322	413	8.96e-16	82.4
NODE_13971_length_2673_cov_1.64553	gb_M57437_+_0-1647_ARO:3002827_tlrC	96.875	32	1	0	2234	2265	599	568	1.91e-07	54.7
NODE_14496_length_2598_cov_2.48565	gb_NC_007779_+_3974604-3975429_ARO:3000508_gadX	100.000	667	0	0	1932	2598	1	667	0.0	1232
NODE_15045_length_2521_cov_1.51865	gb_U00096.3_-_4567286-4568519_ARO:3001214_mdtM	96.269	1233	46	0	925	2157	1	1233	0.0	2023
NODE_15294_length_2487_cov_1.95148	gb_NC_000913.3_-_481253-484403_ARO:3000216_acrB	99.952	2091	1	0	397	2487	3150	1060	0.0	3856
NODE_15294_length_2487_cov_1.95148	gb_NC_006350.1_-_2147817-2150949_ARO:3002983_amrB	73.902	387	84	16	542	921	2984	2608	4.77e-33	139
NODE_15336_length_2484_cov_13.3643	gb_M17124_+_1181-1982_ARO:3000498_ErmF	100.000	45	0	0	2440	2484	801	757	2.26e-16	84.2
NODE_16133_length_2389_cov_64.635	gb_M18896.2_+_206-2126_ARO:3000190_tetO	99.468	1316	7	0	1	1316	1316	1	0.0	2392
NODE_16133_length_2389_cov_64.635	gb_AJ295238.3_+_163-2083_ARO:3000196_tet32	91.919	396	32	0	921	1316	396	1	3.84e-158	555
NODE_16133_length_2389_cov_64.635	gb_AJ295238.3_+_163-2083_ARO:3000196_tet32	79.736	227	46	0	1	227	1316	1090	7.56e-41	165
NODE_16211_length_2380_cov_2.84	gb_EU434751_+_658-2578_ARO:3000194_tetW	98.438	64	1	0	2317	2380	1920	1857	2.77e-25	113
NODE_16728_length_2325_cov_1.49119	gb_JQ394987_+_0-1233_ARO:3001328_Escherichia	98.732	1104	14	0	8	1111	130	1233	0.0	1962
NODE_18412_length_2155_cov_1.71429	gb_L20800_+_2308-4267_ARO:3000195_tetB(P)	98.441	1924	30	0	232	2155	1	1924	0.0	3387
NODE_18412_length_2155_cov_1.71429	gb_L20800_+_1062-2325_ARO:3000180_tetA(P)	93.902	246	15	0	3	248	1018	1263	3.74e-103	372
NODE_19657_length_2046_cov_1.96836	gb_FJ768952_+_0-1488_ARO:3000237_tolC	99.822	561	1	0	1	561	928	1488	0.0	1031
NODE_19772_length_2038_cov_1.67978	gb_U00096_+_2154015-2155263_ARO:3000792_mdtA	99.534	1072	5	0	1	1072	1072	1	0.0	1953
NODE_20890_length_1954_cov_9.19642	gb_NC_005024_+_42504-43944_ARO:3002597_AAC(6')-Ie-APH(2'')-Ia	100.000	1440	0	0	122	1561	1440	1	0.0	2660
NODE_20890_length_1954_cov_9.19642	gb_AY701528.1_+_9695-10589_ARO:3004191_APH(2'')-If	80.843	830	149	9	134	958	867	43	0.0	643
NODE_21247_length_1927_cov_18.0529	gb_JN086160_-_1582-2407_ARO:3001777_OXA-347	100.000	825	0	0	878	1702	1	825	0.0	1524
NODE_21247_length_1927_cov_18.0529	gb_JF268688.1_-_5407-6232_ARO:3001809_OXA-209	83.924	734	106	12	975	1702	98	825	0.0	691
NODE_21896_length_1883_cov_2.2407	gb_NC_000913.3_-_484425-485619_ARO:3004043_Escherichia	100.000	1069	0	0	1	1069	126	1194	0.0	1975
NODE_21896_length_1883_cov_2.2407	gb_NC_000913.3_-_481253-484403_ARO:3000216_acrB	100.000	792	0	0	1092	1883	1	792	0.0	1463
NODE_21896_length_1883_cov_2.2407	gb_U00096_+_3415032-3418137_ARO:3000502_acrF	76.011	717	153	16	1100	1807	10	716	1.18e-97	353
NODE_22292_length_1859_cov_2.09756	gb_U00096.3_-_3203309-3204131_ARO:3002986_bacA	99.146	820	7	0	1014	1833	1	820	0.0	1476
NODE_22843_length_1822_cov_2.14205	gb_AF235050.4_+_38028-40140_ARO:3003318_Streptomyces	77.246	167	36	2	1093	1258	256	421	2.13e-20	97.1
NODE_23511_length_1784_cov_52.5442	gb_JQ740052_+_2108-3329_ARO:3000567_tet(40)	99.427	1221	7	0	214	1434	1221	1	0.0	2217
NODE_23511_length_1784_cov_52.5442	gb_EU434751_+_658-2578_ARO:3000194_tetW	98.438	64	1	0	1721	1784	1920	1857	2.07e-25	113
NODE_23671_length_1774_cov_7.18499	gb_M37699_+_585-1752_ARO:3000205_tetX	99.914	1167	1	0	236	1402	1167	1	0.0	2150
NODE_24211_length_1744_cov_1.80758	gb_U00096_+_3415032-3418137_ARO:3000502_acrF	100.000	495	0	0	1	495	2611	3105	0.0	915
NODE_24211_length_1744_cov_1.80758	gb_NC_003197.2_-_393893-397061_ARO:3000790_mdsB	81.928	83	9	6	296	375	2933	3012	5.75e-11	65.8
NODE_24517_length_1731_cov_1.50477	gb_U00096_+_2155262-2158385_ARO:3000793_mdtB	99.258	1483	11	0	249	1731	3123	1641	0.0	2678
NODE_24517_length_1731_cov_1.50477	gb_U00096_+_2158385-2161463_ARO:3000794_mdtC	97.581	248	6	0	1	248	248	1	2.27e-119	425
NODE_26932_length_1611_cov_96.9165	gb_EU434751_+_658-2578_ARO:3000194_tetW	99.937	1592	1	0	1	1592	1592	1	0.0	2935
NODE_26932_length_1611_cov_96.9165	gb_KU736867.1_+_19653-21573_ARO:3004442_tet(W/N/W)	96.922	1592	49	0	1	1592	1592	1	0.0	2669
NODE_27351_length_1591_cov_2.55794	gb_AP009048_+_2810082-2811255_ARO:3000027_emrA	99.901	1007	1	0	585	1591	1173	167	0.0	1855
NODE_27351_length_1591_cov_2.55794	gb_U00096_+_2812615-2814154_ARO:3000074_emrB	99.648	568	2	0	1	568	568	1	0.0	1038
NODE_27606_length_1579_cov_1.69882	gb_NC_007779_+_2166412-2167135_ARO:3000828_baeR	99.565	230	1	0	1350	1579	723	494	9.63e-118	420
NODE_27915_length_1565_cov_1.73576	gb_D78168_+_1591-3130_ARO:3000254_emrY	98.462	1040	16	0	526	1565	1	1040	0.0	1832
NODE_27915_length_1565_cov_1.73576	gb_D78168_+_536-1592_ARO:3000206_emrK	99.810	526	1	0	1	526	531	1056	0.0	966
NODE_28237_length_1552_cov_1.61323	gb_U00096_+_2158385-2161463_ARO:3000794_mdtC	97.851	1582	4	1	1	1552	1907	326	0.0	2706
NODE_28402_length_1545_cov_1.64295	gb_NC_000913.3_-_2306971-2308615_ARO:3003952_yojI	98.061	1289	23	2	1	1288	357	1644	0.0	2241
NODE_28748_length_1530_cov_1.97085	gb_NC_000913.3_-_4377810-4378944_ARO:3004290_Escherichia	99.224	902	7	0	1	902	233	1134	0.0	1628
NODE_28748_length_1530_cov_1.97085	gb_KM926622_+_238-1384_ARO:3003172_ACT-37	73.797	374	80	15	87	451	331	695	4.89e-31	132
NODE_28748_length_1530_cov_1.97085	gb_KF992029_+_748-1894_ARO:3001840_ACT-19	70.137	874	221	34	3	856	247	1100	4.89e-31	132
NODE_28922_length_1523_cov_2.1267	gb_NC_007779_+_2586250-2589364_ARO:3000491_acrD	99.737	1523	4	0	1	1523	2400	878	0.0	2791
NODE_28922_length_1523_cov_2.1267	gb_AJ252200_+_1278-4401_ARO:3003056_smeE	77.154	499	112	2	887	1384	1514	1017	2.73e-78	289
NODE_28922_length_1523_cov_2.1267	gb_U00096_+_3660413-3663527_ARO:3000796_mdtF	74.359	468	106	11	917	1377	1484	1024	1.02e-47	187
NODE_28922_length_1523_cov_2.1267	gb_AB219524.1_+_1176-4338_ARO:3003699_mexQ	83.582	67	11	0	1151	1217	1256	1190	1.80e-10	63.9
NODE_28939_length_1522_cov_1.96387	gb_CP014358.1_-_2161325-2162750_ARO:3001327_mdtK	75.408	1411	337	8	91	1496	1	1406	0.0	675
NODE_28979_length_1521_cov_63.2804	gb_AJ295238.3_+_163-2083_ARO:3000196_tet32	94.976	1274	62	2	249	1521	1	1273	0.0	1997
NODE_29110_length_1514_cov_1.51474	gb_AP009048.1_-_4303042-4304509_ARO:3003550_mdtP	99.334	751	5	0	764	1514	1467	717	0.0	1360
NODE_31314_length_1432_cov_1.60421	gb_AP009048.1_-_4304505-4306557_ARO:3003549_mdtO	99.511	1432	7	0	1	1432	245	1676	0.0	2606
NODE_33577_length_1359_cov_1.30215	gb_NC_000913.3_-_721055-721733_ARO:3003841_kdpE	100.000	120	0	0	1240	1359	1	120	2.50e-58	222
NODE_34166_length_1341_cov_1.90358	gb_NC_000913.3_+_2810769-2811300_ARO:3000516_emrR	100.000	446	0	0	896	1341	1	446	0.0	824
NODE_36910_length_1261_cov_1.71476	gb_FJ768952_+_0-1488_ARO:3000237_tolC	99.867	751	1	0	1	751	751	1	0.0	1382
NODE_40859_length_1164_cov_1.64563	gb_U00096_+_2484373-2487967_ARO:3000833_evgS	99.485	1164	6	0	1	1164	141	1304	0.0	2117
NODE_41567_length_1149_cov_1.48446	gb_U00096_-_3412802-3413465_ARO:3000656_acrS	99.274	551	4	0	1	551	113	663	0.0	996
NODE_43487_length_1109_cov_1.91556	gb_NC_000913.3_-_481253-484403_ARO:3000216_acrB	74.614	583	135	8	513	1084	1555	975	4.34e-65	244
NODE_43976_length_1099_cov_17.5182	gb_AY055428.1_-_20268-21084_ARO:3000412_sul2	100.000	816	0	0	230	1045	1	816	0.0	1507
NODE_46203_length_1058_cov_1.57827	gb_U00096_+_2158385-2161463_ARO:3000794_mdtC	100.000	1058	0	0	1	1058	2970	1913	0.0	1954
NODE_49563_length_1001_cov_2.29915	gb_NC_000913.3_-_484425-485619_ARO:3004043_Escherichia	100.000	123	0	0	879	1001	1	123	3.94e-60	228
NODE_49563_length_1001_cov_2.29915	gb_AJ318073.1_+_793-1990_ARO:3004041_Klebsiella	92.035	113	9	0	879	991	1	113	1.46e-39	159
NODE_50788_length_982_cov_1.44121	gb_U00096_-_2098446-2099613_ARO:3003577_ugd	92.553	94	7	0	146	239	1167	1074	2.41e-32	135
NODE_51425_length_973_cov_2.27124	gb_AF226276.1_+_3583-4207_ARO:3002682_catD	100.000	624	0	0	1	624	624	1	0.0	1153
NODE_51425_length_973_cov_2.27124	gb_U15027_+_0-624_ARO:3002686_catP	100.000	624	0	0	1	624	624	1	0.0	1153
NODE_51425_length_973_cov_2.27124	gb_X74948_+_0-492_ARO:3002688_catS	82.680	485	78	4	73	554	492	11	1.26e-119	425
NODE_54162_length_934_cov_1.26962	gb_D78168_+_536-1592_ARO:3000206_emrK	99.611	257	1	0	1	257	257	1	5.52e-133	470
NODE_54162_length_934_cov_1.26962	gb_NC_002695_+_3211891-3212506_ARO:3000832_evgA	100.000	154	0	0	781	934	1	154	2.15e-77	285
NODE_54317_length_932_cov_1.54162	gb_U00096_+_2484373-2487967_ARO:3000833_evgS	100.000	932	0	0	1	932	1498	2429	0.0	1722
NODE_55063_length_922_cov_1.18685	gb_NC_002695.2_-_1737690-1738104_ARO:3000676_H-NS	99.517	414	2	0	483	896	1	414	0.0	754
NODE_57308_length_894_cov_1.98451	gb_D78168_+_1591-3130_ARO:3000254_emrY	99.512	205	1	0	690	894	1539	1335	4.26e-104	374
NODE_62131_length_839_cov_266.404	gb_M17124_+_1181-1982_ARO:3000498_ErmF	99.376	801	5	0	33	833	801	1	0.0	1452
NODE_62131_length_839_cov_266.404	gb_AF319779.2_+_32-833_ARO:3000604_Erm(35)	78.643	796	166	3	40	833	794	1	1.04e-149	525
NODE_64867_length_811_cov_1.48545	gb_AP009048.1_-_4303042-4304509_ARO:3003550_mdtP	100.000	421	0	0	1	421	421	1	0.0	778
NODE_64867_length_811_cov_1.48545	gb_AP009048.1_-_4304505-4306557_ARO:3003549_mdtO	99.746	394	1	0	418	811	2052	1659	0.0	723
NODE_65443_length_805_cov_1.38933	gb_NC_000913.3_-_721055-721733_ARO:3003841_kdpE	100.000	292	0	0	514	805	678	387	3.57e-154	540
NODE_66100_length_799_cov_149.028	gb_Z21523_+_0-1974_ARO:3000191_tetQ	96.774	372	12	0	1	372	1603	1974	1.23e-178	621
NODE_66405_length_796_cov_1.52362	gb_U00096_+_2812615-2814154_ARO:3000074_emrB	99.510	204	1	0	1	204	1336	1539	1.36e-103	372
NODE_67329_length_787_cov_12.459	gb_AF242872_+_2131-2878_ARO:3000375_ErmB	98.387	62	0	1	727	787	747	686	4.19e-24	108
NODE_71212_length_752_cov_1.7934	gb_AP009048_+_2165012-2166416_ARO:3000829_baeS	100.000	129	0	0	1	129	129	1	1.36e-63	239
NODE_72160_length_745_cov_109.723	gb_AF242872_+_2131-2878_ARO:3000375_ErmB	99.460	741	3	1	1	740	741	1	0.0	1345
NODE_73250_length_736_cov_1.40235	gb_AP009048_-_4338624-4340268_ARO:3003576_eptA	99.569	464	2	0	1	464	1181	1644	0.0	846
NODE_73534_length_733_cov_1.39381	gb_L42817_+_201-936_ARO:3000522_ErmG	99.247	531	4	0	1	531	205	735	0.0	959
NODE_73534_length_733_cov_1.39381	gb_M64090_+_0-735_ARO:3000595_ErmT	81.023	469	89	0	56	524	260	728	3.48e-104	374
NODE_77299_length_705_cov_1.61538	gb_U00096_+_2367070-2368039_ARO:3003578_pmrF	100.000	259	0	0	1	259	259	1	6.89e-136	479
NODE_77915_length_700_cov_1.71473	gb_X01702_+_484-1285_ARO:3002659_APH(6)-Ic	96.875	32	1	0	324	355	514	483	4.91e-08	54.7
NODE_78335_length_697_cov_76.0639	gb_M18896.2_+_206-2126_ARO:3000190_tetO	100.000	659	0	0	1	659	1262	1920	0.0	1218
NODE_78335_length_697_cov_76.0639	gb_AJ295238.3_+_163-2083_ARO:3000196_tet32	100.000	659	0	0	1	659	1262	1920	0.0	1218
NODE_79622_length_687_cov_1.37658	gb_AP009048_-_4338624-4340268_ARO:3003576_eptA	99.272	687	5	0	1	687	459	1145	0.0	1242
NODE_79726_length_686_cov_1.56577	gb_U00096_+_2367070-2368039_ARO:3003578_pmrF	100.000	627	0	0	1	627	343	969	0.0	1158
NODE_82894_length_664_cov_2.08867	gb_M35190.1_+_308-932_ARO:3004454_Campylobacter	95.294	255	12	0	406	660	1	255	1.11e-113	405
NODE_83756_length_659_cov_1.4553	gb_U00096_+_2155262-2158385_ARO:3000793_mdtB	98.895	362	4	0	1	362	362	1	0.0	647
NODE_83756_length_659_cov_1.4553	gb_U00096_+_2154015-2155263_ARO:3000792_mdtA	99.329	298	2	0	362	659	1248	951	2.91e-154	540
NODE_84569_length_654_cov_1.07012	gb_NC_000913.3_-_2306971-2308615_ARO:3003952_yojI	99.250	400	3	0	1	400	400	1	0.0	723
NODE_85660_length_647_cov_1.30574	gb_AF024602_+_3155-3992_ARO:3002660_APH(6)-Id	99.821	559	1	0	1	559	559	1	0.0	1027
NODE_85660_length_647_cov_1.30574	gb_AF313472_+_15593-16397_ARO:3002639_APH(3'')-Ib	100.000	89	0	0	559	647	804	716	2.00e-41	165
NODE_88381_length_631_cov_2.33854	gb_AY701528.1_+_9695-10589_ARO:3004191_APH(2'')-If	99.784	464	1	0	1	464	431	894	0.0	852
NODE_88381_length_631_cov_2.33854	gb_NC_005024_+_42504-43944_ARO:3002597_AAC(6')-Ie-APH(2'')-Ia	81.797	423	71	6	18	437	1009	1428	5.02e-97	350
NODE_89435_length_625_cov_3.57895	gb_AF235050.4_+_38028-40140_ARO:3003318_Streptomyces	75.291	344	60	19	269	602	491	163	3.26e-34	141
NODE_89929_length_622_cov_1.1552	gb_U00096_+_2484373-2487967_ARO:3000833_evgS	99.839	622	1	0	1	622	3057	2436	0.0	1144
NODE_93182_length_605_cov_1.76	gb_L20800_+_1062-2325_ARO:3000180_tetA(P)	96.761	247	8	0	1	247	247	1	6.05e-116	412
NODE_94130_length_600_cov_0.700917	gb_NC_002134.1_+_41537-42743_ARO:3000165_tet(A)	99.819	551	1	0	1	551	551	1	0.0	1013
NODE_94130_length_600_cov_0.700917	gb_AB089595_+_0-1206_ARO:3000166_tet(B)	99.637	551	2	0	1	551	551	1	0.0	1007
NODE_94998_length_596_cov_1.52311	gb_NC_007779_+_1621287-1621671_ARO:3000263_marA	100.000	210	0	0	387	596	1	210	1.00e-108	388
NODE_95285_length_594_cov_1.87755	gb_AF235050.4_+_38028-40140_ARO:3003318_Streptomyces	75.710	317	61	13	2	313	112	417	2.39e-35	145
NODE_96660_length_588_cov_18.6698	gb_AY928180_+_0-495_ARO:3002837_lnuC	99.192	495	4	0	13	507	1	495	0.0	893
NODE_97774_length_583_cov_11.6761	gb_EU434751_+_658-2578_ARO:3000194_tetW	100.000	45	0	0	539	583	1920	1876	5.18e-17	84.2
NODE_103751_length_557_cov_1.6992	gb_AP009048.1_-_3980025-3981183_ARO:3000795_mdtE	99.820	557	1	0	1	557	836	280	0.0	1024
NODE_108252_length_539_cov_73.7975	gb_EU434751_+_658-2578_ARO:3000194_tetW	100.000	45	0	0	1	45	1876	1920	4.78e-17	84.2
NODE_110026_length_532_cov_1.85744	gb_HM990671_+_5192-6671_ARO:3003112_lsaC	92.105	38	3	0	240	277	449	412	3.70e-08	54.7
NODE_110421_length_531_cov_17.7038	gb_AF319779.2_+_32-833_ARO:3000604_Erm(35)	100.000	49	0	0	1	49	49	1	2.81e-19	91.6
NODE_110421_length_531_cov_17.7038	gb_M17124_+_1181-1982_ARO:3000498_ErmF	100.000	49	0	0	1	49	49	1	2.81e-19	91.6
NODE_111145_length_528_cov_0.951374	gb_U00096_+_2484373-2487967_ARO:3000833_evgS	98.674	528	7	0	1	528	3067	3594	0.0	937
NODE_113218_length_521_cov_1.84335	gb_L20800_+_1062-2325_ARO:3000180_tetA(P)	99.616	521	2	0	1	521	608	1128	0.0	952
NODE_122842_length_490_cov_1.30805	gb_NC_007779_+_2586250-2589364_ARO:3000491_acrD	98.980	490	5	0	1	490	851	362	0.0	878
NODE_129180_length_471_cov_1.17788	gb_U00096_+_2155262-2158385_ARO:3000793_mdtB	99.315	438	3	0	1	438	991	554	0.0	793
NODE_129650_length_469_cov_1.62077	gb_AP009048_+_2165012-2166416_ARO:3000829_baeS	100.000	346	0	0	124	469	1404	1059	0.0	640
NODE_129650_length_469_cov_1.62077	gb_NC_007779_+_2166412-2167135_ARO:3000828_baeR	100.000	127	0	0	1	127	127	1	1.08e-62	235
NODE_129763_length_469_cov_1.1401	gb_M57437_+_0-1647_ARO:3002827_tlrC	92.500	40	2	1	113	152	601	563	9.01e-09	56.5
NODE_131093_length_465_cov_1.88293	gb_NC_000913.3_-_721055-721733_ARO:3003841_kdpE	90.278	144	14	0	277	420	535	678	8.44e-49	189
NODE_138308_length_445_cov_1.67692	gb_AP009048_+_2165012-2166416_ARO:3000829_baeS	99.551	445	2	0	1	445	1024	580	0.0	811
NODE_139767_length_441_cov_1.12694	gb_AJ252200_+_1278-4401_ARO:3003056_smeE	80.992	121	20	2	249	366	1265	1145	6.44e-20	93.5
NODE_139767_length_441_cov_1.12694	gb_NC_007779_+_2586250-2589364_ARO:3000491_acrD	88.235	68	8	0	254	321	1260	1193	1.39e-16	82.4
NODE_139767_length_441_cov_1.12694	gb_AF173226_+_3767-6917_ARO:3003052_smeB	78.641	103	19	3	267	366	1247	1145	1.40e-11	65.8
NODE_144842_length_427_cov_1.54032	gb_L20800_+_1062-2325_ARO:3000180_tetA(P)	98.126	427	8	0	1	427	128	554	0.0	745
NODE_146561_length_422_cov_1.03815	gb_DQ212986_+_7787-9926_ARO:3002972_vanTG	98.578	422	6	0	1	422	2064	1643	0.0	747
NODE_152280_length_403_cov_1.33046	gb_AF313472_+_15593-16397_ARO:3002639_APH(3'')-Ib	99.504	403	2	0	1	403	585	183	0.0	734
NODE_152524_length_403_cov_1.04885	gb_NC_012469.1_-_1800927-1802391_ARO:3000616_mel	98.759	403	5	0	1	403	341	743	0.0	717
NODE_153101_length_401_cov_52.1185	gb_KU736867.1_+_19653-21573_ARO:3004442_tet(W/N/W)	100.000	36	0	0	1	36	36	1	3.53e-12	67.6
NODE_153101_length_401_cov_52.1185	gb_EU434751_+_658-2578_ARO:3000194_tetW	100.000	36	0	0	1	36	36	1	3.53e-12	67.6
NODE_155984_length_391_cov_0.970238	gb_U00096_+_2155262-2158385_ARO:3000793_mdtB	98.210	391	7	0	1	391	1152	1542	0.0	684
NODE_161442_length_374_cov_92.2633	gb_EU434751_+_658-2578_ARO:3000194_tetW	100.000	374	0	0	1	374	1911	1538	0.0	691
NODE_161442_length_374_cov_92.2633	gb_KU736867.1_+_19653-21573_ARO:3004442_tet(W/N/W)	93.067	375	24	2	1	374	1911	1538	9.61e-157	547
NODE_169552_length_350_cov_1.22034	gb_DQ212986_+_7787-9926_ARO:3002972_vanTG	98.571	350	5	0	1	350	1628	1279	1.88e-178	619
NODE_171027_length_347_cov_2.04795	gb_NC_023287.1_-_65291-66509_ARO:3000615_mefA	97.714	175	4	0	173	347	1	175	7.66e-83	302
NODE_171941_length_344_cov_1.40138	gb_U00096_-_1124117-1125326_ARO:3001216_mdtH	100.000	344	0	0	1	344	295	638	0.0	636
NODE_175616_length_336_cov_43.4698	gb_AF242872_+_2131-2878_ARO:3000375_ErmB	100.000	50	0	0	287	336	1	50	4.85e-20	93.5
NODE_179770_length_326_cov_1.0738	gb_U00096_+_2155262-2158385_ARO:3000793_mdtB	99.693	326	1	0	1	326	968	1293	8.16e-172	597
NODE_179810_length_326_cov_0.98155	gb_NC_023287.1_-_65291-66509_ARO:3000615_mefA	100.000	326	0	0	1	326	554	229	1.75e-173	603
NODE_185957_length_313_cov_1.41473	gb_CP000800.1_-_1191727-1192954_ARO:3001329_mdtG	98.837	86	1	0	228	313	1	86	2.03e-38	154
NODE_191099_length_301_cov_0.869919	gb_NC_023287.1_-_60996-61860_ARO:3002626_ANT(6)-Ia	100.000	255	0	0	47	301	1	255	4.74e-134	472
NODE_191099_length_301_cov_0.869919	gb_AY712687_+_0-831_ARO:3002628_aad(6)	100.000	177	0	0	125	301	1	177	1.09e-90	327
NODE_193941_length_294_cov_0.753138	gb_AY768532_+_0-1935_ARO:3000535_macB	86.364	66	9	0	123	188	1644	1579	5.48e-14	73.1
NODE_196347_length_287_cov_1.46552	gb_U00096_+_2812615-2814154_ARO:3000074_emrB	99.303	287	2	0	1	287	965	1251	1.59e-148	520
NODE_198908_length_279_cov_1.24554	gb_AP009048.1_-_4306556-4307588_ARO:3003548_mdtN	100.000	277	0	0	1	277	689	965	2.57e-146	512
NODE_200016_length_276_cov_1.42081	gb_L20800_+_1062-2325_ARO:3000180_tetA(P)	93.773	273	17	0	4	276	689	417	9.55e-116	411
NODE_203434_length_268_cov_58.0235	gb_AF319779.2_+_32-833_ARO:3000604_Erm(35)	100.000	49	0	0	1	49	49	1	1.37e-19	91.6
NODE_203434_length_268_cov_58.0235	gb_M17124_+_1181-1982_ARO:3000498_ErmF	100.000	49	0	0	1	49	49	1	1.37e-19	91.6
NODE_203718_length_267_cov_0.962264	gb_NC_007779_+_1621287-1621671_ARO:3000263_marA	99.306	144	1	0	1	144	241	384	9.82e-71	261
NODE_211254_length_254_cov_1.52764	gb_AP009048.1_-_4303042-4304509_ARO:3003550_mdtP	99.606	254	1	0	1	254	557	810	6.60e-132	464
NODE_211654_length_253_cov_1.10606	gb_U00096_-_1124117-1125326_ARO:3001216_mdtH	100.000	215	0	0	1	215	215	1	6.76e-112	398
NODE_219356_length_244_cov_1.40741	gb_U00096_+_2484373-2487967_ARO:3000833_evgS	99.180	244	2	0	1	244	18	261	1.07e-124	440
NODE_219526_length_243_cov_1.66489	gb_NC_000913.3_+_3219493-3220873_ARO:3000024_patA	100.000	243	0	0	1	243	333	91	1.76e-127	449
NODE_223516_length_240_cov_0.837838	gb_Z11877.1_+_485-818_ARO:3004039_Escherichia	99.259	135	1	0	106	240	1	135	8.81e-66	244
NODE_223703_length_240_cov_1.66486	gb_JQ394987_+_0-1233_ARO:3001328_Escherichia	94.521	219	12	0	22	240	1	219	3.93e-94	339
NODE_228693_length_236_cov_18.9171	gb_AF242872_+_2131-2878_ARO:3000375_ErmB	100.000	50	0	0	1	50	50	1	3.31e-20	93.5
NODE_230246_length_234_cov_1.41899	gb_AP006618.1_+_4835199-4838688_ARO:3000501_Nocardia	82.759	116	16	4	1	114	3172	3285	1.96e-22	100
NODE_241345_length_227_cov_1.30814	gb_DQ212986_+_7787-9926_ARO:3002972_vanTG	99.111	225	2	0	3	227	749	973	3.59e-114	405
NODE_241698_length_227_cov_1.80814	gb_AP009048_+_2165012-2166416_ARO:3000829_baeS	100.000	227	0	0	1	227	577	351	1.28e-118	420
NODE_242578_length_227_cov_0.94186	gb_AP009048_-_4338624-4340268_ARO:3003576_eptA	97.797	227	5	0	1	227	1249	1023	2.80e-110	392
NODE_243021_length_226_cov_1.68421	gb_M35190.1_+_308-932_ARO:3004454_Campylobacter	98.673	226	3	0	1	226	262	487	4.62e-113	401
NODE_252418_length_222_cov_36.1677	gb_Z21523_+_0-1974_ARO:3000191_tetQ	95.946	222	9	0	1	222	1657	1436	7.69e-101	361
NODE_252456_length_222_cov_116.665	gb_Z21523_+_0-1974_ARO:3000191_tetQ	99.099	222	2	0	1	222	1657	1436	1.63e-112	399
NODE_256489_length_220_cov_0.812121	gb_KU302801_+_102199-102430_ARO:3002831_vgaC	90.476	126	12	0	95	220	218	93	1.78e-42	167
NODE_257280_length_219_cov_1.34756	gb_AP009048.1_-_4306556-4307588_ARO:3003548_mdtN	100.000	219	0	0	1	219	254	36	3.45e-114	405
NODE_271853_length_213_cov_1.42405	gb_NC_000913.3_+_3219493-3220873_ARO:3000024_patA	100.000	86	0	0	1	86	86	1	2.88e-40	159
NODE_274543_length_212_cov_1.43312	gb_NC_012469.1_-_1800927-1802391_ARO:3000616_mel	100.000	211	0	0	2	212	231	21	9.33e-110	390
NODE_284397_length_209_cov_1.75325	gb_D78168_+_1591-3130_ARO:3000254_emrY	98.086	209	4	0	1	209	1105	1313	5.57e-102	364
NODE_293496_length_206_cov_1.56954	gb_CP000800.1_-_1191727-1192954_ARO:3001329_mdtG	100.000	206	0	0	1	206	939	734	5.44e-107	381
NODE_295251_length_190_cov_13.7778	gb_AF242872_+_2131-2878_ARO:3000375_ErmB	100.000	50	0	0	1	50	50	1	2.61e-20	93.5
NODE_296774_length_147_cov_92.1739	gb_AF319779.2_+_32-833_ARO:3000604_Erm(35)	100.000	38	0	0	1	38	38	1	9.21e-14	71.3
NODE_296774_length_147_cov_92.1739	gb_M17124_+_1181-1982_ARO:3000498_ErmF	100.000	38	0	0	1	38	38	1	9.21e-14	71.3
NODE_297055_length_141_cov_40.907	gb_AF242872_+_2131-2878_ARO:3000375_ErmB	100.000	50	0	0	1	50	50	1	1.87e-20	93.5
NODE_298148_length_120_cov_2.53846	gb_AF235050.4_+_38028-40140_ARO:3003318_Streptomyces	81.633	98	16	2	1	97	346	250	1.21e-16	80.5
NODE_299075_length_110_cov_139.455	gb_AF319779.2_+_32-833_ARO:3000604_Erm(35)	100.000	49	0	0	62	110	1	49	5.03e-20	91.6
NODE_299075_length_110_cov_139.455	gb_M17124_+_1181-1982_ARO:3000498_ErmF	100.000	49	0	0	62	110	1	49	5.03e-20	91.6
NODE_299422_length_107_cov_16.1923	gb_AF242872_+_2131-2878_ARO:3000375_ErmB	98.214	56	0	1	1	55	686	741	1.04e-21	97.1
NODE_299580_length_106_cov_48.4314	gb_JQ740052_+_2108-3329_ARO:3000567_tet(40)	100.000	39	0	0	68	106	1	39	1.74e-14	73.1
NODE_300303_length_98_cov_10.9302	gb_AJ295238.3_+_163-2083_ARO:3000196_tet32	100.000	98	0	0	1	98	1316	1219	2.52e-47	182
NODE_300303_length_98_cov_10.9302	gb_M18896.2_+_206-2126_ARO:3000190_tetO	88.776	98	11	0	1	98	1316	1219	5.57e-29	121
NODE_301331_length_87_cov_3.3125	gb_AF235050.4_+_38028-40140_ARO:3003318_Streptomyces	100.000	32	0	0	24	55	250	281	1.06e-10	60.2
NODE_302755_length_74_cov_67.1579	gb_EU434751_+_658-2578_ARO:3000194_tetW	100.000	64	0	0	11	74	1920	1857	1.42e-28	119
