NODE_67_length_128888_cov_9.04788	gb_NC_007779_+_2586250-2589364_ARO:3000491_acrD	76.800	250	50	8	52801	53046	1271	1026	1.16e-29	134
NODE_67_length_128888_cov_9.04788	gb_U00096_+_3660413-3663527_ARO:3000796_mdtF	75.000	196	45	4	52831	53024	1241	1048	9.13e-16	87.9
NODE_113_length_101512_cov_11.7352	gb_AF173226_+_3767-6917_ARO:3003052_smeB	86.486	74	10	0	95496	95569	1169	1242	3.34e-14	82.4
NODE_113_length_101512_cov_11.7352	gb_AJ252200_+_1278-4401_ARO:3003056_smeE	84.722	72	11	0	95498	95569	1171	1242	2.01e-11	73.1
NODE_302_length_60186_cov_63.2132	gb_AF173226_+_3767-6917_ARO:3003052_smeB	87.500	56	7	0	20952	21007	1186	1241	2.00e-09	65.8
NODE_302_length_60186_cov_63.2132	gb_AJ252200_+_1278-4401_ARO:3003056_smeE	78.313	83	18	0	20925	21007	1159	1241	4.32e-06	54.7
NODE_426_length_49373_cov_9.75538	gb_GQ343019_+_132-1023_ARO:3002999_CblA-1	99.327	891	6	0	2991	3881	891	1	0.0	1613
NODE_455_length_47664_cov_4.61553	gb_M35190.1_+_308-932_ARO:3004454_Campylobacter	99.074	108	1	0	3	110	517	624	1.93e-48	195
NODE_486_length_45529_cov_3.65068	gb_M80346_+_0-1656_ARO:3002817_carA	96.970	33	1	0	23371	23403	571	603	9.10e-07	56.5
NODE_523_length_43821_cov_5.80519	gb_AFRQ01000061.1_-_23986-27124_ARO:3004144_AxyY	73.333	465	108	15	25878	26334	1023	1479	2.33e-37	158
NODE_543_length_42948_cov_18.4937	gb_AM180355_+_600033-601953_ARO:3000186_tetM	91.719	1920	159	0	39288	41207	1	1920	0.0	2665
NODE_543_length_42948_cov_18.4937	gb_L09756_+_0-1926_ARO:3000192_tetS	78.475	1928	396	17	39289	41206	2	1920	0.0	1243
NODE_878_length_30654_cov_7.14997	gb_AF337947_+_271-1171_ARO:3002635_APH(2'')-IIa	99.667	900	3	0	12422	13321	1	900	0.0	1646
NODE_1054_length_27221_cov_10.404	gb_AF235050.4_+_38028-40140_ARO:3003318_Streptomyces	80.769	208	40	0	6186	6393	76	283	3.11e-39	163
NODE_1058_length_27089_cov_4.67437	gb_M57437_+_0-1647_ARO:3002827_tlrC	92.500	40	1	2	24717	24756	594	557	5.41e-07	56.5
NODE_1084_length_26396_cov_5.72176	gb_U00096_-_2098446-2099613_ARO:3003577_ugd	72.500	280	69	8	25693	25968	798	523	2.42e-15	84.2
NODE_1115_length_25790_cov_8.04962	gb_U00096_+_3415032-3418137_ARO:3000502_acrF	76.289	97	23	0	11710	11806	1246	1150	6.66e-06	52.8
NODE_1365_length_22036_cov_4.67026	gb_M57437_+_0-1647_ARO:3002827_tlrC	96.875	32	1	0	5965	5996	568	599	1.58e-06	54.7
NODE_1535_length_20070_cov_3.18536	gb_KU254579.1_+_59421-59841_ARO:3004111_FosA6	97.143	420	12	0	19121	19540	420	1	0.0	710
NODE_1535_length_20070_cov_3.18536	gb_KP143090.1_-_1199-1619_ARO:3003209_FosA5	96.190	420	16	0	19121	19540	420	1	0.0	688
NODE_1549_length_19888_cov_12.8854	gb_M57437_+_0-1647_ARO:3002827_tlrC	96.970	33	1	0	14572	14604	568	600	3.98e-07	56.5
NODE_1634_length_18815_cov_6.3701	gb_L36601_+_1420-3130_ARO:3003036_oleB	97.059	34	1	0	9545	9578	1565	1532	1.05e-07	58.4
NODE_1786_length_17398_cov_2.85764	gb_NC_000913.3_+_3219493-3220873_ARO:3000024_patA	84.842	1359	204	2	2229	3586	1	1358	0.0	1367
NODE_1852_length_16681_cov_3.31385	gb_U00096_-_3412802-3413465_ARO:3000656_acrS	100.000	544	0	0	16138	16681	663	120	0.0	1005
NODE_1924_length_16121_cov_7.19239	gb_NC_014638.1_-_1610636-1613960_ARO:3003730_Bifidobacteria	82.928	1523	255	3	1	1519	1724	3245	0.0	1367
NODE_1959_length_15808_cov_2.92979	gb_FJ768952_+_0-1488_ARO:3000237_tolC	78.921	1409	276	15	11409	12805	1	1400	0.0	937
NODE_1986_length_15600_cov_6.33934	gb_AF235050.4_+_38028-40140_ARO:3003318_Streptomyces	75.811	339	80	2	1611	1948	76	413	1.07e-41	171
NODE_2432_length_12986_cov_2.97378	gb_U00096.3_-_3203309-3204131_ARO:3002986_bacA	99.634	820	3	0	5468	6287	1	820	0.0	1498
NODE_2442_length_12904_cov_2.67966	gb_NC_007779_+_2586250-2589364_ARO:3000491_acrD	99.518	1866	9	0	1	1866	1866	1	0.0	3397
NODE_2442_length_12904_cov_2.67966	gb_U00096_+_3660413-3663527_ARO:3000796_mdtF	74.145	468	107	11	383	843	1484	1024	4.08e-45	182
NODE_2442_length_12904_cov_2.67966	gb_AB219524.1_+_1176-4338_ARO:3003699_mexQ	97.143	35	1	0	617	651	1256	1222	1.99e-08	60.2
NODE_2476_length_12767_cov_2.72081	gb_NC_000913.3_+_3219493-3220873_ARO:3000024_patA	98.229	734	13	0	12034	12767	1379	646	0.0	1284
NODE_2521_length_12531_cov_3.09538	gb_AP009048.1_-_4153663-4154296_ARO:3000518_CRP	87.836	633	77	0	9722	10354	1	633	0.0	743
NODE_2653_length_11937_cov_2.62414	gb_X01702_+_484-1285_ARO:3002659_APH(6)-Ic	94.444	36	1	1	285	319	518	483	8.58e-07	54.7
NODE_2766_length_11435_cov_7.2819	gb_AF235050.4_+_38028-40140_ARO:3003318_Streptomyces	74.863	366	74	15	5266	5622	75	431	1.02e-35	150
NODE_3279_length_9596_cov_2.77298	gb_U00096.3_-_4567286-4568519_ARO:3001214_mdtM	96.269	1233	46	0	3877	5109	1233	1	0.0	2023
NODE_3406_length_9217_cov_2.45405	gb_NC_000913.3_-_2306971-2308615_ARO:3003952_yojI	75.816	1654	360	31	142	1769	1	1640	0.0	802
NODE_3442_length_9094_cov_3.42007	gb_U00096_+_3660413-3663527_ARO:3000796_mdtF	71.014	2139	568	44	5655	7767	962	3074	1.97e-131	468
NODE_3442_length_9094_cov_3.42007	gb_AJ252200_+_1278-4401_ARO:3003056_smeE	69.735	717	190	27	7066	7770	2385	3086	1.07e-19	97.1
NODE_3442_length_9094_cov_3.42007	gb_NC_002516_+_2810008-2813197_ARO:3000804_MexF	74.843	159	31	7	7504	7659	2850	3002	1.09e-09	63.9
NODE_3516_length_8916_cov_2.9947	gb_NC_007779_+_2586250-2589364_ARO:3000491_acrD	80.422	3126	588	23	2184	5297	3114	1	0.0	2361
NODE_3516_length_8916_cov_2.9947	gb_AJ252200_+_1278-4401_ARO:3003056_smeE	74.384	1339	299	40	3801	5117	1497	181	6.75e-151	532
NODE_3516_length_8916_cov_2.9947	gb_L11616_+_1569-4710_ARO:3000378_MexB	74.977	1095	227	37	3748	4817	1553	481	3.23e-129	460
NODE_3516_length_8916_cov_2.9947	gb_NC_000913.3_-_481253-484403_ARO:3000216_acrB	76.976	582	121	8	3746	4319	1555	979	5.72e-87	320
NODE_3516_length_8916_cov_2.9947	gb_AB015853_+_1330-4471_ARO:3003033_mexY	76.768	396	86	6	3888	4280	1407	1015	7.72e-56	217
NODE_3516_length_8916_cov_2.9947	gb_U00096_+_3660413-3663527_ARO:3000796_mdtF	74.946	467	105	11	3814	4274	1484	1024	6.01e-52	204
NODE_3516_length_8916_cov_2.9947	gb_U57969_+_1485-4617_ARO:3000801_MexD	79.386	228	39	7	4027	4250	1277	1054	6.14e-37	154
NODE_3516_length_8916_cov_2.9947	gb_NC_002516_+_2810008-2813197_ARO:3000804_MexF	76.606	218	43	7	4039	4252	1268	1055	1.04e-24	113
NODE_3516_length_8916_cov_2.9947	gb_NC_010378.1_+_47850-51003_ARO:3003923_oqxB	73.622	254	55	11	4045	4292	1262	1015	6.32e-17	87.9
NODE_3534_length_8867_cov_2.55946	gb_NC_010378.1_+_47850-51003_ARO:3003923_oqxB	99.167	2641	22	0	1	2641	513	3153	0.0	4756
NODE_3534_length_8867_cov_2.55946	gb_NC_002516_+_2810008-2813197_ARO:3000804_MexF	74.388	980	235	15	4	975	516	1487	1.53e-112	405
NODE_3534_length_8867_cov_2.55946	gb_AJ252200_+_1278-4401_ARO:3003056_smeE	73.990	396	98	4	473	864	976	1370	1.70e-37	156
NODE_3534_length_8867_cov_2.55946	gb_U57969_+_1485-4617_ARO:3000801_MexD	77.056	231	39	9	647	869	1156	1380	6.20e-27	121
NODE_3534_length_8867_cov_2.55946	gb_L11616_+_1569-4710_ARO:3000378_MexB	75.200	250	60	2	502	750	1005	1253	8.02e-26	117
NODE_3534_length_8867_cov_2.55946	gb_NC_002516_+_4707534-4710624_ARO:3000808_mexI	76.582	158	31	5	674	828	1156	1310	2.92e-15	82.4
NODE_3534_length_8867_cov_2.55946	gb_U00096_+_3660413-3663527_ARO:3000796_mdtF	87.500	72	7	2	681	751	1184	1254	2.92e-15	82.4
NODE_3573_length_8752_cov_2.18558	gb_D78168_+_1591-3130_ARO:3000254_emrY	97.401	1539	40	0	5949	7487	1539	1	0.0	2621
NODE_3573_length_8752_cov_2.18558	gb_D78168_+_536-1592_ARO:3000206_emrK	98.201	1056	19	0	7487	8542	1056	1	0.0	1845
NODE_3671_length_8542_cov_2.73477	gb_AJ318073.1_+_793-1990_ARO:3004041_Klebsiella	97.995	1197	21	2	43	1236	1197	1	0.0	2074
NODE_3671_length_8542_cov_2.73477	gb_DQ679966_+_299-1493_ARO:3004042_Enterobacter	80.567	1199	223	9	43	1236	1194	1	0.0	915
NODE_3671_length_8542_cov_2.73477	gb_NC_000913.3_-_484425-485619_ARO:3004043_Escherichia	78.884	1165	238	8	76	1236	1161	1	0.0	782
NODE_3763_length_8290_cov_2.56758	gb_CP000800.1_-_1191727-1192954_ARO:3001329_mdtG	99.105	894	8	0	1	894	334	1227	0.0	1607
NODE_3797_length_8200_cov_2.99767	gb_U00096_+_2812615-2814154_ARO:3000074_emrB	98.246	1539	27	0	2703	4241	1	1539	0.0	2693
NODE_3797_length_8200_cov_2.99767	gb_AP009048_+_2810082-2811255_ARO:3000027_emrA	99.147	1173	10	0	1514	2686	1	1173	0.0	2111
NODE_3797_length_8200_cov_2.99767	gb_NC_000913.3_+_2810769-2811300_ARO:3000516_emrR	100.000	531	0	0	857	1387	1	531	0.0	981
NODE_3890_length_7981_cov_2.7348	gb_AP009048.1_-_4153663-4154296_ARO:3000518_CRP	99.368	633	4	0	5666	6298	1	633	0.0	1147
NODE_3979_length_7796_cov_2.59618	gb_U00096_-_1124117-1125326_ARO:3001216_mdtH	99.007	1209	12	0	4159	5367	1	1209	0.0	2167
NODE_4017_length_7732_cov_2.66211	gb_AY768532_+_0-1935_ARO:3000535_macB	90.909	44	4	0	6699	6742	802	845	1.19e-08	60.2
NODE_4201_length_7399_cov_2.28581	gb_NC_010378.1_+_46651-47827_ARO:3003922_oqxA	99.745	1176	3	0	5703	6878	1	1176	0.0	2156
NODE_4201_length_7399_cov_2.28581	gb_NC_010378.1_+_47850-51003_ARO:3003923_oqxB	98.394	498	8	0	6902	7399	1	498	0.0	876
NODE_4218_length_7373_cov_72.053	gb_Z21523_+_0-1974_ARO:3000191_tetQ	100.000	55	0	0	1	55	1907	1961	1.87e-21	102
NODE_4307_length_7206_cov_3.30933	gb_FJ768952_+_0-1488_ARO:3000237_tolC	98.925	1488	16	0	3643	5130	1	1488	0.0	2660
NODE_4353_length_7103_cov_2.60287	gb_JQ394987_+_0-1233_ARO:3001328_Escherichia	97.405	1233	32	0	5466	6698	1233	1	0.0	2100
NODE_4497_length_6877_cov_2.87423	gb_AP009048.1_-_3980025-3981183_ARO:3000795_mdtE	99.136	1158	10	0	4774	5931	1	1158	0.0	2084
NODE_4497_length_6877_cov_2.87423	gb_U00096_+_3660413-3663527_ARO:3000796_mdtF	98.915	922	10	0	5956	6877	1	922	0.0	1648
NODE_4685_length_6563_cov_3.20175	gb_AJ252200_+_1278-4401_ARO:3003056_smeE	81.212	495	84	8	3036	3525	1006	1496	3.16e-108	390
NODE_4685_length_6563_cov_3.20175	gb_NC_007779_+_2586250-2589364_ARO:3000491_acrD	79.669	423	80	6	3089	3508	1059	1478	5.48e-81	300
NODE_4685_length_6563_cov_3.20175	gb_NC_000913.3_-_481253-484403_ARO:3000216_acrB	77.101	476	99	10	3023	3493	993	1463	5.56e-71	267
NODE_4685_length_6563_cov_3.20175	gb_U00096_+_3660413-3663527_ARO:3000796_mdtF	72.907	454	112	11	3062	3510	1033	1480	7.56e-35	147
NODE_4981_length_6179_cov_8.58589	gb_AF028812_+_392-887_ARO:3002867_dfrF	99.597	496	1	1	104	599	1	495	0.0	904
NODE_5120_length_5998_cov_3.00404	gb_U00096_+_3415032-3418137_ARO:3000502_acrF	98.712	3105	40	0	1450	4554	3105	1	0.0	5513
NODE_5120_length_5998_cov_3.00404	gb_U00096_+_3413863-3415021_ARO:3000499_acrE	99.655	1158	4	0	4566	5723	1158	1	0.0	2117
NODE_5120_length_5998_cov_3.00404	gb_NC_003197.2_-_393893-397061_ARO:3000790_mdsB	81.928	83	9	6	1570	1649	3012	2933	1.99e-10	65.8
NODE_5686_length_5364_cov_7.65869	gb_NC_014638.1_-_1610636-1613960_ARO:3003730_Bifidobacteria	86.042	480	62	3	4887	5362	1	479	1.90e-144	510
NODE_5934_length_5121_cov_2.4698	gb_AJ011502.1_+_300-1425_ARO:3004122_Klebsiella	80.473	169	33	0	719	887	955	1123	5.93e-30	130
NODE_6128_length_4952_cov_2.34736	gb_NC_000913.3_-_721055-721733_ARO:3003841_kdpE	97.345	678	18	0	1984	2661	678	1	0.0	1153
NODE_6241_length_4871_cov_2.95619	gb_NC_000913.3_-_481253-484403_ARO:3000216_acrB	83.940	3157	486	17	1698	4842	3148	1	0.0	3001
NODE_6241_length_4871_cov_2.95619	gb_U00096_+_3415032-3418137_ARO:3000502_acrF	73.898	3130	734	69	1746	4834	3097	10	0.0	1177
NODE_6241_length_4871_cov_2.95619	gb_AB015853_+_1330-4471_ARO:3003033_mexY	76.329	414	88	10	3460	3868	1380	972	5.45e-55	213
NODE_6284_length_4835_cov_2.78285	gb_U00096_+_2812615-2814154_ARO:3000074_emrB	84.481	1540	237	2	2370	3908	1539	1	0.0	1519
NODE_6438_length_4717_cov_2.60768	gb_NC_000913.3_-_2306971-2308615_ARO:3003952_yojI	99.331	1644	11	0	1503	3146	1644	1	0.0	2976
NODE_6452_length_4702_cov_2.80869	gb_AP009048_-_4338624-4340268_ARO:3003576_eptA	98.966	1644	17	0	615	2258	1	1644	0.0	2942
NODE_6578_length_4600_cov_2.96788	gb_KU302801_+_102199-102430_ARO:3002831_vgaC	90.826	218	20	0	198	415	218	1	6.42e-79	292
NODE_6634_length_4564_cov_112.805	gb_M17124_+_1181-1982_ARO:3000498_ErmF	91.343	797	69	0	1934	2730	797	1	0.0	1090
NODE_6634_length_4564_cov_112.805	gb_AF319779.2_+_32-833_ARO:3000604_Erm(35)	78.901	801	169	0	1930	2730	801	1	1.59e-154	544
NODE_6929_length_4339_cov_15.0359	gb_AP006618.1_+_4835199-4838688_ARO:3000501_Nocardia	82.324	413	71	2	2335	2746	2954	3365	2.12e-98	357
NODE_7182_length_4175_cov_18.8667	gb_AJ295238.3_+_163-2083_ARO:3000196_tet32	87.715	1921	216	19	189	2099	1	1911	0.0	2222
NODE_7303_length_4105_cov_3.1363	gb_KU302801_+_102199-102430_ARO:3002831_vgaC	99.134	231	2	0	3798	4028	1	231	3.26e-116	416
NODE_7400_length_4044_cov_2.15292	gb_NC_007779_+_1621287-1621671_ARO:3000263_marA	99.479	384	2	0	2825	3208	1	384	0.0	699
NODE_7439_length_4026_cov_5.12214	gb_AF235050.4_+_38028-40140_ARO:3003318_Streptomyces	72.696	293	64	12	3727	4011	75	359	3.68e-16	84.2
NODE_7645_length_3908_cov_3.15988	gb_AP009048.1_-_4303042-4304509_ARO:3003550_mdtP	96.783	746	24	0	1	746	722	1467	0.0	1245
NODE_8118_length_3663_cov_2.71868	gb_AJ011502.1_+_300-1425_ARO:3004122_Klebsiella	76.093	389	71	13	291	662	661	1044	3.21e-46	183
NODE_8216_length_3622_cov_12.3678	gb_AP006618.1_+_4835199-4838688_ARO:3000501_Nocardia	82.324	413	71	2	1600	2011	3365	2954	1.77e-98	357
NODE_8327_length_3570_cov_2.43642	gb_CP004067_+_52914-53709_ARO:3002647_APH(3')-IIIa	100.000	795	0	0	2742	3536	795	1	0.0	1469
NODE_8328_length_3570_cov_2.27482	gb_U00096_+_2367070-2368039_ARO:3003578_pmrF	99.587	969	4	0	1913	2881	1	969	0.0	1768
NODE_8524_length_3487_cov_3.27593	gb_NC_002695.1_-_4903561-4904935_ARO:3000830_cpxA	82.125	1365	237	6	719	2077	1	1364	0.0	1162
NODE_8830_length_3357_cov_3.40067	gb_U00096_+_3660413-3663527_ARO:3000796_mdtF	99.043	2090	20	0	1268	3357	3114	1025	0.0	3749
NODE_8830_length_3357_cov_3.40067	gb_CP015085.1_-_2551711-2552440_ARO:3003838_gadW	95.748	729	31	0	177	905	1	729	0.0	1175
NODE_8830_length_3357_cov_3.40067	gb_L11616_+_1569-4710_ARO:3000378_MexB	76.774	465	103	5	2884	3346	1497	1036	6.14e-68	255
NODE_8830_length_3357_cov_3.40067	gb_AJ252200_+_1278-4401_ARO:3003056_smeE	75.000	476	112	7	2883	3355	1498	1027	3.75e-55	213
NODE_8830_length_3357_cov_3.40067	gb_NC_007779_+_2586250-2589364_ARO:3000491_acrD	74.304	467	106	11	2898	3357	1484	1025	8.18e-47	185
NODE_8830_length_3357_cov_3.40067	gb_U57969_+_1485-4617_ARO:3000801_MexD	87.368	95	12	0	3117	3211	1271	1177	5.06e-24	110
NODE_8830_length_3357_cov_3.40067	gb_NC_010378.1_+_47850-51003_ARO:3003923_oqxB	85.897	78	9	2	3128	3204	1263	1187	1.10e-15	82.4
NODE_8830_length_3357_cov_3.40067	gb_NC_002516_+_2810008-2813197_ARO:3000804_MexF	87.143	70	9	0	3129	3198	1262	1193	3.97e-15	80.5
NODE_8884_length_3339_cov_2.22868	gb_NC_002695.2_-_1737690-1738104_ARO:3000676_H-NS	87.438	406	49	2	2295	2699	1	405	2.59e-131	466
NODE_9044_length_3282_cov_6.50294	gb_M35190.1_+_308-932_ARO:3004454_Campylobacter	100.000	37	0	0	3246	3282	1	37	8.40e-12	69.4
NODE_9474_length_3140_cov_2.38185	gb_NC_000913.3_+_966620-968369_ARO:3003950_msbA	99.239	920	7	0	2221	3140	1749	830	0.0	1661
NODE_9696_length_3067_cov_3.20219	gb_NC_000913.3_-_481253-484403_ARO:3000216_acrB	99.281	2503	18	0	565	3067	3150	648	0.0	4523
NODE_9696_length_3067_cov_3.20219	gb_NC_006350.1_-_2147817-2150949_ARO:3002983_amrB	73.385	387	86	16	710	1089	2984	2608	1.28e-29	128
NODE_9727_length_3056_cov_2.73642	gb_AP009048.1_-_4304505-4306557_ARO:3003549_mdtO	97.579	1611	39	0	1446	3056	1	1611	0.0	2760
NODE_9727_length_3056_cov_2.73642	gb_AP009048.1_-_4306556-4307588_ARO:3003548_mdtN	99.031	1032	10	0	415	1446	1	1032	0.0	1851
NODE_9918_length_3002_cov_1.92263	gb_AJ011502.1_+_300-1425_ARO:3004122_Klebsiella	93.021	1089	24	15	1	1067	67	1125	0.0	1543
NODE_10470_length_2842_cov_1.77503	gb_U00096_-_2098446-2099613_ARO:3003577_ugd	97.001	1167	35	0	588	1754	1167	1	0.0	1962
NODE_10507_length_2832_cov_3.2906	gb_NC_007779_+_3974604-3975429_ARO:3000508_gadX	98.909	825	9	0	1712	2536	1	825	0.0	1474
NODE_10615_length_2804_cov_4.33467	gb_AF472622_+_52-1018_ARO:3003003_CfxA3	100.000	966	0	0	1638	2603	1	966	0.0	1784
NODE_10615_length_2804_cov_4.33467	gb_AY769933_+_0-966_ARO:3003005_CfxA4	99.896	966	1	0	1638	2603	1	966	0.0	1779
NODE_10615_length_2804_cov_4.33467	gb_AF118110.1_-_71-1037_ARO:3003002_CfxA2	99.896	966	1	0	1638	2603	1	966	0.0	1779
NODE_10615_length_2804_cov_4.33467	gb_AY769934_+_27-993_ARO:3003096_CfxA5	99.793	966	2	0	1638	2603	1	966	0.0	1773
NODE_10615_length_2804_cov_4.33467	gb_U38243_+_149-1115_ARO:3003001_CfxA	99.793	966	2	0	1638	2603	1	966	0.0	1773
NODE_10615_length_2804_cov_4.33467	gb_GQ342996_+_797-1793_ARO:3003097_CfxA6	89.234	966	101	3	1634	2598	30	993	0.0	1205
NODE_10743_length_2769_cov_2.18718	gb_U00096_+_2158385-2161463_ARO:3000794_mdtC	81.348	1587	290	6	1177	2760	1	1584	0.0	1286
NODE_10743_length_2769_cov_2.18718	gb_U00096_+_2155262-2158385_ARO:3000793_mdtB	81.378	1176	213	5	4	1176	1951	3123	0.0	953
NODE_10743_length_2769_cov_2.18718	gb_NC_002516.2_-_2847775-2850886_ARO:3004075_MuxC	74.558	1415	303	49	1264	2646	87	1476	2.06e-161	566
NODE_10743_length_2769_cov_2.18718	gb_NC_002516.2_-_2850882-2854014_ARO:3004074_MuxB	75.552	1133	233	36	18	1128	1938	3048	5.85e-147	518
NODE_10743_length_2769_cov_2.18718	gb_AB219523.1_+_1175-4286_ARO:3003705_mexN	73.574	333	76	12	1276	1602	112	438	2.49e-26	117
NODE_11270_length_2646_cov_1.9587	gb_Z11877.1_+_485-818_ARO:3004039_Escherichia	94.294	333	3	9	1629	1945	333	1	2.62e-140	496
NODE_11926_length_2496_cov_2.29455	gb_U00096_+_2154015-2155263_ARO:3000792_mdtA	97.837	1248	27	0	812	2059	1	1248	0.0	2156
NODE_11926_length_2496_cov_2.29455	gb_U00096_+_2155262-2158385_ARO:3000793_mdtB	98.402	438	7	0	2059	2496	1	438	0.0	771
NODE_12044_length_2469_cov_2.73322	gb_U00096_+_2158385-2161463_ARO:3000794_mdtC	82.106	1548	277	0	917	2464	3051	1504	0.0	1325
NODE_12496_length_2387_cov_2.5163	gb_NC_000913.3_+_966620-968369_ARO:3003950_msbA	99.187	123	1	0	2265	2387	1	123	4.42e-58	222
NODE_12741_length_2346_cov_3.1244	gb_NC_002695.1_-_4903561-4904935_ARO:3000830_cpxA	97.674	129	3	0	1	129	1246	1374	4.34e-58	222
NODE_12817_length_2334_cov_2.63581	gb_NC_007779_+_2586250-2589364_ARO:3000491_acrD	99.164	1196	10	0	1	1196	1919	3114	0.0	2154
NODE_13203_length_2265_cov_3.0724	gb_NC_000913.3_-_4377810-4378944_ARO:3004290_Escherichia	97.386	153	4	0	2113	2265	1134	982	8.88e-70	261
NODE_13634_length_2199_cov_5.18657	gb_M35190.1_+_308-932_ARO:3004454_Campylobacter	100.000	37	0	0	2163	2199	1	37	5.61e-12	69.4
NODE_13907_length_2157_cov_2.04757	gb_NC_002695.2_-_1737690-1738104_ARO:3000676_H-NS	99.275	414	3	0	207	620	1	414	0.0	749
NODE_14158_length_2122_cov_3.55104	gb_L36601_+_1420-3130_ARO:3003036_oleB	94.595	37	2	0	1310	1346	1568	1532	1.17e-08	58.4
NODE_14196_length_2117_cov_84.951	gb_EU434751_+_658-2578_ARO:3000194_tetW	99.167	1920	16	0	188	2107	1	1920	0.0	3458
NODE_14196_length_2117_cov_84.951	gb_KU736867.1_+_19653-21573_ARO:3004442_tet(W/N/W)	96.182	1912	71	2	188	2098	1	1911	0.0	3125
NODE_14282_length_2105_cov_2.52	gb_NC_000913.3_-_484425-485619_ARO:3004043_Escherichia	99.916	1194	1	0	655	1848	1194	1	0.0	2200
NODE_14282_length_2105_cov_2.52	gb_NC_000913.3_-_481253-484403_ARO:3000216_acrB	99.209	632	5	0	1	632	632	1	0.0	1140
NODE_14282_length_2105_cov_2.52	gb_AJ318073.1_+_793-1990_ARO:3004041_Klebsiella	78.492	1167	242	8	688	1848	1164	1	0.0	756
NODE_14282_length_2105_cov_2.52	gb_U00096_+_3415032-3418137_ARO:3000502_acrF	77.199	614	121	15	20	624	613	10	1.03e-93	340
NODE_14653_length_2050_cov_3.58947	gb_NC_002695.1_-_4903561-4904935_ARO:3000830_cpxA	98.198	1332	24	0	719	2050	1	1332	0.0	2327
NODE_15754_length_1911_cov_8.95205	gb_NC_005024_+_42504-43944_ARO:3002597_AAC(6')-Ie-APH(2'')-Ia	100.000	1440	0	0	79	1518	1440	1	0.0	2660
NODE_15754_length_1911_cov_8.95205	gb_AY701528.1_+_9695-10589_ARO:3004191_APH(2'')-If	80.843	830	149	9	91	915	867	43	0.0	643
NODE_16013_length_1881_cov_6.98631	gb_JQ740052_+_2108-3329_ARO:3000567_tet(40)	98.148	54	1	0	1828	1881	142	195	7.91e-20	95.3
NODE_16148_length_1865_cov_1.52431	gb_AF235050.4_+_38028-40140_ARO:3003318_Streptomyces	74.352	347	81	7	633	975	417	75	9.93e-34	141
NODE_16645_length_1818_cov_11.945	gb_AF024666.2_-_2207-2969_ARO:3000596_ErmX	96.855	763	23	1	718	1480	762	1	0.0	1275
NODE_16791_length_1804_cov_5.23328	gb_M35190.1_+_308-932_ARO:3004454_Campylobacter	99.074	108	1	0	3	110	517	624	7.27e-50	195
NODE_16791_length_1804_cov_5.23328	gb_X53797_+_133-775_ARO:3002684_catII	94.118	34	2	0	33	66	556	589	4.63e-07	52.8
NODE_17293_length_1758_cov_2.81268	gb_AP009048_+_2165012-2166416_ARO:3000829_baeS	97.994	648	13	0	1111	1758	1	648	0.0	1125
NODE_17634_length_1727_cov_23.9492	gb_AY928180_+_0-495_ARO:3002837_lnuC	98.990	495	5	0	1151	1645	1	495	0.0	887
NODE_17936_length_1702_cov_1.65999	gb_U05883_+_555-1458_ARO:3003559_cepA	95.482	664	5	1	1	639	240	903	0.0	1037
NODE_18076_length_1692_cov_541.582	gb_Z21523_+_0-1974_ARO:3000191_tetQ	97.872	1692	36	0	1	1692	1746	55	0.0	2926
NODE_18901_length_1624_cov_1.79222	gb_U20270_+_124-985_ARO:3001066_SHV-7	100.000	87	0	0	1	87	775	861	6.63e-40	161
NODE_18901_length_1624_cov_1.79222	gb_X55640_+_111-972_ARO:3001064_SHV-5	100.000	87	0	0	1	87	775	861	6.63e-40	161
NODE_18901_length_1624_cov_1.79222	gb_JF812965_+_0-861_ARO:3001167_SHV-120	100.000	87	0	0	1	87	775	861	6.63e-40	161
NODE_18901_length_1624_cov_1.79222	gb_AF072684_+_117-993_ARO:3001075_SHV-16	100.000	87	0	0	1	87	790	876	6.63e-40	161
NODE_18901_length_1624_cov_1.79222	gb_AF547625_+_0-861_ARO:3001103_SHV-45	100.000	87	0	0	1	87	775	861	6.63e-40	161
NODE_18901_length_1624_cov_1.79222	gb_HQ877615_+_0-861_ARO:3001159_SHV-110	100.000	87	0	0	1	87	775	861	6.63e-40	161
NODE_18901_length_1624_cov_1.79222	gb_JQ341060.1_-_881-1742_ARO:3001344_SHV-143	100.000	87	0	0	1	87	775	861	6.63e-40	161
NODE_18901_length_1624_cov_1.79222	gb_AY289548_+_0-861_ARO:3001108_SHV-51	100.000	87	0	0	1	87	775	861	6.63e-40	161
NODE_18901_length_1624_cov_1.79222	gb_AM176556_+_25-886_ARO:3001135_SHV-81	100.000	87	0	0	1	87	775	861	6.63e-40	161
NODE_18901_length_1624_cov_1.79222	gb_AJ863560_+_0-861_ARO:3001111_SHV-55	100.000	87	0	0	1	87	775	861	6.63e-40	161
NODE_18901_length_1624_cov_1.79222	gb_EU032604_+_0-861_ARO:3001152_SHV-103	100.000	87	0	0	1	87	775	861	6.63e-40	161
NODE_18901_length_1624_cov_1.79222	gb_AF148851_+_5-866_ARO:3001060_SHV-2	100.000	87	0	0	1	87	775	861	6.63e-40	161
NODE_18901_length_1624_cov_1.79222	gb_AM176551_+_30-891_ARO:3001130_SHV-76	100.000	87	0	0	1	87	775	861	6.63e-40	161
NODE_18901_length_1624_cov_1.79222	gb_AM176552_+_30-891_ARO:3001131_SHV-77	100.000	87	0	0	1	87	775	861	6.63e-40	161
NODE_18901_length_1624_cov_1.79222	gb_AM941847_+_0-861_ARO:3001155_SHV-106	100.000	87	0	0	1	87	775	861	6.63e-40	161
NODE_18901_length_1624_cov_1.79222	gb_JX268631_+_0-861_ARO:3001091_SHV-33	100.000	87	0	0	1	87	775	861	6.63e-40	161
NODE_18901_length_1624_cov_1.79222	gb_JX121128_+_0-861_ARO:3001200_SHV-161	100.000	87	0	0	1	87	775	861	6.63e-40	161
NODE_18901_length_1624_cov_1.79222	gb_AY223863_+_170-1031_ARO:3001113_SHV-57	100.000	87	0	0	1	87	775	861	6.63e-40	161
NODE_18901_length_1624_cov_1.79222	gb_AY065991_+_6-867_ARO:3001101_SHV-43	100.000	87	0	0	1	87	775	861	6.63e-40	161
NODE_18901_length_1624_cov_1.79222	gb_KF513177_+_0-861_ARO:3001356_SHV-172	100.000	87	0	0	1	87	775	861	6.63e-40	161
NODE_18901_length_1624_cov_1.79222	gb_AJ866285_+_0-861_ARO:3001117_SHV-62	100.000	87	0	0	1	87	775	861	6.63e-40	161
NODE_18901_length_1624_cov_1.79222	gb_HM751100_+_0-861_ARO:3001157_SHV-108	100.000	87	0	0	1	87	775	861	6.63e-40	161
NODE_18901_length_1624_cov_1.79222	gb_AM176550_+_30-891_ARO:3001129_SHV-75	100.000	87	0	0	1	87	775	861	6.63e-40	161
NODE_18901_length_1624_cov_1.79222	gb_AM941846_+_0-900_ARO:3001338_SHV-100	100.000	87	0	0	1	87	814	900	6.63e-40	161
NODE_18901_length_1624_cov_1.79222	gb_AM176557_+_0-861_ARO:3001136_SHV-82	100.000	87	0	0	1	87	775	861	6.63e-40	161
NODE_18901_length_1624_cov_1.79222	gb_S82452_+_120-978_ARO:3001068_SHV-9	100.000	87	0	0	1	87	772	858	6.63e-40	161
NODE_18901_length_1624_cov_1.79222	gb_AY528718_+_413-1274_ARO:3001106_SHV-49	100.000	87	0	0	1	87	775	861	6.63e-40	161
NODE_18901_length_1624_cov_1.79222	gb_DQ174307_+_4-865_ARO:3001122_SHV-67	100.000	87	0	0	1	87	775	861	6.63e-40	161
NODE_18901_length_1624_cov_1.79222	gb_U92041_+_0-861_ARO:3001067_SHV-8	100.000	87	0	0	1	87	775	861	6.63e-40	161
NODE_18901_length_1624_cov_1.79222	gb_HQ661363_+_71-932_ARO:3001181_SHV-137	100.000	87	0	0	1	87	775	861	6.63e-40	161
NODE_18901_length_1624_cov_1.79222	gb_DQ836922_+_0-861_ARO:3001144_SHV-92	100.000	87	0	0	1	87	775	861	6.63e-40	161
NODE_18901_length_1624_cov_1.79222	gb_AB023477_+_0-861_ARO:3001082_SHV-24	100.000	87	0	0	1	87	775	861	6.63e-40	161
NODE_18901_length_1624_cov_1.79222	gb_HQ845196_+_0-861_ARO:3001109_SHV-52	100.000	87	0	0	1	87	775	861	6.63e-40	161
NODE_18901_length_1624_cov_1.79222	gb_NG_050068_+_100-961_ARO:3001062_SHV-3	98.851	87	1	0	1	87	775	861	3.08e-38	156
NODE_18901_length_1624_cov_1.79222	gb_KF705208_+_0-861_ARO:3001362_SHV-179	98.851	87	1	0	1	87	775	861	3.08e-38	156
NODE_18901_length_1624_cov_1.79222	gb_JX121131_+_0-858_ARO:3001203_SHV-165	100.000	84	0	0	1	84	775	858	3.08e-38	156
NODE_18901_length_1624_cov_1.79222	gb_KF705209_+_0-861_ARO:3001361_SHV-178	98.851	87	1	0	1	87	775	861	3.08e-38	156
NODE_18901_length_1624_cov_1.79222	gb_JX013655_+_0-861_ARO:3001185_SHV-145	98.851	87	1	0	1	87	775	861	3.08e-38	156
NODE_18901_length_1624_cov_1.79222	gb_JQ926986_+_0-861_ARO:3001345_SHV-144	98.851	87	1	0	1	87	775	861	3.08e-38	156
NODE_18901_length_1624_cov_1.79222	gb_AY259119_+_116-977_ARO:3001102_SHV-44	98.851	87	1	0	1	87	775	861	3.08e-38	156
NODE_18901_length_1624_cov_1.79222	gb_KP050494_+_0-861_ARO:3003156_SHV-189	98.851	87	1	0	1	87	775	861	3.08e-38	156
NODE_18901_length_1624_cov_1.79222	gb_AY288915_+_0-861_ARO:3001107_SHV-50	98.851	87	1	0	1	87	775	861	3.08e-38	156
NODE_18901_length_1624_cov_1.79222	gb_JX121127_+_0-861_ARO:3001199_SHV-160	98.851	87	1	0	1	87	775	861	3.08e-38	156
NODE_18901_length_1624_cov_1.79222	gb_AF301532_+_7-868_ARO:3001087_SHV-29	98.851	87	1	0	1	87	775	861	3.08e-38	156
NODE_18901_length_1624_cov_1.79222	gb_AF293345_+_0-861_ARO:3001085_SHV-27	98.851	87	1	0	1	87	775	861	3.08e-38	156
NODE_18901_length_1624_cov_1.79222	gb_HG934764_+_0-864_ARO:3001351_SHV-183	98.851	87	1	0	1	87	778	864	3.08e-38	156
NODE_18901_length_1624_cov_1.79222	gb_AF299299_+_0-861_ARO:3001086_SHV-28	98.851	87	1	0	1	87	775	861	3.08e-38	156
NODE_18901_length_1624_cov_1.79222	gb_AM176548_+_16-874_ARO:3001127_SHV-73	98.851	87	1	0	1	87	772	858	3.08e-38	156
NODE_18901_length_1624_cov_1.79222	gb_AB372881_+_8-869_ARO:3001160_SHV-111	98.851	87	1	0	1	87	775	861	3.08e-38	156
NODE_18901_length_1624_cov_1.79222	gb_AF535128_+_0-861_ARO:3001098_SHV-40	98.851	87	1	0	1	87	775	861	3.08e-38	156
NODE_18901_length_1624_cov_1.79222	gb_EF373972_+_0-861_ARO:3001147_SHV-95	98.851	87	1	0	1	87	775	861	3.08e-38	156
NODE_18901_length_1624_cov_1.79222	gb_DQ013287_+_0-861_ARO:3001124_SHV-70	98.851	87	1	0	1	87	775	861	3.08e-38	156
NODE_18901_length_1624_cov_1.79222	gb_DQ328802_+_0-861_ARO:3001140_SHV-86	98.851	87	1	0	1	87	775	861	3.08e-38	156
NODE_18901_length_1624_cov_1.79222	gb_X98102_+_73-934_ARO:3001061_SHV-2A	98.851	87	1	0	1	87	775	861	3.08e-38	156
NODE_18901_length_1624_cov_1.79222	gb_LN515533_+_0-867_ARO:3003154_SHV-187	98.851	87	1	0	1	87	781	867	3.08e-38	156
NODE_18901_length_1624_cov_1.79222	gb_JN051143_+_0-861_ARO:3001182_SHV-140	98.851	87	1	0	1	87	775	861	3.08e-38	156
NODE_18901_length_1624_cov_1.79222	gb_EU274581_+_0-861_ARO:3001153_SHV-104	98.851	87	1	0	1	87	775	861	3.08e-38	156
NODE_18901_length_1624_cov_1.79222	gb_DQ322460_+_15-876_ARO:3001139_SHV-85	98.851	87	1	0	1	87	775	861	3.08e-38	156
NODE_18901_length_1624_cov_1.79222	gb_AM941848_+_0-861_ARO:3001156_SHV-107	98.851	87	1	0	1	87	775	861	3.08e-38	156
NODE_18901_length_1624_cov_1.79222	gb_AY263404_+_0-861_ARO:3001105_SHV-48	98.851	87	1	0	1	87	775	861	3.08e-38	156
NODE_18901_length_1624_cov_1.79222	gb_AM941845_+_0-861_ARO:3001337_SHV-99	98.851	87	1	0	1	87	775	861	3.08e-38	156
NODE_18901_length_1624_cov_1.79222	gb_HQ637576_+_0-861_ARO:3001179_SHV-135	98.851	87	1	0	1	87	775	861	3.08e-38	156
NODE_18901_length_1624_cov_1.79222	gb_AF164577_+_0-861_ARO:3001072_SHV-13	98.851	87	1	0	1	87	775	861	3.08e-38	156
NODE_18901_length_1624_cov_1.79222	gb_EU342351_+_172-1033_ARO:3001118_SHV-63	98.851	87	1	0	1	87	775	861	3.08e-38	156
NODE_18901_length_1624_cov_1.79222	gb_AF227204_+_73-934_ARO:3001084_SHV-26	98.851	87	1	0	1	87	775	861	3.08e-38	156
NODE_18901_length_1624_cov_1.79222	gb_AM176555_+_0-861_ARO:3001134_SHV-80	98.851	87	1	0	1	87	775	861	3.08e-38	156
NODE_18901_length_1624_cov_1.79222	gb_AB302939_+_8-869_ARO:3001115_SHV-60	98.851	87	1	0	1	87	775	861	3.08e-38	156
NODE_18901_length_1624_cov_1.79222	gb_EF373970_+_0-861_ARO:3001146_SHV-94	98.851	87	1	0	1	87	775	861	3.08e-38	156
NODE_18901_length_1624_cov_1.79222	gb_DQ174305_+_4-865_ARO:3001120_SHV-65	98.851	87	1	0	1	87	775	861	3.08e-38	156
NODE_18901_length_1624_cov_1.79222	gb_AY036620_+_88-949_ARO:3001092_SHV-34	98.851	87	1	0	1	87	775	861	3.08e-38	156
NODE_18901_length_1624_cov_1.79222	gb_AY277255_+_66-927_ARO:3001089_SHV-31	98.851	87	1	0	1	87	775	861	3.08e-38	156
NODE_18901_length_1624_cov_1.79222	gb_KJ776406_+_16-877_ARO:3001340_SHV-119	98.851	87	1	0	1	87	775	861	3.08e-38	156
NODE_18901_length_1624_cov_1.79222	gb_KF513178_+_0-861_ARO:3001357_SHV-173	98.851	87	1	0	1	87	775	861	3.08e-38	156
NODE_18901_length_1624_cov_1.79222	gb_JX870080_+_0-861_ARO:3001352_SHV-168	98.851	87	1	0	1	87	775	861	3.08e-38	156
NODE_18901_length_1624_cov_1.79222	gb_AM176546_+_0-861_ARO:3001125_SHV-71	98.851	87	1	0	1	87	775	861	3.08e-38	156
NODE_18901_length_1624_cov_1.79222	gb_FJ668814_+_76-937_ARO:3001059_SHV-1	98.851	87	1	0	1	87	775	861	3.08e-38	156
NODE_18901_length_1624_cov_1.79222	gb_AM176549_+_30-891_ARO:3001128_SHV-74	98.851	87	1	0	1	87	775	861	3.08e-38	156
NODE_18901_length_1624_cov_1.79222	gb_AF208796_+_0-861_ARO:3001083_SHV-25	98.851	87	1	0	1	87	775	861	3.08e-38	156
NODE_18901_length_1624_cov_1.79222	gb_HM559945_+_0-861_ARO:3001178_SHV-134	98.851	87	1	0	1	87	775	861	3.08e-38	156
NODE_18901_length_1624_cov_1.79222	gb_DQ174306_+_4-865_ARO:3001121_SHV-66	98.851	87	1	0	1	87	775	861	3.08e-38	156
NODE_18901_length_1624_cov_1.79222	gb_EF373969_+_0-861_ARO:3001145_SHV-93	98.851	87	1	0	1	87	775	861	3.08e-38	156
NODE_18901_length_1624_cov_1.79222	gb_EF373971_+_0-861_ARO:3001148_SHV-96	98.851	87	1	0	1	87	775	861	3.08e-38	156
NODE_18901_length_1624_cov_1.79222	gb_KM233165_+_0-861_ARO:3003153_SHV-186	98.851	87	1	0	1	87	775	861	3.08e-38	156
NODE_18901_length_1624_cov_1.79222	gb_HM751103.1_+_0-864_ARO:3001169_SHV-122	98.851	87	1	0	1	87	778	864	3.08e-38	156
NODE_18901_length_1624_cov_1.79222	gb_JQ388884_+_0-861_ARO:3001183_SHV-141	98.851	87	1	0	1	87	775	861	3.08e-38	156
NODE_18901_length_1624_cov_1.79222	gb_AF226622_+_54-915_ARO:3001073_SHV-14	98.851	87	1	0	1	87	775	861	3.08e-38	156
NODE_18901_length_1624_cov_1.79222	gb_AY210887_+_111-972_ARO:3001104_SHV-46	98.851	87	1	0	1	87	775	861	3.08e-38	156
NODE_18901_length_1624_cov_1.79222	gb_EU024485_+_0-861_ARO:3001151_SHV-102	98.851	87	1	0	1	87	775	861	3.08e-38	156
NODE_18901_length_1624_cov_1.79222	gb_AM176547_+_30-891_ARO:3001126_SHV-72	98.851	87	1	0	1	87	775	861	3.08e-38	156
NODE_18901_length_1624_cov_1.79222	gb_JQ029959_+_28-889_ARO:3001184_SHV-142	98.851	87	1	0	1	87	775	861	3.08e-38	156
NODE_18901_length_1624_cov_1.79222	gb_AY661885_+_48-909_ARO:3001088_SHV-30	98.851	87	1	0	1	87	775	861	3.08e-38	156
NODE_18901_length_1624_cov_1.79222	gb_X98101_+_73-934_ARO:3001070_SHV-11	98.851	87	1	0	1	87	775	861	3.08e-38	156
NODE_18901_length_1624_cov_1.79222	gb_KM233164_+_0-861_ARO:3003152_SHV-185	98.851	87	1	0	1	87	775	861	3.08e-38	156
NODE_18901_length_1624_cov_1.79222	gb_AY079099_+_148-1009_ARO:3001096_SHV-38	98.851	87	1	0	1	87	775	861	3.08e-38	156
NODE_18901_length_1624_cov_1.79222	gb_JX121123_+_0-861_ARO:3001195_SHV-156	98.851	87	1	0	1	87	775	861	3.08e-38	156
NODE_18901_length_1624_cov_1.79222	gb_AB551737_+_14-875_ARO:3001177_SHV-133	98.851	87	1	0	1	87	775	861	3.08e-38	156
NODE_18901_length_1624_cov_1.79222	gb_AM176558_+_0-861_ARO:3001137_SHV-83	98.851	87	1	0	1	87	775	861	3.08e-38	156
NODE_18901_length_1624_cov_1.79222	gb_DQ174308_+_4-865_ARO:3001123_SHV-69	98.851	87	1	0	1	87	775	861	3.08e-38	156
NODE_18901_length_1624_cov_1.79222	gb_AF467947_+_0-861_ARO:3001094_SHV-36	98.851	87	1	0	1	87	775	861	3.08e-38	156
NODE_18901_length_1624_cov_1.79222	gb_AJ011428_+_0-861_ARO:3001074_SHV-15	98.851	87	1	0	1	87	775	861	3.08e-38	156
NODE_18901_length_1624_cov_1.79222	gb_LN515534_+_0-873_ARO:3003155_SHV-188	98.851	87	1	0	1	87	787	873	3.08e-38	156
NODE_18901_length_1624_cov_1.79222	gb_AM176553_+_30-891_ARO:3001132_SHV-78	98.851	87	1	0	1	87	775	861	3.08e-38	156
NODE_18901_length_1624_cov_1.79222	gb_AY037778_+_91-952_ARO:3001090_SHV-32	98.851	87	1	0	1	87	775	861	3.08e-38	156
NODE_18901_length_1624_cov_1.79222	gb_KP050487.1_+_0-861_ARO:3001350_SHV-180	98.851	87	1	0	1	87	775	861	3.08e-38	156
NODE_18901_length_1624_cov_1.79222	gb_HE981194_+_0-861_ARO:3001347_SHV-164	98.851	87	1	0	1	87	775	861	3.08e-38	156
NODE_18901_length_1624_cov_1.79222	gb_JX121119_+_0-858_ARO:3001191_SHV-152	100.000	84	0	0	1	84	775	858	3.08e-38	156
NODE_18901_length_1624_cov_1.79222	gb_HQ661362_+_71-932_ARO:3001168_SHV-121	98.851	87	1	0	1	87	775	861	3.08e-38	156
NODE_18901_length_1624_cov_1.79222	gb_AY070258_+_0-861_ARO:3001093_SHV-35	98.851	87	1	0	1	87	775	861	3.08e-38	156
NODE_18901_length_1624_cov_1.79222	gb_EU155018_+_0-861_ARO:3001150_SHV-101	98.851	87	1	0	1	87	775	861	3.08e-38	156
NODE_18901_length_1624_cov_1.79222	gb_AJ866284_+_0-861_ARO:3001116_SHV-61	98.851	87	1	0	1	87	775	861	3.08e-38	156
NODE_18901_length_1624_cov_1.79222	gb_DQ193536_+_0-861_ARO:3001141_SHV-89	98.851	87	1	0	1	87	775	861	3.08e-38	156
NODE_18901_length_1624_cov_1.79222	gb_EU586041_+_0-861_ARO:3001112_SHV-56	98.851	87	1	0	1	87	775	861	3.08e-38	156
NODE_18901_length_1624_cov_1.79222	gb_DQ174304_+_4-865_ARO:3001119_SHV-64	98.851	87	1	0	1	87	775	861	3.08e-38	156
NODE_18901_length_1624_cov_1.79222	gb_FJ194944_+_46-907_ARO:3001154_SHV-105	98.851	87	1	0	1	87	775	861	3.08e-38	156
NODE_18901_length_1624_cov_1.79222	gb_AM176554_+_30-891_ARO:3001133_SHV-79	98.851	87	1	0	1	87	775	861	3.08e-38	156
NODE_18901_length_1624_cov_1.79222	gb_AF132290_+_87-948_ARO:3001076_SHV-18	98.851	87	1	0	1	87	775	861	3.08e-38	156
NODE_18901_length_1624_cov_1.79222	gb_AF535130_+_0-861_ARO:3001100_SHV-42	98.851	87	1	0	1	87	775	861	3.08e-38	156
NODE_18901_length_1624_cov_1.79222	gb_AM941844_+_0-861_ARO:3001336_SHV-98	97.701	87	2	0	1	87	775	861	1.43e-36	150
NODE_18901_length_1624_cov_1.79222	gb_JX121118_+_0-858_ARO:3001190_SHV-151	98.810	84	1	0	1	84	775	858	1.43e-36	150
NODE_18901_length_1624_cov_1.79222	gb_JX121121_+_0-858_ARO:3001193_SHV-154	98.810	84	1	0	1	84	775	858	1.43e-36	150
NODE_18901_length_1624_cov_1.79222	gb_JX121116_+_0-858_ARO:3001188_SHV-149	98.810	84	1	0	1	84	775	858	1.43e-36	150
NODE_18901_length_1624_cov_1.79222	gb_EU418913_+_16-877_ARO:3001158_SHV-109	97.701	87	2	0	1	87	775	861	1.43e-36	150
NODE_18901_length_1624_cov_1.79222	gb_AY790341_+_0-861_ARO:3001114_SHV-59	97.701	87	2	0	1	87	775	861	1.43e-36	150
NODE_18901_length_1624_cov_1.79222	gb_JX121124_+_0-861_ARO:3001196_SHV-157	97.701	87	2	0	1	87	775	861	1.43e-36	150
NODE_18901_length_1624_cov_1.79222	gb_JX121117_+_0-858_ARO:3001189_SHV-150	98.810	84	1	0	1	84	775	858	1.43e-36	150
NODE_18901_length_1624_cov_1.79222	gb_EF373973_+_0-861_ARO:3001149_SHV-97	97.701	87	2	0	1	87	775	861	1.43e-36	150
NODE_18901_length_1624_cov_1.79222	gb_AF467948_+_0-861_ARO:3001095_SHV-37	97.701	87	2	0	1	87	775	861	1.43e-36	150
NODE_18901_length_1624_cov_1.79222	gb_JX121120_+_0-858_ARO:3001192_SHV-153	98.810	84	1	0	1	84	775	858	1.43e-36	150
NODE_18901_length_1624_cov_1.79222	gb_JX121129_+_0-858_ARO:3001201_SHV-162	98.810	84	1	0	1	84	775	858	1.43e-36	150
NODE_18901_length_1624_cov_1.79222	gb_KP050489_+_0-861_ARO:3001364_SHV-182	97.701	87	2	0	1	87	775	861	1.43e-36	150
NODE_18901_length_1624_cov_1.79222	gb_AF535129_+_0-861_ARO:3001099_SHV-41	97.701	87	2	0	1	87	775	861	1.43e-36	150
NODE_18901_length_1624_cov_1.79222	gb_JX121130_+_0-858_ARO:3001202_SHV-163	98.780	82	1	0	1	82	775	856	1.86e-35	147
NODE_18901_length_1624_cov_1.79222	gb_JX121115_+_0-858_ARO:3001187_SHV-148	98.780	82	1	0	1	82	775	856	1.86e-35	147
NODE_18901_length_1624_cov_1.79222	gb_JX121126_+_0-858_ARO:3001198_SHV-159	97.619	84	2	0	1	84	775	858	6.68e-35	145
NODE_18901_length_1624_cov_1.79222	gb_JX121114_+_0-858_ARO:3001186_SHV-147	97.619	84	2	0	1	84	775	858	6.68e-35	145
NODE_18901_length_1624_cov_1.79222	gb_JX121125_+_0-858_ARO:3001197_SHV-158	97.619	84	2	0	1	84	775	858	6.68e-35	145
NODE_18901_length_1624_cov_1.79222	gb_JX121122_+_0-858_ARO:3001194_SHV-155	97.561	82	2	0	1	82	775	856	8.63e-34	141
NODE_18901_length_1624_cov_1.79222	gb_GU827715_+_0-861_ARO:3001176_SHV-129	95.402	87	4	0	1	87	775	861	3.11e-33	139
NODE_18901_length_1624_cov_1.79222	gb_GU932590_+_0-861_ARO:3001175_SHV-128	95.402	87	4	0	1	87	775	861	3.11e-33	139
NODE_18901_length_1624_cov_1.79222	gb_AB733453_+_3-849_ARO:3001204_SHV-167	100.000	72	0	0	1	72	775	846	1.44e-31	134
NODE_18901_length_1624_cov_1.79222	gb_AM850918_+_24-885_ARO:3002438_OKP-B-5	91.954	87	7	0	1	87	775	861	3.13e-28	122
NODE_18901_length_1624_cov_1.79222	gb_AM850921_+_24-885_ARO:3002452_OKP-B-19	91.954	87	7	0	1	87	775	861	3.13e-28	122
NODE_18901_length_1624_cov_1.79222	gb_FJ755840_+_0-861_ARO:3002433_OKP-A-16	90.805	87	8	0	1	87	775	861	1.46e-26	117
NODE_18901_length_1624_cov_1.79222	gb_AM850922_+_24-885_ARO:3002453_OKP-B-20	90.805	87	8	0	1	87	775	861	1.46e-26	117
NODE_18901_length_1624_cov_1.79222	gb_AM850920_+_40-901_ARO:3002451_OKP-B-18	90.805	87	8	0	1	87	775	861	1.46e-26	117
NODE_18901_length_1624_cov_1.79222	gb_FJ534513_+_0-861_ARO:3002430_OKP-A-13	90.805	87	8	0	1	87	775	861	1.46e-26	117
NODE_18901_length_1624_cov_1.79222	gb_AM850915_+_19-880_ARO:3002428_OKP-A-11	90.805	87	8	0	1	87	775	861	1.46e-26	117
NODE_18901_length_1624_cov_1.79222	gb_FJ755841_+_0-846_ARO:3002432_OKP-A-15	90.805	87	8	0	1	87	760	846	1.46e-26	117
NODE_18901_length_1624_cov_1.79222	gb_FJ534512_+_0-861_ARO:3002431_OKP-A-14	89.655	87	9	0	1	87	775	861	6.77e-25	111
NODE_18901_length_1624_cov_1.79222	gb_AY825330_+_0-861_ARO:3002446_OKP-B-13	89.655	87	9	0	1	87	775	861	6.77e-25	111
NODE_18901_length_1624_cov_1.79222	gb_AM850916_+_18-879_ARO:3002429_OKP-A-12	89.655	87	9	0	1	87	775	861	6.77e-25	111
NODE_18901_length_1624_cov_1.79222	gb_AJ920369_+_23-860_ARO:3001071_SHV-12	98.413	63	1	0	1	63	775	837	6.77e-25	111
NODE_18901_length_1624_cov_1.79222	gb_NG_049281_+_0-861_ARO:3002474_LEN-26	89.535	86	9	0	2	87	776	861	2.44e-24	110
NODE_18901_length_1624_cov_1.79222	gb_AY130287_+_0-822_ARO:3002472_LEN-4	95.588	68	3	0	1	68	755	822	2.44e-24	110
NODE_18901_length_1624_cov_1.79222	gb_AY130286_+_0-822_ARO:3002475_LEN-3	95.588	68	3	0	1	68	755	822	2.44e-24	110
NODE_18901_length_1624_cov_1.79222	gb_AM087453_+_25-856_ARO:3001138_SHV-84	98.246	57	1	0	1	57	775	831	1.47e-21	100
NODE_18901_length_1624_cov_1.79222	gb_GQ390809_+_0-813_ARO:3001174_SHV-127	100.000	39	0	0	1	39	775	813	3.19e-13	73.1
NODE_18901_length_1624_cov_1.79222	gb_GQ390805_+_0-813_ARO:3001170_SHV-123	100.000	39	0	0	1	39	775	813	3.19e-13	73.1
NODE_18901_length_1624_cov_1.79222	gb_GQ390807_+_0-813_ARO:3001172_SHV-125	100.000	39	0	0	1	39	775	813	3.19e-13	73.1
NODE_18901_length_1624_cov_1.79222	gb_GQ390808_+_0-813_ARO:3001173_SHV-126	100.000	39	0	0	1	39	775	813	3.19e-13	73.1
NODE_18901_length_1624_cov_1.79222	gb_GQ390806_+_0-813_ARO:3001171_SHV-124	100.000	39	0	0	1	39	775	813	3.19e-13	73.1
NODE_18901_length_1624_cov_1.79222	gb_AF117747_+_0-780_ARO:3001081_SHV-23	100.000	36	0	0	1	36	745	780	1.49e-11	67.6
NODE_18901_length_1624_cov_1.79222	gb_AF117743_+_0-780_ARO:3001077_SHV-19	100.000	36	0	0	1	36	745	780	1.49e-11	67.6
NODE_18901_length_1624_cov_1.79222	gb_AF117746_+_0-780_ARO:3001080_SHV-22	100.000	36	0	0	1	36	745	780	1.49e-11	67.6
NODE_18901_length_1624_cov_1.79222	gb_AF117744_+_0-780_ARO:3001078_SHV-20	100.000	36	0	0	1	36	745	780	1.49e-11	67.6
NODE_18901_length_1624_cov_1.79222	gb_AF117745_+_0-780_ARO:3001079_SHV-21	100.000	36	0	0	1	36	745	780	1.49e-11	67.6
NODE_18901_length_1624_cov_1.79222	gb_Y11069_+_0-780_ARO:3001065_SHV-6	100.000	36	0	0	1	36	745	780	1.49e-11	67.6
NODE_19863_length_1553_cov_1.23899	gb_AF235050.4_+_38028-40140_ARO:3003318_Streptomyces	80.471	297	54	2	1259	1553	453	159	7.97e-59	224
NODE_20294_length_1523_cov_2.34128	gb_U00096_+_2158385-2161463_ARO:3000794_mdtC	97.776	1304	29	0	220	1523	1	1304	0.0	2248
NODE_20294_length_1523_cov_2.34128	gb_U00096_+_2155262-2158385_ARO:3000793_mdtB	99.087	219	2	0	1	219	2905	3123	5.62e-110	394
NODE_20614_length_1502_cov_168.872	gb_Z21523_+_0-1974_ARO:3000191_tetQ	91.873	283	23	0	1220	1502	1974	1692	1.54e-110	396
NODE_21434_length_1449_cov_2.27331	gb_U00096_+_2155262-2158385_ARO:3000793_mdtB	83.691	1257	201	4	195	1449	1	1255	0.0	1182
NODE_21434_length_1449_cov_2.27331	gb_NC_002516.2_-_2850882-2854014_ARO:3004074_MuxB	75.623	1243	263	37	227	1449	6	1228	3.82e-166	580
NODE_21434_length_1449_cov_2.27331	gb_NC_002516.2_-_2847775-2850886_ARO:3004075_MuxC	80.000	185	33	4	1267	1449	1052	1234	1.29e-31	134
NODE_21514_length_1445_cov_3.61799	gb_AP009048.1_-_4303042-4304509_ARO:3003550_mdtP	98.231	848	15	0	4	851	848	1	0.0	1483
NODE_21514_length_1445_cov_3.61799	gb_AP009048.1_-_4304505-4306557_ARO:3003549_mdtO	99.331	598	4	0	848	1445	2052	1455	0.0	1083
NODE_21594_length_1440_cov_2.25054	gb_NC_007779_+_2166412-2167135_ARO:3000828_baeR	96.819	723	23	0	332	1054	1	723	0.0	1208
NODE_21594_length_1440_cov_2.25054	gb_AP009048_+_2165012-2166416_ARO:3000829_baeS	98.209	335	6	0	1	335	1070	1404	8.17e-168	586
NODE_21650_length_1437_cov_10.9993	gb_NC_014638.1_-_1610636-1613960_ARO:3003730_Bifidobacteria	81.328	1446	255	13	1	1437	1724	3163	0.0	1160
NODE_22771_length_1377_cov_1.95991	gb_U00096_+_2155262-2158385_ARO:3000793_mdtB	97.168	1377	39	0	1	1377	754	2130	0.0	2327
NODE_23171_length_1354_cov_1.16705	gb_AY522923.1_-_7744-8983_ARO:3003839_Mrx	100.000	912	0	0	443	1354	1239	328	0.0	1685
NODE_23225_length_1352_cov_20.7826	gb_NC_014638.1_-_1610636-1613960_ARO:3003730_Bifidobacteria	85.957	1353	182	7	1	1349	427	1775	0.0	1439
NODE_24894_length_1269_cov_57.2628	gb_JQ740052_+_2108-3329_ARO:3000567_tet(40)	99.509	1221	6	0	33	1253	1221	1	0.0	2222
NODE_25450_length_1245_cov_1.89916	gb_U00096_+_2484373-2487967_ARO:3000833_evgS	98.758	805	10	0	441	1245	3594	2790	0.0	1432
NODE_25888_length_1227_cov_1.86519	gb_U00096_+_2158385-2161463_ARO:3000794_mdtC	95.174	1181	57	0	1	1181	1363	2543	0.0	1866
NODE_26186_length_1214_cov_1.92407	gb_JQ394987_+_0-1233_ARO:3001328_Escherichia	78.392	958	203	4	257	1212	1	956	6.77e-178	619
NODE_26459_length_1202_cov_3.24586	gb_NC_000913.3_-_4377810-4378944_ARO:3004290_Escherichia	98.779	819	10	0	384	1202	1	819	0.0	1458
NODE_26459_length_1202_cov_3.24586	gb_KM087859_+_0-1146_ARO:3002176_MIR-11	74.254	637	144	16	504	1130	133	759	1.01e-66	250
NODE_26459_length_1202_cov_3.24586	gb_KM087851_+_0-1146_ARO:3002180_MIR-15	74.219	640	145	16	504	1133	133	762	1.01e-66	250
NODE_26459_length_1202_cov_3.24586	gb_KM087858_+_0-1146_ARO:3002175_MIR-10	74.062	640	146	16	504	1133	133	762	4.71e-65	244
NODE_26459_length_1202_cov_3.24586	gb_FJ237367_+_0-1146_ARO:3002173_MIR-8	74.097	637	145	16	504	1130	133	759	4.71e-65	244
NODE_26459_length_1202_cov_3.24586	gb_KM087861_+_0-1146_ARO:3002181_MIR-16	74.062	640	146	16	504	1133	133	762	4.71e-65	244
NODE_26459_length_1202_cov_3.24586	gb_AY227752_+_88-1234_ARO:3002168_MIR-2	74.062	640	146	16	504	1133	133	762	4.71e-65	244
NODE_26459_length_1202_cov_3.24586	gb_LN515535_+_0-1146_ARO:3003173_MIR-17	73.906	640	147	16	504	1133	133	762	2.19e-63	239
NODE_26459_length_1202_cov_3.24586	gb_EF417572_+_29-1175_ARO:3002167_MIR-4	73.940	637	146	16	504	1130	133	759	2.19e-63	239
NODE_26459_length_1202_cov_3.24586	gb_KP050484_+_0-1146_ARO:3002170_MIR-5	73.940	637	146	16	504	1130	133	759	2.19e-63	239
NODE_26459_length_1202_cov_3.24586	gb_AY743435_+_13-1159_ARO:3002169_MIR-3	73.940	637	146	16	504	1130	133	759	2.19e-63	239
NODE_26459_length_1202_cov_3.24586	gb_M37839_+_927-2073_ARO:3002166_MIR-1	73.783	637	147	16	504	1130	133	759	1.02e-61	233
NODE_26459_length_1202_cov_3.24586	gb_KM087862_+_0-1146_ARO:3002178_MIR-13	73.750	640	148	16	504	1133	133	762	1.02e-61	233
NODE_26459_length_1202_cov_3.24586	gb_KM087860_+_0-1146_ARO:3002174_MIR-9	73.750	640	148	16	504	1133	133	762	1.02e-61	233
NODE_26459_length_1202_cov_3.24586	gb_JQ664733_+_0-1146_ARO:3002171_MIR-6	73.783	637	147	16	504	1130	133	759	1.02e-61	233
NODE_26459_length_1202_cov_3.24586	gb_KM087863_+_0-1146_ARO:3002177_MIR-12	73.783	637	147	16	504	1130	133	759	1.02e-61	233
NODE_26459_length_1202_cov_3.24586	gb_KJ207207_+_479-1625_ARO:3001844_ACT-24	72.756	635	161	11	474	1102	103	731	8.00e-53	204
NODE_26459_length_1202_cov_3.24586	gb_KF992028_+_761-1907_ARO:3001839_ACT-18	72.799	636	159	12	474	1102	103	731	8.00e-53	204
NODE_26459_length_1202_cov_3.24586	gb_FJ237369_+_0-1146_ARO:3001824_ACT-5	73.179	604	145	15	478	1073	107	701	2.88e-52	202
NODE_26459_length_1202_cov_3.24586	gb_KF515536_+_0-1146_ARO:3001828_ACT-23	72.670	633	157	14	478	1102	107	731	1.34e-50	196
NODE_26459_length_1202_cov_3.24586	gb_JX440354_+_756-1902_ARO:3001836_ACT-14	72.713	634	155	15	478	1102	107	731	1.34e-50	196
NODE_26459_length_1202_cov_3.24586	gb_KM926621_+_751-1897_ARO:3003171_ACT-36	72.527	637	159	14	474	1102	103	731	1.73e-49	193
NODE_26459_length_1202_cov_3.24586	gb_KF526118_+_0-1146_ARO:3001842_ACT-21	72.607	606	145	18	478	1073	107	701	1.35e-45	180
NODE_26809_length_1188_cov_1.48808	gb_L11616_+_1569-4710_ARO:3000378_MexB	73.171	574	126	24	4	563	2828	2269	3.70e-46	182
NODE_26847_length_1187_cov_2.06272	gb_U00096_+_2484373-2487967_ARO:3000833_evgS	97.557	1187	29	0	1	1187	701	1887	0.0	2032
NODE_26863_length_1186_cov_1.69761	gb_AF516719_+_214-1075_ARO:3000967_TEM-104	100.000	699	0	0	488	1186	1	699	0.0	1291
NODE_26863_length_1186_cov_1.69761	gb_HG934763_+_0-861_ARO:3001394_TEM-217	100.000	699	0	0	488	1186	1	699	0.0	1291
NODE_26863_length_1186_cov_1.69761	gb_AJ437107_+_208-1069_ARO:3000900_TEM-30	100.000	699	0	0	488	1186	1	699	0.0	1291
NODE_26863_length_1186_cov_1.69761	gb_KC818234_+_0-861_ARO:3001384_TEM-207	100.000	699	0	0	488	1186	1	699	0.0	1291
NODE_26863_length_1186_cov_1.69761	gb_AB700703_+_161-1022_ARO:3001057_TEM-198	100.000	699	0	0	488	1186	1	699	0.0	1291
NODE_26863_length_1186_cov_1.69761	gb_KP050492_+_0-861_ARO:3001392_TEM-215	99.857	699	1	0	488	1186	1	699	0.0	1286
NODE_26863_length_1186_cov_1.69761	gb_AF516720_+_214-1075_ARO:3000968_TEM-105	99.857	699	1	0	488	1186	1	699	0.0	1286
NODE_26863_length_1186_cov_1.69761	gb_AF190694_+_208-1069_ARO:3000942_TEM-76	99.857	699	1	0	488	1186	1	699	0.0	1286
NODE_26863_length_1186_cov_1.69761	gb_KC865667_+_183-1044_ARO:3001385_TEM-208	99.857	699	1	0	488	1186	1	699	0.0	1286
NODE_26863_length_1186_cov_1.69761	gb_AF188199_+_214-1075_ARO:3000936_TEM-70	99.857	699	1	0	488	1186	1	699	0.0	1286
NODE_26863_length_1186_cov_1.69761	gb_EU274580_+_214-1075_ARO:3001030_TEM-164	99.857	699	1	0	488	1186	1	699	0.0	1286
NODE_26863_length_1186_cov_1.69761	gb_AY368236_+_0-861_ARO:3000989_TEM-127	99.857	699	1	0	488	1186	1	699	0.0	1286
NODE_26863_length_1186_cov_1.69761	gb_AJ634602.1_-_7839-8700_ARO:3000999_TEM-135	99.857	699	1	0	488	1186	1	699	0.0	1286
NODE_26863_length_1186_cov_1.69761	gb_DQ075245_+_217-1078_ARO:3001006_TEM-143	99.857	699	1	0	488	1186	1	699	0.0	1286
NODE_26863_length_1186_cov_1.69761	gb_AM849805_+_262-1123_ARO:3000886_TEM-15	99.857	699	1	0	488	1186	1	699	0.0	1286
NODE_26863_length_1186_cov_1.69761	gb_AM049399_+_0-861_ARO:3001007_TEM-144	99.857	699	1	0	488	1186	1	699	0.0	1286
NODE_26863_length_1186_cov_1.69761	gb_JN227084_+_308-1169_ARO:3001046_TEM-186	99.857	699	1	0	488	1186	1	699	0.0	1286
NODE_26863_length_1186_cov_1.69761	gb_AF190692_+_208-1069_ARO:3000946_TEM-79	99.857	699	1	0	488	1186	1	699	0.0	1286
NODE_26863_length_1186_cov_1.69761	gb_U37195_+_75-936_ARO:3000898_TEM-28	99.857	699	1	0	488	1186	1	699	0.0	1286
NODE_26863_length_1186_cov_1.69761	gb_EU815939_+_0-861_ARO:3001029_TEM-163	99.857	699	1	0	488	1186	1	699	0.0	1286
NODE_26863_length_1186_cov_1.69761	gb_AF093512_+_197-1058_ARO:3000882_TEM-10	99.857	699	1	0	488	1186	1	699	0.0	1286
NODE_26863_length_1186_cov_1.69761	gb_JX310327_+_0-861_ARO:3001378_TEM-201	99.857	699	1	0	488	1186	1	699	0.0	1286
NODE_26863_length_1186_cov_1.69761	gb_AJ308558_+_181-1042_ARO:3000962_TEM-95	99.857	699	1	0	488	1186	1	699	0.0	1286
NODE_26863_length_1186_cov_1.69761	gb_AY368237_+_0-861_ARO:3000990_TEM-128	99.857	699	1	0	488	1186	1	699	0.0	1286
NODE_26863_length_1186_cov_1.69761	gb_GU371926_-_50304-51165_ARO:3000903_TEM-33	99.857	699	1	0	488	1186	1	699	0.0	1286
NODE_26863_length_1186_cov_1.69761	gb_KP050491_+_0-861_ARO:3001391_TEM-214	99.857	699	1	0	488	1186	1	699	0.0	1286
NODE_26863_length_1186_cov_1.69761	gb_AY307100_+_0-861_ARO:3000984_TEM-122	99.857	699	1	0	488	1186	1	699	0.0	1286
NODE_26863_length_1186_cov_1.69761	gb_AL513383_+_161910-162771_ARO:3000873_TEM-1	99.857	699	1	0	488	1186	1	699	0.0	1286
NODE_26863_length_1186_cov_1.69761	gb_FJ197316_+_0-861_ARO:3001032_TEM-166	99.857	699	1	0	488	1186	1	699	0.0	1286
NODE_26863_length_1186_cov_1.69761	gb_AM087454_+_208-1069_ARO:3001015_TEM-148	99.857	699	1	0	488	1186	1	699	0.0	1286
NODE_26863_length_1186_cov_1.69761	gb_GU550123_+_144-1005_ARO:3001041_TEM-176	99.857	699	1	0	488	1186	1	699	0.0	1286
NODE_26863_length_1186_cov_1.69761	gb_KC783461_+_0-861_ARO:3001383_TEM-206	99.857	699	1	0	488	1186	1	699	0.0	1286
NODE_26863_length_1186_cov_1.69761	gb_KC292503_+_4334-5195_ARO:3000904_TEM-34	99.857	699	1	0	488	1186	1	699	0.0	1286
NODE_26863_length_1186_cov_1.69761	gb_KM998962.1_+_0-861_ARO:3003158_TEM-220	99.714	699	2	0	488	1186	1	699	0.0	1280
NODE_26863_length_1186_cov_1.69761	gb_JQ034306_+_0-861_ARO:3001376_TEM-196	99.714	699	2	0	488	1186	1	699	0.0	1280
NODE_26863_length_1186_cov_1.69761	gb_FJ405211_+_0-861_ARO:3000926_TEM-57	99.714	699	2	0	488	1186	1	699	0.0	1280
NODE_26863_length_1186_cov_1.69761	gb_KF944358_+_0-861_ARO:3001393_TEM-216	99.714	699	2	0	488	1186	1	699	0.0	1280
NODE_26863_length_1186_cov_1.69761	gb_AY956335_+_38-899_ARO:3001004_TEM-141	99.714	699	2	0	488	1186	1	699	0.0	1280
NODE_26863_length_1186_cov_1.69761	gb_KM114268_+_0-861_ARO:3003157_TEM-219	99.714	699	2	0	488	1186	1	699	0.0	1280
NODE_26863_length_1186_cov_1.69761	gb_AY826417_+_0-861_ARO:3001000_TEM-136	99.714	699	2	0	488	1186	1	699	0.0	1280
NODE_26863_length_1186_cov_1.69761	gb_Y17584_+_0-858_ARO:3000899_TEM-29	99.714	699	2	0	488	1186	1	699	0.0	1280
NODE_26863_length_1186_cov_1.69761	gb_KF240808_+_0-861_ARO:3001386_TEM-209	99.714	699	2	0	488	1186	1	699	0.0	1280
NODE_26863_length_1186_cov_1.69761	gb_AJ239002_+_0-861_ARO:3000935_TEM-68	99.714	699	2	0	488	1186	1	699	0.0	1280
NODE_26863_length_1186_cov_1.69761	gb_DQ286729_+_0-861_ARO:3000924_TEM-55	99.714	699	2	0	488	1186	1	699	0.0	1280
NODE_26863_length_1186_cov_1.69761	gb_AY101578_+_214-1075_ARO:3000969_TEM-106	99.714	699	2	0	488	1186	1	699	0.0	1280
NODE_26863_length_1186_cov_1.69761	gb_HQ317449_+_0-861_ARO:3001373_TEM-182	99.714	699	2	0	488	1186	1	699	0.0	1280
NODE_26863_length_1186_cov_1.69761	gb_EF534736_+_213-1074_ARO:3001024_TEM-158	99.714	699	2	0	488	1186	1	699	0.0	1280
NODE_26863_length_1186_cov_1.69761	gb_Y10279_+_0-861_ARO:3000916_TEM-47	99.714	699	2	0	488	1186	1	699	0.0	1280
NODE_26863_length_1186_cov_1.69761	gb_AY491682_+_0-861_ARO:3000996_TEM-132	99.714	699	2	0	488	1186	1	699	0.0	1280
NODE_26863_length_1186_cov_1.69761	gb_AY628199_+_203-1064_ARO:3000988_TEM-126	99.714	699	2	0	488	1186	1	699	0.0	1280
NODE_26863_length_1186_cov_1.69761	gb_DQ279850_+_0-861_ARO:3001014_TEM-147	99.571	699	3	0	488	1186	1	699	0.0	1275
NODE_26863_length_1186_cov_1.69761	gb_FJ919776_+_208-1069_ARO:3001034_TEM-168	99.571	699	3	0	488	1186	1	699	0.0	1275
NODE_26863_length_1186_cov_1.69761	gb_FR717535_+_0-861_ARO:3000910_TEM-40	99.571	699	3	0	488	1186	1	699	0.0	1275
NODE_26863_length_1186_cov_1.69761	gb_AY327540_+_0-858_ARO:3000986_TEM-124	99.571	699	3	0	488	1186	1	699	0.0	1275
NODE_26863_length_1186_cov_1.69761	gb_AF104442_+_193-1054_ARO:3000923_TEM-54	99.571	699	3	0	488	1186	1	699	0.0	1275
NODE_26863_length_1186_cov_1.69761	gb_FJ873740_+_0-858_ARO:3001035_TEM-169	99.571	699	3	0	488	1186	1	699	0.0	1275
NODE_26863_length_1186_cov_1.69761	gb_AY092401_+_0-861_ARO:3000963_TEM-96	99.571	699	3	0	488	1186	1	699	0.0	1275
NODE_26863_length_1186_cov_1.69761	gb_AY027590_+_112-973_ARO:3000955_TEM-88	99.571	699	3	0	488	1186	1	699	0.0	1275
NODE_26863_length_1186_cov_1.69761	gb_DQ105528_+_0-861_ARO:3001012_TEM-145	99.571	699	3	0	488	1186	1	699	0.0	1275
NODE_26863_length_1186_cov_1.69761	gb_AJ012256_+_208-1069_ARO:3000939_TEM-73	99.571	699	3	0	488	1186	1	699	0.0	1275
NODE_26863_length_1186_cov_1.69761	gb_AY101764_+_206-1067_ARO:3000970_TEM-107	99.571	699	3	0	488	1186	1	699	0.0	1275
NODE_26863_length_1186_cov_1.69761	gb_JN254627_+_0-861_ARO:3001049_TEM-189	99.428	699	4	0	488	1186	1	699	0.0	1269
NODE_26863_length_1186_cov_1.69761	gb_AM183304_+_208-1069_ARO:3001017_TEM-150	99.428	699	4	0	488	1186	1	699	0.0	1269
NODE_26863_length_1186_cov_1.69761	gb_AF427128_+_208-1069_ARO:3000949_TEM-82	99.428	699	4	0	488	1186	1	699	0.0	1269
NODE_26863_length_1186_cov_1.69761	gb_JX042489_+_141-1002_ARO:3000890_TEM-19	99.428	699	4	0	488	1186	1	699	0.0	1269
NODE_26863_length_1186_cov_1.69761	gb_AJ318093_+_0-861_ARO:3000960_TEM-93	99.428	699	4	0	488	1186	1	699	0.0	1269
NODE_26863_length_1186_cov_1.69761	gb_DQ105529_+_0-861_ARO:3001013_TEM-146	99.428	699	4	0	488	1186	1	699	0.0	1269
NODE_26863_length_1186_cov_1.69761	gb_AM941159_+_208-1069_ARO:3001022_TEM-156	99.428	699	4	0	488	1186	1	699	0.0	1269
NODE_26863_length_1186_cov_1.69761	gb_AF351241_+_89-950_ARO:3000957_TEM-90	99.428	699	4	0	488	1186	1	699	0.0	1269
NODE_26863_length_1186_cov_1.69761	gb_KC149518_+_0-861_ARO:3001369_TEM-153	99.428	699	4	0	488	1186	1	699	0.0	1269
NODE_26863_length_1186_cov_1.69761	gb_GQ149347_+_5269-6130_ARO:3001037_TEM-171	99.428	699	4	0	488	1186	1	699	0.0	1269
NODE_26863_length_1186_cov_1.69761	gb_AF427130_+_208-1069_ARO:3000951_TEM-84	99.428	699	4	0	488	1186	1	699	0.0	1269
NODE_26863_length_1186_cov_1.69761	gb_AF203816_+_210-1071_ARO:3000937_TEM-71	99.428	699	4	0	488	1186	1	699	0.0	1269
NODE_26863_length_1186_cov_1.69761	gb_AY589493_+_166-1027_ARO:3000975_TEM-112	99.428	699	4	0	488	1186	1	699	0.0	1269
NODE_26863_length_1186_cov_1.69761	gb_AB049569_+_0-861_ARO:3000958_TEM-91	99.428	699	4	0	488	1186	1	699	0.0	1269
NODE_26863_length_1186_cov_1.69761	gb_HQ529916_+_110-971_ARO:3001045_TEM-183	99.428	699	4	0	488	1186	1	699	0.0	1269
NODE_26863_length_1186_cov_1.69761	gb_U95363_+_0-861_ARO:3000912_TEM-43	99.428	699	4	0	488	1186	1	699	0.0	1269
NODE_26863_length_1186_cov_1.69761	gb_AY628175_+_210-1071_ARO:3000972_TEM-109	99.428	699	4	0	488	1186	1	699	0.0	1269
NODE_26863_length_1186_cov_1.69761	gb_AY327539_+_0-858_ARO:3000985_TEM-123	99.285	699	5	0	488	1186	1	699	0.0	1264
NODE_26863_length_1186_cov_1.69761	gb_AF468003_+_0-861_ARO:3000974_TEM-111	99.285	699	5	0	488	1186	1	699	0.0	1264
NODE_26863_length_1186_cov_1.69761	gb_FJ807656_+_0-861_ARO:3001020_TEM-154	99.285	699	5	0	488	1186	1	699	0.0	1264
NODE_26863_length_1186_cov_1.69761	gb_Y10280_+_0-861_ARO:3000917_TEM-48	99.285	699	5	0	488	1186	1	699	0.0	1264
NODE_26863_length_1186_cov_1.69761	gb_M88143_+_367-1228_ARO:3000884_TEM-12	99.285	699	5	0	488	1186	1	699	0.0	1264
NODE_26863_length_1186_cov_1.69761	gb_AF495873_+_0-861_ARO:3000964_TEM-101	99.285	699	5	0	488	1186	1	699	0.0	1264
NODE_26863_length_1186_cov_1.69761	gb_AF347054_+_208-1069_ARO:3000947_TEM-80	99.285	699	5	0	488	1186	1	699	0.0	1264
NODE_26863_length_1186_cov_1.69761	gb_HQ877606_+_0-861_ARO:3001056_TEM-197	99.285	699	5	0	488	1186	1	699	0.0	1264
NODE_26863_length_1186_cov_1.69761	gb_AF427127_+_208-1069_ARO:3000948_TEM-81	99.285	699	5	0	488	1186	1	699	0.0	1264
NODE_26863_length_1186_cov_1.69761	gb_X95401_+_208-1069_ARO:3000914_TEM-45	99.285	699	5	0	488	1186	1	699	0.0	1264
NODE_26863_length_1186_cov_1.69761	gb_Y17581_+_78-936_ARO:3000891_TEM-20	99.285	699	5	0	488	1186	1	699	0.0	1264
NODE_26863_length_1186_cov_1.69761	gb_AM286274_+_0-861_ARO:3001001_TEM-137	99.285	699	5	0	488	1186	1	699	0.0	1264
NODE_26863_length_1186_cov_1.69761	gb_Y10281_+_0-861_ARO:3000918_TEM-49	99.285	699	5	0	488	1186	1	699	0.0	1264
NODE_26863_length_1186_cov_1.69761	gb_DQ388882_+_0-861_ARO:3001005_TEM-142	99.285	699	5	0	488	1186	1	699	0.0	1264
NODE_26863_length_1186_cov_1.69761	gb_X57972_+_339-1200_ARO:3000878_TEM-6	99.285	699	5	0	488	1186	1	699	0.0	1264
NODE_26863_length_1186_cov_1.69761	gb_AY243512_+_208-1069_ARO:3000982_TEM-120	99.285	699	5	0	488	1186	1	699	0.0	1264
NODE_26863_length_1186_cov_1.69761	gb_AY072920_+_0-861_ARO:3000973_TEM-110	99.285	699	5	0	488	1186	1	699	0.0	1264
NODE_26863_length_1186_cov_1.69761	gb_Y13612_+_0-861_ARO:3000921_TEM-52	99.285	699	5	0	488	1186	1	699	0.0	1264
NODE_26863_length_1186_cov_1.69761	gb_JN211012_+_213-1074_ARO:3001048_TEM-188	99.285	699	5	0	488	1186	1	699	0.0	1264
NODE_26863_length_1186_cov_1.69761	gb_X54606_+_214-1075_ARO:3000874_TEM-2	99.285	699	5	0	488	1186	1	699	0.0	1264
NODE_26863_length_1186_cov_1.69761	gb_DQ679961_+_114-975_ARO:3001021_TEM-155	99.285	699	5	0	488	1186	1	699	0.0	1264
NODE_26863_length_1186_cov_1.69761	gb_NC_002156_+_1429-2290_ARO:3000979_TEM-116	99.285	699	5	0	488	1186	1	699	0.0	1264
NODE_26863_length_1186_cov_1.69761	gb_NG_050265_+_100-961_ARO:3000876_TEM-4	99.142	699	6	0	488	1186	1	699	0.0	1258
NODE_26863_length_1186_cov_1.69761	gb_AF506748_+_38-899_ARO:3000971_TEM-108	99.565	690	3	0	496	1185	9	698	0.0	1258
NODE_26863_length_1186_cov_1.69761	gb_X65253_+_175-1036_ARO:3000894_TEM-24	99.142	699	6	0	488	1186	1	699	0.0	1258
NODE_26863_length_1186_cov_1.69761	gb_JN416112_+_0-861_ARO:3001050_TEM-190	99.142	699	6	0	488	1186	1	699	0.0	1258
NODE_26863_length_1186_cov_1.69761	gb_AJ277415_+_0-861_ARO:3000953_TEM-86	99.142	699	6	0	488	1186	1	699	0.0	1258
NODE_26863_length_1186_cov_1.69761	gb_X64523.1_-_476-1337_ARO:3000875_TEM-3	99.142	699	6	0	488	1186	1	699	0.0	1258
NODE_26863_length_1186_cov_1.69761	gb_AF104441_+_193-1054_ARO:3000922_TEM-53	99.142	699	6	0	488	1186	1	699	0.0	1258
NODE_26863_length_1186_cov_1.69761	gb_AF535127_+_208-1069_ARO:3000978_TEM-115	99.142	699	6	0	488	1186	1	699	0.0	1258
NODE_26863_length_1186_cov_1.69761	gb_DQ072853_+_0-861_ARO:3001003_TEM-139	99.142	699	6	0	488	1186	1	699	0.0	1258
NODE_26863_length_1186_cov_1.69761	gb_EF136377_+_0-861_ARO:3001026_TEM-160	99.142	699	6	0	488	1186	1	699	0.0	1258
NODE_26863_length_1186_cov_1.69761	gb_AJ277414_+_0-861_ARO:3000952_TEM-85	99.142	699	6	0	488	1186	1	699	0.0	1258
NODE_26863_length_1186_cov_1.69761	gb_AY589495_+_181-1042_ARO:3000977_TEM-114	99.142	699	6	0	488	1186	1	699	0.0	1258
NODE_26863_length_1186_cov_1.69761	gb_AJ746225_+_0-861_ARO:3000993_TEM-129	99.142	699	6	0	488	1186	1	699	0.0	1258
NODE_26863_length_1186_cov_1.69761	gb_DQ834728_+_205-1066_ARO:3001019_TEM-152	99.142	699	6	0	488	1186	1	699	0.0	1258
NODE_26863_length_1186_cov_1.69761	gb_JF795538_+_0-861_ARO:3001374_TEM-185	99.142	699	6	0	488	1186	1	699	0.0	1258
NODE_26863_length_1186_cov_1.69761	gb_AF427129_+_208-1069_ARO:3000950_TEM-83	99.142	699	6	0	488	1186	1	699	0.0	1258
NODE_26863_length_1186_cov_1.69761	gb_L19940_+_197-1006_ARO:3000896_TEM-26	99.142	699	6	0	488	1186	1	699	0.0	1258
NODE_26863_length_1186_cov_1.69761	gb_KF663615_+_0-858_ARO:3001390_TEM-213	99.142	699	6	0	488	1186	1	699	0.0	1258
NODE_26863_length_1186_cov_1.69761	gb_DQ834729_+_205-1066_ARO:3001018_TEM-151	99.142	699	6	0	488	1186	1	699	0.0	1258
NODE_26863_length_1186_cov_1.69761	gb_Y17583_+_213-1071_ARO:3000893_TEM-22	99.142	699	6	0	488	1186	1	699	0.0	1258
NODE_26863_length_1186_cov_1.69761	gb_AF091113_+_450-1311_ARO:3000934_TEM-67	99.142	699	6	0	488	1186	1	699	0.0	1258
NODE_26863_length_1186_cov_1.69761	gb_AY874537_+_177-1038_ARO:3000883_TEM-11	99.142	699	6	0	488	1186	1	699	0.0	1258
NODE_26863_length_1186_cov_1.69761	gb_AY853593_+_214-1075_ARO:3001002_TEM-138	99.142	699	6	0	488	1186	1	699	0.0	1258
NODE_26863_length_1186_cov_1.69761	gb_AF190693_+_208-1069_ARO:3000944_TEM-78	99.142	699	6	0	488	1186	1	699	0.0	1258
NODE_26863_length_1186_cov_1.69761	gb_AF062386_+_30-862_ARO:3000928_TEM-59	99.142	699	6	0	488	1186	1	699	0.0	1258
NODE_26863_length_1186_cov_1.69761	gb_AF157553_+_147-1008_ARO:3000938_TEM-72	99.142	699	6	0	488	1186	1	699	0.0	1258
NODE_26863_length_1186_cov_1.69761	gb_FJ360884_+_213-1074_ARO:3001033_TEM-167	98.999	699	7	0	488	1186	1	699	0.0	1253
NODE_26863_length_1186_cov_1.69761	gb_AJ318094_+_0-861_ARO:3000961_TEM-94	98.999	699	7	0	488	1186	1	699	0.0	1253
NODE_26863_length_1186_cov_1.69761	gb_X65252_+_175-1036_ARO:3000880_TEM-8	98.999	699	7	0	488	1186	1	699	0.0	1253
NODE_26863_length_1186_cov_1.69761	gb_DQ909059_+_0-861_ARO:3001023_TEM-157	98.999	699	7	0	488	1186	1	699	0.0	1253
NODE_26863_length_1186_cov_1.69761	gb_DQ369751_+_0-861_ARO:3001016_TEM-149	98.999	699	7	0	488	1186	1	699	0.0	1253
NODE_26863_length_1186_cov_1.69761	gb_AY574271_+_0-861_ARO:3000998_TEM-134	98.999	699	7	0	488	1186	1	699	0.0	1253
NODE_26863_length_1186_cov_1.69761	gb_AY589494_+_193-1054_ARO:3000976_TEM-113	98.999	699	7	0	488	1186	1	699	0.0	1253
NODE_26863_length_1186_cov_1.69761	gb_EF136376_+_0-861_ARO:3001025_TEM-159	98.999	699	7	0	488	1186	1	699	0.0	1253
NODE_26863_length_1186_cov_1.69761	gb_AY039040_+_188-1022_ARO:3000956_TEM-89	98.999	699	7	0	488	1186	1	699	0.0	1253
NODE_26863_length_1186_cov_1.69761	gb_Y17582_+_0-858_ARO:3000892_TEM-21	98.999	699	7	0	488	1186	1	699	0.0	1253
NODE_26863_length_1186_cov_1.69761	gb_HM246246_+_211-1069_ARO:3001047_TEM-187	98.999	699	7	0	488	1186	1	699	0.0	1253
NODE_26863_length_1186_cov_1.69761	gb_AY528425_+_0-861_ARO:3000997_TEM-133	98.999	699	7	0	488	1186	1	699	0.0	1253
NODE_26863_length_1186_cov_1.69761	gb_Y14574_+_0-861_ARO:3000888_TEM-17	98.999	699	7	0	488	1186	1	699	0.0	1253
NODE_26863_length_1186_cov_1.69761	gb_AF143804_+_0-861_ARO:3000959_TEM-92	98.999	699	7	0	488	1186	1	699	0.0	1253
NODE_26863_length_1186_cov_1.69761	gb_AY271267_+_0-861_ARO:3000983_TEM-121	98.999	699	7	0	488	1186	1	699	0.0	1253
NODE_26863_length_1186_cov_1.69761	gb_AY040093_+_68-929_ARO:3000965_TEM-102	98.999	699	7	0	488	1186	1	699	0.0	1253
NODE_26863_length_1186_cov_1.69761	gb_X65254_+_175-1036_ARO:3000887_TEM-16	98.999	699	7	0	488	1186	1	699	0.0	1253
NODE_26863_length_1186_cov_1.69761	gb_KF513179_+_0-861_ARO:3001388_TEM-211	98.856	699	8	0	488	1186	1	699	0.0	1247
NODE_26863_length_1186_cov_1.69761	gb_AJ866988_+_0-861_ARO:3000994_TEM-130	98.856	699	8	0	488	1186	1	699	0.0	1247
NODE_26863_length_1186_cov_1.69761	gb_AY436361_+_131-992_ARO:3000995_TEM-131	98.712	699	9	0	488	1186	1	699	0.0	1243
NODE_26863_length_1186_cov_1.69761	gb_FR848831_+_0-861_ARO:3001375_TEM-184	98.712	699	9	0	488	1186	1	699	0.0	1242
NODE_26863_length_1186_cov_1.69761	gb_FN652295_+_0-861_ARO:3001042_TEM-177	98.712	699	9	0	488	1186	1	699	0.0	1242
NODE_26863_length_1186_cov_1.69761	gb_AF332513_+_103-964_ARO:3000931_TEM-63	98.712	699	9	0	488	1186	1	699	0.0	1242
NODE_26863_length_1186_cov_1.69761	gb_X98047_+_0-844_ARO:3000911_TEM-42	99.130	690	6	0	497	1186	1	690	0.0	1242
NODE_26863_length_1186_cov_1.69761	gb_AF250872_+_0-861_ARO:3000954_TEM-87	98.712	699	9	0	488	1186	1	699	0.0	1242
NODE_26863_length_1186_cov_1.69761	gb_JX050178_+_0-852_ARO:3001058_TEM-199	98.987	691	7	0	496	1186	1	691	0.0	1238
NODE_26863_length_1186_cov_1.69761	gb_AY628176_+_75-936_ARO:3000987_TEM-125	98.569	699	10	0	488	1186	1	699	0.0	1236
NODE_26863_length_1186_cov_1.69761	gb_KC900516_+_0-858_ARO:3001382_TEM-205	98.569	699	10	0	488	1186	1	699	0.0	1236
NODE_26863_length_1186_cov_1.69761	gb_JF949916_+_0-757_ARO:3001051_TEM-191	100.000	669	0	0	518	1186	1	669	0.0	1236
NODE_26863_length_1186_cov_1.69761	gb_JF949915_+_0-754_ARO:3001052_TEM-192	99.851	669	1	0	518	1186	1	669	0.0	1230
NODE_26863_length_1186_cov_1.69761	gb_EF468463_+_66-927_ARO:3001028_TEM-162	98.426	699	11	0	488	1186	1	699	0.0	1230
NODE_26863_length_1186_cov_1.69761	gb_JN935137_+_0-861_ARO:3001055_TEM-195	98.140	699	13	0	488	1186	1	699	0.0	1219
NODE_26863_length_1186_cov_1.69761	gb_AF047171_+_135-996_ARO:3000929_TEM-60	97.997	699	14	0	488	1186	1	699	0.0	1214
NODE_26863_length_1186_cov_1.69761	gb_AY130282_+_0-764_ARO:3000980_TEM-117	99.548	663	3	0	524	1186	1	663	0.0	1208
NODE_26863_length_1186_cov_1.69761	gb_X97254_+_153-1011_ARO:3001043_TEM-178	97.857	700	10	3	488	1186	1	696	0.0	1205
NODE_26863_length_1186_cov_1.69761	gb_AY130285_+_0-785_ARO:3000981_TEM-118	99.397	663	4	0	524	1186	1	663	0.0	1203
NODE_26863_length_1186_cov_1.69761	gb_AY130284_+_0-785_ARO:3000941_TEM-75	99.246	663	5	0	524	1186	1	663	0.0	1197
NODE_26863_length_1186_cov_1.69761	gb_AF527798.1_+_0-785_ARO:3000879_TEM-7	99.246	663	5	0	524	1186	1	663	0.0	1197
NODE_26863_length_1186_cov_1.69761	gb_JN935135_+_0-861_ARO:3001053_TEM-193	97.429	700	16	2	488	1186	1	699	0.0	1192
NODE_26863_length_1186_cov_1.69761	gb_JN935136_+_0-861_ARO:3001054_TEM-194	96.853	699	22	0	488	1186	1	699	0.0	1170
NODE_26897_length_1185_cov_2.05752	gb_U00096_+_2484373-2487967_ARO:3000833_evgS	97.640	805	19	0	1	805	805	1	0.0	1382
NODE_26897_length_1185_cov_2.05752	gb_NC_002695_+_3211891-3212506_ARO:3000832_evgA	99.734	376	1	0	810	1185	615	240	0.0	689
NODE_27235_length_1172_cov_106.683	gb_M18896.2_+_206-2126_ARO:3000190_tetO	99.446	903	5	0	270	1172	1	903	0.0	1640
NODE_27235_length_1172_cov_106.683	gb_AJ295238.3_+_163-2083_ARO:3000196_tet32	91.667	396	33	0	270	665	1	396	8.69e-157	549
NODE_27467_length_1163_cov_5.80415	gb_D16251.1_-_1625-2531_ARO:3000316_mphA	100.000	225	0	0	939	1163	1	225	9.13e-117	416
NODE_28790_length_1114_cov_5.90085	gb_AF242872_+_2131-2878_ARO:3000375_ErmB	98.182	55	0	1	1061	1114	741	687	4.65e-20	95.3
NODE_29494_length_1090_cov_1.62415	gb_AF313472_+_15593-16397_ARO:3002639_APH(3'')-Ib	99.751	804	2	0	205	1008	804	1	0.0	1474
NODE_29494_length_1090_cov_1.62415	gb_AF024602_+_3155-3992_ARO:3002660_APH(6)-Id	99.512	205	1	0	1	205	205	1	5.21e-104	374
NODE_30359_length_1064_cov_141.508	gb_AF242872_+_2131-2878_ARO:3000375_ErmB	99.598	747	2	1	46	791	747	1	0.0	1362
NODE_30613_length_1057_cov_41.2545	gb_Z21523_+_0-1974_ARO:3000191_tetQ	98.148	54	1	0	1004	1057	245	192	4.41e-20	95.3
NODE_31781_length_1021_cov_1.11594	gb_AF024602_+_3155-3992_ARO:3002660_APH(6)-Id	99.701	334	1	0	688	1021	837	504	9.49e-176	612
NODE_35224_length_929_cov_1.84096	gb_AY712687_+_0-831_ARO:3002628_aad(6)	100.000	494	0	0	387	880	831	338	0.0	913
NODE_35224_length_929_cov_1.84096	gb_U01945_+_373-916_ARO:3002897_SAT-4	99.744	390	1	0	1	390	390	1	0.0	715
NODE_35224_length_929_cov_1.84096	gb_NC_023287.1_-_60996-61860_ARO:3002626_ANT(6)-Ia	79.206	428	87	2	454	880	842	416	9.86e-81	296
NODE_36626_length_897_cov_2.8361	gb_NC_000913.3_+_966620-968369_ARO:3003950_msbA	98.662	897	12	0	1	897	30	926	0.0	1591
NODE_37824_length_871_cov_0.8125	gb_NC_002134.1_+_41537-42743_ARO:3000165_tet(A)	100.000	46	0	0	826	871	1	46	2.17e-17	86.1
NODE_37824_length_871_cov_0.8125	gb_AB089595_+_0-1206_ARO:3000166_tet(B)	97.826	46	1	0	826	871	1	46	1.01e-15	80.5
NODE_39231_length_845_cov_1.85316	gb_CP000800.1_-_1191727-1192954_ARO:3001329_mdtG	97.887	426	9	0	1	426	426	1	0.0	737
NODE_41255_length_809_cov_2.70955	gb_NC_000913.3_+_3219493-3220873_ARO:3000024_patA	97.478	793	20	0	17	809	1	793	0.0	1354
NODE_41492_length_805_cov_140.591	gb_M17124_+_1181-1982_ARO:3000498_ErmF	99.323	739	5	0	1	739	63	801	0.0	1338
NODE_42129_length_794_cov_99.1556	gb_M18896.2_+_206-2126_ARO:3000190_tetO	100.000	756	0	0	39	794	1920	1165	0.0	1397
NODE_42129_length_794_cov_99.1556	gb_AJ295238.3_+_163-2083_ARO:3000196_tet32	96.825	756	24	0	39	794	1920	1165	0.0	1264
NODE_43009_length_778_cov_1.94191	gb_U00096_+_2484373-2487967_ARO:3000833_evgS	98.586	778	11	0	1	778	2910	2133	0.0	1376
NODE_44677_length_752_cov_1.9957	gb_NC_014638.1_-_1610636-1613960_ARO:3003730_Bifidobacteria	86.623	755	95	6	1	752	1326	575	0.0	830
NODE_45087_length_746_cov_2.96961	gb_CP014358.1_-_2161325-2162750_ARO:3001327_mdtK	79.089	483	99	2	24	505	482	1	2.16e-91	331
NODE_47103_length_717_cov_393.157	gb_Z21523_+_0-1974_ARO:3000191_tetQ	100.000	109	0	0	1	109	109	1	1.70e-52	202
NODE_47243_length_715_cov_1.19545	gb_AF235050.4_+_38028-40140_ARO:3003318_Streptomyces	82.609	92	16	0	91	182	413	322	2.30e-16	82.4
NODE_48054_length_704_cov_1.7812	gb_AP009048_+_2165012-2166416_ARO:3000829_baeS	99.574	704	3	0	1	704	1178	475	0.0	1284
NODE_49257_length_689_cov_1.48107	gb_NC_002516.2_-_2847775-2850886_ARO:3004075_MuxC	100.000	33	0	0	562	594	1233	1201	2.89e-10	62.1
NODE_55644_length_621_cov_1.95583	gb_AM941848_+_0-861_ARO:3001156_SHV-107	99.839	621	1	0	1	621	634	14	0.0	1142
NODE_55644_length_621_cov_1.95583	gb_X98101_+_73-934_ARO:3001070_SHV-11	99.839	621	1	0	1	621	634	14	0.0	1142
NODE_55644_length_621_cov_1.95583	gb_JX121122_+_0-858_ARO:3001194_SHV-155	99.678	621	2	0	1	621	634	14	0.0	1136
NODE_55644_length_621_cov_1.95583	gb_JX121126_+_0-858_ARO:3001198_SHV-159	99.678	621	2	0	1	621	634	14	0.0	1136
NODE_55644_length_621_cov_1.95583	gb_DQ328802_+_0-861_ARO:3001140_SHV-86	99.678	621	2	0	1	621	634	14	0.0	1136
NODE_55644_length_621_cov_1.95583	gb_AF164577_+_0-861_ARO:3001072_SHV-13	99.678	621	2	0	1	621	634	14	0.0	1136
NODE_55644_length_621_cov_1.95583	gb_AY277255_+_66-927_ARO:3001089_SHV-31	99.678	621	2	0	1	621	634	14	0.0	1136
NODE_55644_length_621_cov_1.95583	gb_KF513178_+_0-861_ARO:3001357_SHV-173	99.678	621	2	0	1	621	634	14	0.0	1136
NODE_55644_length_621_cov_1.95583	gb_JX121125_+_0-858_ARO:3001197_SHV-158	99.678	621	2	0	1	621	634	14	0.0	1136
NODE_55644_length_621_cov_1.95583	gb_AM176549_+_30-891_ARO:3001128_SHV-74	99.678	621	2	0	1	621	634	14	0.0	1136
NODE_55644_length_621_cov_1.95583	gb_KF513177_+_0-861_ARO:3001356_SHV-172	99.678	621	2	0	1	621	634	14	0.0	1136
NODE_55644_length_621_cov_1.95583	gb_GU827715_+_0-861_ARO:3001176_SHV-129	99.678	621	2	0	1	621	634	14	0.0	1136
NODE_55644_length_621_cov_1.95583	gb_AM176550_+_30-891_ARO:3001129_SHV-75	99.678	621	2	0	1	621	634	14	0.0	1136
NODE_55644_length_621_cov_1.95583	gb_DQ174307_+_4-865_ARO:3001122_SHV-67	99.678	621	2	0	1	621	634	14	0.0	1136
NODE_55644_length_621_cov_1.95583	gb_KP050489_+_0-861_ARO:3001364_SHV-182	99.678	621	2	0	1	621	634	14	0.0	1136
NODE_55644_length_621_cov_1.95583	gb_AJ920369_+_23-860_ARO:3001071_SHV-12	99.678	621	2	0	1	621	634	14	0.0	1136
NODE_55644_length_621_cov_1.95583	gb_AF299299_+_0-861_ARO:3001086_SHV-28	99.677	619	2	0	3	621	632	14	0.0	1133
NODE_55644_length_621_cov_1.95583	gb_AJ863560_+_0-861_ARO:3001111_SHV-55	99.677	619	2	0	3	621	632	14	0.0	1133
NODE_55644_length_621_cov_1.95583	gb_AM941847_+_0-861_ARO:3001155_SHV-106	99.677	619	2	0	3	621	632	14	0.0	1133
NODE_55644_length_621_cov_1.95583	gb_AM941844_+_0-861_ARO:3001336_SHV-98	99.517	621	3	0	1	621	634	14	0.0	1131
NODE_55644_length_621_cov_1.95583	gb_JX121127_+_0-861_ARO:3001199_SHV-160	99.517	621	3	0	1	621	634	14	0.0	1131
NODE_55644_length_621_cov_1.95583	gb_JX121115_+_0-858_ARO:3001187_SHV-148	99.517	621	3	0	1	621	634	14	0.0	1131
NODE_55644_length_621_cov_1.95583	gb_AF535128_+_0-861_ARO:3001098_SHV-40	99.517	621	3	0	1	621	634	14	0.0	1131
NODE_55644_length_621_cov_1.95583	gb_DQ013287_+_0-861_ARO:3001124_SHV-70	99.517	621	3	0	1	621	634	14	0.0	1131
NODE_55644_length_621_cov_1.95583	gb_X98102_+_73-934_ARO:3001061_SHV-2A	99.517	621	3	0	1	621	634	14	0.0	1131
NODE_55644_length_621_cov_1.95583	gb_GQ390805_+_0-813_ARO:3001170_SHV-123	99.517	621	3	0	1	621	634	14	0.0	1131
NODE_55644_length_621_cov_1.95583	gb_HQ877615_+_0-861_ARO:3001159_SHV-110	99.517	621	3	0	1	621	634	14	0.0	1131
NODE_55644_length_621_cov_1.95583	gb_AB302939_+_8-869_ARO:3001115_SHV-60	99.517	621	3	0	1	621	634	14	0.0	1131
NODE_55644_length_621_cov_1.95583	gb_AM176556_+_25-886_ARO:3001135_SHV-81	99.517	621	3	0	1	621	634	14	0.0	1131
NODE_55644_length_621_cov_1.95583	gb_FJ668814_+_76-937_ARO:3001059_SHV-1	99.517	621	3	0	1	621	634	14	0.0	1131
NODE_55644_length_621_cov_1.95583	gb_HM559945_+_0-861_ARO:3001178_SHV-134	99.517	621	3	0	1	621	634	14	0.0	1131
NODE_55644_length_621_cov_1.95583	gb_AM176552_+_30-891_ARO:3001131_SHV-77	99.517	621	3	0	1	621	634	14	0.0	1131
NODE_55644_length_621_cov_1.95583	gb_DQ174306_+_4-865_ARO:3001121_SHV-66	99.517	621	3	0	1	621	634	14	0.0	1131
NODE_55644_length_621_cov_1.95583	gb_JQ029959_+_28-889_ARO:3001184_SHV-142	99.517	621	3	0	1	621	634	14	0.0	1131
NODE_55644_length_621_cov_1.95583	gb_KM233164_+_0-861_ARO:3003152_SHV-185	99.517	621	3	0	1	621	634	14	0.0	1131
NODE_55644_length_621_cov_1.95583	gb_JX121123_+_0-861_ARO:3001195_SHV-156	99.517	621	3	0	1	621	634	14	0.0	1131
NODE_55644_length_621_cov_1.95583	gb_DQ174308_+_4-865_ARO:3001123_SHV-69	99.517	621	3	0	1	621	634	14	0.0	1131
NODE_55644_length_621_cov_1.95583	gb_AF467947_+_0-861_ARO:3001094_SHV-36	99.517	621	3	0	1	621	634	14	0.0	1131
NODE_55644_length_621_cov_1.95583	gb_JX121119_+_0-858_ARO:3001191_SHV-152	99.517	621	3	0	1	621	634	14	0.0	1131
NODE_55644_length_621_cov_1.95583	gb_HQ661363_+_71-932_ARO:3001181_SHV-137	99.517	621	3	0	1	621	634	14	0.0	1131
NODE_55644_length_621_cov_1.95583	gb_AJ866284_+_0-861_ARO:3001116_SHV-61	99.517	621	3	0	1	621	634	14	0.0	1131
NODE_55644_length_621_cov_1.95583	gb_EU586041_+_0-861_ARO:3001112_SHV-56	99.517	621	3	0	1	621	634	14	0.0	1131
NODE_55644_length_621_cov_1.95583	gb_DQ174304_+_4-865_ARO:3001119_SHV-64	99.517	621	3	0	1	621	634	14	0.0	1131
NODE_55644_length_621_cov_1.95583	gb_KF705208_+_0-861_ARO:3001362_SHV-179	99.356	621	4	0	1	621	634	14	0.0	1125
NODE_55644_length_621_cov_1.95583	gb_KF705209_+_0-861_ARO:3001361_SHV-178	99.356	621	4	0	1	621	634	14	0.0	1125
NODE_55644_length_621_cov_1.95583	gb_JX013655_+_0-861_ARO:3001185_SHV-145	99.356	621	4	0	1	621	634	14	0.0	1125
NODE_55644_length_621_cov_1.95583	gb_JQ926986_+_0-861_ARO:3001345_SHV-144	99.356	621	4	0	1	621	634	14	0.0	1125
NODE_55644_length_621_cov_1.95583	gb_AF293345_+_0-861_ARO:3001085_SHV-27	99.356	621	4	0	1	621	634	14	0.0	1125
NODE_55644_length_621_cov_1.95583	gb_GQ390809_+_0-813_ARO:3001174_SHV-127	99.356	621	4	0	1	621	634	14	0.0	1125
NODE_55644_length_621_cov_1.95583	gb_X55640_+_111-972_ARO:3001064_SHV-5	99.356	621	4	0	1	621	634	14	0.0	1125
NODE_55644_length_621_cov_1.95583	gb_JF812965_+_0-861_ARO:3001167_SHV-120	99.356	621	4	0	1	621	634	14	0.0	1125
NODE_55644_length_621_cov_1.95583	gb_AM087453_+_25-856_ARO:3001138_SHV-84	99.356	621	4	0	1	621	634	14	0.0	1125
NODE_55644_length_621_cov_1.95583	gb_JX121121_+_0-858_ARO:3001193_SHV-154	99.356	621	4	0	1	621	634	14	0.0	1125
NODE_55644_length_621_cov_1.95583	gb_AF547625_+_0-861_ARO:3001103_SHV-45	99.356	621	4	0	1	621	634	14	0.0	1125
NODE_55644_length_621_cov_1.95583	gb_LN515533_+_0-867_ARO:3003154_SHV-187	99.356	621	4	0	1	621	640	20	0.0	1125
NODE_55644_length_621_cov_1.95583	gb_EU274581_+_0-861_ARO:3001153_SHV-104	99.356	621	4	0	1	621	634	14	0.0	1125
NODE_55644_length_621_cov_1.95583	gb_DQ322460_+_15-876_ARO:3001139_SHV-85	99.356	621	4	0	1	621	634	14	0.0	1125
NODE_55644_length_621_cov_1.95583	gb_AM941845_+_0-861_ARO:3001337_SHV-99	99.356	621	4	0	1	621	634	14	0.0	1125
NODE_55644_length_621_cov_1.95583	gb_HQ637576_+_0-861_ARO:3001179_SHV-135	99.356	621	4	0	1	621	634	14	0.0	1125
NODE_55644_length_621_cov_1.95583	gb_AF227204_+_73-934_ARO:3001084_SHV-26	99.356	621	4	0	1	621	634	14	0.0	1125
NODE_55644_length_621_cov_1.95583	gb_AM176555_+_0-861_ARO:3001134_SHV-80	99.356	621	4	0	1	621	634	14	0.0	1125
NODE_55644_length_621_cov_1.95583	gb_GQ390808_+_0-813_ARO:3001173_SHV-126	99.356	621	4	0	1	621	634	14	0.0	1125
NODE_55644_length_621_cov_1.95583	gb_JX121114_+_0-858_ARO:3001186_SHV-147	99.356	621	4	0	1	621	634	14	0.0	1125
NODE_55644_length_621_cov_1.95583	gb_KJ776406_+_16-877_ARO:3001340_SHV-119	99.356	621	4	0	1	621	634	14	0.0	1125
NODE_55644_length_621_cov_1.95583	gb_EU418913_+_16-877_ARO:3001158_SHV-109	99.356	621	4	0	1	621	634	14	0.0	1125
NODE_55644_length_621_cov_1.95583	gb_EU032604_+_0-861_ARO:3001152_SHV-103	99.356	621	4	0	1	621	634	14	0.0	1125
NODE_55644_length_621_cov_1.95583	gb_AF148851_+_5-866_ARO:3001060_SHV-2	99.356	621	4	0	1	621	634	14	0.0	1125
NODE_55644_length_621_cov_1.95583	gb_AF208796_+_0-861_ARO:3001083_SHV-25	99.356	621	4	0	1	621	634	14	0.0	1125
NODE_55644_length_621_cov_1.95583	gb_KM233165_+_0-861_ARO:3003153_SHV-186	99.356	621	4	0	1	621	634	14	0.0	1125
NODE_55644_length_621_cov_1.95583	gb_JX268631_+_0-861_ARO:3001091_SHV-33	99.356	621	4	0	1	621	634	14	0.0	1125
NODE_55644_length_621_cov_1.95583	gb_JX121128_+_0-861_ARO:3001200_SHV-161	99.356	621	4	0	1	621	634	14	0.0	1125
NODE_55644_length_621_cov_1.95583	gb_JX121117_+_0-858_ARO:3001189_SHV-150	99.356	621	4	0	1	621	634	14	0.0	1125
NODE_55644_length_621_cov_1.95583	gb_EU024485_+_0-861_ARO:3001151_SHV-102	99.356	621	4	0	1	621	634	14	0.0	1125
NODE_55644_length_621_cov_1.95583	gb_EF373973_+_0-861_ARO:3001149_SHV-97	99.356	621	4	0	1	621	634	14	0.0	1125
NODE_55644_length_621_cov_1.95583	gb_HM751100_+_0-861_ARO:3001157_SHV-108	99.356	621	4	0	1	621	634	14	0.0	1125
NODE_55644_length_621_cov_1.95583	gb_JX121120_+_0-858_ARO:3001192_SHV-153	99.356	621	4	0	1	621	634	14	0.0	1125
NODE_55644_length_621_cov_1.95583	gb_AM176557_+_0-861_ARO:3001136_SHV-82	99.356	621	4	0	1	621	634	14	0.0	1125
NODE_55644_length_621_cov_1.95583	gb_AB551737_+_14-875_ARO:3001177_SHV-133	99.356	621	4	0	1	621	634	14	0.0	1125
NODE_55644_length_621_cov_1.95583	gb_AM176558_+_0-861_ARO:3001137_SHV-83	99.356	621	4	0	1	621	634	14	0.0	1125
NODE_55644_length_621_cov_1.95583	gb_AJ011428_+_0-861_ARO:3001074_SHV-15	99.356	621	4	0	1	621	634	14	0.0	1125
NODE_55644_length_621_cov_1.95583	gb_AM176553_+_30-891_ARO:3001132_SHV-78	99.356	621	4	0	1	621	634	14	0.0	1125
NODE_55644_length_621_cov_1.95583	gb_GU932590_+_0-861_ARO:3001175_SHV-128	99.356	621	4	0	1	621	634	14	0.0	1125
NODE_55644_length_621_cov_1.95583	gb_AY070258_+_0-861_ARO:3001093_SHV-35	99.356	621	4	0	1	621	634	14	0.0	1125
NODE_55644_length_621_cov_1.95583	gb_EU155018_+_0-861_ARO:3001150_SHV-101	99.356	621	4	0	1	621	634	14	0.0	1125
NODE_55644_length_621_cov_1.95583	gb_DQ193536_+_0-861_ARO:3001141_SHV-89	99.356	621	4	0	1	621	634	14	0.0	1125
NODE_55644_length_621_cov_1.95583	gb_AM176554_+_30-891_ARO:3001133_SHV-79	99.356	621	4	0	1	621	634	14	0.0	1125
NODE_55644_length_621_cov_1.95583	gb_HG934764_+_0-864_ARO:3001351_SHV-183	99.199	624	2	1	1	621	637	14	0.0	1122
NODE_55644_length_621_cov_1.95583	gb_HE981194_+_0-861_ARO:3001347_SHV-164	99.354	619	4	0	3	621	632	14	0.0	1122
NODE_55644_length_621_cov_1.95583	gb_NG_050068_+_100-961_ARO:3001062_SHV-3	99.195	621	5	0	1	621	634	14	0.0	1120
NODE_55644_length_621_cov_1.95583	gb_JX121130_+_0-858_ARO:3001202_SHV-163	99.195	621	5	0	1	621	634	14	0.0	1120
NODE_55644_length_621_cov_1.95583	gb_JX121131_+_0-858_ARO:3001203_SHV-165	99.195	621	5	0	1	621	634	14	0.0	1120
NODE_55644_length_621_cov_1.95583	gb_U20270_+_124-985_ARO:3001066_SHV-7	99.195	621	5	0	1	621	634	14	0.0	1120
NODE_55644_length_621_cov_1.95583	gb_AY259119_+_116-977_ARO:3001102_SHV-44	99.195	621	5	0	1	621	634	14	0.0	1120
NODE_55644_length_621_cov_1.95583	gb_KP050494_+_0-861_ARO:3003156_SHV-189	99.195	621	5	0	1	621	634	14	0.0	1120
NODE_55644_length_621_cov_1.95583	gb_AY288915_+_0-861_ARO:3001107_SHV-50	99.195	621	5	0	1	621	634	14	0.0	1120
NODE_55644_length_621_cov_1.95583	gb_AF301532_+_7-868_ARO:3001087_SHV-29	99.195	621	5	0	1	621	634	14	0.0	1120
NODE_55644_length_621_cov_1.95583	gb_AB372881_+_8-869_ARO:3001160_SHV-111	99.195	621	5	0	1	621	634	14	0.0	1120
NODE_55644_length_621_cov_1.95583	gb_JQ341060.1_-_881-1742_ARO:3001344_SHV-143	99.195	621	5	0	1	621	634	14	0.0	1120
NODE_55644_length_621_cov_1.95583	gb_AY289548_+_0-861_ARO:3001108_SHV-51	99.195	621	5	0	1	621	634	14	0.0	1120
NODE_55644_length_621_cov_1.95583	gb_AY263404_+_0-861_ARO:3001105_SHV-48	99.195	621	5	0	1	621	634	14	0.0	1120
NODE_55644_length_621_cov_1.95583	gb_EF373970_+_0-861_ARO:3001146_SHV-94	99.195	621	5	0	1	621	634	14	0.0	1120
NODE_55644_length_621_cov_1.95583	gb_DQ174305_+_4-865_ARO:3001120_SHV-65	99.195	621	5	0	1	621	634	14	0.0	1120
NODE_55644_length_621_cov_1.95583	gb_AY790341_+_0-861_ARO:3001114_SHV-59	99.195	621	5	0	1	621	634	14	0.0	1120
NODE_55644_length_621_cov_1.95583	gb_AM176551_+_30-891_ARO:3001130_SHV-76	99.195	621	5	0	1	621	634	14	0.0	1120
NODE_55644_length_621_cov_1.95583	gb_EF373969_+_0-861_ARO:3001145_SHV-93	99.195	621	5	0	1	621	634	14	0.0	1120
NODE_55644_length_621_cov_1.95583	gb_EF373971_+_0-861_ARO:3001148_SHV-96	99.195	621	5	0	1	621	634	14	0.0	1120
NODE_55644_length_621_cov_1.95583	gb_GQ390806_+_0-813_ARO:3001171_SHV-124	99.195	621	5	0	1	621	634	14	0.0	1120
NODE_55644_length_621_cov_1.95583	gb_JX121124_+_0-861_ARO:3001196_SHV-157	99.195	621	5	0	1	621	634	14	0.0	1120
NODE_55644_length_621_cov_1.95583	gb_JQ388884_+_0-861_ARO:3001183_SHV-141	99.195	621	5	0	1	621	634	14	0.0	1120
NODE_55644_length_621_cov_1.95583	gb_AF226622_+_54-915_ARO:3001073_SHV-14	99.195	621	5	0	1	621	634	14	0.0	1120
NODE_55644_length_621_cov_1.95583	gb_AY210887_+_111-972_ARO:3001104_SHV-46	99.195	621	5	0	1	621	634	14	0.0	1120
NODE_55644_length_621_cov_1.95583	gb_AY223863_+_170-1031_ARO:3001113_SHV-57	99.195	621	5	0	1	621	634	14	0.0	1120
NODE_55644_length_621_cov_1.95583	gb_AM176547_+_30-891_ARO:3001126_SHV-72	99.195	621	5	0	1	621	634	14	0.0	1120
NODE_55644_length_621_cov_1.95583	gb_AJ866285_+_0-861_ARO:3001117_SHV-62	99.195	621	5	0	1	621	634	14	0.0	1120
NODE_55644_length_621_cov_1.95583	gb_AY661885_+_48-909_ARO:3001088_SHV-30	99.195	621	5	0	1	621	634	14	0.0	1120
NODE_55644_length_621_cov_1.95583	gb_AY079099_+_148-1009_ARO:3001096_SHV-38	99.195	621	5	0	1	621	634	14	0.0	1120
NODE_55644_length_621_cov_1.95583	gb_AY528718_+_413-1274_ARO:3001106_SHV-49	99.195	621	5	0	1	621	634	14	0.0	1120
NODE_55644_length_621_cov_1.95583	gb_U92041_+_0-861_ARO:3001067_SHV-8	99.195	621	5	0	1	621	634	14	0.0	1120
NODE_55644_length_621_cov_1.95583	gb_AY037778_+_91-952_ARO:3001090_SHV-32	99.195	621	5	0	1	621	634	14	0.0	1120
NODE_55644_length_621_cov_1.95583	gb_KP050487.1_+_0-861_ARO:3001350_SHV-180	99.195	621	5	0	1	621	634	14	0.0	1120
NODE_55644_length_621_cov_1.95583	gb_HQ661362_+_71-932_ARO:3001168_SHV-121	99.195	621	5	0	1	621	634	14	0.0	1120
NODE_55644_length_621_cov_1.95583	gb_AF132290_+_87-948_ARO:3001076_SHV-18	99.195	621	5	0	1	621	634	14	0.0	1120
NODE_55644_length_621_cov_1.95583	gb_AF535129_+_0-861_ARO:3001099_SHV-41	99.195	621	5	0	1	621	634	14	0.0	1120
NODE_55644_length_621_cov_1.95583	gb_AB023477_+_0-861_ARO:3001082_SHV-24	99.195	621	5	0	1	621	634	14	0.0	1120
NODE_55644_length_621_cov_1.95583	gb_AY590467_+_0-729_ARO:3001110_SHV-53	99.511	614	3	0	1	614	614	1	0.0	1118
NODE_55644_length_621_cov_1.95583	gb_EF373972_+_0-861_ARO:3001147_SHV-95	99.192	619	5	0	3	621	632	14	0.0	1116
NODE_55644_length_621_cov_1.95583	gb_AY065991_+_6-867_ARO:3001101_SHV-43	99.192	619	5	0	3	621	632	14	0.0	1116
NODE_55644_length_621_cov_1.95583	gb_JX121118_+_0-858_ARO:3001190_SHV-151	99.034	621	6	0	1	621	634	14	0.0	1114
NODE_55644_length_621_cov_1.95583	gb_AM176548_+_16-874_ARO:3001127_SHV-73	99.034	621	6	0	1	621	631	11	0.0	1114
NODE_55644_length_621_cov_1.95583	gb_JN051143_+_0-861_ARO:3001182_SHV-140	99.034	621	6	0	1	621	634	14	0.0	1114
NODE_55644_length_621_cov_1.95583	gb_EU342351_+_172-1033_ARO:3001118_SHV-63	99.034	621	6	0	1	621	634	14	0.0	1114
NODE_55644_length_621_cov_1.95583	gb_GQ390807_+_0-813_ARO:3001172_SHV-125	99.034	621	6	0	1	621	634	14	0.0	1114
NODE_55644_length_621_cov_1.95583	gb_AY036620_+_88-949_ARO:3001092_SHV-34	99.034	621	6	0	1	621	634	14	0.0	1114
NODE_55644_length_621_cov_1.95583	gb_JX121116_+_0-858_ARO:3001188_SHV-149	99.034	621	6	0	1	621	634	14	0.0	1114
NODE_55644_length_621_cov_1.95583	gb_JX870080_+_0-861_ARO:3001352_SHV-168	99.034	621	6	0	1	621	634	14	0.0	1114
NODE_55644_length_621_cov_1.95583	gb_AM176546_+_0-861_ARO:3001125_SHV-71	99.034	621	6	0	1	621	634	14	0.0	1114
NODE_55644_length_621_cov_1.95583	gb_AF467948_+_0-861_ARO:3001095_SHV-37	99.034	621	6	0	1	621	634	14	0.0	1114
NODE_55644_length_621_cov_1.95583	gb_DQ836922_+_0-861_ARO:3001144_SHV-92	99.034	621	6	0	1	621	634	14	0.0	1114
NODE_55644_length_621_cov_1.95583	gb_FJ194944_+_46-907_ARO:3001154_SHV-105	99.034	621	6	0	1	621	634	14	0.0	1114
NODE_55644_length_621_cov_1.95583	gb_AF535130_+_0-861_ARO:3001100_SHV-42	99.034	621	6	0	1	621	634	14	0.0	1114
NODE_55644_length_621_cov_1.95583	gb_HM751103.1_+_0-864_ARO:3001169_SHV-122	98.878	624	4	3	1	621	637	14	0.0	1110
NODE_55644_length_621_cov_1.95583	gb_AB733453_+_3-849_ARO:3001204_SHV-167	98.873	621	7	0	1	621	634	14	0.0	1109
NODE_55644_length_621_cov_1.95583	gb_JX121129_+_0-858_ARO:3001201_SHV-162	98.873	621	7	0	1	621	634	14	0.0	1109
NODE_55644_length_621_cov_1.95583	gb_HQ845196_+_0-861_ARO:3001109_SHV-52	98.873	621	7	0	1	621	634	14	0.0	1109
NODE_55644_length_621_cov_1.95583	gb_LN515534_+_0-873_ARO:3003155_SHV-188	98.405	627	4	1	1	621	646	20	0.0	1098
NODE_55644_length_621_cov_1.95583	gb_AF117743_+_0-780_ARO:3001077_SHV-19	99.172	604	5	0	1	604	604	1	0.0	1088
NODE_55644_length_621_cov_1.95583	gb_AF117746_+_0-780_ARO:3001080_SHV-22	99.172	604	5	0	1	604	604	1	0.0	1088
NODE_55644_length_621_cov_1.95583	gb_AF117744_+_0-780_ARO:3001078_SHV-20	99.172	604	5	0	1	604	604	1	0.0	1088
NODE_55644_length_621_cov_1.95583	gb_Y11069_+_0-780_ARO:3001065_SHV-6	99.172	604	5	0	1	604	604	1	0.0	1088
NODE_55644_length_621_cov_1.95583	gb_AF117747_+_0-780_ARO:3001081_SHV-23	99.007	604	6	0	1	604	604	1	0.0	1083
NODE_55644_length_621_cov_1.95583	gb_AF117745_+_0-780_ARO:3001079_SHV-21	99.007	604	6	0	1	604	604	1	0.0	1083
NODE_55644_length_621_cov_1.95583	gb_S82452_+_120-978_ARO:3001068_SHV-9	97.907	621	10	1	1	621	631	14	0.0	1072
NODE_55644_length_621_cov_1.95583	gb_AF072684_+_117-993_ARO:3001075_SHV-16	96.703	637	4	3	1	621	649	14	0.0	1044
NODE_55644_length_621_cov_1.95583	gb_AM941846_+_0-900_ARO:3001338_SHV-100	99.815	541	1	0	3	543	671	131	0.0	994
NODE_55644_length_621_cov_1.95583	gb_AM941846_+_0-900_ARO:3001338_SHV-100	99.167	120	1	0	502	621	133	14	5.23e-57	217
NODE_55644_length_621_cov_1.95583	gb_AM850909_+_0-861_ARO:3002466_LEN-19	91.479	622	51	2	1	621	634	14	0.0	854
NODE_55644_length_621_cov_1.95583	gb_AY037780_+_88-949_ARO:3002455_LEN-2	91.479	622	51	2	1	621	634	14	0.0	854
NODE_55644_length_621_cov_1.95583	gb_AM850910_+_0-861_ARO:3002467_LEN-20	91.479	622	51	2	1	621	634	14	0.0	854
NODE_55644_length_621_cov_1.95583	gb_AM850908_+_0-861_ARO:3002465_LEN-18	91.318	622	52	2	1	621	634	14	0.0	848
NODE_55644_length_621_cov_1.95583	gb_AM850914_+_30-891_ARO:3002471_LEN-24	91.158	622	53	2	1	621	634	14	0.0	843
NODE_55644_length_621_cov_1.95583	gb_AM850912_+_0-861_ARO:3002469_LEN-22	91.158	622	53	2	1	621	634	14	0.0	843
NODE_55644_length_621_cov_1.95583	gb_AY633109_+_0-861_ARO:3002456_LEN-5	91.158	622	53	2	1	621	634	14	0.0	843
NODE_55644_length_621_cov_1.95583	gb_AY743416_+_67-928_ARO:3002464_LEN-16	91.158	622	53	2	1	621	634	14	0.0	843
NODE_55644_length_621_cov_1.95583	gb_AM850911_+_0-861_ARO:3002468_LEN-21	91.158	622	53	2	1	621	634	14	0.0	843
NODE_55644_length_621_cov_1.95583	gb_NG_050780.1_+_100-961_ARO:3002459_LEN-9	91.158	622	53	2	1	621	634	14	0.0	843
NODE_55644_length_621_cov_1.95583	gb_AF452105_+_0-840_ARO:3002478_LEN-15	90.997	622	54	2	1	621	634	14	0.0	837
NODE_55644_length_621_cov_1.95583	gb_AY130287_+_0-822_ARO:3002472_LEN-4	91.354	613	51	2	1	612	614	3	0.0	837
NODE_55644_length_621_cov_1.95583	gb_X04515_+_285-1125_ARO:3002454_LEN-1	90.997	622	54	2	1	621	634	14	0.0	837
NODE_55644_length_621_cov_1.95583	gb_AM850913_+_0-861_ARO:3002470_LEN-23	90.997	622	54	2	1	621	634	14	0.0	837
NODE_55644_length_621_cov_1.95583	gb_AY130286_+_0-822_ARO:3002475_LEN-3	91.191	613	52	2	1	612	614	3	0.0	832
NODE_55644_length_621_cov_1.95583	gb_NG_049281_+_0-861_ARO:3002474_LEN-26	90.675	622	56	2	1	621	634	14	0.0	826
NODE_55644_length_621_cov_1.95583	gb_AJ635417_+_0-789_ARO:3002461_LEN-11	91.152	599	51	2	1	598	598	1	0.0	811
NODE_55644_length_621_cov_1.95583	gb_AJ635406_+_0-789_ARO:3002462_LEN-12	91.152	599	51	2	1	598	598	1	0.0	811
NODE_55644_length_621_cov_1.95583	gb_AJ635403_+_0-789_ARO:3002463_LEN-13	91.152	599	51	2	1	598	598	1	0.0	811
NODE_55644_length_621_cov_1.95583	gb_AJ635425_+_0-789_ARO:3002457_LEN-7	90.985	599	52	2	1	598	598	1	0.0	806
NODE_55644_length_621_cov_1.95583	gb_AJ635419_+_0-789_ARO:3002460_LEN-10	90.985	599	52	2	1	598	598	1	0.0	806
NODE_55644_length_621_cov_1.95583	gb_AJ635424_+_0-789_ARO:3002458_LEN-8	90.484	599	55	2	1	598	598	1	0.0	789
NODE_55644_length_621_cov_1.95583	gb_AM850919_+_24-885_ARO:3002450_OKP-B-17	88.585	622	69	2	1	621	634	14	0.0	754
NODE_55644_length_621_cov_1.95583	gb_AM051153_+_0-861_ARO:3002437_OKP-B-4	88.585	622	69	2	1	621	634	14	0.0	754
NODE_55644_length_621_cov_1.95583	gb_AM850917_+_17-878_ARO:3002439_OKP-B-6	88.585	622	69	2	1	621	634	14	0.0	754
NODE_55644_length_621_cov_1.95583	gb_AJ635401_+_0-861_ARO:3002418_OKP-A-1	88.655	617	68	2	6	621	629	14	0.0	750
NODE_55644_length_621_cov_1.95583	gb_AM850918_+_24-885_ARO:3002438_OKP-B-5	88.424	622	70	2	1	621	634	14	0.0	749
NODE_55644_length_621_cov_1.95583	gb_AM051151_+_0-861_ARO:3002435_OKP-B-2	88.424	622	70	2	1	621	634	14	0.0	749
NODE_55644_length_621_cov_1.95583	gb_AM051152_+_0-861_ARO:3002436_OKP-B-3	88.424	622	70	2	1	621	634	14	0.0	749
NODE_55644_length_621_cov_1.95583	gb_FJ534513_+_0-861_ARO:3002430_OKP-A-13	88.493	617	69	2	6	621	629	14	0.0	745
NODE_55644_length_621_cov_1.95583	gb_AM850915_+_19-880_ARO:3002428_OKP-A-11	88.511	618	67	4	6	621	629	14	0.0	745
NODE_55644_length_621_cov_1.95583	gb_AM051140_+_0-861_ARO:3002420_OKP-A-3	88.511	618	67	4	6	621	629	14	0.0	745
NODE_55644_length_621_cov_1.95583	gb_AM051157_+_0-861_ARO:3002441_OKP-B-8	88.387	620	70	2	1	619	634	16	0.0	745
NODE_55644_length_621_cov_1.95583	gb_AM850922_+_24-885_ARO:3002453_OKP-B-20	88.264	622	71	2	1	621	634	14	0.0	743
NODE_55644_length_621_cov_1.95583	gb_AM051149_+_0-861_ARO:3002427_OKP-A-10	88.387	620	68	4	4	621	631	14	0.0	743
NODE_55644_length_621_cov_1.95583	gb_AM051156_+_0-861_ARO:3002440_OKP-B-7	88.264	622	71	2	1	621	634	14	0.0	743
NODE_55644_length_621_cov_1.95583	gb_AY825330_+_0-861_ARO:3002446_OKP-B-13	88.264	622	71	2	1	621	634	14	0.0	743
NODE_55644_length_621_cov_1.95583	gb_AM051159_+_0-861_ARO:3002442_OKP-B-9	88.264	622	71	2	1	621	634	14	0.0	743
NODE_55644_length_621_cov_1.95583	gb_AM051143_+_0-861_ARO:3002422_OKP-A-5	88.350	618	68	4	6	621	629	14	0.0	739
NODE_55644_length_621_cov_1.95583	gb_AM051142_+_0-861_ARO:3002421_OKP-A-4	88.331	617	70	2	6	621	629	14	0.0	739
NODE_55644_length_621_cov_1.95583	gb_AM051161_+_0-861_ARO:3002444_OKP-B-11	88.350	618	68	4	6	621	629	14	0.0	739
NODE_55644_length_621_cov_1.95583	gb_FJ534512_+_0-861_ARO:3002431_OKP-A-14	88.331	617	70	2	6	621	629	14	0.0	739
NODE_55644_length_621_cov_1.95583	gb_AJ635404_+_0-861_ARO:3002419_OKP-A-2	88.331	617	70	2	6	621	629	14	0.0	739
NODE_55644_length_621_cov_1.95583	gb_AM051148_+_0-861_ARO:3002426_OKP-A-9	88.350	618	68	4	6	621	629	14	0.0	739
NODE_55644_length_621_cov_1.95583	gb_AM850916_+_18-879_ARO:3002429_OKP-A-12	88.350	618	68	4	6	621	629	14	0.0	739
NODE_55644_length_621_cov_1.95583	gb_AJ635402_+_0-861_ARO:3002434_OKP-B-1	88.103	622	72	2	1	621	634	14	0.0	737
NODE_55644_length_621_cov_1.95583	gb_AM051160_+_0-861_ARO:3002443_OKP-B-10	88.103	622	72	2	1	621	634	14	0.0	737
NODE_55644_length_621_cov_1.95583	gb_FJ755840_+_0-861_ARO:3002433_OKP-A-16	88.188	618	69	4	6	621	629	14	0.0	734
NODE_55644_length_621_cov_1.95583	gb_AM051147_+_0-861_ARO:3002425_OKP-A-8	88.169	617	71	2	6	621	629	14	0.0	734
NODE_55644_length_621_cov_1.95583	gb_AM051144_+_0-861_ARO:3002423_OKP-A-6	88.045	619	68	6	6	621	629	14	0.0	728
NODE_55644_length_621_cov_1.95583	gb_AM850920_+_40-901_ARO:3002451_OKP-B-18	88.006	617	72	2	6	621	629	14	0.0	728
NODE_55644_length_621_cov_1.95583	gb_AM051146_+_0-861_ARO:3002424_OKP-A-7	88.026	618	70	4	6	621	629	14	0.0	728
NODE_55644_length_621_cov_1.95583	gb_AJ635420_+_0-789_ARO:3002445_OKP-B-12	88.552	594	64	4	6	597	593	2	0.0	717
NODE_55644_length_621_cov_1.95583	gb_AY265890_+_0-472_ARO:3002476_LEN-6	91.720	471	39	0	143	613	471	1	0.0	654
NODE_55644_length_621_cov_1.95583	gb_AY265889_+_0-458_ARO:3002477_LEN-14	91.048	458	41	0	152	609	458	1	3.41e-178	619
NODE_55644_length_621_cov_1.95583	gb_EU477409_+_0-308_ARO:3001161_SHV-112	99.355	155	1	0	1	155	155	1	1.83e-76	281
NODE_55644_length_621_cov_1.95583	gb_AY150585_+_0-285_ARO:3001097_SHV-39	99.248	133	1	0	1	133	133	1	3.10e-64	241
NODE_56554_length_613_cov_1.2043	gb_KX531046.1_+_0-864_ARO:3003982_LlmA	77.419	155	27	7	455	605	355	505	1.52e-17	86.1
NODE_58930_length_593_cov_367.405	gb_Z21523_+_0-1974_ARO:3000191_tetQ	98.529	68	1	0	1	68	1907	1974	4.02e-28	121
NODE_59318_length_590_cov_1.37009	gb_AY055428.1_-_20268-21084_ARO:3000412_sul2	99.490	196	1	0	393	588	1	196	2.80e-99	357
NODE_59706_length_587_cov_12.2481	gb_M35190.1_+_308-932_ARO:3004454_Campylobacter	96.837	569	18	0	1	569	569	1	0.0	952
NODE_61193_length_575_cov_1.80962	gb_AF235050.4_+_38028-40140_ARO:3003318_Streptomyces	100.000	31	0	0	422	452	1926	1896	3.10e-09	58.4
NODE_65869_length_543_cov_2.32582	gb_U00096_+_2158385-2161463_ARO:3000794_mdtC	100.000	143	0	0	401	543	3078	2936	1.60e-71	265
NODE_68086_length_529_cov_2.09494	gb_U00096_+_2158385-2161463_ARO:3000794_mdtC	98.677	529	7	0	1	529	2531	3059	0.0	939
NODE_70088_length_517_cov_1.77922	gb_AF226276.1_+_3583-4207_ARO:3002682_catD	100.000	237	0	0	281	517	1	237	8.48e-124	438
NODE_70088_length_517_cov_1.77922	gb_U15027_+_0-624_ARO:3002686_catP	100.000	237	0	0	281	517	1	237	8.48e-124	438
NODE_72003_length_506_cov_0.866962	gb_U00096_+_2155262-2158385_ARO:3000793_mdtB	97.431	506	13	0	1	506	354	859	0.0	863
NODE_77388_length_474_cov_1.27685	gb_NC_012469.1_-_1800927-1802391_ARO:3000616_mel	93.717	191	12	0	284	474	1	191	2.97e-78	287
NODE_77388_length_474_cov_1.27685	gb_NC_023287.1_-_65291-66509_ARO:3000615_mefA	95.092	163	8	0	1	163	1056	1218	2.33e-69	257
NODE_79598_length_461_cov_1.77094	gb_U00096_+_2155262-2158385_ARO:3000793_mdtB	99.556	225	1	0	1	225	2677	2453	1.64e-115	411
NODE_79598_length_461_cov_1.77094	gb_U00096_+_2155262-2158385_ARO:3000793_mdtB	95.851	241	10	0	221	461	2418	2178	2.14e-109	390
NODE_80297_length_457_cov_2.27612	gb_NC_002695_+_3211891-3212506_ARO:3000832_evgA	100.000	342	0	0	1	342	342	1	0.0	632
NODE_89417_length_399_cov_1.54942	gb_U00096_+_2484373-2487967_ARO:3000833_evgS	95.939	394	16	0	6	399	2117	1724	0.0	640
NODE_93871_length_371_cov_43.9494	gb_M18896.2_+_206-2126_ARO:3000190_tetO	98.113	371	7	0	1	371	1219	849	0.0	647
NODE_95864_length_359_cov_0.769737	gb_NC_023287.1_-_65291-66509_ARO:3000615_mefA	94.986	359	18	0	1	359	203	561	9.17e-162	564
NODE_100307_length_336_cov_70.7082	gb_Z21523_+_0-1974_ARO:3000191_tetQ	97.248	109	2	1	1	108	109	1	2.80e-47	183
NODE_100760_length_334_cov_8.33692	gb_JQ740052_+_2108-3329_ARO:3000567_tet(40)	100.000	39	0	0	1	39	39	1	6.28e-14	73.1
NODE_112128_length_270_cov_346.144	gb_Z21523_+_0-1974_ARO:3000191_tetQ	97.407	270	7	0	1	270	1692	1961	9.13e-131	460
NODE_115519_length_260_cov_1.22439	gb_NC_014638.1_-_1610636-1613960_ARO:3003730_Bifidobacteria	94.231	260	15	0	1	260	1851	2110	6.97e-112	398
NODE_117714_length_256_cov_2.57711	gb_NC_007779_+_2586250-2589364_ARO:3000491_acrD	98.047	256	5	0	1	256	1767	2022	2.41e-126	446
NODE_122303_length_248_cov_1.06736	gb_D16251.1_-_1625-2531_ARO:3000316_mphA	100.000	248	0	0	1	248	639	392	2.99e-130	459
NODE_132098_length_237_cov_0.725275	gb_AY522923.1_-_7744-8983_ARO:3003839_Mrx	99.156	237	2	0	1	237	67	303	8.03e-121	427
NODE_136317_length_233_cov_0.865169	gb_AF024602_+_3155-3992_ARO:3002660_APH(6)-Id	100.000	233	0	0	1	233	512	280	6.10e-122	431
NODE_146016_length_225_cov_1.52353	gb_AY055428.1_-_20268-21084_ARO:3000412_sul2	100.000	225	0	0	1	225	532	756	1.64e-117	416
NODE_173539_length_208_cov_1.14379	gb_U00096_+_2158385-2161463_ARO:3000794_mdtC	100.000	208	0	0	1	208	2302	2509	4.25e-108	385
NODE_177382_length_203_cov_20.4932	gb_EU434751_+_658-2578_ARO:3000194_tetW	100.000	45	0	0	1	45	1876	1920	1.69e-17	84.2
NODE_178476_length_136_cov_186.494	gb_M17124_+_1181-1982_ARO:3000498_ErmF	100.000	55	0	0	82	136	63	117	2.99e-23	102
NODE_178721_length_126_cov_68.9577	gb_AJ295238.3_+_163-2083_ARO:3000196_tet32	91.589	107	9	0	1	107	1094	1200	3.46e-37	148
NODE_178721_length_126_cov_68.9577	gb_M18896.2_+_206-2126_ARO:3000190_tetO	85.849	106	15	0	21	126	1114	1219	1.26e-26	113
NODE_178824_length_123_cov_126.382	gb_M17124_+_1181-1982_ARO:3000498_ErmF	100.000	117	0	0	7	123	1	117	9.08e-58	217
NODE_178824_length_123_cov_126.382	gb_AF319779.2_+_32-833_ARO:3000604_Erm(35)	90.598	117	11	0	7	123	1	117	2.01e-39	156
NODE_179381_length_109_cov_68.7593	gb_AF319779.2_+_32-833_ARO:3000604_Erm(35)	100.000	37	0	0	55	91	37	1	2.33e-13	69.4
NODE_179381_length_109_cov_68.7593	gb_M17124_+_1181-1982_ARO:3000498_ErmF	100.000	37	0	0	55	91	37	1	2.33e-13	69.4
NODE_179555_length_106_cov_43.4314	gb_JQ740052_+_2108-3329_ARO:3000567_tet(40)	100.000	39	0	0	68	106	1	39	1.74e-14	73.1
NODE_179630_length_104_cov_39.898	gb_AJ295238.3_+_163-2083_ARO:3000196_tet32	91.000	100	8	1	1	99	952	853	7.69e-33	134
NODE_179630_length_104_cov_39.898	gb_M18896.2_+_206-2126_ARO:3000190_tetO	98.182	55	1	0	50	104	903	849	1.01e-21	97.1
NODE_179648_length_104_cov_24.8163	gb_Z21523_+_0-1974_ARO:3000191_tetQ	98.148	54	1	0	51	104	942	995	3.63e-21	95.3
NODE_179682_length_103_cov_29.375	gb_Z21523_+_0-1974_ARO:3000191_tetQ	100.000	54	0	0	50	103	947	894	7.71e-23	100
NODE_179852_length_98_cov_45.9535	gb_EU434751_+_658-2578_ARO:3000194_tetW	100.000	45	0	0	54	98	1920	1876	7.30e-18	84.2
NODE_179857_length_98_cov_88	gb_AF319779.2_+_32-833_ARO:3000604_Erm(35)	100.000	37	0	0	62	98	1	37	2.04e-13	69.4
NODE_179857_length_98_cov_88	gb_M17124_+_1181-1982_ARO:3000498_ErmF	100.000	37	0	0	62	98	1	37	2.04e-13	69.4
NODE_180031_length_93_cov_36.6053	gb_Z21523_+_0-1974_ARO:3000191_tetQ	95.699	93	4	0	1	93	1950	1858	6.65e-38	150
NODE_180604_length_77_cov_74.9545	gb_AF319779.2_+_32-833_ARO:3000604_Erm(35)	100.000	49	0	0	29	77	1	49	3.26e-20	91.6
NODE_180604_length_77_cov_74.9545	gb_M17124_+_1181-1982_ARO:3000498_ErmF	100.000	49	0	0	29	77	1	49	3.26e-20	91.6
NODE_181002_length_67_cov_19.6667	gb_AF319779.2_+_32-833_ARO:3000604_Erm(35)	100.000	49	0	0	1	49	49	1	2.71e-20	91.6
NODE_181002_length_67_cov_19.6667	gb_M17124_+_1181-1982_ARO:3000498_ErmF	100.000	49	0	0	1	49	49	1	2.71e-20	91.6
