NODE_18_length_62778_cov_5.06868	gb_AP009380.1_-_573191-573902_ARO:3003920_pgpB	99.437	711	4	0	19761	20471	1	711	0.0	1291
NODE_50_length_34707_cov_5.37473	gb_NC_003098_+_953382-954594_ARO:3000614_mefE	93.910	1133	61	8	11863	12991	73	1201	0.0	1703
NODE_59_length_32174_cov_3.97628	gb_DQ516970_+_0-1987_ARO:3002882_lmrD	98.943	1986	20	1	3193	5177	1986	1	0.0	3550
NODE_59_length_32174_cov_3.97628	gb_DQ516954_+_0-1716_ARO:3002881_lmrC	98.660	1716	23	0	5188	6903	1716	1	0.0	3042
NODE_82_length_27685_cov_5.52877	gb_M17124_+_1181-1982_ARO:3000498_ErmF	99.750	801	2	0	174	974	1	801	0.0	1469
NODE_82_length_27685_cov_5.52877	gb_AF319779.2_+_32-833_ARO:3000604_Erm(35)	78.643	796	166	3	174	967	1	794	3.51e-148	525
NODE_251_length_14211_cov_11.0474	gb_NC_003112.2_+_330790-332317_ARO:3003962_farB	75.963	1506	331	26	5179	6670	1527	39	0.0	747
NODE_251_length_14211_cov_11.0474	gb_NC_003112.2_+_329612-330767_ARO:3003961_farA	72.519	917	232	20	7031	7937	1033	127	1.55e-74	279
NODE_271_length_13523_cov_13.1594	gb_AY768532_+_0-1935_ARO:3000535_macB	80.987	1946	351	17	8498	10435	1	1935	0.0	1526
NODE_446_length_9393_cov_35.9593	gb_AM180355_+_600033-601953_ARO:3000186_tetM	88.969	1106	122	0	8288	9393	1	1106	0.0	1367
NODE_446_length_9393_cov_35.9593	gb_L09756_+_0-1926_ARO:3000192_tetS	76.105	1109	251	12	8289	9390	2	1103	1.95e-161	568
NODE_473_length_8980_cov_9.20269	gb_AY768532_+_0-1935_ARO:3000535_macB	85.626	1941	266	12	6876	8811	1	1933	0.0	2026
NODE_473_length_8980_cov_9.20269	gb_AY768531_+_0-1179_ARO:3000533_macA	84.041	1084	163	9	5681	6759	77	1155	0.0	1035
NODE_486_length_8752_cov_4.23939	gb_AB091338_+_173-1355_ARO:3003551_emeA	78.384	458	90	7	7457	7910	7	459	1.58e-77	289
NODE_504_length_8443_cov_10.542	gb_CP001050.1_+_1332866-1333499_ARO:3000817_mtrR	78.993	576	119	2	1600	2174	1	575	1.13e-108	392
NODE_615_length_7298_cov_8.99724	gb_NC_003112.2_-_1791966-1795170_ARO:3000811_mtrD	86.066	366	47	3	6935	7298	3176	2813	3.52e-108	390
NODE_650_length_7054_cov_11.305	gb_BX664015.1_-_103017-103833_ARO:3002641_APH(3')-Ia	99.140	814	7	0	571	1384	814	1	0.0	1465
NODE_650_length_7054_cov_11.305	gb_AY043299.1_-_3984-5175_ARO:3000167_tet(C)	100.000	292	0	0	3181	3472	334	625	3.19e-153	540
NODE_650_length_7054_cov_11.305	gb_AY043299.1_-_3984-5175_ARO:3000167_tet(C)	100.000	280	0	0	4689	4968	622	901	1.50e-146	518
NODE_900_length_5617_cov_4.92557	gb_HQ652506.1_+_373-2098_ARO:3004032_tetA(46)	88.290	1725	202	0	66	1790	1	1725	0.0	2067
NODE_900_length_5617_cov_4.92557	gb_HQ652506.1_+_2099-3836_ARO:3004033_tetB(46)	87.334	1737	220	0	1792	3528	1	1737	0.0	1989
NODE_1391_length_4151_cov_13.615	gb_NC_012469.1_-_1800927-1802391_ARO:3000616_mel	100.000	1464	0	0	134	1597	1464	1	0.0	2704
NODE_1391_length_4151_cov_13.615	gb_NC_023287.1_-_65291-66509_ARO:3000615_mefA	96.962	1218	37	0	1717	2934	1218	1	0.0	2045
NODE_1605_length_3788_cov_4.21002	gb_EU434751_+_658-2578_ARO:3000194_tetW	99.896	1920	2	0	46	1965	1920	1	0.0	3535
NODE_1605_length_3788_cov_4.21002	gb_KU736867.1_+_19653-21573_ARO:3004442_tet(W/N/W)	96.025	1912	74	2	55	1965	1911	1	0.0	3109
NODE_2157_length_3136_cov_1.68841	gb_M80346_+_0-1656_ARO:3002817_carA	100.000	36	0	0	1288	1323	1502	1467	2.89e-11	67.6
NODE_2477_length_2876_cov_2.51046	gb_NC_003098.1_-_1359228-1360395_ARO:3000025_patB	86.857	350	46	0	1	350	808	1157	3.84e-109	392
NODE_2495_length_2863_cov_20.0812	gb_NC_003112.2_-_1791966-1795170_ARO:3000811_mtrD	80.927	2868	531	14	1	2860	5	2864	0.0	2252
NODE_2537_length_2839_cov_3.23276	gb_HM990671_+_5192-6671_ARO:3003112_lsaC	94.655	1478	79	0	904	2381	1479	2	0.0	2292
NODE_3261_length_2436_cov_4.42419	gb_NC_002134.1_+_41537-42743_ARO:3000165_tet(A)	99.917	1206	1	0	633	1838	1206	1	0.0	2222
NODE_3261_length_2436_cov_4.42419	gb_AB089595_+_0-1206_ARO:3000166_tet(B)	99.751	1206	3	0	633	1838	1206	1	0.0	2211
NODE_3261_length_2436_cov_4.42419	gb_BX664015.1_-_204137-204554_ARO:3000168_tet(D)	100.000	144	0	0	2011	2154	144	1	2.05e-71	267
NODE_3286_length_2425_cov_3.36962	gb_HQ652506.1_+_373-2098_ARO:3004032_tetA(46)	72.489	1752	428	44	637	2361	1725	1	1.84e-146	516
NODE_3506_length_2336_cov_2.33363	gb_KX000272.1_+_0-1740_ARO:3004035_tetA(60)	87.974	1214	145	1	2	1214	1214	1	0.0	1432
NODE_3624_length_2294_cov_42.8227	gb_AF024666.2_-_2207-2969_ARO:3000596_ErmX	99.869	763	0	1	1145	1907	1	762	0.0	1402
NODE_4349_length_2051_cov_4.08166	gb_AF118110.1_-_71-1037_ARO:3003002_CfxA2	100.000	966	0	0	563	1528	1	966	0.0	1784
NODE_4349_length_2051_cov_4.08166	gb_AF472622_+_52-1018_ARO:3003003_CfxA3	99.896	966	1	0	563	1528	1	966	0.0	1779
NODE_4349_length_2051_cov_4.08166	gb_AY769934_+_27-993_ARO:3003096_CfxA5	99.896	966	1	0	563	1528	1	966	0.0	1779
NODE_4349_length_2051_cov_4.08166	gb_U38243_+_149-1115_ARO:3003001_CfxA	99.896	966	1	0	563	1528	1	966	0.0	1779
NODE_4349_length_2051_cov_4.08166	gb_AY769933_+_0-966_ARO:3003005_CfxA4	99.896	966	1	0	563	1528	1	966	0.0	1779
NODE_4349_length_2051_cov_4.08166	gb_GQ342996_+_797-1793_ARO:3003097_CfxA6	89.234	966	101	3	559	1523	30	993	0.0	1205
NODE_4474_length_2018_cov_1.61895	gb_AB015853_+_1330-4471_ARO:3003033_mexY	80.479	584	105	8	1075	1655	973	1550	3.40e-123	438
NODE_4474_length_2018_cov_1.61895	gb_AFRQ01000061.1_-_23986-27124_ARO:3004144_AxyY	78.891	649	126	10	1033	1677	931	1572	2.05e-120	429
NODE_4474_length_2018_cov_1.61895	gb_U57969_+_1485-4617_ARO:3000801_MexD	78.085	543	105	14	1044	1579	951	1486	5.94e-91	331
NODE_5352_length_1817_cov_4.33371	gb_AY928180_+_0-495_ARO:3002837_lnuC	99.192	495	4	0	123	617	495	1	0.0	893
NODE_5363_length_1814_cov_3.2274	gb_AP006618.1_+_4835199-4838688_ARO:3000501_Nocardia	85.928	334	43	4	204	535	3299	2968	1.14e-97	353
NODE_5699_length_1749_cov_2.06139	gb_NC_003112.2_-_1795181-1796420_ARO:3000810_mtrC	72.118	850	222	15	871	1712	126	968	2.48e-64	243
NODE_6173_length_1666_cov_1.90192	gb_NC_002516.2_-_2850882-2854014_ARO:3004074_MuxB	71.916	1524	356	59	1	1494	2127	646	6.20e-105	377
NODE_6757_length_1574_cov_1.26465	gb_AF188199_+_214-1075_ARO:3000936_TEM-70	97.079	856	0	1	1	831	856	1	0.0	1419
NODE_6757_length_1574_cov_1.26465	gb_KP050492_+_0-861_ARO:3001392_TEM-215	96.963	856	1	1	1	831	856	1	0.0	1413
NODE_6757_length_1574_cov_1.26465	gb_AF516720_+_214-1075_ARO:3000968_TEM-105	96.963	856	1	1	1	831	856	1	0.0	1413
NODE_6757_length_1574_cov_1.26465	gb_AF190694_+_208-1069_ARO:3000942_TEM-76	96.963	856	1	1	1	831	856	1	0.0	1413
NODE_6757_length_1574_cov_1.26465	gb_KC865667_+_183-1044_ARO:3001385_TEM-208	96.963	856	1	1	1	831	856	1	0.0	1413
NODE_6757_length_1574_cov_1.26465	gb_AY368236_+_0-861_ARO:3000989_TEM-127	96.963	856	1	1	1	831	856	1	0.0	1413
NODE_6757_length_1574_cov_1.26465	gb_AJ634602.1_-_7839-8700_ARO:3000999_TEM-135	96.963	856	1	1	1	831	856	1	0.0	1413
NODE_6757_length_1574_cov_1.26465	gb_DQ075245_+_217-1078_ARO:3001006_TEM-143	96.963	856	1	1	1	831	856	1	0.0	1413
NODE_6757_length_1574_cov_1.26465	gb_JN227084_+_308-1169_ARO:3001046_TEM-186	96.963	856	1	1	1	831	856	1	0.0	1413
NODE_6757_length_1574_cov_1.26465	gb_HG934763_+_0-861_ARO:3001394_TEM-217	96.963	856	1	1	1	831	856	1	0.0	1413
NODE_6757_length_1574_cov_1.26465	gb_AJ437107_+_208-1069_ARO:3000900_TEM-30	96.963	856	1	1	1	831	856	1	0.0	1413
NODE_6757_length_1574_cov_1.26465	gb_AJ308558_+_181-1042_ARO:3000962_TEM-95	96.963	856	1	1	1	831	856	1	0.0	1413
NODE_6757_length_1574_cov_1.26465	gb_AY368237_+_0-861_ARO:3000990_TEM-128	96.963	856	1	1	1	831	856	1	0.0	1413
NODE_6757_length_1574_cov_1.26465	gb_GU371926_-_50304-51165_ARO:3000903_TEM-33	96.963	856	1	1	1	831	856	1	0.0	1413
NODE_6757_length_1574_cov_1.26465	gb_KP050491_+_0-861_ARO:3001391_TEM-214	96.963	856	1	1	1	831	856	1	0.0	1413
NODE_6757_length_1574_cov_1.26465	gb_AL513383_+_161910-162771_ARO:3000873_TEM-1	96.963	856	1	1	1	831	856	1	0.0	1413
NODE_6757_length_1574_cov_1.26465	gb_FJ197316_+_0-861_ARO:3001032_TEM-166	96.963	856	1	1	1	831	856	1	0.0	1413
NODE_6757_length_1574_cov_1.26465	gb_AM087454_+_208-1069_ARO:3001015_TEM-148	96.963	856	1	1	1	831	856	1	0.0	1413
NODE_6757_length_1574_cov_1.26465	gb_GU550123_+_144-1005_ARO:3001041_TEM-176	96.963	856	1	1	1	831	856	1	0.0	1413
NODE_6757_length_1574_cov_1.26465	gb_KC818234_+_0-861_ARO:3001384_TEM-207	96.963	856	1	1	1	831	856	1	0.0	1413
NODE_6757_length_1574_cov_1.26465	gb_KC783461_+_0-861_ARO:3001383_TEM-206	96.963	856	1	1	1	831	856	1	0.0	1413
NODE_6757_length_1574_cov_1.26465	gb_AB700703_+_161-1022_ARO:3001057_TEM-198	96.963	856	1	1	1	831	856	1	0.0	1413
NODE_6757_length_1574_cov_1.26465	gb_KC292503_+_4334-5195_ARO:3000904_TEM-34	96.963	856	1	1	1	831	856	1	0.0	1413
NODE_6757_length_1574_cov_1.26465	gb_KM998962.1_+_0-861_ARO:3003158_TEM-220	96.846	856	2	1	1	831	856	1	0.0	1408
NODE_6757_length_1574_cov_1.26465	gb_JQ034306_+_0-861_ARO:3001376_TEM-196	96.846	856	2	1	1	831	856	1	0.0	1408
NODE_6757_length_1574_cov_1.26465	gb_FJ405211_+_0-861_ARO:3000926_TEM-57	96.846	856	2	1	1	831	856	1	0.0	1408
NODE_6757_length_1574_cov_1.26465	gb_EU274580_+_214-1075_ARO:3001030_TEM-164	96.846	856	2	1	1	831	856	1	0.0	1408
NODE_6757_length_1574_cov_1.26465	gb_KF944358_+_0-861_ARO:3001393_TEM-216	96.846	856	2	1	1	831	856	1	0.0	1408
NODE_6757_length_1574_cov_1.26465	gb_AM849805_+_262-1123_ARO:3000886_TEM-15	96.846	856	2	1	1	831	856	1	0.0	1408
NODE_6757_length_1574_cov_1.26465	gb_AY956335_+_38-899_ARO:3001004_TEM-141	96.846	856	2	1	1	831	856	1	0.0	1408
NODE_6757_length_1574_cov_1.26465	gb_AF516719_+_214-1075_ARO:3000967_TEM-104	96.846	856	2	1	1	831	856	1	0.0	1408
NODE_6757_length_1574_cov_1.26465	gb_AM049399_+_0-861_ARO:3001007_TEM-144	96.846	856	2	1	1	831	856	1	0.0	1408
NODE_6757_length_1574_cov_1.26465	gb_AF190692_+_208-1069_ARO:3000946_TEM-79	96.846	856	2	1	1	831	856	1	0.0	1408
NODE_6757_length_1574_cov_1.26465	gb_U37195_+_75-936_ARO:3000898_TEM-28	96.846	856	2	1	1	831	856	1	0.0	1408
NODE_6757_length_1574_cov_1.26465	gb_Y17584_+_0-858_ARO:3000899_TEM-29	96.846	856	2	1	1	831	856	1	0.0	1408
NODE_6757_length_1574_cov_1.26465	gb_KF240808_+_0-861_ARO:3001386_TEM-209	96.846	856	2	1	1	831	856	1	0.0	1408
NODE_6757_length_1574_cov_1.26465	gb_DQ286729_+_0-861_ARO:3000924_TEM-55	96.846	856	2	1	1	831	856	1	0.0	1408
NODE_6757_length_1574_cov_1.26465	gb_AF093512_+_197-1058_ARO:3000882_TEM-10	96.846	856	2	1	1	831	856	1	0.0	1408
NODE_6757_length_1574_cov_1.26465	gb_JX310327_+_0-861_ARO:3001378_TEM-201	96.846	856	2	1	1	831	856	1	0.0	1408
NODE_6757_length_1574_cov_1.26465	gb_AY101578_+_214-1075_ARO:3000969_TEM-106	96.846	856	2	1	1	831	856	1	0.0	1408
NODE_6757_length_1574_cov_1.26465	gb_AY307100_+_0-861_ARO:3000984_TEM-122	96.846	856	2	1	1	831	856	1	0.0	1408
NODE_6757_length_1574_cov_1.26465	gb_AY628199_+_203-1064_ARO:3000988_TEM-126	96.846	856	2	1	1	831	856	1	0.0	1408
NODE_6757_length_1574_cov_1.26465	gb_DQ279850_+_0-861_ARO:3001014_TEM-147	96.729	856	3	1	1	831	856	1	0.0	1402
NODE_6757_length_1574_cov_1.26465	gb_FR717535_+_0-861_ARO:3000910_TEM-40	96.729	856	3	1	1	831	856	1	0.0	1402
NODE_6757_length_1574_cov_1.26465	gb_KM114268_+_0-861_ARO:3003157_TEM-219	96.729	856	3	1	1	831	856	1	0.0	1402
NODE_6757_length_1574_cov_1.26465	gb_FJ873740_+_0-858_ARO:3001035_TEM-169	96.729	856	3	1	1	831	856	1	0.0	1402
NODE_6757_length_1574_cov_1.26465	gb_AY027590_+_112-973_ARO:3000955_TEM-88	96.729	856	3	1	1	831	856	1	0.0	1402
NODE_6757_length_1574_cov_1.26465	gb_EU815939_+_0-861_ARO:3001029_TEM-163	96.835	853	2	1	4	831	853	1	0.0	1402
NODE_6757_length_1574_cov_1.26465	gb_HQ317449_+_0-861_ARO:3001373_TEM-182	96.729	856	3	1	1	831	856	1	0.0	1402
NODE_6757_length_1574_cov_1.26465	gb_EF534736_+_213-1074_ARO:3001024_TEM-158	96.729	856	3	1	1	831	856	1	0.0	1402
NODE_6757_length_1574_cov_1.26465	gb_AY491682_+_0-861_ARO:3000996_TEM-132	96.729	856	3	1	1	831	856	1	0.0	1402
NODE_6757_length_1574_cov_1.26465	gb_AM183304_+_208-1069_ARO:3001017_TEM-150	96.612	856	4	1	1	831	856	1	0.0	1397
NODE_6757_length_1574_cov_1.26465	gb_FJ919776_+_208-1069_ARO:3001034_TEM-168	96.612	856	4	1	1	831	856	1	0.0	1397
NODE_6757_length_1574_cov_1.26465	gb_AF104442_+_193-1054_ARO:3000923_TEM-54	96.612	856	4	1	1	831	856	1	0.0	1397
NODE_6757_length_1574_cov_1.26465	gb_AM941159_+_208-1069_ARO:3001022_TEM-156	96.612	856	4	1	1	831	856	1	0.0	1397
NODE_6757_length_1574_cov_1.26465	gb_AF351241_+_89-950_ARO:3000957_TEM-90	96.612	856	4	1	1	831	856	1	0.0	1397
NODE_6757_length_1574_cov_1.26465	gb_AY092401_+_0-861_ARO:3000963_TEM-96	96.612	856	4	1	1	831	856	1	0.0	1397
NODE_6757_length_1574_cov_1.26465	gb_GQ149347_+_5269-6130_ARO:3001037_TEM-171	96.612	856	4	1	1	831	856	1	0.0	1397
NODE_6757_length_1574_cov_1.26465	gb_AJ012256_+_208-1069_ARO:3000939_TEM-73	96.612	856	4	1	1	831	856	1	0.0	1397
NODE_6757_length_1574_cov_1.26465	gb_AY101764_+_206-1067_ARO:3000970_TEM-107	96.612	856	4	1	1	831	856	1	0.0	1397
NODE_6757_length_1574_cov_1.26465	gb_HQ529916_+_110-971_ARO:3001045_TEM-183	96.612	856	4	1	1	831	856	1	0.0	1397
NODE_6757_length_1574_cov_1.26465	gb_U95363_+_0-861_ARO:3000912_TEM-43	96.612	856	4	1	1	831	856	1	0.0	1397
NODE_6757_length_1574_cov_1.26465	gb_AY628175_+_210-1071_ARO:3000972_TEM-109	96.612	856	4	1	1	831	856	1	0.0	1397
NODE_6757_length_1574_cov_1.26465	gb_JN254627_+_0-861_ARO:3001049_TEM-189	96.495	856	5	1	1	831	856	1	0.0	1391
NODE_6757_length_1574_cov_1.26465	gb_FJ807656_+_0-861_ARO:3001020_TEM-154	96.495	856	5	1	1	831	856	1	0.0	1391
NODE_6757_length_1574_cov_1.26465	gb_AF427128_+_208-1069_ARO:3000949_TEM-82	96.495	856	5	1	1	831	856	1	0.0	1391
NODE_6757_length_1574_cov_1.26465	gb_AF427127_+_208-1069_ARO:3000948_TEM-81	96.495	856	5	1	1	831	856	1	0.0	1391
NODE_6757_length_1574_cov_1.26465	gb_DQ105529_+_0-861_ARO:3001013_TEM-146	96.495	856	5	1	1	831	856	1	0.0	1391
NODE_6757_length_1574_cov_1.26465	gb_AY826417_+_0-861_ARO:3001000_TEM-136	96.495	856	5	1	1	831	856	1	0.0	1391
NODE_6757_length_1574_cov_1.26465	gb_KC149518_+_0-861_ARO:3001369_TEM-153	96.495	856	5	1	1	831	856	1	0.0	1391
NODE_6757_length_1574_cov_1.26465	gb_X57972_+_339-1200_ARO:3000878_TEM-6	96.495	856	5	1	1	831	856	1	0.0	1391
NODE_6757_length_1574_cov_1.26465	gb_DQ105528_+_0-861_ARO:3001012_TEM-145	96.495	856	5	1	1	831	856	1	0.0	1391
NODE_6757_length_1574_cov_1.26465	gb_AY589493_+_166-1027_ARO:3000975_TEM-112	96.495	856	5	1	1	831	856	1	0.0	1391
NODE_6757_length_1574_cov_1.26465	gb_AB049569_+_0-861_ARO:3000958_TEM-91	96.495	856	5	1	1	831	856	1	0.0	1391
NODE_6757_length_1574_cov_1.26465	gb_NC_002156_+_1429-2290_ARO:3000979_TEM-116	96.495	856	5	1	1	831	856	1	0.0	1391
NODE_6757_length_1574_cov_1.26465	gb_M88143_+_367-1228_ARO:3000884_TEM-12	96.379	856	6	1	1	831	856	1	0.0	1386
NODE_6757_length_1574_cov_1.26465	gb_JX042489_+_141-1002_ARO:3000890_TEM-19	96.379	856	6	1	1	831	856	1	0.0	1386
NODE_6757_length_1574_cov_1.26465	gb_AF535127_+_208-1069_ARO:3000978_TEM-115	96.379	856	6	1	1	831	856	1	0.0	1386
NODE_6757_length_1574_cov_1.26465	gb_AF347054_+_208-1069_ARO:3000947_TEM-80	96.379	856	6	1	1	831	856	1	0.0	1386
NODE_6757_length_1574_cov_1.26465	gb_HQ877606_+_0-861_ARO:3001056_TEM-197	96.379	856	6	1	1	831	856	1	0.0	1386
NODE_6757_length_1574_cov_1.26465	gb_AJ318093_+_0-861_ARO:3000960_TEM-93	96.379	856	6	1	1	831	856	1	0.0	1386
NODE_6757_length_1574_cov_1.26465	gb_JF795538_+_0-861_ARO:3001374_TEM-185	96.379	856	6	1	1	831	856	1	0.0	1386
NODE_6757_length_1574_cov_1.26465	gb_KF663615_+_0-858_ARO:3001390_TEM-213	96.379	856	6	1	1	831	856	1	0.0	1386
NODE_6757_length_1574_cov_1.26465	gb_AY243512_+_208-1069_ARO:3000982_TEM-120	96.379	856	6	1	1	831	856	1	0.0	1386
NODE_6757_length_1574_cov_1.26465	gb_Y13612_+_0-861_ARO:3000921_TEM-52	96.379	856	6	1	1	831	856	1	0.0	1386
NODE_6757_length_1574_cov_1.26465	gb_AF427130_+_208-1069_ARO:3000951_TEM-84	96.379	856	6	1	1	831	856	1	0.0	1386
NODE_6757_length_1574_cov_1.26465	gb_X54606_+_214-1075_ARO:3000874_TEM-2	96.379	856	6	1	1	831	856	1	0.0	1386
NODE_6757_length_1574_cov_1.26465	gb_DQ679961_+_114-975_ARO:3001021_TEM-155	96.379	856	6	1	1	831	856	1	0.0	1386
NODE_6757_length_1574_cov_1.26465	gb_Y10279_+_0-861_ARO:3000916_TEM-47	96.379	856	6	1	1	831	856	1	0.0	1386
NODE_6757_length_1574_cov_1.26465	gb_AF506748_+_38-899_ARO:3000971_TEM-108	96.580	848	4	1	1	823	856	9	0.0	1382
NODE_6757_length_1574_cov_1.26465	gb_AF104441_+_193-1054_ARO:3000922_TEM-53	96.262	856	7	1	1	831	856	1	0.0	1380
NODE_6757_length_1574_cov_1.26465	gb_EF136377_+_0-861_ARO:3001026_TEM-160	96.262	856	7	1	1	831	856	1	0.0	1380
NODE_6757_length_1574_cov_1.26465	gb_DQ909059_+_0-861_ARO:3001023_TEM-157	96.262	856	7	1	1	831	856	1	0.0	1380
NODE_6757_length_1574_cov_1.26465	gb_X95401_+_208-1069_ARO:3000914_TEM-45	96.262	856	7	1	1	831	856	1	0.0	1380
NODE_6757_length_1574_cov_1.26465	gb_AJ746225_+_0-861_ARO:3000993_TEM-129	96.262	856	7	1	1	831	856	1	0.0	1380
NODE_6757_length_1574_cov_1.26465	gb_Y17581_+_78-936_ARO:3000891_TEM-20	96.262	856	7	1	1	831	856	1	0.0	1380
NODE_6757_length_1574_cov_1.26465	gb_AJ239002_+_0-861_ARO:3000935_TEM-68	96.262	856	7	1	1	831	856	1	0.0	1380
NODE_6757_length_1574_cov_1.26465	gb_EF136376_+_0-861_ARO:3001025_TEM-159	96.262	856	7	1	1	831	856	1	0.0	1380
NODE_6757_length_1574_cov_1.26465	gb_AY072920_+_0-861_ARO:3000973_TEM-110	96.262	856	7	1	1	831	856	1	0.0	1380
NODE_6757_length_1574_cov_1.26465	gb_AY528425_+_0-861_ARO:3000997_TEM-133	96.262	856	7	1	1	831	856	1	0.0	1380
NODE_6757_length_1574_cov_1.26465	gb_AF203816_+_210-1071_ARO:3000937_TEM-71	96.262	856	7	1	1	831	856	1	0.0	1380
NODE_6757_length_1574_cov_1.26465	gb_AY874537_+_177-1038_ARO:3000883_TEM-11	96.262	856	7	1	1	831	856	1	0.0	1380
NODE_6757_length_1574_cov_1.26465	gb_X65253_+_175-1036_ARO:3000894_TEM-24	96.145	856	8	1	1	831	856	1	0.0	1375
NODE_6757_length_1574_cov_1.26465	gb_AF468003_+_0-861_ARO:3000974_TEM-111	96.145	856	8	1	1	831	856	1	0.0	1375
NODE_6757_length_1574_cov_1.26465	gb_JN416112_+_0-861_ARO:3001050_TEM-190	96.145	856	8	1	1	831	856	1	0.0	1375
NODE_6757_length_1574_cov_1.26465	gb_X64523.1_-_476-1337_ARO:3000875_TEM-3	96.145	856	8	1	1	831	856	1	0.0	1375
NODE_6757_length_1574_cov_1.26465	gb_DQ072853_+_0-861_ARO:3001003_TEM-139	96.145	856	8	1	1	831	856	1	0.0	1375
NODE_6757_length_1574_cov_1.26465	gb_AM286274_+_0-861_ARO:3001001_TEM-137	96.145	856	8	1	1	831	856	1	0.0	1375
NODE_6757_length_1574_cov_1.26465	gb_AF427129_+_208-1069_ARO:3000950_TEM-83	96.145	856	8	1	1	831	856	1	0.0	1375
NODE_6757_length_1574_cov_1.26465	gb_JN211012_+_213-1074_ARO:3001048_TEM-188	96.145	856	8	1	1	831	856	1	0.0	1375
NODE_6757_length_1574_cov_1.26465	gb_Y14574_+_0-861_ARO:3000888_TEM-17	96.145	856	8	1	1	831	856	1	0.0	1375
NODE_6757_length_1574_cov_1.26465	gb_AF091113_+_450-1311_ARO:3000934_TEM-67	96.145	856	8	1	1	831	856	1	0.0	1375
NODE_6757_length_1574_cov_1.26465	gb_AY853593_+_214-1075_ARO:3001002_TEM-138	96.145	856	8	1	1	831	856	1	0.0	1375
NODE_6757_length_1574_cov_1.26465	gb_AF190693_+_208-1069_ARO:3000944_TEM-78	96.145	856	8	1	1	831	856	1	0.0	1375
NODE_6757_length_1574_cov_1.26465	gb_X65254_+_175-1036_ARO:3000887_TEM-16	96.145	856	8	1	1	831	856	1	0.0	1375
NODE_6757_length_1574_cov_1.26465	gb_AY327540_+_0-858_ARO:3000986_TEM-124	96.145	856	5	2	1	831	853	1	0.0	1373
NODE_6757_length_1574_cov_1.26465	gb_NG_050265_+_100-961_ARO:3000876_TEM-4	96.028	856	9	1	1	831	856	1	0.0	1369
NODE_6757_length_1574_cov_1.26465	gb_X65252_+_175-1036_ARO:3000880_TEM-8	96.028	856	9	1	1	831	856	1	0.0	1369
NODE_6757_length_1574_cov_1.26465	gb_Y10280_+_0-861_ARO:3000917_TEM-48	96.028	856	9	1	1	831	856	1	0.0	1369
NODE_6757_length_1574_cov_1.26465	gb_FR848831_+_0-861_ARO:3001375_TEM-184	96.028	856	9	1	1	831	856	1	0.0	1369
NODE_6757_length_1574_cov_1.26465	gb_AJ866988_+_0-861_ARO:3000994_TEM-130	96.028	856	9	1	1	831	856	1	0.0	1369
NODE_6757_length_1574_cov_1.26465	gb_AJ277414_+_0-861_ARO:3000952_TEM-85	96.028	856	9	1	1	831	856	1	0.0	1369
NODE_6757_length_1574_cov_1.26465	gb_DQ369751_+_0-861_ARO:3001016_TEM-149	96.028	856	9	1	1	831	856	1	0.0	1369
NODE_6757_length_1574_cov_1.26465	gb_AY589495_+_181-1042_ARO:3000977_TEM-114	96.028	856	9	1	1	831	856	1	0.0	1369
NODE_6757_length_1574_cov_1.26465	gb_AY574271_+_0-861_ARO:3000998_TEM-134	96.028	856	9	1	1	831	856	1	0.0	1369
NODE_6757_length_1574_cov_1.26465	gb_DQ834728_+_205-1066_ARO:3001019_TEM-152	96.028	856	9	1	1	831	856	1	0.0	1369
NODE_6757_length_1574_cov_1.26465	gb_AF332513_+_103-964_ARO:3000931_TEM-63	96.028	856	9	1	1	831	856	1	0.0	1369
NODE_6757_length_1574_cov_1.26465	gb_DQ388882_+_0-861_ARO:3001005_TEM-142	96.028	856	9	1	1	831	856	1	0.0	1369
NODE_6757_length_1574_cov_1.26465	gb_Y17582_+_0-858_ARO:3000892_TEM-21	96.028	856	9	1	1	831	856	1	0.0	1369
NODE_6757_length_1574_cov_1.26465	gb_HM246246_+_211-1069_ARO:3001047_TEM-187	96.028	856	9	1	1	831	856	1	0.0	1369
NODE_6757_length_1574_cov_1.26465	gb_DQ834729_+_205-1066_ARO:3001018_TEM-151	96.028	856	9	1	1	831	856	1	0.0	1369
NODE_6757_length_1574_cov_1.26465	gb_Y17583_+_213-1071_ARO:3000893_TEM-22	96.028	856	9	1	1	831	856	1	0.0	1369
NODE_6757_length_1574_cov_1.26465	gb_AF143804_+_0-861_ARO:3000959_TEM-92	96.028	856	9	1	1	831	856	1	0.0	1369
NODE_6757_length_1574_cov_1.26465	gb_AF157553_+_147-1008_ARO:3000938_TEM-72	96.028	856	9	1	1	831	856	1	0.0	1369
NODE_6757_length_1574_cov_1.26465	gb_AY436361_+_131-992_ARO:3000995_TEM-131	95.911	856	10	1	1	831	856	1	0.0	1365
NODE_6757_length_1574_cov_1.26465	gb_FJ360884_+_213-1074_ARO:3001033_TEM-167	95.911	856	10	1	1	831	856	1	0.0	1363
NODE_6757_length_1574_cov_1.26465	gb_AJ277415_+_0-861_ARO:3000953_TEM-86	95.911	856	10	1	1	831	856	1	0.0	1363
NODE_6757_length_1574_cov_1.26465	gb_AJ318094_+_0-861_ARO:3000961_TEM-94	95.911	856	10	1	1	831	856	1	0.0	1363
NODE_6757_length_1574_cov_1.26465	gb_AF495873_+_0-861_ARO:3000964_TEM-101	95.911	856	10	1	1	831	856	1	0.0	1363
NODE_6757_length_1574_cov_1.26465	gb_Y10281_+_0-861_ARO:3000918_TEM-49	95.911	856	10	1	1	831	856	1	0.0	1363
NODE_6757_length_1574_cov_1.26465	gb_AY589494_+_193-1054_ARO:3000976_TEM-113	95.911	856	10	1	1	831	856	1	0.0	1363
NODE_6757_length_1574_cov_1.26465	gb_KC900516_+_0-858_ARO:3001382_TEM-205	95.911	856	10	1	1	831	856	1	0.0	1363
NODE_6757_length_1574_cov_1.26465	gb_AY271267_+_0-861_ARO:3000983_TEM-121	95.911	856	10	1	1	831	856	1	0.0	1363
NODE_6757_length_1574_cov_1.26465	gb_AF250872_+_0-861_ARO:3000954_TEM-87	95.911	856	10	1	1	831	856	1	0.0	1363
NODE_6757_length_1574_cov_1.26465	gb_AY040093_+_68-929_ARO:3000965_TEM-102	95.911	856	10	1	1	831	856	1	0.0	1363
NODE_6757_length_1574_cov_1.26465	gb_KF513179_+_0-861_ARO:3001388_TEM-211	95.794	856	11	1	1	831	856	1	0.0	1358
NODE_6757_length_1574_cov_1.26465	gb_FN652295_+_0-861_ARO:3001042_TEM-177	95.794	856	11	1	1	831	856	1	0.0	1358
NODE_6757_length_1574_cov_1.26465	gb_EF468463_+_66-927_ARO:3001028_TEM-162	95.794	856	11	1	1	831	856	1	0.0	1358
NODE_6757_length_1574_cov_1.26465	gb_JX050178_+_0-852_ARO:3001058_TEM-199	95.991	848	9	1	1	823	848	1	0.0	1354
NODE_6757_length_1574_cov_1.26465	gb_AY628176_+_75-936_ARO:3000987_TEM-125	95.678	856	12	1	1	831	856	1	0.0	1352
NODE_6757_length_1574_cov_1.26465	gb_AY327539_+_0-858_ARO:3000985_TEM-123	95.678	856	9	2	1	831	853	1	0.0	1351
NODE_6757_length_1574_cov_1.26465	gb_JN935137_+_0-861_ARO:3001055_TEM-195	95.444	856	14	1	1	831	856	1	0.0	1341
NODE_6757_length_1574_cov_1.26465	gb_X98047_+_0-844_ARO:3000911_TEM-42	95.848	843	10	1	5	822	843	1	0.0	1339
NODE_6757_length_1574_cov_1.26465	gb_AF047171_+_135-996_ARO:3000929_TEM-60	95.327	856	15	1	1	831	856	1	0.0	1336
NODE_6757_length_1574_cov_1.26465	gb_AF062386_+_30-862_ARO:3000928_TEM-59	96.149	831	7	1	26	831	831	1	0.0	1334
NODE_6757_length_1574_cov_1.26465	gb_AY039040_+_188-1022_ARO:3000956_TEM-89	95.923	834	9	1	23	831	834	1	0.0	1328
NODE_6757_length_1574_cov_1.26465	gb_JN935135_+_0-861_ARO:3001053_TEM-193	94.866	857	17	3	1	831	856	1	0.0	1314
NODE_6757_length_1574_cov_1.26465	gb_X97254_+_153-1011_ARO:3001043_TEM-178	94.731	854	21	11	1	831	853	1	0.0	1306
NODE_6757_length_1574_cov_1.26465	gb_JN935136_+_0-861_ARO:3001054_TEM-194	94.626	856	21	3	1	831	856	1	0.0	1303
NODE_6757_length_1574_cov_1.26465	gb_L19940_+_197-1006_ARO:3000896_TEM-26	96.044	809	7	1	48	831	809	1	0.0	1293
NODE_6757_length_1574_cov_1.26465	gb_AY130285_+_0-785_ARO:3000981_TEM-118	96.051	785	6	1	36	795	785	1	0.0	1254
NODE_6757_length_1574_cov_1.26465	gb_AF527798.1_+_0-785_ARO:3000879_TEM-7	96.051	785	6	1	36	795	785	1	0.0	1254
NODE_6757_length_1574_cov_1.26465	gb_AY130284_+_0-785_ARO:3000941_TEM-75	95.924	785	7	1	36	795	785	1	0.0	1249
NODE_6757_length_1574_cov_1.26465	gb_AY130282_+_0-764_ARO:3000980_TEM-117	96.335	764	3	1	57	795	764	1	0.0	1232
NODE_6757_length_1574_cov_1.26465	gb_JF949916_+_0-757_ARO:3001051_TEM-191	96.561	756	1	1	71	801	756	1	0.0	1229
NODE_6757_length_1574_cov_1.26465	gb_JF949915_+_0-754_ARO:3001052_TEM-192	96.547	753	1	1	74	801	753	1	0.0	1223
NODE_6901_length_1554_cov_2.26284	gb_CP007593.1_+_2148923-2149772_ARO:3001301_RlmA(II)	86.980	553	72	0	12	564	291	843	6.73e-179	623
NODE_7751_length_1446_cov_4.82387	gb_NC_003098.1_-_1359228-1360395_ARO:3000025_patB	78.362	989	202	10	1	983	983	1	0.0	630
NODE_7845_length_1436_cov_2.12889	gb_AP006618.1_+_4835199-4838688_ARO:3000501_Nocardia	81.847	314	51	5	1104	1414	3023	3333	2.02e-69	259
NODE_7898_length_1431_cov_1.93968	gb_X63451_+_0-1653_ARO:3002828_srmB	78.448	116	19	6	691	803	1465	1577	1.01e-12	71.3
NODE_8027_length_1416_cov_1.40632	gb_AF235050.4_+_38028-40140_ARO:3003318_Streptomyces	86.154	65	9	0	1082	1146	1897	1961	1.00e-12	71.3
NODE_8138_length_1405_cov_4.67778	gb_AF235050.4_+_38028-40140_ARO:3003318_Streptomyces	77.513	378	77	7	103	476	449	76	9.31e-58	220
NODE_8518_length_1368_cov_2.50267	gb_M57437_+_0-1647_ARO:3002827_tlrC	93.182	44	1	2	615	658	601	560	1.62e-10	63.9
NODE_9167_length_1308_cov_1.8763	gb_Z21523_+_0-1974_ARO:3000191_tetQ	100.000	1308	0	0	1	1308	493	1800	0.0	2416
NODE_10493_length_1206_cov_1.62467	gb_NC_003112.2_-_1791966-1795170_ARO:3000811_mtrD	75.244	921	210	17	179	1090	1766	855	2.04e-118	422
NODE_10493_length_1206_cov_1.62467	gb_NC_000913.3_-_481253-484403_ARO:3000216_acrB	81.034	116	15	5	379	489	1575	1462	3.03e-17	86.1
NODE_11285_length_1152_cov_2.02917	gb_AJ295238.3_+_163-2083_ARO:3000196_tet32	96.760	1142	35	2	3	1143	133	1273	0.0	1903
NODE_11324_length_1150_cov_51.8292	gb_AF242872_+_2131-2878_ARO:3000375_ErmB	99.465	747	3	1	66	811	747	1	0.0	1356
NODE_12870_length_1060_cov_1.79701	gb_AF173226_+_3767-6917_ARO:3003052_smeB	75.000	352	73	10	9	354	2971	2629	3.34e-36	148
NODE_12936_length_1057_cov_2.63772	gb_HQ652506.1_+_2099-3836_ARO:3004033_tetB(46)	76.520	1069	213	30	7	1056	477	1526	7.82e-157	549
NODE_13105_length_1048_cov_1.5146	gb_KX000273.1_+_0-1740_ARO:3004036_tetB(60)	90.794	315	29	0	734	1048	1740	1426	1.76e-118	422
NODE_15646_length_935_cov_37.917	gb_AM180355_+_600033-601953_ARO:3000186_tetM	97.351	453	12	0	483	935	1920	1468	0.0	771
NODE_16590_length_898_cov_3.10439	gb_CP007593.1_+_2148923-2149772_ARO:3001301_RlmA(II)	86.244	647	85	4	252	896	843	199	0.0	699
NODE_19285_length_812_cov_1.26156	gb_NC_014638.1_-_1610636-1613960_ARO:3003730_Bifidobacteria	77.886	511	109	4	260	768	2148	1640	2.38e-86	315
NODE_19904_length_794_cov_1.40866	gb_KX000273.1_+_0-1740_ARO:3004036_tetB(60)	85.361	485	71	0	4	488	485	1	4.62e-143	503
NODE_22434_length_734_cov_1.60088	gb_HQ652506.1_+_2099-3836_ARO:3004033_tetB(46)	86.425	221	30	0	1	221	1501	1721	1.03e-64	243
NODE_23041_length_721_cov_1.82432	gb_HM990671_+_5192-6671_ARO:3003112_lsaC	89.568	671	70	0	51	721	1	671	0.0	852
NODE_24069_length_700_cov_2.3907	gb_NC_003098.1_-_1359228-1360395_ARO:3000025_patB	85.798	683	93	3	12	692	1161	481	0.0	721
NODE_25099_length_682_cov_1.98405	gb_KX000273.1_+_0-1740_ARO:3004036_tetB(60)	85.088	684	96	5	1	681	1074	394	0.0	693
NODE_26756_length_654_cov_1.35225	gb_NC_003098_+_953382-954594_ARO:3000614_mefE	90.071	141	13	1	1	141	1157	1018	2.01e-46	182
NODE_36292_length_542_cov_1.89733	gb_NC_003098.1_-_1359228-1360395_ARO:3000025_patB	82.105	285	51	0	258	542	1	285	2.08e-65	244
NODE_40974_length_501_cov_1.44619	gb_HQ652506.1_+_2099-3836_ARO:3004033_tetB(46)	93.000	500	35	0	2	501	439	938	0.0	730
NODE_43629_length_480_cov_0.971765	gb_NC_002516.2_-_2850882-2854014_ARO:3004074_MuxB	79.003	381	76	4	3	381	2964	2586	2.36e-69	257
NODE_43629_length_480_cov_0.971765	gb_NC_002516.2_-_2847775-2850886_ARO:3004075_MuxC	79.016	386	59	19	3	377	2964	2590	1.84e-65	244
NODE_43629_length_480_cov_0.971765	gb_AB219523.1_+_1175-4286_ARO:3003705_mexN	75.000	384	86	9	3	381	2967	2589	1.14e-42	169
NODE_43629_length_480_cov_0.971765	gb_U00096_+_2155262-2158385_ARO:3000793_mdtB	74.227	388	92	7	9	392	2985	2602	8.85e-39	156
NODE_43922_length_478_cov_3.99527	gb_CP007593.1_+_2148923-2149772_ARO:3001301_RlmA(II)	85.185	243	36	0	6	248	607	849	3.93e-67	250
NODE_43950_length_477_cov_1.27962	gb_HQ652506.1_+_373-2098_ARO:3004032_tetA(46)	90.147	477	47	0	1	477	1138	662	7.21e-179	621
NODE_44157_length_476_cov_5.48219	gb_CP007593.1_+_2148923-2149772_ARO:3001301_RlmA(II)	85.232	237	35	0	6	242	607	843	1.82e-65	244
NODE_44873_length_471_cov_14.0938	gb_AM180355_+_600033-601953_ARO:3000186_tetM	97.240	471	13	0	1	471	1522	1052	0.0	798
NODE_44877_length_471_cov_19.8702	gb_AM180355_+_600033-601953_ARO:3000186_tetM	92.781	471	34	0	1	471	1522	1052	0.0	682
NODE_44877_length_471_cov_19.8702	gb_L09756_+_0-1926_ARO:3000192_tetS	83.146	445	73	2	12	455	1511	1068	7.80e-114	405
NODE_45003_length_470_cov_1.55663	gb_NC_003098.1_-_1359228-1360395_ARO:3000025_patB	90.909	132	12	0	26	157	132	1	1.85e-45	178
NODE_46794_length_456_cov_1.82294	gb_Z21523_+_0-1974_ARO:3000191_tetQ	99.265	408	3	0	49	456	1	408	0.0	737
NODE_48169_length_446_cov_1.81586	gb_NC_003098.1_-_1359228-1360395_ARO:3000025_patB	85.426	446	63	2	1	445	598	154	4.31e-131	462
NODE_49647_length_435_cov_1.87105	gb_CP007593.1_+_2148923-2149772_ARO:3001301_RlmA(II)	92.683	82	6	0	348	429	841	760	1.05e-27	119
NODE_52028_length_417_cov_1.08011	gb_HM990671_+_5192-6671_ARO:3003112_lsaC	91.607	417	35	0	1	417	1241	825	1.37e-165	577
NODE_53544_length_405_cov_0.811429	gb_NC_003098.1_+_866210-867410_ARO:3000822_pmrA	89.630	405	40	2	1	404	481	884	1.06e-146	514
NODE_59641_length_366_cov_2.45338	gb_AM180355_+_600033-601953_ARO:3000186_tetM	99.519	208	1	0	159	366	1	208	3.64e-106	379
NODE_59641_length_366_cov_2.45338	gb_L09756_+_0-1926_ARO:3000192_tetS	84.737	190	29	0	160	349	2	191	1.83e-49	191
NODE_61036_length_358_cov_2.41584	gb_BX664015.1_-_204137-204554_ARO:3000168_tet(D)	99.174	121	1	0	1	121	297	417	8.20e-58	219
NODE_62810_length_348_cov_1.73379	gb_CP007593.1_+_2148923-2149772_ARO:3001301_RlmA(II)	86.007	293	41	0	1	293	549	841	9.87e-87	315
NODE_66804_length_329_cov_1.77372	gb_KX000273.1_+_0-1740_ARO:3004036_tetB(60)	86.916	321	42	0	9	329	1394	1074	1.18e-100	361
NODE_71202_length_306_cov_1.01992	gb_M18896.2_+_206-2126_ARO:3000190_tetO	99.673	306	1	0	1	306	1866	1561	1.00e-160	560
NODE_71202_length_306_cov_1.01992	gb_AJ295238.3_+_163-2083_ARO:3000196_tet32	99.673	306	1	0	1	306	1866	1561	1.00e-160	560
NODE_72488_length_300_cov_1.4898	gb_AP006618.1_+_4835199-4838688_ARO:3000501_Nocardia	79.195	298	59	3	5	300	1340	1044	1.90e-53	204
NODE_80386_length_273_cov_0.866972	gb_NC_003098.1_-_1359228-1360395_ARO:3000025_patB	94.444	216	12	0	58	273	1	216	2.10e-92	333
NODE_86555_length_259_cov_1.54412	gb_KX531049.1_+_0-1947_ARO:3003986_TaeA	87.500	56	7	0	132	187	1363	1418	7.99e-12	65.8
NODE_95705_length_246_cov_0.628272	gb_AFRQ01000061.1_-_23986-27124_ARO:3004144_AxyY	94.545	55	1	2	85	138	1209	1156	2.09e-17	84.2
NODE_95705_length_246_cov_0.628272	gb_AB015853_+_1330-4471_ARO:3003033_mexY	76.220	164	35	4	85	246	1209	1048	2.09e-17	84.2
NODE_95705_length_246_cov_0.628272	gb_L11616_+_1569-4710_ARO:3000378_MexB	90.741	54	5	0	88	141	1209	1156	4.52e-14	73.1
NODE_95864_length_246_cov_0.95288	gb_NC_003098.1_+_866210-867410_ARO:3000822_pmrA	92.276	246	19	0	1	246	1076	831	1.86e-97	350
NODE_115590_length_227_cov_1.91279	gb_CP007593.1_+_2148923-2149772_ARO:3001301_RlmA(II)	92.478	226	15	2	1	225	464	688	3.72e-89	322
NODE_124231_length_220_cov_1.99394	gb_M80346_+_0-1656_ARO:3002817_carA	100.000	34	0	0	64	97	1502	1469	2.41e-11	63.9
NODE_128327_length_217_cov_1.09877	gb_NC_003098.1_-_1359228-1360395_ARO:3000025_patB	91.705	217	18	0	1	217	325	541	4.61e-83	302
NODE_130530_length_216_cov_2.20497	gb_NC_003098.1_-_1359228-1360395_ARO:3000025_patB	81.690	213	39	0	1	213	282	70	8.07e-46	178
NODE_137614_length_211_cov_1.15385	gb_HQ652506.1_+_373-2098_ARO:3004032_tetA(46)	91.429	210	18	0	1	210	1392	1601	3.48e-79	289
NODE_143269_length_208_cov_2.05882	gb_CP007593.1_+_2148923-2149772_ARO:3001301_RlmA(II)	86.538	208	28	0	1	208	529	736	2.11e-61	230
