NODE_31_length_186809_cov_68.6494	gb_NC_007779_+_2586250-2589364_ARO:3000491_acrD	76.800	250	50	8	111182	111427	1271	1026	1.67e-29	134
NODE_31_length_186809_cov_68.6494	gb_U00096_+_3660413-3663527_ARO:3000796_mdtF	75.000	196	45	4	111212	111405	1241	1048	1.32e-15	87.9
NODE_64_length_141500_cov_14.1388	gb_M63556_+_90-840_ARO:3000578_CcrA	98.000	750	15	0	8734	9483	1	750	0.0	1303
NODE_241_length_66657_cov_14.0056	gb_AFRQ01000061.1_-_23986-27124_ARO:3004144_AxyY	83.133	83	10	4	58289	58370	1160	1239	1.32e-11	73.1
NODE_252_length_65486_cov_15.1092	gb_M18896.2_+_206-2126_ARO:3000190_tetO	99.344	1219	8	0	64268	65486	1	1219	0.0	2207
NODE_252_length_65486_cov_15.1092	gb_AJ295238.3_+_163-2083_ARO:3000196_tet32	91.919	396	32	0	64268	64663	1	396	1.06e-156	555
NODE_283_length_60444_cov_18.1896	gb_GQ343019_+_132-1023_ARO:3002999_CblA-1	97.194	891	25	0	49713	50603	1	891	0.0	1507
NODE_953_length_24631_cov_3.14364	gb_U00096.3_-_4567286-4568519_ARO:3001214_mdtM	96.756	1233	40	0	11354	12586	1233	1	0.0	2056
NODE_1001_length_23769_cov_19.1515	gb_AF173226_+_3767-6917_ARO:3003052_smeB	87.500	56	7	0	9270	9325	1186	1241	7.90e-10	65.8
NODE_1001_length_23769_cov_19.1515	gb_AJ252200_+_1278-4401_ARO:3003056_smeE	78.313	83	18	0	9243	9325	1159	1241	1.71e-06	54.7
NODE_1100_length_22168_cov_2.82363	gb_AP009048_-_4338624-4340268_ARO:3003576_eptA	99.453	1644	9	0	16648	18291	1644	1	0.0	2987
NODE_1143_length_21016_cov_20.1611	gb_AF472622_+_52-1018_ARO:3003003_CfxA3	99.896	966	1	0	8126	9091	966	1	0.0	1779
NODE_1143_length_21016_cov_20.1611	gb_AY769933_+_0-966_ARO:3003005_CfxA4	99.793	966	2	0	8126	9091	966	1	0.0	1773
NODE_1143_length_21016_cov_20.1611	gb_AF118110.1_-_71-1037_ARO:3003002_CfxA2	99.793	966	2	0	8126	9091	966	1	0.0	1773
NODE_1143_length_21016_cov_20.1611	gb_AY769934_+_27-993_ARO:3003096_CfxA5	99.689	966	3	0	8126	9091	966	1	0.0	1768
NODE_1143_length_21016_cov_20.1611	gb_U38243_+_149-1115_ARO:3003001_CfxA	99.689	966	3	0	8126	9091	966	1	0.0	1768
NODE_1143_length_21016_cov_20.1611	gb_GQ342996_+_797-1793_ARO:3003097_CfxA6	89.130	966	102	3	8131	9095	993	30	0.0	1199
NODE_1263_length_19450_cov_3.48074	gb_U00096_+_3660413-3663527_ARO:3000796_mdtF	98.523	3114	46	0	2715	5828	3114	1	0.0	5496
NODE_1263_length_19450_cov_3.48074	gb_AP009048.1_-_3980025-3981183_ARO:3000795_mdtE	99.655	1158	4	0	5853	7010	1158	1	0.0	2117
NODE_1263_length_19450_cov_3.48074	gb_NC_007779_+_3974604-3975429_ARO:3000508_gadX	97.818	825	18	0	432	1256	1	825	0.0	1424
NODE_1263_length_19450_cov_3.48074	gb_CP015085.1_-_2551711-2552440_ARO:3003838_gadW	94.376	729	41	0	1624	2352	1	729	0.0	1120
NODE_1263_length_19450_cov_3.48074	gb_L11616_+_1569-4710_ARO:3000378_MexB	76.559	465	104	5	4331	4793	1497	1036	1.66e-65	250
NODE_1263_length_19450_cov_3.48074	gb_NC_007779_+_2586250-2589364_ARO:3000491_acrD	74.786	468	104	11	4345	4805	1484	1024	6.11e-50	198
NODE_1263_length_19450_cov_3.48074	gb_AJ252200_+_1278-4401_ARO:3003056_smeE	74.477	478	111	10	4330	4802	1498	1027	2.20e-49	196
NODE_1263_length_19450_cov_3.48074	gb_U57969_+_1485-4617_ARO:3000801_MexD	85.263	95	14	0	4564	4658	1271	1177	6.37e-20	99.0
NODE_1263_length_19450_cov_3.48074	gb_NC_010378.1_+_47850-51003_ARO:3003923_oqxB	87.500	72	7	2	4575	4645	1263	1193	6.42e-15	82.4
NODE_1263_length_19450_cov_3.48074	gb_NC_002516_+_2810008-2813197_ARO:3000804_MexF	87.143	70	9	0	4576	4645	1262	1193	2.31e-14	80.5
NODE_1366_length_18416_cov_5.19051	gb_NC_007779_+_2586250-2589364_ARO:3000491_acrD	100.000	28	0	0	3926	3953	1907	1880	4.76e-06	52.8
NODE_1861_length_14173_cov_30.8259	gb_AY701528.1_+_9695-10589_ARO:3004191_APH(2'')-If	100.000	361	0	0	1	361	361	1	0.0	667
NODE_1861_length_14173_cov_30.8259	gb_NC_005024_+_42504-43944_ARO:3002597_AAC(6')-Ie-APH(2'')-Ia	80.685	321	58	4	1	319	922	604	1.57e-64	246
NODE_2042_length_13234_cov_3.02929	gb_NC_000913.3_-_4377810-4378944_ARO:3004290_Escherichia	97.531	1134	28	0	90	1223	1134	1	0.0	1940
NODE_2042_length_13234_cov_3.02929	gb_KM087859_+_0-1146_ARO:3002176_MIR-11	72.347	980	235	29	142	1103	1094	133	1.86e-73	276
NODE_2042_length_13234_cov_3.02929	gb_KM087851_+_0-1146_ARO:3002180_MIR-15	72.347	980	235	30	142	1103	1094	133	1.86e-73	276
NODE_2042_length_13234_cov_3.02929	gb_AY227752_+_88-1234_ARO:3002168_MIR-2	71.996	1032	253	29	90	1103	1146	133	2.41e-72	272
NODE_2042_length_13234_cov_3.02929	gb_KM087858_+_0-1146_ARO:3002175_MIR-10	72.245	980	236	29	142	1103	1094	133	8.68e-72	270
NODE_2042_length_13234_cov_3.02929	gb_KM087860_+_0-1146_ARO:3002174_MIR-9	72.245	980	236	29	142	1103	1094	133	8.68e-72	270
NODE_2042_length_13234_cov_3.02929	gb_JQ664733_+_0-1146_ARO:3002171_MIR-6	72.245	980	236	30	142	1103	1094	133	8.68e-72	270
NODE_2042_length_13234_cov_3.02929	gb_KM087861_+_0-1146_ARO:3002181_MIR-16	72.245	980	236	29	142	1103	1094	133	8.68e-72	270
NODE_2042_length_13234_cov_3.02929	gb_EF417572_+_29-1175_ARO:3002167_MIR-4	72.057	977	243	25	142	1103	1094	133	4.04e-70	265
NODE_2042_length_13234_cov_3.02929	gb_FJ237367_+_0-1146_ARO:3002173_MIR-8	72.143	980	237	30	142	1103	1094	133	4.04e-70	265
NODE_2042_length_13234_cov_3.02929	gb_KM087863_+_0-1146_ARO:3002177_MIR-12	72.143	980	237	29	142	1103	1094	133	4.04e-70	265
NODE_2042_length_13234_cov_3.02929	gb_KP050484_+_0-1146_ARO:3002170_MIR-5	72.143	980	237	29	142	1103	1094	133	4.04e-70	265
NODE_2042_length_13234_cov_3.02929	gb_AY743435_+_13-1159_ARO:3002169_MIR-3	72.057	977	243	25	142	1103	1094	133	4.04e-70	265
NODE_2042_length_13234_cov_3.02929	gb_M37839_+_927-2073_ARO:3002166_MIR-1	72.041	980	238	29	142	1103	1094	133	1.88e-68	259
NODE_2042_length_13234_cov_3.02929	gb_LN515535_+_0-1146_ARO:3003173_MIR-17	72.041	980	238	29	142	1103	1094	133	1.88e-68	259
NODE_2042_length_13234_cov_3.02929	gb_KM087862_+_0-1146_ARO:3002178_MIR-13	71.939	980	239	30	142	1103	1094	133	8.74e-67	254
NODE_2042_length_13234_cov_3.02929	gb_KJ207207_+_479-1625_ARO:3001844_ACT-24	70.444	1059	283	25	90	1133	1146	103	5.37e-49	195
NODE_2042_length_13234_cov_3.02929	gb_KF992028_+_761-1907_ARO:3001839_ACT-18	72.484	636	161	12	505	1133	731	103	1.93e-48	193
NODE_2042_length_13234_cov_3.02929	gb_FJ237369_+_0-1146_ARO:3001824_ACT-5	72.848	604	147	15	534	1129	701	107	6.95e-48	191
NODE_2042_length_13234_cov_3.02929	gb_KF515536_+_0-1146_ARO:3001828_ACT-23	72.354	633	159	14	505	1129	731	107	3.23e-46	185
NODE_2042_length_13234_cov_3.02929	gb_JX440354_+_756-1902_ARO:3001836_ACT-14	72.397	634	157	15	505	1129	731	107	3.23e-46	185
NODE_2042_length_13234_cov_3.02929	gb_KM926621_+_751-1897_ARO:3003171_ACT-36	72.214	637	161	14	505	1133	731	103	4.18e-45	182
NODE_2042_length_13234_cov_3.02929	gb_KM926622_+_238-1384_ARO:3003172_ACT-37	70.424	1038	259	37	90	1103	1146	133	2.52e-42	172
NODE_2042_length_13234_cov_3.02929	gb_KF526118_+_0-1146_ARO:3001842_ACT-21	72.277	606	147	18	534	1129	701	107	3.26e-41	169
NODE_2042_length_13234_cov_3.02929	gb_KF992029_+_748-1894_ARO:3001840_ACT-19	70.203	1037	263	36	90	1103	1146	133	5.45e-39	161
NODE_2347_length_11867_cov_3.43896	gb_AM180355_+_600033-601953_ARO:3000186_tetM	87.771	924	113	0	10944	11867	1	924	0.0	1081
NODE_2347_length_11867_cov_3.43896	gb_L09756_+_0-1926_ARO:3000192_tetS	77.287	929	197	12	10945	11866	2	923	2.50e-151	534
NODE_2559_length_11044_cov_19.8529	gb_L42817_+_201-936_ARO:3000522_ErmG	99.592	735	3	0	1581	2315	735	1	0.0	1341
NODE_2559_length_11044_cov_19.8529	gb_M64090_+_0-735_ARO:3000595_ErmT	78.095	735	147	11	1588	2315	728	1	6.70e-127	453
NODE_2747_length_10444_cov_13.7784	gb_NC_005024_+_42504-43944_ARO:3002597_AAC(6')-Ie-APH(2'')-Ia	100.000	1440	0	0	6223	7662	1440	1	0.0	2660
NODE_2747_length_10444_cov_13.7784	gb_AY701528.1_+_9695-10589_ARO:3004191_APH(2'')-If	80.843	830	149	9	6235	7059	867	43	0.0	643
NODE_2767_length_10358_cov_4.55663	gb_AF170880_+_0-1848_ARO:3002522_novA	76.168	214	45	6	9139	9349	1381	1591	5.64e-23	108
NODE_2779_length_10332_cov_2.58383	gb_U00096.3_-_3203309-3204131_ARO:3002986_bacA	98.659	820	11	0	6421	7240	820	1	0.0	1454
NODE_3128_length_9420_cov_3.08863	gb_AP009048.1_-_4153663-4154296_ARO:3000518_CRP	99.210	633	5	0	4152	4784	1	633	0.0	1142
NODE_3182_length_9306_cov_2.38255	gb_NC_000913.3_-_721055-721733_ARO:3003841_kdpE	97.177	673	19	0	6948	7620	673	1	0.0	1138
NODE_3246_length_9146_cov_2.83434	gb_NC_000913.3_-_481253-484403_ARO:3000216_acrB	99.114	2933	26	0	3061	5993	1	2933	0.0	5273
NODE_3246_length_9146_cov_2.83434	gb_NC_000913.3_-_481253-484403_ARO:3000216_acrB	98.291	234	4	0	6014	6247	2917	3150	3.39e-114	411
NODE_3246_length_9146_cov_2.83434	gb_NC_000913.3_-_484425-485619_ARO:3004043_Escherichia	99.749	1194	3	0	1845	3038	1	1194	0.0	2189
NODE_3246_length_9146_cov_2.83434	gb_U00096_+_3415032-3418137_ARO:3000502_acrF	73.324	2969	700	83	3069	5993	10	2930	0.0	1011
NODE_3246_length_9146_cov_2.83434	gb_AJ318073.1_+_793-1990_ARO:3004041_Klebsiella	78.578	1167	241	8	1845	3005	1	1164	0.0	761
NODE_3246_length_9146_cov_2.83434	gb_NC_006350.1_-_2147817-2150949_ARO:3002983_amrB	77.626	219	41	8	5686	5900	2608	2822	1.37e-28	126
NODE_3426_length_8718_cov_2.52245	gb_JQ394987_+_0-1233_ARO:3001328_Escherichia	97.405	1233	32	0	160	1392	1	1233	0.0	2100
NODE_3975_length_7751_cov_2.47791	gb_NC_000913.3_+_966620-968369_ARO:3003950_msbA	99.035	1554	15	0	1	1554	196	1749	0.0	2787
NODE_4083_length_7598_cov_2.99191	gb_AP009048.1_-_4304505-4306557_ARO:3003549_mdtO	98.392	2052	33	0	4762	6813	2052	1	0.0	3607
NODE_4083_length_7598_cov_2.99191	gb_AP009048.1_-_4303042-4304509_ARO:3003550_mdtP	97.427	1477	28	2	3289	4765	1467	1	0.0	2508
NODE_4083_length_7598_cov_2.99191	gb_AP009048.1_-_4306556-4307588_ARO:3003548_mdtN	98.092	786	15	0	6813	7598	1032	247	0.0	1369
NODE_4461_length_7008_cov_2.77175	gb_U00096_+_2484373-2487967_ARO:3000833_evgS	98.859	3594	41	0	1013	4606	1	3594	0.0	6410
NODE_4461_length_7008_cov_2.77175	gb_NC_002695_+_3211891-3212506_ARO:3000832_evgA	99.024	615	6	0	394	1008	1	615	0.0	1103
NODE_4567_length_6879_cov_2.57679	gb_U00096_-_2098446-2099613_ARO:3003577_ugd	78.488	172	37	0	5202	5373	869	698	8.04e-25	113
NODE_4588_length_6867_cov_2.814	gb_AF235050.4_+_38028-40140_ARO:3003318_Streptomyces	74.230	357	72	15	4240	4586	75	421	2.22e-30	132
NODE_4680_length_6773_cov_3.10479	gb_U00096_+_3415032-3418137_ARO:3000502_acrF	98.890	1532	17	0	5242	6773	3105	1574	0.0	2736
NODE_4680_length_6773_cov_3.10479	gb_NC_003197.2_-_393893-397061_ARO:3000790_mdsB	81.928	83	9	6	5362	5441	3012	2933	2.25e-10	65.8
NODE_4770_length_6674_cov_2.53633	gb_NC_002695.2_-_1737690-1738104_ARO:3000676_H-NS	99.034	414	4	0	3632	4045	414	1	0.0	743
NODE_5153_length_6244_cov_2.55114	gb_NC_007779_+_2586250-2589364_ARO:3000491_acrD	98.853	2791	32	0	3454	6244	3114	324	0.0	4977
NODE_5153_length_6244_cov_2.55114	gb_U00096_+_3660413-3663527_ARO:3000796_mdtF	74.145	468	107	11	5084	5544	1484	1024	1.97e-45	182
NODE_5153_length_6244_cov_2.55114	gb_AB219524.1_+_1176-4338_ARO:3003699_mexQ	97.143	35	1	0	5318	5352	1256	1222	9.64e-09	60.2
NODE_5238_length_6170_cov_2.51431	gb_Z11877.1_+_485-818_ARO:3004039_Escherichia	91.892	333	27	0	3248	3580	1	333	4.80e-131	466
NODE_5295_length_6120_cov_6.01616	gb_AF242872_+_2131-2878_ARO:3000375_ErmB	100.000	42	0	0	6079	6120	178	137	2.61e-14	78.7
NODE_5336_length_6080_cov_2.71685	gb_U00096_-_2098446-2099613_ARO:3003577_ugd	78.141	947	197	9	2828	3769	1159	218	2.08e-169	593
NODE_5336_length_6080_cov_2.71685	gb_U00096_-_2098446-2099613_ARO:3003577_ugd	95.745	94	4	0	1488	1581	1167	1074	1.50e-36	152
NODE_5732_length_5716_cov_4.59477	gb_M57437_+_0-1647_ARO:3002827_tlrC	96.970	33	1	0	5317	5349	600	568	1.14e-07	56.5
NODE_6030_length_5472_cov_38.5475	gb_AF242872_+_2131-2878_ARO:3000375_ErmB	98.214	56	0	1	5418	5472	741	686	6.43e-20	97.1
NODE_6045_length_5461_cov_2.399	gb_U00096_-_1124117-1125326_ARO:3001216_mdtH	98.227	846	15	0	4595	5440	1209	364	0.0	1480
NODE_6153_length_5374_cov_5.77007	gb_AF235050.4_+_38028-40140_ARO:3003318_Streptomyces	77.246	167	36	2	1088	1253	256	421	6.32e-20	97.1
NODE_6360_length_5223_cov_4.72504	gb_Z21523_+_0-1974_ARO:3000191_tetQ	100.000	54	0	0	5170	5223	22	75	4.75e-21	100
NODE_6567_length_5092_cov_3.06095	gb_FJ768952_+_0-1488_ARO:3000237_tolC	98.454	1488	23	0	2414	3901	1488	1	0.0	2621
NODE_6624_length_5060_cov_2.99361	gb_U00096_+_3415032-3418137_ARO:3000502_acrF	98.883	1701	19	0	3360	5060	1	1701	0.0	3037
NODE_6624_length_5060_cov_2.99361	gb_U00096_+_3413863-3415021_ARO:3000499_acrE	98.877	1158	13	0	2191	3348	1	1158	0.0	2067
NODE_6624_length_5060_cov_2.99361	gb_U00096_-_3412802-3413465_ARO:3000656_acrS	99.397	663	4	0	1130	1792	663	1	0.0	1203
NODE_6832_length_4933_cov_2.23104	gb_CP000800.1_-_1191727-1192954_ARO:3001329_mdtG	99.430	1227	7	0	2546	3772	1	1227	0.0	2228
NODE_6879_length_4905_cov_1.98722	gb_U00096_-_2098446-2099613_ARO:3003577_ugd	81.250	80	15	0	3910	3989	983	904	1.63e-10	65.8
NODE_7035_length_4814_cov_2.10443	gb_NC_010378.1_+_47850-51003_ARO:3003923_oqxB	98.840	1207	14	0	3608	4814	3153	1947	0.0	2152
NODE_7064_length_4796_cov_2.36216	gb_NC_000913.3_-_2306971-2308615_ARO:3003952_yojI	98.176	1645	28	2	1862	3505	1644	1	0.0	2870
NODE_7321_length_4662_cov_3.61689	gb_U00096_+_3415032-3418137_ARO:3000502_acrF	90.909	44	4	0	1010	1053	2951	2908	7.19e-09	60.2
NODE_7468_length_4582_cov_2.42876	gb_NC_007779_+_1621287-1621671_ARO:3000263_marA	99.479	384	2	0	47	430	384	1	0.0	699
NODE_7695_length_4470_cov_4.1479	gb_U00096_+_2812615-2814154_ARO:3000074_emrB	96.269	402	15	0	1	402	1138	1539	0.0	660
NODE_7766_length_4434_cov_3.71386	gb_NC_005024_+_42504-43944_ARO:3002597_AAC(6')-Ie-APH(2'')-Ia	82.285	1208	202	11	3	1204	220	1421	0.0	1035
NODE_7800_length_4417_cov_63.1602	gb_M17124_+_1181-1982_ARO:3000498_ErmF	91.343	797	69	0	1688	2484	1	797	0.0	1090
NODE_7800_length_4417_cov_63.1602	gb_AF319779.2_+_32-833_ARO:3000604_Erm(35)	78.901	801	169	0	1688	2488	1	801	1.54e-154	544
NODE_7866_length_4386_cov_11.7795	gb_EU434751_+_658-2578_ARO:3000194_tetW	100.000	177	0	0	4210	4386	1920	1744	1.68e-89	327
NODE_7875_length_4381_cov_2.74156	gb_NC_007779_+_2586250-2589364_ARO:3000491_acrD	99.735	377	1	0	3964	4340	1	377	0.0	691
NODE_8298_length_4205_cov_7.18241	gb_DQ212986_+_7787-9926_ARO:3002972_vanTG	97.644	2122	50	0	598	2719	2139	18	0.0	3642
NODE_8298_length_4205_cov_7.18241	gb_DQ212986_+_5984-7034_ARO:3002909_vanG	79.696	724	143	4	3484	4205	1050	329	2.48e-147	520
NODE_8298_length_4205_cov_7.18241	gb_DQ212986_+_7030-7795_ARO:3003069_vanXYG	77.705	610	120	14	2727	3328	761	160	5.71e-99	359
NODE_8315_length_4198_cov_4.0951	gb_AY928180_+_0-495_ARO:3002837_lnuC	99.192	495	4	0	944	1438	495	1	0.0	893
NODE_8382_length_4168_cov_2.09093	gb_NC_007779_+_2586250-2589364_ARO:3000491_acrD	80.592	304	57	2	3866	4168	3114	2812	3.58e-61	233
NODE_9006_length_3923_cov_2.29654	gb_U00096_+_2158385-2161463_ARO:3000794_mdtC	97.522	2663	66	0	1	2663	2806	144	0.0	4553
NODE_9006_length_3923_cov_2.29654	gb_U00096_+_2158385-2161463_ARO:3000794_mdtC	97.345	113	3	0	2652	2764	113	1	5.72e-49	193
NODE_9006_length_3923_cov_2.29654	gb_U00096_+_2155262-2158385_ARO:3000793_mdtB	97.849	1116	24	0	2765	3880	3123	2008	0.0	1929
NODE_9057_length_3903_cov_2.54288	gb_U00096_+_2812615-2814154_ARO:3000074_emrB	99.328	1191	8	0	2671	3861	1	1191	0.0	2156
NODE_9057_length_3903_cov_2.54288	gb_AP009048_+_2810082-2811255_ARO:3000027_emrA	98.210	1173	20	1	1483	2654	1	1173	0.0	2049
NODE_9057_length_3903_cov_2.54288	gb_NC_000913.3_+_2810769-2811300_ARO:3000516_emrR	100.000	531	0	0	826	1356	1	531	0.0	981
NODE_9211_length_3854_cov_2.47486	gb_U05883_+_555-1458_ARO:3003559_cepA	77.328	816	167	17	411	1217	883	77	3.00e-131	466
NODE_9504_length_3756_cov_2.73818	gb_NC_000913.3_+_3219493-3220873_ARO:3000024_patA	99.493	1380	7	0	1187	2566	1	1380	0.0	2510
NODE_9644_length_3710_cov_2.80629	gb_U00096_+_2155262-2158385_ARO:3000793_mdtB	97.968	1329	27	0	1	1329	1329	1	0.0	2305
NODE_9644_length_3710_cov_2.80629	gb_U00096_+_2154015-2155263_ARO:3000792_mdtA	98.157	1248	23	0	1329	2576	1248	1	0.0	2178
NODE_10358_length_3504_cov_56.5144	gb_AY701528.1_+_9695-10589_ARO:3004191_APH(2'')-If	100.000	588	0	0	1	588	307	894	0.0	1086
NODE_10358_length_3504_cov_56.5144	gb_NC_005024_+_42504-43944_ARO:3002597_AAC(6')-Ie-APH(2'')-Ia	80.749	561	102	6	4	561	871	1428	2.76e-121	433
NODE_10906_length_3366_cov_15.9647	gb_Z21523_+_0-1974_ARO:3000191_tetQ	89.919	1974	195	4	1220	3189	1974	1	0.0	2540
NODE_10934_length_3359_cov_2.54298	gb_LAPJ01000014.1_+_36822-37245_ARO:3004113_FosA7	89.474	114	12	0	2514	2627	423	310	1.39e-34	145
NODE_11559_length_3213_cov_1.80716	gb_AJ011502.1_+_300-1425_ARO:3004122_Klebsiella	99.050	842	8	0	1356	2197	842	1	0.0	1511
NODE_11559_length_3213_cov_1.80716	gb_AJ011502.1_+_300-1425_ARO:3004122_Klebsiella	99.660	294	1	0	1024	1317	1125	832	5.21e-153	538
NODE_11866_length_3144_cov_4.2933	gb_NC_014638.1_-_1610636-1613960_ARO:3003730_Bifidobacteria	96.296	54	2	0	3091	3144	247	300	6.17e-18	89.8
NODE_13133_length_2888_cov_1.89834	gb_AJ252200_+_1278-4401_ARO:3003056_smeE	80.992	121	20	2	1176	1293	1145	1265	4.38e-19	93.5
NODE_13133_length_2888_cov_1.89834	gb_NC_007779_+_2586250-2589364_ARO:3000491_acrD	88.235	68	8	0	1221	1288	1193	1260	9.48e-16	82.4
NODE_13133_length_2888_cov_1.89834	gb_AF173226_+_3767-6917_ARO:3003052_smeB	78.641	103	19	3	1176	1275	1145	1247	9.55e-11	65.8
NODE_13191_length_2877_cov_2.16832	gb_D78168_+_1591-3130_ARO:3000254_emrY	97.466	1539	16	1	181	1696	1539	1	0.0	2604
NODE_13191_length_2877_cov_2.16832	gb_D78168_+_536-1592_ARO:3000206_emrK	98.390	1056	17	0	1696	2751	1056	1	0.0	1857
NODE_13227_length_2870_cov_2.38686	gb_AP009048_+_2165012-2166416_ARO:3000829_baeS	97.792	1404	17	7	1434	2823	1	1404	0.0	2409
NODE_13227_length_2870_cov_2.38686	gb_NC_007779_+_2166412-2167135_ARO:3000828_baeR	100.000	51	0	0	2820	2870	1	51	1.21e-19	95.3
NODE_13438_length_2838_cov_277.439	gb_Z21523_+_0-1974_ARO:3000191_tetQ	97.670	1974	46	0	260	2233	1974	1	0.0	3391
NODE_15032_length_2574_cov_2.8678	gb_NC_000913.3_+_966620-968369_ARO:3003950_msbA	99.034	207	2	0	55	261	207	1	4.47e-103	372
NODE_15113_length_2561_cov_2.19753	gb_EU434751_+_658-2578_ARO:3000194_tetW	96.774	62	0	2	2501	2561	1911	1851	6.45e-22	102
NODE_15751_length_2479_cov_2.52558	gb_NC_002516_+_2810008-2813197_ARO:3000804_MexF	81.974	233	42	0	1745	1977	1268	1036	7.74e-51	198
NODE_15751_length_2479_cov_2.52558	gb_AFRQ01000061.1_-_23986-27124_ARO:3004144_AxyY	76.639	244	55	2	1736	1978	1265	1023	2.21e-31	134
NODE_15751_length_2479_cov_2.52558	gb_NC_010378.1_+_47850-51003_ARO:3003923_oqxB	75.610	205	44	3	1757	1958	1256	1055	2.90e-20	97.1
NODE_16750_length_2363_cov_1.72444	gb_U00096_+_2158385-2161463_ARO:3000794_mdtC	82.910	708	121	0	1638	2345	3051	2344	0.0	638
NODE_17207_length_2307_cov_2.23623	gb_AJ318073.1_+_793-1990_ARO:3004041_Klebsiella	97.828	1197	23	2	1104	2297	1	1197	0.0	2063
NODE_17207_length_2307_cov_2.23623	gb_DQ679966_+_299-1493_ARO:3004042_Enterobacter	80.734	1199	221	9	1104	2297	1	1194	0.0	926
NODE_17207_length_2307_cov_2.23623	gb_NC_000913.3_-_484425-485619_ARO:3004043_Escherichia	79.142	1165	235	8	1104	2264	1	1161	0.0	798
NODE_17760_length_2243_cov_2.22486	gb_NC_002516.2_+_3982020-3984009_ARO:3002985_arnA	80.063	948	172	13	777	1717	944	1881	0.0	688
NODE_19126_length_2111_cov_1.97909	gb_U00096_+_2367070-2368039_ARO:3003578_pmrF	99.286	560	4	0	1552	2111	1	560	0.0	1013
NODE_19141_length_2110_cov_2.24574	gb_U00096_+_2367070-2368039_ARO:3003578_pmrF	99.756	409	1	0	1	409	561	969	0.0	750
NODE_19875_length_2049_cov_2.01304	gb_Z21523_+_0-1974_ARO:3000191_tetQ	97.674	43	1	0	2007	2049	1974	1932	1.12e-13	75.0
NODE_20588_length_1994_cov_3.39505	gb_M80346_+_0-1656_ARO:3002817_carA	100.000	28	0	0	280	307	1502	1475	5.12e-07	52.8
NODE_20723_length_1982_cov_2.06279	gb_Z21523_+_0-1974_ARO:3000191_tetQ	95.161	62	1	1	1	62	920	861	2.32e-20	97.1
NODE_20873_length_1969_cov_2.10815	gb_KU302801_+_102199-102430_ARO:3002831_vgaC	99.134	231	2	0	684	914	231	1	1.55e-116	416
NODE_21381_length_1935_cov_151.996	gb_EU434751_+_658-2578_ARO:3000194_tetW	99.455	1834	10	0	81	1914	1	1834	0.0	3332
NODE_21381_length_1935_cov_151.996	gb_KU736867.1_+_19653-21573_ARO:3004442_tet(W/N/W)	96.216	1850	70	0	81	1930	1	1850	0.0	3029
NODE_21388_length_1934_cov_4.80149	gb_KP050492_+_0-861_ARO:3001392_TEM-215	99.884	861	1	0	648	1508	1	861	0.0	1585
NODE_21388_length_1934_cov_4.80149	gb_AF516720_+_214-1075_ARO:3000968_TEM-105	99.884	861	1	0	648	1508	1	861	0.0	1585
NODE_21388_length_1934_cov_4.80149	gb_AF190694_+_208-1069_ARO:3000942_TEM-76	99.884	861	1	0	648	1508	1	861	0.0	1585
NODE_21388_length_1934_cov_4.80149	gb_KC865667_+_183-1044_ARO:3001385_TEM-208	99.884	861	1	0	648	1508	1	861	0.0	1585
NODE_21388_length_1934_cov_4.80149	gb_AF188199_+_214-1075_ARO:3000936_TEM-70	99.884	861	1	0	648	1508	1	861	0.0	1585
NODE_21388_length_1934_cov_4.80149	gb_AY368236_+_0-861_ARO:3000989_TEM-127	99.884	861	1	0	648	1508	1	861	0.0	1585
NODE_21388_length_1934_cov_4.80149	gb_AJ634602.1_-_7839-8700_ARO:3000999_TEM-135	99.884	861	1	0	648	1508	1	861	0.0	1585
NODE_21388_length_1934_cov_4.80149	gb_DQ075245_+_217-1078_ARO:3001006_TEM-143	99.884	861	1	0	648	1508	1	861	0.0	1585
NODE_21388_length_1934_cov_4.80149	gb_JN227084_+_308-1169_ARO:3001046_TEM-186	99.884	861	1	0	648	1508	1	861	0.0	1585
NODE_21388_length_1934_cov_4.80149	gb_HG934763_+_0-861_ARO:3001394_TEM-217	99.884	861	1	0	648	1508	1	861	0.0	1585
NODE_21388_length_1934_cov_4.80149	gb_AJ437107_+_208-1069_ARO:3000900_TEM-30	99.884	861	1	0	648	1508	1	861	0.0	1585
NODE_21388_length_1934_cov_4.80149	gb_AJ308558_+_181-1042_ARO:3000962_TEM-95	99.884	861	1	0	648	1508	1	861	0.0	1585
NODE_21388_length_1934_cov_4.80149	gb_AY368237_+_0-861_ARO:3000990_TEM-128	99.884	861	1	0	648	1508	1	861	0.0	1585
NODE_21388_length_1934_cov_4.80149	gb_GU371926_-_50304-51165_ARO:3000903_TEM-33	99.884	861	1	0	648	1508	1	861	0.0	1585
NODE_21388_length_1934_cov_4.80149	gb_KP050491_+_0-861_ARO:3001391_TEM-214	99.884	861	1	0	648	1508	1	861	0.0	1585
NODE_21388_length_1934_cov_4.80149	gb_AL513383_+_161910-162771_ARO:3000873_TEM-1	99.884	861	1	0	648	1508	1	861	0.0	1585
NODE_21388_length_1934_cov_4.80149	gb_FJ197316_+_0-861_ARO:3001032_TEM-166	99.884	861	1	0	648	1508	1	861	0.0	1585
NODE_21388_length_1934_cov_4.80149	gb_AM087454_+_208-1069_ARO:3001015_TEM-148	99.884	861	1	0	648	1508	1	861	0.0	1585
NODE_21388_length_1934_cov_4.80149	gb_GU550123_+_144-1005_ARO:3001041_TEM-176	99.884	861	1	0	648	1508	1	861	0.0	1585
NODE_21388_length_1934_cov_4.80149	gb_KC818234_+_0-861_ARO:3001384_TEM-207	99.884	861	1	0	648	1508	1	861	0.0	1585
NODE_21388_length_1934_cov_4.80149	gb_KC783461_+_0-861_ARO:3001383_TEM-206	99.884	861	1	0	648	1508	1	861	0.0	1585
NODE_21388_length_1934_cov_4.80149	gb_AB700703_+_161-1022_ARO:3001057_TEM-198	99.884	861	1	0	648	1508	1	861	0.0	1585
NODE_21388_length_1934_cov_4.80149	gb_KC292503_+_4334-5195_ARO:3000904_TEM-34	99.884	861	1	0	648	1508	1	861	0.0	1585
NODE_21388_length_1934_cov_4.80149	gb_KM998962.1_+_0-861_ARO:3003158_TEM-220	99.768	861	2	0	648	1508	1	861	0.0	1580
NODE_21388_length_1934_cov_4.80149	gb_JQ034306_+_0-861_ARO:3001376_TEM-196	99.768	861	2	0	648	1508	1	861	0.0	1580
NODE_21388_length_1934_cov_4.80149	gb_FJ405211_+_0-861_ARO:3000926_TEM-57	99.768	861	2	0	648	1508	1	861	0.0	1580
NODE_21388_length_1934_cov_4.80149	gb_EU274580_+_214-1075_ARO:3001030_TEM-164	99.768	861	2	0	648	1508	1	861	0.0	1580
NODE_21388_length_1934_cov_4.80149	gb_KF944358_+_0-861_ARO:3001393_TEM-216	99.768	861	2	0	648	1508	1	861	0.0	1580
NODE_21388_length_1934_cov_4.80149	gb_AM849805_+_262-1123_ARO:3000886_TEM-15	99.768	861	2	0	648	1508	1	861	0.0	1580
NODE_21388_length_1934_cov_4.80149	gb_AY956335_+_38-899_ARO:3001004_TEM-141	99.768	861	2	0	648	1508	1	861	0.0	1580
NODE_21388_length_1934_cov_4.80149	gb_AF516719_+_214-1075_ARO:3000967_TEM-104	99.768	861	2	0	648	1508	1	861	0.0	1580
NODE_21388_length_1934_cov_4.80149	gb_AM049399_+_0-861_ARO:3001007_TEM-144	99.768	861	2	0	648	1508	1	861	0.0	1580
NODE_21388_length_1934_cov_4.80149	gb_AF190692_+_208-1069_ARO:3000946_TEM-79	99.768	861	2	0	648	1508	1	861	0.0	1580
NODE_21388_length_1934_cov_4.80149	gb_U37195_+_75-936_ARO:3000898_TEM-28	99.768	861	2	0	648	1508	1	861	0.0	1580
NODE_21388_length_1934_cov_4.80149	gb_KF240808_+_0-861_ARO:3001386_TEM-209	99.768	861	2	0	648	1508	1	861	0.0	1580
NODE_21388_length_1934_cov_4.80149	gb_DQ286729_+_0-861_ARO:3000924_TEM-55	99.768	861	2	0	648	1508	1	861	0.0	1580
NODE_21388_length_1934_cov_4.80149	gb_AF093512_+_197-1058_ARO:3000882_TEM-10	99.768	861	2	0	648	1508	1	861	0.0	1580
NODE_21388_length_1934_cov_4.80149	gb_JX310327_+_0-861_ARO:3001378_TEM-201	99.768	861	2	0	648	1508	1	861	0.0	1580
NODE_21388_length_1934_cov_4.80149	gb_AY101578_+_214-1075_ARO:3000969_TEM-106	99.768	861	2	0	648	1508	1	861	0.0	1580
NODE_21388_length_1934_cov_4.80149	gb_AY307100_+_0-861_ARO:3000984_TEM-122	99.768	861	2	0	648	1508	1	861	0.0	1580
NODE_21388_length_1934_cov_4.80149	gb_AY628199_+_203-1064_ARO:3000988_TEM-126	99.768	861	2	0	648	1508	1	861	0.0	1580
NODE_21388_length_1934_cov_4.80149	gb_DQ279850_+_0-861_ARO:3001014_TEM-147	99.652	861	3	0	648	1508	1	861	0.0	1574
NODE_21388_length_1934_cov_4.80149	gb_FR717535_+_0-861_ARO:3000910_TEM-40	99.652	861	3	0	648	1508	1	861	0.0	1574
NODE_21388_length_1934_cov_4.80149	gb_KM114268_+_0-861_ARO:3003157_TEM-219	99.652	861	3	0	648	1508	1	861	0.0	1574
NODE_21388_length_1934_cov_4.80149	gb_Y17584_+_0-858_ARO:3000899_TEM-29	99.767	858	2	0	648	1505	1	858	0.0	1574
NODE_21388_length_1934_cov_4.80149	gb_EU815939_+_0-861_ARO:3001029_TEM-163	99.652	861	3	0	648	1508	1	861	0.0	1574
NODE_21388_length_1934_cov_4.80149	gb_HQ317449_+_0-861_ARO:3001373_TEM-182	99.652	861	3	0	648	1508	1	861	0.0	1574
NODE_21388_length_1934_cov_4.80149	gb_EF534736_+_213-1074_ARO:3001024_TEM-158	99.652	861	3	0	648	1508	1	861	0.0	1574
NODE_21388_length_1934_cov_4.80149	gb_AY491682_+_0-861_ARO:3000996_TEM-132	99.652	861	3	0	648	1508	1	861	0.0	1574
NODE_21388_length_1934_cov_4.80149	gb_AM183304_+_208-1069_ARO:3001017_TEM-150	99.535	861	4	0	648	1508	1	861	0.0	1568
NODE_21388_length_1934_cov_4.80149	gb_FJ919776_+_208-1069_ARO:3001034_TEM-168	99.535	861	4	0	648	1508	1	861	0.0	1568
NODE_21388_length_1934_cov_4.80149	gb_AF104442_+_193-1054_ARO:3000923_TEM-54	99.535	861	4	0	648	1508	1	861	0.0	1568
NODE_21388_length_1934_cov_4.80149	gb_AM941159_+_208-1069_ARO:3001022_TEM-156	99.535	861	4	0	648	1508	1	861	0.0	1568
NODE_21388_length_1934_cov_4.80149	gb_AF351241_+_89-950_ARO:3000957_TEM-90	99.535	861	4	0	648	1508	1	861	0.0	1568
NODE_21388_length_1934_cov_4.80149	gb_FJ873740_+_0-858_ARO:3001035_TEM-169	99.650	858	3	0	648	1505	1	858	0.0	1568
NODE_21388_length_1934_cov_4.80149	gb_AY092401_+_0-861_ARO:3000963_TEM-96	99.535	861	4	0	648	1508	1	861	0.0	1568
NODE_21388_length_1934_cov_4.80149	gb_AY027590_+_112-973_ARO:3000955_TEM-88	99.535	861	4	0	648	1508	1	861	0.0	1568
NODE_21388_length_1934_cov_4.80149	gb_GQ149347_+_5269-6130_ARO:3001037_TEM-171	99.535	861	4	0	648	1508	1	861	0.0	1568
NODE_21388_length_1934_cov_4.80149	gb_AJ012256_+_208-1069_ARO:3000939_TEM-73	99.535	861	4	0	648	1508	1	861	0.0	1568
NODE_21388_length_1934_cov_4.80149	gb_AY101764_+_206-1067_ARO:3000970_TEM-107	99.535	861	4	0	648	1508	1	861	0.0	1568
NODE_21388_length_1934_cov_4.80149	gb_HQ529916_+_110-971_ARO:3001045_TEM-183	99.535	861	4	0	648	1508	1	861	0.0	1568
NODE_21388_length_1934_cov_4.80149	gb_U95363_+_0-861_ARO:3000912_TEM-43	99.535	861	4	0	648	1508	1	861	0.0	1568
NODE_21388_length_1934_cov_4.80149	gb_AY628175_+_210-1071_ARO:3000972_TEM-109	99.535	861	4	0	648	1508	1	861	0.0	1568
NODE_21388_length_1934_cov_4.80149	gb_JN254627_+_0-861_ARO:3001049_TEM-189	99.419	861	5	0	648	1508	1	861	0.0	1563
NODE_21388_length_1934_cov_4.80149	gb_FJ807656_+_0-861_ARO:3001020_TEM-154	99.419	861	5	0	648	1508	1	861	0.0	1563
NODE_21388_length_1934_cov_4.80149	gb_AF427128_+_208-1069_ARO:3000949_TEM-82	99.419	861	5	0	648	1508	1	861	0.0	1563
NODE_21388_length_1934_cov_4.80149	gb_AF427127_+_208-1069_ARO:3000948_TEM-81	99.419	861	5	0	648	1508	1	861	0.0	1563
NODE_21388_length_1934_cov_4.80149	gb_DQ105529_+_0-861_ARO:3001013_TEM-146	99.419	861	5	0	648	1508	1	861	0.0	1563
NODE_21388_length_1934_cov_4.80149	gb_AY826417_+_0-861_ARO:3001000_TEM-136	99.419	861	5	0	648	1508	1	861	0.0	1563
NODE_21388_length_1934_cov_4.80149	gb_KC149518_+_0-861_ARO:3001369_TEM-153	99.419	861	5	0	648	1508	1	861	0.0	1563
NODE_21388_length_1934_cov_4.80149	gb_X57972_+_339-1200_ARO:3000878_TEM-6	99.419	861	5	0	648	1508	1	861	0.0	1563
NODE_21388_length_1934_cov_4.80149	gb_DQ105528_+_0-861_ARO:3001012_TEM-145	99.419	861	5	0	648	1508	1	861	0.0	1563
NODE_21388_length_1934_cov_4.80149	gb_AY589493_+_166-1027_ARO:3000975_TEM-112	99.419	861	5	0	648	1508	1	861	0.0	1563
NODE_21388_length_1934_cov_4.80149	gb_AB049569_+_0-861_ARO:3000958_TEM-91	99.419	861	5	0	648	1508	1	861	0.0	1563
NODE_21388_length_1934_cov_4.80149	gb_NC_002156_+_1429-2290_ARO:3000979_TEM-116	99.419	861	5	0	648	1508	1	861	0.0	1563
NODE_21388_length_1934_cov_4.80149	gb_M88143_+_367-1228_ARO:3000884_TEM-12	99.303	861	6	0	648	1508	1	861	0.0	1557
NODE_21388_length_1934_cov_4.80149	gb_JX042489_+_141-1002_ARO:3000890_TEM-19	99.303	861	6	0	648	1508	1	861	0.0	1557
NODE_21388_length_1934_cov_4.80149	gb_AF535127_+_208-1069_ARO:3000978_TEM-115	99.303	861	6	0	648	1508	1	861	0.0	1557
NODE_21388_length_1934_cov_4.80149	gb_AF347054_+_208-1069_ARO:3000947_TEM-80	99.303	861	6	0	648	1508	1	861	0.0	1557
NODE_21388_length_1934_cov_4.80149	gb_HQ877606_+_0-861_ARO:3001056_TEM-197	99.303	861	6	0	648	1508	1	861	0.0	1557
NODE_21388_length_1934_cov_4.80149	gb_AJ318093_+_0-861_ARO:3000960_TEM-93	99.303	861	6	0	648	1508	1	861	0.0	1557
NODE_21388_length_1934_cov_4.80149	gb_JF795538_+_0-861_ARO:3001374_TEM-185	99.303	861	6	0	648	1508	1	861	0.0	1557
NODE_21388_length_1934_cov_4.80149	gb_AY243512_+_208-1069_ARO:3000982_TEM-120	99.303	861	6	0	648	1508	1	861	0.0	1557
NODE_21388_length_1934_cov_4.80149	gb_Y13612_+_0-861_ARO:3000921_TEM-52	99.303	861	6	0	648	1508	1	861	0.0	1557
NODE_21388_length_1934_cov_4.80149	gb_AF427130_+_208-1069_ARO:3000951_TEM-84	99.303	861	6	0	648	1508	1	861	0.0	1557
NODE_21388_length_1934_cov_4.80149	gb_X54606_+_214-1075_ARO:3000874_TEM-2	99.303	861	6	0	648	1508	1	861	0.0	1557
NODE_21388_length_1934_cov_4.80149	gb_DQ679961_+_114-975_ARO:3001021_TEM-155	99.303	861	6	0	648	1508	1	861	0.0	1557
NODE_21388_length_1934_cov_4.80149	gb_Y10279_+_0-861_ARO:3000916_TEM-47	99.303	861	6	0	648	1508	1	861	0.0	1557
NODE_21388_length_1934_cov_4.80149	gb_AF104441_+_193-1054_ARO:3000922_TEM-53	99.187	861	7	0	648	1508	1	861	0.0	1552
NODE_21388_length_1934_cov_4.80149	gb_EF136377_+_0-861_ARO:3001026_TEM-160	99.187	861	7	0	648	1508	1	861	0.0	1552
NODE_21388_length_1934_cov_4.80149	gb_DQ909059_+_0-861_ARO:3001023_TEM-157	99.187	861	7	0	648	1508	1	861	0.0	1552
NODE_21388_length_1934_cov_4.80149	gb_X95401_+_208-1069_ARO:3000914_TEM-45	99.187	861	7	0	648	1508	1	861	0.0	1552
NODE_21388_length_1934_cov_4.80149	gb_AJ746225_+_0-861_ARO:3000993_TEM-129	99.187	861	7	0	648	1508	1	861	0.0	1552
NODE_21388_length_1934_cov_4.80149	gb_AJ239002_+_0-861_ARO:3000935_TEM-68	99.187	861	7	0	648	1508	1	861	0.0	1552
NODE_21388_length_1934_cov_4.80149	gb_KF663615_+_0-858_ARO:3001390_TEM-213	99.301	858	6	0	648	1505	1	858	0.0	1552
NODE_21388_length_1934_cov_4.80149	gb_EF136376_+_0-861_ARO:3001025_TEM-159	99.187	861	7	0	648	1508	1	861	0.0	1552
NODE_21388_length_1934_cov_4.80149	gb_AY072920_+_0-861_ARO:3000973_TEM-110	99.187	861	7	0	648	1508	1	861	0.0	1552
NODE_21388_length_1934_cov_4.80149	gb_AY528425_+_0-861_ARO:3000997_TEM-133	99.187	861	7	0	648	1508	1	861	0.0	1552
NODE_21388_length_1934_cov_4.80149	gb_AF203816_+_210-1071_ARO:3000937_TEM-71	99.187	861	7	0	648	1508	1	861	0.0	1552
NODE_21388_length_1934_cov_4.80149	gb_AY874537_+_177-1038_ARO:3000883_TEM-11	99.187	861	7	0	648	1508	1	861	0.0	1552
NODE_21388_length_1934_cov_4.80149	gb_AF506748_+_38-899_ARO:3000971_TEM-108	99.414	853	5	0	656	1508	9	861	0.0	1548
NODE_21388_length_1934_cov_4.80149	gb_X65253_+_175-1036_ARO:3000894_TEM-24	99.071	861	8	0	648	1508	1	861	0.0	1546
NODE_21388_length_1934_cov_4.80149	gb_AF468003_+_0-861_ARO:3000974_TEM-111	99.071	861	8	0	648	1508	1	861	0.0	1546
NODE_21388_length_1934_cov_4.80149	gb_JN416112_+_0-861_ARO:3001050_TEM-190	99.071	861	8	0	648	1508	1	861	0.0	1546
NODE_21388_length_1934_cov_4.80149	gb_X64523.1_-_476-1337_ARO:3000875_TEM-3	99.071	861	8	0	648	1508	1	861	0.0	1546
NODE_21388_length_1934_cov_4.80149	gb_DQ072853_+_0-861_ARO:3001003_TEM-139	99.071	861	8	0	648	1508	1	861	0.0	1546
NODE_21388_length_1934_cov_4.80149	gb_Y17581_+_78-936_ARO:3000891_TEM-20	99.184	858	7	0	648	1505	1	858	0.0	1546
NODE_21388_length_1934_cov_4.80149	gb_AM286274_+_0-861_ARO:3001001_TEM-137	99.071	861	8	0	648	1508	1	861	0.0	1546
NODE_21388_length_1934_cov_4.80149	gb_AF427129_+_208-1069_ARO:3000950_TEM-83	99.071	861	8	0	648	1508	1	861	0.0	1546
NODE_21388_length_1934_cov_4.80149	gb_JN211012_+_213-1074_ARO:3001048_TEM-188	99.071	861	8	0	648	1508	1	861	0.0	1546
NODE_21388_length_1934_cov_4.80149	gb_Y14574_+_0-861_ARO:3000888_TEM-17	99.071	861	8	0	648	1508	1	861	0.0	1546
NODE_21388_length_1934_cov_4.80149	gb_AF091113_+_450-1311_ARO:3000934_TEM-67	99.071	861	8	0	648	1508	1	861	0.0	1546
NODE_21388_length_1934_cov_4.80149	gb_AY853593_+_214-1075_ARO:3001002_TEM-138	99.071	861	8	0	648	1508	1	861	0.0	1546
NODE_21388_length_1934_cov_4.80149	gb_AF190693_+_208-1069_ARO:3000944_TEM-78	99.071	861	8	0	648	1508	1	861	0.0	1546
NODE_21388_length_1934_cov_4.80149	gb_X65254_+_175-1036_ARO:3000887_TEM-16	99.071	861	8	0	648	1508	1	861	0.0	1546
NODE_21388_length_1934_cov_4.80149	gb_AY327540_+_0-858_ARO:3000986_TEM-124	99.071	861	5	1	648	1508	1	858	0.0	1543
NODE_21388_length_1934_cov_4.80149	gb_NG_050265_+_100-961_ARO:3000876_TEM-4	98.955	861	9	0	648	1508	1	861	0.0	1541
NODE_21388_length_1934_cov_4.80149	gb_X65252_+_175-1036_ARO:3000880_TEM-8	98.955	861	9	0	648	1508	1	861	0.0	1541
NODE_21388_length_1934_cov_4.80149	gb_Y10280_+_0-861_ARO:3000917_TEM-48	98.955	861	9	0	648	1508	1	861	0.0	1541
NODE_21388_length_1934_cov_4.80149	gb_FR848831_+_0-861_ARO:3001375_TEM-184	98.955	861	9	0	648	1508	1	861	0.0	1541
NODE_21388_length_1934_cov_4.80149	gb_AJ866988_+_0-861_ARO:3000994_TEM-130	98.955	861	9	0	648	1508	1	861	0.0	1541
NODE_21388_length_1934_cov_4.80149	gb_AJ277414_+_0-861_ARO:3000952_TEM-85	98.955	861	9	0	648	1508	1	861	0.0	1541
NODE_21388_length_1934_cov_4.80149	gb_DQ369751_+_0-861_ARO:3001016_TEM-149	98.955	861	9	0	648	1508	1	861	0.0	1541
NODE_21388_length_1934_cov_4.80149	gb_AY589495_+_181-1042_ARO:3000977_TEM-114	98.955	861	9	0	648	1508	1	861	0.0	1541
NODE_21388_length_1934_cov_4.80149	gb_AY574271_+_0-861_ARO:3000998_TEM-134	98.955	861	9	0	648	1508	1	861	0.0	1541
NODE_21388_length_1934_cov_4.80149	gb_DQ834728_+_205-1066_ARO:3001019_TEM-152	98.955	861	9	0	648	1508	1	861	0.0	1541
NODE_21388_length_1934_cov_4.80149	gb_AF332513_+_103-964_ARO:3000931_TEM-63	98.955	861	9	0	648	1508	1	861	0.0	1541
NODE_21388_length_1934_cov_4.80149	gb_DQ388882_+_0-861_ARO:3001005_TEM-142	98.955	861	9	0	648	1508	1	861	0.0	1541
NODE_21388_length_1934_cov_4.80149	gb_DQ834729_+_205-1066_ARO:3001018_TEM-151	98.955	861	9	0	648	1508	1	861	0.0	1541
NODE_21388_length_1934_cov_4.80149	gb_AF143804_+_0-861_ARO:3000959_TEM-92	98.955	861	9	0	648	1508	1	861	0.0	1541
NODE_21388_length_1934_cov_4.80149	gb_AF157553_+_147-1008_ARO:3000938_TEM-72	98.955	861	9	0	648	1508	1	861	0.0	1541
NODE_21388_length_1934_cov_4.80149	gb_AY436361_+_131-992_ARO:3000995_TEM-131	98.839	861	10	0	648	1508	1	861	0.0	1537
NODE_21388_length_1934_cov_4.80149	gb_FJ360884_+_213-1074_ARO:3001033_TEM-167	98.839	861	10	0	648	1508	1	861	0.0	1535
NODE_21388_length_1934_cov_4.80149	gb_AJ277415_+_0-861_ARO:3000953_TEM-86	98.839	861	10	0	648	1508	1	861	0.0	1535
NODE_21388_length_1934_cov_4.80149	gb_AJ318094_+_0-861_ARO:3000961_TEM-94	98.839	861	10	0	648	1508	1	861	0.0	1535
NODE_21388_length_1934_cov_4.80149	gb_AF495873_+_0-861_ARO:3000964_TEM-101	98.839	861	10	0	648	1508	1	861	0.0	1535
NODE_21388_length_1934_cov_4.80149	gb_Y10281_+_0-861_ARO:3000918_TEM-49	98.839	861	10	0	648	1508	1	861	0.0	1535
NODE_21388_length_1934_cov_4.80149	gb_AY589494_+_193-1054_ARO:3000976_TEM-113	98.839	861	10	0	648	1508	1	861	0.0	1535
NODE_21388_length_1934_cov_4.80149	gb_Y17582_+_0-858_ARO:3000892_TEM-21	98.951	858	9	0	648	1505	1	858	0.0	1535
NODE_21388_length_1934_cov_4.80149	gb_Y17583_+_213-1071_ARO:3000893_TEM-22	98.951	858	9	0	648	1505	1	858	0.0	1535
NODE_21388_length_1934_cov_4.80149	gb_AY271267_+_0-861_ARO:3000983_TEM-121	98.839	861	10	0	648	1508	1	861	0.0	1535
NODE_21388_length_1934_cov_4.80149	gb_AF250872_+_0-861_ARO:3000954_TEM-87	98.839	861	10	0	648	1508	1	861	0.0	1535
NODE_21388_length_1934_cov_4.80149	gb_AY040093_+_68-929_ARO:3000965_TEM-102	98.839	861	10	0	648	1508	1	861	0.0	1535
NODE_21388_length_1934_cov_4.80149	gb_HM246246_+_211-1069_ARO:3001047_TEM-187	98.950	857	9	0	648	1504	1	857	0.0	1533
NODE_21388_length_1934_cov_4.80149	gb_KF513179_+_0-861_ARO:3001388_TEM-211	98.722	861	11	0	648	1508	1	861	0.0	1530
NODE_21388_length_1934_cov_4.80149	gb_FN652295_+_0-861_ARO:3001042_TEM-177	98.722	861	11	0	648	1508	1	861	0.0	1530
NODE_21388_length_1934_cov_4.80149	gb_KC900516_+_0-858_ARO:3001382_TEM-205	98.834	858	10	0	648	1505	1	858	0.0	1530
NODE_21388_length_1934_cov_4.80149	gb_EF468463_+_66-927_ARO:3001028_TEM-162	98.722	861	11	0	648	1508	1	861	0.0	1530
NODE_21388_length_1934_cov_4.80149	gb_JX050178_+_0-852_ARO:3001058_TEM-199	98.944	852	9	0	656	1507	1	852	0.0	1524
NODE_21388_length_1934_cov_4.80149	gb_AY628176_+_75-936_ARO:3000987_TEM-125	98.606	861	12	0	648	1508	1	861	0.0	1524
NODE_21388_length_1934_cov_4.80149	gb_AY327539_+_0-858_ARO:3000985_TEM-123	98.606	861	9	1	648	1508	1	858	0.0	1520
NODE_21388_length_1934_cov_4.80149	gb_JN935137_+_0-861_ARO:3001055_TEM-195	98.374	861	14	0	648	1508	1	861	0.0	1513
NODE_21388_length_1934_cov_4.80149	gb_AF047171_+_135-996_ARO:3000929_TEM-60	98.258	861	15	0	648	1508	1	861	0.0	1507
NODE_21388_length_1934_cov_4.80149	gb_X98047_+_0-844_ARO:3000911_TEM-42	98.814	843	10	0	657	1499	1	843	0.0	1502
NODE_21388_length_1934_cov_4.80149	gb_AF062386_+_30-862_ARO:3000928_TEM-59	99.158	831	7	0	648	1478	1	831	0.0	1496
NODE_21388_length_1934_cov_4.80149	gb_AY039040_+_188-1022_ARO:3000956_TEM-89	98.921	834	9	0	648	1481	1	834	0.0	1491
NODE_21388_length_1934_cov_4.80149	gb_JN935135_+_0-861_ARO:3001053_TEM-193	97.796	862	17	2	648	1508	1	861	0.0	1485
NODE_21388_length_1934_cov_4.80149	gb_JN935136_+_0-861_ARO:3001054_TEM-194	97.329	861	23	0	648	1508	1	861	0.0	1463
NODE_21388_length_1934_cov_4.80149	gb_X97254_+_153-1011_ARO:3001043_TEM-178	97.332	862	18	3	648	1508	1	858	0.0	1459
NODE_21388_length_1934_cov_4.80149	gb_L19940_+_197-1006_ARO:3000896_TEM-26	99.135	809	7	0	648	1456	1	809	0.0	1456
NODE_21388_length_1934_cov_4.80149	gb_AY130285_+_0-785_ARO:3000981_TEM-118	99.236	785	6	0	684	1468	1	785	0.0	1417
NODE_21388_length_1934_cov_4.80149	gb_AF527798.1_+_0-785_ARO:3000879_TEM-7	99.236	785	6	0	684	1468	1	785	0.0	1417
NODE_21388_length_1934_cov_4.80149	gb_AY130284_+_0-785_ARO:3000941_TEM-75	99.108	785	7	0	684	1468	1	785	0.0	1411
NODE_21388_length_1934_cov_4.80149	gb_AY130282_+_0-764_ARO:3000980_TEM-117	99.607	764	3	0	684	1447	1	764	0.0	1395
NODE_21388_length_1934_cov_4.80149	gb_JF949916_+_0-757_ARO:3001051_TEM-191	99.868	756	1	0	678	1433	1	756	0.0	1391
NODE_21388_length_1934_cov_4.80149	gb_JF949915_+_0-754_ARO:3001052_TEM-192	99.867	753	1	0	678	1430	1	753	0.0	1386
NODE_22637_length_1850_cov_2.00334	gb_AJ252200_+_1278-4401_ARO:3003056_smeE	81.212	495	84	8	664	1153	1496	1006	8.86e-109	390
NODE_22637_length_1850_cov_2.00334	gb_NC_007779_+_2586250-2589364_ARO:3000491_acrD	79.669	423	80	6	681	1100	1478	1059	1.54e-81	300
NODE_22637_length_1850_cov_2.00334	gb_NC_000913.3_-_481253-484403_ARO:3000216_acrB	77.101	476	99	10	696	1166	1463	993	1.56e-71	267
NODE_22637_length_1850_cov_2.00334	gb_U00096_+_3660413-3663527_ARO:3000796_mdtF	72.907	454	112	11	679	1127	1480	1033	2.12e-35	147
NODE_22909_length_1832_cov_3.7417	gb_CP004067_+_52914-53709_ARO:3002647_APH(3')-IIIa	100.000	795	0	0	465	1259	795	1	0.0	1469
NODE_22909_length_1832_cov_3.7417	gb_U01945_+_373-916_ARO:3002897_SAT-4	100.000	481	0	0	1352	1832	543	63	0.0	889
NODE_23227_length_1812_cov_2.5202	gb_AY055428.1_-_20268-21084_ARO:3000412_sul2	100.000	816	0	0	84	899	816	1	0.0	1507
NODE_23267_length_1810_cov_3.22507	gb_AM180355_+_600033-601953_ARO:3000186_tetM	97.351	453	12	0	1	453	1468	1920	0.0	771
NODE_23718_length_1783_cov_2.88079	gb_NC_002695.1_-_4903561-4904935_ARO:3000830_cpxA	98.779	1065	13	0	719	1783	1	1065	0.0	1895
NODE_24359_length_1746_cov_24.8758	gb_M35190.1_+_308-932_ARO:3004454_Campylobacter	96.955	624	19	0	566	1189	1	624	0.0	1048
NODE_24359_length_1746_cov_24.8758	gb_X53797_+_133-775_ARO:3002684_catII	94.118	34	2	0	1112	1145	556	589	4.48e-07	52.8
NODE_24855_length_1718_cov_2.31028	gb_U00096_+_3660413-3663527_ARO:3000796_mdtF	76.858	471	107	2	28	497	2605	3074	5.20e-71	265
NODE_24855_length_1718_cov_2.31028	gb_AJ252200_+_1278-4401_ARO:3003056_smeE	70.276	508	132	19	1	500	2590	3086	1.56e-16	84.2
NODE_24855_length_1718_cov_2.31028	gb_NC_002516_+_2810008-2813197_ARO:3000804_MexF	97.222	36	1	0	234	269	2850	2885	7.32e-10	62.1
NODE_25420_length_1687_cov_2.61029	gb_FJ768952_+_0-1488_ARO:3000237_tolC	81.463	820	144	8	830	1645	1	816	0.0	665
NODE_25900_length_1660_cov_2.72025	gb_NC_007779_+_2166412-2167135_ARO:3000828_baeR	98.361	366	6	0	1295	1660	723	358	0.0	643
NODE_25909_length_1660_cov_2.6486	gb_GQ343019_+_132-1023_ARO:3002999_CblA-1	100.000	38	0	0	1	38	507	544	1.17e-12	71.3
NODE_26963_length_1609_cov_3.27992	gb_AF235050.4_+_38028-40140_ARO:3003318_Streptomyces	75.000	368	70	14	785	1141	431	75	1.42e-36	150
NODE_28530_length_1538_cov_1.73028	gb_NC_012469.1_-_1800927-1802391_ARO:3000616_mel	99.310	145	1	0	1394	1538	1464	1320	1.67e-70	263
NODE_30292_length_1467_cov_109.839	gb_AF242872_+_2131-2878_ARO:3000375_ErmB	100.000	52	0	0	1416	1467	1	52	1.71e-20	97.1
NODE_31407_length_1424_cov_1.63477	gb_NC_007907.1_-_4201992-4202691_ARO:3003728_vanRI	78.358	134	25	4	1200	1331	223	354	1.29e-16	84.2
NODE_31691_length_1414_cov_12.482	gb_NC_005024_+_42504-43944_ARO:3002597_AAC(6')-Ie-APH(2'')-Ia	90.511	137	12	1	1	136	139	3	1.59e-45	180
NODE_31787_length_1411_cov_2.38717	gb_AP009048.1_-_4153663-4154296_ARO:3000518_CRP	89.695	262	27	0	1	262	262	1	3.20e-92	335
NODE_32304_length_1392_cov_66.8833	gb_JQ740052_+_2108-3329_ARO:3000567_tet(40)	99.672	1221	4	0	161	1381	1221	1	0.0	2233
NODE_32654_length_1380_cov_2.61585	gb_JQ740052_+_2108-3329_ARO:3000567_tet(40)	100.000	46	0	0	1	46	52	7	3.48e-17	86.1
NODE_34535_length_1320_cov_3.08775	gb_M80346_+_0-1656_ARO:3002817_carA	94.872	39	2	0	544	582	1502	1464	5.60e-10	62.1
NODE_35200_length_1299_cov_2.99437	gb_U00096_+_3415032-3418137_ARO:3000502_acrF	100.000	36	0	0	1264	1299	2840	2875	1.18e-11	67.6
NODE_35563_length_1289_cov_40.9295	gb_AJ295238.3_+_163-2083_ARO:3000196_tet32	78.875	800	151	17	1	791	1121	1911	1.61e-149	525
NODE_37163_length_1241_cov_1.93002	gb_NC_002695.1_-_4903561-4904935_ARO:3000830_cpxA	82.230	1103	194	2	1	1102	263	1364	0.0	950
NODE_37420_length_1235_cov_1.34831	gb_JQ394987_+_0-1233_ARO:3001328_Escherichia	78.467	613	128	4	102	712	611	1	3.51e-111	398
NODE_39044_length_1193_cov_2.3225	gb_HM990671_+_5192-6671_ARO:3003112_lsaC	92.500	1080	81	0	1	1080	400	1479	0.0	1546
NODE_40646_length_1154_cov_1.69063	gb_NC_000913.3_-_481253-484403_ARO:3000216_acrB	100.000	35	0	0	1120	1154	2567	2533	3.78e-11	65.8
NODE_40672_length_1153_cov_2.31512	gb_M57437_+_0-1647_ARO:3002827_tlrC	100.000	28	0	0	897	924	1499	1472	2.94e-07	52.8
NODE_41948_length_1124_cov_4.04958	gb_Z21523_+_0-1974_ARO:3000191_tetQ	100.000	54	0	0	1071	1124	947	894	1.01e-21	100
NODE_42752_length_1106_cov_46.4434	gb_AF242872_+_2131-2878_ARO:3000375_ErmB	100.000	50	0	0	1	50	50	1	1.66e-19	93.5
NODE_43385_length_1092_cov_3.38862	gb_AP009048.1_-_4306556-4307588_ARO:3003548_mdtN	100.000	43	0	0	21	63	289	247	1.28e-15	80.5
NODE_43712_length_1085_cov_37.3641	gb_JN086160_-_1582-2407_ARO:3001777_OXA-347	100.000	825	0	0	71	895	1	825	0.0	1524
NODE_43712_length_1085_cov_37.3641	gb_JF268688.1_-_5407-6232_ARO:3001809_OXA-209	83.924	734	106	12	168	895	98	825	0.0	691
NODE_44165_length_1076_cov_1.96376	gb_NC_014638.1_-_1610636-1613960_ARO:3003730_Bifidobacteria	80.877	1072	200	3	9	1076	3211	2141	0.0	839
NODE_44516_length_1069_cov_2.26233	gb_AF235050.4_+_38028-40140_ARO:3003318_Streptomyces	80.108	372	69	5	61	430	453	85	1.92e-73	272
NODE_45479_length_1050_cov_2.24724	gb_NC_000913.3_-_481253-484403_ARO:3000216_acrB	83.828	1045	164	4	1	1041	1059	2102	0.0	989
NODE_45479_length_1050_cov_2.24724	gb_AB015853_+_1330-4471_ARO:3003033_mexY	77.744	328	65	8	2	325	1057	1380	4.19e-50	195
NODE_45896_length_1042_cov_2.03749	gb_NC_014638.1_-_1610636-1613960_ARO:3003730_Bifidobacteria	87.207	938	115	3	22	955	937	1	0.0	1062
NODE_46687_length_1027_cov_2.58333	gb_X74948_+_0-492_ARO:3002688_catS	97.352	491	13	0	176	666	1	491	0.0	835
NODE_46687_length_1027_cov_2.58333	gb_AF226276.1_+_3583-4207_ARO:3002682_catD	82.907	626	103	3	116	739	1	624	3.51e-160	560
NODE_46687_length_1027_cov_2.58333	gb_U15027_+_0-624_ARO:3002686_catP	82.907	626	103	3	116	739	1	624	3.51e-160	560
NODE_47466_length_1014_cov_1.53389	gb_Z21523_+_0-1974_ARO:3000191_tetQ	98.148	54	1	0	961	1014	247	194	4.22e-20	95.3
NODE_49273_length_983_cov_31.0636	gb_AJ295238.3_+_163-2083_ARO:3000196_tet32	97.945	973	19	1	12	983	203	1175	0.0	1685
NODE_49320_length_982_cov_4.72384	gb_NC_000913.3_-_481253-484403_ARO:3000216_acrB	100.000	29	0	0	1	29	288	316	6.93e-08	54.7
NODE_50046_length_970_cov_7.1071	gb_DQ212986_+_5137-5983_ARO:3002965_vanWG	84.497	587	89	2	385	970	846	261	9.14e-166	579
NODE_50046_length_970_cov_7.1071	gb_DQ212986_+_5984-7034_ARO:3002909_vanG	80.940	383	73	0	1	383	383	1	6.16e-83	303
NODE_50122_length_968_cov_1.66156	gb_NC_000913.3_-_481253-484403_ARO:3000216_acrB	79.861	144	29	0	46	189	1124	981	1.86e-23	106
NODE_51098_length_953_cov_1.69822	gb_AF535128_+_0-861_ARO:3001098_SHV-40	99.716	703	2	0	246	948	1	703	0.0	1288
NODE_51098_length_953_cov_1.69822	gb_LN515533_+_0-867_ARO:3003154_SHV-187	99.436	709	4	0	240	948	1	709	0.0	1288
NODE_51098_length_953_cov_1.69822	gb_KF705209_+_0-861_ARO:3001361_SHV-178	99.573	703	3	0	246	948	1	703	0.0	1282
NODE_51098_length_953_cov_1.69822	gb_JQ926986_+_0-861_ARO:3001345_SHV-144	99.573	703	3	0	246	948	1	703	0.0	1282
NODE_51098_length_953_cov_1.69822	gb_JX121122_+_0-858_ARO:3001194_SHV-155	99.573	703	3	0	246	948	1	703	0.0	1282
NODE_51098_length_953_cov_1.69822	gb_DQ322460_+_15-876_ARO:3001139_SHV-85	99.573	703	3	0	246	948	1	703	0.0	1282
NODE_51098_length_953_cov_1.69822	gb_AM176555_+_0-861_ARO:3001134_SHV-80	99.573	703	3	0	246	948	1	703	0.0	1282
NODE_51098_length_953_cov_1.69822	gb_EU032604_+_0-861_ARO:3001152_SHV-103	99.573	703	3	0	246	948	1	703	0.0	1282
NODE_51098_length_953_cov_1.69822	gb_JX121117_+_0-858_ARO:3001189_SHV-150	99.573	703	3	0	246	948	1	703	0.0	1282
NODE_51098_length_953_cov_1.69822	gb_KF513177_+_0-861_ARO:3001356_SHV-172	99.573	703	3	0	246	948	1	703	0.0	1282
NODE_51098_length_953_cov_1.69822	gb_HM751100_+_0-861_ARO:3001157_SHV-108	99.573	703	3	0	246	948	1	703	0.0	1282
NODE_51098_length_953_cov_1.69822	gb_AF467947_+_0-861_ARO:3001094_SHV-36	99.573	703	3	0	246	948	1	703	0.0	1282
NODE_51098_length_953_cov_1.69822	gb_AY070258_+_0-861_ARO:3001093_SHV-35	99.573	703	3	0	246	948	1	703	0.0	1282
NODE_51098_length_953_cov_1.69822	gb_DQ193536_+_0-861_ARO:3001141_SHV-89	99.573	703	3	0	246	948	1	703	0.0	1282
NODE_51098_length_953_cov_1.69822	gb_EU586041_+_0-861_ARO:3001112_SHV-56	99.573	703	3	0	246	948	1	703	0.0	1282
NODE_51098_length_953_cov_1.69822	gb_AM176554_+_30-891_ARO:3001133_SHV-79	99.573	703	3	0	246	948	1	703	0.0	1282
NODE_51098_length_953_cov_1.69822	gb_AY277255_+_66-927_ARO:3001089_SHV-31	99.573	702	3	0	246	947	1	702	0.0	1280
NODE_51098_length_953_cov_1.69822	gb_AM176558_+_0-861_ARO:3001137_SHV-83	99.572	701	3	0	248	948	3	703	0.0	1279
NODE_51098_length_953_cov_1.69822	gb_AM941844_+_0-861_ARO:3001336_SHV-98	99.431	703	4	0	246	948	1	703	0.0	1277
NODE_51098_length_953_cov_1.69822	gb_JX121115_+_0-858_ARO:3001187_SHV-148	99.431	703	4	0	246	948	1	703	0.0	1277
NODE_51098_length_953_cov_1.69822	gb_AB372881_+_8-869_ARO:3001160_SHV-111	99.431	703	4	0	246	948	1	703	0.0	1277
NODE_51098_length_953_cov_1.69822	gb_DQ013287_+_0-861_ARO:3001124_SHV-70	99.431	703	4	0	246	948	1	703	0.0	1277
NODE_51098_length_953_cov_1.69822	gb_HQ877615_+_0-861_ARO:3001159_SHV-110	99.431	703	4	0	246	948	1	703	0.0	1277
NODE_51098_length_953_cov_1.69822	gb_AF164577_+_0-861_ARO:3001072_SHV-13	99.571	700	3	0	246	945	1	700	0.0	1277
NODE_51098_length_953_cov_1.69822	gb_AB302939_+_8-869_ARO:3001115_SHV-60	99.431	703	4	0	246	948	1	703	0.0	1277
NODE_51098_length_953_cov_1.69822	gb_EF373970_+_0-861_ARO:3001146_SHV-94	99.431	703	4	0	246	948	1	703	0.0	1277
NODE_51098_length_953_cov_1.69822	gb_AM176556_+_25-886_ARO:3001135_SHV-81	99.431	703	4	0	246	948	1	703	0.0	1277
NODE_51098_length_953_cov_1.69822	gb_FJ668814_+_76-937_ARO:3001059_SHV-1	99.431	703	4	0	246	948	1	703	0.0	1277
NODE_51098_length_953_cov_1.69822	gb_AM176552_+_30-891_ARO:3001131_SHV-77	99.431	703	4	0	246	948	1	703	0.0	1277
NODE_51098_length_953_cov_1.69822	gb_EF373971_+_0-861_ARO:3001148_SHV-96	99.431	703	4	0	246	948	1	703	0.0	1277
NODE_51098_length_953_cov_1.69822	gb_JX268631_+_0-861_ARO:3001091_SHV-33	99.431	703	4	0	246	948	1	703	0.0	1277
NODE_51098_length_953_cov_1.69822	gb_JX121124_+_0-861_ARO:3001196_SHV-157	99.431	703	4	0	246	948	1	703	0.0	1277
NODE_51098_length_953_cov_1.69822	gb_AJ866285_+_0-861_ARO:3001117_SHV-62	99.431	703	4	0	246	948	1	703	0.0	1277
NODE_51098_length_953_cov_1.69822	gb_JQ029959_+_28-889_ARO:3001184_SHV-142	99.431	703	4	0	246	948	1	703	0.0	1277
NODE_51098_length_953_cov_1.69822	gb_X98101_+_73-934_ARO:3001070_SHV-11	99.431	703	4	0	246	948	1	703	0.0	1277
NODE_51098_length_953_cov_1.69822	gb_AM176557_+_0-861_ARO:3001136_SHV-82	99.431	703	4	0	246	948	1	703	0.0	1277
NODE_51098_length_953_cov_1.69822	gb_KM233164_+_0-861_ARO:3003152_SHV-185	99.431	703	4	0	246	948	1	703	0.0	1277
NODE_51098_length_953_cov_1.69822	gb_AY079099_+_148-1009_ARO:3001096_SHV-38	99.431	703	4	0	246	948	1	703	0.0	1277
NODE_51098_length_953_cov_1.69822	gb_DQ174308_+_4-865_ARO:3001123_SHV-69	99.431	703	4	0	246	948	1	703	0.0	1277
NODE_51098_length_953_cov_1.69822	gb_AJ866284_+_0-861_ARO:3001116_SHV-61	99.431	703	4	0	246	948	1	703	0.0	1277
NODE_51098_length_953_cov_1.69822	gb_GU827715_+_0-861_ARO:3001176_SHV-129	99.571	699	3	0	246	944	1	699	0.0	1275
NODE_51098_length_953_cov_1.69822	gb_AJ920369_+_23-860_ARO:3001071_SHV-12	99.571	699	3	0	246	944	1	699	0.0	1275
NODE_51098_length_953_cov_1.69822	gb_KF705208_+_0-861_ARO:3001362_SHV-179	99.289	703	5	0	246	948	1	703	0.0	1271
NODE_51098_length_953_cov_1.69822	gb_JX121130_+_0-858_ARO:3001202_SHV-163	99.289	703	5	0	246	948	1	703	0.0	1271
NODE_51098_length_953_cov_1.69822	gb_JX013655_+_0-861_ARO:3001185_SHV-145	99.289	703	5	0	246	948	1	703	0.0	1271
NODE_51098_length_953_cov_1.69822	gb_AF301532_+_7-868_ARO:3001087_SHV-29	99.429	700	4	0	246	945	1	700	0.0	1271
NODE_51098_length_953_cov_1.69822	gb_AF293345_+_0-861_ARO:3001085_SHV-27	99.289	703	5	0	246	948	1	703	0.0	1271
NODE_51098_length_953_cov_1.69822	gb_JX121126_+_0-858_ARO:3001198_SHV-159	99.289	703	5	0	246	948	1	703	0.0	1271
NODE_51098_length_953_cov_1.69822	gb_JX121118_+_0-858_ARO:3001190_SHV-151	99.289	703	5	0	246	948	1	703	0.0	1271
NODE_51098_length_953_cov_1.69822	gb_AM941848_+_0-861_ARO:3001156_SHV-107	99.289	703	5	0	246	948	1	703	0.0	1271
NODE_51098_length_953_cov_1.69822	gb_AM941845_+_0-861_ARO:3001337_SHV-99	99.289	703	5	0	246	948	1	703	0.0	1271
NODE_51098_length_953_cov_1.69822	gb_HQ637576_+_0-861_ARO:3001179_SHV-135	99.289	703	5	0	246	948	1	703	0.0	1271
NODE_51098_length_953_cov_1.69822	gb_EU342351_+_172-1033_ARO:3001118_SHV-63	99.289	703	5	0	246	948	1	703	0.0	1271
NODE_51098_length_953_cov_1.69822	gb_AF227204_+_73-934_ARO:3001084_SHV-26	99.289	703	5	0	246	948	1	703	0.0	1271
NODE_51098_length_953_cov_1.69822	gb_JX121114_+_0-858_ARO:3001186_SHV-147	99.289	703	5	0	246	948	1	703	0.0	1271
NODE_51098_length_953_cov_1.69822	gb_KF513178_+_0-861_ARO:3001357_SHV-173	99.289	703	5	0	246	948	1	703	0.0	1271
NODE_51098_length_953_cov_1.69822	gb_EU418913_+_16-877_ARO:3001158_SHV-109	99.289	703	5	0	246	948	1	703	0.0	1271
NODE_51098_length_953_cov_1.69822	gb_JX121125_+_0-858_ARO:3001197_SHV-158	99.289	703	5	0	246	948	1	703	0.0	1271
NODE_51098_length_953_cov_1.69822	gb_AM176546_+_0-861_ARO:3001125_SHV-71	99.289	703	5	0	246	948	1	703	0.0	1271
NODE_51098_length_953_cov_1.69822	gb_AM176549_+_30-891_ARO:3001128_SHV-74	99.289	703	5	0	246	948	1	703	0.0	1271
NODE_51098_length_953_cov_1.69822	gb_AF208796_+_0-861_ARO:3001083_SHV-25	99.289	703	5	0	246	948	1	703	0.0	1271
NODE_51098_length_953_cov_1.69822	gb_KM233165_+_0-861_ARO:3003153_SHV-186	99.289	703	5	0	246	948	1	703	0.0	1271
NODE_51098_length_953_cov_1.69822	gb_JX121128_+_0-861_ARO:3001200_SHV-161	99.289	703	5	0	246	948	1	703	0.0	1271
NODE_51098_length_953_cov_1.69822	gb_JQ388884_+_0-861_ARO:3001183_SHV-141	99.289	703	5	0	246	948	1	703	0.0	1271
NODE_51098_length_953_cov_1.69822	gb_AF226622_+_54-915_ARO:3001073_SHV-14	99.289	703	5	0	246	948	1	703	0.0	1271
NODE_51098_length_953_cov_1.69822	gb_AM176550_+_30-891_ARO:3001129_SHV-75	99.289	703	5	0	246	948	1	703	0.0	1271
NODE_51098_length_953_cov_1.69822	gb_AB551737_+_14-875_ARO:3001177_SHV-133	99.289	703	5	0	246	948	1	703	0.0	1271
NODE_51098_length_953_cov_1.69822	gb_DQ174307_+_4-865_ARO:3001122_SHV-67	99.289	703	5	0	246	948	1	703	0.0	1271
NODE_51098_length_953_cov_1.69822	gb_AM176553_+_30-891_ARO:3001132_SHV-78	99.289	703	5	0	246	948	1	703	0.0	1271
NODE_51098_length_953_cov_1.69822	gb_EU155018_+_0-861_ARO:3001150_SHV-101	99.289	703	5	0	246	948	1	703	0.0	1271
NODE_51098_length_953_cov_1.69822	gb_DQ836922_+_0-861_ARO:3001144_SHV-92	99.289	703	5	0	246	948	1	703	0.0	1271
NODE_51098_length_953_cov_1.69822	gb_KP050489_+_0-861_ARO:3001364_SHV-182	99.289	703	5	0	246	948	1	703	0.0	1271
NODE_51098_length_953_cov_1.69822	gb_KP050494_+_0-861_ARO:3003156_SHV-189	99.288	702	5	0	246	947	1	702	0.0	1269
NODE_51098_length_953_cov_1.69822	gb_JX121127_+_0-861_ARO:3001199_SHV-160	99.428	699	4	0	246	944	1	699	0.0	1269
NODE_51098_length_953_cov_1.69822	gb_JF812965_+_0-861_ARO:3001167_SHV-120	99.288	702	5	0	246	947	1	702	0.0	1269
NODE_51098_length_953_cov_1.69822	gb_DQ328802_+_0-861_ARO:3001140_SHV-86	99.428	699	4	0	246	944	1	699	0.0	1269
NODE_51098_length_953_cov_1.69822	gb_GQ390805_+_0-813_ARO:3001170_SHV-123	99.428	699	4	0	246	944	1	699	0.0	1269
NODE_51098_length_953_cov_1.69822	gb_EU274581_+_0-861_ARO:3001153_SHV-104	99.288	702	5	0	247	948	2	703	0.0	1269
NODE_51098_length_953_cov_1.69822	gb_GQ390808_+_0-813_ARO:3001173_SHV-126	99.288	702	5	0	246	947	1	702	0.0	1269
NODE_51098_length_953_cov_1.69822	gb_HM559945_+_0-861_ARO:3001178_SHV-134	99.428	699	4	0	246	944	1	699	0.0	1269
NODE_51098_length_953_cov_1.69822	gb_DQ174306_+_4-865_ARO:3001121_SHV-66	99.428	699	4	0	246	944	1	699	0.0	1269
NODE_51098_length_953_cov_1.69822	gb_EF373973_+_0-861_ARO:3001149_SHV-97	99.288	702	5	0	246	947	1	702	0.0	1269
NODE_51098_length_953_cov_1.69822	gb_JN051143_+_0-861_ARO:3001182_SHV-140	99.287	701	5	0	248	948	3	703	0.0	1267
NODE_51098_length_953_cov_1.69822	gb_HM751103.1_+_0-864_ARO:3001169_SHV-122	99.150	706	3	3	246	948	1	706	0.0	1267
NODE_51098_length_953_cov_1.69822	gb_AY259119_+_116-977_ARO:3001102_SHV-44	99.147	703	6	0	246	948	1	703	0.0	1266
NODE_51098_length_953_cov_1.69822	gb_AY288915_+_0-861_ARO:3001107_SHV-50	99.147	703	6	0	246	948	1	703	0.0	1266
NODE_51098_length_953_cov_1.69822	gb_GQ390809_+_0-813_ARO:3001174_SHV-127	99.147	703	6	0	246	948	1	703	0.0	1266
NODE_51098_length_953_cov_1.69822	gb_AM087453_+_25-856_ARO:3001138_SHV-84	99.147	703	6	0	246	948	1	703	0.0	1266
NODE_51098_length_953_cov_1.69822	gb_X98102_+_73-934_ARO:3001061_SHV-2A	99.147	703	6	0	246	948	1	703	0.0	1266
NODE_51098_length_953_cov_1.69822	gb_JQ341060.1_-_881-1742_ARO:3001344_SHV-143	99.147	703	6	0	246	948	1	703	0.0	1266
NODE_51098_length_953_cov_1.69822	gb_AY289548_+_0-861_ARO:3001108_SHV-51	99.147	703	6	0	246	948	1	703	0.0	1266
NODE_51098_length_953_cov_1.69822	gb_AY263404_+_0-861_ARO:3001105_SHV-48	99.147	703	6	0	246	948	1	703	0.0	1266
NODE_51098_length_953_cov_1.69822	gb_AB733453_+_3-849_ARO:3001204_SHV-167	99.147	703	6	0	246	948	1	703	0.0	1266
NODE_51098_length_953_cov_1.69822	gb_DQ174305_+_4-865_ARO:3001120_SHV-65	99.147	703	6	0	246	948	1	703	0.0	1266
NODE_51098_length_953_cov_1.69822	gb_KJ776406_+_16-877_ARO:3001340_SHV-119	99.147	703	6	0	246	948	1	703	0.0	1266
NODE_51098_length_953_cov_1.69822	gb_JX870080_+_0-861_ARO:3001352_SHV-168	99.147	703	6	0	246	948	1	703	0.0	1266
NODE_51098_length_953_cov_1.69822	gb_AY790341_+_0-861_ARO:3001114_SHV-59	99.147	703	6	0	246	948	1	703	0.0	1266
NODE_51098_length_953_cov_1.69822	gb_AF148851_+_5-866_ARO:3001060_SHV-2	99.147	703	6	0	246	948	1	703	0.0	1266
NODE_51098_length_953_cov_1.69822	gb_AM176551_+_30-891_ARO:3001130_SHV-76	99.147	703	6	0	246	948	1	703	0.0	1266
NODE_51098_length_953_cov_1.69822	gb_EF373969_+_0-861_ARO:3001145_SHV-93	99.147	703	6	0	246	948	1	703	0.0	1266
NODE_51098_length_953_cov_1.69822	gb_AY223863_+_170-1031_ARO:3001113_SHV-57	99.147	703	6	0	246	948	1	703	0.0	1266
NODE_51098_length_953_cov_1.69822	gb_EU024485_+_0-861_ARO:3001151_SHV-102	99.286	700	5	0	246	945	1	700	0.0	1266
NODE_51098_length_953_cov_1.69822	gb_AM176547_+_30-891_ARO:3001126_SHV-72	99.147	703	6	0	246	948	1	703	0.0	1266
NODE_51098_length_953_cov_1.69822	gb_AY661885_+_48-909_ARO:3001088_SHV-30	99.147	703	6	0	246	948	1	703	0.0	1266
NODE_51098_length_953_cov_1.69822	gb_JX121120_+_0-858_ARO:3001192_SHV-153	99.147	703	6	0	246	948	1	703	0.0	1266
NODE_51098_length_953_cov_1.69822	gb_JX121123_+_0-861_ARO:3001195_SHV-156	99.147	703	6	0	246	948	1	703	0.0	1266
NODE_51098_length_953_cov_1.69822	gb_AY528718_+_413-1274_ARO:3001106_SHV-49	99.147	703	6	0	246	948	1	703	0.0	1266
NODE_51098_length_953_cov_1.69822	gb_U92041_+_0-861_ARO:3001067_SHV-8	99.147	703	6	0	246	948	1	703	0.0	1266
NODE_51098_length_953_cov_1.69822	gb_AY037778_+_91-952_ARO:3001090_SHV-32	99.147	703	6	0	246	948	1	703	0.0	1266
NODE_51098_length_953_cov_1.69822	gb_KP050487.1_+_0-861_ARO:3001350_SHV-180	99.147	703	6	0	246	948	1	703	0.0	1266
NODE_51098_length_953_cov_1.69822	gb_HE981194_+_0-861_ARO:3001347_SHV-164	99.147	703	6	0	246	948	1	703	0.0	1266
NODE_51098_length_953_cov_1.69822	gb_HQ661363_+_71-932_ARO:3001181_SHV-137	99.147	703	6	0	246	948	1	703	0.0	1266
NODE_51098_length_953_cov_1.69822	gb_HQ661362_+_71-932_ARO:3001168_SHV-121	99.147	703	6	0	246	948	1	703	0.0	1266
NODE_51098_length_953_cov_1.69822	gb_AF132290_+_87-948_ARO:3001076_SHV-18	99.286	700	5	0	246	945	1	700	0.0	1266
NODE_51098_length_953_cov_1.69822	gb_AF535129_+_0-861_ARO:3001099_SHV-41	99.147	703	6	0	246	948	1	703	0.0	1266
NODE_51098_length_953_cov_1.69822	gb_AB023477_+_0-861_ARO:3001082_SHV-24	99.147	703	6	0	246	948	1	703	0.0	1266
NODE_51098_length_953_cov_1.69822	gb_HQ845196_+_0-861_ARO:3001109_SHV-52	99.147	703	6	0	246	948	1	703	0.0	1266
NODE_51098_length_953_cov_1.69822	gb_U20270_+_124-985_ARO:3001066_SHV-7	99.285	699	5	0	246	944	1	699	0.0	1264
NODE_51098_length_953_cov_1.69822	gb_X55640_+_111-972_ARO:3001064_SHV-5	99.285	699	5	0	246	944	1	699	0.0	1264
NODE_51098_length_953_cov_1.69822	gb_JX121121_+_0-858_ARO:3001193_SHV-154	99.285	699	5	0	246	944	1	699	0.0	1264
NODE_51098_length_953_cov_1.69822	gb_AF547625_+_0-861_ARO:3001103_SHV-45	99.285	699	5	0	246	944	1	699	0.0	1264
NODE_51098_length_953_cov_1.69822	gb_AJ011428_+_0-861_ARO:3001074_SHV-15	99.285	699	5	0	246	944	1	699	0.0	1264
NODE_51098_length_953_cov_1.69822	gb_GU932590_+_0-861_ARO:3001175_SHV-128	99.285	699	5	0	246	944	1	699	0.0	1264
NODE_51098_length_953_cov_1.69822	gb_DQ174304_+_4-865_ARO:3001119_SHV-64	99.285	699	5	0	246	944	1	699	0.0	1264
NODE_51098_length_953_cov_1.69822	gb_NG_050068_+_100-961_ARO:3001062_SHV-3	99.004	703	7	0	246	948	1	703	0.0	1260
NODE_51098_length_953_cov_1.69822	gb_HG934764_+_0-864_ARO:3001351_SHV-183	99.145	702	3	1	246	944	1	702	0.0	1260
NODE_51098_length_953_cov_1.69822	gb_AF299299_+_0-861_ARO:3001086_SHV-28	99.004	703	7	0	246	948	1	703	0.0	1260
NODE_51098_length_953_cov_1.69822	gb_EF373972_+_0-861_ARO:3001147_SHV-95	99.004	703	7	0	246	948	1	703	0.0	1260
NODE_51098_length_953_cov_1.69822	gb_GQ390807_+_0-813_ARO:3001172_SHV-125	99.004	703	7	0	246	948	1	703	0.0	1260
NODE_51098_length_953_cov_1.69822	gb_AY036620_+_88-949_ARO:3001092_SHV-34	99.004	703	7	0	246	948	1	703	0.0	1260
NODE_51098_length_953_cov_1.69822	gb_JX121116_+_0-858_ARO:3001188_SHV-149	99.004	703	7	0	246	948	1	703	0.0	1260
NODE_51098_length_953_cov_1.69822	gb_AF467948_+_0-861_ARO:3001095_SHV-37	99.004	703	7	0	246	948	1	703	0.0	1260
NODE_51098_length_953_cov_1.69822	gb_LN515534_+_0-873_ARO:3003155_SHV-188	98.601	715	4	1	240	948	1	715	0.0	1260
NODE_51098_length_953_cov_1.69822	gb_JX121129_+_0-858_ARO:3001201_SHV-162	99.004	703	7	0	246	948	1	703	0.0	1260
NODE_51098_length_953_cov_1.69822	gb_JX121119_+_0-858_ARO:3001191_SHV-152	99.004	703	7	0	246	948	1	703	0.0	1260
NODE_51098_length_953_cov_1.69822	gb_AF535130_+_0-861_ARO:3001100_SHV-42	99.004	703	7	0	246	948	1	703	0.0	1260
NODE_51098_length_953_cov_1.69822	gb_JX121131_+_0-858_ARO:3001203_SHV-165	99.142	699	6	0	246	944	1	699	0.0	1258
NODE_51098_length_953_cov_1.69822	gb_GQ390806_+_0-813_ARO:3001171_SHV-124	99.142	699	6	0	246	944	1	699	0.0	1258
NODE_51098_length_953_cov_1.69822	gb_AY210887_+_111-972_ARO:3001104_SHV-46	99.142	699	6	0	246	944	1	699	0.0	1258
NODE_51098_length_953_cov_1.69822	gb_FJ194944_+_46-907_ARO:3001154_SHV-105	99.142	699	6	0	246	944	1	699	0.0	1258
NODE_51098_length_953_cov_1.69822	gb_AM941847_+_0-861_ARO:3001155_SHV-106	98.862	703	8	0	246	948	1	703	0.0	1254
NODE_51098_length_953_cov_1.69822	gb_AJ863560_+_0-861_ARO:3001111_SHV-55	98.999	699	7	0	246	944	1	699	0.0	1253
NODE_51098_length_953_cov_1.69822	gb_AM176548_+_16-874_ARO:3001127_SHV-73	99.137	695	6	0	254	948	6	700	0.0	1251
NODE_51098_length_953_cov_1.69822	gb_AY065991_+_6-867_ARO:3001101_SHV-43	98.720	703	9	0	246	948	1	703	0.0	1249
NODE_51098_length_953_cov_1.69822	gb_AY590467_+_0-729_ARO:3001110_SHV-53	99.414	683	4	0	266	948	1	683	0.0	1240
NODE_51098_length_953_cov_1.69822	gb_AF117743_+_0-780_ARO:3001077_SHV-19	99.108	673	6	0	276	948	1	673	0.0	1210
NODE_51098_length_953_cov_1.69822	gb_S82452_+_120-978_ARO:3001068_SHV-9	97.997	699	11	1	246	944	1	696	0.0	1210
NODE_51098_length_953_cov_1.69822	gb_Y11069_+_0-780_ARO:3001065_SHV-6	99.108	673	6	0	276	948	1	673	0.0	1210
NODE_51098_length_953_cov_1.69822	gb_AF117744_+_0-780_ARO:3001078_SHV-20	98.960	673	7	0	276	948	1	673	0.0	1205
NODE_51098_length_953_cov_1.69822	gb_AF117746_+_0-780_ARO:3001080_SHV-22	99.103	669	6	0	276	944	1	669	0.0	1203
NODE_51098_length_953_cov_1.69822	gb_AF117745_+_0-780_ARO:3001079_SHV-21	98.811	673	8	0	276	948	1	673	0.0	1199
NODE_51098_length_953_cov_1.69822	gb_AF117747_+_0-780_ARO:3001081_SHV-23	98.954	669	7	0	276	944	1	669	0.0	1197
NODE_51098_length_953_cov_1.69822	gb_AF072684_+_117-993_ARO:3001075_SHV-16	96.940	719	5	3	246	948	1	718	0.0	1190
NODE_51098_length_953_cov_1.69822	gb_AM941846_+_0-900_ARO:3001338_SHV-100	99.183	612	5	0	337	948	131	742	0.0	1103
NODE_51098_length_953_cov_1.69822	gb_AM941846_+_0-900_ARO:3001338_SHV-100	98.496	133	2	0	246	378	1	133	2.24e-62	235
NODE_51098_length_953_cov_1.69822	gb_AM850912_+_0-861_ARO:3002469_LEN-22	91.051	704	61	2	246	948	1	703	0.0	950
NODE_51098_length_953_cov_1.69822	gb_AM850909_+_0-861_ARO:3002466_LEN-19	91.051	704	61	2	246	948	1	703	0.0	950
NODE_51098_length_953_cov_1.69822	gb_AY037780_+_88-949_ARO:3002455_LEN-2	91.051	704	61	2	246	948	1	703	0.0	950
NODE_51098_length_953_cov_1.69822	gb_AM850910_+_0-861_ARO:3002467_LEN-20	91.051	704	61	2	246	948	1	703	0.0	950
NODE_51098_length_953_cov_1.69822	gb_AF452105_+_0-840_ARO:3002478_LEN-15	90.909	704	62	2	246	948	1	703	0.0	944
NODE_51098_length_953_cov_1.69822	gb_AM850908_+_0-861_ARO:3002465_LEN-18	90.909	704	62	2	246	948	1	703	0.0	944
NODE_51098_length_953_cov_1.69822	gb_AY633109_+_0-861_ARO:3002456_LEN-5	90.909	704	62	2	246	948	1	703	0.0	944
NODE_51098_length_953_cov_1.69822	gb_AM850911_+_0-861_ARO:3002468_LEN-21	90.909	704	62	2	246	948	1	703	0.0	944
NODE_51098_length_953_cov_1.69822	gb_AM850914_+_30-891_ARO:3002471_LEN-24	90.767	704	63	2	246	948	1	703	0.0	939
NODE_51098_length_953_cov_1.69822	gb_AY743416_+_67-928_ARO:3002464_LEN-16	90.767	704	63	2	246	948	1	703	0.0	939
NODE_51098_length_953_cov_1.69822	gb_NG_050780.1_+_100-961_ARO:3002459_LEN-9	90.767	704	63	2	246	948	1	703	0.0	939
NODE_51098_length_953_cov_1.69822	gb_NG_049281_+_0-861_ARO:3002474_LEN-26	90.625	704	64	2	246	948	1	703	0.0	933
NODE_51098_length_953_cov_1.69822	gb_X04515_+_285-1125_ARO:3002454_LEN-1	90.625	704	64	2	246	948	1	703	0.0	933
NODE_51098_length_953_cov_1.69822	gb_AM850913_+_0-861_ARO:3002470_LEN-23	90.625	704	64	2	246	948	1	703	0.0	933
NODE_51098_length_953_cov_1.69822	gb_AY130287_+_0-822_ARO:3002472_LEN-4	90.909	682	60	2	268	948	3	683	0.0	915
NODE_51098_length_953_cov_1.69822	gb_AY130286_+_0-822_ARO:3002475_LEN-3	90.762	682	61	2	268	948	3	683	0.0	909
NODE_51098_length_953_cov_1.69822	gb_AJ635417_+_0-789_ARO:3002461_LEN-11	90.868	668	59	2	282	948	1	667	0.0	894
NODE_51098_length_953_cov_1.69822	gb_AJ635406_+_0-789_ARO:3002462_LEN-12	90.868	668	59	2	282	948	1	667	0.0	894
NODE_51098_length_953_cov_1.69822	gb_AJ635403_+_0-789_ARO:3002463_LEN-13	90.719	668	60	2	282	948	1	667	0.0	889
NODE_51098_length_953_cov_1.69822	gb_AJ635425_+_0-789_ARO:3002457_LEN-7	90.569	668	61	2	282	948	1	667	0.0	883
NODE_51098_length_953_cov_1.69822	gb_AJ635419_+_0-789_ARO:3002460_LEN-10	90.569	668	61	2	282	948	1	667	0.0	883
NODE_51098_length_953_cov_1.69822	gb_AJ635424_+_0-789_ARO:3002458_LEN-8	90.120	668	64	2	282	948	1	667	0.0	867
NODE_51098_length_953_cov_1.69822	gb_AM850919_+_24-885_ARO:3002450_OKP-B-17	89.080	696	74	2	246	940	1	695	0.0	863
NODE_51098_length_953_cov_1.69822	gb_AM051153_+_0-861_ARO:3002437_OKP-B-4	89.080	696	74	2	246	940	1	695	0.0	863
NODE_51098_length_953_cov_1.69822	gb_AM850917_+_17-878_ARO:3002439_OKP-B-6	89.080	696	74	2	246	940	1	695	0.0	863
NODE_51098_length_953_cov_1.69822	gb_AM850918_+_24-885_ARO:3002438_OKP-B-5	88.937	696	75	2	246	940	1	695	0.0	857
NODE_51098_length_953_cov_1.69822	gb_AY825330_+_0-861_ARO:3002446_OKP-B-13	88.937	696	75	2	246	940	1	695	0.0	857
NODE_51098_length_953_cov_1.69822	gb_AM051151_+_0-861_ARO:3002435_OKP-B-2	88.937	696	75	2	246	940	1	695	0.0	857
NODE_51098_length_953_cov_1.69822	gb_AM051152_+_0-861_ARO:3002436_OKP-B-3	88.937	696	75	2	246	940	1	695	0.0	857
NODE_51098_length_953_cov_1.69822	gb_FJ534513_+_0-861_ARO:3002430_OKP-A-13	88.636	704	78	2	246	948	1	703	0.0	856
NODE_51098_length_953_cov_1.69822	gb_AM850922_+_24-885_ARO:3002453_OKP-B-20	88.793	696	76	2	246	940	1	695	0.0	852
NODE_51098_length_953_cov_1.69822	gb_AM051156_+_0-861_ARO:3002440_OKP-B-7	88.793	696	76	2	246	940	1	695	0.0	852
NODE_51098_length_953_cov_1.69822	gb_AM051157_+_0-861_ARO:3002441_OKP-B-8	88.793	696	76	2	246	940	1	695	0.0	852
NODE_51098_length_953_cov_1.69822	gb_AM051159_+_0-861_ARO:3002442_OKP-B-9	88.793	696	76	2	246	940	1	695	0.0	852
NODE_51098_length_953_cov_1.69822	gb_AJ635401_+_0-861_ARO:3002418_OKP-A-1	88.494	704	79	2	246	948	1	703	0.0	850
NODE_51098_length_953_cov_1.69822	gb_FJ534512_+_0-861_ARO:3002431_OKP-A-14	88.494	704	79	2	246	948	1	703	0.0	850
NODE_51098_length_953_cov_1.69822	gb_AM850915_+_19-880_ARO:3002428_OKP-A-11	88.511	705	77	4	246	948	1	703	0.0	850
NODE_51098_length_953_cov_1.69822	gb_AM051140_+_0-861_ARO:3002420_OKP-A-3	88.511	705	77	4	246	948	1	703	0.0	850
NODE_51098_length_953_cov_1.69822	gb_AM051161_+_0-861_ARO:3002444_OKP-B-11	88.666	697	75	4	246	940	1	695	0.0	846
NODE_51098_length_953_cov_1.69822	gb_AJ635402_+_0-861_ARO:3002434_OKP-B-1	88.649	696	77	2	246	940	1	695	0.0	846
NODE_51098_length_953_cov_1.69822	gb_AM051160_+_0-861_ARO:3002443_OKP-B-10	88.649	696	77	2	246	940	1	695	0.0	846
NODE_51098_length_953_cov_1.69822	gb_AM051143_+_0-861_ARO:3002422_OKP-A-5	88.369	705	78	4	246	948	1	703	0.0	845
NODE_51098_length_953_cov_1.69822	gb_AM051149_+_0-861_ARO:3002427_OKP-A-10	88.369	705	78	4	246	948	1	703	0.0	845
NODE_51098_length_953_cov_1.69822	gb_AM051142_+_0-861_ARO:3002421_OKP-A-4	88.352	704	80	2	246	948	1	703	0.0	845
NODE_51098_length_953_cov_1.69822	gb_AJ635404_+_0-861_ARO:3002419_OKP-A-2	88.352	704	80	2	246	948	1	703	0.0	845
NODE_51098_length_953_cov_1.69822	gb_AM051148_+_0-861_ARO:3002426_OKP-A-9	88.369	705	78	4	246	948	1	703	0.0	845
NODE_51098_length_953_cov_1.69822	gb_AM850916_+_18-879_ARO:3002429_OKP-A-12	88.369	705	78	4	246	948	1	703	0.0	845
NODE_51098_length_953_cov_1.69822	gb_AM850921_+_24-885_ARO:3002452_OKP-B-19	88.506	696	78	2	246	940	1	695	0.0	841
NODE_51098_length_953_cov_1.69822	gb_FJ755840_+_0-861_ARO:3002433_OKP-A-16	88.227	705	79	4	246	948	1	703	0.0	839
NODE_51098_length_953_cov_1.69822	gb_AM051147_+_0-861_ARO:3002425_OKP-A-8	88.210	704	81	2	246	948	1	703	0.0	839
NODE_51098_length_953_cov_1.69822	gb_AM850920_+_40-901_ARO:3002451_OKP-B-18	88.362	696	79	2	246	940	1	695	0.0	835
NODE_51098_length_953_cov_1.69822	gb_AM051144_+_0-861_ARO:3002423_OKP-A-6	88.102	706	78	6	246	948	1	703	0.0	833
NODE_51098_length_953_cov_1.69822	gb_AM051146_+_0-861_ARO:3002424_OKP-A-7	87.943	705	81	4	246	948	1	703	0.0	828
NODE_51098_length_953_cov_1.69822	gb_AJ635420_+_0-789_ARO:3002445_OKP-B-12	88.788	660	70	4	283	940	2	659	0.0	806
NODE_51098_length_953_cov_1.69822	gb_FJ755841_+_0-846_ARO:3002432_OKP-A-15	86.506	704	78	11	246	948	1	688	0.0	758
NODE_51098_length_953_cov_1.69822	gb_AY265890_+_0-472_ARO:3002476_LEN-6	91.720	471	39	0	267	737	1	471	0.0	654
NODE_51098_length_953_cov_1.69822	gb_AY265889_+_0-458_ARO:3002477_LEN-14	91.048	458	41	0	271	728	1	458	5.29e-178	619
NODE_51098_length_953_cov_1.69822	gb_EU477409_+_0-308_ARO:3001161_SHV-112	99.107	224	2	0	725	948	1	224	5.80e-113	403
NODE_51098_length_953_cov_1.69822	gb_AY150585_+_0-285_ARO:3001097_SHV-39	98.515	202	3	0	747	948	1	202	4.58e-99	357
NODE_51619_length_946_cov_4.94725	gb_U00096_+_3415032-3418137_ARO:3000502_acrF	93.220	59	4	0	1	59	94	152	6.58e-18	87.9
NODE_52184_length_937_cov_2.5	gb_U00096_+_3415032-3418137_ARO:3000502_acrF	74.590	122	31	0	310	431	1246	1125	6.61e-08	54.7
NODE_52734_length_929_cov_95.3066	gb_AF242872_+_2131-2878_ARO:3000375_ErmB	100.000	52	0	0	878	929	1	52	1.07e-20	97.1
NODE_53279_length_921_cov_10.5312	gb_AF242872_+_2131-2878_ARO:3000375_ErmB	100.000	54	0	0	868	921	81	28	8.22e-22	100
NODE_53279_length_921_cov_10.5312	gb_AF242872_+_2131-2878_ARO:3000375_ErmB	100.000	54	0	0	1	54	133	80	8.22e-22	100
NODE_53372_length_919_cov_1.64583	gb_NC_023287.1_-_65291-66509_ARO:3000615_mefA	98.227	282	5	0	586	867	1	282	3.22e-140	494
NODE_53372_length_919_cov_1.64583	gb_L42817_+_201-936_ARO:3000522_ErmG	100.000	38	0	0	882	919	1	38	6.43e-13	71.3
NODE_53542_length_917_cov_1.82367	gb_AP006618.1_+_4835199-4838688_ARO:3000501_Nocardia	73.644	922	203	27	4	917	3122	2233	5.77e-88	320
NODE_54744_length_901_cov_7.04255	gb_AF313472_+_15593-16397_ARO:3002639_APH(3'')-Ib	99.876	804	1	0	33	836	1	804	0.0	1480
NODE_54744_length_901_cov_7.04255	gb_AF024602_+_3155-3992_ARO:3002660_APH(6)-Id	100.000	66	0	0	836	901	1	66	1.72e-28	122
NODE_55045_length_897_cov_2.24228	gb_L36601_+_1420-3130_ARO:3003036_oleB	94.595	37	2	0	512	548	1568	1532	4.89e-09	58.4
NODE_57178_length_868_cov_7.45264	gb_AF024602_+_3155-3992_ARO:3002660_APH(6)-Id	99.879	826	1	0	43	868	837	12	0.0	1520
NODE_57283_length_867_cov_137.303	gb_M17124_+_1181-1982_ARO:3000498_ErmF	99.376	801	5	0	67	867	801	1	0.0	1452
NODE_57283_length_867_cov_137.303	gb_AF319779.2_+_32-833_ARO:3000604_Erm(35)	78.643	796	166	3	74	867	794	1	1.08e-149	525
NODE_59762_length_836_cov_9.32778	gb_NC_005024_+_42504-43944_ARO:3002597_AAC(6')-Ie-APH(2'')-Ia	86.993	838	105	4	1	836	87	922	0.0	941
NODE_59762_length_836_cov_9.32778	gb_AY701528.1_+_9695-10589_ARO:3004191_APH(2'')-If	86.604	321	39	4	518	836	43	361	1.87e-97	351
NODE_59840_length_835_cov_2.39744	gb_DQ212986_+_5984-7034_ARO:3002909_vanG	98.338	722	12	0	114	835	1050	329	0.0	1267
NODE_59840_length_835_cov_2.39744	gb_DQ212986_+_7030-7795_ARO:3003069_vanXYG	100.000	114	0	0	4	117	114	1	3.30e-55	211
NODE_61408_length_816_cov_2.24573	gb_AF472622_+_52-1018_ARO:3003003_CfxA3	100.000	45	0	0	772	816	643	687	7.33e-17	84.2
NODE_61408_length_816_cov_2.24573	gb_AY769934_+_27-993_ARO:3003096_CfxA5	100.000	45	0	0	772	816	643	687	7.33e-17	84.2
NODE_61408_length_816_cov_2.24573	gb_U38243_+_149-1115_ARO:3003001_CfxA	100.000	45	0	0	772	816	643	687	7.33e-17	84.2
NODE_61408_length_816_cov_2.24573	gb_AY769933_+_0-966_ARO:3003005_CfxA4	100.000	45	0	0	772	816	643	687	7.33e-17	84.2
NODE_61408_length_816_cov_2.24573	gb_AF118110.1_-_71-1037_ARO:3003002_CfxA2	100.000	45	0	0	772	816	643	687	7.33e-17	84.2
NODE_62959_length_799_cov_3.14113	gb_FN594949_+_27481-28339_ARO:3002629_ANT(6)-Ib	76.087	506	116	5	286	789	4	506	1.11e-69	259
NODE_63507_length_794_cov_48.7794	gb_M18896.2_+_206-2126_ARO:3000190_tetO	100.000	756	0	0	1	756	1165	1920	0.0	1397
NODE_63507_length_794_cov_48.7794	gb_AJ295238.3_+_163-2083_ARO:3000196_tet32	96.825	756	24	0	1	756	1165	1920	0.0	1264
NODE_65811_length_770_cov_2.76084	gb_AM180355_+_600033-601953_ARO:3000186_tetM	91.948	770	62	0	1	770	753	1522	0.0	1079
NODE_65811_length_770_cov_2.76084	gb_L09756_+_0-1926_ARO:3000192_tetS	80.026	761	148	4	1	759	753	1511	2.62e-160	560
NODE_67123_length_757_cov_1.92735	gb_AF024602_+_3155-3992_ARO:3002660_APH(6)-Id	100.000	55	0	0	1	55	66	12	1.87e-22	102
NODE_67818_length_751_cov_1.74569	gb_AF242872_+_2131-2878_ARO:3000375_ErmB	100.000	54	0	0	698	751	292	239	6.69e-22	100
NODE_68527_length_744_cov_1.70537	gb_Z21523_+_0-1974_ARO:3000191_tetQ	100.000	38	0	0	1	38	121	158	5.19e-13	71.3
NODE_68686_length_743_cov_404.677	gb_AF242872_+_2131-2878_ARO:3000375_ErmB	99.460	741	3	1	1	740	741	1	0.0	1345
NODE_69961_length_731_cov_2.80473	gb_AP009048.1_-_4306556-4307588_ARO:3003548_mdtN	98.925	279	3	0	1	279	279	1	5.49e-142	499
NODE_70783_length_724_cov_1.42152	gb_HM990671_+_5192-6671_ARO:3003112_lsaC	90.395	531	51	0	1	531	531	1	0.0	699
NODE_71016_length_722_cov_71.6027	gb_AF242872_+_2131-2878_ARO:3000375_ErmB	98.387	62	0	1	1	61	686	747	3.84e-24	108
NODE_71105_length_721_cov_3.05556	gb_NC_002695.1_-_4903561-4904935_ARO:3000830_cpxA	97.794	408	9	0	1	408	967	1374	0.0	704
NODE_71147_length_721_cov_1.96847	gb_NC_010378.1_+_46651-47827_ARO:3003922_oqxA	98.479	263	4	0	36	298	263	1	1.97e-131	464
NODE_71555_length_717_cov_1.6148	gb_AY082011_+_5900-6932_ARO:3000005_vanD	86.301	73	10	0	168	240	367	295	8.30e-16	80.5
NODE_72566_length_709_cov_2.14985	gb_AF235050.4_+_38028-40140_ARO:3003318_Streptomyces	100.000	31	0	0	453	483	1896	1926	3.85e-09	58.4
NODE_73616_length_700_cov_2.72713	gb_NC_010378.1_+_47850-51003_ARO:3003923_oqxB	99.592	245	1	0	1	245	245	1	1.93e-126	448
NODE_73616_length_700_cov_2.72713	gb_NC_010378.1_+_46651-47827_ARO:3003922_oqxA	98.661	224	3	0	477	700	937	714	1.97e-111	398
NODE_73616_length_700_cov_2.72713	gb_NC_010378.1_+_46651-47827_ARO:3003922_oqxA	100.000	213	0	0	269	481	1176	964	2.55e-110	394
NODE_75144_length_688_cov_1.21327	gb_U00096_+_2158385-2161463_ARO:3000794_mdtC	82.703	688	117	2	2	688	175	861	2.28e-175	610
NODE_75443_length_685_cov_2.02063	gb_NC_010378.1_+_47850-51003_ARO:3003923_oqxB	95.467	706	11	1	1	685	1050	1755	0.0	1107
NODE_75443_length_685_cov_2.02063	gb_NC_002516_+_2810008-2813197_ARO:3000804_MexF	79.770	435	65	8	5	417	1054	1487	2.60e-80	294
NODE_75443_length_685_cov_2.02063	gb_AJ252200_+_1278-4401_ARO:3003056_smeE	77.990	209	46	0	5	213	1045	1253	2.16e-31	132
NODE_75443_length_685_cov_2.02063	gb_L11616_+_1569-4710_ARO:3000378_MexB	77.957	186	41	0	28	213	1068	1253	6.04e-27	117
NODE_75443_length_685_cov_2.02063	gb_U57969_+_1485-4617_ARO:3000801_MexD	85.577	104	15	0	110	213	1156	1259	1.01e-24	110
NODE_75443_length_685_cov_2.02063	gb_U00096_+_3660413-3663527_ARO:3000796_mdtF	87.500	72	7	2	144	214	1184	1254	2.20e-16	82.4
NODE_75443_length_685_cov_2.02063	gb_NC_002516_+_4707534-4710624_ARO:3000808_mexI	86.111	72	10	0	137	208	1156	1227	2.85e-15	78.7
NODE_77249_length_672_cov_1.39708	gb_JQ740052_+_2108-3329_ARO:3000567_tet(40)	100.000	54	0	0	619	672	849	902	5.96e-22	100
NODE_78383_length_663_cov_1.95559	gb_KU254579.1_+_59421-59841_ARO:3004111_FosA6	98.333	420	7	0	128	547	420	1	0.0	737
NODE_78383_length_663_cov_1.95559	gb_KP143090.1_-_1199-1619_ARO:3003209_FosA5	97.381	420	11	0	128	547	420	1	0.0	715
NODE_79719_length_654_cov_14.9516	gb_AF028812_+_392-887_ARO:3002867_dfrF	100.000	495	0	0	57	551	495	1	0.0	915
NODE_80003_length_652_cov_1.69849	gb_AF024666.2_-_2207-2969_ARO:3000596_ErmX	93.703	397	18	5	259	652	762	370	1.01e-168	588
NODE_80305_length_650_cov_1.27899	gb_EU434751_+_658-2578_ARO:3000194_tetW	100.000	40	0	0	611	650	1867	1906	3.49e-14	75.0
NODE_80587_length_648_cov_1.89713	gb_KU736867.1_+_19653-21573_ARO:3004442_tet(W/N/W)	100.000	29	0	0	1	29	220	248	4.53e-08	54.7
NODE_80587_length_648_cov_1.89713	gb_EU434751_+_658-2578_ARO:3000194_tetW	100.000	29	0	0	1	29	220	248	4.53e-08	54.7
NODE_82714_length_634_cov_1.23489	gb_NC_007779_+_2586250-2589364_ARO:3000491_acrD	100.000	29	0	0	1	29	2973	3001	4.43e-08	54.7
NODE_88710_length_599_cov_2.43015	gb_Z21523_+_0-1974_ARO:3000191_tetQ	100.000	54	0	0	546	599	302	355	5.29e-22	100
NODE_91996_length_582_cov_184.125	gb_AF242872_+_2131-2878_ARO:3000375_ErmB	98.387	62	0	1	1	61	686	747	3.07e-24	108
NODE_92632_length_579_cov_1.14313	gb_NC_002695.2_-_1737690-1738104_ARO:3000676_H-NS	85.423	343	48	2	3	344	64	405	9.88e-99	355
NODE_93177_length_576_cov_1.72553	gb_NC_010378.1_+_46651-47827_ARO:3003922_oqxA	99.057	530	5	0	47	576	732	203	0.0	952
NODE_94598_length_569_cov_1.94942	gb_DQ212986_+_7030-7795_ARO:3003069_vanXYG	94.667	375	20	0	1	375	391	765	4.09e-167	582
NODE_94598_length_569_cov_1.94942	gb_DQ212986_+_7787-9926_ARO:3002972_vanTG	99.010	202	2	0	368	569	1	202	5.80e-101	363
NODE_95531_length_564_cov_1.79568	gb_U00096_+_3413863-3415021_ARO:3000499_acrE	100.000	43	0	0	1	43	1076	1118	6.48e-16	80.5
NODE_95735_length_563_cov_1.97244	gb_NC_002516.2_-_2847775-2850886_ARO:3004075_MuxC	100.000	33	0	0	503	535	1233	1201	2.34e-10	62.1
NODE_96805_length_558_cov_1.49503	gb_NC_023287.1_-_65291-66509_ARO:3000615_mefA	97.500	360	9	0	1	360	859	1218	3.95e-177	616
NODE_96805_length_558_cov_1.49503	gb_NC_012469.1_-_1800927-1802391_ARO:3000616_mel	100.000	79	0	0	480	558	1	79	6.23e-36	147
NODE_100262_length_543_cov_1.6168	gb_NC_000913.3_-_481253-484403_ARO:3000216_acrB	84.181	531	84	0	13	543	525	1055	4.01e-147	516
NODE_105853_length_519_cov_1.25862	gb_L11616_+_1569-4710_ARO:3000378_MexB	72.421	475	107	21	1	463	2731	2269	5.82e-31	130
NODE_110302_length_501_cov_1.21076	gb_NC_023287.1_-_65291-66509_ARO:3000615_mefA	97.804	501	11	0	1	501	293	793	0.0	865
NODE_115961_length_480_cov_1.11765	gb_CP004067.1_-_43007-43928_ARO:3002669_APH(2'')-Ig	98.542	480	7	0	1	480	661	182	0.0	848
NODE_118620_length_471_cov_1.8125	gb_NC_014638.1_-_1610636-1613960_ARO:3003730_Bifidobacteria	88.323	471	55	0	1	471	1210	1680	3.38e-162	566
NODE_118634_length_471_cov_2.40144	gb_AM180355_+_600033-601953_ARO:3000186_tetM	95.754	471	20	0	1	471	1052	1522	0.0	760
NODE_120861_length_463_cov_1.88971	gb_U00096_+_2155262-2158385_ARO:3000793_mdtB	97.309	446	12	0	1	446	1600	2045	0.0	758
NODE_122536_length_457_cov_0.885572	gb_EU434751_+_658-2578_ARO:3000194_tetW	100.000	44	0	0	1	44	1089	1046	1.45e-16	82.4
NODE_123049_length_455_cov_3.0975	gb_NC_002695.2_-_1737690-1738104_ARO:3000676_H-NS	98.214	56	1	0	1	56	56	1	1.43e-21	99.0
NODE_126671_length_443_cov_1.82216	gb_U00096_+_2155262-2158385_ARO:3000793_mdtB	83.716	436	67	4	1	434	611	1044	5.65e-115	409
NODE_126856_length_442_cov_1.19897	gb_Y11946.1_+_0-980_ARO:3002578_AAC(6')-Ib7	99.598	249	1	0	162	410	249	1	7.14e-129	455
NODE_126856_length_442_cov_1.19897	gb_DQ838665_+_0-474_ARO:3002860_dfrA17	100.000	148	0	0	1	148	148	1	2.15e-74	274
NODE_126856_length_442_cov_1.19897	gb_FJ854362_+_2338-2812_ARO:3002862_dfrA7	91.892	148	12	0	1	148	148	1	2.21e-54	207
NODE_126856_length_442_cov_1.19897	gb_DQ390458_-_3095-3995_ARO:3002609_aadA9	98.387	62	1	0	162	223	62	1	6.41e-25	110
NODE_126856_length_442_cov_1.19897	gb_L06157_+_554-1085_ARO:3002530_AAC(3)-Ib	100.000	58	0	0	166	223	58	1	2.30e-24	108
NODE_132032_length_425_cov_6.4027	gb_M17124_+_1181-1982_ARO:3000498_ErmF	96.364	165	6	0	261	425	797	633	7.41e-74	272
NODE_134696_length_415_cov_1.54444	gb_NC_014638.1_-_1610636-1613960_ARO:3003730_Bifidobacteria	90.263	380	37	0	36	415	331	710	1.10e-141	497
NODE_137291_length_406_cov_2.32479	gb_AF235050.4_+_38028-40140_ARO:3003318_Streptomyces	100.000	31	0	0	29	59	1896	1926	2.15e-09	58.4
NODE_139210_length_399_cov_1.75291	gb_U00096_+_2155262-2158385_ARO:3000793_mdtB	86.126	382	52	1	15	396	2544	2924	1.41e-115	411
NODE_139210_length_399_cov_1.75291	gb_U00096_+_2158385-2161463_ARO:3000794_mdtC	78.105	306	57	8	99	399	2585	2885	9.29e-48	185
NODE_141109_length_392_cov_2.5549	gb_AF024666.2_-_2207-2969_ARO:3000596_ErmX	96.739	276	9	0	1	276	276	1	1.35e-130	460
NODE_143992_length_383_cov_1.60671	gb_NC_002516.2_-_2847775-2850886_ARO:3004075_MuxC	80.926	367	56	13	11	370	1117	1476	1.43e-75	278
NODE_144634_length_381_cov_1.86196	gb_AF242872_+_2131-2878_ARO:3000375_ErmB	100.000	33	0	0	1	33	607	639	1.56e-10	62.1
NODE_144937_length_380_cov_1.93231	gb_NC_014638.1_-_1610636-1613960_ARO:3003730_Bifidobacteria	84.960	379	53	4	3	379	946	1322	1.05e-106	381
NODE_151363_length_361_cov_1.72222	gb_M57437_+_0-1647_ARO:3002827_tlrC	100.000	28	0	0	200	227	1472	1499	8.88e-08	52.8
NODE_153923_length_354_cov_1.19064	gb_EU434751_+_658-2578_ARO:3000194_tetW	100.000	35	0	0	1	35	1071	1037	1.12e-11	65.8
NODE_156563_length_346_cov_1.54639	gb_NC_005024_+_42504-43944_ARO:3002597_AAC(6')-Ie-APH(2'')-Ia	83.728	338	51	4	3	338	292	627	2.73e-87	316
NODE_164880_length_326_cov_1.99262	gb_NC_012469.1_-_1800927-1802391_ARO:3000616_mel	100.000	326	0	0	1	326	308	633	1.75e-173	603
NODE_166542_length_323_cov_1.07836	gb_NC_014638.1_-_1610636-1613960_ARO:3003730_Bifidobacteria	89.610	231	24	0	92	322	2262	2032	1.19e-80	294
NODE_169596_length_315_cov_20.5885	gb_AF242872_+_2131-2878_ARO:3000375_ErmB	100.000	50	0	0	266	315	1	50	4.53e-20	93.5
NODE_172198_length_308_cov_1.16206	gb_AF242872_+_2131-2878_ARO:3000375_ErmB	100.000	31	0	0	278	308	678	708	1.61e-09	58.4
NODE_182174_length_284_cov_54.5109	gb_JQ740052_+_2108-3329_ARO:3000567_tet(40)	100.000	44	0	0	1	44	44	1	8.77e-17	82.4
NODE_185263_length_278_cov_335.457	gb_AF242872_+_2131-2878_ARO:3000375_ErmB	98.387	62	0	1	218	278	747	686	1.41e-24	108
NODE_187220_length_274_cov_2.39726	gb_Z21523_+_0-1974_ARO:3000191_tetQ	100.000	41	0	0	1	41	733	773	3.92e-15	76.8
NODE_196229_length_261_cov_1.82524	gb_NC_014638.1_-_1610636-1613960_ARO:3003730_Bifidobacteria	89.583	192	18	2	71	261	23	213	3.47e-65	243
NODE_202983_length_254_cov_2.35678	gb_GQ343019_+_132-1023_ARO:3002999_CblA-1	100.000	128	0	0	127	254	891	764	1.57e-63	237
NODE_204166_length_253_cov_1.63636	gb_DQ212986_+_7030-7795_ARO:3003069_vanXYG	94.466	253	14	0	1	253	374	122	1.13e-109	390
NODE_204843_length_252_cov_1.36548	gb_AY712687_+_0-831_ARO:3002628_aad(6)	96.861	223	5	2	1	222	53	274	4.08e-104	372
NODE_204843_length_252_cov_1.36548	gb_NC_023287.1_-_60996-61860_ARO:3002626_ANT(6)-Ia	96.861	223	5	2	1	222	131	352	4.08e-104	372
NODE_204843_length_252_cov_1.36548	gb_U01945_+_373-916_ARO:3002897_SAT-4	98.246	57	1	0	196	252	221	277	2.13e-22	100
NODE_212189_length_246_cov_7.37173	gb_AF173226_+_3767-6917_ARO:3003052_smeB	78.761	113	20	3	6	116	1242	1132	4.52e-14	73.1
NODE_212189_length_246_cov_7.37173	gb_AJ252200_+_1278-4401_ARO:3003056_smeE	78.000	100	22	0	6	105	1242	1143	2.72e-11	63.9
NODE_216570_length_242_cov_1.64171	gb_NC_023287.1_-_60996-61860_ARO:3002626_ANT(6)-Ia	100.000	116	0	0	1	116	116	1	6.97e-57	215
NODE_216570_length_242_cov_1.64171	gb_AY712687_+_0-831_ARO:3002628_aad(6)	100.000	38	0	0	1	38	38	1	1.60e-13	71.3
NODE_223346_length_238_cov_0.983607	gb_Z21523_+_0-1974_ARO:3000191_tetQ	100.000	43	0	0	196	238	780	822	2.60e-16	80.5
NODE_224794_length_237_cov_1.08791	gb_AY712687_+_0-831_ARO:3002628_aad(6)	100.000	219	0	0	1	219	613	831	3.76e-114	405
NODE_233426_length_232_cov_1.45763	gb_NC_010378.1_+_47850-51003_ARO:3003923_oqxB	99.569	232	1	0	1	232	639	870	1.02e-119	424
NODE_239675_length_229_cov_2.04023	gb_AJ011502.1_+_300-1425_ARO:3004122_Klebsiella	81.421	183	31	2	50	229	927	745	2.43e-36	147
NODE_239928_length_229_cov_1.34483	gb_U00096_-_1124117-1125326_ARO:3001216_mdtH	98.667	225	3	0	3	227	378	154	1.69e-112	399
NODE_262869_length_219_cov_1.78049	gb_Z21523_+_0-1974_ARO:3000191_tetQ	100.000	42	0	0	178	219	1141	1182	8.55e-16	78.7
NODE_270710_length_215_cov_0.84375	gb_NC_012469.1_-_1800927-1802391_ARO:3000616_mel	100.000	215	0	0	1	215	832	1046	5.66e-112	398
NODE_289261_length_209_cov_1.83117	gb_NC_014638.1_-_1610636-1613960_ARO:3003730_Bifidobacteria	91.262	206	18	0	4	209	2114	1909	5.77e-77	281
NODE_295525_length_207_cov_1.08553	gb_KU736867.1_+_19653-21573_ARO:3004442_tet(W/N/W)	100.000	35	0	0	1	35	1571	1537	6.25e-12	65.8
NODE_295525_length_207_cov_1.08553	gb_EU434751_+_658-2578_ARO:3000194_tetW	100.000	35	0	0	1	35	1571	1537	6.25e-12	65.8
NODE_295821_length_207_cov_1.125	gb_JF969163_+_1053-1893_ARO:3000410_sul1	100.000	74	0	0	1	74	767	840	1.31e-33	137
NODE_299881_length_158_cov_57.165	gb_AF319779.2_+_32-833_ARO:3000604_Erm(35)	100.000	49	0	0	110	158	1	49	7.68e-20	91.6
NODE_299881_length_158_cov_57.165	gb_M17124_+_1181-1982_ARO:3000498_ErmF	100.000	49	0	0	110	158	1	49	7.68e-20	91.6
NODE_299970_length_154_cov_1.53535	gb_AY928180_+_0-495_ARO:3002837_lnuC	98.864	88	1	0	1	88	408	495	7.25e-40	158
NODE_300332_length_141_cov_41.6047	gb_AF242872_+_2131-2878_ARO:3000375_ErmB	100.000	50	0	0	1	50	50	1	1.87e-20	93.5
NODE_300349_length_140_cov_109.235	gb_M17124_+_1181-1982_ARO:3000498_ErmF	100.000	55	0	0	1	55	55	1	3.09e-23	102
NODE_300349_length_140_cov_109.235	gb_AF319779.2_+_32-833_ARO:3000604_Erm(35)	100.000	53	0	0	3	55	53	1	3.99e-22	99.0
NODE_300373_length_139_cov_16.7381	gb_JQ740052_+_2108-3329_ARO:3000567_tet(40)	100.000	37	0	0	103	139	1	37	3.11e-13	69.4
NODE_301233_length_113_cov_17.4138	gb_M17124_+_1181-1982_ARO:3000498_ErmF	100.000	55	0	0	59	113	1	55	2.40e-23	102
NODE_301233_length_113_cov_17.4138	gb_AF319779.2_+_32-833_ARO:3000604_Erm(35)	100.000	53	0	0	59	111	1	53	3.10e-22	99.0
NODE_301312_length_112_cov_114.175	gb_EU434751_+_658-2578_ARO:3000194_tetW	100.000	45	0	0	68	112	1920	1876	8.60e-18	84.2
NODE_301372_length_111_cov_23.6964	gb_JQ740052_+_2108-3329_ARO:3000567_tet(40)	100.000	44	0	0	68	111	1	44	3.06e-17	82.4
NODE_301917_length_106_cov_13.8039	gb_JQ740052_+_2108-3329_ARO:3000567_tet(40)	100.000	44	0	0	63	106	1	44	2.89e-17	82.4
NODE_302356_length_99_cov_9.72727	gb_M18896.2_+_206-2126_ARO:3000190_tetO	91.463	82	7	0	18	99	1138	1219	9.43e-27	113
NODE_302356_length_99_cov_9.72727	gb_AJ295238.3_+_163-2083_ARO:3000196_tet32	90.000	80	8	0	1	80	1121	1200	5.68e-24	104
NODE_305679_length_57_cov_345.5	gb_AF242872_+_2131-2878_ARO:3000375_ErmB	100.000	52	0	0	6	57	1	52	4.64e-22	97.1
