NODE_14_length_259165_cov_10.7551	gb_GQ343019_+_132-1023_ARO:3002999_CblA-1	99.214	891	7	0	137935	138825	1	891	0.0	1607
NODE_150_length_108959_cov_7.39923	gb_AF226276.1_+_3583-4207_ARO:3002682_catD	81.789	626	110	3	108197	108820	624	1	1.78e-146	521
NODE_150_length_108959_cov_7.39923	gb_U15027_+_0-624_ARO:3002686_catP	81.789	626	110	3	108197	108820	624	1	1.78e-146	521
NODE_150_length_108959_cov_7.39923	gb_X74948_+_0-492_ARO:3002688_catS	84.959	492	74	0	108269	108760	492	1	8.36e-140	499
NODE_290_length_75129_cov_8.35207	gb_AF235050.4_+_38028-40140_ARO:3003318_Streptomyces	73.066	349	84	9	49211	49554	419	76	2.44e-24	115
NODE_312_length_71018_cov_12.1395	gb_AF173226_+_3767-6917_ARO:3003052_smeB	83.784	74	12	0	33146	33219	1169	1242	5.06e-11	71.3
NODE_312_length_71018_cov_12.1395	gb_AJ252200_+_1278-4401_ARO:3003056_smeE	83.333	72	12	0	33148	33219	1171	1242	6.55e-10	67.6
NODE_327_length_69255_cov_4.46584	gb_AF173226_+_3767-6917_ARO:3003052_smeB	87.500	56	7	0	18911	18966	1241	1186	2.30e-09	65.8
NODE_327_length_69255_cov_4.46584	gb_AJ252200_+_1278-4401_ARO:3003056_smeE	78.313	83	18	0	18911	18993	1241	1159	4.97e-06	54.7
NODE_384_length_61936_cov_4.83885	gb_AY768532_+_0-1935_ARO:3000535_macB	94.737	38	2	0	52603	52640	118	155	9.56e-08	60.2
NODE_489_length_51261_cov_9.03261	gb_AF235050.4_+_38028-40140_ARO:3003318_Streptomyces	74.590	366	75	13	20242	20598	431	75	2.13e-33	145
NODE_763_length_37891_cov_116.462	gb_L42817_+_201-936_ARO:3000522_ErmG	99.184	735	6	0	499	1233	735	1	0.0	1325
NODE_763_length_37891_cov_116.462	gb_M64090_+_0-735_ARO:3000595_ErmT	78.231	735	146	11	506	1233	728	1	4.94e-128	459
NODE_792_length_37044_cov_3.98719	gb_AY082011_+_5900-6932_ARO:3000005_vanD	86.301	73	10	0	2900	2972	367	295	4.39e-14	80.5
NODE_984_length_31639_cov_15.3629	gb_AF170880_+_0-1848_ARO:3002522_novA	76.168	214	45	6	3058	3268	1381	1591	1.72e-22	108
NODE_1354_length_24464_cov_3.05654	gb_NC_003197.2_-_393893-397061_ARO:3000790_mdsB	96.970	33	1	0	9059	9091	2935	2967	4.89e-07	56.5
NODE_1581_length_21551_cov_26.0638	gb_FN594949_+_25244-27167_ARO:3000556_tet44	96.984	1923	41	6	18466	20371	1923	1	0.0	3214
NODE_1953_length_17802_cov_2.92179	gb_DQ212986_+_7787-9926_ARO:3002972_vanTG	98.925	2139	23	0	13078	15216	2139	1	0.0	3823
NODE_1953_length_17802_cov_2.92179	gb_DQ212986_+_7030-7795_ARO:3003069_vanXYG	87.614	767	91	4	15209	15973	765	1	0.0	887
NODE_1953_length_17802_cov_2.92179	gb_DQ212986_+_5984-7034_ARO:3002909_vanG	81.732	1051	190	2	15970	17019	1050	1	0.0	876
NODE_1953_length_17802_cov_2.92179	gb_DQ212986_+_5137-5983_ARO:3002965_vanWG	84.184	784	120	4	17021	17802	846	65	0.0	758
NODE_1996_length_17527_cov_13.8169	gb_Z21523_+_0-1974_ARO:3000191_tetQ	90.020	1974	196	1	228	2200	1	1974	0.0	2553
NODE_2090_length_16856_cov_9.92221	gb_U00096_-_2098446-2099613_ARO:3003577_ugd	76.333	300	65	6	7299	7595	571	867	3.23e-37	156
NODE_2185_length_16200_cov_5.51223	gb_NC_002516_+_2810008-2813197_ARO:3000804_MexF	74.434	309	69	8	10639	10942	938	1241	8.75e-28	124
NODE_2887_length_12588_cov_4.60065	gb_M35190.1_+_308-932_ARO:3004454_Campylobacter	92.124	419	33	0	12170	12588	1	419	1.55e-168	592
NODE_2981_length_12247_cov_2.85031	gb_GQ342996_+_797-1793_ARO:3003097_CfxA6	75.951	736	175	2	1648	2382	195	929	4.60e-104	377
NODE_3044_length_12011_cov_3.57879	gb_L36601_+_1420-3130_ARO:3003036_oleB	94.595	37	2	0	4711	4747	1568	1532	6.67e-08	58.4
NODE_3347_length_11076_cov_11.2644	gb_Z21523_+_0-1974_ARO:3000191_tetQ	98.148	54	1	0	11023	11076	245	192	4.69e-19	95.3
NODE_3512_length_10638_cov_4.56062	gb_AF235050.4_+_38028-40140_ARO:3003318_Streptomyces	73.538	359	71	18	7258	7604	421	75	3.46e-25	115
NODE_4618_length_8195_cov_6.82998	gb_AF235050.4_+_38028-40140_ARO:3003318_Streptomyces	79.290	169	33	2	2794	2961	250	417	7.41e-26	117
NODE_4700_length_8061_cov_3.43018	gb_AM180355_+_600033-601953_ARO:3000186_tetM	89.051	1580	173	0	4	1583	1580	1	0.0	1960
NODE_4700_length_8061_cov_3.43018	gb_L09756_+_0-1926_ARO:3000192_tetS	78.440	1577	322	16	15	1582	1569	2	0.0	1013
NODE_4794_length_7927_cov_9.44093	gb_AY928180_+_0-495_ARO:3002837_lnuC	99.192	495	4	0	1142	1636	495	1	0.0	893
NODE_4843_length_7850_cov_3.16626	gb_M11036_+_0-1377_ARO:3000179_tet(L)	99.628	1343	5	0	5944	7286	1377	35	0.0	2453
NODE_4843_length_7850_cov_3.16626	gb_AM180355_+_600033-601953_ARO:3000186_tetM	97.018	436	13	0	7415	7850	1920	1485	0.0	734
NODE_4918_length_7755_cov_14.1165	gb_AF235050.4_+_38028-40140_ARO:3003318_Streptomyces	76.970	165	36	2	5927	6090	419	256	1.18e-18	93.5
NODE_5588_length_6886_cov_2.63724	gb_AP006618.1_+_4835199-4838688_ARO:3000501_Nocardia	81.275	251	43	4	3828	4076	3037	3285	6.00e-51	200
NODE_5714_length_6754_cov_4.42603	gb_M35190.1_+_308-932_ARO:3004454_Campylobacter	100.000	52	0	0	6703	6754	624	573	7.95e-20	97.1
NODE_6095_length_6349_cov_7.00159	gb_AF028812_+_392-887_ARO:3002867_dfrF	99.597	496	1	1	833	1328	1	495	0.0	904
NODE_6914_length_5662_cov_4.6549	gb_X01702_+_484-1285_ARO:3002659_APH(6)-Ic	96.875	32	1	0	2562	2593	483	514	4.06e-07	54.7
NODE_7199_length_5480_cov_2.40608	gb_AP006618.1_+_4835199-4838688_ARO:3000501_Nocardia	80.667	150	27	2	5332	5480	2986	3134	1.78e-25	115
NODE_7435_length_5321_cov_63.008	gb_AF242872_+_2131-2878_ARO:3000375_ErmB	100.000	50	0	0	1	50	50	1	8.09e-19	93.5
NODE_7964_length_5010_cov_5.85893	gb_DQ212986_+_2258-2966_ARO:3002926_vanRG	81.283	187	34	1	4817	5003	1	186	4.46e-36	150
NODE_7982_length_5002_cov_3.80109	gb_AF235050.4_+_38028-40140_ARO:3003318_Streptomyces	76.807	332	55	17	4679	5002	75	392	4.42e-41	167
NODE_11110_length_3696_cov_21.1659	gb_AF242872_+_2131-2878_ARO:3000375_ErmB	100.000	50	0	0	3647	3696	1	50	5.62e-19	93.5
NODE_11236_length_3659_cov_4.66482	gb_AF235050.4_+_38028-40140_ARO:3003318_Streptomyces	82.609	92	16	0	3002	3093	322	413	1.20e-15	82.4
NODE_11496_length_3591_cov_1.61397	gb_NC_014638.1_-_1610636-1613960_ARO:3003730_Bifidobacteria	98.406	1004	16	0	2588	3591	3324	2321	0.0	1766
NODE_12166_length_3427_cov_2.10824	gb_M57437_+_0-1647_ARO:3002827_tlrC	93.023	43	3	0	1916	1958	557	599	4.08e-10	63.9
NODE_13168_length_3200_cov_2.30143	gb_AF235050.4_+_38028-40140_ARO:3003318_Streptomyces	100.000	31	0	0	1532	1562	1896	1926	1.77e-08	58.4
NODE_13798_length_3075_cov_10.4805	gb_NC_005024_+_42504-43944_ARO:3002597_AAC(6')-Ie-APH(2'')-Ia	100.000	1440	0	0	1337	2776	1440	1	0.0	2660
NODE_13798_length_3075_cov_10.4805	gb_AY701528.1_+_9695-10589_ARO:3004191_APH(2'')-If	80.843	830	149	9	1349	2173	867	43	0.0	643
NODE_13863_length_3060_cov_2.51314	gb_HG970100.1_+_0-1457_ARO:3003948_efrA	79.675	123	23	2	1558	1679	989	868	2.16e-17	87.9
NODE_16261_length_2668_cov_151.282	gb_EU434751_+_658-2578_ARO:3000194_tetW	99.896	1920	2	0	682	2601	1	1920	0.0	3535
NODE_16261_length_2668_cov_151.282	gb_KU736867.1_+_19653-21573_ARO:3004442_tet(W/N/W)	96.025	1912	74	2	682	2592	1	1911	0.0	3109
NODE_16550_length_2632_cov_141.638	gb_Z21523_+_0-1974_ARO:3000191_tetQ	97.366	1974	52	0	348	2321	1	1974	0.0	3358
NODE_17470_length_2512_cov_3.50387	gb_AF242872_+_2131-2878_ARO:3000375_ErmB	100.000	50	0	0	2463	2512	1	50	3.81e-19	93.5
NODE_17852_length_2468_cov_2.84418	gb_X74948_+_0-492_ARO:3002688_catS	98.778	491	6	0	1756	2246	1	491	0.0	874
NODE_17852_length_2468_cov_2.84418	gb_AF226276.1_+_3583-4207_ARO:3002682_catD	82.907	626	103	3	1696	2319	1	624	8.53e-160	560
NODE_17852_length_2468_cov_2.84418	gb_U15027_+_0-624_ARO:3002686_catP	82.907	626	103	3	1696	2319	1	624	8.53e-160	560
NODE_18787_length_2361_cov_2.37988	gb_NC_007779_+_2586250-2589364_ARO:3000491_acrD	85.598	368	45	8	1998	2361	1026	1389	2.45e-105	379
NODE_18787_length_2361_cov_2.37988	gb_U00096_+_3660413-3663527_ARO:3000796_mdtF	74.551	334	69	13	2020	2345	1048	1373	7.58e-31	132
NODE_18787_length_2361_cov_2.37988	gb_AB219524.1_+_1176-4338_ARO:3003699_mexQ	85.294	68	8	2	2156	2222	1190	1256	6.02e-12	69.4
NODE_18809_length_2359_cov_2.44835	gb_AFRQ01000061.1_-_23986-27124_ARO:3004144_AxyY	73.650	463	110	12	1896	2352	1023	1479	5.77e-42	169
NODE_21490_length_2091_cov_121.866	gb_AF472622_+_52-1018_ARO:3003003_CfxA3	100.000	966	0	0	622	1587	1	966	0.0	1784
NODE_21490_length_2091_cov_121.866	gb_AY769933_+_0-966_ARO:3003005_CfxA4	99.896	966	1	0	622	1587	1	966	0.0	1779
NODE_21490_length_2091_cov_121.866	gb_AF118110.1_-_71-1037_ARO:3003002_CfxA2	99.896	966	1	0	622	1587	1	966	0.0	1779
NODE_21490_length_2091_cov_121.866	gb_AY769934_+_27-993_ARO:3003096_CfxA5	99.793	966	2	0	622	1587	1	966	0.0	1773
NODE_21490_length_2091_cov_121.866	gb_U38243_+_149-1115_ARO:3003001_CfxA	99.793	966	2	0	622	1587	1	966	0.0	1773
NODE_21490_length_2091_cov_121.866	gb_GQ342996_+_797-1793_ARO:3003097_CfxA6	89.234	966	101	3	618	1582	30	993	0.0	1205
NODE_21507_length_2090_cov_2.10811	gb_M57437_+_0-1647_ARO:3002827_tlrC	92.500	40	1	2	808	847	594	557	4.15e-08	56.5
NODE_21597_length_2082_cov_2.25555	gb_NC_014638.1_-_1610636-1613960_ARO:3003730_Bifidobacteria	97.876	1648	33	2	436	2082	23	1669	0.0	2848
NODE_23204_length_1957_cov_20.6188	gb_M35190.1_+_308-932_ARO:3004454_Campylobacter	100.000	52	0	0	1906	1957	624	573	2.29e-20	97.1
NODE_26328_length_1758_cov_2.11509	gb_AP006618.1_+_4835199-4838688_ARO:3000501_Nocardia	86.000	250	33	2	1	249	3158	2910	1.48e-71	267
NODE_27542_length_1693_cov_87.859	gb_M35190.1_+_308-932_ARO:3004454_Campylobacter	97.115	624	18	0	1067	1690	1	624	0.0	1053
NODE_27542_length_1693_cov_87.859	gb_X53797_+_133-775_ARO:3002684_catII	94.118	34	2	0	1613	1646	556	589	4.34e-07	52.8
NODE_27677_length_1686_cov_48.1588	gb_AJ295238.3_+_163-2083_ARO:3000196_tet32	94.685	1317	68	2	371	1686	1	1316	0.0	2043
NODE_27677_length_1686_cov_48.1588	gb_M18896.2_+_206-2126_ARO:3000190_tetO	80.788	203	39	0	1484	1686	1114	1316	2.48e-39	159
NODE_32035_length_1491_cov_1.53134	gb_NC_014638.1_-_1610636-1613960_ARO:3003730_Bifidobacteria	88.547	1493	167	4	1	1491	895	2385	0.0	1807
NODE_33435_length_1438_cov_1.9154	gb_L11616_+_1569-4710_ARO:3000378_MexB	79.026	534	101	8	738	1264	1553	1024	2.50e-98	355
NODE_34790_length_1392_cov_108.871	gb_JQ740052_+_2108-3329_ARO:3000567_tet(40)	99.509	1221	6	0	161	1381	1221	1	0.0	2222
NODE_36243_length_1345_cov_2.79457	gb_AF235050.4_+_38028-40140_ARO:3003318_Streptomyces	100.000	31	0	0	8	38	1896	1926	7.39e-09	58.4
NODE_36416_length_1340_cov_2.46693	gb_AF235050.4_+_38028-40140_ARO:3003318_Streptomyces	75.236	424	76	21	764	1175	85	491	7.00e-44	174
NODE_38104_length_1288_cov_2.15977	gb_NC_002516.2_-_2847775-2850886_ARO:3004075_MuxC	100.000	33	0	0	896	928	1201	1233	5.47e-10	62.1
NODE_40679_length_1221_cov_1.01715	gb_U00096_+_3660413-3663527_ARO:3000796_mdtF	92.436	899	58	8	66	959	3114	2221	0.0	1275
NODE_40679_length_1221_cov_1.01715	gb_U00096_+_3415032-3418137_ARO:3000502_acrF	84.369	1126	151	23	109	1221	3075	1962	0.0	1081
NODE_42760_length_1172_cov_100.077	gb_M18896.2_+_206-2126_ARO:3000190_tetO	99.557	903	4	0	270	1172	1	903	0.0	1646
NODE_42760_length_1172_cov_100.077	gb_AJ295238.3_+_163-2083_ARO:3000196_tet32	91.919	396	32	0	270	665	1	396	1.87e-158	555
NODE_43416_length_1156_cov_1.74296	gb_M63556_+_90-840_ARO:3000578_CcrA	98.533	750	11	0	326	1075	750	1	0.0	1325
NODE_44419_length_1133_cov_1.80148	gb_AFRQ01000061.1_-_23986-27124_ARO:3004144_AxyY	83.133	83	10	4	435	516	1160	1239	2.22e-13	73.1
NODE_46185_length_1098_cov_2.3931	gb_X01702_+_484-1285_ARO:3002659_APH(6)-Ic	94.444	36	1	1	842	876	483	518	7.77e-08	54.7
NODE_51655_length_1002_cov_25.7951	gb_JQ740052_+_2108-3329_ARO:3000567_tet(40)	100.000	44	0	0	959	1002	1	44	3.25e-16	82.4
NODE_52863_length_982_cov_1.72168	gb_AP006618.1_+_4835199-4838688_ARO:3000501_Nocardia	78.009	432	85	9	556	982	1568	1142	1.06e-70	263
NODE_57784_length_913_cov_1.88811	gb_AF235050.4_+_38028-40140_ARO:3003318_Streptomyces	80.739	379	71	2	121	498	76	453	3.48e-80	294
NODE_58139_length_908_cov_1.09027	gb_AP009048.1_-_3980025-3981183_ARO:3000795_mdtE	99.561	912	0	1	1	908	64	975	0.0	1659
NODE_59645_length_889_cov_1.59233	gb_M58472.1_+_147-777_ARO:3004451_Agrobacterium	89.091	55	6	0	696	750	321	375	2.24e-12	69.4
NODE_60917_length_874_cov_28.8071	gb_M17124_+_1181-1982_ARO:3000498_ErmF	99.376	801	5	0	68	868	801	1	0.0	1452
NODE_60917_length_874_cov_28.8071	gb_AF319779.2_+_32-833_ARO:3000604_Erm(35)	78.643	796	166	3	75	868	794	1	1.09e-149	525
NODE_70802_length_769_cov_2.31373	gb_JQ740052_+_2108-3329_ARO:3000567_tet(40)	100.000	39	0	0	1	39	703	665	1.49e-13	73.1
NODE_73171_length_748_cov_22.5209	gb_AJ295238.3_+_163-2083_ARO:3000196_tet32	76.211	702	149	17	1	693	1219	1911	1.29e-98	355
NODE_73522_length_745_cov_152.981	gb_AF242872_+_2131-2878_ARO:3000375_ErmB	99.460	741	3	1	1	740	741	1	0.0	1345
NODE_75877_length_725_cov_1.27313	gb_AY701528.1_+_9695-10589_ARO:3004191_APH(2'')-If	92.190	653	47	4	75	725	43	693	0.0	920
NODE_75877_length_725_cov_1.27313	gb_NC_005024_+_42504-43944_ARO:3002597_AAC(6')-Ie-APH(2'')-Ia	81.956	726	121	10	1	721	530	1250	3.12e-174	606
NODE_77360_length_714_cov_1.40364	gb_NC_014638.1_-_1610636-1613960_ARO:3003730_Bifidobacteria	85.216	717	100	5	1	714	1572	859	0.0	732
NODE_79688_length_697_cov_91.8629	gb_M18896.2_+_206-2126_ARO:3000190_tetO	100.000	659	0	0	39	697	1920	1262	0.0	1218
NODE_79688_length_697_cov_91.8629	gb_AJ295238.3_+_163-2083_ARO:3000196_tet32	100.000	659	0	0	39	697	1920	1262	0.0	1218
NODE_81956_length_680_cov_1.1504	gb_M57437_+_0-1647_ARO:3002827_tlrC	100.000	29	0	0	579	607	1471	1499	4.77e-08	54.7
NODE_89882_length_632_cov_1.79203	gb_NC_014638.1_-_1610636-1613960_ARO:3003730_Bifidobacteria	85.345	464	63	3	173	632	1	463	7.96e-135	475
NODE_90689_length_627_cov_1.02273	gb_FN594949_+_27481-28339_ARO:3002629_ANT(6)-Ib	100.000	479	0	0	1	479	380	858	0.0	885
NODE_101571_length_576_cov_1.17658	gb_AP009048.1_-_4153663-4154296_ARO:3000518_CRP	99.625	533	2	0	44	576	1	533	0.0	974
NODE_103866_length_566_cov_2	gb_AF235050.4_+_38028-40140_ARO:3003318_Streptomyces	100.000	31	0	0	19	49	1896	1926	3.05e-09	58.4
NODE_105865_length_558_cov_1.00398	gb_U00096_+_2154015-2155263_ARO:3000792_mdtA	96.953	558	17	0	1	558	219	776	0.0	937
NODE_108396_length_548_cov_1.24138	gb_CP015085.1_-_2551711-2552440_ARO:3003838_gadW	96.034	353	14	0	1	353	377	729	6.58e-165	575
NODE_110709_length_539_cov_1.13017	gb_CP015085.1_-_2551711-2552440_ARO:3003838_gadW	92.308	299	16	1	12	303	299	1	1.15e-117	418
NODE_110942_length_539_cov_1.91116	gb_NC_014638.1_-_1610636-1613960_ARO:3003730_Bifidobacteria	99.628	269	1	0	1	269	269	1	6.70e-140	492
NODE_120816_length_505_cov_0.982222	gb_U00096_-_1124117-1125326_ARO:3001216_mdtH	99.219	128	1	0	1	128	968	1095	1.51e-61	231
NODE_124985_length_492_cov_1.62014	gb_U00096_+_2812615-2814154_ARO:3000074_emrB	100.000	288	0	0	205	492	1539	1252	3.59e-152	532
NODE_126202_length_488_cov_1.07852	gb_U00096_-_3412802-3413465_ARO:3000656_acrS	100.000	87	0	0	1	87	577	663	1.93e-40	161
NODE_127933_length_482_cov_1.31148	gb_AP009048_+_2165012-2166416_ARO:3000829_baeS	100.000	45	0	0	1	45	45	1	4.25e-17	84.2
NODE_128249_length_482_cov_1.34426	gb_KU736867.1_+_19653-21573_ARO:3004442_tet(W/N/W)	91.184	397	35	0	84	480	1	397	2.10e-154	540
NODE_128249_length_482_cov_1.34426	gb_EU434751_+_658-2578_ARO:3000194_tetW	91.184	397	35	0	84	480	1	397	2.10e-154	540
NODE_142618_length_437_cov_1.20157	gb_U00096_+_2155262-2158385_ARO:3000793_mdtB	98.856	437	5	0	1	437	2679	3115	0.0	780
NODE_145879_length_427_cov_1.89516	gb_AP006618.1_+_4835199-4838688_ARO:3000501_Nocardia	84.384	333	50	2	96	427	3365	3034	5.64e-90	326
NODE_147461_length_421_cov_1.21585	gb_NC_000913.3_+_966620-968369_ARO:3003950_msbA	100.000	421	0	0	1	421	528	108	0.0	778
NODE_152762_length_403_cov_2.13793	gb_NC_014638.1_-_1610636-1613960_ARO:3003730_Bifidobacteria	89.950	398	40	0	1	398	1982	1585	1.05e-146	514
NODE_159915_length_379_cov_0.92284	gb_FJ768952_+_0-1488_ARO:3000237_tolC	99.472	379	2	0	1	379	784	406	0.0	689
NODE_160648_length_377_cov_1.11491	gb_NC_000913.3_-_481253-484403_ARO:3000216_acrB	100.000	377	0	0	1	377	1295	1671	0.0	697
NODE_162784_length_371_cov_75.9494	gb_M18896.2_+_206-2126_ARO:3000190_tetO	99.191	371	3	0	1	371	849	1219	0.0	669
NODE_163874_length_367_cov_1.38141	gb_AJ295238.3_+_163-2083_ARO:3000196_tet32	94.565	368	18	2	1	367	1094	728	7.26e-163	568
NODE_164970_length_364_cov_0.957929	gb_FJ768952_+_0-1488_ARO:3000237_tolC	100.000	364	0	0	1	364	793	1156	0.0	673
NODE_167494_length_357_cov_1.33444	gb_NC_014638.1_-_1610636-1613960_ARO:3003730_Bifidobacteria	90.503	358	32	2	1	357	357	713	5.68e-134	472
NODE_170985_length_347_cov_1.51027	gb_U00096_+_2484373-2487967_ARO:3000833_evgS	99.712	347	1	0	1	347	1352	1006	0.0	636
NODE_174356_length_338_cov_1.17314	gb_M57437_+_0-1647_ARO:3002827_tlrC	100.000	29	0	0	62	90	1471	1499	2.30e-08	54.7
NODE_179307_length_326_cov_0.763838	gb_NC_000913.3_-_484425-485619_ARO:3004043_Escherichia	100.000	326	0	0	1	326	957	632	1.75e-173	603
NODE_181661_length_321_cov_1.19925	gb_DQ212986_+_5984-7034_ARO:3002909_vanG	98.131	321	6	0	1	321	959	639	1.05e-160	560
NODE_182935_length_317_cov_1.20229	gb_JN086160_-_1582-2407_ARO:3001777_OXA-347	100.000	317	0	0	1	317	567	251	1.71e-168	586
NODE_182993_length_317_cov_1.31679	gb_U00096_+_3660413-3663527_ARO:3000796_mdtF	99.369	317	2	0	1	317	871	555	3.71e-165	575
NODE_186793_length_304_cov_0.951807	gb_U00096_+_3413863-3415021_ARO:3000499_acrE	99.013	304	3	0	1	304	856	553	2.78e-156	545
NODE_196056_length_278_cov_112.52	gb_AF242872_+_2131-2878_ARO:3000375_ErmB	98.387	62	0	1	1	61	686	747	1.41e-24	108
NODE_197115_length_275_cov_0.786364	gb_U00096_+_2812615-2814154_ARO:3000074_emrB	100.000	275	0	0	1	275	1269	995	3.28e-145	508
NODE_200416_length_269_cov_1.46729	gb_U00096_+_2158385-2161463_ARO:3000794_mdtC	99.628	269	1	0	1	269	1524	1792	3.22e-140	492
NODE_210777_length_256_cov_1.0995	gb_NC_000913.3_+_2810769-2811300_ARO:3000516_emrR	100.000	163	0	0	94	256	531	369	5.53e-83	302
NODE_212816_length_254_cov_0.839196	gb_U00096_+_3413863-3415021_ARO:3000499_acrE	100.000	254	0	0	1	254	11	264	1.42e-133	470
NODE_213693_length_253_cov_0.909091	gb_L20800_+_1062-2325_ARO:3000180_tetA(P)	100.000	253	0	0	1	253	661	409	5.08e-133	468
NODE_222446_length_246_cov_1.41361	gb_FN594949_+_27481-28339_ARO:3002629_ANT(6)-Ib	100.000	180	0	0	1	180	180	1	1.88e-92	333
NODE_224674_length_245_cov_1.65789	gb_U00096_+_3415032-3418137_ARO:3000502_acrF	76.923	91	21	0	152	242	1246	1156	5.86e-08	52.8
NODE_229220_length_242_cov_1.03743	gb_NC_002695.1_-_4903561-4904935_ARO:3000830_cpxA	100.000	136	0	0	1	136	136	1	5.31e-68	252
NODE_232167_length_240_cov_0.972973	gb_NC_000913.3_-_4377810-4378944_ARO:3004290_Escherichia	99.583	240	1	0	1	240	619	380	3.76e-124	438
NODE_232196_length_240_cov_1.36757	gb_AY055428.1_-_20268-21084_ARO:3000412_sul2	100.000	240	0	0	1	240	781	542	8.09e-126	444
NODE_240577_length_236_cov_1.87845	gb_CP004067_+_52914-53709_ARO:3002647_APH(3')-IIIa	100.000	210	0	0	27	236	1	210	3.77e-109	388
NODE_241329_length_235_cov_1.47222	gb_U00096_+_2484373-2487967_ARO:3000833_evgS	100.000	235	0	0	1	235	1670	1436	4.76e-123	435
NODE_243937_length_234_cov_0.75419	gb_AP009048.1_-_4153663-4154296_ARO:3000518_CRP	100.000	76	0	0	1	76	558	633	1.16e-34	141
NODE_249400_length_231_cov_1.02273	gb_U00096_-_2098446-2099613_ARO:3003577_ugd	97.835	231	5	0	1	231	734	504	1.70e-112	399
NODE_251551_length_230_cov_1.53714	gb_NC_014638.1_-_1610636-1613960_ARO:3003730_Bifidobacteria	97.059	68	2	0	1	68	2102	2169	6.88e-27	115
NODE_255326_length_229_cov_1.15517	gb_U00096.3_-_4567286-4568519_ARO:3001214_mdtM	100.000	229	0	0	1	229	544	316	1.00e-119	424
NODE_260295_length_227_cov_0.738372	gb_U00096_+_3415032-3418137_ARO:3000502_acrF	98.678	227	3	0	1	227	722	948	1.29e-113	403
NODE_260686_length_227_cov_1.34302	gb_U00096.3_-_3203309-3204131_ARO:3002986_bacA	100.000	227	0	0	1	227	153	379	1.28e-118	420
NODE_265405_length_225_cov_1.18824	gb_CP004067_+_52914-53709_ARO:3002647_APH(3')-IIIa	99.043	209	2	0	17	225	795	587	2.79e-105	375
NODE_266961_length_224_cov_0.798817	gb_U00096_+_2484373-2487967_ARO:3000833_evgS	100.000	224	0	0	1	224	769	546	5.88e-117	414
NODE_269144_length_223_cov_1.06548	gb_JF268688.1_-_5407-6232_ARO:3001809_OXA-209	99.552	223	1	0	1	223	783	561	9.79e-115	407
NODE_269144_length_223_cov_1.06548	gb_JN086160_-_1582-2407_ARO:3001777_OXA-347	99.552	223	1	0	1	223	783	561	9.79e-115	407
NODE_272314_length_222_cov_1.07784	gb_U00096_+_2812615-2814154_ARO:3000074_emrB	100.000	222	0	0	1	222	866	645	7.53e-116	411
NODE_273185_length_222_cov_1.34132	gb_NC_007779_+_2586250-2589364_ARO:3000491_acrD	100.000	222	0	0	1	222	2246	2467	7.53e-116	411
NODE_273587_length_222_cov_1.16168	gb_U00096_+_3660413-3663527_ARO:3000796_mdtF	99.099	222	2	0	1	222	1099	878	1.63e-112	399
NODE_274358_length_222_cov_1.33533	gb_U00096_-_2098446-2099613_ARO:3003577_ugd	75.135	185	46	0	20	204	679	863	1.44e-18	87.9
NODE_275258_length_221_cov_0.759036	gb_U00096_+_3413863-3415021_ARO:3000499_acrE	97.738	221	5	0	1	221	863	1083	5.88e-107	381
NODE_275801_length_221_cov_1.5	gb_U05883_+_555-1458_ARO:3003559_cepA	82.317	164	29	0	37	200	77	240	3.02e-35	143
NODE_277879_length_220_cov_1.6303	gb_JN086160_-_1582-2407_ARO:3001777_OXA-347	100.000	220	0	0	1	220	246	27	9.65e-115	407
NODE_280707_length_219_cov_0.731707	gb_U00096_+_2484373-2487967_ARO:3000833_evgS	100.000	219	0	0	1	219	538	320	3.45e-114	405
NODE_283846_length_218_cov_1.08589	gb_NC_007779_+_2586250-2589364_ARO:3000491_acrD	100.000	218	0	0	1	218	2037	2254	1.24e-113	403
NODE_294894_length_214_cov_0.849057	gb_KU736867.1_+_19653-21573_ARO:3004442_tet(W/N/W)	84.722	216	29	3	1	214	421	634	2.19e-56	213
NODE_302369_length_212_cov_1.15924	gb_KU736867.1_+_19653-21573_ARO:3004442_tet(W/N/W)	100.000	212	0	0	1	212	894	1105	2.59e-110	392
NODE_305588_length_211_cov_0.967949	gb_U00096_+_2158385-2161463_ARO:3000794_mdtC	100.000	211	0	0	1	211	1275	1485	9.28e-110	390
NODE_307365_length_211_cov_1.69231	gb_AP006618.1_+_4835199-4838688_ARO:3000501_Nocardia	86.829	205	27	0	2	206	3158	2954	2.14e-61	230
NODE_309479_length_210_cov_1.4129	gb_AP009048.1_-_4303042-4304509_ARO:3003550_mdtP	100.000	92	0	0	119	210	1467	1376	1.31e-43	171
NODE_312632_length_209_cov_1.37662	gb_NC_000913.3_-_481253-484403_ARO:3000216_acrB	100.000	209	0	0	1	209	2100	1892	1.19e-108	387
NODE_319771_length_207_cov_1.31579	gb_NC_000913.3_-_481253-484403_ARO:3000216_acrB	99.517	207	1	0	1	207	1861	1655	7.07e-106	377
NODE_322934_length_206_cov_1.01987	gb_U00096_+_2812615-2814154_ARO:3000074_emrB	100.000	206	0	0	1	206	357	152	5.44e-107	381
NODE_324796_length_190_cov_21.4	gb_AF242872_+_2131-2878_ARO:3000375_ErmB	100.000	50	0	0	1	50	50	1	2.61e-20	93.5
NODE_325797_length_158_cov_13.4175	gb_AF319779.2_+_32-833_ARO:3000604_Erm(35)	100.000	49	0	0	110	158	1	49	7.68e-20	91.6
NODE_325797_length_158_cov_13.4175	gb_M17124_+_1181-1982_ARO:3000498_ErmF	100.000	49	0	0	110	158	1	49	7.68e-20	91.6
NODE_326036_length_152_cov_93.5258	gb_M18896.2_+_206-2126_ARO:3000190_tetO	100.000	152	0	0	1	152	1316	1165	4.06e-77	281
NODE_326036_length_152_cov_93.5258	gb_AJ295238.3_+_163-2083_ARO:3000196_tet32	84.211	152	24	0	1	152	1316	1165	4.30e-37	148
NODE_328236_length_111_cov_88.4643	gb_JQ740052_+_2108-3329_ARO:3000567_tet(40)	100.000	44	0	0	68	111	1	44	3.06e-17	82.4
NODE_328252_length_110_cov_7.6	gb_AF319779.2_+_32-833_ARO:3000604_Erm(35)	100.000	49	0	0	62	110	1	49	5.03e-20	91.6
NODE_328252_length_110_cov_7.6	gb_M17124_+_1181-1982_ARO:3000498_ErmF	100.000	49	0	0	62	110	1	49	5.03e-20	91.6
NODE_328606_length_107_cov_21.7885	gb_AF242872_+_2131-2878_ARO:3000375_ErmB	98.214	56	0	1	53	107	741	686	1.04e-21	97.1
NODE_328698_length_106_cov_12.2549	gb_JQ740052_+_2108-3329_ARO:3000567_tet(40)	100.000	44	0	0	63	106	1	44	2.89e-17	82.4
NODE_328911_length_104_cov_9.04082	gb_AJ295238.3_+_163-2083_ARO:3000196_tet32	91.000	100	8	1	6	104	853	952	7.69e-33	134
NODE_328911_length_104_cov_9.04082	gb_M18896.2_+_206-2126_ARO:3000190_tetO	98.182	55	1	0	1	55	849	903	1.01e-21	97.1
NODE_329320_length_99_cov_20.0682	gb_M18896.2_+_206-2126_ARO:3000190_tetO	91.463	82	7	0	18	99	1138	1219	9.43e-27	113
NODE_329320_length_99_cov_20.0682	gb_AJ295238.3_+_163-2083_ARO:3000196_tet32	90.000	80	8	0	1	80	1121	1200	5.68e-24	104
NODE_329511_length_96_cov_6.36585	gb_KU736867.1_+_19653-21573_ARO:3004442_tet(W/N/W)	89.362	94	10	0	3	96	209	116	1.95e-28	119
NODE_329511_length_96_cov_6.36585	gb_EU434751_+_658-2578_ARO:3000194_tetW	89.362	94	10	0	3	96	209	116	1.95e-28	119
NODE_329512_length_96_cov_3.56098	gb_KU736867.1_+_19653-21573_ARO:3004442_tet(W/N/W)	90.217	92	9	0	3	94	118	209	5.42e-29	121
NODE_329512_length_96_cov_3.56098	gb_EU434751_+_658-2578_ARO:3000194_tetW	90.217	92	9	0	3	94	118	209	5.42e-29	121
