NODE_4_length_299809_cov_37.7208	gb_AP009048.1_-_4304505-4306557_ARO:3003549_mdtO	99.903	2052	2	0	209966	212017	1	2052	0.0	3779
NODE_4_length_299809_cov_37.7208	gb_AP009048_-_4338624-4340268_ARO:3003576_eptA	100.000	1644	0	0	177854	179497	1	1644	0.0	3037
NODE_4_length_299809_cov_37.7208	gb_AP009048.1_-_4303042-4304509_ARO:3003550_mdtP	100.000	1467	0	0	212014	213480	1	1467	0.0	2710
NODE_4_length_299809_cov_37.7208	gb_NC_000913.3_-_4377810-4378944_ARO:3004290_Escherichia	100.000	1134	0	0	134499	135632	1	1134	0.0	2095
NODE_4_length_299809_cov_37.7208	gb_AP009048.1_-_4306556-4307588_ARO:3003548_mdtN	100.000	1032	0	0	208935	209966	1	1032	0.0	1906
NODE_4_length_299809_cov_37.7208	gb_AJ555823_+_0-1146_ARO:3002026_CMY-15	72.588	1109	267	30	134532	135617	37	1131	3.19e-88	329
NODE_4_length_299809_cov_37.7208	gb_AM931008_+_0-1146_ARO:3002049_CMY-38	72.613	1110	265	31	134532	135617	37	1131	3.19e-88	329
NODE_4_length_299809_cov_37.7208	gb_Y16785_+_0-1143_ARO:3002023_CMY-12	72.498	1109	268	30	134532	135617	37	1131	1.49e-86	324
NODE_4_length_299809_cov_37.7208	gb_KM087859_+_0-1146_ARO:3002176_MIR-11	72.057	977	243	25	134619	135580	133	1094	9.13e-69	265
NODE_4_length_299809_cov_37.7208	gb_KM087851_+_0-1146_ARO:3002180_MIR-15	72.057	977	243	26	134619	135580	133	1094	9.13e-69	265
NODE_4_length_299809_cov_37.7208	gb_AY227752_+_88-1234_ARO:3002168_MIR-2	71.720	1029	261	25	134619	135632	133	1146	1.18e-67	261
NODE_4_length_299809_cov_37.7208	gb_KM087858_+_0-1146_ARO:3002175_MIR-10	71.955	977	244	25	134619	135580	133	1094	4.25e-67	259
NODE_4_length_299809_cov_37.7208	gb_KM087860_+_0-1146_ARO:3002174_MIR-9	71.955	977	244	25	134619	135580	133	1094	4.25e-67	259
NODE_4_length_299809_cov_37.7208	gb_JQ664733_+_0-1146_ARO:3002171_MIR-6	71.955	977	244	26	134619	135580	133	1094	4.25e-67	259
NODE_4_length_299809_cov_37.7208	gb_KM087861_+_0-1146_ARO:3002181_MIR-16	71.955	977	244	25	134619	135580	133	1094	4.25e-67	259
NODE_4_length_299809_cov_37.7208	gb_EF417572_+_29-1175_ARO:3002167_MIR-4	71.853	977	245	26	134619	135580	133	1094	1.98e-65	254
NODE_4_length_299809_cov_37.7208	gb_FJ237367_+_0-1146_ARO:3002173_MIR-8	71.853	977	245	26	134619	135580	133	1094	1.98e-65	254
NODE_4_length_299809_cov_37.7208	gb_KM087863_+_0-1146_ARO:3002177_MIR-12	71.853	977	245	25	134619	135580	133	1094	1.98e-65	254
NODE_4_length_299809_cov_37.7208	gb_KP050484_+_0-1146_ARO:3002170_MIR-5	71.853	977	245	25	134619	135580	133	1094	1.98e-65	254
NODE_4_length_299809_cov_37.7208	gb_AY743435_+_13-1159_ARO:3002169_MIR-3	71.853	977	245	26	134619	135580	133	1094	1.98e-65	254
NODE_4_length_299809_cov_37.7208	gb_M37839_+_927-2073_ARO:3002166_MIR-1	71.750	977	246	25	134619	135580	133	1094	9.20e-64	248
NODE_4_length_299809_cov_37.7208	gb_LN515535_+_0-1146_ARO:3003173_MIR-17	71.750	977	246	25	134619	135580	133	1094	9.20e-64	248
NODE_4_length_299809_cov_37.7208	gb_KM087862_+_0-1146_ARO:3002178_MIR-13	71.648	977	247	26	134619	135580	133	1094	4.28e-62	243
NODE_4_length_299809_cov_37.7208	gb_KM926622_+_238-1384_ARO:3003172_ACT-37	70.192	1040	258	42	134619	135632	133	1146	5.73e-36	156
NODE_4_length_299809_cov_37.7208	gb_KF992029_+_748-1894_ARO:3001840_ACT-19	69.971	1039	262	41	134619	135632	133	1146	1.24e-32	145
NODE_11_length_254392_cov_29.0214	gb_NC_000913.3_+_966620-968369_ARO:3003950_msbA	100.000	1749	0	0	127447	129195	1	1749	0.0	3230
NODE_11_length_254392_cov_29.0214	gb_JQ394987_+_0-1233_ARO:3001328_Escherichia	98.378	1233	20	0	44500	45732	1	1233	0.0	2167
NODE_21_length_199171_cov_30.6538	gb_U00096_+_2484373-2487967_ARO:3000833_evgS	100.000	3594	0	0	26312	29905	3594	1	0.0	6637
NODE_21_length_199171_cov_30.6538	gb_NC_000913.3_-_2306971-2308615_ARO:3003952_yojI	100.000	1644	0	0	195413	197056	1	1644	0.0	3037
NODE_21_length_199171_cov_30.6538	gb_D78168_+_1591-3130_ARO:3000254_emrY	99.935	1539	1	0	32103	33641	1	1539	0.0	2837
NODE_21_length_199171_cov_30.6538	gb_D78168_+_536-1592_ARO:3000206_emrK	100.000	1056	0	0	31048	32103	1	1056	0.0	1951
NODE_21_length_199171_cov_30.6538	gb_U00096_+_2367070-2368039_ARO:3003578_pmrF	100.000	969	0	0	135989	136957	969	1	0.0	1790
NODE_21_length_199171_cov_30.6538	gb_NC_002695_+_3211891-3212506_ARO:3000832_evgA	100.000	615	0	0	29910	30524	615	1	0.0	1136
NODE_28_length_181688_cov_31.5299	gb_NC_007779_+_2586250-2589364_ARO:3000491_acrD	100.000	3114	0	0	43159	46272	1	3114	0.0	5751
NODE_28_length_181688_cov_31.5299	gb_AJ252200_+_1278-4401_ARO:3003056_smeE	73.261	834	211	10	43845	44672	687	1514	7.06e-78	294
NODE_28_length_181688_cov_31.5299	gb_U00096_+_3660413-3663527_ARO:3000796_mdtF	74.359	468	106	11	44182	44642	1024	1484	1.23e-45	187
NODE_28_length_181688_cov_31.5299	gb_AB219524.1_+_1176-4338_ARO:3003699_mexQ	83.582	67	11	0	44342	44408	1190	1256	2.17e-08	63.9
NODE_34_length_173497_cov_40.0679	gb_AY928180_+_0-495_ARO:3002837_lnuC	99.192	495	4	0	86127	86621	495	1	0.0	893
NODE_36_length_172054_cov_38.333	gb_U00096_+_3415032-3418137_ARO:3000502_acrF	99.968	3105	1	0	5295	8399	3105	1	0.0	5729
NODE_36_length_172054_cov_38.333	gb_U00096_+_3413863-3415021_ARO:3000499_acrE	100.000	1158	0	0	8411	9568	1158	1	0.0	2139
NODE_36_length_172054_cov_38.333	gb_U00096_-_3412802-3413465_ARO:3000656_acrS	99.849	663	1	0	9967	10629	1	663	0.0	1219
NODE_36_length_172054_cov_38.333	gb_NC_000913.3_-_481253-484403_ARO:3000216_acrB	73.790	3140	723	89	5303	8390	3100	9	0.0	1147
NODE_36_length_172054_cov_38.333	gb_NC_003197.2_-_393893-397061_ARO:3000790_mdsB	81.928	83	9	6	5415	5494	3012	2933	5.70e-09	65.8
NODE_38_length_168462_cov_28.4297	gb_U00096_+_2158385-2161463_ARO:3000794_mdtC	99.838	3078	5	0	25041	28118	1	3078	0.0	5657
NODE_38_length_168462_cov_28.4297	gb_U00096_+_2155262-2158385_ARO:3000793_mdtB	99.039	3123	30	0	21918	25040	1	3123	0.0	5602
NODE_38_length_168462_cov_28.4297	gb_AP009048_+_2165012-2166416_ARO:3000829_baeS	100.000	1404	0	0	29531	30934	1	1404	0.0	2593
NODE_38_length_168462_cov_28.4297	gb_U00096_+_2154015-2155263_ARO:3000792_mdtA	97.997	1248	25	0	20671	21918	1	1248	0.0	2167
NODE_38_length_168462_cov_28.4297	gb_NC_007779_+_2166412-2167135_ARO:3000828_baeR	100.000	723	0	0	30931	31653	1	723	0.0	1336
NODE_54_length_147367_cov_38.6672	gb_AP009048.1_-_4153663-4154296_ARO:3000518_CRP	99.842	633	1	0	131755	132387	633	1	0.0	1164
NODE_63_length_136258_cov_32.486	gb_U00096_+_2812615-2814154_ARO:3000074_emrB	100.000	1539	0	0	71239	72777	1	1539	0.0	2843
NODE_63_length_136258_cov_32.486	gb_AP009048_+_2810082-2811255_ARO:3000027_emrA	100.000	1173	0	0	70050	71222	1	1173	0.0	2167
NODE_63_length_136258_cov_32.486	gb_NC_000913.3_+_2810769-2811300_ARO:3000516_emrR	100.000	531	0	0	69393	69923	1	531	0.0	981
NODE_72_length_131778_cov_33.2511	gb_NC_000913.3_-_481253-484403_ARO:3000216_acrB	100.000	3150	0	0	89717	92866	3150	1	0.0	5818
NODE_72_length_131778_cov_33.2511	gb_NC_000913.3_-_484425-485619_ARO:3004043_Escherichia	100.000	1194	0	0	92889	94082	1194	1	0.0	2206
NODE_72_length_131778_cov_33.2511	gb_U00096_+_3415032-3418137_ARO:3000502_acrF	73.716	3135	734	81	89767	92858	3097	10	0.0	1142
NODE_72_length_131778_cov_33.2511	gb_AJ318073.1_+_793-1990_ARO:3004041_Klebsiella	78.578	1167	241	8	92922	94082	1164	1	0.0	761
NODE_72_length_131778_cov_33.2511	gb_NC_006350.1_-_2147817-2150949_ARO:3002983_amrB	73.902	387	84	16	89862	90241	2984	2608	2.54e-31	139
NODE_82_length_125562_cov_39.8715	gb_NC_002695.1_-_4903561-4904935_ARO:3000830_cpxA	98.981	1374	14	0	62811	64184	1374	1	0.0	2460
NODE_92_length_120597_cov_26.7808	gb_NC_002695.2_-_1737690-1738104_ARO:3000676_H-NS	99.275	414	3	0	98163	98576	1	414	0.0	749
NODE_98_length_116948_cov_27.437	gb_U00096_-_1124117-1125326_ARO:3001216_mdtH	100.000	1209	0	0	28491	29699	1209	1	0.0	2233
NODE_98_length_116948_cov_27.437	gb_CP000800.1_-_1191727-1192954_ARO:3001329_mdtG	99.430	1227	7	0	18636	19862	1227	1	0.0	2228
NODE_128_length_105912_cov_8.02212	gb_NC_000913.3_-_481253-484403_ARO:3000216_acrB	74.614	583	135	8	34972	35543	1555	975	4.21e-63	244
NODE_186_length_90230_cov_37.0221	gb_FJ768952_+_0-1488_ARO:3000237_tolC	100.000	1488	0	0	71890	73377	1488	1	0.0	2748
NODE_186_length_90230_cov_37.0221	gb_NC_000913.3_+_3219493-3220873_ARO:3000024_patA	99.928	1380	1	0	31950	33329	1380	1	0.0	2543
NODE_186_length_90230_cov_37.0221	gb_U00096.3_-_3203309-3204131_ARO:3002986_bacA	100.000	822	0	0	48691	49512	1	822	0.0	1519
NODE_269_length_72015_cov_30.8823	gb_NC_000913.3_-_721055-721733_ARO:3003841_kdpE	100.000	678	0	0	63505	64182	678	1	0.0	1253
NODE_269_length_72015_cov_30.8823	gb_NC_000913.3_-_721055-721733_ARO:3003841_kdpE	90.278	144	14	0	59170	59313	678	535	1.36e-46	189
NODE_315_length_65939_cov_55.2273	gb_NC_002516.2_-_2847775-2850886_ARO:3004075_MuxC	100.000	33	0	0	59901	59933	1201	1233	2.83e-08	62.1
NODE_385_length_57407_cov_39.0442	gb_M17124_+_1181-1982_ARO:3000498_ErmF	91.343	797	69	0	55066	55862	797	1	0.0	1090
NODE_385_length_57407_cov_39.0442	gb_AF319779.2_+_32-833_ARO:3000604_Erm(35)	78.901	801	169	0	55062	55862	801	1	2.01e-153	544
NODE_397_length_56698_cov_26.0386	gb_CP014358.1_-_2161325-2162750_ARO:3001327_mdtK	75.461	1410	332	12	7280	8682	1	1403	0.0	675
NODE_562_length_46101_cov_24.4858	gb_NC_007779_+_1621287-1621671_ARO:3000263_marA	100.000	384	0	0	14327	14710	384	1	0.0	710
NODE_639_length_42260_cov_41.9909	gb_U00096_+_3660413-3663527_ARO:3000796_mdtF	99.968	3114	1	0	2715	5828	3114	1	0.0	5746
NODE_639_length_42260_cov_41.9909	gb_AP009048.1_-_3980025-3981183_ARO:3000795_mdtE	100.000	1158	0	0	5853	7010	1158	1	0.0	2139
NODE_639_length_42260_cov_41.9909	gb_NC_007779_+_3974604-3975429_ARO:3000508_gadX	100.000	825	0	0	432	1256	1	825	0.0	1524
NODE_639_length_42260_cov_41.9909	gb_CP015085.1_-_2551711-2552440_ARO:3003838_gadW	94.650	729	39	0	1624	2352	1	729	0.0	1131
NODE_639_length_42260_cov_41.9909	gb_L11616_+_1569-4710_ARO:3000378_MexB	76.774	465	103	5	4331	4793	1497	1036	7.76e-67	255
NODE_639_length_42260_cov_41.9909	gb_AJ252200_+_1278-4401_ARO:3003056_smeE	74.790	476	113	7	4330	4802	1498	1027	2.20e-52	207
NODE_639_length_42260_cov_41.9909	gb_NC_007779_+_2586250-2589364_ARO:3000491_acrD	74.359	468	106	11	4345	4805	1484	1024	2.87e-46	187
NODE_639_length_42260_cov_41.9909	gb_U57969_+_1485-4617_ARO:3000801_MexD	86.316	95	13	0	4564	4658	1271	1177	2.97e-21	104
NODE_639_length_42260_cov_41.9909	gb_NC_010378.1_+_47850-51003_ARO:3003923_oqxB	87.500	72	7	2	4575	4645	1263	1193	1.39e-14	82.4
NODE_639_length_42260_cov_41.9909	gb_NC_002516_+_2810008-2813197_ARO:3000804_MexF	81.443	97	18	0	4576	4672	1262	1166	5.01e-14	80.5
NODE_727_length_39040_cov_7.41198	gb_AF173226_+_3767-6917_ARO:3003052_smeB	87.500	56	7	0	19815	19870	1241	1186	1.30e-09	65.8
NODE_727_length_39040_cov_7.41198	gb_AJ252200_+_1278-4401_ARO:3003056_smeE	78.313	83	18	0	19815	19897	1241	1159	2.81e-06	54.7
NODE_923_length_32044_cov_57.0325	gb_EU434751_+_658-2578_ARO:3000194_tetW	95.480	177	8	0	1	177	1744	1920	2.70e-75	283
NODE_1097_length_27981_cov_6.73458	gb_GQ343019_+_132-1023_ARO:3002999_CblA-1	96.970	891	27	0	2799	3689	891	1	0.0	1496
NODE_1111_length_27758_cov_8.33718	gb_NC_023287.1_-_65291-66509_ARO:3000615_mefA	100.000	46	0	0	27713	27758	1	46	7.07e-16	86.1
NODE_1391_length_23365_cov_67.0523	gb_U05883_+_555-1458_ARO:3003559_cepA	77.574	816	165	17	8855	9661	883	77	8.41e-134	477
NODE_1458_length_22370_cov_6.47027	gb_AF173226_+_3767-6917_ARO:3003052_smeB	86.486	74	10	0	16368	16441	1169	1242	7.38e-15	82.4
NODE_1458_length_22370_cov_6.47027	gb_AJ252200_+_1278-4401_ARO:3003056_smeE	81.944	72	13	0	16370	16441	1171	1242	9.61e-09	62.1
NODE_1633_length_20302_cov_59.0879	gb_AF235050.4_+_38028-40140_ARO:3003318_Streptomyces	74.941	423	79	20	14654	15065	85	491	5.00e-41	169
NODE_1739_length_19078_cov_7.87037	gb_L36601_+_1420-3130_ARO:3003036_oleB	97.059	34	1	0	5952	5985	1565	1532	1.06e-07	58.4
NODE_1742_length_19049_cov_5.64478	gb_M57437_+_0-1647_ARO:3002827_tlrC	96.875	32	1	0	7131	7162	568	599	1.37e-06	54.7
NODE_1754_length_18986_cov_35.3202	gb_U00096.3_-_4567286-4568519_ARO:3001214_mdtM	95.545	1212	54	0	49	1260	22	1233	0.0	1940
NODE_1832_length_18339_cov_28.123	gb_Z11877.1_+_485-818_ARO:3004039_Escherichia	91.892	333	27	0	2422	2754	333	1	1.43e-130	466
NODE_1945_length_17428_cov_4.74414	gb_M80346_+_0-1656_ARO:3002817_carA	96.970	33	1	0	12146	12178	603	571	3.48e-07	56.5
NODE_2106_length_16290_cov_26.3198	gb_U00096_+_3415032-3418137_ARO:3000502_acrF	74.590	122	31	0	4055	4176	1125	1246	1.17e-06	54.7
NODE_2584_length_13168_cov_5.34897	gb_AM180355_+_600033-601953_ARO:3000186_tetM	90.052	1920	191	0	3991	5910	1920	1	0.0	2488
NODE_2584_length_13168_cov_5.34897	gb_L09756_+_0-1926_ARO:3000192_tetS	78.590	1929	392	19	3992	5909	1920	2	0.0	1254
NODE_2939_length_11471_cov_8.28565	gb_AP006618.1_+_4835199-4838688_ARO:3000501_Nocardia	80.397	403	75	4	1804	2204	2966	3366	7.41e-82	303
NODE_2954_length_11422_cov_5.42597	gb_AM180355_+_600033-601953_ARO:3000186_tetM	90.052	1920	191	0	5513	7432	1	1920	0.0	2488
NODE_2954_length_11422_cov_5.42597	gb_L09756_+_0-1926_ARO:3000192_tetS	78.590	1929	392	19	5514	7431	2	1920	0.0	1254
NODE_3212_length_10561_cov_5.25309	gb_AF235050.4_+_38028-40140_ARO:3003318_Streptomyces	74.352	347	81	7	9921	10263	417	75	5.67e-33	141
NODE_3355_length_10076_cov_37.4043	gb_AY522923.1_-_7744-8983_ARO:3003839_Mrx	100.000	1239	0	0	7812	9050	1239	1	0.0	2289
NODE_3355_length_10076_cov_37.4043	gb_D16251.1_-_1625-2531_ARO:3000316_mphA	100.000	906	0	0	9047	9952	906	1	0.0	1674
NODE_3355_length_10076_cov_37.4043	gb_JF969163_+_1053-1893_ARO:3000410_sul1	100.000	840	0	0	2897	3736	1	840	0.0	1552
NODE_3355_length_10076_cov_37.4043	gb_AF137361_+_63-852_ARO:3002605_aadA5	100.000	789	0	0	1562	2350	1	789	0.0	1458
NODE_3355_length_10076_cov_37.4043	gb_AY138986_+_0-789_ARO:3002604_aadA4	94.930	789	40	0	1562	2350	1	789	0.0	1236
NODE_3355_length_10076_cov_37.4043	gb_DQ838665_+_0-474_ARO:3002860_dfrA17	100.000	474	0	0	958	1431	1	474	0.0	876
NODE_3355_length_10076_cov_37.4043	gb_FJ854362_+_2338-2812_ARO:3002862_dfrA7	91.139	474	42	0	958	1431	1	474	0.0	643
NODE_3355_length_10076_cov_37.4043	gb_Y11946.1_+_0-980_ARO:3002578_AAC(6')-Ib7	99.598	249	1	0	696	944	1	249	1.70e-127	455
NODE_3355_length_10076_cov_37.4043	gb_DQ390458_-_3095-3995_ARO:3002609_aadA9	98.387	62	1	0	883	944	1	62	1.52e-23	110
NODE_3355_length_10076_cov_37.4043	gb_L06157_+_554-1085_ARO:3002530_AAC(3)-Ib	100.000	58	0	0	883	940	1	58	5.48e-23	108
NODE_3422_length_9885_cov_11.6898	gb_NC_023287.1_-_65291-66509_ARO:3000615_mefA	100.000	46	0	0	1	46	46	1	2.52e-16	86.1
NODE_3594_length_9381_cov_11.7187	gb_NC_012469.1_-_1800927-1802391_ARO:3000616_mel	91.799	1451	119	0	189	1639	1	1451	0.0	2021
NODE_3790_length_8823_cov_57.964	gb_KP050492_+_0-861_ARO:3001392_TEM-215	99.884	861	1	0	7673	8533	861	1	0.0	1585
NODE_3790_length_8823_cov_57.964	gb_AF516720_+_214-1075_ARO:3000968_TEM-105	99.884	861	1	0	7673	8533	861	1	0.0	1585
NODE_3790_length_8823_cov_57.964	gb_AF190694_+_208-1069_ARO:3000942_TEM-76	99.884	861	1	0	7673	8533	861	1	0.0	1585
NODE_3790_length_8823_cov_57.964	gb_KC865667_+_183-1044_ARO:3001385_TEM-208	99.884	861	1	0	7673	8533	861	1	0.0	1585
NODE_3790_length_8823_cov_57.964	gb_AF188199_+_214-1075_ARO:3000936_TEM-70	99.884	861	1	0	7673	8533	861	1	0.0	1585
NODE_3790_length_8823_cov_57.964	gb_AY368236_+_0-861_ARO:3000989_TEM-127	99.884	861	1	0	7673	8533	861	1	0.0	1585
NODE_3790_length_8823_cov_57.964	gb_AJ634602.1_-_7839-8700_ARO:3000999_TEM-135	99.884	861	1	0	7673	8533	861	1	0.0	1585
NODE_3790_length_8823_cov_57.964	gb_DQ075245_+_217-1078_ARO:3001006_TEM-143	99.884	861	1	0	7673	8533	861	1	0.0	1585
NODE_3790_length_8823_cov_57.964	gb_JN227084_+_308-1169_ARO:3001046_TEM-186	99.884	861	1	0	7673	8533	861	1	0.0	1585
NODE_3790_length_8823_cov_57.964	gb_HG934763_+_0-861_ARO:3001394_TEM-217	99.884	861	1	0	7673	8533	861	1	0.0	1585
NODE_3790_length_8823_cov_57.964	gb_AJ437107_+_208-1069_ARO:3000900_TEM-30	99.884	861	1	0	7673	8533	861	1	0.0	1585
NODE_3790_length_8823_cov_57.964	gb_AJ308558_+_181-1042_ARO:3000962_TEM-95	99.884	861	1	0	7673	8533	861	1	0.0	1585
NODE_3790_length_8823_cov_57.964	gb_AY368237_+_0-861_ARO:3000990_TEM-128	99.884	861	1	0	7673	8533	861	1	0.0	1585
NODE_3790_length_8823_cov_57.964	gb_GU371926_-_50304-51165_ARO:3000903_TEM-33	99.884	861	1	0	7673	8533	861	1	0.0	1585
NODE_3790_length_8823_cov_57.964	gb_KP050491_+_0-861_ARO:3001391_TEM-214	99.884	861	1	0	7673	8533	861	1	0.0	1585
NODE_3790_length_8823_cov_57.964	gb_AL513383_+_161910-162771_ARO:3000873_TEM-1	99.884	861	1	0	7673	8533	861	1	0.0	1585
NODE_3790_length_8823_cov_57.964	gb_FJ197316_+_0-861_ARO:3001032_TEM-166	99.884	861	1	0	7673	8533	861	1	0.0	1585
NODE_3790_length_8823_cov_57.964	gb_AM087454_+_208-1069_ARO:3001015_TEM-148	99.884	861	1	0	7673	8533	861	1	0.0	1585
NODE_3790_length_8823_cov_57.964	gb_GU550123_+_144-1005_ARO:3001041_TEM-176	99.884	861	1	0	7673	8533	861	1	0.0	1585
NODE_3790_length_8823_cov_57.964	gb_KC818234_+_0-861_ARO:3001384_TEM-207	99.884	861	1	0	7673	8533	861	1	0.0	1585
NODE_3790_length_8823_cov_57.964	gb_KC783461_+_0-861_ARO:3001383_TEM-206	99.884	861	1	0	7673	8533	861	1	0.0	1585
NODE_3790_length_8823_cov_57.964	gb_AB700703_+_161-1022_ARO:3001057_TEM-198	99.884	861	1	0	7673	8533	861	1	0.0	1585
NODE_3790_length_8823_cov_57.964	gb_KC292503_+_4334-5195_ARO:3000904_TEM-34	99.884	861	1	0	7673	8533	861	1	0.0	1585
NODE_3790_length_8823_cov_57.964	gb_KM998962.1_+_0-861_ARO:3003158_TEM-220	99.768	861	2	0	7673	8533	861	1	0.0	1580
NODE_3790_length_8823_cov_57.964	gb_JQ034306_+_0-861_ARO:3001376_TEM-196	99.768	861	2	0	7673	8533	861	1	0.0	1580
NODE_3790_length_8823_cov_57.964	gb_FJ405211_+_0-861_ARO:3000926_TEM-57	99.768	861	2	0	7673	8533	861	1	0.0	1580
NODE_3790_length_8823_cov_57.964	gb_EU274580_+_214-1075_ARO:3001030_TEM-164	99.768	861	2	0	7673	8533	861	1	0.0	1580
NODE_3790_length_8823_cov_57.964	gb_KF944358_+_0-861_ARO:3001393_TEM-216	99.768	861	2	0	7673	8533	861	1	0.0	1580
NODE_3790_length_8823_cov_57.964	gb_AM849805_+_262-1123_ARO:3000886_TEM-15	99.768	861	2	0	7673	8533	861	1	0.0	1580
NODE_3790_length_8823_cov_57.964	gb_AY956335_+_38-899_ARO:3001004_TEM-141	99.768	861	2	0	7673	8533	861	1	0.0	1580
NODE_3790_length_8823_cov_57.964	gb_AF516719_+_214-1075_ARO:3000967_TEM-104	99.768	861	2	0	7673	8533	861	1	0.0	1580
NODE_3790_length_8823_cov_57.964	gb_AM049399_+_0-861_ARO:3001007_TEM-144	99.768	861	2	0	7673	8533	861	1	0.0	1580
NODE_3790_length_8823_cov_57.964	gb_AF190692_+_208-1069_ARO:3000946_TEM-79	99.768	861	2	0	7673	8533	861	1	0.0	1580
NODE_3790_length_8823_cov_57.964	gb_U37195_+_75-936_ARO:3000898_TEM-28	99.768	861	2	0	7673	8533	861	1	0.0	1580
NODE_3790_length_8823_cov_57.964	gb_KF240808_+_0-861_ARO:3001386_TEM-209	99.768	861	2	0	7673	8533	861	1	0.0	1580
NODE_3790_length_8823_cov_57.964	gb_DQ286729_+_0-861_ARO:3000924_TEM-55	99.768	861	2	0	7673	8533	861	1	0.0	1580
NODE_3790_length_8823_cov_57.964	gb_AF093512_+_197-1058_ARO:3000882_TEM-10	99.768	861	2	0	7673	8533	861	1	0.0	1580
NODE_3790_length_8823_cov_57.964	gb_JX310327_+_0-861_ARO:3001378_TEM-201	99.768	861	2	0	7673	8533	861	1	0.0	1580
NODE_3790_length_8823_cov_57.964	gb_AY101578_+_214-1075_ARO:3000969_TEM-106	99.768	861	2	0	7673	8533	861	1	0.0	1580
NODE_3790_length_8823_cov_57.964	gb_AY307100_+_0-861_ARO:3000984_TEM-122	99.768	861	2	0	7673	8533	861	1	0.0	1580
NODE_3790_length_8823_cov_57.964	gb_AY628199_+_203-1064_ARO:3000988_TEM-126	99.768	861	2	0	7673	8533	861	1	0.0	1580
NODE_3790_length_8823_cov_57.964	gb_DQ279850_+_0-861_ARO:3001014_TEM-147	99.652	861	3	0	7673	8533	861	1	0.0	1574
NODE_3790_length_8823_cov_57.964	gb_FR717535_+_0-861_ARO:3000910_TEM-40	99.652	861	3	0	7673	8533	861	1	0.0	1574
NODE_3790_length_8823_cov_57.964	gb_KM114268_+_0-861_ARO:3003157_TEM-219	99.652	861	3	0	7673	8533	861	1	0.0	1574
NODE_3790_length_8823_cov_57.964	gb_Y17584_+_0-858_ARO:3000899_TEM-29	99.767	858	2	0	7676	8533	858	1	0.0	1574
NODE_3790_length_8823_cov_57.964	gb_EU815939_+_0-861_ARO:3001029_TEM-163	99.652	861	3	0	7673	8533	861	1	0.0	1574
NODE_3790_length_8823_cov_57.964	gb_HQ317449_+_0-861_ARO:3001373_TEM-182	99.652	861	3	0	7673	8533	861	1	0.0	1574
NODE_3790_length_8823_cov_57.964	gb_EF534736_+_213-1074_ARO:3001024_TEM-158	99.652	861	3	0	7673	8533	861	1	0.0	1574
NODE_3790_length_8823_cov_57.964	gb_AY491682_+_0-861_ARO:3000996_TEM-132	99.652	861	3	0	7673	8533	861	1	0.0	1574
NODE_3790_length_8823_cov_57.964	gb_AM183304_+_208-1069_ARO:3001017_TEM-150	99.535	861	4	0	7673	8533	861	1	0.0	1568
NODE_3790_length_8823_cov_57.964	gb_FJ919776_+_208-1069_ARO:3001034_TEM-168	99.535	861	4	0	7673	8533	861	1	0.0	1568
NODE_3790_length_8823_cov_57.964	gb_AF104442_+_193-1054_ARO:3000923_TEM-54	99.535	861	4	0	7673	8533	861	1	0.0	1568
NODE_3790_length_8823_cov_57.964	gb_AM941159_+_208-1069_ARO:3001022_TEM-156	99.535	861	4	0	7673	8533	861	1	0.0	1568
NODE_3790_length_8823_cov_57.964	gb_AF351241_+_89-950_ARO:3000957_TEM-90	99.535	861	4	0	7673	8533	861	1	0.0	1568
NODE_3790_length_8823_cov_57.964	gb_FJ873740_+_0-858_ARO:3001035_TEM-169	99.650	858	3	0	7676	8533	858	1	0.0	1568
NODE_3790_length_8823_cov_57.964	gb_AY092401_+_0-861_ARO:3000963_TEM-96	99.535	861	4	0	7673	8533	861	1	0.0	1568
NODE_3790_length_8823_cov_57.964	gb_AY027590_+_112-973_ARO:3000955_TEM-88	99.535	861	4	0	7673	8533	861	1	0.0	1568
NODE_3790_length_8823_cov_57.964	gb_GQ149347_+_5269-6130_ARO:3001037_TEM-171	99.535	861	4	0	7673	8533	861	1	0.0	1568
NODE_3790_length_8823_cov_57.964	gb_AJ012256_+_208-1069_ARO:3000939_TEM-73	99.535	861	4	0	7673	8533	861	1	0.0	1568
NODE_3790_length_8823_cov_57.964	gb_AY101764_+_206-1067_ARO:3000970_TEM-107	99.535	861	4	0	7673	8533	861	1	0.0	1568
NODE_3790_length_8823_cov_57.964	gb_HQ529916_+_110-971_ARO:3001045_TEM-183	99.535	861	4	0	7673	8533	861	1	0.0	1568
NODE_3790_length_8823_cov_57.964	gb_U95363_+_0-861_ARO:3000912_TEM-43	99.535	861	4	0	7673	8533	861	1	0.0	1568
NODE_3790_length_8823_cov_57.964	gb_AY628175_+_210-1071_ARO:3000972_TEM-109	99.535	861	4	0	7673	8533	861	1	0.0	1568
NODE_3790_length_8823_cov_57.964	gb_JN254627_+_0-861_ARO:3001049_TEM-189	99.419	861	5	0	7673	8533	861	1	0.0	1563
NODE_3790_length_8823_cov_57.964	gb_FJ807656_+_0-861_ARO:3001020_TEM-154	99.419	861	5	0	7673	8533	861	1	0.0	1563
NODE_3790_length_8823_cov_57.964	gb_AF427128_+_208-1069_ARO:3000949_TEM-82	99.419	861	5	0	7673	8533	861	1	0.0	1563
NODE_3790_length_8823_cov_57.964	gb_AF427127_+_208-1069_ARO:3000948_TEM-81	99.419	861	5	0	7673	8533	861	1	0.0	1563
NODE_3790_length_8823_cov_57.964	gb_DQ105529_+_0-861_ARO:3001013_TEM-146	99.419	861	5	0	7673	8533	861	1	0.0	1563
NODE_3790_length_8823_cov_57.964	gb_AY826417_+_0-861_ARO:3001000_TEM-136	99.419	861	5	0	7673	8533	861	1	0.0	1563
NODE_3790_length_8823_cov_57.964	gb_KC149518_+_0-861_ARO:3001369_TEM-153	99.419	861	5	0	7673	8533	861	1	0.0	1563
NODE_3790_length_8823_cov_57.964	gb_X57972_+_339-1200_ARO:3000878_TEM-6	99.419	861	5	0	7673	8533	861	1	0.0	1563
NODE_3790_length_8823_cov_57.964	gb_DQ105528_+_0-861_ARO:3001012_TEM-145	99.419	861	5	0	7673	8533	861	1	0.0	1563
NODE_3790_length_8823_cov_57.964	gb_AY589493_+_166-1027_ARO:3000975_TEM-112	99.419	861	5	0	7673	8533	861	1	0.0	1563
NODE_3790_length_8823_cov_57.964	gb_AB049569_+_0-861_ARO:3000958_TEM-91	99.419	861	5	0	7673	8533	861	1	0.0	1563
NODE_3790_length_8823_cov_57.964	gb_NC_002156_+_1429-2290_ARO:3000979_TEM-116	99.419	861	5	0	7673	8533	861	1	0.0	1563
NODE_3790_length_8823_cov_57.964	gb_M88143_+_367-1228_ARO:3000884_TEM-12	99.303	861	6	0	7673	8533	861	1	0.0	1557
NODE_3790_length_8823_cov_57.964	gb_JX042489_+_141-1002_ARO:3000890_TEM-19	99.303	861	6	0	7673	8533	861	1	0.0	1557
NODE_3790_length_8823_cov_57.964	gb_AF535127_+_208-1069_ARO:3000978_TEM-115	99.303	861	6	0	7673	8533	861	1	0.0	1557
NODE_3790_length_8823_cov_57.964	gb_AF347054_+_208-1069_ARO:3000947_TEM-80	99.303	861	6	0	7673	8533	861	1	0.0	1557
NODE_3790_length_8823_cov_57.964	gb_HQ877606_+_0-861_ARO:3001056_TEM-197	99.303	861	6	0	7673	8533	861	1	0.0	1557
NODE_3790_length_8823_cov_57.964	gb_AJ318093_+_0-861_ARO:3000960_TEM-93	99.303	861	6	0	7673	8533	861	1	0.0	1557
NODE_3790_length_8823_cov_57.964	gb_JF795538_+_0-861_ARO:3001374_TEM-185	99.303	861	6	0	7673	8533	861	1	0.0	1557
NODE_3790_length_8823_cov_57.964	gb_AY243512_+_208-1069_ARO:3000982_TEM-120	99.303	861	6	0	7673	8533	861	1	0.0	1557
NODE_3790_length_8823_cov_57.964	gb_Y13612_+_0-861_ARO:3000921_TEM-52	99.303	861	6	0	7673	8533	861	1	0.0	1557
NODE_3790_length_8823_cov_57.964	gb_AF427130_+_208-1069_ARO:3000951_TEM-84	99.303	861	6	0	7673	8533	861	1	0.0	1557
NODE_3790_length_8823_cov_57.964	gb_X54606_+_214-1075_ARO:3000874_TEM-2	99.303	861	6	0	7673	8533	861	1	0.0	1557
NODE_3790_length_8823_cov_57.964	gb_DQ679961_+_114-975_ARO:3001021_TEM-155	99.303	861	6	0	7673	8533	861	1	0.0	1557
NODE_3790_length_8823_cov_57.964	gb_Y10279_+_0-861_ARO:3000916_TEM-47	99.303	861	6	0	7673	8533	861	1	0.0	1557
NODE_3790_length_8823_cov_57.964	gb_AF104441_+_193-1054_ARO:3000922_TEM-53	99.187	861	7	0	7673	8533	861	1	0.0	1552
NODE_3790_length_8823_cov_57.964	gb_EF136377_+_0-861_ARO:3001026_TEM-160	99.187	861	7	0	7673	8533	861	1	0.0	1552
NODE_3790_length_8823_cov_57.964	gb_DQ909059_+_0-861_ARO:3001023_TEM-157	99.187	861	7	0	7673	8533	861	1	0.0	1552
NODE_3790_length_8823_cov_57.964	gb_X95401_+_208-1069_ARO:3000914_TEM-45	99.187	861	7	0	7673	8533	861	1	0.0	1552
NODE_3790_length_8823_cov_57.964	gb_AJ746225_+_0-861_ARO:3000993_TEM-129	99.187	861	7	0	7673	8533	861	1	0.0	1552
NODE_3790_length_8823_cov_57.964	gb_AJ239002_+_0-861_ARO:3000935_TEM-68	99.187	861	7	0	7673	8533	861	1	0.0	1552
NODE_3790_length_8823_cov_57.964	gb_KF663615_+_0-858_ARO:3001390_TEM-213	99.301	858	6	0	7676	8533	858	1	0.0	1552
NODE_3790_length_8823_cov_57.964	gb_EF136376_+_0-861_ARO:3001025_TEM-159	99.187	861	7	0	7673	8533	861	1	0.0	1552
NODE_3790_length_8823_cov_57.964	gb_AY072920_+_0-861_ARO:3000973_TEM-110	99.187	861	7	0	7673	8533	861	1	0.0	1552
NODE_3790_length_8823_cov_57.964	gb_AY528425_+_0-861_ARO:3000997_TEM-133	99.187	861	7	0	7673	8533	861	1	0.0	1552
NODE_3790_length_8823_cov_57.964	gb_AF203816_+_210-1071_ARO:3000937_TEM-71	99.187	861	7	0	7673	8533	861	1	0.0	1552
NODE_3790_length_8823_cov_57.964	gb_AY874537_+_177-1038_ARO:3000883_TEM-11	99.187	861	7	0	7673	8533	861	1	0.0	1552
NODE_3790_length_8823_cov_57.964	gb_AF506748_+_38-899_ARO:3000971_TEM-108	99.414	853	5	0	7673	8525	861	9	0.0	1548
NODE_3790_length_8823_cov_57.964	gb_X65253_+_175-1036_ARO:3000894_TEM-24	99.071	861	8	0	7673	8533	861	1	0.0	1546
NODE_3790_length_8823_cov_57.964	gb_AF468003_+_0-861_ARO:3000974_TEM-111	99.071	861	8	0	7673	8533	861	1	0.0	1546
NODE_3790_length_8823_cov_57.964	gb_JN416112_+_0-861_ARO:3001050_TEM-190	99.071	861	8	0	7673	8533	861	1	0.0	1546
NODE_3790_length_8823_cov_57.964	gb_X64523.1_-_476-1337_ARO:3000875_TEM-3	99.071	861	8	0	7673	8533	861	1	0.0	1546
NODE_3790_length_8823_cov_57.964	gb_DQ072853_+_0-861_ARO:3001003_TEM-139	99.071	861	8	0	7673	8533	861	1	0.0	1546
NODE_3790_length_8823_cov_57.964	gb_Y17581_+_78-936_ARO:3000891_TEM-20	99.184	858	7	0	7676	8533	858	1	0.0	1546
NODE_3790_length_8823_cov_57.964	gb_AM286274_+_0-861_ARO:3001001_TEM-137	99.071	861	8	0	7673	8533	861	1	0.0	1546
NODE_3790_length_8823_cov_57.964	gb_AF427129_+_208-1069_ARO:3000950_TEM-83	99.071	861	8	0	7673	8533	861	1	0.0	1546
NODE_3790_length_8823_cov_57.964	gb_JN211012_+_213-1074_ARO:3001048_TEM-188	99.071	861	8	0	7673	8533	861	1	0.0	1546
NODE_3790_length_8823_cov_57.964	gb_Y14574_+_0-861_ARO:3000888_TEM-17	99.071	861	8	0	7673	8533	861	1	0.0	1546
NODE_3790_length_8823_cov_57.964	gb_AF091113_+_450-1311_ARO:3000934_TEM-67	99.071	861	8	0	7673	8533	861	1	0.0	1546
NODE_3790_length_8823_cov_57.964	gb_AY853593_+_214-1075_ARO:3001002_TEM-138	99.071	861	8	0	7673	8533	861	1	0.0	1546
NODE_3790_length_8823_cov_57.964	gb_AF190693_+_208-1069_ARO:3000944_TEM-78	99.071	861	8	0	7673	8533	861	1	0.0	1546
NODE_3790_length_8823_cov_57.964	gb_X65254_+_175-1036_ARO:3000887_TEM-16	99.071	861	8	0	7673	8533	861	1	0.0	1546
NODE_3790_length_8823_cov_57.964	gb_AY327540_+_0-858_ARO:3000986_TEM-124	99.071	861	5	1	7673	8533	858	1	0.0	1543
NODE_3790_length_8823_cov_57.964	gb_NG_050265_+_100-961_ARO:3000876_TEM-4	98.955	861	9	0	7673	8533	861	1	0.0	1541
NODE_3790_length_8823_cov_57.964	gb_X65252_+_175-1036_ARO:3000880_TEM-8	98.955	861	9	0	7673	8533	861	1	0.0	1541
NODE_3790_length_8823_cov_57.964	gb_Y10280_+_0-861_ARO:3000917_TEM-48	98.955	861	9	0	7673	8533	861	1	0.0	1541
NODE_3790_length_8823_cov_57.964	gb_FR848831_+_0-861_ARO:3001375_TEM-184	98.955	861	9	0	7673	8533	861	1	0.0	1541
NODE_3790_length_8823_cov_57.964	gb_AJ866988_+_0-861_ARO:3000994_TEM-130	98.955	861	9	0	7673	8533	861	1	0.0	1541
NODE_3790_length_8823_cov_57.964	gb_AJ277414_+_0-861_ARO:3000952_TEM-85	98.955	861	9	0	7673	8533	861	1	0.0	1541
NODE_3790_length_8823_cov_57.964	gb_DQ369751_+_0-861_ARO:3001016_TEM-149	98.955	861	9	0	7673	8533	861	1	0.0	1541
NODE_3790_length_8823_cov_57.964	gb_AY589495_+_181-1042_ARO:3000977_TEM-114	98.955	861	9	0	7673	8533	861	1	0.0	1541
NODE_3790_length_8823_cov_57.964	gb_AY574271_+_0-861_ARO:3000998_TEM-134	98.955	861	9	0	7673	8533	861	1	0.0	1541
NODE_3790_length_8823_cov_57.964	gb_DQ834728_+_205-1066_ARO:3001019_TEM-152	98.955	861	9	0	7673	8533	861	1	0.0	1541
NODE_3790_length_8823_cov_57.964	gb_AF332513_+_103-964_ARO:3000931_TEM-63	98.955	861	9	0	7673	8533	861	1	0.0	1541
NODE_3790_length_8823_cov_57.964	gb_DQ388882_+_0-861_ARO:3001005_TEM-142	98.955	861	9	0	7673	8533	861	1	0.0	1541
NODE_3790_length_8823_cov_57.964	gb_DQ834729_+_205-1066_ARO:3001018_TEM-151	98.955	861	9	0	7673	8533	861	1	0.0	1541
NODE_3790_length_8823_cov_57.964	gb_AF143804_+_0-861_ARO:3000959_TEM-92	98.955	861	9	0	7673	8533	861	1	0.0	1541
NODE_3790_length_8823_cov_57.964	gb_AF157553_+_147-1008_ARO:3000938_TEM-72	98.955	861	9	0	7673	8533	861	1	0.0	1541
NODE_3790_length_8823_cov_57.964	gb_AY436361_+_131-992_ARO:3000995_TEM-131	98.839	861	10	0	7673	8533	861	1	0.0	1537
NODE_3790_length_8823_cov_57.964	gb_FJ360884_+_213-1074_ARO:3001033_TEM-167	98.839	861	10	0	7673	8533	861	1	0.0	1535
NODE_3790_length_8823_cov_57.964	gb_AJ277415_+_0-861_ARO:3000953_TEM-86	98.839	861	10	0	7673	8533	861	1	0.0	1535
NODE_3790_length_8823_cov_57.964	gb_AJ318094_+_0-861_ARO:3000961_TEM-94	98.839	861	10	0	7673	8533	861	1	0.0	1535
NODE_3790_length_8823_cov_57.964	gb_AF495873_+_0-861_ARO:3000964_TEM-101	98.839	861	10	0	7673	8533	861	1	0.0	1535
NODE_3790_length_8823_cov_57.964	gb_Y10281_+_0-861_ARO:3000918_TEM-49	98.839	861	10	0	7673	8533	861	1	0.0	1535
NODE_3790_length_8823_cov_57.964	gb_AY589494_+_193-1054_ARO:3000976_TEM-113	98.839	861	10	0	7673	8533	861	1	0.0	1535
NODE_3790_length_8823_cov_57.964	gb_Y17582_+_0-858_ARO:3000892_TEM-21	98.951	858	9	0	7676	8533	858	1	0.0	1535
NODE_3790_length_8823_cov_57.964	gb_Y17583_+_213-1071_ARO:3000893_TEM-22	98.951	858	9	0	7676	8533	858	1	0.0	1535
NODE_3790_length_8823_cov_57.964	gb_AY271267_+_0-861_ARO:3000983_TEM-121	98.839	861	10	0	7673	8533	861	1	0.0	1535
NODE_3790_length_8823_cov_57.964	gb_AF250872_+_0-861_ARO:3000954_TEM-87	98.839	861	10	0	7673	8533	861	1	0.0	1535
NODE_3790_length_8823_cov_57.964	gb_AY040093_+_68-929_ARO:3000965_TEM-102	98.839	861	10	0	7673	8533	861	1	0.0	1535
NODE_3790_length_8823_cov_57.964	gb_HM246246_+_211-1069_ARO:3001047_TEM-187	98.950	857	9	0	7677	8533	857	1	0.0	1533
NODE_3790_length_8823_cov_57.964	gb_KF513179_+_0-861_ARO:3001388_TEM-211	98.722	861	11	0	7673	8533	861	1	0.0	1530
NODE_3790_length_8823_cov_57.964	gb_FN652295_+_0-861_ARO:3001042_TEM-177	98.722	861	11	0	7673	8533	861	1	0.0	1530
NODE_3790_length_8823_cov_57.964	gb_KC900516_+_0-858_ARO:3001382_TEM-205	98.834	858	10	0	7676	8533	858	1	0.0	1530
NODE_3790_length_8823_cov_57.964	gb_EF468463_+_66-927_ARO:3001028_TEM-162	98.722	861	11	0	7673	8533	861	1	0.0	1530
NODE_3790_length_8823_cov_57.964	gb_JX050178_+_0-852_ARO:3001058_TEM-199	98.944	852	9	0	7674	8525	852	1	0.0	1524
NODE_3790_length_8823_cov_57.964	gb_AY628176_+_75-936_ARO:3000987_TEM-125	98.606	861	12	0	7673	8533	861	1	0.0	1524
NODE_3790_length_8823_cov_57.964	gb_AY327539_+_0-858_ARO:3000985_TEM-123	98.606	861	9	1	7673	8533	858	1	0.0	1520
NODE_3790_length_8823_cov_57.964	gb_JN935137_+_0-861_ARO:3001055_TEM-195	98.374	861	14	0	7673	8533	861	1	0.0	1513
NODE_3790_length_8823_cov_57.964	gb_AF047171_+_135-996_ARO:3000929_TEM-60	98.258	861	15	0	7673	8533	861	1	0.0	1507
NODE_3790_length_8823_cov_57.964	gb_X98047_+_0-844_ARO:3000911_TEM-42	98.814	843	10	0	7682	8524	843	1	0.0	1502
NODE_3790_length_8823_cov_57.964	gb_AF062386_+_30-862_ARO:3000928_TEM-59	99.158	831	7	0	7703	8533	831	1	0.0	1496
NODE_3790_length_8823_cov_57.964	gb_AY039040_+_188-1022_ARO:3000956_TEM-89	98.921	834	9	0	7700	8533	834	1	0.0	1491
NODE_3790_length_8823_cov_57.964	gb_JN935135_+_0-861_ARO:3001053_TEM-193	97.796	862	17	2	7673	8533	861	1	0.0	1485
NODE_3790_length_8823_cov_57.964	gb_JN935136_+_0-861_ARO:3001054_TEM-194	97.329	861	23	0	7673	8533	861	1	0.0	1463
NODE_3790_length_8823_cov_57.964	gb_X97254_+_153-1011_ARO:3001043_TEM-178	97.332	862	18	3	7673	8533	858	1	0.0	1459
NODE_3790_length_8823_cov_57.964	gb_L19940_+_197-1006_ARO:3000896_TEM-26	99.135	809	7	0	7725	8533	809	1	0.0	1456
NODE_3790_length_8823_cov_57.964	gb_AY130285_+_0-785_ARO:3000981_TEM-118	99.236	785	6	0	7713	8497	785	1	0.0	1417
NODE_3790_length_8823_cov_57.964	gb_AF527798.1_+_0-785_ARO:3000879_TEM-7	99.236	785	6	0	7713	8497	785	1	0.0	1417
NODE_3790_length_8823_cov_57.964	gb_AY130284_+_0-785_ARO:3000941_TEM-75	99.108	785	7	0	7713	8497	785	1	0.0	1411
NODE_3790_length_8823_cov_57.964	gb_AY130282_+_0-764_ARO:3000980_TEM-117	99.607	764	3	0	7734	8497	764	1	0.0	1395
NODE_3790_length_8823_cov_57.964	gb_JF949916_+_0-757_ARO:3001051_TEM-191	99.868	756	1	0	7748	8503	756	1	0.0	1391
NODE_3790_length_8823_cov_57.964	gb_JF949915_+_0-754_ARO:3001052_TEM-192	99.867	753	1	0	7751	8503	753	1	0.0	1386
NODE_4077_length_8107_cov_6.29632	gb_M57437_+_0-1647_ARO:3002827_tlrC	100.000	29	0	0	981	1009	1471	1499	5.83e-07	54.7
NODE_4232_length_7830_cov_3.99113	gb_AY768532_+_0-1935_ARO:3000535_macB	95.556	45	2	0	2459	2503	474	430	1.55e-12	73.1
NODE_4813_length_6766_cov_39.122	gb_AF024602_+_3155-3992_ARO:3002660_APH(6)-Id	99.761	837	2	0	2216	3052	1	837	0.0	1535
NODE_4813_length_6766_cov_39.122	gb_AY055428.1_-_20268-21084_ARO:3000412_sul2	100.000	816	0	0	537	1352	1	816	0.0	1507
NODE_4813_length_6766_cov_39.122	gb_AF313472_+_15593-16397_ARO:3002639_APH(3'')-Ib	99.751	804	2	0	1413	2216	1	804	0.0	1474
NODE_4987_length_6538_cov_6.74209	gb_U00096_+_3415032-3418137_ARO:3000502_acrF	76.289	97	23	0	4096	4192	1150	1246	1.69e-06	52.8
NODE_5361_length_6069_cov_65.5125	gb_AJ007350.1_+_239-1094_ARO:3004359_ACI-1	100.000	855	0	0	5142	5996	1	855	0.0	1580
NODE_5821_length_5593_cov_24.4816	gb_Z21523_+_0-1974_ARO:3000191_tetQ	100.000	54	0	0	5540	5593	376	429	5.08e-21	100
NODE_6044_length_5366_cov_2.40162	gb_M57437_+_0-1647_ARO:3002827_tlrC	96.970	33	1	0	1502	1534	568	600	1.07e-07	56.5
NODE_6452_length_4988_cov_48.7985	gb_AJ295238.3_+_163-2083_ARO:3000196_tet32	87.975	1921	211	19	249	2159	1	1911	0.0	2250
NODE_6636_length_4823_cov_8.00105	gb_M57437_+_0-1647_ARO:3002827_tlrC	100.000	29	0	0	4660	4688	1499	1471	3.46e-07	54.7
NODE_8504_length_3690_cov_3.17772	gb_AF337947_+_271-1171_ARO:3002635_APH(2'')-IIa	84.573	901	137	2	2666	3565	900	1	0.0	893
NODE_8554_length_3670_cov_8.76017	gb_AF319779.2_+_32-833_ARO:3000604_Erm(35)	100.000	28	0	0	1	28	28	1	9.46e-07	52.8
NODE_8554_length_3670_cov_8.76017	gb_M17124_+_1181-1982_ARO:3000498_ErmF	100.000	28	0	0	1	28	28	1	9.46e-07	52.8
NODE_9223_length_3389_cov_2.80954	gb_AP009048_+_2165012-2166416_ARO:3000829_baeS	97.826	46	0	1	3345	3389	823	868	1.44e-14	78.7
NODE_10919_length_2826_cov_1.62071	gb_DQ449578_+_0-657_ARO:3002790_QnrS1	100.000	657	0	0	461	1117	1	657	0.0	1214
NODE_10919_length_2826_cov_1.62071	gb_KF730651_+_0-657_ARO:3002796_QnrS7	99.848	657	1	0	461	1117	1	657	0.0	1208
NODE_10919_length_2826_cov_1.62071	gb_KF732714_+_0-657_ARO:3002798_QnrS9	99.848	657	1	0	461	1117	1	657	0.0	1208
NODE_10919_length_2826_cov_1.62071	gb_FJ418153_+_0-657_ARO:3002793_QnrS4	99.848	657	1	0	461	1117	1	657	0.0	1208
NODE_10919_length_2826_cov_1.62071	gb_KF730652_+_0-657_ARO:3002797_QnrS8	99.848	657	1	0	461	1117	1	657	0.0	1208
NODE_10919_length_2826_cov_1.62071	gb_EU077611_+_0-654_ARO:3002792_QnrS3	99.847	654	1	0	462	1115	1	654	0.0	1203
NODE_10919_length_2826_cov_1.62071	gb_HQ631377_+_0-657_ARO:3002794_QnrS5	96.189	656	25	0	461	1116	1	656	0.0	1074
NODE_10919_length_2826_cov_1.62071	gb_DQ485530_+_0-657_ARO:3002791_QnrS2	90.259	657	62	2	461	1116	1	656	0.0	857
NODE_10919_length_2826_cov_1.62071	gb_HQ631376_+_0-657_ARO:3002795_QnrS6	90.107	657	63	2	461	1116	1	656	0.0	852
NODE_10995_length_2809_cov_292.729	gb_Z21523_+_0-1974_ARO:3000191_tetQ	100.000	66	0	0	2744	2809	1	66	5.43e-28	122
NODE_11582_length_2660_cov_47.4871	gb_AF242872_+_2131-2878_ARO:3000375_ErmB	98.387	62	0	1	1	61	686	747	1.44e-23	108
NODE_12464_length_2462_cov_54.9269	gb_AJ007350.1_+_239-1094_ARO:3004359_ACI-1	100.000	331	0	0	1	331	751	421	2.32e-175	612
NODE_13067_length_2347_cov_9.1767	gb_AF226276.1_+_3583-4207_ARO:3002682_catD	100.000	624	0	0	1448	2071	624	1	0.0	1153
NODE_13067_length_2347_cov_9.1767	gb_U15027_+_0-624_ARO:3002686_catP	100.000	624	0	0	1448	2071	624	1	0.0	1153
NODE_13067_length_2347_cov_9.1767	gb_X74948_+_0-492_ARO:3002688_catS	82.680	485	78	4	1520	2001	492	11	3.08e-119	425
NODE_13895_length_2206_cov_1.45142	gb_AP006618.1_+_4835199-4838688_ARO:3000501_Nocardia	75.126	398	83	13	483	872	1062	1451	4.17e-43	172
NODE_14380_length_2131_cov_56.3459	gb_X13543.1_+_185-1046_ARO:3002533_AAC(3)-IIa	97.096	861	25	0	1100	1960	1	861	0.0	1452
NODE_14380_length_2131_cov_56.3459	gb_X54723_+_818-1679_ARO:3002535_AAC(3)-IIc	96.980	861	26	0	1100	1960	1	861	0.0	1447
NODE_14966_length_2046_cov_123.203	gb_EU434751_+_658-2578_ARO:3000194_tetW	98.832	1798	21	0	249	2046	1	1798	0.0	3205
NODE_14966_length_2046_cov_123.203	gb_KU736867.1_+_19653-21573_ARO:3004442_tet(W/N/W)	96.552	1798	62	0	249	2046	1	1798	0.0	2977
NODE_15174_length_2018_cov_62.3021	gb_M18896.2_+_206-2126_ARO:3000190_tetO	99.098	1219	11	0	800	2018	1	1219	0.0	2191
NODE_15174_length_2018_cov_62.3021	gb_AJ295238.3_+_163-2083_ARO:3000196_tet32	91.667	396	33	0	800	1195	1	396	1.51e-156	549
NODE_16228_length_1893_cov_89.235	gb_NC_005024_+_42504-43944_ARO:3002597_AAC(6')-Ie-APH(2'')-Ia	100.000	1440	0	0	77	1516	1440	1	0.0	2660
NODE_16228_length_1893_cov_89.235	gb_AY701528.1_+_9695-10589_ARO:3004191_APH(2'')-If	80.843	830	149	9	89	913	867	43	0.0	643
NODE_16858_length_1820_cov_1.77847	gb_U05883_+_555-1458_ARO:3003559_cepA	99.446	903	5	0	521	1423	1	903	0.0	1640
NODE_17721_length_1735_cov_535.802	gb_Z21523_+_0-1974_ARO:3000191_tetQ	97.867	1735	37	0	1	1735	1746	12	0.0	3000
NODE_18662_length_1653_cov_8.6408	gb_M37699_+_585-1752_ARO:3000205_tetX	99.829	1167	2	0	253	1419	1	1167	0.0	2145
NODE_19582_length_1574_cov_3.8657	gb_AF118110.1_-_71-1037_ARO:3003002_CfxA2	100.000	966	0	0	408	1373	1	966	0.0	1784
NODE_19582_length_1574_cov_3.8657	gb_AF472622_+_52-1018_ARO:3003003_CfxA3	99.896	966	1	0	408	1373	1	966	0.0	1779
NODE_19582_length_1574_cov_3.8657	gb_AY769934_+_27-993_ARO:3003096_CfxA5	99.896	966	1	0	408	1373	1	966	0.0	1779
NODE_19582_length_1574_cov_3.8657	gb_U38243_+_149-1115_ARO:3003001_CfxA	99.896	966	1	0	408	1373	1	966	0.0	1779
NODE_19582_length_1574_cov_3.8657	gb_AY769933_+_0-966_ARO:3003005_CfxA4	99.896	966	1	0	408	1373	1	966	0.0	1779
NODE_19582_length_1574_cov_3.8657	gb_GQ342996_+_797-1793_ARO:3003097_CfxA6	89.234	966	101	3	404	1368	30	993	0.0	1205
NODE_20040_length_1540_cov_3.2	gb_U00096_-_2098446-2099613_ARO:3003577_ugd	96.556	842	29	0	1	842	842	1	0.0	1395
NODE_20599_length_1502_cov_111.13	gb_Z21523_+_0-1974_ARO:3000191_tetQ	91.873	283	23	0	1220	1502	1974	1692	1.54e-110	396
NODE_22285_length_1391_cov_66.2515	gb_JQ740052_+_2108-3329_ARO:3000567_tet(40)	99.590	1221	5	0	161	1381	1221	1	0.0	2228
NODE_25708_length_1214_cov_17.214	gb_NC_023287.1_-_65291-66509_ARO:3000615_mefA	90.307	1207	113	4	10	1214	1	1205	0.0	1578
NODE_26107_length_1198_cov_238.433	gb_JN086160_-_1582-2407_ARO:3001777_OXA-347	100.000	825	0	0	184	1008	1	825	0.0	1524
NODE_26107_length_1198_cov_238.433	gb_JF268688.1_-_5407-6232_ARO:3001809_OXA-209	83.924	734	106	12	281	1008	98	825	0.0	691
NODE_26314_length_1189_cov_1.57407	gb_U00096_-_2098446-2099613_ARO:3003577_ugd	94.606	241	13	0	1	241	927	1167	5.70e-104	374
NODE_28455_length_1106_cov_52.9648	gb_AF242872_+_2131-2878_ARO:3000375_ErmB	100.000	50	0	0	1	50	50	1	1.66e-19	93.5
NODE_31061_length_1019_cov_72.3475	gb_NC_005024_+_42504-43944_ARO:3002597_AAC(6')-Ie-APH(2'')-Ia	89.516	124	12	1	897	1019	3	126	1.92e-38	156
NODE_31061_length_1019_cov_72.3475	gb_AF242872_+_2131-2878_ARO:3000375_ErmB	98.387	62	0	1	1	61	686	747	5.45e-24	108
NODE_31613_length_1003_cov_30.8091	gb_JQ740052_+_2108-3329_ARO:3000567_tet(40)	100.000	45	0	0	959	1003	1	45	9.04e-17	84.2
NODE_33278_length_956_cov_2.30522	gb_L42817_+_201-936_ARO:3000522_ErmG	98.912	735	8	0	143	877	735	1	0.0	1314
NODE_33278_length_956_cov_2.30522	gb_M64090_+_0-735_ARO:3000595_ErmT	78.231	735	146	11	150	877	728	1	1.22e-129	459
NODE_34205_length_933_cov_29.32	gb_Z21523_+_0-1974_ARO:3000191_tetQ	98.148	54	1	0	880	933	245	192	3.88e-20	95.3
NODE_36757_length_874_cov_297.314	gb_M17124_+_1181-1982_ARO:3000498_ErmF	99.376	801	5	0	7	807	1	801	0.0	1452
NODE_36757_length_874_cov_297.314	gb_AF319779.2_+_32-833_ARO:3000604_Erm(35)	78.643	796	166	3	7	800	1	794	1.09e-149	525
NODE_40110_length_807_cov_1.42553	gb_M57437_+_0-1647_ARO:3002827_tlrC	92.500	40	2	1	368	407	601	563	1.58e-08	56.5
NODE_40857_length_794_cov_64.82	gb_M18896.2_+_206-2126_ARO:3000190_tetO	100.000	756	0	0	1	756	1165	1920	0.0	1397
NODE_40857_length_794_cov_64.82	gb_AJ295238.3_+_163-2083_ARO:3000196_tet32	96.825	756	24	0	1	756	1165	1920	0.0	1264
NODE_41093_length_790_cov_2.39728	gb_AJ007350.1_+_239-1094_ARO:3004359_ACI-1	100.000	54	0	0	737	790	611	664	7.04e-22	100
NODE_43092_length_757_cov_1.73219	gb_FJ349556_+_981-1680_ARO:3002928_vanRM	97.222	36	1	0	268	303	186	151	3.18e-10	62.1
NODE_43228_length_756_cov_28.2268	gb_AF242872_+_2131-2878_ARO:3000375_ErmB	100.000	51	0	0	171	221	1	51	3.13e-20	95.3
NODE_43908_length_745_cov_557.978	gb_AF242872_+_2131-2878_ARO:3000375_ErmB	99.460	741	3	1	6	745	1	741	0.0	1345
NODE_46204_length_711_cov_2.26982	gb_AP009048_-_4338624-4340268_ARO:3003576_eptA	85.795	711	101	0	1	711	202	912	0.0	754
NODE_48307_length_683_cov_1.50159	gb_LT673656.1_-_1884344-1885022_ARO:3004054_Pseudomonas	100.000	29	0	0	654	682	296	268	4.79e-08	54.7
NODE_49230_length_671_cov_89.349	gb_EU434751_+_658-2578_ARO:3000194_tetW	100.000	177	0	0	1	177	1744	1920	2.51e-90	327
NODE_49787_length_664_cov_45.5599	gb_AF028812_+_392-887_ARO:3002867_dfrF	99.597	496	1	1	66	561	495	1	0.0	904
NODE_49886_length_663_cov_1.43421	gb_AF235050.4_+_38028-40140_ARO:3003318_Streptomyces	100.000	31	0	0	493	523	1926	1896	3.59e-09	58.4
NODE_50969_length_650_cov_7.14286	gb_M35190.1_+_308-932_ARO:3004454_Campylobacter	96.730	581	19	0	1	581	44	624	0.0	968
NODE_50969_length_650_cov_7.14286	gb_X53797_+_133-775_ARO:3002684_catII	94.118	34	2	0	504	537	556	589	1.64e-07	52.8
NODE_51736_length_641_cov_252.51	gb_AF242872_+_2131-2878_ARO:3000375_ErmB	98.387	62	0	1	1	61	686	747	3.39e-24	108
NODE_51817_length_640_cov_2.82051	gb_CP015085.1_-_2551711-2552440_ARO:3003838_gadW	99.755	408	1	0	1	408	408	1	0.0	749
NODE_58902_length_571_cov_2.35078	gb_U00096_+_2158385-2161463_ARO:3000794_mdtC	91.594	571	48	0	1	571	553	1123	0.0	789
NODE_61058_length_554_cov_1.64529	gb_AY055428.1_-_20268-21084_ARO:3000412_sul2	97.143	35	1	0	1	35	62	28	8.28e-10	60.2
NODE_61079_length_554_cov_2.22846	gb_L11616_+_1569-4710_ARO:3000378_MexB	75.735	136	27	5	358	490	2269	2401	6.40e-11	63.9
NODE_62619_length_542_cov_378.018	gb_Z21523_+_0-1974_ARO:3000191_tetQ	97.173	283	8	0	1	283	1692	1974	5.25e-136	479
NODE_65116_length_524_cov_1.68017	gb_U00096.3_-_4567286-4568519_ARO:3001214_mdtM	96.491	57	2	0	1	57	57	1	2.14e-20	95.3
NODE_67769_length_506_cov_2.37029	gb_AM180355_+_600033-601953_ARO:3000186_tetM	96.640	506	17	0	1	506	952	1457	0.0	841
NODE_67974_length_504_cov_1.41203	gb_X63451_+_0-1653_ARO:3002828_srmB	94.444	36	2	0	406	441	1499	1464	9.71e-09	56.5
NODE_74488_length_464_cov_109.369	gb_AF242872_+_2131-2878_ARO:3000375_ErmB	98.387	62	0	1	1	61	686	747	2.42e-24	108
NODE_78857_length_438_cov_9.98172	gb_KU736867.1_+_19653-21573_ARO:3004442_tet(W/N/W)	94.615	130	7	0	1	130	130	1	1.02e-52	202
NODE_78857_length_438_cov_9.98172	gb_EU434751_+_658-2578_ARO:3000194_tetW	94.615	130	7	0	1	130	130	1	1.02e-52	202
NODE_84108_length_405_cov_1.31714	gb_NC_014638.1_-_1610636-1613960_ARO:3003730_Bifidobacteria	89.383	405	43	0	1	405	2185	1781	1.37e-145	510
NODE_87835_length_383_cov_3.49695	gb_NC_007779_+_3974604-3975429_ARO:3000508_gadX	93.473	383	25	0	1	383	291	673	2.10e-163	569
NODE_95391_length_343_cov_1.94792	gb_U00096_-_2098446-2099613_ARO:3003577_ugd	96.793	343	11	0	1	343	699	1041	1.45e-164	573
NODE_96706_length_337_cov_1.02128	gb_NC_014638.1_-_1610636-1613960_ARO:3003730_Bifidobacteria	88.379	327	38	0	8	334	2332	2658	1.19e-110	394
NODE_97009_length_336_cov_459.352	gb_AF242872_+_2131-2878_ARO:3000375_ErmB	100.000	50	0	0	1	50	50	1	4.85e-20	93.5
NODE_102591_length_311_cov_1.05469	gb_L20800_+_1062-2325_ARO:3000180_tetA(P)	98.851	87	1	0	221	307	1	87	5.61e-39	156
NODE_103138_length_308_cov_1.94862	gb_GQ343019_+_132-1023_ARO:3002999_CblA-1	100.000	289	0	0	20	308	891	603	6.11e-153	534
NODE_104273_length_301_cov_1.28049	gb_L22689_+_261-1035_ARO:3000593_ErmQ	100.000	49	0	0	253	301	1	49	1.55e-19	91.6
NODE_104681_length_299_cov_2.29098	gb_AP009048.1_-_4306556-4307588_ARO:3003548_mdtN	89.967	299	30	0	1	299	642	344	1.75e-108	387
NODE_104874_length_298_cov_1.06584	gb_X74948_+_0-492_ARO:3002688_catS	89.078	293	32	0	6	298	349	57	8.19e-102	364
NODE_105770_length_293_cov_63.2521	gb_Z21523_+_0-1974_ARO:3000191_tetQ	98.485	66	1	0	1	66	66	1	2.49e-27	117
NODE_107302_length_285_cov_1.56522	gb_AF235050.4_+_38028-40140_ARO:3003318_Streptomyces	100.000	31	0	0	226	256	1896	1926	1.48e-09	58.4
NODE_116258_length_256_cov_2.49254	gb_U00096_+_3660413-3663527_ARO:3000796_mdtF	95.312	256	12	0	1	256	1961	1706	1.14e-114	407
NODE_123020_length_244_cov_1.7672	gb_NC_014638.1_-_1610636-1613960_ARO:3003730_Bifidobacteria	88.333	240	28	0	1	240	1896	1657	4.08e-79	289
NODE_124227_length_242_cov_0.850267	gb_AY082011_+_5900-6932_ARO:3000005_vanD	97.107	242	7	0	1	242	680	921	2.98e-115	409
NODE_124777_length_241_cov_1.6828	gb_L22689_+_261-1035_ARO:3000593_ErmQ	100.000	225	0	0	17	241	418	194	1.77e-117	416
NODE_127534_length_238_cov_136.683	gb_AF319779.2_+_32-833_ARO:3000604_Erm(35)	100.000	49	0	0	190	238	1	49	1.20e-19	91.6
NODE_127534_length_238_cov_136.683	gb_M17124_+_1181-1982_ARO:3000498_ErmF	100.000	49	0	0	190	238	1	49	1.20e-19	91.6
NODE_137310_length_227_cov_1.04651	gb_AF024666.2_-_2207-2969_ARO:3000596_ErmX	99.559	227	0	1	1	227	715	490	2.15e-116	412
NODE_138961_length_226_cov_0.760234	gb_KM087860_+_0-1146_ARO:3002174_MIR-9	100.000	117	0	0	1	117	1030	1146	1.80e-57	217
NODE_138961_length_226_cov_0.760234	gb_KM087858_+_0-1146_ARO:3002175_MIR-10	99.145	117	1	0	1	117	1030	1146	8.36e-56	211
NODE_138961_length_226_cov_0.760234	gb_KM087859_+_0-1146_ARO:3002176_MIR-11	99.145	117	1	0	1	117	1030	1146	8.36e-56	211
NODE_138961_length_226_cov_0.760234	gb_FJ237366_+_40-1186_ARO:3001825_ACT-6	99.145	117	1	0	1	117	1030	1146	8.36e-56	211
NODE_138961_length_226_cov_0.760234	gb_M37839_+_927-2073_ARO:3002166_MIR-1	99.145	117	1	0	1	117	1030	1146	8.36e-56	211
NODE_138961_length_226_cov_0.760234	gb_KM087862_+_0-1146_ARO:3002178_MIR-13	99.145	117	1	0	1	117	1030	1146	8.36e-56	211
NODE_138961_length_226_cov_0.760234	gb_JQ664733_+_0-1146_ARO:3002171_MIR-6	99.145	117	1	0	1	117	1030	1146	8.36e-56	211
NODE_138961_length_226_cov_0.760234	gb_KM087851_+_0-1146_ARO:3002180_MIR-15	99.145	117	1	0	1	117	1030	1146	8.36e-56	211
NODE_138961_length_226_cov_0.760234	gb_FJ237367_+_0-1146_ARO:3002173_MIR-8	99.145	117	1	0	1	117	1030	1146	8.36e-56	211
NODE_138961_length_226_cov_0.760234	gb_KM087863_+_0-1146_ARO:3002177_MIR-12	99.145	117	1	0	1	117	1030	1146	8.36e-56	211
NODE_138961_length_226_cov_0.760234	gb_KP050484_+_0-1146_ARO:3002170_MIR-5	99.145	117	1	0	1	117	1030	1146	8.36e-56	211
NODE_138961_length_226_cov_0.760234	gb_AY743435_+_13-1159_ARO:3002169_MIR-3	99.145	117	1	0	1	117	1030	1146	8.36e-56	211
NODE_138961_length_226_cov_0.760234	gb_LN515535_+_0-1146_ARO:3003173_MIR-17	98.291	117	2	0	1	117	1030	1146	3.89e-54	206
NODE_138961_length_226_cov_0.760234	gb_EF417572_+_29-1175_ARO:3002167_MIR-4	98.291	117	2	0	1	117	1030	1146	3.89e-54	206
NODE_138961_length_226_cov_0.760234	gb_KM087861_+_0-1146_ARO:3002181_MIR-16	98.291	117	2	0	1	117	1030	1146	3.89e-54	206
NODE_138961_length_226_cov_0.760234	gb_AY227752_+_88-1234_ARO:3002168_MIR-2	97.436	117	3	0	1	117	1030	1146	1.81e-52	200
NODE_138961_length_226_cov_0.760234	gb_KM087832_+_0-1146_ARO:3001849_ACT-29	97.436	117	3	0	1	117	1030	1146	1.81e-52	200
NODE_138961_length_226_cov_0.760234	gb_KM087864_+_0-1146_ARO:3002179_MIR-14	96.581	117	4	0	1	117	1030	1146	8.42e-51	195
NODE_138961_length_226_cov_0.760234	gb_JN848330_+_0-1146_ARO:3001832_ACT-10	96.581	117	4	0	1	117	1030	1146	8.42e-51	195
NODE_138961_length_226_cov_0.760234	gb_HE819402_+_0-1146_ARO:3001835_ACT-13	97.321	112	1	2	1	111	1033	1143	3.92e-49	189
NODE_138961_length_226_cov_0.760234	gb_KJ207207_+_479-1625_ARO:3001844_ACT-24	94.017	117	7	0	1	117	1030	1146	8.48e-46	178
NODE_138961_length_226_cov_0.760234	gb_KF526118_+_0-1146_ARO:3001842_ACT-21	94.017	117	7	0	1	117	1030	1146	8.48e-46	178
NODE_138961_length_226_cov_0.760234	gb_FJ237369_+_0-1146_ARO:3001824_ACT-5	94.017	117	7	0	1	117	1030	1146	8.48e-46	178
NODE_138961_length_226_cov_0.760234	gb_KF515536_+_0-1146_ARO:3001828_ACT-23	94.017	117	7	0	1	117	1030	1146	8.48e-46	178
NODE_138961_length_226_cov_0.760234	gb_EF125013_+_0-1146_ARO:3001823_ACT-3	95.536	112	3	2	1	111	1033	1143	8.48e-46	178
NODE_138961_length_226_cov_0.760234	gb_KF992028_+_761-1907_ARO:3001839_ACT-18	94.017	117	7	0	1	117	1030	1146	8.48e-46	178
NODE_138961_length_226_cov_0.760234	gb_U58495_+_27-1173_ARO:3001821_ACT-1	95.536	112	3	2	1	111	1033	1143	8.48e-46	178
NODE_138961_length_226_cov_0.760234	gb_KM926621_+_751-1897_ARO:3003171_ACT-36	94.017	117	7	0	1	117	1030	1146	8.48e-46	178
NODE_138961_length_226_cov_0.760234	gb_AM076977_+_0-1146_ARO:3001822_ACT-2	95.536	112	3	2	1	111	1033	1143	8.48e-46	178
NODE_138961_length_226_cov_0.760234	gb_KM087834.1_+_0-1146_ARO:3001853_ACT-33	93.162	117	8	0	1	117	1030	1146	3.95e-44	172
NODE_138961_length_226_cov_0.760234	gb_KM087835_+_0-1146_ARO:3001852_ACT-32	93.162	117	8	0	1	117	1030	1146	3.95e-44	172
NODE_138961_length_226_cov_0.760234	gb_JX440354_+_756-1902_ARO:3001836_ACT-14	93.162	117	8	0	1	117	1030	1146	3.95e-44	172
NODE_138961_length_226_cov_0.760234	gb_KF526117_+_0-1146_ARO:3001841_ACT-20	93.162	117	8	0	1	117	1030	1146	3.95e-44	172
NODE_138961_length_226_cov_0.760234	gb_KM087843_+_0-1146_ARO:3001851_ACT-31	93.162	117	8	0	1	117	1030	1146	3.95e-44	172
NODE_138961_length_226_cov_0.760234	gb_KM926622_+_238-1384_ARO:3003172_ACT-37	93.162	117	8	0	1	117	1030	1146	3.95e-44	172
NODE_138961_length_226_cov_0.760234	gb_KF992029_+_748-1894_ARO:3001840_ACT-19	93.162	117	8	0	1	117	1030	1146	3.95e-44	172
NODE_138961_length_226_cov_0.760234	gb_FJ237368_+_0-1146_ARO:3001830_ACT-7	92.308	117	9	0	1	117	1030	1146	1.84e-42	167
NODE_138961_length_226_cov_0.760234	gb_EU427302_+_1475-2618_ARO:3001829_ACT-4	93.750	112	5	2	1	111	1030	1140	1.84e-42	167
NODE_138961_length_226_cov_0.760234	gb_KJ207209_+_454-1600_ARO:3001847_ACT-27	92.308	117	9	0	1	117	1030	1146	1.84e-42	167
NODE_138961_length_226_cov_0.760234	gb_KF992026_+_753-1899_ARO:3001838_ACT-17	92.308	117	9	0	1	117	1030	1146	1.84e-42	167
NODE_138961_length_226_cov_0.760234	gb_KJ207208_+_539-1685_ARO:3001845_ACT-25	92.308	117	9	0	1	117	1030	1146	1.84e-42	167
NODE_138961_length_226_cov_0.760234	gb_AB737978_+_0-1140_ARO:3001827_ACT-16	93.636	110	7	0	1	110	1030	1139	6.60e-42	165
NODE_138961_length_226_cov_0.760234	gb_LC004922_+_0-1146_ARO:3001855_ACT-35	91.453	117	10	0	1	117	1030	1146	8.54e-41	161
NODE_139874_length_225_cov_1.17059	gb_KU736867.1_+_19653-21573_ARO:3004442_tet(W/N/W)	96.444	225	8	0	1	225	1858	1634	3.61e-104	372
NODE_139874_length_225_cov_1.17059	gb_EU434751_+_658-2578_ARO:3000194_tetW	93.333	225	15	0	1	225	1858	1634	1.70e-92	333
NODE_144947_length_221_cov_0.873494	gb_NC_014638.1_-_1610636-1613960_ARO:3003730_Bifidobacteria	89.418	189	18	2	34	221	23	210	1.35e-63	237
NODE_146698_length_219_cov_1.09756	gb_M17124_+_1181-1982_ARO:3000498_ErmF	100.000	29	0	0	1	29	350	378	1.44e-08	54.7
NODE_149498_length_217_cov_1.32099	gb_NC_000913.3_-_721055-721733_ARO:3003841_kdpE	92.130	216	17	0	1	216	351	566	3.57e-84	305
NODE_152785_length_215_cov_1.56875	gb_U00096_-_2098446-2099613_ARO:3003577_ugd	97.191	178	5	0	1	178	990	1167	4.57e-83	302
NODE_154833_length_213_cov_0.85443	gb_M64090_+_0-735_ARO:3000595_ErmT	100.000	213	0	0	1	213	515	727	7.25e-111	394
NODE_154833_length_213_cov_0.85443	gb_M12730_+_779-1514_ARO:3000250_ErmC	87.831	189	19	4	27	213	541	727	4.68e-58	219
NODE_157370_length_211_cov_0.852564	gb_AF024666.2_-_2207-2969_ARO:3000596_ErmX	99.526	211	1	0	1	211	20	230	4.32e-108	385
NODE_158306_length_211_cov_1.22436	gb_L20800_+_2308-4267_ARO:3000195_tetB(P)	98.104	211	4	0	1	211	387	597	4.35e-103	368
NODE_161520_length_208_cov_2.30719	gb_AF226276.1_+_3583-4207_ARO:3002682_catD	91.667	180	15	0	27	206	624	445	1.62e-67	250
NODE_161520_length_208_cov_2.30719	gb_U15027_+_0-624_ARO:3002686_catP	91.667	180	15	0	27	206	624	445	1.62e-67	250
NODE_164305_length_206_cov_1.19205	gb_NC_007779_+_2586250-2589364_ARO:3000491_acrD	84.659	176	27	0	30	205	1496	1321	2.75e-45	176
NODE_166066_length_179_cov_9.15323	gb_AJ295238.3_+_163-2083_ARO:3000196_tet32	94.375	160	9	0	1	160	1041	1200	1.77e-66	246
NODE_166066_length_179_cov_9.15323	gb_M18896.2_+_206-2126_ARO:3000190_tetO	85.849	106	15	0	74	179	1114	1219	1.87e-26	113
NODE_167467_length_112_cov_57.7719	gb_JQ740052_+_2108-3329_ARO:3000567_tet(40)	100.000	45	0	0	68	112	1	45	8.60e-18	84.2
NODE_167670_length_110_cov_180.527	gb_Z21523_+_0-1974_ARO:3000191_tetQ	100.000	55	0	0	56	110	1961	1907	2.32e-23	102
NODE_167695_length_110_cov_51.6727	gb_AJ007350.1_+_239-1094_ARO:3004359_ACI-1	100.000	55	0	0	56	110	751	697	2.32e-23	102
NODE_167711_length_110_cov_81.4	gb_AF319779.2_+_32-833_ARO:3000604_Erm(35)	100.000	49	0	0	62	110	1	49	5.03e-20	91.6
NODE_167711_length_110_cov_81.4	gb_M17124_+_1181-1982_ARO:3000498_ErmF	100.000	49	0	0	62	110	1	49	5.03e-20	91.6
NODE_167785_length_109_cov_32.7593	gb_Y11946.1_+_0-980_ARO:3002578_AAC(6')-Ib7	98.276	58	1	0	52	109	61	118	2.30e-23	102
NODE_167798_length_109_cov_49.0926	gb_Y11946.1_+_0-980_ARO:3002578_AAC(6')-Ib7	98.305	59	1	0	1	59	11	69	6.39e-24	104
NODE_168049_length_107_cov_33.7692	gb_AF242872_+_2131-2878_ARO:3000375_ErmB	98.214	56	0	1	1	55	686	741	1.04e-21	97.1
NODE_168159_length_106_cov_66.8824	gb_JN086160_-_1582-2407_ARO:3001777_OXA-347	100.000	55	0	0	52	106	51	105	2.22e-23	102
