NODE_2_length_172907_cov_5.40543	gb_JQ231224_+_90-3192_ARO:3000510_mupB	97.222	36	1	0	26524	26559	587	552	7.41e-08	62.1
NODE_63_length_32555_cov_11.6151	gb_M57437_+_0-1647_ARO:3002827_tlrC	93.182	44	1	2	25197	25240	601	560	3.89e-09	63.9
NODE_134_length_23919_cov_9.56101	gb_NC_003098.1_-_1359228-1360395_ARO:3000025_patB	91.559	1161	98	0	4977	6137	1	1161	0.0	1602
NODE_164_length_21160_cov_17.9403	gb_CP001050.1_+_1332866-1333499_ARO:3000817_mtrR	79.194	620	118	8	18961	19574	615	1	1.30e-116	420
NODE_210_length_19023_cov_18.4761	gb_NC_003112.2_+_330790-332317_ARO:3003962_farB	76.029	1506	330	26	5007	6498	1527	39	0.0	752
NODE_210_length_19023_cov_18.4761	gb_NC_003112.2_+_329612-330767_ARO:3003961_farA	72.825	839	212	16	6934	7764	957	127	3.47e-72	272
NODE_291_length_16958_cov_2.9196	gb_DQ516970_+_0-1987_ARO:3002882_lmrD	98.993	1986	20	0	3216	5201	1	1986	0.0	3557
NODE_291_length_16958_cov_2.9196	gb_DQ516954_+_0-1716_ARO:3002881_lmrC	98.660	1716	23	0	1490	3205	1	1716	0.0	3042
NODE_611_length_12228_cov_30.8886	gb_AY768532_+_0-1935_ARO:3000535_macB	81.533	1944	344	14	4605	6542	1935	1	0.0	1587
NODE_675_length_11619_cov_8.95036	gb_NC_003098.1_+_866210-867410_ARO:3000822_pmrA	92.833	1200	86	0	3317	4516	1200	1	0.0	1740
NODE_1012_length_9419_cov_10.833	gb_AY768532_+_0-1935_ARO:3000535_macB	86.340	1896	248	8	437	2328	1889	1	0.0	2056
NODE_1012_length_9419_cov_10.833	gb_AY768531_+_0-1179_ARO:3000533_macA	84.741	1101	157	9	2431	3527	1170	77	0.0	1092
NODE_1253_length_8326_cov_6.19417	gb_AF472622_+_52-1018_ARO:3003003_CfxA3	100.000	52	0	0	1	52	915	966	9.80e-20	97.1
NODE_1253_length_8326_cov_6.19417	gb_AY769934_+_27-993_ARO:3003096_CfxA5	100.000	52	0	0	1	52	915	966	9.80e-20	97.1
NODE_1253_length_8326_cov_6.19417	gb_U38243_+_149-1115_ARO:3003001_CfxA	100.000	52	0	0	1	52	915	966	9.80e-20	97.1
NODE_1253_length_8326_cov_6.19417	gb_AY769933_+_0-966_ARO:3003005_CfxA4	100.000	52	0	0	1	52	915	966	9.80e-20	97.1
NODE_1253_length_8326_cov_6.19417	gb_AF118110.1_-_71-1037_ARO:3003002_CfxA2	100.000	52	0	0	1	52	915	966	9.80e-20	97.1
NODE_1284_length_8210_cov_25.6544	gb_M17124_+_1181-1982_ARO:3000498_ErmF	99.750	801	2	0	7394	8194	1	801	0.0	1469
NODE_1284_length_8210_cov_25.6544	gb_AF319779.2_+_32-833_ARO:3000604_Erm(35)	78.643	796	166	3	7394	8187	1	794	1.04e-148	525
NODE_1420_length_7797_cov_75.5192	gb_CP007593.1_+_2148923-2149772_ARO:3001301_RlmA(II)	83.649	844	136	2	5910	6752	843	1	0.0	793
NODE_1749_length_7026_cov_11.3685	gb_BX664015.1_-_103017-103833_ARO:3002641_APH(3')-Ia	99.140	814	7	0	66	879	814	1	0.0	1465
NODE_1749_length_7026_cov_11.3685	gb_AY043299.1_-_3984-5175_ARO:3000167_tet(C)	100.000	292	0	0	2676	2967	334	625	3.18e-153	540
NODE_1749_length_7026_cov_11.3685	gb_AY043299.1_-_3984-5175_ARO:3000167_tet(C)	100.000	280	0	0	4184	4463	622	901	1.49e-146	518
NODE_1987_length_6567_cov_13.9263	gb_FR717535_+_0-861_ARO:3000910_TEM-40	99.884	861	1	0	103	963	1	861	0.0	1585
NODE_1987_length_6567_cov_13.9263	gb_AL513383_+_161910-162771_ARO:3000873_TEM-1	99.884	861	1	0	103	963	1	861	0.0	1585
NODE_1987_length_6567_cov_13.9263	gb_FJ405211_+_0-861_ARO:3000926_TEM-57	99.768	861	2	0	103	963	1	861	0.0	1580
NODE_1987_length_6567_cov_13.9263	gb_AM183304_+_208-1069_ARO:3001017_TEM-150	99.768	861	2	0	103	963	1	861	0.0	1580
NODE_1987_length_6567_cov_13.9263	gb_FJ919776_+_208-1069_ARO:3001034_TEM-168	99.768	861	2	0	103	963	1	861	0.0	1580
NODE_1987_length_6567_cov_13.9263	gb_AY956335_+_38-899_ARO:3001004_TEM-141	99.768	861	2	0	103	963	1	861	0.0	1580
NODE_1987_length_6567_cov_13.9263	gb_AF104442_+_193-1054_ARO:3000923_TEM-54	99.768	861	2	0	103	963	1	861	0.0	1580
NODE_1987_length_6567_cov_13.9263	gb_AM941159_+_208-1069_ARO:3001022_TEM-156	99.768	861	2	0	103	963	1	861	0.0	1580
NODE_1987_length_6567_cov_13.9263	gb_AF351241_+_89-950_ARO:3000957_TEM-90	99.768	861	2	0	103	963	1	861	0.0	1580
NODE_1987_length_6567_cov_13.9263	gb_KF240808_+_0-861_ARO:3001386_TEM-209	99.768	861	2	0	103	963	1	861	0.0	1580
NODE_1987_length_6567_cov_13.9263	gb_AY092401_+_0-861_ARO:3000963_TEM-96	99.768	861	2	0	103	963	1	861	0.0	1580
NODE_1987_length_6567_cov_13.9263	gb_GQ149347_+_5269-6130_ARO:3001037_TEM-171	99.768	861	2	0	103	963	1	861	0.0	1580
NODE_1987_length_6567_cov_13.9263	gb_DQ286729_+_0-861_ARO:3000924_TEM-55	99.768	861	2	0	103	963	1	861	0.0	1580
NODE_1987_length_6567_cov_13.9263	gb_AJ012256_+_208-1069_ARO:3000939_TEM-73	99.768	861	2	0	103	963	1	861	0.0	1580
NODE_1987_length_6567_cov_13.9263	gb_AY307100_+_0-861_ARO:3000984_TEM-122	99.768	861	2	0	103	963	1	861	0.0	1580
NODE_1987_length_6567_cov_13.9263	gb_HQ529916_+_110-971_ARO:3001045_TEM-183	99.768	861	2	0	103	963	1	861	0.0	1580
NODE_1987_length_6567_cov_13.9263	gb_JN254627_+_0-861_ARO:3001049_TEM-189	99.652	861	3	0	103	963	1	861	0.0	1574
NODE_1987_length_6567_cov_13.9263	gb_KP050492_+_0-861_ARO:3001392_TEM-215	99.652	861	3	0	103	963	1	861	0.0	1574
NODE_1987_length_6567_cov_13.9263	gb_AF516720_+_214-1075_ARO:3000968_TEM-105	99.652	861	3	0	103	963	1	861	0.0	1574
NODE_1987_length_6567_cov_13.9263	gb_FJ807656_+_0-861_ARO:3001020_TEM-154	99.652	861	3	0	103	963	1	861	0.0	1574
NODE_1987_length_6567_cov_13.9263	gb_AF190694_+_208-1069_ARO:3000942_TEM-76	99.652	861	3	0	103	963	1	861	0.0	1574
NODE_1987_length_6567_cov_13.9263	gb_KC865667_+_183-1044_ARO:3001385_TEM-208	99.652	861	3	0	103	963	1	861	0.0	1574
NODE_1987_length_6567_cov_13.9263	gb_AF188199_+_214-1075_ARO:3000936_TEM-70	99.652	861	3	0	103	963	1	861	0.0	1574
NODE_1987_length_6567_cov_13.9263	gb_AF427128_+_208-1069_ARO:3000949_TEM-82	99.652	861	3	0	103	963	1	861	0.0	1574
NODE_1987_length_6567_cov_13.9263	gb_DQ279850_+_0-861_ARO:3001014_TEM-147	99.652	861	3	0	103	963	1	861	0.0	1574
NODE_1987_length_6567_cov_13.9263	gb_AY368236_+_0-861_ARO:3000989_TEM-127	99.652	861	3	0	103	963	1	861	0.0	1574
NODE_1987_length_6567_cov_13.9263	gb_AJ634602.1_-_7839-8700_ARO:3000999_TEM-135	99.652	861	3	0	103	963	1	861	0.0	1574
NODE_1987_length_6567_cov_13.9263	gb_DQ075245_+_217-1078_ARO:3001006_TEM-143	99.652	861	3	0	103	963	1	861	0.0	1574
NODE_1987_length_6567_cov_13.9263	gb_AF427127_+_208-1069_ARO:3000948_TEM-81	99.652	861	3	0	103	963	1	861	0.0	1574
NODE_1987_length_6567_cov_13.9263	gb_KM114268_+_0-861_ARO:3003157_TEM-219	99.652	861	3	0	103	963	1	861	0.0	1574
NODE_1987_length_6567_cov_13.9263	gb_DQ105529_+_0-861_ARO:3001013_TEM-146	99.652	861	3	0	103	963	1	861	0.0	1574
NODE_1987_length_6567_cov_13.9263	gb_JN227084_+_308-1169_ARO:3001046_TEM-186	99.652	861	3	0	103	963	1	861	0.0	1574
NODE_1987_length_6567_cov_13.9263	gb_Y17584_+_0-858_ARO:3000899_TEM-29	99.767	858	2	0	103	960	1	858	0.0	1574
NODE_1987_length_6567_cov_13.9263	gb_KC149518_+_0-861_ARO:3001369_TEM-153	99.652	861	3	0	103	963	1	861	0.0	1574
NODE_1987_length_6567_cov_13.9263	gb_EU815939_+_0-861_ARO:3001029_TEM-163	99.652	861	3	0	103	963	1	861	0.0	1574
NODE_1987_length_6567_cov_13.9263	gb_X57972_+_339-1200_ARO:3000878_TEM-6	99.652	861	3	0	103	963	1	861	0.0	1574
NODE_1987_length_6567_cov_13.9263	gb_HG934763_+_0-861_ARO:3001394_TEM-217	99.652	861	3	0	103	963	1	861	0.0	1574
NODE_1987_length_6567_cov_13.9263	gb_AJ437107_+_208-1069_ARO:3000900_TEM-30	99.652	861	3	0	103	963	1	861	0.0	1574
NODE_1987_length_6567_cov_13.9263	gb_AJ308558_+_181-1042_ARO:3000962_TEM-95	99.652	861	3	0	103	963	1	861	0.0	1574
NODE_1987_length_6567_cov_13.9263	gb_AY368237_+_0-861_ARO:3000990_TEM-128	99.652	861	3	0	103	963	1	861	0.0	1574
NODE_1987_length_6567_cov_13.9263	gb_GU371926_-_50304-51165_ARO:3000903_TEM-33	99.652	861	3	0	103	963	1	861	0.0	1574
NODE_1987_length_6567_cov_13.9263	gb_KP050491_+_0-861_ARO:3001391_TEM-214	99.652	861	3	0	103	963	1	861	0.0	1574
NODE_1987_length_6567_cov_13.9263	gb_AY589493_+_166-1027_ARO:3000975_TEM-112	99.652	861	3	0	103	963	1	861	0.0	1574
NODE_1987_length_6567_cov_13.9263	gb_FJ197316_+_0-861_ARO:3001032_TEM-166	99.652	861	3	0	103	963	1	861	0.0	1574
NODE_1987_length_6567_cov_13.9263	gb_AM087454_+_208-1069_ARO:3001015_TEM-148	99.652	861	3	0	103	963	1	861	0.0	1574
NODE_1987_length_6567_cov_13.9263	gb_GU550123_+_144-1005_ARO:3001041_TEM-176	99.652	861	3	0	103	963	1	861	0.0	1574
NODE_1987_length_6567_cov_13.9263	gb_KC818234_+_0-861_ARO:3001384_TEM-207	99.652	861	3	0	103	963	1	861	0.0	1574
NODE_1987_length_6567_cov_13.9263	gb_AB049569_+_0-861_ARO:3000958_TEM-91	99.652	861	3	0	103	963	1	861	0.0	1574
NODE_1987_length_6567_cov_13.9263	gb_KC783461_+_0-861_ARO:3001383_TEM-206	99.652	861	3	0	103	963	1	861	0.0	1574
NODE_1987_length_6567_cov_13.9263	gb_AB700703_+_161-1022_ARO:3001057_TEM-198	99.652	861	3	0	103	963	1	861	0.0	1574
NODE_1987_length_6567_cov_13.9263	gb_NC_002156_+_1429-2290_ARO:3000979_TEM-116	99.652	861	3	0	103	963	1	861	0.0	1574
NODE_1987_length_6567_cov_13.9263	gb_KC292503_+_4334-5195_ARO:3000904_TEM-34	99.652	861	3	0	103	963	1	861	0.0	1574
NODE_1987_length_6567_cov_13.9263	gb_KM998962.1_+_0-861_ARO:3003158_TEM-220	99.535	861	4	0	103	963	1	861	0.0	1568
NODE_1987_length_6567_cov_13.9263	gb_JQ034306_+_0-861_ARO:3001376_TEM-196	99.535	861	4	0	103	963	1	861	0.0	1568
NODE_1987_length_6567_cov_13.9263	gb_EU274580_+_214-1075_ARO:3001030_TEM-164	99.535	861	4	0	103	963	1	861	0.0	1568
NODE_1987_length_6567_cov_13.9263	gb_M88143_+_367-1228_ARO:3000884_TEM-12	99.535	861	4	0	103	963	1	861	0.0	1568
NODE_1987_length_6567_cov_13.9263	gb_JX042489_+_141-1002_ARO:3000890_TEM-19	99.535	861	4	0	103	963	1	861	0.0	1568
NODE_1987_length_6567_cov_13.9263	gb_AF535127_+_208-1069_ARO:3000978_TEM-115	99.535	861	4	0	103	963	1	861	0.0	1568
NODE_1987_length_6567_cov_13.9263	gb_AF347054_+_208-1069_ARO:3000947_TEM-80	99.535	861	4	0	103	963	1	861	0.0	1568
NODE_1987_length_6567_cov_13.9263	gb_HQ877606_+_0-861_ARO:3001056_TEM-197	99.535	861	4	0	103	963	1	861	0.0	1568
NODE_1987_length_6567_cov_13.9263	gb_KF944358_+_0-861_ARO:3001393_TEM-216	99.535	861	4	0	103	963	1	861	0.0	1568
NODE_1987_length_6567_cov_13.9263	gb_AM849805_+_262-1123_ARO:3000886_TEM-15	99.535	861	4	0	103	963	1	861	0.0	1568
NODE_1987_length_6567_cov_13.9263	gb_AJ318093_+_0-861_ARO:3000960_TEM-93	99.535	861	4	0	103	963	1	861	0.0	1568
NODE_1987_length_6567_cov_13.9263	gb_AF516719_+_214-1075_ARO:3000967_TEM-104	99.535	861	4	0	103	963	1	861	0.0	1568
NODE_1987_length_6567_cov_13.9263	gb_AM049399_+_0-861_ARO:3001007_TEM-144	99.535	861	4	0	103	963	1	861	0.0	1568
NODE_1987_length_6567_cov_13.9263	gb_AF190692_+_208-1069_ARO:3000946_TEM-79	99.535	861	4	0	103	963	1	861	0.0	1568
NODE_1987_length_6567_cov_13.9263	gb_FJ873740_+_0-858_ARO:3001035_TEM-169	99.650	858	3	0	103	960	1	858	0.0	1568
NODE_1987_length_6567_cov_13.9263	gb_U37195_+_75-936_ARO:3000898_TEM-28	99.535	861	4	0	103	963	1	861	0.0	1568
NODE_1987_length_6567_cov_13.9263	gb_JF795538_+_0-861_ARO:3001374_TEM-185	99.535	861	4	0	103	963	1	861	0.0	1568
NODE_1987_length_6567_cov_13.9263	gb_AY243512_+_208-1069_ARO:3000982_TEM-120	99.535	861	4	0	103	963	1	861	0.0	1568
NODE_1987_length_6567_cov_13.9263	gb_AF093512_+_197-1058_ARO:3000882_TEM-10	99.535	861	4	0	103	963	1	861	0.0	1568
NODE_1987_length_6567_cov_13.9263	gb_JX310327_+_0-861_ARO:3001378_TEM-201	99.535	861	4	0	103	963	1	861	0.0	1568
NODE_1987_length_6567_cov_13.9263	gb_DQ105528_+_0-861_ARO:3001012_TEM-145	99.535	861	4	0	103	963	1	861	0.0	1568
NODE_1987_length_6567_cov_13.9263	gb_AY101578_+_214-1075_ARO:3000969_TEM-106	99.535	861	4	0	103	963	1	861	0.0	1568
NODE_1987_length_6567_cov_13.9263	gb_Y13612_+_0-861_ARO:3000921_TEM-52	99.535	861	4	0	103	963	1	861	0.0	1568
NODE_1987_length_6567_cov_13.9263	gb_AF427130_+_208-1069_ARO:3000951_TEM-84	99.535	861	4	0	103	963	1	861	0.0	1568
NODE_1987_length_6567_cov_13.9263	gb_X54606_+_214-1075_ARO:3000874_TEM-2	99.535	861	4	0	103	963	1	861	0.0	1568
NODE_1987_length_6567_cov_13.9263	gb_DQ679961_+_114-975_ARO:3001021_TEM-155	99.535	861	4	0	103	963	1	861	0.0	1568
NODE_1987_length_6567_cov_13.9263	gb_U95363_+_0-861_ARO:3000912_TEM-43	99.535	861	4	0	103	963	1	861	0.0	1568
NODE_1987_length_6567_cov_13.9263	gb_AY628175_+_210-1071_ARO:3000972_TEM-109	99.535	861	4	0	103	963	1	861	0.0	1568
NODE_1987_length_6567_cov_13.9263	gb_AY628199_+_203-1064_ARO:3000988_TEM-126	99.535	861	4	0	103	963	1	861	0.0	1568
NODE_1987_length_6567_cov_13.9263	gb_AF104441_+_193-1054_ARO:3000922_TEM-53	99.419	861	5	0	103	963	1	861	0.0	1563
NODE_1987_length_6567_cov_13.9263	gb_EF136377_+_0-861_ARO:3001026_TEM-160	99.419	861	5	0	103	963	1	861	0.0	1563
NODE_1987_length_6567_cov_13.9263	gb_DQ909059_+_0-861_ARO:3001023_TEM-157	99.419	861	5	0	103	963	1	861	0.0	1563
NODE_1987_length_6567_cov_13.9263	gb_X95401_+_208-1069_ARO:3000914_TEM-45	99.419	861	5	0	103	963	1	861	0.0	1563
NODE_1987_length_6567_cov_13.9263	gb_AY826417_+_0-861_ARO:3001000_TEM-136	99.419	861	5	0	103	963	1	861	0.0	1563
NODE_1987_length_6567_cov_13.9263	gb_KF663615_+_0-858_ARO:3001390_TEM-213	99.534	858	4	0	103	960	1	858	0.0	1563
NODE_1987_length_6567_cov_13.9263	gb_EF136376_+_0-861_ARO:3001025_TEM-159	99.419	861	5	0	103	963	1	861	0.0	1563
NODE_1987_length_6567_cov_13.9263	gb_AY072920_+_0-861_ARO:3000973_TEM-110	99.419	861	5	0	103	963	1	861	0.0	1563
NODE_1987_length_6567_cov_13.9263	gb_AY528425_+_0-861_ARO:3000997_TEM-133	99.419	861	5	0	103	963	1	861	0.0	1563
NODE_1987_length_6567_cov_13.9263	gb_HQ317449_+_0-861_ARO:3001373_TEM-182	99.419	861	5	0	103	963	1	861	0.0	1563
NODE_1987_length_6567_cov_13.9263	gb_AF203816_+_210-1071_ARO:3000937_TEM-71	99.419	861	5	0	103	963	1	861	0.0	1563
NODE_1987_length_6567_cov_13.9263	gb_AY874537_+_177-1038_ARO:3000883_TEM-11	99.419	861	5	0	103	963	1	861	0.0	1563
NODE_1987_length_6567_cov_13.9263	gb_EF534736_+_213-1074_ARO:3001024_TEM-158	99.419	861	5	0	103	963	1	861	0.0	1563
NODE_1987_length_6567_cov_13.9263	gb_AY491682_+_0-861_ARO:3000996_TEM-132	99.419	861	5	0	103	963	1	861	0.0	1563
NODE_1987_length_6567_cov_13.9263	gb_X65253_+_175-1036_ARO:3000894_TEM-24	99.303	861	6	0	103	963	1	861	0.0	1557
NODE_1987_length_6567_cov_13.9263	gb_AF468003_+_0-861_ARO:3000974_TEM-111	99.303	861	6	0	103	963	1	861	0.0	1557
NODE_1987_length_6567_cov_13.9263	gb_JN416112_+_0-861_ARO:3001050_TEM-190	99.303	861	6	0	103	963	1	861	0.0	1557
NODE_1987_length_6567_cov_13.9263	gb_X64523.1_-_476-1337_ARO:3000875_TEM-3	99.303	861	6	0	103	963	1	861	0.0	1557
NODE_1987_length_6567_cov_13.9263	gb_Y17581_+_78-936_ARO:3000891_TEM-20	99.417	858	5	0	103	960	1	858	0.0	1557
NODE_1987_length_6567_cov_13.9263	gb_AM286274_+_0-861_ARO:3001001_TEM-137	99.303	861	6	0	103	963	1	861	0.0	1557
NODE_1987_length_6567_cov_13.9263	gb_AY027590_+_112-973_ARO:3000955_TEM-88	99.303	861	6	0	103	963	1	861	0.0	1557
NODE_1987_length_6567_cov_13.9263	gb_AF427129_+_208-1069_ARO:3000950_TEM-83	99.303	861	6	0	103	963	1	861	0.0	1557
NODE_1987_length_6567_cov_13.9263	gb_AY101764_+_206-1067_ARO:3000970_TEM-107	99.303	861	6	0	103	963	1	861	0.0	1557
NODE_1987_length_6567_cov_13.9263	gb_JN211012_+_213-1074_ARO:3001048_TEM-188	99.303	861	6	0	103	963	1	861	0.0	1557
NODE_1987_length_6567_cov_13.9263	gb_Y14574_+_0-861_ARO:3000888_TEM-17	99.303	861	6	0	103	963	1	861	0.0	1557
NODE_1987_length_6567_cov_13.9263	gb_AF091113_+_450-1311_ARO:3000934_TEM-67	99.303	861	6	0	103	963	1	861	0.0	1557
NODE_1987_length_6567_cov_13.9263	gb_AY853593_+_214-1075_ARO:3001002_TEM-138	99.303	861	6	0	103	963	1	861	0.0	1557
NODE_1987_length_6567_cov_13.9263	gb_AF190693_+_208-1069_ARO:3000944_TEM-78	99.303	861	6	0	103	963	1	861	0.0	1557
NODE_1987_length_6567_cov_13.9263	gb_X65254_+_175-1036_ARO:3000887_TEM-16	99.303	861	6	0	103	963	1	861	0.0	1557
NODE_1987_length_6567_cov_13.9263	gb_Y10279_+_0-861_ARO:3000916_TEM-47	99.303	861	6	0	103	963	1	861	0.0	1557
NODE_1987_length_6567_cov_13.9263	gb_NG_050265_+_100-961_ARO:3000876_TEM-4	99.187	861	7	0	103	963	1	861	0.0	1552
NODE_1987_length_6567_cov_13.9263	gb_X65252_+_175-1036_ARO:3000880_TEM-8	99.187	861	7	0	103	963	1	861	0.0	1552
NODE_1987_length_6567_cov_13.9263	gb_Y10280_+_0-861_ARO:3000917_TEM-48	99.187	861	7	0	103	963	1	861	0.0	1552
NODE_1987_length_6567_cov_13.9263	gb_FR848831_+_0-861_ARO:3001375_TEM-184	99.187	861	7	0	103	963	1	861	0.0	1552
NODE_1987_length_6567_cov_13.9263	gb_AJ277414_+_0-861_ARO:3000952_TEM-85	99.187	861	7	0	103	963	1	861	0.0	1552
NODE_1987_length_6567_cov_13.9263	gb_DQ369751_+_0-861_ARO:3001016_TEM-149	99.187	861	7	0	103	963	1	861	0.0	1552
NODE_1987_length_6567_cov_13.9263	gb_AY589495_+_181-1042_ARO:3000977_TEM-114	99.187	861	7	0	103	963	1	861	0.0	1552
NODE_1987_length_6567_cov_13.9263	gb_AY574271_+_0-861_ARO:3000998_TEM-134	99.187	861	7	0	103	963	1	861	0.0	1552
NODE_1987_length_6567_cov_13.9263	gb_AJ746225_+_0-861_ARO:3000993_TEM-129	99.187	861	7	0	103	963	1	861	0.0	1552
NODE_1987_length_6567_cov_13.9263	gb_DQ834728_+_205-1066_ARO:3001019_TEM-152	99.187	861	7	0	103	963	1	861	0.0	1552
NODE_1987_length_6567_cov_13.9263	gb_AF332513_+_103-964_ARO:3000931_TEM-63	99.187	861	7	0	103	963	1	861	0.0	1552
NODE_1987_length_6567_cov_13.9263	gb_DQ388882_+_0-861_ARO:3001005_TEM-142	99.187	861	7	0	103	963	1	861	0.0	1552
NODE_1987_length_6567_cov_13.9263	gb_AJ239002_+_0-861_ARO:3000935_TEM-68	99.187	861	7	0	103	963	1	861	0.0	1552
NODE_1987_length_6567_cov_13.9263	gb_DQ834729_+_205-1066_ARO:3001018_TEM-151	99.187	861	7	0	103	963	1	861	0.0	1552
NODE_1987_length_6567_cov_13.9263	gb_AF143804_+_0-861_ARO:3000959_TEM-92	99.187	861	7	0	103	963	1	861	0.0	1552
NODE_1987_length_6567_cov_13.9263	gb_AF157553_+_147-1008_ARO:3000938_TEM-72	99.187	861	7	0	103	963	1	861	0.0	1552
NODE_1987_length_6567_cov_13.9263	gb_AF506748_+_38-899_ARO:3000971_TEM-108	99.414	853	5	0	111	963	9	861	0.0	1548
NODE_1987_length_6567_cov_13.9263	gb_AY436361_+_131-992_ARO:3000995_TEM-131	99.071	861	8	0	103	963	1	861	0.0	1548
NODE_1987_length_6567_cov_13.9263	gb_FJ360884_+_213-1074_ARO:3001033_TEM-167	99.071	861	8	0	103	963	1	861	0.0	1546
NODE_1987_length_6567_cov_13.9263	gb_AJ277415_+_0-861_ARO:3000953_TEM-86	99.071	861	8	0	103	963	1	861	0.0	1546
NODE_1987_length_6567_cov_13.9263	gb_AJ318094_+_0-861_ARO:3000961_TEM-94	99.071	861	8	0	103	963	1	861	0.0	1546
NODE_1987_length_6567_cov_13.9263	gb_AF495873_+_0-861_ARO:3000964_TEM-101	99.071	861	8	0	103	963	1	861	0.0	1546
NODE_1987_length_6567_cov_13.9263	gb_DQ072853_+_0-861_ARO:3001003_TEM-139	99.071	861	8	0	103	963	1	861	0.0	1546
NODE_1987_length_6567_cov_13.9263	gb_Y10281_+_0-861_ARO:3000918_TEM-49	99.071	861	8	0	103	963	1	861	0.0	1546
NODE_1987_length_6567_cov_13.9263	gb_AY589494_+_193-1054_ARO:3000976_TEM-113	99.071	861	8	0	103	963	1	861	0.0	1546
NODE_1987_length_6567_cov_13.9263	gb_Y17582_+_0-858_ARO:3000892_TEM-21	99.184	858	7	0	103	960	1	858	0.0	1546
NODE_1987_length_6567_cov_13.9263	gb_Y17583_+_213-1071_ARO:3000893_TEM-22	99.184	858	7	0	103	960	1	858	0.0	1546
NODE_1987_length_6567_cov_13.9263	gb_AY271267_+_0-861_ARO:3000983_TEM-121	99.071	861	8	0	103	963	1	861	0.0	1546
NODE_1987_length_6567_cov_13.9263	gb_AF250872_+_0-861_ARO:3000954_TEM-87	99.071	861	8	0	103	963	1	861	0.0	1546
NODE_1987_length_6567_cov_13.9263	gb_HM246246_+_211-1069_ARO:3001047_TEM-187	99.183	857	7	0	103	959	1	857	0.0	1544
NODE_1987_length_6567_cov_13.9263	gb_KF513179_+_0-861_ARO:3001388_TEM-211	98.955	861	9	0	103	963	1	861	0.0	1541
NODE_1987_length_6567_cov_13.9263	gb_AJ866988_+_0-861_ARO:3000994_TEM-130	98.955	861	9	0	103	963	1	861	0.0	1541
NODE_1987_length_6567_cov_13.9263	gb_FN652295_+_0-861_ARO:3001042_TEM-177	98.955	861	9	0	103	963	1	861	0.0	1541
NODE_1987_length_6567_cov_13.9263	gb_KC900516_+_0-858_ARO:3001382_TEM-205	99.068	858	8	0	103	960	1	858	0.0	1541
NODE_1987_length_6567_cov_13.9263	gb_EF468463_+_66-927_ARO:3001028_TEM-162	98.955	861	9	0	103	963	1	861	0.0	1541
NODE_1987_length_6567_cov_13.9263	gb_JX050178_+_0-852_ARO:3001058_TEM-199	99.178	852	7	0	111	962	1	852	0.0	1535
NODE_1987_length_6567_cov_13.9263	gb_AY628176_+_75-936_ARO:3000987_TEM-125	98.839	861	10	0	103	963	1	861	0.0	1535
NODE_1987_length_6567_cov_13.9263	gb_AY327539_+_0-858_ARO:3000985_TEM-123	98.839	861	7	1	103	963	1	858	0.0	1531
NODE_1987_length_6567_cov_13.9263	gb_AY327540_+_0-858_ARO:3000986_TEM-124	98.839	861	7	1	103	963	1	858	0.0	1531
NODE_1987_length_6567_cov_13.9263	gb_JN935137_+_0-861_ARO:3001055_TEM-195	98.606	861	12	0	103	963	1	861	0.0	1524
NODE_1987_length_6567_cov_13.9263	gb_AY040093_+_68-929_ARO:3000965_TEM-102	98.606	861	12	0	103	963	1	861	0.0	1524
NODE_1987_length_6567_cov_13.9263	gb_AF047171_+_135-996_ARO:3000929_TEM-60	98.490	861	13	0	103	963	1	861	0.0	1519
NODE_1987_length_6567_cov_13.9263	gb_X98047_+_0-844_ARO:3000911_TEM-42	99.051	843	8	0	112	954	1	843	0.0	1513
NODE_1987_length_6567_cov_13.9263	gb_AF062386_+_30-862_ARO:3000928_TEM-59	99.398	831	5	0	103	933	1	831	0.0	1507
NODE_1987_length_6567_cov_13.9263	gb_AY039040_+_188-1022_ARO:3000956_TEM-89	99.161	834	7	0	103	936	1	834	0.0	1502
NODE_1987_length_6567_cov_13.9263	gb_JN935135_+_0-861_ARO:3001053_TEM-193	98.028	862	15	2	103	963	1	861	0.0	1496
NODE_1987_length_6567_cov_13.9263	gb_JN935136_+_0-861_ARO:3001054_TEM-194	97.561	861	21	0	103	963	1	861	0.0	1474
NODE_1987_length_6567_cov_13.9263	gb_X97254_+_153-1011_ARO:3001043_TEM-178	97.564	862	16	3	103	963	1	858	0.0	1471
NODE_1987_length_6567_cov_13.9263	gb_L19940_+_197-1006_ARO:3000896_TEM-26	99.382	809	5	0	103	911	1	809	0.0	1467
NODE_1987_length_6567_cov_13.9263	gb_AY130285_+_0-785_ARO:3000981_TEM-118	99.363	785	5	0	139	923	1	785	0.0	1423
NODE_1987_length_6567_cov_13.9263	gb_AF527798.1_+_0-785_ARO:3000879_TEM-7	99.363	785	5	0	139	923	1	785	0.0	1423
NODE_1987_length_6567_cov_13.9263	gb_AY130284_+_0-785_ARO:3000941_TEM-75	99.236	785	6	0	139	923	1	785	0.0	1417
NODE_1987_length_6567_cov_13.9263	gb_AY130282_+_0-764_ARO:3000980_TEM-117	99.738	764	2	0	139	902	1	764	0.0	1400
NODE_1987_length_6567_cov_13.9263	gb_JF949916_+_0-757_ARO:3001051_TEM-191	99.735	756	2	0	133	888	1	756	0.0	1386
NODE_1987_length_6567_cov_13.9263	gb_JF949915_+_0-754_ARO:3001052_TEM-192	99.734	753	2	0	133	885	1	753	0.0	1380
NODE_2041_length_6472_cov_211.309	gb_AM180355_+_600033-601953_ARO:3000186_tetM	91.875	1920	156	0	532	2451	1920	1	0.0	2682
NODE_2041_length_6472_cov_211.309	gb_L09756_+_0-1926_ARO:3000192_tetS	78.723	1927	393	15	533	2450	1920	2	0.0	1271
NODE_2066_length_6432_cov_47.5027	gb_NC_003098.1_-_1359228-1360395_ARO:3000025_patB	78.015	1169	242	13	973	2133	1	1162	0.0	721
NODE_2374_length_5982_cov_3.73224	gb_AF472622_+_52-1018_ARO:3003003_CfxA3	100.000	52	0	0	1	52	915	966	7.04e-20	97.1
NODE_2374_length_5982_cov_3.73224	gb_AY769934_+_27-993_ARO:3003096_CfxA5	100.000	52	0	0	1	52	915	966	7.04e-20	97.1
NODE_2374_length_5982_cov_3.73224	gb_U38243_+_149-1115_ARO:3003001_CfxA	100.000	52	0	0	1	52	915	966	7.04e-20	97.1
NODE_2374_length_5982_cov_3.73224	gb_AY769933_+_0-966_ARO:3003005_CfxA4	100.000	52	0	0	1	52	915	966	7.04e-20	97.1
NODE_2374_length_5982_cov_3.73224	gb_AF118110.1_-_71-1037_ARO:3003002_CfxA2	100.000	52	0	0	1	52	915	966	7.04e-20	97.1
NODE_2754_length_5511_cov_40.6246	gb_NC_012469.1_-_1800927-1802391_ARO:3000616_mel	100.000	1464	0	0	2444	3907	1	1464	0.0	2704
NODE_2754_length_5511_cov_40.6246	gb_NC_023287.1_-_65291-66509_ARO:3000615_mefA	96.962	1218	37	0	1107	2324	1	1218	0.0	2045
NODE_3240_length_5007_cov_3.68558	gb_X63451_+_0-1653_ARO:3002828_srmB	100.000	35	0	0	4224	4258	1499	1465	1.66e-10	65.8
NODE_3696_length_4648_cov_9.50272	gb_M11036_+_0-1377_ARO:3000179_tet(L)	99.706	1361	4	0	706	2066	17	1377	0.0	2492
NODE_3700_length_4646_cov_8.02135	gb_NC_003098.1_-_1359228-1360395_ARO:3000025_patB	91.645	1161	97	0	580	1740	1161	1	0.0	1607
NODE_4104_length_4369_cov_2.41748	gb_Z21523_+_0-1974_ARO:3000191_tetQ	98.413	63	1	0	1	63	1912	1974	1.83e-24	111
NODE_4141_length_4349_cov_30.4728	gb_NC_003112.2_+_329612-330767_ARO:3003961_farA	73.144	916	228	16	1397	2303	127	1033	4.66e-85	313
NODE_4518_length_4129_cov_48.6188	gb_AP006618.1_+_4835199-4838688_ARO:3000501_Nocardia	86.826	334	40	4	3093	3424	2968	3299	2.59e-102	370
NODE_4558_length_4104_cov_3.03087	gb_CP001050.1_+_1332866-1333499_ARO:3000817_mtrR	77.133	586	118	14	2199	2776	578	1	5.65e-89	326
NODE_5143_length_3834_cov_37.5419	gb_NC_003112.2_-_1791966-1795170_ARO:3000811_mtrD	81.224	3185	572	21	1	3172	5	3176	0.0	2545
NODE_5770_length_3571_cov_6.89221	gb_NC_014638.1_-_1610636-1613960_ARO:3003730_Bifidobacteria	82.424	165	29	0	918	1082	3067	3231	1.48e-34	145
NODE_5857_length_3537_cov_12.4891	gb_HQ652506.1_+_373-2098_ARO:3004032_tetA(46)	88.058	1725	206	0	1707	3431	1725	1	0.0	2045
NODE_5857_length_3537_cov_12.4891	gb_HQ652506.1_+_2099-3836_ARO:3004033_tetB(46)	87.273	1705	217	0	1	1705	1705	1	0.0	1947
NODE_6037_length_3472_cov_4.77758	gb_AF173226_+_3767-6917_ARO:3003052_smeB	75.661	378	75	11	2299	2669	2996	2629	6.59e-43	172
NODE_6554_length_3295_cov_2.53364	gb_X63451_+_0-1653_ARO:3002828_srmB	97.059	34	1	0	859	892	1499	1466	1.83e-08	58.4
NODE_6665_length_3261_cov_3.32221	gb_AB091338_+_173-1355_ARO:3003551_emeA	79.503	161	28	3	3074	3232	7	164	4.92e-24	110
NODE_7504_length_3019_cov_5.18758	gb_M80346_+_0-1656_ARO:3002817_carA	97.297	37	1	0	1669	1705	1467	1503	3.59e-10	63.9
NODE_8481_length_2797_cov_3.08133	gb_HQ652506.1_+_2099-3836_ARO:3004033_tetB(46)	100.000	29	0	0	507	535	1502	1474	2.00e-07	54.7
NODE_8776_length_2729_cov_6.63613	gb_HQ652506.1_+_2099-3836_ARO:3004033_tetB(46)	85.016	921	136	2	1810	2729	1721	802	0.0	935
NODE_9112_length_2658_cov_3.00038	gb_NC_014638.1_-_1610636-1613960_ARO:3003730_Bifidobacteria	77.056	693	135	18	6	677	1459	2148	9.93e-105	377
NODE_9729_length_2539_cov_6.50362	gb_NC_002134.1_+_41537-42743_ARO:3000165_tet(A)	99.917	1206	1	0	173	1378	1	1206	0.0	2222
NODE_9729_length_2539_cov_6.50362	gb_AB089595_+_0-1206_ARO:3000166_tet(B)	99.751	1206	3	0	173	1378	1	1206	0.0	2211
NODE_10077_length_2477_cov_7.72419	gb_AY928180_+_0-495_ARO:3002837_lnuC	99.192	495	4	0	146	640	495	1	0.0	893
NODE_10120_length_2471_cov_2.12293	gb_NC_003112.2_-_1791966-1795170_ARO:3000811_mtrD	84.951	2472	363	6	1	2469	537	3002	0.0	2495
NODE_10312_length_2439_cov_25.7798	gb_EU434751_+_658-2578_ARO:3000194_tetW	99.948	1920	1	0	389	2308	1	1920	0.0	3541
NODE_10312_length_2439_cov_25.7798	gb_KU736867.1_+_19653-21573_ARO:3004442_tet(W/N/W)	96.077	1912	73	2	389	2299	1	1911	0.0	3114
NODE_11650_length_2245_cov_3.15251	gb_AP009048_+_2810082-2811255_ARO:3000027_emrA	72.761	268	66	7	1208	1471	1014	750	2.04e-16	84.2
NODE_13411_length_2031_cov_12.8426	gb_CP007593.1_+_2148923-2149772_ARO:3001301_RlmA(II)	85.343	846	118	6	40	882	1	843	0.0	870
NODE_13541_length_2016_cov_23.6242	gb_NC_005024_+_42504-43944_ARO:3002597_AAC(6')-Ie-APH(2'')-Ia	100.000	1440	0	0	449	1888	1	1440	0.0	2660
NODE_13541_length_2016_cov_23.6242	gb_AY701528.1_+_9695-10589_ARO:3004191_APH(2'')-If	80.843	830	149	9	1052	1876	43	867	0.0	643
NODE_13890_length_1978_cov_10.9246	gb_NC_003098.1_-_1359228-1360395_ARO:3000025_patB	85.616	1161	159	6	25	1181	1	1157	0.0	1212
NODE_15458_length_1823_cov_13.3541	gb_CP007593.1_+_2148923-2149772_ARO:3001301_RlmA(II)	87.868	849	103	0	18	866	1	849	0.0	998
NODE_16393_length_1748_cov_3.48376	gb_HQ652506.1_+_373-2098_ARO:3004032_tetA(46)	94.382	1335	75	0	1	1335	391	1725	0.0	2050
NODE_16393_length_1748_cov_3.48376	gb_HQ652506.1_+_2099-3836_ARO:3004033_tetB(46)	96.845	412	13	0	1337	1748	1	412	0.0	689
NODE_17161_length_1690_cov_2.29174	gb_HQ652506.1_+_373-2098_ARO:3004032_tetA(46)	89.456	901	95	0	790	1690	1725	825	0.0	1138
NODE_17161_length_1690_cov_2.29174	gb_HQ652506.1_+_2099-3836_ARO:3004033_tetB(46)	91.858	786	64	0	3	788	786	1	0.0	1098
NODE_17504_length_1668_cov_16.1029	gb_KX000273.1_+_0-1740_ARO:3004036_tetB(60)	87.800	1082	132	0	1	1082	659	1740	0.0	1267
NODE_17957_length_1636_cov_8.00886	gb_KX000272.1_+_0-1740_ARO:3004035_tetA(60)	91.437	1378	118	0	259	1636	1	1378	0.0	1892
NODE_18291_length_1613_cov_2.0475	gb_AP009380.1_-_573191-573902_ARO:3003920_pgpB	99.719	711	2	0	2	712	1	711	0.0	1303
NODE_18710_length_1586_cov_9.92423	gb_NC_003098.1_-_1359228-1360395_ARO:3000025_patB	82.742	423	73	0	1164	1586	1	423	5.90e-105	377
NODE_18782_length_1582_cov_23.482	gb_HQ652506.1_+_2099-3836_ARO:3004033_tetB(46)	77.021	1497	304	32	106	1582	229	1705	0.0	822
NODE_19087_length_1562_cov_16.2906	gb_BX664015.1_-_204137-204554_ARO:3000168_tet(D)	100.000	144	0	0	1364	1507	1	144	1.31e-71	267
NODE_20076_length_1504_cov_5.17805	gb_AF472622_+_52-1018_ARO:3003003_CfxA3	100.000	121	0	0	1384	1504	1	121	7.71e-59	224
NODE_20076_length_1504_cov_5.17805	gb_AY769934_+_27-993_ARO:3003096_CfxA5	100.000	121	0	0	1384	1504	1	121	7.71e-59	224
NODE_20076_length_1504_cov_5.17805	gb_U38243_+_149-1115_ARO:3003001_CfxA	100.000	121	0	0	1384	1504	1	121	7.71e-59	224
NODE_20076_length_1504_cov_5.17805	gb_AY769933_+_0-966_ARO:3003005_CfxA4	100.000	121	0	0	1384	1504	1	121	7.71e-59	224
NODE_20076_length_1504_cov_5.17805	gb_AF118110.1_-_71-1037_ARO:3003002_CfxA2	100.000	121	0	0	1384	1504	1	121	7.71e-59	224
NODE_21009_length_1451_cov_2.33381	gb_AB015853_+_1330-4471_ARO:3003033_mexY	81.164	584	101	8	503	1083	973	1550	5.21e-130	460
NODE_21009_length_1451_cov_2.33381	gb_AFRQ01000061.1_-_23986-27124_ARO:3004144_AxyY	79.538	650	120	12	461	1105	931	1572	3.13e-127	451
NODE_21009_length_1451_cov_2.33381	gb_U57969_+_1485-4617_ARO:3000801_MexD	76.960	625	123	20	472	1087	951	1563	9.15e-93	337
NODE_21445_length_1426_cov_4.5186	gb_AP006618.1_+_4835199-4838688_ARO:3000501_Nocardia	74.583	1440	318	41	2	1417	2459	1044	2.25e-168	588
NODE_22206_length_1387_cov_3.79204	gb_Z21523_+_0-1974_ARO:3000191_tetQ	99.063	1387	13	0	1	1387	580	1966	0.0	2490
NODE_22679_length_1362_cov_2.01836	gb_AJ295238.3_+_163-2083_ARO:3000196_tet32	93.741	1342	77	7	23	1360	203	1541	0.0	2006
NODE_23543_length_1318_cov_4.54236	gb_AF235050.4_+_38028-40140_ARO:3003318_Streptomyces	86.154	65	9	0	1028	1092	1961	1897	9.30e-13	71.3
NODE_26625_length_1190_cov_12.4881	gb_CP007593.1_+_2148923-2149772_ARO:3001301_RlmA(II)	84.716	844	127	2	246	1088	843	1	0.0	843
NODE_27021_length_1177_cov_36.5499	gb_HQ652506.1_+_2099-3836_ARO:3004033_tetB(46)	93.103	87	6	0	1	87	1651	1737	4.85e-30	128
NODE_27763_length_1150_cov_287.75	gb_AF242872_+_2131-2878_ARO:3000375_ErmB	99.331	747	4	1	340	1085	1	747	0.0	1351
NODE_28242_length_1134_cov_11.8267	gb_KX000272.1_+_0-1740_ARO:3004035_tetA(60)	90.577	1040	98	0	3	1042	1040	1	0.0	1378
NODE_28285_length_1132_cov_2.44754	gb_AF472622_+_52-1018_ARO:3003003_CfxA3	98.276	58	1	0	1	58	121	64	2.82e-22	102
NODE_28285_length_1132_cov_2.44754	gb_AY769934_+_27-993_ARO:3003096_CfxA5	98.276	58	1	0	1	58	121	64	2.82e-22	102
NODE_28285_length_1132_cov_2.44754	gb_U38243_+_149-1115_ARO:3003001_CfxA	98.276	58	1	0	1	58	121	64	2.82e-22	102
NODE_28285_length_1132_cov_2.44754	gb_AY769933_+_0-966_ARO:3003005_CfxA4	98.276	58	1	0	1	58	121	64	2.82e-22	102
NODE_28285_length_1132_cov_2.44754	gb_AF118110.1_-_71-1037_ARO:3003002_CfxA2	98.276	58	1	0	1	58	121	64	2.82e-22	102
NODE_29048_length_1108_cov_7.34283	gb_CP007593.1_+_2148923-2149772_ARO:3001301_RlmA(II)	85.579	846	116	6	246	1088	843	1	0.0	881
NODE_29772_length_1084_cov_5.1001	gb_HM990671_+_5192-6671_ARO:3003112_lsaC	96.250	80	3	0	1005	1084	1479	1400	3.45e-31	132
NODE_30121_length_1073_cov_15.4656	gb_HM990671_+_5192-6671_ARO:3003112_lsaC	95.433	1073	49	0	1	1073	1454	382	0.0	1711
NODE_30125_length_1072_cov_1.62734	gb_AF235050.4_+_38028-40140_ARO:3003318_Streptomyces	83.436	163	27	0	3	165	230	68	2.61e-37	152
NODE_31041_length_1045_cov_3.11616	gb_HQ652506.1_+_2099-3836_ARO:3004033_tetB(46)	92.447	1046	77	2	1	1045	1453	409	0.0	1493
NODE_33265_length_985_cov_10.1882	gb_CP007593.1_+_2148923-2149772_ARO:3001301_RlmA(II)	85.291	843	124	0	123	965	843	1	0.0	870
NODE_33480_length_978_cov_2.71614	gb_CP007593.1_+_2148923-2149772_ARO:3001301_RlmA(II)	74.398	457	113	4	197	651	1	455	1.40e-49	193
NODE_35316_length_935_cov_1.22841	gb_M80346_+_0-1656_ARO:3002817_carA	97.222	36	1	0	480	515	1468	1503	3.94e-10	62.1
NODE_35427_length_932_cov_7.04675	gb_KX000273.1_+_0-1740_ARO:3004036_tetB(60)	85.484	930	129	5	6	932	1329	403	0.0	965
NODE_35845_length_923_cov_13.3329	gb_KX000273.1_+_0-1740_ARO:3004036_tetB(60)	89.542	459	48	0	463	921	1740	1282	6.71e-167	582
NODE_35966_length_920_cov_2.33988	gb_NC_014638.1_-_1610636-1613960_ARO:3003730_Bifidobacteria	79.144	187	39	0	337	523	3252	3066	1.05e-30	130
NODE_36723_length_903_cov_14.7417	gb_AF118110.1_-_71-1037_ARO:3003002_CfxA2	100.000	900	0	0	4	903	966	67	0.0	1663
NODE_36723_length_903_cov_14.7417	gb_AF472622_+_52-1018_ARO:3003003_CfxA3	99.889	900	1	0	4	903	966	67	0.0	1657
NODE_36723_length_903_cov_14.7417	gb_AY769934_+_27-993_ARO:3003096_CfxA5	99.889	900	1	0	4	903	966	67	0.0	1657
NODE_36723_length_903_cov_14.7417	gb_U38243_+_149-1115_ARO:3003001_CfxA	99.889	900	1	0	4	903	966	67	0.0	1657
NODE_36723_length_903_cov_14.7417	gb_AY769933_+_0-966_ARO:3003005_CfxA4	99.889	900	1	0	4	903	966	67	0.0	1657
NODE_36723_length_903_cov_14.7417	gb_GQ342996_+_797-1793_ARO:3003097_CfxA6	88.839	896	97	3	9	903	993	100	0.0	1098
NODE_37307_length_890_cov_9.27904	gb_HM990671_+_5192-6671_ARO:3003112_lsaC	93.103	435	30	0	456	890	2	436	0.0	638
NODE_39241_length_851_cov_18.2751	gb_CP007593.1_+_2148923-2149772_ARO:3001301_RlmA(II)	86.350	674	86	6	3	673	671	1	0.0	730
NODE_41770_length_805_cov_8.39333	gb_CP007593.1_+_2148923-2149772_ARO:3001301_RlmA(II)	88.958	643	71	0	163	805	841	199	0.0	795
NODE_42002_length_801_cov_3.52011	gb_Z21523_+_0-1974_ARO:3000191_tetQ	99.123	456	4	0	346	801	1	456	0.0	821
NODE_42813_length_788_cov_11.7394	gb_CP007593.1_+_2148923-2149772_ARO:3001301_RlmA(II)	84.158	606	92	4	7	610	604	1	1.59e-167	584
NODE_43397_length_778_cov_1.92393	gb_X95635_+_259-1663_ARO:3000812_mtrE	77.821	771	155	14	1	763	1095	333	7.68e-131	462
NODE_43537_length_775_cov_3.11111	gb_HM990671_+_5192-6671_ARO:3003112_lsaC	87.844	436	53	0	340	775	1	436	7.48e-146	512
NODE_44582_length_760_cov_27.7986	gb_KX000273.1_+_0-1740_ARO:3004036_tetB(60)	85.935	711	100	0	48	758	1	711	0.0	760
NODE_46875_length_725_cov_1.28358	gb_JF969163_+_1053-1893_ARO:3000410_sul1	99.861	719	1	0	7	725	3	721	0.0	1323
NODE_48661_length_701_cov_1.79876	gb_KX531049.1_+_0-1947_ARO:3003986_TaeA	86.154	65	9	0	476	540	1363	1427	4.88e-13	71.3
NODE_49160_length_695_cov_8.19844	gb_KX000272.1_+_0-1740_ARO:3004035_tetA(60)	88.551	690	79	0	5	694	1740	1051	0.0	837
NODE_49805_length_687_cov_152.222	gb_AF024666.2_-_2207-2969_ARO:3000596_ErmX	96.746	676	21	1	1	676	88	762	0.0	1125
NODE_51314_length_669_cov_15.5195	gb_CP007593.1_+_2148923-2149772_ARO:3001301_RlmA(II)	85.351	669	94	4	3	669	671	5	0.0	689
NODE_51476_length_667_cov_3.27451	gb_Z21523_+_0-1974_ARO:3000191_tetQ	100.000	63	0	0	605	667	1974	1912	5.87e-27	117
NODE_52843_length_651_cov_1.97651	gb_AY043299.1_-_3984-5175_ARO:3000167_tet(C)	99.465	187	1	0	465	651	1191	1005	3.12e-94	340
NODE_52895_length_651_cov_3.43289	gb_X63451_+_0-1653_ARO:3002828_srmB	97.059	34	1	0	64	97	1499	1466	3.52e-09	58.4
NODE_55152_length_627_cov_2.51399	gb_KX000273.1_+_0-1740_ARO:3004036_tetB(60)	99.811	530	1	0	1	530	530	1	0.0	974
NODE_55152_length_627_cov_2.51399	gb_KX000272.1_+_0-1740_ARO:3004035_tetA(60)	100.000	100	0	0	527	626	1740	1641	1.49e-47	185
NODE_55297_length_626_cov_2.68301	gb_CP007593.1_+_2148923-2149772_ARO:3001301_RlmA(II)	85.417	288	42	0	1	288	556	843	5.09e-82	300
NODE_60085_length_583_cov_2.125	gb_Z50108_+_238-1768_ARO:3003026_fusH	91.111	45	1	2	454	495	561	517	3.14e-09	58.4
NODE_65009_length_544_cov_1.04703	gb_L36601_+_1420-3130_ARO:3003036_oleB	97.368	38	1	0	471	508	634	671	1.75e-11	65.8
NODE_65903_length_538_cov_2.02899	gb_KX000272.1_+_0-1740_ARO:3004035_tetA(60)	84.153	366	58	0	1	366	366	1	9.15e-99	355
NODE_67616_length_527_cov_19.197	gb_AF024666.2_-_2207-2969_ARO:3000596_ErmX	93.662	142	9	0	386	527	1	142	5.70e-56	213
NODE_70263_length_509_cov_3.99559	gb_HQ652506.1_+_373-2098_ARO:3004032_tetA(46)	92.219	347	27	0	1	347	347	1	6.31e-140	492
NODE_71884_length_499_cov_2.20495	gb_NC_014638.1_-_1610636-1613960_ARO:3003730_Bifidobacteria	73.611	504	106	24	2	493	1538	1050	1.18e-42	169
NODE_73389_length_490_cov_6.05057	gb_KX000272.1_+_0-1740_ARO:3004035_tetA(60)	87.527	465	58	0	26	490	1	465	7.68e-154	538
NODE_75429_length_478_cov_15.8558	gb_M17124_+_1181-1982_ARO:3000498_ErmF	100.000	39	0	0	440	478	801	763	9.12e-14	73.1
NODE_76931_length_469_cov_7.42271	gb_CP007593.1_+_2148923-2149772_ARO:3001301_RlmA(II)	83.255	424	65	6	49	469	1	421	1.01e-107	385
NODE_82564_length_438_cov_2.2611	gb_X63451_+_0-1653_ARO:3002828_srmB	78.448	116	19	6	127	239	1465	1577	2.99e-13	71.3
NODE_84538_length_427_cov_0.978495	gb_AF133139_+_0-1176_ARO:3000174_tet(G)	93.333	375	25	0	1	375	890	516	6.60e-159	555
NODE_87814_length_408_cov_1.37677	gb_KC539823_+_1017-2586_ARO:3002829_vgaA	100.000	28	0	0	149	176	1223	1250	1.01e-07	52.8
NODE_87814_length_408_cov_1.37677	gb_DQ823382_+_0-1569_ARO:3002830_vgaALC	100.000	28	0	0	149	176	1223	1250	1.01e-07	52.8
NODE_90883_length_392_cov_2.63798	gb_HM990671_+_5192-6671_ARO:3003112_lsaC	95.000	80	4	0	313	392	1479	1400	5.61e-30	126
NODE_91302_length_390_cov_1.62985	gb_HM990671_+_5192-6671_ARO:3003112_lsaC	91.026	390	35	0	1	390	683	1072	1.31e-150	527
NODE_91309_length_390_cov_1.53134	gb_HM990671_+_5192-6671_ARO:3003112_lsaC	88.032	376	45	0	15	390	1479	1104	3.77e-126	446
NODE_95314_length_371_cov_22.2943	gb_HQ652506.1_+_373-2098_ARO:3004032_tetA(46)	84.375	192	30	0	1	192	1534	1725	6.65e-49	189
NODE_96399_length_366_cov_158.482	gb_AF024666.2_-_2207-2969_ARO:3000596_ErmX	98.592	142	2	0	225	366	1	142	8.28e-68	252
NODE_97436_length_361_cov_7.22549	gb_KX000273.1_+_0-1740_ARO:3004036_tetB(60)	86.704	361	48	0	1	361	1019	659	7.65e-113	401
NODE_99974_length_350_cov_6.12542	gb_HM990671_+_5192-6671_ARO:3003112_lsaC	95.000	80	4	0	271	350	1479	1400	4.99e-30	126
NODE_101398_length_344_cov_1.68858	gb_AY768532_+_0-1935_ARO:3000535_macB	87.463	335	40	2	1	334	898	1231	7.32e-108	385
NODE_106204_length_326_cov_3.14022	gb_HQ652506.1_+_373-2098_ARO:3004032_tetA(46)	96.667	120	4	0	207	326	1	120	2.69e-52	200
NODE_110211_length_309_cov_1.33465	gb_U75299_+_0-717_ARO:3002671_Lactobacillus	99.676	309	1	0	1	309	23	331	2.17e-162	566
NODE_110211_length_309_cov_1.33465	gb_AB080798.1_+_2658-3309_ARO:3004455_Streptococcus	96.117	309	12	0	1	309	23	331	4.81e-144	505
NODE_118389_length_280_cov_1.28444	gb_AP009048_+_2810082-2811255_ARO:3000027_emrA	77.632	152	34	0	127	278	1013	862	3.99e-20	93.5
NODE_119948_length_276_cov_5.26697	gb_KX000272.1_+_0-1740_ARO:3004035_tetA(60)	89.130	276	30	0	1	276	881	1156	9.82e-96	344
NODE_121142_length_273_cov_6.88991	gb_KX000272.1_+_0-1740_ARO:3004035_tetA(60)	90.476	273	26	0	1	273	904	632	9.64e-101	361
NODE_128937_length_257_cov_2.67327	gb_Z21523_+_0-1974_ARO:3000191_tetQ	98.833	257	3	0	1	257	925	669	3.11e-130	459
NODE_129520_length_256_cov_3.51741	gb_KX000272.1_+_0-1740_ARO:3004035_tetA(60)	99.219	256	2	0	1	256	583	328	2.40e-131	462
NODE_130947_length_254_cov_1.1005	gb_HM990671_+_5192-6671_ARO:3003112_lsaC	90.157	254	25	0	1	254	887	1140	6.99e-92	331
NODE_142026_length_240_cov_1.45946	gb_CP007593.1_+_2148923-2149772_ARO:3001301_RlmA(II)	89.868	227	23	0	1	227	517	291	3.10e-80	292
NODE_144486_length_238_cov_2.54098	gb_NC_003098.1_-_1359228-1360395_ARO:3000025_patB	90.909	132	12	0	85	216	1	132	8.98e-46	178
NODE_147017_length_235_cov_4.72222	gb_NC_003112.2_-_1791966-1795170_ARO:3000811_mtrD	86.752	234	31	0	1	234	294	61	8.54e-71	261
NODE_148869_length_234_cov_1.41899	gb_AY768532_+_0-1935_ARO:3000535_macB	83.404	235	34	4	1	234	1349	1119	2.42e-56	213
NODE_150028_length_233_cov_1.00562	gb_KX000273.1_+_0-1740_ARO:3004036_tetB(60)	94.059	101	6	0	1	101	1640	1740	1.48e-38	154
NODE_153942_length_230_cov_2.54286	gb_HM990671_+_5192-6671_ARO:3003112_lsaC	91.304	230	20	0	1	230	349	578	6.32e-87	315
NODE_156127_length_228_cov_3.76301	gb_Z21523_+_0-1974_ARO:3000191_tetQ	95.614	228	10	0	1	228	349	576	1.70e-102	366
NODE_158899_length_226_cov_1.30409	gb_HM990671_+_5192-6671_ARO:3003112_lsaC	91.593	226	19	0	1	226	1061	836	2.23e-86	313
NODE_170363_length_218_cov_2.41718	gb_NC_003098.1_+_866210-867410_ARO:3000822_pmrA	96.296	216	8	0	1	216	405	620	3.51e-99	355
NODE_175212_length_214_cov_1.00629	gb_Y11946.1_+_0-980_ARO:3002578_AAC(6')-Ib7	96.970	66	2	0	1	66	66	1	8.22e-26	111
NODE_177782_length_213_cov_0.740506	gb_AF235050.4_+_38028-40140_ARO:3003318_Streptomyces	82.222	180	26	5	38	213	1309	1486	1.73e-37	150
NODE_181722_length_210_cov_0.870968	gb_AF231986_+_3307-4522_ARO:3002705_floR	86.957	207	27	0	2	208	343	549	1.65e-62	233
NODE_181722_length_210_cov_0.870968	gb_D37826_+_1070-2195_ARO:3002812_pp-flo	86.957	207	27	0	2	208	343	549	1.65e-62	233
NODE_191301_length_198_cov_3.65734	gb_KX000272.1_+_0-1740_ARO:3004035_tetA(60)	99.495	198	1	0	1	198	551	748	6.78e-101	361
NODE_195183_length_162_cov_2.36449	gb_KX000272.1_+_0-1740_ARO:3004035_tetA(60)	91.720	157	13	0	6	162	592	748	3.47e-58	219
NODE_196160_length_156_cov_8.05941	gb_KX000272.1_+_0-1740_ARO:3004035_tetA(60)	97.436	156	4	0	1	156	904	749	1.17e-72	267
NODE_197299_length_147_cov_6.82609	gb_KX000272.1_+_0-1740_ARO:3004035_tetA(60)	95.918	147	6	0	1	147	895	749	2.39e-64	239
NODE_205975_length_109_cov_12.4815	gb_M17124_+_1181-1982_ARO:3000498_ErmF	100.000	39	0	0	71	109	801	763	1.80e-14	73.1
NODE_206037_length_109_cov_4.68519	gb_KX000272.1_+_0-1740_ARO:3004035_tetA(60)	98.165	109	2	0	1	109	694	802	4.76e-50	191
NODE_210355_length_96_cov_4.53659	gb_KX000272.1_+_0-1740_ARO:3004035_tetA(60)	98.958	96	1	0	1	96	287	382	1.48e-44	172
NODE_211586_length_93_cov_3.73684	gb_KX000272.1_+_0-1740_ARO:3004035_tetA(60)	95.699	93	4	0	1	93	290	382	6.65e-38	150
NODE_215450_length_86_cov_9.19355	gb_KX000272.1_+_0-1740_ARO:3004035_tetA(60)	95.349	86	4	0	1	86	850	935	4.69e-34	137
NODE_217958_length_81_cov_4.26923	gb_KX000272.1_+_0-1740_ARO:3004035_tetA(60)	95.062	81	4	0	1	81	722	802	2.66e-31	128
NODE_220239_length_78_cov_3.3913	gb_NC_003098.1_-_1359228-1360395_ARO:3000025_patB	96.154	78	3	0	1	78	65	142	2.53e-31	128
NODE_234397_length_64_cov_10.8889	gb_HQ652506.1_+_373-2098_ARO:3004032_tetA(46)	97.917	48	1	0	1	48	1678	1725	4.26e-18	84.2
NODE_257660_length_56_cov_8	gb_KX000272.1_+_0-1740_ARO:3004035_tetA(60)	98.214	56	1	0	1	56	748	803	1.26e-22	99.0
