NODE_122_length_37064_cov_4.9746	gb_AB091338_+_173-1355_ARO:3003551_emeA	78.603	458	89	7	24292	24745	7	459	1.44e-78	294
NODE_232_length_28945_cov_6.9919	gb_JF969163_+_1053-1893_ARO:3000410_sul1	100.000	840	0	0	9172	10011	840	1	0.0	1552
NODE_232_length_28945_cov_6.9919	gb_NC_004998.1_-_80976-81768_ARO:3002601_aadA	100.000	792	0	0	10516	11307	792	1	0.0	1463
NODE_232_length_28945_cov_6.9919	gb_DQ677333_+_0-780_ARO:3002621_aadA24	98.575	772	11	0	10516	11287	780	9	0.0	1365
NODE_232_length_28945_cov_6.9919	gb_AM261837_+_73-865_ARO:3002619_aadA22	97.475	792	20	0	10516	11307	792	1	0.0	1352
NODE_232_length_28945_cov_6.9919	gb_AY171244_+_46-838_ARO:3002618_aadA21	97.348	792	21	0	10516	11307	792	1	0.0	1347
NODE_232_length_28945_cov_6.9919	gb_AJ809407_+_118-898_ARO:3002620_aadA23	97.927	772	16	0	10516	11287	780	9	0.0	1338
NODE_232_length_28945_cov_6.9919	gb_DQ393783_+_1799-2591_ARO:3002615_aadA15	96.582	790	27	0	10518	11307	790	1	0.0	1310
NODE_232_length_28945_cov_6.9919	gb_FJ381668_+_56-848_ARO:3002612_aadA12	94.430	790	44	0	10518	11307	790	1	0.0	1216
NODE_232_length_28945_cov_6.9919	gb_CP003022_+_336788-337580_ARO:3003197_aadA25	93.561	792	51	0	10516	11307	792	1	0.0	1181
NODE_232_length_28945_cov_6.9919	gb_FJ460181_+_1790-2582_ARO:3002617_aadA17	93.418	790	52	0	10518	11307	790	1	0.0	1171
NODE_232_length_28945_cov_6.9919	gb_AY139603_+_106-898_ARO:3002608_aadA8	92.551	792	59	0	10516	11307	792	1	0.0	1136
NODE_232_length_28945_cov_6.9919	gb_AF047479_+_1295-2087_ARO:3002603_aadA3	90.530	792	75	0	10516	11307	792	1	0.0	1048
NODE_232_length_28945_cov_6.9919	gb_NG_036525_+_633-1431_ARO:3002613_aadA13	89.612	799	82	1	10509	11307	798	1	0.0	1014
NODE_232_length_28945_cov_6.9919	gb_AF156486_+_5012-5792_ARO:3002602_aadA2	89.740	770	79	0	10518	11287	778	9	0.0	985
NODE_232_length_28945_cov_6.9919	gb_AM087411_+_1611-2457_ARO:3002606_aadA6	78.715	794	160	7	10469	11254	846	54	4.74e-147	521
NODE_232_length_28945_cov_6.9919	gb_Y11946.1_+_0-980_ARO:3002578_AAC(6')-Ib7	97.638	254	3	1	11307	11560	251	1	2.29e-120	433
NODE_232_length_28945_cov_6.9919	gb_DQ390458_-_3095-3995_ARO:3002609_aadA9	97.059	68	2	0	11303	11370	68	1	9.41e-25	115
NODE_232_length_28945_cov_6.9919	gb_L06157_+_554-1085_ARO:3002530_AAC(3)-Ib	100.000	57	0	0	11314	11370	57	1	5.66e-22	106
NODE_240_length_28739_cov_20.1871	gb_NC_003112.2_-_1791966-1795170_ARO:3000811_mtrD	74.012	3163	744	67	9189	12312	1	3124	0.0	1216
NODE_240_length_28739_cov_20.1871	gb_NC_003112.2_-_1795181-1796420_ARO:3000810_mtrC	71.633	980	261	17	7980	8950	126	1097	1.90e-66	254
NODE_240_length_28739_cov_20.1871	gb_NC_000913.3_-_481253-484403_ARO:3000216_acrB	81.034	116	15	5	10644	10754	1462	1575	7.32e-16	86.1
NODE_267_length_27570_cov_3.53298	gb_AF173226_+_3767-6917_ARO:3003052_smeB	85.484	62	9	0	15578	15639	1245	1184	9.15e-10	65.8
NODE_267_length_27570_cov_3.53298	gb_AJ252200_+_1278-4401_ARO:3003056_smeE	92.857	42	3	0	15578	15619	1245	1204	1.18e-08	62.1
NODE_350_length_23931_cov_2.82162	gb_NC_014638.1_-_1610636-1613960_ARO:3003730_Bifidobacteria	81.898	3298	529	37	19517	22763	1	3281	0.0	2721
NODE_623_length_17892_cov_9.5127	gb_Z21523_+_0-1974_ARO:3000191_tetQ	99.443	1974	11	0	15512	17485	1974	1	0.0	3585
NODE_1028_length_14212_cov_49.1457	gb_NC_003112.2_+_330790-332317_ARO:3003962_farB	76.295	1506	326	24	12317	13808	39	1527	0.0	774
NODE_1028_length_14212_cov_49.1457	gb_NC_003112.2_+_329612-330767_ARO:3003961_farA	73.063	839	210	16	11051	11881	127	957	1.20e-75	283
NODE_1627_length_10988_cov_5.08031	gb_DQ516970_+_0-1987_ARO:3002882_lmrD	98.993	1986	20	0	4843	6828	1	1986	0.0	3557
NODE_1627_length_10988_cov_5.08031	gb_DQ516954_+_0-1716_ARO:3002881_lmrC	98.718	1716	22	0	3117	4832	1	1716	0.0	3048
NODE_2027_length_9702_cov_12.5639	gb_AB015853_+_1330-4471_ARO:3003033_mexY	81.336	584	100	7	8436	9016	1550	973	7.56e-131	466
NODE_2027_length_9702_cov_12.5639	gb_AFRQ01000061.1_-_23986-27124_ARO:3004144_AxyY	79.353	649	123	10	8414	9058	1572	931	9.85e-125	446
NODE_2727_length_8201_cov_49.1396	gb_M17124_+_1181-1982_ARO:3000498_ErmF	99.750	801	2	0	7385	8185	1	801	0.0	1469
NODE_2727_length_8201_cov_49.1396	gb_AF319779.2_+_32-833_ARO:3000604_Erm(35)	78.643	796	166	3	7385	8178	1	794	1.04e-148	525
NODE_3517_length_7098_cov_8.62346	gb_AF024666.2_-_2207-2969_ARO:3000596_ErmX	93.189	323	22	0	6776	7098	1	323	9.18e-134	475
NODE_3626_length_6976_cov_6.28146	gb_AY768532_+_0-1935_ARO:3000535_macB	94.595	37	1	1	5150	5186	482	447	1.39e-07	56.5
NODE_3881_length_6703_cov_2.58589	gb_NC_022598.1_+_14791-16258_ARO:3000251_msrA	94.444	36	2	0	1694	1729	402	367	1.34e-07	56.5
NODE_3952_length_6636_cov_5.94515	gb_AP006618.1_+_4835199-4838688_ARO:3000501_Nocardia	74.030	1675	359	56	879	2519	1683	3315	1.74e-175	614
NODE_3966_length_6628_cov_14.7838	gb_HM990671_+_5192-6671_ARO:3003112_lsaC	89.803	814	83	0	1	814	814	1	0.0	1044
NODE_4003_length_6483_cov_6.95121	gb_NC_002134.1_+_41537-42743_ARO:3000165_tet(A)	99.917	1206	1	0	1204	2409	1206	1	0.0	2222
NODE_4003_length_6483_cov_6.95121	gb_AB089595_+_0-1206_ARO:3000166_tet(B)	99.751	1206	3	0	1204	2409	1206	1	0.0	2211
NODE_4003_length_6483_cov_6.95121	gb_BX664015.1_-_204137-204554_ARO:3000168_tet(D)	100.000	410	0	0	1	410	410	1	0.0	758
NODE_4056_length_6537_cov_7.8374	gb_AF024666.2_-_2207-2969_ARO:3000596_ErmX	97.260	146	3	1	1	146	618	762	7.22e-65	246
NODE_4405_length_6229_cov_16.644	gb_AP006618.1_+_4835199-4838688_ARO:3000501_Nocardia	74.084	2184	541	22	4057	6229	287	2456	0.0	874
NODE_5163_length_5677_cov_28.9731	gb_AP006618.1_+_4835199-4838688_ARO:3000501_Nocardia	74.695	2545	548	74	2009	4517	3361	877	0.0	1044
NODE_5349_length_5565_cov_12.3768	gb_NC_003098.1_-_1359228-1360395_ARO:3000025_patB	93.540	1161	75	0	1906	3066	1	1161	0.0	1729
NODE_5455_length_5511_cov_46.2034	gb_NC_012469.1_-_1800927-1802391_ARO:3000616_mel	100.000	1464	0	0	1605	3068	1464	1	0.0	2704
NODE_5455_length_5511_cov_46.2034	gb_NC_023287.1_-_65291-66509_ARO:3000615_mefA	96.962	1218	37	0	3188	4405	1218	1	0.0	2045
NODE_5539_length_5461_cov_14.0566	gb_NC_014638.1_-_1610636-1613960_ARO:3003730_Bifidobacteria	82.836	134	23	0	522	655	3067	3200	3.81e-27	121
NODE_5727_length_5359_cov_32.746	gb_CP001050.1_+_1332866-1333499_ARO:3000817_mtrR	79.194	620	118	8	1625	2238	1	615	3.29e-117	420
NODE_6202_length_5124_cov_15.104	gb_BX664015.1_-_103017-103833_ARO:3002641_APH(3')-Ia	99.140	814	7	0	2657	3470	814	1	0.0	1465
NODE_6202_length_5124_cov_15.104	gb_AY043299.1_-_3984-5175_ARO:3000167_tet(C)	100.000	55	0	0	1	55	847	901	1.29e-21	102
NODE_6792_length_4825_cov_4.74549	gb_AF235050.4_+_38028-40140_ARO:3003318_Streptomyces	72.921	1551	312	87	1841	3337	2067	571	8.18e-123	438
NODE_6792_length_4825_cov_4.74549	gb_AF235050.4_+_38028-40140_ARO:3003318_Streptomyces	78.109	402	82	4	3477	3875	452	54	4.11e-66	250
NODE_6802_length_4822_cov_11.4735	gb_X63451_+_0-1653_ARO:3002828_srmB	78.448	116	19	6	2606	2718	1465	1577	3.43e-12	71.3
NODE_6903_length_4783_cov_4.96214	gb_NC_012469.1_-_1800927-1802391_ARO:3000616_mel	91.032	1260	113	0	3524	4783	1464	205	0.0	1701
NODE_6903_length_4783_cov_4.96214	gb_M55620_+_0-660_ARO:3002687_catQ	96.212	660	25	0	770	1429	660	1	0.0	1081
NODE_7232_length_4648_cov_11.4235	gb_M11036_+_0-1377_ARO:3000179_tet(L)	99.706	1361	4	0	706	2066	17	1377	0.0	2492
NODE_7373_length_4589_cov_5.20776	gb_X63451_+_0-1653_ARO:3002828_srmB	97.500	40	0	1	2289	2328	1503	1465	4.23e-11	67.6
NODE_7395_length_4581_cov_21.4269	gb_NC_003112.2_-_1791966-1795170_ARO:3000811_mtrD	86.066	366	47	3	1	364	2813	3176	2.20e-108	390
NODE_7609_length_4496_cov_43.2292	gb_CP001050.1_+_1332866-1333499_ARO:3000817_mtrR	78.010	623	119	15	796	1409	1	614	6.06e-104	375
NODE_7699_length_4465_cov_15.629	gb_HM990671_+_5192-6671_ARO:3003112_lsaC	94.764	191	10	0	2576	2766	1479	1289	1.34e-80	298
NODE_7857_length_4406_cov_4.98253	gb_M80346_+_0-1656_ARO:3002817_carA	97.222	36	1	0	2861	2896	1468	1503	1.89e-09	62.1
NODE_7883_length_4398_cov_39.6836	gb_AP006618.1_+_4835199-4838688_ARO:3000501_Nocardia	74.695	2545	548	74	730	3238	3361	877	0.0	1044
NODE_8453_length_4206_cov_9.73717	gb_AP006618.1_+_4835199-4838688_ARO:3000501_Nocardia	80.737	353	58	7	3651	3998	2986	3333	3.56e-71	267
NODE_8565_length_4167_cov_2.6802	gb_AF024602_+_3155-3992_ARO:3002660_APH(6)-Id	99.881	837	1	0	2630	3466	1	837	0.0	1541
NODE_8565_length_4167_cov_2.6802	gb_AF313472_+_15593-16397_ARO:3002639_APH(3'')-Ib	99.751	804	2	0	1827	2630	1	804	0.0	1474
NODE_8565_length_4167_cov_2.6802	gb_X54723_+_818-1679_ARO:3002535_AAC(3)-IIc	96.748	861	23	3	11	866	1	861	0.0	1430
NODE_8565_length_4167_cov_2.6802	gb_X13543.1_+_185-1046_ARO:3002533_AAC(3)-IIa	96.632	861	24	1	11	866	1	861	0.0	1424
NODE_9642_length_3869_cov_6.63293	gb_NC_003098.1_-_1359228-1360395_ARO:3000025_patB	93.658	883	56	0	2987	3869	1	883	0.0	1321
NODE_9722_length_3851_cov_34.0703	gb_CP007593.1_+_2148923-2149772_ARO:3001301_RlmA(II)	84.954	658	95	4	4	659	656	1	0.0	664
NODE_9814_length_3830_cov_5.91205	gb_L36601_+_1420-3130_ARO:3003036_oleB	97.368	38	1	0	2656	2693	634	671	1.27e-10	65.8
NODE_10029_length_3783_cov_40.0671	gb_AF235050.4_+_38028-40140_ARO:3003318_Streptomyces	86.154	65	9	0	226	290	1897	1961	2.69e-12	71.3
NODE_10687_length_3637_cov_13.5075	gb_AJ295238.3_+_163-2083_ARO:3000196_tet32	87.611	1921	218	19	777	2687	1911	1	0.0	2211
NODE_10897_length_3590_cov_7.9587	gb_NC_003098.1_-_1359228-1360395_ARO:3000025_patB	86.033	852	115	4	2741	3590	1157	308	0.0	911
NODE_11038_length_3564_cov_17.2251	gb_NC_003098.1_+_866210-867410_ARO:3000822_pmrA	93.039	747	50	2	1	746	455	1200	0.0	1090
NODE_11229_length_3526_cov_272.617	gb_AM180355_+_600033-601953_ARO:3000186_tetM	91.823	1920	157	0	1483	3402	1	1920	0.0	2676
NODE_11229_length_3526_cov_272.617	gb_L09756_+_0-1926_ARO:3000192_tetS	78.516	1927	397	15	1484	3401	2	1920	0.0	1249
NODE_11834_length_3410_cov_2.76036	gb_AP009380.1_-_573191-573902_ARO:3003920_pgpB	99.580	476	2	0	1	476	236	711	0.0	869
NODE_12061_length_3371_cov_37.3519	gb_NC_014638.1_-_1610636-1613960_ARO:3003730_Bifidobacteria	74.162	1134	240	43	852	1951	2148	1034	5.75e-118	422
NODE_12455_length_3301_cov_4.15157	gb_AP006618.1_+_4835199-4838688_ARO:3000501_Nocardia	76.183	3002	612	78	34	2979	3321	367	0.0	1487
NODE_12705_length_3258_cov_4.84077	gb_NC_005024_+_42504-43944_ARO:3002597_AAC(6')-Ie-APH(2'')-Ia	100.000	1440	0	0	1459	2898	1440	1	0.0	2660
NODE_12705_length_3258_cov_4.84077	gb_AY701528.1_+_9695-10589_ARO:3004191_APH(2'')-If	80.843	830	149	9	1471	2295	867	43	0.0	643
NODE_12923_length_3222_cov_30.7777	gb_X63451_+_0-1653_ARO:3002828_srmB	97.059	34	1	0	2999	3032	1466	1499	1.78e-08	58.4
NODE_13044_length_3205_cov_6.91556	gb_CP007593.1_+_2148923-2149772_ARO:3001301_RlmA(II)	94.737	57	3	0	1	57	787	843	6.29e-18	89.8
NODE_13807_length_3080_cov_13.1012	gb_NC_002516.2_-_2850882-2854014_ARO:3004074_MuxB	72.266	1893	442	63	174	2023	1862	10	1.09e-144	510
NODE_13833_length_3076_cov_5.60477	gb_KX000273.1_+_0-1740_ARO:3004036_tetB(60)	99.828	1740	3	0	198	1937	1740	1	0.0	3197
NODE_13833_length_3076_cov_5.60477	gb_KX000272.1_+_0-1740_ARO:3004035_tetA(60)	92.826	1143	82	0	1934	3076	1740	598	0.0	1657
NODE_15709_length_2828_cov_4.17634	gb_X53797_+_133-775_ARO:3002684_catII	99.761	418	1	0	2411	2828	1	418	0.0	767
NODE_15744_length_2825_cov_54.9993	gb_NC_003112.2_-_1791966-1795170_ARO:3000811_mtrD	80.403	2832	535	17	1	2822	43	2864	0.0	2137
NODE_16857_length_2697_cov_24.0534	gb_HM990671_+_5192-6671_ARO:3003112_lsaC	91.204	648	57	0	1	648	832	1479	0.0	881
NODE_17108_length_2670_cov_8.71702	gb_NC_003098.1_-_1359228-1360395_ARO:3000025_patB	82.867	1109	186	4	1564	2670	1	1107	0.0	992
NODE_17229_length_2657_cov_37.7064	gb_AF235050.4_+_38028-40140_ARO:3003318_Streptomyces	78.223	349	68	7	230	574	420	76	2.29e-56	217
NODE_18594_length_2527_cov_5.84223	gb_AY928180_+_0-495_ARO:3002837_lnuC	99.192	495	4	0	189	683	495	1	0.0	893
NODE_18951_length_2498_cov_10.8801	gb_NC_003098.1_-_1359228-1360395_ARO:3000025_patB	82.257	1161	198	8	1261	2417	1157	1	0.0	996
NODE_19588_length_2439_cov_79.6883	gb_EU434751_+_658-2578_ARO:3000194_tetW	99.844	1920	3	0	132	2051	1920	1	0.0	3530
NODE_19588_length_2439_cov_79.6883	gb_KU736867.1_+_19653-21573_ARO:3004442_tet(W/N/W)	95.973	1912	75	2	141	2051	1911	1	0.0	3103
NODE_20758_length_2339_cov_17.5946	gb_AP006618.1_+_4835199-4838688_ARO:3000501_Nocardia	78.189	1082	201	27	1	1072	2402	3458	0.0	658
NODE_21488_length_2284_cov_8.50516	gb_AP006618.1_+_4835199-4838688_ARO:3000501_Nocardia	80.618	356	53	11	1229	1576	3333	2986	8.96e-70	261
NODE_21661_length_2273_cov_81.0225	gb_EU434751_+_658-2578_ARO:3000194_tetW	99.844	1920	3	0	68	1987	1920	1	0.0	3530
NODE_21661_length_2273_cov_81.0225	gb_KU736867.1_+_19653-21573_ARO:3004442_tet(W/N/W)	95.973	1912	75	2	77	1987	1911	1	0.0	3103
NODE_21875_length_2256_cov_20.4144	gb_Z21523_+_0-1974_ARO:3000191_tetQ	99.443	1974	11	0	181	2154	1	1974	0.0	3585
NODE_22241_length_2227_cov_5.14779	gb_NC_003098.1_-_1359228-1360395_ARO:3000025_patB	100.000	61	0	0	1	61	61	1	2.59e-25	113
NODE_22914_length_2183_cov_12.3073	gb_NC_000913.3_+_3219493-3220873_ARO:3000024_patA	94.286	35	1	1	1265	1299	1023	990	5.61e-07	52.8
NODE_23612_length_2140_cov_10.859	gb_KX000272.1_+_0-1740_ARO:3004035_tetA(60)	89.822	1012	103	0	1129	2140	1	1012	0.0	1299
NODE_24228_length_2101_cov_56.2522	gb_AY768532_+_0-1935_ARO:3000535_macB	81.491	1945	343	16	160	2097	1	1935	0.0	1581
NODE_24307_length_2096_cov_1.53209	gb_NC_017452.1_-_1144673-1146068_ARO:3003953_hmrM	90.824	1395	128	0	165	1559	1	1395	0.0	1868
NODE_24777_length_2067_cov_2.41899	gb_JQ231224_+_90-3192_ARO:3000510_mupB	94.444	36	2	0	1310	1345	587	552	4.10e-08	56.5
NODE_25376_length_2032_cov_5.05412	gb_AY043299.1_-_3984-5175_ARO:3000167_tet(C)	99.710	345	1	0	1	345	847	1191	0.0	632
NODE_25727_length_2012_cov_9.31834	gb_HM990671_+_5192-6671_ARO:3003112_lsaC	93.112	842	58	0	1	842	638	1479	0.0	1234
NODE_26105_length_1991_cov_43.0568	gb_AY768531_+_0-1179_ARO:3000533_macA	84.637	1087	154	11	5	1086	92	1170	0.0	1070
NODE_26105_length_1991_cov_43.0568	gb_AY768532_+_0-1935_ARO:3000535_macB	87.065	804	102	2	1189	1991	1	803	0.0	907
NODE_26217_length_1985_cov_16.687	gb_AY043299.1_-_3984-5175_ARO:3000167_tet(C)	100.000	292	0	0	198	489	334	625	8.91e-154	540
NODE_26217_length_1985_cov_16.687	gb_AY043299.1_-_3984-5175_ARO:3000167_tet(C)	100.000	280	0	0	1706	1985	622	901	4.18e-147	518
NODE_26508_length_1967_cov_8.64331	gb_AM180355_+_600033-601953_ARO:3000186_tetM	98.174	876	16	0	1092	1967	1	876	0.0	1530
NODE_26508_length_1967_cov_8.64331	gb_L09756_+_0-1926_ARO:3000192_tetS	77.273	880	190	9	1093	1967	2	876	2.49e-144	508
NODE_26627_length_1960_cov_9.26562	gb_NC_014638.1_-_1610636-1613960_ARO:3003730_Bifidobacteria	84.921	126	19	0	862	987	3192	3067	8.12e-30	128
NODE_26699_length_1957_cov_2.27392	gb_MF095097.1_-_1855-3484_ARO:3004470_poxtA	100.000	28	0	0	1891	1918	1405	1432	5.02e-07	52.8
NODE_27632_length_1908_cov_2.79115	gb_M80346_+_0-1656_ARO:3002817_carA	100.000	28	0	0	1087	1114	1188	1161	4.90e-07	52.8
NODE_28473_length_1865_cov_4.74365	gb_AY055428.1_-_20268-21084_ARO:3000412_sul2	100.000	816	0	0	135	950	1	816	0.0	1507
NODE_30446_length_1777_cov_2.30372	gb_AF235050.4_+_38028-40140_ARO:3003318_Streptomyces	77.604	384	76	9	124	502	454	76	9.13e-59	224
NODE_30746_length_1764_cov_10.0497	gb_AF118110.1_-_71-1037_ARO:3003002_CfxA2	100.000	966	0	0	82	1047	1	966	0.0	1784
NODE_30746_length_1764_cov_10.0497	gb_AF472622_+_52-1018_ARO:3003003_CfxA3	99.896	966	1	0	82	1047	1	966	0.0	1779
NODE_30746_length_1764_cov_10.0497	gb_AY769934_+_27-993_ARO:3003096_CfxA5	99.896	966	1	0	82	1047	1	966	0.0	1779
NODE_30746_length_1764_cov_10.0497	gb_U38243_+_149-1115_ARO:3003001_CfxA	99.896	966	1	0	82	1047	1	966	0.0	1779
NODE_30746_length_1764_cov_10.0497	gb_AY769933_+_0-966_ARO:3003005_CfxA4	99.896	966	1	0	82	1047	1	966	0.0	1779
NODE_30746_length_1764_cov_10.0497	gb_GQ342996_+_797-1793_ARO:3003097_CfxA6	89.234	966	101	3	78	1042	30	993	0.0	1205
NODE_31760_length_1720_cov_2.15375	gb_AP009380.1_-_573191-573902_ARO:3003920_pgpB	100.000	131	0	0	1	131	131	1	2.44e-64	243
NODE_33869_length_1639_cov_18.1711	gb_KX000273.1_+_0-1740_ARO:3004036_tetB(60)	85.499	862	121	3	1	860	860	1	0.0	896
NODE_33869_length_1639_cov_18.1711	gb_KX000272.1_+_0-1740_ARO:3004035_tetA(60)	86.462	783	106	0	857	1639	1740	958	0.0	859
NODE_35671_length_1574_cov_114.495	gb_AP006618.1_+_4835199-4838688_ARO:3000501_Nocardia	87.126	334	39	4	538	869	2968	3299	2.11e-104	375
NODE_35688_length_1573_cov_5.47497	gb_HM990671_+_5192-6671_ARO:3003112_lsaC	95.231	692	33	0	882	1573	1	692	0.0	1096
NODE_36370_length_1552_cov_12.8143	gb_CP007593.1_+_2148923-2149772_ARO:3001301_RlmA(II)	91.856	528	41	2	1	527	323	849	0.0	736
NODE_36835_length_1536_cov_27.1533	gb_HQ652506.1_+_2099-3836_ARO:3004033_tetB(46)	78.831	1488	285	26	4	1476	265	1737	0.0	976
NODE_37157_length_1526_cov_2.84704	gb_NC_003112.2_-_1791966-1795170_ARO:3000811_mtrD	85.602	1528	214	5	1	1525	1511	3035	0.0	1598
NODE_41664_length_1395_cov_3.03582	gb_NC_003112.2_-_1791966-1795170_ARO:3000811_mtrD	84.108	667	106	0	706	1372	1	667	0.0	645
NODE_42257_length_1381_cov_6.13273	gb_NC_003098.1_-_1359228-1360395_ARO:3000025_patB	84.211	380	60	0	1000	1379	1	380	8.58e-103	370
NODE_42304_length_1380_cov_11.9547	gb_KX000273.1_+_0-1740_ARO:3004036_tetB(60)	87.540	931	114	2	6	935	811	1740	0.0	1075
NODE_42502_length_1374_cov_201.316	gb_AF024666.2_-_2207-2969_ARO:3000596_ErmX	99.869	763	0	1	225	987	1	762	0.0	1402
NODE_42900_length_1364_cov_5.70665	gb_AF235050.4_+_38028-40140_ARO:3003318_Streptomyces	75.177	846	175	29	9	835	1671	842	1.10e-101	366
NODE_45793_length_1294_cov_33.2195	gb_CP007593.1_+_2148923-2149772_ARO:3001301_RlmA(II)	84.522	659	96	6	4	659	656	1	0.0	647
NODE_46332_length_1283_cov_12.373	gb_X63451_+_0-1653_ARO:3002828_srmB	94.444	36	2	0	1019	1054	1465	1500	2.53e-08	56.5
NODE_48194_length_1241_cov_10.0497	gb_CP007593.1_+_2148923-2149772_ARO:3001301_RlmA(II)	88.849	843	94	0	355	1197	843	1	0.0	1037
NODE_49500_length_1215_cov_309.454	gb_AF242872_+_2131-2878_ARO:3000375_ErmB	99.598	747	2	1	131	876	747	1	0.0	1362
NODE_49769_length_1209_cov_2.43934	gb_HM990671_+_5192-6671_ARO:3003112_lsaC	93.066	649	43	2	562	1209	1479	832	0.0	948
NODE_50926_length_1187_cov_11.023	gb_CP007593.1_+_2148923-2149772_ARO:3001301_RlmA(II)	89.251	521	52	4	1	519	323	841	0.0	649
NODE_51881_length_1170_cov_12.5363	gb_CP007593.1_+_2148923-2149772_ARO:3001301_RlmA(II)	90.000	370	35	2	10	378	460	828	4.15e-135	477
NODE_52055_length_1167_cov_28.2302	gb_CP007593.1_+_2148923-2149772_ARO:3001301_RlmA(II)	84.615	845	126	4	45	887	1	843	0.0	837
NODE_54253_length_1127_cov_2.39552	gb_HQ652506.1_+_2099-3836_ARO:3004033_tetB(46)	100.000	29	0	0	11	39	1502	1474	7.98e-08	54.7
NODE_54921_length_1116_cov_5.34402	gb_NC_003098.1_-_1359228-1360395_ARO:3000025_patB	84.005	769	119	3	1	767	389	1155	0.0	736
NODE_55060_length_1114_cov_10.6166	gb_KX000272.1_+_0-1740_ARO:3004035_tetA(60)	89.130	1012	110	0	103	1114	1	1012	0.0	1260
NODE_55276_length_1110_cov_13.8673	gb_FR717535_+_0-861_ARO:3000910_TEM-40	99.884	861	1	0	148	1008	861	1	0.0	1585
NODE_55276_length_1110_cov_13.8673	gb_AL513383_+_161910-162771_ARO:3000873_TEM-1	99.884	861	1	0	148	1008	861	1	0.0	1585
NODE_55276_length_1110_cov_13.8673	gb_FJ405211_+_0-861_ARO:3000926_TEM-57	99.768	861	2	0	148	1008	861	1	0.0	1580
NODE_55276_length_1110_cov_13.8673	gb_AM183304_+_208-1069_ARO:3001017_TEM-150	99.768	861	2	0	148	1008	861	1	0.0	1580
NODE_55276_length_1110_cov_13.8673	gb_FJ919776_+_208-1069_ARO:3001034_TEM-168	99.768	861	2	0	148	1008	861	1	0.0	1580
NODE_55276_length_1110_cov_13.8673	gb_AY956335_+_38-899_ARO:3001004_TEM-141	99.768	861	2	0	148	1008	861	1	0.0	1580
NODE_55276_length_1110_cov_13.8673	gb_AF104442_+_193-1054_ARO:3000923_TEM-54	99.768	861	2	0	148	1008	861	1	0.0	1580
NODE_55276_length_1110_cov_13.8673	gb_AM941159_+_208-1069_ARO:3001022_TEM-156	99.768	861	2	0	148	1008	861	1	0.0	1580
NODE_55276_length_1110_cov_13.8673	gb_AF351241_+_89-950_ARO:3000957_TEM-90	99.768	861	2	0	148	1008	861	1	0.0	1580
NODE_55276_length_1110_cov_13.8673	gb_KF240808_+_0-861_ARO:3001386_TEM-209	99.768	861	2	0	148	1008	861	1	0.0	1580
NODE_55276_length_1110_cov_13.8673	gb_AY092401_+_0-861_ARO:3000963_TEM-96	99.768	861	2	0	148	1008	861	1	0.0	1580
NODE_55276_length_1110_cov_13.8673	gb_GQ149347_+_5269-6130_ARO:3001037_TEM-171	99.768	861	2	0	148	1008	861	1	0.0	1580
NODE_55276_length_1110_cov_13.8673	gb_DQ286729_+_0-861_ARO:3000924_TEM-55	99.768	861	2	0	148	1008	861	1	0.0	1580
NODE_55276_length_1110_cov_13.8673	gb_AJ012256_+_208-1069_ARO:3000939_TEM-73	99.768	861	2	0	148	1008	861	1	0.0	1580
NODE_55276_length_1110_cov_13.8673	gb_AY307100_+_0-861_ARO:3000984_TEM-122	99.768	861	2	0	148	1008	861	1	0.0	1580
NODE_55276_length_1110_cov_13.8673	gb_HQ529916_+_110-971_ARO:3001045_TEM-183	99.768	861	2	0	148	1008	861	1	0.0	1580
NODE_55276_length_1110_cov_13.8673	gb_JN254627_+_0-861_ARO:3001049_TEM-189	99.652	861	3	0	148	1008	861	1	0.0	1574
NODE_55276_length_1110_cov_13.8673	gb_KP050492_+_0-861_ARO:3001392_TEM-215	99.652	861	3	0	148	1008	861	1	0.0	1574
NODE_55276_length_1110_cov_13.8673	gb_AF516720_+_214-1075_ARO:3000968_TEM-105	99.652	861	3	0	148	1008	861	1	0.0	1574
NODE_55276_length_1110_cov_13.8673	gb_FJ807656_+_0-861_ARO:3001020_TEM-154	99.652	861	3	0	148	1008	861	1	0.0	1574
NODE_55276_length_1110_cov_13.8673	gb_AF190694_+_208-1069_ARO:3000942_TEM-76	99.652	861	3	0	148	1008	861	1	0.0	1574
NODE_55276_length_1110_cov_13.8673	gb_KC865667_+_183-1044_ARO:3001385_TEM-208	99.652	861	3	0	148	1008	861	1	0.0	1574
NODE_55276_length_1110_cov_13.8673	gb_AF188199_+_214-1075_ARO:3000936_TEM-70	99.652	861	3	0	148	1008	861	1	0.0	1574
NODE_55276_length_1110_cov_13.8673	gb_AF427128_+_208-1069_ARO:3000949_TEM-82	99.652	861	3	0	148	1008	861	1	0.0	1574
NODE_55276_length_1110_cov_13.8673	gb_DQ279850_+_0-861_ARO:3001014_TEM-147	99.652	861	3	0	148	1008	861	1	0.0	1574
NODE_55276_length_1110_cov_13.8673	gb_AY368236_+_0-861_ARO:3000989_TEM-127	99.652	861	3	0	148	1008	861	1	0.0	1574
NODE_55276_length_1110_cov_13.8673	gb_AJ634602.1_-_7839-8700_ARO:3000999_TEM-135	99.652	861	3	0	148	1008	861	1	0.0	1574
NODE_55276_length_1110_cov_13.8673	gb_DQ075245_+_217-1078_ARO:3001006_TEM-143	99.652	861	3	0	148	1008	861	1	0.0	1574
NODE_55276_length_1110_cov_13.8673	gb_AF427127_+_208-1069_ARO:3000948_TEM-81	99.652	861	3	0	148	1008	861	1	0.0	1574
NODE_55276_length_1110_cov_13.8673	gb_KM114268_+_0-861_ARO:3003157_TEM-219	99.652	861	3	0	148	1008	861	1	0.0	1574
NODE_55276_length_1110_cov_13.8673	gb_DQ105529_+_0-861_ARO:3001013_TEM-146	99.652	861	3	0	148	1008	861	1	0.0	1574
NODE_55276_length_1110_cov_13.8673	gb_JN227084_+_308-1169_ARO:3001046_TEM-186	99.652	861	3	0	148	1008	861	1	0.0	1574
NODE_55276_length_1110_cov_13.8673	gb_Y17584_+_0-858_ARO:3000899_TEM-29	99.767	858	2	0	151	1008	858	1	0.0	1574
NODE_55276_length_1110_cov_13.8673	gb_KC149518_+_0-861_ARO:3001369_TEM-153	99.652	861	3	0	148	1008	861	1	0.0	1574
NODE_55276_length_1110_cov_13.8673	gb_EU815939_+_0-861_ARO:3001029_TEM-163	99.652	861	3	0	148	1008	861	1	0.0	1574
NODE_55276_length_1110_cov_13.8673	gb_X57972_+_339-1200_ARO:3000878_TEM-6	99.652	861	3	0	148	1008	861	1	0.0	1574
NODE_55276_length_1110_cov_13.8673	gb_HG934763_+_0-861_ARO:3001394_TEM-217	99.652	861	3	0	148	1008	861	1	0.0	1574
NODE_55276_length_1110_cov_13.8673	gb_AJ437107_+_208-1069_ARO:3000900_TEM-30	99.652	861	3	0	148	1008	861	1	0.0	1574
NODE_55276_length_1110_cov_13.8673	gb_AJ308558_+_181-1042_ARO:3000962_TEM-95	99.652	861	3	0	148	1008	861	1	0.0	1574
NODE_55276_length_1110_cov_13.8673	gb_AY368237_+_0-861_ARO:3000990_TEM-128	99.652	861	3	0	148	1008	861	1	0.0	1574
NODE_55276_length_1110_cov_13.8673	gb_GU371926_-_50304-51165_ARO:3000903_TEM-33	99.652	861	3	0	148	1008	861	1	0.0	1574
NODE_55276_length_1110_cov_13.8673	gb_KP050491_+_0-861_ARO:3001391_TEM-214	99.652	861	3	0	148	1008	861	1	0.0	1574
NODE_55276_length_1110_cov_13.8673	gb_AY589493_+_166-1027_ARO:3000975_TEM-112	99.652	861	3	0	148	1008	861	1	0.0	1574
NODE_55276_length_1110_cov_13.8673	gb_FJ197316_+_0-861_ARO:3001032_TEM-166	99.652	861	3	0	148	1008	861	1	0.0	1574
NODE_55276_length_1110_cov_13.8673	gb_AM087454_+_208-1069_ARO:3001015_TEM-148	99.652	861	3	0	148	1008	861	1	0.0	1574
NODE_55276_length_1110_cov_13.8673	gb_GU550123_+_144-1005_ARO:3001041_TEM-176	99.652	861	3	0	148	1008	861	1	0.0	1574
NODE_55276_length_1110_cov_13.8673	gb_KC818234_+_0-861_ARO:3001384_TEM-207	99.652	861	3	0	148	1008	861	1	0.0	1574
NODE_55276_length_1110_cov_13.8673	gb_AB049569_+_0-861_ARO:3000958_TEM-91	99.652	861	3	0	148	1008	861	1	0.0	1574
NODE_55276_length_1110_cov_13.8673	gb_KC783461_+_0-861_ARO:3001383_TEM-206	99.652	861	3	0	148	1008	861	1	0.0	1574
NODE_55276_length_1110_cov_13.8673	gb_AB700703_+_161-1022_ARO:3001057_TEM-198	99.652	861	3	0	148	1008	861	1	0.0	1574
NODE_55276_length_1110_cov_13.8673	gb_NC_002156_+_1429-2290_ARO:3000979_TEM-116	99.652	861	3	0	148	1008	861	1	0.0	1574
NODE_55276_length_1110_cov_13.8673	gb_KC292503_+_4334-5195_ARO:3000904_TEM-34	99.652	861	3	0	148	1008	861	1	0.0	1574
NODE_55276_length_1110_cov_13.8673	gb_KM998962.1_+_0-861_ARO:3003158_TEM-220	99.535	861	4	0	148	1008	861	1	0.0	1568
NODE_55276_length_1110_cov_13.8673	gb_JQ034306_+_0-861_ARO:3001376_TEM-196	99.535	861	4	0	148	1008	861	1	0.0	1568
NODE_55276_length_1110_cov_13.8673	gb_EU274580_+_214-1075_ARO:3001030_TEM-164	99.535	861	4	0	148	1008	861	1	0.0	1568
NODE_55276_length_1110_cov_13.8673	gb_M88143_+_367-1228_ARO:3000884_TEM-12	99.535	861	4	0	148	1008	861	1	0.0	1568
NODE_55276_length_1110_cov_13.8673	gb_JX042489_+_141-1002_ARO:3000890_TEM-19	99.535	861	4	0	148	1008	861	1	0.0	1568
NODE_55276_length_1110_cov_13.8673	gb_AF535127_+_208-1069_ARO:3000978_TEM-115	99.535	861	4	0	148	1008	861	1	0.0	1568
NODE_55276_length_1110_cov_13.8673	gb_AF347054_+_208-1069_ARO:3000947_TEM-80	99.535	861	4	0	148	1008	861	1	0.0	1568
NODE_55276_length_1110_cov_13.8673	gb_HQ877606_+_0-861_ARO:3001056_TEM-197	99.535	861	4	0	148	1008	861	1	0.0	1568
NODE_55276_length_1110_cov_13.8673	gb_KF944358_+_0-861_ARO:3001393_TEM-216	99.535	861	4	0	148	1008	861	1	0.0	1568
NODE_55276_length_1110_cov_13.8673	gb_AM849805_+_262-1123_ARO:3000886_TEM-15	99.535	861	4	0	148	1008	861	1	0.0	1568
NODE_55276_length_1110_cov_13.8673	gb_AJ318093_+_0-861_ARO:3000960_TEM-93	99.535	861	4	0	148	1008	861	1	0.0	1568
NODE_55276_length_1110_cov_13.8673	gb_AF516719_+_214-1075_ARO:3000967_TEM-104	99.535	861	4	0	148	1008	861	1	0.0	1568
NODE_55276_length_1110_cov_13.8673	gb_AM049399_+_0-861_ARO:3001007_TEM-144	99.535	861	4	0	148	1008	861	1	0.0	1568
NODE_55276_length_1110_cov_13.8673	gb_AF190692_+_208-1069_ARO:3000946_TEM-79	99.535	861	4	0	148	1008	861	1	0.0	1568
NODE_55276_length_1110_cov_13.8673	gb_FJ873740_+_0-858_ARO:3001035_TEM-169	99.650	858	3	0	151	1008	858	1	0.0	1568
NODE_55276_length_1110_cov_13.8673	gb_U37195_+_75-936_ARO:3000898_TEM-28	99.535	861	4	0	148	1008	861	1	0.0	1568
NODE_55276_length_1110_cov_13.8673	gb_JF795538_+_0-861_ARO:3001374_TEM-185	99.535	861	4	0	148	1008	861	1	0.0	1568
NODE_55276_length_1110_cov_13.8673	gb_AY243512_+_208-1069_ARO:3000982_TEM-120	99.535	861	4	0	148	1008	861	1	0.0	1568
NODE_55276_length_1110_cov_13.8673	gb_AF093512_+_197-1058_ARO:3000882_TEM-10	99.535	861	4	0	148	1008	861	1	0.0	1568
NODE_55276_length_1110_cov_13.8673	gb_JX310327_+_0-861_ARO:3001378_TEM-201	99.535	861	4	0	148	1008	861	1	0.0	1568
NODE_55276_length_1110_cov_13.8673	gb_DQ105528_+_0-861_ARO:3001012_TEM-145	99.535	861	4	0	148	1008	861	1	0.0	1568
NODE_55276_length_1110_cov_13.8673	gb_AY101578_+_214-1075_ARO:3000969_TEM-106	99.535	861	4	0	148	1008	861	1	0.0	1568
NODE_55276_length_1110_cov_13.8673	gb_Y13612_+_0-861_ARO:3000921_TEM-52	99.535	861	4	0	148	1008	861	1	0.0	1568
NODE_55276_length_1110_cov_13.8673	gb_AF427130_+_208-1069_ARO:3000951_TEM-84	99.535	861	4	0	148	1008	861	1	0.0	1568
NODE_55276_length_1110_cov_13.8673	gb_X54606_+_214-1075_ARO:3000874_TEM-2	99.535	861	4	0	148	1008	861	1	0.0	1568
NODE_55276_length_1110_cov_13.8673	gb_DQ679961_+_114-975_ARO:3001021_TEM-155	99.535	861	4	0	148	1008	861	1	0.0	1568
NODE_55276_length_1110_cov_13.8673	gb_U95363_+_0-861_ARO:3000912_TEM-43	99.535	861	4	0	148	1008	861	1	0.0	1568
NODE_55276_length_1110_cov_13.8673	gb_AY628175_+_210-1071_ARO:3000972_TEM-109	99.535	861	4	0	148	1008	861	1	0.0	1568
NODE_55276_length_1110_cov_13.8673	gb_AY628199_+_203-1064_ARO:3000988_TEM-126	99.535	861	4	0	148	1008	861	1	0.0	1568
NODE_55276_length_1110_cov_13.8673	gb_AF104441_+_193-1054_ARO:3000922_TEM-53	99.419	861	5	0	148	1008	861	1	0.0	1563
NODE_55276_length_1110_cov_13.8673	gb_EF136377_+_0-861_ARO:3001026_TEM-160	99.419	861	5	0	148	1008	861	1	0.0	1563
NODE_55276_length_1110_cov_13.8673	gb_DQ909059_+_0-861_ARO:3001023_TEM-157	99.419	861	5	0	148	1008	861	1	0.0	1563
NODE_55276_length_1110_cov_13.8673	gb_X95401_+_208-1069_ARO:3000914_TEM-45	99.419	861	5	0	148	1008	861	1	0.0	1563
NODE_55276_length_1110_cov_13.8673	gb_AY826417_+_0-861_ARO:3001000_TEM-136	99.419	861	5	0	148	1008	861	1	0.0	1563
NODE_55276_length_1110_cov_13.8673	gb_KF663615_+_0-858_ARO:3001390_TEM-213	99.534	858	4	0	151	1008	858	1	0.0	1563
NODE_55276_length_1110_cov_13.8673	gb_EF136376_+_0-861_ARO:3001025_TEM-159	99.419	861	5	0	148	1008	861	1	0.0	1563
NODE_55276_length_1110_cov_13.8673	gb_AY072920_+_0-861_ARO:3000973_TEM-110	99.419	861	5	0	148	1008	861	1	0.0	1563
NODE_55276_length_1110_cov_13.8673	gb_AY528425_+_0-861_ARO:3000997_TEM-133	99.419	861	5	0	148	1008	861	1	0.0	1563
NODE_55276_length_1110_cov_13.8673	gb_HQ317449_+_0-861_ARO:3001373_TEM-182	99.419	861	5	0	148	1008	861	1	0.0	1563
NODE_55276_length_1110_cov_13.8673	gb_AF203816_+_210-1071_ARO:3000937_TEM-71	99.419	861	5	0	148	1008	861	1	0.0	1563
NODE_55276_length_1110_cov_13.8673	gb_AY874537_+_177-1038_ARO:3000883_TEM-11	99.419	861	5	0	148	1008	861	1	0.0	1563
NODE_55276_length_1110_cov_13.8673	gb_EF534736_+_213-1074_ARO:3001024_TEM-158	99.419	861	5	0	148	1008	861	1	0.0	1563
NODE_55276_length_1110_cov_13.8673	gb_AY491682_+_0-861_ARO:3000996_TEM-132	99.419	861	5	0	148	1008	861	1	0.0	1563
NODE_55276_length_1110_cov_13.8673	gb_X65253_+_175-1036_ARO:3000894_TEM-24	99.303	861	6	0	148	1008	861	1	0.0	1557
NODE_55276_length_1110_cov_13.8673	gb_AF468003_+_0-861_ARO:3000974_TEM-111	99.303	861	6	0	148	1008	861	1	0.0	1557
NODE_55276_length_1110_cov_13.8673	gb_JN416112_+_0-861_ARO:3001050_TEM-190	99.303	861	6	0	148	1008	861	1	0.0	1557
NODE_55276_length_1110_cov_13.8673	gb_X64523.1_-_476-1337_ARO:3000875_TEM-3	99.303	861	6	0	148	1008	861	1	0.0	1557
NODE_55276_length_1110_cov_13.8673	gb_Y17581_+_78-936_ARO:3000891_TEM-20	99.417	858	5	0	151	1008	858	1	0.0	1557
NODE_55276_length_1110_cov_13.8673	gb_AM286274_+_0-861_ARO:3001001_TEM-137	99.303	861	6	0	148	1008	861	1	0.0	1557
NODE_55276_length_1110_cov_13.8673	gb_AY027590_+_112-973_ARO:3000955_TEM-88	99.303	861	6	0	148	1008	861	1	0.0	1557
NODE_55276_length_1110_cov_13.8673	gb_AF427129_+_208-1069_ARO:3000950_TEM-83	99.303	861	6	0	148	1008	861	1	0.0	1557
NODE_55276_length_1110_cov_13.8673	gb_AY101764_+_206-1067_ARO:3000970_TEM-107	99.303	861	6	0	148	1008	861	1	0.0	1557
NODE_55276_length_1110_cov_13.8673	gb_JN211012_+_213-1074_ARO:3001048_TEM-188	99.303	861	6	0	148	1008	861	1	0.0	1557
NODE_55276_length_1110_cov_13.8673	gb_Y14574_+_0-861_ARO:3000888_TEM-17	99.303	861	6	0	148	1008	861	1	0.0	1557
NODE_55276_length_1110_cov_13.8673	gb_AF091113_+_450-1311_ARO:3000934_TEM-67	99.303	861	6	0	148	1008	861	1	0.0	1557
NODE_55276_length_1110_cov_13.8673	gb_AY853593_+_214-1075_ARO:3001002_TEM-138	99.303	861	6	0	148	1008	861	1	0.0	1557
NODE_55276_length_1110_cov_13.8673	gb_AF190693_+_208-1069_ARO:3000944_TEM-78	99.303	861	6	0	148	1008	861	1	0.0	1557
NODE_55276_length_1110_cov_13.8673	gb_X65254_+_175-1036_ARO:3000887_TEM-16	99.303	861	6	0	148	1008	861	1	0.0	1557
NODE_55276_length_1110_cov_13.8673	gb_Y10279_+_0-861_ARO:3000916_TEM-47	99.303	861	6	0	148	1008	861	1	0.0	1557
NODE_55276_length_1110_cov_13.8673	gb_NG_050265_+_100-961_ARO:3000876_TEM-4	99.187	861	7	0	148	1008	861	1	0.0	1552
NODE_55276_length_1110_cov_13.8673	gb_X65252_+_175-1036_ARO:3000880_TEM-8	99.187	861	7	0	148	1008	861	1	0.0	1552
NODE_55276_length_1110_cov_13.8673	gb_Y10280_+_0-861_ARO:3000917_TEM-48	99.187	861	7	0	148	1008	861	1	0.0	1552
NODE_55276_length_1110_cov_13.8673	gb_FR848831_+_0-861_ARO:3001375_TEM-184	99.187	861	7	0	148	1008	861	1	0.0	1552
NODE_55276_length_1110_cov_13.8673	gb_AJ277414_+_0-861_ARO:3000952_TEM-85	99.187	861	7	0	148	1008	861	1	0.0	1552
NODE_55276_length_1110_cov_13.8673	gb_DQ369751_+_0-861_ARO:3001016_TEM-149	99.187	861	7	0	148	1008	861	1	0.0	1552
NODE_55276_length_1110_cov_13.8673	gb_AY589495_+_181-1042_ARO:3000977_TEM-114	99.187	861	7	0	148	1008	861	1	0.0	1552
NODE_55276_length_1110_cov_13.8673	gb_AY574271_+_0-861_ARO:3000998_TEM-134	99.187	861	7	0	148	1008	861	1	0.0	1552
NODE_55276_length_1110_cov_13.8673	gb_AJ746225_+_0-861_ARO:3000993_TEM-129	99.187	861	7	0	148	1008	861	1	0.0	1552
NODE_55276_length_1110_cov_13.8673	gb_DQ834728_+_205-1066_ARO:3001019_TEM-152	99.187	861	7	0	148	1008	861	1	0.0	1552
NODE_55276_length_1110_cov_13.8673	gb_AF332513_+_103-964_ARO:3000931_TEM-63	99.187	861	7	0	148	1008	861	1	0.0	1552
NODE_55276_length_1110_cov_13.8673	gb_DQ388882_+_0-861_ARO:3001005_TEM-142	99.187	861	7	0	148	1008	861	1	0.0	1552
NODE_55276_length_1110_cov_13.8673	gb_AJ239002_+_0-861_ARO:3000935_TEM-68	99.187	861	7	0	148	1008	861	1	0.0	1552
NODE_55276_length_1110_cov_13.8673	gb_DQ834729_+_205-1066_ARO:3001018_TEM-151	99.187	861	7	0	148	1008	861	1	0.0	1552
NODE_55276_length_1110_cov_13.8673	gb_AF143804_+_0-861_ARO:3000959_TEM-92	99.187	861	7	0	148	1008	861	1	0.0	1552
NODE_55276_length_1110_cov_13.8673	gb_AF157553_+_147-1008_ARO:3000938_TEM-72	99.187	861	7	0	148	1008	861	1	0.0	1552
NODE_55276_length_1110_cov_13.8673	gb_AF506748_+_38-899_ARO:3000971_TEM-108	99.414	853	5	0	148	1000	861	9	0.0	1548
NODE_55276_length_1110_cov_13.8673	gb_AY436361_+_131-992_ARO:3000995_TEM-131	99.071	861	8	0	148	1008	861	1	0.0	1548
NODE_55276_length_1110_cov_13.8673	gb_FJ360884_+_213-1074_ARO:3001033_TEM-167	99.071	861	8	0	148	1008	861	1	0.0	1546
NODE_55276_length_1110_cov_13.8673	gb_AJ277415_+_0-861_ARO:3000953_TEM-86	99.071	861	8	0	148	1008	861	1	0.0	1546
NODE_55276_length_1110_cov_13.8673	gb_AJ318094_+_0-861_ARO:3000961_TEM-94	99.071	861	8	0	148	1008	861	1	0.0	1546
NODE_55276_length_1110_cov_13.8673	gb_AF495873_+_0-861_ARO:3000964_TEM-101	99.071	861	8	0	148	1008	861	1	0.0	1546
NODE_55276_length_1110_cov_13.8673	gb_DQ072853_+_0-861_ARO:3001003_TEM-139	99.071	861	8	0	148	1008	861	1	0.0	1546
NODE_55276_length_1110_cov_13.8673	gb_Y10281_+_0-861_ARO:3000918_TEM-49	99.071	861	8	0	148	1008	861	1	0.0	1546
NODE_55276_length_1110_cov_13.8673	gb_AY589494_+_193-1054_ARO:3000976_TEM-113	99.071	861	8	0	148	1008	861	1	0.0	1546
NODE_55276_length_1110_cov_13.8673	gb_Y17582_+_0-858_ARO:3000892_TEM-21	99.184	858	7	0	151	1008	858	1	0.0	1546
NODE_55276_length_1110_cov_13.8673	gb_Y17583_+_213-1071_ARO:3000893_TEM-22	99.184	858	7	0	151	1008	858	1	0.0	1546
NODE_55276_length_1110_cov_13.8673	gb_AY271267_+_0-861_ARO:3000983_TEM-121	99.071	861	8	0	148	1008	861	1	0.0	1546
NODE_55276_length_1110_cov_13.8673	gb_AF250872_+_0-861_ARO:3000954_TEM-87	99.071	861	8	0	148	1008	861	1	0.0	1546
NODE_55276_length_1110_cov_13.8673	gb_HM246246_+_211-1069_ARO:3001047_TEM-187	99.183	857	7	0	152	1008	857	1	0.0	1544
NODE_55276_length_1110_cov_13.8673	gb_KF513179_+_0-861_ARO:3001388_TEM-211	98.955	861	9	0	148	1008	861	1	0.0	1541
NODE_55276_length_1110_cov_13.8673	gb_AJ866988_+_0-861_ARO:3000994_TEM-130	98.955	861	9	0	148	1008	861	1	0.0	1541
NODE_55276_length_1110_cov_13.8673	gb_FN652295_+_0-861_ARO:3001042_TEM-177	98.955	861	9	0	148	1008	861	1	0.0	1541
NODE_55276_length_1110_cov_13.8673	gb_KC900516_+_0-858_ARO:3001382_TEM-205	99.068	858	8	0	151	1008	858	1	0.0	1541
NODE_55276_length_1110_cov_13.8673	gb_EF468463_+_66-927_ARO:3001028_TEM-162	98.955	861	9	0	148	1008	861	1	0.0	1541
NODE_55276_length_1110_cov_13.8673	gb_JX050178_+_0-852_ARO:3001058_TEM-199	99.178	852	7	0	149	1000	852	1	0.0	1535
NODE_55276_length_1110_cov_13.8673	gb_AY628176_+_75-936_ARO:3000987_TEM-125	98.839	861	10	0	148	1008	861	1	0.0	1535
NODE_55276_length_1110_cov_13.8673	gb_AY327539_+_0-858_ARO:3000985_TEM-123	98.839	861	7	1	148	1008	858	1	0.0	1531
NODE_55276_length_1110_cov_13.8673	gb_AY327540_+_0-858_ARO:3000986_TEM-124	98.839	861	7	1	148	1008	858	1	0.0	1531
NODE_55276_length_1110_cov_13.8673	gb_JN935137_+_0-861_ARO:3001055_TEM-195	98.606	861	12	0	148	1008	861	1	0.0	1524
NODE_55276_length_1110_cov_13.8673	gb_AY040093_+_68-929_ARO:3000965_TEM-102	98.606	861	12	0	148	1008	861	1	0.0	1524
NODE_55276_length_1110_cov_13.8673	gb_AF047171_+_135-996_ARO:3000929_TEM-60	98.490	861	13	0	148	1008	861	1	0.0	1519
NODE_55276_length_1110_cov_13.8673	gb_X98047_+_0-844_ARO:3000911_TEM-42	99.051	843	8	0	157	999	843	1	0.0	1513
NODE_55276_length_1110_cov_13.8673	gb_AF062386_+_30-862_ARO:3000928_TEM-59	99.398	831	5	0	178	1008	831	1	0.0	1507
NODE_55276_length_1110_cov_13.8673	gb_AY039040_+_188-1022_ARO:3000956_TEM-89	99.161	834	7	0	175	1008	834	1	0.0	1502
NODE_55276_length_1110_cov_13.8673	gb_JN935135_+_0-861_ARO:3001053_TEM-193	98.028	862	15	2	148	1008	861	1	0.0	1496
NODE_55276_length_1110_cov_13.8673	gb_JN935136_+_0-861_ARO:3001054_TEM-194	97.561	861	21	0	148	1008	861	1	0.0	1474
NODE_55276_length_1110_cov_13.8673	gb_X97254_+_153-1011_ARO:3001043_TEM-178	97.564	862	16	3	148	1008	858	1	0.0	1471
NODE_55276_length_1110_cov_13.8673	gb_L19940_+_197-1006_ARO:3000896_TEM-26	99.382	809	5	0	200	1008	809	1	0.0	1467
NODE_55276_length_1110_cov_13.8673	gb_AY130285_+_0-785_ARO:3000981_TEM-118	99.363	785	5	0	188	972	785	1	0.0	1423
NODE_55276_length_1110_cov_13.8673	gb_AF527798.1_+_0-785_ARO:3000879_TEM-7	99.363	785	5	0	188	972	785	1	0.0	1423
NODE_55276_length_1110_cov_13.8673	gb_AY130284_+_0-785_ARO:3000941_TEM-75	99.236	785	6	0	188	972	785	1	0.0	1417
NODE_55276_length_1110_cov_13.8673	gb_AY130282_+_0-764_ARO:3000980_TEM-117	99.738	764	2	0	209	972	764	1	0.0	1400
NODE_55276_length_1110_cov_13.8673	gb_JF949916_+_0-757_ARO:3001051_TEM-191	99.735	756	2	0	223	978	756	1	0.0	1386
NODE_55276_length_1110_cov_13.8673	gb_JF949915_+_0-754_ARO:3001052_TEM-192	99.734	753	2	0	226	978	753	1	0.0	1380
NODE_56565_length_1090_cov_11.2512	gb_NC_003098.1_+_866210-867410_ARO:3000822_pmrA	90.465	430	41	0	661	1090	1	430	2.23e-162	568
NODE_60877_length_1024_cov_10.8586	gb_HQ652506.1_+_2099-3836_ARO:3004033_tetB(46)	92.383	1024	78	0	1	1024	34	1057	0.0	1459
NODE_62848_length_996_cov_2.75877	gb_AP006618.1_+_4835199-4838688_ARO:3000501_Nocardia	84.064	251	36	4	1	249	3175	2927	1.81e-63	239
NODE_63721_length_985_cov_1.74731	gb_HQ652506.1_+_373-2098_ARO:3004032_tetA(46)	80.415	337	60	5	651	985	1725	1393	2.30e-67	252
NODE_66008_length_956_cov_3.3818	gb_HQ652506.1_+_373-2098_ARO:3004032_tetA(46)	89.619	867	90	0	1	867	859	1725	0.0	1103
NODE_66008_length_956_cov_3.3818	gb_HQ652506.1_+_2099-3836_ARO:3004033_tetB(46)	89.773	88	9	0	869	956	1	88	1.10e-25	113
NODE_66010_length_956_cov_4.70588	gb_HQ652506.1_+_373-2098_ARO:3004032_tetA(46)	89.965	867	87	0	1	867	859	1725	0.0	1120
NODE_71352_length_895_cov_1.8881	gb_U57969_+_1485-4617_ARO:3000801_MexD	76.568	303	58	10	70	366	1276	981	6.04e-38	154
NODE_71352_length_895_cov_1.8881	gb_NC_002516_+_2810008-2813197_ARO:3000804_MexF	74.286	315	73	7	82	392	1268	958	1.32e-29	126
NODE_71352_length_895_cov_1.8881	gb_L11616_+_1569-4710_ARO:3000378_MexB	76.695	236	49	5	61	293	1280	1048	1.32e-29	126
NODE_71352_length_895_cov_1.8881	gb_NC_007779_+_2586250-2589364_ARO:3000491_acrD	81.159	138	18	7	28	161	1313	1180	6.17e-23	104
NODE_71352_length_895_cov_1.8881	gb_NC_010378.1_+_47850-51003_ARO:3003923_oqxB	82.243	107	16	2	58	164	1289	1186	1.73e-18	89.8
NODE_71352_length_895_cov_1.8881	gb_AB219524.1_+_1176-4338_ARO:3003699_mexQ	82.569	109	12	5	51	157	1293	1190	1.73e-18	89.8
NODE_71352_length_895_cov_1.8881	gb_NC_002516_+_4707534-4710624_ARO:3000808_mexI	83.000	100	15	2	74	172	1246	1148	1.73e-18	89.8
NODE_71559_length_893_cov_4.98449	gb_HQ652506.1_+_2099-3836_ARO:3004033_tetB(46)	86.250	720	97	2	175	893	1721	1003	0.0	780
NODE_72309_length_885_cov_2.41928	gb_X95635_+_259-1663_ARO:3000812_mtrE	73.823	531	133	4	18	545	918	391	1.63e-53	206
NODE_75415_length_853_cov_1.5188	gb_AF235050.4_+_38028-40140_ARO:3003318_Streptomyces	83.041	171	27	2	44	213	218	49	5.75e-38	154
NODE_76461_length_843_cov_3.56726	gb_NC_003098.1_-_1359228-1360395_ARO:3000025_patB	83.962	424	68	0	420	843	1	424	3.96e-114	407
NODE_82187_length_792_cov_1.80868	gb_L36601_+_1420-3130_ARO:3003036_oleB	93.182	44	2	1	329	372	1574	1532	9.26e-11	63.9
NODE_84944_length_769_cov_9.10364	gb_HQ652506.1_+_373-2098_ARO:3004032_tetA(46)	94.018	769	46	0	1	769	145	913	0.0	1166
NODE_91982_length_718_cov_4.11614	gb_NC_003098.1_+_866210-867410_ARO:3000822_pmrA	93.721	430	27	0	289	718	1	430	0.0	645
NODE_95415_length_695_cov_4.03906	gb_AF235050.4_+_38028-40140_ARO:3003318_Streptomyces	77.740	292	63	2	383	673	453	163	2.77e-45	178
NODE_98233_length_677_cov_6.96302	gb_CP007593.1_+_2148923-2149772_ARO:3001301_RlmA(II)	94.545	55	3	0	1	55	787	841	1.68e-17	86.1
NODE_101425_length_659_cov_3.86424	gb_AF235050.4_+_38028-40140_ARO:3003318_Streptomyces	80.420	286	56	0	372	657	68	353	1.55e-57	219
NODE_101537_length_658_cov_2.08292	gb_KX000272.1_+_0-1740_ARO:3004035_tetA(60)	90.620	661	58	3	1	658	1415	756	0.0	874
NODE_110529_length_612_cov_2.35907	gb_M18896.2_+_206-2126_ARO:3000190_tetO	100.000	494	0	0	1	494	1427	1920	0.0	913
NODE_110529_length_612_cov_2.35907	gb_AJ295238.3_+_163-2083_ARO:3000196_tet32	100.000	494	0	0	1	494	1427	1920	0.0	913
NODE_113897_length_597_cov_1.15314	gb_X53797_+_133-775_ARO:3002684_catII	99.405	168	1	0	1	168	475	642	1.04e-83	305
NODE_114337_length_596_cov_11.5213	gb_NC_003098.1_+_866210-867410_ARO:3000822_pmrA	93.390	590	39	0	7	596	965	376	0.0	874
NODE_116881_length_585_cov_10.7623	gb_KX000273.1_+_0-1740_ARO:3004036_tetB(60)	91.304	138	12	0	3	140	1603	1740	1.07e-48	189
NODE_119943_length_573_cov_3.03668	gb_AY768532_+_0-1935_ARO:3000535_macB	85.565	575	79	4	1	573	1189	617	4.09e-172	599
NODE_120165_length_572_cov_3.88395	gb_KX000272.1_+_0-1740_ARO:3004035_tetA(60)	96.170	470	18	0	1	470	470	1	0.0	769
NODE_125191_length_553_cov_17.8815	gb_NC_003098.1_-_1359228-1360395_ARO:3000025_patB	94.294	333	19	0	1	333	829	1161	1.90e-145	510
NODE_127387_length_544_cov_1.96524	gb_X74948_+_0-492_ARO:3002688_catS	96.476	454	16	0	91	544	491	38	0.0	750
NODE_127387_length_544_cov_1.96524	gb_AF226276.1_+_3583-4207_ARO:3002682_catD	84.121	529	80	3	18	544	624	98	6.72e-145	508
NODE_127387_length_544_cov_1.96524	gb_U15027_+_0-624_ARO:3002686_catP	84.121	529	80	3	18	544	624	98	6.72e-145	508
NODE_127497_length_544_cov_0.928425	gb_AP006618.1_+_4835199-4838688_ARO:3000501_Nocardia	76.371	237	54	2	246	481	3281	3046	7.90e-30	126
NODE_128779_length_540_cov_5.55258	gb_KX000273.1_+_0-1740_ARO:3004036_tetB(60)	87.266	534	66	2	3	535	1343	811	6.39e-175	608
NODE_132023_length_528_cov_1.78858	gb_CP001050.1_+_1332866-1333499_ARO:3000817_mtrR	76.440	191	43	2	57	246	1	190	1.29e-22	102
NODE_134735_length_520_cov_7.79355	gb_HM990671_+_5192-6671_ARO:3003112_lsaC	92.258	310	24	0	211	520	2	311	2.37e-124	440
NODE_143330_length_493_cov_2.53881	gb_AJ252200_+_1278-4401_ARO:3003056_smeE	79.646	226	42	4	8	231	1264	1487	7.03e-40	159
NODE_144494_length_489_cov_4.5576	gb_NC_003098.1_-_1359228-1360395_ARO:3000025_patB	92.229	489	38	0	1	489	395	883	0.0	693
NODE_144960_length_488_cov_1.48961	gb_AY768531_+_0-1179_ARO:3000533_macA	76.842	475	108	2	15	488	643	1116	3.98e-72	267
NODE_148522_length_478_cov_25.1749	gb_M17124_+_1181-1982_ARO:3000498_ErmF	100.000	39	0	0	440	478	801	763	9.12e-14	73.1
NODE_150202_length_473_cov_2.16986	gb_M18896.2_+_206-2126_ARO:3000190_tetO	100.000	366	0	0	108	473	1	366	0.0	676
NODE_150202_length_473_cov_2.16986	gb_AJ295238.3_+_163-2083_ARO:3000196_tet32	92.896	366	26	0	108	473	1	366	3.44e-152	532
NODE_158287_length_450_cov_1.26076	gb_M18896.2_+_206-2126_ARO:3000190_tetO	99.333	450	3	0	1	450	393	842	0.0	815
NODE_161154_length_443_cov_21.1443	gb_NC_003098.1_-_1359228-1360395_ARO:3000025_patB	94.582	443	24	0	1	443	7	449	0.0	686
NODE_163752_length_436_cov_11.5801	gb_HM990671_+_5192-6671_ARO:3003112_lsaC	95.862	435	18	0	2	436	258	692	0.0	704
NODE_164461_length_434_cov_16.6623	gb_Z50108_+_238-1768_ARO:3003026_fusH	91.111	45	1	2	278	319	517	561	2.31e-09	58.4
NODE_165413_length_431_cov_4.96543	gb_NC_003098.1_-_1359228-1360395_ARO:3000025_patB	83.607	427	66	3	1	425	1107	683	1.19e-111	398
NODE_166175_length_429_cov_20.3663	gb_AY768532_+_0-1935_ARO:3000535_macB	87.179	429	51	4	3	429	751	1177	8.83e-138	484
NODE_166176_length_429_cov_14.5	gb_AY768532_+_0-1935_ARO:3000535_macB	87.413	429	50	4	3	429	751	1177	1.90e-139	490
NODE_167733_length_424_cov_1.45257	gb_HQ652506.1_+_2099-3836_ARO:3004033_tetB(46)	87.952	415	50	0	10	424	755	1169	1.87e-139	490
NODE_178740_length_394_cov_11.2802	gb_HQ652506.1_+_373-2098_ARO:3004032_tetA(46)	93.333	75	5	0	318	392	1725	1651	1.58e-25	111
NODE_181834_length_386_cov_20.1873	gb_CP007593.1_+_2148923-2149772_ARO:3001301_RlmA(II)	86.979	384	50	0	1	384	445	828	2.90e-122	433
NODE_192734_length_360_cov_5.24918	gb_L11616_+_1569-4710_ARO:3000378_MexB	90.909	44	4	0	57	100	593	550	5.29e-10	60.2
NODE_195551_length_354_cov_10.5719	gb_X63451_+_0-1653_ARO:3002828_srmB	97.222	36	1	0	90	125	1465	1500	1.44e-10	62.1
NODE_202564_length_339_cov_2.16901	gb_U00096_+_2155262-2158385_ARO:3000793_mdtB	75.664	226	53	2	35	259	2985	2761	1.35e-25	111
NODE_226883_length_289_cov_8.39744	gb_X63451_+_0-1653_ARO:3002828_srmB	97.222	36	1	0	231	266	1465	1500	1.16e-10	62.1
NODE_228894_length_285_cov_6.64348	gb_M80346_+_0-1656_ARO:3002817_carA	100.000	36	0	0	3	38	1502	1467	2.46e-12	67.6
NODE_233763_length_277_cov_3.2973	gb_HQ652506.1_+_2099-3836_ARO:3004033_tetB(46)	93.886	229	14	0	49	277	1310	1082	2.74e-96	346
NODE_234730_length_276_cov_4.63348	gb_L36601_+_1420-3130_ARO:3003036_oleB	92.683	41	1	2	236	275	643	682	1.43e-09	58.4
NODE_238068_length_271_cov_1.44907	gb_AF079900_+_39-1731_ARO:3002892_otr(B)	78.676	136	27	2	82	216	324	190	4.98e-19	89.8
NODE_261318_length_249_cov_2.75773	gb_HM990671_+_5192-6671_ARO:3003112_lsaC	97.992	249	5	0	1	249	886	638	1.82e-122	433
NODE_266331_length_245_cov_4.12105	gb_KX000273.1_+_0-1740_ARO:3004036_tetB(60)	88.115	244	29	0	1	244	1013	1256	1.14e-79	291
NODE_271726_length_242_cov_1.89305	gb_HQ652506.1_+_373-2098_ARO:3004032_tetA(46)	92.116	241	19	0	2	242	1725	1485	1.10e-94	340
NODE_283018_length_236_cov_2.42541	gb_HM990671_+_5192-6671_ARO:3003112_lsaC	90.254	236	23	0	1	236	667	902	3.02e-85	309
NODE_284293_length_235_cov_2.11111	gb_NC_003112.2_-_1791966-1795170_ARO:3000811_mtrD	90.638	235	22	0	1	235	1398	1164	2.33e-86	313
NODE_294241_length_230_cov_1.28571	gb_M18896.2_+_206-2126_ARO:3000190_tetO	99.130	230	2	0	1	230	946	1175	6.05e-117	414
NODE_311931_length_223_cov_2.29167	gb_NC_014638.1_-_1610636-1613960_ARO:3003730_Bifidobacteria	80.952	126	22	2	99	223	1609	1485	6.69e-22	99.0
NODE_315579_length_221_cov_1.39759	gb_CP004067_+_52914-53709_ARO:3002647_APH(3')-IIIa	100.000	221	0	0	1	221	247	27	2.70e-115	409
NODE_324927_length_218_cov_2.04908	gb_HQ652506.1_+_2099-3836_ARO:3004033_tetB(46)	87.615	218	27	0	1	218	1108	1325	1.32e-68	254
NODE_325155_length_218_cov_1.66258	gb_KX000273.1_+_0-1740_ARO:3004036_tetB(60)	94.037	218	13	0	1	218	361	578	5.91e-92	331
NODE_327865_length_217_cov_1.40741	gb_CP007593.1_+_2148923-2149772_ARO:3001301_RlmA(II)	86.636	217	29	0	1	217	594	378	1.02e-64	241
NODE_329111_length_216_cov_7.16149	gb_CP007593.1_+_2148923-2149772_ARO:3001301_RlmA(II)	96.774	62	2	0	151	212	841	780	1.39e-23	104
NODE_338281_length_213_cov_0.85443	gb_NC_000913.3_-_484425-485619_ARO:3004043_Escherichia	100.000	30	0	0	184	213	1	30	3.88e-09	56.5
NODE_353039_length_209_cov_2.11039	gb_M57437_+_0-1647_ARO:3002827_tlrC	100.000	33	0	0	62	94	1468	1500	8.18e-11	62.1
NODE_353262_length_209_cov_2.79221	gb_X63451_+_0-1653_ARO:3002828_srmB	100.000	32	0	0	24	55	1469	1500	2.94e-10	60.2
NODE_366996_length_177_cov_3.39344	gb_NC_003098.1_-_1359228-1360395_ARO:3000025_patB	87.571	177	22	0	1	177	11	187	2.97e-54	206
NODE_374177_length_139_cov_70.1548	gb_AF235050.4_+_38028-40140_ARO:3003318_Streptomyces	85.366	123	18	0	12	134	331	453	5.05e-31	128
NODE_376939_length_126_cov_5.32394	gb_X63451_+_0-1653_ARO:3002828_srmB	100.000	35	0	0	21	55	1465	1499	3.58e-12	65.8
NODE_377583_length_124_cov_18.5072	gb_M80346_+_0-1656_ARO:3002817_carA	100.000	36	0	0	18	53	1467	1502	9.77e-13	67.6
NODE_377801_length_123_cov_5.63235	gb_L36601_+_1420-3130_ARO:3003036_oleB	90.000	50	3	2	61	109	691	643	1.25e-11	63.9
NODE_381390_length_111_cov_4.67857	gb_L36601_+_1420-3130_ARO:3003036_oleB	90.000	50	3	2	49	97	691	643	1.11e-11	63.9
NODE_383225_length_109_cov_14.3148	gb_M17124_+_1181-1982_ARO:3000498_ErmF	100.000	39	0	0	71	109	801	763	1.80e-14	73.1
NODE_385382_length_103_cov_2.6875	gb_CP007593.1_+_2148923-2149772_ARO:3001301_RlmA(II)	92.233	103	8	0	1	103	302	404	9.76e-37	147
NODE_405571_length_72_cov_11.2941	gb_M80346_+_0-1656_ARO:3002817_carA	100.000	36	0	0	3	38	1502	1467	5.03e-13	67.6
NODE_412572_length_66_cov_12.5455	gb_CP007593.1_+_2148923-2149772_ARO:3001301_RlmA(II)	95.161	62	3	0	1	62	841	780	1.59e-22	99.0
