NODE_42_length_161854_cov_14.6917	gb_AY928180_+_0-495_ARO:3002837_lnuC	98.990	495	5	0	133963	134457	1	495	0.0	887
NODE_113_length_102645_cov_47.0729	gb_CP000800.1_-_1191727-1192954_ARO:3001329_mdtG	99.348	1227	8	0	84684	85910	1	1227	0.0	2222
NODE_113_length_102645_cov_47.0729	gb_U00096_-_1124117-1125326_ARO:3001216_mdtH	97.932	1209	25	0	74845	76053	1	1209	0.0	2095
NODE_132_length_93754_cov_49.2552	gb_NC_000913.3_+_966620-968369_ARO:3003950_msbA	99.828	1749	3	0	51246	52994	1749	1	0.0	3214
NODE_192_length_77505_cov_52.975	gb_NC_000913.3_-_481253-484403_ARO:3000216_acrB	99.968	3150	1	0	35926	39075	3150	1	0.0	5812
NODE_192_length_77505_cov_52.975	gb_NC_000913.3_-_484425-485619_ARO:3004043_Escherichia	100.000	1194	0	0	39098	40291	1194	1	0.0	2206
NODE_192_length_77505_cov_52.975	gb_U00096_+_3415032-3418137_ARO:3000502_acrF	73.748	3135	733	81	35976	39067	3097	10	0.0	1147
NODE_192_length_77505_cov_52.975	gb_AJ318073.1_+_793-1990_ARO:3004041_Klebsiella	78.578	1167	241	8	39131	40291	1164	1	0.0	761
NODE_192_length_77505_cov_52.975	gb_NC_006350.1_-_2147817-2150949_ARO:3002983_amrB	73.902	387	84	16	36071	36450	2984	2608	1.49e-31	139
NODE_199_length_76558_cov_6.27434	gb_AJ584700_+_33-582_ARO:3002589_AAC(6')-Iid	99.818	549	1	0	141	689	1	549	0.0	1009
NODE_277_length_60207_cov_56.5782	gb_AP009048_-_4338624-4340268_ARO:3003576_eptA	99.818	1644	3	0	7982	9625	1644	1	0.0	3020
NODE_277_length_60207_cov_56.5782	gb_NC_000913.3_-_4377810-4378944_ARO:3004290_Escherichia	97.266	1134	31	0	51850	52983	1134	1	0.0	1923
NODE_277_length_60207_cov_56.5782	gb_KM087859_+_0-1146_ARO:3002176_MIR-11	72.143	980	237	29	51902	52863	1094	133	1.83e-69	265
NODE_277_length_60207_cov_56.5782	gb_KM087851_+_0-1146_ARO:3002180_MIR-15	72.143	980	237	30	51902	52863	1094	133	1.83e-69	265
NODE_277_length_60207_cov_56.5782	gb_KM087858_+_0-1146_ARO:3002175_MIR-10	72.041	980	238	29	51902	52863	1094	133	8.54e-68	259
NODE_277_length_60207_cov_56.5782	gb_KM087860_+_0-1146_ARO:3002174_MIR-9	72.041	980	238	29	51902	52863	1094	133	8.54e-68	259
NODE_277_length_60207_cov_56.5782	gb_JQ664733_+_0-1146_ARO:3002171_MIR-6	72.041	980	238	30	51902	52863	1094	133	8.54e-68	259
NODE_277_length_60207_cov_56.5782	gb_KM087861_+_0-1146_ARO:3002181_MIR-16	72.041	980	238	29	51902	52863	1094	133	8.54e-68	259
NODE_277_length_60207_cov_56.5782	gb_AY227752_+_88-1234_ARO:3002168_MIR-2	72.041	980	238	29	51902	52863	1094	133	8.54e-68	259
NODE_277_length_60207_cov_56.5782	gb_EF417572_+_29-1175_ARO:3002167_MIR-4	71.853	977	245	25	51902	52863	1094	133	3.97e-66	254
NODE_277_length_60207_cov_56.5782	gb_FJ237367_+_0-1146_ARO:3002173_MIR-8	71.939	980	239	30	51902	52863	1094	133	3.97e-66	254
NODE_277_length_60207_cov_56.5782	gb_KM087863_+_0-1146_ARO:3002177_MIR-12	71.939	980	239	29	51902	52863	1094	133	3.97e-66	254
NODE_277_length_60207_cov_56.5782	gb_KP050484_+_0-1146_ARO:3002170_MIR-5	71.939	980	239	29	51902	52863	1094	133	3.97e-66	254
NODE_277_length_60207_cov_56.5782	gb_AY743435_+_13-1159_ARO:3002169_MIR-3	71.853	977	245	25	51902	52863	1094	133	3.97e-66	254
NODE_277_length_60207_cov_56.5782	gb_M37839_+_927-2073_ARO:3002166_MIR-1	71.837	980	240	29	51902	52863	1094	133	1.85e-64	248
NODE_277_length_60207_cov_56.5782	gb_LN515535_+_0-1146_ARO:3003173_MIR-17	71.837	980	240	29	51902	52863	1094	133	1.85e-64	248
NODE_277_length_60207_cov_56.5782	gb_KM087862_+_0-1146_ARO:3002178_MIR-13	71.735	980	241	30	51902	52863	1094	133	8.60e-63	243
NODE_277_length_60207_cov_56.5782	gb_FJ237369_+_0-1146_ARO:3001824_ACT-5	72.471	603	151	14	52294	52889	701	107	6.84e-44	180
NODE_277_length_60207_cov_56.5782	gb_KJ207207_+_479-1625_ARO:3001844_ACT-24	72.231	605	157	11	52294	52893	701	103	8.84e-43	176
NODE_277_length_60207_cov_56.5782	gb_KF992028_+_761-1907_ARO:3001839_ACT-18	72.277	606	155	12	52294	52893	701	103	8.84e-43	176
NODE_277_length_60207_cov_56.5782	gb_KF515536_+_0-1146_ARO:3001828_ACT-23	72.139	603	153	14	52294	52889	701	107	1.48e-40	169
NODE_277_length_60207_cov_56.5782	gb_JX440354_+_756-1902_ARO:3001836_ACT-14	72.185	604	151	15	52294	52889	701	107	1.48e-40	169
NODE_277_length_60207_cov_56.5782	gb_KM926621_+_751-1897_ARO:3003171_ACT-36	71.993	607	155	14	52294	52893	701	103	1.91e-39	165
NODE_277_length_60207_cov_56.5782	gb_KF526118_+_0-1146_ARO:3001842_ACT-21	76.087	322	72	5	52294	52613	701	383	6.89e-39	163
NODE_277_length_60207_cov_56.5782	gb_KM926622_+_238-1384_ARO:3003172_ACT-37	72.097	577	133	22	52301	52863	695	133	1.93e-34	148
NODE_277_length_60207_cov_56.5782	gb_KF992029_+_748-1894_ARO:3001840_ACT-19	70.050	995	244	42	51896	52863	1100	133	4.17e-31	137
NODE_302_length_57206_cov_57.1038	gb_U00096_+_3415032-3418137_ARO:3000502_acrF	99.098	3105	28	0	5178	8282	3105	1	0.0	5579
NODE_302_length_57206_cov_57.1038	gb_U00096_+_3413863-3415021_ARO:3000499_acrE	98.964	1158	12	0	8294	9451	1158	1	0.0	2073
NODE_302_length_57206_cov_57.1038	gb_U00096_-_3412802-3413465_ARO:3000656_acrS	99.095	663	6	0	9850	10512	1	663	0.0	1192
NODE_302_length_57206_cov_57.1038	gb_NC_003197.2_-_393893-397061_ARO:3000790_mdsB	81.928	83	9	6	5298	5377	3012	2933	1.90e-09	65.8
NODE_326_length_54356_cov_46.5858	gb_JQ394987_+_0-1233_ARO:3001328_Escherichia	97.891	1233	26	0	3045	4277	1233	1	0.0	2134
NODE_330_length_54106_cov_4.56665	gb_NC_007779_+_2586250-2589364_ARO:3000491_acrD	77.200	250	49	8	49867	50112	1271	1026	1.04e-31	139
NODE_330_length_54106_cov_4.56665	gb_U00096_+_3660413-3663527_ARO:3000796_mdtF	75.510	196	44	4	49897	50090	1241	1048	8.24e-18	93.5
NODE_359_length_51933_cov_50.8877	gb_NC_000913.3_-_721055-721733_ARO:3003841_kdpE	90.278	144	14	0	48476	48619	678	535	9.81e-47	189
NODE_447_length_44738_cov_55.2372	gb_NC_000913.3_+_3219493-3220873_ARO:3000024_patA	98.767	1379	17	0	32003	33381	1	1379	0.0	2453
NODE_447_length_44738_cov_55.2372	gb_U00096.3_-_3203309-3204131_ARO:3002986_bacA	100.000	822	0	0	15819	16640	822	1	0.0	1519
NODE_509_length_40701_cov_55.055	gb_U00096_+_3660413-3663527_ARO:3000796_mdtF	99.968	3114	1	0	2715	5828	3114	1	0.0	5746
NODE_509_length_40701_cov_55.055	gb_AP009048.1_-_3980025-3981183_ARO:3000795_mdtE	99.914	1158	1	0	5853	7010	1158	1	0.0	2134
NODE_509_length_40701_cov_55.055	gb_NC_007779_+_3974604-3975429_ARO:3000508_gadX	100.000	825	0	0	432	1256	1	825	0.0	1524
NODE_509_length_40701_cov_55.055	gb_CP015085.1_-_2551711-2552440_ARO:3003838_gadW	94.650	729	39	0	1624	2352	1	729	0.0	1131
NODE_509_length_40701_cov_55.055	gb_L11616_+_1569-4710_ARO:3000378_MexB	76.774	465	103	5	4331	4793	1497	1036	7.47e-67	255
NODE_509_length_40701_cov_55.055	gb_AJ252200_+_1278-4401_ARO:3003056_smeE	74.790	476	113	7	4330	4802	1498	1027	2.12e-52	207
NODE_509_length_40701_cov_55.055	gb_NC_007779_+_2586250-2589364_ARO:3000491_acrD	74.359	468	106	11	4345	4805	1484	1024	2.76e-46	187
NODE_509_length_40701_cov_55.055	gb_U57969_+_1485-4617_ARO:3000801_MexD	86.316	95	13	0	4564	4658	1271	1177	2.86e-21	104
NODE_509_length_40701_cov_55.055	gb_NC_010378.1_+_47850-51003_ARO:3003923_oqxB	87.500	72	7	2	4575	4645	1263	1193	1.34e-14	82.4
NODE_509_length_40701_cov_55.055	gb_NC_002516_+_2810008-2813197_ARO:3000804_MexF	81.443	97	18	0	4576	4672	1262	1166	4.83e-14	80.5
NODE_620_length_35411_cov_10.8043	gb_AP006618.1_+_4835199-4838688_ARO:3000501_Nocardia	74.416	813	171	26	32609	33404	1063	1855	1.06e-84	315
NODE_661_length_34010_cov_57.8636	gb_AP009048.1_-_4153663-4154296_ARO:3000518_CRP	99.842	633	1	0	14966	15598	1	633	0.0	1164
NODE_669_length_33785_cov_54.5511	gb_U00096_+_2812615-2814154_ARO:3000074_emrB	99.870	1539	2	0	4421	5959	1	1539	0.0	2832
NODE_669_length_33785_cov_54.5511	gb_AP009048_+_2810082-2811255_ARO:3000027_emrA	98.124	1173	22	0	3232	4404	1	1173	0.0	2045
NODE_669_length_33785_cov_54.5511	gb_NC_000913.3_+_2810769-2811300_ARO:3000516_emrR	100.000	531	0	0	2575	3105	1	531	0.0	981
NODE_691_length_32908_cov_51.5912	gb_NC_007779_+_2586250-2589364_ARO:3000491_acrD	99.615	3114	12	0	11084	14197	3114	1	0.0	5685
NODE_691_length_32908_cov_51.5912	gb_AJ252200_+_1278-4401_ARO:3003056_smeE	73.261	834	211	10	12684	13511	1514	687	1.28e-78	294
NODE_691_length_32908_cov_51.5912	gb_U00096_+_3660413-3663527_ARO:3000796_mdtF	74.359	468	106	11	12714	13174	1484	1024	2.23e-46	187
NODE_691_length_32908_cov_51.5912	gb_AB219524.1_+_1176-4338_ARO:3003699_mexQ	83.582	67	11	0	12948	13014	1256	1190	3.93e-09	63.9
NODE_808_length_30524_cov_60.2142	gb_NC_002695.1_-_4903561-4904935_ARO:3000830_cpxA	98.981	1374	14	0	8693	10066	1374	1	0.0	2460
NODE_853_length_29430_cov_41.9948	gb_NC_007779_+_1621287-1621671_ARO:3000263_marA	100.000	384	0	0	253	636	384	1	0.0	710
NODE_1039_length_25680_cov_57.8047	gb_FJ768952_+_0-1488_ARO:3000237_tolC	99.731	1488	4	0	6011	7498	1488	1	0.0	2726
NODE_1088_length_24717_cov_13.1283	gb_AF235050.4_+_38028-40140_ARO:3003318_Streptomyces	75.424	354	71	15	12313	12658	420	75	1.32e-37	158
NODE_1093_length_24571_cov_4.69004	gb_L36601_+_1420-3130_ARO:3003036_oleB	97.059	34	1	0	23383	23416	1532	1565	1.37e-07	58.4
NODE_1098_length_24503_cov_50.7612	gb_NC_000913.3_-_2306971-2308615_ARO:3003952_yojI	98.237	1645	27	2	3726	5369	1	1644	0.0	2876
NODE_1180_length_23147_cov_11.5164	gb_NC_012469.1_-_1800927-1802391_ARO:3000616_mel	97.951	1464	30	0	20180	21643	1464	1	0.0	2538
NODE_1180_length_23147_cov_11.5164	gb_NC_023287.1_-_65291-66509_ARO:3000615_mefA	91.715	1219	99	2	21763	22980	1218	1	0.0	1690
NODE_1266_length_22218_cov_7.62347	gb_NC_000913.3_-_481253-484403_ARO:3000216_acrB	91.803	61	5	0	1743	1803	2969	2909	5.67e-16	86.1
NODE_1273_length_22113_cov_48.0579	gb_U00096_+_2367070-2368039_ARO:3003578_pmrF	100.000	969	0	0	11960	12928	969	1	0.0	1790
NODE_1354_length_20852_cov_44.7229	gb_NC_002695.2_-_1737690-1738104_ARO:3000676_H-NS	99.517	414	2	0	15467	15880	1	414	0.0	754
NODE_1396_length_20457_cov_56.2342	gb_U00096.3_-_4567286-4568519_ARO:3001214_mdtM	96.350	1233	45	0	15961	17193	1233	1	0.0	2028
NODE_1435_length_20076_cov_3.51401	gb_U00096_+_3415032-3418137_ARO:3000502_acrF	76.289	97	23	0	5858	5954	1246	1150	5.19e-06	52.8
NODE_1752_length_17075_cov_48.7109	gb_U00096_+_2155262-2158385_ARO:3000793_mdtB	99.808	3123	6	0	3390	6512	1	3123	0.0	5734
NODE_1752_length_17075_cov_48.7109	gb_U00096_+_2158385-2161463_ARO:3000794_mdtC	99.903	3078	3	0	6513	9590	1	3078	0.0	5668
NODE_1752_length_17075_cov_48.7109	gb_AP009048_+_2165012-2166416_ARO:3000829_baeS	100.000	1404	0	0	11003	12406	1	1404	0.0	2593
NODE_1752_length_17075_cov_48.7109	gb_U00096_+_2154015-2155263_ARO:3000792_mdtA	100.000	1248	0	0	2143	3390	1	1248	0.0	2305
NODE_1752_length_17075_cov_48.7109	gb_NC_007779_+_2166412-2167135_ARO:3000828_baeR	100.000	723	0	0	12403	13125	1	723	0.0	1336
NODE_1799_length_16733_cov_46.7982	gb_U00096_+_2484373-2487967_ARO:3000833_evgS	99.917	3594	3	0	7791	11384	1	3594	0.0	6621
NODE_1799_length_16733_cov_46.7982	gb_D78168_+_1591-3130_ARO:3000254_emrY	99.025	1539	15	0	4055	5593	1539	1	0.0	2760
NODE_1799_length_16733_cov_46.7982	gb_D78168_+_536-1592_ARO:3000206_emrK	100.000	1056	0	0	5593	6648	1056	1	0.0	1951
NODE_1799_length_16733_cov_46.7982	gb_NC_002695_+_3211891-3212506_ARO:3000832_evgA	100.000	615	0	0	7172	7786	1	615	0.0	1136
NODE_1993_length_15418_cov_3.85921	gb_AF319779.2_+_32-833_ARO:3000604_Erm(35)	100.000	51	0	0	1	51	51	1	6.53e-19	95.3
NODE_1993_length_15418_cov_3.85921	gb_M17124_+_1181-1982_ARO:3000498_ErmF	100.000	51	0	0	1	51	51	1	6.53e-19	95.3
NODE_2504_length_12700_cov_63.1037	gb_AP009048.1_-_4304505-4306557_ARO:3003549_mdtO	99.854	2052	3	0	7946	9997	2052	1	0.0	3773
NODE_2504_length_12700_cov_63.1037	gb_AP009048.1_-_4303042-4304509_ARO:3003550_mdtP	98.160	1467	27	0	6483	7949	1467	1	0.0	2560
NODE_2504_length_12700_cov_63.1037	gb_AP009048.1_-_4306556-4307588_ARO:3003548_mdtN	100.000	1032	0	0	9997	11028	1032	1	0.0	1906
NODE_2682_length_12024_cov_3.2052	gb_AF235050.4_+_38028-40140_ARO:3003318_Streptomyces	82.609	92	16	0	9988	10079	322	413	3.96e-15	82.4
NODE_2764_length_11785_cov_2.77843	gb_NC_002695.1_-_4903561-4904935_ARO:3000830_cpxA	82.198	1365	241	2	468	1831	1	1364	0.0	1173
NODE_3679_length_9319_cov_3.12824	gb_NC_002516.2_-_2847775-2850886_ARO:3004075_MuxC	100.000	33	0	0	6080	6112	1201	1233	4.00e-09	62.1
NODE_3986_length_8689_cov_49.2827	gb_NC_000913.3_-_721055-721733_ARO:3003841_kdpE	99.241	659	5	0	1	659	659	1	0.0	1190
NODE_4058_length_8597_cov_44.7074	gb_CP014358.1_-_2161325-2162750_ARO:3001327_mdtK	75.301	1413	335	11	274	1679	1	1406	0.0	664
NODE_4557_length_7811_cov_6.47782	gb_M57437_+_0-1647_ARO:3002827_tlrC	100.000	29	0	0	7035	7063	1499	1471	5.61e-07	54.7
NODE_4605_length_7731_cov_15.963	gb_NC_005024_+_42504-43944_ARO:3002597_AAC(6')-Ie-APH(2'')-Ia	100.000	130	0	0	1	130	1311	1440	3.97e-63	241
NODE_5442_length_6691_cov_2.51085	gb_NC_007779_+_2586250-2589364_ARO:3000491_acrD	78.927	2069	410	25	3236	5291	3114	1059	0.0	1382
NODE_5442_length_6691_cov_2.51085	gb_L11616_+_1569-4710_ARO:3000378_MexB	74.976	1059	234	27	4800	5841	1553	509	8.72e-129	459
NODE_5442_length_6691_cov_2.51085	gb_AJ252200_+_1278-4401_ARO:3003056_smeE	82.353	493	83	4	4854	5344	1496	1006	8.84e-119	425
NODE_5442_length_6691_cov_2.51085	gb_U57969_+_1485-4617_ARO:3000801_MexD	75.472	371	79	12	4976	5340	1380	1016	4.57e-42	171
NODE_5442_length_6691_cov_2.51085	gb_NC_002516_+_2810008-2813197_ARO:3000804_MexF	78.884	251	51	2	5091	5340	1268	1019	1.64e-41	169
NODE_5442_length_6691_cov_2.51085	gb_U00096_+_3660413-3663527_ARO:3000796_mdtF	73.696	460	106	14	4866	5318	1484	1033	2.13e-40	165
NODE_5442_length_6691_cov_2.51085	gb_NC_010378.1_+_47850-51003_ARO:3003923_oqxB	76.344	186	44	0	5097	5282	1262	1077	6.09e-21	100
NODE_5494_length_6640_cov_4.23068	gb_X63451_+_0-1653_ARO:3002828_srmB	92.500	40	3	0	4197	4236	1457	1496	3.69e-08	58.4
NODE_5608_length_6518_cov_14.1252	gb_AM180355_+_600033-601953_ARO:3000186_tetM	92.552	1920	143	0	4347	6266	1920	1	0.0	2754
NODE_5608_length_6518_cov_14.1252	gb_M11036_+_0-1377_ARO:3000179_tet(L)	99.702	1343	4	0	2876	4218	1377	35	0.0	2459
NODE_5608_length_6518_cov_14.1252	gb_L09756_+_0-1926_ARO:3000192_tetS	78.464	1927	398	15	4348	6265	1920	2	0.0	1243
NODE_5879_length_6260_cov_2.81531	gb_HQ652506.1_+_2099-3836_ARO:3004033_tetB(46)	92.330	1721	132	0	171	1891	1	1721	0.0	2447
NODE_5879_length_6260_cov_2.81531	gb_HQ652506.1_+_373-2098_ARO:3004032_tetA(46)	95.858	169	7	0	1	169	1557	1725	3.17e-73	274
NODE_5958_length_6186_cov_5.22329	gb_AF173226_+_3767-6917_ARO:3003052_smeB	86.486	74	10	0	750	823	1242	1169	2.04e-15	82.4
NODE_5958_length_6186_cov_5.22329	gb_AJ252200_+_1278-4401_ARO:3003056_smeE	81.944	72	13	0	750	821	1242	1171	2.65e-09	62.1
NODE_6095_length_6055_cov_3.84267	gb_AF235050.4_+_38028-40140_ARO:3003318_Streptomyces	75.758	363	76	9	1906	2262	75	431	1.15e-42	172
NODE_7505_length_5063_cov_3.83806	gb_GQ343019_+_132-1023_ARO:3002999_CblA-1	97.082	891	26	0	2090	2980	1	891	0.0	1502
NODE_7506_length_5063_cov_49.5671	gb_AY928180_+_0-495_ARO:3002837_lnuC	91.717	495	41	0	3672	4166	1	495	0.0	688
NODE_7759_length_4927_cov_40.14	gb_AJ295238.3_+_163-2083_ARO:3000196_tet32	87.871	1921	213	19	189	2099	1	1911	0.0	2239
NODE_8283_length_4669_cov_2.56589	gb_M57437_+_0-1647_ARO:3002827_tlrC	96.875	32	1	0	1573	1604	568	599	3.35e-07	54.7
NODE_8363_length_4626_cov_1.95362	gb_AP009048.1_-_4153663-4154296_ARO:3000518_CRP	94.805	77	4	0	4547	4623	1	77	3.22e-27	121
NODE_8787_length_4436_cov_6.3255	gb_NC_005024_+_42504-43944_ARO:3002597_AAC(6')-Ie-APH(2'')-Ia	84.384	1428	218	5	2212	3636	3	1428	0.0	1397
NODE_8787_length_4436_cov_6.3255	gb_AY701528.1_+_9695-10589_ARO:3004191_APH(2'')-If	94.145	854	46	4	2812	3663	43	894	0.0	1297
NODE_9017_length_4343_cov_12.8526	gb_KU302801_+_102199-102430_ARO:3002831_vgaC	88.739	222	25	0	762	983	222	1	7.91e-73	272
NODE_9058_length_4326_cov_2.07867	gb_AY768532_+_0-1935_ARO:3000535_macB	94.737	38	2	0	2814	2851	118	155	6.67e-09	60.2
NODE_9252_length_4252_cov_30.6378	gb_AF242872_+_2131-2878_ARO:3000375_ErmB	100.000	50	0	0	1	50	50	1	6.47e-19	93.5
NODE_9316_length_4229_cov_1.99281	gb_NC_010378.1_+_47850-51003_ARO:3003923_oqxB	99.207	3153	25	0	719	3871	3153	1	0.0	5685
NODE_9316_length_4229_cov_1.99281	gb_NC_010378.1_+_46651-47827_ARO:3003922_oqxA	99.701	335	1	0	3895	4229	1176	842	1.11e-175	614
NODE_9316_length_4229_cov_1.99281	gb_NC_002516_+_2810008-2813197_ARO:3000804_MexF	73.984	1403	329	31	2385	3769	1487	103	2.47e-152	536
NODE_9316_length_4229_cov_1.99281	gb_AJ252200_+_1278-4401_ARO:3003056_smeE	73.990	396	98	4	2496	2887	1370	976	8.09e-38	156
NODE_9316_length_4229_cov_1.99281	gb_U57969_+_1485-4617_ARO:3000801_MexD	76.623	231	40	9	2491	2713	1380	1156	1.37e-25	115
NODE_9316_length_4229_cov_1.99281	gb_L11616_+_1569-4710_ARO:3000378_MexB	74.800	250	61	2	2610	2858	1253	1005	1.78e-24	111
NODE_9316_length_4229_cov_1.99281	gb_NC_002516_+_4707534-4710624_ARO:3000808_mexI	75.949	158	32	5	2532	2686	1310	1156	6.48e-14	76.8
NODE_9316_length_4229_cov_1.99281	gb_U00096_+_3660413-3663527_ARO:3000796_mdtF	86.111	72	8	2	2609	2679	1254	1184	6.48e-14	76.8
NODE_9560_length_4133_cov_6.50441	gb_AF235050.4_+_38028-40140_ARO:3003318_Streptomyces	74.541	436	78	25	443	864	75	491	6.11e-39	159
NODE_9901_length_4002_cov_2.86395	gb_U05883_+_555-1458_ARO:3003559_cepA	77.696	816	164	17	2647	3453	77	883	3.09e-136	483
NODE_10430_length_3819_cov_15.5545	gb_EU434751_+_658-2578_ARO:3000194_tetW	94.844	1920	99	0	68	1987	1920	1	0.0	2998
NODE_10430_length_3819_cov_15.5545	gb_KU736867.1_+_19653-21573_ARO:3004442_tet(W/N/W)	92.103	1912	149	2	77	1987	1911	1	0.0	2693
NODE_11362_length_3535_cov_2.63879	gb_AP009048.1_-_4153663-4154296_ARO:3000518_CRP	87.109	543	70	0	3	545	91	633	2.58e-176	616
NODE_11792_length_3426_cov_33.9579	gb_NC_005024_+_42504-43944_ARO:3002597_AAC(6')-Ie-APH(2'')-Ia	96.774	62	2	0	1	62	881	820	2.40e-22	104
NODE_11792_length_3426_cov_33.9579	gb_AY701528.1_+_9695-10589_ARO:3004191_APH(2'')-If	93.023	43	3	0	20	62	301	259	4.08e-10	63.9
NODE_12004_length_3371_cov_2.18878	gb_AJ318073.1_+_793-1990_ARO:3004041_Klebsiella	97.661	1197	25	2	44	1237	1197	1	0.0	2052
NODE_12004_length_3371_cov_2.18878	gb_DQ679966_+_299-1493_ARO:3004042_Enterobacter	80.734	1199	221	9	44	1237	1194	1	0.0	926
NODE_12004_length_3371_cov_2.18878	gb_NC_000913.3_-_484425-485619_ARO:3004043_Escherichia	78.884	1165	238	8	77	1237	1161	1	0.0	782
NODE_12469_length_3265_cov_14.1782	gb_Z11877.1_+_485-818_ARO:3004039_Escherichia	92.192	333	26	0	2530	2862	333	1	5.45e-133	472
NODE_14312_length_2881_cov_135.364	gb_M37699_+_585-1752_ARO:3000205_tetX	99.914	1167	1	0	1072	2238	1167	1	0.0	2150
NODE_14312_length_2881_cov_135.364	gb_M17124_+_1181-1982_ARO:3000498_ErmF	99.625	801	3	0	59	859	1	801	0.0	1463
NODE_14312_length_2881_cov_135.364	gb_AF319779.2_+_32-833_ARO:3000604_Erm(35)	78.518	796	167	3	59	852	1	794	1.69e-147	520
NODE_14971_length_2761_cov_2.96674	gb_FJ768952_+_0-1488_ARO:3000237_tolC	80.755	530	98	4	2234	2761	1	528	1.02e-114	411
NODE_15094_length_2739_cov_46.2992	gb_EU434751_+_658-2578_ARO:3000194_tetW	99.948	1920	1	0	75	1994	1	1920	0.0	3541
NODE_15094_length_2739_cov_46.2992	gb_KU736867.1_+_19653-21573_ARO:3004442_tet(W/N/W)	96.077	1912	73	2	75	1985	1	1911	0.0	3114
NODE_15579_length_2664_cov_7.54657	gb_AF235050.4_+_38028-40140_ARO:3003318_Streptomyces	77.246	167	36	2	1504	1669	256	421	3.12e-20	97.1
NODE_15586_length_2663_cov_2.7339	gb_U00096_+_2812615-2814154_ARO:3000074_emrB	84.491	1541	235	4	260	1798	1	1539	0.0	1519
NODE_15918_length_2611_cov_43.6311	gb_U00096_-_2098446-2099613_ARO:3003577_ugd	98.799	1082	13	0	1	1082	1082	1	0.0	1927
NODE_16373_length_2546_cov_6.62987	gb_AF242872_+_2131-2878_ARO:3000375_ErmB	98.387	62	0	1	1	61	686	747	1.38e-23	108
NODE_17701_length_2377_cov_1.92377	gb_AJ011502.1_+_300-1425_ARO:3004122_Klebsiella	75.515	388	75	12	1750	2121	1044	661	4.49e-43	172
NODE_17954_length_2348_cov_2.54863	gb_HQ652506.1_+_373-2098_ARO:3004032_tetA(46)	95.287	1549	73	0	800	2348	1	1549	0.0	2457
NODE_18651_length_2266_cov_14.2433	gb_Z21523_+_0-1974_ARO:3000191_tetQ	89.666	1974	192	3	178	2139	1	1974	0.0	2505
NODE_20187_length_2108_cov_577.981	gb_Z21523_+_0-1974_ARO:3000191_tetQ	97.684	1943	45	0	1	1943	32	1974	0.0	3339
NODE_20390_length_2091_cov_9.25933	gb_Z21523_+_0-1974_ARO:3000191_tetQ	100.000	54	0	0	1	54	1908	1961	1.89e-21	100
NODE_20572_length_2070_cov_3.69826	gb_KU736867.1_+_19653-21573_ARO:3004442_tet(W/N/W)	95.985	1071	43	0	999	2069	1920	850	0.0	1740
NODE_20572_length_2070_cov_3.69826	gb_EU434751_+_658-2578_ARO:3000194_tetW	91.165	1064	92	2	1008	2070	1911	849	0.0	1443
NODE_20767_length_2054_cov_1.6093	gb_X98101_+_73-934_ARO:3001070_SHV-11	99.836	609	1	0	1446	2054	861	253	0.0	1120
NODE_20767_length_2054_cov_1.6093	gb_AF299299_+_0-861_ARO:3001086_SHV-28	99.672	609	2	0	1446	2054	861	253	0.0	1114
NODE_20767_length_2054_cov_1.6093	gb_KJ776406_+_16-877_ARO:3001340_SHV-119	99.672	609	2	0	1446	2054	861	253	0.0	1114
NODE_20767_length_2054_cov_1.6093	gb_KF513178_+_0-861_ARO:3001357_SHV-173	99.672	609	2	0	1446	2054	861	253	0.0	1114
NODE_20767_length_2054_cov_1.6093	gb_JX121125_+_0-858_ARO:3001197_SHV-158	99.835	606	1	0	1449	2054	858	253	0.0	1114
NODE_20767_length_2054_cov_1.6093	gb_AM176549_+_30-891_ARO:3001128_SHV-74	99.672	609	2	0	1446	2054	861	253	0.0	1114
NODE_20767_length_2054_cov_1.6093	gb_AF208796_+_0-861_ARO:3001083_SHV-25	99.672	609	2	0	1446	2054	861	253	0.0	1114
NODE_20767_length_2054_cov_1.6093	gb_AF226622_+_54-915_ARO:3001073_SHV-14	99.672	609	2	0	1446	2054	861	253	0.0	1114
NODE_20767_length_2054_cov_1.6093	gb_AM176550_+_30-891_ARO:3001129_SHV-75	99.672	609	2	0	1446	2054	861	253	0.0	1114
NODE_20767_length_2054_cov_1.6093	gb_KM233164_+_0-861_ARO:3003152_SHV-185	99.672	609	2	0	1446	2054	861	253	0.0	1114
NODE_20767_length_2054_cov_1.6093	gb_JX121123_+_0-861_ARO:3001195_SHV-156	99.672	609	2	0	1446	2054	861	253	0.0	1114
NODE_20767_length_2054_cov_1.6093	gb_DQ174307_+_4-865_ARO:3001122_SHV-67	99.672	609	2	0	1446	2054	861	253	0.0	1114
NODE_20767_length_2054_cov_1.6093	gb_HQ661362_+_71-932_ARO:3001168_SHV-121	99.672	609	2	0	1446	2054	861	253	0.0	1114
NODE_20767_length_2054_cov_1.6093	gb_KP050489_+_0-861_ARO:3001364_SHV-182	99.672	609	2	0	1446	2054	861	253	0.0	1114
NODE_20767_length_2054_cov_1.6093	gb_AF535130_+_0-861_ARO:3001100_SHV-42	99.672	609	2	0	1446	2054	861	253	0.0	1114
NODE_20767_length_2054_cov_1.6093	gb_KF705208_+_0-861_ARO:3001362_SHV-179	99.507	609	3	0	1446	2054	861	253	0.0	1109
NODE_20767_length_2054_cov_1.6093	gb_AF293345_+_0-861_ARO:3001085_SHV-27	99.507	609	3	0	1446	2054	861	253	0.0	1109
NODE_20767_length_2054_cov_1.6093	gb_JX121126_+_0-858_ARO:3001198_SHV-159	99.670	606	2	0	1449	2054	858	253	0.0	1109
NODE_20767_length_2054_cov_1.6093	gb_DQ013287_+_0-861_ARO:3001124_SHV-70	99.507	609	3	0	1446	2054	861	253	0.0	1109
NODE_20767_length_2054_cov_1.6093	gb_LN515533_+_0-867_ARO:3003154_SHV-187	99.507	609	3	0	1446	2054	867	259	0.0	1109
NODE_20767_length_2054_cov_1.6093	gb_DQ322460_+_15-876_ARO:3001139_SHV-85	99.507	609	3	0	1446	2054	861	253	0.0	1109
NODE_20767_length_2054_cov_1.6093	gb_AM941848_+_0-861_ARO:3001156_SHV-107	99.507	609	3	0	1446	2054	861	253	0.0	1109
NODE_20767_length_2054_cov_1.6093	gb_AM941845_+_0-861_ARO:3001337_SHV-99	99.507	609	3	0	1446	2054	861	253	0.0	1109
NODE_20767_length_2054_cov_1.6093	gb_AF164577_+_0-861_ARO:3001072_SHV-13	99.507	609	3	0	1446	2054	861	253	0.0	1109
NODE_20767_length_2054_cov_1.6093	gb_AY277255_+_66-927_ARO:3001089_SHV-31	99.507	609	3	0	1446	2054	861	253	0.0	1109
NODE_20767_length_2054_cov_1.6093	gb_FJ668814_+_76-937_ARO:3001059_SHV-1	99.507	609	3	0	1446	2054	861	253	0.0	1109
NODE_20767_length_2054_cov_1.6093	gb_AM176552_+_30-891_ARO:3001131_SHV-77	99.507	609	3	0	1446	2054	861	253	0.0	1109
NODE_20767_length_2054_cov_1.6093	gb_JX121128_+_0-861_ARO:3001200_SHV-161	99.507	609	3	0	1446	2054	861	253	0.0	1109
NODE_20767_length_2054_cov_1.6093	gb_AM941846_+_0-900_ARO:3001338_SHV-100	99.507	609	3	0	1446	2054	900	292	0.0	1109
NODE_20767_length_2054_cov_1.6093	gb_AM176558_+_0-861_ARO:3001137_SHV-83	99.507	609	3	0	1446	2054	861	253	0.0	1109
NODE_20767_length_2054_cov_1.6093	gb_DQ174308_+_4-865_ARO:3001123_SHV-69	99.507	609	3	0	1446	2054	861	253	0.0	1109
NODE_20767_length_2054_cov_1.6093	gb_AM176553_+_30-891_ARO:3001132_SHV-78	99.507	609	3	0	1446	2054	861	253	0.0	1109
NODE_20767_length_2054_cov_1.6093	gb_HQ661363_+_71-932_ARO:3001181_SHV-137	99.507	609	3	0	1446	2054	861	253	0.0	1109
NODE_20767_length_2054_cov_1.6093	gb_AJ866284_+_0-861_ARO:3001116_SHV-61	99.507	609	3	0	1446	2054	861	253	0.0	1109
NODE_20767_length_2054_cov_1.6093	gb_AY070258_+_0-861_ARO:3001093_SHV-35	99.507	608	3	0	1446	2053	861	254	0.0	1107
NODE_20767_length_2054_cov_1.6093	gb_JX121122_+_0-858_ARO:3001194_SHV-155	99.669	604	2	0	1451	2054	856	253	0.0	1105
NODE_20767_length_2054_cov_1.6093	gb_JX013655_+_0-861_ARO:3001185_SHV-145	99.343	609	4	0	1446	2054	861	253	0.0	1103
NODE_20767_length_2054_cov_1.6093	gb_JQ926986_+_0-861_ARO:3001345_SHV-144	99.343	609	4	0	1446	2054	861	253	0.0	1103
NODE_20767_length_2054_cov_1.6093	gb_AY259119_+_116-977_ARO:3001102_SHV-44	99.343	609	4	0	1446	2054	861	253	0.0	1103
NODE_20767_length_2054_cov_1.6093	gb_KP050494_+_0-861_ARO:3003156_SHV-189	99.343	609	4	0	1446	2054	861	253	0.0	1103
NODE_20767_length_2054_cov_1.6093	gb_AM941844_+_0-861_ARO:3001336_SHV-98	99.343	609	4	0	1446	2054	861	253	0.0	1103
NODE_20767_length_2054_cov_1.6093	gb_JX121127_+_0-861_ARO:3001199_SHV-160	99.343	609	4	0	1446	2054	861	253	0.0	1103
NODE_20767_length_2054_cov_1.6093	gb_AB372881_+_8-869_ARO:3001160_SHV-111	99.343	609	4	0	1446	2054	861	253	0.0	1103
NODE_20767_length_2054_cov_1.6093	gb_AF535128_+_0-861_ARO:3001098_SHV-40	99.343	609	4	0	1446	2054	861	253	0.0	1103
NODE_20767_length_2054_cov_1.6093	gb_EF373972_+_0-861_ARO:3001147_SHV-95	99.343	609	4	0	1446	2054	861	253	0.0	1103
NODE_20767_length_2054_cov_1.6093	gb_HQ877615_+_0-861_ARO:3001159_SHV-110	99.343	609	4	0	1446	2054	861	253	0.0	1103
NODE_20767_length_2054_cov_1.6093	gb_JN051143_+_0-861_ARO:3001182_SHV-140	99.343	609	4	0	1446	2054	861	253	0.0	1103
NODE_20767_length_2054_cov_1.6093	gb_EU274581_+_0-861_ARO:3001153_SHV-104	99.343	609	4	0	1446	2054	861	253	0.0	1103
NODE_20767_length_2054_cov_1.6093	gb_JQ341060.1_-_881-1742_ARO:3001344_SHV-143	99.343	609	4	0	1446	2054	861	253	0.0	1103
NODE_20767_length_2054_cov_1.6093	gb_AY289548_+_0-861_ARO:3001108_SHV-51	99.343	609	4	0	1446	2054	861	253	0.0	1103
NODE_20767_length_2054_cov_1.6093	gb_HQ637576_+_0-861_ARO:3001179_SHV-135	99.343	609	4	0	1446	2054	861	253	0.0	1103
NODE_20767_length_2054_cov_1.6093	gb_AF227204_+_73-934_ARO:3001084_SHV-26	99.343	609	4	0	1446	2054	861	253	0.0	1103
NODE_20767_length_2054_cov_1.6093	gb_AB302939_+_8-869_ARO:3001115_SHV-60	99.343	609	4	0	1446	2054	861	253	0.0	1103
NODE_20767_length_2054_cov_1.6093	gb_EF373970_+_0-861_ARO:3001146_SHV-94	99.343	609	4	0	1446	2054	861	253	0.0	1103
NODE_20767_length_2054_cov_1.6093	gb_DQ174305_+_4-865_ARO:3001120_SHV-65	99.343	609	4	0	1446	2054	861	253	0.0	1103
NODE_20767_length_2054_cov_1.6093	gb_AY036620_+_88-949_ARO:3001092_SHV-34	99.343	609	4	0	1446	2054	861	253	0.0	1103
NODE_20767_length_2054_cov_1.6093	gb_AM176556_+_25-886_ARO:3001135_SHV-81	99.343	609	4	0	1446	2054	861	253	0.0	1103
NODE_20767_length_2054_cov_1.6093	gb_JX870080_+_0-861_ARO:3001352_SHV-168	99.343	609	4	0	1446	2054	861	253	0.0	1103
NODE_20767_length_2054_cov_1.6093	gb_AY790341_+_0-861_ARO:3001114_SHV-59	99.343	609	4	0	1446	2054	861	253	0.0	1103
NODE_20767_length_2054_cov_1.6093	gb_DQ174306_+_4-865_ARO:3001121_SHV-66	99.343	609	4	0	1446	2054	861	253	0.0	1103
NODE_20767_length_2054_cov_1.6093	gb_EF373969_+_0-861_ARO:3001145_SHV-93	99.343	609	4	0	1446	2054	861	253	0.0	1103
NODE_20767_length_2054_cov_1.6093	gb_EF373971_+_0-861_ARO:3001148_SHV-96	99.343	609	4	0	1446	2054	861	253	0.0	1103
NODE_20767_length_2054_cov_1.6093	gb_AM941847_+_0-861_ARO:3001155_SHV-106	99.343	609	4	0	1446	2054	861	253	0.0	1103
NODE_20767_length_2054_cov_1.6093	gb_JX268631_+_0-861_ARO:3001091_SHV-33	99.343	609	4	0	1446	2054	861	253	0.0	1103
NODE_20767_length_2054_cov_1.6093	gb_JX121124_+_0-861_ARO:3001196_SHV-157	99.343	609	4	0	1446	2054	861	253	0.0	1103
NODE_20767_length_2054_cov_1.6093	gb_JQ388884_+_0-861_ARO:3001183_SHV-141	99.343	609	4	0	1446	2054	861	253	0.0	1103
NODE_20767_length_2054_cov_1.6093	gb_KF513177_+_0-861_ARO:3001356_SHV-172	99.343	609	4	0	1446	2054	861	253	0.0	1103
NODE_20767_length_2054_cov_1.6093	gb_EF373973_+_0-861_ARO:3001149_SHV-97	99.343	609	4	0	1446	2054	861	253	0.0	1103
NODE_20767_length_2054_cov_1.6093	gb_JQ029959_+_28-889_ARO:3001184_SHV-142	99.343	609	4	0	1446	2054	861	253	0.0	1103
NODE_20767_length_2054_cov_1.6093	gb_AY661885_+_48-909_ARO:3001088_SHV-30	99.343	609	4	0	1446	2054	861	253	0.0	1103
NODE_20767_length_2054_cov_1.6093	gb_AM176557_+_0-861_ARO:3001136_SHV-82	99.343	609	4	0	1446	2054	861	253	0.0	1103
NODE_20767_length_2054_cov_1.6093	gb_AY079099_+_148-1009_ARO:3001096_SHV-38	99.343	609	4	0	1446	2054	861	253	0.0	1103
NODE_20767_length_2054_cov_1.6093	gb_AY528718_+_413-1274_ARO:3001106_SHV-49	99.343	609	4	0	1446	2054	861	253	0.0	1103
NODE_20767_length_2054_cov_1.6093	gb_AF467947_+_0-861_ARO:3001094_SHV-36	99.343	609	4	0	1446	2054	861	253	0.0	1103
NODE_20767_length_2054_cov_1.6093	gb_AY037778_+_91-952_ARO:3001090_SHV-32	99.343	609	4	0	1446	2054	861	253	0.0	1103
NODE_20767_length_2054_cov_1.6093	gb_KP050487.1_+_0-861_ARO:3001350_SHV-180	99.343	609	4	0	1446	2054	861	253	0.0	1103
NODE_20767_length_2054_cov_1.6093	gb_HE981194_+_0-861_ARO:3001347_SHV-164	99.343	609	4	0	1446	2054	861	253	0.0	1103
NODE_20767_length_2054_cov_1.6093	gb_JX121119_+_0-858_ARO:3001191_SHV-152	99.505	606	3	0	1449	2054	858	253	0.0	1103
NODE_20767_length_2054_cov_1.6093	gb_EU155018_+_0-861_ARO:3001150_SHV-101	99.343	609	4	0	1446	2054	861	253	0.0	1103
NODE_20767_length_2054_cov_1.6093	gb_DQ193536_+_0-861_ARO:3001141_SHV-89	99.343	609	4	0	1446	2054	861	253	0.0	1103
NODE_20767_length_2054_cov_1.6093	gb_EU586041_+_0-861_ARO:3001112_SHV-56	99.343	609	4	0	1446	2054	861	253	0.0	1103
NODE_20767_length_2054_cov_1.6093	gb_AM176554_+_30-891_ARO:3001133_SHV-79	99.343	609	4	0	1446	2054	861	253	0.0	1103
NODE_20767_length_2054_cov_1.6093	gb_AJ011428_+_0-861_ARO:3001074_SHV-15	99.342	608	4	0	1446	2053	861	254	0.0	1101
NODE_20767_length_2054_cov_1.6093	gb_JX121115_+_0-858_ARO:3001187_SHV-148	99.503	604	3	0	1451	2054	856	253	0.0	1099
NODE_20767_length_2054_cov_1.6093	gb_KF705209_+_0-861_ARO:3001361_SHV-178	99.179	609	5	0	1446	2054	861	253	0.0	1098
NODE_20767_length_2054_cov_1.6093	gb_U20270_+_124-985_ARO:3001066_SHV-7	99.179	609	5	0	1446	2054	861	253	0.0	1098
NODE_20767_length_2054_cov_1.6093	gb_AY288915_+_0-861_ARO:3001107_SHV-50	99.179	609	5	0	1446	2054	861	253	0.0	1098
NODE_20767_length_2054_cov_1.6093	gb_AF301532_+_7-868_ARO:3001087_SHV-29	99.179	609	5	0	1446	2054	861	253	0.0	1098
NODE_20767_length_2054_cov_1.6093	gb_JF812965_+_0-861_ARO:3001167_SHV-120	99.179	609	5	0	1446	2054	861	253	0.0	1098
NODE_20767_length_2054_cov_1.6093	gb_JX121118_+_0-858_ARO:3001190_SHV-151	99.340	606	4	0	1449	2054	858	253	0.0	1098
NODE_20767_length_2054_cov_1.6093	gb_AM176548_+_16-874_ARO:3001127_SHV-73	99.179	609	5	0	1446	2054	858	250	0.0	1098
NODE_20767_length_2054_cov_1.6093	gb_JX121121_+_0-858_ARO:3001193_SHV-154	99.340	606	4	0	1449	2054	858	253	0.0	1098
NODE_20767_length_2054_cov_1.6093	gb_DQ328802_+_0-861_ARO:3001140_SHV-86	99.179	609	5	0	1446	2054	861	253	0.0	1098
NODE_20767_length_2054_cov_1.6093	gb_X98102_+_73-934_ARO:3001061_SHV-2A	99.179	609	5	0	1446	2054	861	253	0.0	1098
NODE_20767_length_2054_cov_1.6093	gb_AM176555_+_0-861_ARO:3001134_SHV-80	99.179	609	5	0	1446	2054	861	253	0.0	1098
NODE_20767_length_2054_cov_1.6093	gb_JX121114_+_0-858_ARO:3001186_SHV-147	99.340	606	4	0	1449	2054	858	253	0.0	1098
NODE_20767_length_2054_cov_1.6093	gb_JX121116_+_0-858_ARO:3001188_SHV-149	99.340	606	4	0	1449	2054	858	253	0.0	1098
NODE_20767_length_2054_cov_1.6093	gb_AJ863560_+_0-861_ARO:3001111_SHV-55	99.179	609	5	0	1446	2054	861	253	0.0	1098
NODE_20767_length_2054_cov_1.6093	gb_EU418913_+_16-877_ARO:3001158_SHV-109	99.179	609	5	0	1446	2054	861	253	0.0	1098
NODE_20767_length_2054_cov_1.6093	gb_AM176546_+_0-861_ARO:3001125_SHV-71	99.179	609	5	0	1446	2054	861	253	0.0	1098
NODE_20767_length_2054_cov_1.6093	gb_EU032604_+_0-861_ARO:3001152_SHV-103	99.179	609	5	0	1446	2054	861	253	0.0	1098
NODE_20767_length_2054_cov_1.6093	gb_AF148851_+_5-866_ARO:3001060_SHV-2	99.179	609	5	0	1446	2054	861	253	0.0	1098
NODE_20767_length_2054_cov_1.6093	gb_AM176551_+_30-891_ARO:3001130_SHV-76	99.179	609	5	0	1446	2054	861	253	0.0	1098
NODE_20767_length_2054_cov_1.6093	gb_HM559945_+_0-861_ARO:3001178_SHV-134	99.179	609	5	0	1446	2054	861	253	0.0	1098
NODE_20767_length_2054_cov_1.6093	gb_KM233165_+_0-861_ARO:3003153_SHV-186	99.179	609	5	0	1446	2054	861	253	0.0	1098
NODE_20767_length_2054_cov_1.6093	gb_AY223863_+_170-1031_ARO:3001113_SHV-57	99.179	609	5	0	1446	2054	861	253	0.0	1098
NODE_20767_length_2054_cov_1.6093	gb_AM176547_+_30-891_ARO:3001126_SHV-72	99.179	609	5	0	1446	2054	861	253	0.0	1098
NODE_20767_length_2054_cov_1.6093	gb_AJ866285_+_0-861_ARO:3001117_SHV-62	99.179	609	5	0	1446	2054	861	253	0.0	1098
NODE_20767_length_2054_cov_1.6093	gb_AF467948_+_0-861_ARO:3001095_SHV-37	99.179	609	5	0	1446	2054	861	253	0.0	1098
NODE_20767_length_2054_cov_1.6093	gb_HM751100_+_0-861_ARO:3001157_SHV-108	99.179	609	5	0	1446	2054	861	253	0.0	1098
NODE_20767_length_2054_cov_1.6093	gb_AB551737_+_14-875_ARO:3001177_SHV-133	99.179	609	5	0	1446	2054	861	253	0.0	1098
NODE_20767_length_2054_cov_1.6093	gb_U92041_+_0-861_ARO:3001067_SHV-8	99.179	609	5	0	1446	2054	861	253	0.0	1098
NODE_20767_length_2054_cov_1.6093	gb_DQ174304_+_4-865_ARO:3001119_SHV-64	99.179	609	5	0	1446	2054	861	253	0.0	1098
NODE_20767_length_2054_cov_1.6093	gb_AF132290_+_87-948_ARO:3001076_SHV-18	99.179	609	5	0	1446	2054	861	253	0.0	1098
NODE_20767_length_2054_cov_1.6093	gb_AB023477_+_0-861_ARO:3001082_SHV-24	99.179	609	5	0	1446	2054	861	253	0.0	1098
NODE_20767_length_2054_cov_1.6093	gb_JX121130_+_0-858_ARO:3001202_SHV-163	99.338	604	4	0	1451	2054	856	253	0.0	1094
NODE_20767_length_2054_cov_1.6093	gb_NG_050068_+_100-961_ARO:3001062_SHV-3	99.015	609	6	0	1446	2054	861	253	0.0	1092
NODE_20767_length_2054_cov_1.6093	gb_X55640_+_111-972_ARO:3001064_SHV-5	99.015	609	6	0	1446	2054	861	253	0.0	1092
NODE_20767_length_2054_cov_1.6093	gb_AF547625_+_0-861_ARO:3001103_SHV-45	99.015	609	6	0	1446	2054	861	253	0.0	1092
NODE_20767_length_2054_cov_1.6093	gb_AY263404_+_0-861_ARO:3001105_SHV-48	99.015	609	6	0	1446	2054	861	253	0.0	1092
NODE_20767_length_2054_cov_1.6093	gb_EU342351_+_172-1033_ARO:3001118_SHV-63	99.015	609	6	0	1446	2054	861	253	0.0	1092
NODE_20767_length_2054_cov_1.6093	gb_JX121117_+_0-858_ARO:3001189_SHV-150	99.175	606	5	0	1449	2054	858	253	0.0	1092
NODE_20767_length_2054_cov_1.6093	gb_AY065991_+_6-867_ARO:3001101_SHV-43	99.015	609	6	0	1446	2054	861	253	0.0	1092
NODE_20767_length_2054_cov_1.6093	gb_EU024485_+_0-861_ARO:3001151_SHV-102	99.015	609	6	0	1446	2054	861	253	0.0	1092
NODE_20767_length_2054_cov_1.6093	gb_JX121129_+_0-858_ARO:3001201_SHV-162	99.175	606	5	0	1449	2054	858	253	0.0	1092
NODE_20767_length_2054_cov_1.6093	gb_DQ836922_+_0-861_ARO:3001144_SHV-92	99.015	609	6	0	1446	2054	861	253	0.0	1092
NODE_20767_length_2054_cov_1.6093	gb_FJ194944_+_46-907_ARO:3001154_SHV-105	99.015	609	6	0	1446	2054	861	253	0.0	1092
NODE_20767_length_2054_cov_1.6093	gb_AF535129_+_0-861_ARO:3001099_SHV-41	99.015	609	6	0	1446	2054	861	253	0.0	1092
NODE_20767_length_2054_cov_1.6093	gb_HQ845196_+_0-861_ARO:3001109_SHV-52	99.015	609	6	0	1446	2054	861	253	0.0	1092
NODE_20767_length_2054_cov_1.6093	gb_HG934764_+_0-864_ARO:3001351_SHV-183	98.856	612	4	1	1446	2054	864	253	0.0	1088
NODE_20767_length_2054_cov_1.6093	gb_HM751103.1_+_0-864_ARO:3001169_SHV-122	98.856	612	4	3	1446	2054	864	253	0.0	1088
NODE_20767_length_2054_cov_1.6093	gb_JX121131_+_0-858_ARO:3001203_SHV-165	99.010	606	6	0	1449	2054	858	253	0.0	1086
NODE_20767_length_2054_cov_1.6093	gb_GU827715_+_0-861_ARO:3001176_SHV-129	98.851	609	7	0	1446	2054	861	253	0.0	1086
NODE_20767_length_2054_cov_1.6093	gb_JX121120_+_0-858_ARO:3001192_SHV-153	99.010	606	6	0	1449	2054	858	253	0.0	1086
NODE_20767_length_2054_cov_1.6093	gb_AY210887_+_111-972_ARO:3001104_SHV-46	98.686	609	8	0	1446	2054	861	253	0.0	1081
NODE_20767_length_2054_cov_1.6093	gb_LN515534_+_0-873_ARO:3003155_SHV-188	98.537	615	3	1	1446	2054	873	259	0.0	1081
NODE_20767_length_2054_cov_1.6093	gb_GU932590_+_0-861_ARO:3001175_SHV-128	98.522	609	9	0	1446	2054	861	253	0.0	1075
NODE_20767_length_2054_cov_1.6093	gb_AB733453_+_3-849_ARO:3001204_SHV-167	99.158	594	5	0	1461	2054	846	253	0.0	1070
NODE_20767_length_2054_cov_1.6093	gb_S82452_+_120-978_ARO:3001068_SHV-9	98.030	609	12	0	1446	2054	858	250	0.0	1059
NODE_20767_length_2054_cov_1.6093	gb_AJ920369_+_23-860_ARO:3001071_SHV-12	99.316	585	4	0	1470	2054	837	253	0.0	1059
NODE_20767_length_2054_cov_1.6093	gb_AM087453_+_25-856_ARO:3001138_SHV-84	98.964	579	6	0	1476	2054	831	253	0.0	1037
NODE_20767_length_2054_cov_1.6093	gb_AF072684_+_117-993_ARO:3001075_SHV-16	96.640	625	4	3	1446	2054	876	253	0.0	1022
NODE_20767_length_2054_cov_1.6093	gb_GQ390807_+_0-813_ARO:3001172_SHV-125	99.287	561	4	0	1494	2054	813	253	0.0	1014
NODE_20767_length_2054_cov_1.6093	gb_GQ390809_+_0-813_ARO:3001174_SHV-127	98.930	561	6	0	1494	2054	813	253	0.0	1003
NODE_20767_length_2054_cov_1.6093	gb_AF117743_+_0-780_ARO:3001077_SHV-19	99.104	558	5	0	1497	2054	780	223	0.0	1003
NODE_20767_length_2054_cov_1.6093	gb_GQ390806_+_0-813_ARO:3001171_SHV-124	98.930	561	6	0	1494	2054	813	253	0.0	1003
NODE_20767_length_2054_cov_1.6093	gb_Y11069_+_0-780_ARO:3001065_SHV-6	99.104	558	5	0	1497	2054	780	223	0.0	1003
NODE_20767_length_2054_cov_1.6093	gb_GQ390808_+_0-813_ARO:3001173_SHV-126	98.752	561	7	0	1494	2054	813	253	0.0	998
NODE_20767_length_2054_cov_1.6093	gb_AF117744_+_0-780_ARO:3001078_SHV-20	98.925	558	6	0	1497	2054	780	223	0.0	998
NODE_20767_length_2054_cov_1.6093	gb_AF117746_+_0-780_ARO:3001080_SHV-22	98.746	558	7	0	1497	2054	780	223	0.0	992
NODE_20767_length_2054_cov_1.6093	gb_AF117745_+_0-780_ARO:3001079_SHV-21	98.746	558	7	0	1497	2054	780	223	0.0	992
NODE_20767_length_2054_cov_1.6093	gb_AF117747_+_0-780_ARO:3001081_SHV-23	98.566	558	8	0	1497	2054	780	223	0.0	987
NODE_20767_length_2054_cov_1.6093	gb_GQ390805_+_0-813_ARO:3001170_SHV-123	98.396	561	9	0	1494	2054	813	253	0.0	987
NODE_20767_length_2054_cov_1.6093	gb_AY590467_+_0-729_ARO:3001110_SHV-53	99.195	497	4	0	1558	2054	729	233	0.0	896
NODE_20767_length_2054_cov_1.6093	gb_AM850912_+_0-861_ARO:3002469_LEN-22	90.984	610	53	2	1446	2054	861	253	0.0	821
NODE_20767_length_2054_cov_1.6093	gb_AM850909_+_0-861_ARO:3002466_LEN-19	90.984	610	53	2	1446	2054	861	253	0.0	821
NODE_20767_length_2054_cov_1.6093	gb_AY037780_+_88-949_ARO:3002455_LEN-2	90.984	610	53	2	1446	2054	861	253	0.0	821
NODE_20767_length_2054_cov_1.6093	gb_AM850911_+_0-861_ARO:3002468_LEN-21	91.568	593	48	2	1446	2037	861	270	0.0	817
NODE_20767_length_2054_cov_1.6093	gb_AM850914_+_30-891_ARO:3002471_LEN-24	90.820	610	54	2	1446	2054	861	253	0.0	815
NODE_20767_length_2054_cov_1.6093	gb_AM850908_+_0-861_ARO:3002465_LEN-18	90.820	610	54	2	1446	2054	861	253	0.0	815
NODE_20767_length_2054_cov_1.6093	gb_AY633109_+_0-861_ARO:3002456_LEN-5	90.820	610	54	2	1446	2054	861	253	0.0	815
NODE_20767_length_2054_cov_1.6093	gb_AY743416_+_67-928_ARO:3002464_LEN-16	90.820	610	54	2	1446	2054	861	253	0.0	815
NODE_20767_length_2054_cov_1.6093	gb_AM850910_+_0-861_ARO:3002467_LEN-20	90.820	610	54	2	1446	2054	861	253	0.0	815
NODE_20767_length_2054_cov_1.6093	gb_NG_050780.1_+_100-961_ARO:3002459_LEN-9	90.820	610	54	2	1446	2054	861	253	0.0	815
NODE_20767_length_2054_cov_1.6093	gb_AM850913_+_0-861_ARO:3002470_LEN-23	90.656	610	55	2	1446	2054	861	253	0.0	809
NODE_20767_length_2054_cov_1.6093	gb_NG_049281_+_0-861_ARO:3002474_LEN-26	90.492	610	56	2	1446	2054	861	253	0.0	804
NODE_20767_length_2054_cov_1.6093	gb_AY130287_+_0-822_ARO:3002472_LEN-4	90.863	591	52	2	1465	2054	822	233	0.0	791
NODE_20767_length_2054_cov_1.6093	gb_AY130286_+_0-822_ARO:3002475_LEN-3	90.863	591	52	2	1465	2054	822	233	0.0	791
NODE_20767_length_2054_cov_1.6093	gb_AF452105_+_0-840_ARO:3002478_LEN-15	90.508	590	53	3	1466	2054	840	253	0.0	776
NODE_20767_length_2054_cov_1.6093	gb_X04515_+_285-1125_ARO:3002454_LEN-1	90.339	590	54	3	1466	2054	840	253	0.0	771
NODE_20767_length_2054_cov_1.6093	gb_AM850915_+_19-880_ARO:3002428_OKP-A-11	89.344	610	63	2	1446	2054	861	253	0.0	765
NODE_20767_length_2054_cov_1.6093	gb_AJ635417_+_0-789_ARO:3002461_LEN-11	90.592	574	52	2	1482	2054	789	217	0.0	760
NODE_20767_length_2054_cov_1.6093	gb_AJ635406_+_0-789_ARO:3002462_LEN-12	90.592	574	52	2	1482	2054	789	217	0.0	760
NODE_20767_length_2054_cov_1.6093	gb_FJ755840_+_0-861_ARO:3002433_OKP-A-16	89.016	610	65	2	1446	2054	861	253	0.0	754
NODE_20767_length_2054_cov_1.6093	gb_AJ635425_+_0-789_ARO:3002457_LEN-7	90.244	574	54	2	1482	2054	789	217	0.0	749
NODE_20767_length_2054_cov_1.6093	gb_AM850919_+_24-885_ARO:3002450_OKP-B-17	88.834	609	68	0	1446	2054	861	253	0.0	749
NODE_20767_length_2054_cov_1.6093	gb_FJ534513_+_0-861_ARO:3002430_OKP-A-13	88.834	609	68	0	1446	2054	861	253	0.0	749
NODE_20767_length_2054_cov_1.6093	gb_AJ635403_+_0-789_ARO:3002463_LEN-13	90.244	574	54	2	1482	2054	789	217	0.0	749
NODE_20767_length_2054_cov_1.6093	gb_AJ635419_+_0-789_ARO:3002460_LEN-10	90.244	574	54	2	1482	2054	789	217	0.0	749
NODE_20767_length_2054_cov_1.6093	gb_AM850916_+_18-879_ARO:3002429_OKP-A-12	88.852	610	66	2	1446	2054	861	253	0.0	749
NODE_20767_length_2054_cov_1.6093	gb_FJ755841_+_0-846_ARO:3002432_OKP-A-15	88.834	609	68	0	1446	2054	846	238	0.0	749
NODE_20767_length_2054_cov_1.6093	gb_AM051147_+_0-861_ARO:3002425_OKP-A-8	88.816	608	68	0	1447	2054	860	253	0.0	747
NODE_20767_length_2054_cov_1.6093	gb_AM850918_+_24-885_ARO:3002438_OKP-B-5	88.670	609	69	0	1446	2054	861	253	0.0	743
NODE_20767_length_2054_cov_1.6093	gb_AJ635424_+_0-789_ARO:3002458_LEN-8	90.070	574	55	2	1482	2054	789	217	0.0	743
NODE_20767_length_2054_cov_1.6093	gb_AM051143_+_0-861_ARO:3002422_OKP-A-5	88.670	609	67	2	1447	2054	860	253	0.0	741
NODE_20767_length_2054_cov_1.6093	gb_AM051153_+_0-861_ARO:3002437_OKP-B-4	88.651	608	69	0	1447	2054	860	253	0.0	741
NODE_20767_length_2054_cov_1.6093	gb_AM051149_+_0-861_ARO:3002427_OKP-A-10	88.670	609	67	2	1447	2054	860	253	0.0	741
NODE_20767_length_2054_cov_1.6093	gb_AM051142_+_0-861_ARO:3002421_OKP-A-4	88.651	608	69	0	1447	2054	860	253	0.0	741
NODE_20767_length_2054_cov_1.6093	gb_AJ635404_+_0-861_ARO:3002419_OKP-A-2	88.651	608	69	0	1447	2054	860	253	0.0	741
NODE_20767_length_2054_cov_1.6093	gb_AM051140_+_0-861_ARO:3002420_OKP-A-3	88.670	609	67	2	1447	2054	860	253	0.0	741
NODE_20767_length_2054_cov_1.6093	gb_AM051148_+_0-861_ARO:3002426_OKP-A-9	88.670	609	67	2	1447	2054	860	253	0.0	741
NODE_20767_length_2054_cov_1.6093	gb_AM850921_+_24-885_ARO:3002452_OKP-B-19	88.506	609	70	0	1446	2054	861	253	0.0	737
NODE_20767_length_2054_cov_1.6093	gb_FJ534512_+_0-861_ARO:3002431_OKP-A-14	88.506	609	70	0	1446	2054	861	253	0.0	737
NODE_20767_length_2054_cov_1.6093	gb_AM850917_+_17-878_ARO:3002439_OKP-B-6	88.506	609	70	0	1446	2054	861	253	0.0	737
NODE_20767_length_2054_cov_1.6093	gb_AJ635401_+_0-861_ARO:3002418_OKP-A-1	88.487	608	70	0	1447	2054	860	253	0.0	736
NODE_20767_length_2054_cov_1.6093	gb_AJ635402_+_0-861_ARO:3002434_OKP-B-1	88.487	608	70	0	1447	2054	860	253	0.0	736
NODE_20767_length_2054_cov_1.6093	gb_AM051157_+_0-861_ARO:3002441_OKP-B-8	88.487	608	70	0	1447	2054	860	253	0.0	736
NODE_20767_length_2054_cov_1.6093	gb_AM051151_+_0-861_ARO:3002435_OKP-B-2	88.487	608	70	0	1447	2054	860	253	0.0	736
NODE_20767_length_2054_cov_1.6093	gb_AM051152_+_0-861_ARO:3002436_OKP-B-3	88.487	608	70	0	1447	2054	860	253	0.0	736
NODE_20767_length_2054_cov_1.6093	gb_AM850922_+_24-885_ARO:3002453_OKP-B-20	88.342	609	71	0	1446	2054	861	253	0.0	732
NODE_20767_length_2054_cov_1.6093	gb_AM051144_+_0-861_ARO:3002423_OKP-A-6	88.361	610	67	4	1447	2054	860	253	0.0	730
NODE_20767_length_2054_cov_1.6093	gb_AM051159_+_0-861_ARO:3002442_OKP-B-9	88.322	608	71	0	1447	2054	860	253	0.0	730
NODE_20767_length_2054_cov_1.6093	gb_AY825330_+_0-861_ARO:3002446_OKP-B-13	88.177	609	72	0	1446	2054	861	253	0.0	726
NODE_20767_length_2054_cov_1.6093	gb_AM051156_+_0-861_ARO:3002440_OKP-B-7	88.158	608	72	0	1447	2054	860	253	0.0	725
NODE_20767_length_2054_cov_1.6093	gb_AM051161_+_0-861_ARO:3002444_OKP-B-11	88.158	608	72	0	1447	2054	860	253	0.0	725
NODE_20767_length_2054_cov_1.6093	gb_AM051146_+_0-861_ARO:3002424_OKP-A-7	88.177	609	70	2	1447	2054	860	253	0.0	725
NODE_20767_length_2054_cov_1.6093	gb_AM850920_+_40-901_ARO:3002451_OKP-B-18	88.013	609	73	0	1446	2054	861	253	0.0	721
NODE_20767_length_2054_cov_1.6093	gb_AM051160_+_0-861_ARO:3002443_OKP-B-10	87.829	608	74	0	1447	2054	860	253	0.0	713
NODE_20767_length_2054_cov_1.6093	gb_AJ635420_+_0-789_ARO:3002445_OKP-B-12	87.979	574	67	2	1482	2054	789	217	0.0	676
NODE_20767_length_2054_cov_1.6093	gb_EU477409_+_0-308_ARO:3001161_SHV-112	99.029	309	3	0	1519	1827	309	1	3.30e-158	555
NODE_20767_length_2054_cov_1.6093	gb_AY150585_+_0-285_ARO:3001097_SHV-39	99.291	282	2	0	1524	1805	282	1	7.24e-145	510
NODE_20767_length_2054_cov_1.6093	gb_AY265890_+_0-472_ARO:3002476_LEN-6	91.667	240	20	0	1815	2054	471	232	1.68e-91	333
NODE_20767_length_2054_cov_1.6093	gb_AY265889_+_0-458_ARO:3002477_LEN-14	90.909	231	21	0	1824	2054	458	228	7.88e-85	311
NODE_21239_length_2009_cov_2.00665	gb_AJ011502.1_+_300-1425_ARO:3004122_Klebsiella	97.212	538	2	1	1	525	588	1125	0.0	898
NODE_21261_length_2006_cov_2.38032	gb_JQ394987_+_0-1233_ARO:3001328_Escherichia	78.370	319	65	4	4	320	317	1	1.34e-52	204
NODE_21679_length_1971_cov_2.07307	gb_U00096_+_3660413-3663527_ARO:3000796_mdtF	73.601	947	230	19	164	1100	2138	3074	2.07e-95	346
NODE_21679_length_1971_cov_2.07307	gb_AJ252200_+_1278-4401_ARO:3003056_smeE	70.539	482	126	16	399	872	2385	2858	3.85e-18	89.8
NODE_21679_length_1971_cov_2.07307	gb_NC_002516_+_2810008-2813197_ARO:3000804_MexF	94.444	36	2	0	837	872	2850	2885	3.91e-08	56.5
NODE_23488_length_1831_cov_2.875	gb_M57437_+_0-1647_ARO:3002827_tlrC	96.970	33	1	0	1185	1217	600	568	3.63e-08	56.5
NODE_24074_length_1786_cov_2.62623	gb_AB015853_+_1330-4471_ARO:3003033_mexY	79.907	214	41	2	1573	1785	1015	1227	3.40e-38	156
NODE_24074_length_1786_cov_2.62623	gb_NC_000913.3_-_481253-484403_ARO:3000216_acrB	77.165	254	56	2	1534	1786	979	1231	2.04e-35	147
NODE_24365_length_1766_cov_1.80129	gb_AJ252200_+_1278-4401_ARO:3003056_smeE	80.919	283	47	6	1	279	1217	1496	1.52e-56	217
NODE_24365_length_1766_cov_1.80129	gb_L11616_+_1569-4710_ARO:3000378_MexB	78.092	283	55	7	1	279	1217	1496	3.33e-43	172
NODE_24365_length_1766_cov_1.80129	gb_U57969_+_1485-4617_ARO:3000801_MexD	74.184	337	66	19	1	322	1223	1553	1.22e-27	121
NODE_24365_length_1766_cov_1.80129	gb_U00096_+_3660413-3663527_ARO:3000796_mdtF	74.157	267	63	6	1	264	1217	1480	3.43e-23	106
NODE_24365_length_1766_cov_1.80129	gb_NC_010378.1_+_47850-51003_ARO:3003923_oqxB	75.949	158	27	9	1	154	1226	1376	1.25e-12	71.3
NODE_24365_length_1766_cov_1.80129	gb_NC_002516_+_2810008-2813197_ARO:3000804_MexF	97.436	39	1	0	1	39	1226	1264	1.62e-11	67.6
NODE_26910_length_1609_cov_1.88031	gb_U00096_+_2158385-2161463_ARO:3000794_mdtC	82.719	1464	253	0	11	1474	1588	3051	0.0	1303
NODE_28150_length_1545_cov_2.05235	gb_U00096_-_2098446-2099613_ARO:3003577_ugd	79.286	140	23	3	1218	1354	860	724	2.33e-19	93.5
NODE_28415_length_1532_cov_281.583	gb_Z21523_+_0-1974_ARO:3000191_tetQ	98.837	86	1	0	1447	1532	1	86	1.05e-37	154
NODE_28714_length_1517_cov_60.7421	gb_NC_005024_+_42504-43944_ARO:3002597_AAC(6')-Ie-APH(2'')-Ia	100.000	881	0	0	637	1517	1	881	0.0	1628
NODE_28714_length_1517_cov_60.7421	gb_AY701528.1_+_9695-10589_ARO:3004191_APH(2'')-If	82.375	261	42	4	1240	1498	43	301	7.78e-59	224
NODE_28762_length_1514_cov_28.9931	gb_JN086160_-_1582-2407_ARO:3001777_OXA-347	100.000	825	0	0	191	1015	825	1	0.0	1524
NODE_28762_length_1514_cov_28.9931	gb_JF268688.1_-_5407-6232_ARO:3001809_OXA-209	83.924	734	106	12	191	918	825	98	0.0	691
NODE_28815_length_1511_cov_135.581	gb_Z21523_+_0-1974_ARO:3000191_tetQ	100.000	55	0	0	1	55	86	32	3.79e-22	102
NODE_30020_length_1451_cov_94.6762	gb_JQ740052_+_2108-3329_ARO:3000567_tet(40)	99.509	1221	6	0	164	1384	1221	1	0.0	2222
NODE_31001_length_1407_cov_2.65237	gb_X01702_+_484-1285_ARO:3002659_APH(6)-Ic	96.875	32	1	0	1133	1164	514	483	1.00e-07	54.7
NODE_31683_length_1379_cov_2.63671	gb_FN594949_+_25244-27167_ARO:3000556_tet44	83.932	473	76	0	76	548	473	1	8.27e-128	453
NODE_32135_length_1361_cov_2.64012	gb_AY055428.1_-_20268-21084_ARO:3000412_sul2	100.000	53	0	0	1309	1361	816	764	4.41e-21	99.0
NODE_36009_length_1222_cov_177.371	gb_M18896.2_+_206-2126_ARO:3000190_tetO	99.114	903	8	0	254	1156	1	903	0.0	1624
NODE_36009_length_1222_cov_177.371	gb_AJ295238.3_+_163-2083_ARO:3000196_tet32	91.414	396	34	0	254	649	1	396	4.22e-155	544
NODE_36009_length_1222_cov_177.371	gb_AJ295238.3_+_163-2083_ARO:3000196_tet32	92.308	117	8	1	1107	1222	853	969	3.84e-41	165
NODE_36296_length_1212_cov_4.43042	gb_AF242872_+_2131-2878_ARO:3000375_ErmB	97.561	41	1	0	1172	1212	232	192	8.54e-13	71.3
NODE_37842_length_1164_cov_1.12804	gb_AY768532_+_0-1935_ARO:3000535_macB	87.097	62	8	0	1	62	1640	1579	8.19e-13	71.3
NODE_39440_length_1119_cov_285.648	gb_GQ342996_+_797-1793_ARO:3003097_CfxA6	99.598	996	4	0	68	1063	1	996	0.0	1818
NODE_39440_length_1119_cov_285.648	gb_AF472622_+_52-1018_ARO:3003003_CfxA3	89.189	962	101	3	101	1060	1	961	0.0	1197
NODE_39440_length_1119_cov_285.648	gb_AY769933_+_0-966_ARO:3003005_CfxA4	89.085	962	102	3	101	1060	1	961	0.0	1192
NODE_39440_length_1119_cov_285.648	gb_AF118110.1_-_71-1037_ARO:3003002_CfxA2	89.085	962	102	3	101	1060	1	961	0.0	1192
NODE_39440_length_1119_cov_285.648	gb_AY769934_+_27-993_ARO:3003096_CfxA5	88.981	962	103	3	101	1060	1	961	0.0	1186
NODE_39440_length_1119_cov_285.648	gb_U38243_+_149-1115_ARO:3003001_CfxA	88.981	962	103	3	101	1060	1	961	0.0	1186
NODE_40100_length_1100_cov_31.2478	gb_NC_000913.3_-_721055-721733_ARO:3003841_kdpE	98.649	74	1	0	1027	1100	678	605	3.50e-31	132
NODE_44052_length_1006_cov_15.7886	gb_NC_000913.3_-_721055-721733_ARO:3003841_kdpE	100.000	74	0	0	933	1006	678	605	6.86e-33	137
NODE_45866_length_968_cov_2.79847	gb_AF235050.4_+_38028-40140_ARO:3003318_Streptomyces	72.905	358	77	18	318	668	75	419	1.86e-23	106
NODE_48380_length_921_cov_1.84873	gb_NC_010378.1_+_46651-47827_ARO:3003922_oqxA	99.606	508	2	0	1	508	508	1	0.0	928
NODE_48808_length_914_cov_1.9546	gb_NC_002516.2_-_2850882-2854014_ARO:3004074_MuxB	71.932	937	213	44	3	914	2718	1807	3.59e-60	228
NODE_51138_length_873_cov_7.18337	gb_AY055428.1_-_20268-21084_ARO:3000412_sul2	100.000	816	0	0	56	871	1	816	0.0	1507
NODE_56675_length_790_cov_1.9034	gb_NC_005024_+_42504-43944_ARO:3002597_AAC(6')-Ie-APH(2'')-Ia	100.000	54	0	0	737	790	735	788	7.04e-22	100
NODE_56801_length_788_cov_1.53752	gb_DQ212986_+_2258-2966_ARO:3002926_vanRG	80.902	377	72	0	412	788	1	377	2.32e-81	298
NODE_58633_length_763_cov_1.42938	gb_NC_002516.2_-_2847775-2850886_ARO:3004075_MuxC	74.109	421	97	11	317	731	1466	1052	8.54e-41	163
NODE_60031_length_745_cov_72.5884	gb_AF242872_+_2131-2878_ARO:3000375_ErmB	99.325	741	4	1	6	745	1	741	0.0	1339
NODE_61763_length_725_cov_2.06716	gb_KU254579.1_+_59421-59841_ARO:3004111_FosA6	99.286	420	3	0	109	528	420	1	0.0	760
NODE_61763_length_725_cov_2.06716	gb_KP143090.1_-_1199-1619_ARO:3003209_FosA5	98.333	420	7	0	109	528	420	1	0.0	737
NODE_64390_length_697_cov_184.464	gb_M18896.2_+_206-2126_ARO:3000190_tetO	100.000	659	0	0	39	697	1920	1262	0.0	1218
NODE_64390_length_697_cov_184.464	gb_AJ295238.3_+_163-2083_ARO:3000196_tet32	100.000	659	0	0	39	697	1920	1262	0.0	1218
NODE_67183_length_669_cov_1.98046	gb_AJ011502.1_+_300-1425_ARO:3004122_Klebsiella	100.000	153	0	0	1	153	153	1	5.49e-77	283
NODE_68586_length_657_cov_28.7425	gb_AF028812_+_392-887_ARO:3002867_dfrF	99.597	496	1	1	104	599	1	495	0.0	904
NODE_76254_length_597_cov_2.42435	gb_U00096_+_2158385-2161463_ARO:3000794_mdtC	83.203	512	86	0	6	517	512	1	3.49e-133	470
NODE_76254_length_597_cov_2.42435	gb_AB219523.1_+_1175-4286_ARO:3003705_mexN	73.273	333	77	12	92	418	438	112	2.44e-25	111
NODE_76517_length_595_cov_1.86111	gb_NC_000913.3_-_2306971-2308615_ARO:3003952_yojI	75.833	600	135	8	1	595	1039	1633	6.25e-81	296
NODE_81338_length_564_cov_2.07269	gb_NC_000913.3_-_481253-484403_ARO:3000216_acrB	85.219	548	78	2	20	564	1709	1162	1.90e-160	560
NODE_82587_length_556_cov_1.93014	gb_NC_000913.3_-_481253-484403_ARO:3000216_acrB	83.633	556	91	0	1	556	905	350	2.45e-149	523
NODE_85692_length_539_cov_74.8967	gb_NC_005024_+_42504-43944_ARO:3002597_AAC(6')-Ie-APH(2'')-Ia	100.000	539	0	0	1	539	1365	827	0.0	996
NODE_85692_length_539_cov_74.8967	gb_AY701528.1_+_9695-10589_ARO:3004191_APH(2'')-If	80.926	540	101	2	1	539	804	266	6.89e-120	425
NODE_87828_length_527_cov_1.49153	gb_AF024602_+_3155-3992_ARO:3002660_APH(6)-Id	97.807	456	5	3	74	527	1	453	0.0	782
NODE_87828_length_527_cov_1.49153	gb_AF313472_+_15593-16397_ARO:3002639_APH(3'')-Ib	100.000	74	0	0	1	74	731	804	3.53e-33	137
NODE_90780_length_513_cov_57.0546	gb_AF242872_+_2131-2878_ARO:3000375_ErmB	100.000	185	0	0	171	355	1	185	6.78e-95	342
NODE_94370_length_496_cov_8.94785	gb_AF242872_+_2131-2878_ARO:3000375_ErmB	98.214	56	0	1	442	496	741	686	5.63e-21	97.1
NODE_99356_length_474_cov_1.44153	gb_AP006618.1_+_4835199-4838688_ARO:3000501_Nocardia	74.372	398	86	13	14	403	1062	1451	8.73e-39	156
NODE_104821_length_449_cov_2.01269	gb_AF235050.4_+_38028-40140_ARO:3003318_Streptomyces	75.723	173	33	7	279	449	418	253	1.84e-15	78.7
NODE_116221_length_395_cov_1.32353	gb_FN594949_+_25244-27167_ARO:3000556_tet44	99.747	395	1	0	1	395	1511	1117	0.0	725
NODE_121936_length_371_cov_165.665	gb_M18896.2_+_206-2126_ARO:3000190_tetO	98.383	371	6	0	1	371	849	1219	0.0	652
NODE_127574_length_348_cov_16.2082	gb_U00096_-_2098446-2099613_ARO:3003577_ugd	93.571	140	9	0	209	348	1167	1028	4.79e-55	209
NODE_127812_length_347_cov_27.0822	gb_U00096_-_2098446-2099613_ARO:3003577_ugd	99.286	140	1	0	208	347	1167	1028	2.17e-68	254
NODE_131015_length_336_cov_2.04626	gb_NC_010378.1_+_46651-47827_ARO:3003922_oqxA	98.512	336	5	0	1	336	974	639	1.09e-170	593
NODE_131072_length_336_cov_44.9039	gb_AF242872_+_2131-2878_ARO:3000375_ErmB	100.000	50	0	0	1	50	50	1	4.85e-20	93.5
NODE_132059_length_333_cov_4.28777	gb_JQ740052_+_2108-3329_ARO:3000567_tet(40)	100.000	38	0	0	296	333	1	38	2.25e-13	71.3
NODE_152621_length_262_cov_1.18841	gb_AF313472_+_15593-16397_ARO:3002639_APH(3'')-Ib	100.000	262	0	0	1	262	712	451	5.24e-138	484
NODE_159330_length_252_cov_1.37056	gb_HM990671_+_5192-6671_ARO:3003112_lsaC	94.779	249	13	0	4	252	642	394	4.05e-109	388
NODE_164065_length_247_cov_1.17188	gb_NC_010378.1_+_46651-47827_ARO:3003922_oqxA	99.187	246	2	0	1	246	513	758	8.35e-126	444
NODE_186110_length_230_cov_0.64	gb_NC_003098.1_-_1359228-1360395_ARO:3000025_patB	90.000	230	23	0	1	230	734	505	6.36e-82	298
NODE_203525_length_221_cov_0.63253	gb_NC_003098.1_+_866210-867410_ARO:3000822_pmrA	98.450	129	2	0	93	221	1200	1072	8.10e-61	228
NODE_215507_length_215_cov_1.85625	gb_NG_050068_+_100-961_ARO:3001062_SHV-3	100.000	215	0	0	1	215	243	29	5.66e-112	398
NODE_215507_length_215_cov_1.85625	gb_JX013655_+_0-861_ARO:3001185_SHV-145	100.000	215	0	0	1	215	243	29	5.66e-112	398
NODE_215507_length_215_cov_1.85625	gb_AY259119_+_116-977_ARO:3001102_SHV-44	100.000	215	0	0	1	215	243	29	5.66e-112	398
NODE_215507_length_215_cov_1.85625	gb_AY288915_+_0-861_ARO:3001107_SHV-50	100.000	215	0	0	1	215	243	29	5.66e-112	398
NODE_215507_length_215_cov_1.85625	gb_AM941844_+_0-861_ARO:3001336_SHV-98	100.000	215	0	0	1	215	243	29	5.66e-112	398
NODE_215507_length_215_cov_1.85625	gb_AF293345_+_0-861_ARO:3001085_SHV-27	100.000	215	0	0	1	215	243	29	5.66e-112	398
NODE_215507_length_215_cov_1.85625	gb_GQ390809_+_0-813_ARO:3001174_SHV-127	100.000	215	0	0	1	215	243	29	5.66e-112	398
NODE_215507_length_215_cov_1.85625	gb_X55640_+_111-972_ARO:3001064_SHV-5	100.000	215	0	0	1	215	243	29	5.66e-112	398
NODE_215507_length_215_cov_1.85625	gb_JF812965_+_0-861_ARO:3001167_SHV-120	100.000	215	0	0	1	215	243	29	5.66e-112	398
NODE_215507_length_215_cov_1.85625	gb_JX121115_+_0-858_ARO:3001187_SHV-148	100.000	215	0	0	1	215	243	29	5.66e-112	398
NODE_215507_length_215_cov_1.85625	gb_AF299299_+_0-861_ARO:3001086_SHV-28	100.000	215	0	0	1	215	243	29	5.66e-112	398
NODE_215507_length_215_cov_1.85625	gb_AF072684_+_117-993_ARO:3001075_SHV-16	100.000	215	0	0	1	215	243	29	5.66e-112	398
NODE_215507_length_215_cov_1.85625	gb_AB372881_+_8-869_ARO:3001160_SHV-111	100.000	215	0	0	1	215	243	29	5.66e-112	398
NODE_215507_length_215_cov_1.85625	gb_EF373972_+_0-861_ARO:3001147_SHV-95	100.000	215	0	0	1	215	243	29	5.66e-112	398
NODE_215507_length_215_cov_1.85625	gb_AM087453_+_25-856_ARO:3001138_SHV-84	100.000	215	0	0	1	215	243	29	5.66e-112	398
NODE_215507_length_215_cov_1.85625	gb_AF547625_+_0-861_ARO:3001103_SHV-45	100.000	215	0	0	1	215	243	29	5.66e-112	398
NODE_215507_length_215_cov_1.85625	gb_LN515533_+_0-867_ARO:3003154_SHV-187	100.000	215	0	0	1	215	249	35	5.66e-112	398
NODE_215507_length_215_cov_1.85625	gb_EU274581_+_0-861_ARO:3001153_SHV-104	100.000	215	0	0	1	215	243	29	5.66e-112	398
NODE_215507_length_215_cov_1.85625	gb_JQ341060.1_-_881-1742_ARO:3001344_SHV-143	100.000	215	0	0	1	215	243	29	5.66e-112	398
NODE_215507_length_215_cov_1.85625	gb_AY289548_+_0-861_ARO:3001108_SHV-51	100.000	215	0	0	1	215	243	29	5.66e-112	398
NODE_215507_length_215_cov_1.85625	gb_AY263404_+_0-861_ARO:3001105_SHV-48	100.000	215	0	0	1	215	243	29	5.66e-112	398
NODE_215507_length_215_cov_1.85625	gb_AM941845_+_0-861_ARO:3001337_SHV-99	100.000	215	0	0	1	215	243	29	5.66e-112	398
NODE_215507_length_215_cov_1.85625	gb_EU342351_+_172-1033_ARO:3001118_SHV-63	100.000	215	0	0	1	215	243	29	5.66e-112	398
NODE_215507_length_215_cov_1.85625	gb_AF227204_+_73-934_ARO:3001084_SHV-26	100.000	215	0	0	1	215	243	29	5.66e-112	398
NODE_215507_length_215_cov_1.85625	gb_GQ390807_+_0-813_ARO:3001172_SHV-125	100.000	215	0	0	1	215	243	29	5.66e-112	398
NODE_215507_length_215_cov_1.85625	gb_AB733453_+_3-849_ARO:3001204_SHV-167	100.000	215	0	0	1	215	243	29	5.66e-112	398
NODE_215507_length_215_cov_1.85625	gb_GQ390808_+_0-813_ARO:3001173_SHV-126	100.000	215	0	0	1	215	243	29	5.66e-112	398
NODE_215507_length_215_cov_1.85625	gb_AJ863560_+_0-861_ARO:3001111_SHV-55	100.000	215	0	0	1	215	243	29	5.66e-112	398
NODE_215507_length_215_cov_1.85625	gb_AM176546_+_0-861_ARO:3001125_SHV-71	100.000	215	0	0	1	215	243	29	5.66e-112	398
NODE_215507_length_215_cov_1.85625	gb_EU032604_+_0-861_ARO:3001152_SHV-103	100.000	215	0	0	1	215	243	29	5.66e-112	398
NODE_215507_length_215_cov_1.85625	gb_AF148851_+_5-866_ARO:3001060_SHV-2	100.000	215	0	0	1	215	243	29	5.66e-112	398
NODE_215507_length_215_cov_1.85625	gb_FJ668814_+_76-937_ARO:3001059_SHV-1	100.000	215	0	0	1	215	243	29	5.66e-112	398
NODE_215507_length_215_cov_1.85625	gb_KM233165_+_0-861_ARO:3003153_SHV-186	100.000	215	0	0	1	215	243	29	5.66e-112	398
NODE_215507_length_215_cov_1.85625	gb_AM941847_+_0-861_ARO:3001155_SHV-106	100.000	215	0	0	1	215	243	29	5.66e-112	398
NODE_215507_length_215_cov_1.85625	gb_JX268631_+_0-861_ARO:3001091_SHV-33	100.000	215	0	0	1	215	243	29	5.66e-112	398
NODE_215507_length_215_cov_1.85625	gb_JX121117_+_0-858_ARO:3001189_SHV-150	100.000	215	0	0	1	215	243	29	5.66e-112	398
NODE_215507_length_215_cov_1.85625	gb_AY210887_+_111-972_ARO:3001104_SHV-46	100.000	215	0	0	1	215	243	29	5.66e-112	398
NODE_215507_length_215_cov_1.85625	gb_AY223863_+_170-1031_ARO:3001113_SHV-57	100.000	215	0	0	1	215	243	29	5.66e-112	398
NODE_215507_length_215_cov_1.85625	gb_AY065991_+_6-867_ARO:3001101_SHV-43	100.000	215	0	0	1	215	243	29	5.66e-112	398
NODE_215507_length_215_cov_1.85625	gb_EU024485_+_0-861_ARO:3001151_SHV-102	100.000	215	0	0	1	215	243	29	5.66e-112	398
NODE_215507_length_215_cov_1.85625	gb_EF373973_+_0-861_ARO:3001149_SHV-97	100.000	215	0	0	1	215	243	29	5.66e-112	398
NODE_215507_length_215_cov_1.85625	gb_AM176547_+_30-891_ARO:3001126_SHV-72	100.000	215	0	0	1	215	243	29	5.66e-112	398
NODE_215507_length_215_cov_1.85625	gb_JX121120_+_0-858_ARO:3001192_SHV-153	100.000	215	0	0	1	215	243	29	5.66e-112	398
NODE_215507_length_215_cov_1.85625	gb_AM176550_+_30-891_ARO:3001129_SHV-75	100.000	215	0	0	1	215	243	29	5.66e-112	398
NODE_215507_length_215_cov_1.85625	gb_KM233164_+_0-861_ARO:3003152_SHV-185	100.000	215	0	0	1	215	243	29	5.66e-112	398
NODE_215507_length_215_cov_1.85625	gb_AY079099_+_148-1009_ARO:3001096_SHV-38	100.000	215	0	0	1	215	243	29	5.66e-112	398
NODE_215507_length_215_cov_1.85625	gb_AB551737_+_14-875_ARO:3001177_SHV-133	100.000	215	0	0	1	215	243	29	5.66e-112	398
NODE_215507_length_215_cov_1.85625	gb_AM176558_+_0-861_ARO:3001137_SHV-83	100.000	215	0	0	1	215	243	29	5.66e-112	398
NODE_215507_length_215_cov_1.85625	gb_U92041_+_0-861_ARO:3001067_SHV-8	100.000	215	0	0	1	215	243	29	5.66e-112	398
NODE_215507_length_215_cov_1.85625	gb_LN515534_+_0-873_ARO:3003155_SHV-188	100.000	215	0	0	1	215	249	35	5.66e-112	398
NODE_215507_length_215_cov_1.85625	gb_AY037778_+_91-952_ARO:3001090_SHV-32	100.000	215	0	0	1	215	243	29	5.66e-112	398
NODE_215507_length_215_cov_1.85625	gb_HQ661363_+_71-932_ARO:3001181_SHV-137	100.000	215	0	0	1	215	243	29	5.66e-112	398
NODE_215507_length_215_cov_1.85625	gb_EU155018_+_0-861_ARO:3001150_SHV-101	100.000	215	0	0	1	215	243	29	5.66e-112	398
NODE_215507_length_215_cov_1.85625	gb_AF535129_+_0-861_ARO:3001099_SHV-41	100.000	215	0	0	1	215	243	29	5.66e-112	398
NODE_215507_length_215_cov_1.85625	gb_AB023477_+_0-861_ARO:3001082_SHV-24	100.000	215	0	0	1	215	243	29	5.66e-112	398
NODE_215507_length_215_cov_1.85625	gb_AF117747_+_0-780_ARO:3001081_SHV-23	100.000	213	0	0	1	213	213	1	7.32e-111	394
NODE_215507_length_215_cov_1.85625	gb_AF117743_+_0-780_ARO:3001077_SHV-19	100.000	213	0	0	1	213	213	1	7.32e-111	394
NODE_215507_length_215_cov_1.85625	gb_JX870080_+_0-861_ARO:3001352_SHV-168	100.000	213	0	0	1	213	243	31	7.32e-111	394
NODE_215507_length_215_cov_1.85625	gb_AF117746_+_0-780_ARO:3001080_SHV-22	100.000	213	0	0	1	213	213	1	7.32e-111	394
NODE_215507_length_215_cov_1.85625	gb_AF117744_+_0-780_ARO:3001078_SHV-20	100.000	213	0	0	1	213	213	1	7.32e-111	394
NODE_215507_length_215_cov_1.85625	gb_AF117745_+_0-780_ARO:3001079_SHV-21	100.000	213	0	0	1	213	213	1	7.32e-111	394
NODE_215507_length_215_cov_1.85625	gb_Y11069_+_0-780_ARO:3001065_SHV-6	100.000	213	0	0	1	213	213	1	7.32e-111	394
NODE_215507_length_215_cov_1.85625	gb_KF705208_+_0-861_ARO:3001362_SHV-179	99.535	215	1	0	1	215	243	29	2.63e-110	392
NODE_215507_length_215_cov_1.85625	gb_JX121130_+_0-858_ARO:3001202_SHV-163	99.535	215	1	0	1	215	243	29	2.63e-110	392
NODE_215507_length_215_cov_1.85625	gb_JX121131_+_0-858_ARO:3001203_SHV-165	99.535	215	1	0	1	215	243	29	2.63e-110	392
NODE_215507_length_215_cov_1.85625	gb_KF705209_+_0-861_ARO:3001361_SHV-178	99.535	215	1	0	1	215	243	29	2.63e-110	392
NODE_215507_length_215_cov_1.85625	gb_U20270_+_124-985_ARO:3001066_SHV-7	99.535	215	1	0	1	215	243	29	2.63e-110	392
NODE_215507_length_215_cov_1.85625	gb_JQ926986_+_0-861_ARO:3001345_SHV-144	99.535	215	1	0	1	215	243	29	2.63e-110	392
NODE_215507_length_215_cov_1.85625	gb_KP050494_+_0-861_ARO:3003156_SHV-189	99.535	215	1	0	1	215	243	29	2.63e-110	392
NODE_215507_length_215_cov_1.85625	gb_JX121122_+_0-858_ARO:3001194_SHV-155	99.535	215	1	0	1	215	243	29	2.63e-110	392
NODE_215507_length_215_cov_1.85625	gb_HG934764_+_0-864_ARO:3001351_SHV-183	99.535	215	1	0	1	215	243	29	2.63e-110	392
NODE_215507_length_215_cov_1.85625	gb_JX121126_+_0-858_ARO:3001198_SHV-159	99.535	215	1	0	1	215	243	29	2.63e-110	392
NODE_215507_length_215_cov_1.85625	gb_AM176548_+_16-874_ARO:3001127_SHV-73	99.535	215	1	0	1	215	240	26	2.63e-110	392
NODE_215507_length_215_cov_1.85625	gb_AF535128_+_0-861_ARO:3001098_SHV-40	99.535	215	1	0	1	215	243	29	2.63e-110	392
NODE_215507_length_215_cov_1.85625	gb_DQ013287_+_0-861_ARO:3001124_SHV-70	99.535	215	1	0	1	215	243	29	2.63e-110	392
NODE_215507_length_215_cov_1.85625	gb_JX121121_+_0-858_ARO:3001193_SHV-154	99.535	215	1	0	1	215	243	29	2.63e-110	392
NODE_215507_length_215_cov_1.85625	gb_DQ328802_+_0-861_ARO:3001140_SHV-86	99.535	215	1	0	1	215	243	29	2.63e-110	392
NODE_215507_length_215_cov_1.85625	gb_X98102_+_73-934_ARO:3001061_SHV-2A	99.535	215	1	0	1	215	243	29	2.63e-110	392
NODE_215507_length_215_cov_1.85625	gb_GQ390805_+_0-813_ARO:3001170_SHV-123	99.535	215	1	0	1	215	243	29	2.63e-110	392
NODE_215507_length_215_cov_1.85625	gb_HQ877615_+_0-861_ARO:3001159_SHV-110	99.535	215	1	0	1	215	243	29	2.63e-110	392
NODE_215507_length_215_cov_1.85625	gb_JN051143_+_0-861_ARO:3001182_SHV-140	99.535	215	1	0	1	215	243	29	2.63e-110	392
NODE_215507_length_215_cov_1.85625	gb_AM941848_+_0-861_ARO:3001156_SHV-107	99.535	215	1	0	1	215	243	29	2.63e-110	392
NODE_215507_length_215_cov_1.85625	gb_AF164577_+_0-861_ARO:3001072_SHV-13	99.535	215	1	0	1	215	243	29	2.63e-110	392
NODE_215507_length_215_cov_1.85625	gb_AM176555_+_0-861_ARO:3001134_SHV-80	99.535	215	1	0	1	215	243	29	2.63e-110	392
NODE_215507_length_215_cov_1.85625	gb_AB302939_+_8-869_ARO:3001115_SHV-60	99.535	215	1	0	1	215	243	29	2.63e-110	392
NODE_215507_length_215_cov_1.85625	gb_EF373970_+_0-861_ARO:3001146_SHV-94	99.535	215	1	0	1	215	243	29	2.63e-110	392
NODE_215507_length_215_cov_1.85625	gb_DQ174305_+_4-865_ARO:3001120_SHV-65	99.535	215	1	0	1	215	243	29	2.63e-110	392
NODE_215507_length_215_cov_1.85625	gb_JX121114_+_0-858_ARO:3001186_SHV-147	99.535	215	1	0	1	215	243	29	2.63e-110	392
NODE_215507_length_215_cov_1.85625	gb_AY277255_+_66-927_ARO:3001089_SHV-31	99.535	215	1	0	1	215	243	29	2.63e-110	392
NODE_215507_length_215_cov_1.85625	gb_AM176556_+_25-886_ARO:3001135_SHV-81	99.535	215	1	0	1	215	243	29	2.63e-110	392
NODE_215507_length_215_cov_1.85625	gb_EU418913_+_16-877_ARO:3001158_SHV-109	99.535	215	1	0	1	215	243	29	2.63e-110	392
NODE_215507_length_215_cov_1.85625	gb_AY790341_+_0-861_ARO:3001114_SHV-59	99.535	215	1	0	1	215	243	29	2.63e-110	392
NODE_215507_length_215_cov_1.85625	gb_HM559945_+_0-861_ARO:3001178_SHV-134	99.535	215	1	0	1	215	243	29	2.63e-110	392
NODE_215507_length_215_cov_1.85625	gb_EF373971_+_0-861_ARO:3001148_SHV-96	99.535	215	1	0	1	215	243	29	2.63e-110	392
NODE_215507_length_215_cov_1.85625	gb_HM751103.1_+_0-864_ARO:3001169_SHV-122	99.535	215	1	0	1	215	243	29	2.63e-110	392
NODE_215507_length_215_cov_1.85625	gb_AY590467_+_0-729_ARO:3001110_SHV-53	99.535	215	1	0	1	215	223	9	2.63e-110	392
NODE_215507_length_215_cov_1.85625	gb_GQ390806_+_0-813_ARO:3001171_SHV-124	99.535	215	1	0	1	215	243	29	2.63e-110	392
NODE_215507_length_215_cov_1.85625	gb_JX121128_+_0-861_ARO:3001200_SHV-161	99.535	215	1	0	1	215	243	29	2.63e-110	392
NODE_215507_length_215_cov_1.85625	gb_JQ388884_+_0-861_ARO:3001183_SHV-141	99.535	215	1	0	1	215	243	29	2.63e-110	392
NODE_215507_length_215_cov_1.85625	gb_AF226622_+_54-915_ARO:3001073_SHV-14	99.535	215	1	0	1	215	243	29	2.63e-110	392
NODE_215507_length_215_cov_1.85625	gb_KF513177_+_0-861_ARO:3001356_SHV-172	99.535	215	1	0	1	215	243	29	2.63e-110	392
NODE_215507_length_215_cov_1.85625	gb_AJ866285_+_0-861_ARO:3001117_SHV-62	99.535	215	1	0	1	215	243	29	2.63e-110	392
NODE_215507_length_215_cov_1.85625	gb_GU827715_+_0-861_ARO:3001176_SHV-129	99.535	215	1	0	1	215	243	29	2.63e-110	392
NODE_215507_length_215_cov_1.85625	gb_HM751100_+_0-861_ARO:3001157_SHV-108	99.535	215	1	0	1	215	243	29	2.63e-110	392
NODE_215507_length_215_cov_1.85625	gb_AY661885_+_48-909_ARO:3001088_SHV-30	99.535	215	1	0	1	215	243	29	2.63e-110	392
NODE_215507_length_215_cov_1.85625	gb_X98101_+_73-934_ARO:3001070_SHV-11	99.535	215	1	0	1	215	243	29	2.63e-110	392
NODE_215507_length_215_cov_1.85625	gb_JX121123_+_0-861_ARO:3001195_SHV-156	99.535	215	1	0	1	215	243	29	2.63e-110	392
NODE_215507_length_215_cov_1.85625	gb_AY528718_+_413-1274_ARO:3001106_SHV-49	99.535	215	1	0	1	215	243	29	2.63e-110	392
NODE_215507_length_215_cov_1.85625	gb_DQ174308_+_4-865_ARO:3001123_SHV-69	99.535	215	1	0	1	215	243	29	2.63e-110	392
NODE_215507_length_215_cov_1.85625	gb_AF467947_+_0-861_ARO:3001094_SHV-36	99.535	215	1	0	1	215	243	29	2.63e-110	392
NODE_215507_length_215_cov_1.85625	gb_AM176553_+_30-891_ARO:3001132_SHV-78	99.535	215	1	0	1	215	243	29	2.63e-110	392
NODE_215507_length_215_cov_1.85625	gb_KP050487.1_+_0-861_ARO:3001350_SHV-180	99.535	215	1	0	1	215	243	29	2.63e-110	392
NODE_215507_length_215_cov_1.85625	gb_GU932590_+_0-861_ARO:3001175_SHV-128	99.535	215	1	0	1	215	243	29	2.63e-110	392
NODE_215507_length_215_cov_1.85625	gb_HE981194_+_0-861_ARO:3001347_SHV-164	99.535	215	1	0	1	215	243	29	2.63e-110	392
NODE_215507_length_215_cov_1.85625	gb_JX121119_+_0-858_ARO:3001191_SHV-152	99.535	215	1	0	1	215	243	29	2.63e-110	392
NODE_215507_length_215_cov_1.85625	gb_AY070258_+_0-861_ARO:3001093_SHV-35	99.535	215	1	0	1	215	243	29	2.63e-110	392
NODE_215507_length_215_cov_1.85625	gb_AJ866284_+_0-861_ARO:3001116_SHV-61	99.535	215	1	0	1	215	243	29	2.63e-110	392
NODE_215507_length_215_cov_1.85625	gb_DQ193536_+_0-861_ARO:3001141_SHV-89	99.535	215	1	0	1	215	243	29	2.63e-110	392
NODE_215507_length_215_cov_1.85625	gb_EU586041_+_0-861_ARO:3001112_SHV-56	99.535	215	1	0	1	215	243	29	2.63e-110	392
NODE_215507_length_215_cov_1.85625	gb_KP050489_+_0-861_ARO:3001364_SHV-182	99.535	215	1	0	1	215	243	29	2.63e-110	392
NODE_215507_length_215_cov_1.85625	gb_AJ920369_+_23-860_ARO:3001071_SHV-12	99.535	215	1	0	1	215	243	29	2.63e-110	392
NODE_215507_length_215_cov_1.85625	gb_FJ194944_+_46-907_ARO:3001154_SHV-105	99.535	215	1	0	1	215	243	29	2.63e-110	392
NODE_215507_length_215_cov_1.85625	gb_AM176554_+_30-891_ARO:3001133_SHV-79	99.535	215	1	0	1	215	243	29	2.63e-110	392
NODE_215507_length_215_cov_1.85625	gb_AF132290_+_87-948_ARO:3001076_SHV-18	99.535	215	1	0	1	215	243	29	2.63e-110	392
NODE_215507_length_215_cov_1.85625	gb_JX121127_+_0-861_ARO:3001199_SHV-160	99.070	215	2	0	1	215	243	29	1.23e-108	387
NODE_215507_length_215_cov_1.85625	gb_AF301532_+_7-868_ARO:3001087_SHV-29	99.070	215	2	0	1	215	243	29	1.23e-108	387
NODE_215507_length_215_cov_1.85625	gb_JX121118_+_0-858_ARO:3001190_SHV-151	99.070	215	2	0	1	215	243	29	1.23e-108	387
NODE_215507_length_215_cov_1.85625	gb_DQ322460_+_15-876_ARO:3001139_SHV-85	99.070	215	2	0	1	215	243	29	1.23e-108	387
NODE_215507_length_215_cov_1.85625	gb_HQ637576_+_0-861_ARO:3001179_SHV-135	99.070	215	2	0	1	215	243	29	1.23e-108	387
NODE_215507_length_215_cov_1.85625	gb_AY036620_+_88-949_ARO:3001092_SHV-34	99.070	215	2	0	1	215	243	29	1.23e-108	387
NODE_215507_length_215_cov_1.85625	gb_JX121116_+_0-858_ARO:3001188_SHV-149	99.070	215	2	0	1	215	243	29	1.23e-108	387
NODE_215507_length_215_cov_1.85625	gb_KJ776406_+_16-877_ARO:3001340_SHV-119	99.070	215	2	0	1	215	243	29	1.23e-108	387
NODE_215507_length_215_cov_1.85625	gb_KF513178_+_0-861_ARO:3001357_SHV-173	99.070	215	2	0	1	215	243	29	1.23e-108	387
NODE_215507_length_215_cov_1.85625	gb_JX121125_+_0-858_ARO:3001197_SHV-158	99.070	215	2	0	1	215	243	29	1.23e-108	387
NODE_215507_length_215_cov_1.85625	gb_AM176551_+_30-891_ARO:3001130_SHV-76	99.070	215	2	0	1	215	243	29	1.23e-108	387
NODE_215507_length_215_cov_1.85625	gb_AM176549_+_30-891_ARO:3001128_SHV-74	99.070	215	2	0	1	215	243	29	1.23e-108	387
NODE_215507_length_215_cov_1.85625	gb_AF208796_+_0-861_ARO:3001083_SHV-25	99.070	215	2	0	1	215	243	29	1.23e-108	387
NODE_215507_length_215_cov_1.85625	gb_AM176552_+_30-891_ARO:3001131_SHV-77	99.070	215	2	0	1	215	243	29	1.23e-108	387
NODE_215507_length_215_cov_1.85625	gb_DQ174306_+_4-865_ARO:3001121_SHV-66	99.070	215	2	0	1	215	243	29	1.23e-108	387
NODE_215507_length_215_cov_1.85625	gb_EF373969_+_0-861_ARO:3001145_SHV-93	99.070	215	2	0	1	215	243	29	1.23e-108	387
NODE_215507_length_215_cov_1.85625	gb_JX121124_+_0-861_ARO:3001196_SHV-157	99.070	215	2	0	1	215	243	29	1.23e-108	387
NODE_215507_length_215_cov_1.85625	gb_AF467948_+_0-861_ARO:3001095_SHV-37	99.070	215	2	0	1	215	243	29	1.23e-108	387
NODE_215507_length_215_cov_1.85625	gb_JQ029959_+_28-889_ARO:3001184_SHV-142	99.070	215	2	0	1	215	243	29	1.23e-108	387
NODE_215507_length_215_cov_1.85625	gb_AM176557_+_0-861_ARO:3001136_SHV-82	99.070	215	2	0	1	215	243	29	1.23e-108	387
NODE_215507_length_215_cov_1.85625	gb_DQ174307_+_4-865_ARO:3001122_SHV-67	99.070	215	2	0	1	215	243	29	1.23e-108	387
NODE_215507_length_215_cov_1.85625	gb_AJ011428_+_0-861_ARO:3001074_SHV-15	99.070	215	2	0	1	215	243	29	1.23e-108	387
NODE_215507_length_215_cov_1.85625	gb_JX121129_+_0-858_ARO:3001201_SHV-162	99.070	215	2	0	1	215	243	29	1.23e-108	387
NODE_215507_length_215_cov_1.85625	gb_DQ836922_+_0-861_ARO:3001144_SHV-92	99.070	215	2	0	1	215	243	29	1.23e-108	387
NODE_215507_length_215_cov_1.85625	gb_DQ174304_+_4-865_ARO:3001119_SHV-64	99.070	215	2	0	1	215	243	29	1.23e-108	387
NODE_215507_length_215_cov_1.85625	gb_AF535130_+_0-861_ARO:3001100_SHV-42	99.070	215	2	0	1	215	243	29	1.23e-108	387
NODE_215507_length_215_cov_1.85625	gb_HQ661362_+_71-932_ARO:3001168_SHV-121	98.605	215	3	0	1	215	243	29	5.70e-107	381
NODE_215507_length_215_cov_1.85625	gb_HQ845196_+_0-861_ARO:3001109_SHV-52	98.605	215	3	0	1	215	243	29	5.70e-107	381
NODE_215507_length_215_cov_1.85625	gb_S82452_+_120-978_ARO:3001068_SHV-9	98.605	215	0	1	1	215	240	29	7.38e-106	377
NODE_215507_length_215_cov_1.85625	gb_AM850908_+_0-861_ARO:3002465_LEN-18	92.093	215	17	0	1	215	243	29	1.27e-83	303
NODE_215507_length_215_cov_1.85625	gb_AY130287_+_0-822_ARO:3002472_LEN-4	92.093	215	17	0	1	215	223	9	1.27e-83	303
NODE_215507_length_215_cov_1.85625	gb_AM850912_+_0-861_ARO:3002469_LEN-22	92.093	215	17	0	1	215	243	29	1.27e-83	303
NODE_215507_length_215_cov_1.85625	gb_AM850909_+_0-861_ARO:3002466_LEN-19	92.093	215	17	0	1	215	243	29	1.27e-83	303
NODE_215507_length_215_cov_1.85625	gb_AY037780_+_88-949_ARO:3002455_LEN-2	92.093	215	17	0	1	215	243	29	1.27e-83	303
NODE_215507_length_215_cov_1.85625	gb_AY265890_+_0-472_ARO:3002476_LEN-6	92.093	215	17	0	1	215	222	8	1.27e-83	303
NODE_215507_length_215_cov_1.85625	gb_AM850910_+_0-861_ARO:3002467_LEN-20	92.093	215	17	0	1	215	243	29	1.27e-83	303
NODE_215507_length_215_cov_1.85625	gb_AM850911_+_0-861_ARO:3002468_LEN-21	92.093	215	17	0	1	215	243	29	1.27e-83	303
NODE_215507_length_215_cov_1.85625	gb_AM850914_+_30-891_ARO:3002471_LEN-24	91.628	215	18	0	1	215	243	29	5.91e-82	298
NODE_215507_length_215_cov_1.85625	gb_AF452105_+_0-840_ARO:3002478_LEN-15	91.628	215	18	0	1	215	243	29	5.91e-82	298
NODE_215507_length_215_cov_1.85625	gb_AY633109_+_0-861_ARO:3002456_LEN-5	91.628	215	18	0	1	215	243	29	5.91e-82	298
NODE_215507_length_215_cov_1.85625	gb_AY130286_+_0-822_ARO:3002475_LEN-3	91.628	215	18	0	1	215	223	9	5.91e-82	298
NODE_215507_length_215_cov_1.85625	gb_AY743416_+_67-928_ARO:3002464_LEN-16	91.628	215	18	0	1	215	243	29	5.91e-82	298
NODE_215507_length_215_cov_1.85625	gb_NG_050780.1_+_100-961_ARO:3002459_LEN-9	91.628	215	18	0	1	215	243	29	5.91e-82	298
NODE_215507_length_215_cov_1.85625	gb_AY265889_+_0-458_ARO:3002477_LEN-14	91.628	215	18	0	1	215	218	4	5.91e-82	298
NODE_215507_length_215_cov_1.85625	gb_NG_049281_+_0-861_ARO:3002474_LEN-26	91.163	215	19	0	1	215	243	29	2.75e-80	292
NODE_215507_length_215_cov_1.85625	gb_X04515_+_285-1125_ARO:3002454_LEN-1	91.163	215	19	0	1	215	243	29	2.75e-80	292
NODE_215507_length_215_cov_1.85625	gb_AM850913_+_0-861_ARO:3002470_LEN-23	91.163	215	19	0	1	215	243	29	2.75e-80	292
NODE_215507_length_215_cov_1.85625	gb_AJ635417_+_0-789_ARO:3002461_LEN-11	91.787	207	17	0	1	207	207	1	3.55e-79	289
NODE_215507_length_215_cov_1.85625	gb_AJ635425_+_0-789_ARO:3002457_LEN-7	91.787	207	17	0	1	207	207	1	3.55e-79	289
NODE_215507_length_215_cov_1.85625	gb_AJ635406_+_0-789_ARO:3002462_LEN-12	91.787	207	17	0	1	207	207	1	3.55e-79	289
NODE_215507_length_215_cov_1.85625	gb_AJ635403_+_0-789_ARO:3002463_LEN-13	91.787	207	17	0	1	207	207	1	3.55e-79	289
NODE_215507_length_215_cov_1.85625	gb_AJ635419_+_0-789_ARO:3002460_LEN-10	91.304	207	18	0	1	207	207	1	1.65e-77	283
NODE_215507_length_215_cov_1.85625	gb_AM941846_+_0-900_ARO:3001338_SHV-100	100.000	151	0	0	1	151	282	132	2.14e-76	279
NODE_215507_length_215_cov_1.85625	gb_AM941846_+_0-900_ARO:3001338_SHV-100	100.000	105	0	0	111	215	133	29	7.97e-51	195
NODE_215507_length_215_cov_1.85625	gb_AJ635424_+_0-789_ARO:3002458_LEN-8	90.821	207	19	0	1	207	207	1	7.69e-76	278
NODE_215507_length_215_cov_1.85625	gb_AM051143_+_0-861_ARO:3002422_OKP-A-5	87.500	216	25	2	1	215	243	29	6.03e-67	248
NODE_215507_length_215_cov_1.85625	gb_AM051153_+_0-861_ARO:3002437_OKP-B-4	87.500	216	25	2	1	215	243	29	6.03e-67	248
NODE_215507_length_215_cov_1.85625	gb_AM850922_+_24-885_ARO:3002453_OKP-B-20	87.500	216	25	2	1	215	243	29	6.03e-67	248
NODE_215507_length_215_cov_1.85625	gb_AM051156_+_0-861_ARO:3002440_OKP-B-7	87.500	216	25	2	1	215	243	29	6.03e-67	248
NODE_215507_length_215_cov_1.85625	gb_AM850918_+_24-885_ARO:3002438_OKP-B-5	87.500	216	25	2	1	215	243	29	6.03e-67	248
NODE_215507_length_215_cov_1.85625	gb_FJ534513_+_0-861_ARO:3002430_OKP-A-13	87.500	216	25	2	1	215	243	29	6.03e-67	248
NODE_215507_length_215_cov_1.85625	gb_FJ534512_+_0-861_ARO:3002431_OKP-A-14	87.500	216	25	2	1	215	243	29	6.03e-67	248
NODE_215507_length_215_cov_1.85625	gb_AY825330_+_0-861_ARO:3002446_OKP-B-13	87.500	216	25	2	1	215	243	29	6.03e-67	248
NODE_215507_length_215_cov_1.85625	gb_AM850917_+_17-878_ARO:3002439_OKP-B-6	87.500	216	25	2	1	215	243	29	6.03e-67	248
NODE_215507_length_215_cov_1.85625	gb_AM051157_+_0-861_ARO:3002441_OKP-B-8	87.500	216	25	2	1	215	243	29	6.03e-67	248
NODE_215507_length_215_cov_1.85625	gb_AM051160_+_0-861_ARO:3002443_OKP-B-10	87.500	216	25	2	1	215	243	29	6.03e-67	248
NODE_215507_length_215_cov_1.85625	gb_AM051159_+_0-861_ARO:3002442_OKP-B-9	87.500	216	25	2	1	215	243	29	6.03e-67	248
NODE_215507_length_215_cov_1.85625	gb_AM051152_+_0-861_ARO:3002436_OKP-B-3	87.500	216	25	2	1	215	243	29	6.03e-67	248
NODE_215507_length_215_cov_1.85625	gb_AM850919_+_24-885_ARO:3002450_OKP-B-17	87.037	216	26	2	1	215	243	29	2.81e-65	243
NODE_215507_length_215_cov_1.85625	gb_AM051142_+_0-861_ARO:3002421_OKP-A-4	87.037	216	26	2	1	215	243	29	2.81e-65	243
NODE_215507_length_215_cov_1.85625	gb_AM051161_+_0-861_ARO:3002444_OKP-B-11	87.097	217	24	4	1	215	243	29	2.81e-65	243
NODE_215507_length_215_cov_1.85625	gb_AM850920_+_40-901_ARO:3002451_OKP-B-18	87.037	216	26	2	1	215	243	29	2.81e-65	243
NODE_215507_length_215_cov_1.85625	gb_AJ635404_+_0-861_ARO:3002419_OKP-A-2	87.037	216	26	2	1	215	243	29	2.81e-65	243
NODE_215507_length_215_cov_1.85625	gb_AM051151_+_0-861_ARO:3002435_OKP-B-2	87.037	216	26	2	1	215	243	29	2.81e-65	243
NODE_215507_length_215_cov_1.85625	gb_AM051144_+_0-861_ARO:3002423_OKP-A-6	86.574	216	27	2	1	215	243	29	1.31e-63	237
NODE_215507_length_215_cov_1.85625	gb_AM850916_+_18-879_ARO:3002429_OKP-A-12	86.574	216	27	2	1	215	243	29	1.31e-63	237
NODE_215507_length_215_cov_1.85625	gb_FJ755840_+_0-861_ARO:3002433_OKP-A-16	86.111	216	28	2	1	215	243	29	6.08e-62	231
NODE_215507_length_215_cov_1.85625	gb_AM051147_+_0-861_ARO:3002425_OKP-A-8	86.111	216	28	2	1	215	243	29	6.08e-62	231
NODE_215507_length_215_cov_1.85625	gb_AM850915_+_19-880_ARO:3002428_OKP-A-11	86.111	216	28	2	1	215	243	29	6.08e-62	231
NODE_221519_length_212_cov_0.859873	gb_DQ212986_+_7030-7795_ARO:3003069_vanXYG	81.517	211	35	4	2	210	368	160	1.32e-43	171
NODE_238078_length_190_cov_6.22222	gb_AF242872_+_2131-2878_ARO:3000375_ErmB	100.000	50	0	0	1	50	50	1	2.61e-20	93.5
NODE_239246_length_152_cov_178.268	gb_M18896.2_+_206-2126_ARO:3000190_tetO	100.000	152	0	0	1	152	1316	1165	4.06e-77	281
NODE_239246_length_152_cov_178.268	gb_AJ295238.3_+_163-2083_ARO:3000196_tet32	84.211	152	24	0	1	152	1316	1165	4.30e-37	148
NODE_240382_length_126_cov_24.1831	gb_AJ295238.3_+_163-2083_ARO:3000196_tet32	91.589	107	9	0	1	107	1094	1200	3.46e-37	148
NODE_240382_length_126_cov_24.1831	gb_M18896.2_+_206-2126_ARO:3000190_tetO	85.849	106	15	0	21	126	1114	1219	1.26e-26	113
NODE_241380_length_110_cov_5	gb_AF319779.2_+_32-833_ARO:3000604_Erm(35)	100.000	49	0	0	62	110	1	49	5.03e-20	91.6
NODE_241380_length_110_cov_5	gb_M17124_+_1181-1982_ARO:3000498_ErmF	100.000	49	0	0	62	110	1	49	5.03e-20	91.6
NODE_241648_length_108_cov_16.5094	gb_NC_005024_+_42504-43944_ARO:3002597_AAC(6')-Ie-APH(2'')-Ia	100.000	55	0	0	54	108	1365	1311	2.27e-23	102
NODE_241772_length_107_cov_3.5	gb_AY055428.1_-_20268-21084_ARO:3000412_sul2	100.000	53	0	0	55	107	816	764	2.90e-22	99.0
NODE_242255_length_102_cov_17.7447	gb_JQ740052_+_2108-3329_ARO:3000567_tet(40)	100.000	46	0	0	1	46	1176	1221	2.13e-18	86.1
NODE_242531_length_98_cov_21.2558	gb_AJ295238.3_+_163-2083_ARO:3000196_tet32	100.000	98	0	0	1	98	1316	1219	2.52e-47	182
NODE_242531_length_98_cov_21.2558	gb_M18896.2_+_206-2126_ARO:3000190_tetO	88.776	98	11	0	1	98	1316	1219	5.57e-29	121
NODE_243064_length_89_cov_104.206	gb_GQ342996_+_797-1793_ARO:3003097_CfxA6	100.000	55	0	0	1	55	942	996	1.79e-23	102
