NODE_13_length_263883_cov_18.5666	gb_GQ343019_+_132-1023_ARO:3002999_CblA-1	99.776	891	2	0	122543	123433	891	1	0.0	1635
NODE_130_length_110117_cov_7.50556	gb_AF242872_+_2131-2878_ARO:3000375_ErmB	86.275	51	6	1	67379	67429	235	284	7.91e-06	54.7
NODE_165_length_97151_cov_18.8516	gb_NC_005024_+_42504-43944_ARO:3002597_AAC(6')-Ie-APH(2'')-Ia	100.000	1440	0	0	2304	3743	1	1440	0.0	2660
NODE_165_length_97151_cov_18.8516	gb_AY701528.1_+_9695-10589_ARO:3004191_APH(2'')-If	80.843	830	149	9	2907	3731	43	867	0.0	643
NODE_265_length_72790_cov_22.2571	gb_AF173226_+_3767-6917_ARO:3003052_smeB	83.784	74	12	0	43603	43676	1169	1242	5.19e-11	71.3
NODE_265_length_72790_cov_22.2571	gb_AJ252200_+_1278-4401_ARO:3003056_smeE	83.333	72	12	0	43605	43676	1171	1242	6.71e-10	67.6
NODE_976_length_26412_cov_2.82771	gb_L36601_+_1420-3130_ARO:3003036_oleB	100.000	29	0	0	20092	20120	1568	1540	1.90e-06	54.7
NODE_1268_length_20931_cov_2.95128	gb_AP009048.1_-_4153663-4154296_ARO:3000518_CRP	88.152	633	75	0	14408	15040	1	633	0.0	754
NODE_1384_length_19181_cov_3.13746	gb_KU302801_+_102199-102430_ARO:3002831_vgaC	99.134	231	2	0	1655	1885	231	1	1.53e-115	416
NODE_1681_length_15948_cov_3.86378	gb_M57437_+_0-1647_ARO:3002827_tlrC	96.875	32	1	0	15792	15823	568	599	1.15e-06	54.7
NODE_1690_length_15811_cov_76.6114	gb_AF173226_+_3767-6917_ARO:3003052_smeB	78.761	113	20	3	13453	13563	1242	1132	3.14e-12	73.1
NODE_1690_length_15811_cov_76.6114	gb_AJ252200_+_1278-4401_ARO:3003056_smeE	78.000	100	22	0	13453	13552	1242	1143	1.89e-09	63.9
NODE_1864_length_14508_cov_2.84128	gb_NC_002695.1_-_4903561-4904935_ARO:3000830_cpxA	82.198	1365	241	2	11760	13123	1364	1	0.0	1173
NODE_1961_length_13799_cov_531.177	gb_Z21523_+_0-1974_ARO:3000191_tetQ	97.720	1974	45	0	10380	12353	1974	1	0.0	3397
NODE_1961_length_13799_cov_531.177	gb_Z21523_+_0-1974_ARO:3000191_tetQ	97.720	1974	45	0	1427	3400	1974	1	0.0	3397
NODE_2748_length_10196_cov_2.89735	gb_FJ768952_+_0-1488_ARO:3000237_tolC	79.104	1407	274	17	5532	6925	1400	1	0.0	952
NODE_2813_length_9953_cov_14.7684	gb_AF235050.4_+_38028-40140_ARO:3003318_Streptomyces	74.588	425	77	23	8372	8783	85	491	5.30e-38	158
NODE_2821_length_9921_cov_9.45479	gb_AF024666.2_-_2207-2969_ARO:3000596_ErmX	96.855	763	23	1	3197	3959	1	762	0.0	1275
NODE_2842_length_9863_cov_3.60226	gb_LAPJ01000014.1_+_36822-37245_ARO:3004113_FosA7	89.474	114	12	0	3147	3260	423	310	4.09e-34	145
NODE_3024_length_9298_cov_2.42389	gb_NC_010378.1_+_46651-47827_ARO:3003922_oqxA	99.065	1176	11	0	665	1840	1176	1	0.0	2111
NODE_3024_length_9298_cov_2.42389	gb_NC_010378.1_+_47850-51003_ARO:3003923_oqxB	98.752	641	8	0	1	641	641	1	0.0	1140
NODE_3208_length_8832_cov_5.07155	gb_AF235050.4_+_38028-40140_ARO:3003318_Streptomyces	100.000	31	0	0	546	576	1896	1926	4.91e-08	58.4
NODE_3209_length_8830_cov_3.25151	gb_U00096_+_3660413-3663527_ARO:3000796_mdtF	71.128	2137	569	43	1166	3278	3074	962	1.90e-136	484
NODE_3209_length_8830_cov_3.25151	gb_AJ252200_+_1278-4401_ARO:3003056_smeE	70.014	717	188	27	1163	1867	3086	2385	4.80e-23	108
NODE_3209_length_8830_cov_3.25151	gb_NC_002516_+_2810008-2813197_ARO:3000804_MexF	97.222	36	1	0	1394	1429	2885	2850	3.79e-09	62.1
NODE_3410_length_8342_cov_3.87149	gb_AF173226_+_3767-6917_ARO:3003052_smeB	87.500	56	7	0	8250	8305	1186	1241	2.77e-10	65.8
NODE_3410_length_8342_cov_3.87149	gb_AJ252200_+_1278-4401_ARO:3003056_smeE	78.313	83	18	0	8223	8305	1159	1241	6.00e-07	54.7
NODE_3432_length_8266_cov_3.16807	gb_AF235050.4_+_38028-40140_ARO:3003318_Streptomyces	75.811	339	80	2	6167	6504	413	76	5.65e-42	171
NODE_3861_length_7371_cov_16.487	gb_Z21523_+_0-1974_ARO:3000191_tetQ	100.000	54	0	0	1	54	1908	1961	6.71e-21	100
NODE_4053_length_7029_cov_112.493	gb_M17124_+_1181-1982_ARO:3000498_ErmF	91.343	797	69	0	1835	2631	1	797	0.0	1090
NODE_4053_length_7029_cov_112.493	gb_AF319779.2_+_32-833_ARO:3000604_Erm(35)	78.901	801	169	0	1835	2635	1	801	2.46e-154	544
NODE_4327_length_6584_cov_5.11166	gb_U00096_+_3415032-3418137_ARO:3000502_acrF	74.590	122	31	0	3965	4086	1125	1246	4.73e-07	54.7
NODE_4809_length_5926_cov_2.86254	gb_NC_014638.1_-_1610636-1613960_ARO:3003730_Bifidobacteria	85.835	1066	144	5	1	1061	1064	1	0.0	1125
NODE_4914_length_5829_cov_3.98112	gb_U05883_+_555-1458_ARO:3003559_cepA	79.032	372	74	4	20	389	446	77	1.38e-66	252
NODE_5101_length_5650_cov_2.28883	gb_NC_007779_+_2586250-2589364_ARO:3000491_acrD	79.312	2006	397	18	1	1997	1118	3114	0.0	1389
NODE_5101_length_5650_cov_2.28883	gb_L11616_+_1569-4710_ARO:3000378_MexB	80.410	439	77	5	1	433	1118	1553	7.78e-89	326
NODE_5101_length_5650_cov_2.28883	gb_AJ252200_+_1278-4401_ARO:3003056_smeE	81.462	383	65	6	1	380	1118	1497	7.84e-84	309
NODE_5101_length_5650_cov_2.28883	gb_U00096_+_3660413-3663527_ARO:3000796_mdtF	76.074	326	68	9	47	367	1164	1484	2.32e-39	161
NODE_5101_length_5650_cov_2.28883	gb_U57969_+_1485-4617_ARO:3000801_MexD	88.421	95	9	2	61	154	1184	1277	6.60e-25	113
NODE_5101_length_5650_cov_2.28883	gb_NC_002516_+_2810008-2813197_ARO:3000804_MexF	80.000	145	23	5	1	142	1127	1268	1.43e-21	102
NODE_5101_length_5650_cov_2.28883	gb_NC_010378.1_+_47850-51003_ARO:3003923_oqxB	83.133	83	14	0	54	136	1180	1262	8.65e-14	76.8
NODE_5461_length_5342_cov_2.80707	gb_AJ318073.1_+_793-1990_ARO:3004041_Klebsiella	97.744	1197	24	2	992	2185	1197	1	0.0	2058
NODE_5461_length_5342_cov_2.80707	gb_DQ679966_+_299-1493_ARO:3004042_Enterobacter	80.817	1199	220	9	992	2185	1194	1	0.0	931
NODE_5461_length_5342_cov_2.80707	gb_NC_000913.3_-_481253-484403_ARO:3000216_acrB	83.559	961	154	3	11	969	959	1	0.0	896
NODE_5461_length_5342_cov_2.80707	gb_NC_000913.3_-_484425-485619_ARO:3004043_Escherichia	79.142	1165	235	8	1025	2185	1161	1	0.0	798
NODE_5461_length_5342_cov_2.80707	gb_U00096_+_3415032-3418137_ARO:3000502_acrF	73.333	975	225	26	4	961	966	10	2.05e-89	327
NODE_5586_length_5227_cov_6.28906	gb_X01702_+_484-1285_ARO:3002659_APH(6)-Ic	94.444	36	1	1	545	579	518	483	3.75e-07	54.7
NODE_5775_length_5079_cov_3.09275	gb_NC_002516.2_-_2847775-2850886_ARO:3004075_MuxC	100.000	33	0	0	2450	2482	1233	1201	2.18e-09	62.1
NODE_6008_length_4905_cov_2.92	gb_KU254579.1_+_59421-59841_ARO:3004111_FosA6	98.333	420	7	0	4332	4751	420	1	0.0	737
NODE_6008_length_4905_cov_2.92	gb_KP143090.1_-_1199-1619_ARO:3003209_FosA5	97.381	420	11	0	4332	4751	420	1	0.0	715
NODE_6872_length_4366_cov_2.09441	gb_U00096_+_2158385-2161463_ARO:3000794_mdtC	84.664	2680	407	4	1678	4355	3051	374	0.0	2669
NODE_6872_length_4366_cov_2.09441	gb_NC_002516.2_-_2847775-2850886_ARO:3004075_MuxC	80.632	506	82	15	3259	3756	1476	979	1.64e-104	377
NODE_6917_length_4344_cov_4.44579	gb_AP006618.1_+_4835199-4838688_ARO:3000501_Nocardia	82.544	401	68	2	1381	1780	2966	3365	9.87e-97	351
NODE_7460_length_4059_cov_2.3976	gb_AJ011502.1_+_300-1425_ARO:3004122_Klebsiella	77.329	322	59	9	2750	3058	1044	724	1.66e-44	178
NODE_7582_length_3999_cov_4.41709	gb_AM180355_+_600033-601953_ARO:3000186_tetM	90.365	1920	185	0	760	2679	1920	1	0.0	2521
NODE_7582_length_3999_cov_4.41709	gb_L09756_+_0-1926_ARO:3000192_tetS	78.797	1929	388	19	761	2678	1920	2	0.0	1277
NODE_7603_length_3989_cov_2.6759	gb_AJ252200_+_1278-4401_ARO:3003056_smeE	81.010	495	85	8	1863	2352	1006	1496	8.93e-107	385
NODE_7603_length_3989_cov_2.6759	gb_NC_007779_+_2586250-2589364_ARO:3000491_acrD	79.481	424	79	8	1916	2335	1059	1478	1.55e-79	294
NODE_7603_length_3989_cov_2.6759	gb_NC_000913.3_-_481253-484403_ARO:3000216_acrB	77.053	475	101	8	1850	2320	993	1463	3.38e-71	267
NODE_7603_length_3989_cov_2.6759	gb_U00096_+_3660413-3663527_ARO:3000796_mdtF	72.687	454	113	11	1889	2337	1033	1480	2.14e-33	141
NODE_7676_length_3953_cov_2.53643	gb_NC_010378.1_+_47850-51003_ARO:3003923_oqxB	98.407	1632	26	0	2322	3953	3153	1522	0.0	2870
NODE_8453_length_3610_cov_16.2723	gb_GQ342996_+_797-1793_ARO:3003097_CfxA6	79.098	732	147	6	922	1650	926	198	2.77e-141	499
NODE_8869_length_3439_cov_2.36111	gb_HM751100_+_0-861_ARO:3001157_SHV-108	99.535	861	4	0	32	892	861	1	0.0	1568
NODE_8869_length_3439_cov_2.36111	gb_KF705209_+_0-861_ARO:3001361_SHV-178	99.303	861	6	0	32	892	861	1	0.0	1557
NODE_8869_length_3439_cov_2.36111	gb_LN515533_+_0-867_ARO:3003154_SHV-187	99.077	867	8	0	32	898	867	1	0.0	1557
NODE_8869_length_3439_cov_2.36111	gb_AM176555_+_0-861_ARO:3001134_SHV-80	99.303	861	6	0	32	892	861	1	0.0	1557
NODE_8869_length_3439_cov_2.36111	gb_AY277255_+_66-927_ARO:3001089_SHV-31	99.303	861	6	0	32	892	861	1	0.0	1557
NODE_8869_length_3439_cov_2.36111	gb_JX268631_+_0-861_ARO:3001091_SHV-33	99.303	861	6	0	32	892	861	1	0.0	1557
NODE_8869_length_3439_cov_2.36111	gb_AJ866285_+_0-861_ARO:3001117_SHV-62	99.303	861	6	0	32	892	861	1	0.0	1557
NODE_8869_length_3439_cov_2.36111	gb_AF467947_+_0-861_ARO:3001094_SHV-36	99.303	861	6	0	32	892	861	1	0.0	1557
NODE_8869_length_3439_cov_2.36111	gb_DQ836922_+_0-861_ARO:3001144_SHV-92	99.303	861	6	0	32	892	861	1	0.0	1557
NODE_8869_length_3439_cov_2.36111	gb_JQ926986_+_0-861_ARO:3001345_SHV-144	99.187	861	7	0	32	892	861	1	0.0	1552
NODE_8869_length_3439_cov_2.36111	gb_AF535128_+_0-861_ARO:3001098_SHV-40	99.187	861	7	0	32	892	861	1	0.0	1552
NODE_8869_length_3439_cov_2.36111	gb_HQ877615_+_0-861_ARO:3001159_SHV-110	99.187	861	7	0	32	892	861	1	0.0	1552
NODE_8869_length_3439_cov_2.36111	gb_DQ322460_+_15-876_ARO:3001139_SHV-85	99.187	861	7	0	32	892	861	1	0.0	1552
NODE_8869_length_3439_cov_2.36111	gb_AB302939_+_8-869_ARO:3001115_SHV-60	99.187	861	7	0	32	892	861	1	0.0	1552
NODE_8869_length_3439_cov_2.36111	gb_EF373970_+_0-861_ARO:3001146_SHV-94	99.187	861	7	0	32	892	861	1	0.0	1552
NODE_8869_length_3439_cov_2.36111	gb_AM176556_+_25-886_ARO:3001135_SHV-81	99.187	861	7	0	32	892	861	1	0.0	1552
NODE_8869_length_3439_cov_2.36111	gb_EU032604_+_0-861_ARO:3001152_SHV-103	99.187	861	7	0	32	892	861	1	0.0	1552
NODE_8869_length_3439_cov_2.36111	gb_FJ668814_+_76-937_ARO:3001059_SHV-1	99.187	861	7	0	32	892	861	1	0.0	1552
NODE_8869_length_3439_cov_2.36111	gb_AM176552_+_30-891_ARO:3001131_SHV-77	99.187	861	7	0	32	892	861	1	0.0	1552
NODE_8869_length_3439_cov_2.36111	gb_EF373971_+_0-861_ARO:3001148_SHV-96	99.187	861	7	0	32	892	861	1	0.0	1552
NODE_8869_length_3439_cov_2.36111	gb_KF513177_+_0-861_ARO:3001356_SHV-172	99.187	861	7	0	32	892	861	1	0.0	1552
NODE_8869_length_3439_cov_2.36111	gb_AM176557_+_0-861_ARO:3001136_SHV-82	99.187	861	7	0	32	892	861	1	0.0	1552
NODE_8869_length_3439_cov_2.36111	gb_AY070258_+_0-861_ARO:3001093_SHV-35	99.187	861	7	0	32	892	861	1	0.0	1552
NODE_8869_length_3439_cov_2.36111	gb_AJ866284_+_0-861_ARO:3001116_SHV-61	99.187	861	7	0	32	892	861	1	0.0	1552
NODE_8869_length_3439_cov_2.36111	gb_DQ193536_+_0-861_ARO:3001141_SHV-89	99.187	861	7	0	32	892	861	1	0.0	1552
NODE_8869_length_3439_cov_2.36111	gb_EU586041_+_0-861_ARO:3001112_SHV-56	99.187	861	7	0	32	892	861	1	0.0	1552
NODE_8869_length_3439_cov_2.36111	gb_AM176554_+_30-891_ARO:3001133_SHV-79	99.187	861	7	0	32	892	861	1	0.0	1552
NODE_8869_length_3439_cov_2.36111	gb_HQ845196_+_0-861_ARO:3001109_SHV-52	99.187	861	7	0	32	892	861	1	0.0	1552
NODE_8869_length_3439_cov_2.36111	gb_AM176558_+_0-861_ARO:3001137_SHV-83	99.185	859	7	0	32	890	861	3	0.0	1548
NODE_8869_length_3439_cov_2.36111	gb_KF705208_+_0-861_ARO:3001362_SHV-179	99.071	861	8	0	32	892	861	1	0.0	1546
NODE_8869_length_3439_cov_2.36111	gb_JX013655_+_0-861_ARO:3001185_SHV-145	99.071	861	8	0	32	892	861	1	0.0	1546
NODE_8869_length_3439_cov_2.36111	gb_AM941844_+_0-861_ARO:3001336_SHV-98	99.071	861	8	0	32	892	861	1	0.0	1546
NODE_8869_length_3439_cov_2.36111	gb_AB372881_+_8-869_ARO:3001160_SHV-111	99.071	861	8	0	32	892	861	1	0.0	1546
NODE_8869_length_3439_cov_2.36111	gb_DQ013287_+_0-861_ARO:3001124_SHV-70	99.071	861	8	0	32	892	861	1	0.0	1546
NODE_8869_length_3439_cov_2.36111	gb_JQ341060.1_-_881-1742_ARO:3001344_SHV-143	99.071	861	8	0	32	892	861	1	0.0	1546
NODE_8869_length_3439_cov_2.36111	gb_AY289548_+_0-861_ARO:3001108_SHV-51	99.071	861	8	0	32	892	861	1	0.0	1546
NODE_8869_length_3439_cov_2.36111	gb_AM941848_+_0-861_ARO:3001156_SHV-107	99.071	861	8	0	32	892	861	1	0.0	1546
NODE_8869_length_3439_cov_2.36111	gb_HQ637576_+_0-861_ARO:3001179_SHV-135	99.071	861	8	0	32	892	861	1	0.0	1546
NODE_8869_length_3439_cov_2.36111	gb_AF164577_+_0-861_ARO:3001072_SHV-13	99.071	861	8	0	32	892	861	1	0.0	1546
NODE_8869_length_3439_cov_2.36111	gb_EU342351_+_172-1033_ARO:3001118_SHV-63	99.071	861	8	0	32	892	861	1	0.0	1546
NODE_8869_length_3439_cov_2.36111	gb_AF227204_+_73-934_ARO:3001084_SHV-26	99.071	861	8	0	32	892	861	1	0.0	1546
NODE_8869_length_3439_cov_2.36111	gb_KF513178_+_0-861_ARO:3001357_SHV-173	99.071	861	8	0	32	892	861	1	0.0	1546
NODE_8869_length_3439_cov_2.36111	gb_AM176549_+_30-891_ARO:3001128_SHV-74	99.071	861	8	0	32	892	861	1	0.0	1546
NODE_8869_length_3439_cov_2.36111	gb_AF208796_+_0-861_ARO:3001083_SHV-25	99.071	861	8	0	32	892	861	1	0.0	1546
NODE_8869_length_3439_cov_2.36111	gb_JX121128_+_0-861_ARO:3001200_SHV-161	99.071	861	8	0	32	892	861	1	0.0	1546
NODE_8869_length_3439_cov_2.36111	gb_JX121124_+_0-861_ARO:3001196_SHV-157	99.071	861	8	0	32	892	861	1	0.0	1546
NODE_8869_length_3439_cov_2.36111	gb_JX121117_+_0-858_ARO:3001189_SHV-150	99.184	858	7	0	35	892	858	1	0.0	1546
NODE_8869_length_3439_cov_2.36111	gb_AF226622_+_54-915_ARO:3001073_SHV-14	99.071	861	8	0	32	892	861	1	0.0	1546
NODE_8869_length_3439_cov_2.36111	gb_JQ029959_+_28-889_ARO:3001184_SHV-142	99.071	861	8	0	32	892	861	1	0.0	1546
NODE_8869_length_3439_cov_2.36111	gb_AM176550_+_30-891_ARO:3001129_SHV-75	99.071	861	8	0	32	892	861	1	0.0	1546
NODE_8869_length_3439_cov_2.36111	gb_X98101_+_73-934_ARO:3001070_SHV-11	99.071	861	8	0	32	892	861	1	0.0	1546
NODE_8869_length_3439_cov_2.36111	gb_KM233164_+_0-861_ARO:3003152_SHV-185	99.071	861	8	0	32	892	861	1	0.0	1546
NODE_8869_length_3439_cov_2.36111	gb_AY079099_+_148-1009_ARO:3001096_SHV-38	99.071	861	8	0	32	892	861	1	0.0	1546
NODE_8869_length_3439_cov_2.36111	gb_DQ174307_+_4-865_ARO:3001122_SHV-67	99.071	861	8	0	32	892	861	1	0.0	1546
NODE_8869_length_3439_cov_2.36111	gb_DQ174308_+_4-865_ARO:3001123_SHV-69	99.071	861	8	0	32	892	861	1	0.0	1546
NODE_8869_length_3439_cov_2.36111	gb_AM176553_+_30-891_ARO:3001132_SHV-78	99.071	861	8	0	32	892	861	1	0.0	1546
NODE_8869_length_3439_cov_2.36111	gb_EU155018_+_0-861_ARO:3001150_SHV-101	99.071	861	8	0	32	892	861	1	0.0	1546
NODE_8869_length_3439_cov_2.36111	gb_EU274581_+_0-861_ARO:3001153_SHV-104	99.070	860	8	0	32	891	861	2	0.0	1544
NODE_8869_length_3439_cov_2.36111	gb_JX121122_+_0-858_ARO:3001194_SHV-155	99.182	856	7	0	37	892	856	1	0.0	1543
NODE_8869_length_3439_cov_2.36111	gb_JX121115_+_0-858_ARO:3001187_SHV-148	99.182	856	7	0	37	892	856	1	0.0	1543
NODE_8869_length_3439_cov_2.36111	gb_U20270_+_124-985_ARO:3001066_SHV-7	98.955	861	9	0	32	892	861	1	0.0	1541
NODE_8869_length_3439_cov_2.36111	gb_AY288915_+_0-861_ARO:3001107_SHV-50	98.955	861	9	0	32	892	861	1	0.0	1541
NODE_8869_length_3439_cov_2.36111	gb_AF301532_+_7-868_ARO:3001087_SHV-29	98.955	861	9	0	32	892	861	1	0.0	1541
NODE_8869_length_3439_cov_2.36111	gb_AF293345_+_0-861_ARO:3001085_SHV-27	98.955	861	9	0	32	892	861	1	0.0	1541
NODE_8869_length_3439_cov_2.36111	gb_JF812965_+_0-861_ARO:3001167_SHV-120	98.955	861	9	0	32	892	861	1	0.0	1541
NODE_8869_length_3439_cov_2.36111	gb_JX121118_+_0-858_ARO:3001190_SHV-151	99.068	858	8	0	35	892	858	1	0.0	1541
NODE_8869_length_3439_cov_2.36111	gb_AM941845_+_0-861_ARO:3001337_SHV-99	98.955	861	9	0	32	892	861	1	0.0	1541
NODE_8869_length_3439_cov_2.36111	gb_DQ174305_+_4-865_ARO:3001120_SHV-65	98.955	861	9	0	32	892	861	1	0.0	1541
NODE_8869_length_3439_cov_2.36111	gb_KJ776406_+_16-877_ARO:3001340_SHV-119	98.955	861	9	0	32	892	861	1	0.0	1541
NODE_8869_length_3439_cov_2.36111	gb_EU418913_+_16-877_ARO:3001158_SHV-109	98.955	861	9	0	32	892	861	1	0.0	1541
NODE_8869_length_3439_cov_2.36111	gb_AM176546_+_0-861_ARO:3001125_SHV-71	98.955	861	9	0	32	892	861	1	0.0	1541
NODE_8869_length_3439_cov_2.36111	gb_AF148851_+_5-866_ARO:3001060_SHV-2	98.955	861	9	0	32	892	861	1	0.0	1541
NODE_8869_length_3439_cov_2.36111	gb_AM176551_+_30-891_ARO:3001130_SHV-76	98.955	861	9	0	32	892	861	1	0.0	1541
NODE_8869_length_3439_cov_2.36111	gb_KM233165_+_0-861_ARO:3003153_SHV-186	98.955	861	9	0	32	892	861	1	0.0	1541
NODE_8869_length_3439_cov_2.36111	gb_JQ388884_+_0-861_ARO:3001183_SHV-141	98.955	861	9	0	32	892	861	1	0.0	1541
NODE_8869_length_3439_cov_2.36111	gb_AY223863_+_170-1031_ARO:3001113_SHV-57	98.955	861	9	0	32	892	861	1	0.0	1541
NODE_8869_length_3439_cov_2.36111	gb_JX121123_+_0-861_ARO:3001195_SHV-156	98.955	861	9	0	32	892	861	1	0.0	1541
NODE_8869_length_3439_cov_2.36111	gb_AY528718_+_413-1274_ARO:3001106_SHV-49	98.955	861	9	0	32	892	861	1	0.0	1541
NODE_8869_length_3439_cov_2.36111	gb_AB551737_+_14-875_ARO:3001177_SHV-133	98.955	861	9	0	32	892	861	1	0.0	1541
NODE_8869_length_3439_cov_2.36111	gb_U92041_+_0-861_ARO:3001067_SHV-8	98.955	861	9	0	32	892	861	1	0.0	1541
NODE_8869_length_3439_cov_2.36111	gb_KP050487.1_+_0-861_ARO:3001350_SHV-180	98.955	861	9	0	32	892	861	1	0.0	1541
NODE_8869_length_3439_cov_2.36111	gb_HQ661363_+_71-932_ARO:3001181_SHV-137	98.955	861	9	0	32	892	861	1	0.0	1541
NODE_8869_length_3439_cov_2.36111	gb_HQ661362_+_71-932_ARO:3001168_SHV-121	98.955	861	9	0	32	892	861	1	0.0	1541
NODE_8869_length_3439_cov_2.36111	gb_KP050489_+_0-861_ARO:3001364_SHV-182	98.955	861	9	0	32	892	861	1	0.0	1541
NODE_8869_length_3439_cov_2.36111	gb_AB023477_+_0-861_ARO:3001082_SHV-24	98.955	861	9	0	32	892	861	1	0.0	1541
NODE_8869_length_3439_cov_2.36111	gb_JN051143_+_0-861_ARO:3001182_SHV-140	98.952	859	9	0	32	890	861	3	0.0	1537
NODE_8869_length_3439_cov_2.36111	gb_HM751103.1_+_0-864_ARO:3001169_SHV-122	98.843	864	7	3	32	892	864	1	0.0	1537
NODE_8869_length_3439_cov_2.36111	gb_AY259119_+_116-977_ARO:3001102_SHV-44	98.839	861	10	0	32	892	861	1	0.0	1535
NODE_8869_length_3439_cov_2.36111	gb_KP050494_+_0-861_ARO:3003156_SHV-189	98.839	861	10	0	32	892	861	1	0.0	1535
NODE_8869_length_3439_cov_2.36111	gb_JX121127_+_0-861_ARO:3001199_SHV-160	98.839	861	10	0	32	892	861	1	0.0	1535
NODE_8869_length_3439_cov_2.36111	gb_X55640_+_111-972_ARO:3001064_SHV-5	98.839	861	10	0	32	892	861	1	0.0	1535
NODE_8869_length_3439_cov_2.36111	gb_JX121126_+_0-858_ARO:3001198_SHV-159	98.951	858	9	0	35	892	858	1	0.0	1535
NODE_8869_length_3439_cov_2.36111	gb_EF373972_+_0-861_ARO:3001147_SHV-95	98.839	861	10	0	32	892	861	1	0.0	1535
NODE_8869_length_3439_cov_2.36111	gb_AF547625_+_0-861_ARO:3001103_SHV-45	98.839	861	10	0	32	892	861	1	0.0	1535
NODE_8869_length_3439_cov_2.36111	gb_X98102_+_73-934_ARO:3001061_SHV-2A	98.839	861	10	0	32	892	861	1	0.0	1535
NODE_8869_length_3439_cov_2.36111	gb_AY263404_+_0-861_ARO:3001105_SHV-48	98.839	861	10	0	32	892	861	1	0.0	1535
NODE_8869_length_3439_cov_2.36111	gb_JX121114_+_0-858_ARO:3001186_SHV-147	98.951	858	9	0	35	892	858	1	0.0	1535
NODE_8869_length_3439_cov_2.36111	gb_JX870080_+_0-861_ARO:3001352_SHV-168	98.839	861	10	0	32	892	861	1	0.0	1535
NODE_8869_length_3439_cov_2.36111	gb_JX121125_+_0-858_ARO:3001197_SHV-158	98.951	858	9	0	35	892	858	1	0.0	1535
NODE_8869_length_3439_cov_2.36111	gb_HM559945_+_0-861_ARO:3001178_SHV-134	98.839	861	10	0	32	892	861	1	0.0	1535
NODE_8869_length_3439_cov_2.36111	gb_DQ174306_+_4-865_ARO:3001121_SHV-66	98.839	861	10	0	32	892	861	1	0.0	1535
NODE_8869_length_3439_cov_2.36111	gb_EF373969_+_0-861_ARO:3001145_SHV-93	98.839	861	10	0	32	892	861	1	0.0	1535
NODE_8869_length_3439_cov_2.36111	gb_EU024485_+_0-861_ARO:3001151_SHV-102	98.839	861	10	0	32	892	861	1	0.0	1535
NODE_8869_length_3439_cov_2.36111	gb_EF373973_+_0-861_ARO:3001149_SHV-97	98.839	861	10	0	32	892	861	1	0.0	1535
NODE_8869_length_3439_cov_2.36111	gb_AM176547_+_30-891_ARO:3001126_SHV-72	98.839	861	10	0	32	892	861	1	0.0	1535
NODE_8869_length_3439_cov_2.36111	gb_AY661885_+_48-909_ARO:3001088_SHV-30	98.839	861	10	0	32	892	861	1	0.0	1535
NODE_8869_length_3439_cov_2.36111	gb_AY037778_+_91-952_ARO:3001090_SHV-32	98.839	861	10	0	32	892	861	1	0.0	1535
NODE_8869_length_3439_cov_2.36111	gb_AF535130_+_0-861_ARO:3001100_SHV-42	98.839	861	10	0	32	892	861	1	0.0	1535
NODE_8869_length_3439_cov_2.36111	gb_AF535129_+_0-861_ARO:3001099_SHV-41	98.839	861	10	0	32	892	861	1	0.0	1535
NODE_8869_length_3439_cov_2.36111	gb_JX121130_+_0-858_ARO:3001202_SHV-163	98.949	856	9	0	37	892	856	1	0.0	1531
NODE_8869_length_3439_cov_2.36111	gb_AF299299_+_0-861_ARO:3001086_SHV-28	98.722	861	11	0	32	892	861	1	0.0	1530
NODE_8869_length_3439_cov_2.36111	gb_DQ328802_+_0-861_ARO:3001140_SHV-86	98.722	861	11	0	32	892	861	1	0.0	1530
NODE_8869_length_3439_cov_2.36111	gb_AY036620_+_88-949_ARO:3001092_SHV-34	98.722	861	11	0	32	892	861	1	0.0	1530
NODE_8869_length_3439_cov_2.36111	gb_JX121116_+_0-858_ARO:3001188_SHV-149	98.834	858	10	0	35	892	858	1	0.0	1530
NODE_8869_length_3439_cov_2.36111	gb_AY790341_+_0-861_ARO:3001114_SHV-59	98.722	861	11	0	32	892	861	1	0.0	1530
NODE_8869_length_3439_cov_2.36111	gb_AM941847_+_0-861_ARO:3001155_SHV-106	98.722	861	11	0	32	892	861	1	0.0	1530
NODE_8869_length_3439_cov_2.36111	gb_AF467948_+_0-861_ARO:3001095_SHV-37	98.722	861	11	0	32	892	861	1	0.0	1530
NODE_8869_length_3439_cov_2.36111	gb_JX121120_+_0-858_ARO:3001192_SHV-153	98.834	858	10	0	35	892	858	1	0.0	1530
NODE_8869_length_3439_cov_2.36111	gb_AJ011428_+_0-861_ARO:3001074_SHV-15	98.722	861	11	0	32	892	861	1	0.0	1530
NODE_8869_length_3439_cov_2.36111	gb_LN515534_+_0-873_ARO:3003155_SHV-188	98.396	873	8	1	32	898	873	1	0.0	1530
NODE_8869_length_3439_cov_2.36111	gb_HE981194_+_0-861_ARO:3001347_SHV-164	98.722	861	11	0	32	892	861	1	0.0	1530
NODE_8869_length_3439_cov_2.36111	gb_JX121119_+_0-858_ARO:3001191_SHV-152	98.834	858	10	0	35	892	858	1	0.0	1530
NODE_8869_length_3439_cov_2.36111	gb_DQ174304_+_4-865_ARO:3001119_SHV-64	98.722	861	11	0	32	892	861	1	0.0	1530
NODE_8869_length_3439_cov_2.36111	gb_AF132290_+_87-948_ARO:3001076_SHV-18	98.722	861	11	0	32	892	861	1	0.0	1530
NODE_8869_length_3439_cov_2.36111	gb_HG934764_+_0-864_ARO:3001351_SHV-183	98.611	864	9	1	32	892	864	1	0.0	1526
NODE_8869_length_3439_cov_2.36111	gb_NG_050068_+_100-961_ARO:3001062_SHV-3	98.606	861	12	0	32	892	861	1	0.0	1524
NODE_8869_length_3439_cov_2.36111	gb_JX121131_+_0-858_ARO:3001203_SHV-165	98.718	858	11	0	35	892	858	1	0.0	1524
NODE_8869_length_3439_cov_2.36111	gb_JX121121_+_0-858_ARO:3001193_SHV-154	98.718	858	11	0	35	892	858	1	0.0	1524
NODE_8869_length_3439_cov_2.36111	gb_AJ863560_+_0-861_ARO:3001111_SHV-55	98.606	861	12	0	32	892	861	1	0.0	1524
NODE_8869_length_3439_cov_2.36111	gb_AY210887_+_111-972_ARO:3001104_SHV-46	98.606	861	12	0	32	892	861	1	0.0	1524
NODE_8869_length_3439_cov_2.36111	gb_AY065991_+_6-867_ARO:3001101_SHV-43	98.606	861	12	0	32	892	861	1	0.0	1524
NODE_8869_length_3439_cov_2.36111	gb_GU827715_+_0-861_ARO:3001176_SHV-129	98.606	861	12	0	32	892	861	1	0.0	1524
NODE_8869_length_3439_cov_2.36111	gb_JX121129_+_0-858_ARO:3001201_SHV-162	98.718	858	11	0	35	892	858	1	0.0	1524
NODE_8869_length_3439_cov_2.36111	gb_FJ194944_+_46-907_ARO:3001154_SHV-105	98.606	861	12	0	32	892	861	1	0.0	1524
NODE_8869_length_3439_cov_2.36111	gb_AM176548_+_16-874_ARO:3001127_SHV-73	98.828	853	10	0	32	884	858	6	0.0	1520
NODE_8869_length_3439_cov_2.36111	gb_AB733453_+_3-849_ARO:3001204_SHV-167	99.054	846	8	0	47	892	846	1	0.0	1519
NODE_8869_length_3439_cov_2.36111	gb_GU932590_+_0-861_ARO:3001175_SHV-128	98.374	861	14	0	32	892	861	1	0.0	1513
NODE_8869_length_3439_cov_2.36111	gb_AJ920369_+_23-860_ARO:3001071_SHV-12	98.925	837	9	0	56	892	837	1	0.0	1496
NODE_8869_length_3439_cov_2.36111	gb_S82452_+_120-978_ARO:3001068_SHV-9	97.793	861	16	1	32	892	858	1	0.0	1482
NODE_8869_length_3439_cov_2.36111	gb_AM087453_+_25-856_ARO:3001138_SHV-84	98.797	831	10	0	62	892	831	1	0.0	1480
NODE_8869_length_3439_cov_2.36111	gb_AF072684_+_117-993_ARO:3001075_SHV-16	97.149	877	8	3	32	892	876	1	0.0	1465
NODE_8869_length_3439_cov_2.36111	gb_GQ390807_+_0-813_ARO:3001172_SHV-125	98.770	813	10	0	80	892	813	1	0.0	1447
NODE_8869_length_3439_cov_2.36111	gb_GQ390809_+_0-813_ARO:3001174_SHV-127	98.647	813	11	0	80	892	813	1	0.0	1441
NODE_8869_length_3439_cov_2.36111	gb_GQ390808_+_0-813_ARO:3001173_SHV-126	98.647	813	11	0	80	892	813	1	0.0	1441
NODE_8869_length_3439_cov_2.36111	gb_GQ390806_+_0-813_ARO:3001171_SHV-124	98.647	813	11	0	80	892	813	1	0.0	1441
NODE_8869_length_3439_cov_2.36111	gb_GQ390805_+_0-813_ARO:3001170_SHV-123	98.524	813	12	0	80	892	813	1	0.0	1435
NODE_8869_length_3439_cov_2.36111	gb_AF117743_+_0-780_ARO:3001077_SHV-19	98.846	780	9	0	83	862	780	1	0.0	1391
NODE_8869_length_3439_cov_2.36111	gb_Y11069_+_0-780_ARO:3001065_SHV-6	98.846	780	9	0	83	862	780	1	0.0	1391
NODE_8869_length_3439_cov_2.36111	gb_AF117744_+_0-780_ARO:3001078_SHV-20	98.718	780	10	0	83	862	780	1	0.0	1386
NODE_8869_length_3439_cov_2.36111	gb_AF117746_+_0-780_ARO:3001080_SHV-22	98.590	780	11	0	83	862	780	1	0.0	1380
NODE_8869_length_3439_cov_2.36111	gb_AF117745_+_0-780_ARO:3001079_SHV-21	98.590	780	11	0	83	862	780	1	0.0	1380
NODE_8869_length_3439_cov_2.36111	gb_AM941846_+_0-900_ARO:3001338_SHV-100	98.961	770	8	0	32	801	900	131	0.0	1378
NODE_8869_length_3439_cov_2.36111	gb_AM941846_+_0-900_ARO:3001338_SHV-100	98.496	133	2	0	760	892	133	1	8.20e-62	235
NODE_8869_length_3439_cov_2.36111	gb_AF117747_+_0-780_ARO:3001081_SHV-23	98.462	780	12	0	83	862	780	1	0.0	1375
NODE_8869_length_3439_cov_2.36111	gb_AY590467_+_0-729_ARO:3001110_SHV-53	99.314	729	5	0	144	872	729	1	0.0	1319
NODE_8869_length_3439_cov_2.36111	gb_AM850912_+_0-861_ARO:3002469_LEN-22	91.067	862	75	2	32	892	861	1	0.0	1164
NODE_8869_length_3439_cov_2.36111	gb_AM850909_+_0-861_ARO:3002466_LEN-19	91.067	862	75	2	32	892	861	1	0.0	1164
NODE_8869_length_3439_cov_2.36111	gb_AY037780_+_88-949_ARO:3002455_LEN-2	91.067	862	75	2	32	892	861	1	0.0	1164
NODE_8869_length_3439_cov_2.36111	gb_AY633109_+_0-861_ARO:3002456_LEN-5	90.951	862	76	2	32	892	861	1	0.0	1158
NODE_8869_length_3439_cov_2.36111	gb_AM850910_+_0-861_ARO:3002467_LEN-20	90.951	862	76	2	32	892	861	1	0.0	1158
NODE_8869_length_3439_cov_2.36111	gb_AM850911_+_0-861_ARO:3002468_LEN-21	90.951	862	76	2	32	892	861	1	0.0	1158
NODE_8869_length_3439_cov_2.36111	gb_AM850914_+_30-891_ARO:3002471_LEN-24	90.835	862	77	2	32	892	861	1	0.0	1153
NODE_8869_length_3439_cov_2.36111	gb_AM850908_+_0-861_ARO:3002465_LEN-18	90.835	862	77	2	32	892	861	1	0.0	1153
NODE_8869_length_3439_cov_2.36111	gb_AY743416_+_67-928_ARO:3002464_LEN-16	90.835	862	77	2	32	892	861	1	0.0	1153
NODE_8869_length_3439_cov_2.36111	gb_NG_050780.1_+_100-961_ARO:3002459_LEN-9	90.835	862	77	2	32	892	861	1	0.0	1153
NODE_8869_length_3439_cov_2.36111	gb_AM850913_+_0-861_ARO:3002470_LEN-23	90.603	862	79	2	32	892	861	1	0.0	1142
NODE_8869_length_3439_cov_2.36111	gb_NG_049281_+_0-861_ARO:3002474_LEN-26	90.371	862	81	2	32	892	861	1	0.0	1131
NODE_8869_length_3439_cov_2.36111	gb_AF452105_+_0-840_ARO:3002478_LEN-15	90.618	842	76	3	52	892	840	1	0.0	1114
NODE_8869_length_3439_cov_2.36111	gb_AY130287_+_0-822_ARO:3002472_LEN-4	90.987	821	72	2	51	870	822	3	0.0	1105
NODE_8869_length_3439_cov_2.36111	gb_X04515_+_285-1125_ARO:3002454_LEN-1	90.380	842	78	3	52	892	840	1	0.0	1103
NODE_8869_length_3439_cov_2.36111	gb_AY130286_+_0-822_ARO:3002475_LEN-3	90.865	821	73	2	51	870	822	3	0.0	1099
NODE_8869_length_3439_cov_2.36111	gb_AJ635417_+_0-789_ARO:3002461_LEN-11	90.633	790	72	2	68	856	789	1	0.0	1048
NODE_8869_length_3439_cov_2.36111	gb_AJ635406_+_0-789_ARO:3002462_LEN-12	90.633	790	72	2	68	856	789	1	0.0	1048
NODE_8869_length_3439_cov_2.36111	gb_AJ635425_+_0-789_ARO:3002457_LEN-7	90.380	790	74	2	68	856	789	1	0.0	1037
NODE_8869_length_3439_cov_2.36111	gb_AJ635403_+_0-789_ARO:3002463_LEN-13	90.380	790	74	2	68	856	789	1	0.0	1037
NODE_8869_length_3439_cov_2.36111	gb_AM850919_+_24-885_ARO:3002450_OKP-B-17	88.283	862	99	2	32	892	861	1	0.0	1031
NODE_8869_length_3439_cov_2.36111	gb_AM850918_+_24-885_ARO:3002438_OKP-B-5	88.283	862	99	2	32	892	861	1	0.0	1031
NODE_8869_length_3439_cov_2.36111	gb_FJ534513_+_0-861_ARO:3002430_OKP-A-13	88.283	862	99	2	32	892	861	1	0.0	1031
NODE_8869_length_3439_cov_2.36111	gb_AM850915_+_19-880_ARO:3002428_OKP-A-11	88.297	863	97	4	32	892	861	1	0.0	1031
NODE_8869_length_3439_cov_2.36111	gb_AJ635419_+_0-789_ARO:3002460_LEN-10	90.253	790	75	2	68	856	789	1	0.0	1031
NODE_8869_length_3439_cov_2.36111	gb_AM051153_+_0-861_ARO:3002437_OKP-B-4	88.269	861	99	2	33	892	860	1	0.0	1029
NODE_8869_length_3439_cov_2.36111	gb_AM850917_+_17-878_ARO:3002439_OKP-B-6	88.167	862	100	2	32	892	861	1	0.0	1026
NODE_8869_length_3439_cov_2.36111	gb_AM051152_+_0-861_ARO:3002436_OKP-B-3	88.153	861	100	2	33	892	860	1	0.0	1024
NODE_8869_length_3439_cov_2.36111	gb_FJ755840_+_0-861_ARO:3002433_OKP-A-16	88.065	863	99	4	32	892	861	1	0.0	1020
NODE_8869_length_3439_cov_2.36111	gb_AM850922_+_24-885_ARO:3002453_OKP-B-20	88.051	862	101	2	32	892	861	1	0.0	1020
NODE_8869_length_3439_cov_2.36111	gb_FJ534512_+_0-861_ARO:3002431_OKP-A-14	88.051	862	101	2	32	892	861	1	0.0	1020
NODE_8869_length_3439_cov_2.36111	gb_AY825330_+_0-861_ARO:3002446_OKP-B-13	88.051	862	101	2	32	892	861	1	0.0	1020
NODE_8869_length_3439_cov_2.36111	gb_AJ635424_+_0-789_ARO:3002458_LEN-8	90.000	790	77	2	68	856	789	1	0.0	1020
NODE_8869_length_3439_cov_2.36111	gb_AM850916_+_18-879_ARO:3002429_OKP-A-12	88.065	863	99	4	32	892	861	1	0.0	1020
NODE_8869_length_3439_cov_2.36111	gb_AJ635401_+_0-861_ARO:3002418_OKP-A-1	88.037	861	101	2	33	892	860	1	0.0	1018
NODE_8869_length_3439_cov_2.36111	gb_AM051143_+_0-861_ARO:3002422_OKP-A-5	88.051	862	99	4	33	892	860	1	0.0	1018
NODE_8869_length_3439_cov_2.36111	gb_AM051140_+_0-861_ARO:3002420_OKP-A-3	88.051	862	99	4	33	892	860	1	0.0	1018
NODE_8869_length_3439_cov_2.36111	gb_AM051157_+_0-861_ARO:3002441_OKP-B-8	88.037	861	101	2	33	892	860	1	0.0	1018
NODE_8869_length_3439_cov_2.36111	gb_AM051151_+_0-861_ARO:3002435_OKP-B-2	88.037	861	101	2	33	892	860	1	0.0	1018
NODE_8869_length_3439_cov_2.36111	gb_AM051159_+_0-861_ARO:3002442_OKP-B-9	88.037	861	101	2	33	892	860	1	0.0	1018
NODE_8869_length_3439_cov_2.36111	gb_AM850921_+_24-885_ARO:3002452_OKP-B-19	87.935	862	102	2	32	892	861	1	0.0	1014
NODE_8869_length_3439_cov_2.36111	gb_AM051156_+_0-861_ARO:3002440_OKP-B-7	87.921	861	102	2	33	892	860	1	0.0	1013
NODE_8869_length_3439_cov_2.36111	gb_AM051142_+_0-861_ARO:3002421_OKP-A-4	87.921	861	102	2	33	892	860	1	0.0	1013
NODE_8869_length_3439_cov_2.36111	gb_AM051147_+_0-861_ARO:3002425_OKP-A-8	87.921	861	102	2	33	892	860	1	0.0	1013
NODE_8869_length_3439_cov_2.36111	gb_AJ635404_+_0-861_ARO:3002419_OKP-A-2	87.921	861	102	2	33	892	860	1	0.0	1013
NODE_8869_length_3439_cov_2.36111	gb_AJ635402_+_0-861_ARO:3002434_OKP-B-1	87.921	861	102	2	33	892	860	1	0.0	1013
NODE_8869_length_3439_cov_2.36111	gb_AM051148_+_0-861_ARO:3002426_OKP-A-9	87.935	862	100	4	33	892	860	1	0.0	1013
NODE_8869_length_3439_cov_2.36111	gb_AM051149_+_0-861_ARO:3002427_OKP-A-10	87.819	862	101	4	33	892	860	1	0.0	1007
NODE_8869_length_3439_cov_2.36111	gb_AM051161_+_0-861_ARO:3002444_OKP-B-11	87.819	862	101	4	33	892	860	1	0.0	1007
NODE_8869_length_3439_cov_2.36111	gb_AM850920_+_40-901_ARO:3002451_OKP-B-18	87.703	862	104	2	32	892	861	1	0.0	1003
NODE_8869_length_3439_cov_2.36111	gb_AM051144_+_0-861_ARO:3002423_OKP-A-6	87.717	863	100	6	33	892	860	1	0.0	1002
NODE_8869_length_3439_cov_2.36111	gb_AM051160_+_0-861_ARO:3002443_OKP-B-10	87.689	861	104	2	33	892	860	1	0.0	1002
NODE_8869_length_3439_cov_2.36111	gb_AM051146_+_0-861_ARO:3002424_OKP-A-7	87.471	862	104	4	33	892	860	1	0.0	990
NODE_8869_length_3439_cov_2.36111	gb_FJ755841_+_0-846_ARO:3002432_OKP-A-15	86.543	862	99	11	32	892	846	1	0.0	933
NODE_8869_length_3439_cov_2.36111	gb_AJ635420_+_0-789_ARO:3002445_OKP-B-12	87.595	790	94	4	68	855	789	2	0.0	913
NODE_8869_length_3439_cov_2.36111	gb_AY265890_+_0-472_ARO:3002476_LEN-6	91.720	471	39	0	401	871	471	1	0.0	654
NODE_8869_length_3439_cov_2.36111	gb_AY265889_+_0-458_ARO:3002477_LEN-14	91.048	458	41	0	410	867	458	1	1.94e-177	619
NODE_8869_length_3439_cov_2.36111	gb_EU477409_+_0-308_ARO:3001161_SHV-112	98.039	306	6	0	108	413	306	1	2.60e-151	532
NODE_8869_length_3439_cov_2.36111	gb_AY150585_+_0-285_ARO:3001097_SHV-39	97.872	282	6	0	110	391	282	1	5.70e-138	488
NODE_8920_length_3420_cov_29.4571	gb_Z21523_+_0-1974_ARO:3000191_tetQ	89.970	1974	197	1	1220	3192	1974	1	0.0	2547
NODE_10410_length_2967_cov_1.94918	gb_AJ011502.1_+_300-1425_ARO:3004122_Klebsiella	99.289	1125	8	0	984	2108	1	1125	0.0	2034
NODE_10441_length_2960_cov_2.67849	gb_U00096_+_2812615-2814154_ARO:3000074_emrB	85.612	834	118	2	2119	2951	1	833	0.0	874
NODE_10656_length_2902_cov_2.42922	gb_NC_014638.1_-_1610636-1613960_ARO:3003730_Bifidobacteria	81.764	1848	283	35	1	1807	1485	3319	0.0	1496
NODE_11355_length_2743_cov_1.84524	gb_NC_002695.2_-_1737690-1738104_ARO:3000676_H-NS	87.438	406	49	2	1672	2076	1	405	2.13e-131	466
NODE_12150_length_2574_cov_2.316	gb_M80346_+_0-1656_ARO:3002817_carA	96.970	33	1	0	101	133	571	603	5.12e-08	56.5
NODE_12526_length_2503_cov_2.44158	gb_NC_000913.3_-_2306971-2308615_ARO:3003952_yojI	77.532	1175	250	12	1	1168	473	1640	0.0	695
NODE_12568_length_2495_cov_3.5582	gb_AY055428.1_-_20268-21084_ARO:3000412_sul2	100.000	816	0	0	1610	2425	816	1	0.0	1507
NODE_13117_length_2397_cov_2.46968	gb_U00096_+_2155262-2158385_ARO:3000793_mdtB	79.584	1827	361	11	2	1822	1303	3123	0.0	1297
NODE_13117_length_2397_cov_2.46968	gb_NC_002516.2_-_2850882-2854014_ARO:3004074_MuxB	74.088	1810	395	62	2	1774	1276	3048	0.0	676
NODE_13117_length_2397_cov_2.46968	gb_U00096_+_2158385-2161463_ARO:3000794_mdtC	82.986	576	96	2	1823	2397	1	575	1.41e-147	520
NODE_13117_length_2397_cov_2.46968	gb_AB219523.1_+_1175-4286_ARO:3003705_mexN	73.273	333	77	12	1922	2248	112	438	1.00e-24	111
NODE_13663_length_2313_cov_1.67095	gb_U00096_-_2098446-2099613_ARO:3003577_ugd	78.488	172	37	0	452	623	698	869	2.69e-25	113
NODE_13900_length_2274_cov_1.29968	gb_D78168_+_536-1592_ARO:3000206_emrK	100.000	1056	0	0	294	1349	1056	1	0.0	1951
NODE_13900_length_2274_cov_1.29968	gb_NC_002695_+_3211891-3212506_ARO:3000832_evgA	100.000	402	0	0	1873	2274	1	402	0.0	743
NODE_13900_length_2274_cov_1.29968	gb_D78168_+_1591-3130_ARO:3000254_emrY	94.839	310	0	1	1	294	310	1	1.36e-132	470
NODE_14510_length_2188_cov_119.376	gb_AF472622_+_52-1018_ARO:3003003_CfxA3	100.000	966	0	0	214	1179	1	966	0.0	1784
NODE_14510_length_2188_cov_119.376	gb_AY769933_+_0-966_ARO:3003005_CfxA4	99.896	966	1	0	214	1179	1	966	0.0	1779
NODE_14510_length_2188_cov_119.376	gb_AF118110.1_-_71-1037_ARO:3003002_CfxA2	99.896	966	1	0	214	1179	1	966	0.0	1779
NODE_14510_length_2188_cov_119.376	gb_AY769934_+_27-993_ARO:3003096_CfxA5	99.793	966	2	0	214	1179	1	966	0.0	1773
NODE_14510_length_2188_cov_119.376	gb_U38243_+_149-1115_ARO:3003001_CfxA	99.793	966	2	0	214	1179	1	966	0.0	1773
NODE_14510_length_2188_cov_119.376	gb_GQ342996_+_797-1793_ARO:3003097_CfxA6	89.234	966	101	3	210	1174	30	993	0.0	1205
NODE_14774_length_2151_cov_10.3182	gb_AJ295238.3_+_163-2083_ARO:3000196_tet32	87.819	1921	214	19	56	1966	1911	1	0.0	2233
NODE_15066_length_2111_cov_159.759	gb_EU434751_+_658-2578_ARO:3000194_tetW	99.889	1798	2	0	314	2111	1	1798	0.0	3310
NODE_15066_length_2111_cov_159.759	gb_KU736867.1_+_19653-21573_ARO:3004442_tet(W/N/W)	96.719	1798	59	0	314	2111	1	1798	0.0	2994
NODE_15223_length_2092_cov_2.62445	gb_NC_000913.3_-_481253-484403_ARO:3000216_acrB	84.362	2091	316	9	9	2092	3102	1016	0.0	2039
NODE_15223_length_2092_cov_2.62445	gb_AB015853_+_1330-4471_ARO:3003033_mexY	77.027	370	77	8	1725	2090	1380	1015	3.89e-53	206
NODE_16622_length_1935_cov_19.2197	gb_AF319779.2_+_32-833_ARO:3000604_Erm(35)	100.000	49	0	0	1	49	49	1	1.05e-18	91.6
NODE_16622_length_1935_cov_19.2197	gb_M17124_+_1181-1982_ARO:3000498_ErmF	100.000	49	0	0	1	49	49	1	1.05e-18	91.6
NODE_17597_length_1836_cov_1.51263	gb_U05883_+_555-1458_ARO:3003559_cepA	99.114	903	8	0	207	1109	903	1	0.0	1624
NODE_17616_length_1833_cov_1.92632	gb_U00096_+_2155262-2158385_ARO:3000793_mdtB	83.827	878	141	1	952	1828	1	878	0.0	833
NODE_17616_length_1833_cov_1.92632	gb_NC_002516.2_-_2850882-2854014_ARO:3004074_MuxB	75.536	793	173	21	984	1765	6	788	1.14e-102	370
NODE_18808_length_1731_cov_2.83532	gb_NC_002516.2_+_3982020-3984009_ARO:3002985_arnA	80.169	948	171	13	324	1264	944	1881	0.0	693
NODE_18888_length_1725_cov_156.487	gb_AY928180_+_0-495_ARO:3002837_lnuC	98.990	495	5	0	82	576	495	1	0.0	887
NODE_19175_length_1702_cov_79.7468	gb_M18896.2_+_206-2126_ARO:3000190_tetO	99.557	903	4	0	800	1702	1	903	0.0	1646
NODE_19175_length_1702_cov_79.7468	gb_AJ295238.3_+_163-2083_ARO:3000196_tet32	91.919	396	32	0	800	1195	1	396	2.73e-158	555
NODE_19321_length_1691_cov_1.68093	gb_NC_002695.1_-_4903561-4904935_ARO:3000830_cpxA	96.954	394	12	0	1	394	981	1374	0.0	662
NODE_21125_length_1568_cov_1.92069	gb_JQ394987_+_0-1233_ARO:3001328_Escherichia	78.446	682	143	4	888	1567	1	680	2.04e-124	442
NODE_22173_length_1501_cov_1.5	gb_NC_002695.2_-_1737690-1738104_ARO:3000676_H-NS	100.000	207	0	0	1295	1501	1	207	1.20e-106	383
NODE_22251_length_1496_cov_2.12353	gb_NC_007779_+_2166412-2167135_ARO:3000828_baeR	86.722	723	84	1	581	1291	1	723	0.0	793
NODE_22297_length_1493_cov_1.7267	gb_U00096.3_-_3203309-3204131_ARO:3002986_bacA	98.476	656	1	1	1	647	656	1	0.0	1147
NODE_23022_length_1453_cov_2.23748	gb_U00096_+_3660413-3663527_ARO:3000796_mdtF	99.862	1453	2	0	1	1453	2308	856	0.0	2673
NODE_23022_length_1453_cov_2.23748	gb_L11616_+_1569-4710_ARO:3000378_MexB	76.774	465	103	5	811	1273	1497	1036	2.64e-68	255
NODE_23022_length_1453_cov_2.23748	gb_AJ252200_+_1278-4401_ARO:3003056_smeE	74.580	476	114	7	810	1282	1498	1027	3.49e-52	202
NODE_23022_length_1453_cov_2.23748	gb_NC_007779_+_2586250-2589364_ARO:3000491_acrD	74.145	468	107	11	825	1285	1484	1024	4.54e-46	182
NODE_23022_length_1453_cov_2.23748	gb_U57969_+_1485-4617_ARO:3000801_MexD	85.263	95	14	0	1044	1138	1271	1177	4.71e-21	99.0
NODE_23022_length_1453_cov_2.23748	gb_NC_010378.1_+_47850-51003_ARO:3003923_oqxB	87.143	70	7	2	1055	1123	1263	1195	6.13e-15	78.7
NODE_23022_length_1453_cov_2.23748	gb_NC_002516_+_2810008-2813197_ARO:3000804_MexF	86.765	68	9	0	1056	1123	1262	1195	2.21e-14	76.8
NODE_23517_length_1427_cov_1.79883	gb_NC_014638.1_-_1610636-1613960_ARO:3003730_Bifidobacteria	100.000	144	0	0	1284	1427	1	144	1.20e-71	267
NODE_23873_length_1408_cov_2.09017	gb_AP006618.1_+_4835199-4838688_ARO:3000501_Nocardia	82.520	246	35	7	46	287	3023	3264	2.02e-54	209
NODE_24050_length_1399_cov_63.2507	gb_JQ740052_+_2108-3329_ARO:3000567_tet(40)	99.427	1221	7	0	163	1383	1221	1	0.0	2217
NODE_25363_length_1333_cov_1.70657	gb_AJ252200_+_1278-4401_ARO:3003056_smeE	74.260	338	63	18	587	912	7	332	9.21e-28	121
NODE_25628_length_1319_cov_1.31408	gb_CP000800.1_-_1191727-1192954_ARO:3001329_mdtG	98.232	509	9	0	1	509	509	1	0.0	891
NODE_27574_length_1237_cov_1.68274	gb_U00096_+_3660413-3663527_ARO:3000796_mdtF	99.822	561	1	0	677	1237	3114	2554	0.0	1031
NODE_27574_length_1237_cov_1.68274	gb_CP015085.1_-_2551711-2552440_ARO:3003838_gadW	96.178	314	12	0	1	314	416	729	3.35e-146	514
NODE_28203_length_1211_cov_1.53806	gb_U00096_+_2484373-2487967_ARO:3000833_evgS	98.138	1128	0	2	1	1107	2467	3594	0.0	1947
NODE_30028_length_1147_cov_1.92491	gb_NC_014638.1_-_1610636-1613960_ARO:3003730_Bifidobacteria	99.215	1147	9	0	1	1147	1477	331	0.0	2069
NODE_30148_length_1143_cov_1.57721	gb_AP009048.1_-_4303042-4304509_ARO:3003550_mdtP	99.825	1143	2	0	1	1143	84	1226	0.0	2100
NODE_30652_length_1128_cov_1.39515	gb_NC_000913.3_-_481253-484403_ARO:3000216_acrB	100.000	469	0	0	660	1128	3150	2682	0.0	867
NODE_30871_length_1122_cov_1.2493	gb_NC_000913.3_+_3219493-3220873_ARO:3000024_patA	100.000	222	0	0	901	1122	1380	1159	4.09e-115	411
NODE_32096_length_1087_cov_1.8314	gb_AF235050.4_+_38028-40140_ARO:3003318_Streptomyces	100.000	31	0	0	344	374	1896	1926	5.95e-09	58.4
NODE_32596_length_1072_cov_344.948	gb_AF242872_+_2131-2878_ARO:3000375_ErmB	99.598	747	2	1	46	791	747	1	0.0	1362
NODE_32930_length_1063_cov_1.0377	gb_U00096_+_2367070-2368039_ARO:3003578_pmrF	100.000	593	0	0	471	1063	969	377	0.0	1096
NODE_33384_length_1052_cov_1.52959	gb_U00096_+_3415032-3418137_ARO:3000502_acrF	99.525	1052	5	0	1	1052	1171	120	0.0	1916
NODE_33384_length_1052_cov_1.52959	gb_NC_000913.3_-_481253-484403_ARO:3000216_acrB	75.000	1036	221	30	12	1028	1160	144	3.78e-125	444
NODE_34097_length_1032_cov_2.02866	gb_AF235050.4_+_38028-40140_ARO:3003318_Streptomyces	75.879	199	46	2	139	336	453	256	9.24e-22	100
NODE_34145_length_1031_cov_1.56352	gb_AP009048.1_-_4304505-4306557_ARO:3003549_mdtO	98.701	1001	2	1	2	991	1001	1	0.0	1766
NODE_34145_length_1031_cov_1.56352	gb_AP009048.1_-_4306556-4307588_ARO:3003548_mdtN	100.000	41	0	0	991	1031	1032	992	1.56e-14	76.8
NODE_34902_length_1011_cov_2.15795	gb_NC_000913.3_+_2810769-2811300_ARO:3000516_emrR	100.000	526	0	0	1	526	526	1	0.0	972
NODE_36278_length_980_cov_60.3968	gb_AF028812_+_392-887_ARO:3002867_dfrF	99.597	496	1	1	422	917	1	495	0.0	904
NODE_37653_length_950_cov_0.989944	gb_NC_007779_+_2586250-2589364_ARO:3000491_acrD	77.412	425	84	12	378	796	1060	1478	1.33e-64	243
NODE_37653_length_950_cov_0.989944	gb_U00096_+_3660413-3663527_ARO:3000796_mdtF	73.363	443	104	12	376	811	1058	1493	2.31e-37	152
NODE_37653_length_950_cov_0.989944	gb_AB219524.1_+_1176-4338_ARO:3003699_mexQ	73.171	205	52	2	367	571	1058	1259	6.66e-13	71.3
NODE_37929_length_944_cov_1.22047	gb_U00096_+_3415032-3418137_ARO:3000502_acrF	100.000	599	0	0	1	599	2507	3105	0.0	1107
NODE_37929_length_944_cov_1.22047	gb_NC_003197.2_-_393893-397061_ARO:3000790_mdsB	81.928	83	9	6	400	479	2933	3012	3.08e-11	65.8
NODE_37959_length_944_cov_19.5478	gb_EU434751_+_658-2578_ARO:3000194_tetW	83.616	177	29	0	768	944	1920	1744	8.20e-42	167
NODE_38301_length_936_cov_1.82179	gb_NC_005024_+_42504-43944_ARO:3002597_AAC(6')-Ie-APH(2'')-Ia	88.182	110	12	1	1	109	112	3	1.07e-30	130
NODE_38352_length_935_cov_1.38182	gb_NC_000913.3_+_3219493-3220873_ARO:3000024_patA	100.000	180	0	0	1	180	180	1	7.56e-92	333
NODE_38962_length_922_cov_1.71972	gb_AP009048.1_-_3980025-3981183_ARO:3000795_mdtE	97.753	801	0	1	140	922	1158	358	0.0	1363
NODE_38962_length_922_cov_1.71972	gb_U00096_+_3660413-3663527_ARO:3000796_mdtF	100.000	115	0	0	1	115	115	1	1.01e-55	213
NODE_39248_length_916_cov_1.90476	gb_U00096_+_2812615-2814154_ARO:3000074_emrB	100.000	101	0	0	816	916	1539	1439	6.10e-48	187
NODE_39785_length_906_cov_1.59107	gb_NC_000913.3_-_721055-721733_ARO:3003841_kdpE	98.083	678	7	1	15	686	1	678	0.0	1175
NODE_40174_length_898_cov_1.34757	gb_U00096_+_2812615-2814154_ARO:3000074_emrB	99.555	898	4	0	1	898	1441	544	0.0	1637
NODE_40315_length_896_cov_1.73484	gb_U00096_+_2484373-2487967_ARO:3000833_evgS	100.000	896	0	0	1	896	1580	685	0.0	1655
NODE_41614_length_873_cov_136.973	gb_M17124_+_1181-1982_ARO:3000498_ErmF	99.126	801	7	0	7	807	1	801	0.0	1441
NODE_41614_length_873_cov_136.973	gb_AF319779.2_+_32-833_ARO:3000604_Erm(35)	78.643	796	166	3	7	800	1	794	1.08e-149	525
NODE_41894_length_867_cov_1.80665	gb_U00096_+_2484373-2487967_ARO:3000833_evgS	100.000	867	0	0	1	867	1594	2460	0.0	1602
NODE_42410_length_859_cov_1.28234	gb_U00096_+_2154015-2155263_ARO:3000792_mdtA	99.789	475	1	0	385	859	1248	774	0.0	872
NODE_42410_length_859_cov_1.28234	gb_U00096_+_2155262-2158385_ARO:3000793_mdtB	98.942	378	4	0	8	385	378	1	0.0	676
NODE_43807_length_836_cov_1.06402	gb_CP014358.1_-_2161325-2162750_ARO:3001327_mdtK	78.723	658	138	2	1	657	657	1	1.39e-123	438
NODE_45127_length_814_cov_1.56653	gb_NC_000913.3_-_721055-721733_ARO:3003841_kdpE	90.278	144	14	0	255	398	535	678	1.51e-48	189
NODE_45749_length_805_cov_1.71067	gb_FJ768952_+_0-1488_ARO:3000237_tolC	100.000	314	0	0	1	314	314	1	2.10e-166	580
NODE_46333_length_796_cov_1.78947	gb_AF235050.4_+_38028-40140_ARO:3003318_Streptomyces	92.000	50	4	0	203	252	125	76	5.56e-13	71.3
NODE_46508_length_794_cov_74.4587	gb_M18896.2_+_206-2126_ARO:3000190_tetO	100.000	756	0	0	39	794	1920	1165	0.0	1397
NODE_46508_length_794_cov_74.4587	gb_AJ295238.3_+_163-2083_ARO:3000196_tet32	96.825	756	24	0	39	794	1920	1165	0.0	1264
NODE_46831_length_789_cov_1.74114	gb_AP009048_-_4338624-4340268_ARO:3003576_eptA	99.873	789	1	0	1	789	813	1601	0.0	1452
NODE_47292_length_783_cov_1.2706	gb_U00096_+_2155262-2158385_ARO:3000793_mdtB	97.990	796	3	1	1	783	1595	800	0.0	1369
NODE_49465_length_754_cov_2.76109	gb_NC_000913.3_-_481253-484403_ARO:3000216_acrB	79.825	114	21	2	633	745	979	1091	2.43e-16	82.4
NODE_52513_length_717_cov_1.34441	gb_AF170880_+_0-1848_ARO:3002522_novA	76.636	214	44	6	60	270	1591	1381	8.19e-26	113
NODE_53378_length_707_cov_1.12117	gb_JQ394987_+_0-1233_ARO:3001328_Escherichia	94.565	184	10	0	1	184	184	1	1.62e-77	285
NODE_53393_length_707_cov_1.90031	gb_NC_002695.1_-_4903561-4904935_ARO:3000830_cpxA	99.293	707	5	0	1	707	251	957	0.0	1279
NODE_53439_length_707_cov_0.947853	gb_L11616_+_1569-4710_ARO:3000378_MexB	77.070	157	34	2	400	555	507	662	1.36e-18	89.8
NODE_53452_length_707_cov_1.09509	gb_NC_007779_+_3974604-3975429_ARO:3000508_gadX	99.826	576	1	0	1	576	250	825	0.0	1059
NODE_54104_length_700_cov_1.74264	gb_NC_005024_+_42504-43944_ARO:3002597_AAC(6')-Ie-APH(2'')-Ia	85.781	647	88	4	3	647	352	996	0.0	682
NODE_54104_length_700_cov_1.74264	gb_AY701528.1_+_9695-10589_ARO:3004191_APH(2'')-If	89.286	448	44	4	255	700	43	488	8.54e-160	558
NODE_54834_length_692_cov_1.32182	gb_JQ394987_+_0-1233_ARO:3001328_Escherichia	99.452	547	3	0	1	547	687	1233	0.0	994
NODE_55740_length_682_cov_1.77512	gb_AP009048_-_4338624-4340268_ARO:3003576_eptA	100.000	236	0	0	447	682	1	236	4.06e-123	436
NODE_55789_length_682_cov_1.51515	gb_NC_000913.3_-_481253-484403_ARO:3000216_acrB	99.707	682	2	0	1	682	686	5	0.0	1249
NODE_56001_length_679_cov_1.5	gb_U00096_+_2158385-2161463_ARO:3000794_mdtC	99.705	679	2	0	1	679	1108	1786	0.0	1243
NODE_56910_length_671_cov_1.60714	gb_KX531046.1_+_0-864_ARO:3003982_LlmA	71.930	456	114	12	63	511	716	268	4.57e-28	121
NODE_58141_length_659_cov_1.36921	gb_AP009048.1_-_4306556-4307588_ARO:3003548_mdtN	99.643	560	2	0	9	568	560	1	0.0	1024
NODE_58181_length_659_cov_1.38742	gb_AP009048_+_2810082-2811255_ARO:3000027_emrA	98.328	658	11	0	2	659	370	1027	0.0	1155
NODE_59606_length_646_cov_0.896785	gb_U00096.3_-_4567286-4568519_ARO:3001214_mdtM	97.017	637	19	0	1	637	804	168	0.0	1072
NODE_59703_length_645_cov_1.67119	gb_NC_007779_+_3974604-3975429_ARO:3000508_gadX	100.000	231	0	0	415	645	1	231	2.31e-120	427
NODE_62426_length_623_cov_1.41373	gb_U00096_+_3415032-3418137_ARO:3000502_acrF	80.488	615	111	9	15	623	1006	1617	6.10e-131	462
NODE_62426_length_623_cov_1.41373	gb_L11616_+_1569-4710_ARO:3000378_MexB	80.574	453	84	4	55	505	1046	1496	6.41e-96	346
NODE_62836_length_619_cov_1.22695	gb_M80346_+_0-1656_ARO:3002817_carA	94.872	39	2	0	540	578	1502	1464	2.58e-10	62.1
NODE_64159_length_609_cov_1.60108	gb_AF235050.4_+_38028-40140_ARO:3003318_Streptomyces	80.702	171	33	0	1	171	113	283	5.31e-32	134
NODE_66225_length_595_cov_1.95556	gb_NC_007779_+_2586250-2589364_ARO:3000491_acrD	100.000	595	0	0	1	595	1202	608	0.0	1099
NODE_67284_length_588_cov_2.07317	gb_CP015085.1_-_2551711-2552440_ARO:3003838_gadW	93.719	398	25	0	188	585	1	398	1.51e-171	597
NODE_68549_length_579_cov_1.37786	gb_U00096_-_3412802-3413465_ARO:3000656_acrS	99.600	500	2	0	80	579	1	500	0.0	913
NODE_76053_length_535_cov_1.14792	gb_NC_000913.3_-_2306971-2308615_ARO:3003952_yojI	99.626	535	2	0	1	535	1194	660	0.0	977
NODE_77074_length_530_cov_2.04211	gb_U00096_+_2158385-2161463_ARO:3000794_mdtC	100.000	530	0	0	1	530	2162	2691	0.0	979
NODE_77733_length_526_cov_1.70913	gb_AP009048.1_-_3980025-3981183_ARO:3000795_mdtE	100.000	337	0	0	1	337	337	1	2.22e-179	623
NODE_81626_length_506_cov_1.34812	gb_AP009048_+_2165012-2166416_ARO:3000829_baeS	100.000	407	0	0	100	506	1404	998	0.0	752
NODE_81626_length_506_cov_1.34812	gb_NC_007779_+_2166412-2167135_ARO:3000828_baeR	100.000	103	0	0	1	103	103	1	2.56e-49	191
NODE_82382_length_502_cov_1.57271	gb_NC_000913.3_-_481253-484403_ARO:3000216_acrB	100.000	502	0	0	1	502	1836	1335	0.0	928
NODE_82615_length_501_cov_1.32287	gb_U00096_+_3415032-3418137_ARO:3000502_acrF	99.401	501	3	0	1	501	2409	1909	0.0	909
NODE_83010_length_499_cov_0.975225	gb_NC_007779_+_2586250-2589364_ARO:3000491_acrD	99.599	499	2	0	1	499	2307	2805	0.0	911
NODE_86780_length_480_cov_1.02353	gb_U00096_+_2812615-2814154_ARO:3000074_emrB	99.583	480	2	0	1	480	68	547	0.0	876
NODE_92395_length_454_cov_1.59649	gb_NC_014638.1_-_1610636-1613960_ARO:3003730_Bifidobacteria	83.032	442	71	2	3	442	2116	2555	1.26e-111	398
NODE_93261_length_450_cov_1.24304	gb_U00096_-_1124117-1125326_ARO:3001216_mdtH	100.000	149	0	0	302	450	1	149	6.08e-75	276
NODE_95064_length_442_cov_1.42119	gb_AJ252200_+_1278-4401_ARO:3003056_smeE	75.934	241	54	4	24	262	173	411	2.96e-28	121
NODE_96403_length_436_cov_1.56955	gb_U00096_+_3660413-3663527_ARO:3000796_mdtF	99.771	436	1	0	1	436	439	874	0.0	800
NODE_97931_length_428_cov_1.07239	gb_BX664015.1_-_204137-204554_ARO:3000168_tet(D)	100.000	238	0	0	1	238	238	1	1.93e-124	440
NODE_98193_length_427_cov_2.05645	gb_NC_010378.1_+_47850-51003_ARO:3003923_oqxB	99.532	427	2	0	1	427	1070	644	0.0	778
NODE_98915_length_424_cov_0.658537	gb_U00096_+_2155262-2158385_ARO:3000793_mdtB	83.294	425	65	6	2	423	2879	2458	2.53e-108	387
NODE_99076_length_423_cov_1.32337	gb_NC_007779_+_1621287-1621671_ARO:3000263_marA	100.000	123	0	0	301	423	384	262	1.62e-60	228
NODE_99216_length_423_cov_1.15761	gb_JQ394987_+_0-1233_ARO:3001328_Escherichia	98.818	423	5	0	1	423	245	667	0.0	754
NODE_101080_length_414_cov_2.11699	gb_NC_000913.3_+_3219493-3220873_ARO:3000024_patA	87.621	412	51	0	1	412	56	467	3.96e-136	479
NODE_101936_length_410_cov_1.83944	gb_U00096_+_2154015-2155263_ARO:3000792_mdtA	100.000	72	0	0	339	410	1	72	3.51e-32	134
NODE_103368_length_403_cov_1.26149	gb_U00096_-_1124117-1125326_ARO:3001216_mdtH	99.752	403	1	0	1	403	865	463	0.0	739
NODE_104415_length_398_cov_1.33528	gb_D78168_+_1591-3130_ARO:3000254_emrY	99.715	351	1	0	48	398	1539	1189	0.0	643
NODE_104628_length_397_cov_1.85965	gb_AP009048_+_2165012-2166416_ARO:3000829_baeS	100.000	103	0	0	295	397	1	103	1.99e-49	191
NODE_107748_length_384_cov_0.851064	gb_FJ768952_+_0-1488_ARO:3000237_tolC	99.219	384	3	0	1	384	766	383	0.0	693
NODE_108936_length_379_cov_1.34568	gb_NC_000913.3_-_481253-484403_ARO:3000216_acrB	99.735	377	1	0	1	377	1334	958	0.0	691
NODE_109916_length_375_cov_1.37187	gb_FJ768952_+_0-1488_ARO:3000237_tolC	83.733	375	61	0	1	375	460	834	6.27e-99	355
NODE_110955_length_371_cov_47.0981	gb_M18896.2_+_206-2126_ARO:3000190_tetO	98.383	371	6	0	1	371	849	1219	0.0	652
NODE_112402_length_365_cov_1.2871	gb_FJ768952_+_0-1488_ARO:3000237_tolC	98.316	297	5	0	1	297	1192	1488	5.70e-149	521
NODE_113145_length_362_cov_1.86645	gb_NC_007779_+_2586250-2589364_ARO:3000491_acrD	99.724	362	1	0	1	362	603	242	0.0	664
NODE_114197_length_357_cov_0.966887	gb_DQ212986_+_5984-7034_ARO:3002909_vanG	85.714	154	22	0	100	253	1	154	3.89e-41	163
NODE_115291_length_353_cov_1.07718	gb_AP009048_+_2810082-2811255_ARO:3000027_emrA	99.713	348	1	0	1	348	348	1	0.0	638
NODE_117957_length_344_cov_1.70588	gb_U00096_-_2098446-2099613_ARO:3003577_ugd	100.000	344	0	0	1	344	385	42	0.0	636
NODE_118066_length_344_cov_1.06228	gb_FJ768952_+_0-1488_ARO:3000237_tolC	80.183	328	54	5	14	331	745	1071	7.80e-63	235
NODE_121334_length_334_cov_8.15771	gb_JQ740052_+_2108-3329_ARO:3000567_tet(40)	100.000	39	0	0	1	39	39	1	6.28e-14	73.1
NODE_125229_length_320_cov_1.21887	gb_U00096_+_2812615-2814154_ARO:3000074_emrB	85.669	314	45	0	5	318	1220	907	8.96e-92	331
NODE_125998_length_316_cov_0.969349	gb_U00096_+_2155262-2158385_ARO:3000793_mdtB	99.367	316	2	0	1	316	549	864	1.33e-164	573
NODE_126851_length_312_cov_1.57977	gb_AP009048.1_-_4304505-4306557_ARO:3003549_mdtO	99.038	312	3	0	1	312	1425	1736	1.02e-160	560
NODE_128142_length_305_cov_1.228	gb_NC_000913.3_-_481253-484403_ARO:3000216_acrB	100.000	305	0	0	1	305	2366	2062	7.71e-162	564
NODE_133319_length_286_cov_1.18615	gb_U00096_+_2155262-2158385_ARO:3000793_mdtB	100.000	286	0	0	1	286	1896	1611	2.62e-151	529
NODE_134290_length_284_cov_2.13537	gb_AF235050.4_+_38028-40140_ARO:3003318_Streptomyces	79.859	283	55	2	1	282	115	396	4.99e-54	206
NODE_135819_length_280_cov_1.12444	gb_FJ768952_+_0-1488_ARO:3000237_tolC	100.000	280	0	0	1	280	938	659	5.55e-148	518
NODE_136278_length_279_cov_0.625	gb_NC_007779_+_2586250-2589364_ARO:3000491_acrD	74.477	239	55	6	16	251	1253	1018	8.54e-22	99.0
NODE_136710_length_278_cov_0.843049	gb_NC_014638.1_-_1610636-1613960_ARO:3003730_Bifidobacteria	98.201	278	5	0	1	278	417	140	1.55e-138	486
NODE_137239_length_276_cov_1.22172	gb_D78168_+_1591-3130_ARO:3000254_emrY	100.000	276	0	0	1	276	1084	809	9.15e-146	510
NODE_139258_length_272_cov_1.09677	gb_JQ727668_+_0-375_ARO:3000823_ramA	85.662	272	39	0	1	272	286	15	1.65e-78	287
NODE_139289_length_272_cov_1.29032	gb_NC_000913.3_-_484425-485619_ARO:3004043_Escherichia	99.632	272	1	0	1	272	791	1062	7.01e-142	497
NODE_143921_length_264_cov_1.62201	gb_DQ212986_+_5984-7034_ARO:3002909_vanG	81.169	154	29	0	1	154	897	1050	1.33e-29	124
NODE_145247_length_262_cov_1.47826	gb_NC_000913.3_-_2306971-2308615_ARO:3003952_yojI	99.618	262	1	0	1	262	525	264	2.44e-136	479
NODE_150086_length_255_cov_2.01	gb_NC_000913.3_-_484425-485619_ARO:3004043_Escherichia	100.000	255	0	0	1	255	531	785	3.96e-134	472
NODE_154239_length_251_cov_1.2551	gb_NC_007779_+_2586250-2589364_ARO:3000491_acrD	99.203	251	2	0	1	251	1803	2053	1.41e-128	453
NODE_167173_length_240_cov_1.91351	gb_NC_000913.3_+_3219493-3220873_ARO:3000024_patA	89.623	212	22	0	29	240	1	212	1.45e-73	270
NODE_167719_length_239_cov_1.20652	gb_NC_000913.3_+_966620-968369_ARO:3003950_msbA	100.000	239	0	0	1	239	47	285	2.90e-125	442
NODE_168512_length_239_cov_1.3913	gb_U00096.3_-_4567286-4568519_ARO:3001214_mdtM	99.200	125	1	0	1	125	125	1	3.17e-60	226
NODE_175897_length_234_cov_2.27374	gb_U00096_+_3660413-3663527_ARO:3000796_mdtF	97.297	37	1	0	198	234	2841	2805	2.57e-11	63.9
NODE_182431_length_230_cov_1.25714	gb_NC_000913.3_-_484425-485619_ARO:3004043_Escherichia	100.000	230	0	0	1	230	270	499	2.80e-120	425
NODE_182809_length_230_cov_1.72571	gb_NC_014638.1_-_1610636-1613960_ARO:3003730_Bifidobacteria	87.773	229	28	0	1	229	481	253	4.99e-73	268
NODE_184162_length_229_cov_0.850575	gb_U00096_+_3413863-3415021_ARO:3000499_acrE	98.253	229	4	0	1	229	366	594	4.69e-113	401
NODE_184353_length_229_cov_1.45977	gb_NC_002695.1_-_4903561-4904935_ARO:3000830_cpxA	87.671	146	18	0	82	227	1	146	1.44e-43	171
NODE_184428_length_229_cov_1.91954	gb_NC_007779_+_2166412-2167135_ARO:3000828_baeR	100.000	229	0	0	1	229	357	129	1.00e-119	424
NODE_185337_length_228_cov_1.25434	gb_NC_000913.3_+_966620-968369_ARO:3003950_msbA	100.000	228	0	0	1	228	1004	1231	3.58e-119	422
NODE_187775_length_227_cov_1.4186	gb_U00096_+_2367070-2368039_ARO:3003578_pmrF	100.000	227	0	0	1	227	265	39	1.28e-118	420
NODE_187782_length_227_cov_0.755814	gb_L22689_+_261-1035_ARO:3000593_ErmQ	100.000	227	0	0	1	227	547	773	1.28e-118	420
NODE_189759_length_226_cov_0.935673	gb_NC_010378.1_+_47850-51003_ARO:3003923_oqxB	89.333	225	24	0	2	226	1381	1605	1.75e-77	283
NODE_189811_length_226_cov_1.0117	gb_NC_007779_+_2586250-2589364_ARO:3000491_acrD	98.673	226	3	0	1	226	2949	2724	4.62e-113	401
NODE_192429_length_224_cov_1.10059	gb_AP009048.1_-_4304505-4306557_ARO:3003549_mdtO	100.000	224	0	0	1	224	1757	1980	5.88e-117	414
NODE_197153_length_222_cov_1.09581	gb_AP009048.1_-_4304505-4306557_ARO:3003549_mdtO	99.099	222	2	0	1	222	1141	1362	1.63e-112	399
NODE_198478_length_221_cov_1.62048	gb_D78168_+_1591-3130_ARO:3000254_emrY	100.000	221	0	0	1	221	784	564	2.70e-115	409
NODE_201655_length_219_cov_1.35976	gb_NC_000913.3_+_3219493-3220873_ARO:3000024_patA	100.000	219	0	0	1	219	865	647	3.45e-114	405
NODE_203467_length_218_cov_1.87117	gb_U00096_+_3413863-3415021_ARO:3000499_acrE	99.541	218	1	0	1	218	612	829	5.75e-112	398
NODE_205239_length_218_cov_0.993865	gb_AP009048.1_-_4304505-4306557_ARO:3003549_mdtO	98.624	218	3	0	1	218	1289	1506	1.24e-108	387
NODE_207413_length_217_cov_1.53086	gb_U00096_-_2098446-2099613_ARO:3003577_ugd	98.618	217	3	0	1	217	608	824	4.45e-108	385
NODE_207917_length_216_cov_1.39752	gb_AFRQ01000061.1_-_23986-27124_ARO:3004144_AxyY	91.549	71	6	0	16	86	1195	1265	6.46e-22	99.0
NODE_207917_length_216_cov_1.39752	gb_NC_002516_+_2810008-2813197_ARO:3000804_MexF	87.013	77	10	0	1	77	1192	1268	1.40e-18	87.9
NODE_207917_length_216_cov_1.39752	gb_NC_010378.1_+_47850-51003_ARO:3003923_oqxB	88.333	60	6	1	6	65	1198	1256	1.41e-13	71.3
NODE_209511_length_216_cov_1.93789	gb_NC_014638.1_-_1610636-1613960_ARO:3003730_Bifidobacteria	86.977	215	28	0	2	216	439	653	2.82e-65	243
NODE_211217_length_215_cov_1.09375	gb_NC_014638.1_-_1610636-1613960_ARO:3003730_Bifidobacteria	86.047	215	30	0	1	215	1507	1293	6.08e-62	231
NODE_214128_length_213_cov_0.85443	gb_CP000800.1_-_1191727-1192954_ARO:3001329_mdtG	100.000	213	0	0	1	213	680	468	7.25e-111	394
NODE_215314_length_213_cov_1.35443	gb_U00096_+_2158385-2161463_ARO:3000794_mdtC	82.938	211	36	0	3	213	628	838	1.02e-49	191
NODE_215799_length_212_cov_1.65605	gb_U00096_+_3660413-3663527_ARO:3000796_mdtF	100.000	212	0	0	1	212	373	162	2.59e-110	392
NODE_217638_length_212_cov_0.834395	gb_DQ679966_+_299-1493_ARO:3004042_Enterobacter	88.571	210	24	0	3	212	451	660	3.55e-69	255
NODE_217638_length_212_cov_0.834395	gb_AJ252200_+_81-1266_ARO:3003055_smeD	80.000	130	24	2	81	209	517	645	8.19e-21	95.3
NODE_218202_length_211_cov_1.12821	gb_AY701528.1_+_9695-10589_ARO:3004191_APH(2'')-If	99.526	211	1	0	1	211	591	801	4.32e-108	385
NODE_218202_length_211_cov_1.12821	gb_NC_005024_+_42504-43944_ARO:3002597_AAC(6')-Ie-APH(2'')-Ia	85.437	206	30	0	5	210	1156	1361	5.99e-57	215
NODE_218738_length_211_cov_0.865385	gb_U00096_+_2484373-2487967_ARO:3000833_evgS	100.000	211	0	0	1	211	545	335	9.28e-110	390
NODE_220204_length_210_cov_1.67742	gb_KP143090.1_-_1199-1619_ARO:3003209_FosA5	91.011	89	8	0	1	89	332	420	1.34e-28	121
NODE_222882_length_209_cov_1.27273	gb_NC_014638.1_-_1610636-1613960_ARO:3003730_Bifidobacteria	88.235	204	24	0	4	207	897	694	7.56e-66	244
NODE_223994_length_209_cov_1.47403	gb_NC_007779_+_2586250-2589364_ARO:3000491_acrD	100.000	209	0	0	1	209	1311	1519	1.19e-108	387
NODE_224489_length_209_cov_2.22727	gb_AP009048_+_2165012-2166416_ARO:3000829_baeS	100.000	209	0	0	1	209	118	326	1.19e-108	387
NODE_226357_length_208_cov_1.24183	gb_NC_010378.1_+_47850-51003_ARO:3003923_oqxB	98.558	208	3	0	1	208	1448	1241	4.28e-103	368
NODE_227312_length_207_cov_1.11842	gb_NC_000913.3_-_2306971-2308615_ARO:3003952_yojI	100.000	207	0	0	1	207	1198	1404	1.52e-107	383
NODE_227424_length_207_cov_2.26974	gb_AP009048.1_-_4153663-4154296_ARO:3000518_CRP	99.517	207	1	0	1	207	281	75	7.07e-106	377
NODE_230622_length_206_cov_2.05298	gb_U00096_-_3412802-3413465_ARO:3000656_acrS	98.131	107	2	0	1	107	557	663	1.27e-48	187
NODE_232120_length_187_cov_126.515	gb_EU434751_+_658-2578_ARO:3000194_tetW	100.000	177	0	0	1	177	1744	1920	6.45e-91	327
NODE_234706_length_121_cov_22.3333	gb_AJ295238.3_+_163-2083_ARO:3000196_tet32	92.308	117	8	1	1	116	969	853	3.27e-42	165
NODE_234706_length_121_cov_22.3333	gb_M18896.2_+_206-2126_ARO:3000190_tetO	98.182	55	1	0	67	121	903	849	1.21e-21	97.1
NODE_235147_length_114_cov_38.6271	gb_AJ295238.3_+_163-2083_ARO:3000196_tet32	92.632	95	7	0	1	95	1106	1200	6.65e-34	137
NODE_235147_length_114_cov_38.6271	gb_M18896.2_+_206-2126_ARO:3000190_tetO	85.849	106	15	0	9	114	1114	1219	1.12e-26	113
NODE_235224_length_112_cov_82.193	gb_EU434751_+_658-2578_ARO:3000194_tetW	100.000	45	0	0	68	112	1920	1876	8.60e-18	84.2
NODE_235910_length_108_cov_52.5472	gb_EU434751_+_658-2578_ARO:3000194_tetW	100.000	45	0	0	1	45	1876	1920	8.23e-18	84.2
NODE_236061_length_107_cov_26.1346	gb_AF319779.2_+_32-833_ARO:3000604_Erm(35)	100.000	49	0	0	59	107	1	49	4.86e-20	91.6
NODE_236061_length_107_cov_26.1346	gb_M17124_+_1181-1982_ARO:3000498_ErmF	100.000	49	0	0	59	107	1	49	4.86e-20	91.6
NODE_236175_length_106_cov_85.451	gb_JQ740052_+_2108-3329_ARO:3000567_tet(40)	100.000	39	0	0	68	106	1	39	1.74e-14	73.1
