NODE_47_length_132097_cov_4.15251	gb_NC_002695.1_-_4903561-4904935_ARO:3000830_cpxA	98.472	1374	21	0	56988	58361	1374	1	0.0	2422
NODE_48_length_131826_cov_7.23196	gb_NC_014638.1_-_1610636-1613960_ARO:3003730_Bifidobacteria	88.234	3306	381	8	128150	131451	23	3324	0.0	3943
NODE_54_length_127034_cov_11.6484	gb_FN594949_+_25244-27167_ARO:3000556_tet44	97.868	1923	41	0	19013	20935	1	1923	0.0	3325
NODE_70_length_114222_cov_7.31508	gb_AP006618.1_+_4835199-4838688_ARO:3000501_Nocardia	72.511	3194	775	81	10340	13498	240	3365	0.0	939
NODE_82_length_105126_cov_6.12231	gb_AF235050.4_+_38028-40140_ARO:3003318_Streptomyces	74.394	742	160	23	16950	17673	2067	1338	5.29e-77	291
NODE_123_length_88911_cov_9.0143	gb_AF235050.4_+_38028-40140_ARO:3003318_Streptomyces	100.000	31	0	0	3989	4019	1926	1896	4.94e-07	58.4
NODE_124_length_88837_cov_3.869	gb_U97042_+_1263-4347_ARO:3003010_ceoB	72.936	218	55	4	24138	24353	1036	1251	1.76e-11	73.1
NODE_147_length_81453_cov_3.9133	gb_FJ768952_+_0-1488_ARO:3000237_tolC	97.917	1488	31	0	21707	23194	1488	1	0.0	2577
NODE_220_length_66349_cov_3.3972	gb_NC_000913.3_-_481253-484403_ARO:3000216_acrB	98.571	3150	45	0	61048	64197	3150	1	0.0	5568
NODE_220_length_66349_cov_3.3972	gb_NC_000913.3_-_484425-485619_ARO:3004043_Escherichia	99.079	1194	11	0	64220	65413	1194	1	0.0	2145
NODE_220_length_66349_cov_3.3972	gb_U00096_+_3415032-3418137_ARO:3000502_acrF	73.783	3143	718	94	61098	64189	3097	10	0.0	1142
NODE_220_length_66349_cov_3.3972	gb_AJ318073.1_+_793-1990_ARO:3004041_Klebsiella	78.578	1167	241	8	64253	65413	1164	1	0.0	761
NODE_220_length_66349_cov_3.3972	gb_U00096_+_3660413-3663527_ARO:3000796_mdtF	71.227	3121	805	81	61120	64197	3071	1	0.0	702
NODE_220_length_66349_cov_3.3972	gb_NC_006350.1_-_2147817-2150949_ARO:3002983_amrB	78.082	219	40	8	61358	61572	2822	2608	2.14e-29	132
NODE_222_length_65985_cov_3.84585	gb_NC_000913.3_+_3219493-3220873_ARO:3000024_patA	97.101	1380	40	0	20899	22278	1	1380	0.0	2327
NODE_222_length_65985_cov_3.84585	gb_U00096.3_-_3203309-3204131_ARO:3002986_bacA	98.171	820	15	0	4717	5536	820	1	0.0	1432
NODE_293_length_55457_cov_3.03792	gb_CP000800.1_-_1191727-1192954_ARO:3001329_mdtG	98.207	1227	22	0	48853	50079	1	1227	0.0	2145
NODE_293_length_55457_cov_3.03792	gb_U00096_-_1124117-1125326_ARO:3001216_mdtH	98.263	1209	21	0	39016	40224	1	1209	0.0	2117
NODE_300_length_54024_cov_3.18288	gb_NC_000913.3_-_2306971-2308615_ARO:3003952_yojI	98.054	1644	32	0	34613	36256	1644	1	0.0	2859
NODE_301_length_54000_cov_4.06888	gb_NC_000913.3_-_4377810-4378944_ARO:3004290_Escherichia	98.148	1134	21	0	37959	39092	1	1134	0.0	1978
NODE_301_length_54000_cov_4.06888	gb_KJ207207_+_479-1625_ARO:3001844_ACT-24	70.104	1057	290	23	38049	39092	103	1146	2.21e-43	178
NODE_301_length_54000_cov_4.06888	gb_KF992028_+_761-1907_ARO:3001839_ACT-18	71.969	635	166	11	38049	38677	103	731	7.94e-43	176
NODE_301_length_54000_cov_4.06888	gb_FJ237369_+_0-1146_ARO:3001824_ACT-5	72.305	603	152	14	38053	38648	107	701	2.86e-42	174
NODE_301_length_54000_cov_4.06888	gb_KF526118_+_0-1146_ARO:3001842_ACT-21	76.398	322	71	5	38329	38648	383	701	1.33e-40	169
NODE_301_length_54000_cov_4.06888	gb_KF515536_+_0-1146_ARO:3001828_ACT-23	71.835	632	164	13	38053	38677	107	731	1.33e-40	169
NODE_301_length_54000_cov_4.06888	gb_JX440354_+_756-1902_ARO:3001836_ACT-14	71.880	633	162	14	38053	38677	107	731	1.33e-40	169
NODE_301_length_54000_cov_4.06888	gb_KM926621_+_751-1897_ARO:3003171_ACT-36	71.698	636	166	13	38049	38677	103	731	1.72e-39	165
NODE_315_length_53323_cov_3.76832	gb_AFRQ01000061.1_-_23986-27124_ARO:3004144_AxyY	77.976	168	37	0	49542	49709	1258	1091	1.04e-21	106
NODE_451_length_42874_cov_4.10668	gb_U00096_+_3660413-3663527_ARO:3000796_mdtF	97.335	3114	83	0	37059	40172	1	3114	0.0	5291
NODE_451_length_42874_cov_4.10668	gb_AP009048.1_-_3980025-3981183_ARO:3000795_mdtE	98.618	1158	16	0	35877	37034	1	1158	0.0	2050
NODE_451_length_42874_cov_4.10668	gb_CP015085.1_-_2551711-2552440_ARO:3003838_gadW	99.863	729	1	0	40535	41263	729	1	0.0	1341
NODE_451_length_42874_cov_4.10668	gb_NC_007779_+_3974604-3975429_ARO:3000508_gadX	93.818	825	51	0	41632	42456	825	1	0.0	1242
NODE_451_length_42874_cov_4.10668	gb_L11616_+_1569-4710_ARO:3000378_MexB	78.701	385	78	4	38094	38476	1036	1418	2.83e-66	254
NODE_451_length_42874_cov_4.10668	gb_NC_007779_+_2586250-2589364_ARO:3000491_acrD	75.427	468	101	11	38082	38542	1024	1484	1.34e-54	215
NODE_451_length_42874_cov_4.10668	gb_AJ252200_+_1278-4401_ARO:3003056_smeE	70.036	1395	359	52	37192	38557	134	1498	8.04e-52	206
NODE_451_length_42874_cov_4.10668	gb_U57969_+_1485-4617_ARO:3000801_MexD	85.263	95	14	0	38229	38323	1177	1271	1.40e-19	99.0
NODE_451_length_42874_cov_4.10668	gb_NC_010378.1_+_47850-51003_ARO:3003923_oqxB	87.500	72	7	2	38242	38312	1193	1263	1.41e-14	82.4
NODE_451_length_42874_cov_4.10668	gb_NC_002516_+_2810008-2813197_ARO:3000804_MexF	87.143	70	9	0	38242	38311	1193	1262	5.08e-14	80.5
NODE_451_length_42874_cov_4.10668	gb_AY769962_+_2434-5611_ARO:3000781_adeJ	94.737	38	2	0	39717	39754	2680	2717	6.62e-08	60.2
NODE_467_length_41598_cov_4.06343	gb_AP009048_-_4338624-4340268_ARO:3003576_eptA	91.849	1644	134	0	26764	28407	1	1644	0.0	2294
NODE_601_length_34536_cov_44.3092	gb_Z21523_+_0-1974_ARO:3000191_tetQ	94.828	58	3	0	1	58	1779	1722	1.89e-17	91.6
NODE_601_length_34536_cov_44.3092	gb_Z21523_+_0-1974_ARO:3000191_tetQ	94.444	54	3	0	34483	34536	1729	1676	3.17e-15	84.2
NODE_679_length_31308_cov_3.20872	gb_U00096_+_2484373-2487967_ARO:3000833_evgS	96.188	3594	137	0	23733	27326	3594	1	0.0	5879
NODE_679_length_31308_cov_3.20872	gb_D78168_+_1591-3130_ARO:3000254_emrY	97.726	1539	35	0	29524	31062	1	1539	0.0	2649
NODE_679_length_31308_cov_3.20872	gb_D78168_+_536-1592_ARO:3000206_emrK	97.727	1056	24	0	28469	29524	1	1056	0.0	1818
NODE_679_length_31308_cov_3.20872	gb_NC_002695_+_3211891-3212506_ARO:3000832_evgA	99.024	615	6	0	27331	27945	615	1	0.0	1103
NODE_719_length_29906_cov_3.22552	gb_NC_000913.3_+_966620-968369_ARO:3003950_msbA	98.056	1749	34	0	351	2099	1749	1	0.0	3042
NODE_738_length_29495_cov_4.00431	gb_AP009048.1_-_4304505-4306557_ARO:3003549_mdtO	97.076	2052	60	0	17035	19086	1	2052	0.0	3458
NODE_738_length_29495_cov_4.00431	gb_AP009048.1_-_4303042-4304509_ARO:3003550_mdtP	97.614	1467	35	0	19083	20549	1	1467	0.0	2516
NODE_738_length_29495_cov_4.00431	gb_AP009048.1_-_4306556-4307588_ARO:3003548_mdtN	95.736	1032	44	0	16004	17035	1	1032	0.0	1663
NODE_757_length_28993_cov_2.98103	gb_Z11877.1_+_485-818_ARO:3004039_Escherichia	92.192	333	26	0	25151	25483	333	1	4.85e-132	472
NODE_827_length_26963_cov_3.35655	gb_U00096_+_2812615-2814154_ARO:3000074_emrB	96.946	1539	47	0	2601	4139	1539	1	0.0	2582
NODE_827_length_26963_cov_3.35655	gb_AP009048_+_2810082-2811255_ARO:3000027_emrA	98.210	1173	21	0	4156	5328	1173	1	0.0	2050
NODE_827_length_26963_cov_3.35655	gb_NC_000913.3_+_2810769-2811300_ARO:3000516_emrR	98.682	531	7	0	5455	5985	531	1	0.0	942
NODE_877_length_25786_cov_4.00218	gb_X53401_+_0-1992_ARO:3002891_otr(A)	87.037	54	7	0	13258	13311	262	209	1.11e-08	62.1
NODE_921_length_24906_cov_2.99268	gb_JQ394987_+_0-1233_ARO:3001328_Escherichia	96.350	1233	45	0	10598	11830	1233	1	0.0	2028
NODE_949_length_24428_cov_6.59701	gb_AF235050.4_+_38028-40140_ARO:3003318_Streptomyces	74.863	366	74	11	17946	18302	75	431	2.18e-35	150
NODE_1011_length_23344_cov_3.41367	gb_NC_000913.3_-_721055-721733_ARO:3003841_kdpE	95.840	673	28	0	22536	23208	673	1	0.0	1088
NODE_1420_length_17198_cov_2.94091	gb_NC_002695.2_-_1737690-1738104_ARO:3000676_H-NS	99.275	414	3	0	10843	11256	414	1	0.0	749
NODE_1468_length_16731_cov_4.14134	gb_AP009048.1_-_4153663-4154296_ARO:3000518_CRP	99.052	633	6	0	13321	13953	633	1	0.0	1136
NODE_1524_length_16101_cov_9.19843	gb_U00096_+_3415032-3418137_ARO:3000502_acrF	74.590	122	31	0	12079	12200	1246	1125	1.16e-06	54.7
NODE_1586_length_15641_cov_3.96202	gb_U00096_+_3413863-3415021_ARO:3000499_acrE	98.791	1158	14	0	138	1295	1158	1	0.0	2061
NODE_1586_length_15641_cov_3.96202	gb_U00096_-_3412802-3413465_ARO:3000656_acrS	98.341	663	11	0	1694	2356	1	663	0.0	1164
NODE_1586_length_15641_cov_3.96202	gb_U00096_+_3415032-3418137_ARO:3000502_acrF	96.825	126	4	0	1	126	126	1	6.30e-54	211
NODE_1600_length_15424_cov_3.15941	gb_U00096_+_2154015-2155263_ARO:3000792_mdtA	96.642	953	32	0	1	953	953	1	0.0	1583
NODE_1615_length_15249_cov_328.055	gb_L42817_+_201-936_ARO:3000522_ErmG	99.456	735	4	0	11157	11891	735	1	0.0	1336
NODE_1615_length_15249_cov_328.055	gb_M64090_+_0-735_ARO:3000595_ErmT	77.959	735	148	11	11164	11891	728	1	4.30e-125	448
NODE_1648_length_14943_cov_12.898	gb_AM180355_+_600033-601953_ARO:3000186_tetM	90.031	1926	186	2	12880	14805	1	1920	0.0	2488
NODE_1648_length_14943_cov_12.898	gb_L09756_+_0-1926_ARO:3000192_tetS	78.627	1937	383	26	12881	14804	2	1920	0.0	1254
NODE_1782_length_13943_cov_8.31581	gb_AF252622_+_1740-2616_ARO:3001877_CTX-M-14	100.000	876	0	0	12527	13402	1	876	0.0	1618
NODE_1782_length_13943_cov_8.31581	gb_HQ833652_+_235-1111_ARO:3001963_CTX-M-104	99.886	876	1	0	12527	13402	1	876	0.0	1613
NODE_1782_length_13943_cov_8.31581	gb_FJ214366_+_0-876_ARO:3001944_CTX-M-83	99.886	876	1	0	12527	13402	1	876	0.0	1613
NODE_1782_length_13943_cov_8.31581	gb_JF274243_+_0-876_ARO:3001971_CTX-M-111	99.886	876	1	0	12527	13402	1	876	0.0	1613
NODE_1782_length_13943_cov_8.31581	gb_AY156923_+_0-876_ARO:3001889_CTX-M-27	99.886	876	1	0	12527	13402	1	876	0.0	1613
NODE_1782_length_13943_cov_8.31581	gb_FJ907381_+_0-876_ARO:3001950_CTX-M-90	99.886	876	1	0	12527	13402	1	876	0.0	1613
NODE_1782_length_13943_cov_8.31581	gb_FJ214367_+_0-876_ARO:3001945_CTX-M-84	99.886	876	1	0	12527	13402	1	876	0.0	1613
NODE_1782_length_13943_cov_8.31581	gb_FJ214368_+_0-876_ARO:3002495_CTX-M-85	99.886	876	1	0	12527	13402	1	876	0.0	1613
NODE_1782_length_13943_cov_8.31581	gb_EF581888_+_0-876_ARO:3001928_CTX-M-67	99.886	876	1	0	12527	13402	1	876	0.0	1613
NODE_1782_length_13943_cov_8.31581	gb_FJ214369_+_0-876_ARO:3001946_CTX-M-86	99.886	876	1	0	12527	13402	1	876	0.0	1613
NODE_1782_length_13943_cov_8.31581	gb_JF274247_+_0-876_ARO:3001973_CTX-M-113	99.886	876	1	0	12527	13402	1	876	0.0	1613
NODE_1782_length_13943_cov_8.31581	gb_AY847144_+_81-957_ARO:3001910_CTX-M-48	99.886	876	1	0	12527	13402	1	876	0.0	1613
NODE_1782_length_13943_cov_8.31581	gb_AY847143_+_82-958_ARO:3001909_CTX-M-47	99.886	876	1	0	12527	13402	1	876	0.0	1613
NODE_1782_length_13943_cov_8.31581	gb_AY822595_+_22-898_ARO:3001900_CTX-M-38	99.886	876	1	0	12527	13402	1	876	0.0	1613
NODE_1782_length_13943_cov_8.31581	gb_AF325134_+_0-876_ARO:3001881_CTX-M-19	99.886	876	1	0	12527	13402	1	876	0.0	1613
NODE_1782_length_13943_cov_8.31581	gb_AY143430_+_0-876_ARO:3001886_CTX-M-24	99.886	876	1	0	12527	13402	1	876	0.0	1613
NODE_1782_length_13943_cov_8.31581	gb_AY847146_+_82-958_ARO:3001912_CTX-M-50	99.886	876	1	0	12527	13402	1	876	0.0	1613
NODE_1782_length_13943_cov_8.31581	gb_JF274246_+_0-876_ARO:3001972_CTX-M-112	99.886	876	1	0	12527	13402	1	876	0.0	1613
NODE_1782_length_13943_cov_8.31581	gb_KP128034_+_0-876_ARO:3003168_CTX-M-160	99.772	876	2	0	12527	13402	1	876	0.0	1609
NODE_1782_length_13943_cov_8.31581	gb_JX017364_+_238-1114_ARO:3001988_CTX-M-129	99.772	876	2	0	12527	13402	1	876	0.0	1607
NODE_1782_length_13943_cov_8.31581	gb_AY033516_+_2835-3711_ARO:3001880_CTX-M-17	99.772	876	2	0	12527	13402	1	876	0.0	1607
NODE_1782_length_13943_cov_8.31581	gb_JX896165_+_0-876_ARO:3001992_CTX-M-134	99.772	876	2	0	12527	13402	1	876	0.0	1607
NODE_1782_length_13943_cov_8.31581	gb_HQ166709_+_0-876_ARO:3001953_CTX-M-93	99.772	876	2	0	12527	13402	1	876	0.0	1607
NODE_1782_length_13943_cov_8.31581	gb_HM803271_+_0-876_ARO:3001958_CTX-M-99	99.772	876	2	0	12527	13402	1	876	0.0	1607
NODE_1782_length_13943_cov_8.31581	gb_HQ398215_+_244-1120_ARO:3001961_CTX-M-102	99.772	876	2	0	12527	13402	1	876	0.0	1607
NODE_1782_length_13943_cov_8.31581	gb_EU545409_+_80-956_ARO:3001947_CTX-M-87	99.772	876	2	0	12527	13402	1	876	0.0	1607
NODE_1782_length_13943_cov_8.31581	gb_AY847145_+_81-957_ARO:3001911_CTX-M-49	99.772	876	2	0	12527	13402	1	876	0.0	1607
NODE_1782_length_13943_cov_8.31581	gb_HM755448_+_244-1120_ARO:3001957_CTX-M-98	99.772	876	2	0	12527	13402	1	876	0.0	1607
NODE_1782_length_13943_cov_8.31581	gb_EF418608_+_9-885_ARO:3001926_CTX-M-65	99.772	876	2	0	12527	13402	1	876	0.0	1607
NODE_1782_length_13943_cov_8.31581	gb_JN790863_+_232-1108_ARO:3001981_CTX-M-122	99.772	876	2	0	12527	13402	1	876	0.0	1607
NODE_1782_length_13943_cov_8.31581	gb_KF513180_+_0-876_ARO:3002005_CTX-M-147	99.772	876	2	0	12527	13402	1	876	0.0	1607
NODE_1782_length_13943_cov_8.31581	gb_JQ724542_+_174-1050_ARO:3001984_CTX-M-125	99.772	876	2	0	12527	13402	1	876	0.0	1607
NODE_1782_length_13943_cov_8.31581	gb_AB703103_+_0-876_ARO:3001985_CTX-M-126	99.772	876	2	0	12527	13402	1	876	0.0	1607
NODE_1782_length_13943_cov_8.31581	gb_JN790862_+_244-1120_ARO:3001980_CTX-M-121	99.772	876	2	0	12527	13402	1	876	0.0	1607
NODE_1782_length_13943_cov_8.31581	gb_KJ020574_+_244-1120_ARO:3002006_CTX-M-148	99.658	876	3	0	12527	13402	1	876	0.0	1602
NODE_1782_length_13943_cov_8.31581	gb_JF274242_+_0-877_ARO:3001970_CTX-M-110	99.885	870	1	0	12527	13396	1	870	0.0	1602
NODE_1782_length_13943_cov_8.31581	gb_AY847147_+_81-957_ARO:3001908_CTX-M-46	99.658	876	3	0	12527	13402	1	876	0.0	1602
NODE_1782_length_13943_cov_8.31581	gb_HQ833651_+_244-1120_ARO:3001965_CTX-M-105	99.658	876	3	0	12527	13402	1	876	0.0	1602
NODE_1782_length_13943_cov_8.31581	gb_JX017365_+_244-1120_ARO:3001989_CTX-M-130	99.658	876	3	0	12527	13402	1	876	0.0	1602
NODE_1782_length_13943_cov_8.31581	gb_HQ913565_+_0-870_ARO:3001966_CTX-M-106	99.770	870	2	0	12527	13396	1	870	0.0	1596
NODE_1782_length_13943_cov_8.31581	gb_AF252623_+_0-876_ARO:3001876_CTX-M-13	99.543	876	4	0	12527	13402	1	876	0.0	1596
NODE_1782_length_13943_cov_8.31581	gb_EU136031_+_0-876_ARO:3001942_CTX-M-81	99.543	876	4	0	12527	13402	1	876	0.0	1596
NODE_1782_length_13943_cov_8.31581	gb_AF174129_+_6335-7211_ARO:3001872_CTX-M-9	99.543	876	4	0	12527	13402	1	876	0.0	1596
NODE_1782_length_13943_cov_8.31581	gb_DQ211987_+_0-876_ARO:3001913_CTX-M-51	99.429	876	5	0	12527	13402	1	876	0.0	1591
NODE_1782_length_13943_cov_8.31581	gb_AY029068_+_0-876_ARO:3001879_CTX-M-16	99.429	876	5	0	12527	13402	1	876	0.0	1591
NODE_1782_length_13943_cov_8.31581	gb_AJ416346_+_556-1432_ARO:3001883_CTX-M-21	99.085	874	8	0	12527	13400	1	874	0.0	1570
NODE_1782_length_13943_cov_8.31581	gb_D89862_+_111-981_ARO:3001907_CTX-M-45	98.516	876	7	4	12527	13402	1	870	0.0	1541
NODE_1782_length_13943_cov_8.31581	gb_AB900900_+_0-876_ARO:3001994_CTX-M-137	92.580	876	65	0	12527	13402	1	876	0.0	1258
NODE_1782_length_13943_cov_8.31581	gb_AB284167_+_225-1101_ARO:3001925_CTX-M-64	92.717	714	52	0	12689	13402	163	876	0.0	1031
NODE_1782_length_13943_cov_8.31581	gb_JN790864_+_238-1114_ARO:3001982_CTX-M-123	88.811	715	78	2	12689	13402	163	876	0.0	876
NODE_1782_length_13943_cov_8.31581	gb_JX313020_+_0-876_ARO:3001991_CTX-M-132	85.315	715	103	2	12689	13402	163	876	0.0	737
NODE_1782_length_13943_cov_8.31581	gb_AF189721_+_273-1149_ARO:3001871_CTX-M-8	79.565	827	167	2	12567	13392	41	866	6.18e-168	590
NODE_1782_length_13943_cov_8.31581	gb_AY750914.2_+_206-1079_ARO:3001902_CTX-M-40	79.469	828	166	4	12567	13392	38	863	2.87e-166	584
NODE_1782_length_13943_cov_8.31581	gb_AB205197_+_3-876_ARO:3001924_CTX-M-63	79.348	828	167	4	12567	13392	38	863	1.34e-164	579
NODE_1782_length_13943_cov_8.31581	gb_KJ461948_+_3-876_ARO:3002009_CTX-M-152	79.357	809	165	2	12576	13383	47	854	2.89e-161	568
NODE_1782_length_13943_cov_8.31581	gb_AM982522_+_0-876_ARO:3001939_CTX-M-78	79.234	809	166	2	12576	13383	50	857	1.35e-159	562
NODE_2049_length_12124_cov_3.11799	gb_U00096_+_2158385-2161463_ARO:3000794_mdtC	97.365	2277	60	0	1	2277	802	3078	0.0	3873
NODE_2049_length_12124_cov_3.11799	gb_AP009048_+_2165012-2166416_ARO:3000829_baeS	97.650	1404	33	0	3690	5093	1	1404	0.0	2410
NODE_2049_length_12124_cov_3.11799	gb_NC_007779_+_2166412-2167135_ARO:3000828_baeR	98.199	722	13	0	5090	5811	1	722	0.0	1262
NODE_2250_length_10976_cov_3.08314	gb_U00096_+_2367070-2368039_ARO:3003578_pmrF	97.730	969	22	0	2698	3666	969	1	0.0	1668
NODE_2361_length_10396_cov_3.32086	gb_NC_007779_+_2586250-2589364_ARO:3000491_acrD	98.041	3114	61	0	1151	4264	1	3114	0.0	5413
NODE_2361_length_10396_cov_3.32086	gb_AB219524.1_+_1176-4338_ARO:3003699_mexQ	83.582	67	11	0	2334	2400	1190	1256	1.24e-09	63.9
NODE_2446_length_10093_cov_2.86013	gb_CP014358.1_-_2161325-2162750_ARO:3001327_mdtK	75.513	1413	332	11	2680	4085	1	1406	0.0	680
NODE_2566_length_9691_cov_48.2726	gb_Z21523_+_0-1974_ARO:3000191_tetQ	96.875	64	0	2	9628	9691	372	311	1.90e-22	106
NODE_2566_length_9691_cov_48.2726	gb_AF173226_+_3767-6917_ARO:3003052_smeB	78.761	113	20	3	7042	7152	1242	1132	1.92e-12	73.1
NODE_2566_length_9691_cov_48.2726	gb_AJ252200_+_1278-4401_ARO:3003056_smeE	78.000	100	22	0	7042	7141	1242	1143	1.16e-09	63.9
NODE_2677_length_9314_cov_63.313	gb_AF118110.1_-_71-1037_ARO:3003002_CfxA2	100.000	966	0	0	115	1080	1	966	0.0	1784
NODE_2677_length_9314_cov_63.313	gb_AF472622_+_52-1018_ARO:3003003_CfxA3	99.896	966	1	0	115	1080	1	966	0.0	1779
NODE_2677_length_9314_cov_63.313	gb_AY769934_+_27-993_ARO:3003096_CfxA5	99.896	966	1	0	115	1080	1	966	0.0	1779
NODE_2677_length_9314_cov_63.313	gb_U38243_+_149-1115_ARO:3003001_CfxA	99.896	966	1	0	115	1080	1	966	0.0	1779
NODE_2677_length_9314_cov_63.313	gb_AY769933_+_0-966_ARO:3003005_CfxA4	99.896	966	1	0	115	1080	1	966	0.0	1779
NODE_2677_length_9314_cov_63.313	gb_GQ342996_+_797-1793_ARO:3003097_CfxA6	89.234	966	101	3	111	1075	30	993	0.0	1205
NODE_2796_length_8909_cov_2.7888	gb_NC_007779_+_1621287-1621671_ARO:3000263_marA	98.698	384	5	0	6535	6918	384	1	0.0	682
NODE_3034_length_8246_cov_3.65828	gb_U00096_+_3415032-3418137_ARO:3000502_acrF	96.384	3070	111	0	1	3070	36	3105	0.0	5055
NODE_3034_length_8246_cov_3.65828	gb_NC_000913.3_-_481253-484403_ARO:3000216_acrB	73.155	3103	752	72	2	3062	37	3100	0.0	1040
NODE_3034_length_8246_cov_3.65828	gb_NC_003197.2_-_393893-397061_ARO:3000790_mdsB	83.133	83	8	6	2871	2950	2933	3012	5.88e-12	71.3
NODE_3379_length_7375_cov_2.51776	gb_NC_002516_+_2810008-2813197_ARO:3000804_MexF	79.565	230	45	2	3520	3748	1268	1040	8.44e-40	163
NODE_3379_length_7375_cov_2.51776	gb_NC_010378.1_+_47850-51003_ARO:3003923_oqxB	76.471	204	44	4	3532	3733	1256	1055	4.01e-23	108
NODE_3379_length_7375_cov_2.51776	gb_U57969_+_1485-4617_ARO:3000801_MexD	84.314	102	16	0	3519	3620	1266	1165	6.71e-21	100
NODE_3379_length_7375_cov_2.51776	gb_NC_002516_+_4707534-4710624_ARO:3000808_mexI	87.654	81	8	2	3525	3604	1233	1154	1.12e-18	93.5
NODE_3379_length_7375_cov_2.51776	gb_L11616_+_1569-4710_ARO:3000378_MexB	78.862	123	24	2	3532	3653	1247	1126	2.43e-15	82.4
NODE_4158_length_5957_cov_64.8021	gb_Z21523_+_0-1974_ARO:3000191_tetQ	97.468	79	2	0	5878	5956	1974	1896	1.48e-31	135
NODE_4251_length_5815_cov_90.4644	gb_AF242872_+_2131-2878_ARO:3000375_ErmB	100.000	52	0	0	1	52	52	1	6.84e-20	97.1
NODE_4578_length_5335_cov_9.49659	gb_NC_007779_+_2586250-2589364_ARO:3000491_acrD	100.000	28	0	0	2725	2752	1907	1880	1.38e-06	52.8
NODE_4958_length_4917_cov_5.04607	gb_KU736867.1_+_19653-21573_ARO:3004442_tet(W/N/W)	92.474	1900	143	0	3018	4917	1	1900	0.0	2717
NODE_4958_length_4917_cov_5.04607	gb_EU434751_+_658-2578_ARO:3000194_tetW	90.474	1900	181	0	3018	4917	1	1900	0.0	2507
NODE_5163_length_4718_cov_2.60154	gb_AF170880_+_0-1848_ARO:3002522_novA	76.636	214	44	6	2823	3033	1591	1381	5.50e-25	113
NODE_5768_length_4167_cov_3.34071	gb_NC_002134.1_+_41537-42743_ARO:3000165_tet(A)	99.917	1206	1	0	2053	3258	1	1206	0.0	2222
NODE_5768_length_4167_cov_3.34071	gb_AB089595_+_0-1206_ARO:3000166_tet(B)	99.751	1206	3	0	2053	3258	1	1206	0.0	2211
NODE_5768_length_4167_cov_3.34071	gb_BX664015.1_-_204137-204554_ARO:3000168_tet(D)	100.000	61	0	0	4052	4112	1	61	4.86e-25	113
NODE_5953_length_4022_cov_314.05	gb_Z21523_+_0-1974_ARO:3000191_tetQ	97.458	118	2	1	3906	4022	1	118	3.50e-51	200
NODE_6007_length_3989_cov_52.3419	gb_AF242872_+_2131-2878_ARO:3000375_ErmB	98.387	62	0	1	3929	3989	747	686	2.17e-23	108
NODE_6423_length_3714_cov_2.83001	gb_U00096_+_2155262-2158385_ARO:3000793_mdtB	96.734	3123	102	0	425	3547	1	3123	0.0	5203
NODE_6423_length_3714_cov_2.83001	gb_U00096_+_2154015-2155263_ARO:3000792_mdtA	96.706	425	14	0	1	425	824	1248	0.0	708
NODE_6423_length_3714_cov_2.83001	gb_U00096_+_2158385-2161463_ARO:3000794_mdtC	96.951	164	5	0	3548	3711	1	164	5.22e-74	276
NODE_7004_length_3352_cov_288.578	gb_M37699_+_585-1752_ARO:3000205_tetX	99.914	1167	1	0	236	1402	1167	1	0.0	2150
NODE_7004_length_3352_cov_288.578	gb_Z21523_+_0-1974_ARO:3000191_tetQ	93.671	79	5	0	3273	3351	1974	1896	8.40e-27	119
NODE_7701_length_3018_cov_2.44111	gb_AF226276.1_+_3583-4207_ARO:3002682_catD	100.000	624	0	0	1455	2078	1	624	0.0	1153
NODE_7701_length_3018_cov_2.44111	gb_U15027_+_0-624_ARO:3002686_catP	100.000	624	0	0	1455	2078	1	624	0.0	1153
NODE_7701_length_3018_cov_2.44111	gb_X74948_+_0-492_ARO:3002688_catS	82.680	485	78	4	1525	2006	11	492	3.98e-119	425
NODE_9369_length_2424_cov_24.0734	gb_JQ740052_+_2108-3329_ARO:3000567_tet(40)	99.427	1221	7	0	68	1288	1	1221	0.0	2217
NODE_10154_length_2227_cov_34.7827	gb_M18896.2_+_206-2126_ARO:3000190_tetO	94.753	1925	91	9	270	2189	1	1920	0.0	2987
NODE_10154_length_2227_cov_34.7827	gb_AJ295238.3_+_163-2083_ARO:3000196_tet32	96.442	1068	37	1	1123	2189	853	1920	0.0	1760
NODE_10154_length_2227_cov_34.7827	gb_AJ295238.3_+_163-2083_ARO:3000196_tet32	91.919	396	32	0	270	665	1	396	3.58e-158	555
NODE_10813_length_2088_cov_166.163	gb_EU434751_+_658-2578_ARO:3000194_tetW	99.723	1802	5	0	287	2088	1	1802	0.0	3301
NODE_10813_length_2088_cov_166.163	gb_KU736867.1_+_19653-21573_ARO:3004442_tet(W/N/W)	96.559	1802	62	0	287	2088	1	1802	0.0	2985
NODE_11051_length_2043_cov_10.6544	gb_AJ295238.3_+_163-2083_ARO:3000196_tet32	87.879	1914	212	19	6	1909	1904	1	0.0	2231
NODE_11705_length_1918_cov_6.42351	gb_Z21523_+_0-1974_ARO:3000191_tetQ	89.838	1909	194	0	1	1909	66	1974	0.0	2451
NODE_11761_length_1909_cov_23.1284	gb_NC_005024_+_42504-43944_ARO:3002597_AAC(6')-Ie-APH(2'')-Ia	100.000	1440	0	0	77	1516	1440	1	0.0	2660
NODE_11761_length_1909_cov_23.1284	gb_AY701528.1_+_9695-10589_ARO:3004191_APH(2'')-If	80.843	830	149	9	89	913	867	43	0.0	643
NODE_11910_length_1886_cov_1300.83	gb_Z21523_+_0-1974_ARO:3000191_tetQ	97.614	1886	45	0	1	1886	1949	64	0.0	3234
NODE_12988_length_1723_cov_119.484	gb_AY928180_+_0-495_ARO:3002837_lnuC	99.192	495	4	0	85	579	495	1	0.0	893
NODE_13168_length_1702_cov_53.3807	gb_EU434751_+_658-2578_ARO:3000194_tetW	97.110	173	5	0	1	173	1748	1920	2.36e-79	292
NODE_14098_length_1596_cov_1.939	gb_AF235050.4_+_38028-40140_ARO:3003318_Streptomyces	77.246	167	36	2	221	386	421	256	1.86e-20	97.1
NODE_18166_length_1259_cov_1.21096	gb_U00096_-_2098446-2099613_ARO:3003577_ugd	72.789	294	80	0	671	964	570	863	1.13e-21	100
NODE_18664_length_1228_cov_89.4962	gb_GQ342996_+_797-1793_ARO:3003097_CfxA6	99.799	996	2	0	37	1032	996	1	0.0	1829
NODE_18664_length_1228_cov_89.4962	gb_AF118110.1_-_71-1037_ARO:3003002_CfxA2	89.293	962	100	3	40	999	961	1	0.0	1203
NODE_18664_length_1228_cov_89.4962	gb_AF472622_+_52-1018_ARO:3003003_CfxA3	89.189	962	101	3	40	999	961	1	0.0	1197
NODE_18664_length_1228_cov_89.4962	gb_AY769934_+_27-993_ARO:3003096_CfxA5	89.189	962	101	3	40	999	961	1	0.0	1197
NODE_18664_length_1228_cov_89.4962	gb_U38243_+_149-1115_ARO:3003001_CfxA	89.189	962	101	3	40	999	961	1	0.0	1197
NODE_18664_length_1228_cov_89.4962	gb_AY769933_+_0-966_ARO:3003005_CfxA4	89.189	962	101	3	40	999	961	1	0.0	1197
NODE_19641_length_1174_cov_3.24933	gb_NC_012469.1_-_1800927-1802391_ARO:3000616_mel	97.705	305	7	0	816	1120	1464	1160	1.47e-149	525
NODE_19641_length_1174_cov_3.24933	gb_L42817_+_201-936_ARO:3000522_ErmG	100.000	44	0	0	1	44	44	1	3.82e-16	82.4
NODE_21148_length_1100_cov_220.999	gb_AF242872_+_2131-2878_ARO:3000375_ErmB	100.000	52	0	0	1	52	52	1	1.28e-20	97.1
NODE_24063_length_983_cov_5.80711	gb_AY055428.1_-_20268-21084_ARO:3000412_sul2	99.877	816	1	0	114	929	1	816	0.0	1502
NODE_28322_length_858_cov_20.7372	gb_AF024666.2_-_2207-2969_ARO:3000596_ErmX	96.855	763	23	1	79	841	762	1	0.0	1275
NODE_29259_length_835_cov_459.25	gb_M17124_+_1181-1982_ARO:3000498_ErmF	99.875	801	1	0	33	833	801	1	0.0	1474
NODE_29259_length_835_cov_459.25	gb_AF319779.2_+_32-833_ARO:3000604_Erm(35)	78.518	796	167	3	40	833	794	1	4.83e-148	520
NODE_31095_length_795_cov_1.49865	gb_AY768532_+_0-1935_ARO:3000535_macB	90.909	44	4	0	416	459	845	802	1.20e-09	60.2
NODE_31431_length_788_cov_1.71078	gb_U00096.3_-_3203309-3204131_ARO:3002986_bacA	95.238	63	1	2	726	788	396	456	2.53e-21	99.0
NODE_32077_length_775_cov_1.49583	gb_AY701528.1_+_9695-10589_ARO:3004191_APH(2'')-If	99.012	506	5	0	270	775	894	389	0.0	907
NODE_32077_length_775_cov_1.49583	gb_NC_005024_+_42504-43944_ARO:3002597_AAC(6')-Ie-APH(2'')-Ia	80.720	472	85	6	297	765	1428	960	7.98e-101	363
NODE_33765_length_743_cov_463.214	gb_AF242872_+_2131-2878_ARO:3000375_ErmB	99.595	741	2	1	1	740	741	1	0.0	1351
NODE_37981_length_676_cov_2.23027	gb_JQ740052_+_2108-3329_ARO:3000567_tet(40)	100.000	38	0	0	639	676	1	38	4.70e-13	71.3
NODE_39348_length_657_cov_10.6512	gb_AF028812_+_392-887_ARO:3002867_dfrF	99.597	496	1	1	59	554	495	1	0.0	904
NODE_43047_length_612_cov_3.64632	gb_U00096_+_2158385-2161463_ARO:3000794_mdtC	96.236	611	23	0	2	612	169	779	0.0	1002
NODE_45465_length_588_cov_55.1088	gb_EU434751_+_658-2578_ARO:3000194_tetW	98.266	173	3	0	1	173	1748	1920	3.69e-83	303
NODE_59901_length_477_cov_0.841232	gb_M11036_+_0-1377_ARO:3000179_tet(L)	96.162	495	1	1	1	477	377	871	0.0	793
NODE_61034_length_469_cov_1.23671	gb_M57437_+_0-1647_ARO:3002827_tlrC	96.970	33	1	0	263	295	568	600	9.01e-09	56.5
NODE_66071_length_436_cov_257.428	gb_AF242872_+_2131-2878_ARO:3000375_ErmB	100.000	52	0	0	1	52	52	1	4.92e-21	97.1
NODE_67091_length_429_cov_232.679	gb_Z21523_+_0-1974_ARO:3000191_tetQ	99.153	118	1	0	312	429	1	118	4.60e-56	213
NODE_74994_length_376_cov_3.69159	gb_AF024666.2_-_2207-2969_ARO:3000596_ErmX	97.368	38	1	0	1	38	38	1	1.19e-11	65.8
NODE_83032_length_331_cov_1.55435	gb_M35190.1_+_308-932_ARO:3004454_Campylobacter	98.233	283	5	0	49	331	624	342	3.11e-141	496
NODE_83032_length_331_cov_1.55435	gb_X53797_+_133-775_ARO:3002684_catII	94.118	34	2	0	93	126	589	556	8.10e-08	52.8
NODE_84025_length_326_cov_50.5387	gb_AF319779.2_+_32-833_ARO:3000604_Erm(35)	100.000	53	0	0	1	53	53	1	1.01e-21	99.0
NODE_84025_length_326_cov_50.5387	gb_M17124_+_1181-1982_ARO:3000498_ErmF	100.000	53	0	0	1	53	53	1	1.01e-21	99.0
NODE_85512_length_317_cov_5.80916	gb_EU434751_+_658-2578_ARO:3000194_tetW	96.825	63	0	2	256	317	1911	1850	2.10e-23	104
NODE_92503_length_278_cov_1.56502	gb_MF095097.1_-_1855-3484_ARO:3004470_poxtA	93.182	44	1	2	54	96	1388	1430	3.10e-11	63.9
NODE_98351_length_263_cov_18.5096	gb_AF024666.2_-_2207-2969_ARO:3000596_ErmX	97.368	38	1	0	226	263	1	38	8.13e-12	65.8
NODE_105740_length_250_cov_1.34359	gb_GQ343019_+_132-1023_ARO:3002999_CblA-1	100.000	90	0	0	1	90	90	1	2.05e-42	167
NODE_112529_length_242_cov_1.32086	gb_AF235050.4_+_38028-40140_ARO:3003318_Streptomyces	74.742	194	33	14	1	186	97	282	4.44e-14	73.1
NODE_116755_length_237_cov_0.989011	gb_AF047479_+_1295-2087_ARO:3002603_aadA3	100.000	237	0	0	1	237	391	627	3.71e-124	438
NODE_116755_length_237_cov_0.989011	gb_AF156486_+_5012-5792_ARO:3002602_aadA2	100.000	237	0	0	1	237	379	615	3.71e-124	438
NODE_116755_length_237_cov_0.989011	gb_FJ460181_+_1790-2582_ARO:3002617_aadA17	100.000	237	0	0	1	237	391	627	3.71e-124	438
NODE_116755_length_237_cov_0.989011	gb_AY139603_+_106-898_ARO:3002608_aadA8	99.578	237	1	0	1	237	391	627	1.73e-122	433
NODE_116755_length_237_cov_0.989011	gb_DQ393783_+_1799-2591_ARO:3002615_aadA15	94.093	237	14	0	1	237	391	627	8.27e-101	361
NODE_116755_length_237_cov_0.989011	gb_CP003022_+_336788-337580_ARO:3003197_aadA25	93.671	237	15	0	1	237	391	627	3.85e-99	355
NODE_116755_length_237_cov_0.989011	gb_FJ381668_+_56-848_ARO:3002612_aadA12	93.671	237	15	0	1	237	391	627	3.85e-99	355
NODE_116755_length_237_cov_0.989011	gb_DQ677333_+_0-780_ARO:3002621_aadA24	93.249	237	16	0	1	237	379	615	1.79e-97	350
NODE_116755_length_237_cov_0.989011	gb_AM261837_+_73-865_ARO:3002619_aadA22	93.249	237	16	0	1	237	391	627	1.79e-97	350
NODE_116755_length_237_cov_0.989011	gb_NC_004998.1_-_80976-81768_ARO:3002601_aadA	93.249	237	16	0	1	237	391	627	1.79e-97	350
NODE_116755_length_237_cov_0.989011	gb_AY171244_+_46-838_ARO:3002618_aadA21	93.162	234	16	0	1	234	391	624	8.32e-96	344
NODE_116755_length_237_cov_0.989011	gb_AJ809407_+_118-898_ARO:3002620_aadA23	92.827	237	17	0	1	237	379	615	8.32e-96	344
NODE_116755_length_237_cov_0.989011	gb_NG_036525_+_633-1431_ARO:3002613_aadA13	91.561	237	20	0	1	237	391	627	8.38e-91	327
NODE_120884_length_234_cov_13.0223	gb_AF319779.2_+_32-833_ARO:3000604_Erm(35)	100.000	49	0	0	1	49	49	1	1.18e-19	91.6
NODE_120884_length_234_cov_13.0223	gb_M17124_+_1181-1982_ARO:3000498_ErmF	100.000	49	0	0	1	49	49	1	1.18e-19	91.6
NODE_122025_length_233_cov_406.152	gb_Z21523_+_0-1974_ARO:3000191_tetQ	99.153	118	1	0	116	233	1	118	2.40e-56	213
NODE_126470_length_229_cov_1.34483	gb_AP006618.1_+_4835199-4838688_ARO:3000501_Nocardia	77.830	212	41	5	20	228	1451	1243	3.16e-30	126
NODE_130340_length_226_cov_1.52632	gb_NC_014638.1_-_1610636-1613960_ARO:3003730_Bifidobacteria	85.778	225	32	0	1	225	2028	2252	3.84e-64	239
NODE_160483_length_190_cov_64.7556	gb_AF242872_+_2131-2878_ARO:3000375_ErmB	100.000	50	0	0	1	50	50	1	2.61e-20	93.5
NODE_160533_length_187_cov_679.402	gb_Z21523_+_0-1974_ARO:3000191_tetQ	98.734	79	1	0	108	186	1974	1896	9.02e-35	141
NODE_160583_length_184_cov_731.566	gb_AF319779.2_+_32-833_ARO:3000604_Erm(35)	100.000	53	0	0	1	53	53	1	5.41e-22	99.0
NODE_160583_length_184_cov_731.566	gb_M17124_+_1181-1982_ARO:3000498_ErmF	100.000	53	0	0	1	53	53	1	5.41e-22	99.0
NODE_160960_length_162_cov_22.8972	gb_EU434751_+_658-2578_ARO:3000194_tetW	82.716	162	28	0	1	162	1909	1748	5.98e-36	145
NODE_161017_length_160_cov_1722.16	gb_Z21523_+_0-1974_ARO:3000191_tetQ	100.000	55	0	0	1	55	118	64	3.60e-23	102
NODE_161287_length_148_cov_49.043	gb_Z21523_+_0-1974_ARO:3000191_tetQ	100.000	78	0	0	1	78	78	1	5.39e-36	145
NODE_162411_length_112_cov_81.3158	gb_EU434751_+_658-2578_ARO:3000194_tetW	100.000	45	0	0	68	112	1920	1876	8.60e-18	84.2
NODE_162816_length_107_cov_62.0577	gb_AF242872_+_2131-2878_ARO:3000375_ErmB	98.214	56	0	1	1	55	686	741	1.04e-21	97.1
NODE_162874_length_106_cov_37.1176	gb_EU434751_+_658-2578_ARO:3000194_tetW	98.077	52	1	0	55	106	1911	1860	4.81e-20	91.6
NODE_162985_length_105_cov_19.14	gb_Z21523_+_0-1974_ARO:3000191_tetQ	100.000	54	0	0	52	105	106	159	7.89e-23	100
