NODE_18_length_128673_cov_19.7276	gb_AF540889_+_0-327_ARO:3002871_tet37	99.550	222	1	0	72596	72817	222	1	2.22e-111	405
NODE_20_length_121598_cov_15.7885	gb_X63451_+_0-1653_ARO:3002828_srmB	97.059	34	1	0	104133	104166	1466	1499	6.75e-07	58.4
NODE_21_length_118843_cov_38.4963	gb_Z21523_+_0-1974_ARO:3000191_tetQ	100.000	1974	0	0	108	2081	1974	1	0.0	3646
NODE_149_length_37397_cov_36.7625	gb_AF235050.4_+_38028-40140_ARO:3003318_Streptomyces	77.487	382	78	7	6525	6902	453	76	6.96e-57	222
NODE_164_length_36069_cov_12.6188	gb_AP006618.1_+_4835199-4838688_ARO:3000501_Nocardia	74.571	2155	469	60	33947	36069	1044	3151	0.0	870
NODE_215_length_31051_cov_12.4313	gb_AF472622_+_52-1018_ARO:3003003_CfxA3	100.000	144	0	0	1	144	144	1	2.63e-70	267
NODE_215_length_31051_cov_12.4313	gb_AY769934_+_27-993_ARO:3003096_CfxA5	100.000	144	0	0	1	144	144	1	2.63e-70	267
NODE_215_length_31051_cov_12.4313	gb_U38243_+_149-1115_ARO:3003001_CfxA	100.000	144	0	0	1	144	144	1	2.63e-70	267
NODE_215_length_31051_cov_12.4313	gb_AY769933_+_0-966_ARO:3003005_CfxA4	100.000	144	0	0	1	144	144	1	2.63e-70	267
NODE_215_length_31051_cov_12.4313	gb_AF118110.1_-_71-1037_ARO:3003002_CfxA2	100.000	144	0	0	1	144	144	1	2.63e-70	267
NODE_294_length_25822_cov_27.3012	gb_NC_003098_+_953382-954594_ARO:3000614_mefE	82.100	1162	208	0	4789	5950	1201	40	0.0	994
NODE_305_length_25387_cov_87.8396	gb_AF235050.4_+_38028-40140_ARO:3003318_Streptomyces	77.225	382	79	7	9120	9497	76	453	2.20e-55	217
NODE_305_length_25387_cov_87.8396	gb_AF235050.4_+_38028-40140_ARO:3003318_Streptomyces	97.143	35	1	0	10874	10908	1896	1930	3.92e-08	60.2
NODE_378_length_22102_cov_113.07	gb_CP007593.1_+_2148923-2149772_ARO:3001301_RlmA(II)	89.176	850	90	2	18127	18975	849	1	0.0	1059
NODE_545_length_17608_cov_50.3749	gb_AF472622_+_52-1018_ARO:3003003_CfxA3	100.000	55	0	0	1	55	903	957	4.46e-21	102
NODE_545_length_17608_cov_50.3749	gb_AY769934_+_27-993_ARO:3003096_CfxA5	100.000	55	0	0	1	55	903	957	4.46e-21	102
NODE_545_length_17608_cov_50.3749	gb_U38243_+_149-1115_ARO:3003001_CfxA	100.000	55	0	0	1	55	903	957	4.46e-21	102
NODE_545_length_17608_cov_50.3749	gb_AY769933_+_0-966_ARO:3003005_CfxA4	100.000	55	0	0	1	55	903	957	4.46e-21	102
NODE_545_length_17608_cov_50.3749	gb_AF118110.1_-_71-1037_ARO:3003002_CfxA2	100.000	55	0	0	1	55	903	957	4.46e-21	102
NODE_587_length_16913_cov_55.1826	gb_AM180355_+_600033-601953_ARO:3000186_tetM	92.448	1920	145	0	177	2096	1920	1	0.0	2743
NODE_587_length_16913_cov_55.1826	gb_L09756_+_0-1926_ARO:3000192_tetS	78.412	1927	399	15	178	2095	1920	2	0.0	1238
NODE_838_length_13237_cov_19.3681	gb_NC_003112.2_-_1791966-1795170_ARO:3000811_mtrD	80.652	3189	591	22	1814	4989	3176	1	0.0	2447
NODE_838_length_13237_cov_19.3681	gb_X95635_+_259-1663_ARO:3000812_mtrE	76.839	1373	284	30	324	1679	1389	34	0.0	743
NODE_838_length_13237_cov_19.3681	gb_CP001050.1_+_1332866-1333499_ARO:3000817_mtrR	79.194	620	118	8	6517	7130	1	615	8.14e-117	420
NODE_926_length_12451_cov_10.5689	gb_M18896.2_+_206-2126_ARO:3000190_tetO	99.792	1920	4	0	1364	3283	1	1920	0.0	3524
NODE_926_length_12451_cov_10.5689	gb_AJ295238.3_+_163-2083_ARO:3000196_tet32	94.465	831	46	0	2453	3283	1090	1920	0.0	1280
NODE_926_length_12451_cov_10.5689	gb_AJ295238.3_+_163-2083_ARO:3000196_tet32	91.919	396	32	0	1364	1759	1	396	2.01e-157	555
NODE_1004_length_11699_cov_13.8886	gb_KX000273.1_+_0-1740_ARO:3004036_tetB(60)	98.851	1740	20	0	2744	4483	1	1740	0.0	3103
NODE_1004_length_11699_cov_13.8886	gb_KX000272.1_+_0-1740_ARO:3004035_tetA(60)	89.483	1740	183	0	1008	2747	1	1740	0.0	2200
NODE_1112_length_10869_cov_67.0613	gb_NC_003098.1_-_1359228-1360395_ARO:3000025_patB	92.423	1003	76	0	9867	10869	1	1003	0.0	1432
NODE_1248_length_10010_cov_12.875	gb_HM990671_+_5192-6671_ARO:3003112_lsaC	90.224	1381	135	0	8630	10010	1479	99	0.0	1803
NODE_1313_length_9670_cov_20.2661	gb_HQ652506.1_+_373-2098_ARO:3004032_tetA(46)	94.493	1725	95	0	687	2411	1	1725	0.0	2660
NODE_1313_length_9670_cov_20.2661	gb_HQ652506.1_+_2099-3836_ARO:3004033_tetB(46)	92.803	1723	120	4	2413	4133	1	1721	0.0	2492
NODE_1665_length_8285_cov_11.342	gb_NC_003112.2_+_330790-332317_ARO:3003962_farB	76.013	1505	330	26	5271	6761	1527	40	0.0	750
NODE_1665_length_8285_cov_11.342	gb_NC_003112.2_+_329612-330767_ARO:3003961_farA	72.331	918	232	21	7123	8029	1033	127	1.95e-71	268
NODE_1734_length_8017_cov_4.56933	gb_AY509111_+_0-1056_ARO:3002894_otrC	76.000	275	58	8	6230	6500	363	633	2.00e-31	135
NODE_1773_length_7889_cov_13.38	gb_AY768532_+_0-1935_ARO:3000535_macB	85.832	1941	262	13	3620	5555	1	1933	0.0	2049
NODE_1773_length_7889_cov_13.38	gb_AY768531_+_0-1179_ARO:3000533_macA	83.848	1102	165	11	2422	3518	77	1170	0.0	1037
NODE_1825_length_7730_cov_5.52274	gb_AP006618.1_+_4835199-4838688_ARO:3000501_Nocardia	77.710	1310	272	17	2256	3558	2066	3362	0.0	784
NODE_1825_length_7730_cov_5.52274	gb_AP006618.1_+_4835199-4838688_ARO:3000501_Nocardia	75.596	1594	333	44	443	2002	241	1812	0.0	737
NODE_1927_length_7439_cov_27.9469	gb_AF235050.4_+_38028-40140_ARO:3003318_Streptomyces	80.044	451	88	2	532	981	43	492	6.13e-91	333
NODE_2114_length_6955_cov_8.17884	gb_KX000273.1_+_0-1740_ARO:3004036_tetB(60)	85.230	1740	257	0	4363	6102	1740	1	0.0	1790
NODE_2114_length_6955_cov_8.17884	gb_KX000272.1_+_0-1740_ARO:3004035_tetA(60)	88.681	857	97	0	6099	6955	1740	884	0.0	1046
NODE_2660_length_5857_cov_24.0612	gb_CP007593.1_+_2148923-2149772_ARO:3001301_RlmA(II)	84.734	845	125	4	917	1759	1	843	0.0	843
NODE_2692_length_5799_cov_44.7883	gb_AF472622_+_52-1018_ARO:3003003_CfxA3	98.305	59	0	1	1	58	144	86	1.47e-21	102
NODE_2692_length_5799_cov_44.7883	gb_AY769934_+_27-993_ARO:3003096_CfxA5	98.305	59	0	1	1	58	144	86	1.47e-21	102
NODE_2692_length_5799_cov_44.7883	gb_U38243_+_149-1115_ARO:3003001_CfxA	98.305	59	0	1	1	58	144	86	1.47e-21	102
NODE_2692_length_5799_cov_44.7883	gb_AY769933_+_0-966_ARO:3003005_CfxA4	98.305	59	0	1	1	58	144	86	1.47e-21	102
NODE_2692_length_5799_cov_44.7883	gb_AF118110.1_-_71-1037_ARO:3003002_CfxA2	98.305	59	0	1	1	58	144	86	1.47e-21	102
NODE_2838_length_5572_cov_7.52964	gb_X63451_+_0-1653_ARO:3002828_srmB	97.059	34	1	0	24	57	1466	1499	3.09e-08	58.4
NODE_2847_length_5555_cov_169.101	gb_CP007593.1_+_2148923-2149772_ARO:3001301_RlmA(II)	84.935	843	127	0	3191	4033	843	1	0.0	854
NODE_2874_length_5511_cov_65.1155	gb_NC_012469.1_-_1800927-1802391_ARO:3000616_mel	100.000	1464	0	0	1605	3068	1464	1	0.0	2704
NODE_2874_length_5511_cov_65.1155	gb_NC_023287.1_-_65291-66509_ARO:3000615_mefA	96.962	1218	37	0	3188	4405	1218	1	0.0	2045
NODE_3231_length_5092_cov_60.6359	gb_NC_003098.1_-_1359228-1360395_ARO:3000025_patB	83.793	1160	182	5	1184	2340	1157	1	0.0	1096
NODE_3591_length_4678_cov_4.90504	gb_AFRQ01000061.1_-_23986-27124_ARO:3004144_AxyY	88.158	76	9	0	2110	2185	2631	2706	2.56e-18	91.6
NODE_3598_length_4670_cov_36.8563	gb_AF472622_+_52-1018_ARO:3003003_CfxA3	100.000	64	0	0	4607	4670	966	903	1.17e-26	119
NODE_3598_length_4670_cov_36.8563	gb_AY769934_+_27-993_ARO:3003096_CfxA5	100.000	64	0	0	4607	4670	966	903	1.17e-26	119
NODE_3598_length_4670_cov_36.8563	gb_U38243_+_149-1115_ARO:3003001_CfxA	100.000	64	0	0	4607	4670	966	903	1.17e-26	119
NODE_3598_length_4670_cov_36.8563	gb_AY769933_+_0-966_ARO:3003005_CfxA4	100.000	64	0	0	4607	4670	966	903	1.17e-26	119
NODE_3598_length_4670_cov_36.8563	gb_AF118110.1_-_71-1037_ARO:3003002_CfxA2	100.000	64	0	0	4607	4670	966	903	1.17e-26	119
NODE_4015_length_4320_cov_8.34467	gb_L36601_+_1420-3130_ARO:3003036_oleB	93.182	44	2	1	3767	3810	1574	1532	5.15e-10	63.9
NODE_4084_length_4268_cov_5.42725	gb_AF024602_+_3155-3992_ARO:3002660_APH(6)-Id	99.881	837	1	0	2187	3023	837	1	0.0	1541
NODE_4084_length_4268_cov_5.42725	gb_AF313472_+_15593-16397_ARO:3002639_APH(3'')-Ib	99.876	804	1	0	3023	3826	804	1	0.0	1480
NODE_4133_length_4238_cov_70.6182	gb_NC_003098.1_+_866210-867410_ARO:3000822_pmrA	93.594	1202	73	3	136	1335	1200	1	0.0	1790
NODE_4755_length_3800_cov_4.36849	gb_AY768532_+_0-1935_ARO:3000535_macB	78.846	104	22	0	551	654	421	524	2.71e-12	71.3
NODE_5398_length_3449_cov_4.69093	gb_L36601_+_1420-3130_ARO:3003036_oleB	100.000	28	0	0	1616	1643	1541	1568	8.89e-07	52.8
NODE_6102_length_3102_cov_3.26026	gb_X63451_+_0-1653_ARO:3002828_srmB	100.000	35	0	0	892	926	1499	1465	1.03e-10	65.8
NODE_7132_length_2742_cov_174.048	gb_AP006618.1_+_4835199-4838688_ARO:3000501_Nocardia	86.228	334	42	4	2155	2486	2968	3299	3.71e-99	359
NODE_7636_length_2589_cov_22.0852	gb_X74948_+_0-492_ARO:3002688_catS	96.334	491	18	0	1063	1553	1	491	0.0	808
NODE_7636_length_2589_cov_22.0852	gb_AF226276.1_+_3583-4207_ARO:3002682_catD	84.554	628	89	7	1003	1626	1	624	1.88e-176	616
NODE_7636_length_2589_cov_22.0852	gb_U15027_+_0-624_ARO:3002686_catP	84.554	628	89	7	1003	1626	1	624	1.88e-176	616
NODE_8083_length_2472_cov_4.24204	gb_NC_014638.1_-_1610636-1613960_ARO:3003730_Bifidobacteria	75.421	891	186	23	563	1426	1266	2150	5.48e-112	401
NODE_8145_length_2458_cov_37.4582	gb_AF235050.4_+_38028-40140_ARO:3003318_Streptomyces	86.154	65	9	0	249	313	1897	1961	1.74e-12	71.3
NODE_8562_length_2362_cov_11.0542	gb_NC_003098.1_-_1359228-1360395_ARO:3000025_patB	78.868	989	203	5	1374	2359	1	986	0.0	664
NODE_10826_length_1959_cov_32.1061	gb_NC_003098.1_+_866210-867410_ARO:3000822_pmrA	93.285	417	28	0	1543	1959	1	417	1.42e-176	616
NODE_11881_length_1820_cov_33.3297	gb_NC_003098.1_+_866210-867410_ARO:3000822_pmrA	93.427	1065	66	3	1	1063	1063	1	0.0	1576
NODE_12587_length_1739_cov_4.04513	gb_AF235050.4_+_38028-40140_ARO:3003318_Streptomyces	74.889	1131	231	43	176	1272	1187	76	1.34e-131	466
NODE_12616_length_1736_cov_43.5187	gb_AF024666.2_-_2207-2969_ARO:3000596_ErmX	99.869	763	0	1	802	1564	762	1	0.0	1402
NODE_13966_length_1601_cov_16.1365	gb_NC_014638.1_-_1610636-1613960_ARO:3003730_Bifidobacteria	78.116	329	66	5	1	326	1823	2148	1.07e-52	204
NODE_14644_length_1541_cov_10.0182	gb_CP007593.1_+_2148923-2149772_ARO:3001301_RlmA(II)	84.634	846	122	7	45	886	1	842	0.0	835
NODE_15271_length_1485_cov_26.258	gb_CP007593.1_+_2148923-2149772_ARO:3001301_RlmA(II)	84.935	843	123	4	24	864	1	841	0.0	850
NODE_16106_length_1421_cov_4.4612	gb_CP007593.1_+_2148923-2149772_ARO:3001301_RlmA(II)	85.124	847	118	8	347	1189	1	843	0.0	859
NODE_17037_length_1357_cov_64.6198	gb_NC_003098.1_-_1359228-1360395_ARO:3000025_patB	92.237	219	17	0	1	219	949	1167	5.18e-85	311
NODE_17635_length_1319_cov_7.89557	gb_KX000272.1_+_0-1740_ARO:3004035_tetA(60)	94.030	938	56	0	1	938	938	1	0.0	1423
NODE_18463_length_1271_cov_2.17352	gb_AJ295238.3_+_163-2083_ARO:3000196_tet32	94.340	1272	66	6	3	1271	1409	141	0.0	1945
NODE_20441_length_1176_cov_5.5165	gb_KX000273.1_+_0-1740_ARO:3004036_tetB(60)	85.824	1171	166	0	6	1176	229	1399	0.0	1243
NODE_20859_length_1158_cov_3.00453	gb_AF242872_+_2131-2878_ARO:3000375_ErmB	99.684	632	2	0	1	632	632	1	0.0	1157
NODE_21183_length_1143_cov_10.1618	gb_CP007593.1_+_2148923-2149772_ARO:3001301_RlmA(II)	84.005	844	129	6	150	990	1	841	0.0	806
NODE_23739_length_1048_cov_91.5267	gb_NC_003098.1_-_1359228-1360395_ARO:3000025_patB	84.103	975	149	5	1	972	972	1	0.0	937
NODE_23878_length_1043_cov_8.44433	gb_NC_003098.1_+_866210-867410_ARO:3000822_pmrA	94.343	1043	59	0	1	1043	1063	21	0.0	1600
NODE_24661_length_1017_cov_4.63514	gb_AF235050.4_+_38028-40140_ARO:3003318_Streptomyces	77.749	391	65	17	2	381	454	75	6.70e-58	220
NODE_25632_length_986_cov_8.35553	gb_KX000273.1_+_0-1740_ARO:3004036_tetB(60)	91.667	396	33	0	591	986	1740	1345	7.29e-157	549
NODE_28049_length_920_cov_149.988	gb_AF235050.4_+_38028-40140_ARO:3003318_Streptomyces	77.095	358	74	7	567	920	453	100	7.87e-52	200
NODE_28311_length_913_cov_2.1014	gb_U57969_+_1485-4617_ARO:3000801_MexD	75.000	208	46	5	176	380	2975	2771	4.91e-19	91.6
NODE_30194_length_868_cov_51.4305	gb_AF472622_+_52-1018_ARO:3003003_CfxA3	100.000	868	0	0	1	868	957	90	0.0	1604
NODE_30194_length_868_cov_51.4305	gb_AY769933_+_0-966_ARO:3003005_CfxA4	99.885	868	1	0	1	868	957	90	0.0	1598
NODE_30194_length_868_cov_51.4305	gb_AF118110.1_-_71-1037_ARO:3003002_CfxA2	99.885	868	1	0	1	868	957	90	0.0	1598
NODE_30194_length_868_cov_51.4305	gb_AY769934_+_27-993_ARO:3003096_CfxA5	99.770	868	2	0	1	868	957	90	0.0	1592
NODE_30194_length_868_cov_51.4305	gb_U38243_+_149-1115_ARO:3003001_CfxA	99.770	868	2	0	1	868	957	90	0.0	1592
NODE_30194_length_868_cov_51.4305	gb_GQ342996_+_797-1793_ARO:3003097_CfxA6	89.108	863	92	2	7	868	984	123	0.0	1072
NODE_31258_length_845_cov_14.2608	gb_NC_014638.1_-_1610636-1613960_ARO:3003730_Bifidobacteria	72.620	851	182	39	17	834	1034	1866	7.11e-62	233
NODE_34030_length_792_cov_2.21031	gb_EU434751_+_658-2578_ARO:3000194_tetW	100.000	663	0	0	130	792	1920	1258	0.0	1225
NODE_34030_length_792_cov_2.21031	gb_KU736867.1_+_19653-21573_ARO:3004442_tet(W/N/W)	95.725	655	26	2	139	792	1911	1258	0.0	1053
NODE_34859_length_777_cov_1.75762	gb_CP004067_+_52914-53709_ARO:3002647_APH(3')-IIIa	100.000	731	0	0	47	777	795	65	0.0	1351
NODE_35008_length_775_cov_1.95833	gb_NC_000913.3_+_3219493-3220873_ARO:3000024_patA	83.146	89	15	0	180	268	776	864	2.50e-16	82.4
NODE_40192_length_696_cov_3.78315	gb_HM990671_+_5192-6671_ARO:3003112_lsaC	97.835	231	5	0	466	696	1	231	5.44e-112	399
NODE_41788_length_676_cov_2.55072	gb_AF235050.4_+_38028-40140_ARO:3003318_Streptomyces	79.664	654	113	19	34	676	1332	1976	4.00e-128	453
NODE_42329_length_669_cov_2.67915	gb_AP009048.1_-_4303042-4304509_ARO:3003550_mdtP	97.608	669	16	0	1	669	277	945	0.0	1147
NODE_42681_length_665_cov_2.07049	gb_AY768532_+_0-1935_ARO:3000535_macB	81.481	108	13	5	498	602	421	524	2.14e-16	82.4
NODE_45876_length_629_cov_2.44425	gb_NC_002695.1_-_4903561-4904935_ARO:3000830_cpxA	99.563	229	1	0	401	629	1	229	1.35e-117	418
NODE_46724_length_620_cov_8.48319	gb_CP007593.1_+_2148923-2149772_ARO:3001301_RlmA(II)	90.780	282	24	2	340	620	841	561	8.14e-105	375
NODE_48766_length_601_cov_1.86813	gb_U00096_+_2812615-2814154_ARO:3000074_emrB	98.095	315	6	0	287	601	1	315	4.39e-157	549
NODE_48766_length_601_cov_1.86813	gb_AP009048_+_2810082-2811255_ARO:3000027_emrA	96.667	270	9	0	1	270	904	1173	4.58e-127	449
NODE_49775_length_592_cov_1.36499	gb_NC_014638.1_-_1610636-1613960_ARO:3003730_Bifidobacteria	81.788	593	96	10	4	590	940	1526	3.44e-138	486
NODE_50895_length_582_cov_1.45731	gb_U00096_+_2155262-2158385_ARO:3000793_mdtB	97.251	582	16	0	1	582	1828	1247	0.0	987
NODE_51530_length_577_cov_2.90421	gb_AP006618.1_+_4835199-4838688_ARO:3000501_Nocardia	76.549	452	81	19	2	445	1311	877	2.90e-59	224
NODE_55138_length_549_cov_4.13158	gb_M17124_+_1181-1982_ARO:3000498_ErmF	99.655	290	1	0	260	549	801	512	1.45e-151	531
NODE_55776_length_545_cov_3.88776	gb_CP007593.1_+_2148923-2149772_ARO:3001301_RlmA(II)	94.024	251	13	2	296	545	849	600	5.50e-106	379
NODE_56797_length_537_cov_13.0311	gb_NC_003098.1_-_1359228-1360395_ARO:3000025_patB	95.794	214	9	0	1	214	214	1	5.50e-96	346
NODE_58073_length_527_cov_1.65042	gb_AP009048.1_-_4304505-4306557_ARO:3003549_mdtO	96.943	458	14	0	1	458	1595	2052	0.0	769
NODE_58073_length_527_cov_1.65042	gb_AP009048.1_-_4303042-4304509_ARO:3003550_mdtP	98.630	73	1	0	455	527	1	73	5.91e-31	130
NODE_58122_length_527_cov_3.38347	gb_AP006618.1_+_4835199-4838688_ARO:3000501_Nocardia	85.841	339	48	0	189	527	3373	3035	1.93e-100	361
NODE_58503_length_524_cov_2.01919	gb_AY768532_+_0-1935_ARO:3000535_macB	82.683	410	71	0	111	520	1	410	1.48e-101	364
NODE_60084_length_514_cov_1.38344	gb_U00096_-_1124117-1125326_ARO:3001216_mdtH	97.082	514	15	0	1	514	146	659	0.0	867
NODE_60367_length_512_cov_3.05252	gb_AF079900_+_39-1731_ARO:3002892_otr(B)	94.595	37	2	0	470	506	324	288	2.74e-09	58.4
NODE_61272_length_506_cov_1.82705	gb_NC_010378.1_+_47850-51003_ARO:3003923_oqxB	96.774	31	1	0	336	366	2287	2317	1.26e-07	52.8
NODE_63863_length_491_cov_84.7431	gb_NC_003098.1_-_1359228-1360395_ARO:3000025_patB	92.668	491	36	0	1	491	650	160	0.0	708
NODE_64600_length_486_cov_2.05568	gb_U00096_+_2158385-2161463_ARO:3000794_mdtC	96.190	105	4	0	3	107	2974	3078	8.90e-44	172
NODE_66168_length_478_cov_0.862884	gb_U00096_+_3660413-3663527_ARO:3000796_mdtF	96.025	478	19	0	1	478	630	1107	0.0	778
NODE_68661_length_466_cov_0.965937	gb_NC_000913.3_-_481253-484403_ARO:3000216_acrB	98.927	466	5	0	1	466	1876	2341	0.0	833
NODE_68893_length_465_cov_6.02927	gb_AP009048.1_-_4306556-4307588_ARO:3003548_mdtN	94.839	465	24	0	1	465	50	514	0.0	726
NODE_69925_length_460_cov_2.39506	gb_NC_000913.3_-_484425-485619_ARO:3004043_Escherichia	99.565	460	2	0	1	460	465	6	0.0	839
NODE_69925_length_460_cov_2.39506	gb_AJ318073.1_+_793-1990_ARO:3004041_Klebsiella	79.254	429	87	2	33	460	433	6	1.33e-81	298
NODE_71074_length_454_cov_1.86466	gb_U00096_+_2154015-2155263_ARO:3000792_mdtA	77.852	447	95	4	10	454	932	488	2.21e-74	274
NODE_71119_length_454_cov_2.19549	gb_NC_014638.1_-_1610636-1613960_ARO:3003730_Bifidobacteria	88.053	452	54	0	2	453	181	632	2.55e-153	536
NODE_71946_length_450_cov_1.87342	gb_U00096.3_-_3203309-3204131_ARO:3002986_bacA	98.000	450	9	0	1	450	751	302	0.0	782
NODE_73422_length_444_cov_1.76607	gb_U00096_+_3413863-3415021_ARO:3000499_acrE	97.973	444	9	0	1	444	523	80	0.0	771
NODE_73792_length_442_cov_0.816537	gb_U00096_+_2155262-2158385_ARO:3000793_mdtB	84.223	431	68	0	10	440	614	184	2.61e-118	420
NODE_76459_length_431_cov_1.16489	gb_U00096_+_3660413-3663527_ARO:3000796_mdtF	97.216	431	12	0	1	431	2789	2359	0.0	730
NODE_76459_length_431_cov_1.16489	gb_AY769962_+_2434-5611_ARO:3000781_adeJ	94.737	38	2	0	94	131	2717	2680	6.37e-10	60.2
NODE_77139_length_428_cov_2.13673	gb_M17124_+_1181-1982_ARO:3000498_ErmF	100.000	227	0	0	202	428	1	227	2.52e-118	420
NODE_77139_length_428_cov_2.13673	gb_AF319779.2_+_32-833_ARO:3000604_Erm(35)	86.387	191	26	0	202	392	1	191	5.94e-55	209
NODE_77402_length_427_cov_2.30914	gb_AP009048.1_-_4153663-4154296_ARO:3000518_CRP	100.000	104	0	0	321	424	633	530	5.96e-50	193
NODE_78163_length_424_cov_3.39837	gb_BX664015.1_-_103017-103833_ARO:3002641_APH(3')-Ia	100.000	424	0	0	1	424	284	707	0.0	784
NODE_79655_length_419_cov_2.06319	gb_NC_000913.3_+_966620-968369_ARO:3003950_msbA	97.136	419	12	0	1	419	770	1188	0.0	708
NODE_82009_length_410_cov_2.41408	gb_AY768531_+_0-1179_ARO:3000533_macA	84.184	196	31	0	215	410	110	305	2.05e-49	191
NODE_82456_length_409_cov_1.56215	gb_LT673656.1_-_1884344-1885022_ARO:3004054_Pseudomonas	90.741	54	3	2	260	312	332	280	2.79e-13	71.3
NODE_82808_length_408_cov_7.24646	gb_NC_003098.1_-_1359228-1360395_ARO:3000025_patB	92.157	408	32	0	1	408	596	1003	1.34e-165	577
NODE_82863_length_407_cov_3.72159	gb_JQ394987_+_0-1233_ARO:3001328_Escherichia	96.806	407	13	0	1	407	642	236	0.0	680
NODE_83244_length_406_cov_1.71225	gb_AF235050.4_+_38028-40140_ARO:3003318_Streptomyces	78.884	251	43	7	161	406	449	204	1.59e-40	161
NODE_85065_length_400_cov_3.56232	gb_AP009048_+_2165012-2166416_ARO:3000829_baeS	96.250	400	15	0	1	400	970	1369	0.0	656
NODE_85648_length_398_cov_2.50146	gb_FJ768952_+_0-1488_ARO:3000237_tolC	97.739	398	9	0	1	398	1072	675	0.0	686
NODE_85853_length_397_cov_1.19006	gb_U00096_+_3660413-3663527_ARO:3000796_mdtF	97.985	397	8	0	1	397	1277	1673	0.0	689
NODE_86502_length_395_cov_3.02059	gb_KU736867.1_+_19653-21573_ARO:3004442_tet(W/N/W)	99.747	395	1	0	1	395	418	24	0.0	725
NODE_86502_length_395_cov_3.02059	gb_EU434751_+_658-2578_ARO:3000194_tetW	99.747	395	1	0	1	395	418	24	0.0	725
NODE_88052_length_390_cov_1.11343	gb_NC_000913.3_-_481253-484403_ARO:3000216_acrB	92.778	360	24	2	27	385	1	359	2.19e-148	520
NODE_88052_length_390_cov_1.11343	gb_U00096_+_3415032-3418137_ARO:3000502_acrF	87.955	357	40	3	35	390	10	364	8.21e-118	418
NODE_88757_length_388_cov_3.43544	gb_L36601_+_1420-3130_ARO:3003036_oleB	97.143	35	1	0	263	297	634	668	5.70e-10	60.2
NODE_89506_length_385_cov_1.52424	gb_FJ768952_+_0-1488_ARO:3000237_tolC	99.038	104	1	0	282	385	1	104	2.49e-48	187
NODE_91045_length_381_cov_9.7546	gb_CP007593.1_+_2148923-2149772_ARO:3001301_RlmA(II)	91.406	256	20	2	1	255	587	841	2.96e-97	350
NODE_91167_length_380_cov_1.80615	gb_NC_000913.3_+_2810769-2811300_ARO:3000516_emrR	98.925	372	4	0	9	380	531	160	0.0	665
NODE_92472_length_377_cov_1.30745	gb_AF079900_+_39-1731_ARO:3002892_otr(B)	75.966	233	50	6	6	235	95	324	1.16e-26	115
NODE_94222_length_372_cov_1.72871	gb_U00096_+_3660413-3663527_ARO:3000796_mdtF	97.043	372	11	0	1	372	588	217	1.19e-180	627
NODE_94667_length_371_cov_3.7943	gb_AY768531_+_0-1179_ARO:3000533_macA	77.808	365	75	6	10	371	651	290	2.36e-58	220
NODE_98049_length_362_cov_1.34202	gb_HM990671_+_5192-6671_ARO:3003112_lsaC	96.429	84	3	0	5	88	1396	1479	6.64e-34	139
NODE_98369_length_361_cov_2.10458	gb_U00096_+_2812615-2814154_ARO:3000074_emrB	97.959	98	2	0	264	361	1539	1442	2.35e-43	171
NODE_101540_length_353_cov_1.07718	gb_NC_000913.3_-_481253-484403_ARO:3000216_acrB	78.028	355	68	10	4	353	1385	1036	1.04e-56	215
NODE_101540_length_353_cov_1.07718	gb_NC_002516.2_-_2847775-2850886_ARO:3004075_MuxC	94.444	36	2	0	140	175	1237	1202	6.70e-09	56.5
NODE_101927_length_353_cov_5.45638	gb_NC_014638.1_-_1610636-1613960_ARO:3003730_Bifidobacteria	78.571	336	68	4	1	334	1823	2156	8.08e-58	219
NODE_103187_length_350_cov_2.15932	gb_AP009048.1_-_4306556-4307588_ARO:3003548_mdtN	96.764	309	10	0	1	309	724	1032	2.53e-147	516
NODE_103187_length_350_cov_2.15932	gb_AP009048.1_-_4304505-4306557_ARO:3003549_mdtO	100.000	42	0	0	309	350	1	42	1.42e-15	78.7
NODE_105113_length_345_cov_1.26207	gb_AP009048.1_-_3980025-3981183_ARO:3000795_mdtE	98.492	199	3	0	1	199	960	1158	7.45e-98	351
NODE_105113_length_345_cov_1.26207	gb_U00096_+_3660413-3663527_ARO:3000796_mdtF	99.180	122	1	0	224	345	1	122	2.19e-58	220
NODE_106235_length_343_cov_1.45486	gb_U00096_+_3415032-3418137_ARO:3000502_acrF	99.118	340	3	0	3	342	2256	1917	3.08e-176	612
NODE_106462_length_342_cov_0.954704	gb_NC_002695.2_-_1737690-1738104_ARO:3000676_H-NS	98.806	335	4	0	1	335	335	1	8.59e-172	597
NODE_107243_length_341_cov_1.44755	gb_NC_010378.1_+_46651-47827_ARO:3003922_oqxA	96.188	341	13	0	1	341	518	178	4.04e-160	558
NODE_107991_length_339_cov_1.71127	gb_U00096_+_2154015-2155263_ARO:3000792_mdtA	96.166	313	12	0	3	315	936	1248	3.17e-146	512
NODE_108757_length_337_cov_1.49291	gb_AF235050.4_+_38028-40140_ARO:3003318_Streptomyces	78.550	331	69	2	8	337	447	118	2.77e-57	217
NODE_113450_length_328_cov_1.19414	gb_NC_000913.3_+_966620-968369_ARO:3003950_msbA	98.780	328	4	0	1	328	279	606	6.39e-168	584
NODE_114279_length_327_cov_27.2684	gb_NC_003098.1_+_866210-867410_ARO:3000822_pmrA	97.917	192	4	0	1	192	1009	1200	2.55e-92	333
NODE_114373_length_326_cov_3.4059	gb_NC_003098.1_-_1359228-1360395_ARO:3000025_patB	92.308	234	18	0	91	324	1	234	2.54e-92	333
NODE_115735_length_324_cov_1.57249	gb_AJ318073.1_+_793-1990_ARO:3004041_Klebsiella	98.776	245	3	0	5	249	245	1	1.87e-123	436
NODE_115735_length_324_cov_1.57249	gb_DQ679966_+_299-1493_ARO:3004042_Enterobacter	88.477	243	28	0	7	249	243	1	1.19e-80	294
NODE_115735_length_324_cov_1.57249	gb_NC_000913.3_-_484425-485619_ARO:3004043_Escherichia	82.305	243	43	0	7	249	243	1	1.23e-55	211
NODE_116784_length_322_cov_1.29588	gb_KF150216_+_0-1146_ARO:3002116_CMY-104	78.800	250	46	6	21	265	341	94	1.25e-40	161
NODE_117130_length_321_cov_1.71805	gb_NC_000913.3_-_2306971-2308615_ARO:3003952_yojI	77.778	261	52	4	64	321	1250	993	5.81e-39	156
NODE_121795_length_312_cov_1.70428	gb_U00096_+_2155262-2158385_ARO:3000793_mdtB	95.513	312	14	0	1	312	506	817	2.26e-142	499
NODE_122020_length_312_cov_18.1323	gb_CP007593.1_+_2148923-2149772_ARO:3001301_RlmA(II)	86.469	303	39	2	3	304	523	824	8.72e-92	331
NODE_123297_length_309_cov_1.90551	gb_U00096_+_2155262-2158385_ARO:3000793_mdtB	84.790	309	47	0	1	309	498	806	1.12e-85	311
NODE_123297_length_309_cov_1.90551	gb_NC_002516.2_-_2850882-2854014_ARO:3004074_MuxB	73.163	313	76	8	1	309	471	779	5.69e-24	106
NODE_124640_length_307_cov_2.0754	gb_NC_000913.3_-_481253-484403_ARO:3000216_acrB	99.674	307	1	0	1	307	1676	1370	2.79e-161	562
NODE_129826_length_298_cov_2.73663	gb_EU434751_+_658-2578_ARO:3000194_tetW	100.000	298	0	0	1	298	1253	956	5.85e-158	551
NODE_129826_length_298_cov_2.73663	gb_KU736867.1_+_19653-21573_ARO:3004442_tet(W/N/W)	90.604	298	28	0	1	298	1253	956	2.90e-111	396
NODE_129937_length_298_cov_1.45679	gb_L06249_+_1527-2505_ARO:3003748_oleC	80.556	72	14	0	134	205	94	165	5.60e-09	56.5
NODE_132278_length_294_cov_1.95816	gb_NC_002695.1_-_4903561-4904935_ARO:3000830_cpxA	96.599	294	10	0	1	294	944	651	4.59e-139	488
NODE_132414_length_294_cov_1.28033	gb_AJ318073.1_+_793-1990_ARO:3004041_Klebsiella	87.415	294	37	0	1	294	817	1110	4.89e-94	339
NODE_132568_length_294_cov_2.33054	gb_AF472622_+_52-1018_ARO:3003003_CfxA3	100.000	52	0	0	1	52	915	966	3.25e-21	97.1
NODE_132568_length_294_cov_2.33054	gb_AY769934_+_27-993_ARO:3003096_CfxA5	100.000	52	0	0	1	52	915	966	3.25e-21	97.1
NODE_132568_length_294_cov_2.33054	gb_U38243_+_149-1115_ARO:3003001_CfxA	100.000	52	0	0	1	52	915	966	3.25e-21	97.1
NODE_132568_length_294_cov_2.33054	gb_AY769933_+_0-966_ARO:3003005_CfxA4	100.000	52	0	0	1	52	915	966	3.25e-21	97.1
NODE_132568_length_294_cov_2.33054	gb_AF118110.1_-_71-1037_ARO:3003002_CfxA2	100.000	52	0	0	1	52	915	966	3.25e-21	97.1
NODE_135348_length_290_cov_1.1234	gb_NC_002695.1_-_4903561-4904935_ARO:3000830_cpxA	98.084	261	5	0	1	261	1108	1368	4.59e-129	455
NODE_135690_length_289_cov_1.51282	gb_AP009048_+_2810082-2811255_ARO:3000027_emrA	97.924	289	6	0	1	289	660	372	5.79e-143	501
NODE_139501_length_284_cov_3.31004	gb_CP007593.1_+_2148923-2149772_ARO:3001301_RlmA(II)	95.053	283	14	0	1	283	530	812	2.70e-126	446
NODE_142792_length_279_cov_2.00893	gb_NC_000913.3_-_481253-484403_ARO:3000216_acrB	97.908	239	5	0	41	279	2736	2974	7.47e-117	414
NODE_142792_length_279_cov_2.00893	gb_U00096_+_3660413-3663527_ARO:3000796_mdtF	78.365	208	45	0	72	279	2761	2968	6.51e-33	135
NODE_143921_length_277_cov_1.23874	gb_M57437_+_0-1647_ARO:3002827_tlrC	100.000	31	0	0	95	125	1470	1500	1.44e-09	58.4
NODE_146049_length_275_cov_4.29091	gb_AF472622_+_52-1018_ARO:3003003_CfxA3	98.276	58	1	0	1	58	121	64	6.50e-23	102
NODE_146049_length_275_cov_4.29091	gb_AY769934_+_27-993_ARO:3003096_CfxA5	98.276	58	1	0	1	58	121	64	6.50e-23	102
NODE_146049_length_275_cov_4.29091	gb_U38243_+_149-1115_ARO:3003001_CfxA	98.276	58	1	0	1	58	121	64	6.50e-23	102
NODE_146049_length_275_cov_4.29091	gb_AY769933_+_0-966_ARO:3003005_CfxA4	98.276	58	1	0	1	58	121	64	6.50e-23	102
NODE_146049_length_275_cov_4.29091	gb_AF118110.1_-_71-1037_ARO:3003002_CfxA2	98.276	58	1	0	1	58	121	64	6.50e-23	102
NODE_151425_length_268_cov_1.71831	gb_U00096_+_2158385-2161463_ARO:3000794_mdtC	87.313	268	34	0	1	268	830	1097	1.25e-84	307
NODE_159245_length_260_cov_2.22927	gb_NC_000913.3_-_4377810-4378944_ARO:3004290_Escherichia	99.231	260	2	0	1	260	454	195	1.46e-133	470
NODE_159245_length_260_cov_2.22927	gb_KJ207207_+_479-1625_ARO:3001844_ACT-24	92.308	52	4	0	33	84	434	383	1.33e-14	75.0
NODE_159245_length_260_cov_2.22927	gb_KF526118_+_0-1146_ARO:3001842_ACT-21	92.308	52	4	0	33	84	434	383	1.33e-14	75.0
NODE_159245_length_260_cov_2.22927	gb_FJ237369_+_0-1146_ARO:3001824_ACT-5	92.308	52	4	0	33	84	434	383	1.33e-14	75.0
NODE_159245_length_260_cov_2.22927	gb_KF515536_+_0-1146_ARO:3001828_ACT-23	92.308	52	4	0	33	84	434	383	1.33e-14	75.0
NODE_159245_length_260_cov_2.22927	gb_KF992028_+_761-1907_ARO:3001839_ACT-18	92.308	52	4	0	33	84	434	383	1.33e-14	75.0
NODE_159245_length_260_cov_2.22927	gb_JX440354_+_756-1902_ARO:3001836_ACT-14	92.308	52	4	0	33	84	434	383	1.33e-14	75.0
NODE_159245_length_260_cov_2.22927	gb_KM926621_+_751-1897_ARO:3003171_ACT-36	92.308	52	4	0	33	84	434	383	1.33e-14	75.0
NODE_159658_length_260_cov_2.52683	gb_AP009048.1_-_3980025-3981183_ARO:3000795_mdtE	98.462	260	4	0	1	260	138	397	3.15e-130	459
NODE_161278_length_258_cov_1.48768	gb_AP009048.1_-_4153663-4154296_ARO:3000518_CRP	99.612	258	1	0	1	258	319	62	4.01e-134	472
NODE_161477_length_258_cov_1.42365	gb_AM180355_+_600033-601953_ARO:3000186_tetM	100.000	258	0	0	1	258	871	614	8.63e-136	477
NODE_163102_length_256_cov_1.8607	gb_AP009048_-_4338624-4340268_ARO:3003576_eptA	95.312	256	12	0	1	256	1304	1049	1.14e-114	407
NODE_168598_length_251_cov_1.43367	gb_AP009048.1_-_4304505-4306557_ARO:3003549_mdtO	97.610	251	6	0	1	251	518	268	6.61e-122	431
NODE_168763_length_251_cov_0.933673	gb_NC_000913.3_+_966620-968369_ARO:3003950_msbA	81.448	221	41	0	26	246	1472	1252	7.35e-47	182
NODE_168882_length_251_cov_1.18367	gb_U00096_+_2155262-2158385_ARO:3000793_mdtB	97.211	251	7	0	1	251	13	263	3.08e-120	425
NODE_169741_length_250_cov_2.49744	gb_NC_007779_+_2166412-2167135_ARO:3000828_baeR	97.600	250	6	0	1	250	542	293	2.37e-121	429
NODE_170118_length_250_cov_1.53846	gb_NC_003098.1_-_1359228-1360395_ARO:3000025_patB	92.000	250	20	0	1	250	680	431	5.27e-98	351
NODE_177301_length_244_cov_1.22222	gb_KU736867.1_+_19653-21573_ARO:3004442_tet(W/N/W)	100.000	244	0	0	1	244	449	692	4.92e-128	451
NODE_177301_length_244_cov_1.22222	gb_EU434751_+_658-2578_ARO:3000194_tetW	100.000	244	0	0	1	244	449	692	4.92e-128	451
NODE_177874_length_244_cov_2.7619	gb_U00096_+_2812615-2814154_ARO:3000074_emrB	99.177	243	2	0	1	243	690	448	3.83e-124	438
NODE_179378_length_243_cov_1.96277	gb_U00096_+_2154015-2155263_ARO:3000792_mdtA	97.044	203	6	0	41	243	209	411	3.08e-95	342
NODE_181161_length_241_cov_1.97312	gb_NC_000913.3_-_2306971-2308615_ARO:3003952_yojI	97.510	241	6	0	1	241	842	602	2.29e-116	412
NODE_182417_length_240_cov_1.60541	gb_U00096_+_2158385-2161463_ARO:3000794_mdtC	94.167	240	14	0	1	240	1560	1321	1.80e-102	366
NODE_184139_length_239_cov_1.48913	gb_AY768532_+_0-1935_ARO:3000535_macB	82.773	238	37	4	2	237	692	457	3.20e-55	209
NODE_189766_length_235_cov_1.01667	gb_NC_005076_+_9897-10629_ARO:3000599_Erm(33)	100.000	188	0	0	48	235	732	545	6.38e-97	348
NODE_189766_length_235_cov_1.01667	gb_NC_009632_+_49744-50476_ARO:3000347_ErmA	100.000	188	0	0	48	235	732	545	6.38e-97	348
NODE_189989_length_235_cov_3	gb_NC_007779_+_2586250-2589364_ARO:3000491_acrD	99.490	196	1	0	40	235	2363	2168	1.06e-99	357
NODE_197215_length_230_cov_2.09143	gb_U00096_+_3415032-3418137_ARO:3000502_acrF	98.696	230	3	0	1	230	2272	2501	2.82e-115	409
NODE_204431_length_225_cov_0.982353	gb_NC_010378.1_+_47850-51003_ARO:3003923_oqxB	99.111	225	2	0	1	225	2328	2104	3.56e-114	405
NODE_206166_length_224_cov_1.26036	gb_AP009048_+_2165012-2166416_ARO:3000829_baeS	93.304	224	15	0	1	224	976	753	6.09e-92	331
NODE_206310_length_224_cov_1.08284	gb_NC_023287.1_-_65291-66509_ARO:3000615_mefA	95.928	221	9	0	1	221	277	497	2.79e-100	359
NODE_207798_length_223_cov_1.08929	gb_AF242872_+_2131-2878_ARO:3000375_ErmB	98.473	131	1	1	94	223	747	617	2.27e-61	230
NODE_210889_length_221_cov_1.54819	gb_NC_000913.3_+_3219493-3220873_ARO:3000024_patA	97.285	221	6	0	1	221	842	622	2.73e-105	375
NODE_213323_length_220_cov_1.44848	gb_NC_007779_+_2586250-2589364_ARO:3000491_acrD	98.636	220	3	0	1	220	832	613	9.72e-110	390
NODE_213498_length_220_cov_2.81818	gb_AP009048.1_-_4303042-4304509_ARO:3003550_mdtP	96.818	220	7	0	1	220	1390	1171	4.55e-103	368
NODE_216020_length_218_cov_1.1227	gb_NC_007779_+_2586250-2589364_ARO:3000491_acrD	100.000	62	0	0	1	62	62	1	6.48e-27	115
NODE_217451_length_218_cov_1.33742	gb_NC_000913.3_-_481253-484403_ARO:3000216_acrB	98.624	218	3	0	1	218	1675	1892	1.24e-108	387
NODE_218578_length_217_cov_1.61728	gb_NC_002695.1_-_4903561-4904935_ARO:3000830_cpxA	97.696	217	5	0	1	217	1139	923	9.64e-105	374
NODE_221451_length_215_cov_1.1375	gb_NG_049281_+_0-861_ARO:3002474_LEN-26	90.698	215	20	0	1	215	330	544	1.28e-78	287
NODE_221451_length_215_cov_1.1375	gb_AM850908_+_0-861_ARO:3002465_LEN-18	90.698	215	20	0	1	215	330	544	1.28e-78	287
NODE_221451_length_215_cov_1.1375	gb_AM850919_+_24-885_ARO:3002450_OKP-B-17	90.698	215	20	0	1	215	330	544	1.28e-78	287
NODE_221451_length_215_cov_1.1375	gb_AM051153_+_0-861_ARO:3002437_OKP-B-4	90.698	215	20	0	1	215	330	544	1.28e-78	287
NODE_221451_length_215_cov_1.1375	gb_AJ635420_+_0-789_ARO:3002445_OKP-B-12	90.698	215	20	0	1	215	294	508	1.28e-78	287
NODE_221451_length_215_cov_1.1375	gb_AM051161_+_0-861_ARO:3002444_OKP-B-11	90.698	215	20	0	1	215	330	544	1.28e-78	287
NODE_221451_length_215_cov_1.1375	gb_AM850909_+_0-861_ARO:3002466_LEN-19	90.698	215	20	0	1	215	330	544	1.28e-78	287
NODE_221451_length_215_cov_1.1375	gb_AJ635402_+_0-861_ARO:3002434_OKP-B-1	90.698	215	20	0	1	215	330	544	1.28e-78	287
NODE_221451_length_215_cov_1.1375	gb_AM850917_+_17-878_ARO:3002439_OKP-B-6	90.698	215	20	0	1	215	330	544	1.28e-78	287
NODE_221451_length_215_cov_1.1375	gb_AM051151_+_0-861_ARO:3002435_OKP-B-2	90.698	215	20	0	1	215	330	544	1.28e-78	287
NODE_221451_length_215_cov_1.1375	gb_AM850910_+_0-861_ARO:3002467_LEN-20	90.698	215	20	0	1	215	330	544	1.28e-78	287
NODE_221451_length_215_cov_1.1375	gb_AJ635417_+_0-789_ARO:3002461_LEN-11	90.233	215	21	0	1	215	294	508	5.95e-77	281
NODE_221451_length_215_cov_1.1375	gb_AM850914_+_30-891_ARO:3002471_LEN-24	90.233	215	21	0	1	215	330	544	5.95e-77	281
NODE_221451_length_215_cov_1.1375	gb_AF452105_+_0-840_ARO:3002478_LEN-15	90.233	215	21	0	1	215	330	544	5.95e-77	281
NODE_221451_length_215_cov_1.1375	gb_AY130287_+_0-822_ARO:3002472_LEN-4	90.233	215	21	0	1	215	310	524	5.95e-77	281
NODE_221451_length_215_cov_1.1375	gb_AM850912_+_0-861_ARO:3002469_LEN-22	90.233	215	21	0	1	215	330	544	5.95e-77	281
NODE_221451_length_215_cov_1.1375	gb_AM850918_+_24-885_ARO:3002438_OKP-B-5	90.233	215	21	0	1	215	330	544	5.95e-77	281
NODE_221451_length_215_cov_1.1375	gb_AY130286_+_0-822_ARO:3002475_LEN-3	90.233	215	21	0	1	215	310	524	5.95e-77	281
NODE_221451_length_215_cov_1.1375	gb_AJ635406_+_0-789_ARO:3002462_LEN-12	90.233	215	21	0	1	215	294	508	5.95e-77	281
NODE_221451_length_215_cov_1.1375	gb_AM850920_+_40-901_ARO:3002451_OKP-B-18	90.233	215	21	0	1	215	330	544	5.95e-77	281
NODE_221451_length_215_cov_1.1375	gb_AJ635403_+_0-789_ARO:3002463_LEN-13	90.233	215	21	0	1	215	294	508	5.95e-77	281
NODE_221451_length_215_cov_1.1375	gb_AM051157_+_0-861_ARO:3002441_OKP-B-8	90.233	215	21	0	1	215	330	544	5.95e-77	281
NODE_221451_length_215_cov_1.1375	gb_AJ635419_+_0-789_ARO:3002460_LEN-10	90.233	215	21	0	1	215	294	508	5.95e-77	281
NODE_221451_length_215_cov_1.1375	gb_X04515_+_285-1125_ARO:3002454_LEN-1	90.233	215	21	0	1	215	330	544	5.95e-77	281
NODE_221451_length_215_cov_1.1375	gb_AY743416_+_67-928_ARO:3002464_LEN-16	90.233	215	21	0	1	215	330	544	5.95e-77	281
NODE_221451_length_215_cov_1.1375	gb_AJ635424_+_0-789_ARO:3002458_LEN-8	90.233	215	21	0	1	215	294	508	5.95e-77	281
NODE_221451_length_215_cov_1.1375	gb_AM850913_+_0-861_ARO:3002470_LEN-23	90.233	215	21	0	1	215	330	544	5.95e-77	281
NODE_221451_length_215_cov_1.1375	gb_AM051159_+_0-861_ARO:3002442_OKP-B-9	90.233	215	21	0	1	215	330	544	5.95e-77	281
NODE_221451_length_215_cov_1.1375	gb_AM850911_+_0-861_ARO:3002468_LEN-21	90.233	215	21	0	1	215	330	544	5.95e-77	281
NODE_221451_length_215_cov_1.1375	gb_AM051152_+_0-861_ARO:3002436_OKP-B-3	90.233	215	21	0	1	215	330	544	5.95e-77	281
NODE_221451_length_215_cov_1.1375	gb_NG_050780.1_+_100-961_ARO:3002459_LEN-9	90.233	215	21	0	1	215	330	544	5.95e-77	281
NODE_221451_length_215_cov_1.1375	gb_AJ635425_+_0-789_ARO:3002457_LEN-7	89.767	215	22	0	1	215	294	508	2.77e-75	276
NODE_221451_length_215_cov_1.1375	gb_AM850922_+_24-885_ARO:3002453_OKP-B-20	89.767	215	22	0	1	215	330	544	2.77e-75	276
NODE_221451_length_215_cov_1.1375	gb_AM051156_+_0-861_ARO:3002440_OKP-B-7	89.767	215	22	0	1	215	330	544	2.77e-75	276
NODE_221451_length_215_cov_1.1375	gb_AM850921_+_24-885_ARO:3002452_OKP-B-19	89.767	215	22	0	1	215	330	544	2.77e-75	276
NODE_221451_length_215_cov_1.1375	gb_AY037780_+_88-949_ARO:3002455_LEN-2	89.767	215	22	0	1	215	330	544	2.77e-75	276
NODE_221451_length_215_cov_1.1375	gb_AY825330_+_0-861_ARO:3002446_OKP-B-13	89.767	215	22	0	1	215	330	544	2.77e-75	276
NODE_221451_length_215_cov_1.1375	gb_KF705208_+_0-861_ARO:3001362_SHV-179	89.302	215	23	0	1	215	330	544	1.29e-73	270
NODE_221451_length_215_cov_1.1375	gb_JX121122_+_0-858_ARO:3001194_SHV-155	89.302	215	23	0	1	215	330	544	1.29e-73	270
NODE_221451_length_215_cov_1.1375	gb_AY288915_+_0-861_ARO:3001107_SHV-50	89.302	215	23	0	1	215	330	544	1.29e-73	270
NODE_221451_length_215_cov_1.1375	gb_AM941844_+_0-861_ARO:3001336_SHV-98	89.302	215	23	0	1	215	330	544	1.29e-73	270
NODE_221451_length_215_cov_1.1375	gb_JX121127_+_0-861_ARO:3001199_SHV-160	89.302	215	23	0	1	215	330	544	1.29e-73	270
NODE_221451_length_215_cov_1.1375	gb_HG934764_+_0-864_ARO:3001351_SHV-183	89.302	215	23	0	1	215	330	544	1.29e-73	270
NODE_221451_length_215_cov_1.1375	gb_JX121126_+_0-858_ARO:3001198_SHV-159	89.302	215	23	0	1	215	330	544	1.29e-73	270
NODE_221451_length_215_cov_1.1375	gb_JX121115_+_0-858_ARO:3001187_SHV-148	89.302	215	23	0	1	215	330	544	1.29e-73	270
NODE_221451_length_215_cov_1.1375	gb_AF299299_+_0-861_ARO:3001086_SHV-28	89.302	215	23	0	1	215	330	544	1.29e-73	270
NODE_221451_length_215_cov_1.1375	gb_JX121121_+_0-858_ARO:3001193_SHV-154	89.302	215	23	0	1	215	330	544	1.29e-73	270
NODE_221451_length_215_cov_1.1375	gb_DQ328802_+_0-861_ARO:3001140_SHV-86	89.302	215	23	0	1	215	330	544	1.29e-73	270
NODE_221451_length_215_cov_1.1375	gb_EU274581_+_0-861_ARO:3001153_SHV-104	89.302	215	23	0	1	215	330	544	1.29e-73	270
NODE_221451_length_215_cov_1.1375	gb_AM941848_+_0-861_ARO:3001156_SHV-107	89.302	215	23	0	1	215	330	544	1.29e-73	270
NODE_221451_length_215_cov_1.1375	gb_HQ637576_+_0-861_ARO:3001179_SHV-135	89.302	215	23	0	1	215	330	544	1.29e-73	270
NODE_221451_length_215_cov_1.1375	gb_AF164577_+_0-861_ARO:3001072_SHV-13	89.302	215	23	0	1	215	330	544	1.29e-73	270
NODE_221451_length_215_cov_1.1375	gb_AF227204_+_73-934_ARO:3001084_SHV-26	89.302	215	23	0	1	215	330	544	1.29e-73	270
NODE_221451_length_215_cov_1.1375	gb_AB302939_+_8-869_ARO:3001115_SHV-60	89.302	215	23	0	1	215	330	544	1.29e-73	270
NODE_221451_length_215_cov_1.1375	gb_JX121114_+_0-858_ARO:3001186_SHV-147	89.302	215	23	0	1	215	330	544	1.29e-73	270
NODE_221451_length_215_cov_1.1375	gb_AY277255_+_66-927_ARO:3001089_SHV-31	89.302	215	23	0	1	215	330	544	1.29e-73	270
NODE_221451_length_215_cov_1.1375	gb_KF513178_+_0-861_ARO:3001357_SHV-173	89.302	215	23	0	1	215	330	544	1.29e-73	270
NODE_221451_length_215_cov_1.1375	gb_AJ863560_+_0-861_ARO:3001111_SHV-55	89.302	215	23	0	1	215	330	544	1.29e-73	270
NODE_221451_length_215_cov_1.1375	gb_EU418913_+_16-877_ARO:3001158_SHV-109	89.302	215	23	0	1	215	330	544	1.29e-73	270
NODE_221451_length_215_cov_1.1375	gb_JX121125_+_0-858_ARO:3001197_SHV-158	89.302	215	23	0	1	215	330	544	1.29e-73	270
NODE_221451_length_215_cov_1.1375	gb_FJ668814_+_76-937_ARO:3001059_SHV-1	89.302	215	23	0	1	215	330	544	1.29e-73	270
NODE_221451_length_215_cov_1.1375	gb_AM176549_+_30-891_ARO:3001128_SHV-74	89.302	215	23	0	1	215	330	544	1.29e-73	270
NODE_221451_length_215_cov_1.1375	gb_HM559945_+_0-861_ARO:3001178_SHV-134	89.302	215	23	0	1	215	330	544	1.29e-73	270
NODE_221451_length_215_cov_1.1375	gb_DQ174306_+_4-865_ARO:3001121_SHV-66	89.302	215	23	0	1	215	330	544	1.29e-73	270
NODE_221451_length_215_cov_1.1375	gb_AM850915_+_19-880_ARO:3002428_OKP-A-11	89.302	215	23	0	1	215	330	544	1.29e-73	270
NODE_221451_length_215_cov_1.1375	gb_KM233165_+_0-861_ARO:3003153_SHV-186	89.302	215	23	0	1	215	330	544	1.29e-73	270
NODE_221451_length_215_cov_1.1375	gb_AM941847_+_0-861_ARO:3001155_SHV-106	89.302	215	23	0	1	215	330	544	1.29e-73	270
NODE_221451_length_215_cov_1.1375	gb_AY590467_+_0-729_ARO:3001110_SHV-53	89.302	215	23	0	1	215	310	524	1.29e-73	270
NODE_221451_length_215_cov_1.1375	gb_JX121128_+_0-861_ARO:3001200_SHV-161	89.302	215	23	0	1	215	330	544	1.29e-73	270
NODE_221451_length_215_cov_1.1375	gb_AY210887_+_111-972_ARO:3001104_SHV-46	89.302	215	23	0	1	215	330	544	1.29e-73	270
NODE_221451_length_215_cov_1.1375	gb_KF513177_+_0-861_ARO:3001356_SHV-172	89.302	215	23	0	1	215	330	544	1.29e-73	270
NODE_221451_length_215_cov_1.1375	gb_GU827715_+_0-861_ARO:3001176_SHV-129	89.302	215	23	0	1	215	330	544	1.29e-73	270
NODE_221451_length_215_cov_1.1375	gb_JQ029959_+_28-889_ARO:3001184_SHV-142	89.302	215	23	0	1	215	330	544	1.29e-73	270
NODE_221451_length_215_cov_1.1375	gb_AM176550_+_30-891_ARO:3001129_SHV-75	89.302	215	23	0	1	215	330	544	1.29e-73	270
NODE_221451_length_215_cov_1.1375	gb_AM941846_+_0-900_ARO:3001338_SHV-100	89.302	215	23	0	1	215	369	583	1.29e-73	270
NODE_221451_length_215_cov_1.1375	gb_X98101_+_73-934_ARO:3001070_SHV-11	89.302	215	23	0	1	215	330	544	1.29e-73	270
NODE_221451_length_215_cov_1.1375	gb_KM233164_+_0-861_ARO:3003152_SHV-185	89.302	215	23	0	1	215	330	544	1.29e-73	270
NODE_221451_length_215_cov_1.1375	gb_AB551737_+_14-875_ARO:3001177_SHV-133	89.302	215	23	0	1	215	330	544	1.29e-73	270
NODE_221451_length_215_cov_1.1375	gb_DQ174307_+_4-865_ARO:3001122_SHV-67	89.302	215	23	0	1	215	330	544	1.29e-73	270
NODE_221451_length_215_cov_1.1375	gb_AM051160_+_0-861_ARO:3002443_OKP-B-10	89.623	212	22	0	1	212	330	541	1.29e-73	270
NODE_221451_length_215_cov_1.1375	gb_DQ174308_+_4-865_ARO:3001123_SHV-69	89.302	215	23	0	1	215	330	544	1.29e-73	270
NODE_221451_length_215_cov_1.1375	gb_AJ011428_+_0-861_ARO:3001074_SHV-15	89.302	215	23	0	1	215	330	544	1.29e-73	270
NODE_221451_length_215_cov_1.1375	gb_AM176553_+_30-891_ARO:3001132_SHV-78	89.302	215	23	0	1	215	330	544	1.29e-73	270
NODE_221451_length_215_cov_1.1375	gb_KP050487.1_+_0-861_ARO:3001350_SHV-180	89.302	215	23	0	1	215	330	544	1.29e-73	270
NODE_221451_length_215_cov_1.1375	gb_HE981194_+_0-861_ARO:3001347_SHV-164	89.302	215	23	0	1	215	330	544	1.29e-73	270
NODE_221451_length_215_cov_1.1375	gb_JX121119_+_0-858_ARO:3001191_SHV-152	89.302	215	23	0	1	215	330	544	1.29e-73	270
NODE_221451_length_215_cov_1.1375	gb_EU155018_+_0-861_ARO:3001150_SHV-101	89.302	215	23	0	1	215	330	544	1.29e-73	270
NODE_221451_length_215_cov_1.1375	gb_AJ866284_+_0-861_ARO:3001116_SHV-61	89.302	215	23	0	1	215	330	544	1.29e-73	270
NODE_221451_length_215_cov_1.1375	gb_KP050489_+_0-861_ARO:3001364_SHV-182	89.302	215	23	0	1	215	330	544	1.29e-73	270
NODE_221451_length_215_cov_1.1375	gb_DQ174304_+_4-865_ARO:3001119_SHV-64	89.302	215	23	0	1	215	330	544	1.29e-73	270
NODE_221451_length_215_cov_1.1375	gb_AJ920369_+_23-860_ARO:3001071_SHV-12	89.302	215	23	0	1	215	330	544	1.29e-73	270
NODE_221451_length_215_cov_1.1375	gb_AF535129_+_0-861_ARO:3001099_SHV-41	89.302	215	23	0	1	215	330	544	1.29e-73	270
NODE_221451_length_215_cov_1.1375	gb_NG_050068_+_100-961_ARO:3001062_SHV-3	88.837	215	24	0	1	215	330	544	5.99e-72	265
NODE_221451_length_215_cov_1.1375	gb_JX121131_+_0-858_ARO:3001203_SHV-165	88.837	215	24	0	1	215	330	544	5.99e-72	265
NODE_221451_length_215_cov_1.1375	gb_AY259119_+_116-977_ARO:3001102_SHV-44	88.837	215	24	0	1	215	330	544	5.99e-72	265
NODE_221451_length_215_cov_1.1375	gb_GQ390809_+_0-813_ARO:3001174_SHV-127	88.837	215	24	0	1	215	330	544	5.99e-72	265
NODE_221451_length_215_cov_1.1375	gb_X55640_+_111-972_ARO:3001064_SHV-5	88.837	215	24	0	1	215	330	544	5.99e-72	265
NODE_221451_length_215_cov_1.1375	gb_JF812965_+_0-861_ARO:3001167_SHV-120	88.837	215	24	0	1	215	330	544	5.99e-72	265
NODE_221451_length_215_cov_1.1375	gb_AM051143_+_0-861_ARO:3002422_OKP-A-5	88.837	215	24	0	1	215	330	544	5.99e-72	265
NODE_221451_length_215_cov_1.1375	gb_EF373972_+_0-861_ARO:3001147_SHV-95	88.837	215	24	0	1	215	330	544	5.99e-72	265
NODE_221451_length_215_cov_1.1375	gb_DQ013287_+_0-861_ARO:3001124_SHV-70	88.837	215	24	0	1	215	330	544	5.99e-72	265
NODE_221451_length_215_cov_1.1375	gb_AM087453_+_25-856_ARO:3001138_SHV-84	88.837	215	24	0	1	215	330	544	5.99e-72	265
NODE_221451_length_215_cov_1.1375	gb_X98102_+_73-934_ARO:3001061_SHV-2A	88.837	215	24	0	1	215	330	544	5.99e-72	265
NODE_221451_length_215_cov_1.1375	gb_GQ390805_+_0-813_ARO:3001170_SHV-123	88.837	215	24	0	1	215	330	544	5.99e-72	265
NODE_221451_length_215_cov_1.1375	gb_AM051149_+_0-861_ARO:3002427_OKP-A-10	88.837	215	24	0	1	215	330	544	5.99e-72	265
NODE_221451_length_215_cov_1.1375	gb_GQ390807_+_0-813_ARO:3001172_SHV-125	88.837	215	24	0	1	215	330	544	5.99e-72	265
NODE_221451_length_215_cov_1.1375	gb_GQ390808_+_0-813_ARO:3001173_SHV-126	88.837	215	24	0	1	215	330	544	5.99e-72	265
NODE_221451_length_215_cov_1.1375	gb_JX121116_+_0-858_ARO:3001188_SHV-149	88.837	215	24	0	1	215	330	544	5.99e-72	265
NODE_221451_length_215_cov_1.1375	gb_KJ776406_+_16-877_ARO:3001340_SHV-119	88.837	215	24	0	1	215	330	544	5.99e-72	265
NODE_221451_length_215_cov_1.1375	gb_AM051142_+_0-861_ARO:3002421_OKP-A-4	88.837	215	24	0	1	215	330	544	5.99e-72	265
NODE_221451_length_215_cov_1.1375	gb_AY790341_+_0-861_ARO:3001114_SHV-59	88.837	215	24	0	1	215	330	544	5.99e-72	265
NODE_221451_length_215_cov_1.1375	gb_AF148851_+_5-866_ARO:3001060_SHV-2	88.837	215	24	0	1	215	330	544	5.99e-72	265
NODE_221451_length_215_cov_1.1375	gb_AF208796_+_0-861_ARO:3001083_SHV-25	88.837	215	24	0	1	215	330	544	5.99e-72	265
NODE_221451_length_215_cov_1.1375	gb_AM051147_+_0-861_ARO:3002425_OKP-A-8	88.837	215	24	0	1	215	330	544	5.99e-72	265
NODE_221451_length_215_cov_1.1375	gb_GQ390806_+_0-813_ARO:3001171_SHV-124	88.837	215	24	0	1	215	330	544	5.99e-72	265
NODE_221451_length_215_cov_1.1375	gb_AJ635404_+_0-861_ARO:3002419_OKP-A-2	88.837	215	24	0	1	215	330	544	5.99e-72	265
NODE_221451_length_215_cov_1.1375	gb_EU024485_+_0-861_ARO:3001151_SHV-102	88.837	215	24	0	1	215	330	544	5.99e-72	265
NODE_221451_length_215_cov_1.1375	gb_EF373973_+_0-861_ARO:3001149_SHV-97	88.837	215	24	0	1	215	330	544	5.99e-72	265
NODE_221451_length_215_cov_1.1375	gb_JX121120_+_0-858_ARO:3001192_SHV-153	88.837	215	24	0	1	215	330	544	5.99e-72	265
NODE_221451_length_215_cov_1.1375	gb_AM051140_+_0-861_ARO:3002420_OKP-A-3	88.837	215	24	0	1	215	330	544	5.99e-72	265
NODE_221451_length_215_cov_1.1375	gb_AM051146_+_0-861_ARO:3002424_OKP-A-7	88.837	215	24	0	1	215	330	544	5.99e-72	265
NODE_221451_length_215_cov_1.1375	gb_JX121123_+_0-861_ARO:3001195_SHV-156	88.837	215	24	0	1	215	330	544	5.99e-72	265
NODE_221451_length_215_cov_1.1375	gb_AY528718_+_413-1274_ARO:3001106_SHV-49	88.837	215	24	0	1	215	330	544	5.99e-72	265
NODE_221451_length_215_cov_1.1375	gb_AM051148_+_0-861_ARO:3002426_OKP-A-9	88.837	215	24	0	1	215	330	544	5.99e-72	265
NODE_221451_length_215_cov_1.1375	gb_HQ661363_+_71-932_ARO:3001181_SHV-137	88.837	215	24	0	1	215	330	544	5.99e-72	265
NODE_221451_length_215_cov_1.1375	gb_HQ661362_+_71-932_ARO:3001168_SHV-121	88.837	215	24	0	1	215	330	544	5.99e-72	265
NODE_221451_length_215_cov_1.1375	gb_AF535130_+_0-861_ARO:3001100_SHV-42	88.837	215	24	0	1	215	330	544	5.99e-72	265
NODE_221451_length_215_cov_1.1375	gb_AJ635401_+_0-861_ARO:3002418_OKP-A-1	88.372	215	25	0	1	215	330	544	2.79e-70	259
NODE_221451_length_215_cov_1.1375	gb_AM051144_+_0-861_ARO:3002423_OKP-A-6	88.372	215	25	0	1	215	330	544	2.79e-70	259
NODE_221451_length_215_cov_1.1375	gb_FJ755840_+_0-861_ARO:3002433_OKP-A-16	88.372	215	25	0	1	215	330	544	2.79e-70	259
NODE_221451_length_215_cov_1.1375	gb_JQ341060.1_-_881-1742_ARO:3001344_SHV-143	88.372	215	25	0	1	215	330	544	2.79e-70	259
NODE_221451_length_215_cov_1.1375	gb_AF117743_+_0-780_ARO:3001077_SHV-19	88.372	215	25	0	1	215	300	514	2.79e-70	259
NODE_221451_length_215_cov_1.1375	gb_AF117746_+_0-780_ARO:3001080_SHV-22	88.372	215	25	0	1	215	300	514	2.79e-70	259
NODE_221451_length_215_cov_1.1375	gb_AF117744_+_0-780_ARO:3001078_SHV-20	88.372	215	25	0	1	215	300	514	2.79e-70	259
NODE_221451_length_215_cov_1.1375	gb_AY223863_+_170-1031_ARO:3001113_SHV-57	88.372	215	25	0	1	215	330	544	2.79e-70	259
NODE_221451_length_215_cov_1.1375	gb_AY065991_+_6-867_ARO:3001101_SHV-43	88.372	215	25	0	1	215	330	544	2.79e-70	259
NODE_221451_length_215_cov_1.1375	gb_AF467948_+_0-861_ARO:3001095_SHV-37	88.372	215	25	0	1	215	330	544	2.79e-70	259
NODE_221451_length_215_cov_1.1375	gb_U92041_+_0-861_ARO:3001067_SHV-8	88.372	215	25	0	1	215	330	544	2.79e-70	259
NODE_221451_length_215_cov_1.1375	gb_Y11069_+_0-780_ARO:3001065_SHV-6	88.372	215	25	0	1	215	300	514	2.79e-70	259
NODE_221451_length_215_cov_1.1375	gb_AM850916_+_18-879_ARO:3002429_OKP-A-12	88.372	215	25	0	1	215	330	544	2.79e-70	259
NODE_221451_length_215_cov_1.1375	gb_AB023477_+_0-861_ARO:3001082_SHV-24	88.372	215	25	0	1	215	330	544	2.79e-70	259
NODE_221451_length_215_cov_1.1375	gb_FJ534513_+_0-861_ARO:3002430_OKP-A-13	87.907	215	26	0	1	215	330	544	1.30e-68	254
NODE_221451_length_215_cov_1.1375	gb_FJ534512_+_0-861_ARO:3002431_OKP-A-14	87.907	215	26	0	1	215	330	544	1.30e-68	254
NODE_221451_length_215_cov_1.1375	gb_FJ755841_+_0-846_ARO:3002432_OKP-A-15	87.907	215	26	0	1	215	315	529	1.30e-68	254
NODE_221451_length_215_cov_1.1375	gb_S82452_+_120-978_ARO:3001068_SHV-9	87.558	217	23	3	1	215	327	541	6.03e-67	248
NODE_221451_length_215_cov_1.1375	gb_AY265890_+_0-472_ARO:3002476_LEN-6	89.375	160	17	0	1	160	309	468	4.76e-53	202
NODE_221451_length_215_cov_1.1375	gb_AF072684_+_117-993_ARO:3001075_SHV-16	83.478	230	23	3	1	215	330	559	1.71e-52	200
NODE_221451_length_215_cov_1.1375	gb_AY265889_+_0-458_ARO:3002477_LEN-14	88.742	151	17	0	1	151	305	455	4.80e-48	185
NODE_221758_length_215_cov_2.2875	gb_NC_007779_+_2166412-2167135_ARO:3000828_baeR	99.174	121	1	0	95	215	722	602	4.73e-58	219
NODE_223463_length_214_cov_1.81761	gb_CP000800.1_-_1191727-1192954_ARO:3001329_mdtG	98.266	173	3	0	42	214	1227	1055	1.26e-83	303
NODE_227801_length_212_cov_0.968153	gb_AIIS01000002.1_-_233812-234307_ARO:3002875_dfrE	97.642	212	5	0	1	212	242	453	5.65e-102	364
NODE_228356_length_212_cov_1.46497	gb_U00096_+_3660413-3663527_ARO:3000796_mdtF	96.698	212	7	0	1	212	2283	2072	1.22e-98	353
NODE_230504_length_210_cov_1.77419	gb_NC_007779_+_2586250-2589364_ARO:3000491_acrD	98.095	210	4	0	1	210	2949	2740	1.56e-102	366
NODE_231651_length_210_cov_2.49032	gb_M57437_+_0-1647_ARO:3002827_tlrC	96.970	33	1	0	146	178	1468	1500	3.82e-09	56.5
NODE_232009_length_210_cov_0.929032	gb_FJ768952_+_0-1488_ARO:3000237_tolC	99.524	210	1	0	1	210	666	457	1.54e-107	383
NODE_233006_length_209_cov_1.09091	gb_U46859.1_-_24294-25527_ARO:3003048_rosA	82.524	206	36	0	2	207	964	1169	6.02e-47	182
NODE_240089_length_206_cov_1.23841	gb_NC_000913.3_-_2306971-2308615_ARO:3003952_yojI	98.058	206	4	0	1	206	1462	1257	2.55e-100	359
NODE_241413_length_191_cov_1.78676	gb_KX000273.1_+_0-1740_ARO:3004036_tetB(60)	91.099	191	17	0	1	191	1209	1399	2.44e-70	259
NODE_244374_length_147_cov_10.1196	gb_NC_003098.1_-_1359228-1360395_ARO:3000025_patB	88.435	147	17	0	1	147	914	1060	5.28e-46	178
NODE_245218_length_138_cov_14.5181	gb_NC_003098.1_-_1359228-1360395_ARO:3000025_patB	97.674	86	2	0	3	88	86	1	3.85e-37	148
NODE_257782_length_72_cov_4	gb_NC_003098.1_-_1359228-1360395_ARO:3000025_patB	97.222	72	2	0	1	72	914	985	1.06e-29	122
