NODE_28_length_81501_cov_61.6191	gb_Z21523_+_0-1974_ARO:3000191_tetQ	90.628	1974	184	1	13709	15681	1	1974	0.0	2619
NODE_105_length_46477_cov_52.6638	gb_NC_014638.1_-_1610636-1613960_ARO:3003730_Bifidobacteria	80.606	165	32	0	45750	45914	3231	3067	1.94e-28	128
NODE_453_length_23560_cov_15.91	gb_NC_000913.3_-_481253-484403_ARO:3000216_acrB	81.034	116	15	5	12742	12852	1575	1462	6.01e-16	86.1
NODE_908_length_14378_cov_76.5198	gb_AF235050.4_+_38028-40140_ARO:3003318_Streptomyces	77.165	381	81	5	4589	4966	453	76	1.25e-55	217
NODE_973_length_13740_cov_7.84151	gb_AP006618.1_+_4835199-4838688_ARO:3000501_Nocardia	81.365	542	99	2	919	1459	1058	1598	6.49e-123	440
NODE_1068_length_12824_cov_9.83812	gb_AB015853_+_1330-4471_ARO:3003033_mexY	80.993	584	102	8	8491	9071	1550	973	2.16e-127	455
NODE_1068_length_12824_cov_9.83812	gb_AFRQ01000061.1_-_23986-27124_ARO:3004144_AxyY	81.903	536	86	10	8469	9000	1572	1044	1.68e-123	442
NODE_1068_length_12824_cov_9.83812	gb_U57969_+_1485-4617_ARO:3000801_MexD	76.442	624	128	18	8487	9102	1563	951	8.23e-87	320
NODE_1068_length_12824_cov_9.83812	gb_AF173226_+_3767-6917_ARO:3003052_smeB	75.926	378	74	11	7066	7436	2996	2629	5.24e-44	178
NODE_1481_length_10030_cov_13.3477	gb_JQ231224_+_90-3192_ARO:3000510_mupB	97.222	36	1	0	857	892	552	587	4.31e-09	62.1
NODE_1678_length_9184_cov_101.999	gb_Z21523_+_0-1974_ARO:3000191_tetQ	99.899	1974	2	0	4134	6107	1974	1	0.0	3635
NODE_2379_length_7249_cov_120.286	gb_AP006618.1_+_4835199-4838688_ARO:3000501_Nocardia	86.527	334	41	4	1782	2113	3299	2968	2.12e-100	364
NODE_2657_length_6775_cov_67.7635	gb_NC_003112.2_-_1791966-1795170_ARO:3000811_mtrD	84.376	3181	487	7	1496	4671	3176	1	0.0	3112
NODE_2657_length_6775_cov_67.7635	gb_NC_003112.2_-_1795181-1796420_ARO:3000810_mtrC	82.449	1037	178	4	4788	5822	1155	121	0.0	904
NODE_3365_length_5789_cov_9.97471	gb_X63451_+_0-1653_ARO:3002828_srmB	97.222	36	1	0	5497	5532	1500	1465	2.48e-09	62.1
NODE_3511_length_5622_cov_4.34633	gb_AF235050.4_+_38028-40140_ARO:3003318_Streptomyces	74.431	1275	278	40	822	2069	814	2067	9.27e-143	505
NODE_3806_length_5337_cov_10.9956	gb_NC_014638.1_-_1610636-1613960_ARO:3003730_Bifidobacteria	74.296	1136	235	46	1569	2668	1034	2148	1.96e-119	427
NODE_3865_length_5278_cov_14.1738	gb_KX531049.1_+_0-1947_ARO:3003986_TaeA	86.154	65	9	0	3363	3427	1363	1427	3.76e-12	71.3
NODE_4229_length_4976_cov_4.3926	gb_AP006618.1_+_4835199-4838688_ARO:3000501_Nocardia	76.973	2141	441	44	1	2118	1259	3370	0.0	1175
NODE_4270_length_4950_cov_17.9393	gb_AF235050.4_+_38028-40140_ARO:3003318_Streptomyces	86.154	65	9	0	2247	2311	1897	1961	3.53e-12	71.3
NODE_4523_length_4789_cov_7.98162	gb_X63451_+_0-1653_ARO:3002828_srmB	78.448	116	19	6	2500	2612	1577	1465	3.41e-12	71.3
NODE_4663_length_4679_cov_4.99978	gb_CP007593.1_+_2148923-2149772_ARO:3001301_RlmA(II)	92.118	203	16	0	1	203	641	843	3.04e-77	287
NODE_4748_length_4631_cov_40.2264	gb_CP004067_+_52914-53709_ARO:3002647_APH(3')-IIIa	100.000	795	0	0	932	1726	795	1	0.0	1469
NODE_4748_length_4631_cov_40.2264	gb_U01945_+_373-916_ARO:3002897_SAT-4	100.000	170	0	0	1819	1988	543	374	1.38e-85	315
NODE_4915_length_4526_cov_4.14247	gb_AF242872_+_2131-2878_ARO:3000375_ErmB	99.598	747	2	1	3254	3999	747	1	0.0	1362
NODE_5341_length_4299_cov_4.15457	gb_AP006618.1_+_4835199-4838688_ARO:3000501_Nocardia	76.712	3096	656	49	1206	4276	3373	318	0.0	1663
NODE_5734_length_4113_cov_4.47462	gb_AFRQ01000061.1_-_23986-27124_ARO:3004144_AxyY	89.333	75	8	0	55	129	2705	2631	1.74e-19	95.3
NODE_5763_length_4101_cov_32.3052	gb_NC_003112.2_+_330790-332317_ARO:3003962_farB	76.213	1505	329	25	1625	3116	39	1527	0.0	769
NODE_5763_length_4101_cov_32.3052	gb_NC_003112.2_+_329612-330767_ARO:3003961_farA	73.063	839	210	16	359	1189	127	957	3.45e-76	283
NODE_7724_length_3429_cov_53.2676	gb_AY768532_+_0-1935_ARO:3000535_macB	88.073	981	115	2	1	980	980	1	0.0	1162
NODE_7724_length_3429_cov_53.2676	gb_AY768531_+_0-1179_ARO:3000533_macA	84.594	1084	157	9	1098	2176	1155	77	0.0	1068
NODE_8264_length_3283_cov_32.4173	gb_AY768532_+_0-1935_ARO:3000535_macB	81.189	1547	276	13	1743	3283	1	1538	0.0	1230
NODE_8331_length_3267_cov_15.7416	gb_AP006618.1_+_4835199-4838688_ARO:3000501_Nocardia	74.072	1670	364	55	1605	3244	877	2507	5.12e-178	621
NODE_9145_length_3080_cov_27.474	gb_NC_012469.1_-_1800927-1802391_ARO:3000616_mel	100.000	1464	0	0	13	1476	1	1464	0.0	2704
NODE_9496_length_3005_cov_8.79186	gb_M80346_+_0-1656_ARO:3002817_carA	100.000	36	0	0	510	545	1502	1467	2.76e-11	67.6
NODE_11134_length_2726_cov_12.5024	gb_AP006618.1_+_4835199-4838688_ARO:3000501_Nocardia	84.865	185	24	2	3	185	3168	2986	2.38e-46	183
NODE_12236_length_2562_cov_28.146	gb_X95635_+_259-1663_ARO:3000812_mtrE	77.493	1364	268	33	325	1668	1393	49	0.0	782
NODE_12411_length_2538_cov_11.3053	gb_AM180355_+_600033-601953_ARO:3000186_tetM	92.552	1920	143	0	88	2007	1	1920	0.0	2754
NODE_12411_length_2538_cov_11.3053	gb_L09756_+_0-1926_ARO:3000192_tetS	78.516	1927	397	15	89	2006	2	1920	0.0	1249
NODE_12486_length_2528_cov_4.6943	gb_AY768532_+_0-1935_ARO:3000535_macB	74.187	1968	445	59	524	2461	1935	1	0.0	761
NODE_13515_length_2405_cov_4.06638	gb_U57969_+_4622-6062_ARO:3000802_OprJ	88.136	59	7	0	1025	1083	908	966	1.71e-12	71.3
NODE_13610_length_2394_cov_30.9628	gb_AY768532_+_0-1935_ARO:3000535_macB	83.111	450	76	0	3	452	1486	1935	8.81e-115	411
NODE_14097_length_2343_cov_5.03278	gb_AY768532_+_0-1935_ARO:3000535_macB	94.595	37	1	1	191	227	482	447	4.65e-08	56.5
NODE_14140_length_2339_cov_26.7977	gb_NC_023287.1_-_65291-66509_ARO:3000615_mefA	96.962	1218	37	0	16	1233	1218	1	0.0	2045
NODE_15047_length_2249_cov_59.7297	gb_NC_014638.1_-_1610636-1613960_ARO:3003730_Bifidobacteria	80.227	880	170	4	70	947	2171	1294	0.0	658
NODE_16765_length_2098_cov_10.2511	gb_NC_002516.2_-_2850882-2854014_ARO:3004074_MuxB	73.739	1428	327	37	378	1781	10	1413	1.59e-146	516
NODE_17569_length_2034_cov_10.2764	gb_CP007593.1_+_2148923-2149772_ARO:3001301_RlmA(II)	82.999	847	136	8	938	1780	1	843	0.0	760
NODE_18661_length_1959_cov_3.27784	gb_NC_003098_+_953382-954594_ARO:3000614_mefE	84.786	1170	171	6	495	1661	1201	36	0.0	1168
NODE_21049_length_1811_cov_8.43166	gb_NC_003098.1_-_1359228-1360395_ARO:3000025_patB	78.974	604	125	2	1209	1811	1	603	6.66e-115	411
NODE_21559_length_1783_cov_21.8912	gb_HM990671_+_5192-6671_ARO:3003112_lsaC	85.379	383	56	0	1401	1783	1	383	5.10e-111	398
NODE_22346_length_1742_cov_6.26912	gb_KX000273.1_+_0-1740_ARO:3004036_tetB(60)	85.814	1727	237	7	1	1723	18	1740	0.0	1825
NODE_22501_length_1734_cov_3.24836	gb_AJ295238.3_+_163-2083_ARO:3000196_tet32	94.549	1174	62	2	1	1173	1173	1	0.0	1812
NODE_23358_length_1694_cov_2.65528	gb_HQ652506.1_+_373-2098_ARO:3004032_tetA(46)	95.021	1647	82	0	48	1694	1	1647	0.0	2588
NODE_25279_length_1609_cov_78.2767	gb_AF118110.1_-_71-1037_ARO:3003002_CfxA2	100.000	966	0	0	82	1047	1	966	0.0	1784
NODE_25279_length_1609_cov_78.2767	gb_AF472622_+_52-1018_ARO:3003003_CfxA3	99.896	966	1	0	82	1047	1	966	0.0	1779
NODE_25279_length_1609_cov_78.2767	gb_AY769934_+_27-993_ARO:3003096_CfxA5	99.896	966	1	0	82	1047	1	966	0.0	1779
NODE_25279_length_1609_cov_78.2767	gb_U38243_+_149-1115_ARO:3003001_CfxA	99.896	966	1	0	82	1047	1	966	0.0	1779
NODE_25279_length_1609_cov_78.2767	gb_AY769933_+_0-966_ARO:3003005_CfxA4	99.896	966	1	0	82	1047	1	966	0.0	1779
NODE_25279_length_1609_cov_78.2767	gb_GQ342996_+_797-1793_ARO:3003097_CfxA6	89.234	966	101	3	78	1042	30	993	0.0	1205
NODE_26333_length_1568_cov_35.5909	gb_NC_003112.2_-_1791966-1795170_ARO:3000811_mtrD	82.824	1537	259	4	5	1539	2476	943	0.0	1371
NODE_26997_length_1543_cov_3.78831	gb_HQ652506.1_+_2099-3836_ARO:3004033_tetB(46)	91.030	981	78	9	1	976	762	1737	0.0	1315
NODE_27411_length_1527_cov_2.81318	gb_NC_014638.1_-_1610636-1613960_ARO:3003730_Bifidobacteria	76.793	711	129	21	826	1509	2160	1459	1.23e-101	366
NODE_28748_length_1479_cov_8.51685	gb_NC_003098.1_+_866210-867410_ARO:3000822_pmrA	91.478	1150	93	5	1	1148	1147	1	0.0	1576
NODE_28853_length_1475_cov_3.93662	gb_AM403715_+_302-854_ARO:3002857_dfrA26	97.143	35	1	0	1055	1089	160	194	2.26e-09	60.2
NODE_28962_length_1472_cov_7.55116	gb_AF173226.1_-_351-1041_ARO:3003066_smeR	74.336	226	44	11	1098	1322	375	163	1.34e-16	84.2
NODE_31795_length_1382_cov_4.35795	gb_AF540889_+_0-327_ARO:3002871_tet37	99.099	222	2	0	603	824	1	222	1.10e-111	399
NODE_32655_length_1358_cov_5.00921	gb_M37699_+_585-1752_ARO:3000205_tetX	100.000	716	0	0	1	716	716	1	0.0	1323
NODE_33524_length_1333_cov_6.82003	gb_AP006618.1_+_4835199-4838688_ARO:3000501_Nocardia	73.503	1102	245	36	251	1333	2026	3099	6.40e-104	374
NODE_34301_length_1313_cov_20.4348	gb_AY768532_+_0-1935_ARO:3000535_macB	85.543	1003	138	6	1	1001	926	1923	0.0	1042
NODE_34510_length_1307_cov_5.65655	gb_KX000272.1_+_0-1740_ARO:3004035_tetA(60)	91.786	1120	92	0	188	1307	1	1120	0.0	1559
NODE_35461_length_1283_cov_3.12296	gb_NC_003098.1_-_1359228-1360395_ARO:3000025_patB	77.925	829	170	10	459	1280	1162	340	2.09e-143	505
NODE_37954_length_1224_cov_2.84517	gb_AJ295238.3_+_163-2083_ARO:3000196_tet32	78.084	762	149	17	472	1224	1911	1159	9.41e-132	466
NODE_39569_length_1190_cov_3.06872	gb_HM990671_+_5192-6671_ARO:3003112_lsaC	91.766	1093	90	0	98	1190	1479	387	0.0	1520
NODE_42076_length_1140_cov_13.8267	gb_CP007593.1_+_2148923-2149772_ARO:3001301_RlmA(II)	94.611	334	16	2	1	333	506	838	8.57e-147	516
NODE_42332_length_1135_cov_2.72593	gb_AF235050.4_+_38028-40140_ARO:3003318_Streptomyces	79.250	400	81	2	208	606	447	49	4.38e-75	278
NODE_44792_length_1091_cov_2.611	gb_AF162694_+_5192-5888_ARO:3002922_vanRC	92.105	38	3	0	1029	1066	47	10	7.72e-08	54.7
NODE_45030_length_1087_cov_7.71318	gb_CP007593.1_+_2148923-2149772_ARO:3001301_RlmA(II)	84.360	844	130	2	36	878	1	843	0.0	826
NODE_45103_length_1086_cov_9.86324	gb_CP007593.1_+_2148923-2149772_ARO:3001301_RlmA(II)	83.986	843	131	4	81	921	1	841	0.0	806
NODE_45269_length_1083_cov_3.60603	gb_KX000272.1_+_0-1740_ARO:3004035_tetA(60)	87.915	1084	129	2	1	1083	1405	323	0.0	1275
NODE_46685_length_1060_cov_4.23582	gb_KX000273.1_+_0-1740_ARO:3004036_tetB(60)	86.484	1058	143	0	1	1058	523	1580	0.0	1162
NODE_50209_length_1005_cov_47.3526	gb_M17124_+_1181-1982_ARO:3000498_ErmF	99.750	801	2	0	82	882	1	801	0.0	1469
NODE_50209_length_1005_cov_47.3526	gb_AF319779.2_+_32-833_ARO:3000604_Erm(35)	78.643	796	166	3	82	875	1	794	1.25e-149	525
NODE_51589_length_985_cov_3.65161	gb_U57969_+_1485-4617_ARO:3000801_MexD	76.163	172	37	3	624	793	2771	2940	6.86e-18	87.9
NODE_57727_length_909_cov_2.56323	gb_KX000272.1_+_0-1740_ARO:3004035_tetA(60)	92.820	571	41	0	335	905	1740	1170	0.0	828
NODE_57727_length_909_cov_2.56323	gb_KX000273.1_+_0-1740_ARO:3004036_tetB(60)	98.806	335	4	0	4	338	335	1	2.36e-171	597
NODE_60345_length_881_cov_4.5109	gb_NC_003098.1_-_1359228-1360395_ARO:3000025_patB	84.462	650	99	2	1	649	649	1	0.0	640
NODE_61516_length_868_cov_4.15129	gb_CP007593.1_+_2148923-2149772_ARO:3001301_RlmA(II)	91.279	172	15	0	1	172	678	849	2.03e-62	235
NODE_62102_length_861_cov_11.1141	gb_NC_003098.1_+_866210-867410_ARO:3000822_pmrA	97.101	69	2	0	1	69	69	1	7.62e-27	117
NODE_63397_length_849_cov_154.428	gb_AP006618.1_+_4835199-4838688_ARO:3000501_Nocardia	86.527	334	41	4	17	348	3299	2968	2.43e-101	364
NODE_64571_length_837_cov_21.9322	gb_NC_003112.2_+_329612-330767_ARO:3003961_farA	73.482	626	152	13	12	630	415	1033	4.25e-59	224
NODE_64653_length_837_cov_2.90921	gb_HQ652506.1_+_2099-3836_ARO:3004033_tetB(46)	86.838	699	88	4	140	836	1721	1025	0.0	778
NODE_68744_length_801_cov_6.29088	gb_NC_003098.1_+_866210-867410_ARO:3000822_pmrA	93.883	801	49	0	1	801	1147	347	0.0	1208
NODE_71181_length_780_cov_3.99586	gb_M57437_+_0-1647_ARO:3002827_tlrC	100.000	28	0	0	620	647	1191	1164	1.97e-07	52.8
NODE_71931_length_775_cov_2.48333	gb_NC_000913.3_+_3219493-3220873_ARO:3000024_patA	79.348	92	19	0	1	92	827	918	2.52e-11	65.8
NODE_72578_length_770_cov_2.8014	gb_KX000272.1_+_0-1740_ARO:3004035_tetA(60)	95.369	583	27	0	188	770	1	583	0.0	928
NODE_73585_length_762_cov_3.93635	gb_M80346_+_0-1656_ARO:3002817_carA	100.000	29	0	0	382	410	1475	1503	5.36e-08	54.7
NODE_85919_length_679_cov_3.87981	gb_KX000273.1_+_0-1740_ARO:3004036_tetB(60)	89.521	668	70	0	7	674	1553	886	0.0	846
NODE_91114_length_650_cov_3.09076	gb_KX000273.1_+_0-1740_ARO:3004036_tetB(60)	93.210	648	44	0	3	650	1553	906	0.0	953
NODE_94854_length_630_cov_6.08522	gb_AP006618.1_+_4835199-4838688_ARO:3000501_Nocardia	76.220	635	133	14	5	630	1884	1259	3.93e-88	320
NODE_105045_length_584_cov_6.62382	gb_AF235050.4_+_38028-40140_ARO:3003318_Streptomyces	80.488	451	86	2	15	464	43	492	2.16e-95	344
NODE_111147_length_560_cov_4.59802	gb_KX000273.1_+_0-1740_ARO:3004036_tetB(60)	83.692	558	91	0	3	560	575	18	1.91e-150	527
NODE_115691_length_544_cov_1.85685	gb_HM990671_+_5192-6671_ARO:3003112_lsaC	95.316	491	23	0	1	491	492	2	0.0	780
NODE_117532_length_537_cov_3.58714	gb_KX000272.1_+_0-1740_ARO:3004035_tetA(60)	91.264	538	45	2	1	537	869	1405	0.0	732
NODE_118884_length_533_cov_2.80753	gb_NC_003098.1_-_1359228-1360395_ARO:3000025_patB	83.727	381	60	2	151	530	1	380	7.01e-100	359
NODE_119836_length_530_cov_5.09053	gb_CP007593.1_+_2148923-2149772_ARO:3001301_RlmA(II)	91.358	486	42	0	45	530	1	486	0.0	665
NODE_120915_length_526_cov_1.25902	gb_HM990671_+_5192-6671_ARO:3003112_lsaC	96.522	115	4	0	412	526	2	116	2.67e-49	191
NODE_121343_length_525_cov_19.2638	gb_NC_003098.1_+_866210-867410_ARO:3000822_pmrA	97.222	108	3	0	418	525	1200	1093	4.46e-47	183
NODE_122886_length_520_cov_27.8602	gb_NC_003098.1_-_1359228-1360395_ARO:3000025_patB	94.923	453	23	0	1	453	453	1	0.0	710
NODE_125971_length_510_cov_24.9451	gb_AY768532_+_0-1935_ARO:3000535_macB	86.275	510	63	5	1	508	926	1430	1.33e-156	547
NODE_126127_length_509_cov_10.2687	gb_NC_003098.1_+_866210-867410_ARO:3000822_pmrA	91.552	509	43	0	1	509	523	15	0.0	702
NODE_128227_length_503_cov_8.3125	gb_CP007593.1_+_2148923-2149772_ARO:3001301_RlmA(II)	91.259	286	25	0	218	503	1	286	2.34e-109	390
NODE_129649_length_499_cov_2.36036	gb_GQ342996_+_797-1793_ARO:3003097_CfxA6	78.884	502	100	6	1	499	697	199	1.10e-92	335
NODE_133840_length_487_cov_1.21991	gb_M57437_+_0-1647_ARO:3002827_tlrC	83.824	68	5	2	115	179	632	568	7.24e-10	60.2
NODE_135759_length_482_cov_1.79859	gb_NC_017452.1_-_1144673-1146068_ARO:3003953_hmrM	91.494	482	41	0	1	482	1261	780	0.0	664
NODE_137799_length_477_cov_2.96919	gb_U57969_+_1485-4617_ARO:3000801_MexD	77.326	172	35	3	169	338	2940	2771	1.50e-21	99.0
NODE_139847_length_471_cov_3.54087	gb_NC_003098.1_-_1359228-1360395_ARO:3000025_patB	91.863	467	38	0	3	469	328	794	0.0	652
NODE_140283_length_470_cov_1.90843	gb_AY768532_+_0-1935_ARO:3000535_macB	84.222	469	67	6	1	467	1371	908	3.54e-127	449
NODE_143154_length_463_cov_1.65931	gb_NC_003112.2_-_1795181-1796420_ARO:3000810_mtrC	77.007	274	59	4	2	273	634	905	3.06e-38	154
NODE_143567_length_462_cov_1.77641	gb_KX000273.1_+_0-1740_ARO:3004036_tetB(60)	88.095	462	55	0	1	462	911	1372	3.34e-157	549
NODE_145417_length_458_cov_27.1836	gb_KX000272.1_+_0-1740_ARO:3004035_tetA(60)	87.245	392	46	3	69	458	1740	1351	1.60e-125	444
NODE_145417_length_458_cov_27.1836	gb_KX000273.1_+_0-1740_ARO:3004036_tetB(60)	95.833	72	3	0	1	72	72	1	3.97e-27	117
NODE_151400_length_444_cov_4.05656	gb_CP007593.1_+_2148923-2149772_ARO:3001301_RlmA(II)	91.988	337	25	2	109	444	841	506	7.13e-134	472
NODE_157256_length_432_cov_3.08223	gb_KX000272.1_+_0-1740_ARO:3004035_tetA(60)	99.306	432	3	0	1	432	1120	689	0.0	782
NODE_165733_length_416_cov_3.49307	gb_AP006618.1_+_4835199-4838688_ARO:3000501_Nocardia	84.000	250	40	0	165	414	1062	1311	2.04e-64	241
NODE_170772_length_407_cov_1.96023	gb_NC_003112.2_-_1791966-1795170_ARO:3000811_mtrD	90.172	407	40	0	1	407	1847	1441	1.06e-151	531
NODE_176347_length_398_cov_11.8222	gb_NC_003098.1_-_1359228-1360395_ARO:3000025_patB	90.909	396	36	0	3	398	794	399	2.87e-152	532
NODE_178634_length_394_cov_18.1475	gb_AY768532_+_0-1935_ARO:3000535_macB	84.733	393	58	2	3	394	1486	1877	5.03e-110	392
NODE_181231_length_390_cov_4.44179	gb_NC_003098.1_+_866210-867410_ARO:3000822_pmrA	95.128	390	19	0	1	390	1147	758	2.71e-177	616
NODE_183265_length_387_cov_14.9488	gb_NC_003098.1_+_866210-867410_ARO:3000822_pmrA	91.731	387	32	0	1	387	15	401	5.99e-154	538
NODE_183603_length_386_cov_1.31722	gb_CP007593.1_+_2148923-2149772_ARO:3001301_RlmA(II)	83.857	223	35	1	1	222	619	841	1.48e-55	211
NODE_189385_length_378_cov_3.32817	gb_NC_000913.3_+_3219493-3220873_ARO:3000024_patA	94.737	38	2	0	341	378	864	827	5.55e-10	60.2
NODE_191373_length_375_cov_2.95938	gb_KX000272.1_+_0-1740_ARO:3004035_tetA(60)	94.400	375	21	0	1	375	209	583	1.23e-165	577
NODE_195817_length_369_cov_1.88535	gb_KX000272.1_+_0-1740_ARO:3004035_tetA(60)	85.095	369	55	0	1	369	1327	1695	1.32e-105	377
NODE_197304_length_367_cov_1.79487	gb_HM990671_+_5192-6671_ARO:3003112_lsaC	92.916	367	26	0	1	367	766	1132	7.36e-153	534
NODE_200280_length_363_cov_9.29545	gb_M80346_+_0-1656_ARO:3002817_carA	97.297	37	1	0	71	107	1503	1467	4.13e-11	63.9
NODE_200422_length_363_cov_3.10065	gb_NC_003098.1_-_1359228-1360395_ARO:3000025_patB	90.751	173	16	0	1	173	989	1161	1.07e-61	231
NODE_201124_length_362_cov_3.09121	gb_HQ652506.1_+_2099-3836_ARO:3004033_tetB(46)	97.465	355	9	0	8	362	144	498	1.52e-174	606
NODE_203642_length_358_cov_1.37624	gb_EU434751_+_658-2578_ARO:3000194_tetW	100.000	358	0	0	1	358	227	584	0.0	662
NODE_203642_length_358_cov_1.37624	gb_KU736867.1_+_19653-21573_ARO:3004442_tet(W/N/W)	99.162	358	3	0	1	358	227	584	0.0	645
NODE_206888_length_355_cov_7.03	gb_NC_003098.1_+_866210-867410_ARO:3000822_pmrA	98.551	69	1	0	1	69	69	1	6.55e-29	122
NODE_208137_length_353_cov_2.71812	gb_CP007593.1_+_2148923-2149772_ARO:3001301_RlmA(II)	88.986	345	36	2	1	344	351	694	4.43e-120	425
NODE_213518_length_347_cov_3.00685	gb_KX000273.1_+_0-1740_ARO:3004036_tetB(60)	91.354	347	30	0	1	347	1236	890	4.26e-135	475
NODE_219905_length_340_cov_26.9123	gb_KX000272.1_+_0-1740_ARO:3004035_tetA(60)	95.308	341	14	2	1	340	1405	1066	1.46e-154	540
NODE_223764_length_336_cov_2.59786	gb_KX000273.1_+_0-1740_ARO:3004036_tetB(60)	85.928	334	47	0	3	336	575	242	1.56e-99	357
NODE_226680_length_333_cov_3.78417	gb_KX000273.1_+_0-1740_ARO:3004036_tetB(60)	86.280	328	45	0	1	328	890	1217	1.54e-99	357
NODE_229125_length_330_cov_2.34545	gb_AB219524.1_+_1176-4338_ARO:3003699_mexQ	92.683	41	3	0	2	42	2812	2852	4.82e-10	60.2
NODE_229125_length_330_cov_2.34545	gb_NC_002516_+_2810008-2813197_ARO:3000804_MexF	97.059	34	1	0	13	46	2850	2883	1.73e-09	58.4
NODE_229125_length_330_cov_2.34545	gb_AJ252200_+_1278-4401_ARO:3003056_smeE	97.059	34	1	0	13	46	2823	2856	1.73e-09	58.4
NODE_230564_length_329_cov_33.7409	gb_CP007593.1_+_2148923-2149772_ARO:3001301_RlmA(II)	89.666	329	34	0	1	329	560	232	1.91e-118	420
NODE_236300_length_323_cov_2.51493	gb_NC_002516.2_-_2850882-2854014_ARO:3004074_MuxB	80.451	133	24	2	172	303	1576	1707	2.78e-22	100
NODE_238213_length_321_cov_2.8985	gb_M18896.2_+_206-2126_ARO:3000190_tetO	99.688	321	1	0	1	321	450	770	4.83e-169	588
NODE_247629_length_312_cov_1.16732	gb_KX000272.1_+_0-1740_ARO:3004035_tetA(60)	90.064	312	31	0	1	312	1282	971	5.07e-114	405
NODE_252645_length_308_cov_68.9526	gb_AF235050.4_+_38028-40140_ARO:3003318_Streptomyces	82.540	126	20	2	169	293	76	200	4.39e-25	110
NODE_253415_length_307_cov_1.68254	gb_AF235050.4_+_38028-40140_ARO:3003318_Streptomyces	84.314	306	42	5	4	306	1637	1335	1.12e-80	294
NODE_253667_length_307_cov_1.21429	gb_NC_017452.1_-_1144673-1146068_ARO:3003953_hmrM	91.148	305	27	0	1	305	106	410	8.27e-117	414
NODE_258619_length_303_cov_8.08065	gb_NC_003098.1_+_866210-867410_ARO:3000822_pmrA	93.069	303	21	0	1	303	782	1084	1.04e-125	444
NODE_261404_length_300_cov_1.42857	gb_HM990671_+_5192-6671_ARO:3003112_lsaC	96.667	300	10	0	1	300	710	411	2.17e-142	499
NODE_269521_length_294_cov_1.51883	gb_CP007593.1_+_2148923-2149772_ARO:3001301_RlmA(II)	88.722	266	28	2	30	294	1	265	1.37e-89	324
NODE_271228_length_292_cov_0.763713	gb_EU434751_+_658-2578_ARO:3000194_tetW	99.658	292	1	0	1	292	569	860	5.77e-153	534
NODE_271228_length_292_cov_0.763713	gb_KU736867.1_+_19653-21573_ARO:3004442_tet(W/N/W)	96.918	292	9	0	1	292	569	860	1.27e-139	490
NODE_272424_length_292_cov_6.06751	gb_Z50108_+_238-1768_ARO:3003026_fusH	91.111	45	1	2	140	181	561	517	1.52e-09	58.4
NODE_272615_length_291_cov_1.77542	gb_AF235050.4_+_38028-40140_ARO:3003318_Streptomyces	78.947	209	40	4	33	239	282	76	5.27e-34	139
NODE_277628_length_288_cov_4.03004	gb_NC_003098.1_+_866210-867410_ARO:3000822_pmrA	91.667	288	24	0	1	288	694	407	2.16e-112	399
NODE_286128_length_282_cov_14.489	gb_CP007593.1_+_2148923-2149772_ARO:3001301_RlmA(II)	92.553	282	21	0	1	282	286	5	4.55e-114	405
NODE_290299_length_279_cov_38.4688	gb_AY768532_+_0-1935_ARO:3000535_macB	85.560	277	37	2	3	279	1430	1157	1.70e-78	287
NODE_290317_length_279_cov_4.33482	gb_KX000273.1_+_0-1740_ARO:3004036_tetB(60)	81.786	280	49	2	1	279	18	296	2.24e-62	233
NODE_290366_length_279_cov_8.79464	gb_NC_003098.1_-_1359228-1360395_ARO:3000025_patB	90.863	197	18	0	83	279	1161	965	7.96e-72	265
NODE_291871_length_278_cov_18.7354	gb_NC_003098.1_-_1359228-1360395_ARO:3000025_patB	93.478	276	18	0	3	278	1017	742	9.62e-116	411
NODE_307196_length_268_cov_6.97183	gb_NC_003098.1_-_1359228-1360395_ARO:3000025_patB	87.361	269	30	3	1	267	595	861	4.49e-84	305
NODE_312178_length_265_cov_2.46667	gb_HQ652506.1_+_2099-3836_ARO:3004033_tetB(46)	96.273	161	6	0	104	264	1	161	7.53e-72	265
NODE_312178_length_265_cov_2.46667	gb_HQ652506.1_+_373-2098_ARO:3004032_tetA(46)	94.118	102	6	0	1	102	1624	1725	4.73e-39	156
NODE_312243_length_265_cov_3.81905	gb_NC_000913.3_+_3219493-3220873_ARO:3000024_patA	84.270	89	14	0	18	106	864	776	1.75e-18	87.9
NODE_313596_length_264_cov_1.64593	gb_HM990671_+_5192-6671_ARO:3003112_lsaC	94.043	235	14	0	30	264	2	236	1.20e-99	357
NODE_317836_length_262_cov_3.94203	gb_HQ652506.1_+_373-2098_ARO:3004032_tetA(46)	93.077	260	18	0	2	261	715	974	7.08e-107	381
NODE_326125_length_257_cov_1.44554	gb_M18896.2_+_206-2126_ARO:3000190_tetO	100.000	257	0	0	1	257	1232	1488	3.09e-135	475
NODE_326125_length_257_cov_1.44554	gb_AJ295238.3_+_163-2083_ARO:3000196_tet32	98.016	252	5	0	6	257	1237	1488	4.05e-124	438
NODE_328581_length_256_cov_2.27861	gb_KX000272.1_+_0-1740_ARO:3004035_tetA(60)	89.723	253	26	0	4	256	714	462	1.18e-89	324
NODE_330613_length_255_cov_2.55	gb_CP007593.1_+_2148923-2149772_ARO:3001301_RlmA(II)	88.095	252	28	2	1	251	599	849	7.12e-82	298
NODE_331369_length_255_cov_3.67	gb_NC_003098.1_-_1359228-1360395_ARO:3000025_patB	90.751	173	16	0	83	255	1161	989	7.32e-62	231
NODE_337584_length_252_cov_0.893401	gb_HQ652506.1_+_373-2098_ARO:3004032_tetA(46)	100.000	252	0	0	1	252	1441	1692	1.82e-132	466
NODE_338215_length_251_cov_5.46939	gb_NC_003098.1_-_1359228-1360395_ARO:3000025_patB	91.235	251	22	0	1	251	649	399	3.19e-95	342
NODE_341833_length_250_cov_3.84103	gb_U01945_+_373-916_ARO:3002897_SAT-4	99.462	186	1	0	65	250	1	186	4.10e-94	339
NODE_341833_length_250_cov_3.84103	gb_AY712687_+_0-831_ARO:3002628_aad(6)	100.000	68	0	0	1	68	764	831	3.48e-30	126
NODE_343927_length_249_cov_1.81443	gb_M18896.2_+_206-2126_ARO:3000190_tetO	100.000	184	0	0	1	184	184	1	1.14e-94	340
NODE_343927_length_249_cov_1.81443	gb_AJ295238.3_+_163-2083_ARO:3000196_tet32	100.000	184	0	0	1	184	184	1	1.14e-94	340
NODE_358994_length_243_cov_0.930851	gb_CP007593.1_+_2148923-2149772_ARO:3001301_RlmA(II)	83.884	242	37	2	1	241	556	316	2.50e-61	230
NODE_377443_length_236_cov_3.19337	gb_HM990671_+_5192-6671_ARO:3003112_lsaC	92.373	118	9	0	119	236	1479	1362	5.35e-43	169
NODE_381142_length_234_cov_1.75978	gb_AP009048_+_2810082-2811255_ARO:3000027_emrA	81.818	110	20	0	60	169	859	968	3.28e-20	93.5
NODE_400901_length_228_cov_1.87861	gb_AP006618.1_+_4835199-4838688_ARO:3000501_Nocardia	84.649	228	33	2	2	228	3320	3094	3.02e-60	226
NODE_407364_length_226_cov_1.02924	gb_AFRQ01000061.1_-_23986-27124_ARO:3004144_AxyY	98.673	226	3	0	1	226	1969	2194	4.62e-113	401
NODE_407364_length_226_cov_1.02924	gb_AB015853_+_1330-4471_ARO:3003033_mexY	77.928	222	45	4	3	222	1971	2190	5.18e-33	135
NODE_407696_length_226_cov_1.01754	gb_NC_017452.1_-_1144673-1146068_ARO:3003953_hmrM	93.571	140	9	0	87	226	1395	1256	3.01e-55	209
NODE_423947_length_221_cov_1.07831	gb_M18896.2_+_206-2126_ARO:3000190_tetO	100.000	221	0	0	1	221	1866	1646	2.70e-115	409
NODE_423947_length_221_cov_1.07831	gb_AJ295238.3_+_163-2083_ARO:3000196_tet32	100.000	221	0	0	1	221	1866	1646	2.70e-115	409
NODE_433427_length_219_cov_2.31098	gb_HQ652506.1_+_2099-3836_ARO:3004033_tetB(46)	95.434	219	10	0	1	219	567	785	1.64e-97	350
NODE_444598_length_216_cov_1.6646	gb_KX000272.1_+_0-1740_ARO:3004035_tetA(60)	90.741	216	20	0	1	216	1048	833	3.57e-79	289
NODE_449852_length_214_cov_1.66667	gb_HM990671_+_5192-6671_ARO:3003112_lsaC	83.902	205	33	0	10	214	1316	1112	2.21e-51	196
NODE_475503_length_208_cov_1.15033	gb_AY768531_+_0-1179_ARO:3000533_macA	83.981	206	33	0	1	206	523	728	5.94e-52	198
NODE_477802_length_208_cov_1.80392	gb_HM990671_+_5192-6671_ARO:3003112_lsaC	95.192	208	10	0	1	208	1382	1175	2.02e-91	329
NODE_480637_length_207_cov_1.15789	gb_HM990671_+_5192-6671_ARO:3003112_lsaC	89.372	207	22	0	1	207	1138	1344	7.43e-71	261
NODE_486849_length_202_cov_6.63946	gb_NC_012469.1_-_1800927-1802391_ARO:3000616_mel	100.000	43	0	0	160	202	1	43	2.17e-16	80.5
NODE_487409_length_198_cov_8.62937	gb_NC_003098.1_-_1359228-1360395_ARO:3000025_patB	91.919	198	16	0	1	198	578	775	7.02e-76	278
NODE_491156_length_169_cov_7.34211	gb_NC_003098.1_+_866210-867410_ARO:3000822_pmrA	95.858	169	7	0	1	169	469	637	7.61e-75	274
NODE_492900_length_157_cov_3.41176	gb_KX000272.1_+_0-1740_ARO:3004035_tetA(60)	100.000	157	0	0	1	157	529	685	7.00e-80	291
NODE_496015_length_138_cov_4.72289	gb_CP007593.1_+_2148923-2149772_ARO:3001301_RlmA(II)	89.781	137	14	0	2	138	364	500	1.76e-45	176
NODE_499627_length_117_cov_2.90323	gb_NC_003098.1_+_866210-867410_ARO:3000822_pmrA	97.436	117	3	0	1	117	523	407	8.62e-53	200
NODE_499984_length_115_cov_9.51667	gb_NC_003098.1_+_866210-867410_ARO:3000822_pmrA	94.783	115	6	0	1	115	347	461	1.10e-46	180
NODE_500478_length_113_cov_6.25862	gb_KX000272.1_+_0-1740_ARO:3004035_tetA(60)	99.115	113	1	0	1	113	743	631	6.39e-54	204
NODE_503367_length_103_cov_4.79167	gb_NC_012469.1_-_1800927-1802391_ARO:3000616_mel	100.000	43	0	0	61	103	1	43	1.00e-16	80.5
NODE_510287_length_81_cov_17.3077	gb_CP007593.1_+_2148923-2149772_ARO:3001301_RlmA(II)	97.826	46	1	0	36	81	1	46	7.54e-17	80.5
NODE_518578_length_66_cov_3.81818	gb_NC_003098.1_+_866210-867410_ARO:3000822_pmrA	93.939	66	4	0	1	66	1010	1075	4.41e-23	100
NODE_521850_length_63_cov_3.375	gb_NC_003098.1_-_1359228-1360395_ARO:3000025_patB	95.082	61	3	0	3	63	589	649	5.35e-22	97.1
NODE_524619_length_60_cov_4	gb_NC_003098.1_+_866210-867410_ARO:3000822_pmrA	98.333	60	1	0	1	60	1010	1069	8.29e-25	106
