NODE_190_length_14123_cov_141.868	gb_AM180355_+_600033-601953_ARO:3000186_tetM	95.521	1920	86	0	12204	14123	1	1920	0.0	3070
NODE_190_length_14123_cov_141.868	gb_L09756_+_0-1926_ARO:3000192_tetS	78.953	1929	385	20	12205	14122	2	1920	0.0	1293
NODE_208_length_13163_cov_172.571	gb_NC_003098.1_-_1359228-1360395_ARO:3000025_patB	92.034	590	47	0	1	590	578	1167	0.0	830
NODE_534_length_6761_cov_17.9137	gb_NC_002134.1_+_41537-42743_ARO:3000165_tet(A)	99.917	1206	1	0	4214	5419	1	1206	0.0	2222
NODE_534_length_6761_cov_17.9137	gb_AB089595_+_0-1206_ARO:3000166_tet(B)	99.751	1206	3	0	4214	5419	1	1206	0.0	2211
NODE_534_length_6761_cov_17.9137	gb_BX664015.1_-_204137-204554_ARO:3000168_tet(D)	100.000	417	0	0	6213	6629	1	417	0.0	771
NODE_1076_length_4178_cov_144.819	gb_NC_012469.1_-_1800927-1802391_ARO:3000616_mel	100.000	1464	0	0	2444	3907	1	1464	0.0	2704
NODE_1076_length_4178_cov_144.819	gb_NC_023287.1_-_65291-66509_ARO:3000615_mefA	96.962	1218	37	0	1107	2324	1	1218	0.0	2045
NODE_1373_length_3542_cov_157.733	gb_CP007593.1_+_2148923-2149772_ARO:3001301_RlmA(II)	88.719	851	92	4	27	875	1	849	0.0	1037
NODE_1499_length_3297_cov_133.701	gb_NC_003098.1_+_866210-867410_ARO:3000822_pmrA	91.577	1021	86	0	2277	3297	1	1021	0.0	1410
NODE_2726_length_2087_cov_123.469	gb_CP007593.1_+_2148923-2149772_ARO:3001301_RlmA(II)	88.744	844	89	5	27	867	1	841	0.0	1027
NODE_2930_length_1965_cov_101.472	gb_NC_003098.1_+_866210-867410_ARO:3000822_pmrA	93.801	613	38	0	1	613	613	1	0.0	922
NODE_3060_length_1897_cov_27.0369	gb_AF472622_+_52-1018_ARO:3003003_CfxA3	99.896	966	1	0	863	1828	1	966	0.0	1779
NODE_3060_length_1897_cov_27.0369	gb_AY769933_+_0-966_ARO:3003005_CfxA4	99.793	966	2	0	863	1828	1	966	0.0	1773
NODE_3060_length_1897_cov_27.0369	gb_AF118110.1_-_71-1037_ARO:3003002_CfxA2	99.793	966	2	0	863	1828	1	966	0.0	1773
NODE_3060_length_1897_cov_27.0369	gb_AY769934_+_27-993_ARO:3003096_CfxA5	99.689	966	3	0	863	1828	1	966	0.0	1768
NODE_3060_length_1897_cov_27.0369	gb_U38243_+_149-1115_ARO:3003001_CfxA	99.689	966	3	0	863	1828	1	966	0.0	1768
NODE_3060_length_1897_cov_27.0369	gb_GQ342996_+_797-1793_ARO:3003097_CfxA6	89.337	966	100	3	859	1823	30	993	0.0	1210
NODE_3378_length_1753_cov_139.264	gb_CP007593.1_+_2148923-2149772_ARO:3001301_RlmA(II)	90.012	851	81	4	879	1727	849	1	0.0	1098
NODE_4535_length_1375_cov_61.1508	gb_NC_003098.1_+_866210-867410_ARO:3000822_pmrA	93.732	1021	64	0	1	1021	1021	1	0.0	1531
NODE_7243_length_950_cov_218.713	gb_NC_003098.1_-_1359228-1360395_ARO:3000025_patB	94.778	632	33	0	1	632	632	1	0.0	985
NODE_8299_length_854_cov_76.4093	gb_AM180355_+_600033-601953_ARO:3000186_tetM	100.000	55	0	0	1	55	1866	1920	2.12e-22	102
NODE_8334_length_851_cov_39.7588	gb_AM180355_+_600033-601953_ARO:3000186_tetM	100.000	55	0	0	1	55	1866	1920	2.11e-22	102
NODE_8546_length_836_cov_194.018	gb_NC_003098.1_+_866210-867410_ARO:3000822_pmrA	95.726	234	10	0	603	836	1200	967	3.08e-105	377
NODE_8807_length_816_cov_1.29698	gb_NC_003112.2_-_1791966-1795170_ARO:3000811_mtrD	85.539	816	116	2	1	815	1074	1888	0.0	852
NODE_9310_length_784_cov_30.1619	gb_NC_017452.1_-_1144673-1146068_ARO:3003953_hmrM	90.438	753	72	0	32	784	1395	643	0.0	992
NODE_10252_length_730_cov_8.22815	gb_AM180355_+_600033-601953_ARO:3000186_tetM	90.771	726	67	0	5	730	817	1542	0.0	970
NODE_10252_length_730_cov_8.22815	gb_L09756_+_0-1926_ARO:3000192_tetS	80.738	732	137	4	1	730	813	1542	1.48e-162	568
NODE_12625_length_632_cov_1.59272	gb_AY768531_+_0-1179_ARO:3000533_macA	86.256	633	85	2	1	632	128	759	0.0	686
NODE_13727_length_599_cov_249.16	gb_NC_003098.1_-_1359228-1360395_ARO:3000025_patB	94.658	599	32	0	1	599	632	34	0.0	929
NODE_14138_length_588_cov_26.5084	gb_NC_003098.1_-_1359228-1360395_ARO:3000025_patB	93.537	588	38	0	1	588	985	398	0.0	876
NODE_14295_length_584_cov_93.4234	gb_CP007593.1_+_2148923-2149772_ARO:3001301_RlmA(II)	89.060	585	60	4	1	583	838	256	0.0	723
NODE_14461_length_580_cov_285.168	gb_NC_003098.1_-_1359228-1360395_ARO:3000025_patB	92.827	237	17	0	344	580	1167	931	2.14e-95	344
NODE_16910_length_525_cov_1.44468	gb_M17124_+_1181-1982_ARO:3000498_ErmF	99.541	436	2	0	90	525	801	366	0.0	795
NODE_17851_length_508_cov_80.894	gb_NC_003098.1_+_866210-867410_ARO:3000822_pmrA	94.737	190	10	0	1	190	190	1	5.30e-81	296
NODE_18981_length_489_cov_59.3802	gb_NC_003098.1_-_1359228-1360395_ARO:3000025_patB	97.674	86	2	0	3	88	86	1	1.51e-36	148
NODE_20759_length_463_cov_92.4485	gb_NC_003098.1_+_866210-867410_ARO:3000822_pmrA	94.816	463	24	0	1	463	559	1021	0.0	723
NODE_20762_length_463_cov_10.8529	gb_NC_003098.1_-_1359228-1360395_ARO:3000025_patB	90.929	463	42	0	1	463	186	648	1.94e-179	623
NODE_21695_length_451_cov_15.5379	gb_NC_003098.1_-_1359228-1360395_ARO:3000025_patB	90.466	451	43	0	1	451	624	174	4.12e-171	595
NODE_22589_length_440_cov_16.3325	gb_NC_017452.1_-_1144673-1146068_ARO:3003953_hmrM	94.545	440	24	0	1	440	697	258	0.0	680
NODE_22590_length_440_cov_11.8026	gb_NC_017452.1_-_1144673-1146068_ARO:3003953_hmrM	95.227	440	21	0	1	440	258	697	0.0	697
NODE_24177_length_422_cov_1.48774	gb_HM990671_+_5192-6671_ARO:3003112_lsaC	93.046	417	29	0	6	422	734	318	1.37e-175	610
NODE_25679_length_408_cov_70.2096	gb_NC_003098.1_-_1359228-1360395_ARO:3000025_patB	93.137	408	28	0	1	408	578	985	2.87e-172	599
NODE_25683_length_408_cov_27.7252	gb_NC_003098.1_-_1359228-1360395_ARO:3000025_patB	92.157	408	32	0	1	408	985	578	1.34e-165	577
NODE_27702_length_390_cov_103.734	gb_NC_003098.1_-_1359228-1360395_ARO:3000025_patB	92.051	390	31	0	1	390	596	985	2.79e-157	549
NODE_27703_length_390_cov_26.0925	gb_NC_017452.1_-_1144673-1146068_ARO:3003953_hmrM	87.500	312	39	0	79	390	1	312	1.40e-100	361
NODE_28331_length_385_cov_4.2697	gb_NC_003098.1_+_866210-867410_ARO:3000822_pmrA	89.870	385	39	0	1	385	417	33	3.64e-141	496
NODE_30002_length_372_cov_1.60252	gb_AP006618.1_+_4835199-4838688_ARO:3000501_Nocardia	78.877	374	75	4	1	372	1443	1072	3.02e-67	250
NODE_33481_length_350_cov_4.71186	gb_NC_003098.1_-_1359228-1360395_ARO:3000025_patB	90.544	349	33	0	2	350	406	754	3.35e-131	462
NODE_35829_length_336_cov_0.822064	gb_AY768531_+_0-1179_ARO:3000533_macA	81.040	327	59	3	7	332	1106	782	1.62e-69	257
NODE_36160_length_335_cov_52.3321	gb_CP007593.1_+_2148923-2149772_ARO:3001301_RlmA(II)	88.997	309	34	0	27	335	1	309	2.56e-107	383
NODE_41414_length_309_cov_0.944882	gb_X95635_+_259-1663_ARO:3000812_mtrE	78.986	276	54	4	35	308	791	518	7.11e-48	185
NODE_43227_length_302_cov_1.06883	gb_AY768532_+_0-1935_ARO:3000535_macB	85.185	297	44	0	6	302	779	483	5.10e-84	305
NODE_43543_length_301_cov_96.9919	gb_NC_003098.1_-_1359228-1360395_ARO:3000025_patB	97.674	86	2	0	3	88	86	1	9.07e-37	148
NODE_45867_length_292_cov_1.7173	gb_AY768532_+_0-1935_ARO:3000535_macB	88.732	284	32	0	1	284	259	542	8.07e-97	348
NODE_47804_length_285_cov_1.16087	gb_NC_003098.1_-_1359228-1360395_ARO:3000025_patB	81.053	285	54	0	1	285	1104	820	1.07e-60	228
NODE_48102_length_284_cov_1.0655	gb_Z21523_+_0-1974_ARO:3000191_tetQ	98.913	276	3	0	1	276	1672	1397	9.50e-141	494
NODE_50897_length_276_cov_1.33032	gb_AY768532_+_0-1935_ARO:3000535_macB	83.032	277	45	2	1	276	540	815	2.20e-67	250
NODE_51396_length_274_cov_0.817352	gb_NC_014638.1_-_1610636-1613960_ARO:3003730_Bifidobacteria	81.325	166	29	2	30	194	1445	1609	2.30e-32	134
NODE_53028_length_270_cov_5.54884	gb_NC_017452.1_-_1144673-1146068_ARO:3003953_hmrM	95.455	264	12	0	1	264	637	374	4.31e-119	422
NODE_53530_length_268_cov_1.55869	gb_Z21523_+_0-1974_ARO:3000191_tetQ	99.254	268	2	0	1	268	119	386	5.37e-138	484
NODE_53740_length_268_cov_18.3897	gb_NC_003098.1_+_866210-867410_ARO:3000822_pmrA	91.045	268	24	0	1	268	449	182	2.63e-101	363
NODE_53798_length_267_cov_1.30189	gb_Z21523_+_0-1974_ARO:3000191_tetQ	97.004	267	8	0	1	267	897	631	1.95e-127	449
NODE_54348_length_266_cov_0.834123	gb_M18896.2_+_206-2126_ARO:3000190_tetO	99.624	266	1	0	1	266	841	576	1.48e-138	486
NODE_56706_length_260_cov_0.95122	gb_M18896.2_+_206-2126_ARO:3000190_tetO	100.000	260	0	0	1	260	1652	1911	6.73e-137	481
NODE_56706_length_260_cov_0.95122	gb_AJ295238.3_+_163-2083_ARO:3000196_tet32	100.000	260	0	0	1	260	1652	1911	6.73e-137	481
NODE_57164_length_259_cov_1.17157	gb_AY768532_+_0-1935_ARO:3000535_macB	85.385	260	33	4	1	259	1074	1329	7.34e-72	265
NODE_57930_length_257_cov_0.80198	gb_EU434751_+_658-2578_ARO:3000194_tetW	100.000	81	0	0	1	81	1840	1920	2.13e-37	150
NODE_60229_length_252_cov_1.84772	gb_NC_003112.2_-_1791966-1795170_ARO:3000811_mtrD	88.496	226	26	0	27	252	1916	1691	1.18e-74	274
NODE_60862_length_250_cov_0.94359	gb_AF319779.2_+_32-833_ARO:3000604_Erm(35)	100.000	52	0	0	199	250	1	52	2.73e-21	97.1
NODE_60862_length_250_cov_0.94359	gb_M17124_+_1181-1982_ARO:3000498_ErmF	100.000	52	0	0	199	250	1	52	2.73e-21	97.1
NODE_63355_length_245_cov_2.09474	gb_NC_003112.2_-_1791966-1795170_ARO:3000811_mtrD	90.654	214	20	0	1	214	1256	1043	5.31e-78	285
NODE_64624_length_243_cov_18.6543	gb_NC_003098.1_-_1359228-1360395_ARO:3000025_patB	92.181	243	19	0	1	243	602	844	8.55e-96	344
NODE_75544_length_223_cov_1.06548	gb_KX000272.1_+_0-1740_ARO:3004035_tetA(60)	92.342	222	17	0	1	222	993	1214	1.70e-87	316
NODE_77143_length_221_cov_1.40964	gb_AY768532_+_0-1935_ARO:3000535_macB	86.758	219	27	2	1	218	1190	973	2.89e-65	243
NODE_84311_length_211_cov_0.730769	gb_AF235050.4_+_38028-40140_ARO:3003318_Streptomyces	86.154	65	9	0	44	108	1961	1897	1.37e-13	71.3
NODE_84983_length_210_cov_0.664516	gb_AY768531_+_0-1179_ARO:3000533_macA	91.111	45	4	0	5	49	658	702	8.22e-11	62.1
NODE_88930_length_192_cov_21.1533	gb_NC_003098.1_-_1359228-1360395_ARO:3000025_patB	93.750	192	12	0	1	192	964	773	3.14e-79	289
NODE_89138_length_184_cov_14.3798	gb_NC_003098.1_+_866210-867410_ARO:3000822_pmrA	92.391	184	14	0	1	184	236	419	1.81e-71	263
NODE_90140_length_159_cov_4.03846	gb_NC_003098.1_+_866210-867410_ARO:3000822_pmrA	94.340	159	9	0	1	159	371	529	5.61e-66	244
NODE_90925_length_139_cov_17.1429	gb_NC_003098.1_+_866210-867410_ARO:3000822_pmrA	95.683	139	6	0	1	139	613	475	6.26e-60	224
NODE_91366_length_130_cov_34.52	gb_CP007593.1_+_2148923-2149772_ARO:3001301_RlmA(II)	85.827	127	18	0	1	127	173	299	2.79e-33	135
NODE_91477_length_128_cov_26.0822	gb_NC_003098.1_+_866210-867410_ARO:3000822_pmrA	93.701	127	8	0	1	127	589	463	5.77e-50	191
NODE_92268_length_114_cov_53.0678	gb_CP007593.1_+_2148923-2149772_ARO:3001301_RlmA(II)	98.182	55	1	0	60	114	838	784	1.13e-21	97.1
NODE_93245_length_101_cov_47.4783	gb_CP007593.1_+_2148923-2149772_ARO:3001301_RlmA(II)	98.485	66	1	0	1	66	784	849	7.47e-28	117
NODE_93804_length_93_cov_47.5263	gb_CP007593.1_+_2148923-2149772_ARO:3001301_RlmA(II)	95.652	92	3	1	1	92	515	605	8.60e-37	147
NODE_94821_length_79_cov_14.25	gb_NC_003098.1_+_866210-867410_ARO:3000822_pmrA	96.203	79	3	0	1	79	371	449	7.15e-32	130
NODE_96423_length_64_cov_29.3333	gb_NC_003098.1_+_866210-867410_ARO:3000822_pmrA	95.312	64	3	0	1	64	458	395	1.18e-23	102
NODE_97398_length_57_cov_25.5	gb_NC_003098.1_+_866210-867410_ARO:3000822_pmrA	98.246	57	1	0	1	57	430	374	3.58e-23	100
