NODE_13_length_39320_cov_45.6812	gb_NC_017452.1_-_1144673-1146068_ARO:3003953_hmrM	90.753	1395	129	0	37320	38714	1	1395	0.0	1862
NODE_193_length_11805_cov_90.4056	gb_NC_003098.1_-_1359228-1360395_ARO:3000025_patB	92.506	1161	87	0	2764	3924	1161	1	0.0	1663
NODE_320_length_8254_cov_95.561	gb_NC_003098.1_+_866210-867410_ARO:3000822_pmrA	90.870	1172	105	2	7084	8254	1	1171	0.0	1570
NODE_466_length_6593_cov_5.10584	gb_M18896.2_+_206-2126_ARO:3000190_tetO	99.792	1920	4	0	3796	5715	1920	1	0.0	3524
NODE_466_length_6593_cov_5.10584	gb_AJ295238.3_+_163-2083_ARO:3000196_tet32	94.465	831	46	0	3796	4626	1920	1090	0.0	1280
NODE_466_length_6593_cov_5.10584	gb_AJ295238.3_+_163-2083_ARO:3000196_tet32	91.919	396	32	0	5320	5715	396	1	1.06e-157	555
NODE_587_length_5515_cov_45.2392	gb_NC_012469.1_-_1800927-1802391_ARO:3000616_mel	100.000	1464	0	0	1608	3071	1464	1	0.0	2704
NODE_587_length_5515_cov_45.2392	gb_NC_023287.1_-_65291-66509_ARO:3000615_mefA	96.962	1218	37	0	3191	4408	1218	1	0.0	2045
NODE_1016_length_3602_cov_242.447	gb_CP007593.1_+_2148923-2149772_ARO:3001301_RlmA(II)	91.027	769	67	2	2835	3602	1	768	0.0	1037
NODE_1229_length_3044_cov_50.3433	gb_NC_017452.1_-_1144673-1146068_ARO:3003953_hmrM	90.753	1395	129	0	1044	2438	1	1395	0.0	1862
NODE_1533_length_2508_cov_28.6682	gb_NC_003098.1_+_866210-867410_ARO:3000822_pmrA	92.741	1171	85	0	1	1171	1171	1	0.0	1692
NODE_1764_length_2173_cov_170.416	gb_NC_003098.1_-_1359228-1360395_ARO:3000025_patB	93.638	1006	64	0	1	1006	1006	1	0.0	1504
NODE_1856_length_2068_cov_56.9314	gb_NC_003098.1_+_866210-867410_ARO:3000822_pmrA	95.132	1171	57	0	1	1171	1171	1	0.0	1847
NODE_2017_length_1930_cov_35.8848	gb_CP007593.1_+_2148923-2149772_ARO:3001301_RlmA(II)	88.471	850	96	2	984	1832	849	1	0.0	1026
NODE_4008_length_918_cov_1.89571	gb_Z21523_+_0-1974_ARO:3000191_tetQ	97.030	101	2	1	1	100	101	1	2.22e-42	169
NODE_4452_length_815_cov_1.35921	gb_HM990671_+_5192-6671_ARO:3003112_lsaC	90.061	815	81	0	1	815	34	848	0.0	1057
NODE_4878_length_748_cov_181.208	gb_CP007593.1_+_2148923-2149772_ARO:3001301_RlmA(II)	88.000	125	15	0	1	125	714	838	2.34e-36	148
NODE_5283_length_691_cov_3.16509	gb_CP007593.1_+_2148923-2149772_ARO:3001301_RlmA(II)	84.711	641	94	4	53	691	843	205	0.0	638
NODE_5354_length_684_cov_7.93323	gb_NC_003098.1_+_866210-867410_ARO:3000822_pmrA	94.298	684	39	0	1	684	470	1153	0.0	1048
NODE_5945_length_620_cov_1.15575	gb_AY768532_+_0-1935_ARO:3000535_macB	83.253	621	102	2	1	620	1931	1312	3.48e-163	569
NODE_6006_length_615_cov_188	gb_NC_003098.1_+_866210-867410_ARO:3000822_pmrA	98.810	84	1	0	1	84	1117	1200	5.33e-37	150
NODE_6285_length_590_cov_1.2972	gb_AM180355_+_600033-601953_ARO:3000186_tetM	88.718	585	66	0	4	588	1202	618	0.0	715
NODE_6285_length_590_cov_1.2972	gb_L09756_+_0-1926_ARO:3000192_tetS	76.817	578	124	9	16	588	1190	618	4.75e-87	316
NODE_6395_length_581_cov_0.990494	gb_Z21523_+_0-1974_ARO:3000191_tetQ	89.157	581	63	0	1	581	383	963	0.0	725
NODE_6753_length_554_cov_0.869739	gb_Z21523_+_0-1974_ARO:3000191_tetQ	95.638	298	13	0	257	554	1974	1677	5.37e-136	479
NODE_7128_length_529_cov_1.3481	gb_HM990671_+_5192-6671_ARO:3003112_lsaC	90.329	486	47	0	2	487	994	1479	0.0	638
NODE_7505_length_502_cov_1.10067	gb_AM180355_+_600033-601953_ARO:3000186_tetM	89.300	486	52	0	17	502	1	486	1.65e-175	610
NODE_7887_length_481_cov_1.30986	gb_AM180355_+_600033-601953_ARO:3000186_tetM	96.308	325	12	0	1	325	1596	1920	9.74e-153	534
NODE_8835_length_438_cov_91.9478	gb_CP007593.1_+_2148923-2149772_ARO:3001301_RlmA(II)	94.064	438	26	0	1	438	562	125	0.0	665
NODE_9343_length_420_cov_75.7753	gb_NC_003098.1_+_866210-867410_ARO:3000822_pmrA	96.023	176	7	0	1	176	176	1	2.61e-78	287
NODE_9685_length_409_cov_1.24294	gb_AY768531_+_0-1179_ARO:3000533_macA	84.672	411	55	7	2	408	1091	685	2.42e-113	403
NODE_9903_length_403_cov_22.2874	gb_NC_003098.1_+_866210-867410_ARO:3000822_pmrA	94.541	403	22	0	1	403	122	524	1.68e-179	623
NODE_11400_length_367_cov_3.35897	gb_NC_003098.1_-_1359228-1360395_ARO:3000025_patB	93.699	365	23	0	1	365	792	428	9.45e-157	547
NODE_11838_length_359_cov_73.5263	gb_NC_003098.1_-_1359228-1360395_ARO:3000025_patB	93.333	210	14	0	1	210	952	1161	1.32e-85	311
NODE_14157_length_320_cov_2.89811	gb_CP007593.1_+_2148923-2149772_ARO:3001301_RlmA(II)	85.492	193	28	0	1	193	193	1	7.33e-53	202
NODE_14687_length_312_cov_0.77821	gb_NC_002134.1_+_41537-42743_ARO:3000165_tet(A)	100.000	279	0	0	1	279	279	1	2.24e-147	516
NODE_14687_length_312_cov_0.77821	gb_AB089595_+_0-1206_ARO:3000166_tet(B)	99.642	279	1	0	1	279	279	1	1.04e-145	510
NODE_15109_length_307_cov_1.25	gb_NC_003112.2_+_329612-330767_ARO:3003961_farA	77.419	217	41	8	17	229	821	1033	5.62e-29	122
NODE_15355_length_304_cov_0.835341	gb_Z21523_+_0-1974_ARO:3000191_tetQ	91.118	304	27	0	1	304	1229	926	2.94e-116	412
NODE_16737_length_288_cov_1.03433	gb_Z21523_+_0-1974_ARO:3000191_tetQ	94.077	287	17	0	1	287	82	368	1.65e-123	436
NODE_17422_length_282_cov_22.3877	gb_NC_003098.1_+_866210-867410_ARO:3000822_pmrA	94.326	282	16	0	1	282	751	470	2.09e-122	433
NODE_22868_length_243_cov_0.87766	gb_AY768532_+_0-1935_ARO:3000535_macB	90.535	243	23	0	1	243	298	540	4.01e-89	322
NODE_24814_length_234_cov_1.05028	gb_NC_003112.2_-_1795181-1796420_ARO:3000810_mtrC	87.124	233	30	0	2	234	695	463	6.57e-72	265
NODE_25311_length_231_cov_0.767045	gb_AF472622_+_52-1018_ARO:3003003_CfxA3	100.000	231	0	0	1	231	232	462	7.81e-121	427
NODE_25311_length_231_cov_0.767045	gb_AY769934_+_27-993_ARO:3003096_CfxA5	100.000	231	0	0	1	231	232	462	7.81e-121	427
NODE_25311_length_231_cov_0.767045	gb_U38243_+_149-1115_ARO:3003001_CfxA	100.000	231	0	0	1	231	232	462	7.81e-121	427
NODE_25311_length_231_cov_0.767045	gb_AY769933_+_0-966_ARO:3003005_CfxA4	100.000	231	0	0	1	231	232	462	7.81e-121	427
NODE_25311_length_231_cov_0.767045	gb_AF118110.1_-_71-1037_ARO:3003002_CfxA2	100.000	231	0	0	1	231	232	462	7.81e-121	427
NODE_25311_length_231_cov_0.767045	gb_GQ342996_+_797-1793_ARO:3003097_CfxA6	88.496	226	26	0	2	227	266	491	1.08e-74	274
NODE_27596_length_222_cov_1.73054	gb_NC_017452.1_-_1144673-1146068_ARO:3003953_hmrM	94.545	165	9	0	3	167	1231	1395	3.73e-69	255
NODE_33854_length_111_cov_12.625	gb_NC_003098.1_+_866210-867410_ARO:3000822_pmrA	98.198	111	2	0	1	111	698	808	3.77e-51	195
