NODE_106_length_15795_cov_470.67	gb_CP007593.1_+_2148923-2149772_ARO:3001301_RlmA(II)	87.663	843	100	4	6462	7302	1	841	0.0	977
NODE_855_length_4750_cov_79.9016	gb_AM180355_+_600033-601953_ARO:3000186_tetM	90.945	762	69	0	1	762	1159	1920	0.0	1026
NODE_855_length_4750_cov_79.9016	gb_L09756_+_0-1926_ARO:3000192_tetS	82.330	764	124	11	4	761	1162	1920	0.0	652
NODE_1007_length_4286_cov_61.4623	gb_AM180355_+_600033-601953_ARO:3000186_tetM	87.634	1213	150	0	3074	4286	1	1213	0.0	1410
NODE_1007_length_4286_cov_61.4623	gb_L09756_+_0-1926_ARO:3000192_tetS	76.859	1197	261	14	3075	4263	2	1190	0.0	662
NODE_1446_length_3378_cov_3.51911	gb_M17124_+_1181-1982_ARO:3000498_ErmF	99.750	801	2	0	598	1398	1	801	0.0	1469
NODE_1446_length_3378_cov_3.51911	gb_AF319779.2_+_32-833_ARO:3000604_Erm(35)	78.643	796	166	3	598	1391	1	794	4.27e-149	525
NODE_1671_length_3080_cov_48.4294	gb_NC_012469.1_-_1800927-1802391_ARO:3000616_mel	99.932	1464	1	0	1605	3068	1464	1	0.0	2699
NODE_2502_length_2339_cov_47.5679	gb_NC_023287.1_-_65291-66509_ARO:3000615_mefA	96.962	1218	37	0	16	1233	1218	1	0.0	2045
NODE_2949_length_2052_cov_72.1943	gb_NC_017452.1_-_1144673-1146068_ARO:3003953_hmrM	91.398	1395	120	0	207	1601	1	1395	0.0	1912
NODE_3582_length_1758_cov_334.295	gb_NC_003098.1_+_866210-867410_ARO:3000822_pmrA	93.667	1200	76	0	556	1755	1200	1	0.0	1796
NODE_4339_length_1507_cov_369.541	gb_NC_003098.1_-_1359228-1360395_ARO:3000025_patB	94.578	332	18	0	1176	1507	1	332	4.09e-146	514
NODE_4398_length_1491_cov_268.185	gb_NC_003098.1_+_866210-867410_ARO:3000822_pmrA	98.077	52	1	0	1	52	52	1	8.09e-19	91.6
NODE_6083_length_1136_cov_27.7567	gb_AM180355_+_600033-601953_ARO:3000186_tetM	98.535	273	4	0	864	1136	941	1213	8.66e-137	483
NODE_6159_length_1124_cov_6.90271	gb_AF472622_+_52-1018_ARO:3003003_CfxA3	99.896	966	1	0	61	1026	1	966	0.0	1779
NODE_6159_length_1124_cov_6.90271	gb_AY769933_+_0-966_ARO:3003005_CfxA4	99.793	966	2	0	61	1026	1	966	0.0	1773
NODE_6159_length_1124_cov_6.90271	gb_AF118110.1_-_71-1037_ARO:3003002_CfxA2	99.793	966	2	0	61	1026	1	966	0.0	1773
NODE_6159_length_1124_cov_6.90271	gb_AY769934_+_27-993_ARO:3003096_CfxA5	99.689	966	3	0	61	1026	1	966	0.0	1768
NODE_6159_length_1124_cov_6.90271	gb_U38243_+_149-1115_ARO:3003001_CfxA	99.689	966	3	0	61	1026	1	966	0.0	1768
NODE_6159_length_1124_cov_6.90271	gb_GQ342996_+_797-1793_ARO:3003097_CfxA6	89.337	966	100	3	57	1021	30	993	0.0	1210
NODE_7580_length_938_cov_23.564	gb_CP007593.1_+_2148923-2149772_ARO:3001301_RlmA(II)	93.785	354	20	2	586	938	849	497	2.51e-151	531
NODE_7945_length_898_cov_356.042	gb_NC_003098.1_-_1359228-1360395_ARO:3000025_patB	90.582	584	55	0	315	898	1161	578	0.0	774
NODE_8559_length_838_cov_10.7369	gb_NC_003098.1_+_866210-867410_ARO:3000822_pmrA	93.914	838	51	0	1	838	849	12	0.0	1266
NODE_9751_length_746_cov_13.9682	gb_CP007593.1_+_2148923-2149772_ARO:3001301_RlmA(II)	90.368	353	34	0	394	746	849	497	2.04e-131	464
NODE_12176_length_610_cov_4.67387	gb_NC_003098.1_+_866210-867410_ARO:3000822_pmrA	92.574	606	45	0	1	606	12	617	0.0	870
NODE_13661_length_551_cov_1.5746	gb_Z21523_+_0-1974_ARO:3000191_tetQ	99.456	551	3	0	1	551	595	45	0.0	1002
NODE_13749_length_549_cov_23.7632	gb_NC_003098.1_-_1359228-1360395_ARO:3000025_patB	91.803	549	45	0	1	549	632	84	0.0	765
NODE_14685_length_517_cov_4.25758	gb_NC_003098.1_+_866210-867410_ARO:3000822_pmrA	93.037	517	36	0	1	517	630	1146	0.0	756
NODE_18160_length_432_cov_8.77454	gb_NC_003098.1_-_1359228-1360395_ARO:3000025_patB	93.370	181	12	0	1	181	981	1161	9.75e-73	268
NODE_18885_length_418_cov_1.26171	gb_Z21523_+_0-1974_ARO:3000191_tetQ	98.804	418	5	0	1	418	1446	1863	0.0	745
NODE_20600_length_391_cov_3.05357	gb_NC_003098.1_-_1359228-1360395_ARO:3000025_patB	93.862	391	24	0	1	391	684	1074	1.65e-169	590
NODE_22117_length_369_cov_2.1879	gb_CP007593.1_+_2148923-2149772_ARO:3001301_RlmA(II)	88.919	370	39	2	1	369	636	268	5.93e-129	455
NODE_23312_length_355_cov_302.35	gb_NC_003098.1_-_1359228-1360395_ARO:3000025_patB	93.803	355	22	0	1	355	632	278	7.10e-153	534
NODE_27035_length_316_cov_18.9425	gb_NC_003098.1_-_1359228-1360395_ARO:3000025_patB	92.405	316	24	0	1	316	648	333	6.50e-128	451
NODE_29195_length_297_cov_1.52893	gb_CP007593.1_+_2148923-2149772_ARO:3001301_RlmA(II)	93.590	78	5	0	1	78	764	841	2.52e-27	117
NODE_30494_length_288_cov_38.0129	gb_NC_003098.1_+_866210-867410_ARO:3000822_pmrA	98.077	52	1	0	237	288	1	52	1.48e-19	91.6
NODE_33167_length_271_cov_21.4537	gb_NC_003098.1_-_1359228-1360395_ARO:3000025_patB	91.444	187	16	0	1	187	981	1167	1.29e-69	257
NODE_36711_length_252_cov_2.51269	gb_AM180355_+_600033-601953_ARO:3000186_tetM	97.619	252	6	0	1	252	1541	1290	1.85e-122	433
NODE_37749_length_247_cov_0.90625	gb_BX664015.1_-_204137-204554_ARO:3000168_tet(D)	100.000	76	0	0	1	76	76	1	1.23e-34	141
NODE_38577_length_243_cov_0.803191	gb_AY768531_+_0-1179_ARO:3000533_macA	86.864	236	31	0	8	243	92	327	6.85e-72	265
NODE_41775_length_231_cov_26.8295	gb_CP007593.1_+_2148923-2149772_ARO:3001301_RlmA(II)	85.714	231	33	0	1	231	78	308	8.44e-66	244
NODE_48032_length_210_cov_30.5871	gb_CP007593.1_+_2148923-2149772_ARO:3001301_RlmA(II)	90.476	210	20	0	1	210	342	551	7.50e-76	278
NODE_49516_length_202_cov_20.0544	gb_NC_012469.1_-_1800927-1802391_ARO:3000616_mel	100.000	43	0	0	160	202	1	43	2.17e-16	80.5
NODE_50044_length_171_cov_53.3448	gb_NC_003098.1_-_1359228-1360395_ARO:3000025_patB	91.813	171	14	0	1	171	448	278	2.81e-64	239
NODE_52338_length_103_cov_26.8542	gb_NC_012469.1_-_1800927-1802391_ARO:3000616_mel	100.000	43	0	0	61	103	1	43	1.00e-16	80.5
