NODE_22_length_183177_cov_8.22938	gb_AY768532_+_0-1935_ARO:3000535_macB	97.059	34	0	1	173384	173416	422	455	3.65e-06	56.5
NODE_35_length_125987_cov_37.2186	gb_X53401_+_0-1992_ARO:3002891_otr(A)	95.000	40	2	0	24032	24071	243	204	1.50e-08	63.9
NODE_199_length_56233_cov_20.1374	gb_AF540889_+_0-327_ARO:3002871_tet37	99.550	222	1	0	48070	48291	222	1	9.69e-112	405
NODE_593_length_28423_cov_91.0227	gb_AF235050.4_+_38028-40140_ARO:3003318_Streptomyces	76.836	354	74	7	22583	22932	76	425	4.15e-48	193
NODE_633_length_27165_cov_9.3751	gb_HM990671_+_5192-6671_ARO:3003112_lsaC	95.339	901	38	4	1	899	581	1479	0.0	1428
NODE_941_length_20957_cov_91.7145	gb_AF235050.4_+_38028-40140_ARO:3003318_Streptomyces	77.586	348	70	6	13483	13826	76	419	1.41e-51	204
NODE_2488_length_10748_cov_9.28514	gb_HM990671_+_5192-6671_ARO:3003112_lsaC	96.875	32	1	0	4385	4416	452	421	7.72e-07	54.7
NODE_3201_length_9022_cov_16.8908	gb_AY768532_+_0-1935_ARO:3000535_macB	81.089	1946	349	16	4805	6742	1935	1	0.0	1537
NODE_3286_length_8833_cov_31.2191	gb_HM990671_+_5192-6671_ARO:3003112_lsaC	95.673	1479	64	0	4693	6171	1	1479	0.0	2377
NODE_5520_length_6051_cov_229.806	gb_M17124_+_1181-1982_ARO:3000498_ErmF	99.750	801	2	0	5181	5981	1	801	0.0	1469
NODE_5520_length_6051_cov_229.806	gb_AF319779.2_+_32-833_ARO:3000604_Erm(35)	78.643	796	166	3	5181	5974	1	794	7.66e-149	525
NODE_6211_length_5540_cov_5.36317	gb_KC539823_+_1017-2586_ARO:3002829_vgaA	100.000	28	0	0	1973	2000	1223	1250	1.43e-06	52.8
NODE_6211_length_5540_cov_5.36317	gb_DQ823382_+_0-1569_ARO:3002830_vgaALC	100.000	28	0	0	1973	2000	1223	1250	1.43e-06	52.8
NODE_6257_length_5511_cov_315.53	gb_NC_012469.1_-_1800927-1802391_ARO:3000616_mel	100.000	1464	0	0	2444	3907	1	1464	0.0	2704
NODE_6257_length_5511_cov_315.53	gb_NC_023287.1_-_65291-66509_ARO:3000615_mefA	96.962	1218	37	0	1107	2324	1	1218	0.0	2045
NODE_6443_length_5372_cov_16.2125	gb_AY768532_+_0-1935_ARO:3000535_macB	80.987	1946	351	16	1156	3093	1935	1	0.0	1526
NODE_7229_length_4894_cov_45.0273	gb_CP007593.1_+_2148923-2149772_ARO:3001301_RlmA(II)	84.179	847	122	11	1186	2026	841	1	0.0	811
NODE_9169_length_4035_cov_28.7573	gb_AM180355_+_600033-601953_ARO:3000186_tetM	100.000	42	0	0	3994	4035	1920	1879	1.72e-14	78.7
NODE_9666_length_3863_cov_187.357	gb_AP006618.1_+_4835199-4838688_ARO:3000501_Nocardia	86.527	334	41	4	2863	3194	3299	2968	1.13e-100	364
NODE_9834_length_3799_cov_13.3411	gb_KX000272.1_+_0-1740_ARO:3004035_tetA(60)	88.706	1638	183	2	1	1637	104	1740	0.0	1999
NODE_9834_length_3799_cov_13.3411	gb_KX000273.1_+_0-1740_ARO:3004036_tetB(60)	85.657	1743	244	5	1634	3373	1	1740	0.0	1829
NODE_9923_length_3767_cov_130.02	gb_HQ652506.1_+_373-2098_ARO:3004032_tetA(46)	95.478	1725	78	0	302	2026	1	1725	0.0	2754
NODE_9923_length_3767_cov_130.02	gb_HQ652506.1_+_2099-3836_ARO:3004033_tetB(46)	93.206	1722	115	2	2028	3748	1	1721	0.0	2531
NODE_10532_length_3577_cov_9.00795	gb_NC_003098.1_+_866210-867410_ARO:3000822_pmrA	93.083	1200	83	0	904	2103	1200	1	0.0	1757
NODE_10582_length_3563_cov_8.7557	gb_AP009048_+_2810082-2811255_ARO:3000027_emrA	74.661	221	51	5	2654	2871	968	750	5.41e-19	93.5
NODE_11795_length_3229_cov_3.62413	gb_NC_003098.1_-_1359228-1360395_ARO:3000025_patB	92.419	277	21	0	1	277	885	1161	3.34e-110	396
NODE_12261_length_3116_cov_22.8278	gb_M18896.2_+_206-2126_ARO:3000190_tetO	99.219	1920	15	0	398	2317	1920	1	0.0	3463
NODE_12261_length_3116_cov_22.8278	gb_AJ295238.3_+_163-2083_ARO:3000196_tet32	93.863	831	51	0	398	1228	1920	1090	0.0	1253
NODE_12261_length_3116_cov_22.8278	gb_AJ295238.3_+_163-2083_ARO:3000196_tet32	91.162	396	35	0	1922	2317	396	1	5.05e-153	538
NODE_12995_length_2957_cov_5.40937	gb_HM990671_+_5192-6671_ARO:3003112_lsaC	97.403	77	2	0	2881	2957	1479	1403	9.51e-31	132
NODE_13149_length_2924_cov_162.487	gb_Z21523_+_0-1974_ARO:3000191_tetQ	97.366	1974	52	0	428	2401	1974	1	0.0	3358
NODE_14047_length_2752_cov_3.03522	gb_AY768531_+_0-1179_ARO:3000533_macA	84.120	1102	162	11	1267	2363	77	1170	0.0	1053
NODE_14047_length_2752_cov_3.03522	gb_AY768532_+_0-1935_ARO:3000535_macB	90.526	285	27	0	2464	2748	1	285	1.03e-104	377
NODE_14739_length_2625_cov_18.0331	gb_NC_003112.2_-_1791966-1795170_ARO:3000811_mtrD	81.224	1438	254	12	1	1430	1747	3176	0.0	1146
NODE_15033_length_2572_cov_24.9674	gb_NC_003112.2_+_329612-330767_ARO:3003961_farA	73.123	919	223	22	1303	2209	1033	127	1.28e-83	307
NODE_16113_length_2408_cov_3.8691	gb_NC_003098.1_-_1359228-1360395_ARO:3000025_patB	93.040	1135	79	0	1	1135	1135	1	0.0	1659
NODE_16237_length_2389_cov_3.67009	gb_NC_003112.2_+_330790-332317_ARO:3003962_farB	75.365	1506	340	26	860	2351	39	1527	0.0	697
NODE_16553_length_2347_cov_28.1702	gb_AJ295238.3_+_163-2083_ARO:3000196_tet32	87.975	1921	211	19	427	2337	1	1911	0.0	2250
NODE_16846_length_2306_cov_25.7876	gb_HM990671_+_5192-6671_ARO:3003112_lsaC	91.835	1041	85	0	1266	2306	1	1041	0.0	1452
NODE_17290_length_2249_cov_23.2033	gb_CP007593.1_+_2148923-2149772_ARO:3001301_RlmA(II)	84.652	847	122	8	992	1834	1	843	0.0	837
NODE_18596_length_2086_cov_696.874	gb_EU434751_+_658-2578_ARO:3000194_tetW	99.944	1798	1	0	1	1798	1798	1	0.0	3315
NODE_18596_length_2086_cov_696.874	gb_KU736867.1_+_19653-21573_ARO:3004442_tet(W/N/W)	96.774	1798	58	0	1	1798	1798	1	0.0	3000
NODE_19120_length_2027_cov_56.61	gb_AF235050.4_+_38028-40140_ARO:3003318_Streptomyces	73.909	1192	237	55	132	1295	1188	43	7.45e-115	411
NODE_19721_length_1961_cov_3.95173	gb_AF242872_+_2131-2878_ARO:3000375_ErmB	99.063	747	6	1	185	930	1	747	0.0	1339
NODE_20079_length_1923_cov_11.5091	gb_CP007593.1_+_2148923-2149772_ARO:3001301_RlmA(II)	84.841	851	125	4	1031	1879	849	1	0.0	854
NODE_21117_length_1819_cov_19.86	gb_HM990671_+_5192-6671_ARO:3003112_lsaC	93.915	493	30	0	1	493	987	1479	0.0	745
NODE_21744_length_1760_cov_29.1806	gb_CP007593.1_+_2148923-2149772_ARO:3001301_RlmA(II)	84.615	845	122	7	663	1503	1	841	0.0	833
NODE_21970_length_1740_cov_4.42315	gb_CP007593.1_+_2148923-2149772_ARO:3001301_RlmA(II)	89.294	850	89	2	44	892	1	849	0.0	1064
NODE_22549_length_1692_cov_22.0776	gb_KX000272.1_+_0-1740_ARO:3004035_tetA(60)	93.671	158	10	0	1535	1692	1	158	1.12e-62	237
NODE_23872_length_1586_cov_180.915	gb_AF472622_+_52-1018_ARO:3003003_CfxA3	100.000	966	0	0	570	1535	966	1	0.0	1784
NODE_23872_length_1586_cov_180.915	gb_AY769933_+_0-966_ARO:3003005_CfxA4	99.896	966	1	0	570	1535	966	1	0.0	1779
NODE_23872_length_1586_cov_180.915	gb_AF118110.1_-_71-1037_ARO:3003002_CfxA2	99.896	966	1	0	570	1535	966	1	0.0	1779
NODE_23872_length_1586_cov_180.915	gb_AY769934_+_27-993_ARO:3003096_CfxA5	99.793	966	2	0	570	1535	966	1	0.0	1773
NODE_23872_length_1586_cov_180.915	gb_U38243_+_149-1115_ARO:3003001_CfxA	99.793	966	2	0	570	1535	966	1	0.0	1773
NODE_23872_length_1586_cov_180.915	gb_GQ342996_+_797-1793_ARO:3003097_CfxA6	89.234	966	101	3	575	1539	993	30	0.0	1205
NODE_24264_length_1560_cov_3.58206	gb_CP001050.1_+_1332866-1333499_ARO:3000817_mtrR	79.690	581	108	7	445	1020	1	576	5.72e-115	411
NODE_24756_length_1525_cov_65.0537	gb_AM180355_+_600033-601953_ARO:3000186_tetM	90.711	1195	111	0	331	1525	1	1195	0.0	1592
NODE_24756_length_1525_cov_65.0537	gb_L09756_+_0-1926_ARO:3000192_tetS	76.672	1196	265	12	332	1520	2	1190	0.0	651
NODE_29101_length_1262_cov_2.76305	gb_KX000272.1_+_0-1740_ARO:3004035_tetA(60)	87.648	1263	154	2	1	1262	1475	214	0.0	1467
NODE_30365_length_1201_cov_7.58464	gb_CP007593.1_+_2148923-2149772_ARO:3001301_RlmA(II)	84.379	845	128	4	154	996	843	1	0.0	826
NODE_30788_length_1183_cov_23.8511	gb_AF235050.4_+_38028-40140_ARO:3003318_Streptomyces	81.195	452	81	4	389	838	492	43	4.41e-100	361
NODE_31051_length_1170_cov_3.7426	gb_AY768532_+_0-1935_ARO:3000535_macB	87.404	1167	138	7	7	1170	1656	496	0.0	1332
NODE_31395_length_1157_cov_4.16334	gb_KX000272.1_+_0-1740_ARO:3004035_tetA(60)	91.530	1157	98	0	1	1157	486	1642	0.0	1594
NODE_33379_length_1078_cov_46.0088	gb_HM990671_+_5192-6671_ARO:3003112_lsaC	93.599	1078	69	0	1	1078	233	1310	0.0	1609
NODE_33535_length_1072_cov_44.9204	gb_NC_014638.1_-_1610636-1613960_ARO:3003730_Bifidobacteria	76.401	339	65	11	1	336	283	609	2.60e-42	169
NODE_34266_length_1046_cov_14.9051	gb_HM990671_+_5192-6671_ARO:3003112_lsaC	95.671	231	10	0	816	1046	2	232	1.80e-103	372
NODE_35028_length_1020_cov_2.31606	gb_AY768532_+_0-1935_ARO:3000535_macB	95.652	46	2	0	28	73	473	428	5.53e-14	75.0
NODE_37936_length_927_cov_544.414	gb_EU434751_+_658-2578_ARO:3000194_tetW	100.000	177	0	0	751	927	1920	1744	3.49e-90	327
NODE_38909_length_899_cov_5.51066	gb_HM990671_+_5192-6671_ARO:3003112_lsaC	89.799	647	66	0	253	899	1479	833	0.0	830
NODE_39485_length_883_cov_4.57367	gb_HM990671_+_5192-6671_ARO:3003112_lsaC	90.851	623	57	0	261	883	1479	857	0.0	835
NODE_41764_length_829_cov_5.11628	gb_HM990671_+_5192-6671_ARO:3003112_lsaC	94.792	96	5	0	734	829	1479	1384	7.24e-37	150
NODE_44023_length_779_cov_4.94751	gb_HQ652506.1_+_2099-3836_ARO:3004033_tetB(46)	87.436	780	96	2	1	779	612	1390	0.0	896
NODE_44551_length_768_cov_4.72791	gb_KX000273.1_+_0-1740_ARO:3004036_tetB(60)	86.921	734	96	0	1	734	734	1	0.0	824
NODE_44567_length_768_cov_6.02525	gb_AP006618.1_+_4835199-4838688_ARO:3000501_Nocardia	84.857	350	49	4	115	462	2968	3315	6.15e-97	350
NODE_46937_length_723_cov_4.62725	gb_HM990671_+_5192-6671_ARO:3003112_lsaC	86.616	396	53	0	328	723	1	396	1.20e-123	438
NODE_50880_length_660_cov_11.443	gb_NC_003112.2_-_1791966-1795170_ARO:3000811_mtrD	84.235	647	102	0	1	647	1142	1788	0.0	630
NODE_50881_length_660_cov_12.043	gb_NC_003112.2_-_1791966-1795170_ARO:3000811_mtrD	84.080	647	103	0	14	660	1788	1142	7.81e-180	625
NODE_52785_length_634_cov_69.0553	gb_HM990671_+_5192-6671_ARO:3003112_lsaC	99.211	634	5	0	1	634	1457	824	0.0	1144
NODE_56651_length_587_cov_5.57143	gb_CP007593.1_+_2148923-2149772_ARO:3001301_RlmA(II)	87.523	545	66	2	44	587	1	544	0.0	628
NODE_63541_length_518_cov_1.85529	gb_AF024666.2_-_2207-2969_ARO:3000596_ErmX	92.157	255	20	0	264	518	1	255	1.89e-100	361
NODE_66148_length_496_cov_54.6712	gb_AM180355_+_600033-601953_ARO:3000186_tetM	97.308	483	13	0	14	496	1920	1438	0.0	821
NODE_66841_length_490_cov_7.57471	gb_HM990671_+_5192-6671_ARO:3003112_lsaC	93.878	490	30	0	1	490	878	389	0.0	739
NODE_70826_length_460_cov_3.37037	gb_KX000272.1_+_0-1740_ARO:3004035_tetA(60)	90.652	460	43	0	1	460	104	563	4.18e-176	612
NODE_73057_length_446_cov_39.1765	gb_KU736867.1_+_19653-21573_ARO:3004442_tet(W/N/W)	95.238	105	5	0	342	446	1	105	3.78e-42	167
NODE_73057_length_446_cov_39.1765	gb_EU434751_+_658-2578_ARO:3000194_tetW	95.238	105	5	0	342	446	1	105	3.78e-42	167
NODE_74329_length_437_cov_6.77225	gb_CP007593.1_+_2148923-2149772_ARO:3001301_RlmA(II)	96.522	115	4	0	1	115	727	841	2.20e-49	191
NODE_77413_length_419_cov_5.32967	gb_KX000273.1_+_0-1740_ARO:3004036_tetB(60)	91.830	306	25	0	112	417	1740	1435	1.47e-120	427
NODE_83331_length_389_cov_1.11976	gb_NC_017452.1_-_1144673-1146068_ARO:3003953_hmrM	86.111	72	10	0	1	72	547	618	1.58e-15	78.7
NODE_84119_length_385_cov_4.23939	gb_KX000273.1_+_0-1740_ARO:3004036_tetB(60)	84.881	377	57	0	9	385	1056	680	1.06e-106	381
NODE_85034_length_381_cov_1.40798	gb_NC_000913.3_+_3219493-3220873_ARO:3000024_patA	81.443	97	18	0	152	248	768	864	4.30e-16	80.5
NODE_85774_length_378_cov_13.5263	gb_HM990671_+_5192-6671_ARO:3003112_lsaC	93.785	177	11	0	1	177	1303	1479	3.05e-72	267
NODE_85872_length_378_cov_4.06502	gb_HM990671_+_5192-6671_ARO:3003112_lsaC	91.914	371	28	2	9	378	941	1310	7.62e-148	518
NODE_88812_length_366_cov_2.22186	gb_CP007593.1_+_2148923-2149772_ARO:3001301_RlmA(II)	87.363	364	40	6	6	366	181	541	3.59e-116	412
NODE_92815_length_352_cov_30.7845	gb_AM180355_+_600033-601953_ARO:3000186_tetM	92.614	352	26	0	1	352	1141	1492	1.53e-144	507
NODE_92815_length_352_cov_30.7845	gb_L09756_+_0-1926_ARO:3000192_tetS	83.237	346	58	0	7	352	1147	1492	7.72e-88	318
NODE_92817_length_352_cov_27.1818	gb_AM180355_+_600033-601953_ARO:3000186_tetM	96.875	352	11	0	1	352	1141	1492	1.48e-169	590
NODE_93701_length_349_cov_3.70068	gb_KX000273.1_+_0-1740_ARO:3004036_tetB(60)	90.202	347	34	0	3	349	1141	1487	2.01e-128	453
NODE_98545_length_334_cov_2.55556	gb_AP009048_+_2810082-2811255_ARO:3000027_emrA	78.195	133	29	0	191	323	859	991	8.06e-18	86.1
NODE_99590_length_331_cov_10.6341	gb_HM990671_+_5192-6671_ARO:3003112_lsaC	93.333	330	22	0	2	331	766	1095	5.21e-139	488
NODE_102605_length_321_cov_2.59023	gb_AM180355_+_600033-601953_ARO:3000186_tetM	98.492	199	3	0	1	199	1713	1911	6.90e-98	351
NODE_106645_length_309_cov_1.09449	gb_U57969_+_1485-4617_ARO:3000801_MexD	86.957	69	9	0	30	98	2839	2771	1.24e-15	78.7
NODE_109814_length_301_cov_4.76829	gb_HM990671_+_5192-6671_ARO:3003112_lsaC	89.241	158	17	0	4	161	158	1	8.88e-52	198
NODE_112888_length_293_cov_1.47059	gb_NC_003098.1_-_1359228-1360395_ARO:3000025_patB	91.103	281	25	0	10	290	653	373	7.98e-107	381
NODE_113328_length_292_cov_5.19831	gb_CP007593.1_+_2148923-2149772_ARO:3001301_RlmA(II)	90.444	293	26	2	1	292	781	490	6.15e-108	385
NODE_114716_length_288_cov_1.54506	gb_HQ652506.1_+_2099-3836_ARO:3004033_tetB(46)	87.847	288	35	0	1	288	1695	1408	4.78e-94	339
NODE_114974_length_288_cov_37.3219	gb_HM990671_+_5192-6671_ARO:3003112_lsaC	97.727	44	1	0	245	288	1479	1436	4.14e-15	76.8
NODE_118032_length_281_cov_0.672566	gb_NC_003098.1_-_1359228-1360395_ARO:3000025_patB	94.662	281	15	0	1	281	601	881	1.61e-123	436
NODE_120335_length_276_cov_2.69231	gb_KX000272.1_+_0-1740_ARO:3004035_tetA(60)	87.952	249	30	0	26	274	1740	1492	1.00e-80	294
NODE_121327_length_274_cov_2.58447	gb_U00096_+_2812615-2814154_ARO:3000074_emrB	73.260	273	65	7	1	269	1197	929	3.90e-20	93.5
NODE_121998_length_273_cov_38.0459	gb_HM990671_+_5192-6671_ARO:3003112_lsaC	100.000	232	0	0	42	273	1	232	2.60e-121	429
NODE_124675_length_268_cov_61.446	gb_HM990671_+_5192-6671_ARO:3003112_lsaC	100.000	268	0	0	1	268	368	635	2.48e-141	496
NODE_125735_length_266_cov_2.76303	gb_KX000272.1_+_0-1740_ARO:3004035_tetA(60)	90.840	262	24	0	1	262	1052	1313	5.64e-98	351
NODE_131474_length_256_cov_36.0498	gb_HM990671_+_5192-6671_ARO:3003112_lsaC	97.674	129	3	0	1	129	1351	1479	4.43e-59	222
NODE_133256_length_253_cov_54.6667	gb_EU434751_+_658-2578_ARO:3000194_tetW	95.266	169	6	2	86	253	1911	1744	1.99e-72	267
NODE_138618_length_245_cov_148.374	gb_HM990671_+_5192-6671_ARO:3003112_lsaC	98.367	245	4	0	1	245	422	178	6.44e-122	431
NODE_141411_length_241_cov_1.53763	gb_CP007593.1_+_2148923-2149772_ARO:3001301_RlmA(II)	92.116	241	19	0	1	241	314	74	1.10e-94	340
NODE_144243_length_237_cov_0.884615	gb_NC_003098.1_-_1359228-1360395_ARO:3000025_patB	97.561	41	1	0	197	237	1	41	1.56e-13	71.3
NODE_147550_length_233_cov_15.2191	gb_AM180355_+_600033-601953_ARO:3000186_tetM	100.000	42	0	0	1	42	1879	1920	9.15e-16	78.7
NODE_148948_length_231_cov_5.15341	gb_KX000273.1_+_0-1740_ARO:3004036_tetB(60)	83.983	231	37	0	1	231	910	680	3.96e-59	222
NODE_151991_length_227_cov_1.73256	gb_CP007593.1_+_2148923-2149772_ARO:3001301_RlmA(II)	82.386	176	31	0	52	227	841	666	1.44e-38	154
NODE_155886_length_223_cov_37.9881	gb_HM990671_+_5192-6671_ARO:3003112_lsaC	96.861	223	7	0	1	223	389	611	9.93e-105	374
NODE_155916_length_223_cov_77.5	gb_HM990671_+_5192-6671_ARO:3003112_lsaC	96.413	223	8	0	1	223	232	10	4.62e-103	368
NODE_156642_length_222_cov_2	gb_NC_003098.1_+_866210-867410_ARO:3000822_pmrA	94.037	218	13	0	4	221	920	703	6.03e-92	331
NODE_159381_length_219_cov_1.14024	gb_NC_003098.1_-_1359228-1360395_ARO:3000025_patB	89.041	219	24	0	1	219	369	151	3.65e-74	272
NODE_160253_length_218_cov_4.76687	gb_HM990671_+_5192-6671_ARO:3003112_lsaC	92.202	218	17	0	1	218	824	1041	2.77e-85	309
NODE_160523_length_217_cov_2.7716	gb_AM180355_+_600033-601953_ARO:3000186_tetM	97.235	217	6	0	1	217	568	352	4.48e-103	368
NODE_161500_length_216_cov_1.67702	gb_KX000272.1_+_0-1740_ARO:3004035_tetA(60)	88.095	210	25	0	1	210	452	243	1.69e-67	250
NODE_168113_length_209_cov_1.16883	gb_KX531049.1_+_0-1947_ARO:3003986_TaeA	86.154	65	9	0	75	139	1427	1363	1.36e-13	71.3
NODE_169891_length_208_cov_1.9085	gb_NC_003098.1_-_1359228-1360395_ARO:3000025_patB	90.777	206	19	0	2	207	665	460	2.67e-75	276
NODE_172589_length_203_cov_37.9865	gb_HM990671_+_5192-6671_ARO:3003112_lsaC	95.074	203	10	0	1	203	1467	1265	1.18e-88	320
NODE_174244_length_192_cov_3.79562	gb_HM990671_+_5192-6671_ARO:3003112_lsaC	96.429	56	2	0	137	192	1	56	2.64e-20	93.5
NODE_174581_length_190_cov_11.5926	gb_HM990671_+_5192-6671_ARO:3003112_lsaC	97.727	44	1	0	1	44	1436	1479	2.63e-15	76.8
NODE_174708_length_190_cov_163.43	gb_HM990671_+_5192-6671_ARO:3003112_lsaC	97.895	190	4	0	1	190	422	233	1.83e-91	329
NODE_176762_length_179_cov_31.9113	gb_HM990671_+_5192-6671_ARO:3003112_lsaC	100.000	179	0	0	1	179	683	861	4.75e-92	331
NODE_176895_length_178_cov_4.9187	gb_HM990671_+_5192-6671_ARO:3003112_lsaC	98.182	55	1	0	1	55	56	2	1.87e-21	97.1
NODE_181668_length_156_cov_3.0297	gb_CP007593.1_+_2148923-2149772_ARO:3001301_RlmA(II)	91.026	156	14	0	1	156	541	386	5.57e-56	211
NODE_182199_length_154_cov_21.0202	gb_HM990671_+_5192-6671_ARO:3003112_lsaC	95.455	154	7	0	1	154	602	449	1.50e-66	246
NODE_185737_length_140_cov_20.1059	gb_HM990671_+_5192-6671_ARO:3003112_lsaC	98.438	64	1	0	1	64	64	1	1.43e-26	113
NODE_186142_length_138_cov_4.16867	gb_KX000273.1_+_0-1740_ARO:3004036_tetB(60)	91.912	136	11	0	3	138	1435	1570	6.30e-50	191
NODE_186373_length_138_cov_29.3133	gb_HM990671_+_5192-6671_ARO:3003112_lsaC	95.652	138	6	0	1	138	817	680	2.23e-59	222
NODE_193901_length_114_cov_31.5763	gb_HM990671_+_5192-6671_ARO:3003112_lsaC	98.230	113	2	0	1	113	878	766	3.01e-52	198
NODE_195607_length_111_cov_4.39286	gb_EU434751_+_658-2578_ARO:3000194_tetW	95.946	74	3	0	33	106	1920	1847	6.48e-29	121
NODE_196761_length_110_cov_111.418	gb_HM990671_+_5192-6671_ARO:3003112_lsaC	99.091	110	1	0	1	110	287	178	2.88e-52	198
NODE_197629_length_108_cov_42.8868	gb_HM990671_+_5192-6671_ARO:3003112_lsaC	99.074	108	1	0	1	108	691	584	3.64e-51	195
NODE_197988_length_106_cov_6.09804	gb_HM990671_+_5192-6671_ARO:3003112_lsaC	97.368	38	1	0	69	106	1479	1442	2.91e-12	65.8
NODE_198888_length_104_cov_4.16327	gb_HM990671_+_5192-6671_ARO:3003112_lsaC	98.039	51	0	1	5	55	1180	1229	6.07e-19	87.9
NODE_206284_length_87_cov_4.25	gb_HM990671_+_5192-6671_ARO:3003112_lsaC	97.701	87	2	0	1	87	1276	1190	6.11e-38	150
NODE_206716_length_87_cov_52.75	gb_HM990671_+_5192-6671_ARO:3003112_lsaC	100.000	87	0	0	1	87	667	581	2.82e-41	161
NODE_210928_length_79_cov_10.7917	gb_HM990671_+_5192-6671_ARO:3003112_lsaC	98.734	79	1	0	1	79	1276	1198	3.30e-35	141
NODE_212122_length_77_cov_10.9545	gb_HM990671_+_5192-6671_ARO:3003112_lsaC	98.701	77	1	0	1	77	1222	1298	4.13e-34	137
NODE_212466_length_76_cov_3.42857	gb_KX000273.1_+_0-1740_ARO:3004036_tetB(60)	96.000	50	2	0	1	50	50	1	1.93e-17	82.4
NODE_212949_length_76_cov_37.619	gb_HM990671_+_5192-6671_ARO:3003112_lsaC	98.684	76	1	0	1	76	443	368	1.46e-33	135
NODE_215699_length_72_cov_66.1765	gb_HM990671_+_5192-6671_ARO:3003112_lsaC	98.361	61	1	0	1	61	1419	1479	2.96e-25	108
NODE_215831_length_72_cov_40.4706	gb_HM990671_+_5192-6671_ARO:3003112_lsaC	98.611	72	1	0	1	72	663	734	2.28e-31	128
NODE_217232_length_70_cov_83.8667	gb_HM990671_+_5192-6671_ARO:3003112_lsaC	100.000	70	0	0	1	70	368	437	6.09e-32	130
NODE_223990_length_61_cov_4.33333	gb_HM990671_+_5192-6671_ARO:3003112_lsaC	98.276	58	1	0	4	61	599	542	1.10e-23	102
NODE_225080_length_60_cov_11	gb_HM990671_+_5192-6671_ARO:3003112_lsaC	98.182	55	1	0	6	60	734	680	4.99e-22	97.1
NODE_225194_length_60_cov_14	gb_HM990671_+_5192-6671_ARO:3003112_lsaC	96.667	60	2	0	1	60	1472	1413	3.86e-23	100
NODE_227323_length_58_cov_5	gb_CP007593.1_+_2148923-2149772_ARO:3001301_RlmA(II)	94.828	58	3	0	1	58	487	544	2.21e-20	91.6
