NODE_8_length_133818_cov_5.52198	gb_AF540889_+_0-327_ARO:3002871_tet37	99.550	222	1	0	39558	39779	1	222	2.30e-111	405
NODE_312_length_17593_cov_6.25197	gb_Z21523_+_0-1974_ARO:3000191_tetQ	90.076	1975	193	3	9599	11571	1974	1	0.0	2558
NODE_753_length_10449_cov_5.38541	gb_AJ295238.3_+_163-2083_ARO:3000196_tet32	87.975	1921	211	19	7781	9691	1911	1	0.0	2250
NODE_1262_length_7499_cov_54.9825	gb_KX000272.1_+_0-1740_ARO:3004035_tetA(60)	88.742	1741	194	2	4239	5978	1740	1	0.0	2128
NODE_1262_length_7499_cov_54.9825	gb_KX000273.1_+_0-1740_ARO:3004036_tetB(60)	87.536	1741	215	2	2503	4242	1740	1	0.0	2012
NODE_2081_length_5511_cov_545.22	gb_NC_012469.1_-_1800927-1802391_ARO:3000616_mel	100.000	1464	0	0	2444	3907	1	1464	0.0	2704
NODE_2081_length_5511_cov_545.22	gb_NC_023287.1_-_65291-66509_ARO:3000615_mefA	96.962	1218	37	0	1107	2324	1	1218	0.0	2045
NODE_2781_length_4572_cov_237.88	gb_HQ652506.1_+_2099-3836_ARO:3004033_tetB(46)	92.907	1734	119	4	1376	3107	1	1732	0.0	2518
NODE_2781_length_4572_cov_237.88	gb_HQ652506.1_+_373-2098_ARO:3004032_tetA(46)	94.978	1374	69	0	1	1374	352	1725	0.0	2156
NODE_2977_length_4376_cov_18.6073	gb_AF118110.1_-_71-1037_ARO:3003002_CfxA2	99.889	903	1	0	2103	3005	966	64	0.0	1663
NODE_2977_length_4376_cov_18.6073	gb_AF472622_+_52-1018_ARO:3003003_CfxA3	99.779	903	2	0	2103	3005	966	64	0.0	1657
NODE_2977_length_4376_cov_18.6073	gb_AY769934_+_27-993_ARO:3003096_CfxA5	99.779	903	2	0	2103	3005	966	64	0.0	1657
NODE_2977_length_4376_cov_18.6073	gb_U38243_+_149-1115_ARO:3003001_CfxA	99.779	903	2	0	2103	3005	966	64	0.0	1657
NODE_2977_length_4376_cov_18.6073	gb_AY769933_+_0-966_ARO:3003005_CfxA4	99.779	903	2	0	2103	3005	966	64	0.0	1657
NODE_2977_length_4376_cov_18.6073	gb_GQ342996_+_797-1793_ARO:3003097_CfxA6	88.765	899	98	3	2108	3005	993	97	0.0	1098
NODE_3260_length_4158_cov_38.5264	gb_AM180355_+_600033-601953_ARO:3000186_tetM	98.279	988	17	0	3171	4158	1	988	0.0	1731
NODE_3260_length_4158_cov_38.5264	gb_L09756_+_0-1926_ARO:3000192_tetS	77.419	992	214	9	3172	4158	2	988	3.08e-166	582
NODE_4099_length_3576_cov_130.341	gb_EU434751_+_658-2578_ARO:3000194_tetW	97.699	1912	42	2	383	2293	1	1911	0.0	3286
NODE_4099_length_3576_cov_130.341	gb_KU736867.1_+_19653-21573_ARO:3004442_tet(W/N/W)	96.393	1913	69	0	383	2295	1	1913	0.0	3151
NODE_5575_length_2912_cov_219.563	gb_HQ652506.1_+_373-2098_ARO:3004032_tetA(46)	95.074	406	20	0	1	406	406	1	0.0	640
NODE_5644_length_2886_cov_34.1883	gb_Z21523_+_0-1974_ARO:3000191_tetQ	97.366	1974	52	0	864	2837	1	1974	0.0	3358
NODE_6003_length_2763_cov_28.277	gb_AP006618.1_+_4835199-4838688_ARO:3000501_Nocardia	86.228	334	42	4	324	655	3299	2968	3.74e-99	359
NODE_6028_length_2756_cov_20.8386	gb_M18896.2_+_206-2126_ARO:3000190_tetO	98.854	1920	22	0	426	2345	1920	1	0.0	3424
NODE_6028_length_2756_cov_20.8386	gb_AJ295238.3_+_163-2083_ARO:3000196_tet32	93.863	831	51	0	426	1256	1920	1090	0.0	1253
NODE_6028_length_2756_cov_20.8386	gb_AJ295238.3_+_163-2083_ARO:3000196_tet32	91.162	396	35	0	1950	2345	396	1	4.47e-153	538
NODE_6459_length_2632_cov_2.19441	gb_AY768531_+_0-1179_ARO:3000533_macA	84.664	1102	156	11	151	1247	1170	77	0.0	1086
NODE_7324_length_2419_cov_2.73858	gb_NC_003112.2_+_329612-330767_ARO:3003961_farA	73.226	620	152	13	1807	2419	1033	421	2.70e-55	213
NODE_7883_length_2298_cov_236.572	gb_HQ652506.1_+_373-2098_ARO:3004032_tetA(46)	98.131	107	2	0	2192	2298	1	107	1.55e-47	187
NODE_8860_length_2119_cov_3.36143	gb_HM990671_+_5192-6671_ARO:3003112_lsaC	94.839	310	16	0	1	310	324	633	4.53e-137	484
NODE_9567_length_2006_cov_81.1681	gb_NC_014638.1_-_1610636-1613960_ARO:3003730_Bifidobacteria	79.551	890	176	6	247	1133	1285	2171	0.0	630
NODE_11516_length_1747_cov_218.228	gb_EU434751_+_658-2578_ARO:3000194_tetW	98.226	1747	31	0	1	1747	1798	52	0.0	3055
NODE_11516_length_1747_cov_218.228	gb_KU736867.1_+_19653-21573_ARO:3004442_tet(W/N/W)	97.023	1747	52	0	1	1747	1798	52	0.0	2939
NODE_11972_length_1696_cov_2.81231	gb_NC_003112.2_-_1791966-1795170_ARO:3000811_mtrD	79.646	1695	333	10	8	1696	2243	555	0.0	1208
NODE_12385_length_1656_cov_212.886	gb_AF242872_+_2131-2878_ARO:3000375_ErmB	99.465	747	3	1	232	977	747	1	0.0	1356
NODE_13342_length_1567_cov_13.7831	gb_AF472622_+_52-1018_ARO:3003003_CfxA3	100.000	52	0	0	1516	1567	966	915	1.83e-20	97.1
NODE_13342_length_1567_cov_13.7831	gb_AY769934_+_27-993_ARO:3003096_CfxA5	100.000	52	0	0	1516	1567	966	915	1.83e-20	97.1
NODE_13342_length_1567_cov_13.7831	gb_U38243_+_149-1115_ARO:3003001_CfxA	100.000	52	0	0	1516	1567	966	915	1.83e-20	97.1
NODE_13342_length_1567_cov_13.7831	gb_AY769933_+_0-966_ARO:3003005_CfxA4	100.000	52	0	0	1516	1567	966	915	1.83e-20	97.1
NODE_13342_length_1567_cov_13.7831	gb_AF118110.1_-_71-1037_ARO:3003002_CfxA2	100.000	52	0	0	1516	1567	966	915	1.83e-20	97.1
NODE_14221_length_1495_cov_2.34653	gb_AY768532_+_0-1935_ARO:3000535_macB	85.081	1421	201	10	2	1418	520	1933	0.0	1439
NODE_14952_length_1440_cov_21.1978	gb_HM990671_+_5192-6671_ARO:3003112_lsaC	94.902	863	44	0	1	863	617	1479	0.0	1351
NODE_14952_length_1440_cov_21.1978	gb_HM990671_+_5192-6671_ARO:3003112_lsaC	94.704	321	17	0	1120	1440	2	322	1.09e-141	499
NODE_15371_length_1412_cov_3.19823	gb_M17124_+_1181-1982_ARO:3000498_ErmF	99.675	615	2	0	798	1412	1	615	0.0	1125
NODE_15371_length_1412_cov_3.19823	gb_AF319779.2_+_32-833_ARO:3000604_Erm(35)	79.533	557	114	0	798	1354	1	557	4.03e-111	398
NODE_16323_length_1344_cov_1.79519	gb_CP001050.1_+_1332866-1333499_ARO:3000817_mtrR	79.221	616	125	3	527	1140	1	615	1.76e-119	425
NODE_16608_length_1326_cov_3.78757	gb_AF024666.2_-_2207-2969_ARO:3000596_ErmX	96.145	415	15	1	1	415	349	762	0.0	676
NODE_17656_length_1261_cov_2.48507	gb_AF024666.2_-_2207-2969_ARO:3000596_ErmX	100.000	183	0	0	1079	1261	1	183	2.21e-93	339
NODE_18548_length_1216_cov_2.83204	gb_HM990671_+_5192-6671_ARO:3003112_lsaC	95.588	68	3	0	1	68	1412	1479	1.81e-24	110
NODE_20448_length_1125_cov_6.96542	gb_U00096_+_2812615-2814154_ARO:3000074_emrB	89.394	66	6	1	1043	1108	1179	1115	3.65e-16	82.4
NODE_20783_length_1109_cov_2.59583	gb_HM990671_+_5192-6671_ARO:3003112_lsaC	90.984	122	11	0	2	123	1358	1479	3.48e-41	165
NODE_21239_length_1092_cov_751.03	gb_AM180355_+_600033-601953_ARO:3000186_tetM	86.883	770	101	0	323	1092	1	770	0.0	863
NODE_21622_length_1076_cov_38.5671	gb_AF235050.4_+_38028-40140_ARO:3003318_Streptomyces	78.272	382	75	7	76	453	76	453	1.96e-63	239
NODE_21687_length_1073_cov_1.97151	gb_NC_003098.1_-_1359228-1360395_ARO:3000025_patB	93.353	677	45	0	397	1073	1167	491	0.0	1002
NODE_22237_length_1051_cov_727.664	gb_AM180355_+_600033-601953_ARO:3000186_tetM	93.718	987	62	0	65	1051	1920	934	0.0	1480
NODE_22237_length_1051_cov_727.664	gb_L09756_+_0-1926_ARO:3000192_tetS	80.485	989	188	5	66	1051	1920	934	0.0	752
NODE_22712_length_1033_cov_11.454	gb_HQ652506.1_+_2099-3836_ARO:3004033_tetB(46)	93.437	579	38	0	1	579	579	1	0.0	859
NODE_22712_length_1033_cov_11.454	gb_HQ652506.1_+_373-2098_ARO:3004032_tetA(46)	94.040	453	27	0	581	1033	1725	1273	0.0	688
NODE_23081_length_1020_cov_5.83212	gb_HM990671_+_5192-6671_ARO:3003112_lsaC	97.656	128	3	0	1	128	1352	1479	6.72e-58	220
NODE_23237_length_1013_cov_5.0595	gb_AP009048_+_2810082-2811255_ARO:3000027_emrA	79.389	131	27	0	105	235	859	989	1.52e-19	93.5
NODE_24409_length_971_cov_12.0207	gb_CP007593.1_+_2148923-2149772_ARO:3001301_RlmA(II)	83.439	628	100	4	1	626	626	1	2.54e-166	580
NODE_25661_length_932_cov_2.04675	gb_NC_003112.2_-_1791966-1795170_ARO:3000811_mtrD	84.910	444	67	0	477	920	3176	2733	7.18e-127	449
NODE_26129_length_918_cov_2.88992	gb_HM990671_+_5192-6671_ARO:3003112_lsaC	89.603	731	76	0	1	731	749	1479	0.0	929
NODE_26140_length_918_cov_2.53071	gb_CP007593.1_+_2148923-2149772_ARO:3001301_RlmA(II)	85.157	795	116	2	3	796	50	843	0.0	813
NODE_26710_length_903_cov_23.5212	gb_AF118110.1_-_71-1037_ARO:3003002_CfxA2	100.000	900	0	0	1	900	67	966	0.0	1663
NODE_26710_length_903_cov_23.5212	gb_AF472622_+_52-1018_ARO:3003003_CfxA3	99.889	900	1	0	1	900	67	966	0.0	1657
NODE_26710_length_903_cov_23.5212	gb_AY769934_+_27-993_ARO:3003096_CfxA5	99.889	900	1	0	1	900	67	966	0.0	1657
NODE_26710_length_903_cov_23.5212	gb_U38243_+_149-1115_ARO:3003001_CfxA	99.889	900	1	0	1	900	67	966	0.0	1657
NODE_26710_length_903_cov_23.5212	gb_AY769933_+_0-966_ARO:3003005_CfxA4	99.889	900	1	0	1	900	67	966	0.0	1657
NODE_26710_length_903_cov_23.5212	gb_GQ342996_+_797-1793_ARO:3003097_CfxA6	88.839	896	97	3	1	895	100	993	0.0	1098
NODE_28231_length_861_cov_2.14888	gb_CP007593.1_+_2148923-2149772_ARO:3001301_RlmA(II)	89.096	376	39	2	1	375	475	849	6.57e-132	466
NODE_28462_length_855_cov_1.7175	gb_NC_003098.1_-_1359228-1360395_ARO:3000025_patB	93.548	217	14	0	1	217	217	1	4.15e-89	324
NODE_30160_length_811_cov_2.05556	gb_AY768532_+_0-1935_ARO:3000535_macB	82.185	769	128	7	2	767	1817	1055	0.0	652
NODE_30420_length_805_cov_106.484	gb_KU736867.1_+_19653-21573_ARO:3004442_tet(W/N/W)	100.000	106	0	0	700	805	1	106	8.90e-51	196
NODE_30420_length_805_cov_106.484	gb_EU434751_+_658-2578_ARO:3000194_tetW	100.000	106	0	0	700	805	1	106	8.90e-51	196
NODE_35776_length_699_cov_18.868	gb_HM990671_+_5192-6671_ARO:3003112_lsaC	97.615	671	16	0	1	671	671	1	0.0	1151
NODE_37445_length_671_cov_3.71916	gb_CP007593.1_+_2148923-2149772_ARO:3001301_RlmA(II)	85.375	547	78	2	33	578	298	843	4.88e-162	566
NODE_38272_length_658_cov_32.6302	gb_AM180355_+_600033-601953_ARO:3000186_tetM	98.982	393	4	0	1	393	1527	1919	0.0	704
NODE_39426_length_641_cov_6.37713	gb_HM990671_+_5192-6671_ARO:3003112_lsaC	95.000	100	5	0	1	100	100	1	3.32e-39	158
NODE_40587_length_624_cov_2.13533	gb_NC_014638.1_-_1610636-1613960_ARO:3003730_Bifidobacteria	80.000	165	33	0	399	563	3067	3231	1.18e-28	122
NODE_40651_length_623_cov_1.52993	gb_CP007593.1_+_2148923-2149772_ARO:3001301_RlmA(II)	91.332	623	54	0	1	623	849	227	0.0	852
NODE_40869_length_620_cov_2.8177	gb_NC_003112.2_-_1791966-1795170_ARO:3000811_mtrD	83.333	576	92	3	8	581	2609	2036	5.90e-151	529
NODE_44950_length_570_cov_2.25437	gb_AM180355_+_600033-601953_ARO:3000186_tetM	100.000	41	0	0	530	570	1920	1880	8.47e-15	76.8
NODE_45564_length_563_cov_1.85236	gb_NC_003098.1_+_866210-867410_ARO:3000822_pmrA	93.611	360	23	0	204	563	1200	841	8.88e-154	538
NODE_55676_length_467_cov_2.8665	gb_KX000272.1_+_0-1740_ARO:3004035_tetA(60)	88.889	468	50	2	1	467	1577	1111	5.57e-165	575
NODE_57262_length_455_cov_2.1725	gb_KX000272.1_+_0-1740_ARO:3004035_tetA(60)	95.364	453	21	0	1	453	331	783	0.0	721
NODE_57827_length_451_cov_2.71465	gb_KX000272.1_+_0-1740_ARO:3004035_tetA(60)	95.344	451	21	0	1	451	468	18	0.0	717
NODE_61686_length_426_cov_1.75472	gb_AY043299.1_-_3984-5175_ARO:3000167_tet(C)	100.000	61	0	0	1	61	682	622	4.76e-26	113
NODE_63333_length_416_cov_2.34349	gb_CP007593.1_+_2148923-2149772_ARO:3001301_RlmA(II)	88.462	416	48	0	1	416	417	2	2.36e-143	503
NODE_63706_length_414_cov_9.31755	gb_HM990671_+_5192-6671_ARO:3003112_lsaC	98.438	128	2	0	287	414	1479	1352	5.69e-60	226
NODE_63727_length_414_cov_6.06685	gb_HM990671_+_5192-6671_ARO:3003112_lsaC	90.580	414	38	1	1	413	715	1128	1.07e-156	547
NODE_65407_length_404_cov_3.42407	gb_KX000272.1_+_0-1740_ARO:3004035_tetA(60)	91.811	403	33	0	1	403	1096	694	3.72e-161	562
NODE_67074_length_395_cov_2.10588	gb_NC_003098.1_+_866210-867410_ARO:3000822_pmrA	93.671	395	25	0	1	395	849	455	4.64e-170	592
NODE_75209_length_358_cov_1.55446	gb_HM990671_+_5192-6671_ARO:3003112_lsaC	94.972	358	18	0	1	358	756	399	3.29e-161	562
NODE_76161_length_354_cov_91.1572	gb_HQ652506.1_+_373-2098_ARO:3004032_tetA(46)	95.480	354	16	0	1	354	406	53	2.51e-162	566
NODE_78639_length_343_cov_1.63194	gb_NC_003112.2_+_330790-332317_ARO:3003962_farB	82.288	271	46	2	22	291	274	543	2.80e-62	233
NODE_85385_length_319_cov_1.66667	gb_KX000272.1_+_0-1740_ARO:3004035_tetA(60)	88.679	318	34	2	1	317	1211	1527	1.88e-108	387
NODE_85909_length_318_cov_12.9962	gb_AF472622_+_52-1018_ARO:3003003_CfxA3	100.000	121	0	0	198	318	1	121	1.55e-59	224
NODE_85909_length_318_cov_12.9962	gb_AY769934_+_27-993_ARO:3003096_CfxA5	100.000	121	0	0	198	318	1	121	1.55e-59	224
NODE_85909_length_318_cov_12.9962	gb_U38243_+_149-1115_ARO:3003001_CfxA	100.000	121	0	0	198	318	1	121	1.55e-59	224
NODE_85909_length_318_cov_12.9962	gb_AY769933_+_0-966_ARO:3003005_CfxA4	100.000	121	0	0	198	318	1	121	1.55e-59	224
NODE_85909_length_318_cov_12.9962	gb_AF118110.1_-_71-1037_ARO:3003002_CfxA2	100.000	121	0	0	198	318	1	121	1.55e-59	224
NODE_86745_length_315_cov_2.44615	gb_CP007593.1_+_2148923-2149772_ARO:3001301_RlmA(II)	88.673	309	35	0	1	309	397	89	1.12e-105	377
NODE_87947_length_311_cov_1.44531	gb_NC_003098.1_-_1359228-1360395_ARO:3000025_patB	90.554	307	29	0	5	311	617	923	1.40e-114	407
NODE_97498_length_284_cov_8.48908	gb_HM990671_+_5192-6671_ARO:3003112_lsaC	99.296	284	2	0	1	284	766	1049	7.29e-147	514
NODE_98576_length_281_cov_1.04425	gb_NC_003098.1_+_866210-867410_ARO:3000822_pmrA	93.281	253	17	0	1	253	253	1	1.28e-104	374
NODE_98837_length_280_cov_0.866667	gb_KC539823_+_1017-2586_ARO:3002829_vgaA	100.000	28	0	0	131	158	1250	1223	6.77e-08	52.8
NODE_98837_length_280_cov_0.866667	gb_DQ823382_+_0-1569_ARO:3002830_vgaALC	100.000	28	0	0	131	158	1250	1223	6.77e-08	52.8
NODE_99564_length_279_cov_18.9062	gb_HQ652506.1_+_373-2098_ARO:3004032_tetA(46)	93.907	279	17	0	1	279	1718	1440	4.46e-119	422
NODE_99805_length_278_cov_1.1435	gb_CP007593.1_+_2148923-2149772_ARO:3001301_RlmA(II)	95.312	64	3	0	1	64	786	849	6.58e-23	102
NODE_101219_length_275_cov_7.04091	gb_HM990671_+_5192-6671_ARO:3003112_lsaC	94.909	275	14	0	1	275	320	46	7.30e-122	431
NODE_102054_length_273_cov_539.638	gb_AM180355_+_600033-601953_ARO:3000186_tetM	90.837	251	23	0	23	273	738	988	1.62e-93	337
NODE_102054_length_273_cov_539.638	gb_L09756_+_0-1926_ARO:3000192_tetS	79.675	246	50	0	28	273	743	988	1.04e-45	178
NODE_102106_length_273_cov_244.335	gb_AM180355_+_600033-601953_ARO:3000186_tetM	94.422	251	14	0	23	273	738	988	1.59e-108	387
NODE_102106_length_273_cov_244.335	gb_L09756_+_0-1926_ARO:3000192_tetS	79.268	246	51	0	28	273	743	988	4.85e-44	172
NODE_102523_length_272_cov_3.07834	gb_NC_003098.1_-_1359228-1360395_ARO:3000025_patB	94.118	272	16	0	1	272	361	90	7.26e-117	414
NODE_110551_length_255_cov_110.61	gb_EU434751_+_658-2578_ARO:3000194_tetW	100.000	177	0	0	1	177	1744	1920	9.08e-91	327
NODE_113012_length_250_cov_4.28718	gb_HM990671_+_5192-6671_ARO:3003112_lsaC	94.000	250	15	0	1	250	295	46	2.42e-106	379
NODE_129238_length_224_cov_42.0888	gb_HM990671_+_5192-6671_ARO:3003112_lsaC	97.321	224	6	0	1	224	1183	1406	5.96e-107	381
NODE_129369_length_223_cov_2.29167	gb_HM990671_+_5192-6671_ARO:3003112_lsaC	92.411	224	15	2	1	223	1217	995	4.72e-88	318
NODE_138928_length_211_cov_23.1474	gb_HM990671_+_5192-6671_ARO:3003112_lsaC	97.156	211	6	0	1	211	268	478	9.41e-100	357
NODE_143711_length_193_cov_2.25362	gb_HM990671_+_5192-6671_ARO:3003112_lsaC	96.316	190	7	0	1	190	410	599	1.87e-86	313
NODE_144206_length_182_cov_14.1024	gb_HM990671_+_5192-6671_ARO:3003112_lsaC	95.055	182	9	0	1	182	241	422	1.06e-78	287
NODE_144906_length_167_cov_8.42857	gb_HM990671_+_5192-6671_ARO:3003112_lsaC	92.262	168	11	2	1	167	1217	1051	9.92e-64	237
NODE_145871_length_148_cov_11.2258	gb_HM990671_+_5192-6671_ARO:3003112_lsaC	95.862	145	6	0	1	145	617	761	3.11e-63	235
NODE_146811_length_131_cov_2.81579	gb_HM990671_+_5192-6671_ARO:3003112_lsaC	96.183	131	5	0	1	131	266	396	3.52e-57	215
NODE_147115_length_126_cov_5.52113	gb_HM990671_+_5192-6671_ARO:3003112_lsaC	97.619	126	3	0	1	126	667	542	9.35e-58	217
NODE_147768_length_115_cov_19.8167	gb_HM990671_+_5192-6671_ARO:3003112_lsaC	96.522	115	4	0	1	115	1466	1352	5.08e-50	191
NODE_148433_length_108_cov_9.16981	gb_Z21523_+_0-1974_ARO:3000191_tetQ	98.148	54	1	0	55	108	1974	1921	3.80e-21	95.3
NODE_148454_length_108_cov_2.88679	gb_HM990671_+_5192-6671_ARO:3003112_lsaC	94.444	108	6	0	1	108	817	710	7.94e-43	167
NODE_148679_length_105_cov_3.66	gb_HM990671_+_5192-6671_ARO:3003112_lsaC	95.283	106	4	1	1	105	715	820	7.67e-43	167
NODE_149209_length_97_cov_10	gb_HM990671_+_5192-6671_ARO:3003112_lsaC	98.969	97	1	0	1	97	464	368	4.16e-45	174
NODE_150029_length_87_cov_9.96875	gb_HM990671_+_5192-6671_ARO:3003112_lsaC	100.000	87	0	0	1	87	667	581	2.82e-41	161
NODE_150599_length_79_cov_15.625	gb_HM990671_+_5192-6671_ARO:3003112_lsaC	100.000	79	0	0	1	79	613	691	7.10e-37	147
NODE_151011_length_75_cov_9	gb_HM990671_+_5192-6671_ARO:3003112_lsaC	94.737	76	2	2	1	75	1163	1237	5.20e-28	117
NODE_151364_length_71_cov_8.125	gb_HM990671_+_5192-6671_ARO:3003112_lsaC	100.000	71	0	0	1	71	1065	995	1.73e-32	132
NODE_151531_length_69_cov_8.85714	gb_HM990671_+_5192-6671_ARO:3003112_lsaC	97.101	69	2	0	1	69	410	478	4.65e-28	117
NODE_153026_length_57_cov_7	gb_HM990671_+_5192-6671_ARO:3003112_lsaC	96.491	57	2	0	1	57	266	322	1.67e-21	95.3
NODE_153356_length_56_cov_10	gb_HM990671_+_5192-6671_ARO:3003112_lsaC	98.182	55	1	0	1	55	820	766	4.52e-22	97.1
