NODE_10_length_205924_cov_474.685	gb_AY768532_+_0-1935_ARO:3000535_macB	80.977	1945	353	14	8332	10269	1	1935	0.0	1526
NODE_24_length_149815_cov_440.299	gb_NC_003112.2_-_1791966-1795170_ARO:3000811_mtrD	81.311	3189	570	21	31203	34378	3176	1	0.0	2564
NODE_96_length_72146_cov_15.9113	gb_KX000272.1_+_0-1740_ARO:3004035_tetA(60)	96.324	1741	62	2	3566	5305	1	1740	0.0	2859
NODE_96_length_72146_cov_15.9113	gb_KX000273.1_+_0-1740_ARO:3004036_tetB(60)	85.640	1741	248	2	5302	7041	1	1740	0.0	1829
NODE_147_length_54874_cov_47.5778	gb_AF024666.2_-_2207-2969_ARO:3000596_ErmX	94.889	763	38	1	6177	6939	762	1	0.0	1192
NODE_562_length_23484_cov_507.03	gb_NC_003112.2_+_329612-330767_ARO:3003961_farA	73.232	919	222	20	19538	20444	127	1033	2.52e-84	313
NODE_570_length_23306_cov_8.26493	gb_KF478993.1_-_6002-6704_ARO:3002930_vanRO	94.444	36	0	2	12227	12262	287	320	1.68e-06	54.7
NODE_767_length_19177_cov_37.9241	gb_L36601_+_1420-3130_ARO:3003036_oleB	90.000	50	3	2	109	157	691	643	2.29e-09	63.9
NODE_1783_length_10585_cov_33.1239	gb_NC_014638.1_-_1610636-1613960_ARO:3003730_Bifidobacteria	79.394	165	34	0	2397	2561	3067	3231	9.57e-26	117
NODE_1801_length_10511_cov_80.1014	gb_U00096_+_2812615-2814154_ARO:3000074_emrB	73.482	313	75	7	2551	2859	1200	892	4.42e-24	111
NODE_1906_length_10158_cov_40.9404	gb_M18896.2_+_206-2126_ARO:3000190_tetO	99.792	1920	4	0	394	2313	1	1920	0.0	3524
NODE_1906_length_10158_cov_40.9404	gb_AJ295238.3_+_163-2083_ARO:3000196_tet32	94.465	831	46	0	1483	2313	1090	1920	0.0	1280
NODE_1906_length_10158_cov_40.9404	gb_AJ295238.3_+_163-2083_ARO:3000196_tet32	91.919	396	32	0	394	789	1	396	1.64e-157	555
NODE_1913_length_10133_cov_41.0632	gb_M18896.2_+_206-2126_ARO:3000190_tetO	99.792	1920	4	0	7846	9765	1920	1	0.0	3524
NODE_1913_length_10133_cov_41.0632	gb_AJ295238.3_+_163-2083_ARO:3000196_tet32	94.465	831	46	0	7846	8676	1920	1090	0.0	1280
NODE_1913_length_10133_cov_41.0632	gb_AJ295238.3_+_163-2083_ARO:3000196_tet32	91.919	396	32	0	9370	9765	396	1	1.64e-157	555
NODE_2384_length_8621_cov_21.7553	gb_EU434751_+_658-2578_ARO:3000194_tetW	100.000	177	0	0	8445	8621	1920	1744	3.31e-89	327
NODE_2634_length_8037_cov_5.04034	gb_Z21523_+_0-1974_ARO:3000191_tetQ	89.667	1984	195	3	2220	4203	1974	1	0.0	2519
NODE_4964_length_5037_cov_11.8282	gb_GQ342996_+_797-1793_ARO:3003097_CfxA6	79.235	732	146	6	414	1142	198	926	8.30e-143	505
NODE_4967_length_5036_cov_13.536	gb_HM990671_+_5192-6671_ARO:3003112_lsaC	94.860	214	11	0	4823	5036	1479	1266	1.15e-91	335
NODE_5302_length_4795_cov_144.295	gb_NC_012469.1_-_1800927-1802391_ARO:3000616_mel	100.000	1464	0	0	1605	3068	1464	1	0.0	2704
NODE_5302_length_4795_cov_144.295	gb_NC_023287.1_-_65291-66509_ARO:3000615_mefA	96.962	1218	37	0	3188	4405	1218	1	0.0	2045
NODE_5920_length_4371_cov_88.6189	gb_M17124_+_1181-1982_ARO:3000498_ErmF	99.626	802	2	1	3291	4092	1	801	0.0	1463
NODE_5920_length_4371_cov_88.6189	gb_AF319779.2_+_32-833_ARO:3000604_Erm(35)	78.643	796	167	2	3291	4085	1	794	5.53e-149	525
NODE_6098_length_4273_cov_10.1321	gb_KX531049.1_+_0-1947_ARO:3003986_TaeA	86.154	65	9	0	830	894	1427	1363	3.05e-12	71.3
NODE_6537_length_4041_cov_9.00376	gb_AM180355_+_600033-601953_ARO:3000186_tetM	98.311	888	15	0	3154	4041	1	888	0.0	1557
NODE_6537_length_4041_cov_9.00376	gb_L09756_+_0-1926_ARO:3000192_tetS	77.466	892	191	9	3155	4041	2	888	5.11e-149	525
NODE_6630_length_3996_cov_28.2002	gb_AF242872_+_2131-2878_ARO:3000375_ErmB	97.872	47	0	1	1	46	701	747	4.73e-15	80.5
NODE_7488_length_3642_cov_24.644	gb_CP007593.1_+_2148923-2149772_ARO:3001301_RlmA(II)	85.799	845	116	4	51	893	843	1	0.0	893
NODE_7738_length_3546_cov_40.5884	gb_HM990671_+_5192-6671_ARO:3003112_lsaC	95.259	232	11	0	1	232	232	1	7.99e-102	368
NODE_7822_length_3512_cov_81.5861	gb_AP006618.1_+_4835199-4838688_ARO:3000501_Nocardia	86.228	334	42	4	412	743	2968	3299	4.76e-99	359
NODE_7848_length_3501_cov_3.04092	gb_NC_022598.1_+_14791-16258_ARO:3000251_msrA	94.444	36	2	0	3237	3272	367	402	6.98e-08	56.5
NODE_8005_length_3448_cov_3.55909	gb_HQ652506.1_+_2099-3836_ARO:3004033_tetB(46)	77.763	1529	308	30	1935	3447	68	1580	0.0	911
NODE_8005_length_3448_cov_3.55909	gb_HQ652506.1_+_373-2098_ARO:3004032_tetA(46)	73.771	1750	409	42	142	1866	1	1725	0.0	643
NODE_8056_length_3431_cov_4.37293	gb_M55620_+_0-660_ARO:3002687_catQ	96.212	660	25	0	639	1298	660	1	0.0	1081
NODE_8056_length_3431_cov_4.37293	gb_NC_012469.1_-_1800927-1802391_ARO:3000616_mel	100.000	39	0	0	3393	3431	1464	1426	6.79e-13	73.1
NODE_8329_length_3340_cov_90.6819	gb_AP009048_+_2810082-2811255_ARO:3000027_emrA	73.140	242	60	5	676	914	750	989	1.10e-15	82.4
NODE_9154_length_3087_cov_45.4683	gb_CP007593.1_+_2148923-2149772_ARO:3001301_RlmA(II)	83.019	848	134	10	1350	2192	843	1	0.0	760
NODE_11467_length_2548_cov_119.535	gb_Z21523_+_0-1974_ARO:3000191_tetQ	97.428	1944	50	0	605	2548	1974	31	0.0	3314
NODE_11767_length_2494_cov_56.7339	gb_AJ295238.3_+_163-2083_ARO:3000196_tet32	89.232	1718	166	18	776	2483	1911	203	0.0	2130
NODE_12455_length_2379_cov_16.9023	gb_EU434751_+_658-2578_ARO:3000194_tetW	95.266	169	6	2	1	168	1744	1911	2.01e-71	267
NODE_12860_length_2319_cov_2.46952	gb_AM180355_+_600033-601953_ARO:3000186_tetM	100.000	54	0	0	1	54	1866	1919	2.10e-21	100
NODE_13037_length_2292_cov_32.1122	gb_HM990671_+_5192-6671_ARO:3003112_lsaC	95.714	70	3	0	1	70	79	10	2.66e-25	113
NODE_13239_length_2264_cov_19.9163	gb_HQ652506.1_+_373-2098_ARO:3004032_tetA(46)	95.072	1725	85	0	142	1866	1	1725	0.0	2715
NODE_13239_length_2264_cov_19.9163	gb_HQ652506.1_+_2099-3836_ARO:3004033_tetB(46)	96.725	397	13	0	1868	2264	1	397	0.0	662
NODE_13386_length_2243_cov_183.717	gb_AM180355_+_600033-601953_ARO:3000186_tetM	92.151	1911	150	0	333	2243	1	1911	0.0	2699
NODE_13386_length_2243_cov_183.717	gb_L09756_+_0-1926_ARO:3000192_tetS	78.936	1918	388	14	334	2243	2	1911	0.0	1290
NODE_15067_length_2026_cov_2.2273	gb_HQ652506.1_+_2099-3836_ARO:3004033_tetB(46)	76.321	1533	313	42	519	2026	60	1567	0.0	774
NODE_15966_length_1929_cov_7.32391	gb_HM990671_+_5192-6671_ARO:3003112_lsaC	94.298	228	13	0	1	228	229	2	1.57e-96	350
NODE_16507_length_1875_cov_15.7786	gb_NC_003098.1_-_1359228-1360395_ARO:3000025_patB	80.116	865	160	10	1017	1875	1130	272	0.0	634
NODE_16818_length_1843_cov_21.8859	gb_HQ652506.1_+_373-2098_ARO:3004032_tetA(46)	95.130	1725	84	0	106	1830	1725	1	0.0	2721
NODE_16818_length_1843_cov_21.8859	gb_HQ652506.1_+_2099-3836_ARO:3004033_tetB(46)	98.077	104	2	0	1	104	104	1	5.78e-46	182
NODE_17839_length_1747_cov_79.9019	gb_EU434751_+_658-2578_ARO:3000194_tetW	98.798	1747	21	0	1	1747	1798	52	0.0	3110
NODE_17839_length_1747_cov_79.9019	gb_KU736867.1_+_19653-21573_ARO:3004442_tet(W/N/W)	96.909	1747	54	0	1	1747	1798	52	0.0	2928
NODE_18108_length_1723_cov_16.2398	gb_AF242872_+_2131-2878_ARO:3000375_ErmB	97.872	47	0	1	1	46	701	747	2.03e-15	80.5
NODE_18453_length_1692_cov_2.83568	gb_M17124_+_1181-1982_ARO:3000498_ErmF	100.000	38	0	0	1655	1692	801	764	1.20e-12	71.3
NODE_20696_length_1523_cov_87.0402	gb_AF472622_+_52-1018_ARO:3003003_CfxA3	100.000	52	0	0	1472	1523	966	915	1.78e-20	97.1
NODE_20696_length_1523_cov_87.0402	gb_AY769934_+_27-993_ARO:3003096_CfxA5	100.000	52	0	0	1472	1523	966	915	1.78e-20	97.1
NODE_20696_length_1523_cov_87.0402	gb_U38243_+_149-1115_ARO:3003001_CfxA	100.000	52	0	0	1472	1523	966	915	1.78e-20	97.1
NODE_20696_length_1523_cov_87.0402	gb_AY769933_+_0-966_ARO:3003005_CfxA4	100.000	52	0	0	1472	1523	966	915	1.78e-20	97.1
NODE_20696_length_1523_cov_87.0402	gb_AF118110.1_-_71-1037_ARO:3003002_CfxA2	100.000	52	0	0	1472	1523	966	915	1.78e-20	97.1
NODE_20750_length_1518_cov_23.4962	gb_HQ652506.1_+_2099-3836_ARO:3004033_tetB(46)	93.417	1519	98	2	1	1518	1567	50	0.0	2250
NODE_20956_length_1503_cov_9.19613	gb_HM990671_+_5192-6671_ARO:3003112_lsaC	88.274	307	36	0	1	307	307	1	3.36e-102	368
NODE_21340_length_1476_cov_16.6397	gb_HQ652506.1_+_2099-3836_ARO:3004033_tetB(46)	92.444	225	17	0	1	225	1513	1737	2.61e-88	322
NODE_22595_length_1398_cov_25.0692	gb_HQ652506.1_+_2099-3836_ARO:3004033_tetB(46)	92.319	1380	104	2	20	1398	1721	343	0.0	1960
NODE_27156_length_1166_cov_2.44104	gb_HM990671_+_5192-6671_ARO:3003112_lsaC	92.800	250	18	0	1	250	251	2	1.21e-100	363
NODE_28866_length_1094_cov_47.8393	gb_AF242872_+_2131-2878_ARO:3000375_ErmB	99.063	747	6	1	10	755	747	1	0.0	1339
NODE_31243_length_1005_cov_5.23474	gb_AM180355_+_600033-601953_ARO:3000186_tetM	98.961	385	4	0	621	1005	1911	1527	0.0	689
NODE_31711_length_989_cov_85.2024	gb_HM990671_+_5192-6671_ARO:3003112_lsaC	95.551	989	44	0	1	989	178	1166	0.0	1583
NODE_32533_length_963_cov_2.64537	gb_HM990671_+_5192-6671_ARO:3003112_lsaC	92.420	963	73	0	1	963	1243	281	0.0	1375
NODE_32533_length_963_cov_2.64537	gb_NC_005076_+_4149-5628_ARO:3003111_lsaB	94.737	38	2	0	796	833	448	411	1.46e-09	60.2
NODE_33128_length_944_cov_4.56018	gb_NC_003098.1_-_1359228-1360395_ARO:3000025_patB	78.850	922	181	11	30	944	1077	163	3.15e-175	610
NODE_34545_length_903_cov_161.599	gb_AF118110.1_-_71-1037_ARO:3003002_CfxA2	100.000	900	0	0	1	900	67	966	0.0	1663
NODE_34545_length_903_cov_161.599	gb_AF472622_+_52-1018_ARO:3003003_CfxA3	99.889	900	1	0	1	900	67	966	0.0	1657
NODE_34545_length_903_cov_161.599	gb_AY769934_+_27-993_ARO:3003096_CfxA5	99.889	900	1	0	1	900	67	966	0.0	1657
NODE_34545_length_903_cov_161.599	gb_U38243_+_149-1115_ARO:3003001_CfxA	99.889	900	1	0	1	900	67	966	0.0	1657
NODE_34545_length_903_cov_161.599	gb_AY769933_+_0-966_ARO:3003005_CfxA4	99.889	900	1	0	1	900	67	966	0.0	1657
NODE_34545_length_903_cov_161.599	gb_GQ342996_+_797-1793_ARO:3003097_CfxA6	88.839	896	97	3	1	895	100	993	0.0	1098
NODE_36178_length_859_cov_7.90796	gb_HM990671_+_5192-6671_ARO:3003112_lsaC	92.782	859	62	0	1	859	1215	357	0.0	1243
NODE_38063_length_815_cov_4.62895	gb_HM990671_+_5192-6671_ARO:3003112_lsaC	92.147	815	64	0	1	815	401	1215	0.0	1151
NODE_38114_length_814_cov_1.42029	gb_AY768532_+_0-1935_ARO:3000535_macB	89.735	302	31	0	505	806	1	302	4.98e-108	387
NODE_38468_length_806_cov_66.5033	gb_HM990671_+_5192-6671_ARO:3003112_lsaC	96.477	369	11	2	439	806	1479	1112	9.66e-175	608
NODE_40152_length_769_cov_1.82353	gb_NC_000913.3_-_481253-484403_ARO:3000216_acrB	80.172	116	16	5	43	153	1575	1462	8.92e-16	80.5
NODE_40354_length_765_cov_1.45915	gb_AY768531_+_0-1179_ARO:3000533_macA	86.436	693	92	2	2	693	770	79	0.0	758
NODE_42623_length_723_cov_4.01796	gb_HM990671_+_5192-6671_ARO:3003112_lsaC	89.955	448	43	2	277	723	1	447	2.44e-165	577
NODE_44751_length_688_cov_10.6872	gb_CP007593.1_+_2148923-2149772_ARO:3001301_RlmA(II)	83.883	515	83	0	174	688	843	329	8.63e-140	492
NODE_44875_length_686_cov_2.26149	gb_HM990671_+_5192-6671_ARO:3003112_lsaC	97.727	44	1	0	1	44	1436	1479	1.03e-14	76.8
NODE_46359_length_664_cov_44.3136	gb_HM990671_+_5192-6671_ARO:3003112_lsaC	96.748	369	10	2	1	368	1112	1479	1.70e-176	614
NODE_47500_length_648_cov_3.03879	gb_CP007593.1_+_2148923-2149772_ARO:3001301_RlmA(II)	83.642	648	102	4	3	648	722	77	2.78e-174	606
NODE_48016_length_641_cov_71.1792	gb_AF472622_+_52-1018_ARO:3003003_CfxA3	100.000	52	0	0	590	641	966	915	7.34e-21	97.1
NODE_48016_length_641_cov_71.1792	gb_AY769934_+_27-993_ARO:3003096_CfxA5	100.000	52	0	0	590	641	966	915	7.34e-21	97.1
NODE_48016_length_641_cov_71.1792	gb_U38243_+_149-1115_ARO:3003001_CfxA	100.000	52	0	0	590	641	966	915	7.34e-21	97.1
NODE_48016_length_641_cov_71.1792	gb_AY769933_+_0-966_ARO:3003005_CfxA4	100.000	52	0	0	590	641	966	915	7.34e-21	97.1
NODE_48016_length_641_cov_71.1792	gb_AF118110.1_-_71-1037_ARO:3003002_CfxA2	100.000	52	0	0	590	641	966	915	7.34e-21	97.1
NODE_62906_length_487_cov_1.09722	gb_NC_003098.1_+_866210-867410_ARO:3000822_pmrA	93.429	487	31	1	1	486	571	85	0.0	721
NODE_64155_length_477_cov_1.55213	gb_AY768532_+_0-1935_ARO:3000535_macB	86.402	478	63	2	1	477	482	958	7.52e-149	521
NODE_65534_length_467_cov_0.907767	gb_AY055428.1_-_20268-21084_ARO:3000412_sul2	100.000	48	0	0	420	467	1	48	8.84e-19	89.8
NODE_74914_length_411_cov_1.30899	gb_NC_003098.1_-_1359228-1360395_ARO:3000025_patB	90.172	407	40	0	1	407	271	677	1.07e-151	531
NODE_75138_length_410_cov_4.84225	gb_HM990671_+_5192-6671_ARO:3003112_lsaC	94.878	410	21	0	1	410	697	288	0.0	641
NODE_84790_length_366_cov_1.40836	gb_NC_003098.1_-_1359228-1360395_ARO:3000025_patB	91.419	303	26	0	64	366	1	303	2.77e-117	416
NODE_85136_length_365_cov_1.3871	gb_NC_003098.1_+_866210-867410_ARO:3000822_pmrA	94.180	189	11	0	177	365	1	189	6.29e-79	289
NODE_85351_length_364_cov_50.1586	gb_KU736867.1_+_19653-21573_ARO:3004442_tet(W/N/W)	100.000	106	0	0	259	364	1	106	3.91e-51	196
NODE_85351_length_364_cov_50.1586	gb_EU434751_+_658-2578_ARO:3000194_tetW	100.000	106	0	0	259	364	1	106	3.91e-51	196
NODE_87176_length_357_cov_28.1225	gb_CP007593.1_+_2148923-2149772_ARO:3001301_RlmA(II)	84.401	359	52	3	1	357	311	667	2.78e-97	350
NODE_89063_length_350_cov_90.2136	gb_AM180355_+_600033-601953_ARO:3000186_tetM	100.000	63	0	0	287	349	1920	1858	3.00e-27	117
NODE_94193_length_333_cov_4.77338	gb_HM990671_+_5192-6671_ARO:3003112_lsaC	100.000	229	0	0	1	229	229	1	1.50e-119	424
NODE_94551_length_332_cov_1.57762	gb_NC_003098.1_+_866210-867410_ARO:3000822_pmrA	93.072	332	23	0	1	332	848	517	1.88e-138	486
NODE_98247_length_320_cov_5.03774	gb_HM990671_+_5192-6671_ARO:3003112_lsaC	100.000	320	0	0	1	320	906	1225	3.72e-170	592
NODE_98492_length_319_cov_2.21591	gb_NC_003098.1_+_866210-867410_ARO:3000822_pmrA	94.984	319	16	0	1	319	587	269	6.43e-143	501
NODE_98586_length_319_cov_6.89773	gb_AM180355_+_600033-601953_ARO:3000186_tetM	100.000	54	0	0	1	54	1866	1919	2.74e-22	100
NODE_99689_length_315_cov_1.55769	gb_HM990671_+_5192-6671_ARO:3003112_lsaC	91.693	313	26	0	1	313	234	546	6.53e-123	435
NODE_101669_length_310_cov_1.88235	gb_CP007593.1_+_2148923-2149772_ARO:3001301_RlmA(II)	94.771	153	8	0	4	156	691	843	5.40e-64	239
NODE_109834_length_289_cov_72.5	gb_AF472622_+_52-1018_ARO:3003003_CfxA3	100.000	52	0	0	1	52	915	966	3.19e-21	97.1
NODE_109834_length_289_cov_72.5	gb_AY769934_+_27-993_ARO:3003096_CfxA5	100.000	52	0	0	1	52	915	966	3.19e-21	97.1
NODE_109834_length_289_cov_72.5	gb_U38243_+_149-1115_ARO:3003001_CfxA	100.000	52	0	0	1	52	915	966	3.19e-21	97.1
NODE_109834_length_289_cov_72.5	gb_AY769933_+_0-966_ARO:3003005_CfxA4	100.000	52	0	0	1	52	915	966	3.19e-21	97.1
NODE_109834_length_289_cov_72.5	gb_AF118110.1_-_71-1037_ARO:3003002_CfxA2	100.000	52	0	0	1	52	915	966	3.19e-21	97.1
NODE_111122_length_286_cov_51.355	gb_KU736867.1_+_19653-21573_ARO:3004442_tet(W/N/W)	95.283	106	5	0	181	286	1	106	6.59e-43	169
NODE_111122_length_286_cov_51.355	gb_EU434751_+_658-2578_ARO:3000194_tetW	95.283	106	5	0	181	286	1	106	6.59e-43	169
NODE_111195_length_286_cov_6.94805	gb_HM990671_+_5192-6671_ARO:3003112_lsaC	96.875	96	3	0	191	286	1479	1384	1.10e-40	161
NODE_112928_length_282_cov_1.23348	gb_NC_003098.1_-_1359228-1360395_ARO:3000025_patB	94.326	282	16	0	1	282	780	1061	2.09e-122	433
NODE_121084_length_265_cov_1.0619	gb_NC_003098.1_-_1359228-1360395_ARO:3000025_patB	86.758	219	29	0	47	265	1	219	9.81e-66	244
NODE_121354_length_264_cov_1.89474	gb_NC_003098.1_-_1359228-1360395_ARO:3000025_patB	91.860	172	14	0	93	264	1161	990	1.26e-64	241
NODE_123317_length_261_cov_5.63592	gb_HM990671_+_5192-6671_ARO:3003112_lsaC	94.253	261	15	0	1	261	906	1166	1.95e-112	399
NODE_129838_length_249_cov_1.08247	gb_NC_007795.1_-_1360280-1361636_ARO:3000839_arlS	100.000	29	0	0	206	234	1195	1223	1.66e-08	54.7
NODE_131546_length_247_cov_68.2448	gb_AF472622_+_52-1018_ARO:3003003_CfxA3	98.276	58	1	0	190	247	64	121	5.79e-23	102
NODE_131546_length_247_cov_68.2448	gb_AY769934_+_27-993_ARO:3003096_CfxA5	98.276	58	1	0	190	247	64	121	5.79e-23	102
NODE_131546_length_247_cov_68.2448	gb_U38243_+_149-1115_ARO:3003001_CfxA	98.276	58	1	0	190	247	64	121	5.79e-23	102
NODE_131546_length_247_cov_68.2448	gb_AY769933_+_0-966_ARO:3003005_CfxA4	98.276	58	1	0	190	247	64	121	5.79e-23	102
NODE_131546_length_247_cov_68.2448	gb_AF118110.1_-_71-1037_ARO:3003002_CfxA2	98.276	58	1	0	190	247	64	121	5.79e-23	102
NODE_134716_length_242_cov_1.60963	gb_NC_003098.1_-_1359228-1360395_ARO:3000025_patB	84.490	245	32	5	1	242	731	972	1.49e-63	237
NODE_137040_length_238_cov_32.3279	gb_Z21523_+_0-1974_ARO:3000191_tetQ	98.824	85	1	0	1	85	85	1	5.44e-38	152
NODE_137188_length_238_cov_0.912568	gb_CP007593.1_+_2148923-2149772_ARO:3001301_RlmA(II)	91.597	238	20	0	1	238	576	813	2.34e-91	329
NODE_137531_length_237_cov_57.1813	gb_AM180355_+_600033-601953_ARO:3000186_tetM	100.000	63	0	0	2	64	1858	1920	1.98e-27	117
NODE_146241_length_226_cov_1.64327	gb_HQ652506.1_+_2099-3836_ARO:3004033_tetB(46)	96.018	226	9	0	1	226	129	354	4.69e-103	368
NODE_160152_length_210_cov_2.83226	gb_CP007593.1_+_2148923-2149772_ARO:3001301_RlmA(II)	89.147	129	14	0	6	134	715	843	7.88e-41	161
NODE_162020_length_208_cov_13.2876	gb_HM990671_+_5192-6671_ARO:3003112_lsaC	96.610	118	4	0	1	118	1362	1479	2.14e-51	196
NODE_164148_length_203_cov_100.689	gb_HM990671_+_5192-6671_ARO:3003112_lsaC	97.537	203	5	0	1	203	253	455	5.43e-97	348
NODE_165637_length_184_cov_11.938	gb_HQ652506.1_+_373-2098_ARO:3004032_tetA(46)	97.619	42	1	0	1	42	42	1	3.28e-14	73.1
NODE_165765_length_183_cov_117.266	gb_AF472622_+_52-1018_ARO:3003003_CfxA3	100.000	121	0	0	63	183	1	121	8.50e-60	224
NODE_165765_length_183_cov_117.266	gb_AY769934_+_27-993_ARO:3003096_CfxA5	100.000	121	0	0	63	183	1	121	8.50e-60	224
NODE_165765_length_183_cov_117.266	gb_U38243_+_149-1115_ARO:3003001_CfxA	100.000	121	0	0	63	183	1	121	8.50e-60	224
NODE_165765_length_183_cov_117.266	gb_AY769933_+_0-966_ARO:3003005_CfxA4	100.000	121	0	0	63	183	1	121	8.50e-60	224
NODE_165765_length_183_cov_117.266	gb_AF118110.1_-_71-1037_ARO:3003002_CfxA2	100.000	121	0	0	63	183	1	121	8.50e-60	224
NODE_165836_length_182_cov_19.378	gb_Z21523_+_0-1974_ARO:3000191_tetQ	100.000	85	0	0	98	182	1	85	8.69e-40	158
NODE_166082_length_180_cov_11.888	gb_CP007593.1_+_2148923-2149772_ARO:3001301_RlmA(II)	86.471	170	21	2	1	169	169	1	3.94e-48	185
NODE_167266_length_167_cov_13.6339	gb_HM990671_+_5192-6671_ARO:3003112_lsaC	98.438	64	1	0	1	64	64	1	1.74e-26	113
NODE_167472_length_165_cov_12.9455	gb_HM990671_+_5192-6671_ARO:3003112_lsaC	92.727	165	12	0	1	165	1061	1225	2.72e-64	239
NODE_171225_length_130_cov_16.6533	gb_HM990671_+_5192-6671_ARO:3003112_lsaC	96.923	130	4	0	1	130	1161	1290	2.70e-58	219
NODE_171836_length_124_cov_3.23188	gb_HQ652506.1_+_373-2098_ARO:3004032_tetA(46)	97.619	42	1	0	1	42	42	1	2.10e-14	73.1
NODE_174225_length_110_cov_16.9091	gb_AM180355_+_600033-601953_ARO:3000186_tetM	100.000	37	0	0	1	37	1884	1920	2.36e-13	69.4
NODE_174253_length_110_cov_86.0727	gb_Z21523_+_0-1974_ARO:3000191_tetQ	100.000	55	0	0	1	55	85	31	2.32e-23	102
NODE_174264_length_110_cov_72.3091	gb_AM180355_+_600033-601953_ARO:3000186_tetM	100.000	54	0	0	2	55	1858	1911	8.35e-23	100
NODE_182307_length_67_cov_23.25	gb_HM990671_+_5192-6671_ARO:3003112_lsaC	100.000	67	0	0	1	67	1171	1237	2.67e-30	124
NODE_185047_length_58_cov_16.6667	gb_HM990671_+_5192-6671_ARO:3003112_lsaC	100.000	58	0	0	1	58	175	232	2.20e-25	108
NODE_185718_length_56_cov_10	gb_AM180355_+_600033-601953_ARO:3000186_tetM	100.000	56	0	0	1	56	1912	1857	2.70e-24	104
