NODE_1_length_767544_cov_153.581	gb_AP006618.1_+_4835199-4838688_ARO:3000501_Nocardia	76.715	3148	664	59	340636	343756	268	3373	0.0	1688
NODE_19_length_96957_cov_9.80905	gb_AP006618.1_+_4835199-4838688_ARO:3000501_Nocardia	74.946	3213	741	52	55961	59150	287	3458	0.0	1415
NODE_117_length_45817_cov_6.82673	gb_NC_000913.3_-_481253-484403_ARO:3000216_acrB	70.265	565	143	21	15050	15600	1559	1006	9.03e-17	89.8
NODE_156_length_42218_cov_65.9835	gb_CP007593.1_+_2148923-2149772_ARO:3001301_RlmA(II)	85.867	842	117	2	5360	6200	1	841	0.0	894
NODE_243_length_34295_cov_7.47903	gb_KX236309.1_-_3136-4762_ARO:3004194_MCR-1.2	83.908	87	12	2	31984	32069	1229	1144	1.13e-14	82.4
NODE_243_length_34295_cov_7.47903	gb_KP347127_+_22412-24038_ARO:3003689_MCR-1	83.908	87	12	2	31984	32069	1229	1144	1.13e-14	82.4
NODE_266_length_33275_cov_47.9119	gb_NC_003098.1_-_1359228-1360395_ARO:3000025_patB	81.983	1160	203	6	4725	5881	1	1157	0.0	979
NODE_320_length_30200_cov_8.82136	gb_AY768532_+_0-1935_ARO:3000535_macB	74.375	1959	442	54	9166	11097	1935	10	0.0	782
NODE_393_length_27424_cov_26.0119	gb_AF235050.4_+_38028-40140_ARO:3003318_Streptomyces	75.182	1100	213	54	24378	25450	925	1991	7.68e-130	464
NODE_709_length_19295_cov_48.8905	gb_KC539823_+_1017-2586_ARO:3002829_vgaA	100.000	28	0	0	9993	10020	1250	1223	4.99e-06	52.8
NODE_709_length_19295_cov_48.8905	gb_DQ823382_+_0-1569_ARO:3002830_vgaALC	100.000	28	0	0	9993	10020	1250	1223	4.99e-06	52.8
NODE_1052_length_14526_cov_47.2436	gb_AM180355_+_600033-601953_ARO:3000186_tetM	90.365	1920	185	0	483	2402	1920	1	0.0	2521
NODE_1052_length_14526_cov_47.2436	gb_L09756_+_0-1926_ARO:3000192_tetS	78.745	1929	389	19	484	2401	1920	2	0.0	1271
NODE_1379_length_12104_cov_27.4355	gb_NC_014638.1_-_1610636-1613960_ARO:3003730_Bifidobacteria	74.913	865	179	28	4188	5024	1302	2156	4.58e-99	361
NODE_1663_length_10570_cov_10.5469	gb_NC_012469.1_-_1800927-1802391_ARO:3000616_mel	100.000	1464	0	0	743	2206	1464	1	0.0	2704
NODE_1663_length_10570_cov_10.5469	gb_NC_023287.1_-_65291-66509_ARO:3000615_mefA	96.962	1218	37	0	2326	3543	1218	1	0.0	2045
NODE_1846_length_9800_cov_7.91206	gb_Z21523_+_0-1974_ARO:3000191_tetQ	98.936	1974	21	0	6711	8684	1	1974	0.0	3530
NODE_2786_length_7070_cov_3.49793	gb_CP007593.1_+_2148923-2149772_ARO:3001301_RlmA(II)	84.762	840	128	0	79	918	1	840	0.0	843
NODE_3978_length_5374_cov_7.34179	gb_AF242872_+_2131-2878_ARO:3000375_ErmB	99.063	747	6	1	680	1425	1	747	0.0	1339
NODE_4408_length_4931_cov_3.06604	gb_M17124_+_1181-1982_ARO:3000498_ErmF	99.875	801	1	0	1969	2769	801	1	0.0	1474
NODE_4408_length_4931_cov_3.06604	gb_AF319779.2_+_32-833_ARO:3000604_Erm(35)	78.518	796	167	3	1976	2769	794	1	2.90e-147	520
NODE_4941_length_4499_cov_36.7856	gb_NC_003098.1_-_1359228-1360395_ARO:3000025_patB	82.241	1160	200	6	1159	2315	1	1157	0.0	996
NODE_5546_length_4095_cov_16.1032	gb_CP007593.1_+_2148923-2149772_ARO:3001301_RlmA(II)	84.615	845	126	4	124	966	843	1	0.0	837
NODE_6062_length_3813_cov_7.9215	gb_HM990671_+_5192-6671_ARO:3003112_lsaC	84.402	1481	227	3	952	2430	1479	1	0.0	1452
NODE_6164_length_3767_cov_5.27478	gb_AF235050.4_+_38028-40140_ARO:3003318_Streptomyces	72.921	1551	312	87	1082	2578	2067	571	6.38e-123	438
NODE_6164_length_3767_cov_5.27478	gb_AF235050.4_+_38028-40140_ARO:3003318_Streptomyces	78.358	402	81	4	2718	3116	452	54	6.90e-68	255
NODE_6545_length_3595_cov_2.79294	gb_AY768531_+_0-1179_ARO:3000533_macA	77.882	1067	228	7	2022	3084	110	1172	0.0	656
NODE_6545_length_3595_cov_2.79294	gb_AY768532_+_0-1935_ARO:3000535_macB	82.488	434	76	0	3162	3595	1	434	1.04e-105	381
NODE_7621_length_3174_cov_3.61109	gb_AY768532_+_0-1935_ARO:3000535_macB	80.567	247	48	0	2350	2596	662	416	1.66e-48	191
NODE_7644_length_3167_cov_106.307	gb_NC_014638.1_-_1610636-1613960_ARO:3003730_Bifidobacteria	79.097	421	86	2	3	422	1729	2148	5.71e-78	289
NODE_7716_length_3141_cov_104.377	gb_AP006618.1_+_4835199-4838688_ARO:3000501_Nocardia	73.565	1411	302	58	1	1380	2247	877	1.46e-133	473
NODE_7860_length_3087_cov_2.4591	gb_AJ295238.3_+_163-2083_ARO:3000196_tet32	89.348	1718	164	18	1353	3060	1911	203	0.0	2141
NODE_8958_length_2762_cov_6.79719	gb_HM990671_+_5192-6671_ARO:3003112_lsaC	93.572	1478	95	0	806	2283	2	1479	0.0	2204
NODE_12439_length_2064_cov_5.50871	gb_HM990671_+_5192-6671_ARO:3003112_lsaC	87.968	1388	167	0	1	1388	1388	1	0.0	1639
NODE_13855_length_1868_cov_1.74683	gb_HM990671_+_5192-6671_ARO:3003112_lsaC	81.641	256	47	0	1613	1868	1470	1215	2.08e-55	213
NODE_15029_length_1732_cov_2.04651	gb_AFRQ01000061.1_-_23986-27124_ARO:3004144_AxyY	83.810	105	15	2	643	746	2734	2631	5.63e-21	99.0
NODE_18261_length_1445_cov_118.478	gb_NC_014638.1_-_1610636-1613960_ARO:3003730_Bifidobacteria	75.413	484	93	17	1	462	1781	1302	5.76e-55	211
NODE_19832_length_1329_cov_1.76688	gb_HM990671_+_5192-6671_ARO:3003112_lsaC	100.000	29	0	0	258	286	424	452	9.44e-08	54.7
NODE_25599_length_1018_cov_2.4704	gb_AP006618.1_+_4835199-4838688_ARO:3000501_Nocardia	80.899	356	52	11	129	476	2986	3333	8.49e-72	267
NODE_26936_length_967_cov_2.5943	gb_AF118110.1_-_71-1037_ARO:3003002_CfxA2	99.871	774	1	0	194	967	966	193	0.0	1424
NODE_26936_length_967_cov_2.5943	gb_AF472622_+_52-1018_ARO:3003003_CfxA3	99.742	774	2	0	194	967	966	193	0.0	1419
NODE_26936_length_967_cov_2.5943	gb_AY769934_+_27-993_ARO:3003096_CfxA5	99.742	774	2	0	194	967	966	193	0.0	1419
NODE_26936_length_967_cov_2.5943	gb_U38243_+_149-1115_ARO:3003001_CfxA	99.742	774	2	0	194	967	966	193	0.0	1419
NODE_26936_length_967_cov_2.5943	gb_AY769933_+_0-966_ARO:3003005_CfxA4	99.742	774	2	0	194	967	966	193	0.0	1419
NODE_26936_length_967_cov_2.5943	gb_GQ342996_+_797-1793_ARO:3003097_CfxA6	88.427	769	86	3	199	966	993	227	0.0	924
NODE_30281_length_859_cov_5.57836	gb_X63451_+_0-1653_ARO:3002828_srmB	97.059	34	1	0	136	169	1466	1499	4.67e-09	58.4
NODE_32277_length_803_cov_2.42647	gb_NC_003098.1_-_1359228-1360395_ARO:3000025_patB	84.860	535	81	0	269	803	1	535	3.56e-154	540
NODE_32448_length_799_cov_104.333	gb_AF235050.4_+_38028-40140_ARO:3003318_Streptomyces	86.154	65	9	0	618	682	1897	1961	5.59e-13	71.3
NODE_33739_length_765_cov_1.57042	gb_AB015853_+_1330-4471_ARO:3003033_mexY	80.306	523	95	8	247	765	888	1406	1.30e-108	388
NODE_34441_length_750_cov_3.60432	gb_CP007593.1_+_2148923-2149772_ARO:3001301_RlmA(II)	84.867	641	93	4	1	639	205	843	0.0	643
NODE_37189_length_694_cov_10.0469	gb_NC_014638.1_-_1610636-1613960_ARO:3003730_Bifidobacteria	73.780	717	158	21	1	693	1329	2039	1.24e-68	255
NODE_41627_length_614_cov_3.41503	gb_HM990671_+_5192-6671_ARO:3003112_lsaC	89.496	238	25	0	1	238	1242	1479	1.39e-82	302
NODE_42098_length_606_cov_1.60254	gb_HM990671_+_5192-6671_ARO:3003112_lsaC	70.968	496	120	21	83	563	867	381	6.93e-21	97.1
NODE_43657_length_584_cov_1.13989	gb_AF235050.4_+_38028-40140_ARO:3003318_Streptomyces	76.221	307	63	9	1	302	377	76	3.90e-38	154
NODE_53064_length_473_cov_2.60526	gb_AJ295238.3_+_163-2083_ARO:3000196_tet32	82.183	449	78	2	3	450	602	155	1.02e-107	385
NODE_61995_length_397_cov_0.520468	gb_NC_003112.2_-_1795181-1796420_ARO:3000810_mtrC	76.294	367	85	2	7	372	905	540	1.54e-50	195
NODE_64965_length_377_cov_2.51553	gb_AY768532_+_0-1935_ARO:3000535_macB	87.017	362	45	2	1	361	488	848	1.72e-114	407
NODE_67080_length_364_cov_0.97411	gb_L36601_+_1420-3130_ARO:3003036_oleB	92.500	40	3	0	22	61	673	634	1.93e-09	58.4
NODE_76585_length_319_cov_0.992424	gb_KX000273.1_+_0-1740_ARO:3004036_tetB(60)	94.671	319	17	0	1	319	1674	1356	2.99e-141	496
NODE_82784_length_296_cov_1.51037	gb_AF173226_+_3767-6917_ARO:3003052_smeB	85.484	62	9	0	188	249	1245	1184	9.23e-12	65.8
NODE_82784_length_296_cov_1.51037	gb_AJ252200_+_1278-4401_ARO:3003056_smeE	92.857	42	3	0	188	229	1245	1204	1.19e-10	62.1
NODE_86947_length_283_cov_3.31579	gb_NC_003098.1_-_1359228-1360395_ARO:3000025_patB	85.393	178	26	0	1	178	178	1	6.47e-48	185
NODE_89049_length_277_cov_1.32883	gb_U57969_+_1485-4617_ARO:3000801_MexD	81.923	260	41	6	3	259	1022	1278	8.06e-57	215
NODE_102147_length_248_cov_1.80311	gb_X63451_+_0-1653_ARO:3002828_srmB	78.448	116	19	6	89	201	1465	1577	1.64e-13	71.3
NODE_103224_length_246_cov_1.9267	gb_AF472622_+_52-1018_ARO:3003003_CfxA3	100.000	185	0	0	1	185	185	1	3.12e-95	342
NODE_103224_length_246_cov_1.9267	gb_AY769934_+_27-993_ARO:3003096_CfxA5	100.000	185	0	0	1	185	185	1	3.12e-95	342
NODE_103224_length_246_cov_1.9267	gb_U38243_+_149-1115_ARO:3003001_CfxA	100.000	185	0	0	1	185	185	1	3.12e-95	342
NODE_103224_length_246_cov_1.9267	gb_AY769933_+_0-966_ARO:3003005_CfxA4	100.000	185	0	0	1	185	185	1	3.12e-95	342
NODE_103224_length_246_cov_1.9267	gb_AF118110.1_-_71-1037_ARO:3003002_CfxA2	100.000	185	0	0	1	185	185	1	3.12e-95	342
NODE_115767_length_226_cov_0.80117	gb_AF173226_+_3767-6917_ARO:3003052_smeB	86.000	200	24	2	8	205	1048	1245	8.36e-56	211
NODE_115767_length_226_cov_0.80117	gb_AJ252200_+_1278-4401_ARO:3003056_smeE	84.804	204	31	0	2	205	1042	1245	3.89e-54	206
NODE_132361_length_199_cov_5.89583	gb_CP007593.1_+_2148923-2149772_ARO:3001301_RlmA(II)	95.652	46	2	0	1	46	46	1	9.95e-15	75.0
