NODE_16_length_2200_cov_4.18788	gb_NC_012469.1_-_1800927-1802391_ARO:3000616_mel	99.840	1250	2	0	951	2200	1	1250	0.0	2298
NODE_16_length_2200_cov_4.18788	gb_NC_023287.1_-_65291-66509_ARO:3000615_mefA	97.232	831	23	0	1	831	388	1218	0.0	1408
NODE_74_length_1309_cov_4.91228	gb_NC_023287.1_-_65291-66509_ARO:3000615_mefA	94.712	208	11	0	1102	1309	1	208	6.42e-89	324
NODE_116_length_1136_cov_4.23682	gb_AY043299.1_-_3984-5175_ARO:3000167_tet(C)	100.000	42	0	0	1094	1135	622	663	4.78e-15	78.7
NODE_160_length_1029_cov_3.07598	gb_CP007593.1_+_2148923-2149772_ARO:3001301_RlmA(II)	91.321	265	21	2	1	264	586	849	3.83e-100	361
NODE_163_length_1028_cov_3.58993	gb_NC_003098.1_-_1359228-1360395_ARO:3000025_patB	92.802	1028	74	0	1	1028	38	1065	0.0	1489
NODE_240_length_927_cov_4.36927	gb_NC_012469.1_-_1800927-1802391_ARO:3000616_mel	100.000	230	0	0	1	230	1235	1464	1.20e-119	425
NODE_348_length_828_cov_3.37387	gb_Z21523_+_0-1974_ARO:3000191_tetQ	96.781	466	15	0	1	466	1509	1974	0.0	778
NODE_803_length_644_cov_3.40577	gb_NC_003098.1_+_866210-867410_ARO:3000822_pmrA	96.257	187	7	0	458	644	1200	1014	3.13e-84	307
NODE_854_length_629_cov_1.51394	gb_EU434751_+_658-2578_ARO:3000194_tetW	100.000	629	0	0	1	629	1091	1719	0.0	1162
NODE_854_length_629_cov_1.51394	gb_KU736867.1_+_19653-21573_ARO:3004442_tet(W/N/W)	97.774	629	14	0	1	629	1091	1719	0.0	1085
NODE_1191_length_566_cov_2.5362	gb_AM180355_+_600033-601953_ARO:3000186_tetM	96.820	566	18	0	1	566	924	1489	0.0	946
NODE_1191_length_566_cov_2.5362	gb_L09756_+_0-1926_ARO:3000192_tetS	80.109	548	109	0	8	555	931	1478	7.30e-115	409
NODE_1238_length_556_cov_3.66467	gb_NC_003098.1_+_866210-867410_ARO:3000822_pmrA	100.000	72	0	0	1	72	72	1	4.83e-32	134
NODE_1318_length_545_cov_1.27959	gb_AP006618.1_+_4835199-4838688_ARO:3000501_Nocardia	84.925	398	56	4	49	444	2966	3361	4.23e-112	399
NODE_1340_length_541_cov_2.57202	gb_AM180355_+_600033-601953_ARO:3000186_tetM	96.964	494	15	0	1	494	1427	1920	0.0	830
NODE_2101_length_464_cov_2.62836	gb_AF472622_+_52-1018_ARO:3003003_CfxA3	100.000	464	0	0	1	464	238	701	0.0	857
NODE_2101_length_464_cov_2.62836	gb_AY769934_+_27-993_ARO:3003096_CfxA5	100.000	464	0	0	1	464	238	701	0.0	857
NODE_2101_length_464_cov_2.62836	gb_U38243_+_149-1115_ARO:3003001_CfxA	100.000	464	0	0	1	464	238	701	0.0	857
NODE_2101_length_464_cov_2.62836	gb_AY769933_+_0-966_ARO:3003005_CfxA4	100.000	464	0	0	1	464	238	701	0.0	857
NODE_2101_length_464_cov_2.62836	gb_AF118110.1_-_71-1037_ARO:3003002_CfxA2	100.000	464	0	0	1	464	238	701	0.0	857
NODE_2101_length_464_cov_2.62836	gb_GQ342996_+_797-1793_ARO:3003097_CfxA6	87.284	464	59	0	1	464	271	734	1.21e-151	531
NODE_2894_length_420_cov_1.62466	gb_AJ295238.3_+_163-2083_ARO:3000196_tet32	99.524	420	2	0	1	420	423	842	0.0	765
NODE_3600_length_390_cov_2.58507	gb_CP007593.1_+_2148923-2149772_ARO:3001301_RlmA(II)	91.003	389	35	0	1	389	238	626	4.70e-150	525
NODE_3968_length_379_cov_2.46296	gb_NC_003098.1_-_1359228-1360395_ARO:3000025_patB	94.737	76	4	0	1	76	76	1	9.05e-28	119
NODE_4480_length_365_cov_3.57742	gb_CP007593.1_+_2148923-2149772_ARO:3001301_RlmA(II)	89.589	365	38	0	1	365	596	232	9.74e-132	464
NODE_5495_length_342_cov_2.83624	gb_NC_003098.1_+_866210-867410_ARO:3000822_pmrA	93.195	338	22	1	1	337	479	816	3.22e-141	496
NODE_6232_length_329_cov_2.88321	gb_Z21523_+_0-1974_ARO:3000191_tetQ	98.176	329	6	0	1	329	1359	1031	3.86e-165	575
NODE_6444_length_325_cov_2.02593	gb_AF472622_+_52-1018_ARO:3003003_CfxA3	100.000	61	0	0	1	61	906	966	3.59e-26	113
NODE_6444_length_325_cov_2.02593	gb_AY769934_+_27-993_ARO:3003096_CfxA5	100.000	61	0	0	1	61	906	966	3.59e-26	113
NODE_6444_length_325_cov_2.02593	gb_U38243_+_149-1115_ARO:3003001_CfxA	100.000	61	0	0	1	61	906	966	3.59e-26	113
NODE_6444_length_325_cov_2.02593	gb_AY769933_+_0-966_ARO:3003005_CfxA4	100.000	61	0	0	1	61	906	966	3.59e-26	113
NODE_6444_length_325_cov_2.02593	gb_AF118110.1_-_71-1037_ARO:3003002_CfxA2	100.000	61	0	0	1	61	906	966	3.59e-26	113
NODE_6669_length_322_cov_1.68539	gb_HM990671_+_5192-6671_ARO:3003112_lsaC	90.994	322	29	0	1	322	1042	721	6.68e-123	435
NODE_6998_length_317_cov_2.36641	gb_Z21523_+_0-1974_ARO:3000191_tetQ	89.776	313	32	0	5	317	1557	1245	6.67e-113	401
NODE_7462_length_311_cov_2.45312	gb_Z21523_+_0-1974_ARO:3000191_tetQ	99.035	311	3	0	1	311	433	123	3.66e-160	558
NODE_8426_length_301_cov_1.46341	gb_NC_017452.1_-_1144673-1146068_ARO:3003953_hmrM	94.631	298	16	0	1	298	538	241	2.85e-131	462
NODE_10041_length_286_cov_1.93939	gb_NC_003098.1_+_866210-867410_ARO:3000822_pmrA	93.706	286	18	0	1	286	759	1044	2.74e-121	429
NODE_11944_length_272_cov_2.48387	gb_NC_023287.1_-_65291-66509_ARO:3000615_mefA	96.337	273	8	2	1	272	398	127	7.16e-127	448
NODE_12417_length_269_cov_1.8271	gb_HQ652506.1_+_373-2098_ARO:3004032_tetA(46)	97.026	269	8	0	1	269	395	663	1.52e-128	453
NODE_13180_length_264_cov_3.2201	gb_KU736867.1_+_19653-21573_ARO:3004442_tet(W/N/W)	96.970	264	8	0	1	264	413	676	8.97e-126	444
NODE_13180_length_264_cov_3.2201	gb_EU434751_+_658-2578_ARO:3000194_tetW	96.591	264	9	0	1	264	413	676	4.17e-124	438
NODE_13562_length_262_cov_2.24155	gb_HM990671_+_5192-6671_ARO:3003112_lsaC	92.748	262	17	2	1	261	1404	1144	9.15e-106	377
NODE_13680_length_261_cov_2.15534	gb_Z21523_+_0-1974_ARO:3000191_tetQ	90.421	261	25	0	1	261	1291	1031	9.24e-96	344
NODE_14635_length_256_cov_2.86567	gb_M17124_+_1181-1982_ARO:3000498_ErmF	100.000	256	0	0	1	256	26	281	1.11e-134	473
NODE_14635_length_256_cov_2.86567	gb_AF319779.2_+_32-833_ARO:3000604_Erm(35)	78.906	256	54	0	1	256	26	281	1.26e-44	174
NODE_15502_length_252_cov_1.70558	gb_CP007593.1_+_2148923-2149772_ARO:3001301_RlmA(II)	90.323	124	12	0	1	124	124	1	2.67e-41	163
NODE_15682_length_251_cov_2.64286	gb_Z21523_+_0-1974_ARO:3000191_tetQ	98.925	186	2	0	66	251	1	186	1.92e-92	333
NODE_16212_length_248_cov_1.36788	gb_NC_002134.1_+_41537-42743_ARO:3000165_tet(A)	100.000	248	0	0	1	248	468	221	2.99e-130	459
NODE_16212_length_248_cov_1.36788	gb_AB089595_+_0-1206_ARO:3000166_tet(B)	100.000	248	0	0	1	248	468	221	2.99e-130	459
NODE_16585_length_247_cov_1.34896	gb_HQ652506.1_+_2099-3836_ARO:3004033_tetB(46)	84.091	220	33	2	29	247	1097	1315	9.21e-56	211
NODE_17434_length_243_cov_2.6383	gb_NC_003098.1_-_1359228-1360395_ARO:3000025_patB	91.770	243	20	0	1	243	723	965	3.98e-94	339
NODE_18555_length_239_cov_3.68478	gb_NC_003098.1_+_866210-867410_ARO:3000822_pmrA	96.218	238	9	0	1	238	374	611	1.06e-109	390
NODE_18847_length_238_cov_3.92896	gb_CP007593.1_+_2148923-2149772_ARO:3001301_RlmA(II)	90.336	238	23	0	1	238	8	245	2.36e-86	313
NODE_19650_length_235_cov_1.26667	gb_CP007593.1_+_2148923-2149772_ARO:3001301_RlmA(II)	86.522	230	31	0	1	230	7	236	1.43e-68	254
NODE_20175_length_233_cov_2.27528	gb_AF242872_+_2131-2878_ARO:3000375_ErmB	98.319	119	1	1	1	118	629	747	1.12e-54	207
NODE_20525_length_232_cov_2.15254	gb_AM180355_+_600033-601953_ARO:3000186_tetM	91.379	232	20	0	1	232	437	206	4.93e-88	318
NODE_21241_length_229_cov_2.21264	gb_AM180355_+_600033-601953_ARO:3000186_tetM	89.956	229	23	0	1	229	1164	1392	2.28e-81	296
NODE_25523_length_217_cov_1.62346	gb_HQ652506.1_+_373-2098_ARO:3004032_tetA(46)	96.335	191	7	0	27	217	1725	1535	5.93e-87	315
NODE_25956_length_215_cov_1.40625	gb_AF472622_+_52-1018_ARO:3003003_CfxA3	100.000	116	0	0	100	215	1	116	6.12e-57	215
NODE_25956_length_215_cov_1.40625	gb_AY769934_+_27-993_ARO:3003096_CfxA5	100.000	116	0	0	100	215	1	116	6.12e-57	215
NODE_25956_length_215_cov_1.40625	gb_U38243_+_149-1115_ARO:3003001_CfxA	100.000	116	0	0	100	215	1	116	6.12e-57	215
NODE_25956_length_215_cov_1.40625	gb_AY769933_+_0-966_ARO:3003005_CfxA4	100.000	116	0	0	100	215	1	116	6.12e-57	215
NODE_25956_length_215_cov_1.40625	gb_AF118110.1_-_71-1037_ARO:3003002_CfxA2	100.000	116	0	0	100	215	1	116	6.12e-57	215
NODE_27782_length_211_cov_2.13462	gb_Z21523_+_0-1974_ARO:3000191_tetQ	97.630	211	5	0	1	211	632	422	2.02e-101	363
NODE_28715_length_209_cov_0.896104	gb_NC_003098.1_-_1359228-1360395_ARO:3000025_patB	90.909	154	14	0	3	156	1008	1161	9.92e-55	207
NODE_29097_length_208_cov_2.43137	gb_CP007593.1_+_2148923-2149772_ARO:3001301_RlmA(II)	94.853	136	7	0	1	136	714	849	2.12e-56	213
NODE_29478_length_207_cov_2.50658	gb_NC_003098.1_+_866210-867410_ARO:3000822_pmrA	91.477	176	15	0	5	180	176	1	2.69e-65	243
