NODE_53_length_98403_cov_15.6715	gb_AM180355_+_600033-601953_ARO:3000186_tetM	90.417	1920	184	0	46443	48362	1	1920	0.0	2527
NODE_53_length_98403_cov_15.6715	gb_L09756_+_0-1926_ARO:3000192_tetS	78.797	1929	388	19	46444	48361	2	1920	0.0	1277
NODE_126_length_56812_cov_34.6603	gb_Z21523_+_0-1974_ARO:3000191_tetQ	98.987	1974	20	0	22460	24433	1	1974	0.0	3535
NODE_253_length_38292_cov_14.7199	gb_NC_003112.2_-_1791966-1795170_ARO:3000811_mtrD	80.960	3188	583	19	32374	35549	3176	1	0.0	2503
NODE_444_length_26076_cov_12.7617	gb_AY768532_+_0-1935_ARO:3000535_macB	81.440	1945	344	16	15805	17742	1935	1	0.0	1576
NODE_444_length_26076_cov_12.7617	gb_AY768531_+_0-1179_ARO:3000533_macA	76.122	1047	246	4	17888	18932	1118	74	2.54e-154	545
NODE_868_length_17310_cov_12.4006	gb_AB219524.1_+_1176-4338_ARO:3003699_mexQ	92.683	41	3	0	15191	15231	2812	2852	2.68e-08	60.2
NODE_868_length_17310_cov_12.4006	gb_NC_002516_+_2810008-2813197_ARO:3000804_MexF	97.059	34	1	0	15202	15235	2850	2883	9.62e-08	58.4
NODE_868_length_17310_cov_12.4006	gb_AJ252200_+_1278-4401_ARO:3003056_smeE	97.059	34	1	0	15202	15235	2823	2856	9.62e-08	58.4
NODE_966_length_16100_cov_12.5905	gb_NC_003098.1_-_1359228-1360395_ARO:3000025_patB	82.788	1162	190	8	14063	15219	1157	1	0.0	1029
NODE_1307_length_13401_cov_3.234	gb_NC_000913.3_+_3219493-3220873_ARO:3000024_patA	76.506	166	37	2	12486	12650	700	864	2.64e-17	89.8
NODE_1444_length_12636_cov_6.86122	gb_AFRQ01000061.1_-_23986-27124_ARO:3004144_AxyY	82.857	105	16	2	5332	5435	2631	2734	1.92e-18	93.5
NODE_1487_length_12352_cov_6.71741	gb_M57437_+_0-1647_ARO:3002827_tlrC	87.500	48	6	0	9417	9464	553	600	2.47e-07	56.5
NODE_1715_length_11304_cov_13.9121	gb_NC_003112.2_+_329612-330767_ARO:3003961_farA	73.014	919	224	22	7487	8393	127	1033	2.63e-81	302
NODE_1857_length_10773_cov_5.38487	gb_NC_000913.3_-_481253-484403_ARO:3000216_acrB	80.172	116	16	5	4242	4352	1575	1462	1.28e-14	80.5
NODE_1878_length_10706_cov_7.35095	gb_AY768532_+_0-1935_ARO:3000535_macB	81.584	1944	339	18	2138	4073	1933	1	0.0	1589
NODE_1878_length_10706_cov_7.35095	gb_AY768531_+_0-1179_ARO:3000533_macA	77.955	1066	229	4	4151	5213	1172	110	0.0	662
NODE_2070_length_10121_cov_9.71965	gb_AF118110.1_-_71-1037_ARO:3003002_CfxA2	100.000	966	0	0	923	1888	1	966	0.0	1784
NODE_2070_length_10121_cov_9.71965	gb_AF472622_+_52-1018_ARO:3003003_CfxA3	99.896	966	1	0	923	1888	1	966	0.0	1779
NODE_2070_length_10121_cov_9.71965	gb_AY769934_+_27-993_ARO:3003096_CfxA5	99.896	966	1	0	923	1888	1	966	0.0	1779
NODE_2070_length_10121_cov_9.71965	gb_U38243_+_149-1115_ARO:3003001_CfxA	99.896	966	1	0	923	1888	1	966	0.0	1779
NODE_2070_length_10121_cov_9.71965	gb_AY769933_+_0-966_ARO:3003005_CfxA4	99.896	966	1	0	923	1888	1	966	0.0	1779
NODE_2070_length_10121_cov_9.71965	gb_GQ342996_+_797-1793_ARO:3003097_CfxA6	89.234	966	101	3	919	1883	30	993	0.0	1205
NODE_2518_length_8836_cov_5.43207	gb_AP006618.1_+_4835199-4838688_ARO:3000501_Nocardia	75.307	3171	674	85	1542	4653	250	3370	0.0	1417
NODE_2840_length_8192_cov_3.42473	gb_AY768532_+_0-1935_ARO:3000535_macB	74.003	1731	408	38	6065	7777	10	1716	0.0	665
NODE_3692_length_6861_cov_12.5167	gb_NC_003098.1_-_1359228-1360395_ARO:3000025_patB	83.725	1149	183	4	5715	6861	1157	11	0.0	1083
NODE_5355_length_5360_cov_4.40754	gb_AF235050.4_+_38028-40140_ARO:3003318_Streptomyces	75.558	896	178	32	118	997	1785	915	3.32e-112	403
NODE_6730_length_4572_cov_20.8109	gb_NC_003112.2_-_1791966-1795170_ARO:3000811_mtrD	80.418	1818	342	12	1	1811	1811	1	0.0	1373
NODE_6730_length_4572_cov_20.8109	gb_CP001050.1_+_1332866-1333499_ARO:3000817_mtrR	79.870	616	121	3	3351	3964	1	615	1.29e-125	448
NODE_7963_length_4027_cov_9.45997	gb_AY768531_+_0-1179_ARO:3000533_macA	72.007	568	149	10	2300	2862	698	136	5.95e-39	159
NODE_8073_length_3988_cov_11.5441	gb_NC_003112.2_-_1795181-1796420_ARO:3000810_mtrC	73.151	730	180	14	2399	3120	905	184	1.22e-65	248
NODE_8205_length_3943_cov_3.61986	gb_NC_010378.1_+_47850-51003_ARO:3003923_oqxB	96.774	31	1	0	156	186	2287	2317	1.02e-06	52.8
NODE_9128_length_3656_cov_18.476	gb_NC_003112.2_-_1791966-1795170_ARO:3000811_mtrD	82.150	1423	244	8	2237	3654	3176	1759	0.0	1212
NODE_9470_length_3551_cov_3.2869	gb_NC_000913.3_-_481253-484403_ARO:3000216_acrB	80.000	110	17	4	1499	1604	1559	1451	5.43e-14	76.8
NODE_10029_length_3390_cov_4.68096	gb_U57969_+_1485-4617_ARO:3000801_MexD	72.483	596	135	22	1754	2336	1560	981	1.08e-40	165
NODE_10029_length_3390_cov_4.68096	gb_L11616_+_1569-4710_ARO:3000378_MexB	72.374	514	125	14	1760	2263	1554	1048	3.90e-35	147
NODE_10029_length_3390_cov_4.68096	gb_AFRQ01000061.1_-_23986-27124_ARO:3004144_AxyY	73.497	449	92	15	220	665	3055	2631	1.40e-34	145
NODE_10029_length_3390_cov_4.68096	gb_NC_002516_+_2810008-2813197_ARO:3000804_MexF	75.836	269	59	5	2052	2317	1268	1003	1.09e-30	132
NODE_10029_length_3390_cov_4.68096	gb_NC_007779_+_2586250-2589364_ARO:3000491_acrD	81.159	138	18	7	1998	2131	1313	1180	2.38e-22	104
NODE_10029_length_3390_cov_4.68096	gb_NC_010378.1_+_47850-51003_ARO:3003923_oqxB	82.243	107	16	2	2028	2134	1289	1186	6.66e-18	89.8
NODE_10029_length_3390_cov_4.68096	gb_AB219524.1_+_1176-4338_ARO:3003699_mexQ	82.569	109	12	5	2021	2127	1293	1190	6.66e-18	89.8
NODE_10029_length_3390_cov_4.68096	gb_NC_002516_+_4707534-4710624_ARO:3000808_mexI	83.000	100	15	2	2044	2142	1246	1148	6.66e-18	89.8
NODE_11142_length_3128_cov_2.67556	gb_M80346_+_0-1656_ARO:3002817_carA	100.000	34	0	0	243	276	1502	1469	3.72e-10	63.9
NODE_11142_length_3128_cov_2.67556	gb_M80346_+_0-1656_ARO:3002817_carA	92.857	42	2	1	1122	1163	1502	1462	4.82e-09	60.2
NODE_11954_length_2968_cov_7.3965	gb_M80346_+_0-1656_ARO:3002817_carA	100.000	29	0	0	341	369	1503	1475	2.13e-07	54.7
NODE_11958_length_2968_cov_6.10436	gb_L36601_+_1420-3130_ARO:3003036_oleB	97.143	35	1	0	2195	2229	634	668	4.57e-09	60.2
NODE_14457_length_2564_cov_1.96971	gb_AB015853_+_1330-4471_ARO:3003033_mexY	81.368	585	98	10	704	1284	1550	973	1.99e-131	466
NODE_14457_length_2564_cov_1.96971	gb_AFRQ01000061.1_-_23986-27124_ARO:3004144_AxyY	80.592	608	105	12	682	1284	1572	973	1.20e-128	457
NODE_14457_length_2564_cov_1.96971	gb_U57969_+_1485-4617_ARO:3000801_MexD	76.800	625	124	20	700	1315	1563	951	7.56e-91	331
NODE_14836_length_2510_cov_21.6888	gb_AY768532_+_0-1935_ARO:3000535_macB	86.658	1529	195	9	1	1526	1523	1	0.0	1685
NODE_14836_length_2510_cov_21.6888	gb_AY768531_+_0-1179_ARO:3000533_macA	83.802	889	131	11	1627	2510	1170	290	0.0	832
NODE_18550_length_2102_cov_18.2428	gb_NC_003098.1_+_866210-867410_ARO:3000822_pmrA	80.117	1197	230	6	869	2061	1198	6	0.0	885
NODE_20189_length_1963_cov_24.054	gb_AF235050.4_+_38028-40140_ARO:3003318_Streptomyces	86.154	65	9	0	1782	1846	1897	1961	1.39e-12	71.3
NODE_24751_length_1657_cov_4.61049	gb_CP007593.1_+_2148923-2149772_ARO:3001301_RlmA(II)	77.468	395	83	4	154	545	1	392	5.08e-61	231
NODE_26664_length_1559_cov_7.53657	gb_L36601_+_1420-3130_ARO:3003036_oleB	92.500	40	3	0	750	789	673	634	8.58e-09	58.4
NODE_26767_length_1553_cov_1.58478	gb_M80346_+_0-1656_ARO:3002817_carA	100.000	36	0	0	1140	1175	1467	1502	1.42e-11	67.6
NODE_26878_length_1548_cov_5.63228	gb_NC_003112.2_-_1795181-1796420_ARO:3000810_mtrC	73.792	683	155	19	865	1535	183	853	4.71e-66	248
NODE_27373_length_1525_cov_2.56054	gb_HM990671_+_5192-6671_ARO:3003112_lsaC	89.691	582	60	0	941	1522	9	590	0.0	743
NODE_29980_length_1414_cov_20.9051	gb_AP006618.1_+_4835199-4838688_ARO:3000501_Nocardia	72.961	1128	249	44	2	1107	1311	218	1.92e-94	342
NODE_30208_length_1405_cov_2.33556	gb_NC_012469.1_-_1800927-1802391_ARO:3000616_mel	98.423	1395	22	0	11	1405	1464	70	0.0	2455
NODE_30982_length_1376_cov_4.33535	gb_U00096_+_2812615-2814154_ARO:3000074_emrB	92.683	41	3	0	788	828	499	539	2.10e-09	60.2
NODE_31172_length_1369_cov_3.4003	gb_AP006618.1_+_4835199-4838688_ARO:3000501_Nocardia	80.899	356	52	11	427	774	3333	2986	1.15e-71	267
NODE_31217_length_1367_cov_35.2835	gb_HM990671_+_5192-6671_ARO:3003112_lsaC	88.843	1219	136	0	149	1367	1	1219	0.0	1498
NODE_32674_length_1315_cov_12.7373	gb_CP007593.1_+_2148923-2149772_ARO:3001301_RlmA(II)	84.043	846	129	6	320	1162	843	1	0.0	809
NODE_33009_length_1304_cov_2.53163	gb_HM990671_+_5192-6671_ARO:3003112_lsaC	85.141	1171	170	4	102	1270	1479	311	0.0	1195
NODE_33101_length_1301_cov_2.05778	gb_AJ295238.3_+_163-2083_ARO:3000196_tet32	79.389	262	50	4	1042	1301	1	260	4.06e-46	182
NODE_34685_length_1250_cov_8.67448	gb_AF235050.4_+_38028-40140_ARO:3003318_Streptomyces	74.876	1214	244	55	63	1250	763	1941	1.23e-140	496
NODE_35988_length_1211_cov_11.9576	gb_NC_003098.1_-_1359228-1360395_ARO:3000025_patB	95.385	65	3	0	1	65	65	1	8.41e-23	104
NODE_37868_length_1161_cov_14.934	gb_CP007593.1_+_2148923-2149772_ARO:3001301_RlmA(II)	84.155	852	129	5	160	1008	849	1	0.0	821
NODE_40911_length_1086_cov_4.24539	gb_AY227054_+_0-765_ARO:3001780_OXA-85	99.477	765	4	0	113	877	1	765	0.0	1391
NODE_42714_length_1046_cov_4.24218	gb_AP006618.1_+_4835199-4838688_ARO:3000501_Nocardia	83.673	245	38	2	1	244	3077	3320	1.15e-60	230
NODE_48344_length_940_cov_1.91073	gb_L36601_+_1420-3130_ARO:3003036_oleB	97.297	37	1	0	27	63	1532	1568	1.10e-10	63.9
NODE_48542_length_938_cov_2.4145	gb_AJ295238.3_+_163-2083_ARO:3000196_tet32	98.090	890	17	0	44	933	220	1109	0.0	1550
NODE_53044_length_867_cov_29.6736	gb_AP006618.1_+_4835199-4838688_ARO:3000501_Nocardia	80.478	251	47	2	2	251	1311	1062	4.46e-49	191
NODE_53779_length_856_cov_5.90512	gb_NC_014638.1_-_1610636-1613960_ARO:3003730_Bifidobacteria	78.274	336	69	4	1	334	1823	2156	9.39e-56	213
NODE_54007_length_853_cov_2.23935	gb_AJ295238.3_+_163-2083_ARO:3000196_tet32	80.536	858	149	17	1	849	1056	1904	0.0	643
NODE_55115_length_838_cov_16.8595	gb_NC_014638.1_-_1610636-1613960_ARO:3003730_Bifidobacteria	78.116	329	66	5	513	838	2148	1823	5.54e-53	204
NODE_58345_length_796_cov_1.87179	gb_U57969_+_1485-4617_ARO:3000801_MexD	74.709	344	77	9	419	757	1499	1161	3.23e-35	145
NODE_58345_length_796_cov_1.87179	gb_NC_007779_+_2586250-2589364_ARO:3000491_acrD	75.000	236	53	6	500	732	1412	1180	5.49e-23	104
NODE_58345_length_796_cov_1.87179	gb_U00096_+_3660413-3663527_ARO:3000796_mdtF	81.553	103	19	0	644	746	1268	1166	1.99e-17	86.1
NODE_58345_length_796_cov_1.87179	gb_AB219524.1_+_1176-4338_ARO:3003699_mexQ	88.235	68	6	2	653	719	1265	1199	9.25e-16	80.5
NODE_58806_length_791_cov_5.25679	gb_M80346_+_0-1656_ARO:3002817_carA	100.000	28	0	0	71	98	1502	1475	2.00e-07	52.8
NODE_59520_length_782_cov_5.69188	gb_AY768532_+_0-1935_ARO:3000535_macB	86.985	461	58	2	318	777	1933	1474	1.62e-147	518
NODE_61419_length_760_cov_2.48369	gb_M80346_+_0-1656_ARO:3002817_carA	100.000	28	0	0	409	436	1188	1161	1.92e-07	52.8
NODE_65007_length_723_cov_2.10778	gb_X63451_+_0-1653_ARO:3002828_srmB	97.222	36	1	0	665	700	1500	1465	3.03e-10	62.1
NODE_67449_length_700_cov_3.35659	gb_U00096_+_2155262-2158385_ARO:3000793_mdtB	74.528	318	77	4	72	387	2761	3076	1.70e-32	135
NODE_69590_length_681_cov_2.29073	gb_AY768532_+_0-1935_ARO:3000535_macB	100.000	31	0	0	3	33	425	455	3.69e-09	58.4
NODE_72986_length_653_cov_1.28763	gb_X63451_+_0-1653_ARO:3002828_srmB	97.222	36	1	0	615	650	1465	1500	2.73e-10	62.1
NODE_75181_length_637_cov_2.18729	gb_AY768532_+_0-1935_ARO:3000535_macB	97.143	35	0	1	13	47	455	422	3.44e-09	58.4
NODE_76639_length_627_cov_1.85664	gb_CP007593.1_+_2148923-2149772_ARO:3001301_RlmA(II)	87.119	295	38	0	333	627	843	549	1.40e-92	335
NODE_77253_length_622_cov_2.08466	gb_AF173226_+_3767-6917_ARO:3003052_smeB	75.224	335	74	8	285	616	2632	2960	5.39e-37	150
NODE_79554_length_607_cov_2.32065	gb_DQ212986_+_2258-2966_ARO:3002926_vanRG	96.875	32	1	0	357	388	281	312	4.24e-08	54.7
NODE_83057_length_585_cov_37.5566	gb_NC_014638.1_-_1610636-1613960_ARO:3003730_Bifidobacteria	76.274	569	109	18	12	558	1866	1302	6.18e-76	279
NODE_88704_length_552_cov_1.30986	gb_AP006618.1_+_4835199-4838688_ARO:3000501_Nocardia	77.076	554	117	10	1	552	2605	3150	2.06e-85	311
NODE_89285_length_549_cov_14.3704	gb_AY768532_+_0-1935_ARO:3000535_macB	82.297	209	34	3	342	549	416	622	2.17e-45	178
NODE_92388_length_531_cov_2.03571	gb_KX000272.1_+_0-1740_ARO:3004035_tetA(60)	87.500	528	65	1	1	528	253	779	6.28e-175	608
NODE_94086_length_523_cov_6.26923	gb_AY768531_+_0-1179_ARO:3000533_macA	85.878	524	72	2	1	523	290	812	2.27e-159	556
NODE_102298_length_485_cov_3.98837	gb_M57437_+_0-1647_ARO:3002827_tlrC	100.000	33	0	0	357	389	1468	1500	2.01e-10	62.1
NODE_111771_length_449_cov_2.18274	gb_LT673656.1_-_1884344-1885022_ARO:3004054_Pseudomonas	90.741	54	3	2	216	268	332	280	3.07e-13	71.3
NODE_113036_length_444_cov_2.35219	gb_CP007593.1_+_2148923-2149772_ARO:3001301_RlmA(II)	90.033	301	30	0	1	301	543	843	2.05e-109	390
NODE_118361_length_426_cov_2.22642	gb_HM990671_+_5192-6671_ARO:3003112_lsaC	94.848	427	20	2	1	426	1298	873	0.0	665
NODE_118394_length_426_cov_2.19946	gb_KX000272.1_+_0-1740_ARO:3004035_tetA(60)	90.141	426	42	0	1	426	1036	1461	6.59e-159	555
NODE_124436_length_408_cov_1.88385	gb_KX000273.1_+_0-1740_ARO:3004036_tetB(60)	98.753	401	5	0	1	401	680	280	0.0	713
NODE_126438_length_402_cov_1.24784	gb_AF173226.1_-_351-1041_ARO:3003066_smeR	74.522	157	38	2	23	178	160	315	3.54e-12	67.6
NODE_129432_length_394_cov_1	gb_M80346_+_0-1656_ARO:3002817_carA	100.000	30	0	0	1	30	1474	1503	7.50e-09	56.5
NODE_134699_length_381_cov_2.1319	gb_NC_023287.1_-_65291-66509_ARO:3000615_mefA	82.984	382	63	2	1	381	608	988	1.38e-95	344
NODE_137967_length_373_cov_1.21069	gb_AP006618.1_+_4835199-4838688_ARO:3000501_Nocardia	85.294	340	46	4	5	342	3025	3362	1.04e-96	348
NODE_145318_length_357_cov_1.88742	gb_HM990671_+_5192-6671_ARO:3003112_lsaC	93.168	161	11	0	2	162	1319	1479	2.26e-63	237
NODE_145675_length_356_cov_1.21927	gb_KX000272.1_+_0-1740_ARO:3004035_tetA(60)	99.719	356	1	0	1	356	1738	1383	0.0	652
NODE_151966_length_344_cov_2.49135	gb_AF235050.4_+_38028-40140_ARO:3003318_Streptomyces	92.727	55	4	0	28	82	130	76	3.87e-16	80.5
NODE_154464_length_339_cov_1.42606	gb_NC_023287.1_-_65291-66509_ARO:3000615_mefA	96.066	305	10	2	36	339	1218	915	3.19e-141	496
NODE_160911_length_328_cov_1.92308	gb_HM990671_+_5192-6671_ARO:3003112_lsaC	94.817	328	17	0	1	328	374	47	3.06e-146	512
NODE_165514_length_320_cov_1.85283	gb_L36601_+_1420-3130_ARO:3003036_oleB	97.368	38	1	0	120	157	671	634	1.00e-11	65.8
NODE_167242_length_317_cov_0.90458	gb_NC_003098.1_+_866210-867410_ARO:3000822_pmrA	94.684	301	16	0	17	317	1200	900	6.48e-133	468
NODE_181726_length_296_cov_0.780083	gb_AF235050.4_+_38028-40140_ARO:3003318_Streptomyces	83.085	201	32	2	89	288	1348	1547	8.78e-47	182
NODE_182391_length_295_cov_1.075	gb_NC_023287.1_-_65291-66509_ARO:3000615_mefA	96.271	295	11	0	1	295	466	172	5.96e-138	484
NODE_187599_length_289_cov_20.8974	gb_HM990671_+_5192-6671_ARO:3003112_lsaC	91.930	285	23	0	1	285	1165	1449	2.17e-112	399
NODE_203988_length_270_cov_1.48837	gb_NC_023287.1_-_65291-66509_ARO:3000615_mefA	98.454	194	3	0	77	270	1	194	3.45e-95	342
NODE_209871_length_264_cov_1.8134	gb_HM990671_+_5192-6671_ARO:3003112_lsaC	92.045	264	21	0	1	264	584	321	4.29e-104	372
NODE_215984_length_258_cov_1.34975	gb_AM180355_+_600033-601953_ARO:3000186_tetM	99.612	258	1	0	1	258	195	452	4.01e-134	472
NODE_217796_length_257_cov_28.6089	gb_AY768531_+_0-1179_ARO:3000533_macA	88.382	241	28	0	13	253	332	92	1.20e-79	291
NODE_220487_length_254_cov_1.53769	gb_HM990671_+_5192-6671_ARO:3003112_lsaC	83.529	255	40	2	1	254	69	322	1.57e-63	237
NODE_224984_length_250_cov_1.30769	gb_HM990671_+_5192-6671_ARO:3003112_lsaC	94.800	250	13	0	1	250	660	411	1.12e-109	390
NODE_228001_length_248_cov_1.66839	gb_HM990671_+_5192-6671_ARO:3003112_lsaC	93.902	246	15	0	3	248	2	247	4.01e-104	372
NODE_233337_length_244_cov_1.78307	gb_NC_003098.1_-_1359228-1360395_ARO:3000025_patB	87.917	240	29	0	5	244	661	422	1.90e-77	283
NODE_252548_length_230_cov_1.38857	gb_NC_000913.3_-_481253-484403_ARO:3000216_acrB	79.208	101	12	4	49	143	1559	1462	9.08e-11	62.1
NODE_259541_length_225_cov_1.45882	gb_NC_023287.1_-_65291-66509_ARO:3000615_mefA	97.333	225	6	0	1	225	683	459	1.67e-107	383
NODE_265963_length_221_cov_0.975904	gb_NC_014638.1_-_1610636-1613960_ARO:3003730_Bifidobacteria	82.424	165	29	0	11	175	3231	3067	8.39e-36	145
NODE_284841_length_210_cov_2.82581	gb_KX000273.1_+_0-1740_ARO:3004036_tetB(60)	96.667	210	7	0	1	210	1484	1693	1.57e-97	350
NODE_291727_length_206_cov_1.13907	gb_NC_003098.1_-_1359228-1360395_ARO:3000025_patB	91.710	193	16	0	14	206	1167	975	4.42e-73	268
