NODE_38_length_82564_cov_32.4837	gb_X53401_+_0-1992_ARO:3002891_otr(A)	95.000	40	2	0	24046	24085	243	204	9.85e-09	63.9
NODE_43_length_80231_cov_31.3785	gb_HM990671_+_5192-6671_ARO:3003112_lsaC	93.827	162	10	0	1	162	163	2	3.19e-63	244
NODE_155_length_38715_cov_26.6235	gb_KX000272.1_+_0-1740_ARO:3004035_tetA(60)	89.144	1741	187	2	3630	5369	1	1740	0.0	2167
NODE_155_length_38715_cov_26.6235	gb_KX000273.1_+_0-1740_ARO:3004036_tetB(60)	85.362	1742	251	3	5366	7105	1	1740	0.0	1801
NODE_412_length_20836_cov_52.1063	gb_AF118110.1_-_71-1037_ARO:3003002_CfxA2	99.889	903	1	0	10971	11873	64	966	0.0	1663
NODE_412_length_20836_cov_52.1063	gb_AF472622_+_52-1018_ARO:3003003_CfxA3	99.779	903	2	0	10971	11873	64	966	0.0	1657
NODE_412_length_20836_cov_52.1063	gb_AY769934_+_27-993_ARO:3003096_CfxA5	99.779	903	2	0	10971	11873	64	966	0.0	1657
NODE_412_length_20836_cov_52.1063	gb_U38243_+_149-1115_ARO:3003001_CfxA	99.779	903	2	0	10971	11873	64	966	0.0	1657
NODE_412_length_20836_cov_52.1063	gb_AY769933_+_0-966_ARO:3003005_CfxA4	99.779	903	2	0	10971	11873	64	966	0.0	1657
NODE_412_length_20836_cov_52.1063	gb_GQ342996_+_797-1793_ARO:3003097_CfxA6	88.765	899	98	3	10971	11868	97	993	0.0	1098
NODE_417_length_20732_cov_27.6979	gb_AF540889_+_0-327_ARO:3002871_tet37	99.099	222	2	0	7757	7978	222	1	1.66e-110	399
NODE_476_length_18757_cov_24.5576	gb_AJ295238.3_+_163-2083_ARO:3000196_tet32	87.975	1921	211	19	13184	15094	1911	1	0.0	2250
NODE_539_length_17033_cov_4.72082	gb_NC_003112.2_-_1791966-1795170_ARO:3000811_mtrD	80.213	2350	453	11	1	2344	2344	1	0.0	1753
NODE_539_length_17033_cov_4.72082	gb_CP001050.1_+_1332866-1333499_ARO:3000817_mtrR	77.778	621	124	13	3852	4465	1	614	1.07e-101	370
NODE_898_length_12122_cov_4.91837	gb_NC_003112.2_-_1791966-1795170_ARO:3000811_mtrD	83.077	845	133	7	11283	12122	3176	2337	0.0	760
NODE_1081_length_10598_cov_8.57147	gb_M18896.2_+_206-2126_ARO:3000190_tetO	99.792	1920	4	0	8427	10346	1920	1	0.0	3524
NODE_1081_length_10598_cov_8.57147	gb_AJ295238.3_+_163-2083_ARO:3000196_tet32	94.465	831	46	0	8427	9257	1920	1090	0.0	1280
NODE_1081_length_10598_cov_8.57147	gb_AJ295238.3_+_163-2083_ARO:3000196_tet32	91.919	396	32	0	9951	10346	396	1	1.71e-157	555
NODE_1107_length_10430_cov_122.969	gb_AM180355_+_600033-601953_ARO:3000186_tetM	86.883	770	101	0	9661	10430	1	770	0.0	863
NODE_1509_length_8634_cov_3.69274	gb_AF472622_+_52-1018_ARO:3003003_CfxA3	100.000	51	0	0	8584	8634	966	916	3.66e-19	95.3
NODE_1509_length_8634_cov_3.69274	gb_AY769934_+_27-993_ARO:3003096_CfxA5	100.000	51	0	0	8584	8634	966	916	3.66e-19	95.3
NODE_1509_length_8634_cov_3.69274	gb_U38243_+_149-1115_ARO:3003001_CfxA	100.000	51	0	0	8584	8634	966	916	3.66e-19	95.3
NODE_1509_length_8634_cov_3.69274	gb_AY769933_+_0-966_ARO:3003005_CfxA4	100.000	51	0	0	8584	8634	966	916	3.66e-19	95.3
NODE_1509_length_8634_cov_3.69274	gb_AF118110.1_-_71-1037_ARO:3003002_CfxA2	100.000	51	0	0	8584	8634	966	916	3.66e-19	95.3
NODE_1717_length_7909_cov_24.7149	gb_AF024666.2_-_2207-2969_ARO:3000596_ErmX	96.592	763	25	1	274	1036	1	762	0.0	1264
NODE_2042_length_7169_cov_108.086	gb_HM990671_+_5192-6671_ARO:3003112_lsaC	91.554	1480	123	2	1050	2528	1	1479	0.0	2039
NODE_2556_length_6144_cov_3.67647	gb_KC539823_+_1017-2586_ARO:3002829_vgaA	100.000	28	0	0	5469	5496	1250	1223	1.59e-06	52.8
NODE_2556_length_6144_cov_3.67647	gb_DQ823382_+_0-1569_ARO:3002830_vgaALC	100.000	28	0	0	5469	5496	1250	1223	1.59e-06	52.8
NODE_2634_length_6034_cov_4.1706	gb_NC_002134.1_+_41537-42743_ARO:3000165_tet(A)	99.917	1206	1	0	2220	3425	1	1206	0.0	2222
NODE_2634_length_6034_cov_4.1706	gb_AB089595_+_0-1206_ARO:3000166_tet(B)	99.751	1206	3	0	2220	3425	1	1206	0.0	2211
NODE_2634_length_6034_cov_4.1706	gb_BX664015.1_-_204137-204554_ARO:3000168_tet(D)	100.000	417	0	0	4219	4635	1	417	0.0	771
NODE_2854_length_5711_cov_43.7603	gb_HQ652506.1_+_373-2098_ARO:3004032_tetA(46)	94.609	1725	93	0	1193	2917	1	1725	0.0	2671
NODE_2854_length_5711_cov_43.7603	gb_HQ652506.1_+_2099-3836_ARO:3004033_tetB(46)	92.737	1721	125	0	2919	4639	1	1721	0.0	2486
NODE_2966_length_5571_cov_2.98604	gb_NC_003112.2_+_329612-330767_ARO:3003961_farA	72.484	934	235	20	4312	5234	111	1033	1.68e-75	281
NODE_3010_length_5511_cov_309.665	gb_NC_012469.1_-_1800927-1802391_ARO:3000616_mel	100.000	1464	0	0	2444	3907	1	1464	0.0	2704
NODE_3010_length_5511_cov_309.665	gb_NC_023287.1_-_65291-66509_ARO:3000615_mefA	96.962	1218	37	0	1107	2324	1	1218	0.0	2045
NODE_3146_length_5344_cov_3.56154	gb_AY768532_+_0-1935_ARO:3000535_macB	81.131	1945	350	14	165	2102	1935	1	0.0	1543
NODE_3619_length_4842_cov_64.9902	gb_M17124_+_1181-1982_ARO:3000498_ErmF	99.750	801	2	0	2202	3002	1	801	0.0	1469
NODE_3619_length_4842_cov_64.9902	gb_AF319779.2_+_32-833_ARO:3000604_Erm(35)	78.643	796	166	3	2202	2995	1	794	6.12e-149	525
NODE_5132_length_3751_cov_8.14665	gb_NC_003098_+_953382-954594_ARO:3000614_mefE	86.684	1164	151	4	1236	2397	1201	40	0.0	1288
NODE_5218_length_3709_cov_4.36727	gb_HM990671_+_5192-6671_ARO:3003112_lsaC	95.062	162	8	0	1	162	163	2	6.79e-68	255
NODE_5351_length_3660_cov_17.1839	gb_M55620_+_0-660_ARO:3002687_catQ	96.212	660	25	0	868	1527	660	1	0.0	1081
NODE_5351_length_3660_cov_17.1839	gb_NC_012469.1_-_1800927-1802391_ARO:3000616_mel	100.000	39	0	0	3622	3660	1464	1426	7.25e-13	73.1
NODE_5930_length_3374_cov_14.3037	gb_NC_003098.1_+_866210-867410_ARO:3000822_pmrA	93.333	1200	80	0	1959	3158	1	1200	0.0	1773
NODE_7198_length_2912_cov_127.764	gb_Z21523_+_0-1974_ARO:3000191_tetQ	97.366	1974	52	0	428	2401	1974	1	0.0	3358
NODE_7338_length_2866_cov_45.349	gb_AF024666.2_-_2207-2969_ARO:3000596_ErmX	99.869	763	0	1	225	987	1	762	0.0	1402
NODE_8493_length_2542_cov_12.8243	gb_NC_003098.1_-_1359228-1360395_ARO:3000025_patB	93.540	1161	75	0	808	1968	1161	1	0.0	1729
NODE_8538_length_2534_cov_17.0012	gb_AP006618.1_+_4835199-4838688_ARO:3000501_Nocardia	86.228	334	42	4	2137	2468	3299	2968	3.43e-99	359
NODE_10711_length_2103_cov_84.6489	gb_EU434751_+_658-2578_ARO:3000194_tetW	98.074	1817	35	0	287	2103	1	1817	0.0	3162
NODE_10711_length_2103_cov_84.6489	gb_KU736867.1_+_19653-21573_ARO:3004442_tet(W/N/W)	96.797	1811	58	0	287	2097	1	1811	0.0	3024
NODE_12479_length_1846_cov_8.99162	gb_HM990671_+_5192-6671_ARO:3003112_lsaC	95.614	456	20	0	1391	1846	2	457	0.0	732
NODE_12604_length_1833_cov_159.437	gb_AF242872_+_2131-2878_ARO:3000375_ErmB	99.063	747	6	1	464	1209	747	1	0.0	1339
NODE_13502_length_1731_cov_4.13723	gb_HM990671_+_5192-6671_ARO:3003112_lsaC	96.875	128	4	0	1	128	1352	1479	5.35e-56	215
NODE_16532_length_1452_cov_2.33572	gb_M37699_+_585-1752_ARO:3000205_tetX	99.914	1167	1	0	281	1447	1	1167	0.0	2150
NODE_17247_length_1402_cov_13.1611	gb_EU434751_+_658-2578_ARO:3000194_tetW	94.667	150	6	2	1	149	1763	1911	4.29e-61	231
NODE_19695_length_1243_cov_14.729	gb_U00096_+_2812615-2814154_ARO:3000074_emrB	69.505	869	243	19	316	1173	1200	343	1.11e-26	117
NODE_20565_length_1193_cov_40.239	gb_HM990671_+_5192-6671_ARO:3003112_lsaC	95.357	1077	50	0	117	1193	1479	403	0.0	1712
NODE_21669_length_1138_cov_59.8199	gb_CP007593.1_+_2148923-2149772_ARO:3001301_RlmA(II)	82.648	657	112	2	4	659	188	843	2.99e-166	580
NODE_23769_length_1044_cov_11.1072	gb_CP007593.1_+_2148923-2149772_ARO:3001301_RlmA(II)	84.342	843	130	2	45	886	1	842	0.0	824
NODE_23960_length_1036_cov_17.63	gb_CP007593.1_+_2148923-2149772_ARO:3001301_RlmA(II)	85.921	554	76	2	1	553	291	843	4.52e-169	590
NODE_24825_length_1004_cov_41.98	gb_HM990671_+_5192-6671_ARO:3003112_lsaC	95.418	1004	46	0	1	1004	403	1406	0.0	1600
NODE_25046_length_995_cov_12.7191	gb_CP007593.1_+_2148923-2149772_ARO:3001301_RlmA(II)	90.610	852	74	6	45	893	1	849	0.0	1125
NODE_26825_length_935_cov_91.2943	gb_AM180355_+_600033-601953_ARO:3000186_tetM	97.351	453	12	0	483	935	1920	1468	0.0	771
NODE_27540_length_914_cov_5.07451	gb_HM990671_+_5192-6671_ARO:3003112_lsaC	96.094	128	5	0	1	128	1352	1479	1.30e-54	209
NODE_27874_length_903_cov_15.3632	gb_NC_003098.1_-_1359228-1360395_ARO:3000025_patB	96.049	329	13	0	575	903	1	329	5.18e-153	536
NODE_30835_length_822_cov_8.88136	gb_CP007593.1_+_2148923-2149772_ARO:3001301_RlmA(II)	86.257	553	76	0	1	553	291	843	1.65e-172	601
NODE_31492_length_807_cov_47.867	gb_AM180355_+_600033-601953_ARO:3000186_tetM	96.051	785	31	0	23	807	738	1522	0.0	1279
NODE_31492_length_807_cov_47.867	gb_L09756_+_0-1926_ARO:3000192_tetS	79.844	769	155	0	28	796	743	1511	7.64e-161	562
NODE_31493_length_807_cov_82.254	gb_AM180355_+_600033-601953_ARO:3000186_tetM	90.828	785	72	0	23	807	738	1522	0.0	1051
NODE_31493_length_807_cov_82.254	gb_L09756_+_0-1926_ARO:3000192_tetS	80.545	771	146	4	28	796	743	1511	3.50e-169	590
NODE_31686_length_803_cov_3.23262	gb_KX000273.1_+_0-1740_ARO:3004036_tetB(60)	91.080	213	19	0	590	802	1740	1528	1.42e-78	289
NODE_35823_length_718_cov_6.90045	gb_NC_003098.1_-_1359228-1360395_ARO:3000025_patB	91.086	718	64	0	1	718	275	992	0.0	972
NODE_38554_length_672_cov_3.53485	gb_CP007593.1_+_2148923-2149772_ARO:3001301_RlmA(II)	88.811	572	59	5	104	672	849	280	0.0	697
NODE_39984_length_650_cov_9.1479	gb_CP007593.1_+_2148923-2149772_ARO:3001301_RlmA(II)	83.846	650	99	6	4	650	188	834	1.66e-176	614
NODE_40655_length_640_cov_2.12991	gb_HQ652506.1_+_373-2098_ARO:3004032_tetA(46)	93.333	60	4	0	576	635	1725	1666	1.23e-18	89.8
NODE_41682_length_627_cov_13.8969	gb_AF235050.4_+_38028-40140_ARO:3003318_Streptomyces	78.010	382	76	7	87	464	76	453	5.24e-62	233
NODE_41741_length_626_cov_1.55517	gb_KX000273.1_+_0-1740_ARO:3004036_tetB(60)	85.829	621	88	0	1	621	900	280	0.0	660
NODE_42384_length_617_cov_2.10142	gb_NC_007795.1_-_1360280-1361636_ARO:3000839_arlS	100.000	30	0	0	30	59	1223	1194	1.20e-08	56.5
NODE_45408_length_580_cov_2.06667	gb_HM990671_+_5192-6671_ARO:3003112_lsaC	94.059	101	6	0	1	101	1379	1479	3.87e-38	154
NODE_47731_length_554_cov_16.2826	gb_CP007593.1_+_2148923-2149772_ARO:3001301_RlmA(II)	93.345	556	34	3	1	554	834	280	0.0	819
NODE_47769_length_553_cov_1.50602	gb_HQ652506.1_+_2099-3836_ARO:3004033_tetB(46)	86.355	557	68	7	1	553	1573	1021	1.10e-172	601
NODE_51297_length_518_cov_6.28294	gb_CP007593.1_+_2148923-2149772_ARO:3001301_RlmA(II)	90.583	446	42	0	73	518	843	398	6.16e-170	592
NODE_54462_length_490_cov_2.05287	gb_KX000272.1_+_0-1740_ARO:3004035_tetA(60)	88.187	491	57	1	1	490	829	339	9.73e-168	584
NODE_55181_length_484_cov_2.60839	gb_NC_003098.1_+_866210-867410_ARO:3000822_pmrA	89.072	485	51	2	1	484	185	668	9.53e-173	601
NODE_57520_length_466_cov_2.58881	gb_NC_003098.1_-_1359228-1360395_ARO:3000025_patB	90.129	466	46	0	1	466	860	395	1.97e-174	606
NODE_57645_length_465_cov_3.00488	gb_CP007593.1_+_2148923-2149772_ARO:3001301_RlmA(II)	87.643	437	54	0	1	437	437	1	5.70e-145	508
NODE_62693_length_431_cov_1.61968	gb_KX000272.1_+_0-1740_ARO:3004035_tetA(60)	98.361	427	7	0	1	427	923	497	0.0	750
NODE_63344_length_427_cov_2.91667	gb_NC_003098.1_-_1359228-1360395_ARO:3000025_patB	93.624	298	19	0	1	298	864	1161	4.15e-126	446
NODE_63941_length_423_cov_2.18478	gb_HM990671_+_5192-6671_ARO:3003112_lsaC	100.000	220	0	0	1	220	220	1	1.94e-114	407
NODE_68405_length_398_cov_4.91254	gb_CP007593.1_+_2148923-2149772_ARO:3001301_RlmA(II)	89.939	328	31	2	1	327	515	841	6.49e-119	422
NODE_70674_length_387_cov_2.41867	gb_HQ652506.1_+_2099-3836_ARO:3004033_tetB(46)	89.119	386	42	0	2	387	1051	1436	1.02e-136	481
NODE_72925_length_377_cov_3.28882	gb_HM990671_+_5192-6671_ARO:3003112_lsaC	94.475	181	10	0	197	377	1479	1299	3.90e-76	279
NODE_73568_length_374_cov_6.31034	gb_NC_003098.1_-_1359228-1360395_ARO:3000025_patB	90.777	206	19	0	169	374	1143	938	5.00e-75	276
NODE_79573_length_349_cov_37.6803	gb_HM990671_+_5192-6671_ARO:3003112_lsaC	95.129	349	17	0	1	349	457	109	6.93e-158	551
NODE_81365_length_342_cov_2.10105	gb_KX000272.1_+_0-1740_ARO:3004035_tetA(60)	95.588	340	15	0	1	340	486	147	3.15e-156	545
NODE_83241_length_336_cov_3.47331	gb_CP007593.1_+_2148923-2149772_ARO:3001301_RlmA(II)	91.321	265	21	2	72	335	841	578	1.20e-100	361
NODE_89212_length_316_cov_5.97701	gb_CP007593.1_+_2148923-2149772_ARO:3001301_RlmA(II)	87.975	316	38	0	1	316	30	345	1.45e-104	374
NODE_89795_length_314_cov_1.861	gb_KX000272.1_+_0-1740_ARO:3004035_tetA(60)	86.901	313	41	0	2	314	1167	855	6.74e-98	351
NODE_98372_length_289_cov_17.4701	gb_EU434751_+_658-2578_ARO:3000194_tetW	99.367	158	1	0	132	289	1920	1763	1.76e-78	287
NODE_100580_length_284_cov_2.0655	gb_HQ652506.1_+_2099-3836_ARO:3004033_tetB(46)	94.815	135	7	0	2	136	1603	1737	1.07e-55	211
NODE_107488_length_268_cov_1.73239	gb_CP007593.1_+_2148923-2149772_ARO:3001301_RlmA(II)	85.714	266	38	0	1	266	513	778	7.57e-77	281
NODE_108043_length_267_cov_4.51415	gb_NC_003098.1_-_1359228-1360395_ARO:3000025_patB	90.323	155	15	0	1	155	1013	1167	1.68e-53	204
NODE_110990_length_261_cov_3.6068	gb_NC_003098.1_-_1359228-1360395_ARO:3000025_patB	93.103	261	18	0	1	261	395	655	1.96e-107	383
NODE_112619_length_257_cov_1.76238	gb_KX000273.1_+_0-1740_ARO:3004036_tetB(60)	89.370	254	27	0	4	257	1196	943	1.53e-88	320
NODE_119359_length_245_cov_2.27895	gb_NC_003098.1_+_866210-867410_ARO:3000822_pmrA	93.878	245	15	0	1	245	390	634	1.42e-103	370
NODE_126964_length_234_cov_3.49162	gb_CP007593.1_+_2148923-2149772_ARO:3001301_RlmA(II)	88.462	234	27	0	1	234	313	80	1.82e-77	283
NODE_130593_length_229_cov_20.3391	gb_NC_003098.1_-_1359228-1360395_ARO:3000025_patB	94.323	229	13	0	1	229	764	992	4.79e-98	351
NODE_131000_length_228_cov_2.20809	gb_NC_003098.1_-_1359228-1360395_ARO:3000025_patB	88.596	228	26	0	1	228	116	343	8.21e-76	278
NODE_139022_length_218_cov_3.57669	gb_NC_003098.1_-_1359228-1360395_ARO:3000025_patB	93.119	218	15	0	1	218	601	818	1.28e-88	320
NODE_141837_length_214_cov_3.10692	gb_NC_003098.1_-_1359228-1360395_ARO:3000025_patB	92.019	213	17	0	1	213	402	614	1.63e-82	300
NODE_141883_length_214_cov_1.76101	gb_KX000272.1_+_0-1740_ARO:3004035_tetA(60)	93.839	211	13	0	1	211	854	1064	4.51e-88	318
NODE_148903_length_206_cov_2.05298	gb_NC_017452.1_-_1144673-1146068_ARO:3003953_hmrM	93.689	206	13	0	1	206	1252	1047	2.60e-85	309
NODE_150828_length_183_cov_2.07812	gb_NC_003098.1_+_866210-867410_ARO:3000822_pmrA	92.350	183	14	0	1	183	542	724	6.48e-71	261
NODE_151409_length_175_cov_5.28333	gb_NC_003098.1_-_1359228-1360395_ARO:3000025_patB	92.000	175	14	0	1	175	449	275	1.72e-66	246
NODE_152474_length_162_cov_6.24299	gb_NC_003098.1_-_1359228-1360395_ARO:3000025_patB	90.741	162	15	0	1	162	404	565	1.25e-57	217
