NODE_110_length_90043_cov_22.3978	gb_M80346_+_0-1656_ARO:3002817_carA	96.970	33	1	0	33167	33199	571	603	1.80e-06	56.5
NODE_181_length_66401_cov_28.1118	gb_GQ343019_+_132-1023_ARO:3002999_CblA-1	99.776	891	2	0	2960	3850	891	1	0.0	1635
NODE_233_length_59621_cov_41.6073	gb_DQ212986_+_7787-9926_ARO:3002972_vanTG	99.626	2139	8	0	41146	43284	2139	1	0.0	3906
NODE_233_length_59621_cov_41.6073	gb_DQ212986_+_5984-7034_ARO:3002909_vanG	91.048	1050	94	0	44038	45087	1050	1	0.0	1419
NODE_233_length_59621_cov_41.6073	gb_DQ212986_+_7030-7795_ARO:3003069_vanXYG	95.686	765	33	0	43277	44041	765	1	0.0	1230
NODE_233_length_59621_cov_41.6073	gb_AF028812_+_392-887_ARO:3002867_dfrF	99.597	496	1	1	562	1057	1	495	0.0	904
NODE_233_length_59621_cov_41.6073	gb_DQ212986_+_5137-5983_ARO:3002965_vanWG	84.307	822	125	4	45089	45908	846	27	0.0	800
NODE_233_length_59621_cov_41.6073	gb_DQ212986_+_2258-2966_ARO:3002926_vanRG	81.844	347	63	0	48167	48513	347	1	8.33e-78	292
NODE_251_length_57388_cov_44.947	gb_M17124_+_1181-1982_ARO:3000498_ErmF	100.000	242	0	0	1	242	242	1	1.62e-124	448
NODE_251_length_57388_cov_44.947	gb_AF319779.2_+_32-833_ARO:3000604_Erm(35)	86.387	191	26	0	52	242	191	1	8.32e-53	209
NODE_273_length_54326_cov_38.5743	gb_AJ295238.3_+_163-2083_ARO:3000196_tet32	86.108	1922	245	21	50354	52264	1911	1	0.0	2050
NODE_325_length_47248_cov_27.1654	gb_AF173226_+_3767-6917_ARO:3003052_smeB	83.784	74	12	0	24237	24310	1169	1242	3.37e-11	71.3
NODE_325_length_47248_cov_27.1654	gb_AJ252200_+_1278-4401_ARO:3003056_smeE	83.333	72	12	0	24239	24310	1171	1242	4.36e-10	67.6
NODE_422_length_41509_cov_52.9329	gb_NC_002516.2_-_2847775-2850886_ARO:3004075_MuxC	100.000	33	0	0	38169	38201	1201	1233	1.78e-08	62.1
NODE_840_length_25343_cov_16.4208	gb_NC_007779_+_2586250-2589364_ARO:3000491_acrD	77.600	250	48	8	66	311	1271	1026	1.05e-33	145
NODE_840_length_25343_cov_16.4208	gb_U00096_+_3660413-3663527_ARO:3000796_mdtF	75.000	196	45	4	96	289	1241	1048	1.80e-16	87.9
NODE_929_length_23574_cov_54.5213	gb_U05883_+_555-1458_ARO:3003559_cepA	77.791	815	163	17	20140	20945	882	77	1.41e-136	486
NODE_1873_length_13411_cov_8.01438	gb_AF235050.4_+_38028-40140_ARO:3003318_Streptomyces	78.107	169	31	5	2501	2666	421	256	3.39e-21	102
NODE_2378_length_10989_cov_3.25352	gb_NC_012469.1_-_1800927-1802391_ARO:3000616_mel	90.789	76	7	0	186	261	1	76	2.78e-21	102
NODE_2413_length_10863_cov_4.28877	gb_FN594949_+_25244-27167_ARO:3000556_tet44	86.371	1915	259	2	202	2115	1	1914	0.0	2089
NODE_2872_length_9392_cov_371.106	gb_AF472622_+_52-1018_ARO:3003003_CfxA3	100.000	966	0	0	8286	9251	966	1	0.0	1784
NODE_2872_length_9392_cov_371.106	gb_AY769933_+_0-966_ARO:3003005_CfxA4	99.896	966	1	0	8286	9251	966	1	0.0	1779
NODE_2872_length_9392_cov_371.106	gb_AF118110.1_-_71-1037_ARO:3003002_CfxA2	99.896	966	1	0	8286	9251	966	1	0.0	1779
NODE_2872_length_9392_cov_371.106	gb_AY769934_+_27-993_ARO:3003096_CfxA5	99.793	966	2	0	8286	9251	966	1	0.0	1773
NODE_2872_length_9392_cov_371.106	gb_U38243_+_149-1115_ARO:3003001_CfxA	99.793	966	2	0	8286	9251	966	1	0.0	1773
NODE_2872_length_9392_cov_371.106	gb_GQ342996_+_797-1793_ARO:3003097_CfxA6	89.234	966	101	3	8291	9255	993	30	0.0	1205
NODE_3232_length_8427_cov_42.3647	gb_Z21523_+_0-1974_ARO:3000191_tetQ	90.122	1974	194	1	183	2155	1974	1	0.0	2564
NODE_3292_length_8315_cov_266.035	gb_NC_012469.1_-_1800927-1802391_ARO:3000616_mel	97.541	1464	36	0	6506	7969	1464	1	0.0	2505
NODE_3292_length_8315_cov_266.035	gb_L42817_+_201-936_ARO:3000522_ErmG	99.184	735	6	0	5000	5734	735	1	0.0	1325
NODE_3292_length_8315_cov_266.035	gb_M64090_+_0-735_ARO:3000595_ErmT	77.959	735	148	11	5007	5734	728	1	2.35e-125	448
NODE_3292_length_8315_cov_266.035	gb_NC_023287.1_-_65291-66509_ARO:3000615_mefA	95.928	221	9	0	8095	8315	1215	995	1.13e-98	359
NODE_5653_length_5253_cov_33.582	gb_AY928180_+_0-495_ARO:3002837_lnuC	92.727	495	36	0	1688	2182	495	1	0.0	715
NODE_5906_length_5068_cov_69.2202	gb_M17124_+_1181-1982_ARO:3000498_ErmF	100.000	104	0	0	4965	5068	1	104	7.38e-49	193
NODE_5906_length_5068_cov_69.2202	gb_AF319779.2_+_32-833_ARO:3000604_Erm(35)	93.617	94	6	0	4965	5058	1	94	2.71e-33	141
NODE_6777_length_4518_cov_4.74367	gb_AY928180_+_0-495_ARO:3002837_lnuC	92.929	495	35	0	3840	4334	1	495	0.0	721
NODE_7249_length_4272_cov_96.4245	gb_M37699_+_585-1752_ARO:3000205_tetX	99.914	1167	1	0	2911	4077	1	1167	0.0	2150
NODE_7528_length_4135_cov_5.06103	gb_AF170880_+_0-1848_ARO:3002522_novA	74.878	410	92	11	3112	3515	1352	1756	6.07e-44	176
NODE_8048_length_3919_cov_3.80668	gb_DQ212986_+_5984-7034_ARO:3002909_vanG	78.954	803	163	6	3120	3919	1	800	4.92e-154	542
NODE_8522_length_3725_cov_18.2635	gb_NC_007779_+_2586250-2589364_ARO:3000491_acrD	96.875	32	1	0	1702	1733	1907	1876	2.67e-07	54.7
NODE_8889_length_3592_cov_9.69692	gb_AY928180_+_0-495_ARO:3002837_lnuC	98.182	495	9	0	1268	1762	495	1	0.0	865
NODE_9082_length_3531_cov_5.2454	gb_X63451_+_0-1653_ARO:3002828_srmB	94.444	36	2	0	3003	3038	1464	1499	7.04e-08	56.5
NODE_12048_length_2718_cov_45.267	gb_M18896.2_+_206-2126_ARO:3000190_tetO	99.635	1920	7	0	736	2655	1	1920	0.0	3507
NODE_12048_length_2718_cov_45.267	gb_AJ295238.3_+_163-2083_ARO:3000196_tet32	94.465	831	46	0	1825	2655	1090	1920	0.0	1280
NODE_12048_length_2718_cov_45.267	gb_AJ295238.3_+_163-2083_ARO:3000196_tet32	91.919	396	32	0	736	1131	1	396	4.37e-158	555
NODE_12204_length_2683_cov_77.6948	gb_AF118110.1_-_71-1037_ARO:3003002_CfxA2	86.120	951	131	1	24	974	4	953	0.0	1024
NODE_12204_length_2683_cov_77.6948	gb_AF472622_+_52-1018_ARO:3003003_CfxA3	86.015	951	132	1	24	974	4	953	0.0	1018
NODE_12204_length_2683_cov_77.6948	gb_AY769934_+_27-993_ARO:3003096_CfxA5	86.015	951	132	1	24	974	4	953	0.0	1018
NODE_12204_length_2683_cov_77.6948	gb_U38243_+_149-1115_ARO:3003001_CfxA	86.015	951	132	1	24	974	4	953	0.0	1018
NODE_12204_length_2683_cov_77.6948	gb_AY769933_+_0-966_ARO:3003005_CfxA4	86.015	951	132	1	24	974	4	953	0.0	1018
NODE_12204_length_2683_cov_77.6948	gb_GQ342996_+_797-1793_ARO:3003097_CfxA6	84.963	951	136	6	22	969	34	980	0.0	957
NODE_12789_length_2574_cov_134.686	gb_EU434751_+_658-2578_ARO:3000194_tetW	99.552	1784	8	0	791	2574	1920	137	0.0	3251
NODE_12789_length_2574_cov_134.686	gb_KU736867.1_+_19653-21573_ARO:3004442_tet(W/N/W)	95.890	1776	71	2	800	2574	1911	137	0.0	2874
NODE_15647_length_2144_cov_8.91144	gb_AJ295238.3_+_163-2083_ARO:3000196_tet32	79.084	1922	380	22	154	2064	1911	1	0.0	1303
NODE_17610_length_1916_cov_369.884	gb_Z21523_+_0-1974_ARO:3000191_tetQ	97.390	1916	50	0	1	1916	46	1961	0.0	3262
NODE_18053_length_1874_cov_29.6306	gb_CP004067_+_52914-53709_ARO:3002647_APH(3')-IIIa	100.000	795	0	0	42	836	795	1	0.0	1469
NODE_18053_length_1874_cov_29.6306	gb_U01945_+_373-916_ARO:3002897_SAT-4	99.816	543	1	0	929	1471	543	1	0.0	998
NODE_18053_length_1874_cov_29.6306	gb_AY712687_+_0-831_ARO:3002628_aad(6)	100.000	407	0	0	1468	1874	831	425	0.0	752
NODE_18669_length_1822_cov_17.2733	gb_KU736867.1_+_19653-21573_ARO:3004442_tet(W/N/W)	95.812	191	8	0	1	191	191	1	2.51e-84	309
NODE_18669_length_1822_cov_17.2733	gb_EU434751_+_658-2578_ARO:3000194_tetW	95.812	191	8	0	1	191	191	1	2.51e-84	309
NODE_18723_length_1818_cov_148.51	gb_NC_023287.1_-_65291-66509_ARO:3000615_mefA	100.000	42	0	0	1	42	42	1	7.70e-15	78.7
NODE_19778_length_1728_cov_52.5206	gb_Z21523_+_0-1974_ARO:3000191_tetQ	100.000	55	0	0	1674	1728	46	100	4.34e-22	102
NODE_23106_length_1495_cov_1.39097	gb_U00096_+_2484373-2487967_ARO:3000833_evgS	95.706	722	31	0	772	1493	1	722	0.0	1162
NODE_23106_length_1495_cov_1.39097	gb_NC_002695_+_3211891-3212506_ARO:3000832_evgA	99.350	615	4	0	153	767	1	615	0.0	1114
NODE_23242_length_1487_cov_12.1229	gb_JQ740052_+_2108-3329_ARO:3000567_tet(40)	100.000	1221	0	0	62	1282	1	1221	0.0	2255
NODE_24016_length_1443_cov_2.80187	gb_AF016483_+_0-906_ARO:3002637_APH(2'')-IVa	100.000	840	0	0	1	840	840	1	0.0	1552
NODE_24016_length_1443_cov_2.80187	gb_AY939911_+_3535-4441_ARO:3002634_APH(2'')-Ie	95.833	840	35	0	1	840	840	1	0.0	1358
NODE_24661_length_1409_cov_6.25702	gb_U00096_+_3415032-3418137_ARO:3000502_acrF	74.590	122	31	0	581	702	1125	1246	1.00e-07	54.7
NODE_25067_length_1387_cov_1.63288	gb_AP009048.1_-_4153663-4154296_ARO:3000518_CRP	97.740	177	4	0	1	177	457	633	2.47e-83	305
NODE_25724_length_1353_cov_2.09091	gb_AM180355_+_600033-601953_ARO:3000186_tetM	88.025	1286	154	0	2	1287	1286	1	0.0	1522
NODE_25724_length_1353_cov_2.09091	gb_L09756_+_0-1926_ARO:3000192_tetS	76.941	1288	279	16	8	1286	1280	2	0.0	717
NODE_27028_length_1292_cov_1.79871	gb_U00096_+_3415032-3418137_ARO:3000502_acrF	97.511	1165	29	0	1	1165	1165	1	0.0	1991
NODE_27028_length_1292_cov_1.79871	gb_NC_000913.3_-_481253-484403_ARO:3000216_acrB	74.421	1165	271	22	6	1156	1160	9	1.65e-134	475
NODE_27028_length_1292_cov_1.79871	gb_U00096_+_3413863-3415021_ARO:3000499_acrE	98.276	116	2	0	1177	1292	1158	1043	8.61e-53	204
NODE_27181_length_1286_cov_42.5305	gb_AF242872_+_2131-2878_ARO:3000375_ErmB	99.465	747	3	1	287	1032	1	747	0.0	1356
NODE_27432_length_1275_cov_591.228	gb_GQ342996_+_797-1793_ARO:3003097_CfxA6	99.699	996	3	0	173	1168	1	996	0.0	1823
NODE_27432_length_1275_cov_591.228	gb_AY769933_+_0-966_ARO:3003005_CfxA4	89.085	962	102	3	206	1165	1	961	0.0	1192
NODE_27432_length_1275_cov_591.228	gb_AF472622_+_52-1018_ARO:3003003_CfxA3	88.981	962	103	3	206	1165	1	961	0.0	1186
NODE_27432_length_1275_cov_591.228	gb_AF118110.1_-_71-1037_ARO:3003002_CfxA2	88.981	962	103	3	206	1165	1	961	0.0	1186
NODE_27432_length_1275_cov_591.228	gb_AY769934_+_27-993_ARO:3003096_CfxA5	88.877	962	104	3	206	1165	1	961	0.0	1181
NODE_27432_length_1275_cov_591.228	gb_U38243_+_149-1115_ARO:3003001_CfxA	88.877	962	104	3	206	1165	1	961	0.0	1181
NODE_28054_length_1247_cov_1.35487	gb_U00096.3_-_3203309-3204131_ARO:3002986_bacA	98.820	339	4	0	1	339	339	1	1.95e-173	604
NODE_28190_length_1242_cov_1.61668	gb_AF337947_+_271-1171_ARO:3002635_APH(2'')-IIa	99.419	689	4	0	554	1242	900	212	0.0	1251
NODE_28681_length_1223_cov_105.606	gb_JX560992_+_8592-9321_ARO:3002630_ANT(9)-Ia	87.219	579	72	2	351	927	729	151	0.0	658
NODE_28681_length_1223_cov_105.606	gb_NC_023287.1_-_65291-66509_ARO:3000615_mefA	94.196	224	13	0	1000	1223	1218	995	1.65e-94	342
NODE_31972_length_1105_cov_1.59714	gb_AP009048.1_-_3980025-3981183_ARO:3000795_mdtE	98.901	455	5	0	1	455	455	1	0.0	813
NODE_33273_length_1066_cov_1.6093	gb_U00096_+_2484373-2487967_ARO:3000833_evgS	95.216	1066	51	0	1	1066	1208	2273	0.0	1687
NODE_35861_length_993_cov_1.44776	gb_JQ394987_+_0-1233_ARO:3001328_Escherichia	94.444	180	10	0	3	182	180	1	3.82e-75	278
NODE_36314_length_982_cov_1.49407	gb_U00096_+_3660413-3663527_ARO:3000796_mdtF	97.556	982	24	0	1	982	1905	924	0.0	1681
NODE_36314_length_982_cov_1.49407	gb_L11616_+_1569-4710_ARO:3000378_MexB	78.701	385	78	4	488	870	1418	1036	6.37e-68	254
NODE_36314_length_982_cov_1.49407	gb_NC_007779_+_2586250-2589364_ARO:3000491_acrD	75.427	468	101	11	422	882	1484	1024	3.01e-56	215
NODE_36314_length_982_cov_1.49407	gb_AJ252200_+_1278-4401_ARO:3003056_smeE	74.370	476	115	7	407	879	1498	1027	1.09e-50	196
NODE_36314_length_982_cov_1.49407	gb_U57969_+_1485-4617_ARO:3000801_MexD	85.263	95	14	0	641	735	1271	1177	3.16e-21	99.0
NODE_36314_length_982_cov_1.49407	gb_NC_010378.1_+_47850-51003_ARO:3003923_oqxB	87.500	72	7	2	652	722	1263	1193	3.18e-16	82.4
NODE_36314_length_982_cov_1.49407	gb_NC_002516_+_2810008-2813197_ARO:3000804_MexF	87.143	70	9	0	653	722	1262	1193	1.14e-15	80.5
NODE_37045_length_963_cov_1.60463	gb_U00096_+_2484373-2487967_ARO:3000833_evgS	98.558	763	11	0	201	963	3594	2832	0.0	1349
NODE_39455_length_910_cov_2.86199	gb_NG_056174.1_+_100-964_ARO:3004361_sul4	86.538	52	7	0	859	910	133	184	4.96e-09	58.4
NODE_39789_length_902_cov_1.42385	gb_NC_000913.3_+_966620-968369_ARO:3003950_msbA	98.115	902	17	0	1	902	1157	256	0.0	1572
NODE_40312_length_892_cov_1.0693	gb_CP004067.1_-_43007-43928_ARO:3002669_APH(2'')-Ig	100.000	781	0	0	112	892	21	801	0.0	1443
NODE_40881_length_880_cov_1.53333	gb_FJ768952_+_0-1488_ARO:3000237_tolC	98.677	529	7	0	1	529	529	1	0.0	939
NODE_41157_length_875_cov_1.87439	gb_U00096_+_3660413-3663527_ARO:3000796_mdtF	97.931	870	18	0	1	870	42	911	0.0	1507
NODE_41186_length_875_cov_1.61829	gb_NC_002695.1_-_4903561-4904935_ARO:3000830_cpxA	98.887	539	6	0	1	539	539	1	0.0	963
NODE_41360_length_871_cov_1.125	gb_NC_007779_+_2586250-2589364_ARO:3000491_acrD	98.622	871	12	0	1	871	2315	1445	0.0	1543
NODE_41751_length_864_cov_1.14215	gb_U00096.3_-_4567286-4568519_ARO:3001214_mdtM	96.065	864	34	0	1	864	236	1099	0.0	1408
NODE_41879_length_862_cov_1.28625	gb_CP000800.1_-_1191727-1192954_ARO:3001329_mdtG	98.347	484	8	0	379	862	1	484	0.0	850
NODE_42838_length_845_cov_1.6481	gb_D78168_+_1591-3130_ARO:3000254_emrY	97.633	845	20	0	1	845	1486	642	0.0	1450
NODE_43878_length_827_cov_1.0285	gb_CP014358.1_-_2161325-2162750_ARO:3001327_mdtK	77.911	584	129	0	1	584	584	1	2.37e-101	364
NODE_44127_length_822_cov_1.19426	gb_JQ394987_+_0-1233_ARO:3001328_Escherichia	97.668	386	9	0	1	386	848	1233	0.0	664
NODE_45111_length_806_cov_1.35153	gb_D78168_+_536-1592_ARO:3000206_emrK	98.109	476	9	0	325	800	1	476	0.0	830
NODE_46265_length_787_cov_1.30738	gb_AP006618.1_+_4835199-4838688_ARO:3000501_Nocardia	81.481	243	41	3	3	243	1302	1062	8.70e-51	196
NODE_47793_length_765_cov_7.90141	gb_NC_023287.1_-_60996-61860_ARO:3002626_ANT(6)-Ia	97.996	549	11	0	9	557	549	1	0.0	953
NODE_47793_length_765_cov_7.90141	gb_AY712687_+_0-831_ARO:3002628_aad(6)	100.000	479	0	0	1	479	479	1	0.0	885
NODE_48811_length_752_cov_1.09326	gb_NC_000913.3_+_2810769-2811300_ARO:3000516_emrR	98.870	531	6	0	65	595	531	1	0.0	948
NODE_49353_length_744_cov_1.83019	gb_NC_000913.3_+_3219493-3220873_ARO:3000024_patA	97.452	157	4	0	1	157	157	1	1.72e-72	268
NODE_49573_length_741_cov_1.53936	gb_D78168_+_1591-3130_ARO:3000254_emrY	97.600	625	15	0	1	625	625	1	0.0	1072
NODE_49573_length_741_cov_1.53936	gb_D78168_+_536-1592_ARO:3000206_emrK	100.000	117	0	0	625	741	1056	940	6.28e-57	217
NODE_50145_length_733_cov_1.69027	gb_AP009048_-_4338624-4340268_ARO:3003576_eptA	97.538	528	13	0	1	528	1117	1644	0.0	904
NODE_50866_length_725_cov_1.85075	gb_FN594949_+_25244-27167_ARO:3000556_tet44	96.966	725	22	0	1	725	551	1275	0.0	1218
NODE_54321_length_686_cov_183.675	gb_M17124_+_1181-1982_ARO:3000498_ErmF	99.837	614	1	0	73	686	801	188	0.0	1129
NODE_58055_length_649_cov_129.785	gb_NC_023287.1_-_65291-66509_ARO:3000615_mefA	97.731	573	13	0	56	628	63	635	0.0	987
NODE_58208_length_647_cov_1.14527	gb_NC_007779_+_2586250-2589364_ARO:3000491_acrD	100.000	244	0	0	1	244	2871	3114	1.37e-127	451
NODE_59343_length_637_cov_1.72165	gb_AP009048.1_-_4153663-4154296_ARO:3000518_CRP	99.536	431	2	0	1	431	431	1	0.0	785
NODE_59386_length_637_cov_1.21478	gb_NC_007779_+_2586250-2589364_ARO:3000491_acrD	96.860	637	20	0	1	637	812	1448	0.0	1066
NODE_59386_length_637_cov_1.21478	gb_AB219524.1_+_1176-4338_ARO:3003699_mexQ	83.582	67	11	0	373	439	1190	1256	7.40e-11	63.9
NODE_61163_length_621_cov_1.28269	gb_CP000800.1_-_1191727-1192954_ARO:3001329_mdtG	98.990	297	3	0	325	621	1227	931	4.57e-152	532
NODE_62567_length_609_cov_1.52347	gb_NC_000913.3_-_484425-485619_ARO:3004043_Escherichia	99.179	609	5	0	1	609	637	29	0.0	1098
NODE_62567_length_609_cov_1.52347	gb_AJ318073.1_+_793-1990_ARO:3004041_Klebsiella	78.013	614	128	6	1	609	640	29	6.18e-106	379
NODE_63094_length_605_cov_1.72	gb_FN594949_+_25244-27167_ARO:3000556_tet44	98.678	605	8	0	1	605	1819	1215	0.0	1074
NODE_64891_length_591_cov_1.36194	gb_AP009048.1_-_4303042-4304509_ARO:3003550_mdtP	97.800	591	13	0	1	591	1199	609	0.0	1020
NODE_65279_length_588_cov_0.816135	gb_U00096_+_3660413-3663527_ARO:3000796_mdtF	97.279	588	16	0	1	588	2056	2643	0.0	998
NODE_67985_length_569_cov_1.73735	gb_CP015085.1_-_2551711-2552440_ARO:3003838_gadW	99.125	457	4	0	1	457	273	729	0.0	822
NODE_70079_length_555_cov_1.378	gb_NC_000913.3_+_966620-968369_ARO:3003950_msbA	97.818	550	12	0	1	550	1640	1091	0.0	950
NODE_70215_length_554_cov_1.07816	gb_NC_000913.3_-_481253-484403_ARO:3000216_acrB	98.375	554	9	0	1	554	2202	2755	0.0	974
NODE_77181_length_513_cov_230.474	gb_Z21523_+_0-1974_ARO:3000191_tetQ	98.529	68	1	0	1	68	1907	1974	3.46e-28	121
NODE_77791_length_509_cov_1.60793	gb_NC_002695.2_-_1737690-1738104_ARO:3000676_H-NS	100.000	219	0	0	1	219	219	1	8.46e-114	405
NODE_78207_length_507_cov_1.38496	gb_AP009048_+_2165012-2166416_ARO:3000829_baeS	87.776	499	61	0	1	499	952	454	1.01e-167	584
NODE_78343_length_506_cov_1.35477	gb_AP009048_+_2165012-2166416_ARO:3000829_baeS	97.328	262	7	0	245	506	1404	1143	4.95e-126	446
NODE_78343_length_506_cov_1.35477	gb_NC_007779_+_2166412-2167135_ARO:3000828_baeR	97.581	248	6	0	1	248	248	1	6.45e-120	425
NODE_82627_length_485_cov_1.39767	gb_NC_007779_+_3974604-3975429_ARO:3000508_gadX	93.103	435	30	0	3	437	391	825	0.0	638
NODE_84129_length_478_cov_1.13002	gb_AM180355_+_600033-601953_ARO:3000186_tetM	96.789	436	14	0	1	436	1485	1920	0.0	728
NODE_84318_length_477_cov_15.1872	gb_AY712687_+_0-831_ARO:3002628_aad(6)	81.289	481	82	7	1	477	3	479	3.70e-107	383
NODE_84318_length_477_cov_15.1872	gb_NC_023287.1_-_60996-61860_ARO:3002626_ANT(6)-Ia	78.647	473	93	7	1	469	81	549	2.29e-84	307
NODE_85027_length_474_cov_1.0716	gb_NC_007779_+_2586250-2589364_ARO:3000491_acrD	99.156	474	4	0	1	474	300	773	0.0	854
NODE_85486_length_472_cov_2.93285	gb_EU434751_+_658-2578_ARO:3000194_tetW	95.455	66	1	2	2	66	1847	1911	3.19e-23	104
NODE_85486_length_472_cov_2.93285	gb_KU736867.1_+_19653-21573_ARO:3004442_tet(W/N/W)	90.667	75	7	0	1	75	1846	1920	4.13e-22	100
NODE_86303_length_468_cov_0.929782	gb_NC_000913.3_+_3219493-3220873_ARO:3000024_patA	95.699	465	20	0	1	465	315	779	0.0	749
NODE_87335_length_463_cov_1.35294	gb_NC_000913.3_-_2306971-2308615_ARO:3003952_yojI	98.634	366	5	0	1	366	366	1	0.0	649
NODE_87487_length_463_cov_1.84559	gb_NC_007779_+_3974604-3975429_ARO:3000508_gadX	96.460	113	4	0	1	113	113	1	3.02e-48	187
NODE_87974_length_461_cov_1.3399	gb_NC_000913.3_+_966620-968369_ARO:3003950_msbA	98.047	256	5	0	1	256	256	1	4.49e-126	446
NODE_90150_length_452_cov_1.44836	gb_NC_000913.3_-_2306971-2308615_ARO:3003952_yojI	97.788	452	10	0	1	452	1553	1102	0.0	780
NODE_91288_length_448_cov_257.595	gb_NC_023287.1_-_65291-66509_ARO:3000615_mefA	83.111	450	72	4	1	448	1049	602	2.06e-114	407
NODE_96072_length_431_cov_1.00266	gb_U00096_+_2154015-2155263_ARO:3000792_mdtA	98.582	141	2	0	1	141	141	1	3.52e-67	250
NODE_99472_length_420_cov_0.783562	gb_U00096_+_3413863-3415021_ARO:3000499_acrE	98.333	420	7	0	1	420	544	963	0.0	737
NODE_100344_length_417_cov_2.24033	gb_M57437_+_0-1647_ARO:3002827_tlrC	100.000	28	0	0	89	116	1472	1499	1.03e-07	52.8
NODE_103507_length_408_cov_169.858	gb_NC_023287.1_-_65291-66509_ARO:3000615_mefA	93.798	387	24	0	1	387	249	635	2.89e-167	582
NODE_107423_length_396_cov_1.22874	gb_U00096_+_3413863-3415021_ARO:3000499_acrE	100.000	68	0	0	1	68	68	1	5.67e-30	126
NODE_108286_length_394_cov_1.0767	gb_U00096_-_1124117-1125326_ARO:3001216_mdtH	96.954	394	12	0	1	394	292	685	0.0	662
NODE_110481_length_388_cov_0.90991	gb_AP009048_-_4338624-4340268_ARO:3003576_eptA	98.220	337	6	0	1	337	337	1	1.64e-169	590
NODE_111469_length_386_cov_1.51057	gb_NC_000913.3_+_3219493-3220873_ARO:3000024_patA	98.705	386	5	0	1	386	959	1344	0.0	686
NODE_112708_length_382_cov_5.06422	gb_KU736867.1_+_19653-21573_ARO:3004442_tet(W/N/W)	97.959	98	2	0	285	382	1920	1823	2.48e-43	171
NODE_112915_length_382_cov_1.91437	gb_U00096_-_3412802-3413465_ARO:3000656_acrS	97.742	310	7	0	1	310	310	1	7.65e-153	534
NODE_118639_length_369_cov_1.00955	gb_AP009048_+_2810082-2811255_ARO:3000027_emrA	98.204	334	6	0	36	369	1	334	7.25e-168	584
NODE_119187_length_368_cov_5.0639	gb_JQ740052_+_2108-3329_ARO:3000567_tet(40)	100.000	44	0	0	325	368	1	44	1.16e-16	82.4
NODE_120158_length_365_cov_0.983871	gb_JQ394987_+_0-1233_ARO:3001328_Escherichia	96.694	363	12	0	1	363	328	690	5.50e-174	604
NODE_124645_length_356_cov_0.943522	gb_AP009048.1_-_4304505-4306557_ARO:3003549_mdtO	99.438	356	2	0	1	356	1179	824	0.0	647
NODE_129210_length_347_cov_1.39726	gb_AP009048.1_-_4306556-4307588_ARO:3003548_mdtN	96.838	253	8	0	94	346	1	253	1.57e-119	424
NODE_129297_length_347_cov_2.08562	gb_U00096_+_3415032-3418137_ARO:3000502_acrF	98.847	347	4	0	1	347	1927	1581	1.86e-178	619
NODE_130505_length_345_cov_253.428	gb_Z21523_+_0-1974_ARO:3000191_tetQ	99.000	100	1	0	1	100	100	1	3.72e-46	180
NODE_134801_length_337_cov_1.46454	gb_CP015085.1_-_2551711-2552440_ARO:3003838_gadW	99.650	286	1	0	1	286	286	1	1.46e-149	523
NODE_135797_length_335_cov_1.61071	gb_NC_000913.3_-_4377810-4378944_ARO:3004290_Escherichia	96.716	335	11	0	1	335	918	584	3.96e-160	558
NODE_136285_length_334_cov_1.07885	gb_AP006618.1_+_4835199-4838688_ARO:3000501_Nocardia	76.923	208	41	6	126	329	1223	1427	1.33e-25	111
NODE_136504_length_334_cov_1.98925	gb_AP009048_+_2165012-2166416_ARO:3000829_baeS	90.811	185	17	0	7	191	185	1	9.71e-67	248
NODE_138767_length_330_cov_1.09818	gb_U00096_-_2098446-2099613_ARO:3003577_ugd	99.697	330	1	0	1	330	543	872	4.94e-174	604
NODE_139297_length_329_cov_1.30657	gb_NC_007779_+_1621287-1621671_ARO:3000263_marA	100.000	172	0	0	158	329	1	172	7.18e-88	318
NODE_141248_length_326_cov_1.57196	gb_U00096_+_2155262-2158385_ARO:3000793_mdtB	96.626	326	11	0	1	326	2122	1797	3.88e-155	542
NODE_144458_length_321_cov_1.01504	gb_AP009048.1_-_4306556-4307588_ARO:3003548_mdtN	97.196	321	9	0	1	321	1010	690	1.06e-155	544
NODE_145129_length_320_cov_1.18113	gb_U00096_+_2158385-2161463_ARO:3000794_mdtC	95.938	320	13	0	1	320	1802	1483	1.78e-148	520
NODE_145705_length_319_cov_1.48106	gb_DQ212986_+_4222-5062_ARO:3002959_vanYG1	80.000	220	42	2	95	313	786	568	1.24e-40	161
NODE_145894_length_318_cov_1.26236	gb_FJ768952_+_0-1488_ARO:3000237_tolC	97.170	318	9	0	1	318	851	534	4.89e-154	538
NODE_147342_length_316_cov_1.03831	gb_U00096.3_-_4567286-4568519_ARO:3001214_mdtM	93.694	111	7	0	1	111	1123	1233	2.64e-42	167
NODE_147450_length_316_cov_134	gb_M17124_+_1181-1982_ARO:3000498_ErmF	100.000	242	0	0	75	316	1	242	8.41e-127	448
NODE_147450_length_316_cov_134	gb_AF319779.2_+_32-833_ARO:3000604_Erm(35)	86.387	191	26	0	75	265	1	191	4.32e-55	209
NODE_147771_length_316_cov_219.1	gb_NC_023287.1_-_65291-66509_ARO:3000615_mefA	96.040	303	12	0	14	316	1	303	1.07e-140	494
NODE_149673_length_313_cov_2.01938	gb_U00096_+_3415032-3418137_ARO:3000502_acrF	98.083	313	6	0	1	313	2096	2408	2.87e-156	545
NODE_153988_length_307_cov_1.22222	gb_U00096_+_3660413-3663527_ARO:3000796_mdtF	97.059	306	9	0	1	306	2934	2629	2.20e-147	516
NODE_153988_length_307_cov_1.22222	gb_AY769962_+_2434-5611_ARO:3000781_adeJ	94.737	38	2	0	239	276	2717	2680	4.47e-10	60.2
NODE_155319_length_305_cov_0.976	gb_U00096_+_2158385-2161463_ARO:3000794_mdtC	96.700	303	10	0	1	303	2463	2161	4.74e-144	505
NODE_155944_length_304_cov_1.18072	gb_U00096_+_2484373-2487967_ARO:3000833_evgS	97.697	304	7	0	1	304	2525	2828	1.30e-149	523
NODE_157907_length_302_cov_1.11336	gb_U00096_-_2098446-2099613_ARO:3003577_ugd	95.904	293	12	0	1	293	875	1167	3.68e-135	475
NODE_158018_length_302_cov_5.23887	gb_AJ295238.3_+_163-2083_ARO:3000196_tet32	100.000	302	0	0	1	302	1027	726	3.55e-160	558
NODE_162337_length_296_cov_1.28216	gb_NC_000913.3_-_2306971-2308615_ARO:3003952_yojI	94.932	296	15	0	1	296	689	394	7.79e-132	464
NODE_166677_length_291_cov_1.14831	gb_NC_000913.3_-_481253-484403_ARO:3000216_acrB	96.907	291	9	0	1	291	1255	965	4.54e-139	488
NODE_169397_length_288_cov_1.27897	gb_NC_007779_+_3974604-3975429_ARO:3000508_gadX	94.346	283	16	0	1	283	117	399	5.93e-123	435
NODE_170741_length_286_cov_0.722944	gb_U00096_+_2812615-2814154_ARO:3000074_emrB	98.601	286	4	0	1	286	420	705	1.23e-144	507
NODE_172739_length_284_cov_0.934498	gb_U00096_+_2367070-2368039_ARO:3003578_pmrF	98.750	240	3	0	45	284	969	730	9.77e-121	427
NODE_176444_length_280_cov_1.02667	gb_NC_000913.3_-_721055-721733_ARO:3003841_kdpE	99.134	231	2	0	1	231	231	1	2.08e-117	416
NODE_179565_length_276_cov_1.52036	gb_NC_000913.3_-_481253-484403_ARO:3000216_acrB	96.377	276	10	0	1	276	385	660	4.35e-129	455
NODE_181137_length_275_cov_1.37273	gb_CP015085.1_-_2551711-2552440_ARO:3003838_gadW	95.437	263	12	0	7	269	263	1	1.58e-118	420
NODE_182984_length_273_cov_1.5367	gb_AP009048.1_-_4304505-4306557_ARO:3003549_mdtO	97.436	273	7	0	1	273	146	418	1.99e-132	466
NODE_185222_length_271_cov_122.972	gb_KU736867.1_+_19653-21573_ARO:3004442_tet(W/N/W)	100.000	191	0	0	1	191	191	1	1.60e-98	353
NODE_185222_length_271_cov_122.972	gb_EU434751_+_658-2578_ARO:3000194_tetW	100.000	191	0	0	1	191	191	1	1.60e-98	353
NODE_188925_length_267_cov_1.97642	gb_M57437_+_0-1647_ARO:3002827_tlrC	100.000	33	0	0	192	224	1500	1468	1.07e-10	62.1
NODE_189568_length_266_cov_1.00948	gb_NC_000913.3_-_484425-485619_ARO:3004043_Escherichia	98.872	266	3	0	1	266	1157	892	3.21e-135	475
NODE_190849_length_265_cov_0.628571	gb_U00096_+_2155262-2158385_ARO:3000793_mdtB	97.358	265	7	0	1	265	1636	1372	5.38e-128	451
NODE_191325_length_265_cov_1.05714	gb_U00096_+_2484373-2487967_ARO:3000833_evgS	96.604	265	9	0	1	265	1111	847	1.17e-124	440
NODE_192249_length_264_cov_1.66986	gb_U00096_+_3415032-3418137_ARO:3000502_acrF	90.347	259	25	0	6	264	1442	1184	1.21e-94	340
NODE_192249_length_264_cov_1.66986	gb_NC_000913.3_-_481253-484403_ARO:3000216_acrB	77.652	264	59	0	1	264	1447	1184	1.01e-40	161
NODE_194125_length_262_cov_1.83092	gb_NC_000913.3_-_481253-484403_ARO:3000216_acrB	100.000	233	0	0	1	233	2918	3150	6.93e-122	431
NODE_197652_length_259_cov_1.39216	gb_U00096_+_2154015-2155263_ARO:3000792_mdtA	98.842	259	3	0	1	259	422	164	2.43e-131	462
NODE_197684_length_259_cov_0.843137	gb_Z11877.1_+_485-818_ARO:3004039_Escherichia	90.295	237	23	0	23	259	333	97	9.30e-86	311
NODE_198784_length_258_cov_2.38424	gb_U00096_+_2812615-2814154_ARO:3000074_emrB	98.283	233	4	0	26	258	1539	1307	3.19e-115	409
NODE_198941_length_258_cov_1.09852	gb_AP009048.1_-_4304505-4306557_ARO:3003549_mdtO	95.349	258	12	0	1	258	661	918	8.87e-116	411
NODE_201115_length_256_cov_1.9403	gb_NC_000913.3_-_481253-484403_ARO:3000216_acrB	99.609	256	1	0	1	256	126	381	5.15e-133	468
NODE_201115_length_256_cov_1.9403	gb_U00096_+_3415032-3418137_ARO:3000502_acrF	85.232	237	32	3	19	254	144	378	1.22e-64	241
NODE_203608_length_254_cov_1.34171	gb_U00096_+_3660413-3663527_ARO:3000796_mdtF	99.543	219	1	0	36	254	3114	2896	1.89e-112	399
NODE_204480_length_253_cov_0.848485	gb_NC_000913.3_-_481253-484403_ARO:3000216_acrB	99.209	253	2	0	1	253	1829	2081	1.10e-129	457
NODE_204861_length_253_cov_0.792929	gb_U00096_+_2155262-2158385_ARO:3000793_mdtB	97.628	253	6	0	1	253	2176	2428	5.16e-123	435
NODE_206155_length_252_cov_1.93909	gb_KU736867.1_+_19653-21573_ARO:3004442_tet(W/N/W)	92.857	252	18	0	1	252	1553	1302	1.90e-102	366
NODE_206155_length_252_cov_1.93909	gb_EU434751_+_658-2578_ARO:3000194_tetW	92.063	252	20	0	1	252	1553	1302	4.11e-99	355
NODE_207299_length_251_cov_1.2449	gb_U00096_+_2484373-2487967_ARO:3000833_evgS	97.211	251	7	0	1	251	2283	2533	3.08e-120	425
NODE_209749_length_249_cov_1.96907	gb_AP009048.1_-_4303042-4304509_ARO:3003550_mdtP	99.024	205	2	0	45	249	1	205	5.21e-103	368
NODE_209749_length_249_cov_1.96907	gb_AP009048.1_-_4304505-4306557_ARO:3003549_mdtO	100.000	48	0	0	1	48	2005	2052	4.54e-19	89.8
NODE_211294_length_248_cov_1.03109	gb_NC_000913.3_-_481253-484403_ARO:3000216_acrB	97.581	248	6	0	1	248	970	723	3.04e-120	425
NODE_215274_length_245_cov_0.868421	gb_U00096.3_-_4567286-4568519_ARO:3001214_mdtM	94.694	245	13	0	1	245	254	10	6.58e-107	381
NODE_215773_length_244_cov_1.68783	gb_Z11877.1_+_485-818_ARO:3004039_Escherichia	98.649	74	1	0	7	80	74	1	7.28e-32	132
NODE_220380_length_241_cov_1.27957	gb_U00096_+_2367070-2368039_ARO:3003578_pmrF	97.095	241	7	0	1	241	548	308	1.07e-114	407
NODE_227805_length_236_cov_1.58564	gb_U00096_+_2158385-2161463_ARO:3000794_mdtC	98.810	84	1	0	153	236	3078	2995	1.94e-37	150
NODE_229623_length_235_cov_130.533	gb_M17124_+_1181-1982_ARO:3000498_ErmF	100.000	147	0	0	89	235	96	242	3.95e-74	272
NODE_231210_length_233_cov_1.2809	gb_S48276.1_+_478-1129_ARO:3004460_Vibrio	95.633	229	10	0	1	229	229	1	4.85e-103	368
NODE_231457_length_233_cov_1.70787	gb_NC_000913.3_-_484425-485619_ARO:3004043_Escherichia	98.712	233	3	0	1	233	886	654	6.14e-117	414
NODE_232005_length_233_cov_0.786517	gb_U00096_-_1124117-1125326_ARO:3001216_mdtH	99.142	233	2	0	1	233	1183	951	1.32e-118	420
NODE_233813_length_232_cov_0.564972	gb_AP009048.1_-_3980025-3981183_ARO:3000795_mdtE	97.845	232	5	0	1	232	880	649	4.76e-113	401
NODE_235678_length_231_cov_2.14773	gb_AP006618.1_+_4835199-4838688_ARO:3000501_Nocardia	100.000	29	0	0	181	209	802	830	1.53e-08	54.7
NODE_237754_length_229_cov_1.05747	gb_M11036_+_0-1377_ARO:3000179_tet(L)	100.000	229	0	0	1	229	842	614	1.00e-119	424
NODE_240551_length_228_cov_0.612717	gb_U00096_+_2158385-2161463_ARO:3000794_mdtC	98.684	228	3	0	1	228	515	288	3.61e-114	405
NODE_242567_length_226_cov_0.80117	gb_AM180355_+_600033-601953_ARO:3000186_tetM	90.708	226	21	0	1	226	1278	1503	4.82e-83	302
NODE_242567_length_226_cov_0.80117	gb_L09756_+_0-1926_ARO:3000192_tetS	86.283	226	30	1	1	226	1279	1503	8.24e-66	244
NODE_242944_length_226_cov_1.40936	gb_AP009048.1_-_4304505-4306557_ARO:3003549_mdtO	98.230	226	4	0	1	226	1310	1535	2.15e-111	396
NODE_243403_length_226_cov_1.79532	gb_U00096_-_3412802-3413465_ARO:3000656_acrS	97.872	94	2	0	1	94	570	663	2.37e-41	163
NODE_246645_length_224_cov_1.12426	gb_AY768532_+_0-1935_ARO:3000535_macB	84.416	77	10	2	17	92	171	96	1.13e-14	75.0
NODE_250940_length_222_cov_1.97006	gb_U00096_+_2484373-2487967_ARO:3000833_evgS	96.847	222	6	1	2	222	904	683	1.28e-103	370
NODE_254448_length_220_cov_1.13939	gb_U00096_+_3660413-3663527_ARO:3000796_mdtF	98.636	220	3	0	1	220	1848	2067	9.72e-110	390
NODE_256096_length_219_cov_0.859756	gb_U00096_-_1124117-1125326_ARO:3001216_mdtH	97.717	219	5	0	1	219	51	269	7.53e-106	377
NODE_260675_length_216_cov_2.63354	gb_KU736867.1_+_19653-21573_ARO:3004442_tet(W/N/W)	92.056	214	17	0	3	216	61	274	4.59e-83	302
NODE_260675_length_216_cov_2.63354	gb_EU434751_+_658-2578_ARO:3000194_tetW	92.056	214	17	0	3	216	61	274	4.59e-83	302
NODE_261738_length_216_cov_1.19876	gb_D78168_+_1591-3130_ARO:3000254_emrY	100.000	62	0	0	1	62	1478	1539	6.42e-27	115
NODE_264116_length_215_cov_0.73125	gb_U00096_+_2158385-2161463_ARO:3000794_mdtC	94.860	214	11	0	1	214	1281	1494	4.50e-93	335
NODE_276206_length_209_cov_0.74026	gb_U00096_+_3415032-3418137_ARO:3000502_acrF	98.068	207	4	0	3	209	2735	2529	7.20e-101	361
NODE_278506_length_208_cov_1.0915	gb_U00096_+_2155262-2158385_ARO:3000793_mdtB	98.558	208	3	0	1	208	2912	3119	4.28e-103	368
NODE_279978_length_207_cov_1.96711	gb_AF337947_+_271-1171_ARO:3002635_APH(2'')-IIa	89.848	197	20	0	11	207	43	239	1.24e-68	254
NODE_284125_length_152_cov_12.0103	gb_AY928180_+_0-495_ARO:3002837_lnuC	95.364	151	7	0	1	151	20	170	6.89e-65	241
NODE_285354_length_110_cov_26.0727	gb_M17124_+_1181-1982_ARO:3000498_ErmF	100.000	55	0	0	56	110	104	50	2.32e-23	102
NODE_285411_length_110_cov_72.3818	gb_Z21523_+_0-1974_ARO:3000191_tetQ	100.000	55	0	0	56	110	1961	1907	2.32e-23	102
NODE_285536_length_108_cov_43.1698	gb_M17124_+_1181-1982_ARO:3000498_ErmF	100.000	55	0	0	54	108	188	242	2.27e-23	102
NODE_285574_length_108_cov_63.8491	gb_NC_023287.1_-_65291-66509_ARO:3000615_mefA	100.000	42	0	0	67	108	1	42	3.83e-16	78.7
NODE_285578_length_108_cov_21.8302	gb_AF319779.2_+_32-833_ARO:3000604_Erm(35)	100.000	53	0	0	56	108	1	53	2.94e-22	99.0
NODE_285578_length_108_cov_21.8302	gb_M17124_+_1181-1982_ARO:3000498_ErmF	100.000	53	0	0	56	108	1	53	2.94e-22	99.0
NODE_285802_length_105_cov_2.6	gb_AY712687_+_0-831_ARO:3002628_aad(6)	100.000	55	0	0	51	105	338	392	2.19e-23	102
NODE_285802_length_105_cov_2.6	gb_NC_023287.1_-_60996-61860_ARO:3002626_ANT(6)-Ia	100.000	55	0	0	51	105	416	470	2.19e-23	102
NODE_286010_length_101_cov_38.1304	gb_Z21523_+_0-1974_ARO:3000191_tetQ	100.000	55	0	0	1	55	1907	1961	2.09e-23	102
NODE_286308_length_95_cov_10.9	gb_EU434751_+_658-2578_ARO:3000194_tetW	96.825	63	2	0	33	95	1920	1858	1.50e-24	106
NODE_286772_length_85_cov_46.4	gb_M17124_+_1181-1982_ARO:3000498_ErmF	100.000	55	0	0	1	55	143	197	1.68e-23	102
