NODE_415_length_6332_cov_78.2485	gb_NC_003098_+_953382-954594_ARO:3000614_mefE	82.100	1162	208	0	4148	5309	40	1201	0.0	994
NODE_652_length_4655_cov_71.0461	gb_NC_003098.1_-_1359228-1360395_ARO:3000025_patB	92.888	1167	83	0	388	1554	1	1167	0.0	1696
NODE_705_length_4442_cov_95.2918	gb_AM180355_+_600033-601953_ARO:3000186_tetM	90.264	1366	132	1	3074	4438	1	1366	0.0	1784
NODE_705_length_4442_cov_95.2918	gb_L09756_+_0-1926_ARO:3000192_tetS	77.309	1375	298	12	3075	4442	2	1369	0.0	798
NODE_855_length_3994_cov_3.57959	gb_AF242872_+_2131-2878_ARO:3000375_ErmB	97.826	46	0	1	1	45	702	747	1.70e-14	78.7
NODE_939_length_3776_cov_9.53185	gb_NC_017452.1_-_1144673-1146068_ARO:3003953_hmrM	90.793	782	72	0	1	782	614	1395	0.0	1046
NODE_1054_length_3490_cov_79.7715	gb_NC_003098.1_-_1359228-1360395_ARO:3000025_patB	92.506	1161	87	0	149	1309	1161	1	0.0	1663
NODE_1267_length_3080_cov_312.903	gb_NC_012469.1_-_1800927-1802391_ARO:3000616_mel	100.000	1464	0	0	1605	3068	1464	1	0.0	2704
NODE_1332_length_2995_cov_3.55884	gb_BX664015.1_-_204137-204554_ARO:3000168_tet(D)	99.760	417	1	0	1699	2115	417	1	0.0	765
NODE_1332_length_2995_cov_3.55884	gb_NC_002134.1_+_41537-42743_ARO:3000165_tet(A)	100.000	87	0	0	2909	2995	1206	1120	1.23e-39	161
NODE_1332_length_2995_cov_3.55884	gb_AB089595_+_0-1206_ARO:3000166_tet(B)	100.000	87	0	0	2909	2995	1206	1120	1.23e-39	161
NODE_1557_length_2697_cov_85.8448	gb_NC_003098.1_+_866210-867410_ARO:3000822_pmrA	93.069	808	56	0	1890	2697	1	808	0.0	1182
NODE_1942_length_2339_cov_299.311	gb_NC_023287.1_-_65291-66509_ARO:3000615_mefA	96.962	1218	37	0	1107	2324	1	1218	0.0	2045
NODE_1981_length_2311_cov_210.523	gb_CP007593.1_+_2148923-2149772_ARO:3001301_RlmA(II)	90.588	850	78	2	1332	2180	849	1	0.0	1125
NODE_2066_length_2237_cov_3.90376	gb_CP007593.1_+_2148923-2149772_ARO:3001301_RlmA(II)	88.350	309	36	0	1929	2237	1	309	3.88e-103	372
NODE_2123_length_2205_cov_8.62233	gb_NC_017452.1_-_1144673-1146068_ARO:3003953_hmrM	91.916	668	54	0	1538	2205	1	668	0.0	935
NODE_2271_length_2110_cov_74.7455	gb_NC_007795.1_-_1360280-1361636_ARO:3000839_arlS	81.159	69	11	2	1276	1343	1223	1156	1.51e-07	54.7
NODE_2279_length_2104_cov_100.215	gb_NC_003098.1_+_866210-867410_ARO:3000822_pmrA	90.610	639	58	2	1	638	638	1	0.0	846
NODE_2984_length_1738_cov_228.529	gb_CP007593.1_+_2148923-2149772_ARO:3001301_RlmA(II)	85.646	209	28	2	2	209	634	841	4.15e-57	219
NODE_2995_length_1733_cov_118.821	gb_CP007593.1_+_2148923-2149772_ARO:3001301_RlmA(II)	91.469	844	70	2	256	1098	1	843	0.0	1158
NODE_3024_length_1724_cov_143.282	gb_NC_007795.1_-_1360280-1361636_ARO:3000839_arlS	83.077	65	9	2	1619	1682	1160	1223	9.50e-09	58.4
NODE_3041_length_1719_cov_2.84375	gb_M17124_+_1181-1982_ARO:3000498_ErmF	99.750	801	2	0	357	1157	801	1	0.0	1469
NODE_3041_length_1719_cov_2.84375	gb_AF319779.2_+_32-833_ARO:3000604_Erm(35)	78.643	796	166	3	364	1157	794	1	2.16e-149	525
NODE_3384_length_1603_cov_33.8204	gb_NC_003098.1_-_1359228-1360395_ARO:3000025_patB	93.454	1161	76	0	113	1273	1161	1	0.0	1724
NODE_4189_length_1390_cov_5.99326	gb_AF242872_+_2131-2878_ARO:3000375_ErmB	99.465	747	3	1	410	1155	747	1	0.0	1356
NODE_4402_length_1336_cov_2.47229	gb_AF118110.1_-_71-1037_ARO:3003002_CfxA2	100.000	966	0	0	188	1153	966	1	0.0	1784
NODE_4402_length_1336_cov_2.47229	gb_AF472622_+_52-1018_ARO:3003003_CfxA3	99.896	966	1	0	188	1153	966	1	0.0	1779
NODE_4402_length_1336_cov_2.47229	gb_AY769934_+_27-993_ARO:3003096_CfxA5	99.896	966	1	0	188	1153	966	1	0.0	1779
NODE_4402_length_1336_cov_2.47229	gb_U38243_+_149-1115_ARO:3003001_CfxA	99.896	966	1	0	188	1153	966	1	0.0	1779
NODE_4402_length_1336_cov_2.47229	gb_AY769933_+_0-966_ARO:3003005_CfxA4	99.896	966	1	0	188	1153	966	1	0.0	1779
NODE_4402_length_1336_cov_2.47229	gb_GQ342996_+_797-1793_ARO:3003097_CfxA6	89.234	966	101	3	193	1157	993	30	0.0	1205
NODE_4725_length_1269_cov_2.74794	gb_M18896.2_+_206-2126_ARO:3000190_tetO	99.726	1093	3	0	7	1099	828	1920	0.0	2002
NODE_4725_length_1269_cov_2.74794	gb_AJ295238.3_+_163-2083_ARO:3000196_tet32	94.465	831	46	0	269	1099	1090	1920	0.0	1280
NODE_5059_length_1202_cov_34.8239	gb_NC_003098.1_-_1359228-1360395_ARO:3000025_patB	92.761	815	59	0	1	815	815	1	0.0	1179
NODE_5328_length_1152_cov_119.376	gb_CP007593.1_+_2148923-2149772_ARO:3001301_RlmA(II)	90.941	850	75	2	150	998	1	849	0.0	1142
NODE_7693_length_860_cov_165.882	gb_NC_003098.1_+_866210-867410_ARO:3000822_pmrA	98.649	74	1	0	787	860	1	74	2.72e-31	132
NODE_8469_length_799_cov_54.2769	gb_NC_003098.1_+_866210-867410_ARO:3000822_pmrA	94.368	799	45	0	1	799	191	989	0.0	1227
NODE_8633_length_787_cov_5.02186	gb_NC_003098.1_+_866210-867410_ARO:3000822_pmrA	93.802	242	15	0	546	787	1	242	2.25e-101	364
NODE_9154_length_753_cov_246.887	gb_NC_003098.1_+_866210-867410_ARO:3000822_pmrA	94.737	266	14	0	488	753	1200	935	2.11e-116	414
NODE_9281_length_744_cov_30.9013	gb_NC_003098.1_+_866210-867410_ARO:3000822_pmrA	93.011	744	52	0	1	744	763	20	0.0	1086
NODE_9531_length_730_cov_98.9852	gb_AM180355_+_600033-601953_ARO:3000186_tetM	95.380	606	28	0	1	606	1315	1920	0.0	965
NODE_9531_length_730_cov_98.9852	gb_L09756_+_0-1926_ARO:3000192_tetS	82.702	607	102	3	1	605	1315	1920	4.18e-153	536
NODE_10004_length_701_cov_124.082	gb_CP007593.1_+_2148923-2149772_ARO:3001301_RlmA(II)	89.238	446	48	0	256	701	1	446	8.55e-160	558
NODE_10315_length_684_cov_93.779	gb_CP007593.1_+_2148923-2149772_ARO:3001301_RlmA(II)	86.542	535	72	0	1	535	535	1	2.96e-169	590
NODE_10605_length_669_cov_1.50163	gb_NC_002134.1_+_41537-42743_ARO:3000165_tet(A)	99.701	669	2	0	1	669	1095	427	0.0	1225
NODE_10605_length_669_cov_1.50163	gb_AB089595_+_0-1206_ARO:3000166_tet(B)	99.552	669	3	0	1	669	1095	427	0.0	1219
NODE_12812_length_583_cov_2.3447	gb_Z21523_+_0-1974_ARO:3000191_tetQ	97.599	583	14	0	1	583	844	1426	0.0	1000
NODE_12840_length_582_cov_10.5066	gb_AM180355_+_600033-601953_ARO:3000186_tetM	89.775	577	58	1	5	580	1366	790	0.0	737
NODE_12840_length_582_cov_10.5066	gb_L09756_+_0-1926_ARO:3000192_tetS	79.210	582	117	4	1	580	1369	790	1.26e-112	401
NODE_13333_length_567_cov_1.94336	gb_NC_002134.1_+_41537-42743_ARO:3000165_tet(A)	100.000	361	0	0	1	361	361	1	0.0	667
NODE_13333_length_567_cov_1.94336	gb_AB089595_+_0-1206_ARO:3000166_tet(B)	99.723	361	1	0	1	361	361	1	0.0	662
NODE_13522_length_562_cov_2.26036	gb_Z21523_+_0-1974_ARO:3000191_tetQ	99.020	204	2	0	359	562	1	204	4.42e-102	366
NODE_14106_length_546_cov_2.92872	gb_M18896.2_+_206-2126_ARO:3000190_tetO	100.000	453	0	0	1	453	453	1	0.0	837
NODE_14106_length_546_cov_2.92872	gb_AJ295238.3_+_163-2083_ARO:3000196_tet32	91.919	396	32	0	58	453	396	1	8.54e-159	555
NODE_15070_length_520_cov_3.17849	gb_NC_017452.1_-_1144673-1146068_ARO:3003953_hmrM	90.192	520	51	0	1	520	1133	614	0.0	678
NODE_16502_length_489_cov_65.4793	gb_NC_003098.1_-_1359228-1360395_ARO:3000025_patB	94.255	470	27	0	20	489	1	470	0.0	719
NODE_17610_length_469_cov_1.11353	gb_HM990671_+_5192-6671_ARO:3003112_lsaC	86.473	414	56	0	56	469	1	414	7.60e-129	455
NODE_19170_length_443_cov_29.6933	gb_CP007593.1_+_2148923-2149772_ARO:3001301_RlmA(II)	89.076	119	13	0	325	443	841	723	1.36e-36	148
NODE_20212_length_428_cov_5.87936	gb_NC_003098.1_+_866210-867410_ARO:3000822_pmrA	95.946	74	3	0	354	427	1	74	2.86e-28	121
NODE_24776_length_378_cov_80.1858	gb_NC_003098.1_-_1359228-1360395_ARO:3000025_patB	90.741	378	35	0	1	378	793	416	5.93e-144	505
NODE_25912_length_368_cov_3.90096	gb_CP007593.1_+_2148923-2149772_ARO:3001301_RlmA(II)	85.294	272	40	0	97	368	843	572	1.06e-76	281
NODE_27370_length_356_cov_0.966777	gb_HQ652506.1_+_373-2098_ARO:3004032_tetA(46)	91.292	356	31	0	1	356	806	1161	2.02e-138	486
NODE_27503_length_355_cov_4.16667	gb_NC_003098.1_-_1359228-1360395_ARO:3000025_patB	93.803	355	22	0	1	355	445	91	7.10e-153	534
NODE_30717_length_333_cov_1.28417	gb_Z21523_+_0-1974_ARO:3000191_tetQ	98.799	333	4	0	1	333	800	468	1.08e-170	593
NODE_32583_length_322_cov_20.8614	gb_NC_003098.1_+_866210-867410_ARO:3000822_pmrA	91.925	322	26	0	1	322	191	512	6.64e-128	451
NODE_33961_length_314_cov_0.969112	gb_AB091338_+_173-1355_ARO:3003551_emeA	78.188	298	56	7	6	299	7	299	9.36e-47	182
NODE_35701_length_306_cov_38.3187	gb_NC_003098.1_+_866210-867410_ARO:3000822_pmrA	91.503	306	26	0	1	306	458	763	4.93e-119	422
NODE_36366_length_303_cov_4.33065	gb_CP007593.1_+_2148923-2149772_ARO:3001301_RlmA(II)	94.505	91	5	0	1	91	759	849	1.53e-34	141
NODE_37583_length_297_cov_3.90496	gb_M18896.2_+_206-2126_ARO:3000190_tetO	99.663	297	1	0	1	297	730	434	9.76e-156	544
NODE_41833_length_281_cov_30.9248	gb_NC_003098.1_+_866210-867410_ARO:3000822_pmrA	95.730	281	12	0	1	281	709	989	1.59e-128	453
NODE_44884_length_271_cov_129.454	gb_NC_003098.1_-_1359228-1360395_ARO:3000025_patB	94.403	268	15	0	4	271	1006	739	2.60e-116	412
NODE_48271_length_261_cov_75.4951	gb_NC_003098.1_-_1359228-1360395_ARO:3000025_patB	97.222	36	1	0	1	36	36	1	1.04e-10	62.1
NODE_51727_length_252_cov_273.629	gb_CP007593.1_+_2148923-2149772_ARO:3001301_RlmA(II)	92.490	253	17	2	1	252	732	481	8.84e-101	361
NODE_52144_length_251_cov_4.93367	gb_NC_017452.1_-_1144673-1146068_ARO:3003953_hmrM	90.654	107	10	0	1	107	107	1	3.47e-35	143
NODE_52384_length_250_cov_1.34359	gb_Z21523_+_0-1974_ARO:3000191_tetQ	96.000	250	10	0	1	250	1973	1724	1.11e-114	407
NODE_52556_length_250_cov_5.68205	gb_NC_003098.1_-_1359228-1360395_ARO:3000025_patB	90.306	196	19	0	55	250	1161	966	1.18e-69	257
NODE_53810_length_247_cov_8.125	gb_NC_003098.1_-_1359228-1360395_ARO:3000025_patB	93.927	247	15	0	1	247	80	326	1.11e-104	374
NODE_53811_length_247_cov_1.98438	gb_Z21523_+_0-1974_ARO:3000191_tetQ	100.000	247	0	0	1	247	246	492	1.07e-129	457
NODE_54207_length_246_cov_2.08377	gb_NC_003098.1_-_1359228-1360395_ARO:3000025_patB	82.996	247	38	3	1	245	733	977	1.52e-58	220
NODE_54727_length_245_cov_11.9105	gb_CP007593.1_+_2148923-2149772_ARO:3001301_RlmA(II)	90.698	86	8	0	1	86	764	849	7.37e-27	115
NODE_54997_length_244_cov_1.20635	gb_Z21523_+_0-1974_ARO:3000191_tetQ	93.852	244	15	0	1	244	338	95	5.10e-103	368
NODE_55505_length_243_cov_0.93617	gb_KX000272.1_+_0-1740_ARO:3004035_tetA(60)	94.650	243	13	0	1	243	650	408	8.43e-106	377
NODE_56975_length_240_cov_1.37838	gb_Z21523_+_0-1974_ARO:3000191_tetQ	90.678	236	22	0	3	238	1600	1835	6.62e-87	315
NODE_64916_length_226_cov_60.6433	gb_NC_003098.1_+_866210-867410_ARO:3000822_pmrA	90.708	226	21	0	1	226	20	245	4.82e-83	302
NODE_65543_length_225_cov_52.3706	gb_NC_003098.1_+_866210-867410_ARO:3000822_pmrA	93.333	225	15	0	1	225	584	808	1.70e-92	333
NODE_65725_length_224_cov_2.14201	gb_NC_003098.1_+_866210-867410_ARO:3000822_pmrA	88.235	68	8	0	7	74	1109	1042	6.77e-17	82.4
NODE_65785_length_224_cov_1.89941	gb_NC_017452.1_-_1144673-1146068_ARO:3003953_hmrM	93.694	222	14	0	1	222	338	559	1.69e-92	333
NODE_68751_length_219_cov_1.12195	gb_HM990671_+_5192-6671_ARO:3003112_lsaC	91.324	219	19	0	1	219	1068	850	1.68e-82	300
NODE_69137_length_219_cov_6.41463	gb_NC_003098.1_+_866210-867410_ARO:3000822_pmrA	92.237	219	17	0	1	219	409	191	7.74e-86	311
NODE_70589_length_217_cov_1.11728	gb_KU736867.1_+_19653-21573_ARO:3004442_tet(W/N/W)	100.000	214	0	0	1	214	1621	1408	2.06e-111	396
NODE_70589_length_217_cov_1.11728	gb_EU434751_+_658-2578_ARO:3000194_tetW	99.065	214	2	0	1	214	1621	1408	4.45e-108	385
NODE_71925_length_215_cov_1.475	gb_Z21523_+_0-1974_ARO:3000191_tetQ	97.674	215	5	0	1	215	695	909	1.23e-103	370
NODE_73205_length_213_cov_1.08228	gb_Z21523_+_0-1974_ARO:3000191_tetQ	99.531	213	1	0	1	213	1381	1593	3.37e-109	388
NODE_75241_length_210_cov_1.1871	gb_KX531049.1_+_0-1947_ARO:3003986_TaeA	86.154	65	9	0	128	192	1427	1363	1.37e-13	71.3
NODE_76911_length_208_cov_1.42484	gb_KU736867.1_+_19653-21573_ARO:3004442_tet(W/N/W)	99.038	208	2	0	1	208	617	410	9.20e-105	374
NODE_76911_length_208_cov_1.42484	gb_EU434751_+_658-2578_ARO:3000194_tetW	98.558	208	3	0	1	208	617	410	4.28e-103	368
NODE_79031_length_202_cov_239.463	gb_NC_012469.1_-_1800927-1802391_ARO:3000616_mel	100.000	43	0	0	160	202	1	43	2.17e-16	80.5
NODE_79859_length_175_cov_7.54167	gb_NC_003098.1_+_866210-867410_ARO:3000822_pmrA	89.143	175	19	0	1	175	700	526	3.76e-58	219
NODE_80033_length_171_cov_19.5517	gb_CP007593.1_+_2148923-2149772_ARO:3001301_RlmA(II)	89.941	169	17	0	1	169	436	268	3.66e-58	219
NODE_80292_length_165_cov_13.3818	gb_NC_003098.1_-_1359228-1360395_ARO:3000025_patB	95.758	165	7	0	1	165	850	686	1.25e-72	267
NODE_81259_length_141_cov_8.27907	gb_NC_003098.1_-_1359228-1360395_ARO:3000025_patB	94.326	141	8	0	1	141	416	556	1.07e-57	217
NODE_81885_length_127_cov_4.01389	gb_NC_003098.1_-_1359228-1360395_ARO:3000025_patB	93.701	127	8	0	1	127	145	19	5.72e-50	191
NODE_82550_length_115_cov_19.2	gb_CP007593.1_+_2148923-2149772_ARO:3001301_RlmA(II)	94.783	115	6	0	1	115	128	14	1.10e-46	180
NODE_82559_length_115_cov_20.1333	gb_NC_003098.1_-_1359228-1360395_ARO:3000025_patB	97.345	113	3	0	1	113	796	908	1.41e-50	193
NODE_82715_length_113_cov_209.328	gb_NC_003098.1_-_1359228-1360395_ARO:3000025_patB	94.690	113	6	0	1	113	1067	955	1.39e-45	176
NODE_82979_length_111_cov_14.9286	gb_NC_003098.1_-_1359228-1360395_ARO:3000025_patB	94.545	110	6	0	1	110	892	783	6.35e-44	171
NODE_83613_length_103_cov_124.417	gb_NC_012469.1_-_1800927-1802391_ARO:3000616_mel	100.000	43	0	0	61	103	1	43	1.00e-16	80.5
NODE_83699_length_102_cov_7	gb_NC_003098.1_+_866210-867410_ARO:3000822_pmrA	96.078	102	4	0	1	102	479	580	7.40e-43	167
NODE_83951_length_98_cov_6.5814	gb_NC_003098.1_+_866210-867410_ARO:3000822_pmrA	94.898	98	5	0	1	98	580	483	5.49e-39	154
NODE_85428_length_80_cov_7.52	gb_NC_003098.1_-_1359228-1360395_ARO:3000025_patB	96.721	61	2	0	20	80	1	61	1.58e-23	102
NODE_85795_length_76_cov_22.6667	gb_NC_003098.1_-_1359228-1360395_ARO:3000025_patB	94.737	76	4	0	1	76	761	836	1.47e-28	119
NODE_86616_length_69_cov_5.35714	gb_NC_003098.1_-_1359228-1360395_ARO:3000025_patB	98.529	68	1	0	1	68	850	783	3.60e-29	121
