NODE_1_length_451254_cov_17.0667	gb_NC_002516.2_+_3982020-3984009_ARO:3002985_arnA	74.464	1026	225	32	111230	112238	957	1962	5.99e-112	409
NODE_74_length_129993_cov_36.1497	gb_NC_002516_+_2810008-2813197_ARO:3000804_MexF	82.096	229	41	0	42921	43149	1264	1036	1.47e-48	196
NODE_74_length_129993_cov_36.1497	gb_AFRQ01000061.1_-_23986-27124_ARO:3004144_AxyY	76.230	244	56	2	42908	43150	1265	1023	5.42e-28	128
NODE_74_length_129993_cov_36.1497	gb_NC_010378.1_+_47850-51003_ARO:3003923_oqxB	75.221	226	48	5	42909	43130	1276	1055	1.18e-19	100
NODE_118_length_105826_cov_16.4839	gb_M57437_+_0-1647_ARO:3002827_tlrC	92.857	42	3	0	61945	61986	588	547	4.54e-08	62.1
NODE_195_length_77915_cov_22.8772	gb_L36601_+_1420-3130_ARO:3003036_oleB	94.595	37	2	0	31632	31668	1532	1568	4.33e-07	58.4
NODE_222_length_73631_cov_9.42412	gb_AF024602_+_3155-3992_ARO:3002660_APH(6)-Id	99.881	837	1	0	17941	18777	1	837	0.0	1541
NODE_222_length_73631_cov_9.42412	gb_AY055428.1_-_20268-21084_ARO:3000412_sul2	100.000	816	0	0	16262	17077	1	816	0.0	1507
NODE_222_length_73631_cov_9.42412	gb_AF313472_+_15593-16397_ARO:3002639_APH(3'')-Ib	99.751	804	2	0	17138	17941	1	804	0.0	1474
NODE_275_length_65556_cov_12.0128	gb_AF235050.4_+_38028-40140_ARO:3003318_Streptomyces	72.184	435	90	24	7672	8093	491	75	4.61e-21	104
NODE_338_length_58813_cov_28.2893	gb_AF118110.1_-_71-1037_ARO:3003002_CfxA2	100.000	458	0	0	58356	58813	966	509	0.0	846
NODE_338_length_58813_cov_28.2893	gb_AF472622_+_52-1018_ARO:3003003_CfxA3	99.782	458	1	0	58356	58813	966	509	0.0	841
NODE_338_length_58813_cov_28.2893	gb_AY769934_+_27-993_ARO:3003096_CfxA5	99.782	458	1	0	58356	58813	966	509	0.0	841
NODE_338_length_58813_cov_28.2893	gb_U38243_+_149-1115_ARO:3003001_CfxA	99.782	458	1	0	58356	58813	966	509	0.0	841
NODE_338_length_58813_cov_28.2893	gb_AY769933_+_0-966_ARO:3003005_CfxA4	99.782	458	1	0	58356	58813	966	509	0.0	841
NODE_338_length_58813_cov_28.2893	gb_GQ342996_+_797-1793_ARO:3003097_CfxA6	90.667	450	39	3	58361	58809	993	546	5.60e-169	595
NODE_587_length_41810_cov_24.1781	gb_AF235050.4_+_38028-40140_ARO:3003318_Streptomyces	73.950	357	73	15	6629	6975	421	75	6.28e-28	126
NODE_772_length_35551_cov_16.3412	gb_L36601_+_1420-3130_ARO:3003036_oleB	97.059	34	1	0	17277	17310	1532	1565	1.98e-07	58.4
NODE_811_length_34429_cov_6.01257	gb_AP006618.1_+_4835199-4838688_ARO:3000501_Nocardia	81.275	251	43	4	3158	3406	3037	3285	3.00e-50	200
NODE_824_length_33961_cov_5.23199	gb_M57437_+_0-1647_ARO:3002827_tlrC	92.500	40	1	2	1077	1116	557	594	6.79e-07	56.5
NODE_839_length_33503_cov_11.2347	gb_NC_000913.3_-_481253-484403_ARO:3000216_acrB	74.614	583	135	8	14414	14985	1555	975	1.33e-63	244
NODE_1272_length_24867_cov_13.1084	gb_U05883_+_555-1458_ARO:3003559_cepA	77.574	816	165	17	16308	17114	883	77	8.96e-134	477
NODE_1440_length_22533_cov_144.866	gb_M17124_+_1181-1982_ARO:3000498_ErmF	85.915	426	60	0	22094	22519	794	369	3.80e-127	455
NODE_1511_length_21593_cov_11.3144	gb_NC_002516.2_-_2847775-2850886_ARO:3004075_MuxC	100.000	33	0	0	5341	5373	1233	1201	9.28e-09	62.1
NODE_2026_length_16762_cov_15.7926	gb_NC_023287.1_-_65291-66509_ARO:3000615_mefA	90.230	1218	119	0	1026	2243	1	1218	0.0	1591
NODE_2201_length_15611_cov_7.16412	gb_GQ343019_+_132-1023_ARO:3002999_CblA-1	99.327	891	6	0	4984	5874	1	891	0.0	1613
NODE_2428_length_14317_cov_4.03218	gb_L36601_+_1420-3130_ARO:3003036_oleB	90.909	44	3	1	12176	12219	1574	1532	7.96e-08	58.4
NODE_2428_length_14317_cov_4.03218	gb_M57437_+_0-1647_ARO:3002827_tlrC	92.500	40	2	1	11332	11371	601	563	2.86e-07	56.5
NODE_2641_length_13211_cov_3.77364	gb_AF235050.4_+_38028-40140_ARO:3003318_Streptomyces	78.698	169	34	2	11924	12091	250	417	5.55e-24	111
NODE_4011_length_8748_cov_5.38721	gb_AF319779.2_+_32-833_ARO:3000604_Erm(35)	100.000	37	0	0	82	118	37	1	2.25e-11	69.4
NODE_4011_length_8748_cov_5.38721	gb_M17124_+_1181-1982_ARO:3000498_ErmF	100.000	37	0	0	82	118	37	1	2.25e-11	69.4
NODE_4036_length_8711_cov_4.16151	gb_KX531046.1_+_0-864_ARO:3003982_LlmA	96.875	32	1	0	3611	3642	355	386	6.26e-07	54.7
NODE_5134_length_6709_cov_11.4916	gb_AF028812_+_392-887_ARO:3002867_dfrF	100.000	495	0	0	156	650	495	1	0.0	915
NODE_5378_length_6394_cov_3.4048	gb_KX531049.1_+_0-1947_ARO:3003986_TaeA	85.455	55	4	3	179	231	594	542	4.59e-07	54.7
NODE_6860_length_4937_cov_10.0225	gb_M57437_+_0-1647_ARO:3002827_tlrC	96.970	33	1	0	2398	2430	568	600	9.85e-08	56.5
NODE_7454_length_4521_cov_43.4295	gb_Z21523_+_0-1974_ARO:3000191_tetQ	97.222	108	2	1	4415	4521	1	108	1.43e-45	182
NODE_7641_length_4400_cov_3.31807	gb_AF235050.4_+_38028-40140_ARO:3003318_Streptomyces	88.235	68	7	1	3108	3175	1961	1895	5.21e-15	80.5
NODE_8688_length_3821_cov_31.3975	gb_Z21523_+_0-1974_ARO:3000191_tetQ	89.607	1732	180	0	1	1732	243	1974	0.0	2202
NODE_8688_length_3821_cov_31.3975	gb_M37699_+_585-1752_ARO:3000205_tetX	99.914	1167	1	0	2440	3606	1	1167	0.0	2150
NODE_9200_length_3607_cov_68.3339	gb_Z21523_+_0-1974_ARO:3000191_tetQ	100.000	55	0	0	3553	3607	34	88	9.11e-22	102
NODE_9612_length_3455_cov_4.36412	gb_KX531046.1_+_0-864_ARO:3003982_LlmA	73.244	299	68	11	3162	3454	355	647	1.13e-20	99.0
NODE_11124_length_2951_cov_104.419	gb_EU434751_+_658-2578_ARO:3000194_tetW	99.635	1920	7	0	565	2484	1	1920	0.0	3507
NODE_11124_length_2951_cov_104.419	gb_KU736867.1_+_19653-21573_ARO:3004442_tet(W/N/W)	96.234	1912	70	2	565	2475	1	1911	0.0	3131
NODE_11812_length_2781_cov_28.3202	gb_M18896.2_+_206-2126_ARO:3000190_tetO	99.479	1920	10	0	800	2719	1	1920	0.0	3491
NODE_11812_length_2781_cov_28.3202	gb_AJ295238.3_+_163-2083_ARO:3000196_tet32	94.344	831	47	0	1889	2719	1090	1920	0.0	1275
NODE_11812_length_2781_cov_28.3202	gb_AJ295238.3_+_163-2083_ARO:3000196_tet32	91.414	396	34	0	800	1195	1	396	9.69e-155	544
NODE_13143_length_2493_cov_6.14397	gb_AFRQ01000061.1_-_23986-27124_ARO:3004144_AxyY	73.763	465	106	15	1325	1781	1479	1023	6.10e-42	169
NODE_14483_length_2257_cov_2.80064	gb_AF235050.4_+_38028-40140_ARO:3003318_Streptomyces	100.000	31	0	0	344	374	1896	1926	1.25e-08	58.4
NODE_15496_length_2107_cov_855.168	gb_Z21523_+_0-1974_ARO:3000191_tetQ	97.374	1942	50	1	166	2107	1974	34	0.0	3302
NODE_18179_length_1806_cov_2.29869	gb_AF235050.4_+_38028-40140_ARO:3003318_Streptomyces	73.731	335	80	7	1473	1803	75	405	9.68e-29	124
NODE_18193_length_1804_cov_1.88565	gb_X63451_+_0-1653_ARO:3002828_srmB	94.444	36	2	0	383	418	1499	1464	3.58e-08	56.5
NODE_18294_length_1795_cov_7.04023	gb_JQ740052_+_2108-3329_ARO:3000567_tet(40)	99.918	1221	1	0	513	1733	1221	1	0.0	2250
NODE_18581_length_1768_cov_4.96556	gb_X01702_+_484-1285_ARO:3002659_APH(6)-Ic	96.875	32	1	0	404	435	514	483	1.26e-07	54.7
NODE_19330_length_1705_cov_2.46667	gb_AY928180_+_0-495_ARO:3002837_lnuC	99.192	495	4	0	1186	1680	1	495	0.0	893
NODE_19484_length_1692_cov_3.5113	gb_U00096_+_3415032-3418137_ARO:3000502_acrF	74.590	122	31	0	997	1118	1125	1246	1.21e-07	54.7
NODE_19703_length_1676_cov_4.02529	gb_AF235050.4_+_38028-40140_ARO:3003318_Streptomyces	83.696	92	15	0	593	684	413	322	1.18e-17	87.9
NODE_23192_length_1446_cov_2.0417	gb_AP006618.1_+_4835199-4838688_ARO:3000501_Nocardia	74.705	1186	254	33	268	1442	2044	3194	8.56e-138	486
NODE_23802_length_1411_cov_3.00369	gb_U00096_-_2098446-2099613_ARO:3003577_ugd	72.789	294	80	0	828	1121	570	863	1.27e-21	100
NODE_24009_length_1400_cov_9.1197	gb_AF173226_+_3767-6917_ARO:3003052_smeB	83.784	74	12	0	780	853	1242	1169	9.88e-13	71.3
NODE_24009_length_1400_cov_9.1197	gb_AJ252200_+_1278-4401_ARO:3003056_smeE	83.333	72	12	0	780	851	1242	1171	1.28e-11	67.6
NODE_28158_length_1215_cov_2.7319	gb_X01702_+_484-1285_ARO:3002659_APH(6)-Ic	94.444	36	1	1	565	599	483	518	8.62e-08	54.7
NODE_29091_length_1180_cov_196.638	gb_Z21523_+_0-1974_ARO:3000191_tetQ	98.864	88	1	0	1	88	88	1	6.20e-39	158
NODE_30954_length_1119_cov_37.953	gb_U01945_+_373-916_ARO:3002897_SAT-4	100.000	55	0	0	1065	1119	363	417	2.79e-22	102
NODE_31579_length_1100_cov_1.6067	gb_NC_014638.1_-_1610636-1613960_ARO:3003730_Bifidobacteria	86.648	1071	137	5	1	1068	1974	907	0.0	1181
NODE_36299_length_975_cov_39.0913	gb_CP004067_+_52914-53709_ARO:3002647_APH(3')-IIIa	100.000	795	0	0	14	808	1	795	0.0	1469
NODE_40863_length_886_cov_2.27677	gb_AF242872_+_2131-2878_ARO:3000375_ErmB	99.437	710	4	0	1	710	710	1	0.0	1290
NODE_46030_length_807_cov_1696.29	gb_GQ342996_+_797-1793_ARO:3003097_CfxA6	98.891	451	5	0	5	455	546	996	0.0	806
NODE_46030_length_807_cov_1696.29	gb_AF472622_+_52-1018_ARO:3003003_CfxA3	91.850	454	34	3	1	452	509	961	0.0	630
NODE_46030_length_807_cov_1696.29	gb_AY769933_+_0-966_ARO:3003005_CfxA4	91.630	454	35	3	1	452	509	961	9.60e-180	625
NODE_46030_length_807_cov_1696.29	gb_AF118110.1_-_71-1037_ARO:3003002_CfxA2	91.630	454	35	3	1	452	509	961	9.60e-180	625
NODE_46030_length_807_cov_1696.29	gb_AY769934_+_27-993_ARO:3003096_CfxA5	91.410	454	36	3	1	452	509	961	4.47e-178	619
NODE_46030_length_807_cov_1696.29	gb_U38243_+_149-1115_ARO:3003001_CfxA	91.410	454	36	3	1	452	509	961	4.47e-178	619
NODE_47151_length_791_cov_39.5965	gb_M17124_+_1181-1982_ARO:3000498_ErmF	99.729	739	2	0	53	791	801	63	0.0	1354
NODE_48584_length_772_cov_10.2064	gb_GQ342996_+_797-1793_ARO:3003097_CfxA6	100.000	54	0	0	719	772	40	93	6.88e-22	100
NODE_49393_length_762_cov_1.34229	gb_AY712687_+_0-831_ARO:3002628_aad(6)	94.089	406	22	2	155	559	724	320	5.45e-177	616
NODE_56406_length_687_cov_2.29114	gb_KX531046.1_+_0-864_ARO:3003982_LlmA	77.720	193	31	10	332	518	284	470	3.64e-24	108
NODE_58647_length_668_cov_2.85971	gb_NC_002516.2_+_4904646-4907703_ARO:3003031_mexW	74.519	208	45	5	158	361	2772	2569	5.97e-17	84.2
NODE_58647_length_668_cov_2.85971	gb_AF173226_+_3767-6917_ARO:3003052_smeB	88.636	44	5	0	165	208	2852	2809	4.68e-08	54.7
NODE_63915_length_627_cov_2.34965	gb_AF235050.4_+_38028-40140_ARO:3003318_Streptomyces	77.108	166	38	0	1	166	421	256	7.18e-21	97.1
NODE_69662_length_587_cov_3.37782	gb_GQ342996_+_797-1793_ARO:3003097_CfxA6	93.248	311	19	2	1	310	685	994	2.67e-129	457
NODE_69662_length_587_cov_3.37782	gb_AF118110.1_-_71-1037_ARO:3003002_CfxA2	92.332	313	24	0	3	315	654	966	5.78e-126	446
NODE_69662_length_587_cov_3.37782	gb_AF472622_+_52-1018_ARO:3003003_CfxA3	92.013	313	25	0	3	315	654	966	2.69e-124	440
NODE_69662_length_587_cov_3.37782	gb_AY769934_+_27-993_ARO:3003096_CfxA5	92.013	313	25	0	3	315	654	966	2.69e-124	440
NODE_69662_length_587_cov_3.37782	gb_U38243_+_149-1115_ARO:3003001_CfxA	92.013	313	25	0	3	315	654	966	2.69e-124	440
NODE_69662_length_587_cov_3.37782	gb_AY769933_+_0-966_ARO:3003005_CfxA4	92.013	313	25	0	3	315	654	966	2.69e-124	440
NODE_82610_length_517_cov_2.19264	gb_NC_014638.1_-_1610636-1613960_ARO:3003730_Bifidobacteria	87.791	516	63	0	1	516	816	301	7.90e-174	604
NODE_89251_length_488_cov_3.12702	gb_U01945_+_373-916_ARO:3002897_SAT-4	99.747	395	1	0	94	488	1	395	0.0	725
NODE_89251_length_488_cov_3.12702	gb_AY712687_+_0-831_ARO:3002628_aad(6)	100.000	97	0	0	1	97	735	831	5.34e-46	180
NODE_92289_length_475_cov_1.25	gb_NC_002516.2_-_2850882-2854014_ARO:3004074_MuxB	76.442	208	43	5	22	226	1780	1576	2.48e-24	108
NODE_94345_length_468_cov_1.46005	gb_L42817_+_201-936_ARO:3000522_ErmG	100.000	47	0	0	422	468	1	47	3.19e-18	87.9
NODE_96961_length_459_cov_104.191	gb_M17124_+_1181-1982_ARO:3000498_ErmF	81.327	407	72	4	5	409	405	1	1.69e-90	327
NODE_96961_length_459_cov_104.191	gb_AF319779.2_+_32-833_ARO:3000604_Erm(35)	81.022	411	74	4	1	409	409	1	2.19e-89	324
NODE_100205_length_448_cov_97.9211	gb_AF472622_+_52-1018_ARO:3003003_CfxA3	100.000	307	0	0	142	448	1	307	8.92e-163	568
NODE_100205_length_448_cov_97.9211	gb_AY769934_+_27-993_ARO:3003096_CfxA5	100.000	307	0	0	142	448	1	307	8.92e-163	568
NODE_100205_length_448_cov_97.9211	gb_U38243_+_149-1115_ARO:3003001_CfxA	100.000	307	0	0	142	448	1	307	8.92e-163	568
NODE_100205_length_448_cov_97.9211	gb_AY769933_+_0-966_ARO:3003005_CfxA4	100.000	307	0	0	142	448	1	307	8.92e-163	568
NODE_100205_length_448_cov_97.9211	gb_AF118110.1_-_71-1037_ARO:3003002_CfxA2	100.000	307	0	0	142	448	1	307	8.92e-163	568
NODE_100205_length_448_cov_97.9211	gb_GQ342996_+_797-1793_ARO:3003097_CfxA6	91.176	306	27	0	138	443	30	335	3.42e-117	416
NODE_101113_length_445_cov_2.09231	gb_NC_014638.1_-_1610636-1613960_ARO:3003730_Bifidobacteria	84.081	446	67	2	2	445	2086	2529	1.57e-120	427
NODE_114414_length_407_cov_1.16193	gb_AM180355_+_600033-601953_ARO:3000186_tetM	85.749	407	58	0	1	407	373	779	1.10e-121	431
NODE_115954_length_403_cov_1.80172	gb_L11616_+_1569-4710_ARO:3000378_MexB	73.188	414	83	24	4	403	2773	2374	2.08e-29	124
NODE_117866_length_398_cov_1.47522	gb_FN594949_+_25244-27167_ARO:3000556_tet44	97.990	398	8	0	1	398	1692	1295	0.0	691
NODE_120194_length_393_cov_1.43787	gb_AF235050.4_+_38028-40140_ARO:3003318_Streptomyces	75.556	270	64	2	125	393	413	145	1.21e-31	132
NODE_127491_length_378_cov_456.26	gb_GQ342996_+_797-1793_ARO:3003097_CfxA6	99.735	378	1	0	1	378	637	260	0.0	693
NODE_127491_length_378_cov_456.26	gb_AF472622_+_52-1018_ARO:3003003_CfxA3	86.828	372	49	0	1	372	604	233	2.86e-117	416
NODE_127491_length_378_cov_456.26	gb_AY769934_+_27-993_ARO:3003096_CfxA5	86.828	372	49	0	1	372	604	233	2.86e-117	416
NODE_127491_length_378_cov_456.26	gb_U38243_+_149-1115_ARO:3003001_CfxA	86.828	372	49	0	1	372	604	233	2.86e-117	416
NODE_127491_length_378_cov_456.26	gb_AY769933_+_0-966_ARO:3003005_CfxA4	86.828	372	49	0	1	372	604	233	2.86e-117	416
NODE_127491_length_378_cov_456.26	gb_AF118110.1_-_71-1037_ARO:3003002_CfxA2	86.828	372	49	0	1	372	604	233	2.86e-117	416
NODE_138800_length_357_cov_1.98675	gb_KU736867.1_+_19653-21573_ARO:3004442_tet(W/N/W)	96.893	354	11	0	1	354	926	1279	1.16e-170	593
NODE_138800_length_357_cov_1.98675	gb_EU434751_+_658-2578_ARO:3000194_tetW	88.418	354	41	0	1	354	926	1279	1.25e-120	427
NODE_147111_length_343_cov_1.28472	gb_AJ295238.3_+_163-2083_ARO:3000196_tet32	99.417	343	2	0	1	343	508	850	1.42e-179	623
NODE_149686_length_339_cov_517.437	gb_GQ342996_+_797-1793_ARO:3003097_CfxA6	99.363	314	2	0	26	339	1	314	1.85e-163	569
NODE_149686_length_339_cov_517.437	gb_AF472622_+_52-1018_ARO:3003003_CfxA3	91.459	281	24	0	59	339	1	281	2.00e-108	387
NODE_149686_length_339_cov_517.437	gb_AY769934_+_27-993_ARO:3003096_CfxA5	91.459	281	24	0	59	339	1	281	2.00e-108	387
NODE_149686_length_339_cov_517.437	gb_U38243_+_149-1115_ARO:3003001_CfxA	91.459	281	24	0	59	339	1	281	2.00e-108	387
NODE_149686_length_339_cov_517.437	gb_AY769933_+_0-966_ARO:3003005_CfxA4	91.459	281	24	0	59	339	1	281	2.00e-108	387
NODE_149686_length_339_cov_517.437	gb_AF118110.1_-_71-1037_ARO:3003002_CfxA2	91.459	281	24	0	59	339	1	281	2.00e-108	387
NODE_154966_length_331_cov_1.5942	gb_KU736867.1_+_19653-21573_ARO:3004442_tet(W/N/W)	87.349	332	38	3	1	330	339	668	1.18e-105	377
NODE_157365_length_328_cov_4.69597	gb_L42817_+_201-936_ARO:3000522_ErmG	98.936	188	1	1	1	187	548	735	7.11e-93	335
NODE_163198_length_320_cov_3.04528	gb_NC_023287.1_-_60996-61860_ARO:3002626_ANT(6)-Ia	100.000	110	0	0	1	110	110	1	2.04e-53	204
NODE_163198_length_320_cov_3.04528	gb_AY712687_+_0-831_ARO:3002628_aad(6)	100.000	32	0	0	1	32	32	1	4.67e-10	60.2
NODE_165591_length_317_cov_23.1832	gb_AY712687_+_0-831_ARO:3002628_aad(6)	100.000	102	0	0	163	264	338	439	5.65e-49	189
NODE_165591_length_317_cov_23.1832	gb_NC_023287.1_-_60996-61860_ARO:3002626_ANT(6)-Ia	100.000	94	0	0	163	256	416	509	1.58e-44	174
NODE_165591_length_317_cov_23.1832	gb_CP004067_+_52914-53709_ARO:3002647_APH(3')-IIIa	100.000	42	0	0	276	317	1	42	1.28e-15	78.7
NODE_167122_length_315_cov_38.0769	gb_U01945_+_373-916_ARO:3002897_SAT-4	100.000	181	0	0	1	181	363	543	6.81e-93	335
NODE_167122_length_315_cov_38.0769	gb_CP004067_+_52914-53709_ARO:3002647_APH(3')-IIIa	100.000	42	0	0	274	315	1	42	1.27e-15	78.7
NODE_170465_length_311_cov_184.168	gb_AF472622_+_52-1018_ARO:3003003_CfxA3	100.000	311	0	0	1	311	563	253	3.64e-165	575
NODE_170465_length_311_cov_184.168	gb_AY769934_+_27-993_ARO:3003096_CfxA5	100.000	311	0	0	1	311	563	253	3.64e-165	575
NODE_170465_length_311_cov_184.168	gb_U38243_+_149-1115_ARO:3003001_CfxA	100.000	311	0	0	1	311	563	253	3.64e-165	575
NODE_170465_length_311_cov_184.168	gb_AY769933_+_0-966_ARO:3003005_CfxA4	100.000	311	0	0	1	311	563	253	3.64e-165	575
NODE_170465_length_311_cov_184.168	gb_AF118110.1_-_71-1037_ARO:3003002_CfxA2	100.000	311	0	0	1	311	563	253	3.64e-165	575
NODE_170465_length_311_cov_184.168	gb_GQ342996_+_797-1793_ARO:3003097_CfxA6	86.495	311	42	0	1	311	596	286	4.01e-95	342
NODE_177340_length_303_cov_1.22984	gb_L42817_+_201-936_ARO:3000522_ErmG	100.000	189	0	0	108	296	1	189	2.33e-97	350
NODE_178024_length_302_cov_1.48178	gb_AM180355_+_600033-601953_ARO:3000186_tetM	98.000	300	6	0	1	300	1737	1438	4.66e-149	521
NODE_179202_length_301_cov_1.68699	gb_KU736867.1_+_19653-21573_ARO:3004442_tet(W/N/W)	95.017	301	15	0	1	301	1242	1542	1.32e-134	473
NODE_179202_length_301_cov_1.68699	gb_EU434751_+_658-2578_ARO:3000194_tetW	94.020	301	18	0	1	301	1242	1542	1.33e-129	457
NODE_184395_length_295_cov_1.9375	gb_AF472622_+_52-1018_ARO:3003003_CfxA3	86.986	292	38	0	1	292	295	586	2.95e-91	329
NODE_184395_length_295_cov_1.9375	gb_AY769934_+_27-993_ARO:3003096_CfxA5	86.986	292	38	0	1	292	295	586	2.95e-91	329
NODE_184395_length_295_cov_1.9375	gb_U38243_+_149-1115_ARO:3003001_CfxA	86.986	292	38	0	1	292	295	586	2.95e-91	329
NODE_184395_length_295_cov_1.9375	gb_AY769933_+_0-966_ARO:3003005_CfxA4	86.986	292	38	0	1	292	295	586	2.95e-91	329
NODE_184395_length_295_cov_1.9375	gb_AF118110.1_-_71-1037_ARO:3003002_CfxA2	86.986	292	38	0	1	292	295	586	2.95e-91	329
NODE_184395_length_295_cov_1.9375	gb_GQ342996_+_797-1793_ARO:3003097_CfxA6	81.507	292	54	0	1	292	328	619	1.42e-64	241
NODE_214118_length_268_cov_1.51174	gb_NC_005024_+_42504-43944_ARO:3002597_AAC(6')-Ie-APH(2'')-Ia	100.000	268	0	0	1	268	655	388	2.48e-141	496
NODE_227892_length_258_cov_1.76355	gb_U00096_+_3415032-3418137_ARO:3000502_acrF	100.000	29	0	0	184	212	2936	2908	1.72e-08	54.7
NODE_230611_length_256_cov_2.10945	gb_AY768532_+_0-1935_ARO:3000535_macB	95.556	45	2	0	196	240	430	474	4.72e-14	73.1
NODE_231117_length_256_cov_1.34826	gb_X63451_+_0-1653_ARO:3002828_srmB	100.000	29	0	0	133	161	1499	1471	1.71e-08	54.7
NODE_236548_length_252_cov_0.93401	gb_NC_007779_+_2586250-2589364_ARO:3000491_acrD	94.118	51	3	0	68	118	1242	1192	9.97e-16	78.7
NODE_236548_length_252_cov_0.93401	gb_U00096_+_3660413-3663527_ARO:3000796_mdtF	87.037	54	6	1	69	122	1241	1189	3.61e-10	60.2
NODE_240191_length_250_cov_1.74872	gb_AP006618.1_+_4835199-4838688_ARO:3000501_Nocardia	73.894	226	49	8	30	250	1062	1282	7.64e-17	82.4
NODE_242291_length_248_cov_1.4715	gb_AM180355_+_600033-601953_ARO:3000186_tetM	91.393	244	21	0	1	244	1208	1451	5.26e-93	335
NODE_242291_length_248_cov_1.4715	gb_L09756_+_0-1926_ARO:3000192_tetS	86.364	242	33	0	3	244	1210	1451	7.00e-72	265
NODE_247474_length_245_cov_1.47368	gb_NC_012469.1_-_1800927-1802391_ARO:3000616_mel	100.000	245	0	0	1	245	679	923	1.37e-128	453
NODE_268459_length_233_cov_1.29213	gb_FN594949_+_25244-27167_ARO:3000556_tet44	97.854	233	5	0	1	233	1037	805	1.33e-113	403
NODE_313464_length_213_cov_2.32911	gb_AY712687_+_0-831_ARO:3002628_aad(6)	87.000	200	26	0	1	200	83	282	2.80e-60	226
NODE_313464_length_213_cov_2.32911	gb_NC_023287.1_-_60996-61860_ARO:3002626_ANT(6)-Ia	87.000	200	26	0	1	200	161	360	2.80e-60	226
NODE_319649_length_211_cov_1.14744	gb_NC_012469.1_-_1800927-1802391_ARO:3000616_mel	100.000	207	0	0	1	207	1422	1216	1.55e-107	383
NODE_324638_length_209_cov_0.88961	gb_AJ295238.3_+_163-2083_ARO:3000196_tet32	94.737	209	11	0	1	209	426	634	2.63e-90	326
NODE_333010_length_203_cov_611.291	gb_Z21523_+_0-1974_ARO:3000191_tetQ	98.864	88	1	0	1	88	88	1	9.82e-40	158
NODE_333126_length_198_cov_30	gb_M17124_+_1181-1982_ARO:3000498_ErmF	100.000	117	0	0	1	117	117	1	1.55e-57	217
NODE_333126_length_198_cov_30	gb_AF319779.2_+_32-833_ARO:3000604_Erm(35)	90.598	117	11	0	1	117	117	1	3.43e-39	156
NODE_333495_length_182_cov_58.3307	gb_CP004067_+_52914-53709_ARO:3002647_APH(3')-IIIa	100.000	42	0	0	1	42	42	1	6.96e-16	78.7
NODE_335999_length_109_cov_6.2963	gb_M17124_+_1181-1982_ARO:3000498_ErmF	100.000	55	0	0	55	109	63	117	2.30e-23	102
NODE_336166_length_108_cov_4.32075	gb_JQ740052_+_2108-3329_ARO:3000567_tet(40)	100.000	55	0	0	1	55	927	873	2.27e-23	102
NODE_336267_length_107_cov_3.94231	gb_U01945_+_373-916_ARO:3002897_SAT-4	98.276	58	1	0	50	107	338	395	2.25e-23	102
NODE_337998_length_81_cov_87.5385	gb_AF472622_+_52-1018_ARO:3003003_CfxA3	98.667	75	1	0	1	75	307	233	5.71e-33	134
NODE_337998_length_81_cov_87.5385	gb_AY769934_+_27-993_ARO:3003096_CfxA5	98.667	75	1	0	1	75	307	233	5.71e-33	134
NODE_337998_length_81_cov_87.5385	gb_U38243_+_149-1115_ARO:3003001_CfxA	98.667	75	1	0	1	75	307	233	5.71e-33	134
NODE_337998_length_81_cov_87.5385	gb_AY769933_+_0-966_ARO:3003005_CfxA4	98.667	75	1	0	1	75	307	233	5.71e-33	134
NODE_337998_length_81_cov_87.5385	gb_AF118110.1_-_71-1037_ARO:3003002_CfxA2	98.667	75	1	0	1	75	307	233	5.71e-33	134
NODE_337998_length_81_cov_87.5385	gb_GQ342996_+_797-1793_ARO:3003097_CfxA6	96.053	76	3	0	6	81	335	260	3.43e-30	124
NODE_338205_length_77_cov_3.90909	gb_U01945_+_373-916_ARO:3002897_SAT-4	100.000	77	0	0	1	77	417	341	8.88e-36	143
