NODE_768_length_12999_cov_19.9356	gb_AM180355_+_600033-601953_ARO:3000186_tetM	88.710	992	112	0	12008	12999	1	992	0.0	1212
NODE_768_length_12999_cov_19.9356	gb_L09756_+_0-1926_ARO:3000192_tetS	77.054	998	215	12	12009	12999	2	992	1.26e-159	562
NODE_1065_length_10773_cov_5.87246	gb_AF024666.2_-_2207-2969_ARO:3000596_ErmX	96.986	763	22	1	7173	7935	762	1	0.0	1280
NODE_1147_length_10365_cov_6.9743	gb_AP006618.1_+_4835199-4838688_ARO:3000501_Nocardia	75.202	3210	738	48	2104	5293	3458	287	0.0	1465
NODE_1418_length_9261_cov_12.184	gb_AF118110.1_-_71-1037_ARO:3003002_CfxA2	100.000	966	0	0	8234	9199	966	1	0.0	1784
NODE_1418_length_9261_cov_12.184	gb_AF472622_+_52-1018_ARO:3003003_CfxA3	99.896	966	1	0	8234	9199	966	1	0.0	1779
NODE_1418_length_9261_cov_12.184	gb_AY769934_+_27-993_ARO:3003096_CfxA5	99.896	966	1	0	8234	9199	966	1	0.0	1779
NODE_1418_length_9261_cov_12.184	gb_U38243_+_149-1115_ARO:3003001_CfxA	99.896	966	1	0	8234	9199	966	1	0.0	1779
NODE_1418_length_9261_cov_12.184	gb_AY769933_+_0-966_ARO:3003005_CfxA4	99.896	966	1	0	8234	9199	966	1	0.0	1779
NODE_1418_length_9261_cov_12.184	gb_GQ342996_+_797-1793_ARO:3003097_CfxA6	89.234	966	101	3	8239	9203	993	30	0.0	1205
NODE_2487_length_6676_cov_3.38907	gb_NC_002134.1_+_41537-42743_ARO:3000165_tet(A)	99.917	1206	1	0	2429	3634	1206	1	0.0	2222
NODE_2487_length_6676_cov_3.38907	gb_AB089595_+_0-1206_ARO:3000166_tet(B)	99.751	1206	3	0	2429	3634	1206	1	0.0	2211
NODE_2487_length_6676_cov_3.38907	gb_BX664015.1_-_204137-204554_ARO:3000168_tet(D)	100.000	417	0	0	1219	1635	417	1	0.0	771
NODE_2680_length_6385_cov_56.8687	gb_CP007593.1_+_2148923-2149772_ARO:3001301_RlmA(II)	82.123	358	60	4	1	356	356	1	4.12e-82	303
NODE_2972_length_6001_cov_26.6838	gb_AP006618.1_+_4835199-4838688_ARO:3000501_Nocardia	74.755	2547	543	78	2195	4703	3361	877	0.0	1050
NODE_3374_length_5524_cov_16.0702	gb_AF235050.4_+_38028-40140_ARO:3003318_Streptomyces	84.615	65	10	0	427	491	1961	1897	1.83e-10	65.8
NODE_3575_length_5330_cov_5.8218	gb_AF242872_+_2131-2878_ARO:3000375_ErmB	99.063	747	6	1	3951	4696	747	1	0.0	1339
NODE_3805_length_5136_cov_7.78449	gb_Z21523_+_0-1974_ARO:3000191_tetQ	100.000	1974	0	0	81	2054	1	1974	0.0	3646
NODE_4462_length_4679_cov_2.26449	gb_M57437_+_0-1647_ARO:3002827_tlrC	87.500	48	6	0	6	53	600	553	9.33e-08	56.5
NODE_4493_length_4658_cov_22.9867	gb_NC_012469.1_-_1800927-1802391_ARO:3000616_mel	100.000	1464	0	0	743	2206	1464	1	0.0	2704
NODE_4493_length_4658_cov_22.9867	gb_NC_023287.1_-_65291-66509_ARO:3000615_mefA	96.962	1218	37	0	2326	3543	1218	1	0.0	2045
NODE_4628_length_4573_cov_27.7014	gb_M17124_+_1181-1982_ARO:3000498_ErmF	99.750	801	2	0	1793	2593	801	1	0.0	1469
NODE_4628_length_4573_cov_27.7014	gb_AF319779.2_+_32-833_ARO:3000604_Erm(35)	78.643	796	166	3	1800	2593	794	1	5.78e-149	525
NODE_7004_length_3562_cov_3.06359	gb_AY055428.1_-_20268-21084_ARO:3000412_sul2	100.000	816	0	0	2554	3369	1	816	0.0	1507
NODE_7195_length_3506_cov_10.4996	gb_AF235050.4_+_38028-40140_ARO:3003318_Streptomyces	75.299	1004	198	37	1473	2451	1089	2067	7.68e-122	435
NODE_7195_length_3506_cov_10.4996	gb_AF235050.4_+_38028-40140_ARO:3003318_Streptomyces	78.358	402	81	4	417	815	54	452	6.42e-68	255
NODE_7262_length_3480_cov_12.3007	gb_NC_003098.1_+_866210-867410_ARO:3000822_pmrA	81.083	1200	217	6	2267	3461	6	1200	0.0	950
NODE_8209_length_3235_cov_2.91226	gb_AP006618.1_+_4835199-4838688_ARO:3000501_Nocardia	80.899	356	52	11	1567	1914	3333	2986	2.73e-71	267
NODE_8433_length_3182_cov_5.79821	gb_AY768532_+_0-1935_ARO:3000535_macB	87.120	1941	241	8	211	2148	1935	1	0.0	2191
NODE_8433_length_3182_cov_5.79821	gb_AY768531_+_0-1179_ARO:3000533_macA	83.261	920	144	9	2266	3180	1155	241	0.0	837
NODE_8671_length_3125_cov_7.13876	gb_EU434751_+_658-2578_ARO:3000194_tetW	99.948	1920	1	0	712	2631	1	1920	0.0	3541
NODE_8671_length_3125_cov_7.13876	gb_KU736867.1_+_19653-21573_ARO:3004442_tet(W/N/W)	96.077	1912	73	2	712	2622	1	1911	0.0	3114
NODE_8842_length_3090_cov_1.98583	gb_AB015853_+_1330-4471_ARO:3003033_mexY	81.368	585	98	10	881	1461	1550	973	2.40e-131	466
NODE_8842_length_3090_cov_1.98583	gb_AFRQ01000061.1_-_23986-27124_ARO:3004144_AxyY	79.692	650	119	12	859	1503	1572	931	1.44e-128	457
NODE_8842_length_3090_cov_1.98583	gb_U57969_+_1485-4617_ARO:3000801_MexD	76.960	625	123	20	877	1492	1563	951	1.96e-92	337
NODE_9037_length_3053_cov_3.32221	gb_DQ212986_+_2258-2966_ARO:3002926_vanRG	96.875	32	1	0	2957	2988	281	312	2.19e-07	54.7
NODE_9199_length_3023_cov_2.58693	gb_NC_003112.2_-_1791966-1795170_ARO:3000811_mtrD	80.464	2544	483	13	475	3011	1	2537	0.0	1932
NODE_11408_length_2649_cov_4.22359	gb_NC_000913.3_-_481253-484403_ARO:3000216_acrB	80.000	110	17	4	2070	2175	1451	1559	4.04e-14	76.8
NODE_13435_length_2388_cov_12.8453	gb_AJ295238.3_+_163-2083_ARO:3000196_tet32	89.348	1718	164	18	670	2377	1911	203	0.0	2141
NODE_24562_length_1591_cov_1.52409	gb_NC_002516.2_-_2850882-2854014_ARO:3004074_MuxB	72.165	1358	296	72	247	1569	2268	958	2.79e-93	339
NODE_25080_length_1570_cov_39.9168	gb_NC_003098.1_-_1359228-1360395_ARO:3000025_patB	83.396	801	125	6	1	797	361	1157	0.0	736
NODE_26352_length_1518_cov_24.7362	gb_M57437_+_0-1647_ARO:3002827_tlrC	96.970	33	1	0	936	968	1500	1468	3.00e-08	56.5
NODE_27319_length_1479_cov_10.2008	gb_HM990671_+_5192-6671_ARO:3003112_lsaC	89.066	878	96	0	1	878	878	1	0.0	1090
NODE_28230_length_1444_cov_2.03096	gb_HM990671_+_5192-6671_ARO:3003112_lsaC	93.600	125	8	0	1	125	126	2	9.71e-48	187
NODE_28938_length_1419_cov_6.32331	gb_NC_000913.3_-_481253-484403_ARO:3000216_acrB	80.172	116	16	5	452	562	1575	1462	1.66e-15	80.5
NODE_32612_length_1303_cov_1.41426	gb_U57969_+_1485-4617_ARO:3000801_MexD	74.697	577	136	10	446	1017	1553	982	3.95e-66	248
NODE_32612_length_1303_cov_1.41426	gb_NC_007779_+_2586250-2589364_ARO:3000491_acrD	74.059	239	50	12	581	813	1412	1180	9.12e-18	87.9
NODE_32612_length_1303_cov_1.41426	gb_U00096_+_3660413-3663527_ARO:3000796_mdtF	79.612	103	21	0	725	827	1268	1166	7.10e-14	75.0
NODE_33384_length_1281_cov_4.1248	gb_AY768532_+_0-1935_ARO:3000535_macB	76.316	646	133	17	4	639	645	10	4.85e-90	327
NODE_34772_length_1243_cov_1.41162	gb_AF235050.4_+_38028-40140_ARO:3003318_Streptomyces	86.567	134	18	0	10	143	201	68	3.93e-36	148
NODE_35032_length_1236_cov_3.28704	gb_AY768532_+_0-1935_ARO:3000535_macB	82.927	246	42	0	412	657	1716	1471	2.27e-58	222
NODE_35886_length_1214_cov_12.8835	gb_AM180355_+_600033-601953_ARO:3000186_tetM	97.436	546	14	0	669	1214	1920	1375	0.0	931
NODE_38636_length_1152_cov_17.1076	gb_NC_014638.1_-_1610636-1613960_ARO:3003730_Bifidobacteria	74.899	745	155	20	431	1150	1302	2039	4.39e-85	311
NODE_44823_length_1033_cov_14.0573	gb_HM990671_+_5192-6671_ARO:3003112_lsaC	88.872	656	73	0	378	1033	1479	824	0.0	808
NODE_49610_length_958_cov_2.73422	gb_AP009048_+_2810082-2811255_ARO:3000027_emrA	73.684	266	65	5	324	586	750	1013	3.08e-21	99.0
NODE_49955_length_953_cov_2.93764	gb_CP007593.1_+_2148923-2149772_ARO:3001301_RlmA(II)	87.500	504	61	2	1	503	503	1	2.50e-166	580
NODE_54467_length_892_cov_3.05735	gb_Z21523_+_0-1974_ARO:3000191_tetQ	90.695	892	83	0	1	892	948	57	0.0	1188
NODE_58036_length_851_cov_3.28643	gb_Z21523_+_0-1974_ARO:3000191_tetQ	89.139	534	58	0	318	851	1974	1441	0.0	665
NODE_61099_length_818_cov_2.66055	gb_AM180355_+_600033-601953_ARO:3000186_tetM	98.166	818	15	0	1	818	60	877	0.0	1428
NODE_64430_length_787_cov_3.89891	gb_X63451_+_0-1653_ARO:3002828_srmB	97.059	34	1	0	448	481	1466	1499	4.28e-09	58.4
NODE_71041_length_732_cov_2.29247	gb_KC539823_+_1017-2586_ARO:3002829_vgaA	100.000	28	0	0	87	114	1223	1250	1.85e-07	52.8
NODE_71041_length_732_cov_2.29247	gb_DQ823382_+_0-1569_ARO:3002830_vgaALC	100.000	28	0	0	87	114	1223	1250	1.85e-07	52.8
NODE_74877_length_703_cov_3.00772	gb_HM990671_+_5192-6671_ARO:3003112_lsaC	95.518	647	29	0	1	647	824	1470	0.0	1035
NODE_80456_length_666_cov_2.91817	gb_CP007593.1_+_2148923-2149772_ARO:3001301_RlmA(II)	88.295	393	44	2	1	392	452	843	3.91e-133	470
NODE_82358_length_654_cov_39.7947	gb_CP007593.1_+_2148923-2149772_ARO:3001301_RlmA(II)	87.454	542	68	0	113	654	843	302	7.74e-180	625
NODE_82488_length_653_cov_11.3328	gb_CP007593.1_+_2148923-2149772_ARO:3001301_RlmA(II)	86.900	542	71	0	1	542	302	843	7.78e-175	608
NODE_84798_length_639_cov_1.58733	gb_X63451_+_0-1653_ARO:3002828_srmB	97.059	34	1	0	1	34	1498	1465	3.45e-09	58.4
NODE_87588_length_624_cov_2.08612	gb_DQ212986_+_2258-2966_ARO:3002926_vanRG	96.875	32	1	0	17	48	281	312	4.36e-08	54.7
NODE_93138_length_595_cov_2.70926	gb_NC_014638.1_-_1610636-1613960_ARO:3003730_Bifidobacteria	73.993	273	56	15	124	389	1722	1986	6.80e-21	97.1
NODE_93184_length_595_cov_4.95	gb_NC_014638.1_-_1610636-1613960_ARO:3003730_Bifidobacteria	74.624	599	126	17	17	593	1445	2039	2.97e-64	241
NODE_99731_length_565_cov_3.07843	gb_AY227054_+_0-765_ARO:3001780_OXA-85	100.000	565	0	0	1	565	641	77	0.0	1044
NODE_117437_length_497_cov_25.3982	gb_NC_003098.1_-_1359228-1360395_ARO:3000025_patB	83.659	410	67	0	6	415	410	1	2.99e-108	387
NODE_118782_length_492_cov_11.5858	gb_AM180355_+_600033-601953_ARO:3000186_tetM	90.854	492	45	0	1	492	1429	938	0.0	660
NODE_118874_length_492_cov_13.7963	gb_AM180355_+_600033-601953_ARO:3000186_tetM	97.154	492	14	0	1	492	1429	938	0.0	832
NODE_122259_length_481_cov_9.18075	gb_AY768531_+_0-1179_ARO:3000533_macA	85.532	235	34	0	247	481	59	293	5.11e-66	246
NODE_130671_length_456_cov_1.40898	gb_AF173226_+_3767-6917_ARO:3003052_smeB	78.855	227	42	3	177	400	2629	2852	1.40e-36	148
NODE_145621_length_419_cov_4.92857	gb_AY768531_+_0-1179_ARO:3000533_macA	85.060	415	62	0	3	417	655	241	1.90e-119	424
NODE_154767_length_400_cov_2.64928	gb_HM990671_+_5192-6671_ARO:3003112_lsaC	94.750	400	21	0	1	400	211	610	1.67e-179	623
NODE_157009_length_395_cov_0.691176	gb_X63451_+_0-1653_ARO:3002828_srmB	97.222	36	1	0	340	375	1465	1500	1.62e-10	62.1
NODE_167036_length_377_cov_2.85714	gb_AP006618.1_+_4835199-4838688_ARO:3000501_Nocardia	81.967	305	53	2	1	304	3067	3370	1.83e-69	257
NODE_174869_length_364_cov_0.983819	gb_AM403715_+_302-854_ARO:3002857_dfrA26	89.796	49	5	0	88	136	201	153	4.14e-11	63.9
NODE_189021_length_344_cov_3.75087	gb_HM990671_+_5192-6671_ARO:3003112_lsaC	96.512	344	12	0	1	344	397	54	1.88e-163	569
NODE_202613_length_327_cov_1.67279	gb_CP007593.1_+_2148923-2149772_ARO:3001301_RlmA(II)	95.312	64	3	0	264	327	841	778	7.83e-23	102
NODE_204879_length_324_cov_3.73978	gb_AM180355_+_600033-601953_ARO:3000186_tetM	98.765	324	4	0	1	324	1849	1526	1.06e-165	577
NODE_219320_length_308_cov_0.948617	gb_AF235050.4_+_38028-40140_ARO:3003318_Streptomyces	78.469	209	41	4	102	308	76	282	2.60e-32	134
NODE_222154_length_305_cov_2.12	gb_M57437_+_0-1647_ARO:3002827_tlrC	100.000	28	0	0	190	217	1191	1164	7.42e-08	52.8
NODE_238577_length_290_cov_0.889362	gb_KX000273.1_+_0-1740_ARO:3004036_tetB(60)	100.000	36	0	0	255	290	1740	1705	2.51e-12	67.6
NODE_240109_length_289_cov_2.40171	gb_HM990671_+_5192-6671_ARO:3003112_lsaC	91.135	282	25	0	8	289	635	354	2.19e-107	383
NODE_252113_length_279_cov_1.35268	gb_NC_003098.1_-_1359228-1360395_ARO:3000025_patB	77.593	241	48	5	42	279	754	517	1.40e-34	141
NODE_258003_length_275_cov_23.3045	gb_NC_003098.1_-_1359228-1360395_ARO:3000025_patB	90.840	131	12	0	9	139	131	1	3.78e-45	176
NODE_262831_length_271_cov_0.967593	gb_NC_000913.3_+_3219493-3220873_ARO:3000024_patA	82.022	89	16	0	70	158	864	776	3.88e-15	76.8
NODE_266084_length_269_cov_1.85981	gb_HM990671_+_5192-6671_ARO:3003112_lsaC	81.019	216	41	0	53	268	1470	1255	4.77e-44	172
NODE_267733_length_268_cov_1.9108	gb_HM990671_+_5192-6671_ARO:3003112_lsaC	93.966	116	7	0	153	268	1479	1364	3.67e-45	176
NODE_278110_length_261_cov_1.17476	gb_HM990671_+_5192-6671_ARO:3003112_lsaC	96.277	188	7	0	1	188	189	2	3.37e-85	309
NODE_278181_length_261_cov_0.980583	gb_NC_017452.1_-_1144673-1146068_ARO:3003953_hmrM	90.421	261	25	0	1	261	1173	913	9.24e-96	344
NODE_285058_length_256_cov_4.45274	gb_CP007593.1_+_2148923-2149772_ARO:3001301_RlmA(II)	85.271	129	19	0	13	141	713	841	2.13e-32	134
NODE_303914_length_246_cov_5.03665	gb_HM990671_+_5192-6671_ARO:3003112_lsaC	93.496	246	16	0	1	246	598	353	1.85e-102	366
NODE_310583_length_242_cov_2.43316	gb_AY768532_+_0-1935_ARO:3000535_macB	86.364	242	33	0	1	242	1654	1413	6.82e-72	265
NODE_311334_length_242_cov_3.6631	gb_AY768532_+_0-1935_ARO:3000535_macB	84.711	242	34	2	1	242	1387	1149	4.13e-64	239
NODE_322034_length_236_cov_2.23757	gb_AM180355_+_600033-601953_ARO:3000186_tetM	100.000	64	0	0	1	64	64	1	5.47e-28	119
NODE_341145_length_228_cov_1.13873	gb_HM990671_+_5192-6671_ARO:3003112_lsaC	90.094	212	21	0	1	212	1268	1479	2.95e-75	276
NODE_381907_length_212_cov_1.44586	gb_NC_003098.1_+_866210-867410_ARO:3000822_pmrA	93.868	212	13	0	1	212	877	1088	1.24e-88	320
