NODE_66_length_59553_cov_18.6586	gb_AY768532_+_0-1935_ARO:3000535_macB	73.800	1958	455	52	39172	41103	1935	10	0.0	721
NODE_77_length_56196_cov_16.0315	gb_NC_000913.3_-_481253-484403_ARO:3000216_acrB	80.000	110	17	4	29122	29227	1451	1559	8.62e-13	76.8
NODE_150_length_39972_cov_21.37	gb_M17124_+_1181-1982_ARO:3000498_ErmF	99.750	801	2	0	18575	19375	801	1	0.0	1469
NODE_150_length_39972_cov_21.37	gb_AF319779.2_+_32-833_ARO:3000604_Erm(35)	78.643	796	166	3	18582	19375	794	1	5.07e-148	525
NODE_250_length_28859_cov_22.9078	gb_NC_003098.1_-_1359228-1360395_ARO:3000025_patB	91.301	1161	101	0	12861	14021	1	1161	0.0	1585
NODE_307_length_25075_cov_26.6808	gb_NC_003098.1_+_866210-867410_ARO:3000822_pmrA	93.000	1200	84	0	418	1617	1200	1	0.0	1751
NODE_307_length_25075_cov_26.6808	gb_NC_007795.1_-_1360280-1361636_ARO:3000839_arlS	83.077	65	9	2	14305	14368	1223	1160	1.39e-07	58.4
NODE_334_length_23485_cov_112.088	gb_NC_003112.2_-_1791966-1795170_ARO:3000811_mtrD	81.252	3179	578	15	11596	14765	3170	1	0.0	2553
NODE_334_length_23485_cov_112.088	gb_CP001050.1_+_1332866-1333499_ARO:3000817_mtrR	79.545	616	123	3	16306	16919	1	615	1.44e-121	436
NODE_448_length_18771_cov_89.4084	gb_NC_003112.2_+_330790-332317_ARO:3003962_farB	76.045	1507	328	28	875	2366	1527	39	0.0	752
NODE_448_length_18771_cov_89.4084	gb_NC_003112.2_+_329612-330767_ARO:3003961_farA	72.706	839	213	16	2802	3632	957	127	1.59e-70	267
NODE_669_length_13333_cov_68.4577	gb_AM180355_+_600033-601953_ARO:3000186_tetM	88.465	1205	139	0	12128	13332	1	1205	0.0	1456
NODE_669_length_13333_cov_68.4577	gb_L09756_+_0-1926_ARO:3000192_tetS	76.669	1213	267	14	12129	13333	2	1206	0.0	658
NODE_781_length_11745_cov_5.01138	gb_NC_000913.3_-_481253-484403_ARO:3000216_acrB	80.172	116	16	5	4225	4335	1462	1575	1.39e-14	80.5
NODE_986_length_9868_cov_5.58168	gb_KX000273.1_+_0-1740_ARO:3004036_tetB(60)	86.982	1183	154	0	8681	9863	1740	558	0.0	1332
NODE_1083_length_9210_cov_41.8553	gb_AP006618.1_+_4835199-4838688_ARO:3000501_Nocardia	73.115	2600	592	87	6073	8626	2756	218	0.0	830
NODE_1423_length_7530_cov_18.8314	gb_HM990671_+_5192-6671_ARO:3003112_lsaC	92.022	1479	118	0	4146	5624	1479	1	0.0	2078
NODE_1910_length_6069_cov_38.7629	gb_AF235050.4_+_38028-40140_ARO:3003318_Streptomyces	86.154	65	9	0	2495	2559	1897	1961	4.33e-12	71.3
NODE_2118_length_5624_cov_38.0356	gb_AF242872_+_2131-2878_ARO:3000375_ErmB	99.063	747	6	1	4055	4800	747	1	0.0	1339
NODE_2645_length_4760_cov_91.9358	gb_CP007593.1_+_2148923-2149772_ARO:3001301_RlmA(II)	84.342	843	128	4	3878	4718	1	841	0.0	822
NODE_2730_length_4649_cov_65.5784	gb_NC_012469.1_-_1800927-1802391_ARO:3000616_mel	100.000	1464	0	0	2444	3907	1	1464	0.0	2704
NODE_2730_length_4649_cov_65.5784	gb_NC_023287.1_-_65291-66509_ARO:3000615_mefA	96.962	1218	37	0	1107	2324	1	1218	0.0	2045
NODE_3530_length_3855_cov_3.67974	gb_HQ652506.1_+_2099-3836_ARO:3004033_tetB(46)	78.118	1700	333	37	1237	2917	58	1737	0.0	1042
NODE_3753_length_3663_cov_4.76635	gb_KX000272.1_+_0-1740_ARO:3004035_tetA(60)	91.609	1740	146	0	1401	3140	1	1740	0.0	2405
NODE_3753_length_3663_cov_4.76635	gb_KX000273.1_+_0-1740_ARO:3004036_tetB(60)	83.681	527	86	0	3137	3663	1	527	1.01e-140	497
NODE_4199_length_3388_cov_31.7477	gb_NC_014638.1_-_1610636-1613960_ARO:3003730_Bifidobacteria	74.320	1176	245	44	549	1688	2148	994	3.43e-125	446
NODE_5110_length_2927_cov_109.192	gb_AY768532_+_0-1935_ARO:3000535_macB	87.132	1733	214	8	4	1733	1727	1	0.0	1956
NODE_5110_length_2927_cov_109.192	gb_AY768531_+_0-1179_ARO:3000533_macA	84.139	1097	161	11	1836	2927	1170	82	0.0	1050
NODE_5772_length_2677_cov_8.57857	gb_AF235050.4_+_38028-40140_ARO:3003318_Streptomyces	75.199	1004	199	37	1402	2380	1089	2067	2.72e-120	429
NODE_5772_length_2677_cov_8.57857	gb_AF235050.4_+_38028-40140_ARO:3003318_Streptomyces	78.589	397	79	4	346	739	54	447	1.36e-68	257
NODE_5865_length_2642_cov_6.13722	gb_AF472622_+_52-1018_ARO:3003003_CfxA3	100.000	966	0	0	1581	2546	966	1	0.0	1784
NODE_5865_length_2642_cov_6.13722	gb_AY769933_+_0-966_ARO:3003005_CfxA4	99.896	966	1	0	1581	2546	966	1	0.0	1779
NODE_5865_length_2642_cov_6.13722	gb_AF118110.1_-_71-1037_ARO:3003002_CfxA2	99.896	966	1	0	1581	2546	966	1	0.0	1779
NODE_5865_length_2642_cov_6.13722	gb_AY769934_+_27-993_ARO:3003096_CfxA5	99.793	966	2	0	1581	2546	966	1	0.0	1773
NODE_5865_length_2642_cov_6.13722	gb_U38243_+_149-1115_ARO:3003001_CfxA	99.793	966	2	0	1581	2546	966	1	0.0	1773
NODE_5865_length_2642_cov_6.13722	gb_GQ342996_+_797-1793_ARO:3003097_CfxA6	89.234	966	101	3	1586	2550	993	30	0.0	1205
NODE_8005_length_2084_cov_38.6875	gb_NC_003098.1_-_1359228-1360395_ARO:3000025_patB	87.423	970	118	4	1117	2084	1	968	0.0	1112
NODE_14849_length_1276_cov_2.16626	gb_AP006618.1_+_4835199-4838688_ARO:3000501_Nocardia	74.176	1274	326	3	1	1273	2502	1231	4.44e-150	527
NODE_16009_length_1201_cov_10.3569	gb_X63451_+_0-1653_ARO:3002828_srmB	97.059	34	1	0	699	732	1499	1466	6.58e-09	58.4
NODE_17782_length_1099_cov_2.02874	gb_NC_017452.1_-_1144673-1146068_ARO:3003953_hmrM	90.520	1076	102	0	24	1099	1	1076	0.0	1423
NODE_18103_length_1084_cov_3.2138	gb_Z21523_+_0-1974_ARO:3000191_tetQ	100.000	846	0	0	239	1084	1974	1129	0.0	1563
NODE_19002_length_1041_cov_42.7383	gb_NC_003098.1_-_1359228-1360395_ARO:3000025_patB	81.224	245	41	4	2	244	916	1157	1.50e-49	193
NODE_19364_length_1023_cov_1.92149	gb_U57969_+_1485-4617_ARO:3000801_MexD	80.180	333	56	10	20	347	1278	951	5.17e-64	241
NODE_20163_length_989_cov_2.01606	gb_AF173226_+_3767-6917_ARO:3003052_smeB	75.148	338	73	7	1	334	2959	2629	3.11e-36	148
NODE_24008_length_857_cov_1.74564	gb_Z21523_+_0-1974_ARO:3000191_tetQ	100.000	857	0	0	1	857	281	1137	0.0	1583
NODE_26677_length_786_cov_3.51026	gb_AF235050.4_+_38028-40140_ARO:3003318_Streptomyces	76.963	382	77	8	250	624	76	453	4.01e-54	207
NODE_28524_length_745_cov_26.8464	gb_NC_003098.1_-_1359228-1360395_ARO:3000025_patB	89.933	745	75	0	1	745	224	968	0.0	961
NODE_28593_length_744_cov_3.03774	gb_CP007593.1_+_2148923-2149772_ARO:3001301_RlmA(II)	87.674	503	62	0	1	503	341	843	4.17e-168	586
NODE_29574_length_724_cov_2.71749	gb_AP006618.1_+_4835199-4838688_ARO:3000501_Nocardia	78.254	653	120	17	77	724	3362	2727	5.67e-112	399
NODE_29838_length_719_cov_2.87801	gb_HM990671_+_5192-6671_ARO:3003112_lsaC	88.700	646	73	0	1	646	834	1479	0.0	789
NODE_35474_length_625_cov_1.33333	gb_NC_003098_+_953382-954594_ARO:3000614_mefE	93.956	182	11	0	444	625	1201	1020	8.56e-75	276
NODE_36677_length_608_cov_0.851718	gb_M80346_+_0-1656_ARO:3002817_carA	97.297	37	1	0	267	303	1503	1467	7.05e-11	63.9
NODE_40744_length_559_cov_57.8968	gb_AM180355_+_600033-601953_ARO:3000186_tetM	97.222	432	12	0	1	432	1489	1920	0.0	732
NODE_50056_length_468_cov_2.8862	gb_M57437_+_0-1647_ARO:3002827_tlrC	100.000	33	0	0	315	347	1468	1500	1.93e-10	62.1
NODE_62084_length_392_cov_3.21662	gb_HM990671_+_5192-6671_ARO:3003112_lsaC	88.010	392	47	0	1	392	634	1025	1.05e-131	464
NODE_62149_length_392_cov_24.3145	gb_AM180355_+_600033-601953_ARO:3000186_tetM	97.194	392	11	0	1	392	1543	1152	0.0	664
NODE_62175_length_392_cov_43.6231	gb_AM180355_+_600033-601953_ARO:3000186_tetM	93.367	392	26	0	1	392	1543	1152	9.95e-167	580
NODE_62175_length_392_cov_43.6231	gb_L09756_+_0-1926_ARO:3000192_tetS	83.887	391	63	0	1	391	1543	1153	1.81e-104	374
NODE_70482_length_355_cov_1.05	gb_HM990671_+_5192-6671_ARO:3003112_lsaC	90.813	283	26	0	73	355	1479	1197	3.52e-106	379
NODE_75996_length_334_cov_1.2509	gb_KF478993.1_-_6002-6704_ARO:3002930_vanRO	94.444	36	0	2	167	202	287	320	2.27e-08	54.7
NODE_81550_length_316_cov_2.31801	gb_Z21523_+_0-1974_ARO:3000191_tetQ	100.000	166	0	0	151	316	1	166	1.49e-84	307
NODE_88954_length_296_cov_2.9751	gb_AF235050.4_+_38028-40140_ARO:3003318_Streptomyces	92.727	55	4	0	237	291	76	130	3.30e-16	80.5
NODE_91731_length_289_cov_1.32051	gb_EU434751_+_658-2578_ARO:3000194_tetW	100.000	289	0	0	1	289	422	710	5.70e-153	534
NODE_91731_length_289_cov_1.32051	gb_KU736867.1_+_19653-21573_ARO:3004442_tet(W/N/W)	100.000	288	0	0	2	289	423	710	2.05e-152	532
NODE_106297_length_259_cov_1.23039	gb_AJ295238.3_+_163-2083_ARO:3000196_tet32	98.456	259	4	0	1	259	700	958	1.13e-129	457
NODE_109745_length_253_cov_2.10606	gb_HM990671_+_5192-6671_ARO:3003112_lsaC	96.443	253	9	0	1	253	843	591	5.19e-118	418
NODE_122846_length_233_cov_1.41573	gb_AP006618.1_+_4835199-4838688_ARO:3000501_Nocardia	82.407	216	38	0	17	232	1311	1096	4.05e-49	189
NODE_126872_length_227_cov_0.843023	gb_EU434751_+_658-2578_ARO:3000194_tetW	100.000	227	0	0	1	227	1016	1242	1.28e-118	420
NODE_126872_length_227_cov_0.843023	gb_KU736867.1_+_19653-21573_ARO:3004442_tet(W/N/W)	94.521	219	12	0	9	227	1024	1242	3.69e-94	339
NODE_129419_length_224_cov_1.59763	gb_CP007593.1_+_2148923-2149772_ARO:3001301_RlmA(II)	97.561	41	1	0	184	224	849	809	1.47e-13	71.3
NODE_130695_length_223_cov_1.85714	gb_KX000273.1_+_0-1740_ARO:3004036_tetB(60)	100.000	223	0	0	1	223	1476	1698	2.10e-116	412
NODE_131022_length_222_cov_1.33533	gb_KX000272.1_+_0-1740_ARO:3004035_tetA(60)	86.758	219	29	0	1	219	1467	1685	8.08e-66	244
NODE_137503_length_215_cov_1.74375	gb_KU736867.1_+_19653-21573_ARO:3004442_tet(W/N/W)	100.000	215	0	0	1	215	368	154	5.66e-112	398
NODE_137503_length_215_cov_1.74375	gb_EU434751_+_658-2578_ARO:3000194_tetW	100.000	215	0	0	1	215	368	154	5.66e-112	398
NODE_138972_length_213_cov_1.21519	gb_EU434751_+_658-2578_ARO:3000194_tetW	100.000	65	0	0	1	65	1856	1920	1.36e-28	121
NODE_140335_length_211_cov_1.14744	gb_NC_003098_+_953382-954594_ARO:3000614_mefE	89.017	173	19	0	3	175	212	40	5.99e-57	215
NODE_141343_length_210_cov_1.16129	gb_NC_017452.1_-_1144673-1146068_ARO:3003953_hmrM	92.800	125	9	0	1	125	1271	1395	6.05e-47	182
NODE_142082_length_210_cov_1.53548	gb_CP007593.1_+_2148923-2149772_ARO:3001301_RlmA(II)	90.722	97	9	0	110	206	1	97	2.22e-31	130
