NODE_27_length_242062_cov_16.6932	gb_KX531046.1_+_0-864_ARO:3003982_LlmA	72.610	387	82	22	153347	153720	659	284	4.73e-21	106
NODE_56_length_179801_cov_32.766	gb_U05883_+_555-1458_ARO:3003559_cepA	77.546	815	165	17	32081	32886	882	77	2.32e-132	475
NODE_67_length_167145_cov_58.8879	gb_U00096_-_2098446-2099613_ARO:3003577_ugd	81.250	80	15	0	28440	28519	983	904	5.54e-09	65.8
NODE_136_length_115569_cov_410.535	gb_AF173226_+_3767-6917_ARO:3003052_smeB	86.486	74	10	0	57294	57367	1242	1169	3.81e-14	82.4
NODE_136_length_115569_cov_410.535	gb_AJ252200_+_1278-4401_ARO:3003056_smeE	84.722	72	11	0	57294	57365	1242	1171	2.29e-11	73.1
NODE_154_length_107134_cov_21.2892	gb_AF235050.4_+_38028-40140_ARO:3003318_Streptomyces	74.294	354	75	14	105143	105488	420	75	2.67e-30	135
NODE_215_length_89695_cov_16.6205	gb_AY928180_+_0-495_ARO:3002837_lnuC	99.192	495	4	0	83904	84398	495	1	0.0	893
NODE_215_length_89695_cov_16.6205	gb_EU434751_+_658-2578_ARO:3000194_tetW	100.000	383	0	0	1	383	1538	1920	0.0	708
NODE_215_length_89695_cov_16.6205	gb_KU736867.1_+_19653-21573_ARO:3004442_tet(W/N/W)	93.067	375	24	2	1	374	1538	1911	2.42e-154	547
NODE_490_length_54321_cov_18.4061	gb_AP006618.1_+_4835199-4838688_ARO:3000501_Nocardia	74.229	811	176	22	42553	43348	1855	1063	7.55e-83	309
NODE_621_length_45903_cov_344.304	gb_GQ343019_+_132-1023_ARO:3002999_CblA-1	99.888	891	1	0	35055	35945	1	891	0.0	1640
NODE_831_length_37608_cov_13.3143	gb_NC_000913.3_-_481253-484403_ARO:3000216_acrB	74.614	583	135	8	2262	2833	975	1555	1.49e-63	244
NODE_875_length_36265_cov_8.13935	gb_X01702_+_484-1285_ARO:3002659_APH(6)-Ic	100.000	29	0	0	35878	35906	486	514	2.61e-06	54.7
NODE_1579_length_22102_cov_116.315	gb_AF118110.1_-_71-1037_ARO:3003002_CfxA2	86.120	951	131	1	17992	18942	4	953	0.0	1024
NODE_1579_length_22102_cov_116.315	gb_AF472622_+_52-1018_ARO:3003003_CfxA3	86.015	951	132	1	17992	18942	4	953	0.0	1018
NODE_1579_length_22102_cov_116.315	gb_AY769934_+_27-993_ARO:3003096_CfxA5	86.015	951	132	1	17992	18942	4	953	0.0	1018
NODE_1579_length_22102_cov_116.315	gb_U38243_+_149-1115_ARO:3003001_CfxA	86.015	951	132	1	17992	18942	4	953	0.0	1018
NODE_1579_length_22102_cov_116.315	gb_AY769933_+_0-966_ARO:3003005_CfxA4	86.015	951	132	1	17992	18942	4	953	0.0	1018
NODE_1579_length_22102_cov_116.315	gb_GQ342996_+_797-1793_ARO:3003097_CfxA6	84.963	951	136	6	17990	18937	34	980	0.0	957
NODE_1608_length_21740_cov_11.2277	gb_AF235050.4_+_38028-40140_ARO:3003318_Streptomyces	83.696	92	15	0	18518	18609	322	413	1.54e-16	87.9
NODE_1940_length_18185_cov_28.5117	gb_U00096_+_3415032-3418137_ARO:3000502_acrF	74.590	122	31	0	5848	5969	1125	1246	1.31e-06	54.7
NODE_2208_length_15878_cov_7.81634	gb_AF235050.4_+_38028-40140_ARO:3003318_Streptomyces	75.706	354	64	17	8359	8705	85	423	8.46e-38	158
NODE_2295_length_15118_cov_4.34581	gb_X53401_+_0-1992_ARO:3002891_otr(A)	87.037	54	7	0	9111	9164	209	262	6.49e-09	62.1
NODE_2836_length_11807_cov_7.48111	gb_KX531046.1_+_0-864_ARO:3003982_LlmA	73.244	299	68	11	6091	6383	355	647	3.86e-20	99.0
NODE_3444_length_9604_cov_688.552	gb_M37699_+_585-1752_ARO:3000205_tetX	98.925	93	1	0	1	93	1075	1167	8.50e-41	167
NODE_4089_length_7770_cov_35.8741	gb_U00096_-_2098446-2099613_ARO:3003577_ugd	72.857	280	68	8	5407	5682	523	798	1.53e-17	89.8
NODE_4167_length_7591_cov_4.65645	gb_EU434751_+_658-2578_ARO:3000194_tetW	96.296	54	0	2	7539	7591	1911	1859	5.38e-17	87.9
NODE_4229_length_7463_cov_5.16914	gb_M57437_+_0-1647_ARO:3002827_tlrC	100.000	28	0	0	4323	4350	1472	1499	1.93e-06	52.8
NODE_4632_length_6603_cov_18.6144	gb_AF235050.4_+_38028-40140_ARO:3003318_Streptomyces	73.034	356	75	18	6250	6597	75	417	1.29e-22	106
NODE_4772_length_6350_cov_8.82891	gb_AF242872_+_2131-2878_ARO:3000375_ErmB	100.000	43	0	0	1	43	43	1	7.52e-15	80.5
NODE_5252_length_5585_cov_3.14069	gb_AF235050.4_+_38028-40140_ARO:3003318_Streptomyces	90.000	50	5	0	4464	4513	125	76	1.85e-10	65.8
NODE_5574_length_5152_cov_3.97763	gb_U97042_+_1263-4347_ARO:3003010_ceoB	72.477	218	56	4	3627	3842	1036	1251	4.75e-11	67.6
NODE_5727_length_4987_cov_2.33516	gb_FN594949_+_25244-27167_ARO:3000556_tet44	98.851	1566	18	0	3404	4969	1923	358	0.0	2793
NODE_6158_length_4551_cov_2.52736	gb_FN594949_+_25244-27167_ARO:3000556_tet44	100.000	363	0	0	4189	4551	1	363	0.0	671
NODE_7026_length_3889_cov_3.77595	gb_KU736867.1_+_19653-21573_ARO:3004442_tet(W/N/W)	98.113	53	1	0	3837	3889	810	758	5.91e-19	93.5
NODE_9351_length_2711_cov_474.439	gb_M37699_+_585-1752_ARO:3000205_tetX	99.823	1129	2	0	1583	2711	1	1129	0.0	2074
NODE_9509_length_2658_cov_32.0211	gb_EU434751_+_658-2578_ARO:3000194_tetW	96.296	54	0	2	2606	2658	1911	1859	1.87e-17	87.9
NODE_9566_length_2640_cov_136.553	gb_M18896.2_+_206-2126_ARO:3000190_tetO	99.740	1920	5	0	336	2255	1	1920	0.0	3518
NODE_9566_length_2640_cov_136.553	gb_AJ295238.3_+_163-2083_ARO:3000196_tet32	94.465	831	46	0	1425	2255	1090	1920	0.0	1280
NODE_9566_length_2640_cov_136.553	gb_AJ295238.3_+_163-2083_ARO:3000196_tet32	91.919	396	32	0	336	731	1	396	4.25e-158	555
NODE_11065_length_2234_cov_113.669	gb_M17124_+_1181-1982_ARO:3000498_ErmF	98.844	346	4	0	1	346	456	801	4.51e-177	617
NODE_12121_length_2003_cov_19.2064	gb_AF242872_+_2131-2878_ARO:3000375_ErmB	100.000	43	0	0	1961	2003	1	43	2.36e-15	80.5
NODE_12806_length_1879_cov_1.68586	gb_CP004067_+_52914-53709_ARO:3002647_APH(3')-IIIa	100.000	795	0	0	230	1024	795	1	0.0	1469
NODE_12806_length_1879_cov_1.68586	gb_U01945_+_373-916_ARO:3002897_SAT-4	100.000	397	0	0	1117	1513	543	147	0.0	734
NODE_12816_length_1878_cov_399.065	gb_EU434751_+_658-2578_ARO:3000194_tetW	98.555	1592	23	0	287	1878	1	1592	0.0	2813
NODE_12816_length_1878_cov_399.065	gb_KU736867.1_+_19653-21573_ARO:3004442_tet(W/N/W)	97.362	1592	42	0	287	1878	1	1592	0.0	2708
NODE_13864_length_1718_cov_955.411	gb_Z21523_+_0-1974_ARO:3000191_tetQ	97.552	1430	35	0	289	1718	1974	545	0.0	2447
NODE_14170_length_1676_cov_2.28809	gb_JQ740052_+_2108-3329_ARO:3000567_tet(40)	99.754	1221	3	0	244	1464	1	1221	0.0	2239
NODE_15136_length_1570_cov_1.50561	gb_NC_005024_+_42504-43944_ARO:3002597_AAC(6')-Ie-APH(2'')-Ia	99.925	1329	1	0	1	1329	1329	1	0.0	2449
NODE_15136_length_1570_cov_1.50561	gb_AY701528.1_+_9695-10589_ARO:3004191_APH(2'')-If	80.495	728	132	9	4	726	765	43	1.17e-156	549
NODE_15433_length_1543_cov_2.82594	gb_AF170880_+_0-1848_ARO:3002522_novA	71.628	430	104	18	611	1031	1171	1591	3.87e-22	102
NODE_17848_length_1323_cov_3.83833	gb_AFRQ01000061.1_-_23986-27124_ARO:3004144_AxyY	77.976	168	37	0	973	1140	1091	1258	2.56e-23	106
NODE_18124_length_1302_cov_2.43304	gb_NC_012469.1_-_1800927-1802391_ARO:3000616_mel	93.813	889	55	0	414	1302	1	889	0.0	1338
NODE_18124_length_1302_cov_2.43304	gb_NC_023287.1_-_65291-66509_ARO:3000615_mefA	94.539	293	16	0	1	293	926	1218	7.80e-128	453
NODE_18758_length_1256_cov_20.6503	gb_AF242872_+_2131-2878_ARO:3000375_ErmB	99.197	747	5	1	499	1244	747	1	0.0	1345
NODE_20280_length_1160_cov_1.86968	gb_NC_012469.1_-_1800927-1802391_ARO:3000616_mel	88.652	564	64	0	597	1160	1451	888	0.0	688
NODE_20324_length_1158_cov_4.93472	gb_KU736867.1_+_19653-21573_ARO:3004442_tet(W/N/W)	89.860	286	29	0	873	1158	1	286	2.58e-102	368
NODE_20324_length_1158_cov_4.93472	gb_EU434751_+_658-2578_ARO:3000194_tetW	89.860	286	29	0	873	1158	1	286	2.58e-102	368
NODE_25618_length_925_cov_1.62989	gb_M57437_+_0-1647_ARO:3002827_tlrC	100.000	29	0	0	785	813	1471	1499	6.52e-08	54.7
NODE_28914_length_827_cov_1.07772	gb_NC_002516_+_2810008-2813197_ARO:3000804_MexF	79.897	776	142	13	1	769	2945	2177	3.64e-159	556
NODE_32249_length_750_cov_1.43022	gb_M57437_+_0-1647_ARO:3002827_tlrC	100.000	29	0	0	178	206	1471	1499	5.27e-08	54.7
NODE_33053_length_735_cov_2.31176	gb_NC_023287.1_-_65291-66509_ARO:3000615_mefA	86.514	697	91	3	1	696	240	934	0.0	763
NODE_34199_length_713_cov_0.952888	gb_U00096_+_3415032-3418137_ARO:3000502_acrF	97.753	445	10	0	1	445	2661	3105	0.0	767
NODE_34926_length_701_cov_1.50774	gb_NC_002516.2_-_2850882-2854014_ARO:3004074_MuxB	79.100	689	134	8	2	685	1316	633	5.33e-132	466
NODE_36021_length_683_cov_4.15127	gb_KU736867.1_+_19653-21573_ARO:3004442_tet(W/N/W)	97.403	308	8	0	1	308	1613	1920	8.44e-150	525
NODE_36021_length_683_cov_4.15127	gb_EU434751_+_658-2578_ARO:3000194_tetW	92.667	300	20	2	1	299	1613	1911	1.89e-121	431
NODE_37745_length_657_cov_94.8007	gb_AF028812_+_392-887_ARO:3002867_dfrF	99.597	496	1	1	59	554	495	1	0.0	904
NODE_39380_length_634_cov_211.845	gb_EU434751_+_658-2578_ARO:3000194_tetW	96.345	383	14	0	1	383	1538	1920	0.0	630
NODE_39380_length_634_cov_211.845	gb_KU736867.1_+_19653-21573_ARO:3004442_tet(W/N/W)	95.225	377	16	2	1	376	1538	1913	5.87e-171	595
NODE_45260_length_564_cov_128.481	gb_M17124_+_1181-1982_ARO:3000498_ErmF	98.824	510	6	0	1	510	510	1	0.0	909
NODE_45260_length_564_cov_128.481	gb_AF319779.2_+_32-833_ARO:3000604_Erm(35)	79.608	510	104	0	1	510	510	1	4.44e-102	366
NODE_53432_length_491_cov_1.92431	gb_NC_002516.2_-_2847775-2850886_ARO:3004075_MuxC	79.827	347	62	5	13	355	2919	2577	5.22e-66	246
NODE_53432_length_491_cov_1.92431	gb_AB219523.1_+_1175-4286_ARO:3003705_mexN	75.991	454	95	11	1	447	2934	2488	8.80e-59	222
NODE_53432_length_491_cov_1.92431	gb_NC_002516.2_-_2850882-2854014_ARO:3004074_MuxB	77.810	347	71	6	13	356	2919	2576	6.85e-55	209
NODE_53518_length_490_cov_1.24368	gb_NC_002516.2_-_2850882-2854014_ARO:3004074_MuxB	73.568	454	100	18	46	489	1302	859	9.04e-39	156
NODE_58097_length_458_cov_1.9727	gb_AJ295238.3_+_163-2083_ARO:3000196_tet32	85.714	427	57	4	34	458	1	425	1.24e-126	448
NODE_60227_length_444_cov_1.89717	gb_AY712687_+_0-831_ARO:3002628_aad(6)	100.000	342	0	0	1	342	566	225	0.0	632
NODE_60227_length_444_cov_1.89717	gb_NC_023287.1_-_60996-61860_ARO:3002626_ANT(6)-Ia	89.318	337	36	0	6	342	639	303	2.02e-119	424
NODE_60841_length_441_cov_5.87565	gb_KU736867.1_+_19653-21573_ARO:3004442_tet(W/N/W)	94.104	441	26	0	1	441	1488	1048	0.0	671
NODE_60841_length_441_cov_5.87565	gb_EU434751_+_658-2578_ARO:3000194_tetW	93.878	441	27	0	1	441	1488	1048	0.0	665
NODE_61626_length_436_cov_1.54331	gb_NC_002516.2_-_2850882-2854014_ARO:3004074_MuxB	81.922	437	71	8	4	436	2985	2553	4.39e-101	363
NODE_61626_length_436_cov_1.54331	gb_NC_002516.2_-_2847775-2850886_ARO:3004075_MuxC	80.523	421	68	13	1	414	2988	2575	1.61e-85	311
NODE_61626_length_436_cov_1.54331	gb_AB219523.1_+_1175-4286_ARO:3003705_mexN	76.607	389	74	16	33	412	2960	2580	1.31e-51	198
NODE_66663_length_409_cov_1.01412	gb_JQ394987_+_0-1233_ARO:3001328_Escherichia	93.827	162	10	0	248	409	1	162	1.55e-65	244
NODE_66835_length_408_cov_0.923513	gb_NC_000913.3_+_3219493-3220873_ARO:3000024_patA	99.000	100	1	0	309	408	1380	1281	4.43e-46	180
NODE_67064_length_407_cov_1.00284	gb_NC_002695.2_-_1737690-1738104_ARO:3000676_H-NS	100.000	54	0	0	1	54	54	1	3.53e-22	100
NODE_67317_length_406_cov_1.45869	gb_AF235050.4_+_38028-40140_ARO:3003318_Streptomyces	90.141	71	7	0	82	152	1636	1706	5.90e-20	93.5
NODE_72064_length_385_cov_2.00606	gb_M57437_+_0-1647_ARO:3002827_tlrC	100.000	29	0	0	44	72	1471	1499	2.63e-08	54.7
NODE_74793_length_374_cov_1.84326	gb_U00096_-_2098446-2099613_ARO:3003577_ugd	100.000	207	0	0	1	207	207	1	2.87e-107	383
NODE_76165_length_369_cov_1.08599	gb_U00096_+_2155262-2158385_ARO:3000793_mdtB	96.875	320	10	0	1	320	320	1	2.06e-153	536
NODE_76165_length_369_cov_1.08599	gb_U00096_+_2154015-2155263_ARO:3000792_mdtA	100.000	50	0	0	320	369	1248	1199	5.35e-20	93.5
NODE_77326_length_364_cov_0.886731	gb_U00096_+_2367070-2368039_ARO:3003578_pmrF	97.590	166	4	0	1	166	166	1	8.11e-78	285
NODE_79368_length_357_cov_0.89404	gb_U00096.3_-_3203309-3204131_ARO:3002986_bacA	99.387	163	1	0	1	163	163	1	3.67e-81	296
NODE_80448_length_354_cov_4.07023	gb_EU434751_+_658-2578_ARO:3000194_tetW	93.956	182	11	0	1	182	1739	1920	4.74e-75	276
NODE_80448_length_354_cov_4.07023	gb_KU736867.1_+_19653-21573_ARO:3004442_tet(W/N/W)	92.529	174	11	2	1	173	1739	1911	1.03e-66	248
NODE_80469_length_353_cov_1.60403	gb_AP009048_-_4338624-4340268_ARO:3003576_eptA	99.351	154	1	0	1	154	1491	1644	3.65e-76	279
NODE_81547_length_350_cov_1.13898	gb_CP012901.1_-_5979156-5980365_ARO:3003801_bcr-1	86.301	73	8	2	196	267	76	147	1.42e-15	78.7
NODE_84327_length_341_cov_0.898601	gb_D78168_+_536-1592_ARO:3000206_emrK	96.763	278	9	0	1	278	278	1	9.06e-132	464
NODE_86349_length_336_cov_4.09609	gb_KU736867.1_+_19653-21573_ARO:3004442_tet(W/N/W)	97.910	335	7	0	2	336	850	1184	8.49e-167	580
NODE_86349_length_336_cov_4.09609	gb_EU434751_+_658-2578_ARO:3000194_tetW	88.724	337	36	2	1	336	849	1184	1.18e-115	411
NODE_86825_length_334_cov_0.967742	gb_NC_000913.3_+_3219493-3220873_ARO:3000024_patA	98.204	334	6	0	1	334	19	352	6.52e-168	584
NODE_87444_length_333_cov_892.5	gb_Z21523_+_0-1974_ARO:3000191_tetQ	99.700	333	1	0	1	333	371	39	1.07e-175	610
NODE_87513_length_332_cov_0.862816	gb_U00096_+_3415032-3418137_ARO:3000502_acrF	97.892	332	7	0	1	332	634	303	3.90e-165	575
NODE_88299_length_330_cov_1.16727	gb_NC_002516.2_-_2846282-2847779_ARO:3004072_OpmB	80.292	137	27	0	64	200	670	806	2.20e-23	104
NODE_93108_length_317_cov_0.790076	gb_HQ652506.1_+_2099-3836_ARO:3004033_tetB(46)	96.530	317	11	0	1	317	380	64	3.79e-150	525
NODE_94445_length_314_cov_0.826255	gb_AP009048_+_2810082-2811255_ARO:3000027_emrA	96.815	314	10	0	1	314	1073	760	3.75e-150	525
NODE_98107_length_305_cov_1.4	gb_NC_012469.1_-_1800927-1802391_ARO:3000616_mel	100.000	305	0	0	1	305	929	1233	7.71e-162	564
NODE_98493_length_305_cov_2.492	gb_KU736867.1_+_19653-21573_ARO:3004442_tet(W/N/W)	86.869	297	35	3	11	305	721	427	3.06e-91	329
NODE_98493_length_305_cov_2.492	gb_EU434751_+_658-2578_ARO:3000194_tetW	86.869	297	35	3	11	305	721	427	3.06e-91	329
NODE_100215_length_301_cov_1.17886	gb_U00096_+_3415032-3418137_ARO:3000502_acrF	97.674	301	7	0	1	301	2480	2180	6.00e-148	518
NODE_109521_length_283_cov_221.127	gb_Z21523_+_0-1974_ARO:3000191_tetQ	100.000	283	0	0	1	283	599	317	1.21e-149	523
NODE_109522_length_283_cov_726.268	gb_Z21523_+_0-1974_ARO:3000191_tetQ	96.466	283	10	0	1	283	599	317	5.74e-133	468
NODE_112992_length_276_cov_0.81448	gb_NC_000913.3_+_966620-968369_ARO:3003950_msbA	98.551	276	4	0	1	276	1097	1372	4.29e-139	488
NODE_113841_length_275_cov_1.37727	gb_M35190.1_+_308-932_ARO:3004454_Campylobacter	97.818	275	6	0	1	275	609	335	3.32e-135	475
NODE_117091_length_270_cov_1.88837	gb_NC_002516_+_2810008-2813197_ARO:3000804_MexF	78.439	269	54	4	1	267	329	595	4.79e-44	172
NODE_117106_length_270_cov_1.06977	gb_NC_000913.3_-_481253-484403_ARO:3000216_acrB	98.148	270	5	0	1	270	513	244	4.22e-134	472
NODE_124254_length_259_cov_0.897059	gb_FJ768952_+_0-1488_ARO:3000237_tolC	96.139	259	10	0	1	259	1189	931	1.14e-119	424
NODE_125366_length_257_cov_1.92574	gb_AJ295238.3_+_163-2083_ARO:3000196_tet32	96.498	257	9	0	1	257	656	912	3.16e-120	425
NODE_127502_length_254_cov_0.854271	gb_AF235050.4_+_38028-40140_ARO:3003318_Streptomyces	88.235	51	4	2	57	106	125	76	3.64e-10	60.2
NODE_131545_length_249_cov_1.00515	gb_AP009048_-_4338624-4340268_ARO:3003576_eptA	96.787	249	8	0	1	249	792	544	1.84e-117	416
NODE_132255_length_248_cov_1.26425	gb_AP009048_-_4338624-4340268_ARO:3003576_eptA	97.581	248	6	0	1	248	383	136	3.04e-120	425
NODE_132593_length_248_cov_805.715	gb_Z21523_+_0-1974_ARO:3000191_tetQ	98.925	93	1	0	1	93	93	1	2.03e-42	167
NODE_132857_length_247_cov_0.994792	gb_U00096_+_3660413-3663527_ARO:3000796_mdtF	98.785	247	3	0	1	247	1858	1612	1.08e-124	440
NODE_139132_length_240_cov_1.44324	gb_L42817_+_201-936_ARO:3000522_ErmG	99.167	240	2	0	1	240	301	540	1.75e-122	433
NODE_139132_length_240_cov_1.44324	gb_M64090_+_0-735_ARO:3000595_ErmT	83.117	231	39	0	4	234	304	534	8.93e-56	211
NODE_140552_length_238_cov_0.737705	gb_AM180355_+_600033-601953_ARO:3000186_tetM	100.000	51	0	0	1	51	1870	1920	9.30e-21	95.3
NODE_144899_length_234_cov_35.1955	gb_EU434751_+_658-2578_ARO:3000194_tetW	95.299	234	11	0	1	234	1667	1434	3.77e-104	372
NODE_144899_length_234_cov_35.1955	gb_KU736867.1_+_19653-21573_ARO:3004442_tet(W/N/W)	94.872	234	12	0	1	234	1667	1434	1.75e-102	366
NODE_145840_length_233_cov_1.52247	gb_NC_002516_+_2810008-2813197_ARO:3000804_MexF	89.055	201	20	2	34	233	1527	1328	6.59e-67	248
NODE_145840_length_233_cov_1.52247	gb_NC_010378.1_+_47850-51003_ARO:3003923_oqxB	81.622	185	34	0	49	233	1512	1328	1.48e-38	154
NODE_146121_length_232_cov_1.27119	gb_U00096_+_3415032-3418137_ARO:3000502_acrF	99.569	232	1	0	1	232	882	1113	1.02e-119	424
NODE_146765_length_232_cov_1.49153	gb_NC_012469.1_-_1800927-1802391_ARO:3000616_mel	100.000	151	0	0	82	232	1	151	2.33e-76	279
NODE_148262_length_230_cov_1.84571	gb_L11616_+_1569-4710_ARO:3000378_MexB	85.500	200	29	0	1	200	1205	1006	3.07e-55	209
NODE_148262_length_230_cov_1.84571	gb_AJ252200_+_1278-4401_ARO:3003056_smeE	82.609	230	35	5	4	230	1202	975	6.64e-52	198
NODE_150351_length_228_cov_0.716763	gb_NC_002695.1_-_4903561-4904935_ARO:3000830_cpxA	98.684	228	3	0	1	228	407	634	3.61e-114	405
NODE_152709_length_226_cov_1.19298	gb_U00096_+_3413863-3415021_ARO:3000499_acrE	98.673	226	3	0	1	226	414	189	4.62e-113	401
NODE_154829_length_224_cov_0.869822	gb_NC_000913.3_-_2306971-2308615_ARO:3003952_yojI	96.429	224	8	0	1	224	543	766	1.29e-103	370
NODE_158177_length_221_cov_1.22289	gb_U00096_+_2155262-2158385_ARO:3000793_mdtB	98.643	221	3	0	1	221	2836	3056	2.71e-110	392
NODE_159276_length_220_cov_1.54545	gb_DQ212986_+_2258-2966_ARO:3002926_vanRG	100.000	33	0	0	2	34	670	702	8.65e-11	62.1
NODE_160056_length_219_cov_0.823171	gb_U00096_+_2484373-2487967_ARO:3000833_evgS	95.000	100	5	0	120	219	3594	3495	1.07e-39	158
NODE_160611_length_219_cov_0.70122	gb_U00096_+_2484373-2487967_ARO:3000833_evgS	97.717	219	5	0	1	219	2312	2530	7.53e-106	377
NODE_160881_length_219_cov_0.865854	gb_D78168_+_1591-3130_ARO:3000254_emrY	97.260	219	6	0	1	219	42	260	3.50e-104	372
NODE_161184_length_218_cov_1.10429	gb_AP009048.1_-_4304505-4306557_ARO:3003549_mdtO	94.037	218	13	0	1	218	1344	1127	5.91e-92	331
NODE_162576_length_217_cov_0.833333	gb_D78168_+_1591-3130_ARO:3000254_emrY	93.088	217	15	0	1	217	745	529	4.58e-88	318
NODE_168165_length_213_cov_0.873418	gb_HQ652506.1_+_2099-3836_ARO:3004033_tetB(46)	96.244	213	8	0	1	213	682	894	1.59e-97	350
NODE_171859_length_210_cov_0.870968	gb_L42817_+_201-936_ARO:3000522_ErmG	99.355	155	1	0	56	210	735	581	5.80e-77	281
NODE_172892_length_209_cov_0.876623	gb_AP009048.1_-_4303042-4304509_ARO:3003550_mdtP	98.565	209	3	0	1	209	79	287	1.20e-103	370
NODE_173175_length_209_cov_0.74026	gb_AP009048.1_-_4304505-4306557_ARO:3003549_mdtO	96.651	209	7	0	1	209	1736	1528	5.60e-97	348
NODE_173540_length_209_cov_2.18831	gb_NC_002516.2_-_2850882-2854014_ARO:3004074_MuxB	83.133	166	26	2	44	208	2612	2776	1.70e-37	150
NODE_173540_length_209_cov_2.18831	gb_NC_002516.2_-_2847775-2850886_ARO:3004075_MuxC	80.000	210	34	7	3	208	2571	2776	6.10e-37	148
NODE_173540_length_209_cov_2.18831	gb_AB219523.1_+_1175-4286_ARO:3003705_mexN	77.619	210	38	7	5	209	2575	2780	4.78e-28	119
NODE_174220_length_208_cov_1.1634	gb_NC_007779_+_3974604-3975429_ARO:3000508_gadX	95.522	201	9	0	1	201	535	735	3.38e-89	322
NODE_176199_length_207_cov_0.710526	gb_HQ652506.1_+_373-2098_ARO:3004032_tetA(46)	95.169	207	10	0	1	207	342	136	7.22e-91	327
NODE_178774_length_168_cov_172.053	gb_Z21523_+_0-1974_ARO:3000191_tetQ	100.000	113	0	0	56	168	429	317	2.18e-55	209
NODE_178927_length_161_cov_314.028	gb_M37699_+_585-1752_ARO:3000205_tetX	99.057	106	1	0	1	106	1129	1024	7.52e-50	191
NODE_179293_length_144_cov_38.1685	gb_KU736867.1_+_19653-21573_ARO:3004442_tet(W/N/W)	96.000	75	3	0	70	144	1	75	2.45e-29	122
NODE_179293_length_144_cov_38.1685	gb_EU434751_+_658-2578_ARO:3000194_tetW	96.000	75	3	0	70	144	1	75	2.45e-29	122
NODE_179924_length_120_cov_36.6462	gb_EU434751_+_658-2578_ARO:3000194_tetW	96.667	120	4	0	1	120	1613	1732	8.88e-53	200
NODE_179924_length_120_cov_36.6462	gb_KU736867.1_+_19653-21573_ARO:3004442_tet(W/N/W)	95.000	120	6	0	1	120	1613	1732	1.92e-49	189
NODE_180404_length_110_cov_178.036	gb_M37699_+_585-1752_ARO:3000205_tetX	98.182	55	1	0	1	55	1129	1075	1.08e-21	97.1
NODE_180416_length_110_cov_64.5636	gb_M17124_+_1181-1982_ARO:3000498_ErmF	100.000	55	0	0	56	110	510	456	2.32e-23	102
NODE_180779_length_108_cov_149.623	gb_EU434751_+_658-2578_ARO:3000194_tetW	100.000	50	0	0	59	108	1920	1871	1.37e-20	93.5
NODE_181085_length_106_cov_127.294	gb_Z21523_+_0-1974_ARO:3000191_tetQ	100.000	55	0	0	1	55	479	425	2.22e-23	102
NODE_181086_length_106_cov_33.1373	gb_M17124_+_1181-1982_ARO:3000498_ErmF	98.182	55	1	0	1	55	557	503	1.03e-21	97.1
NODE_181318_length_104_cov_255.265	gb_Z21523_+_0-1974_ARO:3000191_tetQ	100.000	55	0	0	50	104	39	93	2.17e-23	102
NODE_182574_length_82_cov_26.6667	gb_KU736867.1_+_19653-21573_ARO:3004442_tet(W/N/W)	97.561	82	2	0	1	82	1488	1407	3.46e-35	141
NODE_182574_length_82_cov_26.6667	gb_EU434751_+_658-2578_ARO:3000194_tetW	97.561	82	2	0	1	82	1488	1407	3.46e-35	141
NODE_183450_length_64_cov_30.5556	gb_EU434751_+_658-2578_ARO:3000194_tetW	96.825	63	0	2	1	62	1850	1911	3.27e-24	104
