NODE_83_length_70762_cov_65.8821	gb_AF540889_+_0-327_ARO:3002871_tet37	100.000	222	0	0	14846	15067	1	222	2.62e-113	411
NODE_1243_length_13632_cov_16.7504	gb_AM180355_+_600033-601953_ARO:3000186_tetM	88.696	1557	176	0	1	1557	1557	1	0.0	1901
NODE_1243_length_13632_cov_16.7504	gb_L09756_+_0-1926_ARO:3000192_tetS	78.530	1565	318	16	1	1556	1557	2	0.0	1013
NODE_2555_length_8499_cov_18.7186	gb_AP009048_+_2810082-2811255_ARO:3000027_emrA	77.863	131	29	0	2728	2858	989	859	2.80e-15	82.4
NODE_3156_length_7328_cov_12.9556	gb_X63451_+_0-1653_ARO:3002828_srmB	97.059	34	1	0	6484	6517	1466	1499	4.07e-08	58.4
NODE_3383_length_6944_cov_38.0894	gb_Z21523_+_0-1974_ARO:3000191_tetQ	97.366	1974	52	0	2890	4863	1	1974	0.0	3358
NODE_3719_length_6533_cov_3.13955	gb_KU736867.1_+_19653-21573_ARO:3004442_tet(W/N/W)	97.938	97	2	0	1	97	97	1	1.61e-41	169
NODE_3719_length_6533_cov_3.13955	gb_EU434751_+_658-2578_ARO:3000194_tetW	97.938	97	2	0	1	97	97	1	1.61e-41	169
NODE_3971_length_6242_cov_14.0983	gb_KX000272.1_+_0-1740_ARO:3004035_tetA(60)	89.202	1741	186	2	2771	4510	1740	1	0.0	2172
NODE_3971_length_6242_cov_14.0983	gb_KX000273.1_+_0-1740_ARO:3004036_tetB(60)	85.534	1742	248	3	1035	2774	1740	1	0.0	1818
NODE_4503_length_5714_cov_58.9786	gb_HQ652506.1_+_373-2098_ARO:3004032_tetA(46)	95.014	1725	86	0	2249	3973	1	1725	0.0	2710
NODE_4503_length_5714_cov_58.9786	gb_HQ652506.1_+_2099-3836_ARO:3004033_tetB(46)	93.384	1723	110	4	3975	5695	1	1721	0.0	2547
NODE_5099_length_5217_cov_137.27	gb_NC_012469.1_-_1800927-1802391_ARO:3000616_mel	100.000	1464	0	0	1605	3068	1464	1	0.0	2704
NODE_5099_length_5217_cov_137.27	gb_NC_023287.1_-_65291-66509_ARO:3000615_mefA	96.962	1218	37	0	3188	4405	1218	1	0.0	2045
NODE_5289_length_5099_cov_8.45341	gb_AF242872_+_2131-2878_ARO:3000375_ErmB	99.063	747	6	1	3951	4696	747	1	0.0	1339
NODE_6069_length_4608_cov_14.9493	gb_HM990671_+_5192-6671_ARO:3003112_lsaC	99.141	1048	9	0	3561	4608	1	1048	0.0	1886
NODE_7248_length_4038_cov_33.8905	gb_AF235050.4_+_38028-40140_ARO:3003318_Streptomyces	78.510	349	65	9	391	734	419	76	2.70e-57	220
NODE_7384_length_3980_cov_4.63338	gb_NC_003112.2_-_1791966-1795170_ARO:3000811_mtrD	82.483	2215	372	12	3	2209	970	3176	0.0	1927
NODE_13521_length_2494_cov_13.556	gb_AJ295238.3_+_163-2083_ARO:3000196_tet32	89.232	1718	166	18	776	2483	1911	203	0.0	2130
NODE_14059_length_2416_cov_18.3448	gb_EU434751_+_658-2578_ARO:3000194_tetW	99.271	1920	14	0	430	2349	1	1920	0.0	3469
NODE_14059_length_2416_cov_18.3448	gb_KU736867.1_+_19653-21573_ARO:3004442_tet(W/N/W)	95.711	1912	80	2	430	2340	1	1911	0.0	3075
NODE_16872_length_2071_cov_13.5387	gb_NC_014638.1_-_1610636-1613960_ARO:3003730_Bifidobacteria	80.606	165	32	0	132	296	3231	3067	8.58e-30	128
NODE_17909_length_1974_cov_43.3377	gb_AP006618.1_+_4835199-4838688_ARO:3000501_Nocardia	86.228	334	42	4	390	721	2968	3299	2.66e-99	359
NODE_19062_length_1869_cov_8.29713	gb_HM990671_+_5192-6671_ARO:3003112_lsaC	98.305	118	2	0	1	118	1362	1479	9.68e-54	207
NODE_19200_length_1858_cov_5.66278	gb_AY768532_+_0-1935_ARO:3000535_macB	81.885	1623	275	17	244	1858	1935	324	0.0	1351
NODE_20213_length_1783_cov_8.21181	gb_HM990671_+_5192-6671_ARO:3003112_lsaC	95.652	92	4	0	1692	1783	633	542	5.67e-36	148
NODE_22381_length_1633_cov_17.2478	gb_AF235050.4_+_38028-40140_ARO:3003318_Streptomyces	76.791	349	73	6	390	734	420	76	3.06e-48	189
NODE_23180_length_1582_cov_4.47741	gb_KX000272.1_+_0-1740_ARO:3004035_tetA(60)	88.126	1558	183	2	24	1580	1740	184	0.0	1851
NODE_23846_length_1544_cov_6.81263	gb_L36601_+_1420-3130_ARO:3003036_oleB	90.000	50	3	2	1452	1500	691	643	1.83e-10	63.9
NODE_28722_length_1303_cov_13.7676	gb_AM180355_+_600033-601953_ARO:3000186_tetM	96.411	418	15	0	886	1303	1920	1503	0.0	689
NODE_28756_length_1302_cov_4.84122	gb_NC_003112.2_+_329612-330767_ARO:3003961_farA	72.926	916	230	16	64	970	127	1033	2.99e-82	302
NODE_29349_length_1277_cov_9.71195	gb_NC_014638.1_-_1610636-1613960_ARO:3003730_Bifidobacteria	82.192	146	26	0	992	1137	3066	3211	1.89e-29	126
NODE_34357_length_1106_cov_182.354	gb_AF118110.1_-_71-1037_ARO:3003002_CfxA2	100.000	966	0	0	79	1044	966	1	0.0	1784
NODE_34357_length_1106_cov_182.354	gb_AF472622_+_52-1018_ARO:3003003_CfxA3	99.896	966	1	0	79	1044	966	1	0.0	1779
NODE_34357_length_1106_cov_182.354	gb_AY769934_+_27-993_ARO:3003096_CfxA5	99.896	966	1	0	79	1044	966	1	0.0	1779
NODE_34357_length_1106_cov_182.354	gb_U38243_+_149-1115_ARO:3003001_CfxA	99.896	966	1	0	79	1044	966	1	0.0	1779
NODE_34357_length_1106_cov_182.354	gb_AY769933_+_0-966_ARO:3003005_CfxA4	99.896	966	1	0	79	1044	966	1	0.0	1779
NODE_34357_length_1106_cov_182.354	gb_GQ342996_+_797-1793_ARO:3003097_CfxA6	89.234	966	101	3	84	1048	993	30	0.0	1205
NODE_35294_length_1079_cov_6.23145	gb_HM990671_+_5192-6671_ARO:3003112_lsaC	96.429	56	2	0	1	56	56	1	1.62e-19	93.5
NODE_43803_length_883_cov_18.2959	gb_HM990671_+_5192-6671_ARO:3003112_lsaC	87.455	279	35	0	605	883	1	279	1.54e-88	322
NODE_47749_length_813_cov_10.0079	gb_HM990671_+_5192-6671_ARO:3003112_lsaC	95.609	797	35	0	17	813	1479	683	0.0	1279
NODE_50974_length_765_cov_5.74789	gb_HM990671_+_5192-6671_ARO:3003112_lsaC	96.610	118	4	0	648	765	1479	1362	8.45e-51	196
NODE_55049_length_713_cov_6.79331	gb_HM990671_+_5192-6671_ARO:3003112_lsaC	98.305	118	2	0	1	118	1362	1479	3.63e-54	207
NODE_56974_length_691_cov_2.44654	gb_M17124_+_1181-1982_ARO:3000498_ErmF	99.678	622	2	0	1	622	180	801	0.0	1138
NODE_60058_length_657_cov_2.8804	gb_M18896.2_+_206-2126_ARO:3000190_tetO	98.519	405	6	0	1	405	405	1	0.0	715
NODE_60058_length_657_cov_2.8804	gb_AJ295238.3_+_163-2083_ARO:3000196_tet32	90.657	396	37	0	10	405	396	1	2.25e-150	527
NODE_61522_length_642_cov_23.3748	gb_HM990671_+_5192-6671_ARO:3003112_lsaC	92.991	642	45	0	1	642	660	1301	0.0	937
NODE_67781_length_587_cov_1.81767	gb_M18896.2_+_206-2126_ARO:3000190_tetO	100.000	58	0	0	530	587	1920	1863	3.10e-24	108
NODE_67781_length_587_cov_1.81767	gb_AJ295238.3_+_163-2083_ARO:3000196_tet32	100.000	58	0	0	530	587	1920	1863	3.10e-24	108
NODE_69178_length_576_cov_4.13244	gb_AM180355_+_600033-601953_ARO:3000186_tetM	90.431	418	40	0	159	576	1920	1503	1.17e-157	551
NODE_69222_length_576_cov_2.79463	gb_HM990671_+_5192-6671_ARO:3003112_lsaC	93.074	231	16	0	1	231	1249	1479	9.89e-94	339
NODE_69983_length_570_cov_3.68738	gb_KX000273.1_+_0-1740_ARO:3004036_tetB(60)	86.918	558	73	0	7	564	555	1112	1.87e-180	627
NODE_72907_length_548_cov_1.04462	gb_NC_003098.1_+_866210-867410_ARO:3000822_pmrA	94.470	217	12	0	332	548	1	217	1.22e-92	335
NODE_75235_length_531_cov_2.98319	gb_CP007593.1_+_2148923-2149772_ARO:3001301_RlmA(II)	85.954	477	67	0	54	530	824	348	1.82e-145	510
NODE_82810_length_484_cov_1.65268	gb_NC_003098.1_-_1359228-1360395_ARO:3000025_patB	91.322	484	42	0	1	484	451	934	0.0	662
NODE_85099_length_471_cov_2.66827	gb_M18896.2_+_206-2126_ARO:3000190_tetO	98.514	471	7	0	1	471	992	522	0.0	832
NODE_89173_length_451_cov_2.16919	gb_M18896.2_+_206-2126_ARO:3000190_tetO	98.430	446	7	0	6	451	1011	1456	0.0	785
NODE_89173_length_451_cov_2.16919	gb_AJ295238.3_+_163-2083_ARO:3000196_tet32	86.649	367	49	0	85	451	1090	1456	2.07e-114	407
NODE_89341_length_450_cov_3.03291	gb_KX000272.1_+_0-1740_ARO:3004035_tetA(60)	93.080	448	31	0	3	450	733	1180	0.0	656
NODE_95231_length_423_cov_2.34783	gb_CP007593.1_+_2148923-2149772_ARO:3001301_RlmA(II)	82.009	428	67	8	1	423	45	467	7.12e-99	355
NODE_95472_length_423_cov_38.3777	gb_HM990671_+_5192-6671_ARO:3003112_lsaC	98.818	423	5	0	1	423	994	1416	0.0	754
NODE_97719_length_413_cov_3.32682	gb_AP009048_+_2810082-2811255_ARO:3000027_emrA	73.684	266	65	5	144	406	1013	750	1.29e-21	99.0
NODE_98295_length_411_cov_12.0449	gb_HM990671_+_5192-6671_ARO:3003112_lsaC	99.153	118	1	0	1	118	1362	1479	4.40e-56	213
NODE_104693_length_388_cov_19.1742	gb_HM990671_+_5192-6671_ARO:3003112_lsaC	96.392	388	14	0	1	388	767	380	0.0	640
NODE_132257_length_312_cov_1.98444	gb_HQ652506.1_+_2099-3836_ARO:3004033_tetB(46)	81.013	316	52	7	1	312	1479	1168	1.17e-65	244
NODE_132928_length_311_cov_1.52734	gb_M18896.2_+_206-2126_ARO:3000190_tetO	99.010	303	3	0	9	311	1786	1484	1.03e-155	544
NODE_132928_length_311_cov_1.52734	gb_AJ295238.3_+_163-2083_ARO:3000196_tet32	99.010	303	3	0	9	311	1786	1484	1.03e-155	544
NODE_136880_length_303_cov_1.48387	gb_HQ652506.1_+_373-2098_ARO:3004032_tetA(46)	90.476	84	8	0	1	84	1642	1725	1.20e-25	111
NODE_138010_length_301_cov_16.9593	gb_HM990671_+_5192-6671_ARO:3003112_lsaC	95.238	231	11	0	1	231	232	2	2.30e-102	366
NODE_144693_length_288_cov_1.30472	gb_NC_003098.1_+_866210-867410_ARO:3000822_pmrA	89.583	288	30	0	1	288	531	244	2.19e-102	366
NODE_144936_length_287_cov_2.41379	gb_CP007593.1_+_2148923-2149772_ARO:3001301_RlmA(II)	80.000	290	52	6	1	287	344	58	3.90e-55	209
NODE_153913_length_272_cov_3.48848	gb_KX000272.1_+_0-1740_ARO:3004035_tetA(60)	90.441	272	26	0	1	272	1258	987	3.45e-100	359
NODE_156180_length_269_cov_2.20561	gb_HQ652506.1_+_2099-3836_ARO:3004033_tetB(46)	93.913	115	7	0	1	115	1623	1737	1.33e-44	174
NODE_157309_length_267_cov_1.41038	gb_NC_003098.1_+_866210-867410_ARO:3000822_pmrA	90.977	266	24	0	2	267	777	512	3.38e-100	359
NODE_161075_length_262_cov_8.83092	gb_HM990671_+_5192-6671_ARO:3003112_lsaC	95.802	262	11	0	1	262	781	1042	1.16e-119	424
NODE_161808_length_261_cov_1.24757	gb_CP007593.1_+_2148923-2149772_ARO:3001301_RlmA(II)	90.000	260	24	2	1	259	353	611	5.56e-93	335
NODE_162233_length_260_cov_1.10244	gb_KX000273.1_+_0-1740_ARO:3004036_tetB(60)	92.636	258	19	0	3	260	1163	906	4.22e-104	372
NODE_162512_length_260_cov_17.7463	gb_HM990671_+_5192-6671_ARO:3003112_lsaC	96.538	260	9	0	1	260	436	695	6.87e-122	431
NODE_162544_length_260_cov_60.6488	gb_HM990671_+_5192-6671_ARO:3003112_lsaC	98.462	260	4	0	1	260	178	437	3.15e-130	459
NODE_163218_length_259_cov_14.951	gb_HM990671_+_5192-6671_ARO:3003112_lsaC	96.875	256	8	0	1	256	344	599	2.46e-121	429
NODE_169485_length_250_cov_2.07179	gb_HM990671_+_5192-6671_ARO:3003112_lsaC	74.104	251	61	4	2	250	283	531	2.11e-22	100
NODE_173282_length_246_cov_1.38743	gb_HM990671_+_5192-6671_ARO:3003112_lsaC	89.024	246	27	0	1	246	892	1137	4.09e-84	305
NODE_175165_length_244_cov_21.1905	gb_HM990671_+_5192-6671_ARO:3003112_lsaC	93.571	140	8	1	1	139	767	628	1.18e-54	207
NODE_175165_length_244_cov_21.1905	gb_HM990671_+_5192-6671_ARO:3003112_lsaC	97.222	108	3	0	137	244	767	660	1.98e-47	183
NODE_179353_length_239_cov_12.5924	gb_DQ516970_+_0-1987_ARO:3002882_lmrD	84.167	120	11	2	1	116	1871	1986	3.34e-25	110
NODE_183801_length_234_cov_5.07263	gb_HM990671_+_5192-6671_ARO:3003112_lsaC	96.154	234	9	0	1	234	809	1042	1.74e-107	383
NODE_197981_length_220_cov_3.4	gb_HM990671_+_5192-6671_ARO:3003112_lsaC	95.000	220	11	0	1	220	698	479	2.13e-96	346
NODE_204469_length_214_cov_10.0818	gb_HM990671_+_5192-6671_ARO:3003112_lsaC	95.794	214	9	0	1	214	383	596	2.07e-96	346
NODE_206018_length_212_cov_2.46497	gb_KX000273.1_+_0-1740_ARO:3004036_tetB(60)	87.255	204	25	1	3	206	251	453	5.98e-62	231
NODE_208917_length_210_cov_5.01935	gb_HM990671_+_5192-6671_ARO:3003112_lsaC	95.714	210	9	0	1	210	664	455	3.39e-94	339
NODE_213145_length_206_cov_1.05298	gb_CP007593.1_+_2148923-2149772_ARO:3001301_RlmA(II)	87.379	206	26	0	1	206	651	446	1.25e-63	237
NODE_213698_length_206_cov_17.9669	gb_HM990671_+_5192-6671_ARO:3003112_lsaC	91.748	206	17	0	1	206	1452	1247	1.22e-78	287
NODE_215216_length_192_cov_2.0219	gb_HM990671_+_5192-6671_ARO:3003112_lsaC	96.429	56	2	0	137	192	1	56	2.64e-20	93.5
NODE_216042_length_185_cov_3.73077	gb_HM990671_+_5192-6671_ARO:3003112_lsaC	95.676	185	8	0	1	185	611	427	5.00e-82	298
NODE_216082_length_185_cov_16.1462	gb_HM990671_+_5192-6671_ARO:3003112_lsaC	95.135	185	9	0	1	185	209	25	2.33e-80	292
NODE_219926_length_156_cov_5.43564	gb_HM990671_+_5192-6671_ARO:3003112_lsaC	96.364	55	2	0	1	55	56	2	7.57e-20	91.6
NODE_221041_length_149_cov_25.3511	gb_HM990671_+_5192-6671_ARO:3003112_lsaC	97.315	149	4	0	1	149	584	436	8.65e-69	254
NODE_221433_length_147_cov_3.46739	gb_HM990671_+_5192-6671_ARO:3003112_lsaC	98.413	63	1	0	1	63	64	2	5.43e-26	111
NODE_221479_length_146_cov_5.73626	gb_HM990671_+_5192-6671_ARO:3003112_lsaC	93.750	64	4	0	1	64	64	1	1.51e-21	97.1
NODE_222114_length_142_cov_5.64368	gb_HM990671_+_5192-6671_ARO:3003112_lsaC	93.662	142	9	0	1	142	557	698	1.39e-56	213
NODE_222693_length_139_cov_3.11905	gb_HM990671_+_5192-6671_ARO:3003112_lsaC	94.964	139	7	0	1	139	557	695	2.91e-58	219
NODE_223254_length_135_cov_13.0875	gb_KU736867.1_+_19653-21573_ARO:3004442_tet(W/N/W)	100.000	97	0	0	1	97	97	1	1.33e-46	180
NODE_223254_length_135_cov_13.0875	gb_EU434751_+_658-2578_ARO:3000194_tetW	100.000	97	0	0	1	97	97	1	1.33e-46	180
NODE_223435_length_135_cov_14.7625	gb_HM990671_+_5192-6671_ARO:3003112_lsaC	97.778	135	3	0	1	135	691	557	1.01e-62	233
NODE_223595_length_134_cov_22.4177	gb_HM990671_+_5192-6671_ARO:3003112_lsaC	98.305	118	2	0	17	134	1479	1362	6.05e-55	207
NODE_224266_length_130_cov_15.28	gb_HM990671_+_5192-6671_ARO:3003112_lsaC	95.385	130	6	0	1	130	680	809	5.83e-55	207
NODE_224904_length_126_cov_5.04225	gb_HM990671_+_5192-6671_ARO:3003112_lsaC	97.619	126	3	0	1	126	667	542	9.35e-58	217
NODE_225323_length_124_cov_12.087	gb_HM990671_+_5192-6671_ARO:3003112_lsaC	96.774	124	4	0	1	124	878	755	5.52e-55	207
NODE_232847_length_93_cov_2.68421	gb_HM990671_+_5192-6671_ARO:3003112_lsaC	95.699	93	4	0	1	93	755	847	6.65e-38	150
NODE_235956_length_82_cov_19.4815	gb_HM990671_+_5192-6671_ARO:3003112_lsaC	96.341	82	3	0	1	82	530	611	1.61e-33	135
NODE_236302_length_81_cov_2.76923	gb_HM990671_+_5192-6671_ARO:3003112_lsaC	95.062	81	4	0	1	81	1327	1247	2.66e-31	128
NODE_237010_length_78_cov_2.91304	gb_HM990671_+_5192-6671_ARO:3003112_lsaC	98.718	78	1	0	1	78	557	634	1.17e-34	139
NODE_237407_length_78_cov_30.2174	gb_HM990671_+_5192-6671_ARO:3003112_lsaC	96.154	78	3	0	1	78	155	232	2.53e-31	128
NODE_238908_length_73_cov_17.4444	gb_HM990671_+_5192-6671_ARO:3003112_lsaC	97.260	73	2	0	1	73	2	74	3.00e-30	124
NODE_239577_length_71_cov_10.625	gb_HM990671_+_5192-6671_ARO:3003112_lsaC	97.183	71	2	0	1	71	714	644	3.74e-29	121
NODE_240071_length_70_cov_12.3333	gb_HM990671_+_5192-6671_ARO:3003112_lsaC	97.143	70	2	0	1	70	10	79	1.32e-28	119
NODE_241770_length_66_cov_57.1818	gb_HM990671_+_5192-6671_ARO:3003112_lsaC	100.000	66	0	0	1	66	714	649	9.41e-30	122
NODE_242207_length_64_cov_12.1111	gb_KU736867.1_+_19653-21573_ARO:3004442_tet(W/N/W)	100.000	64	0	0	1	64	43	106	1.17e-28	119
NODE_242207_length_64_cov_12.1111	gb_EU434751_+_658-2578_ARO:3000194_tetW	100.000	64	0	0	1	64	43	106	1.17e-28	119
NODE_242641_length_63_cov_4.25	gb_HM990671_+_5192-6671_ARO:3003112_lsaC	96.825	63	2	0	1	63	82	20	8.89e-25	106
NODE_243098_length_63_cov_23.125	gb_HM990671_+_5192-6671_ARO:3003112_lsaC	96.825	63	2	0	1	63	641	703	8.89e-25	106
NODE_243947_length_61_cov_11.6667	gb_HM990671_+_5192-6671_ARO:3003112_lsaC	98.361	61	1	0	1	61	430	490	2.36e-25	108
NODE_243956_length_61_cov_18.3333	gb_HM990671_+_5192-6671_ARO:3003112_lsaC	98.361	61	1	0	1	61	1048	988	2.36e-25	108
NODE_244226_length_60_cov_7	gb_HM990671_+_5192-6671_ARO:3003112_lsaC	96.667	60	2	0	1	60	1472	1413	3.86e-23	100
NODE_244609_length_60_cov_11.8	gb_HM990671_+_5192-6671_ARO:3003112_lsaC	95.000	60	3	0	1	60	79	20	1.80e-21	95.3
