NODE_2_length_499658_cov_35.7491	gb_AP009048_+_2810082-2811255_ARO:3000027_emrA	72.093	215	55	5	390057	390268	750	962	7.70e-07	60.2
NODE_124_length_36878_cov_8.05597	gb_M80346_+_0-1656_ARO:3002817_carA	100.000	28	0	0	11183	11210	1502	1475	9.53e-06	52.8
NODE_164_length_30585_cov_8.1662	gb_NC_000913.3_-_481253-484403_ARO:3000216_acrB	80.000	110	17	4	21359	21464	1451	1559	4.69e-13	76.8
NODE_193_length_28186_cov_3.49604	gb_U05883_+_555-1458_ARO:3003559_cepA	77.791	815	163	17	20609	21414	77	882	1.69e-136	486
NODE_208_length_26997_cov_8.86549	gb_AY768532_+_0-1935_ARO:3000535_macB	73.800	1958	455	52	911	2842	1935	10	0.0	721
NODE_251_length_23528_cov_40.2407	gb_NC_003098.1_-_1359228-1360395_ARO:3000025_patB	83.003	1159	193	3	18416	19572	1	1157	0.0	1046
NODE_572_length_13376_cov_9.49996	gb_NC_003098.1_-_1359228-1360395_ARO:3000025_patB	93.454	1161	76	0	3831	4991	1161	1	0.0	1724
NODE_614_length_12863_cov_76.3246	gb_AM180355_+_600033-601953_ARO:3000186_tetM	87.328	726	92	0	12128	12853	1	726	0.0	832
NODE_643_length_12432_cov_23.404	gb_KC539823_+_1017-2586_ARO:3002829_vgaA	100.000	28	0	0	4213	4240	1250	1223	3.21e-06	52.8
NODE_643_length_12432_cov_23.404	gb_DQ823382_+_0-1569_ARO:3002830_vgaALC	100.000	28	0	0	4213	4240	1250	1223	3.21e-06	52.8
NODE_856_length_10060_cov_18.6283	gb_AF472622_+_52-1018_ARO:3003003_CfxA3	100.000	966	0	0	8233	9198	966	1	0.0	1784
NODE_856_length_10060_cov_18.6283	gb_AY769933_+_0-966_ARO:3003005_CfxA4	99.896	966	1	0	8233	9198	966	1	0.0	1779
NODE_856_length_10060_cov_18.6283	gb_AF118110.1_-_71-1037_ARO:3003002_CfxA2	99.896	966	1	0	8233	9198	966	1	0.0	1779
NODE_856_length_10060_cov_18.6283	gb_AY769934_+_27-993_ARO:3003096_CfxA5	99.793	966	2	0	8233	9198	966	1	0.0	1773
NODE_856_length_10060_cov_18.6283	gb_U38243_+_149-1115_ARO:3003001_CfxA	99.793	966	2	0	8233	9198	966	1	0.0	1773
NODE_856_length_10060_cov_18.6283	gb_GQ342996_+_797-1793_ARO:3003097_CfxA6	89.234	966	101	3	8238	9202	993	30	0.0	1205
NODE_1006_length_9033_cov_59.9039	gb_AP006618.1_+_4835199-4838688_ARO:3000501_Nocardia	74.182	1925	419	63	1085	2976	877	2756	0.0	730
NODE_1619_length_6572_cov_3.24689	gb_M17124_+_1181-1982_ARO:3000498_ErmF	100.000	104	0	0	55	158	104	1	9.59e-49	193
NODE_1619_length_6572_cov_3.24689	gb_AF319779.2_+_32-833_ARO:3000604_Erm(35)	93.617	94	6	0	65	158	94	1	3.52e-33	141
NODE_1683_length_6354_cov_76.6957	gb_AF235050.4_+_38028-40140_ARO:3003318_Streptomyces	86.154	65	9	0	4305	4369	1961	1897	4.53e-12	71.3
NODE_1826_length_6045_cov_3.09816	gb_AF028812_+_392-887_ARO:3002867_dfrF	99.597	496	1	1	4127	4622	495	1	0.0	904
NODE_1857_length_5973_cov_21.0083	gb_L42817_+_201-936_ARO:3000522_ErmG	99.184	735	6	0	810	1544	1	735	0.0	1325
NODE_1857_length_5973_cov_21.0083	gb_M64090_+_0-735_ARO:3000595_ErmT	77.959	735	148	11	810	1537	1	728	1.68e-125	448
NODE_1857_length_5973_cov_21.0083	gb_NC_012469.1_-_1800927-1802391_ARO:3000616_mel	100.000	38	0	0	1	38	1427	1464	4.26e-12	71.3
NODE_2298_length_5112_cov_54.3265	gb_CP007593.1_+_2148923-2149772_ARO:3001301_RlmA(II)	84.342	843	128	4	3628	4468	1	841	0.0	822
NODE_2306_length_5095_cov_6.71806	gb_M37699_+_585-1752_ARO:3000205_tetX	99.914	1167	1	0	872	2038	1167	1	0.0	2150
NODE_2306_length_5095_cov_6.71806	gb_M17124_+_1181-1982_ARO:3000498_ErmF	99.848	659	1	0	1	659	143	801	0.0	1212
NODE_2818_length_4443_cov_72.3692	gb_AM180355_+_600033-601953_ARO:3000186_tetM	97.351	453	12	0	1	453	1468	1920	0.0	771
NODE_3050_length_4192_cov_8.54025	gb_NC_003098.1_+_866210-867410_ARO:3000822_pmrA	92.340	1201	90	2	207	1406	1200	1	0.0	1707
NODE_3424_length_3881_cov_74.5599	gb_Z50108_+_238-1768_ARO:3003026_fusH	91.111	45	1	2	3368	3409	517	561	2.15e-08	58.4
NODE_3503_length_3821_cov_5.95539	gb_EU434751_+_658-2578_ARO:3000194_tetW	99.896	1920	2	0	668	2587	1	1920	0.0	3535
NODE_3503_length_3821_cov_5.95539	gb_KU736867.1_+_19653-21573_ARO:3004442_tet(W/N/W)	96.130	1912	72	2	668	2578	1	1911	0.0	3120
NODE_3637_length_3730_cov_22.5244	gb_Z21523_+_0-1974_ARO:3000191_tetQ	98.529	68	1	0	1	68	1907	1974	2.60e-27	121
NODE_3944_length_3539_cov_2.6085	gb_DQ212986_+_7787-9926_ARO:3002972_vanTG	99.619	2100	8	0	1435	3534	1	2100	0.0	3834
NODE_3944_length_3539_cov_2.6085	gb_DQ212986_+_7030-7795_ARO:3003069_vanXYG	95.686	765	33	0	678	1442	1	765	0.0	1230
NODE_3944_length_3539_cov_2.6085	gb_DQ212986_+_5984-7034_ARO:3002909_vanG	96.769	681	22	0	1	681	370	1050	0.0	1136
NODE_4093_length_3445_cov_45.9442	gb_NC_014638.1_-_1610636-1613960_ARO:3003730_Bifidobacteria	74.449	1135	235	43	1364	2463	1034	2148	5.83e-123	438
NODE_4161_length_3408_cov_2.91351	gb_DQ212986_+_5137-5983_ARO:3002965_vanWG	84.063	822	127	4	2182	3001	27	846	0.0	789
NODE_4161_length_3408_cov_2.91351	gb_DQ212986_+_5984-7034_ARO:3002909_vanG	81.034	406	77	0	3003	3408	1	406	1.69e-88	324
NODE_5544_length_2764_cov_64.158	gb_NC_012469.1_-_1800927-1802391_ARO:3000616_mel	100.000	1464	0	0	1284	2747	1	1464	0.0	2704
NODE_5544_length_2764_cov_64.158	gb_NC_023287.1_-_65291-66509_ARO:3000615_mefA	97.251	1164	32	0	1	1164	55	1218	0.0	1973
NODE_5594_length_2748_cov_4.98515	gb_AF118110.1_-_71-1037_ARO:3003002_CfxA2	86.120	951	131	1	79	1029	4	953	0.0	1024
NODE_5594_length_2748_cov_4.98515	gb_AF472622_+_52-1018_ARO:3003003_CfxA3	86.015	951	132	1	79	1029	4	953	0.0	1018
NODE_5594_length_2748_cov_4.98515	gb_AY769934_+_27-993_ARO:3003096_CfxA5	86.015	951	132	1	79	1029	4	953	0.0	1018
NODE_5594_length_2748_cov_4.98515	gb_U38243_+_149-1115_ARO:3003001_CfxA	86.015	951	132	1	79	1029	4	953	0.0	1018
NODE_5594_length_2748_cov_4.98515	gb_AY769933_+_0-966_ARO:3003005_CfxA4	86.015	951	132	1	79	1029	4	953	0.0	1018
NODE_5594_length_2748_cov_4.98515	gb_GQ342996_+_797-1793_ARO:3003097_CfxA6	84.963	951	136	6	77	1024	34	980	0.0	957
NODE_6100_length_2577_cov_13.7296	gb_CP007593.1_+_2148923-2149772_ARO:3001301_RlmA(II)	90.235	850	81	2	618	1466	849	1	0.0	1109
NODE_6132_length_2566_cov_25.0681	gb_Z21523_+_0-1974_ARO:3000191_tetQ	97.399	1961	51	0	606	2566	1	1961	0.0	3339
NODE_9228_length_1867_cov_2.27759	gb_AY928180_+_0-495_ARO:3002837_lnuC	92.929	495	35	0	496	990	495	1	0.0	721
NODE_11503_length_1576_cov_2.76989	gb_Z21523_+_0-1974_ARO:3000191_tetQ	96.429	84	2	1	1	83	84	1	1.08e-32	137
NODE_11788_length_1549_cov_3.23092	gb_HM990671_+_5192-6671_ARO:3003112_lsaC	88.247	970	114	0	580	1549	1	970	0.0	1160
NODE_12771_length_1457_cov_3.36305	gb_AF319779.2_+_32-833_ARO:3000604_Erm(35)	100.000	38	0	0	1	38	38	1	1.03e-12	71.3
NODE_12771_length_1457_cov_3.36305	gb_M17124_+_1181-1982_ARO:3000498_ErmF	100.000	38	0	0	1	38	38	1	1.03e-12	71.3
NODE_16015_length_1221_cov_57.4039	gb_NC_023287.1_-_65291-66509_ARO:3000615_mefA	96.330	109	4	0	1	109	109	1	1.37e-45	180
NODE_16545_length_1192_cov_2.45295	gb_NC_002516.2_-_2847775-2850886_ARO:3004075_MuxC	100.000	33	0	0	856	888	1233	1201	5.05e-10	62.1
NODE_16969_length_1169_cov_33.4434	gb_GQ342996_+_797-1793_ARO:3003097_CfxA6	99.699	996	3	0	27	1022	1	996	0.0	1823
NODE_16969_length_1169_cov_33.4434	gb_AF118110.1_-_71-1037_ARO:3003002_CfxA2	89.189	962	101	3	60	1019	1	961	0.0	1197
NODE_16969_length_1169_cov_33.4434	gb_AF472622_+_52-1018_ARO:3003003_CfxA3	89.085	962	102	3	60	1019	1	961	0.0	1192
NODE_16969_length_1169_cov_33.4434	gb_AY769934_+_27-993_ARO:3003096_CfxA5	89.085	962	102	3	60	1019	1	961	0.0	1192
NODE_16969_length_1169_cov_33.4434	gb_U38243_+_149-1115_ARO:3003001_CfxA	89.085	962	102	3	60	1019	1	961	0.0	1192
NODE_16969_length_1169_cov_33.4434	gb_AY769933_+_0-966_ARO:3003005_CfxA4	89.085	962	102	3	60	1019	1	961	0.0	1192
NODE_18230_length_1104_cov_2.11535	gb_DQ212986_+_7787-9926_ARO:3002972_vanTG	100.000	93	0	0	1012	1104	2139	2047	2.07e-43	172
NODE_19358_length_1052_cov_1.8666	gb_NC_023287.1_-_60996-61860_ARO:3002626_ANT(6)-Ia	86.150	361	48	2	675	1034	1	360	1.80e-108	388
NODE_19358_length_1052_cov_1.8666	gb_AY712687_+_0-831_ARO:3002628_aad(6)	82.332	283	48	2	753	1034	1	282	4.11e-65	244
NODE_21052_length_984_cov_3.38644	gb_M18896.2_+_206-2126_ARO:3000190_tetO	99.187	984	8	0	1	984	184	1167	0.0	1773
NODE_21052_length_984_cov_3.38644	gb_AJ295238.3_+_163-2083_ARO:3000196_tet32	84.977	213	32	0	1	213	184	396	8.38e-57	217
NODE_21136_length_981_cov_1.39201	gb_KX000272.1_+_0-1740_ARO:3004035_tetA(60)	92.989	813	57	0	2	814	928	1740	0.0	1186
NODE_21136_length_981_cov_1.39201	gb_KX000273.1_+_0-1740_ARO:3004036_tetB(60)	100.000	171	0	0	811	981	1	171	8.00e-87	316
NODE_21857_length_956_cov_3.85905	gb_AF242872_+_2131-2878_ARO:3000375_ErmB	99.465	747	3	1	184	929	747	1	0.0	1356
NODE_23079_length_914_cov_2.5064	gb_M18896.2_+_206-2126_ARO:3000190_tetO	100.000	807	0	0	7	813	1114	1920	0.0	1491
NODE_23079_length_914_cov_2.5064	gb_AJ295238.3_+_163-2083_ARO:3000196_tet32	95.326	813	38	0	1	813	1108	1920	0.0	1291
NODE_25723_length_841_cov_44.3308	gb_AM180355_+_600033-601953_ARO:3000186_tetM	95.329	835	39	0	7	841	688	1522	0.0	1327
NODE_25723_length_841_cov_44.3308	gb_L09756_+_0-1926_ARO:3000192_tetS	79.177	826	168	4	7	830	688	1511	4.76e-163	569
NODE_25728_length_841_cov_3.32188	gb_Z21523_+_0-1974_ARO:3000191_tetQ	88.923	659	73	0	183	841	1974	1316	0.0	813
NODE_25729_length_841_cov_34.7723	gb_AM180355_+_600033-601953_ARO:3000186_tetM	90.299	835	81	0	7	841	688	1522	0.0	1094
NODE_25729_length_841_cov_34.7723	gb_L09756_+_0-1926_ARO:3000192_tetS	79.710	828	160	8	7	830	688	1511	1.02e-169	592
NODE_26770_length_817_cov_1.7979	gb_CP004067_+_52914-53709_ARO:3002647_APH(3')-IIIa	99.477	574	3	0	1	574	574	1	0.0	1044
NODE_26770_length_817_cov_1.7979	gb_U01945_+_373-916_ARO:3002897_SAT-4	100.000	151	0	0	667	817	543	393	8.72e-76	279
NODE_27205_length_807_cov_2.74867	gb_DQ212986_+_2258-2966_ARO:3002926_vanRG	81.844	347	63	0	324	670	1	347	1.11e-79	292
NODE_27535_length_800_cov_2.36107	gb_AJ295238.3_+_163-2083_ARO:3000196_tet32	94.214	795	42	4	8	800	1332	540	0.0	1210
NODE_28399_length_780_cov_52.1352	gb_NC_012469.1_-_1800927-1802391_ARO:3000616_mel	100.000	38	0	0	1	38	1427	1464	5.45e-13	71.3
NODE_31896_length_712_cov_2.60122	gb_AJ295238.3_+_163-2083_ARO:3000196_tet32	88.031	635	74	2	79	712	1	634	0.0	750
NODE_38621_length_613_cov_2.33871	gb_AF319779.2_+_32-833_ARO:3000604_Erm(35)	100.000	31	0	0	1	31	31	1	3.31e-09	58.4
NODE_38621_length_613_cov_2.33871	gb_M17124_+_1181-1982_ARO:3000498_ErmF	100.000	31	0	0	1	31	31	1	3.31e-09	58.4
NODE_41390_length_582_cov_3.48197	gb_Z21523_+_0-1974_ARO:3000191_tetQ	89.691	582	60	0	1	582	738	1319	0.0	743
NODE_43555_length_560_cov_1.48515	gb_GQ343019_+_132-1023_ARO:3002999_CblA-1	99.636	275	1	0	286	560	891	617	3.22e-143	503
NODE_55522_length_463_cov_1.9951	gb_AY712687_+_0-831_ARO:3002628_aad(6)	100.000	448	0	0	1	448	384	831	0.0	828
NODE_55522_length_463_cov_1.9951	gb_NC_023287.1_-_60996-61860_ARO:3002626_ANT(6)-Ia	76.702	382	87	2	1	381	462	842	1.79e-55	211
NODE_64104_length_415_cov_1.16667	gb_KX000272.1_+_0-1740_ARO:3004035_tetA(60)	100.000	54	0	0	362	415	1419	1472	3.61e-22	100
NODE_64217_length_414_cov_0.972145	gb_KX000273.1_+_0-1740_ARO:3004036_tetB(60)	99.517	414	2	0	1	414	1418	1005	0.0	754
NODE_73222_length_376_cov_3.19003	gb_CP007593.1_+_2148923-2149772_ARO:3001301_RlmA(II)	91.450	269	23	0	101	369	1	269	2.24e-103	370
NODE_74253_length_372_cov_2.2429	gb_KX000273.1_+_0-1740_ARO:3004036_tetB(60)	99.462	372	2	0	1	372	502	873	0.0	676
NODE_76602_length_363_cov_0.827922	gb_U00096_-_3412802-3413465_ARO:3000656_acrS	99.405	168	1	0	196	363	1	168	6.21e-84	305
NODE_83634_length_341_cov_7.18182	gb_NC_023287.1_-_65291-66509_ARO:3000615_mefA	99.083	109	1	0	233	341	1	109	3.65e-51	196
NODE_88204_length_328_cov_1.00366	gb_AF173226_+_3767-6917_ARO:3003052_smeB	89.583	48	5	0	1	48	1195	1242	1.33e-10	62.1
NODE_88204_length_328_cov_1.00366	gb_AJ252200_+_1278-4401_ARO:3003056_smeE	87.500	48	6	0	1	48	1195	1242	6.20e-09	56.5
NODE_89906_length_323_cov_1.52612	gb_JQ740052_+_2108-3329_ARO:3000567_tet(40)	100.000	323	0	0	1	323	348	670	8.08e-172	597
NODE_106142_length_287_cov_2.61207	gb_Z21523_+_0-1974_ARO:3000191_tetQ	88.112	286	34	0	2	287	791	506	1.32e-94	340
NODE_108474_length_282_cov_0.770925	gb_JQ740052_+_2108-3329_ARO:3000567_tet(40)	100.000	92	0	0	1	92	1130	1221	1.81e-43	171
NODE_117225_length_267_cov_2.24057	gb_U01945_+_373-916_ARO:3002897_SAT-4	99.624	266	1	0	2	267	1	266	1.49e-138	486
NODE_132001_length_246_cov_0.717277	gb_KX000273.1_+_0-1740_ARO:3004036_tetB(60)	100.000	246	0	0	1	246	283	528	3.84e-129	455
NODE_157213_length_218_cov_0.846626	gb_NC_002695_+_3211891-3212506_ARO:3000832_evgA	98.537	205	3	0	1	205	411	615	2.10e-101	363
NODE_159884_length_216_cov_2.7205	gb_AF235050.4_+_38028-40140_ARO:3003318_Streptomyces	84.951	206	31	0	11	216	1428	1633	2.86e-55	209
NODE_162475_length_214_cov_13.3774	gb_M17124_+_1181-1982_ARO:3000498_ErmF	100.000	197	0	0	1	197	197	1	5.71e-102	364
NODE_162475_length_214_cov_13.3774	gb_AF319779.2_+_32-833_ARO:3000604_Erm(35)	86.387	191	26	0	7	197	191	1	2.83e-55	209
NODE_173088_length_114_cov_6.01695	gb_NC_023287.1_-_65291-66509_ARO:3000615_mefA	100.000	42	0	0	73	114	1	42	4.09e-16	78.7
NODE_173187_length_110_cov_5.2	gb_Z21523_+_0-1974_ARO:3000191_tetQ	100.000	55	0	0	56	110	1961	1907	2.32e-23	102
NODE_173200_length_110_cov_3.43636	gb_M17124_+_1181-1982_ARO:3000498_ErmF	100.000	55	0	0	56	110	197	143	2.32e-23	102
NODE_173399_length_101_cov_2.97826	gb_Z21523_+_0-1974_ARO:3000191_tetQ	100.000	55	0	0	1	55	1907	1961	2.09e-23	102
