NODE_118_length_6288_cov_20.3738	gb_NC_003098.1_-_1359228-1360395_ARO:3000025_patB	93.798	1161	72	0	3557	4717	1	1161	0.0	1746
NODE_128_length_6070_cov_23.9345	gb_CP007593.1_+_2148923-2149772_ARO:3001301_RlmA(II)	88.394	853	91	7	192	1040	1	849	0.0	1020
NODE_182_length_5151_cov_13.9133	gb_U75299_+_0-717_ARO:3002671_Lactobacillus	99.301	715	1	4	2452	3166	1	711	0.0	1290
NODE_182_length_5151_cov_13.9133	gb_AB080798.1_+_2658-3309_ARO:3004455_Streptococcus	97.389	651	17	0	2452	3102	1	651	0.0	1109
NODE_188_length_5074_cov_27.5397	gb_AM180355_+_600033-601953_ARO:3000186_tetM	93.021	1920	134	0	3031	4950	1	1920	0.0	2804
NODE_188_length_5074_cov_27.5397	gb_L09756_+_0-1926_ARO:3000192_tetS	78.568	1927	396	15	3032	4949	2	1920	0.0	1254
NODE_436_length_3080_cov_28.0942	gb_NC_012469.1_-_1800927-1802391_ARO:3000616_mel	100.000	1464	0	0	13	1476	1	1464	0.0	2704
NODE_505_length_2728_cov_23.3898	gb_NC_003098.1_+_866210-867410_ARO:3000822_pmrA	94.323	458	26	0	2271	2728	1	458	0.0	702
NODE_617_length_2339_cov_28.6147	gb_NC_023287.1_-_65291-66509_ARO:3000615_mefA	96.962	1218	37	0	1107	2324	1	1218	0.0	2045
NODE_769_length_1962_cov_22.5978	gb_CP007593.1_+_2148923-2149772_ARO:3001301_RlmA(II)	90.000	850	83	2	193	1041	1	849	0.0	1098
NODE_837_length_1845_cov_18.9095	gb_CP007593.1_+_2148923-2149772_ARO:3001301_RlmA(II)	89.731	818	82	2	1029	1845	849	33	0.0	1044
NODE_901_length_1753_cov_2.11602	gb_BX664015.1_-_204137-204554_ARO:3000168_tet(D)	100.000	392	0	0	1	392	26	417	0.0	725
NODE_1103_length_1460_cov_17.1986	gb_NC_003098.1_-_1359228-1360395_ARO:3000025_patB	92.584	836	62	0	625	1460	1167	332	0.0	1201
NODE_1369_length_1233_cov_38.3243	gb_NC_003098.1_+_866210-867410_ARO:3000822_pmrA	93.977	797	48	0	1	797	404	1200	0.0	1206
NODE_1387_length_1213_cov_1.79534	gb_Z21523_+_0-1974_ARO:3000191_tetQ	96.154	104	4	0	1110	1213	1974	1871	8.19e-43	171
NODE_3397_length_699_cov_1.14752	gb_M80346_+_0-1656_ARO:3002817_carA	100.000	36	0	0	436	471	1467	1502	6.30e-12	67.6
NODE_3494_length_691_cov_9.80346	gb_NC_003098.1_-_1359228-1360395_ARO:3000025_patB	93.149	686	47	0	1	686	332	1017	0.0	1007
NODE_6458_length_515_cov_1.81739	gb_Z21523_+_0-1974_ARO:3000191_tetQ	97.476	515	13	0	1	515	822	1336	0.0	880
NODE_6517_length_513_cov_42.5939	gb_NC_003098.1_-_1359228-1360395_ARO:3000025_patB	95.596	386	17	0	1	386	386	1	2.80e-178	619
NODE_7661_length_477_cov_1.12559	gb_EU434751_+_658-2578_ARO:3000194_tetW	100.000	477	0	0	1	477	1820	1344	0.0	881
NODE_7661_length_477_cov_1.12559	gb_KU736867.1_+_19653-21573_ARO:3004442_tet(W/N/W)	97.436	468	12	0	10	477	1811	1344	0.0	798
NODE_7740_length_475_cov_1.48095	gb_AF242872_+_2131-2878_ARO:3000375_ErmB	99.729	369	0	1	108	475	747	379	0.0	675
NODE_9290_length_438_cov_10.3211	gb_NC_003098.1_+_866210-867410_ARO:3000822_pmrA	93.379	438	29	0	1	438	458	21	0.0	649
NODE_9332_length_437_cov_1.7801	gb_M17124_+_1181-1982_ARO:3000498_ErmF	99.528	424	2	0	14	437	710	287	0.0	773
NODE_9496_length_434_cov_6.08707	gb_CP007593.1_+_2148923-2149772_ARO:3001301_RlmA(II)	90.323	434	42	0	1	434	466	33	2.40e-163	569
NODE_9556_length_432_cov_1.46154	gb_EU434751_+_658-2578_ARO:3000194_tetW	96.991	432	13	0	1	432	403	834	0.0	726
NODE_9556_length_432_cov_1.46154	gb_KU736867.1_+_19653-21573_ARO:3004442_tet(W/N/W)	95.139	432	21	0	1	432	403	834	0.0	682
NODE_9826_length_427_cov_1.65591	gb_NC_002134.1_+_41537-42743_ARO:3000165_tet(A)	100.000	427	0	0	1	427	429	3	0.0	789
NODE_9826_length_427_cov_1.65591	gb_AB089595_+_0-1206_ARO:3000166_tet(B)	99.766	427	1	0	1	427	429	3	0.0	784
NODE_11324_length_402_cov_2.29395	gb_HM990671_+_5192-6671_ARO:3003112_lsaC	93.077	390	27	0	9	398	843	454	6.15e-164	571
NODE_13090_length_378_cov_22.3994	gb_NC_003098.1_+_866210-867410_ARO:3000822_pmrA	95.882	170	7	0	209	378	1	170	5.06e-75	276
NODE_14381_length_362_cov_0.710098	gb_AF235050.4_+_38028-40140_ARO:3003318_Streptomyces	84.175	297	42	5	1	295	1625	1332	2.90e-77	283
NODE_15600_length_350_cov_1.59661	gb_AJ252200_+_1278-4401_ARO:3003056_smeE	81.210	314	55	4	1	312	1176	1487	2.84e-67	250
NODE_15600_length_350_cov_1.59661	gb_AF173226_+_3767-6917_ARO:3003052_smeB	80.757	317	59	2	2	317	1177	1492	3.67e-66	246
NODE_15600_length_350_cov_1.59661	gb_NC_007779_+_2586250-2589364_ARO:3000491_acrD	80.795	302	58	0	8	309	1183	1484	2.21e-63	237
NODE_15982_length_346_cov_0.893471	gb_AF242872_+_2131-2878_ARO:3000375_ErmB	100.000	44	0	0	303	346	1	44	1.08e-16	82.4
NODE_16335_length_343_cov_10.8924	gb_NC_003098.1_+_866210-867410_ARO:3000822_pmrA	94.752	343	18	0	1	343	458	116	6.85e-153	534
NODE_16338_length_343_cov_9.44792	gb_NC_003098.1_+_866210-867410_ARO:3000822_pmrA	91.837	343	28	0	1	343	458	116	3.26e-136	479
NODE_17972_length_328_cov_1.00733	gb_NC_002134.1_+_41537-42743_ARO:3000165_tet(A)	100.000	268	0	0	61	328	1206	939	3.08e-141	496
NODE_17972_length_328_cov_1.00733	gb_AB089595_+_0-1206_ARO:3000166_tet(B)	99.627	268	1	0	61	328	1206	939	1.43e-139	490
NODE_19184_length_320_cov_1.37358	gb_KU736867.1_+_19653-21573_ARO:3004442_tet(W/N/W)	100.000	225	0	0	1	225	225	1	2.40e-117	416
NODE_19184_length_320_cov_1.37358	gb_EU434751_+_658-2578_ARO:3000194_tetW	100.000	225	0	0	1	225	225	1	2.40e-117	416
NODE_19633_length_316_cov_1.40996	gb_AF242872_+_2131-2878_ARO:3000375_ErmB	99.051	316	3	0	1	316	359	44	6.19e-163	568
NODE_19723_length_316_cov_1.98467	gb_AP006618.1_+_4835199-4838688_ARO:3000501_Nocardia	86.594	276	33	4	34	307	2964	3237	6.93e-83	302
NODE_20440_length_310_cov_1.41569	gb_M18896.2_+_206-2126_ARO:3000190_tetO	100.000	310	0	0	1	310	458	149	1.30e-164	573
NODE_20440_length_310_cov_1.41569	gb_AJ295238.3_+_163-2083_ARO:3000196_tet32	87.097	248	32	0	63	310	396	149	8.85e-77	281
NODE_22509_length_297_cov_1.47934	gb_HM990671_+_5192-6671_ARO:3003112_lsaC	99.167	120	1	0	178	297	1	120	2.42e-57	217
NODE_28329_length_268_cov_0.657277	gb_AF024666.2_-_2207-2969_ARO:3000596_ErmX	98.134	268	5	0	1	268	640	373	5.41e-133	468
NODE_28581_length_267_cov_2.38679	gb_NC_003098.1_-_1359228-1360395_ARO:3000025_patB	93.633	267	17	0	1	267	760	494	1.99e-112	399
NODE_32309_length_252_cov_1.60406	gb_HM990671_+_5192-6671_ARO:3003112_lsaC	90.873	252	23	0	1	252	856	1107	4.14e-94	339
NODE_34829_length_244_cov_1.05291	gb_HM990671_+_5192-6671_ARO:3003112_lsaC	94.672	244	13	0	1	244	279	522	2.36e-106	379
NODE_34945_length_243_cov_0.734043	gb_NC_003112.2_-_1791966-1795170_ARO:3000811_mtrD	87.391	230	29	0	1	230	2014	2243	6.85e-72	265
NODE_41667_length_225_cov_0.570588	gb_NC_002516.2_-_2850882-2854014_ARO:3004074_MuxB	76.433	157	29	8	36	188	1728	1576	8.81e-16	78.7
NODE_41830_length_224_cov_1.36095	gb_Z21523_+_0-1974_ARO:3000191_tetQ	95.536	224	10	0	1	224	552	329	2.79e-100	359
NODE_42524_length_223_cov_1.54762	gb_Z21523_+_0-1974_ARO:3000191_tetQ	98.907	183	2	0	1	183	183	1	7.84e-91	327
NODE_44748_length_217_cov_1.82099	gb_NC_002134.1_+_41537-42743_ARO:3000165_tet(A)	100.000	217	0	0	1	217	594	810	4.42e-113	401
NODE_44748_length_217_cov_1.82099	gb_AB089595_+_0-1206_ARO:3000166_tet(B)	100.000	217	0	0	1	217	594	810	4.42e-113	401
NODE_48928_length_209_cov_1.19481	gb_HM990671_+_5192-6671_ARO:3003112_lsaC	94.400	125	7	0	85	209	1479	1355	2.78e-50	193
NODE_49196_length_208_cov_1.59477	gb_NC_003098.1_-_1359228-1360395_ARO:3000025_patB	91.765	170	14	0	1	170	992	1161	1.26e-63	237
NODE_50642_length_202_cov_7.92517	gb_NC_012469.1_-_1800927-1802391_ARO:3000616_mel	100.000	43	0	0	160	202	1	43	2.17e-16	80.5
NODE_51201_length_148_cov_5.3871	gb_NC_003098.1_-_1359228-1360395_ARO:3000025_patB	93.243	148	10	0	1	148	541	394	3.13e-58	219
NODE_51736_length_104_cov_3.46939	gb_NC_003098.1_-_1359228-1360395_ARO:3000025_patB	95.192	104	5	0	1	104	715	818	2.73e-42	165
NODE_51752_length_103_cov_11.875	gb_NC_012469.1_-_1800927-1802391_ARO:3000616_mel	100.000	43	0	0	61	103	1	43	1.00e-16	80.5
