NODE_6_length_259180_cov_26.4053	gb_GQ343019_+_132-1023_ARO:3002999_CblA-1	99.776	891	2	0	9974	10864	891	1	0.0	1635
NODE_16_length_191718_cov_20.0257	gb_NC_007779_+_2586250-2589364_ARO:3000491_acrD	77.200	250	49	8	77275	77520	1026	1271	3.69e-31	139
NODE_16_length_191718_cov_20.0257	gb_U00096_+_3660413-3663527_ARO:3000796_mdtF	75.510	196	44	4	77297	77490	1048	1241	2.92e-17	93.5
NODE_95_length_75323_cov_27.3232	gb_AF173226_+_3767-6917_ARO:3003052_smeB	86.486	74	10	0	60768	60841	1169	1242	2.48e-14	82.4
NODE_95_length_75323_cov_27.3232	gb_AJ252200_+_1278-4401_ARO:3003056_smeE	84.722	72	11	0	60770	60841	1171	1242	1.49e-11	73.1
NODE_119_length_66662_cov_160.795	gb_AF242872_+_2131-2878_ARO:3000375_ErmB	99.197	747	5	1	25098	25843	1	747	0.0	1345
NODE_262_length_38602_cov_17.4353	gb_NC_007779_+_2586250-2589364_ARO:3000491_acrD	73.494	249	48	15	12368	12607	1242	1003	1.65e-13	78.7
NODE_262_length_38602_cov_17.4353	gb_U00096_+_3660413-3663527_ARO:3000796_mdtF	87.037	54	6	1	12369	12422	1241	1189	5.96e-08	60.2
NODE_1001_length_11745_cov_6.16133	gb_AF242872_+_2131-2878_ARO:3000375_ErmB	100.000	49	0	0	11697	11745	1	49	6.43e-18	91.6
NODE_1279_length_8915_cov_26.1687	gb_NC_012469.1_-_1800927-1802391_ARO:3000616_mel	97.541	1464	36	0	5339	6802	1464	1	0.0	2505
NODE_1279_length_8915_cov_26.1687	gb_L42817_+_201-936_ARO:3000522_ErmG	99.320	735	5	0	3833	4567	735	1	0.0	1330
NODE_1279_length_8915_cov_26.1687	gb_NC_023287.1_-_65291-66509_ARO:3000615_mefA	87.298	433	50	5	6928	7358	1215	786	4.12e-138	490
NODE_1279_length_8915_cov_26.1687	gb_M64090_+_0-735_ARO:3000595_ErmT	78.231	735	146	11	3840	4567	728	1	1.16e-128	459
NODE_1362_length_8218_cov_31.8268	gb_U00096_+_3415032-3418137_ARO:3000502_acrF	76.923	91	21	0	7159	7249	1156	1246	2.12e-06	52.8
NODE_1407_length_7869_cov_5.70041	gb_M18896.2_+_206-2126_ARO:3000190_tetO	99.740	1920	5	0	4826	6745	1	1920	0.0	3518
NODE_1407_length_7869_cov_5.70041	gb_AJ295238.3_+_163-2083_ARO:3000196_tet32	94.465	831	46	0	5915	6745	1090	1920	0.0	1280
NODE_1407_length_7869_cov_5.70041	gb_AJ295238.3_+_163-2083_ARO:3000196_tet32	91.919	396	32	0	4826	5221	1	396	1.27e-157	555
NODE_1455_length_7522_cov_366.943	gb_Z21523_+_0-1974_ARO:3000191_tetQ	97.822	1974	43	0	1887	3860	1	1974	0.0	3408
NODE_2139_length_4504_cov_2.12003	gb_M57437_+_0-1647_ARO:3002827_tlrC	100.000	28	0	0	2100	2127	1472	1499	1.16e-06	52.8
NODE_2384_length_3930_cov_6.15355	gb_AJ295238.3_+_163-2083_ARO:3000196_tet32	87.819	1921	214	19	1351	3261	1	1911	0.0	2233
NODE_2633_length_3482_cov_1.24161	gb_X63451_+_0-1653_ARO:3002828_srmB	94.444	36	2	0	3239	3274	1499	1464	6.94e-08	56.5
NODE_2681_length_3407_cov_443.058	gb_Z21523_+_0-1974_ARO:3000191_tetQ	97.807	1961	43	0	1447	3407	1	1961	0.0	3384
NODE_3181_length_2728_cov_10.2705	gb_EU434751_+_658-2578_ARO:3000194_tetW	99.635	1920	7	0	130	2049	1	1920	0.0	3507
NODE_3181_length_2728_cov_10.2705	gb_KU736867.1_+_19653-21573_ARO:3004442_tet(W/N/W)	96.186	1914	71	2	130	2042	1	1913	0.0	3129
NODE_3202_length_2706_cov_374.685	gb_AF118110.1_-_71-1037_ARO:3003002_CfxA2	100.000	966	0	0	1627	2592	966	1	0.0	1784
NODE_3202_length_2706_cov_374.685	gb_AF472622_+_52-1018_ARO:3003003_CfxA3	99.896	966	1	0	1627	2592	966	1	0.0	1779
NODE_3202_length_2706_cov_374.685	gb_AY769934_+_27-993_ARO:3003096_CfxA5	99.896	966	1	0	1627	2592	966	1	0.0	1779
NODE_3202_length_2706_cov_374.685	gb_U38243_+_149-1115_ARO:3003001_CfxA	99.896	966	1	0	1627	2592	966	1	0.0	1779
NODE_3202_length_2706_cov_374.685	gb_AY769933_+_0-966_ARO:3003005_CfxA4	99.896	966	1	0	1627	2592	966	1	0.0	1779
NODE_3202_length_2706_cov_374.685	gb_GQ342996_+_797-1793_ARO:3003097_CfxA6	89.234	966	101	3	1632	2596	993	30	0.0	1205
NODE_3252_length_2660_cov_23.3812	gb_NC_007779_+_2586250-2589364_ARO:3000491_acrD	96.875	32	1	0	1161	1192	1876	1907	1.90e-07	54.7
NODE_3345_length_2569_cov_3.79037	gb_NC_005024_+_42504-43944_ARO:3002597_AAC(6')-Ie-APH(2'')-Ia	100.000	1440	0	0	884	2323	1	1440	0.0	2660
NODE_3345_length_2569_cov_3.79037	gb_AY701528.1_+_9695-10589_ARO:3004191_APH(2'')-If	80.843	830	149	9	1487	2311	43	867	0.0	643
NODE_4443_length_1858_cov_4.44925	gb_AF028812_+_392-887_ARO:3002867_dfrF	99.597	496	1	1	1298	1793	1	495	0.0	904
NODE_4749_length_1726_cov_44.5972	gb_M17124_+_1181-1982_ARO:3000498_ErmF	98.752	801	10	0	119	919	801	1	0.0	1424
NODE_4749_length_1726_cov_44.5972	gb_AF319779.2_+_32-833_ARO:3000604_Erm(35)	78.769	796	165	3	126	919	794	1	4.66e-151	531
NODE_5347_length_1512_cov_2.42073	gb_DQ303918_+_0-600_ARO:3002547_AAC(6')-Ib-cr	99.797	492	1	0	1021	1512	1	492	0.0	904
NODE_5347_length_1512_cov_2.42073	gb_U59183_+_247-859_ARO:3002581_AAC(6')-Ib10	99.583	480	2	0	1033	1512	25	504	0.0	876
NODE_5347_length_1512_cov_2.42073	gb_AF453998_+_3554-4946_ARO:3002598_ANT(3'')-Ii-AAC(6')-IId	99.375	480	3	0	1033	1512	805	1284	0.0	870
NODE_5347_length_1512_cov_2.42073	gb_Y11946.1_+_0-980_ARO:3002578_AAC(6')-Ib7	99.375	480	3	0	1033	1512	233	712	0.0	870
NODE_5347_length_1512_cov_2.42073	gb_AF043381_+_251-863_ARO:3002580_AAC(6')-Ib9	99.375	480	3	0	1033	1512	25	504	0.0	870
NODE_5347_length_1512_cov_2.42073	gb_KT736121.1_+_0-2721_ARO:3001555_OXA-368	99.160	476	4	0	1037	1512	2072	2547	0.0	857
NODE_5347_length_1512_cov_2.42073	gb_NC_025003.1_+_4171-4849_ARO:3002579_AAC(6')-Ib8	99.156	474	4	0	1039	1512	97	570	0.0	854
NODE_5347_length_1512_cov_2.42073	gb_AJ584652_+_1926-2913_ARO:3002599_AAC(6')-30/AAC(6')-Ib'	99.363	471	3	0	1042	1512	409	879	0.0	854
NODE_5347_length_1512_cov_2.42073	gb_AY660529.1_+_121-676_ARO:3003676_AAC(6')-Ib'	99.329	447	3	0	1066	1512	1	447	0.0	809
NODE_5347_length_1512_cov_2.42073	gb_FJ854362_+_1702-2257_ARO:3002576_AAC(6')-Ib3	99.329	447	3	0	1066	1512	1	447	0.0	809
NODE_5347_length_1512_cov_2.42073	gb_AF445082_+_2788-3343_ARO:3002577_AAC(6')-Ib4	99.329	447	3	0	1066	1512	1	447	0.0	809
NODE_5347_length_1512_cov_2.42073	gb_JQ808129_+_633-1188_ARO:3002546_AAC(6')-Ib	99.105	447	4	0	1066	1512	1	447	0.0	804
NODE_5347_length_1512_cov_2.42073	gb_AF355189_+_1434-2439_ARO:3002600_AAC(3)-Ib/AAC(6')-Ib''	98.879	446	5	0	1067	1512	452	897	0.0	797
NODE_5347_length_1512_cov_2.42073	gb_AY136758_+_377-947_ARO:3002582_AAC(6')-Ib11	99.095	442	4	0	1071	1512	21	462	0.0	795
NODE_5347_length_1512_cov_2.42073	gb_EU085533_+_0-519_ARO:3002591_AAC(6')-Ib-Suzhou	99.513	411	2	0	1102	1512	1	411	0.0	749
NODE_5347_length_1512_cov_2.42073	gb_KC543497.1_+_404932-405451_ARO:3002548_AAC(6')-IId	99.270	411	3	0	1102	1512	1	411	0.0	743
NODE_5347_length_1512_cov_2.42073	gb_FJ503047_+_0-519_ARO:3002592_AAC(6')-Ib-Hangzhou	99.027	411	4	0	1102	1512	1	411	0.0	737
NODE_5347_length_1512_cov_2.42073	gb_AM283489_+_2655-3174_ARO:3002585_AAC(6')-31	85.401	411	60	0	1102	1512	1	411	5.51e-120	427
NODE_8840_length_923_cov_1.22696	gb_JN420336.1_-_1399-2230_ARO:3001396_OXA-1	99.432	352	2	0	317	668	480	831	0.0	640
NODE_8840_length_923_cov_1.22696	gb_JN420336.1_-_1399-2230_ARO:3001396_OXA-1	100.000	317	0	0	1	317	119	435	5.19e-168	586
NODE_8840_length_923_cov_1.22696	gb_JN596991_+_2280-3111_ARO:3001806_OXA-224	99.148	352	3	0	317	668	480	831	0.0	634
NODE_8840_length_923_cov_1.22696	gb_JN596991_+_2280-3111_ARO:3001806_OXA-224	99.369	317	2	0	1	317	119	435	1.12e-164	575
NODE_8840_length_923_cov_1.22696	gb_KF151169_+_0-831_ARO:3001793_OXA-320	99.148	352	3	0	317	668	480	831	0.0	634
NODE_8840_length_923_cov_1.22696	gb_KF151169_+_0-831_ARO:3001793_OXA-320	100.000	317	0	0	1	317	119	435	5.19e-168	586
NODE_8840_length_923_cov_1.22696	gb_JN129451_+_1036-1867_ARO:3001399_OXA-4	99.148	352	3	0	317	668	480	831	0.0	634
NODE_8840_length_923_cov_1.22696	gb_JN129451_+_1036-1867_ARO:3001399_OXA-4	99.685	317	1	0	1	317	119	435	2.41e-166	580
NODE_8840_length_923_cov_1.22696	gb_AF294653_+_753-1584_ARO:3001425_OXA-31	99.148	352	3	0	317	668	480	831	0.0	634
NODE_8840_length_923_cov_1.22696	gb_AF294653_+_753-1584_ARO:3001425_OXA-31	99.369	317	2	0	1	317	119	435	1.12e-164	575
NODE_8840_length_923_cov_1.22696	gb_AY008291_+_0-769_ARO:3001427_OXA-33	99.102	334	3	0	317	650	435	768	1.85e-172	601
NODE_8840_length_923_cov_1.22696	gb_AY008291_+_0-769_ARO:3001427_OXA-33	99.685	317	1	0	1	317	74	390	2.41e-166	580
NODE_8840_length_923_cov_1.22696	gb_AY237830_+_0-831_ARO:3001781_OXA-47	96.591	352	12	0	317	668	480	831	1.87e-167	584
NODE_8840_length_923_cov_1.22696	gb_AY237830_+_0-831_ARO:3001781_OXA-47	97.792	317	7	0	1	317	119	435	2.45e-156	547
NODE_8840_length_923_cov_1.22696	gb_NC_019368.1_+_58200-58833_ARO:3002676_catB3	100.000	118	0	0	806	923	1	118	2.18e-57	219
NODE_9203_length_890_cov_0.989222	gb_AY044436_+_1435-2311_ARO:3001878_CTX-M-15	97.590	747	2	1	1	731	747	1	0.0	1266
NODE_9203_length_890_cov_0.989222	gb_KM211509_+_0-876_ARO:3003164_CTX-M-156	97.590	747	2	1	1	731	747	1	0.0	1266
NODE_9203_length_890_cov_0.989222	gb_KM211510_+_0-876_ARO:3003165_CTX-M-157	97.590	747	2	2	1	731	747	1	0.0	1266
NODE_9203_length_890_cov_0.989222	gb_JN227085_+_351-1227_ARO:3001977_CTX-M-117	97.590	747	2	5	1	731	747	1	0.0	1266
NODE_9203_length_890_cov_0.989222	gb_FJ873739_+_0-875_ARO:3001948_CTX-M-88	97.590	747	2	1	1	731	747	1	0.0	1266
NODE_9203_length_890_cov_0.989222	gb_EF426798_+_0-876_ARO:3001940_CTX-M-79	97.456	747	3	1	1	731	747	1	0.0	1260
NODE_9203_length_890_cov_0.989222	gb_FJ815436_+_195-1071_ARO:3001932_CTX-M-71	97.456	747	3	1	1	731	747	1	0.0	1260
NODE_9203_length_890_cov_0.989222	gb_HG423149_+_39-915_ARO:3001962_CTX-M-103	97.456	747	3	1	1	731	747	1	0.0	1260
NODE_9203_length_890_cov_0.989222	gb_Y10278_+_0-876_ARO:3001866_CTX-M-3	97.456	747	3	1	1	731	747	1	0.0	1260
NODE_9203_length_890_cov_0.989222	gb_AY238472.1_-_12-888_ARO:3001895_CTX-M-33	97.456	747	3	1	1	731	747	1	0.0	1260
NODE_9203_length_890_cov_0.989222	gb_AJ549244_+_0-876_ARO:3001890_CTX-M-28	97.456	747	3	1	1	731	747	1	0.0	1260
NODE_9203_length_890_cov_0.989222	gb_AY080894_+_3-879_ARO:3001884_CTX-M-22	97.456	747	3	1	1	731	747	1	0.0	1260
NODE_9203_length_890_cov_0.989222	gb_DQ303459_+_2174-3050_ARO:3001916_CTX-M-54	97.456	747	3	1	1	731	747	1	0.0	1260
NODE_9203_length_890_cov_0.989222	gb_KC107824_+_0-876_ARO:3001997_CTX-M-139	97.456	747	3	1	1	731	747	1	0.0	1260
NODE_9203_length_890_cov_0.989222	gb_KF240809_+_0-876_ARO:3002000_CTX-M-142	97.456	747	3	1	1	731	747	1	0.0	1260
NODE_9203_length_890_cov_0.989222	gb_DQ885477_+_0-876_ARO:3001917_CTX-M-55	97.456	747	3	1	1	731	747	1	0.0	1260
NODE_9203_length_890_cov_0.989222	gb_DQ256091_+_98-974_ARO:3001943_CTX-M-82	97.456	747	3	1	1	731	747	1	0.0	1260
NODE_9203_length_890_cov_0.989222	gb_EU402393_+_0-876_ARO:3001930_CTX-M-69	97.456	747	3	1	1	731	747	1	0.0	1260
NODE_9203_length_890_cov_0.989222	gb_HQ398214_+_249-1125_ARO:3001960_CTX-M-101	97.456	747	3	1	1	731	747	1	0.0	1260
NODE_9203_length_890_cov_0.989222	gb_DQ061159_+_346-1222_ARO:3001904_CTX-M-42	97.456	747	3	1	1	731	747	1	0.0	1260
NODE_9203_length_890_cov_0.989222	gb_KM211508_+_0-876_ARO:3003163_CTX-M-155	97.456	747	3	2	1	731	747	1	0.0	1260
NODE_9203_length_890_cov_0.989222	gb_AY847148_+_8-884_ARO:3001933_CTX-M-72	97.323	747	4	1	1	731	747	1	0.0	1254
NODE_9203_length_890_cov_0.989222	gb_KJ020573_+_274-1150_ARO:3002002_CTX-M-144	97.323	747	4	1	1	731	747	1	0.0	1254
NODE_9203_length_890_cov_0.989222	gb_EF576988_+_239-1115_ARO:3001927_CTX-M-66	97.323	747	4	1	1	731	747	1	0.0	1254
NODE_9203_length_890_cov_0.989222	gb_DQ223685_+_0-876_ARO:3001914_CTX-M-52	97.323	747	4	1	1	731	747	1	0.0	1254
NODE_9203_length_890_cov_0.989222	gb_GQ351346_+_0-876_ARO:3001974_CTX-M-114	97.323	747	4	1	1	731	747	1	0.0	1254
NODE_9203_length_890_cov_0.989222	gb_JF274248.1_-_0-865_ARO:3001969_CTX-M-109	97.315	745	4	1	1	729	745	1	0.0	1251
NODE_9203_length_890_cov_0.989222	gb_JF274245_+_0-863_ARO:3001968_CTX-M-108	97.315	745	4	1	1	729	745	1	0.0	1251
NODE_9203_length_890_cov_0.989222	gb_JF274244.1_-_0-864_ARO:3001967_CTX-M-107	97.315	745	4	1	1	729	120	864	0.0	1251
NODE_9203_length_890_cov_0.989222	gb_KC351754_+_157-1033_ARO:3001995_CTX-M-136	97.189	747	5	1	1	731	747	1	0.0	1249
NODE_9203_length_890_cov_0.989222	gb_EU202673_+_0-876_ARO:3001941_CTX-M-80	97.189	747	5	1	1	731	747	1	0.0	1249
NODE_9203_length_890_cov_0.989222	gb_AY005110_+_0-846_ARO:3001874_CTX-M-11	97.055	747	6	1	1	731	747	1	0.0	1243
NODE_9203_length_890_cov_0.989222	gb_JF966749_+_157-1033_ARO:3001976_CTX-M-116	96.921	747	7	1	1	731	747	1	0.0	1238
NODE_9203_length_890_cov_0.989222	gb_AY267213_+_0-876_ARO:3001891_CTX-M-29	96.787	747	8	1	1	731	747	1	0.0	1232
NODE_9203_length_890_cov_0.989222	gb_AJ704396_+_0-876_ARO:3001956_CTX-M-96	96.787	747	8	1	1	731	747	1	0.0	1232
NODE_9203_length_890_cov_0.989222	gb_AF305837_+_0-876_ARO:3001875_CTX-M-12	96.653	747	9	1	1	731	747	1	0.0	1227
NODE_9203_length_890_cov_0.989222	gb_EF219134_+_2125-3001_ARO:3001923_CTX-M-62	96.519	747	10	1	1	731	747	1	0.0	1221
NODE_9203_length_890_cov_0.989222	gb_AF488377_+_62-938_ARO:3001885_CTX-M-23	96.519	747	10	1	1	731	747	1	0.0	1221
NODE_9203_length_890_cov_0.989222	gb_AM411407_+_0-876_ARO:3001921_CTX-M-60	96.519	747	10	1	1	731	747	1	0.0	1221
NODE_9203_length_890_cov_0.989222	gb_AJ557142_+_0-876_ARO:3001894_CTX-M-32	96.386	747	11	1	1	731	747	1	0.0	1216
NODE_9203_length_890_cov_0.989222	gb_AB177384_+_0-876_ARO:3001898_CTX-M-36	96.386	747	11	1	1	731	747	1	0.0	1216
NODE_9203_length_890_cov_0.989222	gb_EF219142_+_10-886_ARO:3001922_CTX-M-61	96.252	747	12	1	1	731	747	1	0.0	1210
NODE_9203_length_890_cov_0.989222	gb_AY292654_+_0-876_ARO:3001892_CTX-M-30	96.252	747	12	1	1	731	747	1	0.0	1210
NODE_9203_length_890_cov_0.989222	gb_X92506_+_0-876_ARO:3001864_CTX-M-1	96.252	747	12	1	1	731	747	1	0.0	1210
NODE_9203_length_890_cov_0.989222	gb_EF210159_+_0-876_ARO:3001919_CTX-M-58	96.252	747	12	1	1	731	747	1	0.0	1210
NODE_9203_length_890_cov_0.989222	gb_KM211691_+_0-876_ARO:3003166_CTX-M-158	96.118	747	13	1	1	731	747	1	0.0	1205
NODE_9203_length_890_cov_0.989222	gb_AY649755_+_17-893_ARO:3001899_CTX-M-37	95.448	747	18	1	1	731	747	1	0.0	1177
NODE_9203_length_890_cov_0.989222	gb_AY598759_+_0-876_ARO:3001873_CTX-M-10	95.047	747	21	6	1	731	747	1	0.0	1160
NODE_9203_length_890_cov_0.989222	gb_DQ268764_+_5891-6767_ARO:3001915_CTX-M-53	95.047	747	21	6	1	731	747	1	0.0	1160
NODE_9203_length_890_cov_0.989222	gb_AY515297_+_0-876_ARO:3001896_CTX-M-34	94.913	747	22	6	1	731	747	1	0.0	1155
NODE_9203_length_890_cov_0.989222	gb_EU177100_+_4-880_ARO:3001929_CTX-M-68	94.110	747	28	6	1	731	747	1	0.0	1122
NODE_9203_length_890_cov_0.989222	gb_JX313020_+_0-876_ARO:3001991_CTX-M-132	90.654	749	50	10	1	731	747	1	0.0	977
NODE_9203_length_890_cov_0.989222	gb_JN790864_+_238-1114_ARO:3001982_CTX-M-123	87.316	749	75	10	1	731	747	1	0.0	839
NODE_9203_length_890_cov_0.989222	gb_AB284167_+_225-1101_ARO:3001925_CTX-M-64	83.600	750	101	12	1	731	747	1	0.0	684
NODE_9203_length_890_cov_0.989222	gb_AB900900_+_0-876_ARO:3001994_CTX-M-137	81.772	587	85	12	2	569	746	163	1.46e-133	472
NODE_9203_length_890_cov_0.989222	gb_AY055205_+_181-1054_ARO:3002403_OXY-2-8	72.320	625	141	20	2	602	743	127	7.72e-42	167
NODE_9203_length_890_cov_0.989222	gb_AY077488_+_161-1031_ARO:3002398_OXY-2-3	72.160	625	142	20	2	602	740	124	3.59e-40	161
NODE_9203_length_890_cov_0.989222	gb_FJ785625_+_131-1001_ARO:3002404_OXY-2-9	72.160	625	142	20	2	602	740	124	3.59e-40	161
NODE_9203_length_890_cov_0.989222	gb_AJ746227_+_94-967_ARO:3002400_OXY-2-5	72.160	625	142	23	2	602	743	127	3.59e-40	161
NODE_9203_length_890_cov_0.989222	gb_AF473577_+_0-873_ARO:3002397_OXY-2-2	72.160	625	142	20	2	602	743	127	3.59e-40	161
NODE_9203_length_890_cov_0.989222	gb_AY077485_+_183-1056_ARO:3002401_OXY-2-6	72.000	625	143	20	2	602	743	127	1.67e-38	156
NODE_9203_length_890_cov_0.989222	gb_Y17714_+_146-1016_ARO:3002399_OXY-2-4	72.000	625	143	20	2	602	740	124	1.67e-38	156
NODE_9203_length_890_cov_0.989222	gb_FJ785626_+_131-1004_ARO:3002405_OXY-2-10	72.000	625	143	20	2	602	743	127	1.67e-38	156
NODE_9203_length_890_cov_0.989222	gb_AJ871866_+_0-873_ARO:3002396_OXY-2-1	72.000	625	143	20	2	602	743	127	1.67e-38	156
NODE_9203_length_890_cov_0.989222	gb_Z49084_+_311-1184_ARO:3002402_OXY-2-7	72.000	625	143	20	2	602	743	127	1.67e-38	156
NODE_9629_length_855_cov_2.2725	gb_CP004067_+_52914-53709_ARO:3002647_APH(3')-IIIa	100.000	672	0	0	1	672	672	1	0.0	1242
NODE_10520_length_793_cov_2.89566	gb_KU736867.1_+_19653-21573_ARO:3004442_tet(W/N/W)	95.789	190	8	0	604	793	1	190	3.88e-84	307
NODE_10520_length_793_cov_2.89566	gb_EU434751_+_658-2578_ARO:3000194_tetW	95.789	190	8	0	604	793	1	190	3.88e-84	307
NODE_12150_length_712_cov_0.890411	gb_D78168_+_1591-3130_ARO:3000254_emrY	97.612	712	17	0	1	712	822	111	0.0	1221
NODE_12863_length_683_cov_1.53662	gb_Z11877.1_+_485-818_ARO:3004039_Escherichia	93.919	296	18	0	383	678	1	296	1.88e-126	448
NODE_13671_length_654_cov_1.00167	gb_U00096_+_2484373-2487967_ARO:3000833_evgS	97.290	369	10	0	286	654	1	369	2.15e-180	627
NODE_13671_length_654_cov_1.00167	gb_NC_002695_+_3211891-3212506_ARO:3000832_evgA	99.288	281	2	0	1	281	335	615	8.13e-145	508
NODE_14231_length_635_cov_1.04655	gb_NC_000913.3_-_484425-485619_ARO:3004043_Escherichia	98.583	635	9	0	1	635	917	283	0.0	1123
NODE_14261_length_635_cov_1.70862	gb_DQ838665_+_0-474_ARO:3002860_dfrA17	100.000	474	0	0	69	542	1	474	0.0	876
NODE_14261_length_635_cov_1.70862	gb_FJ854362_+_2338-2812_ARO:3002862_dfrA7	91.139	474	42	0	69	542	1	474	0.0	643
NODE_14261_length_635_cov_1.70862	gb_Y11946.1_+_0-980_ARO:3002578_AAC(6')-Ib7	98.182	55	1	0	1	55	195	249	7.27e-21	97.1
NODE_14261_length_635_cov_1.70862	gb_DQ390458_-_3095-3995_ARO:3002609_aadA9	98.182	55	1	0	1	55	8	62	7.27e-21	97.1
NODE_14261_length_635_cov_1.70862	gb_L06157_+_554-1085_ARO:3002530_AAC(3)-Ib	100.000	51	0	0	1	51	8	58	2.62e-20	95.3
NODE_15464_length_601_cov_1.3663	gb_CP004067_+_52914-53709_ARO:3002647_APH(3')-IIIa	100.000	39	0	0	563	601	795	757	1.16e-13	73.1
NODE_17555_length_550_cov_0.888889	gb_AP009048_-_4338624-4340268_ARO:3003576_eptA	96.029	277	11	0	274	550	1644	1368	1.16e-127	451
NODE_23717_length_447_cov_0.77551	gb_AF226276.1_+_3583-4207_ARO:3002682_catD	99.187	123	1	0	1	123	502	624	7.98e-59	222
NODE_23717_length_447_cov_0.77551	gb_U15027_+_0-624_ARO:3002686_catP	99.187	123	1	0	1	123	502	624	7.98e-59	222
NODE_24017_length_443_cov_0.64433	gb_FJ768952_+_0-1488_ARO:3000237_tolC	99.097	443	4	0	1	443	461	19	0.0	797
NODE_25424_length_426_cov_1.20485	gb_NC_000913.3_+_966620-968369_ARO:3003950_msbA	98.122	426	8	0	1	426	1603	1178	0.0	743
NODE_27085_length_408_cov_0.934844	gb_U00096_+_2367070-2368039_ARO:3003578_pmrF	98.529	408	6	0	1	408	953	546	0.0	721
NODE_27593_length_403_cov_0.821839	gb_NC_000913.3_+_2810769-2811300_ARO:3000516_emrR	97.778	180	4	0	224	403	1	180	1.48e-85	311
NODE_27981_length_399_cov_0.843023	gb_D78168_+_536-1592_ARO:3000206_emrK	98.190	221	4	0	179	399	1	221	2.37e-108	387
NODE_29498_length_384_cov_0.945289	gb_AP009048.1_-_4153663-4154296_ARO:3000518_CRP	98.833	257	3	0	1	257	377	633	4.76e-130	459
NODE_29773_length_382_cov_5.93578	gb_AF242872_+_2131-2878_ARO:3000375_ErmB	100.000	42	0	0	341	382	1	42	1.55e-15	78.7
NODE_31376_length_369_cov_0.796178	gb_U00096_+_3415032-3418137_ARO:3000502_acrF	89.694	359	37	0	1	359	1123	1481	4.58e-130	459
NODE_31376_length_369_cov_0.796178	gb_NC_000913.3_-_481253-484403_ARO:3000216_acrB	76.965	369	85	0	1	369	1123	1491	1.42e-55	211
NODE_32667_length_359_cov_0.628289	gb_U00096.3_-_4567286-4568519_ARO:3001214_mdtM	97.479	357	9	0	3	359	257	613	1.16e-175	610
NODE_34435_length_346_cov_1.12371	gb_D78168_+_536-1592_ARO:3000206_emrK	98.844	346	4	0	1	346	518	863	6.67e-178	617
NODE_35015_length_343_cov_0.940972	gb_U00096_+_2484373-2487967_ARO:3000833_evgS	96.501	343	12	0	1	343	818	1160	6.75e-163	568
NODE_36960_length_330_cov_0.934545	gb_NC_007779_+_3974604-3975429_ARO:3000508_gadX	96.565	262	9	0	68	329	1	262	6.86e-123	435
NODE_39255_length_318_cov_0.501901	gb_U00096_+_3415032-3418137_ARO:3000502_acrF	97.973	296	6	0	1	296	2723	2428	8.23e-147	514
NODE_39255_length_318_cov_0.501901	gb_U00096_+_3660413-3663527_ARO:3000796_mdtF	78.125	320	60	10	4	318	2717	2403	1.22e-50	195
NODE_41799_length_305_cov_0.568	gb_U00096_-_1124117-1125326_ARO:3001216_mdtH	98.689	305	4	0	1	305	870	1174	3.61e-155	542
NODE_44937_length_292_cov_0.687764	gb_U00096_+_3415032-3418137_ARO:3000502_acrF	94.774	287	15	0	6	292	1487	1773	7.73e-127	448
NODE_48422_length_279_cov_0.910714	gb_JQ740052_+_2108-3329_ARO:3000567_tet(40)	98.925	279	3	0	1	279	747	469	2.00e-142	499
NODE_48644_length_278_cov_1.33632	gb_AP009048.1_-_3980025-3981183_ARO:3000795_mdtE	98.507	134	2	0	145	278	1158	1025	1.73e-63	237
NODE_48644_length_278_cov_1.33632	gb_U00096_+_3660413-3663527_ARO:3000796_mdtF	99.167	120	1	0	1	120	120	1	2.25e-57	217
NODE_52707_length_265_cov_0.719048	gb_NC_000913.3_-_481253-484403_ARO:3000216_acrB	97.581	248	6	0	1	248	2626	2379	3.26e-120	425
NODE_53694_length_262_cov_0.690821	gb_D78168_+_1591-3130_ARO:3000254_emrY	96.183	262	10	0	1	262	1068	807	2.49e-121	429
NODE_53832_length_262_cov_1.03382	gb_JN420336.1_-_1399-2230_ARO:3001396_OXA-1	98.817	169	2	0	79	247	1	169	5.67e-83	302
NODE_53832_length_262_cov_1.03382	gb_KF151169_+_0-831_ARO:3001793_OXA-320	98.817	169	2	0	79	247	1	169	5.67e-83	302
NODE_53832_length_262_cov_1.03382	gb_AY237830_+_0-831_ARO:3001781_OXA-47	98.225	169	3	0	79	247	1	169	2.64e-81	296
NODE_53832_length_262_cov_1.03382	gb_JN129451_+_1036-1867_ARO:3001399_OXA-4	98.225	169	3	0	79	247	1	169	2.64e-81	296
NODE_53832_length_262_cov_1.03382	gb_AF294653_+_753-1584_ARO:3001425_OXA-31	98.225	169	3	0	79	247	1	169	2.64e-81	296
NODE_53832_length_262_cov_1.03382	gb_JN596991_+_2280-3111_ARO:3001806_OXA-224	97.633	169	4	0	79	247	1	169	1.23e-79	291
NODE_53832_length_262_cov_1.03382	gb_AY008291_+_0-769_ARO:3001427_OXA-33	97.581	124	3	0	124	247	1	124	2.73e-56	213
NODE_54831_length_259_cov_0.583333	gb_U00096_+_3413863-3415021_ARO:3000499_acrE	98.404	188	3	0	1	188	971	1158	7.14e-92	331
NODE_54831_length_259_cov_0.583333	gb_U00096_+_3415032-3418137_ARO:3000502_acrF	96.667	60	2	0	200	259	1	60	2.19e-22	100
NODE_55967_length_256_cov_0.9801	gb_AP009048_-_4338624-4340268_ARO:3003576_eptA	96.875	256	8	0	1	256	1309	1054	2.43e-121	429
NODE_55983_length_256_cov_0.587065	gb_U00096.3_-_4567286-4568519_ARO:3001214_mdtM	96.063	254	10	0	1	254	1140	887	6.80e-117	414
NODE_56404_length_255_cov_0.82	gb_D16251.1_-_1625-2531_ARO:3000316_mphA	100.000	255	0	0	1	255	477	223	3.96e-134	472
NODE_56439_length_255_cov_0.72	gb_NC_000913.3_+_2810769-2811300_ARO:3000516_emrR	99.123	228	2	0	28	255	531	304	8.76e-116	411
NODE_58653_length_249_cov_0.695876	gb_U00096_+_2484373-2487967_ARO:3000833_evgS	99.197	249	2	0	1	249	598	350	1.81e-127	449
NODE_59386_length_248_cov_0.704663	gb_JQ394987_+_0-1233_ARO:3001328_Escherichia	98.507	67	1	0	182	248	1233	1167	5.77e-28	119
NODE_59585_length_247_cov_0.6875	gb_NC_000913.3_+_966620-968369_ARO:3003950_msbA	98.381	247	4	0	1	247	889	643	5.02e-123	435
NODE_60705_length_245_cov_1.12632	gb_NC_007779_+_2166412-2167135_ARO:3000828_baeR	96.708	243	8	0	3	245	584	342	3.90e-114	405
NODE_61210_length_244_cov_7.5873	gb_EU434751_+_658-2578_ARO:3000194_tetW	97.175	177	5	0	68	244	1920	1744	1.89e-82	300
NODE_62350_length_241_cov_0.870968	gb_U00096_+_2484373-2487967_ARO:3000833_evgS	97.510	241	6	0	1	241	2514	2754	2.29e-116	412
NODE_63685_length_238_cov_0.688525	gb_NC_000913.3_-_484425-485619_ARO:3004043_Escherichia	100.000	52	0	0	187	238	1	52	2.59e-21	97.1
NODE_63685_length_238_cov_0.688525	gb_AJ318073.1_+_793-1990_ARO:3004041_Klebsiella	98.077	52	1	0	187	238	1	52	1.20e-19	91.6
NODE_66264_length_233_cov_0.55618	gb_U00096_+_2155262-2158385_ARO:3000793_mdtB	97.854	233	5	0	1	233	1517	1749	1.33e-113	403
NODE_67468_length_231_cov_1.01705	gb_AP009048_+_2165012-2166416_ARO:3000829_baeS	99.342	152	1	0	80	231	1	152	2.99e-75	276
NODE_67710_length_231_cov_0.880682	gb_NC_007779_+_2586250-2589364_ARO:3000491_acrD	100.000	231	0	0	1	231	1204	974	7.81e-121	427
NODE_68597_length_229_cov_0.603448	gb_U00096_+_2154015-2155263_ARO:3000792_mdtA	97.321	224	6	0	1	224	1025	1248	6.11e-107	381
NODE_72480_length_223_cov_0.922619	gb_U00096_+_3415032-3418137_ARO:3000502_acrF	98.206	223	4	0	1	223	2920	2698	9.86e-110	390
NODE_75637_length_218_cov_1.25153	gb_AP009048_-_4338624-4340268_ARO:3003576_eptA	94.340	53	3	0	16	68	53	1	6.58e-17	82.4
NODE_77372_length_216_cov_1.43478	gb_D78168_+_1591-3130_ARO:3000254_emrY	98.378	185	3	0	1	185	185	1	2.72e-90	326
NODE_77372_length_216_cov_1.43478	gb_D78168_+_536-1592_ARO:3000206_emrK	100.000	32	0	0	185	216	1056	1025	3.05e-10	60.2
NODE_79810_length_212_cov_0.859873	gb_AF226276.1_+_3583-4207_ARO:3002682_catD	100.000	211	0	0	2	212	311	101	9.33e-110	390
NODE_79810_length_212_cov_0.859873	gb_U15027_+_0-624_ARO:3002686_catP	100.000	211	0	0	2	212	311	101	9.33e-110	390
NODE_80646_length_211_cov_0.884615	gb_AF137361_+_63-852_ARO:3002605_aadA5	100.000	211	0	0	1	211	18	228	9.28e-110	390
NODE_80646_length_211_cov_0.884615	gb_AY138986_+_0-789_ARO:3002604_aadA4	92.417	211	16	0	1	211	18	228	4.47e-83	302
NODE_82440_length_209_cov_0.655844	gb_FJ768952_+_0-1488_ARO:3000237_tolC	96.651	209	7	0	1	209	830	1038	5.60e-97	348
NODE_82586_length_209_cov_0.844156	gb_U00096_+_3415032-3418137_ARO:3000502_acrF	99.522	209	1	0	1	209	992	784	5.53e-107	381
NODE_83270_length_208_cov_0.954248	gb_AP009048.1_-_4304505-4306557_ARO:3003549_mdtO	97.573	206	5	0	3	208	1523	1318	1.20e-98	353
NODE_83281_length_208_cov_0.627451	gb_NC_007779_+_1621287-1621671_ARO:3000263_marA	99.432	176	1	0	30	205	1	176	1.22e-88	320
NODE_84976_length_206_cov_0.933775	gb_NC_000913.3_+_966620-968369_ARO:3003950_msbA	97.573	206	5	0	1	206	1103	898	1.19e-98	353
NODE_85597_length_146_cov_24.1758	gb_L42817_+_201-936_ARO:3000522_ErmG	100.000	48	0	0	1	48	48	1	2.52e-19	89.8
NODE_85723_length_116_cov_143.426	gb_Z21523_+_0-1974_ARO:3000191_tetQ	100.000	55	0	0	1	55	1907	1961	2.48e-23	102
