NODE_76_length_12796_cov_19.3861	gb_AM180355_+_600033-601953_ARO:3000186_tetM	86.977	645	84	0	1	645	645	1	0.0	726
NODE_104_length_10777_cov_13.8053	gb_AP009048_+_2810082-2811255_ARO:3000027_emrA	72.093	215	55	5	3979	4190	750	962	1.66e-08	60.2
NODE_127_length_9693_cov_7.80172	gb_AP009048_+_2810082-2811255_ARO:3000027_emrA	73.303	221	54	5	3569	3786	750	968	1.49e-13	76.8
NODE_454_length_4812_cov_12.8083	gb_NC_003098.1_+_866210-867410_ARO:3000822_pmrA	92.750	1200	87	0	1062	2261	1	1200	0.0	1735
NODE_479_length_4649_cov_21.8794	gb_NC_012469.1_-_1800927-1802391_ARO:3000616_mel	100.000	1464	0	0	743	2206	1464	1	0.0	2704
NODE_479_length_4649_cov_21.8794	gb_NC_023287.1_-_65291-66509_ARO:3000615_mefA	96.962	1218	37	0	2326	3543	1218	1	0.0	2045
NODE_521_length_4443_cov_19.2302	gb_AM180355_+_600033-601953_ARO:3000186_tetM	97.351	453	12	0	1	453	1468	1920	0.0	771
NODE_802_length_3408_cov_14.0984	gb_NC_003098.1_-_1359228-1360395_ARO:3000025_patB	91.163	894	77	2	2516	3408	1167	275	0.0	1212
NODE_1955_length_1829_cov_14.8185	gb_NC_003098.1_-_1359228-1360395_ARO:3000025_patB	95.745	329	14	0	1	329	329	1	4.95e-151	531
NODE_2625_length_1459_cov_10.6766	gb_NC_003098.1_+_866210-867410_ARO:3000822_pmrA	94.192	1033	60	0	1	1033	168	1200	0.0	1576
NODE_2857_length_1367_cov_12.4215	gb_CP007593.1_+_2148923-2149772_ARO:3001301_RlmA(II)	92.558	215	16	0	1	215	635	849	1.88e-84	309
NODE_3704_length_1113_cov_19.5926	gb_CP007593.1_+_2148923-2149772_ARO:3001301_RlmA(II)	84.342	843	128	4	231	1071	1	841	0.0	822
NODE_4233_length_999_cov_13.1621	gb_NC_003098.1_-_1359228-1360395_ARO:3000025_patB	92.385	893	68	0	107	999	1167	275	0.0	1273
NODE_4239_length_997_cov_1.68365	gb_HQ652506.1_+_2099-3836_ARO:3004033_tetB(46)	75.496	1008	221	20	3	997	229	1223	5.90e-133	470
NODE_4644_length_932_cov_9.0171	gb_AM180355_+_600033-601953_ARO:3000186_tetM	94.313	932	53	0	1	932	591	1522	0.0	1428
NODE_4644_length_932_cov_9.0171	gb_L09756_+_0-1926_ARO:3000192_tetS	78.827	921	187	7	5	921	595	1511	2.40e-176	614
NODE_4645_length_932_cov_11.829	gb_AM180355_+_600033-601953_ARO:3000186_tetM	89.592	932	97	0	1	932	591	1522	0.0	1184
NODE_4645_length_932_cov_11.829	gb_L09756_+_0-1926_ARO:3000192_tetS	79.198	923	180	11	5	921	595	1511	0.0	630
NODE_4739_length_919_cov_21.0139	gb_CP007593.1_+_2148923-2149772_ARO:3001301_RlmA(II)	90.870	690	61	2	1	689	689	1	0.0	924
NODE_5130_length_866_cov_12.9088	gb_NC_003098.1_-_1359228-1360395_ARO:3000025_patB	80.384	469	88	3	400	866	1157	691	5.37e-98	353
NODE_5533_length_814_cov_15.3491	gb_CP007593.1_+_2148923-2149772_ARO:3001301_RlmA(II)	92.823	209	15	0	606	814	843	635	5.16e-83	303
NODE_7100_length_675_cov_1.87419	gb_AF235050.4_+_38028-40140_ARO:3003318_Streptomyces	86.154	65	9	0	566	630	1961	1897	4.70e-13	71.3
NODE_7241_length_665_cov_1.07377	gb_Z50108_+_238-1768_ARO:3003026_fusH	91.111	45	1	2	618	659	561	517	3.60e-09	58.4
NODE_7514_length_648_cov_1.68128	gb_HQ652506.1_+_2099-3836_ARO:3004033_tetB(46)	88.983	354	39	0	199	552	1737	1384	1.07e-123	438
NODE_8149_length_609_cov_1.29061	gb_NC_014638.1_-_1610636-1613960_ARO:3003730_Bifidobacteria	76.379	580	111	20	5	562	1877	1302	1.07e-78	289
NODE_8265_length_604_cov_7.55738	gb_NC_003098.1_-_1359228-1360395_ARO:3000025_patB	84.272	604	95	0	1	604	745	142	2.60e-169	590
NODE_8273_length_604_cov_7.39526	gb_NC_003098.1_-_1359228-1360395_ARO:3000025_patB	84.437	604	94	0	1	604	745	142	5.59e-171	595
NODE_8969_length_569_cov_12.928	gb_NC_003098.1_-_1359228-1360395_ARO:3000025_patB	85.052	194	29	0	374	567	1	194	1.73e-51	198
NODE_15103_length_389_cov_0.769461	gb_KX000272.1_+_0-1740_ARO:3004035_tetA(60)	92.545	389	29	0	1	389	804	416	4.63e-160	558
NODE_15317_length_386_cov_1.5287	gb_HQ652506.1_+_2099-3836_ARO:3004033_tetB(46)	97.409	386	10	0	1	386	788	403	0.0	658
NODE_15834_length_378_cov_5.97833	gb_NC_003098.1_+_866210-867410_ARO:3000822_pmrA	95.431	197	9	0	2	198	197	1	1.07e-86	315
NODE_21643_length_303_cov_1.85081	gb_CP007593.1_+_2148923-2149772_ARO:3001301_RlmA(II)	86.159	289	40	0	1	289	399	111	3.06e-86	313
NODE_24121_length_281_cov_1.70796	gb_CP007593.1_+_2148923-2149772_ARO:3001301_RlmA(II)	89.568	278	29	0	1	278	322	599	1.66e-98	353
NODE_24704_length_276_cov_0.705882	gb_HQ652506.1_+_373-2098_ARO:3004032_tetA(46)	94.565	276	15	0	1	276	82	357	9.48e-121	427
NODE_32094_length_233_cov_1.79775	gb_KC539823_+_1017-2586_ARO:3002829_vgaA	100.000	28	0	0	122	149	1250	1223	5.55e-08	52.8
NODE_32094_length_233_cov_1.79775	gb_DQ823382_+_0-1569_ARO:3002830_vgaALC	100.000	28	0	0	122	149	1250	1223	5.55e-08	52.8
NODE_33187_length_228_cov_0.791908	gb_HQ652506.1_+_2099-3836_ARO:3004033_tetB(46)	96.330	218	8	0	1	218	218	1	2.85e-100	359
