NODE_30_length_25187_cov_39.0882	gb_NC_003098.1_-_1359228-1360395_ARO:3000025_patB	93.540	1161	75	0	15673	16833	1161	1	0.0	1729
NODE_294_length_9033_cov_5.17532	gb_NC_003112.2_-_1791966-1795170_ARO:3000811_mtrD	81.268	3187	575	18	3631	6806	1	3176	0.0	2558
NODE_294_length_9033_cov_5.17532	gb_CP001050.1_+_1332866-1333499_ARO:3000817_mtrR	79.677	620	115	8	1490	2103	615	1	5.52e-122	436
NODE_346_length_8335_cov_30.18	gb_NC_003098.1_+_866210-867410_ARO:3000822_pmrA	91.564	889	75	0	1	889	889	1	0.0	1227
NODE_489_length_6711_cov_5.52855	gb_AY768532_+_0-1935_ARO:3000535_macB	86.458	1920	249	10	661	2576	1913	1	0.0	2095
NODE_489_length_6711_cov_5.52855	gb_AY768531_+_0-1179_ARO:3000533_macA	84.846	1102	154	11	2679	3775	1170	77	0.0	1098
NODE_500_length_6621_cov_24.475	gb_U75299_+_0-717_ARO:3002671_Lactobacillus	99.301	715	1	4	2115	2829	1	711	0.0	1290
NODE_500_length_6621_cov_24.475	gb_AB080798.1_+_2658-3309_ARO:3004455_Streptococcus	97.389	651	17	0	2115	2765	1	651	0.0	1109
NODE_619_length_5883_cov_24.3394	gb_HM990671_+_5192-6671_ARO:3003112_lsaC	94.456	1479	82	0	3672	5150	1	1479	0.0	2278
NODE_714_length_5376_cov_28.9199	gb_AF242872_+_2131-2878_ARO:3000375_ErmB	99.063	747	6	1	3951	4696	747	1	0.0	1339
NODE_775_length_5074_cov_84.424	gb_AM180355_+_600033-601953_ARO:3000186_tetM	91.719	1920	159	0	3031	4950	1	1920	0.0	2665
NODE_775_length_5074_cov_84.424	gb_L09756_+_0-1926_ARO:3000192_tetS	78.827	1927	391	15	3032	4949	2	1920	0.0	1282
NODE_1222_length_3672_cov_37.0254	gb_NC_003098.1_+_866210-867410_ARO:3000822_pmrA	92.795	458	33	0	1	458	458	1	0.0	664
NODE_1560_length_3080_cov_50.1557	gb_NC_012469.1_-_1800927-1802391_ARO:3000616_mel	100.000	1464	0	0	1605	3068	1464	1	0.0	2704
NODE_1665_length_2916_cov_49.7274	gb_CP007593.1_+_2148923-2149772_ARO:3001301_RlmA(II)	90.453	817	78	0	1	817	33	849	0.0	1077
NODE_1677_length_2905_cov_33.006	gb_NC_003098.1_-_1359228-1360395_ARO:3000025_patB	97.674	86	2	0	3	88	86	1	9.27e-36	148
NODE_2182_length_2339_cov_49.2767	gb_NC_023287.1_-_65291-66509_ARO:3000615_mefA	96.962	1218	37	0	1107	2324	1	1218	0.0	2045
NODE_3132_length_1772_cov_44.8824	gb_CP007593.1_+_2148923-2149772_ARO:3001301_RlmA(II)	89.963	817	82	0	1	817	33	849	0.0	1055
NODE_3379_length_1674_cov_1.55219	gb_U57969_+_1485-4617_ARO:3000801_MexD	81.081	333	53	10	1308	1635	951	1278	8.47e-69	257
NODE_3491_length_1636_cov_55.4219	gb_NC_003098.1_-_1359228-1360395_ARO:3000025_patB	93.122	1134	78	0	1	1134	34	1167	0.0	1663
NODE_6736_length_1000_cov_13.7862	gb_CP007593.1_+_2148923-2149772_ARO:3001301_RlmA(II)	89.467	750	77	2	4	752	101	849	0.0	946
NODE_7374_length_937_cov_62.1553	gb_NC_003098.1_+_866210-867410_ARO:3000822_pmrA	94.536	366	20	0	1	366	835	1200	6.87e-162	566
NODE_7392_length_935_cov_1.25568	gb_NC_003098.1_+_866210-867410_ARO:3000822_pmrA	78.772	782	160	4	157	935	1200	422	5.41e-148	520
NODE_10763_length_711_cov_0.91311	gb_U00096_+_2155262-2158385_ARO:3000793_mdtB	81.690	71	13	0	640	710	2297	2227	1.07e-09	60.2
NODE_12932_length_624_cov_1.18102	gb_AF235050.4_+_38028-40140_ARO:3003318_Streptomyces	86.154	65	9	0	377	441	1897	1961	4.33e-13	71.3
NODE_14169_length_584_cov_1.4707	gb_BX664015.1_-_204137-204554_ARO:3000168_tet(D)	100.000	417	0	0	61	477	1	417	0.0	771
NODE_14664_length_569_cov_1.44358	gb_CP007593.1_+_2148923-2149772_ARO:3001301_RlmA(II)	87.523	553	69	0	2	554	291	843	0.0	640
NODE_17840_length_494_cov_0.831435	gb_NC_014638.1_-_1610636-1613960_ARO:3003730_Bifidobacteria	77.515	507	92	14	4	490	1408	1912	1.11e-77	285
NODE_18249_length_486_cov_37.9629	gb_NC_003098.1_+_866210-867410_ARO:3000822_pmrA	95.473	486	22	0	1	486	404	889	0.0	776
NODE_18431_length_482_cov_2.24824	gb_M17124_+_1181-1982_ARO:3000498_ErmF	99.793	482	1	0	1	482	512	31	0.0	885
NODE_20934_length_442_cov_1.22997	gb_Z21523_+_0-1974_ARO:3000191_tetQ	97.059	442	13	0	1	442	306	747	0.0	745
NODE_24135_length_401_cov_2.74566	gb_HM990671_+_5192-6671_ARO:3003112_lsaC	90.932	397	36	0	2	398	251	647	8.05e-153	534
NODE_24928_length_392_cov_1.18398	gb_Z21523_+_0-1974_ARO:3000191_tetQ	99.235	392	3	0	1	392	748	1139	0.0	708
NODE_27918_length_365_cov_4.27419	gb_AM180355_+_600033-601953_ARO:3000186_tetM	88.889	360	40	0	6	365	688	1047	1.27e-125	444
NODE_27918_length_365_cov_4.27419	gb_L09756_+_0-1926_ARO:3000192_tetS	76.731	361	80	4	6	364	688	1046	1.09e-51	198
NODE_28193_length_362_cov_0.986971	gb_NC_002134.1_+_41537-42743_ARO:3000165_tet(A)	100.000	362	0	0	1	362	730	1091	0.0	669
NODE_28193_length_362_cov_0.986971	gb_AB089595_+_0-1206_ARO:3000166_tet(B)	99.724	362	1	0	1	362	730	1091	0.0	664
NODE_29799_length_350_cov_1.12203	gb_NC_002134.1_+_41537-42743_ARO:3000165_tet(A)	99.714	350	1	0	1	350	396	745	0.0	641
NODE_29799_length_350_cov_1.12203	gb_AB089595_+_0-1206_ARO:3000166_tet(B)	99.714	350	1	0	1	350	396	745	0.0	641
NODE_30932_length_342_cov_79.5296	gb_CP007593.1_+_2148923-2149772_ARO:3001301_RlmA(II)	98.851	87	1	0	256	342	1	87	6.21e-39	156
NODE_31185_length_340_cov_1.37895	gb_Z21523_+_0-1974_ARO:3000191_tetQ	98.525	339	5	0	1	339	1412	1750	2.37e-172	599
NODE_35419_length_315_cov_2.93462	gb_HM990671_+_5192-6671_ARO:3003112_lsaC	85.079	315	47	0	1	315	78	392	5.30e-89	322
NODE_43399_length_279_cov_1.14286	gb_AY928180_+_0-495_ARO:3002837_lnuC	99.394	165	1	0	1	165	331	495	2.18e-82	300
NODE_45010_length_273_cov_3.02294	gb_HM990671_+_5192-6671_ARO:3003112_lsaC	93.773	273	17	0	1	273	561	833	9.43e-116	411
NODE_46262_length_269_cov_0.920561	gb_AFRQ01000061.1_-_23986-27124_ARO:3004144_AxyY	82.528	269	40	6	1	267	1287	1550	2.79e-61	230
NODE_46262_length_269_cov_0.920561	gb_AB015853_+_1330-4471_ARO:3003033_mexY	82.090	268	43	4	1	267	1287	1550	1.30e-59	224
NODE_46644_length_268_cov_7.30516	gb_NC_003098.1_+_866210-867410_ARO:3000822_pmrA	94.776	268	14	0	1	268	458	191	5.53e-118	418
NODE_47399_length_265_cov_1.4	gb_M17124_+_1181-1982_ARO:3000498_ErmF	99.617	261	1	0	1	261	541	801	8.88e-136	477
NODE_48331_length_262_cov_0.956522	gb_X63451_+_0-1653_ARO:3002828_srmB	97.222	36	1	0	191	226	1500	1465	1.05e-10	62.1
NODE_50133_length_257_cov_0.782178	gb_X63451_+_0-1653_ARO:3002828_srmB	78.448	116	19	6	118	230	1465	1577	1.70e-13	71.3
NODE_58305_length_237_cov_0.664835	gb_KX000273.1_+_0-1740_ARO:3004036_tetB(60)	91.561	237	20	0	1	237	1661	1425	8.38e-91	327
NODE_60387_length_232_cov_2	gb_CP007593.1_+_2148923-2149772_ARO:3001301_RlmA(II)	86.784	227	30	0	3	229	227	1	1.41e-68	254
NODE_64184_length_225_cov_0.811765	gb_NC_003112.2_-_1795181-1796420_ARO:3000810_mtrC	80.435	184	34	2	43	225	424	606	3.98e-34	139
NODE_67995_length_218_cov_1.89571	gb_AF472622_+_52-1018_ARO:3003003_CfxA3	98.624	218	3	0	1	218	415	198	1.24e-108	387
NODE_67995_length_218_cov_1.89571	gb_AY769934_+_27-993_ARO:3003096_CfxA5	98.624	218	3	0	1	218	415	198	1.24e-108	387
NODE_67995_length_218_cov_1.89571	gb_U38243_+_149-1115_ARO:3003001_CfxA	98.624	218	3	0	1	218	415	198	1.24e-108	387
NODE_67995_length_218_cov_1.89571	gb_AY769933_+_0-966_ARO:3003005_CfxA4	98.624	218	3	0	1	218	415	198	1.24e-108	387
NODE_67995_length_218_cov_1.89571	gb_AF118110.1_-_71-1037_ARO:3003002_CfxA2	98.624	218	3	0	1	218	415	198	1.24e-108	387
NODE_67995_length_218_cov_1.89571	gb_GQ342996_+_797-1793_ARO:3003097_CfxA6	86.636	217	29	0	2	218	447	231	1.03e-64	241
NODE_68107_length_218_cov_2.3681	gb_AF472622_+_52-1018_ARO:3003003_CfxA3	100.000	218	0	0	1	218	521	738	1.24e-113	403
NODE_68107_length_218_cov_2.3681	gb_AY769934_+_27-993_ARO:3003096_CfxA5	100.000	218	0	0	1	218	521	738	1.24e-113	403
NODE_68107_length_218_cov_2.3681	gb_U38243_+_149-1115_ARO:3003001_CfxA	100.000	218	0	0	1	218	521	738	1.24e-113	403
NODE_68107_length_218_cov_2.3681	gb_AY769933_+_0-966_ARO:3003005_CfxA4	100.000	218	0	0	1	218	521	738	1.24e-113	403
NODE_68107_length_218_cov_2.3681	gb_AF118110.1_-_71-1037_ARO:3003002_CfxA2	100.000	218	0	0	1	218	521	738	1.24e-113	403
NODE_68107_length_218_cov_2.3681	gb_GQ342996_+_797-1793_ARO:3003097_CfxA6	90.741	216	20	0	3	218	556	771	3.61e-79	289
NODE_69489_length_216_cov_1.42857	gb_HM990671_+_5192-6671_ARO:3003112_lsaC	88.426	216	25	0	1	216	969	1184	7.79e-71	261
NODE_70538_length_214_cov_1.80503	gb_HM990671_+_5192-6671_ARO:3003112_lsaC	88.785	214	24	0	1	214	862	649	2.14e-71	263
NODE_72404_length_211_cov_1.94231	gb_NC_002134.1_+_41537-42743_ARO:3000165_tet(A)	99.213	127	1	0	1	127	1080	1206	2.14e-61	230
NODE_72404_length_211_cov_1.94231	gb_AB089595_+_0-1206_ARO:3000166_tet(B)	99.213	127	1	0	1	127	1080	1206	2.14e-61	230
NODE_73794_length_209_cov_0.597403	gb_KX000272.1_+_0-1740_ARO:3004035_tetA(60)	98.565	209	3	0	1	209	1610	1402	1.20e-103	370
NODE_74355_length_208_cov_1.99346	gb_AY928180_+_0-495_ARO:3002837_lnuC	96.053	76	3	0	1	76	76	1	1.02e-29	124
NODE_74906_length_207_cov_1.5	gb_HM990671_+_5192-6671_ARO:3003112_lsaC	92.754	207	15	0	1	207	869	663	1.57e-82	300
NODE_75836_length_206_cov_1.43709	gb_NC_002516.2_-_2850882-2854014_ARO:3004074_MuxB	76.433	157	29	8	26	178	1728	1576	7.99e-16	78.7
NODE_76164_length_202_cov_38.0816	gb_NC_012469.1_-_1800927-1802391_ARO:3000616_mel	100.000	43	0	0	160	202	1	43	2.17e-16	80.5
NODE_76966_length_103_cov_20.5417	gb_NC_012469.1_-_1800927-1802391_ARO:3000616_mel	100.000	43	0	0	61	103	1	43	1.00e-16	80.5
