NODE_6_length_209585_cov_23.1777	gb_AB015853_+_1330-4471_ARO:3003033_mexY	81.368	585	98	10	94252	94832	1550	973	1.63e-129	466
NODE_6_length_209585_cov_23.1777	gb_AFRQ01000061.1_-_23986-27124_ARO:3004144_AxyY	79.846	650	118	12	94230	94874	1572	931	2.11e-128	462
NODE_6_length_209585_cov_23.1777	gb_U57969_+_1485-4617_ARO:3000801_MexD	76.763	624	126	18	94248	94863	1563	951	6.20e-89	331
NODE_6_length_209585_cov_23.1777	gb_AF173226_+_3767-6917_ARO:3003052_smeB	75.926	378	74	11	92827	93197	2996	2629	8.55e-43	178
NODE_6_length_209585_cov_23.1777	gb_L11616_+_1569-4710_ARO:3000378_MexB	90.909	44	4	0	95215	95258	593	550	3.23e-07	60.2
NODE_8_length_185171_cov_29.7269	gb_X63451_+_0-1653_ARO:3002828_srmB	97.222	36	1	0	63210	63245	1500	1465	7.94e-08	62.1
NODE_12_length_159892_cov_28.5309	gb_AP006618.1_+_4835199-4838688_ARO:3000501_Nocardia	81.020	353	57	7	80431	80778	3333	2986	2.91e-71	272
NODE_17_length_120105_cov_24.5242	gb_NC_002516.2_-_2850882-2854014_ARO:3004074_MuxB	72.190	3114	714	131	58210	61253	3041	10	0.0	813
NODE_22_length_97442_cov_19.7125	gb_M80346_+_0-1656_ARO:3002817_carA	100.000	36	0	0	69351	69386	1502	1467	8.99e-10	67.6
NODE_23_length_97442_cov_19.7125	gb_M80346_+_0-1656_ARO:3002817_carA	100.000	36	0	0	28057	28092	1467	1502	8.99e-10	67.6
NODE_26_length_90369_cov_11.2758	gb_NC_000913.3_-_481253-484403_ARO:3000216_acrB	70.194	567	140	24	56057	56607	1559	1006	8.28e-15	84.2
NODE_36_length_78386_cov_30.1274	gb_X63451_+_0-1653_ARO:3002828_srmB	78.448	116	19	6	29550	29662	1577	1465	5.59e-11	71.3
NODE_41_length_75708_cov_15.4225	gb_AY768532_+_0-1935_ARO:3000535_macB	74.394	1734	396	42	54786	56498	1716	10	0.0	699
NODE_70_length_54588_cov_9.2394	gb_AP009048_+_2165012-2166416_ARO:3000829_baeS	88.889	45	5	0	47938	47982	1287	1243	1.09e-06	56.5
NODE_116_length_42460_cov_19.9186	gb_NC_003112.2_-_1791966-1795170_ARO:3000811_mtrD	84.792	3176	476	6	7786	10958	3172	1	0.0	3182
NODE_116_length_42460_cov_19.9186	gb_CP001050.1_+_1332866-1333499_ARO:3000817_mtrR	77.304	586	117	14	12508	13085	1	578	1.26e-89	331
NODE_167_length_34499_cov_33.1305	gb_AP006618.1_+_4835199-4838688_ARO:3000501_Nocardia	75.047	3210	743	48	27274	30463	3458	287	0.0	1437
NODE_172_length_33920_cov_17.4729	gb_Z21523_+_0-1974_ARO:3000191_tetQ	90.071	1974	195	1	2020	3992	1	1974	0.0	2558
NODE_339_length_23248_cov_18.6504	gb_AY768532_+_0-1935_ARO:3000535_macB	84.779	565	84	2	1	564	1370	1933	1.74e-160	566
NODE_867_length_13947_cov_9.50202	gb_NC_012469.1_-_1800927-1802391_ARO:3000616_mel	100.000	1464	0	0	8722	10185	1464	1	0.0	2704
NODE_867_length_13947_cov_9.50202	gb_NC_023287.1_-_65291-66509_ARO:3000615_mefA	96.962	1218	37	0	10305	11522	1218	1	0.0	2045
NODE_941_length_13193_cov_16.0462	gb_NC_003112.2_-_1791966-1795170_ARO:3000811_mtrD	73.681	3165	751	67	2779	5902	3124	1	0.0	1155
NODE_941_length_13193_cov_16.0462	gb_X95635_+_259-1663_ARO:3000812_mtrE	72.840	891	220	21	1259	2138	1382	503	3.09e-76	285
NODE_941_length_13193_cov_16.0462	gb_NC_000913.3_-_481253-484403_ARO:3000216_acrB	81.034	116	15	5	4337	4447	1575	1462	3.36e-16	86.1
NODE_1021_length_12588_cov_10.5729	gb_NC_003112.2_-_1791966-1795170_ARO:3000811_mtrD	82.553	3181	545	7	6887	10062	3176	1	0.0	2791
NODE_1021_length_12588_cov_10.5729	gb_CP001050.1_+_1332866-1333499_ARO:3000817_mtrR	79.383	616	124	3	11591	12204	1	615	3.58e-120	431
NODE_1380_length_10651_cov_5.28303	gb_MF095097.1_-_1855-3484_ARO:3004470_poxtA	100.000	28	0	0	6644	6671	1405	1432	2.76e-06	52.8
NODE_1541_length_9938_cov_27.8288	gb_M17124_+_1181-1982_ARO:3000498_ErmF	99.750	801	2	0	7351	8151	1	801	0.0	1469
NODE_1541_length_9938_cov_27.8288	gb_AF319779.2_+_32-833_ARO:3000604_Erm(35)	78.643	796	166	3	7351	8144	1	794	1.26e-148	525
NODE_2127_length_8200_cov_7.77778	gb_AP006618.1_+_4835199-4838688_ARO:3000501_Nocardia	73.490	2301	536	59	4263	6532	3320	1063	0.0	802
NODE_2205_length_8025_cov_4.43513	gb_AF235050.4_+_38028-40140_ARO:3003318_Streptomyces	74.572	1109	224	48	647	1729	915	1991	6.34e-121	433
NODE_2994_length_6716_cov_8.13211	gb_M80346_+_0-1656_ARO:3002817_carA	100.000	28	0	0	6414	6441	1188	1161	1.73e-06	52.8
NODE_3093_length_6579_cov_3.56484	gb_AF319779.2_+_32-833_ARO:3000604_Erm(35)	100.000	39	0	0	6541	6579	1	39	1.30e-12	73.1
NODE_3093_length_6579_cov_3.56484	gb_M17124_+_1181-1982_ARO:3000498_ErmF	100.000	39	0	0	6541	6579	1	39	1.30e-12	73.1
NODE_3548_length_6049_cov_35.1083	gb_HM990671_+_5192-6671_ARO:3003112_lsaC	90.467	1479	141	0	3831	5309	1	1479	0.0	1951
NODE_3730_length_5859_cov_25.7398	gb_AY768532_+_0-1935_ARO:3000535_macB	86.400	1897	245	11	2940	4831	1	1889	0.0	2061
NODE_3730_length_5859_cov_25.7398	gb_AY768531_+_0-1179_ARO:3000533_macA	83.189	1041	169	4	1706	2743	97	1134	0.0	948
NODE_3809_length_5772_cov_17.5517	gb_L36601_+_1420-3130_ARO:3003036_oleB	97.368	38	1	0	150	187	634	671	1.91e-10	65.8
NODE_5075_length_4832_cov_2.53611	gb_AFRQ01000061.1_-_23986-27124_ARO:3004144_AxyY	97.143	35	1	0	1815	1849	1229	1195	7.45e-09	60.2
NODE_5075_length_4832_cov_2.53611	gb_U57969_+_1485-4617_ARO:3000801_MexD	94.444	36	2	0	1815	1850	1238	1203	9.64e-08	56.5
NODE_6094_length_4270_cov_5.02562	gb_AY768532_+_0-1935_ARO:3000535_macB	74.516	1962	449	47	39	1976	1935	1	0.0	806
NODE_6624_length_4039_cov_29.989	gb_CP007593.1_+_2148923-2149772_ARO:3001301_RlmA(II)	84.342	843	128	4	2858	3698	1	841	0.0	822
NODE_6964_length_3899_cov_14.8686	gb_M80346_+_0-1656_ARO:3002817_carA	97.222	36	1	0	674	709	1503	1468	1.67e-09	62.1
NODE_8134_length_3491_cov_62.5544	gb_AP006618.1_+_4835199-4838688_ARO:3000501_Nocardia	73.248	1413	313	54	1	1385	2252	877	5.87e-128	455
NODE_8548_length_3372_cov_8.89961	gb_NC_003112.2_+_330790-332317_ARO:3003962_farB	75.848	1503	338	21	301	1792	1527	39	0.0	741
NODE_8548_length_3372_cov_8.89961	gb_NC_003112.2_+_329612-330767_ARO:3003961_farA	73.571	840	204	18	2228	3058	957	127	6.04e-83	305
NODE_8718_length_3323_cov_3.08752	gb_L36601_+_1420-3130_ARO:3003036_oleB	92.500	40	3	0	907	946	673	634	1.84e-08	58.4
NODE_8718_length_3323_cov_3.08752	gb_L36601_+_1420-3130_ARO:3003036_oleB	92.500	40	3	0	64	103	673	634	1.84e-08	58.4
NODE_8729_length_3320_cov_54.2625	gb_NC_014638.1_-_1610636-1613960_ARO:3003730_Bifidobacteria	76.408	852	173	17	907	1735	2148	1302	7.27e-122	435
NODE_9217_length_3198_cov_19.3691	gb_NC_003098.1_-_1359228-1360395_ARO:3000025_patB	83.276	1160	188	5	1385	2541	1157	1	0.0	1062
NODE_10542_length_2884_cov_6.65642	gb_AF235050.4_+_38028-40140_ARO:3003318_Streptomyces	76.010	792	149	36	12	787	1691	925	5.02e-103	372
NODE_14910_length_2168_cov_79.54	gb_AF235050.4_+_38028-40140_ARO:3003318_Streptomyces	86.154	65	9	0	119	183	1961	1897	1.54e-12	71.3
NODE_16250_length_2018_cov_2.59399	gb_AF235050.4_+_38028-40140_ARO:3003318_Streptomyces	77.612	402	84	4	1030	1428	452	54	3.70e-63	239
NODE_16250_length_2018_cov_2.59399	gb_AF235050.4_+_38028-40140_ARO:3003318_Streptomyces	75.591	381	75	15	1	372	1460	1089	3.81e-43	172
NODE_20418_length_1658_cov_20.4142	gb_AP006618.1_+_4835199-4838688_ARO:3000501_Nocardia	78.184	958	185	17	710	1658	3370	2428	7.28e-169	590
NODE_21674_length_1572_cov_8.23467	gb_AY768532_+_0-1935_ARO:3000535_macB	86.372	565	75	2	1	564	1370	1933	1.14e-176	616
NODE_21751_length_1567_cov_1.94312	gb_AJ295238.3_+_163-2083_ARO:3000196_tet32	81.044	881	149	17	685	1556	1911	1040	0.0	686
NODE_24261_length_1415_cov_21.5257	gb_AF235050.4_+_38028-40140_ARO:3003318_Streptomyces	72.199	1446	337	50	10	1415	1547	127	1.13e-106	383
NODE_25103_length_1370_cov_24.3338	gb_AP006618.1_+_4835199-4838688_ARO:3000501_Nocardia	80.594	505	92	6	728	1229	3370	2869	3.04e-107	385
NODE_27812_length_1241_cov_3.74199	gb_AY768531_+_0-1179_ARO:3000533_macA	71.484	768	203	16	482	1241	136	895	6.43e-49	191
NODE_28649_length_1206_cov_1.50043	gb_BX664015.1_-_103017-103833_ARO:3002641_APH(3')-Ia	100.000	428	0	0	779	1206	1	428	0.0	791
NODE_28665_length_1205_cov_3.48696	gb_AF118110.1_-_71-1037_ARO:3003002_CfxA2	100.000	793	0	0	1	793	174	966	0.0	1465
NODE_28665_length_1205_cov_3.48696	gb_AF472622_+_52-1018_ARO:3003003_CfxA3	99.874	793	1	0	1	793	174	966	0.0	1459
NODE_28665_length_1205_cov_3.48696	gb_AY769934_+_27-993_ARO:3003096_CfxA5	99.874	793	1	0	1	793	174	966	0.0	1459
NODE_28665_length_1205_cov_3.48696	gb_U38243_+_149-1115_ARO:3003001_CfxA	99.874	793	1	0	1	793	174	966	0.0	1459
NODE_28665_length_1205_cov_3.48696	gb_AY769933_+_0-966_ARO:3003005_CfxA4	99.874	793	1	0	1	793	174	966	0.0	1459
NODE_28665_length_1205_cov_3.48696	gb_GQ342996_+_797-1793_ARO:3003097_CfxA6	88.720	789	86	3	1	788	207	993	0.0	961
NODE_28737_length_1201_cov_26.9555	gb_AY768531_+_0-1179_ARO:3000533_macA	84.005	819	118	11	2	815	360	1170	0.0	774
NODE_28737_length_1201_cov_26.9555	gb_AY768532_+_0-1935_ARO:3000535_macB	91.986	287	23	0	913	1199	1	287	7.34e-113	403
NODE_28958_length_1193_cov_38.681	gb_AY768532_+_0-1935_ARO:3000535_macB	86.851	1194	148	8	3	1193	1422	235	0.0	1327
NODE_33431_length_1032_cov_1.54555	gb_AM180355_+_600033-601953_ARO:3000186_tetM	96.601	559	18	1	470	1028	1920	1363	0.0	926
NODE_36027_length_955_cov_2.29111	gb_AM180355_+_600033-601953_ARO:3000186_tetM	87.136	653	84	0	300	952	1	653	0.0	741
NODE_37961_length_905_cov_2.66941	gb_CP007593.1_+_2148923-2149772_ARO:3001301_RlmA(II)	90.036	552	53	2	310	860	841	291	0.0	713
NODE_40397_length_848_cov_2.66709	gb_Z21523_+_0-1974_ARO:3000191_tetQ	98.187	717	13	0	1	717	1258	1974	0.0	1253
NODE_44711_length_762_cov_13.1966	gb_AF235050.4_+_38028-40140_ARO:3003318_Streptomyces	85.965	114	16	0	649	762	68	181	1.45e-28	122
NODE_44724_length_762_cov_4.48939	gb_AF235050.4_+_38028-40140_ARO:3003318_Streptomyces	85.965	114	16	0	649	762	68	181	1.45e-28	122
NODE_47497_length_715_cov_1.13939	gb_KX000273.1_+_0-1740_ARO:3004036_tetB(60)	100.000	283	0	0	433	715	1740	1458	3.18e-149	523
NODE_48422_length_701_cov_8.67492	gb_AP006618.1_+_4835199-4838688_ARO:3000501_Nocardia	77.440	625	119	16	81	700	2605	3212	4.33e-98	353
NODE_48707_length_696_cov_2.19813	gb_AJ295238.3_+_163-2083_ARO:3000196_tet32	98.707	696	9	0	1	696	265	960	0.0	1236
NODE_48870_length_694_cov_1.53834	gb_NC_003098.1_+_866210-867410_ARO:3000822_pmrA	94.291	578	33	0	1	578	623	1200	0.0	885
NODE_49719_length_681_cov_0.945687	gb_AF242872_+_2131-2878_ARO:3000375_ErmB	99.502	602	2	1	2	602	146	747	0.0	1094
NODE_53605_length_630_cov_99.3426	gb_HM990671_+_5192-6671_ARO:3003112_lsaC	89.297	626	67	0	1	626	626	1	0.0	785
NODE_62244_length_539_cov_2.93802	gb_NC_003112.2_-_1795181-1796420_ARO:3000810_mtrC	73.511	487	125	4	54	538	905	421	1.65e-46	182
NODE_65192_length_512_cov_1.186	gb_KX000273.1_+_0-1740_ARO:3004036_tetB(60)	98.438	512	8	0	1	512	154	665	0.0	902
NODE_65999_length_506_cov_5.16186	gb_M57437_+_0-1647_ARO:3002827_tlrC	100.000	33	0	0	405	437	1468	1500	2.10e-10	62.1
NODE_70434_length_472_cov_1.06235	gb_KX000272.1_+_0-1740_ARO:3004035_tetA(60)	99.756	410	1	0	1	410	1331	1740	0.0	752
NODE_70434_length_472_cov_1.06235	gb_KX000273.1_+_0-1740_ARO:3004036_tetB(60)	96.970	66	2	0	407	472	1	66	1.91e-25	111
NODE_70730_length_470_cov_16.1928	gb_Z50108_+_238-1768_ARO:3003026_fusH	91.111	45	1	2	98	139	517	561	2.51e-09	58.4
NODE_71454_length_465_cov_2.17561	gb_NC_003098.1_+_866210-867410_ARO:3000822_pmrA	93.763	465	29	0	1	465	313	777	0.0	699
NODE_72010_length_461_cov_1.19212	gb_KX000273.1_+_0-1740_ARO:3004036_tetB(60)	84.455	431	67	0	24	454	1	431	5.85e-120	425
NODE_80615_length_410_cov_1.9662	gb_AJ295238.3_+_163-2083_ARO:3000196_tet32	78.439	269	56	2	143	410	1	268	2.07e-44	174
NODE_81456_length_406_cov_4.12821	gb_M57437_+_0-1647_ARO:3002827_tlrC	100.000	28	0	0	117	144	1164	1191	1.00e-07	52.8
NODE_83167_length_397_cov_2.09649	gb_NC_003098.1_+_866210-867410_ARO:3000822_pmrA	92.839	391	28	0	7	397	81	471	7.85e-163	568
NODE_86745_length_381_cov_1.42025	gb_NC_003098.1_+_866210-867410_ARO:3000822_pmrA	96.522	115	4	0	267	381	1	115	1.90e-49	191
NODE_91203_length_363_cov_40.513	gb_HM990671_+_5192-6671_ARO:3003112_lsaC	90.305	361	35	0	3	363	932	572	1.61e-134	473
NODE_92661_length_357_cov_1.51987	gb_AM180355_+_600033-601953_ARO:3000186_tetM	97.759	357	8	0	1	357	1205	849	2.48e-177	616
NODE_92661_length_357_cov_1.51987	gb_L09756_+_0-1926_ARO:3000192_tetS	77.311	357	81	0	1	357	1205	849	1.37e-55	211
NODE_93578_length_354_cov_0.986622	gb_KX000272.1_+_0-1740_ARO:3004035_tetA(60)	88.418	354	41	0	1	354	875	522	1.24e-120	427
NODE_94810_length_350_cov_33.5864	gb_AY768531_+_0-1179_ARO:3000533_macA	84.195	329	50	2	14	341	77	404	7.67e-88	318
NODE_104919_length_317_cov_1.20992	gb_KX000273.1_+_0-1740_ARO:3004036_tetB(60)	100.000	317	0	0	1	317	1254	938	1.71e-168	586
NODE_110056_length_303_cov_1.64113	gb_NC_000915.1_+_1249487-1250819_ARO:3003964_hp1181	100.000	303	0	0	1	303	697	999	9.90e-161	560
NODE_112535_length_297_cov_1.1405	gb_KX000272.1_+_0-1740_ARO:3004035_tetA(60)	85.185	297	44	0	1	297	1010	1306	5.01e-84	305
NODE_124039_length_272_cov_0.9447	gb_NC_000915.1_+_1249487-1250819_ARO:3003964_hp1181	99.167	120	1	0	3	122	1213	1332	2.20e-57	217
NODE_127179_length_266_cov_1.44076	gb_AF313472_+_15593-16397_ARO:3002639_APH(3'')-Ib	100.000	124	0	0	143	266	1	124	2.76e-61	230
NODE_130039_length_261_cov_1.1068	gb_CP007593.1_+_2148923-2149772_ARO:3001301_RlmA(II)	94.615	260	14	0	1	260	67	326	1.50e-113	403
NODE_131419_length_258_cov_2.80296	gb_Z21523_+_0-1974_ARO:3000191_tetQ	98.450	258	4	0	1	258	913	1170	4.04e-129	455
NODE_132542_length_256_cov_0.895522	gb_AF313472_+_15593-16397_ARO:3002639_APH(3'')-Ib	99.609	256	1	0	1	256	480	225	5.15e-133	468
NODE_135512_length_251_cov_1.16327	gb_NC_000915.1_+_1249487-1250819_ARO:3003964_hp1181	100.000	251	0	0	1	251	183	433	6.52e-132	464
NODE_135820_length_251_cov_2.40816	gb_NC_003098.1_-_1359228-1360395_ARO:3000025_patB	93.227	251	17	0	1	251	1135	885	1.46e-103	370
NODE_138377_length_247_cov_1.27083	gb_KX000272.1_+_0-1740_ARO:3004035_tetA(60)	87.449	247	31	0	1	247	155	401	5.35e-78	285
NODE_153063_length_227_cov_1.29651	gb_AF024602_+_3155-3992_ARO:3002660_APH(6)-Id	100.000	227	0	0	1	227	604	378	1.28e-118	420
NODE_154240_length_226_cov_1.5614	gb_KX000273.1_+_0-1740_ARO:3004036_tetB(60)	98.673	226	3	0	1	226	943	718	4.62e-113	401
NODE_161180_length_218_cov_0.773006	gb_NC_017452.1_-_1144673-1146068_ARO:3003953_hmrM	94.631	149	8	0	1	149	1247	1395	6.17e-62	231
NODE_167515_length_211_cov_1.08974	gb_KC539823_+_1017-2586_ARO:3002829_vgaA	100.000	28	0	0	101	128	1250	1223	4.97e-08	52.8
NODE_167515_length_211_cov_1.08974	gb_DQ823382_+_0-1569_ARO:3002830_vgaALC	100.000	28	0	0	101	128	1250	1223	4.97e-08	52.8
NODE_174205_length_186_cov_6.65649	gb_X63451_+_0-1653_ARO:3002828_srmB	97.059	34	1	0	106	139	1466	1499	9.29e-10	58.4
