NODE_73_length_70770_cov_78.3558	gb_AF472622_+_52-1018_ARO:3003003_CfxA3	99.889	903	1	0	39290	40192	966	64	0.0	1663
NODE_73_length_70770_cov_78.3558	gb_AY769933_+_0-966_ARO:3003005_CfxA4	99.779	903	2	0	39290	40192	966	64	0.0	1657
NODE_73_length_70770_cov_78.3558	gb_AF118110.1_-_71-1037_ARO:3003002_CfxA2	99.779	903	2	0	39290	40192	966	64	0.0	1657
NODE_73_length_70770_cov_78.3558	gb_AY769934_+_27-993_ARO:3003096_CfxA5	99.668	903	3	0	39290	40192	966	64	0.0	1652
NODE_73_length_70770_cov_78.3558	gb_U38243_+_149-1115_ARO:3003001_CfxA	99.668	903	3	0	39290	40192	966	64	0.0	1652
NODE_73_length_70770_cov_78.3558	gb_GQ342996_+_797-1793_ARO:3003097_CfxA6	88.765	899	98	3	39295	40192	993	97	0.0	1098
NODE_493_length_23260_cov_34.4296	gb_AF472622_+_52-1018_ARO:3003003_CfxA3	100.000	52	0	0	1	52	915	966	2.74e-19	97.1
NODE_493_length_23260_cov_34.4296	gb_AY769934_+_27-993_ARO:3003096_CfxA5	100.000	52	0	0	1	52	915	966	2.74e-19	97.1
NODE_493_length_23260_cov_34.4296	gb_U38243_+_149-1115_ARO:3003001_CfxA	100.000	52	0	0	1	52	915	966	2.74e-19	97.1
NODE_493_length_23260_cov_34.4296	gb_AY769933_+_0-966_ARO:3003005_CfxA4	100.000	52	0	0	1	52	915	966	2.74e-19	97.1
NODE_493_length_23260_cov_34.4296	gb_AF118110.1_-_71-1037_ARO:3003002_CfxA2	100.000	52	0	0	1	52	915	966	2.74e-19	97.1
NODE_658_length_19408_cov_6.19496	gb_NC_003098.1_-_1359228-1360395_ARO:3000025_patB	92.506	1161	87	0	10242	11402	1161	1	0.0	1663
NODE_1073_length_13737_cov_12.1757	gb_AP009048_+_2810082-2811255_ARO:3000027_emrA	80.909	110	21	0	3782	3891	859	968	9.73e-17	87.9
NODE_1713_length_9957_cov_81.5514	gb_Z21523_+_0-1974_ARO:3000191_tetQ	97.366	1974	52	0	2424	4397	1	1974	0.0	3358
NODE_1805_length_9563_cov_8.74411	gb_X63451_+_0-1653_ARO:3002828_srmB	97.059	34	1	0	3048	3081	1499	1466	5.32e-08	58.4
NODE_2408_length_7756_cov_127.491	gb_AM180355_+_600033-601953_ARO:3000186_tetM	92.500	1920	144	0	3991	5910	1920	1	0.0	2748
NODE_2408_length_7756_cov_127.491	gb_L09756_+_0-1926_ARO:3000192_tetS	78.412	1927	399	15	3992	5909	1920	2	0.0	1238
NODE_2882_length_6651_cov_8.1946	gb_NC_002134.1_+_41537-42743_ARO:3000165_tet(A)	99.917	1206	1	0	4159	5364	1	1206	0.0	2222
NODE_2882_length_6651_cov_8.1946	gb_AB089595_+_0-1206_ARO:3000166_tet(B)	99.751	1206	3	0	4159	5364	1	1206	0.0	2211
NODE_2882_length_6651_cov_8.1946	gb_BX664015.1_-_204137-204554_ARO:3000168_tet(D)	100.000	417	0	0	6158	6574	1	417	0.0	771
NODE_2989_length_6544_cov_24.4642	gb_AJ295238.3_+_163-2083_ARO:3000196_tet32	87.975	1921	211	19	776	2686	1911	1	0.0	2250
NODE_3571_length_5685_cov_24.0155	gb_HM990671_+_5192-6671_ARO:3003112_lsaC	94.379	765	42	1	1	764	715	1479	0.0	1173
NODE_3600_length_5643_cov_289.018	gb_NC_012469.1_-_1800927-1802391_ARO:3000616_mel	100.000	1464	0	0	2018	3481	1464	1	0.0	2704
NODE_3600_length_5643_cov_289.018	gb_NC_023287.1_-_65291-66509_ARO:3000615_mefA	96.962	1218	37	0	3601	4818	1218	1	0.0	2045
NODE_3760_length_5440_cov_17.5575	gb_KX000273.1_+_0-1740_ARO:3004036_tetB(60)	87.593	1741	214	2	2367	4106	1740	1	0.0	2017
NODE_3760_length_5440_cov_17.5575	gb_KX000272.1_+_0-1740_ARO:3004035_tetA(60)	87.827	1339	161	2	4103	5440	1740	403	0.0	1568
NODE_4434_length_4777_cov_61.3441	gb_EU434751_+_658-2578_ARO:3000194_tetW	99.948	1920	1	0	2791	4710	1	1920	0.0	3541
NODE_4434_length_4777_cov_61.3441	gb_KU736867.1_+_19653-21573_ARO:3004442_tet(W/N/W)	96.077	1912	73	2	2791	4701	1	1911	0.0	3114
NODE_4841_length_4434_cov_7.70952	gb_CP007593.1_+_2148923-2149772_ARO:3001301_RlmA(II)	88.731	843	95	0	44	886	1	843	0.0	1031
NODE_5230_length_4143_cov_71.4134	gb_HQ652506.1_+_2099-3836_ARO:3004033_tetB(46)	92.795	1721	124	0	911	2631	1	1721	0.0	2492
NODE_5230_length_4143_cov_71.4134	gb_HQ652506.1_+_373-2098_ARO:3004032_tetA(46)	94.389	909	51	0	1	909	817	1725	0.0	1397
NODE_5278_length_4108_cov_21.4777	gb_KX000273.1_+_0-1740_ARO:3004036_tetB(60)	86.248	1178	162	0	2931	4108	1740	563	0.0	1279
NODE_5851_length_3762_cov_37.7491	gb_HM990671_+_5192-6671_ARO:3003112_lsaC	93.919	1480	88	2	1492	2970	1	1479	0.0	2233
NODE_6237_length_3546_cov_14.5474	gb_KX000273.1_+_0-1740_ARO:3004036_tetB(60)	87.946	1178	142	0	1	1178	563	1740	0.0	1389
NODE_6948_length_3238_cov_32.1115	gb_AF235050.4_+_38028-40140_ARO:3003318_Streptomyces	77.225	382	79	6	2033	2410	76	453	2.80e-56	217
NODE_7243_length_3123_cov_36.0189	gb_AP006618.1_+_4835199-4838688_ARO:3000501_Nocardia	86.527	334	41	4	1569	1900	2968	3299	9.10e-101	364
NODE_7995_length_2866_cov_48.9868	gb_M18896.2_+_206-2126_ARO:3000190_tetO	98.958	1920	20	0	550	2469	1	1920	0.0	3435
NODE_7995_length_2866_cov_48.9868	gb_AJ295238.3_+_163-2083_ARO:3000196_tet32	93.863	831	51	0	1639	2469	1090	1920	0.0	1253
NODE_7995_length_2866_cov_48.9868	gb_AJ295238.3_+_163-2083_ARO:3000196_tet32	91.162	396	35	0	550	945	1	396	4.65e-153	538
NODE_9881_length_2387_cov_71.8774	gb_HQ652506.1_+_373-2098_ARO:3004032_tetA(46)	98.561	139	2	0	1	139	139	1	2.62e-65	246
NODE_11355_length_2107_cov_77.7895	gb_M17124_+_1181-1982_ARO:3000498_ErmF	99.750	801	2	0	1237	2037	1	801	0.0	1469
NODE_11355_length_2107_cov_77.7895	gb_AF319779.2_+_32-833_ARO:3000604_Erm(35)	78.643	796	166	3	1237	2030	1	794	2.65e-149	525
NODE_12430_length_1938_cov_40.7244	gb_KX000272.1_+_0-1740_ARO:3004035_tetA(60)	87.746	457	56	0	1482	1938	1	457	4.05e-152	534
NODE_13810_length_1762_cov_2.39895	gb_AF540889_+_0-327_ARO:3002871_tet37	98.649	222	3	0	1220	1441	1	222	6.52e-110	394
NODE_13901_length_1752_cov_59.1061	gb_CP007593.1_+_2148923-2149772_ARO:3001301_RlmA(II)	84.142	845	130	4	30	872	1	843	0.0	815
NODE_19104_length_1312_cov_51.825	gb_HM990671_+_5192-6671_ARO:3003112_lsaC	95.325	770	36	0	1	770	770	1	0.0	1223
NODE_21741_length_1156_cov_10.1462	gb_KX000272.1_+_0-1740_ARO:3004035_tetA(60)	93.426	1156	76	0	1	1156	1365	210	0.0	1714
NODE_22350_length_1125_cov_5.90187	gb_AM180355_+_600033-601953_ARO:3000186_tetM	98.311	888	15	0	238	1125	1	888	0.0	1557
NODE_22350_length_1125_cov_5.90187	gb_L09756_+_0-1926_ARO:3000192_tetS	77.466	892	191	9	239	1125	2	888	1.40e-149	525
NODE_23211_length_1085_cov_19.3456	gb_KX000272.1_+_0-1740_ARO:3004035_tetA(60)	95.515	1048	47	0	38	1085	1	1048	0.0	1676
NODE_24758_length_1018_cov_4.89097	gb_KX000273.1_+_0-1740_ARO:3004036_tetB(60)	87.328	1018	129	0	1	1018	653	1670	0.0	1166
NODE_26555_length_950_cov_27.3464	gb_AF024666.2_-_2207-2969_ARO:3000596_ErmX	94.802	731	37	1	1	731	730	1	0.0	1138
NODE_26824_length_940_cov_20.722	gb_AP009048_+_2810082-2811255_ARO:3000027_emrA	80.909	110	21	0	642	751	859	968	6.54e-18	87.9
NODE_27236_length_925_cov_38.5839	gb_AF024666.2_-_2207-2969_ARO:3000596_ErmX	97.701	87	2	0	1	87	676	762	8.09e-37	150
NODE_27879_length_903_cov_196.533	gb_AF472622_+_52-1018_ARO:3003003_CfxA3	100.000	900	0	0	1	900	67	966	0.0	1663
NODE_27879_length_903_cov_196.533	gb_AY769933_+_0-966_ARO:3003005_CfxA4	99.889	900	1	0	1	900	67	966	0.0	1657
NODE_27879_length_903_cov_196.533	gb_AF118110.1_-_71-1037_ARO:3003002_CfxA2	99.889	900	1	0	1	900	67	966	0.0	1657
NODE_27879_length_903_cov_196.533	gb_AY769934_+_27-993_ARO:3003096_CfxA5	99.778	900	2	0	1	900	67	966	0.0	1652
NODE_27879_length_903_cov_196.533	gb_U38243_+_149-1115_ARO:3003001_CfxA	99.778	900	2	0	1	900	67	966	0.0	1652
NODE_27879_length_903_cov_196.533	gb_GQ342996_+_797-1793_ARO:3003097_CfxA6	88.839	896	97	3	1	895	100	993	0.0	1098
NODE_31842_length_787_cov_27.1161	gb_HQ652506.1_+_373-2098_ARO:3004032_tetA(46)	95.044	787	39	0	1	787	85	871	0.0	1238
NODE_39742_length_628_cov_20.1466	gb_KX000272.1_+_0-1740_ARO:3004035_tetA(60)	88.995	627	67	2	3	628	1619	994	0.0	774
NODE_40471_length_617_cov_28.4502	gb_CP007593.1_+_2148923-2149772_ARO:3001301_RlmA(II)	83.843	458	74	0	160	617	842	385	3.66e-123	436
NODE_41396_length_603_cov_7.23175	gb_AF024666.2_-_2207-2969_ARO:3000596_ErmX	100.000	301	0	0	303	603	1	301	2.63e-159	556
NODE_41605_length_600_cov_22.189	gb_KX000273.1_+_0-1740_ARO:3004036_tetB(60)	83.833	600	97	0	1	600	617	18	9.35e-164	571
NODE_42449_length_588_cov_37.0544	gb_CP007593.1_+_2148923-2149772_ARO:3001301_RlmA(II)	83.900	441	67	4	1	439	439	1	1.26e-117	418
NODE_43203_length_577_cov_3.68391	gb_CP007593.1_+_2148923-2149772_ARO:3001301_RlmA(II)	85.661	537	77	0	1	537	313	849	4.18e-162	566
NODE_47225_length_526_cov_3.9172	gb_AM180355_+_600033-601953_ARO:3000186_tetM	98.834	343	4	0	184	526	1911	1569	4.80e-176	612
NODE_50178_length_494_cov_7.33713	gb_AF024666.2_-_2207-2969_ARO:3000596_ErmX	100.000	53	0	0	442	494	762	710	1.56e-21	99.0
NODE_53328_length_464_cov_0.92665	gb_NC_003098.1_+_866210-867410_ARO:3000822_pmrA	97.333	75	2	0	390	464	1	75	1.86e-30	128
NODE_54183_length_457_cov_2.19154	gb_NC_003098.1_-_1359228-1360395_ARO:3000025_patB	87.473	455	53	3	1	453	342	794	7.19e-149	521
NODE_54262_length_456_cov_10.3865	gb_CP007593.1_+_2148923-2149772_ARO:3001301_RlmA(II)	83.333	444	64	8	1	439	439	1	9.75e-113	401
NODE_61566_length_402_cov_0.619597	gb_NC_003098.1_+_866210-867410_ARO:3000822_pmrA	95.522	402	18	0	1	402	1175	774	0.0	643
NODE_64371_length_386_cov_40.7069	gb_HQ652506.1_+_373-2098_ARO:3004032_tetA(46)	95.855	386	16	0	1	386	758	373	4.46e-180	625
NODE_67087_length_371_cov_1.3481	gb_NC_003098.1_+_866210-867410_ARO:3000822_pmrA	96.765	371	12	0	1	371	395	765	1.99e-178	619
NODE_68954_length_362_cov_22.9218	gb_KX000272.1_+_0-1740_ARO:3004035_tetA(60)	97.238	362	10	0	1	362	487	848	9.06e-177	614
NODE_70706_length_353_cov_1.79195	gb_AF242872_+_2131-2878_ARO:3000375_ErmB	99.150	353	3	0	1	353	57	409	0.0	636
NODE_71924_length_348_cov_11.7918	gb_KX000272.1_+_0-1740_ARO:3004035_tetA(60)	90.523	306	29	0	6	311	306	1	5.69e-114	405
NODE_73008_length_343_cov_20.4514	gb_HQ652506.1_+_373-2098_ARO:3004032_tetA(46)	94.752	343	18	0	1	343	427	85	6.85e-153	534
NODE_73807_length_339_cov_1.58803	gb_CP007593.1_+_2148923-2149772_ARO:3001301_RlmA(II)	85.809	303	43	0	1	303	541	843	5.73e-89	322
NODE_81271_length_309_cov_1.27165	gb_AF242872_+_2131-2878_ARO:3000375_ErmB	98.039	102	1	1	209	309	747	646	4.28e-45	176
NODE_82381_length_305_cov_1.064	gb_NC_017452.1_-_1144673-1146068_ARO:3003953_hmrM	88.779	303	34	0	1	303	654	956	5.01e-104	372
NODE_86585_length_291_cov_1.77119	gb_AF242872_+_2131-2878_ARO:3000375_ErmB	100.000	69	0	0	223	291	1	69	1.14e-30	128
NODE_89712_length_282_cov_1.96916	gb_HQ652506.1_+_2099-3836_ARO:3004033_tetB(46)	93.950	281	17	0	1	281	332	52	3.49e-120	425
NODE_92800_length_273_cov_3.2156	gb_KX000272.1_+_0-1740_ARO:3004035_tetA(60)	89.888	267	27	0	7	273	1244	978	9.70e-96	344
NODE_93669_length_271_cov_5.09722	gb_NC_003098.1_-_1359228-1360395_ARO:3000025_patB	83.193	238	40	0	27	264	650	413	6.09e-58	219
NODE_96222_length_264_cov_3.14354	gb_KX000273.1_+_0-1740_ARO:3004036_tetB(60)	87.549	257	32	0	6	262	1060	1316	7.39e-82	298
NODE_98221_length_259_cov_2.20588	gb_HQ652506.1_+_2099-3836_ARO:3004033_tetB(46)	85.992	257	36	0	1	257	1394	1138	3.39e-75	276
NODE_100099_length_255_cov_9.275	gb_KX000272.1_+_0-1740_ARO:3004035_tetA(60)	95.294	255	12	0	1	255	794	1048	4.08e-114	405
NODE_103417_length_248_cov_1.16062	gb_NC_003098.1_+_866210-867410_ARO:3000822_pmrA	91.903	247	19	1	1	247	700	455	8.75e-96	344
NODE_106707_length_242_cov_43.107	gb_KX000273.1_+_0-1740_ARO:3004036_tetB(60)	95.833	72	3	0	1	72	72	1	2.02e-27	117
NODE_110088_length_236_cov_0.955801	gb_CP007593.1_+_2148923-2149772_ARO:3001301_RlmA(II)	92.035	226	18	0	6	231	335	110	5.02e-88	318
NODE_112715_length_231_cov_1.90341	gb_KX000273.1_+_0-1740_ARO:3004036_tetB(60)	87.879	231	28	0	1	231	1523	1293	3.87e-74	272
NODE_116588_length_225_cov_13.5118	gb_KX000272.1_+_0-1740_ARO:3004035_tetA(60)	92.444	225	17	0	1	225	317	541	3.68e-89	322
NODE_121626_length_217_cov_1.66667	gb_NC_003098.1_-_1359228-1360395_ARO:3000025_patB	93.750	176	11	0	3	178	176	1	6.05e-72	265
NODE_121651_length_217_cov_2.95679	gb_CP007593.1_+_2148923-2149772_ARO:3001301_RlmA(II)	92.661	218	14	2	1	217	750	534	2.13e-86	313
NODE_122738_length_215_cov_0.91875	gb_CP007593.1_+_2148923-2149772_ARO:3001301_RlmA(II)	93.427	213	13	1	4	215	815	603	5.86e-87	315
NODE_125602_length_211_cov_1.58333	gb_Z21523_+_0-1974_ARO:3000191_tetQ	90.995	211	19	0	1	211	1833	1623	4.50e-78	285
NODE_127175_length_209_cov_1.52597	gb_NC_003098.1_+_866210-867410_ARO:3000822_pmrA	90.821	207	19	0	3	209	539	745	7.46e-76	278
NODE_129823_length_202_cov_57.6599	gb_AF472622_+_52-1018_ARO:3003003_CfxA3	100.000	121	0	0	1	121	121	1	9.49e-60	224
NODE_129823_length_202_cov_57.6599	gb_AY769934_+_27-993_ARO:3003096_CfxA5	100.000	121	0	0	1	121	121	1	9.49e-60	224
NODE_129823_length_202_cov_57.6599	gb_U38243_+_149-1115_ARO:3003001_CfxA	100.000	121	0	0	1	121	121	1	9.49e-60	224
NODE_129823_length_202_cov_57.6599	gb_AY769933_+_0-966_ARO:3003005_CfxA4	100.000	121	0	0	1	121	121	1	9.49e-60	224
NODE_129823_length_202_cov_57.6599	gb_AF118110.1_-_71-1037_ARO:3003002_CfxA2	100.000	121	0	0	1	121	121	1	9.49e-60	224
NODE_129852_length_201_cov_20.0137	gb_KX000272.1_+_0-1740_ARO:3004035_tetA(60)	89.055	201	22	0	1	201	457	257	1.56e-67	250
NODE_131104_length_185_cov_16.1077	gb_HM990671_+_5192-6671_ARO:3003112_lsaC	96.842	95	3	0	1	95	1385	1479	2.46e-40	159
NODE_132551_length_168_cov_51.3717	gb_HQ652506.1_+_373-2098_ARO:3004032_tetA(46)	92.771	166	12	0	3	168	706	871	7.72e-65	241
NODE_133762_length_156_cov_9.43564	gb_HQ652506.1_+_373-2098_ARO:3004032_tetA(46)	92.308	156	12	0	1	156	716	871	2.57e-59	222
NODE_134990_length_144_cov_3.14607	gb_KX000272.1_+_0-1740_ARO:3004035_tetA(60)	97.917	144	3	0	1	144	382	239	1.08e-67	250
NODE_135376_length_140_cov_16.5059	gb_HM990671_+_5192-6671_ARO:3003112_lsaC	91.241	137	12	0	2	138	824	960	8.29e-49	187
NODE_136460_length_130_cov_29.6933	gb_AF472622_+_52-1018_ARO:3003003_CfxA3	100.000	52	0	0	1	52	915	966	1.32e-21	97.1
NODE_136460_length_130_cov_29.6933	gb_AY769934_+_27-993_ARO:3003096_CfxA5	100.000	52	0	0	1	52	915	966	1.32e-21	97.1
NODE_136460_length_130_cov_29.6933	gb_U38243_+_149-1115_ARO:3003001_CfxA	100.000	52	0	0	1	52	915	966	1.32e-21	97.1
NODE_136460_length_130_cov_29.6933	gb_AY769933_+_0-966_ARO:3003005_CfxA4	100.000	52	0	0	1	52	915	966	1.32e-21	97.1
NODE_136460_length_130_cov_29.6933	gb_AF118110.1_-_71-1037_ARO:3003002_CfxA2	100.000	52	0	0	1	52	915	966	1.32e-21	97.1
NODE_140044_length_108_cov_9.49057	gb_AF024666.2_-_2207-2969_ARO:3000596_ErmX	98.182	55	1	0	1	55	676	730	1.06e-21	97.1
NODE_146106_length_75_cov_2.95	gb_HQ652506.1_+_373-2098_ARO:3004032_tetA(46)	94.667	75	4	0	1	75	716	790	5.20e-28	117
NODE_147954_length_67_cov_17.6667	gb_HQ652506.1_+_373-2098_ARO:3004032_tetA(46)	93.846	65	4	0	3	67	706	770	1.62e-22	99.0
