NODE_60_length_11484_cov_4.25724	gb_M18896.2_+_206-2126_ARO:3000190_tetO	99.792	1920	4	0	1186	3105	1	1920	0.0	3524
NODE_60_length_11484_cov_4.25724	gb_AJ295238.3_+_163-2083_ARO:3000196_tet32	94.465	831	46	0	2275	3105	1090	1920	0.0	1280
NODE_60_length_11484_cov_4.25724	gb_AJ295238.3_+_163-2083_ARO:3000196_tet32	91.919	396	32	0	1186	1581	1	396	1.86e-157	555
NODE_69_length_9916_cov_15.4939	gb_AF242872_+_2131-2878_ARO:3000375_ErmB	99.465	747	3	1	8492	9237	747	1	0.0	1356
NODE_96_length_7437_cov_12.6368	gb_NC_012469.1_-_1800927-1802391_ARO:3000616_mel	100.000	1464	0	0	3454	4917	1464	1	0.0	2704
NODE_96_length_7437_cov_12.6368	gb_NC_023287.1_-_65291-66509_ARO:3000615_mefA	96.962	1218	37	0	5037	6254	1218	1	0.0	2045
NODE_129_length_6248_cov_30.9051	gb_NC_003098.1_-_1359228-1360395_ARO:3000025_patB	92.593	1161	86	0	319	1479	1	1161	0.0	1668
NODE_251_length_4032_cov_11.4209	gb_CP007593.1_+_2148923-2149772_ARO:3001301_RlmA(II)	90.972	144	13	0	1	144	698	841	1.63e-49	195
NODE_748_length_1919_cov_17.9464	gb_AM180355_+_600033-601953_ARO:3000186_tetM	92.269	1591	123	0	329	1919	1	1591	0.0	2257
NODE_748_length_1919_cov_17.9464	gb_L09756_+_0-1926_ARO:3000192_tetS	78.413	1575	326	12	330	1897	2	1569	0.0	1013
NODE_810_length_1814_cov_26.7692	gb_NC_003098.1_+_866210-867410_ARO:3000822_pmrA	94.333	1200	68	0	18	1217	1200	1	0.0	1840
NODE_884_length_1708_cov_19.199	gb_CP007593.1_+_2148923-2149772_ARO:3001301_RlmA(II)	90.453	817	78	0	892	1708	849	33	0.0	1077
NODE_962_length_1627_cov_29.0433	gb_NC_003098.1_-_1359228-1360395_ARO:3000025_patB	94.002	1167	70	0	319	1485	1	1167	0.0	1768
NODE_1391_length_1238_cov_35.5554	gb_NC_003098.1_+_866210-867410_ARO:3000822_pmrA	93.811	824	51	0	415	1238	1	824	0.0	1240
NODE_1709_length_1063_cov_19.3879	gb_CP007593.1_+_2148923-2149772_ARO:3001301_RlmA(II)	90.824	850	76	2	2	850	1	849	0.0	1136
NODE_1710_length_1063_cov_19.0079	gb_CP007593.1_+_2148923-2149772_ARO:3001301_RlmA(II)	89.801	853	79	7	214	1062	849	1	0.0	1086
NODE_1802_length_1030_cov_29.5046	gb_CP007593.1_+_2148923-2149772_ARO:3001301_RlmA(II)	89.976	818	80	2	1	817	33	849	0.0	1055
NODE_2117_length_929_cov_52.516	gb_NC_003098.1_+_866210-867410_ARO:3000822_pmrA	100.000	38	0	0	892	929	1200	1163	6.51e-13	71.3
NODE_2377_length_866_cov_17.9075	gb_AM180355_+_600033-601953_ARO:3000186_tetM	96.875	384	12	0	483	866	1920	1537	0.0	643
NODE_2714_length_794_cov_1.62382	gb_M17124_+_1181-1982_ARO:3000498_ErmF	100.000	113	0	0	1	113	689	801	1.13e-54	209
NODE_2722_length_792_cov_5.31615	gb_AM180355_+_600033-601953_ARO:3000186_tetM	90.909	792	72	0	1	792	800	1591	0.0	1064
NODE_2722_length_792_cov_5.31615	gb_L09756_+_0-1926_ARO:3000192_tetS	81.088	772	142	4	1	770	800	1569	2.04e-176	614
NODE_2916_length_757_cov_1.82621	gb_EU434751_+_658-2578_ARO:3000194_tetW	100.000	726	0	0	32	757	1920	1195	0.0	1341
NODE_2916_length_757_cov_1.82621	gb_KU736867.1_+_19653-21573_ARO:3004442_tet(W/N/W)	95.961	718	27	2	41	757	1911	1195	0.0	1164
NODE_3921_length_639_cov_7.22432	gb_NC_003098.1_+_866210-867410_ARO:3000822_pmrA	94.969	159	8	0	18	176	1200	1042	5.31e-67	250
NODE_4145_length_619_cov_1.32447	gb_Z21523_+_0-1974_ARO:3000191_tetQ	98.088	523	10	0	1	523	523	1	0.0	911
NODE_4486_length_592_cov_1.43017	gb_EU434751_+_658-2578_ARO:3000194_tetW	97.436	585	15	0	8	592	1266	682	0.0	998
NODE_4486_length_592_cov_1.43017	gb_KU736867.1_+_19653-21573_ARO:3004442_tet(W/N/W)	92.479	585	44	0	8	592	1266	682	0.0	837
NODE_7525_length_448_cov_23.4249	gb_NC_003098.1_+_866210-867410_ARO:3000822_pmrA	94.896	431	22	0	1	431	770	1200	0.0	675
NODE_8456_length_422_cov_1.65123	gb_KC539823_+_1017-2586_ARO:3002829_vgaA	100.000	28	0	0	107	134	1223	1250	1.04e-07	52.8
NODE_8456_length_422_cov_1.65123	gb_DQ823382_+_0-1569_ARO:3002830_vgaALC	100.000	28	0	0	107	134	1223	1250	1.04e-07	52.8
NODE_11514_length_363_cov_1.64935	gb_EU434751_+_658-2578_ARO:3000194_tetW	100.000	363	0	0	1	363	402	764	0.0	671
NODE_11514_length_363_cov_1.64935	gb_KU736867.1_+_19653-21573_ARO:3004442_tet(W/N/W)	99.174	363	3	0	1	363	402	764	0.0	654
NODE_13036_length_343_cov_1.62847	gb_Z21523_+_0-1974_ARO:3000191_tetQ	97.668	343	8	0	1	343	1029	1371	1.44e-169	590
NODE_15232_length_318_cov_1.52852	gb_AF118110.1_-_71-1037_ARO:3003002_CfxA2	100.000	194	0	0	125	318	966	773	4.08e-100	359
NODE_15232_length_318_cov_1.52852	gb_AF472622_+_52-1018_ARO:3003003_CfxA3	99.485	194	1	0	125	318	966	773	1.90e-98	353
NODE_15232_length_318_cov_1.52852	gb_AY769934_+_27-993_ARO:3003096_CfxA5	99.485	194	1	0	125	318	966	773	1.90e-98	353
NODE_15232_length_318_cov_1.52852	gb_U38243_+_149-1115_ARO:3003001_CfxA	99.485	194	1	0	125	318	966	773	1.90e-98	353
NODE_15232_length_318_cov_1.52852	gb_AY769933_+_0-966_ARO:3003005_CfxA4	99.485	194	1	0	125	318	966	773	1.90e-98	353
NODE_15232_length_318_cov_1.52852	gb_GQ342996_+_797-1793_ARO:3003097_CfxA6	91.053	190	14	3	130	318	993	806	1.98e-68	254
NODE_15546_length_315_cov_12.7923	gb_NC_003098.1_-_1359228-1360395_ARO:3000025_patB	91.429	315	27	0	1	315	596	910	2.35e-122	433
NODE_17231_length_299_cov_3.42213	gb_NC_003098.1_+_866210-867410_ARO:3000822_pmrA	93.197	294	20	0	1	294	951	658	2.22e-122	433
NODE_18636_length_289_cov_2.46581	gb_NC_003098.1_+_866210-867410_ARO:3000822_pmrA	94.118	289	17	0	1	289	770	1058	1.28e-124	440
NODE_18748_length_288_cov_1.55365	gb_EU434751_+_658-2578_ARO:3000194_tetW	100.000	51	0	0	238	288	1920	1870	1.14e-20	95.3
NODE_20238_length_278_cov_1.54709	gb_NC_003098.1_+_866210-867410_ARO:3000822_pmrA	92.754	276	20	0	1	276	585	310	2.08e-112	399
NODE_22427_length_265_cov_7.67619	gb_CP007593.1_+_2148923-2149772_ARO:3001301_RlmA(II)	90.458	262	25	0	4	265	299	38	2.61e-96	346
NODE_22824_length_263_cov_5.12019	gb_NC_003098.1_+_866210-867410_ARO:3000822_pmrA	91.154	260	23	0	1	260	445	704	1.55e-98	353
NODE_25015_length_252_cov_0.832487	gb_AF235050.4_+_38028-40140_ARO:3003318_Streptomyces	86.154	65	9	0	148	212	1961	1897	1.67e-13	71.3
NODE_28444_length_238_cov_2.08743	gb_KU736867.1_+_19653-21573_ARO:3004442_tet(W/N/W)	96.218	238	8	1	1	238	438	202	3.81e-109	388
NODE_28444_length_238_cov_2.08743	gb_EU434751_+_658-2578_ARO:3000194_tetW	95.798	238	9	1	1	238	438	202	1.77e-107	383
NODE_29066_length_236_cov_75.2762	gb_CP007593.1_+_2148923-2149772_ARO:3001301_RlmA(II)	98.851	87	1	0	150	236	1	87	4.17e-39	156
NODE_36661_length_212_cov_1.89809	gb_NC_017452.1_-_1144673-1146068_ARO:3003953_hmrM	93.839	211	13	0	2	212	472	682	4.46e-88	318
