NODE_72_length_13708_cov_7.09426	gb_NC_017452.1_-_1144673-1146068_ARO:3003953_hmrM	90.896	1395	127	0	1006	2400	1	1395	0.0	1873
NODE_89_length_12637_cov_18.8311	gb_M18896.2_+_206-2126_ARO:3000190_tetO	99.792	1920	4	0	1150	3069	1	1920	0.0	3524
NODE_89_length_12637_cov_18.8311	gb_AJ295238.3_+_163-2083_ARO:3000196_tet32	94.465	831	46	0	2239	3069	1090	1920	0.0	1280
NODE_89_length_12637_cov_18.8311	gb_AJ295238.3_+_163-2083_ARO:3000196_tet32	91.919	396	32	0	1150	1545	1	396	2.04e-157	555
NODE_137_length_10562_cov_41.0483	gb_NC_003098.1_-_1359228-1360395_ARO:3000025_patB	93.368	1161	77	0	1989	3149	1	1161	0.0	1718
NODE_250_length_7463_cov_4.77754	gb_AP009048_+_2810082-2811255_ARO:3000027_emrA	74.661	221	51	5	6284	6501	968	750	1.14e-18	93.5
NODE_325_length_6376_cov_33.4015	gb_NC_003098.1_+_866210-867410_ARO:3000822_pmrA	92.308	442	34	0	1	442	442	1	5.98e-180	628
NODE_524_length_4786_cov_99.4961	gb_NC_012469.1_-_1800927-1802391_ARO:3000616_mel	100.000	1464	0	0	1664	3127	1	1464	0.0	2704
NODE_524_length_4786_cov_99.4961	gb_NC_023287.1_-_65291-66509_ARO:3000615_mefA	96.962	1218	37	0	426	1643	1	1218	0.0	2045
NODE_634_length_4249_cov_2.08751	gb_AF118110.1_-_71-1037_ARO:3003002_CfxA2	100.000	222	0	0	1	222	745	966	1.57e-114	411
NODE_634_length_4249_cov_2.08751	gb_AF472622_+_52-1018_ARO:3003003_CfxA3	99.550	222	1	0	1	222	745	966	7.31e-113	405
NODE_634_length_4249_cov_2.08751	gb_AY769934_+_27-993_ARO:3003096_CfxA5	99.550	222	1	0	1	222	745	966	7.31e-113	405
NODE_634_length_4249_cov_2.08751	gb_U38243_+_149-1115_ARO:3003001_CfxA	99.550	222	1	0	1	222	745	966	7.31e-113	405
NODE_634_length_4249_cov_2.08751	gb_AY769933_+_0-966_ARO:3003005_CfxA4	99.550	222	1	0	1	222	745	966	7.31e-113	405
NODE_634_length_4249_cov_2.08751	gb_GQ342996_+_797-1793_ARO:3003097_CfxA6	90.826	218	17	3	1	217	778	993	7.68e-78	289
NODE_672_length_4038_cov_8.51117	gb_AM180355_+_600033-601953_ARO:3000186_tetM	88.591	1008	115	0	3031	4038	1	1008	0.0	1225
NODE_672_length_4038_cov_8.51117	gb_L09756_+_0-1926_ARO:3000192_tetS	76.726	1014	222	12	3032	4038	2	1008	2.34e-157	553
NODE_806_length_3621_cov_35.8738	gb_NC_003098.1_-_1359228-1360395_ARO:3000025_patB	93.109	1161	80	0	253	1413	1161	1	0.0	1701
NODE_1017_length_3082_cov_64.3984	gb_CP007593.1_+_2148923-2149772_ARO:3001301_RlmA(II)	91.795	841	69	0	132	972	1	841	0.0	1171
NODE_1522_length_2432_cov_2.49516	gb_NC_003112.2_+_329612-330767_ARO:3003961_farA	73.341	919	221	22	1334	2240	1033	127	5.58e-87	318
NODE_2280_length_1863_cov_3.12721	gb_NC_003112.2_-_1791966-1795170_ARO:3000811_mtrD	81.711	1870	326	11	1	1862	2774	913	0.0	1544
NODE_2346_length_1825_cov_24.2311	gb_CP007593.1_+_2148923-2149772_ARO:3001301_RlmA(II)	91.059	850	74	2	132	980	1	849	0.0	1147
NODE_3121_length_1496_cov_48.3532	gb_NC_003098.1_-_1359228-1360395_ARO:3000025_patB	90.726	992	92	0	1	992	992	1	0.0	1323
NODE_3732_length_1338_cov_62.2003	gb_NC_003098.1_+_866210-867410_ARO:3000822_pmrA	96.032	504	20	0	1	504	697	1200	0.0	821
NODE_3813_length_1323_cov_41.0852	gb_CP007593.1_+_2148923-2149772_ARO:3001301_RlmA(II)	90.106	849	84	0	238	1086	1	849	0.0	1103
NODE_4125_length_1257_cov_44.1065	gb_NC_003098.1_+_866210-867410_ARO:3000822_pmrA	92.943	751	53	0	507	1257	1	751	0.0	1094
NODE_7133_length_883_cov_2.63164	gb_AF472622_+_52-1018_ARO:3003003_CfxA3	100.000	829	0	0	55	883	1	829	0.0	1531
NODE_7133_length_883_cov_2.63164	gb_U38243_+_149-1115_ARO:3003001_CfxA	99.879	829	1	0	55	883	1	829	0.0	1526
NODE_7133_length_883_cov_2.63164	gb_AY769933_+_0-966_ARO:3003005_CfxA4	99.879	829	1	0	55	883	1	829	0.0	1526
NODE_7133_length_883_cov_2.63164	gb_AF118110.1_-_71-1037_ARO:3003002_CfxA2	99.879	829	1	0	55	883	1	829	0.0	1526
NODE_7133_length_883_cov_2.63164	gb_AY769934_+_27-993_ARO:3003096_CfxA5	99.759	829	2	0	55	883	1	829	0.0	1520
NODE_7133_length_883_cov_2.63164	gb_GQ342996_+_797-1793_ARO:3003097_CfxA6	88.956	833	92	0	51	883	30	862	0.0	1029
NODE_7283_length_872_cov_1.34149	gb_Z21523_+_0-1974_ARO:3000191_tetQ	95.710	373	15	1	1	372	1602	1974	6.29e-172	599
NODE_7797_length_833_cov_7.15681	gb_CP007593.1_+_2148923-2149772_ARO:3001301_RlmA(II)	89.543	832	79	7	1	828	828	1	0.0	1048
NODE_8770_length_775_cov_2.49167	gb_AY768531_+_0-1179_ARO:3000533_macA	85.352	710	91	11	71	775	1170	469	0.0	723
NODE_8996_length_763_cov_6.90113	gb_AM180355_+_600033-601953_ARO:3000186_tetM	95.419	633	29	0	1	633	1288	1920	0.0	1009
NODE_8996_length_763_cov_6.90113	gb_L09756_+_0-1926_ARO:3000192_tetS	82.911	632	105	3	3	632	1290	1920	5.57e-162	566
NODE_9236_length_750_cov_1.76259	gb_HM990671_+_5192-6671_ARO:3003112_lsaC	91.231	707	62	0	1	707	773	1479	0.0	963
NODE_10203_length_706_cov_1.76959	gb_AY768532_+_0-1935_ARO:3000535_macB	83.150	635	105	2	73	706	1935	1302	6.61e-166	579
NODE_12073_length_635_cov_1.79655	gb_HM990671_+_5192-6671_ARO:3003112_lsaC	94.675	169	9	0	1	169	169	1	6.78e-71	263
NODE_12924_length_609_cov_1.80866	gb_AY768532_+_0-1935_ARO:3000535_macB	86.907	611	73	6	1	609	1032	1637	0.0	678
NODE_15409_length_544_cov_2.07157	gb_AY768532_+_0-1935_ARO:3000535_macB	86.949	544	69	2	1	543	480	1022	1.79e-175	610
NODE_16124_length_528_cov_2.20719	gb_NC_003112.2_-_1791966-1795170_ARO:3000811_mtrD	85.498	331	48	0	198	528	3170	2840	5.40e-96	346
NODE_19083_length_477_cov_10.2867	gb_NC_003098.1_-_1359228-1360395_ARO:3000025_patB	94.318	176	10	0	301	476	1	176	3.01e-73	270
NODE_19149_length_476_cov_34.4371	gb_NC_003098.1_-_1359228-1360395_ARO:3000025_patB	90.870	230	21	0	1	230	938	1167	6.36e-85	309
NODE_19859_length_465_cov_1.4439	gb_AJ295238.3_+_163-2083_ARO:3000196_tet32	97.849	465	10	0	1	465	298	762	0.0	804
NODE_19875_length_465_cov_1.38293	gb_HM990671_+_5192-6671_ARO:3003112_lsaC	91.558	462	39	0	4	465	1046	585	0.0	638
NODE_20456_length_457_cov_1.63184	gb_HQ652506.1_+_2099-3836_ARO:3004033_tetB(46)	98.687	457	6	0	1	457	839	383	0.0	811
NODE_20510_length_456_cov_1.65087	gb_EU434751_+_658-2578_ARO:3000194_tetW	98.678	454	6	0	3	456	1844	1391	0.0	806
NODE_20510_length_456_cov_1.65087	gb_KU736867.1_+_19653-21573_ARO:3004442_tet(W/N/W)	97.363	455	12	0	2	456	1845	1391	0.0	774
NODE_21928_length_438_cov_5.76762	gb_NC_003098.1_+_866210-867410_ARO:3000822_pmrA	93.607	438	28	0	1	438	442	5	0.0	654
NODE_24013_length_415_cov_6.44167	gb_CP007593.1_+_2148923-2149772_ARO:3001301_RlmA(II)	94.186	86	5	0	330	415	849	764	1.28e-31	132
NODE_24436_length_410_cov_0.788732	gb_KX000272.1_+_0-1740_ARO:3004035_tetA(60)	94.634	410	22	0	1	410	868	1277	0.0	636
NODE_26833_length_389_cov_5.24251	gb_AM180355_+_600033-601953_ARO:3000186_tetM	90.909	385	35	0	5	389	1338	954	7.85e-148	518
NODE_26866_length_389_cov_3.12874	gb_AM180355_+_600033-601953_ARO:3000186_tetM	96.364	385	14	0	5	389	1338	954	0.0	634
NODE_27527_length_383_cov_1.08537	gb_Z21523_+_0-1974_ARO:3000191_tetQ	96.867	383	12	0	1	383	1434	1052	0.0	641
NODE_27585_length_383_cov_60.1159	gb_NC_003098.1_+_866210-867410_ARO:3000822_pmrA	98.305	59	1	0	325	383	1	59	2.56e-23	104
NODE_27787_length_381_cov_3.29755	gb_HM990671_+_5192-6671_ARO:3003112_lsaC	92.287	376	29	0	1	376	260	635	7.63e-153	534
NODE_28489_length_375_cov_1.60312	gb_AY768532_+_0-1935_ARO:3000535_macB	87.733	375	46	0	1	375	10	384	6.05e-124	438
NODE_30072_length_364_cov_40.9482	gb_NC_003098.1_+_866210-867410_ARO:3000822_pmrA	94.505	364	20	0	1	364	751	388	3.35e-161	562
NODE_32620_length_347_cov_1.83219	gb_Z21523_+_0-1974_ARO:3000191_tetQ	97.983	347	7	0	1	347	1688	1342	1.87e-173	603
NODE_34044_length_339_cov_1.09155	gb_KU736867.1_+_19653-21573_ARO:3004442_tet(W/N/W)	99.115	339	3	0	1	339	693	355	1.09e-175	610
NODE_34044_length_339_cov_1.09155	gb_EU434751_+_658-2578_ARO:3000194_tetW	98.820	339	4	0	1	339	693	355	5.08e-174	604
NODE_34211_length_338_cov_1.33569	gb_AF242872_+_2131-2878_ARO:3000375_ErmB	100.000	338	0	0	1	338	335	672	3.89e-180	625
NODE_35282_length_332_cov_0.722022	gb_HQ652506.1_+_2099-3836_ARO:3004033_tetB(46)	94.277	332	19	0	1	332	1286	1617	4.01e-145	508
NODE_35374_length_331_cov_0.717391	gb_AJ295238.3_+_163-2083_ARO:3000196_tet32	84.000	325	48	4	9	331	1451	1129	4.35e-85	309
NODE_37142_length_323_cov_3.85821	gb_NC_003098.1_+_866210-867410_ARO:3000822_pmrA	90.093	323	32	0	1	323	418	96	1.88e-118	420
NODE_37368_length_322_cov_6.57303	gb_NC_003098.1_-_1359228-1360395_ARO:3000025_patB	91.204	216	19	0	1	216	952	1167	1.18e-80	294
NODE_38960_length_314_cov_8.79151	gb_CP007593.1_+_2148923-2149772_ARO:3001301_RlmA(II)	96.053	76	3	0	1	76	774	849	1.60e-29	124
NODE_39618_length_311_cov_1.1875	gb_Z21523_+_0-1974_ARO:3000191_tetQ	98.071	311	6	0	1	311	443	133	3.69e-155	542
NODE_40256_length_309_cov_1.23228	gb_HM990671_+_5192-6671_ARO:3003112_lsaC	94.821	251	13	0	1	251	1229	1479	3.90e-110	392
NODE_40466_length_308_cov_2.58893	gb_HM990671_+_5192-6671_ARO:3003112_lsaC	94.719	303	16	0	1	303	540	238	4.86e-134	472
NODE_44432_length_292_cov_1.94515	gb_CP001050.1_+_1332866-1333499_ARO:3000817_mtrR	82.807	285	47	2	9	292	374	91	1.81e-68	254
NODE_48539_length_278_cov_0.825112	gb_NC_002134.1_+_41537-42743_ARO:3000165_tet(A)	100.000	278	0	0	1	278	800	1077	7.13e-147	514
NODE_48539_length_278_cov_0.825112	gb_AB089595_+_0-1206_ARO:3000166_tet(B)	99.640	278	1	0	1	278	800	1077	3.32e-145	508
NODE_62099_length_244_cov_1.45503	gb_HM990671_+_5192-6671_ARO:3003112_lsaC	99.590	244	1	0	1	244	48	291	2.29e-126	446
NODE_62954_length_242_cov_1.03743	gb_Z21523_+_0-1974_ARO:3000191_tetQ	98.760	242	3	0	1	242	647	888	6.35e-122	431
NODE_65470_length_237_cov_1.25824	gb_AJ295238.3_+_163-2083_ARO:3000196_tet32	82.008	239	39	4	1	237	297	61	1.91e-52	200
NODE_77188_length_218_cov_0.846626	gb_NC_002134.1_+_41537-42743_ARO:3000165_tet(A)	100.000	118	0	0	101	218	1206	1089	4.80e-58	219
NODE_77188_length_218_cov_0.846626	gb_AB089595_+_0-1206_ARO:3000166_tet(B)	100.000	118	0	0	101	218	1206	1089	4.80e-58	219
NODE_78366_length_217_cov_1.09259	gb_AF242872_+_2131-2878_ARO:3000375_ErmB	100.000	185	0	0	1	185	185	1	2.72e-95	342
NODE_81346_length_212_cov_0.904459	gb_NC_002134.1_+_41537-42743_ARO:3000165_tet(A)	99.528	212	1	0	1	212	593	382	1.21e-108	387
NODE_81346_length_212_cov_0.904459	gb_AB089595_+_0-1206_ARO:3000166_tet(B)	99.528	212	1	0	1	212	593	382	1.21e-108	387
NODE_81359_length_212_cov_1.70701	gb_AJ295238.3_+_163-2083_ARO:3000196_tet32	100.000	212	0	0	1	212	984	773	2.59e-110	392
NODE_86553_length_206_cov_1.4106	gb_HQ652506.1_+_373-2098_ARO:3004032_tetA(46)	95.862	145	6	0	1	145	1581	1725	4.48e-63	235
NODE_86553_length_206_cov_1.4106	gb_HQ652506.1_+_2099-3836_ARO:3004033_tetB(46)	95.000	60	3	0	147	206	1	60	7.93e-21	95.3
NODE_86647_length_201_cov_16.4863	gb_NC_003098.1_+_866210-867410_ARO:3000822_pmrA	91.457	199	17	0	3	201	199	397	9.24e-75	274
NODE_87737_length_141_cov_8.84884	gb_NC_003098.1_-_1359228-1360395_ARO:3000025_patB	92.908	141	10	0	1	141	613	473	2.31e-54	206
NODE_89046_length_90_cov_4.71429	gb_NC_003098.1_-_1359228-1360395_ARO:3000025_patB	94.444	90	5	0	1	90	530	619	1.38e-34	139
NODE_89060_length_90_cov_24.4857	gb_NC_003098.1_+_866210-867410_ARO:3000822_pmrA	95.556	90	4	0	1	90	347	436	2.97e-36	145
NODE_89266_length_84_cov_3.13793	gb_NC_003098.1_-_1359228-1360395_ARO:3000025_patB	95.238	84	4	0	1	84	530	613	5.88e-33	134
