NODE_3_length_353898_cov_56.3746	gb_NC_003112.2_+_330790-332317_ARO:3003962_farB	94.950	1505	76	0	6094	7598	1	1505	0.0	2359
NODE_3_length_353898_cov_56.3746	gb_AY768532_+_0-1935_ARO:3000535_macB	86.406	1942	250	11	168082	170016	1	1935	0.0	2111
NODE_3_length_353898_cov_56.3746	gb_NC_003112.2_+_329612-330767_ARO:3003961_farA	89.550	1110	116	0	4956	6065	41	1150	0.0	1408
NODE_3_length_353898_cov_56.3746	gb_AY768531_+_0-1179_ARO:3000533_macA	88.658	1155	128	1	166837	167988	1	1155	0.0	1404
NODE_6_length_178528_cov_53.6807	gb_NC_003112.2_-_1791966-1795170_ARO:3000811_mtrD	89.474	3211	324	11	74330	77533	3204	1	0.0	4045
NODE_6_length_178528_cov_53.6807	gb_X95635_+_259-1663_ARO:3000812_mtrE	92.313	1405	106	2	72874	74277	1404	1	0.0	1995
NODE_6_length_178528_cov_53.6807	gb_NC_003112.2_-_1795181-1796420_ARO:3000810_mtrC	91.048	1240	109	2	77545	78783	1239	1	0.0	1674
NODE_6_length_178528_cov_53.6807	gb_CP001050.1_+_1332866-1333499_ARO:3000817_mtrR	89.465	636	64	1	79034	79669	1	633	0.0	800
NODE_123_length_33640_cov_5.78526	gb_Z21523_+_0-1974_ARO:3000191_tetQ	98.987	1974	20	0	12673	14646	1	1974	0.0	3535
NODE_175_length_26651_cov_96.7958	gb_AF472622_+_52-1018_ARO:3003003_CfxA3	100.000	966	0	0	17317	18282	966	1	0.0	1784
NODE_175_length_26651_cov_96.7958	gb_AY769933_+_0-966_ARO:3003005_CfxA4	99.896	966	1	0	17317	18282	966	1	0.0	1779
NODE_175_length_26651_cov_96.7958	gb_AF118110.1_-_71-1037_ARO:3003002_CfxA2	99.896	966	1	0	17317	18282	966	1	0.0	1779
NODE_175_length_26651_cov_96.7958	gb_AY769934_+_27-993_ARO:3003096_CfxA5	99.793	966	2	0	17317	18282	966	1	0.0	1773
NODE_175_length_26651_cov_96.7958	gb_U38243_+_149-1115_ARO:3003001_CfxA	99.793	966	2	0	17317	18282	966	1	0.0	1773
NODE_175_length_26651_cov_96.7958	gb_GQ342996_+_797-1793_ARO:3003097_CfxA6	89.234	966	101	3	17322	18286	993	30	0.0	1205
NODE_273_length_19345_cov_100.717	gb_AP009048_+_2810082-2811255_ARO:3000027_emrA	80.909	110	21	0	10599	10708	968	859	1.37e-16	87.9
NODE_1009_length_6985_cov_7.12626	gb_AM180355_+_600033-601953_ARO:3000186_tetM	91.667	1920	160	0	5018	6937	1920	1	0.0	2660
NODE_1009_length_6985_cov_7.12626	gb_L09756_+_0-1926_ARO:3000192_tetS	78.423	1928	397	17	5019	6936	1920	2	0.0	1238
NODE_1072_length_6650_cov_6.73304	gb_NC_002134.1_+_41537-42743_ARO:3000165_tet(A)	99.917	1206	1	0	4158	5363	1	1206	0.0	2222
NODE_1072_length_6650_cov_6.73304	gb_AB089595_+_0-1206_ARO:3000166_tet(B)	99.751	1206	3	0	4158	5363	1	1206	0.0	2211
NODE_1072_length_6650_cov_6.73304	gb_BX664015.1_-_204137-204554_ARO:3000168_tet(D)	100.000	417	0	0	6157	6573	1	417	0.0	771
NODE_1592_length_4921_cov_191.523	gb_NC_012469.1_-_1800927-1802391_ARO:3000616_mel	100.000	1464	0	0	1270	2733	1464	1	0.0	2704
NODE_1592_length_4921_cov_191.523	gb_NC_023287.1_-_65291-66509_ARO:3000615_mefA	96.962	1218	37	0	2853	4070	1218	1	0.0	2045
NODE_2223_length_3697_cov_647.706	gb_CP007593.1_+_2148923-2149772_ARO:3001301_RlmA(II)	88.942	841	87	5	137	974	838	1	0.0	1033
NODE_2399_length_3406_cov_27.2301	gb_NC_017452.1_-_1144673-1146068_ARO:3003953_hmrM	89.781	137	14	0	3270	3406	1	137	4.99e-44	176
NODE_2486_length_3297_cov_2.96329	gb_AJ295238.3_+_163-2083_ARO:3000196_tet32	87.975	1921	211	19	347	2257	1	1911	0.0	2250
NODE_4582_length_1884_cov_313.395	gb_NC_003098.1_+_866210-867410_ARO:3000822_pmrA	93.398	1136	73	2	750	1884	1	1135	0.0	1681
NODE_4841_length_1799_cov_16.0568	gb_NC_017452.1_-_1144673-1146068_ARO:3003953_hmrM	90.618	1311	123	0	3	1313	85	1395	0.0	1740
NODE_5826_length_1512_cov_11.5621	gb_NC_017452.1_-_1144673-1146068_ARO:3003953_hmrM	90.369	623	60	0	890	1512	1395	773	0.0	819
NODE_6082_length_1452_cov_476.785	gb_NC_003098.1_-_1359228-1360395_ARO:3000025_patB	94.435	593	33	0	1	593	593	1	0.0	913
NODE_7240_length_1241_cov_3.87099	gb_KC539823_+_1017-2586_ARO:3002829_vgaA	100.000	28	0	0	892	919	1223	1250	3.17e-07	52.8
NODE_7240_length_1241_cov_3.87099	gb_DQ823382_+_0-1569_ARO:3002830_vgaALC	100.000	28	0	0	892	919	1223	1250	3.17e-07	52.8
NODE_7297_length_1232_cov_1.35684	gb_AP006618.1_+_4835199-4838688_ARO:3000501_Nocardia	75.676	592	113	24	613	1193	877	1448	1.03e-71	267
NODE_8068_length_1128_cov_284.404	gb_NC_003098.1_-_1359228-1360395_ARO:3000025_patB	92.616	623	46	0	506	1128	1161	539	0.0	896
NODE_8233_length_1109_cov_11.8861	gb_NC_017452.1_-_1144673-1146068_ARO:3003953_hmrM	89.727	623	64	0	1	623	773	1395	0.0	797
NODE_8716_length_1057_cov_268.899	gb_NC_003098.1_+_866210-867410_ARO:3000822_pmrA	93.377	1057	70	0	1	1057	79	1135	0.0	1565
NODE_9348_length_995_cov_2.72128	gb_CP007593.1_+_2148923-2149772_ARO:3001301_RlmA(II)	77.468	395	83	4	456	847	392	1	3.03e-61	231
NODE_12255_length_800_cov_40.2779	gb_NC_003098.1_+_866210-867410_ARO:3000822_pmrA	98.039	51	1	0	750	800	1	51	1.54e-18	89.8
NODE_13640_length_735_cov_200.531	gb_NC_003098.1_-_1359228-1360395_ARO:3000025_patB	92.777	623	45	0	1	623	539	1161	0.0	902
NODE_14656_length_698_cov_0.909798	gb_M57437_+_0-1647_ARO:3002827_tlrC	96.970	33	1	0	636	668	1468	1500	1.36e-08	56.5
NODE_16208_length_643_cov_1.27551	gb_NC_014638.1_-_1610636-1613960_ARO:3003730_Bifidobacteria	77.389	628	116	20	19	624	1912	1289	5.12e-97	350
NODE_18469_length_580_cov_1.81714	gb_AB219524.1_+_1176-4338_ARO:3003699_mexQ	92.683	41	3	0	452	492	2852	2812	8.69e-10	60.2
NODE_18469_length_580_cov_1.81714	gb_NC_002516_+_2810008-2813197_ARO:3000804_MexF	97.059	34	1	0	448	481	2883	2850	3.12e-09	58.4
NODE_18469_length_580_cov_1.81714	gb_AJ252200_+_1278-4401_ARO:3003056_smeE	97.059	34	1	0	448	481	2856	2823	3.12e-09	58.4
NODE_18766_length_573_cov_371.674	gb_NC_003098.1_+_866210-867410_ARO:3000822_pmrA	97.500	120	3	0	1	120	1081	1200	1.04e-53	206
NODE_18947_length_569_cov_2.92023	gb_CP007593.1_+_2148923-2149772_ARO:3001301_RlmA(II)	87.302	126	16	0	444	569	849	724	2.29e-35	145
NODE_23611_length_476_cov_11.3135	gb_NC_017452.1_-_1144673-1146068_ARO:3003953_hmrM	91.772	474	39	0	1	474	558	85	0.0	660
NODE_27107_length_426_cov_1.19677	gb_AF242872_+_2131-2878_ARO:3000375_ErmB	100.000	217	0	0	210	426	1	217	9.08e-113	401
NODE_29552_length_399_cov_1.22093	gb_AF235050.4_+_38028-40140_ARO:3003318_Streptomyces	97.059	34	1	0	349	382	1897	1930	2.11e-09	58.4
NODE_32688_length_371_cov_3.75949	gb_NC_003098.1_-_1359228-1360395_ARO:3000025_patB	91.388	209	18	0	163	371	1161	953	2.29e-78	287
NODE_35216_length_351_cov_37.3176	gb_NC_003098.1_+_866210-867410_ARO:3000822_pmrA	92.023	351	28	0	1	351	79	429	1.19e-140	494
NODE_36670_length_341_cov_8.93706	gb_NC_017452.1_-_1144673-1146068_ARO:3003953_hmrM	91.202	341	30	0	1	341	218	558	9.06e-132	464
NODE_39398_length_324_cov_23.9405	gb_NC_017452.1_-_1144673-1146068_ARO:3003953_hmrM	91.667	324	27	0	1	324	504	827	2.40e-127	449
NODE_42730_length_305_cov_2.348	gb_CP007593.1_+_2148923-2149772_ARO:3001301_RlmA(II)	89.347	291	31	0	15	305	688	398	2.33e-102	366
NODE_44072_length_299_cov_44.873	gb_CP007593.1_+_2148923-2149772_ARO:3001301_RlmA(II)	91.304	299	26	0	1	299	10	308	3.74e-115	409
NODE_45019_length_294_cov_0.987448	gb_KX000273.1_+_0-1740_ARO:3004036_tetB(60)	86.063	287	40	0	8	294	1277	991	3.83e-85	309
NODE_45122_length_293_cov_1.4916	gb_AY768532_+_0-1935_ARO:3000535_macB	100.000	29	0	0	37	65	427	455	1.98e-08	54.7
NODE_46480_length_288_cov_3.2103	gb_CP007593.1_+_2148923-2149772_ARO:3001301_RlmA(II)	87.823	271	33	0	1	271	470	740	6.23e-88	318
NODE_47220_length_285_cov_9.36957	gb_CP007593.1_+_2148923-2149772_ARO:3001301_RlmA(II)	88.772	285	32	0	1	285	10	294	2.18e-97	350
NODE_48162_length_281_cov_1.4646	gb_AF235050.4_+_38028-40140_ARO:3003318_Streptomyces	86.154	65	9	0	30	94	1897	1961	1.88e-13	71.3
NODE_48209_length_281_cov_9.41593	gb_CP007593.1_+_2148923-2149772_ARO:3001301_RlmA(II)	94.643	280	15	0	2	281	289	10	5.78e-123	435
NODE_49146_length_277_cov_1.42793	gb_AF242872_+_2131-2878_ARO:3000375_ErmB	97.473	277	7	0	1	277	217	493	1.21e-134	473
NODE_50651_length_271_cov_0.708333	gb_M17124_+_1181-1982_ARO:3000498_ErmF	100.000	271	0	0	1	271	32	302	5.40e-143	501
NODE_52565_length_265_cov_1.80952	gb_KX000273.1_+_0-1740_ARO:3004036_tetB(60)	86.415	265	36	0	1	265	494	230	1.24e-79	291
NODE_61448_length_240_cov_3.07568	gb_CP007593.1_+_2148923-2149772_ARO:3001301_RlmA(II)	90.377	239	23	0	2	240	695	457	6.62e-87	315
NODE_62739_length_237_cov_2.27473	gb_NC_003098.1_+_866210-867410_ARO:3000822_pmrA	93.162	234	16	0	1	234	928	1161	8.32e-96	344
NODE_67698_length_226_cov_2.61988	gb_NC_003098.1_-_1359228-1360395_ARO:3000025_patB	86.607	224	30	0	1	224	710	487	6.37e-67	248
NODE_74699_length_213_cov_3.55063	gb_NC_003098.1_+_866210-867410_ARO:3000822_pmrA	91.429	210	18	0	4	213	370	579	3.52e-79	289
NODE_74925_length_213_cov_0.867089	gb_HQ652506.1_+_2099-3836_ARO:3004033_tetB(46)	91.549	213	18	0	1	213	1509	1297	7.56e-81	294
NODE_75322_length_212_cov_1.20382	gb_HM990671_+_5192-6671_ARO:3003112_lsaC	90.909	198	18	0	9	206	269	466	1.64e-72	267
NODE_75743_length_211_cov_1.14103	gb_CP007593.1_+_2148923-2149772_ARO:3001301_RlmA(II)	85.714	196	28	0	16	211	1	196	1.00e-54	207
NODE_80303_length_132_cov_247.403	gb_NC_003098.1_+_866210-867410_ARO:3000822_pmrA	96.970	132	4	0	1	132	133	2	2.12e-59	222
