NODE_15_length_232572_cov_70.0949	gb_AF173226_+_3767-6917_ARO:3003052_smeB	83.784	74	12	0	35247	35320	1242	1169	1.66e-10	71.3
NODE_15_length_232572_cov_70.0949	gb_AJ252200_+_1278-4401_ARO:3003056_smeE	83.333	72	12	0	35247	35318	1242	1171	2.14e-09	67.6
NODE_31_length_161624_cov_197.341	gb_U05883_+_555-1458_ARO:3003559_cepA	77.546	815	165	17	97107	97912	882	77	2.09e-132	475
NODE_198_length_64651_cov_67.4577	gb_GQ343019_+_132-1023_ARO:3002999_CblA-1	99.776	891	2	0	9946	10836	891	1	0.0	1635
NODE_219_length_61052_cov_99.8856	gb_AF242872_+_2131-2878_ARO:3000375_ErmB	99.331	747	4	1	24743	25488	1	747	0.0	1351
NODE_775_length_17713_cov_259.029	gb_AF118110.1_-_71-1037_ARO:3003002_CfxA2	86.120	951	131	1	15053	16003	4	953	0.0	1024
NODE_775_length_17713_cov_259.029	gb_AF472622_+_52-1018_ARO:3003003_CfxA3	86.015	951	132	1	15053	16003	4	953	0.0	1018
NODE_775_length_17713_cov_259.029	gb_AY769934_+_27-993_ARO:3003096_CfxA5	86.015	951	132	1	15053	16003	4	953	0.0	1018
NODE_775_length_17713_cov_259.029	gb_U38243_+_149-1115_ARO:3003001_CfxA	86.015	951	132	1	15053	16003	4	953	0.0	1018
NODE_775_length_17713_cov_259.029	gb_AY769933_+_0-966_ARO:3003005_CfxA4	86.015	951	132	1	15053	16003	4	953	0.0	1018
NODE_775_length_17713_cov_259.029	gb_GQ342996_+_797-1793_ARO:3003097_CfxA6	84.963	951	136	6	15051	15998	34	980	0.0	957
NODE_966_length_14265_cov_15.393	gb_U05883_+_555-1458_ARO:3003559_cepA	99.114	903	8	0	96	998	1	903	0.0	1624
NODE_1149_length_12206_cov_3.51815	gb_EU250284_+_4730-5426_ARO:3002927_vanRL	96.875	32	1	0	6399	6430	283	314	8.77e-07	54.7
NODE_1150_length_12200_cov_778.082	gb_M37699_+_585-1752_ARO:3000205_tetX	99.829	1167	2	0	9512	10678	1167	1	0.0	2145
NODE_1827_length_7491_cov_540.772	gb_Z21523_+_0-1974_ARO:3000191_tetQ	97.366	1974	52	0	3760	5733	1974	1	0.0	3358
NODE_1986_length_6918_cov_393.483	gb_NC_012469.1_-_1800927-1802391_ARO:3000616_mel	96.882	898	28	0	5966	6863	1464	567	0.0	1504
NODE_1986_length_6918_cov_393.483	gb_L42817_+_201-936_ARO:3000522_ErmG	99.184	735	6	0	4460	5194	735	1	0.0	1325
NODE_1986_length_6918_cov_393.483	gb_M64090_+_0-735_ARO:3000595_ErmT	77.959	735	148	11	4467	5194	728	1	1.95e-125	448
NODE_2049_length_6707_cov_7.13485	gb_M18896.2_+_206-2126_ARO:3000190_tetO	99.792	1920	4	0	1002	2921	1	1920	0.0	3524
NODE_2049_length_6707_cov_7.13485	gb_AJ295238.3_+_163-2083_ARO:3000196_tet32	94.465	831	46	0	2091	2921	1090	1920	0.0	1280
NODE_2049_length_6707_cov_7.13485	gb_AJ295238.3_+_163-2083_ARO:3000196_tet32	91.919	396	32	0	1002	1397	1	396	1.08e-157	555
NODE_2357_length_5818_cov_4.36231	gb_L20800_+_2308-4267_ARO:3000195_tetB(P)	97.059	34	1	0	3237	3270	214	247	3.23e-08	58.4
NODE_2850_length_4714_cov_7.05344	gb_M57437_+_0-1647_ARO:3002827_tlrC	96.970	33	1	0	1947	1979	568	600	9.40e-08	56.5
NODE_2861_length_4697_cov_3.32357	gb_NC_000913.3_-_481253-484403_ARO:3000216_acrB	77.367	433	96	2	33	464	1412	981	8.60e-68	255
NODE_2861_length_4697_cov_3.32357	gb_NC_007779_+_2586250-2589364_ARO:3000491_acrD	77.045	440	95	5	3	439	1442	1006	1.44e-65	248
NODE_3458_length_3862_cov_7.27922	gb_NC_002516_+_2810008-2813197_ARO:3000804_MexF	81.974	233	42	0	2206	2438	1268	1036	1.21e-50	198
NODE_3458_length_3862_cov_7.27922	gb_AFRQ01000061.1_-_23986-27124_ARO:3004144_AxyY	76.639	244	55	2	2197	2439	1265	1023	3.46e-31	134
NODE_3458_length_3862_cov_7.27922	gb_NC_010378.1_+_47850-51003_ARO:3003923_oqxB	75.610	205	44	3	2218	2419	1256	1055	4.54e-20	97.1
NODE_3891_length_3409_cov_4.07722	gb_FN594949_+_25244-27167_ARO:3000556_tet44	99.215	1529	12	0	1	1529	1529	1	0.0	2758
NODE_4074_length_3245_cov_9.44295	gb_EU434751_+_658-2578_ARO:3000194_tetW	100.000	35	0	0	1	35	1886	1920	1.07e-10	65.8
NODE_4623_length_2835_cov_112.885	gb_M17124_+_1181-1982_ARO:3000498_ErmF	98.752	801	10	0	1889	2689	801	1	0.0	1424
NODE_4623_length_2835_cov_112.885	gb_AF319779.2_+_32-833_ARO:3000604_Erm(35)	78.769	796	165	3	1896	2689	794	1	7.69e-151	531
NODE_5257_length_2455_cov_26.5129	gb_AY928180_+_0-495_ARO:3002837_lnuC	99.192	495	4	0	469	963	495	1	0.0	893
NODE_5315_length_2425_cov_49.1662	gb_EU434751_+_658-2578_ARO:3000194_tetW	100.000	177	0	0	2249	2425	1920	1744	9.25e-90	327
NODE_5363_length_2399_cov_4.93686	gb_AJ295238.3_+_163-2083_ARO:3000196_tet32	93.408	1335	82	6	1038	2369	1	1332	0.0	1973
NODE_6036_length_2090_cov_8.50369	gb_EU434751_+_658-2578_ARO:3000194_tetW	99.058	1805	9	2	1	1804	1798	1	0.0	3232
NODE_6036_length_2090_cov_8.50369	gb_KU736867.1_+_19653-21573_ARO:3004442_tet(W/N/W)	96.676	1805	52	2	1	1804	1798	1	0.0	2994
NODE_7564_length_1595_cov_3.88831	gb_KU736867.1_+_19653-21573_ARO:3004442_tet(W/N/W)	88.799	741	79	3	857	1595	1	739	0.0	905
NODE_7564_length_1595_cov_3.88831	gb_EU434751_+_658-2578_ARO:3000194_tetW	88.394	741	82	3	857	1595	1	739	0.0	889
NODE_8922_length_1324_cov_5.43499	gb_X74948_+_0-492_ARO:3002688_catS	82.845	478	80	2	684	1160	1	477	4.81e-120	427
NODE_9182_length_1280_cov_3.66857	gb_FN594949_+_25244-27167_ARO:3000556_tet44	99.496	397	2	0	1	397	1527	1923	0.0	723
NODE_9605_length_1218_cov_25.5314	gb_NC_023287.1_-_65291-66509_ARO:3000615_mefA	90.207	1205	118	0	1	1205	1205	1	0.0	1572
NODE_10145_length_1147_cov_4.04121	gb_KU736867.1_+_19653-21573_ARO:3004442_tet(W/N/W)	100.000	71	0	0	1	71	1850	1920	3.65e-31	132
NODE_10189_length_1141_cov_4.66483	gb_NC_023287.1_-_65291-66509_ARO:3000615_mefA	100.000	42	0	0	1100	1141	1	42	4.80e-15	78.7
NODE_11273_length_1020_cov_3.54404	gb_KU736867.1_+_19653-21573_ARO:3004442_tet(W/N/W)	95.686	1020	44	0	1	1020	740	1759	0.0	1640
NODE_11273_length_1020_cov_3.54404	gb_EU434751_+_658-2578_ARO:3000194_tetW	91.176	1020	90	0	1	1020	740	1759	0.0	1386
NODE_13459_length_855_cov_5.2575	gb_EU434751_+_658-2578_ARO:3000194_tetW	95.480	177	8	0	1	177	1744	1920	7.05e-77	283
NODE_38825_length_380_cov_0.898462	gb_JQ740052_+_2108-3329_ARO:3000567_tet(40)	99.737	380	1	0	1	380	930	551	0.0	697
NODE_66782_length_274_cov_0.748858	gb_X53401_+_0-1992_ARO:3002891_otr(A)	87.037	54	7	0	201	254	209	262	1.10e-10	62.1
NODE_68551_length_270_cov_1.54419	gb_AF235050.4_+_38028-40140_ARO:3003318_Streptomyces	90.000	50	5	0	97	146	125	76	8.36e-12	65.8
NODE_81378_length_244_cov_0.899471	gb_NC_005024_+_42504-43944_ARO:3002597_AAC(6')-Ie-APH(2'')-Ia	99.590	244	1	0	1	244	1052	1295	2.29e-126	446
NODE_81378_length_244_cov_0.899471	gb_AY701528.1_+_9695-10589_ARO:3004191_APH(2'')-If	83.122	237	38	2	9	244	499	734	7.03e-57	215
NODE_88469_length_234_cov_12.6816	gb_NC_023287.1_-_65291-66509_ARO:3000615_mefA	100.000	42	0	0	193	234	1	42	9.19e-16	78.7
NODE_112840_length_109_cov_72.8333	gb_M17124_+_1181-1982_ARO:3000498_ErmF	100.000	55	0	0	55	109	321	267	2.30e-23	102
NODE_113008_length_104_cov_37.9592	gb_M17124_+_1181-1982_ARO:3000498_ErmF	98.148	54	1	0	51	104	576	523	3.63e-21	95.3
NODE_113037_length_103_cov_53.1875	gb_M17124_+_1181-1982_ARO:3000498_ErmF	96.364	55	2	0	49	103	573	627	4.64e-20	91.6
