NODE_9_length_246362_cov_39.0479	gb_GQ343019_+_132-1023_ARO:3002999_CblA-1	99.214	891	7	0	9956	10846	891	1	0.0	1607
NODE_36_length_154192_cov_5.46091	gb_NC_007779_+_2586250-2589364_ARO:3000491_acrD	77.600	250	48	8	111177	111422	1271	1026	6.38e-33	145
NODE_36_length_154192_cov_5.46091	gb_U00096_+_3660413-3663527_ARO:3000796_mdtF	75.000	196	45	4	111207	111400	1241	1048	1.09e-15	87.9
NODE_59_length_127882_cov_17.2199	gb_M18896.2_+_206-2126_ARO:3000190_tetO	98.958	1920	20	0	91674	93593	1920	1	0.0	3435
NODE_59_length_127882_cov_17.2199	gb_AJ295238.3_+_163-2083_ARO:3000196_tet32	93.863	831	51	0	91674	92504	1920	1090	0.0	1253
NODE_59_length_127882_cov_17.2199	gb_AJ295238.3_+_163-2083_ARO:3000196_tet32	91.162	396	35	0	93198	93593	396	1	2.08e-151	538
NODE_118_length_93649_cov_7.54381	gb_AP006618.1_+_4835199-4838688_ARO:3000501_Nocardia	77.684	354	75	4	59410	59761	3337	2986	1.05e-53	213
NODE_159_length_79839_cov_45.2551	gb_AF173226_+_3767-6917_ARO:3003052_smeB	83.784	74	12	0	53089	53162	1169	1242	5.69e-11	71.3
NODE_159_length_79839_cov_45.2551	gb_AJ252200_+_1278-4401_ARO:3003056_smeE	83.333	72	12	0	53091	53162	1171	1242	7.37e-10	67.6
NODE_163_length_78073_cov_10.9421	gb_NC_002516_+_2810008-2813197_ARO:3000804_MexF	81.545	233	43	0	69181	69413	1036	1268	1.14e-47	193
NODE_163_length_78073_cov_10.9421	gb_AFRQ01000061.1_-_23986-27124_ARO:3004144_AxyY	76.230	244	56	2	69180	69422	1023	1265	3.26e-28	128
NODE_163_length_78073_cov_10.9421	gb_NC_010378.1_+_47850-51003_ARO:3003923_oqxB	76.098	205	43	3	69200	69401	1055	1256	1.97e-20	102
NODE_298_length_54893_cov_19.369	gb_M57437_+_0-1647_ARO:3002827_tlrC	96.970	33	1	0	26504	26536	568	600	1.10e-06	56.5
NODE_864_length_21814_cov_4.48545	gb_U05883_+_555-1458_ARO:3003559_cepA	77.206	816	168	17	14130	14936	77	883	7.91e-129	460
NODE_1100_length_17191_cov_91.5191	gb_U00096_+_3415032-3418137_ARO:3000502_acrF	74.590	122	31	0	4851	4972	1125	1246	1.24e-06	54.7
NODE_1256_length_14374_cov_109.342	gb_NC_007779_+_2586250-2589364_ARO:3000491_acrD	96.875	32	1	0	6288	6319	1876	1907	1.03e-06	54.7
NODE_1393_length_12615_cov_9.78217	gb_Z21523_+_0-1974_ARO:3000191_tetQ	89.492	1732	182	0	10884	12615	1974	243	0.0	2191
NODE_1484_length_11481_cov_5.46018	gb_M37699_+_585-1752_ARO:3000205_tetX	99.743	1167	3	0	1672	2838	1	1167	0.0	2139
NODE_1553_length_10792_cov_3.65046	gb_L11616_+_1569-4710_ARO:3000378_MexB	72.036	1577	372	57	5082	6622	1553	10	1.86e-112	405
NODE_1761_length_9369_cov_130.572	gb_AF118110.1_-_71-1037_ARO:3003002_CfxA2	99.896	966	1	0	113	1078	1	966	0.0	1779
NODE_1761_length_9369_cov_130.572	gb_AF472622_+_52-1018_ARO:3003003_CfxA3	99.793	966	2	0	113	1078	1	966	0.0	1773
NODE_1761_length_9369_cov_130.572	gb_AY769934_+_27-993_ARO:3003096_CfxA5	99.793	966	2	0	113	1078	1	966	0.0	1773
NODE_1761_length_9369_cov_130.572	gb_U38243_+_149-1115_ARO:3003001_CfxA	99.793	966	2	0	113	1078	1	966	0.0	1773
NODE_1761_length_9369_cov_130.572	gb_AY769933_+_0-966_ARO:3003005_CfxA4	99.793	966	2	0	113	1078	1	966	0.0	1773
NODE_1761_length_9369_cov_130.572	gb_GQ342996_+_797-1793_ARO:3003097_CfxA6	89.130	966	102	3	109	1073	30	993	0.0	1199
NODE_2179_length_7293_cov_257.43	gb_L42817_+_201-936_ARO:3000522_ErmG	99.184	735	6	0	5114	5848	735	1	0.0	1325
NODE_2179_length_7293_cov_257.43	gb_NC_012469.1_-_1800927-1802391_ARO:3000616_mel	96.884	674	21	0	6620	7293	1464	791	0.0	1129
NODE_2179_length_7293_cov_257.43	gb_M64090_+_0-735_ARO:3000595_ErmT	77.959	735	148	11	5121	5848	728	1	2.06e-125	448
NODE_2485_length_6221_cov_6.4121	gb_EU434751_+_658-2578_ARO:3000194_tetW	99.948	1920	1	0	3633	5552	1	1920	0.0	3541
NODE_2485_length_6221_cov_6.4121	gb_KU736867.1_+_19653-21573_ARO:3004442_tet(W/N/W)	96.077	1912	73	2	3633	5543	1	1911	0.0	3114
NODE_3201_length_4802_cov_2.60859	gb_X53401_+_0-1992_ARO:3002891_otr(A)	87.037	54	7	0	3966	4019	209	262	2.06e-09	62.1
NODE_3228_length_4756_cov_2.74303	gb_U97042_+_1263-4347_ARO:3003010_ceoB	72.936	218	55	4	1083	1298	1251	1036	9.42e-13	73.1
NODE_3536_length_4339_cov_311.914	gb_Z21523_+_0-1974_ARO:3000191_tetQ	97.366	1974	52	0	1939	3912	1	1974	0.0	3358
NODE_5393_length_2931_cov_7.36892	gb_Z21523_+_0-1974_ARO:3000191_tetQ	97.222	108	2	1	2825	2931	1	108	9.23e-46	182
NODE_5845_length_2727_cov_5.5857	gb_M17124_+_1181-1982_ARO:3000498_ErmF	98.752	801	10	0	40	840	1	801	0.0	1424
NODE_5845_length_2727_cov_5.5857	gb_AF319779.2_+_32-833_ARO:3000604_Erm(35)	78.769	796	165	3	40	833	1	794	7.39e-151	531
NODE_6149_length_2606_cov_129.854	gb_AF118110.1_-_71-1037_ARO:3003002_CfxA2	87.573	853	106	0	3	855	101	953	0.0	989
NODE_6149_length_2606_cov_129.854	gb_AF472622_+_52-1018_ARO:3003003_CfxA3	87.456	853	107	0	3	855	101	953	0.0	983
NODE_6149_length_2606_cov_129.854	gb_AY769934_+_27-993_ARO:3003096_CfxA5	87.456	853	107	0	3	855	101	953	0.0	983
NODE_6149_length_2606_cov_129.854	gb_U38243_+_149-1115_ARO:3003001_CfxA	87.456	853	107	0	3	855	101	953	0.0	983
NODE_6149_length_2606_cov_129.854	gb_AY769933_+_0-966_ARO:3003005_CfxA4	87.456	853	107	0	3	855	101	953	0.0	983
NODE_6149_length_2606_cov_129.854	gb_GQ342996_+_797-1793_ARO:3003097_CfxA6	86.548	840	112	1	11	850	142	980	0.0	924
NODE_6445_length_2493_cov_265.703	gb_AF242872_+_2131-2878_ARO:3000375_ErmB	99.197	747	5	1	266	1011	1	747	0.0	1345
NODE_7187_length_2266_cov_120.452	gb_NC_023287.1_-_65291-66509_ARO:3000615_mefA	90.312	1218	118	0	968	2185	1218	1	0.0	1596
NODE_7187_length_2266_cov_120.452	gb_NC_012469.1_-_1800927-1802391_ARO:3000616_mel	97.870	845	18	0	1	845	845	1	0.0	1461
NODE_12856_length_1320_cov_2.41739	gb_AP006618.1_+_4835199-4838688_ARO:3000501_Nocardia	78.505	107	21	2	16	121	3252	3357	3.35e-12	69.4
NODE_12932_length_1313_cov_2.85692	gb_AFRQ01000061.1_-_23986-27124_ARO:3004144_AxyY	84.762	105	16	0	6	110	1154	1258	2.54e-23	106
NODE_17885_length_947_cov_1.84529	gb_AY928180_+_0-495_ARO:3002837_lnuC	98.750	240	3	0	1	240	240	1	3.42e-120	427
NODE_18314_length_925_cov_1.73678	gb_AF235050.4_+_38028-40140_ARO:3003318_Streptomyces	73.585	424	83	21	58	469	85	491	2.26e-32	135
NODE_37114_length_456_cov_1.2818	gb_AJ295238.3_+_163-2083_ARO:3000196_tet32	97.130	453	12	1	4	456	797	346	0.0	763
NODE_43249_length_399_cov_99.1483	gb_GQ342996_+_797-1793_ARO:3003097_CfxA6	78.065	155	28	5	247	398	34	185	5.79e-20	93.5
NODE_45006_length_386_cov_2.68882	gb_L42817_+_201-936_ARO:3000522_ErmG	100.000	50	0	0	337	386	380	331	5.59e-20	93.5
NODE_60203_length_307_cov_1.62698	gb_KU736867.1_+_19653-21573_ARO:3004442_tet(W/N/W)	96.417	307	11	0	1	307	1566	1872	1.33e-144	507
NODE_60203_length_307_cov_1.62698	gb_EU434751_+_658-2578_ARO:3000194_tetW	93.811	307	19	0	1	307	1566	1872	2.91e-131	462
NODE_61895_length_301_cov_1.79675	gb_KU736867.1_+_19653-21573_ARO:3004442_tet(W/N/W)	90.698	301	28	0	1	301	835	535	6.31e-113	401
NODE_66021_length_287_cov_0.732759	gb_AP006618.1_+_4835199-4838688_ARO:3000501_Nocardia	83.401	247	37	4	43	287	2966	3210	3.87e-60	226
NODE_70026_length_275_cov_1.27727	gb_AJ295238.3_+_163-2083_ARO:3000196_tet32	89.091	275	28	2	2	275	141	414	1.27e-94	340
NODE_75803_length_259_cov_1.10294	gb_AJ295238.3_+_163-2083_ARO:3000196_tet32	83.721	258	42	0	1	258	324	581	9.57e-66	244
NODE_78134_length_253_cov_0.787879	gb_JQ740052_+_2108-3329_ARO:3000567_tet(40)	100.000	154	0	0	1	154	1068	1221	5.49e-78	285
NODE_90469_length_229_cov_0.775862	gb_DQ212986_+_2258-2966_ARO:3002926_vanRG	79.913	229	46	0	1	229	283	55	5.18e-43	169
NODE_99698_length_215_cov_0.83125	gb_KU736867.1_+_19653-21573_ARO:3004442_tet(W/N/W)	97.209	215	5	1	1	215	1015	1228	2.07e-101	363
NODE_99698_length_215_cov_0.83125	gb_EU434751_+_658-2578_ARO:3000194_tetW	91.707	205	17	0	11	215	1024	1228	4.60e-78	285
NODE_106906_length_110_cov_42.5091	gb_GQ342996_+_797-1793_ARO:3003097_CfxA6	90.909	44	4	0	2	45	185	142	1.42e-10	60.2
NODE_106954_length_109_cov_55.6852	gb_L42817_+_201-936_ARO:3000522_ErmG	100.000	55	0	0	55	109	37	91	2.30e-23	102
NODE_107067_length_106_cov_23.0392	gb_L42817_+_201-936_ARO:3000522_ErmG	100.000	55	0	0	52	106	185	239	2.22e-23	102
