NODE_14_length_150237_cov_5.85426	gb_AP006618.1_+_4835199-4838688_ARO:3000501_Nocardia	74.946	3213	741	52	89323	92512	287	3458	0.0	1415
NODE_23_length_121452_cov_6.52113	gb_AF235050.4_+_38028-40140_ARO:3003318_Streptomyces	73.695	2030	456	65	67448	69429	2067	68	0.0	719
NODE_68_length_54744_cov_7.167	gb_M80346_+_0-1656_ARO:3002817_carA	100.000	29	0	0	7442	7470	1475	1503	3.94e-06	54.7
NODE_177_length_31714_cov_5.48517	gb_AJ295238.3_+_163-2083_ARO:3000196_tet32	87.975	1921	211	19	25598	27508	1911	1	0.0	2250
NODE_481_length_17524_cov_6.90251	gb_AP006618.1_+_4835199-4838688_ARO:3000501_Nocardia	76.654	3204	637	83	6389	9532	3370	218	0.0	1670
NODE_1106_length_10573_cov_3.60401	gb_NC_000913.3_-_481253-484403_ARO:3000216_acrB	82.000	100	13	3	2001	2096	1560	1462	1.25e-14	80.5
NODE_1296_length_9516_cov_88.9649	gb_AP006618.1_+_4835199-4838688_ARO:3000501_Nocardia	74.130	1925	420	63	6463	8354	2756	877	0.0	725
NODE_1454_length_8863_cov_11.3311	gb_HM990671_+_5192-6671_ARO:3003112_lsaC	91.075	1479	131	1	5935	7412	1	1479	0.0	1999
NODE_1822_length_7769_cov_9.72738	gb_HM990671_+_5192-6671_ARO:3003112_lsaC	90.128	1479	146	0	726	2204	1	1479	0.0	1923
NODE_1961_length_7426_cov_84.7137	gb_NC_014638.1_-_1610636-1613960_ARO:3003730_Bifidobacteria	74.648	1136	231	45	2979	4078	2148	1034	5.82e-126	449
NODE_2039_length_7266_cov_3.12883	gb_NC_000913.3_-_481253-484403_ARO:3000216_acrB	79.091	110	18	4	6369	6474	1559	1451	5.18e-12	71.3
NODE_2313_length_6753_cov_28.9758	gb_AF118110.1_-_71-1037_ARO:3003002_CfxA2	100.000	966	0	0	4468	5433	966	1	0.0	1784
NODE_2313_length_6753_cov_28.9758	gb_AF472622_+_52-1018_ARO:3003003_CfxA3	99.896	966	1	0	4468	5433	966	1	0.0	1779
NODE_2313_length_6753_cov_28.9758	gb_AY769934_+_27-993_ARO:3003096_CfxA5	99.896	966	1	0	4468	5433	966	1	0.0	1779
NODE_2313_length_6753_cov_28.9758	gb_U38243_+_149-1115_ARO:3003001_CfxA	99.896	966	1	0	4468	5433	966	1	0.0	1779
NODE_2313_length_6753_cov_28.9758	gb_AY769933_+_0-966_ARO:3003005_CfxA4	99.896	966	1	0	4468	5433	966	1	0.0	1779
NODE_2313_length_6753_cov_28.9758	gb_GQ342996_+_797-1793_ARO:3003097_CfxA6	89.234	966	101	3	4473	5437	993	30	0.0	1205
NODE_2921_length_5832_cov_2.88056	gb_AY768532_+_0-1935_ARO:3000535_macB	76.768	495	101	12	5345	5832	10	497	1.78e-70	265
NODE_3588_length_5125_cov_3.47002	gb_AM180355_+_600033-601953_ARO:3000186_tetM	90.312	1920	186	0	49	1968	1920	1	0.0	2516
NODE_3588_length_5125_cov_3.47002	gb_L09756_+_0-1926_ARO:3000192_tetS	78.694	1929	390	19	50	1967	1920	2	0.0	1266
NODE_3656_length_5076_cov_4.24019	gb_NC_003098.1_-_1359228-1360395_ARO:3000025_patB	93.544	728	47	0	1	728	434	1161	0.0	1085
NODE_4262_length_4587_cov_4.60371	gb_NC_003098.1_-_1359228-1360395_ARO:3000025_patB	93.443	488	32	0	4100	4587	1	488	0.0	725
NODE_4672_length_4322_cov_73.7893	gb_AF235050.4_+_38028-40140_ARO:3003318_Streptomyces	86.154	65	9	0	1142	1206	1961	1897	3.08e-12	71.3
NODE_4794_length_4248_cov_4.74267	gb_NC_003098.1_+_866210-867410_ARO:3000822_pmrA	92.256	1201	91	2	2843	4042	1	1200	0.0	1701
NODE_5386_length_3932_cov_14.3209	gb_CP007593.1_+_2148923-2149772_ARO:3001301_RlmA(II)	85.089	845	122	4	2973	3815	843	1	0.0	859
NODE_5799_length_3744_cov_43.3866	gb_M17124_+_1181-1982_ARO:3000498_ErmF	99.750	801	2	0	1800	2600	801	1	0.0	1469
NODE_5799_length_3744_cov_43.3866	gb_AF319779.2_+_32-833_ARO:3000604_Erm(35)	78.643	796	166	3	1807	2600	794	1	4.73e-149	525
NODE_5897_length_3702_cov_7.09761	gb_NC_003098.1_-_1359228-1360395_ARO:3000025_patB	87.320	347	44	0	3356	3702	1	347	1.06e-110	398
NODE_5986_length_3664_cov_2.79413	gb_AB015853_+_1330-4471_ARO:3003033_mexY	81.164	584	101	8	867	1447	1550	973	1.32e-129	460
NODE_5986_length_3664_cov_2.79413	gb_AFRQ01000061.1_-_23986-27124_ARO:3004144_AxyY	80.592	608	105	12	845	1447	1572	973	1.71e-128	457
NODE_5986_length_3664_cov_2.79413	gb_U57969_+_1485-4617_ARO:3000801_MexD	77.193	627	118	24	863	1478	1563	951	5.01e-94	342
NODE_6131_length_3605_cov_11.7048	gb_NC_012469.1_-_1800927-1802391_ARO:3000616_mel	100.000	1464	0	0	743	2206	1464	1	0.0	2704
NODE_6131_length_3605_cov_11.7048	gb_NC_023287.1_-_65291-66509_ARO:3000615_mefA	96.962	1218	37	0	2326	3543	1218	1	0.0	2045
NODE_6759_length_3366_cov_5.53458	gb_AY768532_+_0-1935_ARO:3000535_macB	86.347	1941	252	9	1030	2965	1	1933	0.0	2104
NODE_6759_length_3366_cov_5.53458	gb_AY768531_+_0-1179_ARO:3000533_macA	84.120	932	135	11	1	927	247	1170	0.0	889
NODE_6859_length_3327_cov_6.4077	gb_AY768531_+_0-1179_ARO:3000533_macA	84.583	240	37	0	3085	3324	59	298	6.13e-63	239
NODE_6873_length_3324_cov_19.2949	gb_HM990671_+_5192-6671_ARO:3003112_lsaC	90.743	1480	135	2	1335	2813	1479	1	0.0	1973
NODE_7321_length_3177_cov_2.22389	gb_X63451_+_0-1653_ARO:3002828_srmB	97.222	36	1	0	1739	1774	1500	1465	1.36e-09	62.1
NODE_7706_length_3062_cov_3.71467	gb_AF235050.4_+_38028-40140_ARO:3003318_Streptomyces	76.997	1139	199	53	210	1319	887	1991	1.04e-169	593
NODE_8025_length_2973_cov_1.80706	gb_NC_002516.2_-_2850882-2854014_ARO:3004074_MuxB	72.461	2865	642	124	173	2968	3041	255	0.0	784
NODE_10471_length_2429_cov_2.44103	gb_NC_003112.2_-_1791966-1795170_ARO:3000811_mtrD	80.049	2060	397	12	1	2053	2053	1	0.0	1515
NODE_11831_length_2216_cov_29.2388	gb_Z21523_+_0-1974_ARO:3000191_tetQ	97.366	1974	52	0	105	2078	1	1974	0.0	3358
NODE_12297_length_2154_cov_5.93473	gb_CP007593.1_+_2148923-2149772_ARO:3001301_RlmA(II)	91.211	842	72	2	697	1537	841	1	0.0	1144
NODE_14870_length_1854_cov_1.69205	gb_NC_003112.2_-_1791966-1795170_ARO:3000811_mtrD	83.792	981	151	6	2	978	2200	3176	0.0	924
NODE_15697_length_1773_cov_2.24447	gb_AY768531_+_0-1179_ARO:3000533_macA	87.838	222	27	0	1549	1770	77	298	6.94e-70	261
NODE_18475_length_1554_cov_5.91661	gb_NC_003098.1_-_1359228-1360395_ARO:3000025_patB	86.188	724	100	0	1	724	434	1157	0.0	784
NODE_18552_length_1549_cov_3.31058	gb_AP006618.1_+_4835199-4838688_ARO:3000501_Nocardia	84.615	169	22	2	2	168	3152	2986	4.88e-41	165
NODE_18790_length_1531_cov_1.58401	gb_KF478993.1_-_6002-6704_ARO:3002930_vanRO	94.444	36	0	2	25	60	320	287	1.09e-07	54.7
NODE_20289_length_1437_cov_1.82634	gb_CP001050.1_+_1332866-1333499_ARO:3000817_mtrR	86.512	215	29	0	42	256	215	1	9.46e-63	237
NODE_21326_length_1380_cov_2.16604	gb_AF242872_+_2131-2878_ARO:3000375_ErmB	98.571	70	0	1	1312	1380	747	678	2.65e-28	122
NODE_23365_length_1274_cov_3.84578	gb_CP007593.1_+_2148923-2149772_ARO:3001301_RlmA(II)	84.161	846	128	6	203	1045	843	1	0.0	815
NODE_24614_length_1218_cov_5.79708	gb_NC_003098.1_+_866210-867410_ARO:3000822_pmrA	79.409	1015	203	4	1	1012	189	1200	0.0	712
NODE_26224_length_1155_cov_1.54091	gb_X63451_+_0-1653_ARO:3002828_srmB	78.448	116	19	6	125	237	1577	1465	8.13e-13	71.3
NODE_28097_length_1091_cov_2.18147	gb_NC_003098.1_-_1359228-1360395_ARO:3000025_patB	82.733	1083	179	8	13	1091	1109	31	0.0	957
NODE_33431_length_938_cov_2.93205	gb_NC_003098.1_-_1359228-1360395_ARO:3000025_patB	84.946	837	122	3	1	835	835	1	0.0	845
NODE_34440_length_915_cov_2.59535	gb_U57969_+_1485-4617_ARO:3000801_MexD	75.390	577	134	8	11	583	1553	981	1.64e-73	272
NODE_34440_length_915_cov_2.59535	gb_AFRQ01000061.1_-_23986-27124_ARO:3004144_AxyY	74.516	620	134	20	8	615	1547	940	2.76e-66	248
NODE_34440_length_915_cov_2.59535	gb_AB015853_+_1330-4471_ARO:3003033_mexY	74.152	619	132	25	8	612	1547	943	2.78e-61	231
NODE_39603_length_811_cov_1.94048	gb_AF173226_+_3767-6917_ARO:3003052_smeB	75.926	378	74	11	254	624	2996	2629	3.25e-45	178
NODE_59562_length_582_cov_2.36433	gb_NC_003098.1_+_866210-867410_ARO:3000822_pmrA	81.771	576	103	2	7	581	716	142	1.57e-136	481
NODE_68797_length_516_cov_1.06291	gb_NC_003112.2_-_1795181-1796420_ARO:3000810_mtrC	76.471	357	82	2	156	511	905	550	7.27e-50	193
NODE_70747_length_505_cov_1.26444	gb_M80346_+_0-1656_ARO:3002817_carA	100.000	36	0	0	398	433	1502	1467	4.50e-12	67.6
NODE_71271_length_501_cov_1.22422	gb_EU434751_+_658-2578_ARO:3000194_tetW	99.800	501	1	0	1	501	787	1287	0.0	920
NODE_71271_length_501_cov_1.22422	gb_KU736867.1_+_19653-21573_ARO:3004442_tet(W/N/W)	91.816	501	41	0	1	501	787	1287	0.0	699
NODE_92817_length_406_cov_2.02564	gb_AF235050.4_+_38028-40140_ARO:3003318_Streptomyces	81.818	396	64	8	13	404	1713	1322	5.34e-90	326
NODE_95065_length_398_cov_1.57434	gb_AF242872_+_2131-2878_ARO:3000375_ErmB	99.398	332	2	0	1	332	332	1	2.16e-173	603
NODE_95744_length_396_cov_1.76246	gb_AF235050.4_+_38028-40140_ARO:3003318_Streptomyces	84.058	138	22	0	27	164	191	54	3.39e-32	134
NODE_105422_length_368_cov_2.92971	gb_AY768532_+_0-1935_ARO:3000535_macB	87.784	352	38	4	4	354	1400	1053	1.68e-114	407
NODE_123038_length_328_cov_1.00733	gb_KX000273.1_+_0-1740_ARO:3004036_tetB(60)	100.000	328	0	0	1	328	881	1208	1.36e-174	606
NODE_124138_length_326_cov_2.53137	gb_AF242872_+_2131-2878_ARO:3000375_ErmB	99.693	326	1	0	1	326	349	674	8.16e-172	597
NODE_124206_length_326_cov_0.708487	gb_NC_014638.1_-_1610636-1613960_ARO:3003730_Bifidobacteria	80.606	165	32	0	108	272	3231	3067	1.29e-30	128
NODE_140906_length_297_cov_0.863636	gb_U57969_+_1485-4617_ARO:3000801_MexD	85.507	69	10	0	53	121	2839	2771	5.54e-14	73.1
NODE_144683_length_291_cov_0.741525	gb_NC_017452.1_-_1144673-1146068_ARO:3003953_hmrM	94.286	105	6	0	1	105	1291	1395	1.12e-40	161
NODE_146743_length_288_cov_1.1073	gb_HM990671_+_5192-6671_ARO:3003112_lsaC	79.487	234	48	0	1	234	1237	1470	2.39e-42	167
NODE_153372_length_279_cov_1.36161	gb_U00096_+_2812615-2814154_ARO:3000074_emrB	86.667	75	10	0	203	277	1200	1126	2.39e-17	84.2
NODE_192610_length_238_cov_1.3388	gb_HM990671_+_5192-6671_ARO:3003112_lsaC	92.778	180	12	1	2	180	181	2	3.12e-70	259
NODE_200270_length_232_cov_1.42938	gb_L36601_+_1420-3130_ARO:3003036_oleB	92.500	40	3	0	174	213	673	634	1.19e-09	58.4
NODE_204672_length_229_cov_1.71839	gb_NC_003098.1_-_1359228-1360395_ARO:3000025_patB	93.886	229	14	0	1	229	105	333	2.23e-96	346
NODE_207311_length_227_cov_0.988372	gb_CP007593.1_+_2148923-2149772_ARO:3001301_RlmA(II)	94.681	94	5	0	121	214	1	94	2.40e-36	147
NODE_207449_length_227_cov_1.48837	gb_AM180355_+_600033-601953_ARO:3000186_tetM	96.035	227	9	0	1	227	1267	1041	1.31e-103	370
NODE_208784_length_226_cov_1.35673	gb_HM990671_+_5192-6671_ARO:3003112_lsaC	96.018	226	9	0	1	226	353	578	4.69e-103	368
NODE_220900_length_217_cov_1.95062	gb_AY768532_+_0-1935_ARO:3000535_macB	89.855	207	21	0	1	207	994	788	1.68e-72	267
NODE_222843_length_216_cov_1.39752	gb_HM990671_+_5192-6671_ARO:3003112_lsaC	94.545	165	9	0	52	216	1479	1315	3.62e-69	255
NODE_230689_length_211_cov_2.28205	gb_HM990671_+_5192-6671_ARO:3003112_lsaC	95.261	211	10	0	1	211	1059	849	4.41e-93	335
NODE_234501_length_208_cov_1.01307	gb_EU434751_+_658-2578_ARO:3000194_tetW	100.000	208	0	0	1	208	492	285	4.25e-108	385
NODE_234501_length_208_cov_1.01307	gb_KU736867.1_+_19653-21573_ARO:3004442_tet(W/N/W)	98.558	208	3	0	1	208	492	285	4.28e-103	368
NODE_240009_length_189_cov_1.81343	gb_AY768532_+_0-1935_ARO:3000535_macB	85.714	189	24	2	1	189	1285	1100	1.92e-51	196
