NODE_82_length_133451_cov_10.6638	gb_M80346_+_0-1656_ARO:3002817_carA	96.970	33	1	0	75160	75192	571	603	2.67e-06	56.5
NODE_103_length_121569_cov_24.1458	gb_AF235050.4_+_38028-40140_ARO:3003318_Streptomyces	73.950	357	73	15	27143	27489	75	421	1.82e-27	126
NODE_121_length_111346_cov_8.00018	gb_X53401_+_0-1992_ARO:3002891_otr(A)	87.037	54	7	0	2598	2651	262	209	4.78e-08	62.1
NODE_125_length_110249_cov_7.11165	gb_U97042_+_1263-4347_ARO:3003010_ceoB	72.477	218	56	4	27987	28202	1036	1251	1.02e-09	67.6
NODE_282_length_73588_cov_20.9765	gb_L36601_+_1420-3130_ARO:3003036_oleB	94.595	37	2	0	24905	24941	1568	1532	4.09e-07	58.4
NODE_468_length_53912_cov_8.37921	gb_NC_002516_+_2810008-2813197_ARO:3000804_MexF	81.545	233	43	0	6659	6891	1268	1036	7.87e-48	193
NODE_468_length_53912_cov_8.37921	gb_AFRQ01000061.1_-_23986-27124_ARO:3004144_AxyY	76.230	244	56	2	6650	6892	1265	1023	2.25e-28	128
NODE_468_length_53912_cov_8.37921	gb_NC_010378.1_+_47850-51003_ARO:3003923_oqxB	76.098	205	43	3	6671	6872	1256	1055	1.36e-20	102
NODE_473_length_53572_cov_11.4932	gb_NC_002516_+_2810008-2813197_ARO:3000804_MexF	79.130	230	46	2	16807	17035	1268	1040	2.85e-37	158
NODE_473_length_53572_cov_11.4932	gb_NC_010378.1_+_47850-51003_ARO:3003923_oqxB	75.980	204	45	4	16819	17020	1256	1055	1.36e-20	102
NODE_473_length_53572_cov_11.4932	gb_U57969_+_1485-4617_ARO:3000801_MexD	84.314	102	16	0	16806	16907	1266	1165	4.88e-20	100
NODE_473_length_53572_cov_11.4932	gb_NC_002516_+_4707534-4710624_ARO:3000808_mexI	86.420	81	9	2	16812	16891	1233	1154	3.80e-16	87.9
NODE_473_length_53572_cov_11.4932	gb_L11616_+_1569-4710_ARO:3000378_MexB	79.825	114	21	2	16819	16931	1247	1135	1.77e-14	82.4
NODE_588_length_46495_cov_27.0075	gb_X01702_+_484-1285_ARO:3002659_APH(6)-Ic	96.875	32	1	0	38056	38087	483	514	3.34e-06	54.7
NODE_633_length_44196_cov_8.37969	gb_L36601_+_1420-3130_ARO:3003036_oleB	97.059	34	1	0	17997	18030	1565	1532	2.46e-07	58.4
NODE_745_length_39050_cov_8.48009	gb_AFRQ01000061.1_-_23986-27124_ARO:3004144_AxyY	82.857	105	18	0	3665	3769	1154	1258	1.65e-18	95.3
NODE_978_length_31882_cov_10.5809	gb_U05883_+_555-1458_ARO:3003559_cepA	77.206	816	168	17	30836	31642	883	77	1.16e-128	460
NODE_1404_length_24412_cov_12.656	gb_AF235050.4_+_38028-40140_ARO:3003318_Streptomyces	77.576	165	35	2	11552	11715	256	419	8.00e-20	99.0
NODE_1475_length_23437_cov_30.6881	gb_HM990671_+_5192-6671_ARO:3003112_lsaC	92.683	41	3	0	19179	19219	452	412	3.62e-08	60.2
NODE_1505_length_22858_cov_3.85256	gb_AY768532_+_0-1935_ARO:3000535_macB	87.324	71	9	0	17354	17424	1591	1661	7.54e-15	82.4
NODE_1580_length_21847_cov_23.6952	gb_KU736867.1_+_19653-21573_ARO:3004442_tet(W/N/W)	94.118	68	4	0	21777	21844	1920	1853	1.54e-21	104
NODE_1580_length_21847_cov_23.6952	gb_EU434751_+_658-2578_ARO:3000194_tetW	96.825	63	0	2	21786	21847	1911	1850	1.54e-21	104
NODE_1741_length_20226_cov_9.19637	gb_X75439_+_476-3551_ARO:3000521_mupA	84.906	53	6	2	18191	18242	1105	1156	5.23e-06	52.8
NODE_1853_length_19191_cov_7.43337	gb_U00096_+_3415032-3418137_ARO:3000502_acrF	76.289	97	23	0	7463	7559	1150	1246	4.96e-06	52.8
NODE_2314_length_15440_cov_14.1013	gb_M37699_+_585-1752_ARO:3000205_tetX	100.000	35	0	0	1	35	35	1	5.13e-10	65.8
NODE_2356_length_15153_cov_22.205	gb_AF173226_+_3767-6917_ARO:3003052_smeB	83.784	74	12	0	14518	14591	1242	1169	1.08e-11	71.3
NODE_2356_length_15153_cov_22.205	gb_AJ252200_+_1278-4401_ARO:3003056_smeE	83.333	72	12	0	14518	14589	1242	1171	1.40e-10	67.6
NODE_2680_length_13407_cov_21.2711	gb_FN594949_+_25244-27167_ARO:3000556_tet44	97.920	1923	40	0	8299	10221	1923	1	0.0	3330
NODE_2772_length_13011_cov_10.6752	gb_AF170880_+_0-1848_ARO:3002522_novA	72.390	431	99	20	9719	10139	1591	1171	3.27e-26	119
NODE_3321_length_10815_cov_29.4505	gb_M57437_+_0-1647_ARO:3002827_tlrC	96.970	33	1	0	7948	7980	600	568	2.16e-07	56.5
NODE_3665_length_9638_cov_19.5506	gb_GQ343019_+_132-1023_ARO:3002999_CblA-1	100.000	891	0	0	6155	7045	1	891	0.0	1646
NODE_4400_length_7830_cov_2.92206	gb_AP006618.1_+_4835199-4838688_ARO:3000501_Nocardia	79.353	402	81	2	4815	5215	3366	2966	2.37e-75	281
NODE_5752_length_5689_cov_191.665	gb_L42817_+_201-936_ARO:3000522_ErmG	100.000	735	0	0	44	778	1	735	0.0	1358
NODE_5752_length_5689_cov_191.665	gb_M64090_+_0-735_ARO:3000595_ErmT	78.095	735	147	11	44	771	1	728	3.45e-127	453
NODE_6013_length_5396_cov_5.57068	gb_NC_002516.2_+_4904646-4907703_ARO:3003031_mexW	87.273	55	5	2	3077	3130	1246	1193	2.31e-09	62.1
NODE_6085_length_5320_cov_15.9987	gb_CP004067_+_52914-53709_ARO:3002647_APH(3')-IIIa	100.000	795	0	0	1719	2513	1	795	0.0	1469
NODE_6085_length_5320_cov_15.9987	gb_U01945_+_373-916_ARO:3002897_SAT-4	100.000	317	0	0	51	367	227	543	3.04e-167	586
NODE_6434_length_4997_cov_4.26791	gb_AFRQ01000061.1_-_23986-27124_ARO:3004144_AxyY	73.333	465	108	15	1325	1781	1479	1023	2.66e-38	158
NODE_7119_length_4456_cov_4.41195	gb_M57437_+_0-1647_ARO:3002827_tlrC	92.500	40	1	2	2659	2698	557	594	8.89e-08	56.5
NODE_8199_length_3775_cov_4.03844	gb_AF235050.4_+_38028-40140_ARO:3003318_Streptomyces	72.165	291	67	13	3476	3759	75	358	5.78e-14	76.8
NODE_9787_length_3086_cov_2.55724	gb_AP006618.1_+_4835199-4838688_ARO:3000501_Nocardia	82.520	246	35	7	2548	2789	3264	3023	4.46e-54	209
NODE_10762_length_2774_cov_3.57999	gb_NC_007779_+_2586250-2589364_ARO:3000491_acrD	96.875	32	1	0	2165	2196	1876	1907	1.99e-07	54.7
NODE_11291_length_2631_cov_326.288	gb_AF472622_+_52-1018_ARO:3003003_CfxA3	99.793	966	2	0	1649	2614	966	1	0.0	1773
NODE_11291_length_2631_cov_326.288	gb_AY769933_+_0-966_ARO:3003005_CfxA4	99.689	966	3	0	1649	2614	966	1	0.0	1768
NODE_11291_length_2631_cov_326.288	gb_AF118110.1_-_71-1037_ARO:3003002_CfxA2	99.689	966	3	0	1649	2614	966	1	0.0	1768
NODE_11291_length_2631_cov_326.288	gb_AY769934_+_27-993_ARO:3003096_CfxA5	99.586	966	4	0	1649	2614	966	1	0.0	1762
NODE_11291_length_2631_cov_326.288	gb_U38243_+_149-1115_ARO:3003001_CfxA	99.586	966	4	0	1649	2614	966	1	0.0	1762
NODE_11291_length_2631_cov_326.288	gb_GQ342996_+_797-1793_ARO:3003097_CfxA6	89.234	966	101	3	1654	2618	993	30	0.0	1205
NODE_11302_length_2627_cov_5.36742	gb_AY928180_+_0-495_ARO:3002837_lnuC	99.192	495	4	0	930	1424	495	1	0.0	893
NODE_11559_length_2569_cov_14.5939	gb_AF118110.1_-_71-1037_ARO:3003002_CfxA2	86.120	951	131	1	295	1245	4	953	0.0	1024
NODE_11559_length_2569_cov_14.5939	gb_AF472622_+_52-1018_ARO:3003003_CfxA3	86.015	951	132	1	295	1245	4	953	0.0	1018
NODE_11559_length_2569_cov_14.5939	gb_AY769934_+_27-993_ARO:3003096_CfxA5	86.015	951	132	1	295	1245	4	953	0.0	1018
NODE_11559_length_2569_cov_14.5939	gb_U38243_+_149-1115_ARO:3003001_CfxA	86.015	951	132	1	295	1245	4	953	0.0	1018
NODE_11559_length_2569_cov_14.5939	gb_AY769933_+_0-966_ARO:3003005_CfxA4	86.015	951	132	1	295	1245	4	953	0.0	1018
NODE_11559_length_2569_cov_14.5939	gb_GQ342996_+_797-1793_ARO:3003097_CfxA6	84.963	951	136	6	293	1240	34	980	0.0	957
NODE_11792_length_2515_cov_38.7341	gb_M18896.2_+_206-2126_ARO:3000190_tetO	99.323	1920	13	0	534	2453	1	1920	0.0	3474
NODE_11792_length_2515_cov_38.7341	gb_AJ295238.3_+_163-2083_ARO:3000196_tet32	94.344	831	47	0	1623	2453	1090	1920	0.0	1275
NODE_11792_length_2515_cov_38.7341	gb_AJ295238.3_+_163-2083_ARO:3000196_tet32	91.162	396	35	0	534	929	1	396	4.07e-153	538
NODE_12773_length_2312_cov_373.642	gb_M37699_+_585-1752_ARO:3000205_tetX	99.829	1167	2	0	342	1508	1	1167	0.0	2145
NODE_12797_length_2309_cov_863.385	gb_Z21523_+_0-1974_ARO:3000191_tetQ	98.379	1974	32	0	289	2262	1974	1	0.0	3469
NODE_12899_length_2288_cov_2.1236	gb_AJ252200_+_1278-4401_ARO:3003056_smeE	74.260	338	63	18	917	1242	332	7	1.59e-27	121
NODE_13406_length_2195_cov_46.5874	gb_AF242872_+_2131-2878_ARO:3000375_ErmB	99.671	607	2	0	459	1065	1	607	0.0	1110
NODE_14867_length_1977_cov_142.912	gb_EU434751_+_658-2578_ARO:3000194_tetW	99.317	1904	13	0	74	1977	1	1904	0.0	3445
NODE_14867_length_1977_cov_142.912	gb_KU736867.1_+_19653-21573_ARO:3004442_tet(W/N/W)	95.956	1904	77	0	74	1977	1	1904	0.0	3090
NODE_15318_length_1914_cov_8.96288	gb_JQ740052_+_2108-3329_ARO:3000567_tet(40)	99.918	1221	1	0	632	1852	1221	1	0.0	2250
NODE_15524_length_1888_cov_3.22531	gb_U00096_+_3415032-3418137_ARO:3000502_acrF	76.923	91	21	0	711	801	1246	1156	4.85e-07	52.8
NODE_17718_length_1653_cov_82.2566	gb_GQ342996_+_797-1793_ARO:3003097_CfxA6	99.798	991	2	0	626	1616	6	996	0.0	1820
NODE_17718_length_1653_cov_82.2566	gb_AF472622_+_52-1018_ARO:3003003_CfxA3	89.189	962	101	3	654	1613	1	961	0.0	1197
NODE_17718_length_1653_cov_82.2566	gb_AY769933_+_0-966_ARO:3003005_CfxA4	89.085	962	102	3	654	1613	1	961	0.0	1192
NODE_17718_length_1653_cov_82.2566	gb_AF118110.1_-_71-1037_ARO:3003002_CfxA2	89.085	962	102	3	654	1613	1	961	0.0	1192
NODE_17718_length_1653_cov_82.2566	gb_AY769934_+_27-993_ARO:3003096_CfxA5	88.981	962	103	3	654	1613	1	961	0.0	1186
NODE_17718_length_1653_cov_82.2566	gb_U38243_+_149-1115_ARO:3003001_CfxA	88.981	962	103	3	654	1613	1	961	0.0	1186
NODE_19889_length_1476_cov_414.683	gb_JN086160_-_1582-2407_ARO:3001777_OXA-347	100.000	825	0	0	593	1417	825	1	0.0	1524
NODE_19889_length_1476_cov_414.683	gb_JF268688.1_-_5407-6232_ARO:3001809_OXA-209	83.924	734	106	12	593	1320	825	98	0.0	691
NODE_19889_length_1476_cov_414.683	gb_M17124_+_1181-1982_ARO:3000498_ErmF	98.806	335	4	0	56	390	467	801	3.87e-171	597
NODE_20506_length_1432_cov_4.34495	gb_NC_023287.1_-_65291-66509_ARO:3000615_mefA	90.256	1211	114	4	1	1209	1209	1	0.0	1580
NODE_25479_length_1166_cov_3.93249	gb_M57437_+_0-1647_ARO:3002827_tlrC	96.970	33	1	0	2	34	600	568	2.30e-08	56.5
NODE_28220_length_1060_cov_3.1791	gb_NC_002516.2_+_4904646-4907703_ARO:3003031_mexW	73.684	209	45	7	586	789	2772	2569	2.07e-13	73.1
NODE_28220_length_1060_cov_3.1791	gb_AF173226_+_3767-6917_ARO:3003052_smeB	88.636	44	5	0	593	636	2852	2809	7.50e-08	54.7
NODE_28955_length_1035_cov_5.30102	gb_JX560992_+_8592-9321_ARO:3002630_ANT(9)-Ia	87.392	579	71	2	323	899	729	151	0.0	664
NODE_32532_length_936_cov_164.964	gb_EU434751_+_658-2578_ARO:3000194_tetW	100.000	71	0	0	1	71	1850	1920	2.97e-31	132
NODE_39091_length_793_cov_2.15989	gb_AF226276.1_+_3583-4207_ARO:3002682_catD	99.772	438	1	0	356	793	1	438	0.0	804
NODE_39091_length_793_cov_2.15989	gb_U15027_+_0-624_ARO:3002686_catP	99.772	438	1	0	356	793	1	438	0.0	804
NODE_39091_length_793_cov_2.15989	gb_NC_012469.1_-_1800927-1802391_ARO:3000616_mel	89.474	76	8	0	187	262	1	76	9.15e-21	97.1
NODE_49229_length_650_cov_2.76639	gb_M35190.1_+_308-932_ARO:3004454_Campylobacter	96.068	585	23	0	1	585	585	1	0.0	953
NODE_49229_length_650_cov_2.76639	gb_X53797_+_133-775_ARO:3002684_catII	94.118	34	2	0	6	39	589	556	1.64e-07	52.8
NODE_50976_length_631_cov_393.773	gb_M17124_+_1181-1982_ARO:3000498_ErmF	99.788	471	1	0	56	526	471	1	0.0	865
NODE_50976_length_631_cov_393.773	gb_AF319779.2_+_32-833_ARO:3000604_Erm(35)	78.981	471	99	0	56	526	471	1	1.10e-88	322
NODE_53235_length_608_cov_1.44304	gb_AJ295238.3_+_163-2083_ARO:3000196_tet32	97.368	608	16	0	1	608	1083	476	0.0	1035
NODE_57194_length_574_cov_2.56455	gb_AF242872_+_2131-2878_ARO:3000375_ErmB	98.969	194	1	1	382	574	747	554	5.89e-96	346
NODE_58790_length_561_cov_2.10672	gb_KX531046.1_+_0-864_ARO:3003982_LlmA	96.875	32	1	0	499	530	355	386	3.90e-08	54.7
NODE_61187_length_543_cov_1.39754	gb_MF095097.1_-_1855-3484_ARO:3004470_poxtA	93.182	44	1	2	16	58	1388	1430	6.27e-11	63.9
NODE_68158_length_497_cov_0.864253	gb_AF235050.4_+_38028-40140_ARO:3003318_Streptomyces	100.000	31	0	0	372	402	1926	1896	2.66e-09	58.4
NODE_86651_length_410_cov_2.2	gb_AF028812_+_392-887_ARO:3002867_dfrF	99.674	307	1	0	1	307	189	495	3.78e-161	562
NODE_104603_length_356_cov_1.2392	gb_AF028812_+_392-887_ARO:3002867_dfrF	100.000	206	0	0	1	206	206	1	9.82e-107	381
NODE_115901_length_330_cov_2.02909	gb_NC_023287.1_-_60996-61860_ARO:3002626_ANT(6)-Ia	85.106	329	47	2	1	328	26	353	7.16e-93	335
NODE_115901_length_330_cov_2.02909	gb_AY712687_+_0-831_ARO:3002628_aad(6)	82.246	276	47	2	54	328	1	275	2.08e-63	237
NODE_201545_length_229_cov_2.47701	gb_M57437_+_0-1647_ARO:3002827_tlrC	92.500	40	2	1	166	205	601	563	4.21e-09	56.5
NODE_216193_length_219_cov_1.21951	gb_AY712687_+_0-831_ARO:3002628_aad(6)	100.000	219	0	0	1	219	677	459	3.45e-114	405
NODE_221895_length_216_cov_1.27329	gb_NC_014638.1_-_1610636-1613960_ARO:3003730_Bifidobacteria	93.458	214	14	0	1	214	742	529	4.56e-88	318
NODE_229922_length_211_cov_0.961538	gb_CP004067.1_-_43007-43928_ARO:3002669_APH(2'')-Ig	100.000	211	0	0	1	211	627	417	9.28e-110	390
NODE_236390_length_208_cov_1.04575	gb_X74948_+_0-492_ARO:3002688_catS	99.038	208	2	0	1	208	261	54	9.20e-105	374
NODE_238002_length_207_cov_0.710526	gb_AF337947_+_271-1171_ARO:3002635_APH(2'')-IIa	99.517	207	1	0	1	207	414	620	7.07e-106	377
NODE_241154_length_178_cov_51.4472	gb_KU736867.1_+_19653-21573_ARO:3004442_tet(W/N/W)	94.118	68	4	0	108	175	1920	1853	1.12e-23	104
NODE_241154_length_178_cov_51.4472	gb_EU434751_+_658-2578_ARO:3000194_tetW	96.825	63	0	2	117	178	1911	1850	1.12e-23	104
