NODE_14_length_202657_cov_10.648	gb_AF173226_+_3767-6917_ARO:3003052_smeB	83.784	74	12	0	14689	14762	1242	1169	1.44e-10	71.3
NODE_14_length_202657_cov_10.648	gb_AJ252200_+_1278-4401_ARO:3003056_smeE	83.333	72	12	0	14689	14760	1242	1171	1.87e-09	67.6
NODE_167_length_79532_cov_9.15467	gb_GQ343019_+_132-1023_ARO:3002999_CblA-1	100.000	891	0	0	9937	10827	891	1	0.0	1646
NODE_199_length_73571_cov_12.4583	gb_AP006618.1_+_4835199-4838688_ARO:3000501_Nocardia	82.520	246	35	7	45400	45641	3023	3264	1.07e-52	209
NODE_199_length_73571_cov_12.4583	gb_AJ252200_+_1278-4401_ARO:3003056_smeE	74.260	338	63	18	8263	8588	7	332	5.14e-26	121
NODE_205_length_72872_cov_6.90211	gb_M80346_+_0-1656_ARO:3002817_carA	96.970	33	1	0	14751	14783	571	603	1.46e-06	56.5
NODE_405_length_51524_cov_17.6089	gb_X01702_+_484-1285_ARO:3002659_APH(6)-Ic	96.875	32	1	0	8518	8549	514	483	3.70e-06	54.7
NODE_995_length_26592_cov_204.265	gb_L42817_+_201-936_ARO:3000522_ErmG	100.000	48	0	0	26545	26592	1	48	5.24e-17	89.8
NODE_1149_length_23437_cov_26.8829	gb_HM990671_+_5192-6671_ARO:3003112_lsaC	92.683	41	3	0	4219	4259	412	452	3.62e-08	60.2
NODE_1216_length_22351_cov_5.5714	gb_HM990671_+_5192-6671_ARO:3003112_lsaC	92.683	41	3	0	11800	11840	452	412	3.46e-08	60.2
NODE_1244_length_21847_cov_15.6924	gb_KU736867.1_+_19653-21573_ARO:3004442_tet(W/N/W)	94.118	68	4	0	21777	21844	1920	1853	1.54e-21	104
NODE_1244_length_21847_cov_15.6924	gb_EU434751_+_658-2578_ARO:3000194_tetW	96.825	63	0	2	21786	21847	1911	1850	1.54e-21	104
NODE_1322_length_20641_cov_9.23137	gb_U05883_+_555-1458_ARO:3003559_cepA	77.206	816	168	17	19614	20420	883	77	7.49e-129	460
NODE_1497_length_18384_cov_5.18048	gb_HM990671_+_5192-6671_ARO:3003112_lsaC	94.737	38	0	2	15288	15324	449	413	1.02e-07	58.4
NODE_1754_length_15048_cov_59.9155	gb_GQ342996_+_797-1793_ARO:3003097_CfxA6	83.505	291	42	5	14761	15048	34	321	1.28e-70	267
NODE_1754_length_15048_cov_59.9155	gb_AF472622_+_52-1018_ARO:3003003_CfxA3	83.158	285	47	1	14763	15047	4	287	2.14e-68	259
NODE_1754_length_15048_cov_59.9155	gb_AY769934_+_27-993_ARO:3003096_CfxA5	83.158	285	47	1	14763	15047	4	287	2.14e-68	259
NODE_1754_length_15048_cov_59.9155	gb_U38243_+_149-1115_ARO:3003001_CfxA	83.158	285	47	1	14763	15047	4	287	2.14e-68	259
NODE_1754_length_15048_cov_59.9155	gb_AY769933_+_0-966_ARO:3003005_CfxA4	83.158	285	47	1	14763	15047	4	287	2.14e-68	259
NODE_1754_length_15048_cov_59.9155	gb_AF118110.1_-_71-1037_ARO:3003002_CfxA2	83.158	285	47	1	14763	15047	4	287	2.14e-68	259
NODE_1799_length_14740_cov_3.18529	gb_X53401_+_0-1992_ARO:3002891_otr(A)	87.037	54	7	0	14579	14632	209	262	6.33e-09	62.1
NODE_2040_length_12868_cov_9.65691	gb_FN594949_+_25244-27167_ARO:3000556_tet44	97.920	1923	40	0	8299	10221	1923	1	0.0	3330
NODE_3138_length_7940_cov_3.20076	gb_AF170880_+_0-1848_ARO:3002522_novA	72.390	431	99	20	493	913	1171	1591	1.99e-26	119
NODE_3531_length_6890_cov_8.08603	gb_AF242872_+_2131-2878_ARO:3000375_ErmB	99.671	607	2	0	5156	5762	1	607	0.0	1110
NODE_3869_length_6133_cov_318.519	gb_L42817_+_201-936_ARO:3000522_ErmG	99.130	115	1	0	6019	6133	735	621	3.19e-53	207
NODE_4663_length_4959_cov_4.59278	gb_AF235050.4_+_38028-40140_ARO:3003318_Streptomyces	77.576	165	35	2	3422	3585	419	256	1.62e-20	99.0
NODE_4911_length_4629_cov_3.11609	gb_NC_007779_+_2586250-2589364_ARO:3000491_acrD	77.200	250	49	8	307	552	1026	1271	8.91e-33	139
NODE_4911_length_4629_cov_3.11609	gb_U00096_+_3660413-3663527_ARO:3000796_mdtF	73.770	244	60	4	281	522	1000	1241	7.03e-19	93.5
NODE_6004_length_3629_cov_7.62367	gb_CP004067_+_52914-53709_ARO:3002647_APH(3')-IIIa	100.000	795	0	0	2808	3602	795	1	0.0	1469
NODE_7777_length_2714_cov_26.8157	gb_M18896.2_+_206-2126_ARO:3000190_tetO	99.427	1920	11	0	733	2652	1	1920	0.0	3485
NODE_7777_length_2714_cov_26.8157	gb_AJ295238.3_+_163-2083_ARO:3000196_tet32	94.465	831	46	0	1822	2652	1090	1920	0.0	1280
NODE_7777_length_2714_cov_26.8157	gb_AJ295238.3_+_163-2083_ARO:3000196_tet32	91.162	396	35	0	733	1128	1	396	4.40e-153	538
NODE_7974_length_2631_cov_125.152	gb_AF472622_+_52-1018_ARO:3003003_CfxA3	99.793	966	2	0	1649	2614	966	1	0.0	1773
NODE_7974_length_2631_cov_125.152	gb_AY769933_+_0-966_ARO:3003005_CfxA4	99.689	966	3	0	1649	2614	966	1	0.0	1768
NODE_7974_length_2631_cov_125.152	gb_AF118110.1_-_71-1037_ARO:3003002_CfxA2	99.689	966	3	0	1649	2614	966	1	0.0	1768
NODE_7974_length_2631_cov_125.152	gb_AY769934_+_27-993_ARO:3003096_CfxA5	99.586	966	4	0	1649	2614	966	1	0.0	1762
NODE_7974_length_2631_cov_125.152	gb_U38243_+_149-1115_ARO:3003001_CfxA	99.586	966	4	0	1649	2614	966	1	0.0	1762
NODE_7974_length_2631_cov_125.152	gb_GQ342996_+_797-1793_ARO:3003097_CfxA6	89.234	966	101	3	1654	2618	993	30	0.0	1205
NODE_8079_length_2596_cov_2.72058	gb_AFRQ01000061.1_-_23986-27124_ARO:3004144_AxyY	82.857	105	18	0	2218	2322	1258	1154	1.09e-19	95.3
NODE_8333_length_2512_cov_3.17827	gb_U97042_+_1263-4347_ARO:3003010_ceoB	72.477	218	56	4	1903	2118	1251	1036	2.31e-11	67.6
NODE_9002_length_2310_cov_673.969	gb_Z21523_+_0-1974_ARO:3000191_tetQ	97.924	1975	40	1	289	2263	1974	1	0.0	3419
NODE_10464_length_1977_cov_60.3065	gb_EU434751_+_658-2578_ARO:3000194_tetW	99.160	1904	16	0	1	1904	1904	1	0.0	3428
NODE_10464_length_1977_cov_60.3065	gb_KU736867.1_+_19653-21573_ARO:3004442_tet(W/N/W)	96.113	1904	74	0	1	1904	1904	1	0.0	3107
NODE_10529_length_1964_cov_3.77004	gb_AY928180_+_0-495_ARO:3002837_lnuC	99.192	495	4	0	1351	1845	1	495	0.0	893
NODE_10662_length_1938_cov_6.25491	gb_AF118110.1_-_71-1037_ARO:3003002_CfxA2	87.582	612	76	0	3	614	342	953	0.0	710
NODE_10662_length_1938_cov_6.25491	gb_AF472622_+_52-1018_ARO:3003003_CfxA3	87.418	612	77	0	3	614	342	953	0.0	704
NODE_10662_length_1938_cov_6.25491	gb_AY769934_+_27-993_ARO:3003096_CfxA5	87.418	612	77	0	3	614	342	953	0.0	704
NODE_10662_length_1938_cov_6.25491	gb_U38243_+_149-1115_ARO:3003001_CfxA	87.418	612	77	0	3	614	342	953	0.0	704
NODE_10662_length_1938_cov_6.25491	gb_AY769933_+_0-966_ARO:3003005_CfxA4	87.418	612	77	0	3	614	342	953	0.0	704
NODE_10662_length_1938_cov_6.25491	gb_GQ342996_+_797-1793_ARO:3003097_CfxA6	85.997	607	84	1	3	609	375	980	0.0	649
NODE_11426_length_1805_cov_8.868	gb_JQ740052_+_2108-3329_ARO:3000567_tet(40)	99.918	1221	1	0	523	1743	1221	1	0.0	2250
NODE_11838_length_1746_cov_8.51626	gb_U01945_+_373-916_ARO:3002897_SAT-4	100.000	317	0	0	51	367	227	543	9.93e-168	586
NODE_11838_length_1746_cov_8.51626	gb_CP004067_+_52914-53709_ARO:3002647_APH(3')-IIIa	100.000	28	0	0	1719	1746	1	28	4.48e-07	52.8
NODE_12123_length_1706_cov_3.74258	gb_AF235050.4_+_38028-40140_ARO:3003318_Streptomyces	71.659	434	94	24	861	1282	75	491	2.58e-19	93.5
NODE_12809_length_1613_cov_14.2246	gb_M37699_+_585-1752_ARO:3000205_tetX	100.000	36	0	0	1	36	36	1	1.48e-11	67.6
NODE_12896_length_1603_cov_14.9393	gb_U00096_-_2098446-2099613_ARO:3003577_ugd	81.250	80	15	0	309	388	983	904	5.28e-11	65.8
NODE_13507_length_1532_cov_3.36831	gb_AF235050.4_+_38028-40140_ARO:3003318_Streptomyces	72.125	287	64	12	1	279	353	75	3.01e-13	73.1
NODE_15649_length_1331_cov_72.7947	gb_M37699_+_585-1752_ARO:3000205_tetX	99.829	1167	2	0	20	1186	1	1167	0.0	2145
NODE_16690_length_1252_cov_536.074	gb_GQ342996_+_797-1793_ARO:3003097_CfxA6	99.798	991	2	0	38	1028	996	6	0.0	1820
NODE_16690_length_1252_cov_536.074	gb_AF472622_+_52-1018_ARO:3003003_CfxA3	89.189	962	101	3	41	1000	961	1	0.0	1197
NODE_16690_length_1252_cov_536.074	gb_AY769933_+_0-966_ARO:3003005_CfxA4	89.085	962	102	3	41	1000	961	1	0.0	1192
NODE_16690_length_1252_cov_536.074	gb_AF118110.1_-_71-1037_ARO:3003002_CfxA2	89.085	962	102	3	41	1000	961	1	0.0	1192
NODE_16690_length_1252_cov_536.074	gb_AY769934_+_27-993_ARO:3003096_CfxA5	88.981	962	103	3	41	1000	961	1	0.0	1186
NODE_16690_length_1252_cov_536.074	gb_U38243_+_149-1115_ARO:3003001_CfxA	88.981	962	103	3	41	1000	961	1	0.0	1186
NODE_17689_length_1190_cov_1.82907	gb_NC_007779_+_2586250-2589364_ARO:3000491_acrD	96.875	32	1	0	517	548	1876	1907	8.44e-08	54.7
NODE_19805_length_1074_cov_67.2983	gb_JN086160_-_1582-2407_ARO:3001777_OXA-347	100.000	825	0	0	60	884	1	825	0.0	1524
NODE_19805_length_1074_cov_67.2983	gb_JF268688.1_-_5407-6232_ARO:3001809_OXA-209	83.924	734	106	12	157	884	98	825	0.0	691
NODE_21580_length_999_cov_7.4947	gb_KU736867.1_+_19653-21573_ARO:3004442_tet(W/N/W)	90.045	884	84	3	118	999	1	882	0.0	1142
NODE_21580_length_999_cov_7.4947	gb_EU434751_+_658-2578_ARO:3000194_tetW	88.801	884	95	3	118	999	1	882	0.0	1081
NODE_21676_length_995_cov_3.43298	gb_L36601_+_1420-3130_ARO:3003036_oleB	94.595	37	2	0	871	907	1568	1532	5.43e-09	58.4
NODE_22681_length_958_cov_1.63455	gb_M35190.1_+_308-932_ARO:3004454_Campylobacter	97.516	322	8	0	637	958	623	302	1.97e-157	551
NODE_22681_length_958_cov_1.63455	gb_X53797_+_133-775_ARO:3002684_catII	94.118	34	2	0	680	713	589	556	2.43e-07	52.8
NODE_23387_length_936_cov_56.9966	gb_EU434751_+_658-2578_ARO:3000194_tetW	100.000	71	0	0	866	936	1920	1850	2.97e-31	132
NODE_23867_length_921_cov_1.84988	gb_U00096_+_3415032-3418137_ARO:3000502_acrF	76.289	97	23	0	566	662	1246	1150	2.34e-07	52.8
NODE_25678_length_868_cov_1.92866	gb_U00096_+_3415032-3418137_ARO:3000502_acrF	76.923	91	21	0	385	475	1246	1156	2.20e-07	52.8
NODE_30518_length_759_cov_197.676	gb_L42817_+_201-936_ARO:3000522_ErmG	100.000	69	0	0	636	704	735	667	3.10e-30	128
NODE_30936_length_751_cov_2.77155	gb_AF028812_+_392-887_ARO:3002867_dfrF	100.000	187	0	0	1	187	187	1	7.78e-96	346
NODE_31656_length_737_cov_1.00293	gb_AF235050.4_+_38028-40140_ARO:3003318_Streptomyces	76.106	339	79	2	97	434	413	76	1.06e-44	176
NODE_31787_length_734_cov_1.61119	gb_AY768532_+_0-1935_ARO:3000535_macB	94.000	50	3	0	678	727	1591	1640	1.10e-14	76.8
NODE_31791_length_734_cov_1.73638	gb_U00096_+_2484373-2487967_ARO:3000833_evgS	97.685	691	16	0	1	691	2904	3594	0.0	1188
NODE_32113_length_729_cov_1.35608	gb_AP009048_-_4338624-4340268_ARO:3003576_eptA	96.022	729	29	0	1	729	916	1644	0.0	1186
NODE_33040_length_714_cov_1.29742	gb_CP015085.1_-_2551711-2552440_ARO:3003838_gadW	99.856	694	1	0	21	714	1	694	0.0	1277
NODE_34232_length_695_cov_1.36094	gb_NC_000913.3_+_2810769-2811300_ARO:3000516_emrR	98.817	338	4	0	358	695	531	194	3.86e-173	603
NODE_34232_length_695_cov_1.36094	gb_AP009048_+_2810082-2811255_ARO:3000027_emrA	99.134	231	2	0	1	231	231	1	5.40e-117	416
NODE_35164_length_682_cov_488.595	gb_L42817_+_201-936_ARO:3000522_ErmG	99.704	675	2	0	8	682	1	675	0.0	1236
NODE_35164_length_682_cov_488.595	gb_M64090_+_0-735_ARO:3000595_ErmT	77.859	682	137	11	8	682	1	675	2.46e-115	411
NODE_35717_length_674_cov_1.79968	gb_M57437_+_0-1647_ARO:3002827_tlrC	96.970	33	1	0	404	436	600	568	1.31e-08	56.5
NODE_38838_length_633_cov_1.46886	gb_NC_000913.3_+_3219493-3220873_ARO:3000024_patA	97.590	166	4	0	1	166	166	1	1.44e-77	285
NODE_39265_length_629_cov_1.26307	gb_AP009048.1_-_3980025-3981183_ARO:3000795_mdtE	98.361	61	1	0	1	61	61	1	3.33e-24	108
NODE_40469_length_615_cov_1.22679	gb_NC_000913.3_-_481253-484403_ARO:3000216_acrB	98.211	615	11	0	1	615	949	1563	0.0	1075
NODE_40754_length_612_cov_2.29803	gb_NC_002516_+_2810008-2813197_ARO:3000804_MexF	81.545	233	43	0	118	350	1268	1036	8.68e-50	193
NODE_40754_length_612_cov_2.29803	gb_AFRQ01000061.1_-_23986-27124_ARO:3004144_AxyY	76.230	244	56	2	109	351	1265	1023	2.48e-30	128
NODE_40754_length_612_cov_2.29803	gb_NC_010378.1_+_47850-51003_ARO:3003923_oqxB	76.098	205	43	3	130	331	1256	1055	1.50e-22	102
NODE_42968_length_589_cov_1.50187	gb_U00096_-_3412802-3413465_ARO:3000656_acrS	98.974	390	4	0	1	390	274	663	0.0	699
NODE_47675_length_548_cov_0.843813	gb_NC_007779_+_3974604-3975429_ARO:3000508_gadX	94.526	475	26	0	74	548	1	475	0.0	734
NODE_51755_length_517_cov_1.19697	gb_U00096_+_2484373-2487967_ARO:3000833_evgS	97.778	270	6	0	1	270	270	1	3.89e-132	466
NODE_51755_length_517_cov_1.19697	gb_NC_002695_+_3211891-3212506_ARO:3000832_evgA	99.177	243	2	0	275	517	615	373	8.48e-124	438
NODE_53886_length_502_cov_1.47651	gb_AF016483_+_0-906_ARO:3002637_APH(2'')-IVa	100.000	165	0	0	338	502	1	165	8.70e-84	305
NODE_53886_length_502_cov_1.47651	gb_AY939911_+_3535-4441_ARO:3002634_APH(2'')-Ie	96.815	157	5	0	338	494	1	157	5.31e-71	263
NODE_56350_length_487_cov_2.31944	gb_M35190.1_+_308-932_ARO:3004454_Campylobacter	96.659	419	14	0	1	419	419	1	0.0	697
NODE_56423_length_486_cov_1.12529	gb_NC_000913.3_-_4377810-4378944_ARO:3004290_Escherichia	97.325	486	13	0	1	486	798	313	0.0	826
NODE_56423_length_486_cov_1.12529	gb_KJ207207_+_479-1625_ARO:3001844_ACT-24	75.499	351	82	4	80	428	731	383	1.15e-42	169
NODE_56423_length_486_cov_1.12529	gb_KF526118_+_0-1146_ARO:3001842_ACT-21	76.398	322	71	5	109	428	701	383	1.15e-42	169
NODE_56423_length_486_cov_1.12529	gb_FJ237369_+_0-1146_ARO:3001824_ACT-5	76.398	322	71	5	109	428	701	383	1.15e-42	169
NODE_56423_length_486_cov_1.12529	gb_KF515536_+_0-1146_ARO:3001828_ACT-23	75.499	351	82	4	80	428	731	383	1.15e-42	169
NODE_56423_length_486_cov_1.12529	gb_KF992028_+_761-1907_ARO:3001839_ACT-18	75.499	351	82	4	80	428	731	383	1.15e-42	169
NODE_56423_length_486_cov_1.12529	gb_JX440354_+_756-1902_ARO:3001836_ACT-14	75.499	351	82	4	80	428	731	383	1.15e-42	169
NODE_56423_length_486_cov_1.12529	gb_KM926621_+_751-1897_ARO:3003171_ACT-36	75.214	351	83	4	80	428	731	383	5.35e-41	163
NODE_61459_length_458_cov_1.067	gb_AP009048.1_-_4303042-4304509_ARO:3003550_mdtP	96.491	57	2	0	402	458	1467	1411	1.86e-20	95.3
NODE_63249_length_449_cov_1.27411	gb_U00096_+_3415032-3418137_ARO:3000502_acrF	93.987	449	27	0	1	449	1842	1394	0.0	680
NODE_66317_length_435_cov_1.65	gb_NC_023287.1_-_65291-66509_ARO:3000615_mefA	90.778	347	32	0	1	347	872	1218	1.17e-131	464
NODE_66339_length_435_cov_1.81842	gb_AY712687_+_0-831_ARO:3002628_aad(6)	86.885	427	52	4	1	425	608	184	5.39e-135	475
NODE_66444_length_434_cov_0.931398	gb_NC_000913.3_+_966620-968369_ARO:3003950_msbA	100.000	35	0	0	399	433	1	35	1.38e-11	65.8
NODE_67788_length_428_cov_1.00536	gb_AP009048.1_-_4304505-4306557_ARO:3003549_mdtO	96.622	296	10	0	130	425	1	296	5.26e-140	492
NODE_67788_length_428_cov_1.00536	gb_AP009048.1_-_4306556-4307588_ARO:3003548_mdtN	100.000	130	0	0	1	130	903	1032	2.10e-64	241
NODE_68474_length_425_cov_1.2973	gb_JQ394987_+_0-1233_ARO:3001328_Escherichia	97.552	286	7	0	140	425	1233	948	1.88e-139	490
NODE_68590_length_425_cov_1.32162	gb_U00096_+_3415032-3418137_ARO:3000502_acrF	99.294	425	3	0	1	425	660	236	0.0	769
NODE_71352_length_414_cov_1.20334	gb_NC_014638.1_-_1610636-1613960_ARO:3003730_Bifidobacteria	83.162	291	44	3	6	292	290	1	1.56e-70	261
NODE_76689_length_395_cov_75.3471	gb_M17124_+_1181-1982_ARO:3000498_ErmF	100.000	358	0	0	38	395	1	358	0.0	662
NODE_76689_length_395_cov_75.3471	gb_AF319779.2_+_32-833_ARO:3000604_Erm(35)	80.899	356	68	0	38	393	1	356	1.14e-76	281
NODE_83038_length_375_cov_1.51875	gb_KX531046.1_+_0-864_ARO:3003982_LlmA	75.000	132	31	2	13	143	395	265	5.50e-10	60.2
NODE_83139_length_374_cov_0.84326	gb_U00096_+_2154015-2155263_ARO:3000792_mdtA	96.508	315	11	0	1	315	934	1248	5.82e-149	521
NODE_83139_length_374_cov_0.84326	gb_U00096_+_2155262-2158385_ARO:3000793_mdtB	98.333	60	1	0	315	374	1	60	6.95e-24	106
NODE_87569_length_362_cov_1.07818	gb_AP009048.1_-_4153663-4154296_ARO:3000518_CRP	99.522	209	1	0	1	209	209	1	1.00e-106	381
NODE_88229_length_361_cov_2.72222	gb_AF028812_+_392-887_ARO:3002867_dfrF	100.000	289	0	0	73	361	495	207	7.23e-153	534
NODE_88674_length_359_cov_0.789474	gb_U00096_+_2484373-2487967_ARO:3000833_evgS	94.958	357	18	0	3	359	673	1029	1.19e-160	560
NODE_89758_length_357_cov_4.92384	gb_KU736867.1_+_19653-21573_ARO:3004442_tet(W/N/W)	93.277	357	24	0	1	357	1292	1648	1.20e-150	527
NODE_89758_length_357_cov_4.92384	gb_EU434751_+_658-2578_ARO:3000194_tetW	92.997	357	25	0	1	357	1292	1648	5.56e-149	521
NODE_90308_length_355_cov_0.903333	gb_U00096_+_3660413-3663527_ARO:3000796_mdtF	97.746	355	8	0	1	355	2084	2438	3.19e-176	612
NODE_91343_length_353_cov_3.96644	gb_KU736867.1_+_19653-21573_ARO:3004442_tet(W/N/W)	96.034	353	14	0	1	353	1648	1296	4.16e-165	575
NODE_91343_length_353_cov_3.96644	gb_EU434751_+_658-2578_ARO:3000194_tetW	95.467	353	16	0	1	353	1648	1296	9.01e-162	564
NODE_92979_length_349_cov_7.53061	gb_KU736867.1_+_19653-21573_ARO:3004442_tet(W/N/W)	97.248	327	9	0	23	349	1920	1594	5.36e-159	555
NODE_92979_length_349_cov_7.53061	gb_EU434751_+_658-2578_ARO:3000194_tetW	93.103	319	20	2	32	349	1911	1594	2.58e-132	466
NODE_93125_length_348_cov_1.43345	gb_D78168_+_1591-3130_ARO:3000254_emrY	97.989	348	7	0	1	348	997	1344	5.23e-174	604
NODE_95463_length_343_cov_1.11111	gb_M18896.2_+_206-2126_ARO:3000190_tetO	100.000	30	0	0	314	343	1523	1494	6.50e-09	56.5
NODE_95463_length_343_cov_1.11111	gb_AJ295238.3_+_163-2083_ARO:3000196_tet32	100.000	30	0	0	314	343	1523	1494	6.50e-09	56.5
NODE_97206_length_339_cov_1.20423	gb_U00096_+_2484373-2487967_ARO:3000833_evgS	93.510	339	22	0	1	339	1752	2090	5.30e-144	505
NODE_98584_length_336_cov_0.903915	gb_NC_000913.3_-_2306971-2308615_ARO:3003952_yojI	97.273	330	9	0	1	330	166	495	1.11e-160	560
NODE_99484_length_334_cov_1.11111	gb_AP009048.1_-_4304505-4306557_ARO:3003549_mdtO	96.707	334	11	0	1	334	598	931	1.42e-159	556
NODE_100686_length_332_cov_0.714801	gb_U00096_+_2484373-2487967_ARO:3000833_evgS	96.988	332	10	0	1	332	2899	2568	3.93e-160	558
NODE_101864_length_329_cov_2.58394	gb_U00096.3_-_3203309-3204131_ARO:3002986_bacA	96.615	325	11	0	1	325	443	767	1.41e-154	540
NODE_102076_length_329_cov_9.87591	gb_M17124_+_1181-1982_ARO:3000498_ErmF	97.568	329	8	0	1	329	304	632	8.36e-162	564
NODE_109379_length_315_cov_1.72308	gb_AP009048_-_4338624-4340268_ARO:3003576_eptA	100.000	31	0	0	1	31	31	1	1.65e-09	58.4
NODE_110471_length_313_cov_1.23643	gb_U00096_+_2484373-2487967_ARO:3000833_evgS	97.444	313	8	0	1	313	1347	1659	6.21e-153	534
NODE_113245_length_309_cov_0.822835	gb_NC_000913.3_+_3219493-3220873_ARO:3000024_patA	96.764	309	10	0	1	309	1073	765	2.22e-147	516
NODE_114618_length_307_cov_1.25	gb_FJ768952_+_0-1488_ARO:3000237_tolC	97.394	307	8	0	1	307	1056	1362	1.32e-149	523
NODE_114998_length_306_cov_1.24303	gb_U00096_+_2158385-2161463_ARO:3000794_mdtC	91.447	304	26	0	1	304	1303	1000	6.37e-118	418
NODE_118148_length_301_cov_1.13821	gb_D78168_+_536-1592_ARO:3000206_emrK	97.010	301	9	0	1	301	727	427	1.30e-144	507
NODE_119416_length_299_cov_0.610656	gb_NC_000913.3_+_3219493-3220873_ARO:3000024_patA	97.993	299	6	0	1	299	1379	1081	1.66e-148	520
NODE_123601_length_293_cov_1.91597	gb_U00096_+_3660413-3663527_ARO:3000796_mdtF	96.761	247	8	0	47	293	3114	2868	2.83e-116	412
NODE_124156_length_293_cov_1.30672	gb_NC_000913.3_+_966620-968369_ARO:3003950_msbA	97.500	280	7	0	1	280	712	991	2.75e-136	479
NODE_125686_length_291_cov_88.4534	gb_M17124_+_1181-1982_ARO:3000498_ErmF	99.107	224	2	0	68	291	801	578	1.69e-113	403
NODE_127248_length_288_cov_0.892704	gb_U00096_+_2154015-2155263_ARO:3000792_mdtA	96.528	288	10	0	1	288	552	265	9.71e-136	477
NODE_128239_length_287_cov_1.33621	gb_Z11877.1_+_485-818_ARO:3004039_Escherichia	95.000	140	7	0	148	287	1	140	1.80e-58	220
NODE_128666_length_286_cov_1.17316	gb_NC_000913.3_-_2306971-2308615_ARO:3003952_yojI	99.301	286	2	0	1	286	1421	1136	5.68e-148	518
NODE_141343_length_271_cov_1.58333	gb_L11616_+_1569-4710_ARO:3000378_MexB	75.735	136	27	5	71	203	2401	2269	3.02e-11	63.9
NODE_143838_length_269_cov_61.3364	gb_M37699_+_585-1752_ARO:3000205_tetX	100.000	36	0	0	1	36	36	1	2.32e-12	67.6
NODE_144030_length_268_cov_1.9061	gb_NC_023287.1_-_60996-61860_ARO:3002626_ANT(6)-Ia	88.372	258	27	3	5	261	1	256	1.25e-84	307
NODE_144030_length_268_cov_1.9061	gb_AY712687_+_0-831_ARO:3002628_aad(6)	83.333	180	27	3	83	261	1	178	2.86e-41	163
NODE_145386_length_267_cov_0.933962	gb_NC_007779_+_2166412-2167135_ARO:3000828_baeR	96.685	181	6	0	1	181	542	722	5.78e-83	302
NODE_147941_length_264_cov_1.37321	gb_JX560992_+_8592-9321_ARO:3002630_ANT(9)-Ia	88.258	264	31	0	1	264	424	161	2.04e-87	316
NODE_149994_length_262_cov_1.67633	gb_NC_000913.3_+_966620-968369_ARO:3003950_msbA	98.214	224	4	0	1	224	1526	1749	3.27e-110	392
NODE_150828_length_261_cov_1.43689	gb_NC_007779_+_2586250-2589364_ARO:3000491_acrD	98.084	261	5	0	1	261	1840	2100	4.09e-129	455
NODE_151711_length_260_cov_0.839024	gb_NC_002695_+_3211891-3212506_ARO:3000832_evgA	98.462	260	4	0	1	260	76	335	3.15e-130	459
NODE_152220_length_260_cov_0.902439	gb_AP009048.1_-_4306556-4307588_ARO:3003548_mdtN	96.538	260	9	0	1	260	72	331	6.87e-122	431
NODE_157035_length_255_cov_0.99	gb_U00096_-_1124117-1125326_ARO:3001216_mdtH	98.431	255	4	0	1	255	803	549	1.86e-127	449
NODE_160485_length_252_cov_1.36041	gb_AP009048.1_-_4304505-4306557_ARO:3003549_mdtO	98.016	252	5	0	1	252	1289	1540	3.97e-124	438
NODE_165049_length_248_cov_0.870466	gb_U00096_+_2812615-2814154_ARO:3000074_emrB	97.581	248	6	0	1	248	218	465	3.04e-120	425
NODE_170195_length_244_cov_1.46561	gb_U00096_+_2158385-2161463_ARO:3000794_mdtC	95.082	244	12	0	1	244	1413	1656	5.06e-108	385
NODE_171086_length_243_cov_0.755319	gb_AP009048_+_2165012-2166416_ARO:3000829_baeS	84.298	242	38	0	1	242	376	617	1.49e-63	237
NODE_171372_length_243_cov_1.29255	gb_AJ295238.3_+_163-2083_ARO:3000196_tet32	97.531	243	6	0	1	243	768	526	1.79e-117	416
NODE_176201_length_239_cov_0.940217	gb_NC_000913.3_+_3219493-3220873_ARO:3000024_patA	94.561	239	13	0	1	239	539	777	1.39e-103	370
NODE_179882_length_236_cov_1.11602	gb_AP009048.1_-_3980025-3981183_ARO:3000795_mdtE	97.881	236	5	0	1	236	734	969	2.90e-115	409
NODE_179899_length_236_cov_0.823204	gb_U00096_+_3415032-3418137_ARO:3000502_acrF	98.729	236	3	0	1	236	2394	2159	1.34e-118	420
NODE_185580_length_232_cov_1.01695	gb_U00096_+_3660413-3663527_ARO:3000796_mdtF	94.828	232	12	0	1	232	965	734	2.25e-101	363
NODE_191926_length_228_cov_0.786127	gb_NC_014638.1_-_1610636-1613960_ARO:3003730_Bifidobacteria	87.281	228	29	0	1	228	1235	1008	8.27e-71	261
NODE_195859_length_225_cov_1.17647	gb_NC_007779_+_2586250-2589364_ARO:3000491_acrD	98.655	223	3	0	3	225	1835	1613	2.14e-111	396
NODE_196926_length_224_cov_0.840237	gb_U00096_+_3415032-3418137_ARO:3000502_acrF	96.875	224	7	0	1	224	847	1070	2.77e-105	375
NODE_196951_length_224_cov_0.946746	gb_U00096_+_2155262-2158385_ARO:3000793_mdtB	98.198	111	2	0	114	224	3123	3013	8.34e-51	195
NODE_196951_length_224_cov_0.946746	gb_U00096_+_2158385-2161463_ARO:3000794_mdtC	97.345	113	3	0	1	113	113	1	3.00e-50	193
NODE_200260_length_222_cov_1.47904	gb_CP000800.1_-_1191727-1192954_ARO:3001329_mdtG	97.748	222	5	0	1	222	769	990	1.64e-107	383
NODE_202013_length_221_cov_60.0904	gb_M17124_+_1181-1982_ARO:3000498_ErmF	98.193	166	3	0	56	221	467	632	1.02e-79	291
NODE_203307_length_221_cov_68.6386	gb_M17124_+_1181-1982_ARO:3000498_ErmF	99.405	168	1	0	1	168	304	471	3.64e-84	305
NODE_205914_length_219_cov_1.45732	gb_U00096_-_2098446-2099613_ARO:3003577_ugd	99.543	219	1	0	1	219	46	264	1.61e-112	399
NODE_211839_length_216_cov_0.987578	gb_NC_000913.3_+_966620-968369_ARO:3003950_msbA	96.759	216	7	0	1	216	1135	920	7.47e-101	361
NODE_212641_length_215_cov_0.625	gb_NC_002695.1_-_4903561-4904935_ARO:3000830_cpxA	97.674	215	5	0	1	215	1097	1311	1.23e-103	370
NODE_213302_length_215_cov_0.725	gb_U00096_+_2367070-2368039_ARO:3003578_pmrF	99.394	165	1	0	51	215	969	805	1.64e-82	300
NODE_214017_length_214_cov_0.918239	gb_NC_002695.2_-_1737690-1738104_ARO:3000676_H-NS	100.000	125	0	0	90	214	414	290	6.04e-62	231
NODE_215809_length_214_cov_199.673	gb_L42817_+_201-936_ARO:3000522_ErmG	100.000	48	0	0	1	48	48	1	3.85e-19	89.8
NODE_216425_length_213_cov_1.01266	gb_NC_000913.3_-_481253-484403_ARO:3000216_acrB	99.061	213	2	0	1	213	2561	2773	1.57e-107	383
NODE_216425_length_213_cov_1.01266	gb_NC_006350.1_-_2147817-2150949_ARO:3002983_amrB	82.143	112	18	2	66	176	2608	2718	8.23e-21	95.3
NODE_217647_length_213_cov_0.64557	gb_AJ295238.3_+_163-2083_ARO:3000196_tet32	89.474	190	18	2	25	213	1332	1144	3.59e-64	239
NODE_217781_length_212_cov_1.00637	gb_NC_007779_+_3974604-3975429_ARO:3000508_gadX	94.762	210	11	0	3	212	520	729	7.42e-91	327
NODE_218955_length_212_cov_1.12102	gb_NC_000913.3_+_966620-968369_ARO:3003950_msbA	98.585	212	3	0	1	212	31	242	2.61e-105	375
NODE_222637_length_210_cov_1.12903	gb_NC_007779_+_2586250-2589364_ARO:3000491_acrD	100.000	210	0	0	1	210	2336	2127	3.32e-109	388
NODE_223465_length_210_cov_0.774194	gb_HQ652506.1_+_2099-3836_ARO:3004033_tetB(46)	98.571	210	3	0	1	210	928	719	3.34e-104	372
NODE_226940_length_208_cov_1.89542	gb_U00096_+_2158385-2161463_ARO:3000794_mdtC	96.135	207	8	0	1	207	564	358	3.36e-94	339
NODE_227381_length_208_cov_1.20915	gb_AP009048_+_2165012-2166416_ARO:3000829_baeS	96.602	206	7	0	1	206	1108	1313	2.59e-95	342
NODE_229115_length_207_cov_1.19079	gb_AP009048.1_-_4303042-4304509_ARO:3003550_mdtP	98.171	164	3	0	1	164	164	1	1.23e-78	287
NODE_229964_length_206_cov_1.21192	gb_U00096_+_3413863-3415021_ARO:3000499_acrE	99.029	206	2	0	1	206	302	97	1.18e-103	370
NODE_230391_length_206_cov_0.668874	gb_AP009048.1_-_4303042-4304509_ARO:3003550_mdtP	97.573	206	5	0	1	206	415	620	1.19e-98	353
NODE_232593_length_140_cov_16.2353	gb_KU736867.1_+_19653-21573_ARO:3004442_tet(W/N/W)	100.000	33	0	0	108	140	1920	1888	5.24e-11	62.1
NODE_233246_length_110_cov_121.145	gb_L42817_+_201-936_ARO:3000522_ErmG	98.182	55	1	0	1	55	621	675	1.08e-21	97.1
NODE_233600_length_105_cov_40.88	gb_Z21523_+_0-1974_ARO:3000191_tetQ	98.148	54	1	0	52	105	467	414	3.67e-21	95.3
NODE_233609_length_104_cov_5.16327	gb_CP004067_+_52914-53709_ARO:3002647_APH(3')-IIIa	100.000	28	0	0	77	104	1	28	2.22e-08	52.8
