NODE_19_length_103552_cov_317.691	gb_NC_003112.2_+_329612-330767_ARO:3003961_farA	72.846	917	229	18	89540	90446	1033	127	1.12e-78	296
NODE_33_length_79832_cov_314.684	gb_NC_003112.2_-_1791966-1795170_ARO:3000811_mtrD	80.897	3188	585	20	65540	68715	3176	1	0.0	2492
NODE_74_length_43942_cov_24.2166	gb_AF540889_+_0-327_ARO:3002871_tet37	99.099	222	2	0	42867	43088	1	222	3.52e-110	399
NODE_87_length_40919_cov_303.568	gb_AY768532_+_0-1935_ARO:3000535_macB	81.070	1944	353	14	30649	32586	1935	1	0.0	1537
NODE_599_length_14005_cov_92.2858	gb_AF235050.4_+_38028-40140_ARO:3003318_Streptomyces	78.068	383	74	9	2504	2881	453	76	1.20e-60	233
NODE_789_length_12193_cov_9.32542	gb_NC_017452.1_-_1144673-1146068_ARO:3003953_hmrM	91.117	1396	122	2	8971	10365	1395	1	0.0	1890
NODE_810_length_12011_cov_100.4	gb_AM180355_+_600033-601953_ARO:3000186_tetM	92.292	1920	148	0	483	2402	1920	1	0.0	2726
NODE_810_length_12011_cov_100.4	gb_L09756_+_0-1926_ARO:3000192_tetS	78.579	1928	394	17	484	2401	1920	2	0.0	1254
NODE_850_length_11706_cov_50.368	gb_Z21523_+_0-1974_ARO:3000191_tetQ	99.083	109	1	0	11598	11706	1	109	1.32e-49	196
NODE_1021_length_10337_cov_58.4466	gb_AF242872_+_2131-2878_ARO:3000375_ErmB	99.063	747	6	1	8913	9658	747	1	0.0	1339
NODE_2214_length_6761_cov_26.9083	gb_NC_002134.1_+_41537-42743_ARO:3000165_tet(A)	99.917	1206	1	0	4214	5419	1	1206	0.0	2222
NODE_2214_length_6761_cov_26.9083	gb_AB089595_+_0-1206_ARO:3000166_tet(B)	99.751	1206	3	0	4214	5419	1	1206	0.0	2211
NODE_2214_length_6761_cov_26.9083	gb_BX664015.1_-_204137-204554_ARO:3000168_tet(D)	100.000	417	0	0	6213	6629	1	417	0.0	771
NODE_2375_length_6510_cov_357.136	gb_U00096_+_2812615-2814154_ARO:3000074_emrB	69.185	1165	323	31	4424	5570	54	1200	7.55e-30	130
NODE_2375_length_6510_cov_357.136	gb_AP009048_+_2810082-2811255_ARO:3000027_emrA	73.554	242	58	6	3913	4151	730	968	4.61e-17	87.9
NODE_2573_length_6169_cov_159.131	gb_AP006618.1_+_4835199-4838688_ARO:3000501_Nocardia	86.527	334	41	4	3093	3424	2968	3299	1.80e-100	364
NODE_4039_length_4684_cov_34.8518	gb_CP007593.1_+_2148923-2149772_ARO:3001301_RlmA(II)	84.005	844	131	4	1087	1928	842	1	0.0	808
NODE_4325_length_4492_cov_21.2481	gb_NC_003098.1_-_1359228-1360395_ARO:3000025_patB	92.014	839	67	0	1	839	839	1	0.0	1179
NODE_4904_length_4168_cov_150.223	gb_NC_012469.1_-_1800927-1802391_ARO:3000616_mel	100.000	1464	0	0	743	2206	1464	1	0.0	2704
NODE_4904_length_4168_cov_150.223	gb_NC_023287.1_-_65291-66509_ARO:3000615_mefA	96.962	1218	37	0	2326	3543	1218	1	0.0	2045
NODE_6321_length_3572_cov_30.1171	gb_HQ652506.1_+_2099-3836_ARO:3004033_tetB(46)	76.425	1667	351	35	1	1646	1705	60	0.0	863
NODE_6321_length_3572_cov_30.1171	gb_HQ652506.1_+_373-2098_ARO:3004032_tetA(46)	72.489	1752	428	44	1707	3431	1725	1	2.72e-146	516
NODE_6361_length_3561_cov_2.54079	gb_JQ231224_+_90-3192_ARO:3000510_mupB	97.222	36	1	0	3252	3287	587	552	1.53e-09	62.1
NODE_8544_length_2957_cov_33.8728	gb_M18896.2_+_206-2126_ARO:3000190_tetO	99.010	1920	19	0	239	2158	1920	1	0.0	3441
NODE_8544_length_2957_cov_33.8728	gb_AJ295238.3_+_163-2083_ARO:3000196_tet32	93.863	831	51	0	239	1069	1920	1090	0.0	1253
NODE_8544_length_2957_cov_33.8728	gb_AJ295238.3_+_163-2083_ARO:3000196_tet32	91.162	396	35	0	1763	2158	396	1	4.79e-153	538
NODE_10160_length_2627_cov_168.968	gb_AF235050.4_+_38028-40140_ARO:3003318_Streptomyces	78.068	383	74	9	76	453	76	453	2.25e-61	233
NODE_10473_length_2575_cov_35.3905	gb_KX000272.1_+_0-1740_ARO:3004035_tetA(60)	92.453	1378	104	0	1	1378	1378	1	0.0	1969
NODE_11235_length_2459_cov_58.1568	gb_Z21523_+_0-1974_ARO:3000191_tetQ	97.448	1920	49	0	1	1920	55	1974	0.0	3275
NODE_12538_length_2279_cov_76.4672	gb_EU434751_+_658-2578_ARO:3000194_tetW	99.948	1920	1	0	79	1998	1920	1	0.0	3541
NODE_12538_length_2279_cov_76.4672	gb_KU736867.1_+_19653-21573_ARO:3004442_tet(W/N/W)	96.077	1912	73	2	88	1998	1911	1	0.0	3114
NODE_12840_length_2240_cov_29.7103	gb_CP007593.1_+_2148923-2149772_ARO:3001301_RlmA(II)	84.142	845	126	8	435	1275	841	1	0.0	811
NODE_13054_length_2214_cov_6.78972	gb_CP007593.1_+_2148923-2149772_ARO:3001301_RlmA(II)	84.211	646	100	2	1570	2214	843	199	7.43e-180	627
NODE_13451_length_2167_cov_31.7562	gb_KX000273.1_+_0-1740_ARO:3004036_tetB(60)	86.173	1432	194	3	1	1430	311	1740	0.0	1544
NODE_13592_length_2151_cov_49.5367	gb_HQ652506.1_+_373-2098_ARO:3004032_tetA(46)	94.933	1046	53	0	1	1046	1046	1	0.0	1639
NODE_13917_length_2113_cov_41.7162	gb_AF472622_+_52-1018_ARO:3003003_CfxA3	98.276	58	1	0	1	58	121	64	5.31e-22	102
NODE_13917_length_2113_cov_41.7162	gb_AY769934_+_27-993_ARO:3003096_CfxA5	98.276	58	1	0	1	58	121	64	5.31e-22	102
NODE_13917_length_2113_cov_41.7162	gb_U38243_+_149-1115_ARO:3003001_CfxA	98.276	58	1	0	1	58	121	64	5.31e-22	102
NODE_13917_length_2113_cov_41.7162	gb_AY769933_+_0-966_ARO:3003005_CfxA4	98.276	58	1	0	1	58	121	64	5.31e-22	102
NODE_13917_length_2113_cov_41.7162	gb_AF118110.1_-_71-1037_ARO:3003002_CfxA2	98.276	58	1	0	1	58	121	64	5.31e-22	102
NODE_13932_length_2112_cov_28.5323	gb_HM990671_+_5192-6671_ARO:3003112_lsaC	95.294	85	4	0	2028	2112	1	85	5.23e-32	135
NODE_13988_length_2107_cov_28.5897	gb_AF472622_+_52-1018_ARO:3003003_CfxA3	100.000	121	0	0	1	121	121	1	1.08e-58	224
NODE_13988_length_2107_cov_28.5897	gb_AY769934_+_27-993_ARO:3003096_CfxA5	100.000	121	0	0	1	121	121	1	1.08e-58	224
NODE_13988_length_2107_cov_28.5897	gb_U38243_+_149-1115_ARO:3003001_CfxA	100.000	121	0	0	1	121	121	1	1.08e-58	224
NODE_13988_length_2107_cov_28.5897	gb_AY769933_+_0-966_ARO:3003005_CfxA4	100.000	121	0	0	1	121	121	1	1.08e-58	224
NODE_13988_length_2107_cov_28.5897	gb_AF118110.1_-_71-1037_ARO:3003002_CfxA2	100.000	121	0	0	1	121	121	1	1.08e-58	224
NODE_13989_length_2107_cov_35.7612	gb_M17124_+_1181-1982_ARO:3000498_ErmF	99.750	801	2	0	1237	2037	1	801	0.0	1469
NODE_13989_length_2107_cov_35.7612	gb_AF319779.2_+_32-833_ARO:3000604_Erm(35)	78.643	796	166	3	1237	2030	1	794	2.65e-149	525
NODE_15098_length_1995_cov_2.9768	gb_Z21523_+_0-1974_ARO:3000191_tetQ	97.248	109	2	1	1888	1995	1	109	1.74e-46	183
NODE_15340_length_1974_cov_5.13705	gb_HM990671_+_5192-6671_ARO:3003112_lsaC	93.916	263	16	0	1712	1974	2	264	5.65e-111	398
NODE_17150_length_1815_cov_14.8398	gb_AP009048_+_2810082-2811255_ARO:3000027_emrA	92.453	53	4	0	1747	1799	968	916	2.76e-14	76.8
NODE_17355_length_1800_cov_43.0344	gb_HQ652506.1_+_2099-3836_ARO:3004033_tetB(46)	88.215	577	68	0	1224	1800	1721	1145	0.0	689
NODE_18155_length_1743_cov_5.53377	gb_HQ652506.1_+_2099-3836_ARO:3004033_tetB(46)	87.273	1705	217	0	1	1705	1705	1	0.0	1947
NODE_18155_length_1743_cov_5.53377	gb_HQ652506.1_+_373-2098_ARO:3004032_tetA(46)	100.000	37	0	0	1707	1743	1725	1689	4.44e-12	69.4
NODE_18387_length_1728_cov_47.3473	gb_HQ652506.1_+_2099-3836_ARO:3004033_tetB(46)	94.904	1197	59	2	530	1725	1	1196	0.0	1871
NODE_18387_length_1728_cov_47.3473	gb_HQ652506.1_+_373-2098_ARO:3004032_tetA(46)	94.318	528	30	0	1	528	1198	1725	0.0	809
NODE_19240_length_1671_cov_13.2748	gb_KX000273.1_+_0-1740_ARO:3004036_tetB(60)	87.343	1430	181	0	242	1671	1740	311	0.0	1639
NODE_21085_length_1561_cov_8.03918	gb_HM990671_+_5192-6671_ARO:3003112_lsaC	91.284	436	38	0	1	436	436	1	1.47e-170	595
NODE_21293_length_1550_cov_10.3164	gb_NC_003098.1_-_1359228-1360395_ARO:3000025_patB	78.248	685	142	7	868	1548	1162	481	1.21e-121	433
NODE_22450_length_1485_cov_25.8678	gb_CP007593.1_+_2148923-2149772_ARO:3001301_RlmA(II)	92.550	349	24	2	1	348	491	838	1.13e-141	499
NODE_24520_length_1388_cov_45.2911	gb_HQ652506.1_+_2099-3836_ARO:3004033_tetB(46)	89.437	284	30	0	1	284	1438	1721	1.87e-99	359
NODE_26197_length_1317_cov_24.3938	gb_L36601_+_1420-3130_ARO:3003036_oleB	90.000	50	3	2	113	161	691	643	1.55e-10	63.9
NODE_26629_length_1300_cov_41.359	gb_HQ652506.1_+_2099-3836_ARO:3004033_tetB(46)	91.954	87	7	0	1	87	1651	1737	2.50e-28	122
NODE_29400_length_1202_cov_9.04621	gb_HM990671_+_5192-6671_ARO:3003112_lsaC	92.847	713	49	2	491	1202	1479	768	0.0	1033
NODE_29558_length_1196_cov_2.92463	gb_KX000272.1_+_0-1740_ARO:3004035_tetA(60)	88.787	1195	134	0	1	1195	1378	184	0.0	1465
NODE_30147_length_1176_cov_3.38983	gb_Z21523_+_0-1974_ARO:3000191_tetQ	89.030	1021	112	0	156	1176	1974	954	0.0	1266
NODE_30213_length_1174_cov_38.4567	gb_AF472622_+_52-1018_ARO:3003003_CfxA3	100.000	52	0	0	1123	1174	966	915	1.36e-20	97.1
NODE_30213_length_1174_cov_38.4567	gb_AY769934_+_27-993_ARO:3003096_CfxA5	100.000	52	0	0	1123	1174	966	915	1.36e-20	97.1
NODE_30213_length_1174_cov_38.4567	gb_U38243_+_149-1115_ARO:3003001_CfxA	100.000	52	0	0	1123	1174	966	915	1.36e-20	97.1
NODE_30213_length_1174_cov_38.4567	gb_AY769933_+_0-966_ARO:3003005_CfxA4	100.000	52	0	0	1123	1174	966	915	1.36e-20	97.1
NODE_30213_length_1174_cov_38.4567	gb_AF118110.1_-_71-1037_ARO:3003002_CfxA2	100.000	52	0	0	1123	1174	966	915	1.36e-20	97.1
NODE_33862_length_1069_cov_28.9172	gb_HM990671_+_5192-6671_ARO:3003112_lsaC	93.258	712	48	0	1	712	768	1479	0.0	1050
NODE_36733_length_1000_cov_3.33545	gb_HQ652506.1_+_2099-3836_ARO:3004033_tetB(46)	73.502	951	226	24	63	1000	226	1163	6.26e-93	337
NODE_40575_length_920_cov_6.97225	gb_HQ652506.1_+_373-2098_ARO:3004032_tetA(46)	86.304	920	126	0	1	920	1252	333	0.0	1002
NODE_40641_length_918_cov_11.6049	gb_KX000272.1_+_0-1740_ARO:3004035_tetA(60)	89.325	918	98	0	1	918	461	1378	0.0	1153
NODE_41439_length_903_cov_74.4894	gb_AF118110.1_-_71-1037_ARO:3003002_CfxA2	100.000	900	0	0	4	903	966	67	0.0	1663
NODE_41439_length_903_cov_74.4894	gb_AF472622_+_52-1018_ARO:3003003_CfxA3	99.889	900	1	0	4	903	966	67	0.0	1657
NODE_41439_length_903_cov_74.4894	gb_AY769934_+_27-993_ARO:3003096_CfxA5	99.889	900	1	0	4	903	966	67	0.0	1657
NODE_41439_length_903_cov_74.4894	gb_U38243_+_149-1115_ARO:3003001_CfxA	99.889	900	1	0	4	903	966	67	0.0	1657
NODE_41439_length_903_cov_74.4894	gb_AY769933_+_0-966_ARO:3003005_CfxA4	99.889	900	1	0	4	903	966	67	0.0	1657
NODE_41439_length_903_cov_74.4894	gb_GQ342996_+_797-1793_ARO:3003097_CfxA6	88.839	896	97	3	9	903	993	100	0.0	1098
NODE_45816_length_831_cov_8.45747	gb_HM990671_+_5192-6671_ARO:3003112_lsaC	89.474	437	44	2	1	436	436	1	1.70e-157	551
NODE_46442_length_821_cov_3.81332	gb_HM990671_+_5192-6671_ARO:3003112_lsaC	94.862	253	13	0	1	253	254	2	8.34e-111	396
NODE_47884_length_800_cov_8.15302	gb_HM990671_+_5192-6671_ARO:3003112_lsaC	92.975	242	17	0	1	242	242	1	4.96e-98	353
NODE_48360_length_793_cov_16.2561	gb_HM990671_+_5192-6671_ARO:3003112_lsaC	94.023	435	26	0	1	435	436	2	0.0	660
NODE_49460_length_778_cov_40.184	gb_KX000272.1_+_0-1740_ARO:3004035_tetA(60)	87.530	417	52	0	1	417	1324	1740	5.89e-137	483
NODE_49460_length_778_cov_40.184	gb_KX000273.1_+_0-1740_ARO:3004036_tetB(60)	84.254	362	57	0	414	775	1	362	4.82e-98	353
NODE_53675_length_726_cov_4.15648	gb_NC_012469.1_-_1800927-1802391_ARO:3000616_mel	90.483	725	69	0	2	726	689	1413	0.0	957
NODE_54493_length_717_cov_45.9547	gb_CP007593.1_+_2148923-2149772_ARO:3001301_RlmA(II)	82.963	675	107	8	3	673	671	1	3.99e-173	603
NODE_57347_length_687_cov_5.17247	gb_CP007593.1_+_2148923-2149772_ARO:3001301_RlmA(II)	89.489	352	35	2	1	351	491	841	2.45e-125	444
NODE_62456_length_640_cov_3.86496	gb_CP007593.1_+_2148923-2149772_ARO:3001301_RlmA(II)	84.628	592	87	4	51	640	1	590	3.57e-168	586
NODE_62541_length_639_cov_3.22603	gb_HM990671_+_5192-6671_ARO:3003112_lsaC	100.000	84	0	0	1	84	84	1	1.19e-38	156
NODE_64294_length_624_cov_8.55009	gb_CP007593.1_+_2148923-2149772_ARO:3001301_RlmA(II)	88.807	545	61	0	1	545	545	1	0.0	669
NODE_66348_length_607_cov_4.11232	gb_CP007593.1_+_2148923-2149772_ARO:3001301_RlmA(II)	85.484	496	72	0	112	607	843	348	1.25e-147	518
NODE_66506_length_606_cov_4.64791	gb_CP007593.1_+_2148923-2149772_ARO:3001301_RlmA(II)	87.126	435	56	0	1	435	409	843	2.10e-140	494
NODE_67042_length_602_cov_15.9689	gb_HM990671_+_5192-6671_ARO:3003112_lsaC	93.023	344	24	0	1	344	1136	1479	3.47e-143	503
NODE_67840_length_595_cov_4.29259	gb_HM990671_+_5192-6671_ARO:3003112_lsaC	94.475	181	10	0	1	181	1299	1479	6.29e-76	279
NODE_73623_length_554_cov_4.0982	gb_KX000272.1_+_0-1740_ARO:3004035_tetA(60)	99.639	554	2	0	1	554	617	1170	0.0	1013
NODE_74647_length_547_cov_1.66463	gb_AY768531_+_0-1179_ARO:3000533_macA	84.699	549	80	4	1	547	605	59	5.15e-156	545
NODE_75055_length_544_cov_4.05317	gb_KX000273.1_+_0-1740_ARO:3004036_tetB(60)	85.900	539	76	0	1	539	1392	854	6.53e-165	575
NODE_75623_length_541_cov_6.77778	gb_NC_003098.1_-_1359228-1360395_ARO:3000025_patB	95.225	377	18	0	1	377	785	1161	1.39e-171	597
NODE_75632_length_540_cov_10.8577	gb_HM990671_+_5192-6671_ARO:3003112_lsaC	92.442	344	26	0	197	540	1479	1136	6.71e-140	492
NODE_75836_length_539_cov_3.08264	gb_CP007593.1_+_2148923-2149772_ARO:3001301_RlmA(II)	91.379	406	35	0	1	406	444	849	2.34e-159	556
NODE_75978_length_538_cov_2.57764	gb_Z21523_+_0-1974_ARO:3000191_tetQ	88.662	538	61	0	1	538	949	412	0.0	656
NODE_77434_length_530_cov_15.5705	gb_NC_003098.1_-_1359228-1360395_ARO:3000025_patB	92.950	383	27	0	148	530	1167	785	6.40e-160	558
NODE_78569_length_523_cov_35.3184	gb_AF472622_+_52-1018_ARO:3003003_CfxA3	100.000	52	0	0	1	52	915	966	5.95e-21	97.1
NODE_78569_length_523_cov_35.3184	gb_AY769934_+_27-993_ARO:3003096_CfxA5	100.000	52	0	0	1	52	915	966	5.95e-21	97.1
NODE_78569_length_523_cov_35.3184	gb_U38243_+_149-1115_ARO:3003001_CfxA	100.000	52	0	0	1	52	915	966	5.95e-21	97.1
NODE_78569_length_523_cov_35.3184	gb_AY769933_+_0-966_ARO:3003005_CfxA4	100.000	52	0	0	1	52	915	966	5.95e-21	97.1
NODE_78569_length_523_cov_35.3184	gb_AF118110.1_-_71-1037_ARO:3003002_CfxA2	100.000	52	0	0	1	52	915	966	5.95e-21	97.1
NODE_80902_length_510_cov_23.8945	gb_NC_003098.1_+_866210-867410_ARO:3000822_pmrA	93.275	461	31	0	50	510	1	461	0.0	680
NODE_81477_length_507_cov_8.64823	gb_HM990671_+_5192-6671_ARO:3003112_lsaC	94.892	509	22	4	1	507	1309	803	0.0	793
NODE_84348_length_491_cov_1.94954	gb_AY768531_+_0-1179_ARO:3000533_macA	78.486	251	47	6	243	491	1170	925	2.52e-39	158
NODE_86981_length_478_cov_19.5603	gb_NC_003112.2_-_1791966-1795170_ARO:3000811_mtrD	84.810	474	72	0	4	477	1680	1207	1.65e-135	477
NODE_88120_length_472_cov_1.46763	gb_NC_000913.3_-_481253-484403_ARO:3000216_acrB	80.769	104	14	4	6	105	1474	1575	6.96e-15	76.8
NODE_88897_length_469_cov_13.4879	gb_AF472622_+_52-1018_ARO:3003003_CfxA3	98.276	58	1	0	412	469	64	121	1.14e-22	102
NODE_88897_length_469_cov_13.4879	gb_AY769934_+_27-993_ARO:3003096_CfxA5	98.276	58	1	0	412	469	64	121	1.14e-22	102
NODE_88897_length_469_cov_13.4879	gb_U38243_+_149-1115_ARO:3003001_CfxA	98.276	58	1	0	412	469	64	121	1.14e-22	102
NODE_88897_length_469_cov_13.4879	gb_AY769933_+_0-966_ARO:3003005_CfxA4	98.276	58	1	0	412	469	64	121	1.14e-22	102
NODE_88897_length_469_cov_13.4879	gb_AF118110.1_-_71-1037_ARO:3003002_CfxA2	98.276	58	1	0	412	469	64	121	1.14e-22	102
NODE_89570_length_465_cov_2.68049	gb_CP007593.1_+_2148923-2149772_ARO:3001301_RlmA(II)	89.091	220	24	0	1	220	630	849	2.26e-74	274
NODE_92525_length_452_cov_2.4005	gb_AY768532_+_0-1935_ARO:3000535_macB	87.196	453	53	3	1	452	1627	1179	1.54e-145	510
NODE_94668_length_442_cov_4.69251	gb_KX000273.1_+_0-1740_ARO:3004036_tetB(60)	89.202	213	23	0	2	214	1528	1740	3.59e-72	267
NODE_95157_length_441_cov_62.4249	gb_HM990671_+_5192-6671_ARO:3003112_lsaC	96.825	441	14	0	1	441	822	382	0.0	737
NODE_96855_length_434_cov_14.7731	gb_NC_003098.1_+_866210-867410_ARO:3000822_pmrA	96.476	227	8	0	208	434	1200	974	5.61e-105	375
NODE_99044_length_425_cov_5.06486	gb_KX000273.1_+_0-1740_ARO:3004036_tetB(60)	92.222	180	14	0	244	423	1740	1561	7.46e-69	255
NODE_99814_length_423_cov_42.9674	gb_HM990671_+_5192-6671_ARO:3003112_lsaC	92.671	423	31	0	1	423	768	1190	1.38e-175	610
NODE_102437_length_413_cov_2.27933	gb_AY768532_+_0-1935_ARO:3000535_macB	85.854	410	58	0	4	413	779	370	2.41e-123	436
NODE_104758_length_406_cov_16.3276	gb_HM990671_+_5192-6671_ARO:3003112_lsaC	94.581	406	22	0	1	406	31	436	0.0	628
NODE_105969_length_402_cov_13.7666	gb_NC_003098.1_+_866210-867410_ARO:3000822_pmrA	93.781	402	25	0	1	402	407	808	6.07e-174	604
NODE_106004_length_402_cov_8.18156	gb_NC_003098.1_+_866210-867410_ARO:3000822_pmrA	95.274	402	19	0	1	402	407	808	0.0	638
NODE_108821_length_393_cov_8.14793	gb_CP007593.1_+_2148923-2149772_ARO:3001301_RlmA(II)	91.374	313	27	0	1	313	313	1	3.83e-121	429
NODE_111648_length_384_cov_4.50152	gb_AP009048_+_2810082-2811255_ARO:3000027_emrA	80.000	110	22	0	189	298	968	859	1.20e-16	82.4
NODE_113548_length_379_cov_37.8395	gb_CP007593.1_+_2148923-2149772_ARO:3001301_RlmA(II)	90.306	196	19	0	184	379	1	196	1.84e-69	257
NODE_114275_length_377_cov_4.03727	gb_KX000272.1_+_0-1740_ARO:3004035_tetA(60)	92.857	378	25	2	1	377	1122	1498	9.69e-157	547
NODE_114839_length_375_cov_2.29688	gb_HQ652506.1_+_2099-3836_ARO:3004033_tetB(46)	92.761	373	27	0	3	375	389	17	1.61e-154	540
NODE_115585_length_373_cov_3.98113	gb_CP007593.1_+_2148923-2149772_ARO:3001301_RlmA(II)	83.155	374	57	5	1	371	118	488	2.26e-93	337
NODE_119016_length_364_cov_2.27508	gb_CP007593.1_+_2148923-2149772_ARO:3001301_RlmA(II)	88.154	363	43	0	2	364	440	78	2.74e-122	433
NODE_119148_length_363_cov_4.07143	gb_HM990671_+_5192-6671_ARO:3003112_lsaC	97.619	84	2	0	280	363	2	85	1.43e-35	145
NODE_120297_length_361_cov_2.94771	gb_CP007593.1_+_2148923-2149772_ARO:3001301_RlmA(II)	88.304	342	40	0	18	359	291	632	1.27e-115	411
NODE_125293_length_349_cov_10.9524	gb_AY768532_+_0-1935_ARO:3000535_macB	83.237	346	56	2	2	346	1591	1935	2.75e-87	316
NODE_125713_length_348_cov_23.57	gb_HQ652506.1_+_2099-3836_ARO:3004033_tetB(46)	89.655	348	36	0	1	348	1492	1145	1.21e-125	444
NODE_131688_length_334_cov_3.39427	gb_HQ652506.1_+_2099-3836_ARO:3004033_tetB(46)	91.018	334	30	0	1	334	1523	1190	6.90e-128	451
NODE_132537_length_333_cov_5.1295	gb_CP007593.1_+_2148923-2149772_ARO:3001301_RlmA(II)	85.498	331	48	0	1	331	498	828	3.34e-96	346
NODE_147072_length_304_cov_24.9197	gb_CP007593.1_+_2148923-2149772_ARO:3001301_RlmA(II)	90.789	304	28	0	1	304	259	562	1.37e-114	407
NODE_158184_length_285_cov_1.78696	gb_CP007593.1_+_2148923-2149772_ARO:3001301_RlmA(II)	91.549	284	24	0	1	284	319	602	3.58e-110	392
NODE_160510_length_282_cov_6.92511	gb_KX000273.1_+_0-1740_ARO:3004036_tetB(60)	89.643	280	29	0	3	282	1162	1441	1.29e-99	357
NODE_162686_length_279_cov_5.53571	gb_KX000272.1_+_0-1740_ARO:3004035_tetA(60)	99.270	274	2	0	6	279	310	583	2.59e-141	496
NODE_165650_length_275_cov_22.1864	gb_NC_003098.1_+_866210-867410_ARO:3000822_pmrA	92.727	275	20	0	1	275	754	1028	7.40e-112	398
NODE_166862_length_273_cov_2.15596	gb_KF478993.1_-_6002-6704_ARO:3002930_vanRO	94.444	36	0	2	35	70	287	320	1.83e-08	54.7
NODE_168429_length_271_cov_2.03241	gb_CP007593.1_+_2148923-2149772_ARO:3001301_RlmA(II)	84.328	268	40	2	4	270	369	103	9.97e-71	261
NODE_171296_length_267_cov_3.01887	gb_CP007593.1_+_2148923-2149772_ARO:3001301_RlmA(II)	90.541	222	21	0	1	222	620	841	9.68e-81	294
NODE_173861_length_264_cov_2.16746	gb_AM180355_+_600033-601953_ARO:3000186_tetM	100.000	264	0	0	1	264	863	600	4.09e-139	488
NODE_182024_length_254_cov_2.07035	gb_HM990671_+_5192-6671_ARO:3003112_lsaC	89.474	247	26	0	8	254	1070	824	2.53e-86	313
NODE_185163_length_251_cov_2.55612	gb_KX000272.1_+_0-1740_ARO:3004035_tetA(60)	90.040	251	25	0	1	251	262	12	3.21e-90	326
NODE_191529_length_244_cov_1.95767	gb_HM990671_+_5192-6671_ARO:3003112_lsaC	94.262	244	14	0	1	244	1233	990	1.10e-104	374
NODE_192967_length_243_cov_15.2181	gb_NC_003098.1_+_866210-867410_ARO:3000822_pmrA	93.392	227	15	0	17	243	1200	974	1.43e-93	337
NODE_196820_length_239_cov_3.13587	gb_NC_003098.1_+_866210-867410_ARO:3000822_pmrA	94.561	239	13	0	1	239	1108	870	1.39e-103	370
NODE_205548_length_231_cov_0.693182	gb_AY768532_+_0-1935_ARO:3000535_macB	95.652	46	2	0	160	205	428	473	1.17e-14	75.0
NODE_207687_length_229_cov_5.02299	gb_NC_003098.1_-_1359228-1360395_ARO:3000025_patB	90.000	140	14	0	90	229	1161	1022	6.65e-47	182
NODE_225580_length_215_cov_1.8375	gb_AY768532_+_0-1935_ARO:3000535_macB	90.576	191	16	2	25	213	1041	851	4.66e-68	252
NODE_230964_length_211_cov_3.64744	gb_KX000272.1_+_0-1740_ARO:3004035_tetA(60)	88.152	211	25	0	1	211	671	461	4.57e-68	252
NODE_238304_length_204_cov_2.44295	gb_NC_003098.1_-_1359228-1360395_ARO:3000025_patB	91.542	201	17	0	3	203	961	1161	7.26e-76	278
NODE_240392_length_186_cov_23.0305	gb_HQ652506.1_+_373-2098_ARO:3004032_tetA(46)	95.556	180	8	0	1	180	1177	998	3.03e-79	289
NODE_243361_length_162_cov_2.3271	gb_CP007593.1_+_2148923-2149772_ARO:3001301_RlmA(II)	92.053	151	12	0	12	162	1	151	1.62e-56	213
NODE_243736_length_159_cov_4.36538	gb_KX000272.1_+_0-1740_ARO:3004035_tetA(60)	85.443	158	23	0	1	158	515	358	4.49e-42	165
NODE_246378_length_141_cov_5.37209	gb_HM990671_+_5192-6671_ARO:3003112_lsaC	94.326	141	8	0	1	141	412	272	1.07e-57	217
NODE_247245_length_135_cov_3.9875	gb_HM990671_+_5192-6671_ARO:3003112_lsaC	92.593	135	10	0	1	135	322	188	4.75e-51	195
NODE_247315_length_135_cov_4.05	gb_HM990671_+_5192-6671_ARO:3003112_lsaC	94.815	135	7	0	1	135	322	188	4.71e-56	211
NODE_249031_length_124_cov_7.47826	gb_HM990671_+_5192-6671_ARO:3003112_lsaC	95.968	124	5	0	1	124	1416	1293	2.57e-53	202
NODE_249524_length_121_cov_18.9697	gb_HM990671_+_5192-6671_ARO:3003112_lsaC	96.610	118	4	0	4	121	1479	1362	1.16e-51	196
NODE_255131_length_96_cov_3.39024	gb_KX000272.1_+_0-1740_ARO:3004035_tetA(60)	98.936	94	1	0	3	96	887	794	1.91e-43	169
NODE_262298_length_69_cov_3.42857	gb_KX000272.1_+_0-1740_ARO:3004035_tetA(60)	94.203	69	4	0	1	69	617	685	1.01e-24	106
NODE_262515_length_69_cov_17.7143	gb_L36601_+_1420-3130_ARO:3003036_oleB	90.000	50	3	2	3	51	643	691	6.15e-12	63.9
NODE_264812_length_62_cov_10.2857	gb_HM990671_+_5192-6671_ARO:3003112_lsaC	98.387	62	1	0	1	62	64	3	6.72e-26	110
NODE_266577_length_58_cov_6	gb_HM990671_+_5192-6671_ARO:3003112_lsaC	100.000	56	0	0	1	56	1198	1253	2.84e-24	104
