NODE_38_length_77385_cov_24.5419	gb_AY768532_+_0-1935_ARO:3000535_macB	83.436	1944	307	13	66605	68542	1935	1	0.0	1792
NODE_58_length_59267_cov_22.004	gb_NC_003112.2_-_1791966-1795170_ARO:3000811_mtrD	81.230	3186	578	17	30255	33430	3176	1	0.0	2553
NODE_59_length_58771_cov_16.0605	gb_AP006618.1_+_4835199-4838688_ARO:3000501_Nocardia	75.724	2348	501	56	31657	33974	3369	1061	0.0	1114
NODE_190_length_23134_cov_25.1052	gb_NC_003112.2_+_329612-330767_ARO:3003961_farA	73.232	919	222	20	19317	20223	127	1033	2.49e-84	313
NODE_259_length_17826_cov_5.59935	gb_KF478993.1_-_6002-6704_ARO:3002930_vanRO	94.444	36	0	2	517	552	320	287	1.28e-06	54.7
NODE_983_length_8287_cov_19.5509	gb_AF472622_+_52-1018_ARO:3003003_CfxA3	100.000	52	0	0	1	52	915	966	9.76e-20	97.1
NODE_983_length_8287_cov_19.5509	gb_AY769934_+_27-993_ARO:3003096_CfxA5	100.000	52	0	0	1	52	915	966	9.76e-20	97.1
NODE_983_length_8287_cov_19.5509	gb_U38243_+_149-1115_ARO:3003001_CfxA	100.000	52	0	0	1	52	915	966	9.76e-20	97.1
NODE_983_length_8287_cov_19.5509	gb_AY769933_+_0-966_ARO:3003005_CfxA4	100.000	52	0	0	1	52	915	966	9.76e-20	97.1
NODE_983_length_8287_cov_19.5509	gb_AF118110.1_-_71-1037_ARO:3003002_CfxA2	100.000	52	0	0	1	52	915	966	9.76e-20	97.1
NODE_1386_length_6651_cov_24.8373	gb_NC_002134.1_+_41537-42743_ARO:3000165_tet(A)	99.917	1206	1	0	1288	2493	1206	1	0.0	2222
NODE_1386_length_6651_cov_24.8373	gb_AB089595_+_0-1206_ARO:3000166_tet(B)	99.751	1206	3	0	1288	2493	1206	1	0.0	2211
NODE_1386_length_6651_cov_24.8373	gb_BX664015.1_-_204137-204554_ARO:3000168_tet(D)	100.000	417	0	0	78	494	417	1	0.0	771
NODE_1956_length_5511_cov_47.5433	gb_NC_012469.1_-_1800927-1802391_ARO:3000616_mel	100.000	1464	0	0	1605	3068	1464	1	0.0	2704
NODE_1956_length_5511_cov_47.5433	gb_NC_023287.1_-_65291-66509_ARO:3000615_mefA	96.962	1218	37	0	3188	4405	1218	1	0.0	2045
NODE_2150_length_5146_cov_6.40306	gb_HQ652506.1_+_2099-3836_ARO:3004033_tetB(46)	77.275	1703	335	41	2913	4589	61	1737	0.0	953
NODE_2424_length_4805_cov_5.87221	gb_M18896.2_+_206-2126_ARO:3000190_tetO	99.792	1920	4	0	264	2183	1	1920	0.0	3524
NODE_2424_length_4805_cov_5.87221	gb_AJ295238.3_+_163-2083_ARO:3000196_tet32	94.465	831	46	0	1353	2183	1090	1920	0.0	1280
NODE_2424_length_4805_cov_5.87221	gb_AJ295238.3_+_163-2083_ARO:3000196_tet32	91.919	396	32	0	264	659	1	396	7.75e-158	555
NODE_2834_length_4328_cov_39.252	gb_U00096_+_2812615-2814154_ARO:3000074_emrB	70.192	1201	312	40	2802	3979	23	1200	6.31e-49	193
NODE_2834_length_4328_cov_39.252	gb_AP009048_+_2810082-2811255_ARO:3000027_emrA	76.923	156	36	0	2451	2606	859	1014	8.52e-18	89.8
NODE_3388_length_3835_cov_3.98042	gb_X74948_+_0-492_ARO:3002688_catS	97.149	491	12	2	2858	3346	1	491	0.0	828
NODE_3388_length_3835_cov_3.98042	gb_AF226276.1_+_3583-4207_ARO:3002682_catD	81.949	626	107	5	2798	3419	1	624	4.85e-149	525
NODE_3388_length_3835_cov_3.98042	gb_U15027_+_0-624_ARO:3002686_catP	81.949	626	107	5	2798	3419	1	624	4.85e-149	525
NODE_3431_length_3802_cov_56.8457	gb_Z21523_+_0-1974_ARO:3000191_tetQ	97.366	1974	52	0	658	2631	1	1974	0.0	3358
NODE_3455_length_3781_cov_17.982	gb_AP006618.1_+_4835199-4838688_ARO:3000501_Nocardia	86.228	334	42	4	274	605	3299	2968	5.13e-99	359
NODE_3766_length_3553_cov_5.10091	gb_AF242872_+_2131-2878_ARO:3000375_ErmB	99.063	747	6	1	2773	3518	747	1	0.0	1339
NODE_4566_length_3081_cov_23.1514	gb_AF024666.2_-_2207-2969_ARO:3000596_ErmX	99.476	763	3	1	1977	2739	1	762	0.0	1386
NODE_4796_length_2959_cov_23.844	gb_HM990671_+_5192-6671_ARO:3003112_lsaC	92.348	1137	87	0	1	1137	343	1479	0.0	1618
NODE_5020_length_2868_cov_17.0316	gb_CP007593.1_+_2148923-2149772_ARO:3001301_RlmA(II)	87.248	149	19	0	22	170	149	1	1.95e-42	171
NODE_5377_length_2728_cov_14.6566	gb_AF235050.4_+_38028-40140_ARO:3003318_Streptomyces	77.487	382	78	7	2265	2642	453	76	5.06e-58	222
NODE_5551_length_2660_cov_17.6618	gb_CP007593.1_+_2148923-2149772_ARO:3001301_RlmA(II)	84.123	844	128	6	856	1696	841	1	0.0	811
NODE_6010_length_2499_cov_57.7144	gb_EU434751_+_658-2578_ARO:3000194_tetW	99.948	1920	1	0	292	2211	1920	1	0.0	3541
NODE_6010_length_2499_cov_57.7144	gb_KU736867.1_+_19653-21573_ARO:3004442_tet(W/N/W)	96.077	1912	73	2	301	2211	1911	1	0.0	3114
NODE_7353_length_2107_cov_40.2393	gb_M17124_+_1181-1982_ARO:3000498_ErmF	99.750	801	2	0	1237	2037	1	801	0.0	1469
NODE_7353_length_2107_cov_40.2393	gb_AF319779.2_+_32-833_ARO:3000604_Erm(35)	78.643	796	166	3	1237	2030	1	794	2.65e-149	525
NODE_7395_length_2098_cov_3.23789	gb_HM990671_+_5192-6671_ARO:3003112_lsaC	100.000	397	0	0	1	397	397	1	0.0	734
NODE_7617_length_2043_cov_3.16851	gb_HQ652506.1_+_373-2098_ARO:3004032_tetA(46)	94.503	1146	63	0	898	2043	1725	580	0.0	1768
NODE_7617_length_2043_cov_3.16851	gb_HQ652506.1_+_2099-3836_ARO:3004033_tetB(46)	96.987	896	27	0	1	896	896	1	0.0	1506
NODE_7772_length_2009_cov_5.2262	gb_KX000273.1_+_0-1740_ARO:3004036_tetB(60)	86.408	1523	203	3	489	2009	1740	220	0.0	1663
NODE_8066_length_1950_cov_4.90449	gb_KX000272.1_+_0-1740_ARO:3004035_tetA(60)	92.748	1641	119	0	1	1641	100	1740	0.0	2372
NODE_8066_length_1950_cov_4.90449	gb_KX000273.1_+_0-1740_ARO:3004036_tetB(60)	83.121	314	51	2	1638	1950	1	313	4.54e-77	285
NODE_9148_length_1742_cov_54.086	gb_AF472622_+_52-1018_ARO:3003003_CfxA3	98.276	58	1	0	1685	1742	64	121	4.37e-22	102
NODE_9148_length_1742_cov_54.086	gb_AY769934_+_27-993_ARO:3003096_CfxA5	98.276	58	1	0	1685	1742	64	121	4.37e-22	102
NODE_9148_length_1742_cov_54.086	gb_U38243_+_149-1115_ARO:3003001_CfxA	98.276	58	1	0	1685	1742	64	121	4.37e-22	102
NODE_9148_length_1742_cov_54.086	gb_AY769933_+_0-966_ARO:3003005_CfxA4	98.276	58	1	0	1685	1742	64	121	4.37e-22	102
NODE_9148_length_1742_cov_54.086	gb_AF118110.1_-_71-1037_ARO:3003002_CfxA2	98.276	58	1	0	1685	1742	64	121	4.37e-22	102
NODE_9819_length_1637_cov_2.50948	gb_NC_003098.1_+_866210-867410_ARO:3000822_pmrA	93.306	493	33	0	1145	1637	1	493	0.0	728
NODE_11533_length_1410_cov_3.32694	gb_HQ652506.1_+_2099-3836_ARO:3004033_tetB(46)	88.115	833	97	2	579	1410	1721	890	0.0	989
NODE_12067_length_1355_cov_9.28231	gb_NC_003098.1_-_1359228-1360395_ARO:3000025_patB	78.710	977	206	2	380	1355	1	976	0.0	651
NODE_13115_length_1254_cov_2.07423	gb_M37699_+_585-1752_ARO:3000205_tetX	99.821	1115	2	0	1	1115	53	1167	0.0	2049
NODE_13142_length_1252_cov_3.9315	gb_AF242872_+_2131-2878_ARO:3000375_ErmB	100.000	41	0	0	1211	1251	1	41	1.90e-14	76.8
NODE_14371_length_1152_cov_3.46399	gb_AY043299.1_-_3984-5175_ARO:3000167_tet(C)	100.000	66	0	0	1087	1152	622	687	2.21e-28	122
NODE_17511_length_967_cov_4.54276	gb_KX000273.1_+_0-1740_ARO:3004036_tetB(60)	85.005	967	145	0	1	967	1186	220	0.0	983
NODE_17639_length_961_cov_5.23841	gb_AJ295238.3_+_163-2083_ARO:3000196_tet32	92.071	845	65	2	107	950	1	844	0.0	1188
NODE_18248_length_933_cov_2.06036	gb_NC_003098.1_-_1359228-1360395_ARO:3000025_patB	92.546	872	65	0	62	933	1161	290	0.0	1251
NODE_18380_length_927_cov_52.4851	gb_AM180355_+_600033-601953_ARO:3000186_tetM	88.567	726	83	0	192	917	1	726	0.0	881
NODE_18823_length_909_cov_4.20141	gb_HM990671_+_5192-6671_ARO:3003112_lsaC	96.955	624	15	4	2	623	858	1479	0.0	1044
NODE_18997_length_903_cov_138.432	gb_AF118110.1_-_71-1037_ARO:3003002_CfxA2	100.000	900	0	0	1	900	67	966	0.0	1663
NODE_18997_length_903_cov_138.432	gb_AF472622_+_52-1018_ARO:3003003_CfxA3	99.889	900	1	0	1	900	67	966	0.0	1657
NODE_18997_length_903_cov_138.432	gb_AY769934_+_27-993_ARO:3003096_CfxA5	99.889	900	1	0	1	900	67	966	0.0	1657
NODE_18997_length_903_cov_138.432	gb_U38243_+_149-1115_ARO:3003001_CfxA	99.889	900	1	0	1	900	67	966	0.0	1657
NODE_18997_length_903_cov_138.432	gb_AY769933_+_0-966_ARO:3003005_CfxA4	99.889	900	1	0	1	900	67	966	0.0	1657
NODE_18997_length_903_cov_138.432	gb_GQ342996_+_797-1793_ARO:3003097_CfxA6	88.839	896	97	3	1	895	100	993	0.0	1098
NODE_20707_length_837_cov_24.4297	gb_HM990671_+_5192-6671_ARO:3003112_lsaC	88.442	398	44	2	1	397	397	1	8.22e-136	479
NODE_22595_length_775_cov_57.4069	gb_AM180355_+_600033-601953_ARO:3000186_tetM	94.751	762	40	0	14	775	1920	1159	0.0	1186
NODE_22595_length_775_cov_57.4069	gb_L09756_+_0-1926_ARO:3000192_tetS	81.842	760	135	3	15	772	1920	1162	0.0	636
NODE_22637_length_773_cov_1.66574	gb_KX531049.1_+_0-1947_ARO:3003986_TaeA	84.615	65	10	0	96	160	1363	1427	2.51e-11	65.8
NODE_22885_length_767_cov_4.12219	gb_HQ652506.1_+_373-2098_ARO:3004032_tetA(46)	95.345	666	31	0	102	767	1	666	0.0	1059
NODE_24677_length_722_cov_32.8876	gb_U00096_+_2812615-2814154_ARO:3000074_emrB	73.802	313	74	7	124	432	892	1200	6.37e-27	117
NODE_24826_length_718_cov_2.35596	gb_NC_003098.1_-_1359228-1360395_ARO:3000025_patB	94.400	125	7	0	594	718	1	125	1.02e-49	193
NODE_25643_length_699_cov_3.91149	gb_CP007593.1_+_2148923-2149772_ARO:3001301_RlmA(II)	83.548	699	109	6	4	699	711	16	0.0	649
NODE_28391_length_644_cov_49.2207	gb_AF472622_+_52-1018_ARO:3003003_CfxA3	100.000	52	0	0	593	644	966	915	7.38e-21	97.1
NODE_28391_length_644_cov_49.2207	gb_AY769934_+_27-993_ARO:3003096_CfxA5	100.000	52	0	0	593	644	966	915	7.38e-21	97.1
NODE_28391_length_644_cov_49.2207	gb_U38243_+_149-1115_ARO:3003001_CfxA	100.000	52	0	0	593	644	966	915	7.38e-21	97.1
NODE_28391_length_644_cov_49.2207	gb_AY769933_+_0-966_ARO:3003005_CfxA4	100.000	52	0	0	593	644	966	915	7.38e-21	97.1
NODE_28391_length_644_cov_49.2207	gb_AF118110.1_-_71-1037_ARO:3003002_CfxA2	100.000	52	0	0	593	644	966	915	7.38e-21	97.1
NODE_28930_length_634_cov_2.17098	gb_AF540889_+_0-327_ARO:3002871_tet37	100.000	210	0	0	425	634	222	13	1.07e-108	388
NODE_29927_length_618_cov_1.42096	gb_NC_017452.1_-_1144673-1146068_ARO:3003953_hmrM	91.382	615	53	0	4	618	999	385	0.0	843
NODE_30844_length_605_cov_4.50909	gb_KX000272.1_+_0-1740_ARO:3004035_tetA(60)	92.897	535	38	0	1	535	535	1	0.0	778
NODE_35270_length_545_cov_2.8449	gb_KX000273.1_+_0-1740_ARO:3004036_tetB(60)	84.404	545	85	0	1	545	346	890	3.09e-153	536
NODE_36231_length_533_cov_1.62343	gb_CP007593.1_+_2148923-2149772_ARO:3001301_RlmA(II)	89.201	463	50	0	1	463	379	841	4.94e-166	579
NODE_36327_length_532_cov_22.8176	gb_AM180355_+_600033-601953_ARO:3000186_tetM	89.163	526	57	0	7	532	688	1213	0.0	656
NODE_36327_length_532_cov_22.8176	gb_L09756_+_0-1926_ARO:3000192_tetS	76.680	506	112	6	7	509	688	1190	7.24e-75	276
NODE_36350_length_532_cov_39.5597	gb_AM180355_+_600033-601953_ARO:3000186_tetM	93.726	526	33	0	7	532	688	1213	0.0	789
NODE_36350_length_532_cov_39.5597	gb_L09756_+_0-1926_ARO:3000192_tetS	75.842	505	118	4	7	509	688	1190	3.39e-68	254
NODE_37037_length_524_cov_36.1429	gb_AM180355_+_600033-601953_ARO:3000186_tetM	100.000	42	0	0	1	42	1879	1920	2.16e-15	78.7
NODE_40582_length_488_cov_1.85681	gb_NC_003098.1_-_1359228-1360395_ARO:3000025_patB	94.131	426	25	0	61	486	1	426	0.0	649
NODE_40699_length_487_cov_3.3912	gb_KX000272.1_+_0-1740_ARO:3004035_tetA(60)	91.170	487	43	0	1	487	551	1037	0.0	662
NODE_40993_length_484_cov_2.52914	gb_AJ295238.3_+_163-2083_ARO:3000196_tet32	95.781	474	18	2	1	473	860	1332	0.0	763
NODE_61124_length_363_cov_2.88312	gb_CP007593.1_+_2148923-2149772_ARO:3001301_RlmA(II)	88.366	361	42	0	3	363	142	502	7.59e-123	435
NODE_62820_length_356_cov_1.68771	gb_CP007593.1_+_2148923-2149772_ARO:3001301_RlmA(II)	94.022	184	11	0	8	191	658	841	3.69e-76	279
NODE_65581_length_346_cov_1.72852	gb_NC_003098.1_+_866210-867410_ARO:3000822_pmrA	93.921	329	20	0	4	332	329	1	9.07e-142	497
NODE_80321_length_303_cov_1.19758	gb_AY768531_+_0-1179_ARO:3000533_macA	85.809	303	43	0	1	303	143	445	5.09e-89	322
NODE_83571_length_296_cov_0.875519	gb_CP007593.1_+_2148923-2149772_ARO:3001301_RlmA(II)	93.392	227	15	0	70	296	849	623	1.77e-93	337
NODE_95592_length_273_cov_2.17431	gb_KX000272.1_+_0-1740_ARO:3004035_tetA(60)	100.000	273	0	0	1	273	1193	921	4.21e-144	505
NODE_96159_length_272_cov_3.48848	gb_HQ652506.1_+_373-2098_ARO:3004032_tetA(46)	93.750	272	17	0	1	272	1354	1083	3.38e-115	409
NODE_97183_length_270_cov_1.33488	gb_NC_003098.1_+_866210-867410_ARO:3000822_pmrA	91.481	270	23	0	1	270	617	348	4.40e-104	372
NODE_97826_length_269_cov_1.34579	gb_NC_003098.1_-_1359228-1360395_ARO:3000025_patB	86.617	269	36	0	1	269	628	360	7.54e-82	298
NODE_99755_length_266_cov_2.89573	gb_KX000272.1_+_0-1740_ARO:3004035_tetA(60)	89.850	266	27	0	1	266	292	557	3.39e-95	342
NODE_102006_length_262_cov_3.7343	gb_HQ652506.1_+_2099-3836_ARO:3004033_tetB(46)	93.421	228	15	0	1	228	1263	1036	4.32e-94	339
NODE_105782_length_256_cov_1.8408	gb_HQ652506.1_+_2099-3836_ARO:3004033_tetB(46)	85.098	255	36	2	3	256	1379	1126	3.37e-70	259
NODE_109207_length_252_cov_40.8173	gb_AP009048_+_2810082-2811255_ARO:3000027_emrA	80.909	110	21	0	39	148	968	859	1.66e-18	87.9
NODE_109618_length_251_cov_1.12755	gb_NC_003098.1_+_866210-867410_ARO:3000822_pmrA	93.227	251	17	0	1	251	572	822	1.46e-103	370
NODE_109783_length_251_cov_2.60714	gb_NC_003098.1_+_866210-867410_ARO:3000822_pmrA	96.685	181	6	0	71	251	1200	1020	5.41e-83	302
NODE_112366_length_247_cov_1.55729	gb_KX000272.1_+_0-1740_ARO:3004035_tetA(60)	93.117	247	17	0	1	247	1238	992	2.40e-101	363
NODE_118984_length_239_cov_1.51087	gb_CP007593.1_+_2148923-2149772_ARO:3001301_RlmA(II)	92.083	240	17	2	1	239	565	803	1.41e-93	337
NODE_119580_length_238_cov_1.82514	gb_KX000272.1_+_0-1740_ARO:3004035_tetA(60)	88.688	221	25	0	1	221	1486	1706	1.44e-73	270
NODE_120606_length_237_cov_2.50549	gb_KX000272.1_+_0-1740_ARO:3004035_tetA(60)	99.156	237	2	0	1	237	909	673	8.03e-121	427
NODE_122857_length_235_cov_2.07778	gb_CP007593.1_+_2148923-2149772_ARO:3001301_RlmA(II)	87.597	129	16	0	102	230	843	715	1.93e-37	150
NODE_124659_length_233_cov_16.2697	gb_AM180355_+_600033-601953_ARO:3000186_tetM	100.000	42	0	0	1	42	1879	1920	9.15e-16	78.7
NODE_138126_length_219_cov_2.65854	gb_X74948_+_0-492_ARO:3002688_catS	97.826	92	2	0	128	219	1	92	2.97e-40	159
NODE_146110_length_212_cov_2	gb_X74948_+_0-492_ARO:3002688_catS	97.222	72	2	0	1	72	420	491	3.76e-29	122
NODE_150966_length_208_cov_1.88235	gb_NC_003098.1_+_866210-867410_ARO:3000822_pmrA	91.748	206	17	0	1	206	478	683	1.23e-78	287
NODE_151529_length_208_cov_2.00654	gb_NC_003098.1_+_866210-867410_ARO:3000822_pmrA	93.269	208	14	0	1	208	759	552	9.46e-85	307
NODE_152920_length_207_cov_82.4803	gb_AF472622_+_52-1018_ARO:3003003_CfxA3	98.347	121	2	0	1	121	121	1	2.11e-56	213
NODE_152920_length_207_cov_82.4803	gb_AY769934_+_27-993_ARO:3003096_CfxA5	98.347	121	2	0	1	121	121	1	2.11e-56	213
NODE_152920_length_207_cov_82.4803	gb_U38243_+_149-1115_ARO:3003001_CfxA	98.347	121	2	0	1	121	121	1	2.11e-56	213
NODE_152920_length_207_cov_82.4803	gb_AY769933_+_0-966_ARO:3003005_CfxA4	98.347	121	2	0	1	121	121	1	2.11e-56	213
NODE_152920_length_207_cov_82.4803	gb_AF118110.1_-_71-1037_ARO:3003002_CfxA2	98.347	121	2	0	1	121	121	1	2.11e-56	213
