NODE_25_length_157910_cov_19.5057	gb_AF118110.1_-_71-1037_ARO:3003002_CfxA2	86.120	951	131	1	1710	2660	953	4	0.0	1024
NODE_25_length_157910_cov_19.5057	gb_AF472622_+_52-1018_ARO:3003003_CfxA3	86.015	951	132	1	1710	2660	953	4	0.0	1018
NODE_25_length_157910_cov_19.5057	gb_AY769934_+_27-993_ARO:3003096_CfxA5	86.015	951	132	1	1710	2660	953	4	0.0	1018
NODE_25_length_157910_cov_19.5057	gb_U38243_+_149-1115_ARO:3003001_CfxA	86.015	951	132	1	1710	2660	953	4	0.0	1018
NODE_25_length_157910_cov_19.5057	gb_AY769933_+_0-966_ARO:3003005_CfxA4	86.015	951	132	1	1710	2660	953	4	0.0	1018
NODE_25_length_157910_cov_19.5057	gb_GQ342996_+_797-1793_ARO:3003097_CfxA6	84.963	951	136	6	1715	2662	980	34	0.0	957
NODE_1502_length_14716_cov_277.166	gb_NC_012469.1_-_1800927-1802391_ARO:3000616_mel	97.236	1013	28	0	2179	3191	1464	452	0.0	1716
NODE_1502_length_14716_cov_277.166	gb_L42817_+_201-936_ARO:3000522_ErmG	99.184	735	6	0	673	1407	735	1	0.0	1325
NODE_1502_length_14716_cov_277.166	gb_M64090_+_0-735_ARO:3000595_ErmT	77.959	735	148	11	680	1407	728	1	4.15e-125	448
NODE_1632_length_13456_cov_133.555	gb_M37699_+_585-1752_ARO:3000205_tetX	99.829	1167	2	0	2319	3485	1	1167	0.0	2145
NODE_1632_length_13456_cov_133.555	gb_M17124_+_1181-1982_ARO:3000498_ErmF	98.618	651	9	0	55	705	651	1	0.0	1153
NODE_1632_length_13456_cov_133.555	gb_AF319779.2_+_32-833_ARO:3000604_Erm(35)	78.671	647	134	3	61	705	645	1	4.95e-119	427
NODE_2282_length_9351_cov_452.011	gb_AF472622_+_52-1018_ARO:3003003_CfxA3	100.000	966	0	0	8235	9200	966	1	0.0	1784
NODE_2282_length_9351_cov_452.011	gb_AY769933_+_0-966_ARO:3003005_CfxA4	99.896	966	1	0	8235	9200	966	1	0.0	1779
NODE_2282_length_9351_cov_452.011	gb_AF118110.1_-_71-1037_ARO:3003002_CfxA2	99.896	966	1	0	8235	9200	966	1	0.0	1779
NODE_2282_length_9351_cov_452.011	gb_AY769934_+_27-993_ARO:3003096_CfxA5	99.793	966	2	0	8235	9200	966	1	0.0	1773
NODE_2282_length_9351_cov_452.011	gb_U38243_+_149-1115_ARO:3003001_CfxA	99.793	966	2	0	8235	9200	966	1	0.0	1773
NODE_2282_length_9351_cov_452.011	gb_GQ342996_+_797-1793_ARO:3003097_CfxA6	89.234	966	101	3	8240	9204	993	30	0.0	1205
NODE_3191_length_6344_cov_92.0215	gb_U00096_+_3415032-3418137_ARO:3000502_acrF	74.590	122	31	0	3816	3937	1125	1246	4.56e-07	54.7
NODE_3999_length_4932_cov_31.1275	gb_M18896.2_+_206-2126_ARO:3000190_tetO	99.792	1920	4	0	2214	4133	1920	1	0.0	3524
NODE_3999_length_4932_cov_31.1275	gb_AJ295238.3_+_163-2083_ARO:3000196_tet32	94.465	831	46	0	2214	3044	1920	1090	0.0	1280
NODE_3999_length_4932_cov_31.1275	gb_AJ295238.3_+_163-2083_ARO:3000196_tet32	91.919	396	32	0	3738	4133	396	1	7.96e-158	555
NODE_4106_length_4802_cov_3.99874	gb_M57437_+_0-1647_ARO:3002827_tlrC	96.970	33	1	0	3709	3741	568	600	9.58e-08	56.5
NODE_5199_length_3657_cov_8.53498	gb_AF242872_+_2131-2878_ARO:3000375_ErmB	100.000	64	0	0	1	64	64	1	9.17e-27	119
NODE_6014_length_3108_cov_571.272	gb_Z21523_+_0-1974_ARO:3000191_tetQ	98.784	1974	24	0	657	2630	1	1974	0.0	3513
NODE_6826_length_2676_cov_2.2232	gb_M18896.2_+_206-2126_ARO:3000190_tetO	100.000	32	0	0	1	32	1438	1469	4.11e-09	60.2
NODE_6826_length_2676_cov_2.2232	gb_AJ295238.3_+_163-2083_ARO:3000196_tet32	100.000	32	0	0	1	32	1438	1469	4.11e-09	60.2
NODE_6890_length_2643_cov_3.34892	gb_KU736867.1_+_19653-21573_ARO:3004442_tet(W/N/W)	99.091	110	1	0	2534	2643	1920	1811	8.25e-51	198
NODE_7307_length_2469_cov_23.4076	gb_EU434751_+_658-2578_ARO:3000194_tetW	99.685	1904	6	0	566	2469	1	1904	0.0	3483
NODE_7307_length_2469_cov_23.4076	gb_KU736867.1_+_19653-21573_ARO:3004442_tet(W/N/W)	96.218	1904	72	0	566	2469	1	1904	0.0	3118
NODE_8072_length_2217_cov_8.47872	gb_GQ343019_+_132-1023_ARO:3002999_CblA-1	99.663	891	3	0	1169	2059	1	891	0.0	1629
NODE_8130_length_2201_cov_22.4301	gb_AF173226_+_3767-6917_ARO:3003052_smeB	82.432	74	13	0	515	588	1169	1242	7.26e-11	65.8
NODE_8130_length_2201_cov_22.4301	gb_AJ252200_+_1278-4401_ARO:3003056_smeE	84.615	65	10	0	524	588	1178	1242	7.26e-11	65.8
NODE_8468_length_2102_cov_111.365	gb_M17124_+_1181-1982_ARO:3000498_ErmF	99.371	159	1	0	56	214	643	801	3.78e-78	289
NODE_8740_length_2030_cov_2.06835	gb_U05883_+_555-1458_ARO:3003559_cepA	77.451	816	166	17	1168	1974	883	77	3.37e-133	472
NODE_9040_length_1960_cov_6.82152	gb_AF242872_+_2131-2878_ARO:3000375_ErmB	98.387	62	0	1	1	61	686	747	1.06e-23	108
NODE_13622_length_1302_cov_83.1243	gb_NC_007779_+_2586250-2589364_ARO:3000491_acrD	100.000	28	0	0	586	613	1880	1907	3.33e-07	52.8
NODE_14104_length_1261_cov_15.2065	gb_EU434751_+_658-2578_ARO:3000194_tetW	100.000	71	0	0	1191	1261	1920	1850	4.02e-31	132
NODE_14370_length_1238_cov_3.52663	gb_M57437_+_0-1647_ARO:3002827_tlrC	96.970	33	1	0	1079	1111	600	568	2.44e-08	56.5
NODE_20692_length_891_cov_3.13278	gb_KU736867.1_+_19653-21573_ARO:3004442_tet(W/N/W)	95.398	891	41	0	1	891	889	1779	0.0	1419
NODE_20692_length_891_cov_3.13278	gb_EU434751_+_658-2578_ARO:3000194_tetW	91.329	888	77	0	1	888	889	1776	0.0	1214
NODE_22663_length_824_cov_11.459	gb_EU434751_+_658-2578_ARO:3000194_tetW	96.825	63	0	2	763	824	1911	1850	5.68e-23	104
NODE_22663_length_824_cov_11.459	gb_AF242872_+_2131-2878_ARO:3000375_ErmB	100.000	55	0	0	1	55	64	10	2.04e-22	102
NODE_25828_length_740_cov_1.91825	gb_X63451_+_0-1653_ARO:3002828_srmB	94.444	36	2	0	5	40	1464	1499	1.45e-08	56.5
NODE_26268_length_731_cov_24.9127	gb_AF242872_+_2131-2878_ARO:3000375_ErmB	99.590	732	2	1	1	731	10	741	0.0	1334
NODE_27069_length_714_cov_1.83156	gb_AF028812_+_392-887_ARO:3002867_dfrF	100.000	495	0	0	71	565	495	1	0.0	915
NODE_35198_length_580_cov_1.34857	gb_NC_002516_+_2810008-2813197_ARO:3000804_MexF	81.545	233	43	0	270	502	1036	1268	8.21e-50	193
NODE_35198_length_580_cov_1.34857	gb_AFRQ01000061.1_-_23986-27124_ARO:3004144_AxyY	76.230	244	56	2	269	511	1023	1265	2.35e-30	128
NODE_35198_length_580_cov_1.34857	gb_NC_010378.1_+_47850-51003_ARO:3003923_oqxB	76.098	205	43	3	289	490	1055	1256	1.42e-22	102
NODE_47853_length_453_cov_3.47739	gb_KU736867.1_+_19653-21573_ARO:3004442_tet(W/N/W)	88.000	450	50	3	6	453	752	305	4.26e-151	529
NODE_52357_length_422_cov_2.17984	gb_AP009048_+_2810082-2811255_ARO:3000027_emrA	74.661	221	51	5	144	361	750	968	6.15e-20	93.5
NODE_63423_length_363_cov_4.23377	gb_KU736867.1_+_19653-21573_ARO:3004442_tet(W/N/W)	90.496	242	23	0	119	360	1	242	2.22e-88	320
NODE_63423_length_363_cov_4.23377	gb_EU434751_+_658-2578_ARO:3000194_tetW	90.496	242	23	0	119	360	1	242	2.22e-88	320
NODE_75482_length_318_cov_1.04943	gb_NC_012469.1_-_1800927-1802391_ARO:3000616_mel	90.789	76	7	0	133	208	1	76	7.60e-23	102
NODE_76033_length_317_cov_1.69466	gb_M57437_+_0-1647_ARO:3002827_tlrC	100.000	28	0	0	58	85	1499	1472	7.73e-08	52.8
NODE_76806_length_315_cov_3.31154	gb_AF242872_+_2131-2878_ARO:3000375_ErmB	100.000	50	0	0	266	315	1	50	4.53e-20	93.5
NODE_80009_length_305_cov_1.532	gb_NC_000913.3_-_481253-484403_ARO:3000216_acrB	79.861	144	29	0	145	288	981	1124	5.62e-24	106
NODE_109483_length_244_cov_0.952381	gb_NC_023287.1_-_65291-66509_ARO:3000615_mefA	94.672	244	13	0	1	244	177	420	2.36e-106	379
NODE_115535_length_235_cov_1.15	gb_NC_023287.1_-_65291-66509_ARO:3000615_mefA	90.521	211	18	2	26	235	875	1084	8.48e-76	278
NODE_142132_length_126_cov_5.85915	gb_AF242872_+_2131-2878_ARO:3000375_ErmB	98.214	56	0	1	1	55	686	741	1.27e-21	97.1
NODE_143966_length_69_cov_7.78571	gb_AF242872_+_2131-2878_ARO:3000375_ErmB	100.000	64	0	0	6	69	1	64	1.29e-28	119
