NODE_208_length_20847_cov_9.35672	gb_Z21523_+_0-1974_ARO:3000191_tetQ	90.071	1974	195	1	15060	17032	1974	1	0.0	2558
NODE_352_length_15882_cov_20.8487	gb_HM990671_+_5192-6671_ARO:3003112_lsaC	91.616	1479	124	0	2727	4205	1479	1	0.0	2045
NODE_730_length_10577_cov_13.255	gb_AJ295238.3_+_163-2083_ARO:3000196_tet32	89.348	1718	164	18	8859	10566	1911	203	0.0	2141
NODE_774_length_10193_cov_7.6452	gb_AM180355_+_600033-601953_ARO:3000186_tetM	87.220	626	80	0	9568	10193	1	626	0.0	713
NODE_1860_length_6360_cov_5.36273	gb_NC_003098.1_-_1359228-1360395_ARO:3000025_patB	83.444	302	50	0	6059	6360	1	302	1.92e-75	281
NODE_1905_length_6283_cov_46.1681	gb_Z21523_+_0-1974_ARO:3000191_tetQ	100.000	1974	0	0	526	2499	1	1974	0.0	3646
NODE_2179_length_5870_cov_36.0394	gb_HM990671_+_5192-6671_ARO:3003112_lsaC	93.708	1478	93	0	4167	5644	2	1479	0.0	2215
NODE_2513_length_5416_cov_7.097	gb_M17124_+_1181-1982_ARO:3000498_ErmF	97.059	34	1	0	254	287	551	518	3.00e-08	58.4
NODE_2962_length_4950_cov_10.6842	gb_CP007593.1_+_2148923-2149772_ARO:3001301_RlmA(II)	84.852	845	124	4	568	1410	843	1	0.0	848
NODE_3213_length_4732_cov_34.7738	gb_M17124_+_1181-1982_ARO:3000498_ErmF	99.625	801	3	0	1803	2603	801	1	0.0	1463
NODE_3213_length_4732_cov_34.7738	gb_AF319779.2_+_32-833_ARO:3000604_Erm(35)	78.545	797	165	5	1810	2603	794	1	2.78e-147	520
NODE_3262_length_4692_cov_4.52469	gb_NC_014638.1_-_1610636-1613960_ARO:3003730_Bifidobacteria	73.723	274	58	14	3170	3436	1988	1722	1.98e-19	95.3
NODE_3311_length_4649_cov_13.0934	gb_NC_012469.1_-_1800927-1802391_ARO:3000616_mel	100.000	1464	0	0	743	2206	1464	1	0.0	2704
NODE_3311_length_4649_cov_13.0934	gb_NC_023287.1_-_65291-66509_ARO:3000615_mefA	96.962	1218	37	0	2326	3543	1218	1	0.0	2045
NODE_3447_length_4550_cov_7.40044	gb_AM180355_+_600033-601953_ARO:3000186_tetM	97.436	546	14	0	1	546	1375	1920	0.0	931
NODE_4997_length_3688_cov_3.20121	gb_AF242872_+_2131-2878_ARO:3000375_ErmB	99.331	747	4	1	2646	3391	1	747	0.0	1351
NODE_5240_length_3602_cov_4.1748	gb_NC_003112.2_-_1791966-1795170_ARO:3000811_mtrD	80.298	2685	515	12	922	3599	1	2678	0.0	2015
NODE_7895_length_2856_cov_3.0714	gb_AY768532_+_0-1935_ARO:3000535_macB	86.232	1932	251	11	764	2689	1923	1	0.0	2080
NODE_8347_length_2772_cov_4.85793	gb_AY768531_+_0-1179_ARO:3000533_macA	84.963	1084	153	9	1681	2759	77	1155	0.0	1090
NODE_9629_length_2540_cov_77.0527	gb_AF118110.1_-_71-1037_ARO:3003002_CfxA2	100.000	966	0	0	82	1047	1	966	0.0	1784
NODE_9629_length_2540_cov_77.0527	gb_AF472622_+_52-1018_ARO:3003003_CfxA3	99.896	966	1	0	82	1047	1	966	0.0	1779
NODE_9629_length_2540_cov_77.0527	gb_AY769934_+_27-993_ARO:3003096_CfxA5	99.896	966	1	0	82	1047	1	966	0.0	1779
NODE_9629_length_2540_cov_77.0527	gb_U38243_+_149-1115_ARO:3003001_CfxA	99.896	966	1	0	82	1047	1	966	0.0	1779
NODE_9629_length_2540_cov_77.0527	gb_AY769933_+_0-966_ARO:3003005_CfxA4	99.896	966	1	0	82	1047	1	966	0.0	1779
NODE_9629_length_2540_cov_77.0527	gb_GQ342996_+_797-1793_ARO:3003097_CfxA6	89.234	966	101	3	78	1042	30	993	0.0	1205
NODE_10339_length_2434_cov_2.69693	gb_DQ212986_+_2258-2966_ARO:3002926_vanRG	96.875	32	1	0	1895	1926	281	312	1.74e-07	54.7
NODE_15254_length_1913_cov_9.45694	gb_AP006618.1_+_4835199-4838688_ARO:3000501_Nocardia	74.254	1709	395	38	1	1688	1072	2756	0.0	676
NODE_15812_length_1873_cov_2.79098	gb_NC_007795.1_-_1360280-1361636_ARO:3000839_arlS	100.000	29	0	0	731	759	1195	1223	1.34e-07	54.7
NODE_16336_length_1838_cov_7.83735	gb_M57437_+_0-1647_ARO:3002827_tlrC	96.970	33	1	0	1489	1521	1500	1468	3.65e-08	56.5
NODE_16388_length_1834_cov_2.43058	gb_AJ295238.3_+_163-2083_ARO:3000196_tet32	79.515	1816	356	15	15	1822	19	1826	0.0	1279
NODE_17463_length_1763_cov_6.1048	gb_HM990671_+_5192-6671_ARO:3003112_lsaC	84.303	1478	226	5	135	1609	1	1475	0.0	1439
NODE_18508_length_1699_cov_4.23114	gb_NC_003098.1_-_1359228-1360395_ARO:3000025_patB	81.944	504	87	3	1193	1694	1157	656	8.01e-119	424
NODE_20648_length_1585_cov_1.9098	gb_AP006618.1_+_4835199-4838688_ARO:3000501_Nocardia	77.309	758	145	20	834	1585	3458	2722	2.69e-118	422
NODE_20707_length_1582_cov_16.2895	gb_L36601_+_1420-3130_ARO:3003036_oleB	94.737	38	1	1	1101	1138	1574	1538	8.71e-09	58.4
NODE_30993_length_1219_cov_4.09278	gb_NC_000913.3_+_3219493-3220873_ARO:3000024_patA	82.022	89	16	0	389	477	776	864	1.85e-14	76.8
NODE_31423_length_1208_cov_1.7693	gb_AY768532_+_0-1935_ARO:3000535_macB	77.982	109	22	2	12	119	534	427	1.10e-11	67.6
NODE_35034_length_1125_cov_4.53271	gb_HM990671_+_5192-6671_ARO:3003112_lsaC	79.787	1128	216	12	4	1125	327	1448	0.0	809
NODE_35768_length_1109_cov_7.22106	gb_L36601_+_1420-3130_ARO:3003036_oleB	97.297	37	1	0	61	97	1532	1568	1.30e-10	63.9
NODE_44828_length_951_cov_2.34375	gb_Y11946.1_+_0-980_ARO:3002578_AAC(6')-Ib7	99.203	251	2	0	206	456	1	251	5.66e-128	453
NODE_44828_length_951_cov_2.34375	gb_L06157_+_554-1085_ARO:3002530_AAC(3)-Ib	100.000	59	0	0	393	451	1	59	1.41e-24	110
NODE_44828_length_951_cov_2.34375	gb_DQ390458_-_3095-3995_ARO:3002609_aadA9	100.000	58	0	0	393	450	1	58	5.08e-24	108
NODE_47806_length_911_cov_1.68224	gb_AF133139_+_0-1176_ARO:3000174_tet(G)	90.909	660	60	0	252	911	1	660	0.0	887
NODE_50286_length_881_cov_2.80872	gb_KX236309.1_-_3136-4762_ARO:3004194_MCR-1.2	82.759	87	13	2	658	743	1229	1144	1.32e-14	76.8
NODE_50286_length_881_cov_2.80872	gb_KP347127_+_22412-24038_ARO:3003689_MCR-1	82.759	87	13	2	658	743	1229	1144	1.32e-14	76.8
NODE_52278_length_858_cov_3.64508	gb_AM180355_+_600033-601953_ARO:3000186_tetM	93.341	856	57	0	1	856	1429	574	0.0	1266
NODE_52278_length_858_cov_3.64508	gb_L09756_+_0-1926_ARO:3000192_tetS	77.610	862	181	10	1	856	1429	574	8.29e-146	512
NODE_52340_length_858_cov_5.70237	gb_AM180355_+_600033-601953_ARO:3000186_tetM	88.668	856	97	0	1	856	1429	574	0.0	1044
NODE_52340_length_858_cov_5.70237	gb_L09756_+_0-1926_ARO:3000192_tetS	78.009	864	174	14	1	856	1429	574	8.23e-151	529
NODE_55438_length_824_cov_3.75943	gb_AF235050.4_+_38028-40140_ARO:3003318_Streptomyces	76.119	737	137	34	103	824	912	1624	6.61e-97	350
NODE_57608_length_803_cov_4.15909	gb_AB219524.1_+_1176-4338_ARO:3003699_mexQ	92.683	41	3	0	140	180	2852	2812	1.22e-09	60.2
NODE_57608_length_803_cov_4.15909	gb_NC_002516_+_2810008-2813197_ARO:3000804_MexF	97.059	34	1	0	136	169	2883	2850	4.37e-09	58.4
NODE_57608_length_803_cov_4.15909	gb_AJ252200_+_1278-4401_ARO:3003056_smeE	97.059	34	1	0	136	169	2856	2823	4.37e-09	58.4
NODE_69589_length_705_cov_1.14462	gb_AY115475_+_3337-4597_ARO:3002695_cmlA5	99.778	451	1	0	255	705	1	451	0.0	828
NODE_69589_length_705_cov_1.14462	gb_AF294653_+_2749-4009_ARO:3002696_cmlA6	99.777	449	1	0	255	703	1	449	0.0	824
NODE_69589_length_705_cov_1.14462	gb_AF458080_+_1504-2764_ARO:3002693_cmlA1	99.113	451	4	0	255	705	1	451	0.0	811
NODE_69589_length_705_cov_1.14462	gb_AF156486_+_3648-4908_ARO:3002694_cmlA4	97.118	451	13	0	255	705	1	451	0.0	761
NODE_69589_length_705_cov_1.14462	gb_AJ487033_+_1685-2858_ARO:3002691_Salmonella	99.176	364	3	0	342	705	1	364	0.0	656
NODE_69589_length_705_cov_1.14462	gb_AF034958_+_0-1230_ARO:3002698_cmlB	86.504	452	59	2	255	705	1	451	6.84e-141	496
NODE_83159_length_624_cov_3.03691	gb_NC_003098.1_-_1359228-1360395_ARO:3000025_patB	85.280	625	88	3	1	623	283	905	0.0	641
NODE_91300_length_585_cov_3.71509	gb_NC_005076_+_4149-5628_ARO:3003111_lsaB	80.292	137	27	0	405	541	1	137	3.99e-23	104
NODE_99354_length_551_cov_2.24597	gb_AF235050.4_+_38028-40140_ARO:3003318_Streptomyces	76.699	309	60	9	1	303	378	76	2.20e-40	161
NODE_100573_length_546_cov_1.29124	gb_EU434751_+_658-2578_ARO:3000194_tetW	99.817	546	1	0	1	546	1279	734	0.0	1003
NODE_100573_length_546_cov_1.29124	gb_KU736867.1_+_19653-21573_ARO:3004442_tet(W/N/W)	91.941	546	44	0	1	546	1279	734	0.0	765
NODE_102345_length_539_cov_1.40496	gb_NC_002134.1_+_41537-42743_ARO:3000165_tet(A)	99.814	539	1	0	1	539	20	558	0.0	990
NODE_102345_length_539_cov_1.40496	gb_AB089595_+_0-1206_ARO:3000166_tet(B)	99.629	539	2	0	1	539	20	558	0.0	985
NODE_117815_length_487_cov_2.23148	gb_X74948_+_0-492_ARO:3002688_catS	98.711	388	5	0	1	388	104	491	0.0	689
NODE_117815_length_487_cov_2.23148	gb_AF226276.1_+_3583-4207_ARO:3002682_catD	82.721	463	76	3	1	461	164	624	6.24e-115	409
NODE_117815_length_487_cov_2.23148	gb_U15027_+_0-624_ARO:3002686_catP	82.721	463	76	3	1	461	164	624	6.24e-115	409
NODE_122211_length_475_cov_3.04762	gb_AP009048_+_2810082-2811255_ARO:3000027_emrA	72.093	215	55	5	85	296	750	962	7.06e-10	60.2
NODE_129905_length_455_cov_1.525	gb_AM180355_+_600033-601953_ARO:3000186_tetM	90.769	455	42	0	1	455	1914	1460	5.34e-175	608
NODE_131916_length_450_cov_3.39494	gb_AP006618.1_+_4835199-4838688_ARO:3000501_Nocardia	79.747	316	60	4	137	450	1044	1357	6.21e-60	226
NODE_135664_length_441_cov_1.3057	gb_HM990671_+_5192-6671_ARO:3003112_lsaC	96.296	162	6	0	1	162	163	2	3.58e-72	267
NODE_148288_length_415_cov_11.6278	gb_NC_014638.1_-_1610636-1613960_ARO:3003730_Bifidobacteria	77.586	406	89	2	11	415	2160	1756	1.58e-65	244
NODE_151541_length_409_cov_8.45198	gb_NC_014638.1_-_1610636-1613960_ARO:3003730_Bifidobacteria	76.263	396	72	10	20	395	1791	1398	2.05e-49	191
NODE_152910_length_406_cov_2.04274	gb_AP006618.1_+_4835199-4838688_ARO:3000501_Nocardia	80.531	339	56	8	7	340	1287	954	9.20e-68	252
NODE_156590_length_399_cov_1.27326	gb_NC_003112.2_-_1791966-1795170_ARO:3000811_mtrD	87.437	398	50	0	2	399	1376	979	4.96e-130	459
NODE_163192_length_388_cov_0.735736	gb_AF231986_+_3307-4522_ARO:3002705_floR	85.302	381	56	0	3	383	528	148	1.38e-110	394
NODE_163192_length_388_cov_0.735736	gb_D37826_+_1070-2195_ARO:3002812_pp-flo	85.302	381	56	0	3	383	528	148	1.38e-110	394
NODE_204810_length_333_cov_1.71583	gb_NC_003098.1_-_1359228-1360395_ARO:3000025_patB	85.321	327	44	4	7	331	457	781	7.23e-93	335
NODE_215568_length_321_cov_1.27068	gb_JF969163_+_1053-1893_ARO:3000410_sul1	99.688	321	1	0	1	321	444	124	4.83e-169	588
NODE_218442_length_319_cov_3.96591	gb_NC_000913.3_-_481253-484403_ARO:3000216_acrB	95.122	41	1	1	83	123	2846	2807	3.60e-11	63.9
NODE_231668_length_306_cov_1.5259	gb_AF231986_+_3307-4522_ARO:3002705_floR	89.324	281	30	0	3	283	934	1214	1.82e-98	353
NODE_243698_length_296_cov_1.87967	gb_AJ487033_+_1685-2858_ARO:3002691_Salmonella	100.000	296	0	0	1	296	405	700	7.52e-157	547
NODE_243698_length_296_cov_1.87967	gb_AF294653_+_2749-4009_ARO:3002696_cmlA6	100.000	296	0	0	1	296	492	787	7.52e-157	547
NODE_243698_length_296_cov_1.87967	gb_AF458080_+_1504-2764_ARO:3002693_cmlA1	100.000	296	0	0	1	296	492	787	7.52e-157	547
NODE_243698_length_296_cov_1.87967	gb_AY115475_+_3337-4597_ARO:3002695_cmlA5	100.000	296	0	0	1	296	492	787	7.52e-157	547
NODE_243698_length_296_cov_1.87967	gb_AF156486_+_3648-4908_ARO:3002694_cmlA4	98.311	296	5	0	1	296	492	787	1.64e-148	520
NODE_249985_length_292_cov_1.53165	gb_HM990671_+_5192-6671_ARO:3003112_lsaC	89.583	288	30	0	1	288	447	734	2.23e-102	366
NODE_277532_length_273_cov_1.45413	gb_AY768532_+_0-1935_ARO:3000535_macB	100.000	29	0	0	100	128	455	427	1.83e-08	54.7
NODE_285966_length_268_cov_2.59624	gb_HM990671_+_5192-6671_ARO:3003112_lsaC	90.299	268	26	0	1	268	1041	1308	5.69e-98	351
NODE_295325_length_262_cov_0.888889	gb_KX000273.1_+_0-1740_ARO:3004036_tetB(60)	97.710	262	6	0	1	262	748	487	5.32e-128	451
NODE_295606_length_262_cov_1.33333	gb_KU736867.1_+_19653-21573_ARO:3004442_tet(W/N/W)	100.000	262	0	0	1	262	476	737	5.24e-138	484
NODE_295606_length_262_cov_1.33333	gb_EU434751_+_658-2578_ARO:3000194_tetW	100.000	262	0	0	1	262	476	737	5.24e-138	484
NODE_298493_length_261_cov_1.96602	gb_LT673656.1_-_1884344-1885022_ARO:3004054_Pseudomonas	90.741	54	3	2	177	229	280	332	1.73e-13	71.3
NODE_298615_length_260_cov_1.65366	gb_CP007593.1_+_2148923-2149772_ARO:3001301_RlmA(II)	86.923	260	34	0	1	260	775	516	3.38e-80	292
NODE_300808_length_259_cov_1.04902	gb_KX000273.1_+_0-1740_ARO:3004036_tetB(60)	100.000	259	0	0	1	259	1497	1239	2.41e-136	479
NODE_305064_length_257_cov_1.19802	gb_EU434751_+_658-2578_ARO:3000194_tetW	100.000	257	0	0	1	257	1496	1752	3.09e-135	475
NODE_305064_length_257_cov_1.19802	gb_KU736867.1_+_19653-21573_ARO:3004442_tet(W/N/W)	97.656	256	6	0	1	256	1496	1751	1.13e-124	440
NODE_308247_length_255_cov_1.005	gb_KX000273.1_+_0-1740_ARO:3004036_tetB(60)	100.000	158	0	0	1	158	158	1	3.31e-80	292
NODE_308247_length_255_cov_1.005	gb_KX000272.1_+_0-1740_ARO:3004035_tetA(60)	100.000	101	0	0	155	255	1740	1640	1.61e-48	187
NODE_329855_length_245_cov_3.23684	gb_HM990671_+_5192-6671_ARO:3003112_lsaC	86.939	245	32	0	1	245	789	1033	3.19e-75	276
NODE_335968_length_242_cov_2.16578	gb_AF173226_+_3767-6917_ARO:3003052_smeB	84.545	110	17	0	125	234	2629	2738	3.38e-25	110
NODE_346535_length_237_cov_1.47253	gb_AF133139_+_0-1176_ARO:3000174_tet(G)	93.665	221	14	0	1	221	956	1176	6.48e-92	331
NODE_385855_length_223_cov_1.49405	gb_AF235050.4_+_38028-40140_ARO:3003318_Streptomyces	82.558	172	26	4	12	181	218	49	6.55e-37	148
NODE_394347_length_220_cov_1.17576	gb_NC_003098.1_+_866210-867410_ARO:3000822_pmrA	97.037	135	4	0	3	137	1066	1200	8.06e-61	228
NODE_404341_length_216_cov_1.16149	gb_NC_003112.2_-_1791966-1795170_ARO:3000811_mtrD	90.741	216	20	0	1	216	1635	1850	3.57e-79	289
NODE_411127_length_214_cov_1.2327	gb_KX000272.1_+_0-1740_ARO:3004035_tetA(60)	88.626	211	24	0	1	211	280	490	9.97e-70	257
NODE_419649_length_211_cov_1.28846	gb_DQ677333_+_0-780_ARO:3002621_aadA24	100.000	187	0	0	25	211	780	594	2.04e-96	346
NODE_419649_length_211_cov_1.28846	gb_AY139603_+_106-898_ARO:3002608_aadA8	99.465	187	1	0	25	211	792	606	9.48e-95	340
NODE_419649_length_211_cov_1.28846	gb_NC_004998.1_-_80976-81768_ARO:3002601_aadA	98.930	187	2	0	25	211	792	606	4.41e-93	335
NODE_419649_length_211_cov_1.28846	gb_AJ809407_+_118-898_ARO:3002620_aadA23	98.930	187	2	0	25	211	780	594	4.41e-93	335
NODE_419649_length_211_cov_1.28846	gb_AM261837_+_73-865_ARO:3002619_aadA22	98.396	187	3	0	25	211	792	606	2.05e-91	329
NODE_419649_length_211_cov_1.28846	gb_AY171244_+_46-838_ARO:3002618_aadA21	97.861	187	4	0	25	211	792	606	9.54e-90	324
NODE_419649_length_211_cov_1.28846	gb_CP003022_+_336788-337580_ARO:3003197_aadA25	96.257	187	7	0	25	211	792	606	9.61e-85	307
NODE_419649_length_211_cov_1.28846	gb_AF047479_+_1295-2087_ARO:3002603_aadA3	91.979	187	15	0	25	211	792	606	2.11e-71	263
NODE_419649_length_211_cov_1.28846	gb_AF156486_+_5012-5792_ARO:3002602_aadA2	87.568	185	23	0	27	211	778	594	5.99e-57	215
NODE_419649_length_211_cov_1.28846	gb_DQ393783_+_1799-2591_ARO:3002615_aadA15	87.568	185	23	0	27	211	790	606	5.99e-57	215
NODE_419649_length_211_cov_1.28846	gb_FJ460181_+_1790-2582_ARO:3002617_aadA17	87.568	185	23	0	27	211	790	606	5.99e-57	215
NODE_419649_length_211_cov_1.28846	gb_FJ381668_+_56-848_ARO:3002612_aadA12	87.568	185	23	0	27	211	790	606	5.99e-57	215
NODE_423069_length_210_cov_1.9871	gb_KX000272.1_+_0-1740_ARO:3004035_tetA(60)	87.440	207	26	0	1	207	1143	1349	3.54e-64	239
