NODE_30_length_176716_cov_32.8154	gb_AY928180_+_0-495_ARO:3002837_lnuC	92.727	495	36	0	123598	124092	1	495	0.0	715
NODE_102_length_107286_cov_17.5965	gb_AY082011_+_5900-6932_ARO:3000005_vanD	86.301	73	10	0	72980	73052	367	295	1.27e-13	80.5
NODE_109_length_105445_cov_20.368	gb_AY768532_+_0-1935_ARO:3000535_macB	94.737	38	2	0	9772	9809	155	118	1.63e-07	60.2
NODE_120_length_100028_cov_26.437	gb_Z21523_+_0-1974_ARO:3000191_tetQ	100.000	54	0	0	1	54	77	24	9.10e-20	100
NODE_174_length_82199_cov_8.96601	gb_L11616_+_1569-4710_ARO:3000378_MexB	92.000	50	4	0	65310	65359	2960	2911	5.86e-11	71.3
NODE_362_length_56307_cov_20.3195	gb_AF118110.1_-_71-1037_ARO:3003002_CfxA2	100.000	966	0	0	54333	55298	1	966	0.0	1784
NODE_362_length_56307_cov_20.3195	gb_AF472622_+_52-1018_ARO:3003003_CfxA3	99.896	966	1	0	54333	55298	1	966	0.0	1779
NODE_362_length_56307_cov_20.3195	gb_AY769934_+_27-993_ARO:3003096_CfxA5	99.896	966	1	0	54333	55298	1	966	0.0	1779
NODE_362_length_56307_cov_20.3195	gb_U38243_+_149-1115_ARO:3003001_CfxA	99.896	966	1	0	54333	55298	1	966	0.0	1779
NODE_362_length_56307_cov_20.3195	gb_AY769933_+_0-966_ARO:3003005_CfxA4	99.896	966	1	0	54333	55298	1	966	0.0	1779
NODE_362_length_56307_cov_20.3195	gb_GQ342996_+_797-1793_ARO:3003097_CfxA6	89.234	966	101	3	54329	55293	30	993	0.0	1205
NODE_532_length_45419_cov_43.6909	gb_GQ343019_+_132-1023_ARO:3002999_CblA-1	98.541	891	13	0	35127	36017	1	891	0.0	1574
NODE_557_length_44151_cov_15.0238	gb_NC_002516.2_-_2847775-2850886_ARO:3004075_MuxC	100.000	33	0	0	38168	38200	1201	1233	1.90e-08	62.1
NODE_705_length_37762_cov_13.8657	gb_NC_012469.1_-_1800927-1802391_ARO:3000616_mel	97.236	1013	28	0	2179	3191	1464	452	0.0	1716
NODE_705_length_37762_cov_13.8657	gb_L42817_+_201-936_ARO:3000522_ErmG	99.184	735	6	0	673	1407	735	1	0.0	1325
NODE_705_length_37762_cov_13.8657	gb_M64090_+_0-735_ARO:3000595_ErmT	77.959	735	148	11	680	1407	728	1	1.07e-124	448
NODE_817_length_34325_cov_33.8013	gb_HM990671_+_5192-6671_ARO:3003112_lsaC	92.105	38	3	0	27097	27134	412	449	2.47e-06	54.7
NODE_827_length_33798_cov_15.6566	gb_U05883_+_555-1458_ARO:3003559_cepA	77.669	815	164	17	16699	17504	77	882	9.40e-135	481
NODE_1075_length_27640_cov_9.22853	gb_U00096_+_3415032-3418137_ARO:3000502_acrF	76.531	98	21	2	11861	11957	1246	1150	7.14e-06	52.8
NODE_1103_length_27275_cov_5.73325	gb_HM990671_+_5192-6671_ARO:3003112_lsaC	92.683	41	3	0	8942	8982	412	452	4.21e-08	60.2
NODE_1182_length_25765_cov_8.33376	gb_L36601_+_1420-3130_ARO:3003036_oleB	97.059	34	1	0	8472	8505	1532	1565	1.43e-07	58.4
NODE_1458_length_21645_cov_38.064	gb_GQ343019_+_132-1023_ARO:3002999_CblA-1	98.541	891	13	0	9403	10293	891	1	0.0	1574
NODE_1501_length_21173_cov_7.83782	gb_NC_002516_+_2810008-2813197_ARO:3000804_MexF	81.545	233	43	0	11590	11822	1036	1268	3.09e-48	193
NODE_1501_length_21173_cov_7.83782	gb_AFRQ01000061.1_-_23986-27124_ARO:3004144_AxyY	76.230	244	56	2	11589	11831	1023	1265	8.85e-29	128
NODE_1501_length_21173_cov_7.83782	gb_NC_010378.1_+_47850-51003_ARO:3003923_oqxB	76.098	205	43	3	11609	11810	1055	1256	5.36e-21	102
NODE_2384_length_14619_cov_8.86075	gb_AF235050.4_+_38028-40140_ARO:3003318_Streptomyces	73.529	340	74	14	4840	5171	413	82	4.75e-25	115
NODE_3115_length_11601_cov_16.0637	gb_AF235050.4_+_38028-40140_ARO:3003318_Streptomyces	74.571	350	69	15	4422	4764	85	421	2.89e-31	135
NODE_3378_length_10843_cov_4.99175	gb_HG970100.1_+_0-1457_ARO:3003948_efrA	70.925	454	115	17	3937	4386	868	1308	5.94e-18	91.6
NODE_3697_length_9980_cov_17.7104	gb_EU434751_+_658-2578_ARO:3000194_tetW	96.825	63	0	2	9919	9980	1911	1850	7.03e-22	104
NODE_4872_length_7854_cov_5.24952	gb_HM990671_+_5192-6671_ARO:3003112_lsaC	100.000	29	0	0	4462	4490	424	452	5.64e-07	54.7
NODE_5717_length_6839_cov_30.7403	gb_AF173226_+_3767-6917_ARO:3003052_smeB	86.486	74	10	0	4486	4559	1242	1169	2.25e-15	82.4
NODE_5717_length_6839_cov_30.7403	gb_AJ252200_+_1278-4401_ARO:3003056_smeE	84.722	72	11	0	4486	4557	1242	1171	1.36e-12	73.1
NODE_6287_length_6293_cov_10.2278	gb_M57437_+_0-1647_ARO:3002827_tlrC	96.970	33	1	0	2035	2067	568	600	1.26e-07	56.5
NODE_6364_length_6215_cov_7.49773	gb_M57437_+_0-1647_ARO:3002827_tlrC	92.500	40	2	1	2877	2916	563	601	1.24e-07	56.5
NODE_6632_length_5987_cov_4.07906	gb_NC_007779_+_2586250-2589364_ARO:3000491_acrD	73.387	248	50	15	5708	5947	1003	1242	2.55e-14	78.7
NODE_6632_length_5987_cov_4.07906	gb_U00096_+_3660413-3663527_ARO:3000796_mdtF	87.037	54	6	1	5893	5946	1189	1241	9.24e-09	60.2
NODE_8063_length_5003_cov_5.85934	gb_M57437_+_0-1647_ARO:3002827_tlrC	92.500	40	1	2	2990	3029	557	594	9.98e-08	56.5
NODE_9546_length_4275_cov_5.63697	gb_AFRQ01000061.1_-_23986-27124_ARO:3004144_AxyY	77.432	257	54	4	3902	4156	1023	1277	3.80e-36	150
NODE_11069_length_3712_cov_14.5961	gb_M35190.1_+_308-932_ARO:3004454_Campylobacter	97.756	624	14	0	48	671	624	1	0.0	1075
NODE_11069_length_3712_cov_14.5961	gb_X53797_+_133-775_ARO:3002684_catII	94.118	34	2	0	92	125	589	556	9.57e-07	52.8
NODE_11613_length_3535_cov_6.42989	gb_X01702_+_484-1285_ARO:3002659_APH(6)-Ic	96.875	32	1	0	2131	2162	483	514	2.53e-07	54.7
NODE_12098_length_3404_cov_6.00478	gb_DQ212986_+_2258-2966_ARO:3002926_vanRG	79.267	709	141	5	277	982	1	706	1.57e-138	490
NODE_12260_length_3360_cov_3.4947	gb_NC_002516.2_-_2847775-2850886_ARO:3004075_MuxC	75.000	128	28	4	2698	2823	1230	1105	6.69e-08	56.5
NODE_12498_length_3286_cov_5.73073	gb_NC_007779_+_2586250-2589364_ARO:3000491_acrD	77.200	250	49	8	2999	3244	1026	1271	6.32e-33	139
NODE_12498_length_3286_cov_5.73073	gb_U00096_+_3660413-3663527_ARO:3000796_mdtF	73.770	244	60	4	2973	3214	1000	1241	4.99e-19	93.5
NODE_15607_length_2652_cov_5.82364	gb_AP006618.1_+_4835199-4838688_ARO:3000501_Nocardia	81.275	251	43	4	935	1183	3285	3037	2.30e-51	200
NODE_16976_length_2456_cov_5.5152	gb_AF235050.4_+_38028-40140_ARO:3003318_Streptomyces	77.844	167	35	2	1336	1501	256	421	6.18e-22	102
NODE_17724_length_2359_cov_2.94922	gb_AF235050.4_+_38028-40140_ARO:3003318_Streptomyces	82.609	92	16	0	935	1026	413	322	7.73e-16	82.4
NODE_17865_length_2341_cov_3.52756	gb_AY928180_+_0-495_ARO:3002837_lnuC	99.192	495	4	0	593	1087	495	1	0.0	893
NODE_18030_length_2321_cov_482.154	gb_Z21523_+_0-1974_ARO:3000191_tetQ	97.591	1951	47	0	2	1952	24	1974	0.0	3343
NODE_18853_length_2226_cov_50.1419	gb_M18896.2_+_206-2126_ARO:3000190_tetO	99.635	1916	7	0	311	2226	1	1916	0.0	3500
NODE_18853_length_2226_cov_50.1419	gb_AJ295238.3_+_163-2083_ARO:3000196_tet32	94.438	827	46	0	1400	2226	1090	1916	0.0	1273
NODE_18853_length_2226_cov_50.1419	gb_AJ295238.3_+_163-2083_ARO:3000196_tet32	91.919	396	32	0	311	706	1	396	3.57e-158	555
NODE_22950_length_1844_cov_168.353	gb_EU434751_+_658-2578_ARO:3000194_tetW	99.403	1844	11	0	1	1844	61	1904	0.0	3345
NODE_22950_length_1844_cov_168.353	gb_KU736867.1_+_19653-21573_ARO:3004442_tet(W/N/W)	96.367	1844	67	0	1	1844	61	1904	0.0	3035
NODE_23675_length_1791_cov_20.5058	gb_KU736867.1_+_19653-21573_ARO:3004442_tet(W/N/W)	96.522	115	4	0	1677	1791	1	115	9.33e-49	191
NODE_23675_length_1791_cov_20.5058	gb_EU434751_+_658-2578_ARO:3000194_tetW	96.522	115	4	0	1677	1791	1	115	9.33e-49	191
NODE_23807_length_1783_cov_4.00347	gb_AF242872_+_2131-2878_ARO:3000375_ErmB	99.427	349	1	1	116	463	399	747	0.0	632
NODE_24434_length_1740_cov_2.58516	gb_M37699_+_585-1752_ARO:3000205_tetX	100.000	159	0	0	1582	1740	1	159	6.72e-80	294
NODE_24835_length_1714_cov_4.60579	gb_M37699_+_585-1752_ARO:3000205_tetX	99.831	592	1	0	1	592	576	1167	0.0	1088
NODE_25249_length_1687_cov_34.0839	gb_AF028812_+_392-887_ARO:3002867_dfrF	100.000	495	0	0	1062	1556	1	495	0.0	915
NODE_28877_length_1487_cov_3.84916	gb_KU736867.1_+_19653-21573_ARO:3004442_tet(W/N/W)	98.718	78	1	0	1410	1487	1920	1843	2.84e-33	139
NODE_29165_length_1473_cov_4.12482	gb_AY712687_+_0-831_ARO:3002628_aad(6)	89.196	833	86	4	17	847	1	831	0.0	1037
NODE_29165_length_1473_cov_4.12482	gb_U01945_+_373-916_ARO:3002897_SAT-4	99.816	543	1	0	844	1386	1	543	0.0	998
NODE_29165_length_1473_cov_4.12482	gb_NC_023287.1_-_60996-61860_ARO:3002626_ANT(6)-Ia	77.197	785	169	9	1	780	63	842	1.14e-126	449
NODE_29169_length_1472_cov_3.16514	gb_NC_003197.2_-_393893-397061_ARO:3000790_mdsB	96.970	33	1	0	1104	1136	2935	2967	2.91e-08	56.5
NODE_31074_length_1391_cov_18.2567	gb_JQ740052_+_2108-3329_ARO:3000567_tet(40)	99.427	1221	7	0	161	1381	1221	1	0.0	2217
NODE_32361_length_1341_cov_52.1788	gb_EU434751_+_658-2578_ARO:3000194_tetW	100.000	50	0	0	1	50	1871	1920	2.02e-19	93.5
NODE_34839_length_1254_cov_4.44787	gb_KX531046.1_+_0-864_ARO:3003982_LlmA	75.829	211	41	9	696	901	470	265	4.05e-21	99.0
NODE_36647_length_1199_cov_16.6984	gb_M17124_+_1181-1982_ARO:3000498_ErmF	99.501	801	4	0	278	1078	1	801	0.0	1458
NODE_36647_length_1199_cov_16.6984	gb_AF319779.2_+_32-833_ARO:3000604_Erm(35)	78.697	798	162	5	278	1071	1	794	1.50e-149	525
NODE_38479_length_1148_cov_2.73376	gb_AF016483_+_0-906_ARO:3002637_APH(2'')-IVa	100.000	318	0	0	831	1148	906	589	1.80e-168	588
NODE_38479_length_1148_cov_2.73376	gb_AY939911_+_3535-4441_ARO:3002634_APH(2'')-Ie	98.113	318	6	0	831	1148	906	589	1.83e-158	555
NODE_39072_length_1134_cov_57.6812	gb_CP004067_+_52914-53709_ARO:3002647_APH(3')-IIIa	100.000	795	0	0	192	986	795	1	0.0	1469
NODE_39714_length_1118_cov_98.0828	gb_GQ342996_+_797-1793_ARO:3003097_CfxA6	99.598	996	4	0	87	1082	1	996	0.0	1818
NODE_39714_length_1118_cov_98.0828	gb_AF472622_+_52-1018_ARO:3003003_CfxA3	89.085	962	102	3	120	1079	1	961	0.0	1192
NODE_39714_length_1118_cov_98.0828	gb_AY769933_+_0-966_ARO:3003005_CfxA4	88.981	962	103	3	120	1079	1	961	0.0	1186
NODE_39714_length_1118_cov_98.0828	gb_AF118110.1_-_71-1037_ARO:3003002_CfxA2	88.981	962	103	3	120	1079	1	961	0.0	1186
NODE_39714_length_1118_cov_98.0828	gb_AY769934_+_27-993_ARO:3003096_CfxA5	88.877	962	104	3	120	1079	1	961	0.0	1181
NODE_39714_length_1118_cov_98.0828	gb_U38243_+_149-1115_ARO:3003001_CfxA	88.877	962	104	3	120	1079	1	961	0.0	1181
NODE_39905_length_1113_cov_2.58223	gb_NC_000913.3_-_481253-484403_ARO:3000216_acrB	74.614	583	135	8	516	1087	1555	975	4.36e-65	244
NODE_41446_length_1078_cov_2.47214	gb_FJ349556_+_981-1680_ARO:3002928_vanRM	97.222	36	1	0	636	671	151	186	4.56e-10	62.1
NODE_41646_length_1074_cov_2.19529	gb_FN594949_+_25244-27167_ARO:3000556_tet44	98.965	483	5	0	590	1072	1	483	0.0	865
NODE_45255_length_1000_cov_6.60212	gb_AF170880_+_0-1848_ARO:3002522_novA	75.701	214	46	6	57	267	1591	1381	2.49e-22	102
NODE_46188_length_983_cov_349.977	gb_Z21523_+_0-1974_ARO:3000191_tetQ	98.701	77	1	0	1	77	77	1	6.70e-33	137
NODE_58111_length_813_cov_22.2243	gb_EU434751_+_658-2578_ARO:3000194_tetW	100.000	71	0	0	1	71	1850	1920	2.57e-31	132
NODE_59901_length_794_cov_10.2206	gb_AJ295238.3_+_163-2083_ARO:3000196_tet32	95.833	792	31	2	1	791	581	1371	0.0	1279
NODE_65829_length_738_cov_4.58858	gb_AY055428.1_-_20268-21084_ARO:3000412_sul2	100.000	665	0	0	1	665	665	1	0.0	1229
NODE_71766_length_691_cov_4.68082	gb_AF242872_+_2131-2878_ARO:3000375_ErmB	99.043	418	4	0	9	426	418	1	0.0	750
NODE_72130_length_688_cov_3.09795	gb_AF016483_+_0-906_ARO:3002637_APH(2'')-IVa	100.000	294	0	0	1	294	294	1	2.35e-155	544
NODE_72130_length_688_cov_3.09795	gb_AY939911_+_3535-4441_ARO:3002634_APH(2'')-Ie	92.517	294	22	0	1	294	294	1	1.15e-118	422
NODE_73374_length_679_cov_2.21635	gb_FN594949_+_25244-27167_ARO:3000556_tet44	98.206	669	12	0	9	677	424	1092	0.0	1170
NODE_76662_length_656_cov_1.91015	gb_FN594949_+_25244-27167_ARO:3000556_tet44	99.085	656	6	0	1	656	1263	1918	0.0	1179
NODE_79206_length_640_cov_2.68205	gb_AM180355_+_600033-601953_ARO:3000186_tetM	88.226	637	75	0	4	640	919	283	0.0	761
NODE_79206_length_640_cov_2.68205	gb_L09756_+_0-1926_ARO:3000192_tetS	76.070	631	137	12	17	640	906	283	5.17e-87	316
NODE_90878_length_577_cov_6.12835	gb_AJ295238.3_+_163-2083_ARO:3000196_tet32	90.988	577	48	4	3	577	61	635	0.0	774
NODE_97644_length_546_cov_1.94908	gb_U01945_+_373-916_ARO:3002897_SAT-4	100.000	50	0	0	1	50	196	147	8.05e-20	93.5
NODE_99536_length_538_cov_2.15114	gb_AM180355_+_600033-601953_ARO:3000186_tetM	91.822	538	44	0	1	538	846	1383	0.0	750
NODE_101829_length_529_cov_1.72785	gb_NC_023287.1_-_65291-66509_ARO:3000615_mefA	97.348	528	14	0	2	529	633	106	0.0	898
NODE_117800_length_474_cov_34.6181	gb_M18896.2_+_206-2126_ARO:3000190_tetO	100.000	59	0	0	1	59	1862	1920	6.89e-25	110
NODE_117800_length_474_cov_34.6181	gb_AJ295238.3_+_163-2083_ARO:3000196_tet32	100.000	59	0	0	1	59	1862	1920	6.89e-25	110
NODE_119377_length_469_cov_2.01691	gb_U01945_+_373-916_ARO:3002897_SAT-4	97.436	78	2	0	392	469	418	495	4.05e-32	134
NODE_119761_length_468_cov_1.9661	gb_AM180355_+_600033-601953_ARO:3000186_tetM	97.216	431	12	0	1	431	1490	1920	0.0	730
NODE_132862_length_433_cov_1.40741	gb_U00096_+_3660413-3663527_ARO:3000796_mdtF	81.081	74	14	0	53	126	1242	1169	6.40e-10	60.2
NODE_132862_length_433_cov_1.40741	gb_NC_007779_+_2586250-2589364_ARO:3000491_acrD	87.234	47	6	0	54	100	1241	1195	2.98e-08	54.7
NODE_134384_length_430_cov_1.392	gb_KU736867.1_+_19653-21573_ARO:3004442_tet(W/N/W)	91.355	428	37	0	3	430	7	434	2.36e-168	586
NODE_134384_length_430_cov_1.392	gb_EU434751_+_658-2578_ARO:3000194_tetW	90.654	428	40	0	3	430	7	434	2.38e-163	569
NODE_135119_length_428_cov_2.15013	gb_FN594949_+_27481-28339_ARO:3002629_ANT(6)-Ib	100.000	230	0	0	199	428	1	230	5.41e-120	425
NODE_136815_length_425_cov_268.992	gb_KU736867.1_+_19653-21573_ARO:3004442_tet(W/N/W)	100.000	115	0	0	1	115	115	1	4.55e-56	213
NODE_136815_length_425_cov_268.992	gb_EU434751_+_658-2578_ARO:3000194_tetW	100.000	115	0	0	1	115	115	1	4.55e-56	213
NODE_137565_length_423_cov_2.1875	gb_NC_002516_+_2810008-2813197_ARO:3000804_MexF	75.966	233	50	4	42	271	1264	1035	1.31e-26	115
NODE_137565_length_423_cov_2.1875	gb_NC_002516_+_4707534-4710624_ARO:3000808_mexI	79.279	111	21	2	43	152	1233	1124	6.20e-15	76.8
NODE_137565_length_423_cov_2.1875	gb_U57969_+_1485-4617_ARO:3000801_MexD	87.302	63	8	0	37	99	1266	1204	8.03e-14	73.1
NODE_137565_length_423_cov_2.1875	gb_NC_010378.1_+_47850-51003_ARO:3003923_oqxB	92.000	50	4	0	50	99	1256	1207	2.89e-13	71.3
NODE_137565_length_423_cov_2.1875	gb_L11616_+_1569-4710_ARO:3000378_MexB	92.000	50	4	0	50	99	1247	1198	2.89e-13	71.3
NODE_140988_length_416_cov_4.48753	gb_M37699_+_585-1752_ARO:3000205_tetX	99.758	414	1	0	3	416	155	568	0.0	760
NODE_149141_length_400_cov_1.35652	gb_AFRQ01000061.1_-_23986-27124_ARO:3004144_AxyY	85.567	97	14	0	299	395	1258	1162	9.65e-23	102
NODE_164171_length_374_cov_4.19436	gb_AJ295238.3_+_163-2083_ARO:3000196_tet32	94.652	374	20	0	1	374	262	635	9.47e-167	580
NODE_187532_length_341_cov_1.32517	gb_CP007593.1_+_2148923-2149772_ARO:3001301_RlmA(II)	86.842	342	41	4	2	341	460	799	3.38e-106	379
NODE_193735_length_334_cov_2.48387	gb_NC_012469.1_-_1800927-1802391_ARO:3000616_mel	100.000	253	0	0	82	334	1	253	6.85e-133	468
NODE_200157_length_326_cov_1.45018	gb_NC_007907.1_-_4201992-4202691_ARO:3003728_vanRI	92.308	39	3	0	276	314	273	311	6.16e-09	56.5
NODE_211545_length_315_cov_4.21154	gb_JQ740052_+_2108-3329_ARO:3000567_tet(40)	100.000	45	0	0	1	45	45	1	2.72e-17	84.2
NODE_256804_length_277_cov_2.17568	gb_NC_002516.2_+_4904646-4907703_ARO:3003031_mexW	85.714	63	9	0	1	63	1159	1221	2.39e-12	67.6
NODE_273650_length_266_cov_3.16114	gb_NC_007779_+_2586250-2589364_ARO:3000491_acrD	100.000	28	0	0	58	85	1907	1880	6.41e-08	52.8
NODE_286559_length_258_cov_1.97044	gb_AF235050.4_+_38028-40140_ARO:3003318_Streptomyces	74.408	211	48	6	22	229	76	283	6.11e-18	86.1
NODE_296655_length_252_cov_1.28934	gb_NC_003098.1_-_1359228-1360395_ARO:3000025_patB	95.635	252	11	0	1	252	323	72	4.02e-114	405
NODE_305139_length_248_cov_3.64249	gb_AJ295238.3_+_163-2083_ARO:3000196_tet32	83.806	247	38	2	3	248	71	316	1.98e-62	233
NODE_308525_length_246_cov_1.65969	gb_DQ212986_+_7787-9926_ARO:3002972_vanTG	97.154	246	7	0	1	246	425	670	1.81e-117	416
NODE_312974_length_244_cov_11.8995	gb_M18896.2_+_206-2126_ARO:3000190_tetO	98.305	59	1	0	1	59	1862	1920	1.59e-23	104
NODE_312974_length_244_cov_11.8995	gb_AJ295238.3_+_163-2083_ARO:3000196_tet32	98.305	59	1	0	1	59	1862	1920	1.59e-23	104
NODE_312974_length_244_cov_11.8995	gb_JQ740052_+_2108-3329_ARO:3000567_tet(40)	100.000	45	0	0	200	244	1	45	2.07e-17	84.2
NODE_321235_length_240_cov_2.00541	gb_KU736867.1_+_19653-21573_ARO:3004442_tet(W/N/W)	95.339	236	11	0	1	236	1044	1279	2.99e-105	375
NODE_321235_length_240_cov_2.00541	gb_EU434751_+_658-2578_ARO:3000194_tetW	90.678	236	22	0	1	236	1044	1279	6.62e-87	315
NODE_326646_length_237_cov_1.20879	gb_DQ212986_+_5137-5983_ARO:3002965_vanWG	87.745	204	25	0	34	237	683	480	4.04e-64	239
NODE_332378_length_235_cov_2.1	gb_X01702_+_484-1285_ARO:3002659_APH(6)-Ic	96.875	32	1	0	112	143	483	514	1.56e-08	54.7
NODE_349730_length_227_cov_1.11628	gb_DQ212986_+_7787-9926_ARO:3002972_vanTG	99.559	227	1	0	1	227	1759	1985	5.97e-117	414
NODE_357747_length_224_cov_1.48521	gb_X74948_+_0-492_ARO:3002688_catS	85.185	216	32	0	9	224	326	111	3.83e-59	222
NODE_361894_length_223_cov_183.595	gb_EU434751_+_658-2578_ARO:3000194_tetW	100.000	71	0	0	153	223	1920	1850	6.60e-32	132
NODE_371787_length_219_cov_0.932927	gb_HQ652506.1_+_373-2098_ARO:3004032_tetA(46)	89.954	219	22	0	1	219	815	1033	1.69e-77	283
NODE_374460_length_218_cov_2.25767	gb_NC_003098.1_-_1359228-1360395_ARO:3000025_patB	92.661	218	16	0	1	218	819	602	5.96e-87	315
NODE_376848_length_217_cov_0.938272	gb_HQ652506.1_+_2099-3836_ARO:3004033_tetB(46)	96.313	217	8	0	1	217	510	726	9.71e-100	357
NODE_393976_length_211_cov_1.42308	gb_AY768532_+_0-1935_ARO:3000535_macB	88.679	53	6	0	159	211	1579	1631	6.39e-12	65.8
NODE_394044_length_211_cov_2.44231	gb_NC_003098.1_+_866210-867410_ARO:3000822_pmrA	91.542	201	17	0	11	211	1	201	7.54e-76	278
NODE_397579_length_210_cov_1.6129	gb_NC_023287.1_-_60996-61860_ARO:3002626_ANT(6)-Ia	100.000	72	0	0	1	72	72	1	1.72e-32	134
NODE_410655_length_206_cov_0.788079	gb_AF024602_+_3155-3992_ARO:3002660_APH(6)-Id	99.342	152	1	0	1	152	152	1	2.64e-75	276
NODE_410655_length_206_cov_0.788079	gb_AF313472_+_15593-16397_ARO:3002639_APH(3'')-Ib	100.000	55	0	0	152	206	804	750	4.74e-23	102
NODE_412934_length_171_cov_124.483	gb_EU434751_+_658-2578_ARO:3000194_tetW	100.000	71	0	0	1	71	1850	1920	4.91e-32	132
NODE_416075_length_105_cov_12.72	gb_JQ740052_+_2108-3329_ARO:3000567_tet(40)	100.000	39	0	0	1	39	39	1	1.72e-14	73.1
NODE_418287_length_72_cov_3.82353	gb_AJ295238.3_+_163-2083_ARO:3000196_tet32	100.000	72	0	0	1	72	316	245	4.89e-33	134
