NODE_22_length_15785_cov_29.3358	gb_AM180355_+_600033-601953_ARO:3000186_tetM	92.135	1920	151	0	6681	8600	1920	1	0.0	2710
NODE_22_length_15785_cov_29.3358	gb_NC_012469.1_-_1800927-1802391_ARO:3000616_mel	100.000	1464	0	0	3492	4955	1	1464	0.0	2704
NODE_22_length_15785_cov_29.3358	gb_NC_023287.1_-_65291-66509_ARO:3000615_mefA	96.962	1218	37	0	2155	3372	1	1218	0.0	2045
NODE_22_length_15785_cov_29.3358	gb_L09756_+_0-1926_ARO:3000192_tetS	78.879	1927	390	15	6682	8599	1920	2	0.0	1288
NODE_55_length_10018_cov_14.0228	gb_U75299_+_0-717_ARO:3002671_Lactobacillus	99.301	715	1	4	3793	4507	711	1	0.0	1290
NODE_55_length_10018_cov_14.0228	gb_AB080798.1_+_2658-3309_ARO:3004455_Streptococcus	97.389	651	17	0	3857	4507	651	1	0.0	1109
NODE_125_length_6994_cov_20.2646	gb_NC_003098.1_-_1359228-1360395_ARO:3000025_patB	93.368	1161	77	0	3001	4161	1161	1	0.0	1718
NODE_136_length_6694_cov_18.1497	gb_NC_003098.1_+_866210-867410_ARO:3000822_pmrA	93.813	889	55	0	1	889	889	1	0.0	1338
NODE_170_length_5895_cov_8.42997	gb_HM990671_+_5192-6671_ARO:3003112_lsaC	94.456	1479	82	0	3672	5150	1	1479	0.0	2278
NODE_182_length_5762_cov_16.6545	gb_NC_003098.1_-_1359228-1360395_ARO:3000025_patB	93.059	1167	81	0	2998	4164	1167	1	0.0	1707
NODE_201_length_5376_cov_12.7517	gb_AF242872_+_2131-2878_ARO:3000375_ErmB	99.063	747	6	1	3951	4696	747	1	0.0	1339
NODE_267_length_4531_cov_2.98727	gb_M17124_+_1181-1982_ARO:3000498_ErmF	99.750	801	2	0	1729	2529	801	1	0.0	1469
NODE_267_length_4531_cov_2.98727	gb_AF319779.2_+_32-833_ARO:3000604_Erm(35)	78.643	796	166	3	1736	2529	794	1	5.74e-149	525
NODE_1098_length_1689_cov_13.3905	gb_CP007593.1_+_2148923-2149772_ARO:3001301_RlmA(II)	90.453	817	78	0	1	817	33	849	0.0	1077
NODE_2550_length_832_cov_30.8263	gb_NC_003098.1_+_866210-867410_ARO:3000822_pmrA	95.082	366	18	0	1	366	835	1200	2.81e-165	577
NODE_2553_length_831_cov_10.8054	gb_NC_003098.1_+_866210-867410_ARO:3000822_pmrA	90.253	831	81	0	1	831	889	59	0.0	1086
NODE_3105_length_720_cov_24.9835	gb_CP007593.1_+_2148923-2149772_ARO:3001301_RlmA(II)	90.588	425	40	0	1	425	425	849	1.89e-161	564
NODE_3211_length_701_cov_4.62384	gb_CP007593.1_+_2148923-2149772_ARO:3001301_RlmA(II)	91.059	425	38	0	1	425	425	849	8.49e-165	575
NODE_3729_length_632_cov_1.84402	gb_AF472622_+_52-1018_ARO:3003003_CfxA3	100.000	432	0	0	201	632	1	432	0.0	798
NODE_3729_length_632_cov_1.84402	gb_AY769934_+_27-993_ARO:3003096_CfxA5	100.000	432	0	0	201	632	1	432	0.0	798
NODE_3729_length_632_cov_1.84402	gb_U38243_+_149-1115_ARO:3003001_CfxA	100.000	432	0	0	201	632	1	432	0.0	798
NODE_3729_length_632_cov_1.84402	gb_AY769933_+_0-966_ARO:3003005_CfxA4	100.000	432	0	0	201	632	1	432	0.0	798
NODE_3729_length_632_cov_1.84402	gb_AF118110.1_-_71-1037_ARO:3003002_CfxA2	100.000	432	0	0	201	632	1	432	0.0	798
NODE_3729_length_632_cov_1.84402	gb_GQ342996_+_797-1793_ARO:3003097_CfxA6	89.679	436	45	0	197	632	30	465	2.76e-159	556
NODE_6811_length_449_cov_3.03553	gb_CP007593.1_+_2148923-2149772_ARO:3001301_RlmA(II)	86.829	410	48	5	3	409	407	1	2.61e-128	453
NODE_6870_length_447_cov_22.523	gb_CP007593.1_+_2148923-2149772_ARO:3001301_RlmA(II)	89.414	444	47	0	4	447	476	33	1.49e-160	560
NODE_7979_length_416_cov_2.51801	gb_Z21523_+_0-1974_ARO:3000191_tetQ	94.643	168	9	0	249	416	1	168	1.57e-70	261
NODE_8792_length_397_cov_0.95614	gb_Z21523_+_0-1974_ARO:3000191_tetQ	97.481	397	10	0	1	397	155	551	0.0	678
NODE_9715_length_378_cov_0.739938	gb_EU434751_+_658-2578_ARO:3000194_tetW	99.735	378	1	0	1	378	127	504	0.0	693
NODE_9715_length_378_cov_0.739938	gb_KU736867.1_+_19653-21573_ARO:3004442_tet(W/N/W)	98.942	378	4	0	1	378	127	504	0.0	676
NODE_10570_length_365_cov_1.05806	gb_Z21523_+_0-1974_ARO:3000191_tetQ	89.167	360	39	0	1	360	1458	1817	2.73e-127	449
NODE_10650_length_364_cov_2.48544	gb_Z21523_+_0-1974_ARO:3000191_tetQ	98.352	364	6	0	1	364	1643	1280	0.0	640
NODE_12227_length_343_cov_1.35764	gb_EU434751_+_658-2578_ARO:3000194_tetW	100.000	343	0	0	1	343	1822	1480	0.0	634
NODE_12227_length_343_cov_1.35764	gb_KU736867.1_+_19653-21573_ARO:3004442_tet(W/N/W)	95.918	343	14	0	1	343	1822	1480	1.46e-159	556
NODE_13354_length_330_cov_1.32727	gb_AY928180_+_0-495_ARO:3002837_lnuC	98.585	212	3	0	1	212	212	1	4.22e-105	375
NODE_14319_length_322_cov_1.23221	gb_HM990671_+_5192-6671_ARO:3003112_lsaC	89.441	322	34	0	1	322	122	443	1.46e-114	407
NODE_14405_length_321_cov_21.2256	gb_NC_003098.1_+_866210-867410_ARO:3000822_pmrA	95.575	113	5	0	209	321	1	113	9.58e-47	182
NODE_14473_length_320_cov_0.626415	gb_NC_003112.2_-_1791966-1795170_ARO:3000811_mtrD	83.806	247	40	0	51	297	3176	2930	7.23e-63	235
NODE_18970_length_287_cov_1.28448	gb_AF472622_+_52-1018_ARO:3003003_CfxA3	100.000	218	0	0	1	218	749	966	1.67e-113	403
NODE_18970_length_287_cov_1.28448	gb_AY769933_+_0-966_ARO:3003005_CfxA4	99.541	218	1	0	1	218	749	966	7.75e-112	398
NODE_18970_length_287_cov_1.28448	gb_AF118110.1_-_71-1037_ARO:3003002_CfxA2	99.541	218	1	0	1	218	749	966	7.75e-112	398
NODE_18970_length_287_cov_1.28448	gb_AY769934_+_27-993_ARO:3003096_CfxA5	99.083	218	2	0	1	218	749	966	3.61e-110	392
NODE_18970_length_287_cov_1.28448	gb_U38243_+_149-1115_ARO:3003001_CfxA	99.083	218	2	0	1	218	749	966	3.61e-110	392
NODE_18970_length_287_cov_1.28448	gb_GQ342996_+_797-1793_ARO:3003097_CfxA6	91.038	212	16	3	3	213	784	993	2.26e-77	283
NODE_22538_length_270_cov_2.05116	gb_Z21523_+_0-1974_ARO:3000191_tetQ	95.897	195	8	0	1	195	1780	1974	2.09e-87	316
NODE_23439_length_265_cov_2.2	gb_CP007593.1_+_2148923-2149772_ARO:3001301_RlmA(II)	90.076	262	26	0	1	262	131	392	1.22e-94	340
NODE_23784_length_264_cov_0.641148	gb_M80346_+_0-1656_ARO:3002817_carA	100.000	36	0	0	116	151	1467	1502	2.27e-12	67.6
NODE_24206_length_262_cov_1.52657	gb_Z21523_+_0-1974_ARO:3000191_tetQ	98.473	262	4	0	1	262	1100	839	2.46e-131	462
NODE_24271_length_262_cov_1.16425	gb_AF235050.4_+_38028-40140_ARO:3003318_Streptomyces	83.065	124	19	2	1	123	198	76	1.02e-25	111
NODE_24597_length_260_cov_0.819512	gb_HQ652506.1_+_2099-3836_ARO:3004033_tetB(46)	95.367	259	12	0	1	259	230	488	2.49e-116	412
NODE_26054_length_255_cov_0.975	gb_BX664015.1_-_204137-204554_ARO:3000168_tet(D)	100.000	249	0	0	1	249	283	35	8.58e-131	460
NODE_26654_length_253_cov_1.37374	gb_Z21523_+_0-1974_ARO:3000191_tetQ	90.119	253	25	0	1	253	993	1245	2.50e-91	329
NODE_32294_length_236_cov_34.6298	gb_CP007593.1_+_2148923-2149772_ARO:3001301_RlmA(II)	97.701	87	2	0	1	87	87	1	1.94e-37	150
NODE_32369_length_235_cov_1.4	gb_NC_003098.1_-_1359228-1360395_ARO:3000025_patB	94.468	235	13	0	1	235	971	737	2.28e-101	363
NODE_35407_length_228_cov_1.13295	gb_AY768532_+_0-1935_ARO:3000535_macB	91.716	169	14	0	1	169	169	1	5.01e-63	235
NODE_36639_length_225_cov_1.08235	gb_KX000272.1_+_0-1740_ARO:3004035_tetA(60)	99.556	225	1	0	1	225	230	454	7.64e-116	411
NODE_39272_length_219_cov_0.884146	gb_NC_002516.2_-_2850882-2854014_ARO:3004074_MuxB	82.759	203	35	0	14	216	1147	1349	6.33e-47	182
NODE_39350_length_219_cov_1.2622	gb_NC_003112.2_-_1791966-1795170_ARO:3000811_mtrD	86.301	219	30	0	1	219	2983	2765	3.71e-64	239
NODE_42195_length_213_cov_1.12025	gb_HQ652506.1_+_2099-3836_ARO:3004033_tetB(46)	93.897	213	13	0	1	213	1521	1309	3.47e-89	322
NODE_43246_length_211_cov_1.47436	gb_Z21523_+_0-1974_ARO:3000191_tetQ	90.000	210	21	0	1	210	344	553	3.51e-74	272
NODE_43484_length_211_cov_1.21795	gb_Z21523_+_0-1974_ARO:3000191_tetQ	98.558	208	3	0	1	208	502	709	4.35e-103	368
NODE_46005_length_206_cov_0.913907	gb_AY768532_+_0-1935_ARO:3000535_macB	87.310	197	25	0	10	206	701	505	2.70e-60	226
