NODE_63_length_43987_cov_26.9361	gb_NC_017452.1_-_1144673-1146068_ARO:3003953_hmrM	90.896	1395	127	0	40063	41457	1395	1	0.0	1873
NODE_137_length_22710_cov_8.54187	gb_HQ652506.1_+_2099-3836_ARO:3004033_tetB(46)	78.307	1701	328	36	12775	14455	1737	58	0.0	1059
NODE_247_length_14950_cov_76.0922	gb_NC_003098.1_+_866210-867410_ARO:3000822_pmrA	93.333	1200	80	0	5003	6202	1200	1	0.0	1773
NODE_290_length_13230_cov_4.8863	gb_AP006618.1_+_4835199-4838688_ARO:3000501_Nocardia	74.039	1926	420	64	10706	12597	2756	877	0.0	713
NODE_352_length_11194_cov_13.4849	gb_AB015853_+_1330-4471_ARO:3003033_mexY	81.368	585	98	10	1276	1856	1550	973	8.72e-131	466
NODE_352_length_11194_cov_13.4849	gb_AFRQ01000061.1_-_23986-27124_ARO:3004144_AxyY	79.846	650	118	12	1254	1898	1572	931	1.13e-129	462
NODE_352_length_11194_cov_13.4849	gb_U57969_+_1485-4617_ARO:3000801_MexD	76.763	624	126	18	1272	1887	1563	951	3.32e-90	331
NODE_352_length_11194_cov_13.4849	gb_AF173226_+_3767-6917_ARO:3003052_smeB	78.027	223	45	4	1	221	2849	2629	7.76e-32	137
NODE_352_length_11194_cov_13.4849	gb_L11616_+_1569-4710_ARO:3000378_MexB	90.909	44	4	0	2239	2282	593	550	1.73e-08	60.2
NODE_472_length_8859_cov_67.9347	gb_NC_003098.1_+_866210-867410_ARO:3000822_pmrA	93.417	1200	79	0	2361	3560	1	1200	0.0	1779
NODE_504_length_8427_cov_86.1943	gb_NC_012469.1_-_1800927-1802391_ARO:3000616_mel	100.000	1464	0	0	4566	6029	1	1464	0.0	2704
NODE_504_length_8427_cov_86.1943	gb_NC_023287.1_-_65291-66509_ARO:3000615_mefA	96.962	1218	37	0	3328	4545	1	1218	0.0	2045
NODE_506_length_8421_cov_6.80014	gb_AF235050.4_+_38028-40140_ARO:3003318_Streptomyces	86.154	65	9	0	6155	6219	1961	1897	6.01e-12	71.3
NODE_519_length_8254_cov_5.57751	gb_Z50108_+_238-1768_ARO:3003026_fusH	91.111	45	1	2	1491	1532	561	517	4.59e-08	58.4
NODE_585_length_7543_cov_12.7073	gb_HM990671_+_5192-6671_ARO:3003112_lsaC	94.456	1479	82	0	2370	3848	1	1479	0.0	2278
NODE_635_length_7155_cov_5.81535	gb_HG970100.1_+_0-1457_ARO:3003948_efrA	100.000	28	0	0	2191	2218	1229	1202	1.85e-06	52.8
NODE_648_length_7059_cov_52.5133	gb_NC_003098.1_-_1359228-1360395_ARO:3000025_patB	93.282	1161	78	0	3911	5071	1161	1	0.0	1712
NODE_650_length_7042_cov_4.49692	gb_NC_014638.1_-_1610636-1613960_ARO:3003730_Bifidobacteria	76.608	855	166	27	63	891	1302	2148	3.32e-123	440
NODE_917_length_5411_cov_74.7216	gb_NC_003098.1_-_1359228-1360395_ARO:3000025_patB	90.411	876	82	2	1	875	293	1167	0.0	1151
NODE_1047_length_4829_cov_5.30394	gb_NC_003112.2_+_330790-332317_ARO:3003962_farB	75.782	1503	339	21	3038	4529	39	1527	0.0	736
NODE_1047_length_4829_cov_5.30394	gb_NC_003112.2_+_329612-330767_ARO:3003961_farA	73.571	840	204	18	1772	2602	127	957	8.66e-83	305
NODE_1159_length_4452_cov_14.4671	gb_NC_002516.2_-_2850882-2854014_ARO:3004074_MuxB	73.171	1435	341	36	2693	4105	1	1413	1.60e-134	477
NODE_1228_length_4286_cov_6.93571	gb_NC_003112.2_-_1791966-1795170_ARO:3000811_mtrD	80.904	2943	542	16	1	2933	3170	238	0.0	2303
NODE_1228_length_4286_cov_6.93571	gb_NC_003112.2_-_1795181-1796420_ARO:3000810_mtrC	85.281	462	67	1	3826	4286	693	232	5.54e-134	475
NODE_1243_length_4257_cov_4.63446	gb_AM180355_+_600033-601953_ARO:3000186_tetM	96.277	188	7	0	1	188	1733	1920	5.91e-84	309
NODE_1940_length_3004_cov_3.02781	gb_AF173226_+_3767-6917_ARO:3003052_smeB	72.043	1395	354	29	8	1384	1377	1	2.42e-106	383
NODE_1940_length_3004_cov_3.02781	gb_AJ252200_+_1278-4401_ARO:3003056_smeE	71.530	1405	338	51	11	1384	1374	1	5.34e-88	322
NODE_1940_length_3004_cov_3.02781	gb_NC_007779_+_2586250-2589364_ARO:3000491_acrD	77.690	381	81	4	2	380	1383	1005	3.33e-60	230
NODE_2116_length_2825_cov_11.6949	gb_X63451_+_0-1653_ARO:3002828_srmB	97.222	36	1	0	1523	1558	1465	1500	1.21e-09	62.1
NODE_2375_length_2594_cov_5.03623	gb_CP001050.1_+_1332866-1333499_ARO:3000817_mtrR	78.510	577	121	3	1	575	40	615	3.49e-104	375
NODE_2991_length_2169_cov_3.4825	gb_AM180355_+_600033-601953_ARO:3000186_tetM	92.019	1729	138	0	1	1729	1729	1	0.0	2429
NODE_2991_length_2169_cov_3.4825	gb_L09756_+_0-1926_ARO:3000192_tetS	78.168	1736	363	14	1	1728	1729	2	0.0	1092
NODE_3090_length_2108_cov_73.2635	gb_CP007593.1_+_2148923-2149772_ARO:3001301_RlmA(II)	90.235	850	81	2	337	1185	1	849	0.0	1109
NODE_4076_length_1688_cov_18.3546	gb_X63451_+_0-1653_ARO:3002828_srmB	78.448	116	19	6	1020	1132	1577	1465	1.19e-12	71.3
NODE_4163_length_1658_cov_74.6712	gb_CP007593.1_+_2148923-2149772_ARO:3001301_RlmA(II)	91.059	850	74	2	231	1079	1	849	0.0	1147
NODE_4324_length_1606_cov_14.2624	gb_M80346_+_0-1656_ARO:3002817_carA	100.000	36	0	0	16	51	1502	1467	1.47e-11	67.6
NODE_4509_length_1544_cov_1.96709	gb_X63451_+_0-1653_ARO:3002828_srmB	97.500	40	0	1	149	188	1465	1503	1.41e-11	67.6
NODE_4956_length_1416_cov_21.59	gb_CP007593.1_+_2148923-2149772_ARO:3001301_RlmA(II)	84.342	843	128	4	346	1186	841	1	0.0	822
NODE_5181_length_1360_cov_3.10805	gb_AF173226_+_3767-6917_ARO:3003052_smeB	85.484	62	9	0	211	272	1245	1184	4.47e-11	65.8
NODE_5181_length_1360_cov_3.10805	gb_AJ252200_+_1278-4401_ARO:3003056_smeE	92.857	42	3	0	211	252	1245	1204	5.78e-10	62.1
NODE_5406_length_1310_cov_5.55139	gb_AY768532_+_0-1935_ARO:3000535_macB	87.896	1041	124	2	13	1052	1040	1	0.0	1223
NODE_5406_length_1310_cov_5.55139	gb_AY768531_+_0-1179_ARO:3000533_macA	81.333	150	21	6	1156	1303	1169	1025	4.21e-26	115
NODE_5465_length_1297_cov_1.88728	gb_BX664015.1_-_204137-204554_ARO:3000168_tet(D)	100.000	417	0	0	808	1224	1	417	0.0	771
NODE_6702_length_1082_cov_6.43622	gb_AY768532_+_0-1935_ARO:3000535_macB	85.456	942	124	10	2	938	1000	1933	0.0	968
NODE_7068_length_1032_cov_1.99693	gb_AFRQ01000061.1_-_23986-27124_ARO:3004144_AxyY	86.047	86	12	0	17	102	1426	1511	1.55e-19	93.5
NODE_7970_length_927_cov_95.0424	gb_NC_003098.1_-_1359228-1360395_ARO:3000025_patB	95.389	347	16	0	1	347	347	1	5.29e-158	553
NODE_8049_length_920_cov_3.69133	gb_HM990671_+_5192-6671_ARO:3003112_lsaC	87.595	524	65	0	397	920	1	524	1.10e-174	608
NODE_8436_length_882_cov_7.47521	gb_M80346_+_0-1656_ARO:3002817_carA	100.000	36	0	0	5	40	1467	1502	7.98e-12	67.6
NODE_9891_length_773_cov_4.17967	gb_AY768531_+_0-1179_ARO:3000533_macA	83.613	775	123	4	1	773	300	1072	0.0	725
NODE_9893_length_773_cov_3.75209	gb_AY768531_+_0-1179_ARO:3000533_macA	83.912	777	117	7	1	773	300	1072	0.0	736
NODE_10923_length_712_cov_20.5358	gb_AP006618.1_+_4835199-4838688_ARO:3000501_Nocardia	81.303	353	56	7	209	556	3333	2986	2.72e-75	278
NODE_11143_length_700_cov_1.85891	gb_M17124_+_1181-1982_ARO:3000498_ErmF	100.000	150	0	0	551	700	1	150	2.68e-75	278
NODE_11143_length_700_cov_1.85891	gb_AF319779.2_+_32-833_ARO:3000604_Erm(35)	89.333	150	16	0	551	700	1	150	1.29e-48	189
NODE_13803_length_596_cov_1.57301	gb_NC_000913.3_-_481253-484403_ARO:3000216_acrB	80.172	116	15	6	457	566	1462	1575	6.86e-16	80.5
NODE_14560_length_573_cov_3.30502	gb_HM990671_+_5192-6671_ARO:3003112_lsaC	91.607	560	47	0	1	560	565	1124	0.0	774
NODE_20159_length_459_cov_6.96287	gb_M80346_+_0-1656_ARO:3002817_carA	100.000	36	0	0	5	40	1467	1502	4.07e-12	67.6
NODE_21028_length_447_cov_2.34439	gb_AB015853_+_1330-4471_ARO:3003033_mexY	81.733	427	73	5	22	445	1411	987	9.75e-98	351
NODE_21689_length_438_cov_1.42037	gb_AF472622_+_52-1018_ARO:3003003_CfxA3	100.000	438	0	0	1	438	624	187	0.0	809
NODE_21689_length_438_cov_1.42037	gb_AY769934_+_27-993_ARO:3003096_CfxA5	100.000	438	0	0	1	438	624	187	0.0	809
NODE_21689_length_438_cov_1.42037	gb_U38243_+_149-1115_ARO:3003001_CfxA	100.000	438	0	0	1	438	624	187	0.0	809
NODE_21689_length_438_cov_1.42037	gb_AY769933_+_0-966_ARO:3003005_CfxA4	100.000	438	0	0	1	438	624	187	0.0	809
NODE_21689_length_438_cov_1.42037	gb_AF118110.1_-_71-1037_ARO:3003002_CfxA2	100.000	438	0	0	1	438	624	187	0.0	809
NODE_21689_length_438_cov_1.42037	gb_GQ342996_+_797-1793_ARO:3003097_CfxA6	87.215	438	56	0	1	438	657	220	3.22e-142	499
NODE_22870_length_424_cov_2.46341	gb_M17124_+_1181-1982_ARO:3000498_ErmF	99.719	356	1	0	1	356	446	801	0.0	652
NODE_24473_length_408_cov_2.45326	gb_AF472622_+_52-1018_ARO:3003003_CfxA3	100.000	115	0	0	294	408	966	852	4.36e-56	213
NODE_24473_length_408_cov_2.45326	gb_AY769934_+_27-993_ARO:3003096_CfxA5	100.000	115	0	0	294	408	966	852	4.36e-56	213
NODE_24473_length_408_cov_2.45326	gb_AY769933_+_0-966_ARO:3003005_CfxA4	100.000	115	0	0	294	408	966	852	4.36e-56	213
NODE_24473_length_408_cov_2.45326	gb_AF118110.1_-_71-1037_ARO:3003002_CfxA2	100.000	115	0	0	294	408	966	852	4.36e-56	213
NODE_24473_length_408_cov_2.45326	gb_U38243_+_149-1115_ARO:3003001_CfxA	99.130	115	1	0	294	408	966	852	2.03e-54	207
NODE_24473_length_408_cov_2.45326	gb_GQ342996_+_797-1793_ARO:3003097_CfxA6	92.793	111	5	3	299	408	993	885	2.07e-39	158
NODE_25002_length_403_cov_4.72414	gb_AY768531_+_0-1179_ARO:3000533_macA	86.879	282	35	2	102	381	51	332	1.15e-86	315
NODE_31595_length_352_cov_1.36364	gb_Z21523_+_0-1974_ARO:3000191_tetQ	89.489	352	37	0	1	352	618	969	3.39e-126	446
NODE_34943_length_333_cov_0.852518	gb_AY928180_+_0-495_ARO:3002837_lnuC	100.000	118	0	0	1	118	378	495	7.59e-58	219
NODE_36257_length_327_cov_1.30515	gb_NC_002134.1_+_41537-42743_ARO:3000165_tet(A)	99.080	326	3	0	1	326	288	613	1.77e-168	586
NODE_36257_length_327_cov_1.30515	gb_AB089595_+_0-1206_ARO:3000166_tet(B)	99.080	326	3	0	1	326	288	613	1.77e-168	586
NODE_42851_length_298_cov_1.59259	gb_HG970100.1_+_0-1457_ARO:3003948_efrA	100.000	31	0	0	64	94	1202	1232	1.56e-09	58.4
NODE_45213_length_290_cov_15.0553	gb_NC_003098.1_+_866210-867410_ARO:3000822_pmrA	90.690	290	27	0	1	290	637	348	1.70e-108	387
NODE_48651_length_279_cov_18.192	gb_NC_003098.1_-_1359228-1360395_ARO:3000025_patB	90.681	279	26	0	1	279	596	874	4.56e-104	372
NODE_50229_length_274_cov_2.6347	gb_NC_003098.1_-_1359228-1360395_ARO:3000025_patB	91.241	274	24	0	1	274	101	374	1.24e-104	374
NODE_51151_length_272_cov_2.4977	gb_AP006618.1_+_4835199-4838688_ARO:3000501_Nocardia	87.645	259	30	2	3	260	2980	3237	2.12e-82	300
NODE_51666_length_270_cov_1.95814	gb_KX000272.1_+_0-1740_ARO:3004035_tetA(60)	88.764	267	30	0	4	270	833	567	9.66e-91	327
NODE_51856_length_270_cov_1.15814	gb_CP007593.1_+_2148923-2149772_ARO:3001301_RlmA(II)	89.243	251	25	2	1	250	589	838	2.70e-86	313
NODE_52796_length_267_cov_2.41509	gb_NC_003112.2_-_1791966-1795170_ARO:3000811_mtrD	91.473	258	22	0	10	267	1897	1640	4.38e-99	355
NODE_52891_length_267_cov_1.36792	gb_NC_003112.2_-_1791966-1795170_ARO:3000811_mtrD	88.031	259	31	0	9	267	1482	1224	1.24e-84	307
NODE_53610_length_265_cov_1.12381	gb_KX000272.1_+_0-1740_ARO:3004035_tetA(60)	93.487	261	17	0	2	262	907	1167	4.28e-109	388
NODE_62345_length_246_cov_1.02618	gb_AY768532_+_0-1935_ARO:3000535_macB	88.235	102	12	0	1	102	516	415	4.42e-29	122
NODE_64821_length_241_cov_2.44086	gb_AM180355_+_600033-601953_ARO:3000186_tetM	90.871	241	22	0	1	241	952	1192	1.10e-89	324
NODE_64822_length_241_cov_1.12366	gb_AF024666.2_-_2207-2969_ARO:3000596_ErmX	100.000	203	0	0	39	241	1	203	3.01e-105	375
NODE_65816_length_239_cov_2	gb_NC_002134.1_+_41537-42743_ARO:3000165_tet(A)	100.000	222	0	0	18	239	1206	985	8.17e-116	411
NODE_65816_length_239_cov_2	gb_AB089595_+_0-1206_ARO:3000166_tet(B)	99.550	222	1	0	18	239	1206	985	3.80e-114	405
NODE_67645_length_236_cov_1.46409	gb_AF242872_+_2131-2878_ARO:3000375_ErmB	99.576	236	1	0	1	236	496	731	6.18e-122	431
NODE_69536_length_233_cov_1.75843	gb_NC_002134.1_+_41537-42743_ARO:3000165_tet(A)	100.000	86	0	0	148	233	1	86	3.18e-40	159
NODE_69536_length_233_cov_1.75843	gb_AB089595_+_0-1206_ARO:3000166_tet(B)	98.837	86	1	0	148	233	1	86	1.48e-38	154
NODE_79271_length_219_cov_0.829268	gb_EU434751_+_658-2578_ARO:3000194_tetW	97.260	219	6	0	1	219	982	1200	3.50e-104	372
NODE_79271_length_219_cov_0.829268	gb_KU736867.1_+_19653-21573_ARO:3004442_tet(W/N/W)	90.411	219	21	0	1	219	982	1200	3.63e-79	289
NODE_82657_length_215_cov_2.575	gb_AY768532_+_0-1935_ARO:3000535_macB	88.426	216	23	2	1	215	1160	946	2.79e-70	259
NODE_83781_length_213_cov_1.08861	gb_KX000272.1_+_0-1740_ARO:3004035_tetA(60)	94.286	210	12	0	4	213	242	33	3.47e-89	322
NODE_89241_length_207_cov_0.894737	gb_Z21523_+_0-1974_ARO:3000191_tetQ	97.585	207	5	0	1	207	179	385	3.31e-99	355
NODE_91231_length_135_cov_20.45	gb_NC_003098.1_-_1359228-1360395_ARO:3000025_patB	94.074	135	8	0	1	135	968	834	2.19e-54	206
