NODE_2_length_346371_cov_105.77	gb_AY768532_+_0-1935_ARO:3000535_macB	81.028	1945	352	14	336124	338061	1935	1	0.0	1531
NODE_27_length_122199_cov_99.7344	gb_NC_003112.2_-_1791966-1795170_ARO:3000811_mtrD	80.815	3190	584	23	88374	91549	1	3176	0.0	2475
NODE_104_length_45261_cov_6.20736	gb_HM990671_+_5192-6671_ARO:3003112_lsaC	92.089	1479	117	0	14850	16328	1479	1	0.0	2084
NODE_482_length_17860_cov_101.859	gb_NC_003112.2_+_329612-330767_ARO:3003961_farA	73.232	919	222	20	13935	14841	127	1033	1.92e-84	313
NODE_624_length_15176_cov_108.919	gb_U00096_+_2812615-2814154_ARO:3000074_emrB	72.843	313	77	7	8173	8481	1200	892	1.38e-20	100
NODE_624_length_15176_cov_108.919	gb_AP009048_+_2810082-2811255_ARO:3000027_emrA	73.783	267	65	5	9546	9809	1014	750	1.38e-20	100
NODE_805_length_13089_cov_119.729	gb_AP009048_+_2810082-2811255_ARO:3000027_emrA	74.208	221	52	5	10499	10716	968	750	9.27e-17	87.9
NODE_832_length_12830_cov_15.8784	gb_M18896.2_+_206-2126_ARO:3000190_tetO	99.792	1920	4	0	10573	12492	1920	1	0.0	3524
NODE_832_length_12830_cov_15.8784	gb_AJ295238.3_+_163-2083_ARO:3000196_tet32	94.465	831	46	0	10573	11403	1920	1090	0.0	1280
NODE_832_length_12830_cov_15.8784	gb_AJ295238.3_+_163-2083_ARO:3000196_tet32	91.919	396	32	0	12097	12492	396	1	2.07e-157	555
NODE_856_length_12643_cov_4.94288	gb_AF540889_+_0-327_ARO:3002871_tet37	99.550	222	1	0	8047	8268	222	1	2.18e-112	405
NODE_1041_length_11219_cov_9.21417	gb_X63451_+_0-1653_ARO:3002828_srmB	97.059	34	1	0	8136	8169	1466	1499	6.23e-08	58.4
NODE_1336_length_9545_cov_7.42518	gb_NC_014638.1_-_1610636-1613960_ARO:3003730_Bifidobacteria	80.723	166	32	0	6726	6891	3231	3066	1.11e-29	130
NODE_2269_length_6931_cov_5.26294	gb_AJ295238.3_+_163-2083_ARO:3000196_tet32	87.975	1921	211	19	955	2865	1	1911	0.0	2250
NODE_2355_length_6651_cov_73.2338	gb_NC_002134.1_+_41537-42743_ARO:3000165_tet(A)	99.917	1206	1	0	4159	5364	1	1206	0.0	2222
NODE_2355_length_6651_cov_73.2338	gb_AB089595_+_0-1206_ARO:3000166_tet(B)	99.751	1206	3	0	4159	5364	1	1206	0.0	2211
NODE_2355_length_6651_cov_73.2338	gb_BX664015.1_-_204137-204554_ARO:3000168_tet(D)	100.000	417	0	0	6158	6574	1	417	0.0	771
NODE_3151_length_5511_cov_142.703	gb_NC_012469.1_-_1800927-1802391_ARO:3000616_mel	100.000	1464	0	0	2444	3907	1	1464	0.0	2704
NODE_3151_length_5511_cov_142.703	gb_NC_023287.1_-_65291-66509_ARO:3000615_mefA	96.962	1218	37	0	1107	2324	1	1218	0.0	2045
NODE_4252_length_4444_cov_62.9954	gb_AM180355_+_600033-601953_ARO:3000186_tetM	97.351	453	12	0	3992	4444	1920	1468	0.0	771
NODE_5271_length_3786_cov_18.7451	gb_AP006618.1_+_4835199-4838688_ARO:3000501_Nocardia	85.928	334	43	4	2246	2577	3299	2968	2.39e-97	353
NODE_5640_length_3613_cov_20.1827	gb_KX000272.1_+_0-1740_ARO:3004035_tetA(60)	95.922	1741	69	2	1387	3126	1740	1	0.0	2820
NODE_5640_length_3613_cov_20.1827	gb_KX000273.1_+_0-1740_ARO:3004036_tetB(60)	85.478	1391	200	2	1	1390	1390	1	0.0	1448
NODE_5642_length_3612_cov_4.36379	gb_Z21523_+_0-1974_ARO:3000191_tetQ	98.632	1974	27	0	428	2401	1974	1	0.0	3496
NODE_7125_length_3001_cov_20.7125	gb_CP007593.1_+_2148923-2149772_ARO:3001301_RlmA(II)	85.091	825	121	2	1206	2029	824	1	0.0	841
NODE_7750_length_2789_cov_27.6291	gb_AY227054_+_0-765_ARO:3001780_OXA-85	100.000	765	0	0	1936	2700	1	765	0.0	1413
NODE_8916_length_2479_cov_11.599	gb_KX000273.1_+_0-1740_ARO:3004036_tetB(60)	85.931	1713	237	3	769	2479	1	1711	0.0	1825
NODE_8916_length_2479_cov_11.599	gb_KX000272.1_+_0-1740_ARO:3004035_tetA(60)	88.472	772	89	0	1	772	969	1740	0.0	933
NODE_9704_length_2296_cov_5.84293	gb_HM990671_+_5192-6671_ARO:3003112_lsaC	98.305	118	2	0	1	118	1362	1479	1.19e-53	207
NODE_10719_length_2110_cov_9.67202	gb_M17124_+_1181-1982_ARO:3000498_ErmF	99.502	803	2	1	1238	2040	1	801	0.0	1459
NODE_10719_length_2110_cov_9.67202	gb_AF319779.2_+_32-833_ARO:3000604_Erm(35)	78.643	796	168	1	1238	2033	1	794	7.38e-150	527
NODE_10965_length_2071_cov_36.2654	gb_HQ652506.1_+_373-2098_ARO:3004032_tetA(46)	94.847	1436	74	0	636	2071	1	1436	0.0	2242
NODE_12723_length_1803_cov_39.968	gb_HQ652506.1_+_2099-3836_ARO:3004033_tetB(46)	89.779	362	37	0	1442	1803	1721	1360	5.02e-131	464
NODE_13039_length_1764_cov_44.6758	gb_AM180355_+_600033-601953_ARO:3000186_tetM	91.524	1522	129	0	243	1764	1	1522	0.0	2097
NODE_13039_length_1764_cov_44.6758	gb_L09756_+_0-1926_ARO:3000192_tetS	78.115	1517	318	12	244	1753	2	1511	0.0	950
NODE_13624_length_1702_cov_20.3072	gb_AF235050.4_+_38028-40140_ARO:3003318_Streptomyces	79.213	356	62	10	1341	1690	76	425	1.12e-62	237
NODE_14114_length_1644_cov_13.1787	gb_AF235050.4_+_38028-40140_ARO:3003318_Streptomyces	79.213	356	62	10	1283	1632	76	425	1.08e-62	237
NODE_14557_length_1595_cov_11.0656	gb_AF472622_+_52-1018_ARO:3003003_CfxA3	100.000	966	0	0	568	1533	966	1	0.0	1784
NODE_14557_length_1595_cov_11.0656	gb_AY769933_+_0-966_ARO:3003005_CfxA4	99.896	966	1	0	568	1533	966	1	0.0	1779
NODE_14557_length_1595_cov_11.0656	gb_AF118110.1_-_71-1037_ARO:3003002_CfxA2	99.896	966	1	0	568	1533	966	1	0.0	1779
NODE_14557_length_1595_cov_11.0656	gb_AY769934_+_27-993_ARO:3003096_CfxA5	99.793	966	2	0	568	1533	966	1	0.0	1773
NODE_14557_length_1595_cov_11.0656	gb_U38243_+_149-1115_ARO:3003001_CfxA	99.793	966	2	0	568	1533	966	1	0.0	1773
NODE_14557_length_1595_cov_11.0656	gb_GQ342996_+_797-1793_ARO:3003097_CfxA6	89.234	966	101	3	573	1537	993	30	0.0	1205
NODE_18446_length_1271_cov_12.6423	gb_HM990671_+_5192-6671_ARO:3003112_lsaC	98.305	59	1	0	1	59	1421	1479	8.83e-23	104
NODE_20770_length_1134_cov_7.13531	gb_KX000272.1_+_0-1740_ARO:3004035_tetA(60)	90.212	1134	111	0	1	1134	344	1477	0.0	1480
NODE_20935_length_1125_cov_25.7533	gb_HM990671_+_5192-6671_ARO:3003112_lsaC	97.531	81	2	0	1045	1125	2	82	2.14e-33	139
NODE_22075_length_1069_cov_2.66864	gb_L36601_+_1420-3130_ARO:3003036_oleB	96.774	31	1	0	1036	1066	643	673	2.72e-07	52.8
NODE_23234_length_1015_cov_2.15417	gb_EU434751_+_658-2578_ARO:3000194_tetW	99.409	1015	6	0	1	1015	1372	358	0.0	1842
NODE_23234_length_1015_cov_2.15417	gb_KU736867.1_+_19653-21573_ARO:3004442_tet(W/N/W)	95.074	1015	50	0	1	1015	1372	358	0.0	1598
NODE_28105_length_841_cov_40.7341	gb_AM180355_+_600033-601953_ARO:3000186_tetM	90.299	835	81	0	7	841	688	1522	0.0	1094
NODE_28105_length_841_cov_40.7341	gb_L09756_+_0-1926_ARO:3000192_tetS	79.710	828	160	8	7	830	688	1511	1.02e-169	592
NODE_28639_length_826_cov_2.60571	gb_JQ231224_+_90-3192_ARO:3000510_mupB	97.222	36	1	0	385	420	587	552	3.48e-10	62.1
NODE_28917_length_819_cov_11.0144	gb_HM990671_+_5192-6671_ARO:3003112_lsaC	94.628	819	40	4	3	819	1317	501	0.0	1266
NODE_30389_length_781_cov_37.4559	gb_HQ652506.1_+_2099-3836_ARO:3004033_tetB(46)	96.944	720	22	0	1	720	720	1	0.0	1208
NODE_30389_length_781_cov_37.4559	gb_HQ652506.1_+_373-2098_ARO:3004032_tetA(46)	100.000	60	0	0	722	781	1725	1666	3.22e-25	111
NODE_31369_length_758_cov_70.7368	gb_AM180355_+_600033-601953_ARO:3000186_tetM	87.603	726	90	0	11	736	726	1	0.0	843
NODE_31768_length_749_cov_23.0562	gb_HQ652506.1_+_2099-3836_ARO:3004033_tetB(46)	89.067	750	80	2	1	749	1414	666	0.0	929
NODE_31771_length_749_cov_8.3487	gb_HQ652506.1_+_2099-3836_ARO:3004033_tetB(46)	89.467	750	77	2	1	749	666	1414	0.0	946
NODE_32265_length_738_cov_21.2064	gb_DQ516970_+_0-1987_ARO:3002882_lmrD	74.674	537	118	12	209	736	1986	1459	1.34e-58	222
NODE_36730_length_654_cov_2.16361	gb_NC_003098.1_+_866210-867410_ARO:3000822_pmrA	91.231	650	57	0	4	653	779	130	0.0	885
NODE_41591_length_583_cov_32.1572	gb_HM990671_+_5192-6671_ARO:3003112_lsaC	94.340	583	33	0	1	583	1416	834	0.0	894
NODE_46618_length_526_cov_1.4034	gb_NC_003098.1_-_1359228-1360395_ARO:3000025_patB	84.226	336	52	1	10	345	335	1	7.01e-90	326
NODE_47919_length_513_cov_1.75546	gb_AF242872_+_2131-2878_ARO:3000375_ErmB	98.035	458	9	0	56	513	1	458	0.0	797
NODE_49270_length_500_cov_2.19551	gb_KX000273.1_+_0-1740_ARO:3004036_tetB(60)	88.174	482	57	0	17	498	1472	991	5.98e-165	575
NODE_49462_length_498_cov_1.8623	gb_NC_003098.1_-_1359228-1360395_ARO:3000025_patB	92.822	404	29	0	93	496	1	404	2.75e-168	586
NODE_51420_length_480_cov_1.76	gb_AY768531_+_0-1179_ARO:3000533_macA	88.987	454	48	2	18	470	360	812	1.60e-160	560
NODE_52359_length_472_cov_1.83933	gb_NC_003098_+_953382-954594_ARO:3000614_mefE	98.039	51	1	0	422	472	1201	1151	8.94e-19	89.8
NODE_56033_length_445_cov_5.36923	gb_HM990671_+_5192-6671_ARO:3003112_lsaC	98.268	231	4	0	215	445	2	232	7.35e-114	405
NODE_57684_length_434_cov_1.86807	gb_EU434751_+_658-2578_ARO:3000194_tetW	99.770	434	1	0	1	434	1714	1281	0.0	797
NODE_57684_length_434_cov_1.86807	gb_KU736867.1_+_19653-21573_ARO:3004442_tet(W/N/W)	97.926	434	9	0	1	434	1714	1281	0.0	752
NODE_59683_length_422_cov_2.40327	gb_CP007593.1_+_2148923-2149772_ARO:3001301_RlmA(II)	90.974	421	36	2	3	422	611	192	3.01e-162	566
NODE_60420_length_418_cov_24.4215	gb_KX000272.1_+_0-1740_ARO:3004035_tetA(60)	96.610	236	8	0	1	236	236	1	5.36e-110	392
NODE_63312_length_402_cov_7.96542	gb_KX000272.1_+_0-1740_ARO:3004035_tetA(60)	94.776	402	21	0	1	402	583	182	1.29e-180	627
NODE_65582_length_391_cov_6.87202	gb_HM990671_+_5192-6671_ARO:3003112_lsaC	91.837	392	30	2	1	391	1224	834	3.62e-156	545
NODE_66227_length_388_cov_39.4805	gb_HM990671_+_5192-6671_ARO:3003112_lsaC	96.907	388	12	0	1	388	888	501	0.0	651
NODE_67437_length_382_cov_3.59327	gb_CP007593.1_+_2148923-2149772_ARO:3001301_RlmA(II)	82.927	328	56	0	7	334	516	843	3.93e-81	296
NODE_70879_length_367_cov_1.17308	gb_Z21523_+_0-1974_ARO:3000191_tetQ	90.191	367	36	0	1	367	949	1315	3.50e-136	479
NODE_74005_length_355_cov_1.68333	gb_NC_003098.1_+_866210-867410_ARO:3000822_pmrA	95.211	355	17	0	1	355	1140	786	3.26e-161	562
NODE_74819_length_352_cov_44.3468	gb_AP009048_+_2810082-2811255_ARO:3000027_emrA	80.000	110	22	0	157	266	968	859	1.10e-16	82.4
NODE_78565_length_339_cov_27.6796	gb_HQ652506.1_+_373-2098_ARO:3004032_tetA(46)	93.215	339	23	0	1	339	1382	1720	2.47e-142	499
NODE_78580_length_339_cov_17.6444	gb_HQ652506.1_+_373-2098_ARO:3004032_tetA(46)	96.460	339	12	0	1	339	1382	1720	1.12e-160	560
NODE_79061_length_337_cov_1.59929	gb_NC_003098.1_+_866210-867410_ARO:3000822_pmrA	94.631	149	8	0	188	336	1	149	9.88e-62	231
NODE_82203_length_327_cov_9.56985	gb_HM990671_+_5192-6671_ARO:3003112_lsaC	98.780	82	1	0	246	327	1	82	3.56e-36	147
NODE_85264_length_317_cov_1.32061	gb_NC_003098.1_-_1359228-1360395_ARO:3000025_patB	92.500	160	12	0	1	160	1002	1161	3.33e-61	230
NODE_87777_length_310_cov_2.16863	gb_NC_003098.1_-_1359228-1360395_ARO:3000025_patB	94.839	310	16	0	1	310	810	1119	6.28e-138	484
NODE_88031_length_309_cov_1.9685	gb_AF242872_+_2131-2878_ARO:3000375_ErmB	99.203	251	1	1	60	309	747	497	6.35e-128	451
NODE_92507_length_298_cov_47.3374	gb_HM990671_+_5192-6671_ARO:3003112_lsaC	95.638	298	13	0	1	298	555	258	2.80e-136	479
NODE_93154_length_296_cov_1.02905	gb_NC_003098.1_-_1359228-1360395_ARO:3000025_patB	91.667	288	24	0	1	288	781	494	2.23e-112	399
NODE_93979_length_294_cov_0.711297	gb_NC_017452.1_-_1144673-1146068_ARO:3003953_hmrM	89.078	293	32	0	1	293	538	830	8.07e-102	364
NODE_95036_length_292_cov_3.10549	gb_HM990671_+_5192-6671_ARO:3003112_lsaC	93.923	181	11	0	112	292	1479	1299	1.39e-74	274
NODE_99269_length_282_cov_1.4141	gb_HM990671_+_5192-6671_ARO:3003112_lsaC	90.323	279	27	0	4	282	1128	850	2.14e-102	366
NODE_106532_length_268_cov_2.01408	gb_NC_003098.1_+_866210-867410_ARO:3000822_pmrA	94.595	259	14	0	1	259	698	956	5.57e-113	401
NODE_112521_length_258_cov_10.8424	gb_HM990671_+_5192-6671_ARO:3003112_lsaC	97.403	77	2	0	182	258	1479	1403	7.74e-32	132
NODE_118437_length_249_cov_9.94845	gb_KX000273.1_+_0-1740_ARO:3004036_tetB(60)	82.329	249	44	0	1	249	266	18	2.00e-57	217
NODE_126691_length_238_cov_3.43169	gb_CP007593.1_+_2148923-2149772_ARO:3001301_RlmA(II)	85.294	204	28	2	36	238	1	203	3.18e-55	209
NODE_127610_length_236_cov_1.01657	gb_AY768531_+_0-1179_ARO:3000533_macA	84.038	213	34	0	24	236	377	165	4.08e-54	206
NODE_128982_length_235_cov_1.54444	gb_CP007593.1_+_2148923-2149772_ARO:3001301_RlmA(II)	90.308	227	22	0	9	235	849	623	6.51e-82	298
NODE_131635_length_232_cov_0.768362	gb_NC_017452.1_-_1144673-1146068_ARO:3003953_hmrM	91.071	224	20	0	2	225	986	763	1.38e-83	303
NODE_132461_length_231_cov_6.38068	gb_HQ652506.1_+_2099-3836_ARO:3004033_tetB(46)	89.401	217	21	2	16	231	1191	1406	3.87e-74	272
NODE_132632_length_231_cov_31.3864	gb_HM990671_+_5192-6671_ARO:3003112_lsaC	96.104	231	9	0	1	231	232	2	7.98e-106	377
NODE_137765_length_225_cov_1.94118	gb_AF235050.4_+_38028-40140_ARO:3003318_Streptomyces	100.000	31	0	0	11	41	1896	1926	1.15e-09	58.4
NODE_140384_length_222_cov_1.70659	gb_NC_003098.1_-_1359228-1360395_ARO:3000025_patB	97.794	136	3	0	87	222	1	136	4.87e-63	235
NODE_141589_length_221_cov_2.63253	gb_HM990671_+_5192-6671_ARO:3003112_lsaC	91.855	221	18	0	1	221	845	625	2.81e-85	309
NODE_143019_length_219_cov_0.786585	gb_AF173226_+_3767-6917_ARO:3003052_smeB	85.000	100	15	0	120	219	2629	2728	5.07e-23	102
NODE_157702_length_206_cov_1.52318	gb_NC_003098.1_+_866210-867410_ARO:3000822_pmrA	93.035	201	14	0	1	201	515	315	7.29e-81	294
NODE_158942_length_183_cov_7.76562	gb_KX000272.1_+_0-1740_ARO:3004035_tetA(60)	91.257	183	16	0	1	183	364	182	1.40e-67	250
NODE_160711_length_154_cov_6.0404	gb_HM990671_+_5192-6671_ARO:3003112_lsaC	98.214	56	1	0	1	56	56	1	4.46e-22	99.0
NODE_161019_length_150_cov_42.4211	gb_HM990671_+_5192-6671_ARO:3003112_lsaC	96.644	149	3	2	3	150	1317	1170	1.46e-66	246
NODE_161146_length_147_cov_6.8913	gb_HM990671_+_5192-6671_ARO:3003112_lsaC	95.604	91	4	0	1	91	1389	1479	1.49e-36	147
NODE_162035_length_135_cov_43.5875	gb_HM990671_+_5192-6671_ARO:3003112_lsaC	99.259	135	1	0	1	135	178	312	4.65e-66	244
NODE_162319_length_129_cov_5.21622	gb_KX000272.1_+_0-1740_ARO:3004035_tetA(60)	92.248	129	10	0	1	129	317	445	9.74e-48	183
NODE_163364_length_115_cov_2.75	gb_HM990671_+_5192-6671_ARO:3003112_lsaC	96.610	59	2	0	1	59	1421	1479	3.17e-22	99.0
NODE_163503_length_114_cov_14.2881	gb_HM990671_+_5192-6671_ARO:3003112_lsaC	98.246	114	2	0	1	114	1475	1362	8.36e-53	200
