NODE_8_length_11502_cov_3.01546	gb_AM180355_+_600033-601953_ARO:3000186_tetM	92.656	1920	141	0	6962	8881	1	1920	0.0	2765
NODE_8_length_11502_cov_3.01546	gb_L09756_+_0-1926_ARO:3000192_tetS	78.568	1927	396	15	6963	8880	2	1920	0.0	1254
NODE_133_length_4455_cov_3.40727	gb_NC_012469.1_-_1800927-1802391_ARO:3000616_mel	100.000	1464	0	0	2305	3768	1	1464	0.0	2704
NODE_133_length_4455_cov_3.40727	gb_NC_023287.1_-_65291-66509_ARO:3000615_mefA	96.962	1218	37	0	968	2185	1	1218	0.0	2045
NODE_168_length_4126_cov_2.2309	gb_M17124_+_1181-1982_ARO:3000498_ErmF	99.750	801	2	0	440	1240	801	1	0.0	1469
NODE_168_length_4126_cov_2.2309	gb_AF319779.2_+_32-833_ARO:3000604_Erm(35)	78.643	796	166	3	447	1240	794	1	5.22e-149	525
NODE_651_length_2542_cov_2.42179	gb_NC_003098.1_-_1359228-1360395_ARO:3000025_patB	92.249	787	61	0	1	787	787	1	0.0	1116
NODE_1007_length_2169_cov_3.00047	gb_CP007593.1_+_2148923-2149772_ARO:3001301_RlmA(II)	90.520	327	29	2	1	326	516	841	6.12e-121	431
NODE_2383_length_1524_cov_3.02859	gb_CP007593.1_+_2148923-2149772_ARO:3001301_RlmA(II)	91.123	383	34	0	1	383	383	1	8.90e-148	520
NODE_4790_length_1065_cov_1.68911	gb_HM990671_+_5192-6671_ARO:3003112_lsaC	84.413	1065	166	0	1	1065	273	1337	0.0	1048
NODE_5102_length_1026_cov_1.92276	gb_AF242872_+_2131-2878_ARO:3000375_ErmB	99.174	363	3	0	1	363	363	1	0.0	654
NODE_5935_length_945_cov_3.44719	gb_NC_003098.1_+_866210-867410_ARO:3000822_pmrA	95.356	323	15	0	623	945	1200	878	2.54e-146	514
NODE_6035_length_934_cov_1.68828	gb_CP001050.1_+_1332866-1333499_ARO:3000817_mtrR	77.596	549	103	15	13	551	539	1	2.74e-86	315
NODE_7344_length_833_cov_2.06941	gb_NC_002134.1_+_41537-42743_ARO:3000165_tet(A)	100.000	394	0	0	1	394	813	1206	0.0	728
NODE_7344_length_833_cov_2.06941	gb_AB089595_+_0-1206_ARO:3000166_tet(B)	99.746	394	1	0	1	394	813	1206	0.0	723
NODE_8791_length_745_cov_1.27391	gb_NC_003098.1_-_1359228-1360395_ARO:3000025_patB	86.944	697	87	3	1	695	461	1155	0.0	780
NODE_9296_length_719_cov_1.88554	gb_NC_002134.1_+_41537-42743_ARO:3000165_tet(A)	100.000	381	0	0	339	719	1	381	0.0	704
NODE_9296_length_719_cov_1.88554	gb_AB089595_+_0-1206_ARO:3000166_tet(B)	99.738	381	1	0	339	719	1	381	0.0	699
NODE_10218_length_675_cov_1.46613	gb_BX664015.1_-_204137-204554_ARO:3000168_tet(D)	100.000	417	0	0	231	647	1	417	0.0	771
NODE_11101_length_639_cov_0.844178	gb_NC_003112.2_-_1791966-1795170_ARO:3000811_mtrD	81.013	632	120	0	7	638	1845	2476	3.69e-143	503
NODE_11843_length_612_cov_2.15081	gb_CP007593.1_+_2148923-2149772_ARO:3001301_RlmA(II)	91.176	136	12	0	477	612	843	708	1.45e-47	185
NODE_13240_length_566_cov_1.91781	gb_AY227054_+_0-765_ARO:3001780_OXA-85	100.000	566	0	0	1	566	94	659	0.0	1046
NODE_14069_length_544_cov_1.44581	gb_CP007593.1_+_2148923-2149772_ARO:3001301_RlmA(II)	87.914	513	62	0	1	513	331	843	8.33e-174	604
NODE_16755_length_483_cov_1.25234	gb_NC_003098.1_-_1359228-1360395_ARO:3000025_patB	93.224	428	29	0	1	428	734	1161	0.0	630
NODE_20388_length_420_cov_1.99726	gb_AY227054_+_0-765_ARO:3001780_OXA-85	99.145	117	1	0	304	420	765	649	1.62e-55	211
NODE_20772_length_415_cov_1.48333	gb_HM990671_+_5192-6671_ARO:3003112_lsaC	91.807	415	34	0	1	415	619	205	3.80e-166	579
NODE_23716_length_378_cov_0.671827	gb_AY768532_+_0-1935_ARO:3000535_macB	86.364	374	51	0	2	375	779	406	4.78e-115	409
NODE_26715_length_348_cov_1.17065	gb_NC_003112.2_-_1791966-1795170_ARO:3000811_mtrD	84.286	350	51	3	1	348	1690	2037	5.85e-94	339
NODE_27011_length_345_cov_0.8	gb_AY768531_+_0-1179_ARO:3000533_macA	83.728	338	49	5	1	335	682	1016	9.77e-87	315
NODE_27223_length_344_cov_1.08651	gb_NC_003098.1_-_1359228-1360395_ARO:3000025_patB	91.667	132	11	0	210	341	1	132	2.87e-47	183
NODE_27500_length_341_cov_1.26923	gb_Z21523_+_0-1974_ARO:3000191_tetQ	95.565	248	11	0	1	248	1727	1974	9.32e-112	398
NODE_28767_length_331_cov_1.47826	gb_NC_003098.1_-_1359228-1360395_ARO:3000025_patB	93.636	330	21	0	2	331	484	813	1.12e-140	494
NODE_31968_length_309_cov_1.20079	gb_HM990671_+_5192-6671_ARO:3003112_lsaC	100.000	126	0	0	1	126	126	1	2.50e-62	233
NODE_35339_length_289_cov_0.777778	gb_NC_003098.1_+_866210-867410_ARO:3000822_pmrA	91.003	289	26	0	1	289	534	822	1.31e-109	390
NODE_37424_length_278_cov_1.49327	gb_NC_003098.1_+_866210-867410_ARO:3000822_pmrA	91.007	278	23	2	2	278	292	568	1.26e-104	374
NODE_42076_length_259_cov_0.848039	gb_Z21523_+_0-1974_ARO:3000191_tetQ	96.139	259	10	0	1	259	1290	1032	1.14e-119	424
NODE_43863_length_253_cov_2.0202	gb_HM990671_+_5192-6671_ARO:3003112_lsaC	84.397	141	16	6	1	138	1338	1475	2.11e-32	134
NODE_46760_length_243_cov_1.48936	gb_AY768532_+_0-1935_ARO:3000535_macB	89.669	242	23	2	1	241	1008	768	1.12e-84	307
NODE_48794_length_237_cov_1.39011	gb_HM990671_+_5192-6671_ARO:3003112_lsaC	97.761	134	3	0	1	134	1346	1479	6.76e-62	231
NODE_49908_length_234_cov_0.631285	gb_NC_003112.2_+_330790-332317_ARO:3003962_farB	76.419	229	52	2	7	234	695	468	4.19e-29	122
NODE_50386_length_233_cov_0.775281	gb_NC_003112.2_-_1791966-1795170_ARO:3000811_mtrD	85.281	231	34	0	3	233	2740	2970	3.97e-64	239
