NODE_69_length_13629_cov_16.4096	gb_AM180355_+_600033-601953_ARO:3000186_tetM	87.116	683	88	0	12939	13621	1	683	0.0	774
NODE_137_length_8903_cov_10.7195	gb_NC_012469.1_-_1800927-1802391_ARO:3000616_mel	100.000	1464	0	0	3316	4779	1464	1	0.0	2704
NODE_137_length_8903_cov_10.7195	gb_NC_023287.1_-_65291-66509_ARO:3000615_mefA	96.962	1218	37	0	4899	6116	1218	1	0.0	2045
NODE_303_length_5375_cov_7.48477	gb_AF242872_+_2131-2878_ARO:3000375_ErmB	99.063	747	6	1	3951	4696	747	1	0.0	1339
NODE_587_length_3486_cov_11.0344	gb_NC_003098.1_+_866210-867410_ARO:3000822_pmrA	92.667	1200	88	0	17	1216	1200	1	0.0	1729
NODE_588_length_3486_cov_10.7278	gb_NC_003098.1_+_866210-867410_ARO:3000822_pmrA	93.083	1200	83	0	17	1216	1200	1	0.0	1757
NODE_1009_length_2327_cov_10.2364	gb_NC_003098.1_-_1359228-1360395_ARO:3000025_patB	92.184	806	63	0	1	806	362	1167	0.0	1140
NODE_1080_length_2218_cov_1.83356	gb_M17124_+_1181-1982_ARO:3000498_ErmF	100.000	268	0	0	1	268	268	1	2.19e-140	496
NODE_1080_length_2218_cov_1.83356	gb_AF319779.2_+_32-833_ARO:3000604_Erm(35)	86.387	191	26	0	78	268	191	1	3.19e-54	209
NODE_1249_length_1997_cov_2.70031	gb_M17124_+_1181-1982_ARO:3000498_ErmF	99.730	370	1	0	1628	1997	801	432	0.0	678
NODE_1282_length_1963_cov_10.7306	gb_CP007593.1_+_2148923-2149772_ARO:3001301_RlmA(II)	90.584	839	77	2	51	888	1	838	0.0	1110
NODE_1492_length_1766_cov_13.8188	gb_AM180355_+_600033-601953_ARO:3000186_tetM	94.310	1283	73	0	2	1284	638	1920	0.0	1965
NODE_1492_length_1766_cov_13.8188	gb_L09756_+_0-1926_ARO:3000192_tetS	79.969	1283	246	10	7	1283	643	1920	0.0	935
NODE_1512_length_1746_cov_16.7274	gb_NC_003098.1_-_1359228-1360395_ARO:3000025_patB	94.146	410	24	0	7	416	410	1	2.10e-179	625
NODE_1795_length_1536_cov_2.34706	gb_EU434751_+_658-2578_ARO:3000194_tetW	99.916	1191	1	0	346	1536	1920	730	0.0	2194
NODE_1795_length_1536_cov_2.34706	gb_KU736867.1_+_19653-21573_ARO:3004442_tet(W/N/W)	93.914	1183	70	2	355	1536	1911	730	0.0	1784
NODE_1857_length_1499_cov_10.2361	gb_CP007593.1_+_2148923-2149772_ARO:3001301_RlmA(II)	91.284	849	74	0	601	1449	849	1	0.0	1158
NODE_2575_length_1209_cov_3.23484	gb_CP007593.1_+_2148923-2149772_ARO:3001301_RlmA(II)	84.321	287	45	0	1	287	555	841	3.61e-76	281
NODE_2760_length_1153_cov_2.24772	gb_EU434751_+_658-2578_ARO:3000194_tetW	100.000	733	0	0	421	1153	1	733	0.0	1354
NODE_2760_length_1153_cov_2.24772	gb_KU736867.1_+_19653-21573_ARO:3004442_tet(W/N/W)	99.591	733	3	0	421	1153	1	733	0.0	1338
NODE_2780_length_1151_cov_14.7126	gb_NC_003098.1_+_866210-867410_ARO:3000822_pmrA	100.000	38	0	0	1113	1150	1200	1163	8.10e-13	71.3
NODE_2812_length_1142_cov_1.9724	gb_AF118110.1_-_71-1037_ARO:3003002_CfxA2	100.000	900	0	0	241	1140	966	67	0.0	1663
NODE_2812_length_1142_cov_1.9724	gb_AF472622_+_52-1018_ARO:3003003_CfxA3	99.889	900	1	0	241	1140	966	67	0.0	1657
NODE_2812_length_1142_cov_1.9724	gb_AY769934_+_27-993_ARO:3003096_CfxA5	99.889	900	1	0	241	1140	966	67	0.0	1657
NODE_2812_length_1142_cov_1.9724	gb_U38243_+_149-1115_ARO:3003001_CfxA	99.889	900	1	0	241	1140	966	67	0.0	1657
NODE_2812_length_1142_cov_1.9724	gb_AY769933_+_0-966_ARO:3003005_CfxA4	99.889	900	1	0	241	1140	966	67	0.0	1657
NODE_2812_length_1142_cov_1.9724	gb_GQ342996_+_797-1793_ARO:3003097_CfxA6	88.839	896	97	3	246	1140	993	100	0.0	1098
NODE_3187_length_1060_cov_1.33134	gb_Z21523_+_0-1974_ARO:3000191_tetQ	97.734	1059	24	0	2	1060	527	1585	0.0	1823
NODE_4081_length_921_cov_2.47921	gb_NC_003098.1_-_1359228-1360395_ARO:3000025_patB	82.963	270	46	0	1	270	270	1	3.59e-65	244
NODE_8332_length_642_cov_8.87394	gb_NC_003098.1_-_1359228-1360395_ARO:3000025_patB	93.458	642	42	0	1	642	362	1003	0.0	953
NODE_8808_length_625_cov_3.04035	gb_NC_003098.1_-_1359228-1360395_ARO:3000025_patB	92.480	625	47	0	1	625	126	750	0.0	894
NODE_9480_length_602_cov_1.00366	gb_AP009048_+_2810082-2811255_ARO:3000027_emrA	74.208	221	52	5	77	294	968	750	4.14e-18	87.9
NODE_14165_length_500_cov_0.840449	gb_HM990671_+_5192-6671_ARO:3003112_lsaC	92.453	159	12	0	2	160	159	1	1.93e-60	228
NODE_18063_length_446_cov_1.06138	gb_M57437_+_0-1647_ARO:3002827_tlrC	96.970	33	1	0	317	349	1500	1468	8.55e-09	56.5
NODE_19347_length_432_cov_1.0504	gb_M18896.2_+_206-2126_ARO:3000190_tetO	98.611	432	6	0	1	432	830	1261	0.0	765
NODE_20284_length_423_cov_2.55707	gb_NC_003098.1_+_866210-867410_ARO:3000822_pmrA	93.617	235	15	0	1	235	235	1	9.21e-98	351
NODE_21186_length_414_cov_1.20056	gb_AJ295238.3_+_163-2083_ARO:3000196_tet32	99.231	390	3	0	1	390	894	1283	0.0	704
NODE_22053_length_407_cov_0.764205	gb_NC_007795.1_-_1360280-1361636_ARO:3000839_arlS	100.000	29	0	0	306	334	1195	1223	2.79e-08	54.7
NODE_25482_length_382_cov_1.19878	gb_HQ652506.1_+_373-2098_ARO:3004032_tetA(46)	94.764	382	20	0	1	382	268	649	3.46e-171	595
NODE_29265_length_359_cov_1.46053	gb_HM990671_+_5192-6671_ARO:3003112_lsaC	96.379	359	13	0	1	359	979	621	4.21e-170	592
NODE_30316_length_353_cov_0.66443	gb_AY768531_+_0-1179_ARO:3000533_macA	83.898	354	55	2	1	353	548	196	2.14e-93	337
NODE_30633_length_352_cov_1.81481	gb_Z21523_+_0-1974_ARO:3000191_tetQ	98.011	352	7	0	1	352	424	73	3.16e-176	612
NODE_30718_length_351_cov_1.13851	gb_AP006618.1_+_4835199-4838688_ARO:3000501_Nocardia	78.927	261	54	1	2	262	1333	1592	4.90e-45	176
NODE_39657_length_314_cov_1.4556	gb_NC_003112.2_-_1791966-1795170_ARO:3000811_mtrD	84.459	296	46	0	3	298	2881	3176	4.14e-80	292
NODE_44436_length_299_cov_3.40984	gb_NC_003098.1_-_1359228-1360395_ARO:3000025_patB	93.624	298	19	0	2	299	706	1003	2.85e-126	446
NODE_44485_length_299_cov_1.45902	gb_HQ652506.1_+_373-2098_ARO:3004032_tetA(46)	92.308	299	23	0	1	299	846	1144	3.72e-120	425
NODE_46343_length_293_cov_1.13025	gb_M18896.2_+_206-2126_ARO:3000190_tetO	100.000	127	0	0	1	127	1794	1920	6.58e-63	235
NODE_46343_length_293_cov_1.13025	gb_AJ295238.3_+_163-2083_ARO:3000196_tet32	100.000	127	0	0	1	127	1794	1920	6.58e-63	235
NODE_48124_length_289_cov_1.38889	gb_NC_014638.1_-_1610636-1613960_ARO:3003730_Bifidobacteria	76.736	288	61	5	4	288	2046	1762	5.19e-39	156
NODE_55496_length_271_cov_2.90278	gb_CP007593.1_+_2148923-2149772_ARO:3001301_RlmA(II)	90.857	175	16	0	2	176	667	841	6.05e-63	235
NODE_56241_length_270_cov_1.32558	gb_AY768532_+_0-1935_ARO:3000535_macB	92.593	54	4	0	217	270	474	421	1.07e-15	78.7
NODE_56737_length_269_cov_1.14953	gb_AF235050.4_+_38028-40140_ARO:3003318_Streptomyces	85.294	68	4	4	26	90	1897	1961	8.33e-12	65.8
NODE_59505_length_263_cov_3	gb_CP007593.1_+_2148923-2149772_ARO:3001301_RlmA(II)	90.566	106	10	0	1	106	738	843	1.31e-34	141
NODE_60474_length_261_cov_0.854369	gb_NC_014638.1_-_1610636-1613960_ARO:3003730_Bifidobacteria	78.800	250	45	8	6	251	2045	1800	9.99e-41	161
NODE_62180_length_258_cov_2.45813	gb_NC_003098.1_+_866210-867410_ARO:3000822_pmrA	89.147	258	28	0	1	258	847	1104	4.28e-89	322
NODE_63067_length_256_cov_2.24876	gb_AM180355_+_600033-601953_ARO:3000186_tetM	92.520	254	19	0	3	256	782	1035	6.95e-102	364
NODE_63067_length_256_cov_2.24876	gb_L09756_+_0-1926_ARO:3000192_tetS	78.455	246	53	0	8	253	787	1032	9.79e-41	161
NODE_63323_length_256_cov_3	gb_CP007593.1_+_2148923-2149772_ARO:3001301_RlmA(II)	91.949	236	19	0	2	237	236	1	7.05e-92	331
NODE_76328_length_236_cov_1.34807	gb_NC_003098.1_+_866210-867410_ARO:3000822_pmrA	94.492	236	13	0	1	236	663	898	6.36e-102	364
NODE_76584_length_235_cov_1.55556	gb_CP007593.1_+_2148923-2149772_ARO:3001301_RlmA(II)	90.213	235	23	0	1	235	211	445	1.08e-84	307
NODE_80925_length_230_cov_1.32	gb_KX000273.1_+_0-1740_ARO:3004036_tetB(60)	100.000	230	0	0	1	230	1426	1197	2.80e-120	425
NODE_82119_length_228_cov_0.780347	gb_AJ295238.3_+_163-2083_ARO:3000196_tet32	96.916	227	7	0	2	228	301	527	6.08e-107	381
NODE_82319_length_228_cov_1.16185	gb_HQ652506.1_+_2099-3836_ARO:3004033_tetB(46)	94.690	226	12	0	3	228	1288	1513	4.77e-98	351
NODE_84082_length_226_cov_0.54386	gb_HQ652506.1_+_2099-3836_ARO:3004033_tetB(46)	92.035	226	18	0	1	226	1043	818	4.79e-88	318
NODE_85539_length_224_cov_0.828402	gb_AY043299.1_-_3984-5175_ARO:3000167_tet(C)	100.000	63	0	0	1	63	684	622	1.86e-27	117
NODE_88573_length_221_cov_0.843373	gb_M37699_+_585-1752_ARO:3000205_tetX	100.000	221	0	0	1	221	563	783	2.70e-115	409
NODE_88816_length_221_cov_0.740964	gb_HQ652506.1_+_373-2098_ARO:3004032_tetA(46)	90.498	221	21	0	1	221	653	873	2.83e-80	292
NODE_89643_length_220_cov_0.660606	gb_HQ652506.1_+_373-2098_ARO:3004032_tetA(46)	97.717	219	5	0	2	220	1243	1461	7.56e-106	377
NODE_89882_length_220_cov_0.89697	gb_AY768532_+_0-1935_ARO:3000535_macB	77.889	199	39	4	4	201	1293	1099	5.06e-28	119
NODE_94834_length_214_cov_1.03145	gb_NC_017452.1_-_1144673-1146068_ARO:3003953_hmrM	91.111	45	4	0	169	213	1395	1351	8.39e-11	62.1
NODE_98611_length_211_cov_1.69872	gb_NC_002134.1_+_41537-42743_ARO:3000165_tet(A)	100.000	211	0	0	1	211	49	259	9.28e-110	390
NODE_98611_length_211_cov_1.69872	gb_AB089595_+_0-1206_ARO:3000166_tet(B)	100.000	211	0	0	1	211	49	259	9.28e-110	390
NODE_100270_length_209_cov_0.863636	gb_NC_017452.1_-_1144673-1146068_ARO:3003953_hmrM	89.474	209	22	0	1	209	977	1185	5.81e-72	265
NODE_100461_length_209_cov_1.4026	gb_M18896.2_+_206-2126_ARO:3000190_tetO	99.522	209	1	0	1	209	356	148	5.53e-107	381
NODE_100461_length_209_cov_1.4026	gb_AJ295238.3_+_163-2083_ARO:3000196_tet32	88.038	209	25	0	1	209	356	148	5.85e-67	248
NODE_102639_length_207_cov_1.09211	gb_HM990671_+_5192-6671_ARO:3003112_lsaC	88.835	206	23	0	1	206	1145	940	1.24e-68	254
