NODE_7_length_264793_cov_27.1665	gb_X63451_+_0-1653_ARO:3002828_srmB	97.059	34	1	0	1010	1043	1499	1466	1.47e-06	58.4
NODE_23_length_198482_cov_103.679	gb_AY768532_+_0-1935_ARO:3000535_macB	82.325	843	140	8	197637	198476	1935	1099	0.0	723
NODE_44_length_141751_cov_91.3549	gb_NC_003112.2_-_1791966-1795170_ARO:3000811_mtrD	80.928	3188	584	20	22434	25609	3176	1	0.0	2497
NODE_44_length_141751_cov_91.3549	gb_CP001050.1_+_1332866-1333499_ARO:3000817_mtrR	77.617	621	125	13	27125	27738	1	614	4.14e-99	364
NODE_74_length_106879_cov_16.477	gb_HM990671_+_5192-6671_ARO:3003112_lsaC	93.291	313	21	0	4	316	314	2	1.08e-128	462
NODE_79_length_105191_cov_16.5731	gb_HM990671_+_5192-6671_ARO:3003112_lsaC	93.291	313	21	0	4	316	314	2	1.06e-128	462
NODE_334_length_41992_cov_17.5832	gb_AY768532_+_0-1935_ARO:3000535_macB	95.652	46	2	0	9327	9372	473	428	2.32e-12	75.0
NODE_721_length_23110_cov_104.098	gb_NC_003112.2_+_329612-330767_ARO:3003961_farA	73.232	919	222	20	19317	20223	127	1033	2.48e-84	313
NODE_1021_length_17408_cov_5.6513	gb_Z21523_+_0-1974_ARO:3000191_tetQ	90.020	1974	196	1	11789	13761	1974	1	0.0	2553
NODE_1039_length_17172_cov_27.5185	gb_AP009048_+_2810082-2811255_ARO:3000027_emrA	81.818	110	20	0	14256	14365	968	859	2.62e-18	93.5
NODE_1747_length_11131_cov_20.4892	gb_AF235050.4_+_38028-40140_ARO:3003318_Streptomyces	77.225	382	79	7	9761	10138	76	453	9.64e-56	217
NODE_2432_length_8325_cov_32.9615	gb_HM990671_+_5192-6671_ARO:3003112_lsaC	94.929	1479	75	0	4913	6391	1479	1	0.0	2316
NODE_3023_length_6837_cov_32.203	gb_AP006618.1_+_4835199-4838688_ARO:3000501_Nocardia	86.228	334	42	4	3382	3713	3299	2968	9.29e-99	359
NODE_3055_length_6651_cov_25.0292	gb_NC_002134.1_+_41537-42743_ARO:3000165_tet(A)	99.917	1206	1	0	4159	5364	1	1206	0.0	2222
NODE_3055_length_6651_cov_25.0292	gb_AB089595_+_0-1206_ARO:3000166_tet(B)	99.751	1206	3	0	4159	5364	1	1206	0.0	2211
NODE_3055_length_6651_cov_25.0292	gb_BX664015.1_-_204137-204554_ARO:3000168_tet(D)	100.000	417	0	0	6158	6574	1	417	0.0	771
NODE_3248_length_6412_cov_15.3157	gb_AF540889_+_0-327_ARO:3002871_tet37	98.649	222	3	0	4407	4628	222	1	2.39e-109	394
NODE_3349_length_6282_cov_3.98105	gb_HM990671_+_5192-6671_ARO:3003112_lsaC	98.413	63	1	0	6220	6282	2	64	2.64e-24	111
NODE_4309_length_5108_cov_10.6741	gb_Z21523_+_0-1974_ARO:3000191_tetQ	97.366	1974	52	0	890	2863	1	1974	0.0	3358
NODE_4380_length_5047_cov_131.881	gb_NC_012469.1_-_1800927-1802391_ARO:3000616_mel	100.000	1464	0	0	2444	3907	1	1464	0.0	2704
NODE_4380_length_5047_cov_131.881	gb_NC_023287.1_-_65291-66509_ARO:3000615_mefA	96.962	1218	37	0	1107	2324	1	1218	0.0	2045
NODE_5066_length_4393_cov_37.6627	gb_AJ295238.3_+_163-2083_ARO:3000196_tet32	88.137	1922	206	21	2442	4352	1	1911	0.0	2266
NODE_5432_length_4110_cov_6.25179	gb_CP007593.1_+_2148923-2149772_ARO:3001301_RlmA(II)	84.716	844	127	2	209	1051	843	1	0.0	843
NODE_5626_length_3988_cov_18.2807	gb_AF235050.4_+_38028-40140_ARO:3003318_Streptomyces	77.225	382	79	7	974	1351	453	76	3.45e-56	217
NODE_5935_length_3785_cov_2.38418	gb_M18896.2_+_206-2126_ARO:3000190_tetO	100.000	459	0	0	1	459	1462	1920	0.0	848
NODE_5935_length_3785_cov_2.38418	gb_AJ295238.3_+_163-2083_ARO:3000196_tet32	100.000	459	0	0	1	459	1462	1920	0.0	848
NODE_5957_length_3773_cov_12.4193	gb_KX000272.1_+_0-1740_ARO:3004035_tetA(60)	88.800	1741	193	2	1847	3586	1740	1	0.0	2134
NODE_5957_length_3773_cov_12.4193	gb_KX000273.1_+_0-1740_ARO:3004036_tetB(60)	87.701	1740	214	0	111	1850	1740	1	0.0	2028
NODE_5987_length_3758_cov_25.2765	gb_AF024666.2_-_2207-2969_ARO:3000596_ErmX	94.889	763	38	1	274	1036	1	762	0.0	1192
NODE_6966_length_3277_cov_39.7083	gb_HQ652506.1_+_373-2098_ARO:3004032_tetA(46)	94.841	1725	89	0	1475	3199	1	1725	0.0	2693
NODE_6966_length_3277_cov_39.7083	gb_HQ652506.1_+_2099-3836_ARO:3004033_tetB(46)	94.805	77	4	0	3201	3277	1	77	2.28e-27	121
NODE_6969_length_3276_cov_15.2884	gb_NC_014638.1_-_1610636-1613960_ARO:3003730_Bifidobacteria	80.455	880	168	4	1789	2666	1294	2171	0.0	669
NODE_7115_length_3208_cov_24.0415	gb_HM990671_+_5192-6671_ARO:3003112_lsaC	92.250	800	62	0	2409	3208	1479	680	0.0	1134
NODE_8282_length_2772_cov_34.915	gb_HQ652506.1_+_2099-3836_ARO:3004033_tetB(46)	92.529	1700	125	2	1	1699	23	1721	0.0	2435
NODE_9149_length_2495_cov_9.36516	gb_KU736867.1_+_19653-21573_ARO:3004442_tet(W/N/W)	95.283	106	5	0	1	106	106	1	6.11e-42	169
NODE_9149_length_2495_cov_9.36516	gb_EU434751_+_658-2578_ARO:3000194_tetW	95.283	106	5	0	1	106	106	1	6.11e-42	169
NODE_9684_length_2350_cov_9.60218	gb_NC_003098.1_-_1359228-1360395_ARO:3000025_patB	80.154	650	129	0	42	691	650	1	1.40e-137	486
NODE_10134_length_2246_cov_27.2063	gb_AM180355_+_600033-601953_ARO:3000186_tetM	90.312	1920	186	0	263	2182	1	1920	0.0	2516
NODE_10134_length_2246_cov_27.2063	gb_L09756_+_0-1926_ARO:3000192_tetS	78.694	1929	390	19	264	2181	2	1920	0.0	1266
NODE_10767_length_2105_cov_12.7537	gb_M17124_+_1181-1982_ARO:3000498_ErmF	99.750	801	2	0	1236	2036	1	801	0.0	1469
NODE_10767_length_2105_cov_12.7537	gb_AF319779.2_+_32-833_ARO:3000604_Erm(35)	78.643	796	166	3	1236	2029	1	794	2.65e-149	525
NODE_12683_length_1747_cov_47.5822	gb_EU434751_+_658-2578_ARO:3000194_tetW	98.454	1747	27	0	1	1747	52	1798	0.0	3077
NODE_12683_length_1747_cov_47.5822	gb_KU736867.1_+_19653-21573_ARO:3004442_tet(W/N/W)	97.023	1747	52	0	1	1747	52	1798	0.0	2939
NODE_12686_length_1746_cov_16.1922	gb_HM990671_+_5192-6671_ARO:3003112_lsaC	92.620	935	69	0	812	1746	1479	545	0.0	1345
NODE_12947_length_1708_cov_25.4428	gb_HM990671_+_5192-6671_ARO:3003112_lsaC	95.197	937	41	4	774	1708	1479	545	0.0	1478
NODE_13519_length_1623_cov_3.04592	gb_M18896.2_+_206-2126_ARO:3000190_tetO	99.725	1456	4	0	168	1623	1	1456	0.0	2667
NODE_13519_length_1623_cov_3.04592	gb_AJ295238.3_+_163-2083_ARO:3000196_tet32	91.919	396	32	0	168	563	1	396	2.60e-158	555
NODE_13519_length_1623_cov_3.04592	gb_AJ295238.3_+_163-2083_ARO:3000196_tet32	87.466	367	46	0	1257	1623	1090	1456	7.65e-119	424
NODE_18114_length_1143_cov_9.39798	gb_HM990671_+_5192-6671_ARO:3003112_lsaC	97.403	77	2	0	1	77	1403	1479	3.64e-31	132
NODE_18630_length_1106_cov_186.948	gb_AF472622_+_52-1018_ARO:3003003_CfxA3	100.000	966	0	0	79	1044	966	1	0.0	1784
NODE_18630_length_1106_cov_186.948	gb_AY769933_+_0-966_ARO:3003005_CfxA4	99.896	966	1	0	79	1044	966	1	0.0	1779
NODE_18630_length_1106_cov_186.948	gb_AF118110.1_-_71-1037_ARO:3003002_CfxA2	99.896	966	1	0	79	1044	966	1	0.0	1779
NODE_18630_length_1106_cov_186.948	gb_AY769934_+_27-993_ARO:3003096_CfxA5	99.793	966	2	0	79	1044	966	1	0.0	1773
NODE_18630_length_1106_cov_186.948	gb_U38243_+_149-1115_ARO:3003001_CfxA	99.793	966	2	0	79	1044	966	1	0.0	1773
NODE_18630_length_1106_cov_186.948	gb_GQ342996_+_797-1793_ARO:3003097_CfxA6	89.234	966	101	3	84	1048	993	30	0.0	1205
NODE_21273_length_936_cov_1.25539	gb_NC_003112.2_+_330790-332317_ARO:3003962_farB	76.061	919	208	11	24	936	1064	152	1.99e-132	468
NODE_21583_length_920_cov_4.03699	gb_KX000273.1_+_0-1740_ARO:3004036_tetB(60)	88.148	810	94	2	1	809	932	1740	0.0	963
NODE_28004_length_671_cov_53.4172	gb_EU434751_+_658-2578_ARO:3000194_tetW	100.000	177	0	0	1	177	1744	1920	2.51e-90	327
NODE_30998_length_599_cov_1.22059	gb_NC_003098.1_+_866210-867410_ARO:3000822_pmrA	93.711	159	10	0	357	515	1042	1200	1.08e-63	239
NODE_31959_length_580_cov_13.5771	gb_HM990671_+_5192-6671_ARO:3003112_lsaC	94.310	580	33	0	1	580	1310	731	0.0	889
NODE_35045_length_522_cov_25.0214	gb_HM990671_+_5192-6671_ARO:3003112_lsaC	88.854	314	35	0	206	519	1	314	3.14e-108	387
NODE_38393_length_472_cov_99.0791	gb_HM990671_+_5192-6671_ARO:3003112_lsaC	95.127	472	23	0	1	472	263	734	0.0	745
NODE_41543_length_434_cov_3.19525	gb_KX000272.1_+_0-1740_ARO:3004035_tetA(60)	100.000	341	0	0	1	341	341	1	0.0	630
NODE_41963_length_430_cov_13.7387	gb_HM990671_+_5192-6671_ARO:3003112_lsaC	96.279	430	16	0	1	430	824	1253	0.0	706
NODE_45039_length_400_cov_5.72174	gb_HM990671_+_5192-6671_ARO:3003112_lsaC	94.662	281	15	0	120	400	1479	1199	2.33e-123	436
NODE_52213_length_348_cov_2.93515	gb_KX000272.1_+_0-1740_ARO:3004035_tetA(60)	92.197	346	27	0	1	346	236	581	1.53e-139	490
NODE_56464_length_324_cov_24.948	gb_HQ652506.1_+_2099-3836_ARO:3004033_tetB(46)	96.296	324	12	0	1	324	346	23	2.32e-152	532
NODE_57118_length_320_cov_7.2717	gb_HM990671_+_5192-6671_ARO:3003112_lsaC	95.238	84	4	0	237	320	1	84	2.71e-32	134
NODE_59000_length_309_cov_20.6102	gb_EU434751_+_658-2578_ARO:3000194_tetW	95.266	169	6	2	142	309	1911	1744	2.47e-72	267
NODE_59343_length_308_cov_8.93281	gb_EU434751_+_658-2578_ARO:3000194_tetW	96.296	54	0	2	256	308	1911	1859	2.06e-18	87.9
NODE_62326_length_294_cov_9.02092	gb_HQ652506.1_+_2099-3836_ARO:3004033_tetB(46)	96.259	294	11	0	1	294	382	89	2.13e-137	483
NODE_63739_length_288_cov_33.8627	gb_HM990671_+_5192-6671_ARO:3003112_lsaC	88.772	285	32	0	4	288	314	30	2.21e-97	350
NODE_67344_length_273_cov_1.30275	gb_NC_003098.1_-_1359228-1360395_ARO:3000025_patB	93.413	167	11	0	1	167	167	1	7.83e-67	248
NODE_69499_length_266_cov_2.4455	gb_KX000273.1_+_0-1740_ARO:3004036_tetB(60)	89.434	265	28	0	1	265	1472	1736	5.68e-93	335
NODE_69581_length_266_cov_3.07109	gb_KX000273.1_+_0-1740_ARO:3004036_tetB(60)	96.000	50	2	0	1	50	50	1	8.17e-17	82.4
NODE_75705_length_247_cov_1.01562	gb_CP001050.1_+_1332866-1333499_ARO:3000817_mtrR	85.535	159	21	2	6	163	158	1	7.28e-42	165
NODE_76309_length_246_cov_2.37696	gb_HM990671_+_5192-6671_ARO:3003112_lsaC	93.496	246	14	2	1	245	1008	1252	6.65e-102	364
NODE_76675_length_245_cov_1.36842	gb_CP007593.1_+_2148923-2149772_ARO:3001301_RlmA(II)	94.054	185	11	0	4	188	185	1	6.86e-77	281
NODE_78265_length_241_cov_2.73118	gb_KX000273.1_+_0-1740_ARO:3004036_tetB(60)	85.417	240	35	0	2	241	269	30	1.90e-67	250
NODE_80410_length_236_cov_1.49171	gb_KX000273.1_+_0-1740_ARO:3004036_tetB(60)	88.983	236	26	0	1	236	1372	1137	3.04e-80	292
NODE_80918_length_235_cov_1.24444	gb_CP007593.1_+_2148923-2149772_ARO:3001301_RlmA(II)	94.043	235	14	0	1	235	687	453	1.06e-99	357
NODE_82641_length_231_cov_0.971591	gb_AF024602_+_3155-3992_ARO:3002660_APH(6)-Id	100.000	231	0	0	1	231	436	666	7.81e-121	427
NODE_85947_length_224_cov_0.940828	gb_AF242872_+_2131-2878_ARO:3000375_ErmB	98.214	224	4	0	1	224	359	136	2.76e-110	392
NODE_86035_length_224_cov_1.59763	gb_CP007593.1_+_2148923-2149772_ARO:3001301_RlmA(II)	90.698	129	12	0	10	138	715	843	3.91e-44	172
NODE_89035_length_218_cov_2.30061	gb_KX000272.1_+_0-1740_ARO:3004035_tetA(60)	89.041	219	22	2	1	218	1441	1224	1.31e-73	270
NODE_92757_length_211_cov_1.19231	gb_NC_003098.1_-_1359228-1360395_ARO:3000025_patB	95.261	211	10	0	1	211	694	904	4.41e-93	335
NODE_92801_length_211_cov_0.891026	gb_CP007593.1_+_2148923-2149772_ARO:3001301_RlmA(II)	90.821	207	17	2	6	211	752	547	2.71e-75	276
NODE_94009_length_209_cov_18.8182	gb_EU434751_+_658-2578_ARO:3000194_tetW	95.480	177	8	0	33	209	1920	1744	1.60e-77	283
NODE_95210_length_206_cov_0.821192	gb_AY227054_+_0-765_ARO:3001780_OXA-85	100.000	129	0	0	78	206	765	637	3.46e-64	239
NODE_98797_length_144_cov_37.5618	gb_KU736867.1_+_19653-21573_ARO:3004442_tet(W/N/W)	100.000	106	0	0	39	144	1	106	1.42e-51	196
NODE_98797_length_144_cov_37.5618	gb_EU434751_+_658-2578_ARO:3000194_tetW	100.000	106	0	0	39	144	1	106	1.42e-51	196
NODE_102899_length_92_cov_11.7568	gb_HM990671_+_5192-6671_ARO:3003112_lsaC	96.629	89	3	0	1	89	682	770	2.36e-37	148
NODE_103175_length_89_cov_9.5	gb_HM990671_+_5192-6671_ARO:3003112_lsaC	93.750	64	4	0	1	64	64	1	8.31e-22	97.1
NODE_104492_length_76_cov_35.619	gb_HM990671_+_5192-6671_ARO:3003112_lsaC	96.053	76	3	0	1	76	524	599	3.16e-30	124
NODE_107180_length_57_cov_7	gb_EU434751_+_658-2578_ARO:3000194_tetW	100.000	55	0	0	3	57	1904	1850	9.96e-24	102
