NODE_10_length_197662_cov_5.82576	gb_DQ212986_+_2258-2966_ARO:3002926_vanRG	78.947	95	20	0	175929	176023	317	223	6.55e-09	65.8
NODE_22_length_125667_cov_5.61781	gb_DQ212986_+_2258-2966_ARO:3002926_vanRG	79.630	108	17	5	48513	48618	213	317	2.49e-11	73.1
NODE_31_length_107533_cov_5.741	gb_HM990671_+_5192-6671_ARO:3003112_lsaC	96.875	32	1	0	101271	101302	452	421	7.72e-06	54.7
NODE_112_length_61528_cov_5.0089	gb_HM990671_+_5192-6671_ARO:3003112_lsaC	100.000	29	0	0	25681	25709	452	424	4.42e-06	54.7
NODE_485_length_28422_cov_5.74192	gb_HM990671_+_5192-6671_ARO:3003112_lsaC	95.775	71	3	0	1239	1309	9	79	9.24e-25	115
NODE_1830_length_12795_cov_29.3615	gb_Z21523_+_0-1974_ARO:3000191_tetQ	90.071	1974	195	1	7221	9193	1974	1	0.0	2558
NODE_1916_length_12492_cov_4.00892	gb_KX236309.1_-_3136-4762_ARO:3004194_MCR-1.2	83.908	87	12	2	3444	3529	1229	1144	4.12e-15	82.4
NODE_1916_length_12492_cov_4.00892	gb_KP347127_+_22412-24038_ARO:3003689_MCR-1	83.908	87	12	2	3444	3529	1229	1144	4.12e-15	82.4
NODE_2153_length_11635_cov_17.3155	gb_AJ295238.3_+_163-2083_ARO:3000196_tet32	87.975	1921	211	19	8872	10782	1911	1	0.0	2250
NODE_2381_length_10933_cov_4.30971	gb_HM990671_+_5192-6671_ARO:3003112_lsaC	70.295	1084	261	52	891	1942	388	1442	4.50e-39	161
NODE_3066_length_9417_cov_2.2743	gb_HG970100.1_+_0-1457_ARO:3003948_efrA	100.000	31	0	0	8553	8583	1232	1202	5.23e-08	58.4
NODE_4473_length_7475_cov_31.0892	gb_CP007593.1_+_2148923-2149772_ARO:3001301_RlmA(II)	84.342	843	128	4	3238	4078	1	841	0.0	822
NODE_5174_length_6735_cov_6.79716	gb_AY768532_+_0-1935_ARO:3000535_macB	85.434	865	119	6	5871	6733	1923	1064	0.0	893
NODE_6754_length_5694_cov_3.31708	gb_NC_003112.2_-_1791966-1795170_ARO:3000811_mtrD	84.971	3054	450	8	1	3049	3050	1	0.0	3088
NODE_6754_length_5694_cov_3.31708	gb_CP001050.1_+_1332866-1333499_ARO:3000817_mtrR	77.304	586	117	14	4558	5135	1	578	1.69e-90	331
NODE_7773_length_5189_cov_7.71017	gb_NC_003112.2_-_1791966-1795170_ARO:3000811_mtrD	81.175	3182	580	16	922	4094	3172	1	0.0	2540
NODE_8630_length_4856_cov_11.7498	gb_AY768531_+_0-1179_ARO:3000533_macA	86.408	618	84	0	1	618	694	77	0.0	676
NODE_10204_length_4324_cov_3.57063	gb_HM990671_+_5192-6671_ARO:3003112_lsaC	71.480	1399	365	30	2115	3496	1391	10	5.91e-94	342
NODE_10570_length_4228_cov_27.7048	gb_NC_012469.1_-_1800927-1802391_ARO:3000616_mel	100.000	1464	0	0	322	1785	1464	1	0.0	2704
NODE_10570_length_4228_cov_27.7048	gb_NC_023287.1_-_65291-66509_ARO:3000615_mefA	96.962	1218	37	0	1905	3122	1218	1	0.0	2045
NODE_11251_length_4044_cov_16.2309	gb_AM180355_+_600033-601953_ARO:3000186_tetM	92.760	1920	139	0	1643	3562	1	1920	0.0	2776
NODE_11251_length_4044_cov_16.2309	gb_L09756_+_0-1926_ARO:3000192_tetS	78.412	1927	399	15	1644	3561	2	1920	0.0	1238
NODE_17171_length_2943_cov_2.59626	gb_AP006618.1_+_4835199-4838688_ARO:3000501_Nocardia	80.172	116	23	0	2644	2759	1738	1853	2.08e-17	87.9
NODE_18391_length_2790_cov_9.80439	gb_AY227054_+_0-765_ARO:3001780_OXA-85	100.000	765	0	0	1937	2701	1	765	0.0	1413
NODE_19894_length_2617_cov_8.016	gb_AF472622_+_52-1018_ARO:3003003_CfxA3	98.246	57	1	0	2561	2617	64	120	2.37e-21	100
NODE_19894_length_2617_cov_8.016	gb_AY769934_+_27-993_ARO:3003096_CfxA5	98.246	57	1	0	2561	2617	64	120	2.37e-21	100
NODE_19894_length_2617_cov_8.016	gb_U38243_+_149-1115_ARO:3003001_CfxA	98.246	57	1	0	2561	2617	64	120	2.37e-21	100
NODE_19894_length_2617_cov_8.016	gb_AY769933_+_0-966_ARO:3003005_CfxA4	98.246	57	1	0	2561	2617	64	120	2.37e-21	100
NODE_19894_length_2617_cov_8.016	gb_AF118110.1_-_71-1037_ARO:3003002_CfxA2	98.246	57	1	0	2561	2617	64	120	2.37e-21	100
NODE_23697_length_2277_cov_52.9073	gb_Z21523_+_0-1974_ARO:3000191_tetQ	100.000	1974	0	0	180	2153	1974	1	0.0	3646
NODE_24379_length_2224_cov_3.78838	gb_NC_003112.2_-_1795181-1796420_ARO:3000810_mtrC	72.978	544	133	12	1620	2156	184	720	9.03e-45	178
NODE_25720_length_2130_cov_16.0231	gb_HM990671_+_5192-6671_ARO:3003112_lsaC	84.371	1478	225	5	298	1772	1475	1	0.0	1445
NODE_27783_length_1999_cov_148.632	gb_M17124_+_1181-1982_ARO:3000498_ErmF	99.750	801	2	0	1183	1983	1	801	0.0	1469
NODE_27783_length_1999_cov_148.632	gb_AF319779.2_+_32-833_ARO:3000604_Erm(35)	78.643	796	166	3	1183	1976	1	794	2.51e-149	525
NODE_29740_length_1889_cov_5.5169	gb_AP006618.1_+_4835199-4838688_ARO:3000501_Nocardia	72.766	1623	370	57	297	1889	218	1798	1.45e-136	483
NODE_30554_length_1849_cov_4.96265	gb_NC_000913.3_-_481253-484403_ARO:3000216_acrB	80.172	116	16	5	929	1039	1462	1575	2.18e-15	80.5
NODE_31540_length_1797_cov_1.71584	gb_AB015853_+_1330-4471_ARO:3003033_mexY	81.458	480	81	8	1322	1797	973	1448	1.11e-107	387
NODE_31540_length_1797_cov_1.71584	gb_AFRQ01000061.1_-_23986-27124_ARO:3004144_AxyY	80.457	481	84	10	1322	1797	973	1448	2.43e-99	359
NODE_31540_length_1797_cov_1.71584	gb_U57969_+_1485-4617_ARO:3000801_MexD	78.197	477	90	14	1291	1760	951	1420	2.50e-79	292
NODE_31555_length_1797_cov_4.19747	gb_HM990671_+_5192-6671_ARO:3003112_lsaC	86.767	1194	154	4	1	1192	1200	9	0.0	1327
NODE_32104_length_1772_cov_4.53232	gb_X95635_+_259-1663_ARO:3000812_mtrE	73.513	891	214	21	217	1096	503	1382	4.06e-87	318
NODE_33563_length_1705_cov_12.2933	gb_AY768532_+_0-1935_ARO:3000535_macB	87.803	1074	127	4	1	1072	1072	1	0.0	1254
NODE_33563_length_1705_cov_12.2933	gb_AY768531_+_0-1179_ARO:3000533_macA	84.038	520	75	7	1190	1705	1155	640	6.04e-140	494
NODE_35981_length_1605_cov_9.95871	gb_HM990671_+_5192-6671_ARO:3003112_lsaC	91.827	1040	85	0	1	1040	440	1479	0.0	1450
NODE_37987_length_1532_cov_6.70481	gb_CP001050.1_+_1332866-1333499_ARO:3000817_mtrR	79.516	620	116	8	315	928	615	1	4.31e-121	431
NODE_38855_length_1502_cov_2.01728	gb_NC_000913.3_-_481253-484403_ARO:3000216_acrB	71.739	322	79	11	104	419	1016	1331	1.76e-15	80.5
NODE_38912_length_1500_cov_1.55087	gb_AF173226_+_3767-6917_ARO:3003052_smeB	75.616	365	74	9	1142	1500	2629	2984	1.31e-41	167
NODE_40029_length_1463_cov_1.58026	gb_AP006618.1_+_4835199-4838688_ARO:3000501_Nocardia	74.884	1294	291	29	10	1292	2050	3320	1.81e-159	558
NODE_43964_length_1350_cov_18.9236	gb_AF242872_+_2131-2878_ARO:3000375_ErmB	99.063	747	6	1	347	1092	747	1	0.0	1339
NODE_44341_length_1339_cov_134.577	gb_AF118110.1_-_71-1037_ARO:3003002_CfxA2	100.000	966	0	0	16	981	1	966	0.0	1784
NODE_44341_length_1339_cov_134.577	gb_AF472622_+_52-1018_ARO:3003003_CfxA3	99.896	966	1	0	16	981	1	966	0.0	1779
NODE_44341_length_1339_cov_134.577	gb_AY769934_+_27-993_ARO:3003096_CfxA5	99.896	966	1	0	16	981	1	966	0.0	1779
NODE_44341_length_1339_cov_134.577	gb_U38243_+_149-1115_ARO:3003001_CfxA	99.896	966	1	0	16	981	1	966	0.0	1779
NODE_44341_length_1339_cov_134.577	gb_AY769933_+_0-966_ARO:3003005_CfxA4	99.896	966	1	0	16	981	1	966	0.0	1779
NODE_44341_length_1339_cov_134.577	gb_GQ342996_+_797-1793_ARO:3003097_CfxA6	89.234	966	101	3	12	976	30	993	0.0	1205
NODE_47093_length_1268_cov_7.74361	gb_HM990671_+_5192-6671_ARO:3003112_lsaC	88.462	1040	120	0	229	1268	1479	440	0.0	1256
NODE_48510_length_1236_cov_19.0847	gb_NC_003098.1_-_1359228-1360395_ARO:3000025_patB	85.335	641	94	0	596	1236	1	641	0.0	664
NODE_49157_length_1222_cov_2.11397	gb_AP006618.1_+_4835199-4838688_ARO:3000501_Nocardia	80.899	356	52	11	9	356	2986	3333	1.02e-71	267
NODE_51111_length_1180_cov_1.76444	gb_L36601_+_1420-3130_ARO:3003036_oleB	92.500	40	3	0	620	659	634	673	6.47e-09	58.4
NODE_51531_length_1172_cov_1.23456	gb_Y11946.1_+_0-980_ARO:3002578_AAC(6')-Ib7	97.638	254	3	1	86	339	251	1	9.13e-122	433
NODE_51531_length_1172_cov_1.23456	gb_DQ393783_+_1799-2591_ARO:3002615_aadA15	98.837	86	1	0	1	86	86	1	7.96e-38	154
NODE_51531_length_1172_cov_1.23456	gb_NC_004998.1_-_80976-81768_ARO:3002601_aadA	98.837	86	1	0	1	86	86	1	7.96e-38	154
NODE_51531_length_1172_cov_1.23456	gb_DQ390458_-_3095-3995_ARO:3002609_aadA9	97.059	68	2	0	82	149	68	1	3.76e-26	115
NODE_51531_length_1172_cov_1.23456	gb_L06157_+_554-1085_ARO:3002530_AAC(3)-Ib	100.000	57	0	0	93	149	57	1	2.26e-23	106
NODE_51531_length_1172_cov_1.23456	gb_FJ460181_+_1790-2582_ARO:3002617_aadA17	84.884	86	13	0	1	86	86	1	8.19e-18	87.9
NODE_56700_length_1076_cov_1.9569	gb_AP006618.1_+_4835199-4838688_ARO:3000501_Nocardia	75.294	1105	230	31	1	1076	243	1333	1.76e-138	488
NODE_63601_length_969_cov_1.5919	gb_KX000273.1_+_0-1740_ARO:3004036_tetB(60)	98.837	774	8	1	197	969	1740	967	0.0	1378
NODE_64454_length_959_cov_8.38164	gb_HM990671_+_5192-6671_ARO:3003112_lsaC	78.778	966	186	16	1	959	1449	496	0.0	630
NODE_69683_length_896_cov_1.42568	gb_M80346_+_0-1656_ARO:3002817_carA	100.000	28	0	0	820	847	1475	1502	2.27e-07	52.8
NODE_69822_length_895_cov_2.93095	gb_AF235050.4_+_38028-40140_ARO:3003318_Streptomyces	75.888	788	155	31	1	775	1677	912	5.51e-103	370
NODE_70549_length_887_cov_5.125	gb_AF472622_+_52-1018_ARO:3003003_CfxA3	100.000	51	0	0	1	51	916	966	3.68e-20	95.3
NODE_70549_length_887_cov_5.125	gb_AY769934_+_27-993_ARO:3003096_CfxA5	100.000	51	0	0	1	51	916	966	3.68e-20	95.3
NODE_70549_length_887_cov_5.125	gb_U38243_+_149-1115_ARO:3003001_CfxA	100.000	51	0	0	1	51	916	966	3.68e-20	95.3
NODE_70549_length_887_cov_5.125	gb_AY769933_+_0-966_ARO:3003005_CfxA4	100.000	51	0	0	1	51	916	966	3.68e-20	95.3
NODE_70549_length_887_cov_5.125	gb_AF118110.1_-_71-1037_ARO:3003002_CfxA2	100.000	51	0	0	1	51	916	966	3.68e-20	95.3
NODE_71636_length_875_cov_4.61341	gb_M37699_+_585-1752_ARO:3000205_tetX	99.840	624	1	0	1	624	544	1167	0.0	1147
NODE_71636_length_875_cov_4.61341	gb_M17124_+_1181-1982_ARO:3000498_ErmF	100.000	39	0	0	837	875	801	763	1.70e-13	73.1
NODE_80207_length_793_cov_2.96883	gb_AY055428.1_-_20268-21084_ARO:3000412_sul2	100.000	142	0	0	1	142	142	1	8.52e-71	263
NODE_82816_length_771_cov_12.3268	gb_HM990671_+_5192-6671_ARO:3003112_lsaC	86.445	391	53	0	381	771	1	391	7.71e-121	429
NODE_83377_length_766_cov_3.93108	gb_HM990671_+_5192-6671_ARO:3003112_lsaC	89.003	391	43	0	376	766	1	391	1.61e-137	484
NODE_92656_length_698_cov_4.12908	gb_AY768532_+_0-1935_ARO:3000535_macB	85.694	699	94	5	1	698	1111	1804	0.0	732
NODE_97214_length_669_cov_2.1759	gb_NC_004998.1_-_80976-81768_ARO:3002601_aadA	99.808	522	1	0	148	669	792	271	0.0	959
NODE_97214_length_669_cov_2.1759	gb_AM261837_+_73-865_ARO:3002619_aadA22	99.617	522	2	0	148	669	792	271	0.0	953
NODE_97214_length_669_cov_2.1759	gb_AJ809407_+_118-898_ARO:3002620_aadA23	99.617	522	2	0	148	669	780	259	0.0	953
NODE_97214_length_669_cov_2.1759	gb_DQ677333_+_0-780_ARO:3002621_aadA24	99.425	522	3	0	148	669	780	259	0.0	948
NODE_97214_length_669_cov_2.1759	gb_AY171244_+_46-838_ARO:3002618_aadA21	99.425	522	3	0	148	669	792	271	0.0	948
NODE_97214_length_669_cov_2.1759	gb_CP003022_+_336788-337580_ARO:3003197_aadA25	96.935	522	16	0	148	669	792	271	0.0	876
NODE_97214_length_669_cov_2.1759	gb_AY139603_+_106-898_ARO:3002608_aadA8	95.402	522	24	0	148	669	792	271	0.0	832
NODE_97214_length_669_cov_2.1759	gb_FJ381668_+_56-848_ARO:3002612_aadA12	95.000	520	26	0	150	669	790	271	0.0	817
NODE_97214_length_669_cov_2.1759	gb_DQ393783_+_1799-2591_ARO:3002615_aadA15	94.808	520	27	0	150	669	790	271	0.0	811
NODE_97214_length_669_cov_2.1759	gb_AF047479_+_1295-2087_ARO:3002603_aadA3	92.337	522	40	0	148	669	792	271	0.0	743
NODE_97214_length_669_cov_2.1759	gb_FJ460181_+_1790-2582_ARO:3002617_aadA17	92.115	520	41	0	150	669	790	271	0.0	734
NODE_97214_length_669_cov_2.1759	gb_AF156486_+_5012-5792_ARO:3002602_aadA2	90.769	520	48	0	150	669	778	259	0.0	695
NODE_97214_length_669_cov_2.1759	gb_NG_036525_+_633-1431_ARO:3002613_aadA13	89.981	529	52	1	141	669	798	271	0.0	682
NODE_97214_length_669_cov_2.1759	gb_AM087411_+_1611-2457_ARO:3002606_aadA6	79.496	556	105	7	101	648	846	292	4.07e-108	387
NODE_100705_length_649_cov_2.04377	gb_M37699_+_585-1752_ARO:3000205_tetX	99.675	615	2	0	35	649	1	615	0.0	1125
NODE_106130_length_621_cov_1.37986	gb_NC_014638.1_-_1610636-1613960_ARO:3003730_Bifidobacteria	72.527	273	63	12	87	353	1722	1988	2.57e-15	78.7
NODE_118694_length_565_cov_9.31765	gb_DQ212986_+_2258-2966_ARO:3002926_vanRG	96.875	32	1	0	400	431	281	312	3.93e-08	54.7
NODE_124999_length_540_cov_1.03711	gb_AY055428.1_-_20268-21084_ARO:3000412_sul2	100.000	540	0	0	1	540	714	175	0.0	998
NODE_132795_length_512_cov_3.78118	gb_AB219524.1_+_1176-4338_ARO:3003699_mexQ	92.683	41	3	0	70	110	2852	2812	7.63e-10	60.2
NODE_132795_length_512_cov_3.78118	gb_NC_002516_+_2810008-2813197_ARO:3000804_MexF	97.059	34	1	0	66	99	2883	2850	2.74e-09	58.4
NODE_132795_length_512_cov_3.78118	gb_AJ252200_+_1278-4401_ARO:3003056_smeE	97.059	34	1	0	66	99	2856	2823	2.74e-09	58.4
NODE_139981_length_488_cov_7.56582	gb_HM990671_+_5192-6671_ARO:3003112_lsaC	89.130	138	15	0	351	488	1479	1342	8.94e-44	172
NODE_151681_length_456_cov_4.19451	gb_AY768531_+_0-1179_ARO:3000533_macA	84.835	455	67	2	1	454	694	241	2.05e-129	457
NODE_152562_length_454_cov_10.3409	gb_HM990671_+_5192-6671_ARO:3003112_lsaC	90.875	263	24	0	192	454	1479	1217	2.76e-98	353
NODE_159685_length_436_cov_1.26509	gb_EU434751_+_658-2578_ARO:3000194_tetW	100.000	436	0	0	1	436	252	687	0.0	806
NODE_159685_length_436_cov_1.26509	gb_KU736867.1_+_19653-21573_ARO:3004442_tet(W/N/W)	99.312	436	3	0	1	436	252	687	0.0	789
NODE_161183_length_433_cov_1.12698	gb_NC_017452.1_-_1144673-1146068_ARO:3003953_hmrM	91.455	433	37	0	1	433	1323	891	3.95e-171	595
NODE_166904_length_420_cov_1.21096	gb_JF969163_+_1053-1893_ARO:3000410_sul1	100.000	158	0	0	1	158	683	840	5.62e-80	292
NODE_173833_length_406_cov_3.22792	gb_AY768532_+_0-1935_ARO:3000535_macB	81.522	276	51	0	113	388	1441	1716	1.55e-60	228
NODE_179071_length_396_cov_3.24927	gb_AY768532_+_0-1935_ARO:3000535_macB	84.925	398	57	3	1	396	645	1041	3.02e-112	399
NODE_187041_length_382_cov_7.72171	gb_NC_003098.1_-_1359228-1360395_ARO:3000025_patB	83.770	382	58	3	3	382	589	968	4.94e-100	359
NODE_192906_length_372_cov_1.87066	gb_KX000273.1_+_0-1740_ARO:3004036_tetB(60)	97.312	372	10	0	1	372	952	581	0.0	632
NODE_205333_length_354_cov_8.69565	gb_NC_003098.1_-_1359228-1360395_ARO:3000025_patB	85.028	354	49	4	3	354	595	946	1.65e-99	357
NODE_211215_length_346_cov_1.14089	gb_M80346_+_0-1656_ARO:3002817_carA	94.444	36	0	2	251	285	1195	1161	2.36e-08	54.7
NODE_212036_length_345_cov_1.47241	gb_NC_017452.1_-_1144673-1146068_ARO:3003953_hmrM	93.333	345	23	0	1	345	763	419	1.16e-145	510
NODE_212525_length_344_cov_1.3737	gb_AF235050.4_+_38028-40140_ARO:3003318_Streptomyces	92.727	55	4	0	29	83	130	76	3.87e-16	80.5
NODE_220365_length_334_cov_1.08602	gb_NC_014638.1_-_1610636-1613960_ARO:3003730_Bifidobacteria	82.424	165	29	0	139	303	3067	3231	1.31e-35	145
NODE_225261_length_328_cov_1.43956	gb_U00096.3_-_3203309-3204131_ARO:3002986_bacA	89.091	55	4	2	146	199	46	99	2.86e-12	67.6
NODE_229102_length_324_cov_1.18216	gb_NC_000913.3_+_3219493-3220873_ARO:3000024_patA	83.146	89	15	0	159	247	776	864	1.01e-16	82.4
NODE_238233_length_314_cov_5.11197	gb_AY768531_+_0-1179_ARO:3000533_macA	82.748	313	52	2	3	314	235	546	1.16e-75	278
NODE_241551_length_310_cov_1.31373	gb_AF313472_+_15593-16397_ARO:3002639_APH(3'')-Ib	100.000	310	0	0	1	310	333	24	1.30e-164	573
NODE_256052_length_296_cov_1.34025	gb_X63451_+_0-1653_ARO:3002828_srmB	78.448	116	19	6	34	146	1465	1577	1.98e-13	71.3
NODE_258164_length_294_cov_1.05439	gb_HQ652506.1_+_2099-3836_ARO:3004033_tetB(46)	96.259	294	11	0	1	294	137	430	2.13e-137	483
NODE_269979_length_284_cov_0.786026	gb_HQ652506.1_+_373-2098_ARO:3004032_tetA(46)	96.196	184	7	0	101	284	1	184	6.18e-83	302
NODE_275366_length_280_cov_1.67111	gb_KX000272.1_+_0-1740_ARO:3004035_tetA(60)	87.956	274	32	1	6	279	524	252	4.67e-89	322
NODE_277218_length_279_cov_3.30357	gb_HM990671_+_5192-6671_ARO:3003112_lsaC	94.624	279	15	0	1	279	861	583	2.06e-122	433
NODE_277837_length_278_cov_0.717489	gb_AF024602_+_3155-3992_ARO:3002660_APH(6)-Id	100.000	278	0	0	1	278	348	71	7.13e-147	514
NODE_279570_length_277_cov_1.0991	gb_EU434751_+_658-2578_ARO:3000194_tetW	100.000	277	0	0	1	277	1614	1338	2.55e-146	512
NODE_279570_length_277_cov_1.0991	gb_KU736867.1_+_19653-21573_ARO:3004442_tet(W/N/W)	98.917	277	3	0	1	277	1614	1338	2.57e-141	496
NODE_282508_length_275_cov_2.61364	gb_AF235050.4_+_38028-40140_ARO:3003318_Streptomyces	86.154	65	9	0	167	231	1897	1961	1.83e-13	71.3
NODE_286860_length_271_cov_1.86111	gb_NC_017452.1_-_1144673-1146068_ARO:3003953_hmrM	94.096	271	16	0	1	271	274	544	2.60e-116	412
NODE_300415_length_262_cov_1.15459	gb_NC_003098.1_+_866210-867410_ARO:3000822_pmrA	95.567	203	9	0	59	261	1	203	3.36e-90	326
NODE_321877_length_249_cov_1.56701	gb_AY768532_+_0-1935_ARO:3000535_macB	83.412	211	33	2	3	212	1600	1809	9.36e-51	195
NODE_323697_length_248_cov_0.632124	gb_AF024666.2_-_2207-2969_ARO:3000596_ErmX	99.194	248	2	0	1	248	320	567	6.48e-127	448
NODE_326281_length_247_cov_4.11458	gb_AY768532_+_0-1935_ARO:3000535_macB	87.449	247	31	0	1	247	256	502	5.35e-78	285
NODE_331649_length_244_cov_1.49206	gb_AP006618.1_+_4835199-4838688_ARO:3000501_Nocardia	88.934	244	25	2	2	244	3290	3048	1.89e-82	300
NODE_343674_length_238_cov_0.934426	gb_NC_003098.1_+_866210-867410_ARO:3000822_pmrA	94.608	204	11	0	1	204	888	1091	1.82e-87	316
NODE_361136_length_230_cov_1.19429	gb_NC_000913.3_-_481253-484403_ARO:3000216_acrB	84.483	58	7	2	10	66	1519	1575	4.23e-09	56.5
NODE_386250_length_219_cov_1.11585	gb_AF235050.4_+_38028-40140_ARO:3003318_Streptomyces	81.944	216	39	0	1	216	283	68	1.76e-47	183
NODE_407011_length_211_cov_1.28846	gb_JF969163_+_1053-1893_ARO:3000410_sul1	100.000	211	0	0	1	211	467	677	9.28e-110	390
NODE_430502_length_158_cov_21.4272	gb_HM990671_+_5192-6671_ARO:3003112_lsaC	94.937	158	8	0	1	158	337	494	4.31e-67	248
NODE_441900_length_109_cov_141.463	gb_M17124_+_1181-1982_ARO:3000498_ErmF	100.000	39	0	0	71	109	801	763	1.80e-14	73.1
