NODE_14_length_90878_cov_32.8857	gb_HQ652506.1_+_373-2098_ARO:3004032_tetA(46)	87.942	1725	208	0	75260	76984	1	1725	0.0	2034
NODE_14_length_90878_cov_32.8857	gb_HQ652506.1_+_2099-3836_ARO:3004033_tetB(46)	87.047	1737	225	0	76986	78722	1	1737	0.0	1962
NODE_117_length_14941_cov_54.0061	gb_M18896.2_+_206-2126_ARO:3000190_tetO	99.792	1920	4	0	880	2799	1	1920	0.0	3524
NODE_117_length_14941_cov_54.0061	gb_AJ295238.3_+_163-2083_ARO:3000196_tet32	94.465	831	46	0	1969	2799	1090	1920	0.0	1280
NODE_117_length_14941_cov_54.0061	gb_AJ295238.3_+_163-2083_ARO:3000196_tet32	91.919	396	32	0	880	1275	1	396	2.42e-157	555
NODE_196_length_10430_cov_61.9228	gb_AM180355_+_600033-601953_ARO:3000186_tetM	92.083	1920	152	0	8335	10254	1	1920	0.0	2704
NODE_196_length_10430_cov_61.9228	gb_L09756_+_0-1926_ARO:3000192_tetS	78.775	1927	392	15	8336	10253	2	1920	0.0	1277
NODE_243_length_9102_cov_6.20172	gb_NC_017452.1_-_1144673-1146068_ARO:3003953_hmrM	91.326	1395	121	0	718	2112	1395	1	0.0	1906
NODE_435_length_6338_cov_9.53525	gb_HG970100.1_+_0-1457_ARO:3003948_efrA	100.000	28	0	0	2134	2161	1229	1202	1.64e-06	52.8
NODE_525_length_5808_cov_3.89484	gb_AY768532_+_0-1935_ARO:3000535_macB	81.379	1944	343	17	501	2436	1	1933	0.0	1567
NODE_578_length_5472_cov_85.2396	gb_NC_003098.1_-_1359228-1360395_ARO:3000025_patB	92.851	1161	83	0	1456	2616	1	1161	0.0	1685
NODE_621_length_5223_cov_12.7283	gb_AF242872_+_2131-2878_ARO:3000375_ErmB	99.063	747	6	1	3951	4696	747	1	0.0	1339
NODE_764_length_4647_cov_103.47	gb_NC_012469.1_-_1800927-1802391_ARO:3000616_mel	100.000	1464	0	0	1605	3068	1464	1	0.0	2704
NODE_764_length_4647_cov_103.47	gb_NC_023287.1_-_65291-66509_ARO:3000615_mefA	96.962	1218	37	0	3188	4405	1218	1	0.0	2045
NODE_1044_length_3898_cov_73.676	gb_CP007593.1_+_2148923-2149772_ARO:3001301_RlmA(II)	88.731	843	95	0	2324	3166	1	843	0.0	1031
NODE_1186_length_3590_cov_3.08967	gb_NC_003098_+_953382-954594_ARO:3000614_mefE	89.583	48	5	0	1941	1988	49	96	1.54e-09	62.1
NODE_1219_length_3517_cov_2.87291	gb_NC_002134.1_+_41537-42743_ARO:3000165_tet(A)	99.917	1206	1	0	97	1302	1206	1	0.0	2222
NODE_1219_length_3517_cov_2.87291	gb_AB089595_+_0-1206_ARO:3000166_tet(B)	99.751	1206	3	0	97	1302	1206	1	0.0	2211
NODE_1243_length_3486_cov_5.59953	gb_EU434751_+_658-2578_ARO:3000194_tetW	99.102	1671	15	0	1	1671	1671	1	0.0	3003
NODE_1243_length_3486_cov_5.59953	gb_KU736867.1_+_19653-21573_ARO:3004442_tet(W/N/W)	96.888	1671	52	0	1	1671	1671	1	0.0	2798
NODE_2633_length_2314_cov_60.6786	gb_AM180355_+_600033-601953_ARO:3000186_tetM	92.083	1920	152	0	125	2044	1920	1	0.0	2704
NODE_2633_length_2314_cov_60.6786	gb_L09756_+_0-1926_ARO:3000192_tetS	78.775	1927	392	15	126	2043	1920	2	0.0	1277
NODE_2636_length_2312_cov_24.1892	gb_NC_003098.1_+_866210-867410_ARO:3000822_pmrA	92.857	1120	80	0	1193	2312	1	1120	0.0	1626
NODE_2640_length_2312_cov_27.0722	gb_NC_003098.1_+_866210-867410_ARO:3000822_pmrA	92.232	1120	87	0	1193	2312	1	1120	0.0	1587
NODE_3593_length_1899_cov_49.2131	gb_NC_003098.1_-_1359228-1360395_ARO:3000025_patB	94.157	445	26	0	1455	1899	1	445	0.0	678
NODE_3672_length_1869_cov_2.41345	gb_L11616_+_1569-4710_ARO:3000378_MexB	91.111	45	4	0	1782	1826	550	594	7.97e-10	62.1
NODE_3692_length_1865_cov_2.54807	gb_X63451_+_0-1653_ARO:3002828_srmB	78.448	116	19	6	68	180	1577	1465	1.32e-12	71.3
NODE_3743_length_1846_cov_3.92853	gb_NC_003112.2_-_1791966-1795170_ARO:3000811_mtrD	82.573	987	158	10	866	1845	3176	2197	0.0	857
NODE_4088_length_1748_cov_77.6214	gb_NC_003098.1_-_1359228-1360395_ARO:3000025_patB	96.324	136	5	0	2	137	136	1	8.98e-59	224
NODE_4890_length_1548_cov_1.73074	gb_M80346_+_0-1656_ARO:3002817_carA	100.000	36	0	0	1005	1040	1502	1467	1.42e-11	67.6
NODE_4919_length_1544_cov_68.2928	gb_NC_003098.1_+_866210-867410_ARO:3000822_pmrA	87.342	79	10	0	1466	1544	1042	1120	8.38e-19	91.6
NODE_5597_length_1412_cov_88.0936	gb_NC_003098.1_-_1359228-1360395_ARO:3000025_patB	92.218	771	60	0	642	1412	1161	391	0.0	1092
NODE_6484_length_1274_cov_2.36669	gb_AB015853_+_1330-4471_ARO:3003033_mexY	81.368	585	98	10	323	903	1550	973	9.80e-132	466
NODE_6484_length_1274_cov_2.36669	gb_AFRQ01000061.1_-_23986-27124_ARO:3004144_AxyY	79.692	650	119	12	301	945	1572	931	5.90e-129	457
NODE_6484_length_1274_cov_2.36669	gb_U57969_+_1485-4617_ARO:3000801_MexD	76.603	624	127	18	319	934	1563	951	1.74e-89	326
NODE_7996_length_1097_cov_38.6718	gb_CP007593.1_+_2148923-2149772_ARO:3001301_RlmA(II)	91.727	822	66	2	1	821	821	1	0.0	1140
NODE_8434_length_1059_cov_2.41036	gb_NC_002516.2_-_2850882-2854014_ARO:3004074_MuxB	73.286	977	224	31	102	1058	1863	904	5.17e-89	324
NODE_9397_length_984_cov_14.5436	gb_CP007593.1_+_2148923-2149772_ARO:3001301_RlmA(II)	92.235	425	33	0	560	984	849	425	5.50e-173	603
NODE_9469_length_978_cov_2.7454	gb_HG970100.1_+_0-1457_ARO:3003948_efrA	100.000	31	0	0	300	330	1232	1202	5.34e-09	58.4
NODE_9794_length_955_cov_1.93222	gb_AF024666.2_-_2207-2969_ARO:3000596_ErmX	99.274	551	4	0	405	955	1	551	0.0	996
NODE_9879_length_950_cov_2.3419	gb_AF235050.4_+_38028-40140_ARO:3003318_Streptomyces	85.294	68	4	4	202	266	1897	1961	3.10e-11	65.8
NODE_9934_length_947_cov_2.05045	gb_BX664015.1_-_204137-204554_ARO:3000168_tet(D)	100.000	417	0	0	399	815	1	417	0.0	771
NODE_11693_length_842_cov_1.80559	gb_DQ516954_+_0-1716_ARO:3002881_lmrC	100.000	842	0	0	1	842	1027	186	0.0	1555
NODE_12181_length_818_cov_2.98296	gb_AP006618.1_+_4835199-4838688_ARO:3000501_Nocardia	74.658	438	82	22	1	428	1295	877	7.10e-42	167
NODE_13937_length_744_cov_32.6836	gb_CP007593.1_+_2148923-2149772_ARO:3001301_RlmA(II)	95.833	72	3	0	6	77	772	843	6.57e-27	117
NODE_13994_length_742_cov_2.62591	gb_NC_003098.1_-_1359228-1360395_ARO:3000025_patB	83.673	441	72	0	1	441	441	1	5.77e-117	416
NODE_15482_length_691_cov_1.85849	gb_NC_014638.1_-_1610636-1613960_ARO:3003730_Bifidobacteria	77.495	511	111	4	100	608	2148	1640	4.36e-83	303
NODE_15631_length_686_cov_1.35182	gb_DQ516970_+_0-1987_ARO:3002882_lmrD	97.668	686	16	0	1	686	1169	484	0.0	1179
NODE_19658_length_588_cov_76.5253	gb_NC_003098.1_+_866210-867410_ARO:3000822_pmrA	97.037	135	4	0	1	135	1066	1200	2.28e-60	228
NODE_19963_length_582_cov_1.95066	gb_NC_003098.1_-_1359228-1360395_ARO:3000025_patB	84.058	552	80	7	32	579	1109	562	7.15e-150	525
NODE_20087_length_579_cov_0.885496	gb_X95635_+_259-1663_ARO:3000812_mtrE	77.931	580	120	7	1	576	807	1382	9.88e-99	355
NODE_20257_length_576_cov_1.89443	gb_CP007593.1_+_2148923-2149772_ARO:3001301_RlmA(II)	85.949	548	73	4	9	554	843	298	4.14e-167	582
NODE_21330_length_556_cov_2.20958	gb_X63451_+_0-1653_ARO:3002828_srmB	97.222	36	1	0	62	97	1465	1500	2.31e-10	62.1
NODE_26640_length_476_cov_2.38955	gb_AF024666.2_-_2207-2969_ARO:3000596_ErmX	97.802	91	2	0	3	93	672	762	2.44e-39	158
NODE_27575_length_464_cov_2.15892	gb_DQ516970_+_0-1987_ARO:3002882_lmrD	98.491	464	7	0	1	464	1640	1177	0.0	819
NODE_27836_length_461_cov_2.52956	gb_AF173226_+_3767-6917_ARO:3003052_smeB	78.037	214	41	3	251	461	2629	2839	5.14e-31	130
NODE_29230_length_446_cov_4.69565	gb_EU434751_+_658-2578_ARO:3000194_tetW	97.826	322	7	0	1	322	1599	1920	1.92e-159	556
NODE_29230_length_446_cov_4.69565	gb_KU736867.1_+_19653-21573_ARO:3004442_tet(W/N/W)	91.720	314	24	2	1	313	1599	1911	9.39e-123	435
NODE_31012_length_427_cov_1.90323	gb_DQ516970_+_0-1987_ARO:3002882_lmrD	91.101	427	38	0	1	427	1491	1917	3.92e-166	579
NODE_31911_length_419_cov_0.986264	gb_DQ516970_+_0-1987_ARO:3002882_lmrD	88.250	400	45	2	21	419	1	399	1.44e-135	477
NODE_33114_length_409_cov_1.29661	gb_AB091338_+_173-1355_ARO:3003551_emeA	76.596	376	79	7	36	407	7	377	1.22e-51	198
NODE_39003_length_366_cov_1.04823	gb_AY768532_+_0-1935_ARO:3000535_macB	86.885	366	45	2	1	366	1556	1194	1.67e-114	407
NODE_39545_length_363_cov_14.026	gb_NC_003098.1_-_1359228-1360395_ARO:3000025_patB	93.113	363	25	0	1	363	445	83	2.62e-152	532
NODE_39980_length_360_cov_1.68852	gb_AP006618.1_+_4835199-4838688_ARO:3000501_Nocardia	84.483	116	14	2	2	115	3099	2986	1.44e-25	111
NODE_41284_length_352_cov_1.40741	gb_KX000273.1_+_0-1740_ARO:3004036_tetB(60)	91.931	347	28	0	4	350	1721	1375	2.00e-138	486
NODE_45698_length_329_cov_0.733577	gb_KX000272.1_+_0-1740_ARO:3004035_tetA(60)	88.754	329	37	0	1	329	1086	1414	1.93e-113	403
NODE_45704_length_329_cov_1.42336	gb_AF472622_+_52-1018_ARO:3003003_CfxA3	100.000	231	0	0	1	231	736	966	1.14e-120	427
NODE_45704_length_329_cov_1.42336	gb_AY769933_+_0-966_ARO:3003005_CfxA4	99.567	231	1	0	1	231	736	966	5.32e-119	422
NODE_45704_length_329_cov_1.42336	gb_AF118110.1_-_71-1037_ARO:3003002_CfxA2	99.567	231	1	0	1	231	736	966	5.32e-119	422
NODE_45704_length_329_cov_1.42336	gb_AY769934_+_27-993_ARO:3003096_CfxA5	99.134	231	2	0	1	231	736	966	2.48e-117	416
NODE_45704_length_329_cov_1.42336	gb_U38243_+_149-1115_ARO:3003001_CfxA	99.134	231	2	0	1	231	736	966	2.48e-117	416
NODE_45704_length_329_cov_1.42336	gb_GQ342996_+_797-1793_ARO:3003097_CfxA6	91.189	227	17	3	1	226	769	993	5.59e-84	305
NODE_47080_length_323_cov_1.75373	gb_KC539823_+_1017-2586_ARO:3002829_vgaA	100.000	28	0	0	159	186	1223	1250	7.89e-08	52.8
NODE_47080_length_323_cov_1.75373	gb_DQ823382_+_0-1569_ARO:3002830_vgaALC	100.000	28	0	0	159	186	1223	1250	7.89e-08	52.8
NODE_49357_length_313_cov_0.852713	gb_Z21523_+_0-1974_ARO:3000191_tetQ	89.068	311	34	0	1	311	1200	890	1.84e-108	387
NODE_53988_length_295_cov_1.57083	gb_M17124_+_1181-1982_ARO:3000498_ErmF	99.324	296	1	1	1	295	429	724	5.83e-153	534
NODE_54167_length_295_cov_1.4875	gb_Z21523_+_0-1974_ARO:3000191_tetQ	88.028	284	34	0	3	286	454	737	1.77e-93	337
NODE_54469_length_294_cov_0.966527	gb_AY768531_+_0-1179_ARO:3000533_macA	89.041	292	32	0	3	294	479	770	2.90e-101	363
NODE_54913_length_292_cov_1.09705	gb_M17124_+_1181-1982_ARO:3000498_ErmF	99.658	292	1	0	1	292	444	153	5.77e-153	534
NODE_56646_length_287_cov_1.37931	gb_U00096_+_2812615-2814154_ARO:3000074_emrB	84.884	86	12	1	1	86	1116	1200	6.85e-18	86.1
NODE_57488_length_284_cov_1.04803	gb_DQ516954_+_0-1716_ARO:3002881_lmrC	92.181	243	19	0	40	282	1	243	1.01e-95	344
NODE_57554_length_284_cov_0.676856	gb_Z21523_+_0-1974_ARO:3000191_tetQ	92.958	284	20	0	1	284	967	684	7.61e-117	414
NODE_58023_length_282_cov_1.3304	gb_CP001050.1_+_1332866-1333499_ARO:3000817_mtrR	86.861	137	18	0	145	281	1	137	1.82e-38	154
NODE_66951_length_259_cov_1.14706	gb_HM990671_+_5192-6671_ARO:3003112_lsaC	100.000	259	0	0	1	259	1296	1038	2.41e-136	479
NODE_68924_length_254_cov_1.16583	gb_Z21523_+_0-1974_ARO:3000191_tetQ	96.457	254	9	0	1	254	1392	1645	1.45e-118	420
NODE_70931_length_250_cov_1.82051	gb_HQ652506.1_+_2099-3836_ARO:3004033_tetB(46)	80.952	252	40	7	1	248	1446	1199	3.38e-50	193
NODE_71934_length_248_cov_1.41969	gb_DQ516954_+_0-1716_ARO:3002881_lmrC	88.843	242	27	0	1	242	1124	1365	6.91e-82	298
NODE_83661_length_228_cov_1.27746	gb_AY768532_+_0-1935_ARO:3000535_macB	86.547	223	30	0	1	223	417	195	2.31e-66	246
NODE_84120_length_227_cov_0.959302	gb_DQ516954_+_0-1716_ARO:3002881_lmrC	99.559	227	1	0	1	227	1058	1284	5.97e-117	414
NODE_89016_length_220_cov_1.67273	gb_AB091338_+_173-1355_ARO:3003551_emeA	80.882	204	37	2	13	215	299	97	2.98e-40	159
NODE_96399_length_211_cov_2.33333	gb_HQ652506.1_+_373-2098_ARO:3004032_tetA(46)	100.000	211	0	0	1	211	477	267	9.28e-110	390
NODE_97134_length_210_cov_0.83871	gb_HM990671_+_5192-6671_ARO:3003112_lsaC	92.381	210	16	0	1	210	496	705	1.60e-82	300
NODE_100721_length_206_cov_1.01987	gb_NC_014638.1_-_1610636-1613960_ARO:3003730_Bifidobacteria	82.540	126	22	0	1	126	3081	3206	7.88e-26	111
NODE_103897_length_58_cov_4.66667	gb_CP007593.1_+_2148923-2149772_ARO:3001301_RlmA(II)	98.113	53	1	0	6	58	772	824	6.15e-21	93.5
