NODE_32_length_58828_cov_9.69363	gb_M17124_+_1181-1982_ARO:3000498_ErmF	99.750	801	2	0	39689	40489	1	801	0.0	1469
NODE_32_length_58828_cov_9.69363	gb_AF319779.2_+_32-833_ARO:3000604_Erm(35)	78.643	796	166	3	39689	40482	1	794	7.46e-148	525
NODE_196_length_15763_cov_26.1523	gb_NC_003098.1_-_1359228-1360395_ARO:3000025_patB	91.645	1161	97	0	3232	4392	1161	1	0.0	1607
NODE_280_length_12154_cov_11.1158	gb_NC_017452.1_-_1144673-1146068_ARO:3003953_hmrM	90.323	1395	135	0	2224	3618	1	1395	0.0	1829
NODE_422_length_9366_cov_4.85598	gb_NC_003098.1_-_1359228-1360395_ARO:3000025_patB	82.927	287	49	0	4	290	287	1	1.33e-68	259
NODE_616_length_7418_cov_52.2564	gb_AM180355_+_600033-601953_ARO:3000186_tetM	90.833	1920	176	0	2469	4388	1920	1	0.0	2571
NODE_616_length_7418_cov_52.2564	gb_L09756_+_0-1926_ARO:3000192_tetS	78.579	1928	394	17	2470	4387	1920	2	0.0	1254
NODE_944_length_5511_cov_43.2374	gb_NC_012469.1_-_1800927-1802391_ARO:3000616_mel	100.000	1464	0	0	1605	3068	1464	1	0.0	2704
NODE_944_length_5511_cov_43.2374	gb_NC_023287.1_-_65291-66509_ARO:3000615_mefA	96.962	1218	37	0	3188	4405	1218	1	0.0	2045
NODE_1054_length_5100_cov_2.79088	gb_AY768532_+_0-1935_ARO:3000535_macB	86.869	1942	241	11	1282	3216	1935	1	0.0	2161
NODE_1054_length_5100_cov_2.79088	gb_AY768531_+_0-1179_ARO:3000533_macA	90.043	1155	112	1	3310	4461	1155	1	0.0	1493
NODE_1339_length_4258_cov_2.52724	gb_NC_003112.2_+_330790-332317_ARO:3003962_farB	95.083	1505	74	0	1743	3247	1505	1	0.0	2370
NODE_1339_length_4258_cov_2.52724	gb_NC_003112.2_+_329612-330767_ARO:3003961_farA	90.234	983	96	0	3276	4258	1150	168	0.0	1284
NODE_2147_length_2880_cov_21.0294	gb_NC_003098.1_+_866210-867410_ARO:3000822_pmrA	94.833	1200	62	0	1475	2674	1	1200	0.0	1873
NODE_2765_length_2303_cov_2.25712	gb_CP001050.1_+_1332866-1333499_ARO:3000817_mtrR	89.465	636	64	1	517	1152	1	633	0.0	800
NODE_2765_length_2303_cov_2.25712	gb_NC_003112.2_-_1795181-1796420_ARO:3000810_mtrC	90.637	267	23	2	1	266	266	1	1.45e-97	353
NODE_3019_length_2106_cov_3.17016	gb_NC_003112.2_-_1791966-1795170_ARO:3000811_mtrD	90.862	1937	177	0	1	1937	1937	1	0.0	2597
NODE_3019_length_2106_cov_3.17016	gb_NC_003112.2_-_1795181-1796420_ARO:3000810_mtrC	89.873	158	16	0	1949	2106	1239	1082	1.41e-52	204
NODE_3240_length_1991_cov_1.78099	gb_NC_003112.2_-_1791966-1795170_ARO:3000811_mtrD	86.785	1188	143	11	811	1991	3204	2024	0.0	1312
NODE_3240_length_1991_cov_1.78099	gb_X95635_+_259-1663_ARO:3000812_mtrE	92.573	754	54	2	6	758	753	1	0.0	1081
NODE_4408_length_1496_cov_35.6613	gb_CP007593.1_+_2148923-2149772_ARO:3001301_RlmA(II)	91.061	839	73	2	652	1489	838	1	0.0	1133
NODE_5997_length_1145_cov_18.7642	gb_AF118110.1_-_71-1037_ARO:3003002_CfxA2	100.000	966	0	0	87	1052	1	966	0.0	1784
NODE_5997_length_1145_cov_18.7642	gb_AF472622_+_52-1018_ARO:3003003_CfxA3	99.896	966	1	0	87	1052	1	966	0.0	1779
NODE_5997_length_1145_cov_18.7642	gb_AY769934_+_27-993_ARO:3003096_CfxA5	99.896	966	1	0	87	1052	1	966	0.0	1779
NODE_5997_length_1145_cov_18.7642	gb_U38243_+_149-1115_ARO:3003001_CfxA	99.896	966	1	0	87	1052	1	966	0.0	1779
NODE_5997_length_1145_cov_18.7642	gb_AY769933_+_0-966_ARO:3003005_CfxA4	99.896	966	1	0	87	1052	1	966	0.0	1779
NODE_5997_length_1145_cov_18.7642	gb_GQ342996_+_797-1793_ARO:3003097_CfxA6	89.234	966	101	3	83	1047	30	993	0.0	1205
NODE_6095_length_1129_cov_3.10521	gb_NC_003112.2_+_329612-330767_ARO:3003961_farA	90.580	138	13	0	1	138	178	41	9.78e-47	183
NODE_6364_length_1087_cov_2.01357	gb_NC_003112.2_-_1791966-1795170_ARO:3000811_mtrD	85.832	487	69	0	601	1087	3176	2690	2.27e-147	518
NODE_7624_length_930_cov_2.63429	gb_CP007593.1_+_2148923-2149772_ARO:3001301_RlmA(II)	92.558	215	16	0	716	930	849	635	1.27e-84	309
NODE_8461_length_850_cov_2.26415	gb_CP007593.1_+_2148923-2149772_ARO:3001301_RlmA(II)	90.741	162	15	0	689	850	849	688	7.21e-57	217
NODE_10287_length_724_cov_1.61286	gb_AY768532_+_0-1935_ARO:3000535_macB	86.621	725	95	2	1	724	1012	289	0.0	800
NODE_12985_length_603_cov_3.97628	gb_NC_003098.1_-_1359228-1360395_ARO:3000025_patB	83.582	603	95	3	3	603	364	964	5.66e-161	562
NODE_13376_length_590_cov_1.60935	gb_NC_003098.1_+_866210-867410_ARO:3000822_pmrA	91.341	589	51	0	1	589	709	121	0.0	806
NODE_14879_length_543_cov_2.4877	gb_NC_003098.1_+_866210-867410_ARO:3000822_pmrA	95.522	201	9	0	343	543	1	201	9.37e-89	322
NODE_15107_length_537_cov_4.61618	gb_CP007593.1_+_2148923-2149772_ARO:3001301_RlmA(II)	87.151	537	69	0	1	537	838	302	1.77e-175	610
NODE_15117_length_537_cov_2.98755	gb_CP007593.1_+_2148923-2149772_ARO:3001301_RlmA(II)	86.406	537	73	0	1	537	838	302	8.27e-169	588
NODE_18065_length_467_cov_1.65049	gb_AJ295238.3_+_163-2083_ARO:3000196_tet32	100.000	54	0	0	414	467	854	907	4.08e-22	100
NODE_18300_length_462_cov_2.37346	gb_NC_003098.1_-_1359228-1360395_ARO:3000025_patB	92.641	462	34	0	1	462	140	601	0.0	665
NODE_20798_length_420_cov_1.26849	gb_AY768531_+_0-1179_ARO:3000533_macA	85.330	409	60	0	1	409	694	286	1.91e-119	424
NODE_22479_length_397_cov_6.00292	gb_CP007593.1_+_2148923-2149772_ARO:3001301_RlmA(II)	82.123	358	60	4	1	356	356	1	2.45e-83	303
NODE_23515_length_384_cov_59.617	gb_CP007593.1_+_2148923-2149772_ARO:3001301_RlmA(II)	97.917	48	1	0	1	48	48	1	3.35e-17	84.2
NODE_23912_length_379_cov_1.47531	gb_NC_003112.2_-_1795181-1796420_ARO:3000810_mtrC	84.881	377	57	0	1	377	235	611	1.05e-106	381
NODE_24933_length_367_cov_0.785256	gb_Z21523_+_0-1974_ARO:3000191_tetQ	100.000	367	0	0	1	367	1347	1713	0.0	678
NODE_25184_length_365_cov_1.39355	gb_AF242872_+_2131-2878_ARO:3000375_ErmB	100.000	129	0	0	1	129	143	15	6.42e-64	239
NODE_26061_length_356_cov_1.27243	gb_KX000273.1_+_0-1740_ARO:3004036_tetB(60)	87.464	351	44	0	6	356	238	588	5.83e-114	405
NODE_30818_length_316_cov_1.01149	gb_AF024602_+_3155-3992_ARO:3002660_APH(6)-Id	98.864	88	1	0	229	316	837	750	1.59e-39	158
NODE_32209_length_307_cov_1.22619	gb_AF242872_+_2131-2878_ARO:3000375_ErmB	99.574	235	0	1	1	234	513	747	1.06e-120	427
NODE_32780_length_304_cov_2.40562	gb_NC_003098.1_+_866210-867410_ARO:3000822_pmrA	94.079	304	18	0	1	304	572	269	2.88e-131	462
NODE_33736_length_298_cov_1.39506	gb_CP007593.1_+_2148923-2149772_ARO:3001301_RlmA(II)	90.152	264	26	0	35	298	841	578	1.07e-95	344
NODE_34945_length_291_cov_1.25847	gb_Z21523_+_0-1974_ARO:3000191_tetQ	99.313	291	2	0	1	291	1348	1058	9.62e-151	527
NODE_35053_length_291_cov_3.0339	gb_CP007593.1_+_2148923-2149772_ARO:3001301_RlmA(II)	90.000	290	29	0	1	290	61	350	3.69e-105	375
NODE_36881_length_281_cov_1.61504	gb_AY768532_+_0-1935_ARO:3000535_macB	93.197	147	10	0	1	147	147	1	2.28e-57	217
NODE_37469_length_279_cov_1.98661	gb_NC_003098.1_+_866210-867410_ARO:3000822_pmrA	90.681	279	26	0	1	279	240	518	4.56e-104	372
NODE_38766_length_273_cov_3.16514	gb_HG970100.1_+_0-1457_ARO:3003948_efrA	100.000	28	0	0	97	124	1229	1202	6.59e-08	52.8
NODE_41257_length_262_cov_1.12077	gb_Z21523_+_0-1974_ARO:3000191_tetQ	98.507	67	1	0	196	262	1	67	6.13e-28	119
NODE_44317_length_250_cov_1.58974	gb_X95635_+_259-1663_ARO:3000812_mtrE	95.200	250	12	0	1	250	791	1040	2.40e-111	396
NODE_48430_length_237_cov_1.21429	gb_KX000273.1_+_0-1740_ARO:3004036_tetB(60)	86.441	236	32	0	2	237	1277	1042	3.10e-70	259
NODE_48689_length_237_cov_0.791209	gb_CP007593.1_+_2148923-2149772_ARO:3001301_RlmA(II)	88.018	217	24	2	22	237	849	634	4.01e-69	255
NODE_49341_length_235_cov_2.18333	gb_NC_003112.2_-_1795181-1796420_ARO:3000810_mtrC	96.596	235	8	0	1	235	493	727	1.04e-109	390
NODE_53619_length_224_cov_0.751479	gb_KX000272.1_+_0-1740_ARO:3004035_tetA(60)	88.688	221	25	0	1	221	658	438	1.35e-73	270
NODE_54271_length_222_cov_1.34731	gb_KX000273.1_+_0-1740_ARO:3004036_tetB(60)	90.541	222	21	0	1	222	1645	1424	7.91e-81	294
NODE_56310_length_217_cov_0.820988	gb_KX000273.1_+_0-1740_ARO:3004036_tetB(60)	100.000	217	0	0	1	217	1386	1602	4.42e-113	401
NODE_59962_length_210_cov_1.16129	gb_CP007593.1_+_2148923-2149772_ARO:3001301_RlmA(II)	92.216	167	13	0	1	167	361	527	1.27e-63	237
NODE_60236_length_209_cov_0.876623	gb_KX000272.1_+_0-1740_ARO:3004035_tetA(60)	88.995	209	23	0	1	209	960	752	2.70e-70	259
NODE_60995_length_208_cov_1.45098	gb_X95635_+_259-1663_ARO:3000812_mtrE	91.304	207	18	0	1	207	1251	1045	1.59e-77	283
NODE_62971_length_122_cov_5.07463	gb_CP007593.1_+_2148923-2149772_ARO:3001301_RlmA(II)	97.872	94	2	0	22	115	94	1	1.19e-41	163
