NODE_31_length_161863_cov_63.6347	gb_AF118110.1_-_71-1037_ARO:3003002_CfxA2	86.120	951	131	1	106249	107199	953	4	0.0	1024
NODE_31_length_161863_cov_63.6347	gb_AF472622_+_52-1018_ARO:3003003_CfxA3	86.015	951	132	1	106249	107199	953	4	0.0	1018
NODE_31_length_161863_cov_63.6347	gb_AY769934_+_27-993_ARO:3003096_CfxA5	86.015	951	132	1	106249	107199	953	4	0.0	1018
NODE_31_length_161863_cov_63.6347	gb_U38243_+_149-1115_ARO:3003001_CfxA	86.015	951	132	1	106249	107199	953	4	0.0	1018
NODE_31_length_161863_cov_63.6347	gb_AY769933_+_0-966_ARO:3003005_CfxA4	86.015	951	132	1	106249	107199	953	4	0.0	1018
NODE_31_length_161863_cov_63.6347	gb_GQ342996_+_797-1793_ARO:3003097_CfxA6	84.963	951	136	6	106254	107201	980	34	0.0	957
NODE_52_length_127306_cov_37.1231	gb_M80346_+_0-1656_ARO:3002817_carA	96.970	33	1	0	56845	56877	603	571	2.54e-06	56.5
NODE_273_length_57184_cov_67.9974	gb_AF319779.2_+_32-833_ARO:3000604_Erm(35)	100.000	38	0	0	1	38	38	1	4.08e-11	71.3
NODE_273_length_57184_cov_67.9974	gb_M17124_+_1181-1982_ARO:3000498_ErmF	100.000	38	0	0	1	38	38	1	4.08e-11	71.3
NODE_290_length_54656_cov_15.4128	gb_U05883_+_555-1458_ARO:3003559_cepA	77.791	815	163	17	16282	17087	882	77	3.27e-136	486
NODE_446_length_43615_cov_6.18042	gb_AF173226_+_3767-6917_ARO:3003052_smeB	83.784	74	12	0	20027	20100	1242	1169	3.11e-11	71.3
NODE_446_length_43615_cov_6.18042	gb_AJ252200_+_1278-4401_ARO:3003056_smeE	83.333	72	12	0	20027	20098	1242	1171	4.03e-10	67.6
NODE_552_length_38730_cov_13.5888	gb_NC_002516.2_-_2847775-2850886_ARO:3004075_MuxC	100.000	33	0	0	5296	5328	1233	1201	1.66e-08	62.1
NODE_630_length_35491_cov_57.5308	gb_AJ295238.3_+_163-2083_ARO:3000196_tet32	85.952	1922	248	21	1053	2963	1	1911	0.0	2034
NODE_738_length_31583_cov_37.5244	gb_AF028812_+_392-887_ARO:3002867_dfrF	99.597	496	1	1	30358	30853	1	495	0.0	904
NODE_1063_length_24880_cov_21.5529	gb_L36601_+_1420-3130_ARO:3003036_oleB	94.595	37	2	0	21696	21732	1568	1532	1.38e-07	58.4
NODE_1127_length_24020_cov_28.0475	gb_AF235050.4_+_38028-40140_ARO:3003318_Streptomyces	73.950	357	73	15	7490	7836	421	75	3.61e-28	126
NODE_1194_length_22941_cov_5.22293	gb_GQ343019_+_132-1023_ARO:3002999_CblA-1	99.776	891	2	0	2989	3879	891	1	0.0	1635
NODE_2265_length_13190_cov_10.8505	gb_Z21523_+_0-1974_ARO:3000191_tetQ	90.071	1974	195	1	1971	3943	1	1974	0.0	2558
NODE_2423_length_12441_cov_29.8391	gb_JQ740052_+_2108-3329_ARO:3000567_tet(40)	100.000	33	0	0	12409	12441	1221	1189	5.34e-09	62.1
NODE_2490_length_12133_cov_10.4872	gb_AF319779.2_+_32-833_ARO:3000604_Erm(35)	100.000	38	0	0	12096	12133	1	38	8.66e-12	71.3
NODE_2490_length_12133_cov_10.4872	gb_M17124_+_1181-1982_ARO:3000498_ErmF	100.000	38	0	0	12096	12133	1	38	8.66e-12	71.3
NODE_3005_length_10068_cov_588.52	gb_AF472622_+_52-1018_ARO:3003003_CfxA3	100.000	966	0	0	872	1837	1	966	0.0	1784
NODE_3005_length_10068_cov_588.52	gb_AY769933_+_0-966_ARO:3003005_CfxA4	99.896	966	1	0	872	1837	1	966	0.0	1779
NODE_3005_length_10068_cov_588.52	gb_AF118110.1_-_71-1037_ARO:3003002_CfxA2	99.896	966	1	0	872	1837	1	966	0.0	1779
NODE_3005_length_10068_cov_588.52	gb_AY769934_+_27-993_ARO:3003096_CfxA5	99.793	966	2	0	872	1837	1	966	0.0	1773
NODE_3005_length_10068_cov_588.52	gb_U38243_+_149-1115_ARO:3003001_CfxA	99.793	966	2	0	872	1837	1	966	0.0	1773
NODE_3005_length_10068_cov_588.52	gb_GQ342996_+_797-1793_ARO:3003097_CfxA6	89.234	966	101	3	868	1832	30	993	0.0	1205
NODE_3559_length_8532_cov_178.596	gb_NC_012469.1_-_1800927-1802391_ARO:3000616_mel	97.541	1464	36	0	6723	8186	1464	1	0.0	2505
NODE_3559_length_8532_cov_178.596	gb_L42817_+_201-936_ARO:3000522_ErmG	99.184	735	6	0	5217	5951	735	1	0.0	1325
NODE_3559_length_8532_cov_178.596	gb_M64090_+_0-735_ARO:3000595_ErmT	77.959	735	148	11	5224	5951	728	1	2.41e-125	448
NODE_3559_length_8532_cov_178.596	gb_NC_023287.1_-_65291-66509_ARO:3000615_mefA	95.928	221	9	0	8312	8532	1215	995	1.16e-98	359
NODE_3953_length_7755_cov_3.46714	gb_DQ212986_+_7787-9926_ARO:3002972_vanTG	99.626	2139	8	0	91	2229	2139	1	0.0	3906
NODE_3953_length_7755_cov_3.46714	gb_DQ212986_+_5984-7034_ARO:3002909_vanG	90.952	1050	95	0	2983	4032	1050	1	0.0	1413
NODE_3953_length_7755_cov_3.46714	gb_DQ212986_+_7030-7795_ARO:3003069_vanXYG	95.686	765	33	0	2222	2986	765	1	0.0	1230
NODE_3953_length_7755_cov_3.46714	gb_DQ212986_+_5137-5983_ARO:3002965_vanWG	84.307	822	125	4	4034	4853	846	27	0.0	800
NODE_3953_length_7755_cov_3.46714	gb_DQ212986_+_2258-2966_ARO:3002926_vanRG	81.844	347	63	0	7112	7458	347	1	1.08e-78	292
NODE_4038_length_7589_cov_34.7186	gb_AJ295238.3_+_163-2083_ARO:3000196_tet32	79.084	1922	380	22	5265	7175	1	1911	0.0	1303
NODE_4839_length_6393_cov_5.76822	gb_U00096_+_3415032-3418137_ARO:3000502_acrF	74.590	122	31	0	4264	4385	1125	1246	4.59e-07	54.7
NODE_7215_length_4272_cov_21.3192	gb_M37699_+_585-1752_ARO:3000205_tetX	99.914	1167	1	0	196	1362	1167	1	0.0	2150
NODE_8739_length_3500_cov_10.043	gb_AY928180_+_0-495_ARO:3002837_lnuC	99.192	495	4	0	1043	1537	495	1	0.0	893
NODE_8908_length_3432_cov_7.9313	gb_NC_007779_+_2586250-2589364_ARO:3000491_acrD	96.875	32	1	0	2142	2173	1907	1876	2.46e-07	54.7
NODE_10241_length_2984_cov_12.6016	gb_CP004067_+_52914-53709_ARO:3002647_APH(3')-IIIa	100.000	39	0	0	1	39	39	1	5.90e-13	73.1
NODE_11346_length_2684_cov_103.097	gb_AF118110.1_-_71-1037_ARO:3003002_CfxA2	86.120	951	131	1	1711	2661	953	4	0.0	1024
NODE_11346_length_2684_cov_103.097	gb_AF472622_+_52-1018_ARO:3003003_CfxA3	86.015	951	132	1	1711	2661	953	4	0.0	1018
NODE_11346_length_2684_cov_103.097	gb_AY769934_+_27-993_ARO:3003096_CfxA5	86.015	951	132	1	1711	2661	953	4	0.0	1018
NODE_11346_length_2684_cov_103.097	gb_U38243_+_149-1115_ARO:3003001_CfxA	86.015	951	132	1	1711	2661	953	4	0.0	1018
NODE_11346_length_2684_cov_103.097	gb_AY769933_+_0-966_ARO:3003005_CfxA4	86.015	951	132	1	1711	2661	953	4	0.0	1018
NODE_11346_length_2684_cov_103.097	gb_GQ342996_+_797-1793_ARO:3003097_CfxA6	84.963	951	136	6	1716	2663	980	34	0.0	957
NODE_13325_length_2269_cov_97.7367	gb_M18896.2_+_206-2126_ARO:3000190_tetO	99.635	1920	7	0	39	1958	1920	1	0.0	3507
NODE_13325_length_2269_cov_97.7367	gb_AJ295238.3_+_163-2083_ARO:3000196_tet32	94.465	831	46	0	39	869	1920	1090	0.0	1280
NODE_13325_length_2269_cov_97.7367	gb_AJ295238.3_+_163-2083_ARO:3000196_tet32	91.667	396	33	0	1563	1958	396	1	1.70e-156	549
NODE_14707_length_2046_cov_357.059	gb_Z21523_+_0-1974_ARO:3000191_tetQ	97.399	1961	51	0	1	1961	1961	1	0.0	3339
NODE_14708_length_2046_cov_99.4003	gb_EU434751_+_658-2578_ARO:3000194_tetW	98.999	1798	18	0	249	2046	1	1798	0.0	3221
NODE_14708_length_2046_cov_99.4003	gb_KU736867.1_+_19653-21573_ARO:3004442_tet(W/N/W)	96.719	1798	59	0	249	2046	1	1798	0.0	2994
NODE_14957_length_2011_cov_1.75153	gb_AY768532_+_0-1935_ARO:3000535_macB	87.324	71	9	0	238	308	1661	1591	6.58e-16	82.4
NODE_15885_length_1893_cov_55.111	gb_NC_023287.1_-_65291-66509_ARO:3000615_mefA	99.145	117	1	0	1	117	117	1	7.58e-55	211
NODE_16443_length_1827_cov_3.67438	gb_JQ740052_+_2108-3329_ARO:3000567_tet(40)	100.000	33	0	0	1795	1827	1221	1189	7.79e-10	62.1
NODE_17021_length_1759_cov_5.4061	gb_AY712687_+_0-831_ARO:3002628_aad(6)	100.000	831	0	0	671	1501	831	1	0.0	1535
NODE_17021_length_1759_cov_5.4061	gb_NC_023287.1_-_60996-61860_ARO:3002626_ANT(6)-Ia	89.442	843	87	2	738	1579	842	1	0.0	1062
NODE_17021_length_1759_cov_5.4061	gb_U01945_+_373-916_ARO:3002897_SAT-4	99.816	543	1	0	132	674	543	1	0.0	998
NODE_17021_length_1759_cov_5.4061	gb_CP004067_+_52914-53709_ARO:3002647_APH(3')-IIIa	100.000	39	0	0	1	39	39	1	3.46e-13	73.1
NODE_19695_length_1517_cov_51.7613	gb_AF242872_+_2131-2878_ARO:3000375_ErmB	99.197	747	5	1	499	1244	747	1	0.0	1345
NODE_20567_length_1450_cov_3.86308	gb_NC_007779_+_2586250-2589364_ARO:3000491_acrD	77.600	250	48	8	61	306	1271	1026	5.95e-35	145
NODE_20567_length_1450_cov_3.86308	gb_U00096_+_3660413-3663527_ARO:3000796_mdtF	75.000	196	45	4	91	284	1241	1048	1.02e-17	87.9
NODE_22572_length_1319_cov_254.045	gb_GQ342996_+_797-1793_ARO:3003097_CfxA6	99.799	996	2	0	173	1168	1	996	0.0	1829
NODE_22572_length_1319_cov_254.045	gb_AY769933_+_0-966_ARO:3003005_CfxA4	89.189	962	101	3	206	1165	1	961	0.0	1197
NODE_22572_length_1319_cov_254.045	gb_AF472622_+_52-1018_ARO:3003003_CfxA3	89.085	962	102	3	206	1165	1	961	0.0	1192
NODE_22572_length_1319_cov_254.045	gb_AF118110.1_-_71-1037_ARO:3003002_CfxA2	89.085	962	102	3	206	1165	1	961	0.0	1192
NODE_22572_length_1319_cov_254.045	gb_AY769934_+_27-993_ARO:3003096_CfxA5	88.981	962	103	3	206	1165	1	961	0.0	1186
NODE_22572_length_1319_cov_254.045	gb_U38243_+_149-1115_ARO:3003001_CfxA	88.981	962	103	3	206	1165	1	961	0.0	1186
NODE_23673_length_1254_cov_37.4437	gb_JQ740052_+_2108-3329_ARO:3000567_tet(40)	99.181	1221	10	0	23	1243	1221	1	0.0	2200
NODE_24262_length_1223_cov_37.9786	gb_JX560992_+_8592-9321_ARO:3002630_ANT(9)-Ia	87.219	579	72	2	351	927	729	151	0.0	658
NODE_24262_length_1223_cov_37.9786	gb_NC_023287.1_-_65291-66509_ARO:3000615_mefA	94.196	224	13	0	1000	1223	1218	995	1.65e-94	342
NODE_25001_length_1186_cov_11.237	gb_Z21523_+_0-1974_ARO:3000191_tetQ	100.000	54	0	0	1133	1186	46	99	1.06e-21	100
NODE_30138_length_987_cov_214.112	gb_NC_023287.1_-_65291-66509_ARO:3000615_mefA	90.891	988	88	2	1	987	1049	63	0.0	1325
NODE_30354_length_980_cov_3.3827	gb_KU736867.1_+_19653-21573_ARO:3004442_tet(W/N/W)	95.789	190	8	0	791	980	1	190	4.81e-84	307
NODE_30354_length_980_cov_3.3827	gb_EU434751_+_658-2578_ARO:3000194_tetW	95.789	190	8	0	791	980	1	190	4.81e-84	307
NODE_32489_length_919_cov_6.62037	gb_NG_056174.1_+_100-964_ARO:3004361_sul4	87.500	56	7	0	859	914	133	188	2.99e-11	65.8
NODE_33681_length_890_cov_94.1413	gb_M17124_+_1181-1982_ARO:3000498_ErmF	99.875	801	1	0	18	818	1	801	0.0	1474
NODE_33681_length_890_cov_94.1413	gb_AF319779.2_+_32-833_ARO:3000604_Erm(35)	78.518	796	167	3	18	811	1	794	5.14e-148	520
NODE_34624_length_866_cov_17.7287	gb_CP004067_+_52914-53709_ARO:3002647_APH(3')-IIIa	100.000	795	0	0	17	811	1	795	0.0	1469
NODE_35984_length_835_cov_2.32179	gb_M18896.2_+_206-2126_ARO:3000190_tetO	100.000	54	0	0	782	835	1915	1862	7.45e-22	100
NODE_35984_length_835_cov_2.32179	gb_AJ295238.3_+_163-2083_ARO:3000196_tet32	100.000	54	0	0	782	835	1915	1862	7.45e-22	100
NODE_36731_length_819_cov_4.05759	gb_X01702_+_484-1285_ARO:3002659_APH(6)-Ic	94.444	36	1	1	120	154	483	518	5.77e-08	54.7
NODE_42254_length_717_cov_2.35801	gb_U01945_+_373-916_ARO:3002897_SAT-4	100.000	55	0	0	663	717	152	206	1.77e-22	102
NODE_53100_length_583_cov_53.8011	gb_EU434751_+_658-2578_ARO:3000194_tetW	95.480	177	8	0	1	177	1744	1920	4.76e-77	283
NODE_61294_length_513_cov_205.284	gb_Z21523_+_0-1974_ARO:3000191_tetQ	98.529	68	1	0	1	68	1907	1974	3.46e-28	121
NODE_61756_length_509_cov_1.72467	gb_AP006618.1_+_4835199-4838688_ARO:3000501_Nocardia	74.874	398	84	13	73	462	1062	1451	4.34e-42	167
NODE_84137_length_395_cov_1.52941	gb_FN594949_+_25244-27167_ARO:3000556_tet44	99.241	395	3	0	1	395	1062	1456	0.0	713
NODE_88775_length_379_cov_1.81481	gb_KU736867.1_+_19653-21573_ARO:3004442_tet(W/N/W)	100.000	47	0	0	333	379	1920	1874	2.55e-18	87.9
NODE_96762_length_355_cov_1.01667	gb_U00096_+_2367070-2368039_ARO:3003578_pmrF	100.000	90	0	0	266	355	969	880	2.99e-42	167
NODE_99268_length_349_cov_47.0918	gb_NC_023287.1_-_65291-66509_ARO:3000615_mefA	99.145	117	1	0	1	117	117	1	1.34e-55	211
NODE_103279_length_339_cov_2.22183	gb_AM180355_+_600033-601953_ARO:3000186_tetM	96.755	339	11	0	1	339	1343	1681	2.40e-162	566
NODE_103279_length_339_cov_2.22183	gb_L09756_+_0-1926_ARO:3000192_tetS	82.647	340	57	2	1	339	1343	1681	2.69e-82	300
NODE_116247_length_311_cov_1.40234	gb_S48276.1_+_478-1129_ARO:3004460_Vibrio	96.040	303	12	0	9	311	1	303	1.05e-140	494
NODE_124194_length_297_cov_1.61157	gb_AY701528.1_+_9695-10589_ARO:3004191_APH(2'')-If	100.000	297	0	0	1	297	591	887	2.10e-157	549
NODE_124194_length_297_cov_1.61157	gb_NC_005024_+_42504-43944_ARO:3002597_AAC(6')-Ie-APH(2'')-Ia	84.249	273	43	0	5	277	1156	1428	2.37e-72	267
NODE_127316_length_292_cov_0.974684	gb_AY701528.1_+_9695-10589_ARO:3004191_APH(2'')-If	100.000	292	0	0	1	292	559	268	1.24e-154	540
NODE_127316_length_292_cov_0.974684	gb_NC_005024_+_42504-43944_ARO:3002597_AAC(6')-Ie-APH(2'')-Ia	78.425	292	63	0	1	292	1120	829	1.44e-49	191
NODE_159581_length_252_cov_1.25888	gb_L11616_+_1569-4710_ARO:3000378_MexB	75.735	136	27	5	57	189	2401	2269	2.79e-11	63.9
NODE_159702_length_252_cov_1.27411	gb_FN594949_+_25244-27167_ARO:3000556_tet44	96.875	64	2	0	189	252	1	64	1.27e-24	108
NODE_160345_length_251_cov_1.02041	gb_U00096.3_-_4567286-4568519_ARO:3001214_mdtM	98.000	250	5	0	1	250	529	280	5.11e-123	435
NODE_162204_length_249_cov_1.41753	gb_CP004067.1_-_43007-43928_ARO:3002669_APH(2'')-Ig	100.000	249	0	0	1	249	33	281	8.36e-131	460
NODE_166355_length_245_cov_0.815789	gb_NC_002695.2_-_1737690-1738104_ARO:3000676_H-NS	98.776	245	3	0	1	245	123	367	1.38e-123	436
NODE_169652_length_242_cov_0.818182	gb_EU999036_+_688-1390_ARO:3002934_vanSD	88.430	242	28	0	1	242	50	291	3.13e-80	292
NODE_171883_length_240_cov_0.972973	gb_CP004067.1_-_43007-43928_ARO:3002669_APH(2'')-Ig	99.583	240	1	0	1	240	623	862	3.76e-124	438
NODE_172263_length_240_cov_0.897297	gb_NC_005076_+_4149-5628_ARO:3003111_lsaB	80.899	89	17	0	29	117	449	361	1.58e-13	71.3
NODE_173684_length_238_cov_0.95082	gb_AP009048_-_4338624-4340268_ARO:3003576_eptA	100.000	238	0	0	1	238	1310	1073	1.04e-124	440
NODE_180849_length_232_cov_0.621469	gb_U00096_+_2154015-2155263_ARO:3000792_mdtA	98.707	232	3	0	1	232	544	775	2.20e-116	412
NODE_183696_length_230_cov_1.50286	gb_FJ768952_+_0-1488_ARO:3000237_tolC	99.441	179	1	0	1	179	179	1	2.92e-90	326
NODE_184783_length_230_cov_63.0286	gb_EU434751_+_658-2578_ARO:3000194_tetW	100.000	177	0	0	54	230	1920	1744	8.11e-91	327
NODE_184884_length_229_cov_0.793103	gb_AF016483_+_0-906_ARO:3002637_APH(2'')-IVa	100.000	229	0	0	1	229	211	439	1.00e-119	424
NODE_184884_length_229_cov_0.793103	gb_AY939911_+_3535-4441_ARO:3002634_APH(2'')-Ie	95.197	229	11	0	1	229	211	439	2.21e-101	363
NODE_185872_length_229_cov_0.712644	gb_AF337947_+_271-1171_ARO:3002635_APH(2'')-IIa	98.182	165	3	0	65	229	900	736	3.81e-79	289
NODE_193493_length_223_cov_0.821429	gb_NC_005024_+_42504-43944_ARO:3002597_AAC(6')-Ie-APH(2'')-Ia	90.094	212	21	0	4	215	242	31	2.88e-75	276
NODE_201726_length_217_cov_1.30864	gb_NC_000913.3_-_4377810-4378944_ARO:3004290_Escherichia	100.000	217	0	0	1	217	261	477	4.42e-113	401
NODE_206230_length_214_cov_1.44654	gb_AF337947_+_271-1171_ARO:3002635_APH(2'')-IIa	100.000	214	0	0	1	214	551	338	2.03e-111	396
NODE_209782_length_212_cov_1.12102	gb_U00096_-_1124117-1125326_ARO:3001216_mdtH	100.000	139	0	0	1	139	139	1	9.87e-70	257
NODE_210226_length_212_cov_0.617834	gb_NC_002695.1_-_4903561-4904935_ARO:3000830_cpxA	100.000	212	0	0	1	212	708	497	2.59e-110	392
NODE_218432_length_207_cov_0.953947	gb_FJ768952_+_0-1488_ARO:3000237_tolC	100.000	207	0	0	1	207	199	405	1.52e-107	383
NODE_220432_length_206_cov_1.75497	gb_FN594949_+_25244-27167_ARO:3000556_tet44	98.058	206	4	0	1	206	1850	1645	2.55e-100	359
NODE_220549_length_206_cov_0.933775	gb_U00096.3_-_3203309-3204131_ARO:3002986_bacA	99.515	206	1	0	1	206	229	434	2.53e-105	375
NODE_222387_length_130_cov_49.28	gb_JQ740052_+_2108-3329_ARO:3000567_tet(40)	100.000	44	0	0	87	130	1	44	3.69e-17	82.4
NODE_222897_length_112_cov_10.7895	gb_AF319779.2_+_32-833_ARO:3000604_Erm(35)	100.000	38	0	0	75	112	1	38	6.69e-14	71.3
NODE_222897_length_112_cov_10.7895	gb_M17124_+_1181-1982_ARO:3000498_ErmF	100.000	38	0	0	75	112	1	38	6.69e-14	71.3
NODE_222999_length_111_cov_27.8214	gb_JQ740052_+_2108-3329_ARO:3000567_tet(40)	100.000	44	0	0	68	111	1	44	3.06e-17	82.4
NODE_223058_length_110_cov_131.8	gb_NC_023287.1_-_65291-66509_ARO:3000615_mefA	100.000	55	0	0	1	55	117	63	2.32e-23	102
NODE_223060_length_110_cov_144.727	gb_Z21523_+_0-1974_ARO:3000191_tetQ	100.000	55	0	0	56	110	1961	1907	2.32e-23	102
NODE_223143_length_109_cov_9.75926	gb_M17124_+_1181-1982_ARO:3000498_ErmF	100.000	55	0	0	55	109	197	143	2.30e-23	102
NODE_223179_length_108_cov_8.56604	gb_AF319779.2_+_32-833_ARO:3000604_Erm(35)	100.000	53	0	0	56	108	1	53	2.94e-22	99.0
NODE_223179_length_108_cov_8.56604	gb_M17124_+_1181-1982_ARO:3000498_ErmF	100.000	53	0	0	56	108	1	53	2.94e-22	99.0
