NODE_10_length_190090_cov_86.7244	gb_GQ343019_+_132-1023_ARO:3002999_CblA-1	99.776	891	2	0	179158	180048	1	891	0.0	1635
NODE_23_length_145450_cov_14.2325	gb_M80346_+_0-1656_ARO:3002817_carA	96.970	33	1	0	74830	74862	571	603	2.90e-06	56.5
NODE_224_length_56336_cov_95.6332	gb_AF173226_+_3767-6917_ARO:3003052_smeB	82.432	74	13	0	34586	34659	1169	1242	1.87e-09	65.8
NODE_224_length_56336_cov_95.6332	gb_AJ252200_+_1278-4401_ARO:3003056_smeE	84.615	65	10	0	34595	34659	1178	1242	1.87e-09	65.8
NODE_895_length_24325_cov_11.0032	gb_U05883_+_555-1458_ARO:3003559_cepA	77.206	816	168	17	15932	16738	883	77	8.82e-129	460
NODE_1326_length_17350_cov_45.2286	gb_U00096_+_3415032-3418137_ARO:3000502_acrF	74.590	122	31	0	12373	12494	1246	1125	1.25e-06	54.7
NODE_1452_length_16037_cov_6.32174	gb_AP006618.1_+_4835199-4838688_ARO:3000501_Nocardia	77.684	354	75	4	7792	8143	2986	3337	1.80e-54	213
NODE_1734_length_13583_cov_8.33198	gb_M37699_+_585-1752_ARO:3000205_tetX	99.829	1167	2	0	4073	5239	1	1167	0.0	2145
NODE_1734_length_13583_cov_8.33198	gb_M17124_+_1181-1982_ARO:3000498_ErmF	98.752	801	10	0	1659	2459	801	1	0.0	1424
NODE_1734_length_13583_cov_8.33198	gb_AF319779.2_+_32-833_ARO:3000604_Erm(35)	78.769	796	165	3	1666	2459	794	1	3.70e-150	531
NODE_2421_length_9620_cov_4.98996	gb_U05883_+_555-1458_ARO:3003559_cepA	99.557	903	4	0	2275	3177	1	903	0.0	1646
NODE_2774_length_8271_cov_8.75852	gb_M57437_+_0-1647_ARO:3002827_tlrC	96.970	33	1	0	3874	3906	568	600	1.65e-07	56.5
NODE_3817_length_5710_cov_13.6813	gb_M18896.2_+_206-2126_ARO:3000190_tetO	99.635	1920	7	0	1150	3069	1	1920	0.0	3507
NODE_3817_length_5710_cov_13.6813	gb_AJ295238.3_+_163-2083_ARO:3000196_tet32	94.465	831	46	0	2239	3069	1090	1920	0.0	1280
NODE_3817_length_5710_cov_13.6813	gb_AJ295238.3_+_163-2083_ARO:3000196_tet32	91.919	396	32	0	1150	1545	1	396	9.22e-158	555
NODE_3962_length_5477_cov_4.27886	gb_AB080798.1_+_2658-3309_ARO:3004455_Streptococcus	90.244	41	4	0	1860	1900	588	548	3.93e-07	54.7
NODE_3962_length_5477_cov_4.27886	gb_U75299_+_0-717_ARO:3002671_Lactobacillus	90.244	41	4	0	1860	1900	588	548	3.93e-07	54.7
NODE_4289_length_5018_cov_8.56015	gb_AY928180_+_0-495_ARO:3002837_lnuC	99.192	495	4	0	1667	2161	1	495	0.0	893
NODE_5148_length_4039_cov_10.9769	gb_EU434751_+_658-2578_ARO:3000194_tetW	99.948	1920	1	0	1336	3255	1920	1	0.0	3541
NODE_5148_length_4039_cov_10.9769	gb_KU736867.1_+_19653-21573_ARO:3004442_tet(W/N/W)	96.077	1912	73	2	1345	3255	1911	1	0.0	3114
NODE_5643_length_3593_cov_3.17948	gb_CP004067_+_52914-53709_ARO:3002647_APH(3')-IIIa	100.000	795	0	0	1180	1974	1	795	0.0	1469
NODE_5643_length_3593_cov_3.17948	gb_U01945_+_373-916_ARO:3002897_SAT-4	99.816	543	1	0	545	1087	1	543	0.0	998
NODE_5643_length_3593_cov_3.17948	gb_AY712687_+_0-831_ARO:3002628_aad(6)	95.517	513	21	2	37	548	320	831	0.0	819
NODE_6782_length_2874_cov_693.112	gb_Z21523_+_0-1974_ARO:3000191_tetQ	97.720	1974	45	0	474	2447	1	1974	0.0	3397
NODE_7394_length_2589_cov_210.092	gb_AF118110.1_-_71-1037_ARO:3003002_CfxA2	100.000	966	0	0	863	1828	1	966	0.0	1784
NODE_7394_length_2589_cov_210.092	gb_AF472622_+_52-1018_ARO:3003003_CfxA3	99.896	966	1	0	863	1828	1	966	0.0	1779
NODE_7394_length_2589_cov_210.092	gb_AY769934_+_27-993_ARO:3003096_CfxA5	99.896	966	1	0	863	1828	1	966	0.0	1779
NODE_7394_length_2589_cov_210.092	gb_U38243_+_149-1115_ARO:3003001_CfxA	99.896	966	1	0	863	1828	1	966	0.0	1779
NODE_7394_length_2589_cov_210.092	gb_AY769933_+_0-966_ARO:3003005_CfxA4	99.896	966	1	0	863	1828	1	966	0.0	1779
NODE_7394_length_2589_cov_210.092	gb_GQ342996_+_797-1793_ARO:3003097_CfxA6	89.234	966	101	3	859	1823	30	993	0.0	1205
NODE_7621_length_2501_cov_6.22976	gb_AF028812_+_392-887_ARO:3002867_dfrF	100.000	495	0	0	320	814	495	1	0.0	915
NODE_7962_length_2378_cov_4.02411	gb_X74948_+_0-492_ARO:3002688_catS	98.574	491	7	0	375	865	491	1	0.0	869
NODE_7962_length_2378_cov_4.02411	gb_AF226276.1_+_3583-4207_ARO:3002682_catD	83.387	626	100	3	302	925	624	1	8.16e-165	577
NODE_7962_length_2378_cov_4.02411	gb_U15027_+_0-624_ARO:3002686_catP	83.387	626	100	3	302	925	624	1	8.16e-165	577
NODE_9428_length_1967_cov_17.0601	gb_NC_012469.1_-_1800927-1802391_ARO:3000616_mel	97.511	442	11	0	820	1261	1464	1023	0.0	756
NODE_9428_length_1967_cov_17.0601	gb_L42817_+_201-936_ARO:3000522_ErmG	100.000	48	0	0	1	48	48	1	3.85e-18	89.8
NODE_10364_length_1784_cov_2.95373	gb_L11616_+_1569-4710_ARO:3000378_MexB	71.972	1577	373	57	70	1610	1553	10	1.42e-111	399
NODE_16593_length_1138_cov_2.8615	gb_AF242872_+_2131-2878_ARO:3000375_ErmB	98.953	191	1	1	949	1138	741	551	5.53e-94	340
NODE_17035_length_1111_cov_2.5322	gb_MF095097.1_-_1855-3484_ARO:3004470_poxtA	93.182	44	1	2	787	829	1388	1430	1.31e-10	63.9
NODE_17505_length_1085_cov_3.03883	gb_JQ740052_+_2108-3329_ARO:3000567_tet(40)	99.867	753	1	0	333	1085	1221	469	0.0	1386
NODE_24067_length_822_cov_1.79791	gb_AF242872_+_2131-2878_ARO:3000375_ErmB	99.693	326	1	0	497	822	1	326	2.13e-171	597
NODE_25084_length_794_cov_57.521	gb_L42817_+_201-936_ARO:3000522_ErmG	100.000	735	0	0	8	742	1	735	0.0	1358
NODE_25084_length_794_cov_57.521	gb_M64090_+_0-735_ARO:3000595_ErmT	78.095	735	147	11	8	735	1	728	4.72e-128	453
NODE_26875_length_750_cov_3.09065	gb_X63451_+_0-1653_ARO:3002828_srmB	94.444	36	2	0	712	747	1499	1464	1.47e-08	56.5
NODE_42417_length_523_cov_1.86538	gb_JQ740052_+_2108-3329_ARO:3000567_tet(40)	100.000	523	0	0	1	523	22	544	0.0	966
NODE_83251_length_323_cov_1.86567	gb_NC_023287.1_-_60996-61860_ARO:3002626_ANT(6)-Ia	100.000	191	0	0	133	323	1	191	1.93e-98	353
NODE_83251_length_323_cov_1.86567	gb_AY712687_+_0-831_ARO:3002628_aad(6)	100.000	113	0	0	211	323	1	113	4.42e-55	209
NODE_85588_length_317_cov_0.935115	gb_L20800_+_2308-4267_ARO:3000195_tetB(P)	94.953	317	16	0	1	317	440	124	8.26e-142	497
NODE_89920_length_307_cov_1.24206	gb_M57437_+_0-1647_ARO:3002827_tlrC	100.000	28	0	0	234	261	1472	1499	7.47e-08	52.8
NODE_97884_length_290_cov_1.48085	gb_AP006618.1_+_4835199-4838688_ARO:3000501_Nocardia	95.522	67	3	0	220	286	3033	3099	1.48e-24	108
NODE_98400_length_289_cov_1.9359	gb_AJ295238.3_+_163-2083_ARO:3000196_tet32	98.616	289	4	0	1	289	500	788	2.67e-146	512
NODE_107735_length_273_cov_1.09633	gb_AY768532_+_0-1935_ARO:3000535_macB	89.583	48	5	0	12	59	849	802	1.09e-10	62.1
NODE_128854_length_243_cov_1.41489	gb_L20800_+_1062-2325_ARO:3000180_tetA(P)	94.239	243	14	0	1	243	51	293	3.92e-104	372
NODE_129685_length_242_cov_2.04813	gb_NC_010378.1_+_47850-51003_ARO:3003923_oqxB	77.228	202	42	4	6	205	1057	1256	7.27e-27	115
NODE_155834_length_216_cov_0.869565	gb_FJ768952_+_0-1488_ARO:3000237_tolC	98.529	68	1	0	149	216	1	68	1.38e-28	121
NODE_156712_length_216_cov_1.39752	gb_AJ295238.3_+_163-2083_ARO:3000196_tet32	99.537	216	1	0	1	216	1156	941	7.36e-111	394
NODE_168212_length_206_cov_1.21854	gb_U00096_+_3413863-3415021_ARO:3000499_acrE	97.826	138	3	0	1	138	1021	1158	3.46e-64	239
NODE_168212_length_206_cov_1.21854	gb_U00096_+_3415032-3418137_ARO:3000502_acrF	100.000	57	0	0	150	206	1	57	3.67e-24	106
NODE_170288_length_146_cov_51.4505	gb_L42817_+_201-936_ARO:3000522_ErmG	100.000	48	0	0	1	48	48	1	2.52e-19	89.8
