NODE_4_length_340649_cov_433.045	gb_AY768532_+_0-1935_ARO:3000535_macB	81.028	1945	352	14	330402	332339	1935	1	0.0	1531
NODE_178_length_35841_cov_411.396	gb_NC_003112.2_-_1791966-1795170_ARO:3000811_mtrD	80.740	3188	590	20	4050	7225	3176	1	0.0	2464
NODE_318_length_23555_cov_450.848	gb_NC_003112.2_+_329612-330767_ARO:3003961_farA	72.985	918	226	20	3021	3927	1033	127	5.48e-81	302
NODE_516_length_15998_cov_4.64956	gb_M18896.2_+_206-2126_ARO:3000190_tetO	99.740	1920	5	0	9206	11125	1920	1	0.0	3518
NODE_516_length_15998_cov_4.64956	gb_AJ295238.3_+_163-2083_ARO:3000196_tet32	94.344	831	47	0	9206	10036	1920	1090	0.0	1275
NODE_516_length_15998_cov_4.64956	gb_AJ295238.3_+_163-2083_ARO:3000196_tet32	91.919	396	32	0	10730	11125	396	1	2.59e-157	555
NODE_564_length_15023_cov_19.1836	gb_AF472622_+_52-1018_ARO:3003003_CfxA3	100.000	121	0	0	14903	15023	1	121	7.78e-58	224
NODE_564_length_15023_cov_19.1836	gb_AY769934_+_27-993_ARO:3003096_CfxA5	100.000	121	0	0	14903	15023	1	121	7.78e-58	224
NODE_564_length_15023_cov_19.1836	gb_U38243_+_149-1115_ARO:3003001_CfxA	100.000	121	0	0	14903	15023	1	121	7.78e-58	224
NODE_564_length_15023_cov_19.1836	gb_AY769933_+_0-966_ARO:3003005_CfxA4	100.000	121	0	0	14903	15023	1	121	7.78e-58	224
NODE_564_length_15023_cov_19.1836	gb_AF118110.1_-_71-1037_ARO:3003002_CfxA2	100.000	121	0	0	14903	15023	1	121	7.78e-58	224
NODE_623_length_13360_cov_5.33829	gb_HM990671_+_5192-6671_ARO:3003112_lsaC	98.513	1479	22	0	873	2351	1479	1	0.0	2610
NODE_1448_length_7213_cov_77.2455	gb_HQ652506.1_+_373-2098_ARO:3004032_tetA(46)	94.899	1725	88	0	4280	6004	1725	1	0.0	2699
NODE_1448_length_7213_cov_77.2455	gb_HQ652506.1_+_2099-3836_ARO:3004033_tetB(46)	92.629	1723	123	4	2558	4278	1721	1	0.0	2475
NODE_1543_length_6651_cov_134.022	gb_NC_002134.1_+_41537-42743_ARO:3000165_tet(A)	99.917	1206	1	0	1288	2493	1206	1	0.0	2222
NODE_1543_length_6651_cov_134.022	gb_AB089595_+_0-1206_ARO:3000166_tet(B)	99.751	1206	3	0	1288	2493	1206	1	0.0	2211
NODE_1543_length_6651_cov_134.022	gb_BX664015.1_-_204137-204554_ARO:3000168_tet(D)	100.000	417	0	0	78	494	417	1	0.0	771
NODE_1709_length_6265_cov_74.542	gb_AP006618.1_+_4835199-4838688_ARO:3000501_Nocardia	85.629	334	44	4	2746	3077	3299	2968	1.84e-95	348
NODE_1804_length_5994_cov_3.93669	gb_HM990671_+_5192-6671_ARO:3003112_lsaC	94.186	1204	65	2	4796	5994	1	1204	0.0	1831
NODE_1885_length_5772_cov_7.15375	gb_M17124_+_1181-1982_ARO:3000498_ErmF	99.750	801	2	0	2771	3571	801	1	0.0	1469
NODE_1885_length_5772_cov_7.15375	gb_AF319779.2_+_32-833_ARO:3000604_Erm(35)	78.643	796	166	3	2778	3571	794	1	7.30e-149	525
NODE_2002_length_5513_cov_190.616	gb_NC_012469.1_-_1800927-1802391_ARO:3000616_mel	100.000	1464	0	0	2444	3907	1	1464	0.0	2704
NODE_2002_length_5513_cov_190.616	gb_NC_023287.1_-_65291-66509_ARO:3000615_mefA	96.962	1218	37	0	1107	2324	1	1218	0.0	2045
NODE_2066_length_5375_cov_92.307	gb_AF242872_+_2131-2878_ARO:3000375_ErmB	99.331	747	4	1	3951	4696	747	1	0.0	1351
NODE_2411_length_4819_cov_18.7578	gb_AF472622_+_52-1018_ARO:3003003_CfxA3	100.000	61	0	0	1	61	906	966	5.62e-25	113
NODE_2411_length_4819_cov_18.7578	gb_AY769934_+_27-993_ARO:3003096_CfxA5	100.000	61	0	0	1	61	906	966	5.62e-25	113
NODE_2411_length_4819_cov_18.7578	gb_U38243_+_149-1115_ARO:3003001_CfxA	100.000	61	0	0	1	61	906	966	5.62e-25	113
NODE_2411_length_4819_cov_18.7578	gb_AY769933_+_0-966_ARO:3003005_CfxA4	100.000	61	0	0	1	61	906	966	5.62e-25	113
NODE_2411_length_4819_cov_18.7578	gb_AF118110.1_-_71-1037_ARO:3003002_CfxA2	100.000	61	0	0	1	61	906	966	5.62e-25	113
NODE_4069_length_3138_cov_8.65683	gb_HM990671_+_5192-6671_ARO:3003112_lsaC	94.730	1480	76	2	107	1585	1479	1	0.0	2300
NODE_4148_length_3094_cov_8.29845	gb_AF024666.2_-_2207-2969_ARO:3000596_ErmX	99.869	763	0	1	1764	2526	1	762	0.0	1402
NODE_4449_length_2927_cov_13.9001	gb_Z21523_+_0-1974_ARO:3000191_tetQ	99.544	1974	9	0	527	2500	1	1974	0.0	3596
NODE_4452_length_2925_cov_17.4857	gb_EU434751_+_658-2578_ARO:3000194_tetW	95.266	169	6	2	1	168	1744	1911	2.47e-71	267
NODE_4746_length_2764_cov_5.80509	gb_HM990671_+_5192-6671_ARO:3003112_lsaC	96.429	56	2	0	1	56	56	1	4.19e-19	93.5
NODE_6001_length_2210_cov_16.8608	gb_KX000272.1_+_0-1740_ARO:3004035_tetA(60)	89.934	1212	122	0	997	2208	1740	529	0.0	1563
NODE_6001_length_2210_cov_16.8608	gb_KX000273.1_+_0-1740_ARO:3004036_tetB(60)	83.600	1000	164	0	1	1000	1000	1	0.0	939
NODE_6145_length_2158_cov_4.42796	gb_HM990671_+_5192-6671_ARO:3003112_lsaC	99.153	118	1	0	1	118	1362	1479	2.40e-55	213
NODE_7666_length_1747_cov_34.3641	gb_EU434751_+_658-2578_ARO:3000194_tetW	97.596	1747	42	0	1	1747	1798	52	0.0	2994
NODE_7666_length_1747_cov_34.3641	gb_KU736867.1_+_19653-21573_ARO:3004442_tet(W/N/W)	96.623	1747	59	0	1	1747	1798	52	0.0	2900
NODE_8510_length_1578_cov_187.235	gb_AM180355_+_600033-601953_ARO:3000186_tetM	89.695	1213	125	0	366	1578	1	1213	0.0	1548
NODE_8510_length_1578_cov_187.235	gb_L09756_+_0-1926_ARO:3000192_tetS	76.421	1196	268	12	367	1555	2	1190	0.0	634
NODE_8756_length_1535_cov_6.54392	gb_EU434751_+_658-2578_ARO:3000194_tetW	100.000	177	0	0	1359	1535	1920	1744	5.83e-90	327
NODE_9410_length_1424_cov_2.81958	gb_Z21523_+_0-1974_ARO:3000191_tetQ	88.542	480	55	0	944	1423	1974	1495	1.04e-166	582
NODE_10753_length_1244_cov_195.335	gb_AM180355_+_600033-601953_ARO:3000186_tetM	95.144	762	37	0	1	762	1159	1920	0.0	1203
NODE_10753_length_1244_cov_195.335	gb_L09756_+_0-1926_ARO:3000192_tetS	82.105	760	133	3	4	761	1162	1920	0.0	647
NODE_11661_length_1145_cov_2.98073	gb_HQ652506.1_+_2099-3836_ARO:3004033_tetB(46)	86.563	707	85	8	436	1137	1737	1036	0.0	771
NODE_12405_length_1073_cov_3.66405	gb_X95635_+_259-1663_ARO:3000812_mtrE	78.373	541	104	11	1	534	859	1393	1.87e-93	339
NODE_12409_length_1073_cov_215.432	gb_AM180355_+_600033-601953_ARO:3000186_tetM	87.190	726	93	0	11	736	726	1	0.0	826
NODE_13067_length_1017_cov_36.4158	gb_KX000273.1_+_0-1740_ARO:3004036_tetB(60)	90.842	546	50	0	472	1017	1740	1195	0.0	732
NODE_13813_length_960_cov_8.2232	gb_KU736867.1_+_19653-21573_ARO:3004442_tet(W/N/W)	100.000	106	0	0	855	960	1	106	1.06e-50	196
NODE_13813_length_960_cov_8.2232	gb_EU434751_+_658-2578_ARO:3000194_tetW	100.000	106	0	0	855	960	1	106	1.06e-50	196
NODE_14766_length_894_cov_60.4768	gb_AF118110.1_-_71-1037_ARO:3003002_CfxA2	100.000	894	0	0	1	894	960	67	0.0	1652
NODE_14766_length_894_cov_60.4768	gb_AF472622_+_52-1018_ARO:3003003_CfxA3	99.888	894	1	0	1	894	960	67	0.0	1646
NODE_14766_length_894_cov_60.4768	gb_AY769934_+_27-993_ARO:3003096_CfxA5	99.888	894	1	0	1	894	960	67	0.0	1646
NODE_14766_length_894_cov_60.4768	gb_U38243_+_149-1115_ARO:3003001_CfxA	99.888	894	1	0	1	894	960	67	0.0	1646
NODE_14766_length_894_cov_60.4768	gb_AY769933_+_0-966_ARO:3003005_CfxA4	99.888	894	1	0	1	894	960	67	0.0	1646
NODE_14766_length_894_cov_60.4768	gb_GQ342996_+_797-1793_ARO:3003097_CfxA6	89.052	886	95	2	10	894	984	100	0.0	1098
NODE_14849_length_888_cov_2.36134	gb_NC_003098.1_+_866210-867410_ARO:3000822_pmrA	79.172	725	144	7	4	724	479	1200	8.65e-141	496
NODE_15877_length_828_cov_2.9599	gb_CP007593.1_+_2148923-2149772_ARO:3001301_RlmA(II)	92.143	280	20	2	550	828	849	571	3.03e-110	394
NODE_17608_length_747_cov_7.34538	gb_CP007593.1_+_2148923-2149772_ARO:3001301_RlmA(II)	89.072	485	53	0	260	744	1	485	4.16e-173	603
NODE_18868_length_696_cov_2.21373	gb_HM990671_+_5192-6671_ARO:3003112_lsaC	96.491	114	4	0	583	696	1479	1366	1.28e-48	189
NODE_19018_length_691_cov_37.1698	gb_CP007593.1_+_2148923-2149772_ARO:3001301_RlmA(II)	85.207	676	97	3	17	690	1	675	0.0	691
NODE_19040_length_690_cov_10.3055	gb_KX000272.1_+_0-1740_ARO:3004035_tetA(60)	92.605	622	46	0	1	622	622	1	0.0	894
NODE_19435_length_677_cov_1.95177	gb_Z21523_+_0-1974_ARO:3000191_tetQ	88.757	676	76	0	1	676	1195	520	0.0	828
NODE_20337_length_649_cov_13.6414	gb_KX000272.1_+_0-1740_ARO:3004035_tetA(60)	92.771	581	42	0	1	581	581	1	0.0	841
NODE_20760_length_636_cov_19.1928	gb_KX000272.1_+_0-1740_ARO:3004035_tetA(60)	99.472	568	3	0	1	568	568	1	0.0	1033
NODE_20766_length_636_cov_11.4527	gb_KX000272.1_+_0-1740_ARO:3004035_tetA(60)	95.577	633	26	2	5	636	1527	896	0.0	1013
NODE_23713_length_562_cov_40.4083	gb_KX000273.1_+_0-1740_ARO:3004036_tetB(60)	83.113	302	51	0	261	562	1	302	7.67e-75	276
NODE_25128_length_532_cov_67.7358	gb_AM180355_+_600033-601953_ARO:3000186_tetM	89.163	526	57	0	7	532	688	1213	0.0	656
NODE_25128_length_532_cov_67.7358	gb_L09756_+_0-1926_ARO:3000192_tetS	76.680	506	112	6	7	509	688	1190	7.24e-75	276
NODE_25475_length_525_cov_46.0298	gb_CP007593.1_+_2148923-2149772_ARO:3001301_RlmA(II)	84.000	525	82	2	1	524	711	188	3.01e-143	503
NODE_26973_length_496_cov_54.9002	gb_KU736867.1_+_19653-21573_ARO:3004442_tet(W/N/W)	95.283	106	5	0	391	496	1	106	1.18e-42	169
NODE_26973_length_496_cov_54.9002	gb_EU434751_+_658-2578_ARO:3000194_tetW	95.283	106	5	0	391	496	1	106	1.18e-42	169
NODE_27984_length_478_cov_16.7116	gb_CP007593.1_+_2148923-2149772_ARO:3001301_RlmA(II)	86.364	220	30	0	258	477	841	622	2.36e-64	241
NODE_28171_length_476_cov_4.962	gb_KX000272.1_+_0-1740_ARO:3004035_tetA(60)	90.717	474	44	0	1	474	969	1442	0.0	632
NODE_30277_length_445_cov_2.34872	gb_NC_003098.1_-_1359228-1360395_ARO:3000025_patB	94.681	188	10	0	1	188	188	1	5.97e-80	292
NODE_30967_length_437_cov_27.199	gb_KX000272.1_+_0-1740_ARO:3004035_tetA(60)	99.314	437	3	0	1	437	514	950	0.0	791
NODE_35313_length_391_cov_4.27083	gb_HQ652506.1_+_2099-3836_ARO:3004033_tetB(46)	89.634	328	34	0	1	328	1383	1710	8.24e-118	418
NODE_40095_length_352_cov_10.3165	gb_KX000273.1_+_0-1740_ARO:3004036_tetB(60)	89.205	352	38	0	1	352	898	1249	1.58e-124	440
NODE_43149_length_332_cov_4.62816	gb_HM990671_+_5192-6671_ARO:3003112_lsaC	94.012	334	16	4	1	332	1237	906	1.87e-143	503
NODE_44225_length_325_cov_0.922222	gb_NC_003098_+_953382-954594_ARO:3000614_mefE	88.308	325	38	0	1	325	1129	805	1.48e-109	390
NODE_45001_length_321_cov_18.282	gb_KX000273.1_+_0-1740_ARO:3004036_tetB(60)	85.047	321	48	0	1	321	568	248	1.16e-90	327
NODE_48063_length_304_cov_19.502	gb_KX000273.1_+_0-1740_ARO:3004036_tetB(60)	85.855	304	43	0	1	304	1249	946	1.42e-89	324
NODE_48276_length_303_cov_2.58468	gb_HM990671_+_5192-6671_ARO:3003112_lsaC	95.364	302	14	0	2	303	303	2	7.93e-137	481
NODE_50111_length_294_cov_11.477	gb_KX000273.1_+_0-1740_ARO:3004036_tetB(60)	88.014	292	35	0	1	292	1213	922	2.92e-96	346
NODE_51037_length_290_cov_0.706383	gb_NC_003098.1_+_866210-867410_ARO:3000822_pmrA	95.070	284	14	0	7	290	1064	781	7.67e-127	448
NODE_54379_length_276_cov_28.9819	gb_AF472622_+_52-1018_ARO:3003003_CfxA3	98.276	58	1	0	219	276	64	121	6.53e-23	102
NODE_54379_length_276_cov_28.9819	gb_AY769934_+_27-993_ARO:3003096_CfxA5	98.276	58	1	0	219	276	64	121	6.53e-23	102
NODE_54379_length_276_cov_28.9819	gb_U38243_+_149-1115_ARO:3003001_CfxA	98.276	58	1	0	219	276	64	121	6.53e-23	102
NODE_54379_length_276_cov_28.9819	gb_AY769933_+_0-966_ARO:3003005_CfxA4	98.276	58	1	0	219	276	64	121	6.53e-23	102
NODE_54379_length_276_cov_28.9819	gb_AF118110.1_-_71-1037_ARO:3003002_CfxA2	98.276	58	1	0	219	276	64	121	6.53e-23	102
NODE_54796_length_274_cov_1.23288	gb_NC_003098.1_-_1359228-1360395_ARO:3000025_patB	91.781	219	18	0	56	274	1161	943	4.60e-84	305
NODE_58811_length_260_cov_0.780488	gb_NC_003098.1_+_866210-867410_ARO:3000822_pmrA	97.908	239	5	0	1	239	962	1200	6.92e-117	414
NODE_60986_length_253_cov_0.636364	gb_NC_003098.1_-_1359228-1360395_ARO:3000025_patB	92.829	251	18	0	1	251	911	1161	6.86e-102	364
NODE_61326_length_252_cov_5.53807	gb_KX000272.1_+_0-1740_ARO:3004035_tetA(60)	95.102	245	12	0	8	252	1047	803	1.46e-108	387
NODE_68318_length_234_cov_20.3073	gb_HM990671_+_5192-6671_ARO:3003112_lsaC	99.573	234	1	0	1	234	1416	1183	7.92e-121	427
NODE_72717_length_224_cov_4.30769	gb_HM990671_+_5192-6671_ARO:3003112_lsaC	96.610	118	4	0	1	118	1362	1479	2.32e-51	196
NODE_75764_length_217_cov_1.32716	gb_CP007593.1_+_2148923-2149772_ARO:3001301_RlmA(II)	91.204	216	19	0	2	217	271	486	7.72e-81	294
NODE_77322_length_214_cov_1.13208	gb_AM180355_+_600033-601953_ARO:3000186_tetM	99.533	214	1	0	1	214	380	167	9.42e-110	390
NODE_83198_length_159_cov_28.4712	gb_AF472622_+_52-1018_ARO:3003003_CfxA3	100.000	61	0	0	99	159	966	906	1.65e-26	113
NODE_83198_length_159_cov_28.4712	gb_AY769934_+_27-993_ARO:3003096_CfxA5	100.000	61	0	0	99	159	966	906	1.65e-26	113
NODE_83198_length_159_cov_28.4712	gb_U38243_+_149-1115_ARO:3003001_CfxA	100.000	61	0	0	99	159	966	906	1.65e-26	113
NODE_83198_length_159_cov_28.4712	gb_AY769933_+_0-966_ARO:3003005_CfxA4	100.000	61	0	0	99	159	966	906	1.65e-26	113
NODE_83198_length_159_cov_28.4712	gb_AF118110.1_-_71-1037_ARO:3003002_CfxA2	100.000	61	0	0	99	159	966	906	1.65e-26	113
NODE_83280_length_157_cov_4.85294	gb_KX000272.1_+_0-1740_ARO:3004035_tetA(60)	92.994	157	11	0	1	157	227	71	1.55e-61	230
NODE_83557_length_150_cov_10.9158	gb_KX000272.1_+_0-1740_ARO:3004035_tetA(60)	92.667	150	11	0	1	150	896	1045	1.14e-57	217
NODE_83625_length_147_cov_5.41304	gb_KX000273.1_+_0-1740_ARO:3004036_tetB(60)	87.586	145	18	0	1	145	1066	922	3.18e-43	169
NODE_83824_length_141_cov_2.19767	gb_HM990671_+_5192-6671_ARO:3003112_lsaC	95.070	142	5	2	1	141	1135	995	2.29e-59	222
NODE_83902_length_138_cov_7.3494	gb_KX000272.1_+_0-1740_ARO:3004035_tetA(60)	97.500	80	2	0	1	80	80	1	8.32e-34	137
NODE_83929_length_138_cov_7.44578	gb_KX000272.1_+_0-1740_ARO:3004035_tetA(60)	88.060	134	16	0	3	136	1442	1309	1.78e-40	159
NODE_84552_length_118_cov_7.88889	gb_AF472622_+_52-1018_ARO:3003003_CfxA3	100.000	55	0	0	64	118	960	906	2.53e-23	102
NODE_84552_length_118_cov_7.88889	gb_AY769934_+_27-993_ARO:3003096_CfxA5	100.000	55	0	0	64	118	960	906	2.53e-23	102
NODE_84552_length_118_cov_7.88889	gb_U38243_+_149-1115_ARO:3003001_CfxA	100.000	55	0	0	64	118	960	906	2.53e-23	102
NODE_84552_length_118_cov_7.88889	gb_AY769933_+_0-966_ARO:3003005_CfxA4	100.000	55	0	0	64	118	960	906	2.53e-23	102
NODE_84552_length_118_cov_7.88889	gb_AF118110.1_-_71-1037_ARO:3003002_CfxA2	100.000	55	0	0	64	118	960	906	2.53e-23	102
NODE_85010_length_110_cov_13.8182	gb_KX000272.1_+_0-1740_ARO:3004035_tetA(60)	90.909	110	10	0	1	110	1499	1390	2.94e-37	148
NODE_87168_length_66_cov_15.4545	gb_KX000273.1_+_0-1740_ARO:3004036_tetB(60)	96.970	66	2	0	1	66	909	974	2.04e-26	111
