NODE_57_length_18851_cov_77.2599	gb_M18896.2_+_206-2126_ARO:3000190_tetO	99.740	1920	5	0	871	2790	1	1920	0.0	3518
NODE_57_length_18851_cov_77.2599	gb_AJ295238.3_+_163-2083_ARO:3000196_tet32	94.344	831	47	0	1960	2790	1090	1920	0.0	1275
NODE_57_length_18851_cov_77.2599	gb_AJ295238.3_+_163-2083_ARO:3000196_tet32	91.919	396	32	0	871	1266	1	396	3.05e-157	555
NODE_348_length_8509_cov_16.8752	gb_M17124_+_1181-1982_ARO:3000498_ErmF	99.750	801	2	0	3293	4093	1	801	0.0	1469
NODE_348_length_8509_cov_16.8752	gb_AF319779.2_+_32-833_ARO:3000604_Erm(35)	78.643	796	166	3	3293	4086	1	794	1.08e-148	525
NODE_406_length_7828_cov_4.9093	gb_NC_002134.1_+_41537-42743_ARO:3000165_tet(A)	99.751	1206	3	0	4195	5400	1	1206	0.0	2211
NODE_406_length_7828_cov_4.9093	gb_AB089595_+_0-1206_ARO:3000166_tet(B)	99.585	1206	5	0	4195	5400	1	1206	0.0	2200
NODE_406_length_7828_cov_4.9093	gb_BX664015.1_-_204137-204554_ARO:3000168_tet(D)	100.000	417	0	0	6194	6610	1	417	0.0	771
NODE_437_length_7571_cov_119.298	gb_NC_003098.1_-_1359228-1360395_ARO:3000025_patB	92.288	765	59	0	6807	7571	1161	397	0.0	1086
NODE_632_length_6274_cov_53.9846	gb_AM180355_+_600033-601953_ARO:3000186_tetM	97.222	432	12	0	1	432	1489	1920	0.0	732
NODE_673_length_6063_cov_76.2988	gb_NC_003098.1_-_1359228-1360395_ARO:3000025_patB	93.282	1161	78	0	2821	3981	1161	1	0.0	1712
NODE_859_length_5357_cov_4.62505	gb_AF242872_+_2131-2878_ARO:3000375_ErmB	99.465	747	3	1	3935	4680	747	1	0.0	1356
NODE_1051_length_4831_cov_62.3714	gb_NC_003098.1_-_1359228-1360395_ARO:3000025_patB	92.420	1161	88	0	1642	2802	1161	1	0.0	1657
NODE_1467_length_3995_cov_6.2165	gb_AF118110.1_-_71-1037_ARO:3003002_CfxA2	100.000	966	0	0	1502	2467	966	1	0.0	1784
NODE_1467_length_3995_cov_6.2165	gb_AF472622_+_52-1018_ARO:3003003_CfxA3	99.896	966	1	0	1502	2467	966	1	0.0	1779
NODE_1467_length_3995_cov_6.2165	gb_AY769934_+_27-993_ARO:3003096_CfxA5	99.896	966	1	0	1502	2467	966	1	0.0	1779
NODE_1467_length_3995_cov_6.2165	gb_U38243_+_149-1115_ARO:3003001_CfxA	99.896	966	1	0	1502	2467	966	1	0.0	1779
NODE_1467_length_3995_cov_6.2165	gb_AY769933_+_0-966_ARO:3003005_CfxA4	99.896	966	1	0	1502	2467	966	1	0.0	1779
NODE_1467_length_3995_cov_6.2165	gb_GQ342996_+_797-1793_ARO:3003097_CfxA6	89.234	966	101	3	1507	2471	993	30	0.0	1205
NODE_1584_length_3816_cov_59.917	gb_AM180355_+_600033-601953_ARO:3000186_tetM	86.929	788	103	0	1	788	788	1	0.0	885
NODE_2250_length_3080_cov_269.919	gb_NC_012469.1_-_1800927-1802391_ARO:3000616_mel	100.000	1464	0	0	1605	3068	1464	1	0.0	2704
NODE_2633_length_2790_cov_147.109	gb_NC_003098.1_+_866210-867410_ARO:3000822_pmrA	94.333	1200	68	0	1588	2787	1200	1	0.0	1840
NODE_3498_length_2340_cov_94.3602	gb_NC_003098.1_+_866210-867410_ARO:3000822_pmrA	98.077	52	1	0	1	52	52	1	1.27e-18	91.6
NODE_3499_length_2340_cov_59.0385	gb_NC_003098.1_+_866210-867410_ARO:3000822_pmrA	98.077	52	1	0	2289	2340	1	52	1.27e-18	91.6
NODE_3503_length_2339_cov_278.551	gb_NC_023287.1_-_65291-66509_ARO:3000615_mefA	96.962	1218	37	0	1107	2324	1	1218	0.0	2045
NODE_3723_length_2251_cov_20.1603	gb_Z21523_+_0-1974_ARO:3000191_tetQ	97.315	1974	53	0	139	2112	1974	1	0.0	3352
NODE_4431_length_1994_cov_2.49252	gb_NC_003112.2_+_329612-330767_ARO:3003961_farA	76.389	216	45	6	14	226	821	1033	8.32e-25	111
NODE_4493_length_1975_cov_1.86823	gb_AY768532_+_0-1935_ARO:3000535_macB	81.393	1795	315	16	183	1969	1	1784	0.0	1447
NODE_4655_length_1930_cov_115.94	gb_CP007593.1_+_2148923-2149772_ARO:3001301_RlmA(II)	88.484	851	94	4	1002	1850	849	1	0.0	1026
NODE_4662_length_1929_cov_2.51868	gb_KC539823_+_1017-2586_ARO:3002829_vgaA	100.000	28	0	0	940	967	1250	1223	4.95e-07	52.8
NODE_4662_length_1929_cov_2.51868	gb_DQ823382_+_0-1569_ARO:3002830_vgaALC	100.000	28	0	0	940	967	1250	1223	4.95e-07	52.8
NODE_5338_length_1757_cov_1.60341	gb_NC_003112.2_-_1791966-1795170_ARO:3000811_mtrD	83.279	921	140	10	844	1757	3176	2263	0.0	835
NODE_5560_length_1710_cov_2.2574	gb_HM990671_+_5192-6671_ARO:3003112_lsaC	91.069	1254	110	2	1	1253	1253	1	0.0	1694
NODE_5934_length_1637_cov_134.085	gb_NC_003098.1_-_1359228-1360395_ARO:3000025_patB	93.570	451	29	0	1187	1637	1	451	0.0	673
NODE_6104_length_1604_cov_1.6785	gb_HQ652506.1_+_2099-3836_ARO:3004033_tetB(46)	75.570	1273	267	36	317	1567	60	1310	2.53e-168	588
NODE_6576_length_1519_cov_2.72883	gb_NC_003112.2_-_1791966-1795170_ARO:3000811_mtrD	81.056	1515	283	4	4	1516	2195	683	0.0	1205
NODE_6919_length_1463_cov_163.89	gb_CP007593.1_+_2148923-2149772_ARO:3001301_RlmA(II)	90.618	469	42	2	3	470	382	849	2.28e-178	621
NODE_7368_length_1401_cov_4.67756	gb_KU736867.1_+_19653-21573_ARO:3004442_tet(W/N/W)	98.977	782	8	0	2	783	782	1	0.0	1400
NODE_7368_length_1401_cov_4.67756	gb_EU434751_+_658-2578_ARO:3000194_tetW	98.977	782	8	0	2	783	782	1	0.0	1400
NODE_7402_length_1396_cov_1.48098	gb_AF024666.2_-_2207-2969_ARO:3000596_ErmX	100.000	107	0	0	1	107	107	1	4.33e-51	198
NODE_8378_length_1280_cov_2.85224	gb_AF472622_+_52-1018_ARO:3003003_CfxA3	98.276	58	1	0	1223	1280	64	121	3.20e-22	102
NODE_8378_length_1280_cov_2.85224	gb_AY769934_+_27-993_ARO:3003096_CfxA5	98.276	58	1	0	1223	1280	64	121	3.20e-22	102
NODE_8378_length_1280_cov_2.85224	gb_U38243_+_149-1115_ARO:3003001_CfxA	98.276	58	1	0	1223	1280	64	121	3.20e-22	102
NODE_8378_length_1280_cov_2.85224	gb_AY769933_+_0-966_ARO:3003005_CfxA4	98.276	58	1	0	1223	1280	64	121	3.20e-22	102
NODE_8378_length_1280_cov_2.85224	gb_AF118110.1_-_71-1037_ARO:3003002_CfxA2	98.276	58	1	0	1223	1280	64	121	3.20e-22	102
NODE_10511_length_1079_cov_2.17383	gb_HM990671_+_5192-6671_ARO:3003112_lsaC	94.200	500	29	0	6	505	980	1479	0.0	763
NODE_11710_length_996_cov_1.45484	gb_HQ652506.1_+_373-2098_ARO:3004032_tetA(46)	94.839	775	39	1	1	774	951	1725	0.0	1208
NODE_11710_length_996_cov_1.45484	gb_HQ652506.1_+_2099-3836_ARO:3004033_tetB(46)	95.928	221	9	0	776	996	1	221	1.33e-99	359
NODE_15488_length_810_cov_30.1682	gb_AM180355_+_600033-601953_ARO:3000186_tetM	96.035	807	32	0	1	807	1543	737	0.0	1314
NODE_15488_length_810_cov_30.1682	gb_L09756_+_0-1926_ARO:3000192_tetS	79.775	801	162	0	1	801	1543	743	5.89e-167	582
NODE_15489_length_810_cov_1.71391	gb_KX000273.1_+_0-1740_ARO:3004036_tetB(60)	90.081	615	61	0	2	616	1126	1740	0.0	798
NODE_15495_length_810_cov_29.7351	gb_AM180355_+_600033-601953_ARO:3000186_tetM	91.078	807	72	0	1	807	1543	737	0.0	1092
NODE_15495_length_810_cov_29.7351	gb_L09756_+_0-1926_ARO:3000192_tetS	80.324	803	154	4	1	801	1543	743	1.26e-173	604
NODE_17154_length_750_cov_61.9727	gb_CP007593.1_+_2148923-2149772_ARO:3001301_RlmA(II)	88.119	101	12	0	1	101	741	841	5.12e-28	121
NODE_17558_length_737_cov_1.55865	gb_AF024666.2_-_2207-2969_ARO:3000596_ErmX	99.701	335	0	1	403	737	762	429	6.81e-176	612
NODE_19096_length_692_cov_1.5416	gb_HQ652506.1_+_2099-3836_ARO:3004033_tetB(46)	92.973	185	13	0	1	185	1553	1737	4.43e-73	270
NODE_19219_length_689_cov_3.59464	gb_KU736867.1_+_19653-21573_ARO:3004442_tet(W/N/W)	97.232	578	16	0	112	689	1913	1336	0.0	979
NODE_19219_length_689_cov_3.59464	gb_EU434751_+_658-2578_ARO:3000194_tetW	97.227	577	14	2	114	689	1911	1336	0.0	976
NODE_19717_length_677_cov_8.32797	gb_CP007593.1_+_2148923-2149772_ARO:3001301_RlmA(II)	95.556	90	4	0	588	677	849	760	2.74e-35	145
NODE_20323_length_662_cov_1.73806	gb_HQ652506.1_+_2099-3836_ARO:3004033_tetB(46)	97.130	662	19	0	1	662	966	305	0.0	1118
NODE_20642_length_655_cov_1.47833	gb_HQ652506.1_+_373-2098_ARO:3004032_tetA(46)	97.727	264	6	0	392	655	1	264	1.08e-128	455
NODE_20893_length_649_cov_23.6195	gb_NC_003098.1_+_866210-867410_ARO:3000822_pmrA	98.077	52	1	0	1	52	52	1	3.46e-19	91.6
NODE_23116_length_602_cov_1.72578	gb_CP007593.1_+_2148923-2149772_ARO:3001301_RlmA(II)	88.542	288	33	0	1	288	556	843	4.79e-97	350
NODE_23689_length_591_cov_2.65299	gb_EU434751_+_658-2578_ARO:3000194_tetW	100.000	51	0	0	541	591	1920	1870	2.43e-20	95.3
NODE_26814_length_539_cov_1.55785	gb_HM990671_+_5192-6671_ARO:3003112_lsaC	90.724	539	50	0	1	539	1252	714	0.0	719
NODE_27654_length_526_cov_2.12527	gb_EU434751_+_658-2578_ARO:3000194_tetW	96.768	526	17	0	1	526	1300	775	0.0	878
NODE_27654_length_526_cov_2.12527	gb_KU736867.1_+_19653-21573_ARO:3004442_tet(W/N/W)	92.015	526	42	0	1	526	1300	775	0.0	739
NODE_28118_length_519_cov_0.946121	gb_HQ652506.1_+_2099-3836_ARO:3004033_tetB(46)	89.418	378	40	0	1	378	1344	1721	1.80e-135	477
NODE_28191_length_518_cov_0.965443	gb_KX000273.1_+_0-1740_ARO:3004036_tetB(60)	83.784	407	66	0	99	505	1	407	3.12e-108	387
NODE_28487_length_514_cov_1.56209	gb_NC_017452.1_-_1144673-1146068_ARO:3003953_hmrM	91.829	514	42	0	1	514	381	894	0.0	717
NODE_30095_length_493_cov_2.55251	gb_U00096_+_2812615-2814154_ARO:3000074_emrB	85.057	87	12	1	74	160	1115	1200	3.37e-18	87.9
NODE_31046_length_482_cov_2.59485	gb_KU736867.1_+_19653-21573_ARO:3004442_tet(W/N/W)	95.283	106	5	0	1	106	106	1	1.14e-42	169
NODE_31046_length_482_cov_2.59485	gb_EU434751_+_658-2578_ARO:3000194_tetW	95.283	106	5	0	1	106	106	1	1.14e-42	169
NODE_32145_length_469_cov_1.50483	gb_KX000272.1_+_0-1740_ARO:3004035_tetA(60)	100.000	64	0	0	1	64	64	1	1.13e-27	119
NODE_34454_length_445_cov_1.40256	gb_KX000272.1_+_0-1740_ARO:3004035_tetA(60)	89.189	444	48	0	2	445	280	723	6.89e-159	555
NODE_34549_length_444_cov_1.35219	gb_HM990671_+_5192-6671_ARO:3003112_lsaC	95.495	444	20	0	1	444	96	539	0.0	710
NODE_39157_length_404_cov_0.974212	gb_HM990671_+_5192-6671_ARO:3003112_lsaC	100.000	101	0	0	304	404	1	101	2.62e-48	187
NODE_39241_length_404_cov_44.5215	gb_CP007593.1_+_2148923-2149772_ARO:3001301_RlmA(II)	93.636	110	7	0	295	404	849	740	1.23e-41	165
NODE_43912_length_372_cov_1.43533	gb_NC_017452.1_-_1144673-1146068_ARO:3003953_hmrM	91.398	372	32	0	1	372	142	513	1.25e-145	510
NODE_47153_length_353_cov_0.872483	gb_NC_017452.1_-_1144673-1146068_ARO:3003953_hmrM	94.118	221	13	0	1	221	1175	1395	2.14e-93	337
NODE_49214_length_342_cov_1.33449	gb_AJ295238.3_+_163-2083_ARO:3000196_tet32	98.534	341	5	0	2	342	703	363	1.85e-173	603
NODE_55213_length_316_cov_1.21839	gb_NC_017452.1_-_1144673-1146068_ARO:3003953_hmrM	88.732	213	24	0	104	316	1	213	1.18e-70	261
NODE_55668_length_314_cov_1.6139	gb_CP007593.1_+_2148923-2149772_ARO:3001301_RlmA(II)	84.395	314	49	0	1	314	311	624	4.11e-85	309
NODE_56783_length_310_cov_0.996078	gb_HQ652506.1_+_373-2098_ARO:3004032_tetA(46)	91.935	310	25	0	1	310	625	934	6.42e-123	435
NODE_62593_length_290_cov_1.24681	gb_HQ652506.1_+_373-2098_ARO:3004032_tetA(46)	94.828	290	15	0	1	290	328	617	1.65e-128	453
NODE_62663_length_290_cov_3.85106	gb_AP009048_+_2810082-2811255_ARO:3000027_emrA	90.566	53	5	0	234	286	968	916	1.94e-13	71.3
NODE_65939_length_280_cov_1.6	gb_KX000272.1_+_0-1740_ARO:3004035_tetA(60)	93.525	278	18	0	2	279	461	184	7.49e-117	414
NODE_76533_length_254_cov_5.28643	gb_CP007593.1_+_2148923-2149772_ARO:3001301_RlmA(II)	91.848	184	15	0	69	252	841	658	1.20e-69	257
NODE_76804_length_253_cov_1.48485	gb_AJ295238.3_+_163-2083_ARO:3000196_tet32	98.394	249	4	0	5	253	1273	1025	3.99e-124	438
NODE_83353_length_240_cov_1.78378	gb_CP007593.1_+_2148923-2149772_ARO:3001301_RlmA(II)	85.000	240	36	0	1	240	771	532	8.81e-66	244
NODE_87943_length_232_cov_0.649718	gb_AY768532_+_0-1935_ARO:3000535_macB	90.393	229	22	0	1	229	1016	788	4.96e-83	302
NODE_88433_length_232_cov_1.25424	gb_HM990671_+_5192-6671_ARO:3003112_lsaC	96.875	224	7	0	1	224	568	345	2.88e-105	375
NODE_90462_length_228_cov_1.56069	gb_AY768532_+_0-1935_ARO:3000535_macB	89.916	119	12	0	1	119	1595	1713	1.44e-38	154
NODE_98126_length_217_cov_1.12963	gb_KX000272.1_+_0-1740_ARO:3004035_tetA(60)	91.705	217	18	0	1	217	949	733	4.61e-83	302
NODE_98626_length_217_cov_1.37037	gb_NC_017452.1_-_1144673-1146068_ARO:3003953_hmrM	90.741	216	20	0	2	217	934	1149	3.59e-79	289
NODE_99237_length_216_cov_0.919255	gb_NC_017452.1_-_1144673-1146068_ARO:3003953_hmrM	91.204	216	19	0	1	216	1027	1242	7.68e-81	294
NODE_103012_length_211_cov_0.99359	gb_KX000272.1_+_0-1740_ARO:3004035_tetA(60)	93.564	202	13	0	10	211	1088	887	4.47e-83	302
NODE_105572_length_208_cov_0.869281	gb_KX000272.1_+_0-1740_ARO:3004035_tetA(60)	87.019	208	27	0	1	208	1663	1456	4.53e-63	235
NODE_107596_length_204_cov_3.97987	gb_NC_003098.1_-_1359228-1360395_ARO:3000025_patB	81.416	113	21	0	92	204	1161	1049	2.82e-20	93.5
NODE_107627_length_202_cov_105.905	gb_NC_012469.1_-_1800927-1802391_ARO:3000616_mel	100.000	43	0	0	160	202	1	43	2.17e-16	80.5
NODE_108652_length_159_cov_7.625	gb_CP007593.1_+_2148923-2149772_ARO:3001301_RlmA(II)	94.904	157	8	0	1	157	814	658	1.56e-66	246
NODE_108954_length_147_cov_9.90217	gb_NC_003098.1_-_1359228-1360395_ARO:3000025_patB	93.103	145	10	0	1	145	1102	958	1.45e-56	213
NODE_110495_length_103_cov_211.229	gb_NC_012469.1_-_1800927-1802391_ARO:3000616_mel	100.000	43	0	0	61	103	1	43	1.00e-16	80.5
NODE_110655_length_99_cov_18.1818	gb_CP007593.1_+_2148923-2149772_ARO:3001301_RlmA(II)	93.878	98	6	0	2	99	613	710	2.59e-37	148
