NODE_2_length_415505_cov_43.5212	gb_M80346_+_0-1656_ARO:3002817_carA	96.970	33	1	0	333883	333915	571	603	8.28e-06	56.5
NODE_90_length_95234_cov_86.8549	gb_AF173226_+_3767-6917_ARO:3003052_smeB	82.432	74	13	0	6223	6296	1242	1169	3.16e-09	65.8
NODE_90_length_95234_cov_86.8549	gb_AJ252200_+_1278-4401_ARO:3003056_smeE	84.615	65	10	0	6223	6287	1242	1178	3.16e-09	65.8
NODE_154_length_76286_cov_59.8208	gb_GQ343019_+_132-1023_ARO:3002999_CblA-1	99.776	891	2	0	6800	7690	891	1	0.0	1635
NODE_154_length_76286_cov_59.8208	gb_GQ343019_+_132-1023_ARO:3002999_CblA-1	99.776	891	2	0	4654	5544	891	1	0.0	1635
NODE_526_length_35769_cov_98.9521	gb_M37699_+_585-1752_ARO:3000205_tetX	99.829	1167	2	0	1159	2325	1167	1	0.0	2145
NODE_662_length_30739_cov_13.6977	gb_M57437_+_0-1647_ARO:3002827_tlrC	96.970	33	1	0	25792	25824	568	600	6.14e-07	56.5
NODE_704_length_29488_cov_8.19454	gb_AF170880_+_0-1848_ARO:3002522_novA	72.390	431	99	20	26208	26628	1591	1171	7.41e-26	119
NODE_1786_length_12664_cov_7.38663	gb_M18896.2_+_206-2126_ARO:3000190_tetO	99.583	1920	8	0	439	2358	1920	1	0.0	3502
NODE_1786_length_12664_cov_7.38663	gb_AJ295238.3_+_163-2083_ARO:3000196_tet32	94.465	831	46	0	439	1269	1920	1090	0.0	1280
NODE_1786_length_12664_cov_7.38663	gb_AJ295238.3_+_163-2083_ARO:3000196_tet32	91.919	396	32	0	1963	2358	396	1	2.05e-157	555
NODE_2219_length_9917_cov_10.8493	gb_EU434751_+_658-2578_ARO:3000194_tetW	99.948	1920	1	0	7145	9064	1920	1	0.0	3541
NODE_2219_length_9917_cov_10.8493	gb_KU736867.1_+_19653-21573_ARO:3004442_tet(W/N/W)	96.077	1912	73	2	7154	9064	1911	1	0.0	3114
NODE_2284_length_9671_cov_8.17471	gb_U00096_+_3415032-3418137_ARO:3000502_acrF	76.531	98	21	2	4703	4799	1150	1246	2.50e-06	52.8
NODE_2699_length_7822_cov_7.41612	gb_AP006618.1_+_4835199-4838688_ARO:3000501_Nocardia	77.684	354	75	4	3777	4128	2986	3337	8.76e-55	213
NODE_2801_length_7371_cov_15.8941	gb_Z21523_+_0-1974_ARO:3000191_tetQ	100.000	54	0	0	7318	7371	1961	1908	6.71e-21	100
NODE_5479_length_3441_cov_344.562	gb_Z21523_+_0-1974_ARO:3000191_tetQ	97.366	1974	52	0	1297	3270	1	1974	0.0	3358
NODE_5672_length_3323_cov_17.0649	gb_X74948_+_0-492_ARO:3002688_catS	96.334	491	18	0	2751	3241	1	491	0.0	808
NODE_5672_length_3323_cov_17.0649	gb_AF226276.1_+_3583-4207_ARO:3002682_catD	85.032	628	86	7	2691	3314	1	624	0.0	632
NODE_5672_length_3323_cov_17.0649	gb_U15027_+_0-624_ARO:3002686_catP	85.032	628	86	7	2691	3314	1	624	0.0	632
NODE_6733_length_2814_cov_4.13048	gb_L11616_+_1569-4710_ARO:3000378_MexB	79.231	390	70	8	2	384	1168	1553	1.11e-69	261
NODE_7407_length_2571_cov_4.97138	gb_AJ295238.3_+_163-2083_ARO:3000196_tet32	87.975	1921	211	19	259	2169	1	1911	0.0	2250
NODE_8493_length_2245_cov_2.49361	gb_M57437_+_0-1647_ARO:3002827_tlrC	92.500	40	1	2	1386	1425	557	594	4.46e-08	56.5
NODE_15487_length_1280_cov_166.394	gb_AY769934_+_27-993_ARO:3003096_CfxA5	100.000	966	0	0	65	1030	1	966	0.0	1784
NODE_15487_length_1280_cov_166.394	gb_AF118110.1_-_71-1037_ARO:3003002_CfxA2	99.896	966	1	0	65	1030	1	966	0.0	1779
NODE_15487_length_1280_cov_166.394	gb_AF472622_+_52-1018_ARO:3003003_CfxA3	99.793	966	2	0	65	1030	1	966	0.0	1773
NODE_15487_length_1280_cov_166.394	gb_U38243_+_149-1115_ARO:3003001_CfxA	99.793	966	2	0	65	1030	1	966	0.0	1773
NODE_15487_length_1280_cov_166.394	gb_AY769933_+_0-966_ARO:3003005_CfxA4	99.793	966	2	0	65	1030	1	966	0.0	1773
NODE_15487_length_1280_cov_166.394	gb_GQ342996_+_797-1793_ARO:3003097_CfxA6	89.130	966	102	3	61	1025	30	993	0.0	1199
NODE_23914_length_867_cov_3.04557	gb_NC_002516.2_-_2847775-2850886_ARO:3004075_MuxC	100.000	33	0	0	676	708	1233	1201	3.65e-10	62.1
NODE_24184_length_859_cov_1.76493	gb_AF028812_+_392-887_ARO:3002867_dfrF	100.000	495	0	0	210	704	495	1	0.0	915
NODE_24643_length_844_cov_3.06971	gb_AFRQ01000061.1_-_23986-27124_ARO:3004144_AxyY	74.066	455	102	15	189	635	1479	1033	1.57e-43	172
NODE_25261_length_826_cov_1.73281	gb_AF242872_+_2131-2878_ARO:3000375_ErmB	98.952	477	4	1	1	476	271	747	0.0	852
NODE_25261_length_826_cov_1.73281	gb_AF242872_+_2131-2878_ARO:3000375_ErmB	100.000	51	0	0	776	826	1	51	3.43e-20	95.3
NODE_25479_length_821_cov_2.25979	gb_X01702_+_484-1285_ARO:3002659_APH(6)-Ic	96.875	32	1	0	359	390	514	483	5.79e-08	54.7
NODE_29049_length_735_cov_1.68382	gb_AF235050.4_+_38028-40140_ARO:3003318_Streptomyces	74.408	422	83	18	236	647	85	491	3.83e-39	158
NODE_41229_length_553_cov_2.64458	gb_U05883_+_555-1458_ARO:3003559_cepA	76.782	491	109	5	59	547	77	564	3.51e-73	270
NODE_42124_length_543_cov_1.54713	gb_NC_014638.1_-_1610636-1613960_ARO:3003730_Bifidobacteria	83.665	251	37	4	295	543	23	271	4.52e-62	233
NODE_44596_length_518_cov_2.10799	gb_AF235050.4_+_38028-40140_ARO:3003318_Streptomyces	74.704	253	47	13	141	387	491	250	5.89e-21	97.1
NODE_51632_length_461_cov_1.86453	gb_NC_002516.2_+_4904646-4907703_ARO:3003031_mexW	83.117	77	13	0	351	427	1145	1221	3.16e-13	71.3
NODE_56132_length_433_cov_0.902116	gb_AP009048_+_2810082-2811255_ARO:3000027_emrA	74.208	221	52	5	39	256	968	750	2.94e-18	87.9
NODE_71537_length_361_cov_1.60131	gb_KX531046.1_+_0-864_ARO:3003982_LlmA	78.378	111	22	2	1	110	464	355	2.45e-13	71.3
NODE_78748_length_337_cov_1.59574	gb_L42817_+_201-936_ARO:3000522_ErmG	100.000	330	0	0	8	337	195	524	1.09e-175	610
NODE_78748_length_337_cov_1.59574	gb_M64090_+_0-735_ARO:3000595_ErmT	80.377	265	52	0	73	337	260	524	7.74e-53	202
NODE_100982_length_284_cov_1.74236	gb_AF235050.4_+_38028-40140_ARO:3003318_Streptomyces	76.995	213	37	9	1	207	281	75	1.12e-25	111
NODE_109843_length_268_cov_2.07512	gb_KU736867.1_+_19653-21573_ARO:3004442_tet(W/N/W)	92.164	268	21	0	1	268	166	433	2.61e-106	379
NODE_109843_length_268_cov_2.07512	gb_EU434751_+_658-2578_ARO:3000194_tetW	91.045	268	24	0	1	268	166	433	2.63e-101	363
NODE_145716_length_225_cov_0.929412	gb_JQ740052_+_2108-3329_ARO:3000567_tet(40)	100.000	225	0	0	1	225	1200	976	1.64e-117	416
NODE_161180_length_211_cov_0.961538	gb_JQ740052_+_2108-3329_ARO:3000567_tet(40)	99.052	211	2	0	1	211	985	775	2.01e-106	379
NODE_161208_length_211_cov_1.58333	gb_AF235050.4_+_38028-40140_ARO:3003318_Streptomyces	77.654	179	30	9	1	177	420	250	1.75e-22	100
NODE_163023_length_210_cov_1.40645	gb_M80346_+_0-1656_ARO:3002817_carA	94.444	36	2	0	138	173	1499	1464	3.82e-09	56.5
NODE_163691_length_210_cov_2.56774	gb_AP006618.1_+_4835199-4838688_ARO:3000501_Nocardia	89.231	65	5	2	147	210	3285	3222	2.27e-16	80.5
