NODE_19_length_168458_cov_23.5221	gb_AP006618.1_+_4835199-4838688_ARO:3000501_Nocardia	76.748	3204	634	83	6373	9516	3370	218	0.0	1687
NODE_24_length_161531_cov_25.0448	gb_AF235050.4_+_38028-40140_ARO:3003318_Streptomyces	73.744	2030	455	65	89068	91049	68	2067	0.0	725
NODE_60_length_102396_cov_21.2137	gb_HG970100.1_+_0-1457_ARO:3003948_efrA	100.000	31	0	0	13847	13877	1202	1232	5.69e-07	58.4
NODE_62_length_100908_cov_22.6544	gb_M80346_+_0-1656_ARO:3002817_carA	97.222	36	1	0	22530	22565	1468	1503	4.33e-08	62.1
NODE_62_length_100908_cov_22.6544	gb_M80346_+_0-1656_ARO:3002817_carA	100.000	29	0	0	16571	16599	1503	1475	7.25e-06	54.7
NODE_115_length_71100_cov_21.437	gb_AF235050.4_+_38028-40140_ARO:3003318_Streptomyces	86.154	65	9	0	46764	46828	1897	1961	5.07e-11	71.3
NODE_226_length_45287_cov_21.2706	gb_AP006618.1_+_4835199-4838688_ARO:3000501_Nocardia	75.386	3112	709	48	18495	21585	3362	287	0.0	1450
NODE_318_length_37076_cov_31.3957	gb_NC_003112.2_-_1791966-1795170_ARO:3000811_mtrD	85.076	3176	467	6	30794	33966	1	3172	0.0	3232
NODE_318_length_37076_cov_31.3957	gb_CP001050.1_+_1332866-1333499_ARO:3000817_mtrR	77.474	586	116	14	28667	29244	578	1	2.36e-91	337
NODE_473_length_28216_cov_7.16001	gb_KX000273.1_+_0-1740_ARO:3004036_tetB(60)	85.941	1515	189	22	5548	7050	238	1740	0.0	1596
NODE_475_length_28148_cov_9.52842	gb_HM990671_+_5192-6671_ARO:3003112_lsaC	87.983	233	28	0	27916	28148	1479	1247	3.97e-73	276
NODE_982_length_17578_cov_7.01855	gb_AP006618.1_+_4835199-4838688_ARO:3000501_Nocardia	80.899	356	52	11	9040	9387	3333	2986	1.49e-70	267
NODE_1086_length_16456_cov_5.36736	gb_AP006618.1_+_4835199-4838688_ARO:3000501_Nocardia	72.449	3038	732	86	8839	11831	3320	343	0.0	876
NODE_1534_length_13126_cov_15.3955	gb_NC_014638.1_-_1610636-1613960_ARO:3003730_Bifidobacteria	74.136	1071	235	29	4323	5363	1090	2148	2.26e-112	405
NODE_1604_length_12726_cov_10.2331	gb_AFRQ01000061.1_-_23986-27124_ARO:3004144_AxyY	83.333	72	12	0	9902	9973	2645	2716	1.17e-10	67.6
NODE_1835_length_11739_cov_111.544	gb_NC_003098.1_-_1359228-1360395_ARO:3000025_patB	83.434	1159	188	3	4317	5473	1	1157	0.0	1074
NODE_1897_length_11485_cov_210.794	gb_NC_003112.2_+_330790-332317_ARO:3003962_farB	76.144	1224	284	7	8361	9580	58	1277	0.0	636
NODE_1994_length_11077_cov_7.71003	gb_NC_000913.3_-_481253-484403_ARO:3000216_acrB	70.141	566	142	22	5928	6478	1006	1559	1.01e-15	84.2
NODE_2159_length_10561_cov_5.39787	gb_X63451_+_0-1653_ARO:3002828_srmB	78.448	116	19	6	3153	3265	1577	1465	7.54e-12	71.3
NODE_2337_length_10060_cov_5.89655	gb_M80346_+_0-1656_ARO:3002817_carA	100.000	28	0	0	9601	9628	1188	1161	2.60e-06	52.8
NODE_2770_length_9023_cov_122.843	gb_AM180355_+_600033-601953_ARO:3000186_tetM	87.190	726	93	0	11	736	726	1	0.0	826
NODE_3901_length_7319_cov_143.141	gb_NC_003112.2_-_1791966-1795170_ARO:3000811_mtrD	81.003	3190	578	22	2411	5586	1	3176	0.0	2508
NODE_3901_length_7319_cov_143.141	gb_CP001050.1_+_1332866-1333499_ARO:3000817_mtrR	79.516	620	116	9	270	883	615	1	2.08e-120	431
NODE_4431_length_6735_cov_5.63473	gb_CP007593.1_+_2148923-2149772_ARO:3001301_RlmA(II)	85.640	766	110	0	1	766	76	841	0.0	806
NODE_4504_length_6655_cov_6.46288	gb_NC_002134.1_+_41537-42743_ARO:3000165_tet(A)	99.917	1206	1	0	4192	5397	1	1206	0.0	2222
NODE_4504_length_6655_cov_6.46288	gb_AB089595_+_0-1206_ARO:3000166_tet(B)	99.751	1206	3	0	4192	5397	1	1206	0.0	2211
NODE_4504_length_6655_cov_6.46288	gb_BX664015.1_-_204137-204554_ARO:3000168_tet(D)	100.000	417	0	0	6191	6607	1	417	0.0	771
NODE_4593_length_6565_cov_5.80568	gb_AY768532_+_0-1935_ARO:3000535_macB	74.408	1731	401	37	4265	5977	10	1716	0.0	704
NODE_4901_length_6294_cov_56.0813	gb_M17124_+_1181-1982_ARO:3000498_ErmF	99.750	801	2	0	3701	4501	1	801	0.0	1469
NODE_4901_length_6294_cov_56.0813	gb_AF319779.2_+_32-833_ARO:3000604_Erm(35)	78.643	796	166	3	3701	4494	1	794	7.97e-149	525
NODE_5172_length_6098_cov_242.474	gb_AY768532_+_0-1935_ARO:3000535_macB	86.198	1920	254	10	3800	5715	1	1913	0.0	2067
NODE_5172_length_6098_cov_242.474	gb_AY768531_+_0-1179_ARO:3000533_macA	84.317	1084	160	9	2605	3683	77	1155	0.0	1051
NODE_6006_length_5511_cov_163.095	gb_NC_012469.1_-_1800927-1802391_ARO:3000616_mel	100.000	1464	0	0	1605	3068	1464	1	0.0	2704
NODE_6006_length_5511_cov_163.095	gb_NC_023287.1_-_65291-66509_ARO:3000615_mefA	96.962	1218	37	0	3188	4405	1218	1	0.0	2045
NODE_6649_length_5156_cov_6.17781	gb_NC_003098.1_-_1359228-1360395_ARO:3000025_patB	93.282	1161	78	0	2920	4080	1161	1	0.0	1712
NODE_6846_length_5059_cov_17.249	gb_NC_000913.3_-_481253-484403_ARO:3000216_acrB	80.000	115	18	3	4708	4818	1462	1575	5.99e-15	80.5
NODE_7231_length_4860_cov_13.462	gb_AJ295238.3_+_163-2083_ARO:3000196_tet32	88.027	1921	210	19	2692	4602	1911	1	0.0	2255
NODE_7923_length_4553_cov_32.4282	gb_NC_003098.1_-_1359228-1360395_ARO:3000025_patB	100.000	30	0	0	1	30	30	1	9.09e-08	56.5
NODE_8083_length_4492_cov_5.00316	gb_AB015853_+_1330-4471_ARO:3003033_mexY	81.197	585	99	10	1767	2347	1550	973	1.63e-129	460
NODE_8083_length_4492_cov_5.00316	gb_AFRQ01000061.1_-_23986-27124_ARO:3004144_AxyY	79.538	650	120	12	1745	2389	1572	931	9.79e-127	451
NODE_8083_length_4492_cov_5.00316	gb_AFRQ01000061.1_-_23986-27124_ARO:3004144_AxyY	74.688	561	117	19	248	797	3066	2520	6.46e-59	226
NODE_8083_length_4492_cov_5.00316	gb_U57969_+_1485-4617_ARO:3000801_MexD	76.480	625	126	20	1763	2378	1563	951	2.88e-87	320
NODE_8083_length_4492_cov_5.00316	gb_AF173226_+_3767-6917_ARO:3003052_smeB	74.162	507	108	15	342	838	2996	2503	8.47e-48	189
NODE_8189_length_4443_cov_132.768	gb_AM180355_+_600033-601953_ARO:3000186_tetM	97.351	453	12	0	3991	4443	1920	1468	0.0	771
NODE_8396_length_4357_cov_44.9677	gb_CP007593.1_+_2148923-2149772_ARO:3001301_RlmA(II)	84.342	843	128	4	3227	4067	841	1	0.0	822
NODE_9126_length_4100_cov_11.8136	gb_Z21523_+_0-1974_ARO:3000191_tetQ	90.574	1952	183	1	2096	4046	1974	23	0.0	2584
NODE_10881_length_3614_cov_45.0542	gb_Z21523_+_0-1974_ARO:3000191_tetQ	98.936	1974	21	0	1117	3090	1974	1	0.0	3530
NODE_12183_length_3320_cov_15.9161	gb_AY768532_+_0-1935_ARO:3000535_macB	74.302	1969	441	61	1307	3244	1935	1	0.0	773
NODE_13984_length_2987_cov_7.39222	gb_HM990671_+_5192-6671_ARO:3003112_lsaC	84.371	1478	225	5	456	1930	1475	1	0.0	1445
NODE_14216_length_2950_cov_21.2515	gb_AF242872_+_2131-2878_ARO:3000375_ErmB	99.598	747	2	1	1678	2423	747	1	0.0	1362
NODE_15051_length_2816_cov_3.98986	gb_KX000272.1_+_0-1740_ARO:3004035_tetA(60)	89.540	1740	182	0	115	1854	1	1740	0.0	2206
NODE_15051_length_2816_cov_3.98986	gb_KX000273.1_+_0-1740_ARO:3004036_tetB(60)	100.000	966	0	0	1851	2816	1	966	0.0	1784
NODE_15211_length_2790_cov_5.33419	gb_AY227054_+_0-765_ARO:3001780_OXA-85	100.000	765	0	0	1937	2701	1	765	0.0	1413
NODE_15412_length_2760_cov_8.17301	gb_NC_014638.1_-_1610636-1613960_ARO:3003730_Bifidobacteria	74.594	862	187	23	1922	2758	2160	1306	2.25e-96	350
NODE_17182_length_2533_cov_29.4278	gb_AP006618.1_+_4835199-4838688_ARO:3000501_Nocardia	74.611	965	196	38	1585	2529	877	1812	2.63e-105	379
NODE_17791_length_2464_cov_4.83977	gb_DQ212986_+_2258-2966_ARO:3002926_vanRG	96.875	32	1	0	787	818	281	312	1.76e-07	54.7
NODE_19095_length_2327_cov_68.8239	gb_AY768532_+_0-1935_ARO:3000535_macB	85.015	1328	186	10	1005	2327	1935	616	0.0	1338
NODE_20541_length_2186_cov_1.86298	gb_NC_017452.1_-_1144673-1146068_ARO:3003953_hmrM	91.578	938	79	0	2	939	314	1251	0.0	1295
NODE_21258_length_2123_cov_3.07737	gb_KC539823_+_1017-2586_ARO:3002829_vgaA	100.000	28	0	0	1618	1645	1250	1223	5.45e-07	52.8
NODE_21258_length_2123_cov_3.07737	gb_DQ823382_+_0-1569_ARO:3002830_vgaALC	100.000	28	0	0	1618	1645	1250	1223	5.45e-07	52.8
NODE_21704_length_2086_cov_2.30625	gb_AF235050.4_+_38028-40140_ARO:3003318_Streptomyces	77.083	384	78	9	764	1142	76	454	2.32e-55	213
NODE_27784_length_1684_cov_7.28361	gb_HM990671_+_5192-6671_ARO:3003112_lsaC	100.000	396	0	0	1289	1684	1	396	0.0	732
NODE_28935_length_1625_cov_3.28981	gb_NC_003098.1_+_866210-867410_ARO:3000822_pmrA	92.899	1028	73	0	598	1625	1	1028	0.0	1495
NODE_33921_length_1406_cov_8.5544	gb_CP007593.1_+_2148923-2149772_ARO:3001301_RlmA(II)	88.704	841	89	5	131	968	1	838	0.0	1022
NODE_34383_length_1388_cov_2.94899	gb_M80346_+_0-1656_ARO:3002817_carA	100.000	36	0	0	158	193	1502	1467	1.27e-11	67.6
NODE_34660_length_1378_cov_95.9546	gb_AF118110.1_-_71-1037_ARO:3003002_CfxA2	100.000	966	0	0	52	1017	1	966	0.0	1784
NODE_34660_length_1378_cov_95.9546	gb_AF472622_+_52-1018_ARO:3003003_CfxA3	99.896	966	1	0	52	1017	1	966	0.0	1779
NODE_34660_length_1378_cov_95.9546	gb_AY769934_+_27-993_ARO:3003096_CfxA5	99.896	966	1	0	52	1017	1	966	0.0	1779
NODE_34660_length_1378_cov_95.9546	gb_U38243_+_149-1115_ARO:3003001_CfxA	99.896	966	1	0	52	1017	1	966	0.0	1779
NODE_34660_length_1378_cov_95.9546	gb_AY769933_+_0-966_ARO:3003005_CfxA4	99.896	966	1	0	52	1017	1	966	0.0	1779
NODE_34660_length_1378_cov_95.9546	gb_GQ342996_+_797-1793_ARO:3003097_CfxA6	89.234	966	101	3	48	1012	30	993	0.0	1205
NODE_34978_length_1366_cov_2.09535	gb_NC_002516.2_-_2850882-2854014_ARO:3004074_MuxB	71.944	1358	300	72	42	1366	1576	2885	2.41e-88	322
NODE_35232_length_1358_cov_34.6416	gb_CP007593.1_+_2148923-2149772_ARO:3001301_RlmA(II)	85.053	843	126	0	396	1238	1	843	0.0	859
NODE_35280_length_1356_cov_1.44274	gb_AY768531_+_0-1179_ARO:3000533_macA	84.647	241	37	0	1111	1351	110	350	6.89e-64	241
NODE_35395_length_1352_cov_73.3169	gb_AY768532_+_0-1935_ARO:3000535_macB	85.371	957	131	8	1	954	983	1933	0.0	983
NODE_35719_length_1340_cov_19.849	gb_CP007593.1_+_2148923-2149772_ARO:3001301_RlmA(II)	75.806	682	149	13	18	691	1	674	3.93e-91	331
NODE_36246_length_1323_cov_169.003	gb_AY768532_+_0-1935_ARO:3000535_macB	88.657	670	76	0	654	1323	1	670	0.0	817
NODE_36246_length_1323_cov_169.003	gb_AY768531_+_0-1179_ARO:3000533_macA	83.210	542	81	9	1	537	619	1155	2.17e-138	488
NODE_36433_length_1317_cov_145.183	gb_NC_003098.1_-_1359228-1360395_ARO:3000025_patB	83.593	835	133	3	1	833	325	1157	0.0	780
NODE_38237_length_1259_cov_6.00664	gb_NC_003098.1_+_866210-867410_ARO:3000822_pmrA	79.419	826	150	14	439	1254	6	821	9.28e-162	566
NODE_44388_length_1096_cov_2.64361	gb_NC_003098_+_953382-954594_ARO:3000614_mefE	90.191	418	41	0	679	1096	1206	789	1.05e-155	545
NODE_45685_length_1067_cov_3.19763	gb_HM990671_+_5192-6671_ARO:3003112_lsaC	82.143	280	50	0	749	1028	1470	1191	5.40e-64	241
NODE_46454_length_1052_cov_9.96991	gb_HM990671_+_5192-6671_ARO:3003112_lsaC	94.077	861	51	0	192	1052	2	862	0.0	1308
NODE_47845_length_1023_cov_1.89463	gb_X63451_+_0-1653_ARO:3002828_srmB	97.222	36	1	0	763	798	1465	1500	4.32e-10	62.1
NODE_52336_length_942_cov_7.78692	gb_HM990671_+_5192-6671_ARO:3003112_lsaC	99.691	647	2	0	296	942	1479	833	0.0	1184
NODE_52981_length_931_cov_21.4269	gb_HM990671_+_5192-6671_ARO:3003112_lsaC	90.558	233	22	0	699	931	1479	1247	1.27e-84	309
NODE_54314_length_909_cov_7.47892	gb_HM990671_+_5192-6671_ARO:3003112_lsaC	88.089	403	46	2	1	402	402	1	3.21e-135	477
NODE_54576_length_904_cov_8.76678	gb_NC_003098.1_-_1359228-1360395_ARO:3000025_patB	91.597	119	10	0	784	902	1	119	2.82e-41	165
NODE_54834_length_901_cov_78.1513	gb_CP007593.1_+_2148923-2149772_ARO:3001301_RlmA(II)	84.013	638	98	4	266	901	843	208	3.00e-175	610
NODE_55891_length_884_cov_5.88058	gb_NC_003098.1_-_1359228-1360395_ARO:3000025_patB	83.533	668	106	3	3	668	490	1155	1.36e-178	621
NODE_58560_length_847_cov_108.949	gb_HM990671_+_5192-6671_ARO:3003112_lsaC	88.224	518	61	0	1	518	518	1	4.69e-178	619
NODE_58966_length_841_cov_67.5038	gb_AM180355_+_600033-601953_ARO:3000186_tetM	95.329	835	39	0	7	841	688	1522	0.0	1327
NODE_58966_length_841_cov_67.5038	gb_L09756_+_0-1926_ARO:3000192_tetS	79.177	826	168	4	7	830	688	1511	4.76e-163	569
NODE_58979_length_841_cov_66.6794	gb_AM180355_+_600033-601953_ARO:3000186_tetM	90.299	835	81	0	7	841	688	1522	0.0	1094
NODE_58979_length_841_cov_66.6794	gb_L09756_+_0-1926_ARO:3000192_tetS	79.710	828	160	8	7	830	688	1511	1.02e-169	592
NODE_63491_length_784_cov_2.88615	gb_HM990671_+_5192-6671_ARO:3003112_lsaC	100.000	31	0	0	373	403	422	452	4.27e-09	58.4
NODE_63762_length_781_cov_3.42287	gb_AF235050.4_+_38028-40140_ARO:3003318_Streptomyces	76.000	775	147	34	1	760	1662	912	2.24e-101	364
NODE_65076_length_765_cov_142.87	gb_HM990671_+_5192-6671_ARO:3003112_lsaC	88.031	518	62	0	248	765	1	518	1.97e-176	614
NODE_66960_length_746_cov_2.79884	gb_AP009048_+_2810082-2811255_ARO:3000027_emrA	80.909	110	21	0	610	719	968	859	5.17e-18	87.9
NODE_67375_length_742_cov_4.15575	gb_M80346_+_0-1656_ARO:3002817_carA	100.000	28	0	0	550	577	1475	1502	1.88e-07	52.8
NODE_71361_length_704_cov_4.09553	gb_HM990671_+_5192-6671_ARO:3003112_lsaC	93.519	648	42	0	1	648	832	1479	0.0	965
NODE_73277_length_687_cov_1.22468	gb_U00096_+_2484373-2487967_ARO:3000833_evgS	99.854	687	1	0	1	687	2378	3064	0.0	1264
NODE_74074_length_681_cov_8.27955	gb_DQ516970_+_0-1987_ARO:3002882_lmrD	74.610	449	98	10	209	649	1986	1546	5.83e-47	183
NODE_75895_length_665_cov_2.0541	gb_EU434751_+_658-2578_ARO:3000194_tetW	99.699	665	2	0	1	665	1272	608	0.0	1218
NODE_75895_length_665_cov_2.0541	gb_KU736867.1_+_19653-21573_ARO:3004442_tet(W/N/W)	93.233	665	45	0	1	665	1272	608	0.0	979
NODE_77691_length_652_cov_4.96482	gb_HM990671_+_5192-6671_ARO:3003112_lsaC	91.473	129	11	0	2	130	1351	1479	2.60e-45	178
NODE_78402_length_647_cov_5.09291	gb_CP007593.1_+_2148923-2149772_ARO:3001301_RlmA(II)	87.833	263	32	0	385	647	841	579	8.75e-85	309
NODE_79994_length_635_cov_4.46379	gb_KU736867.1_+_19653-21573_ARO:3004442_tet(W/N/W)	99.471	378	2	0	258	635	1	378	0.0	688
NODE_79994_length_635_cov_4.46379	gb_EU434751_+_658-2578_ARO:3000194_tetW	99.471	378	2	0	258	635	1	378	0.0	688
NODE_82531_length_618_cov_14.1847	gb_NC_003098.1_+_866210-867410_ARO:3000822_pmrA	95.370	432	20	0	185	616	1200	769	0.0	688
NODE_86869_length_591_cov_63.444	gb_CP007593.1_+_2148923-2149772_ARO:3001301_RlmA(II)	87.423	326	41	0	266	591	843	518	7.75e-105	375
NODE_86912_length_590_cov_0.968224	gb_U00096.3_-_3203309-3204131_ARO:3002986_bacA	98.983	590	6	0	1	590	701	112	0.0	1057
NODE_89377_length_576_cov_2.49328	gb_NC_003098.1_-_1359228-1360395_ARO:3000025_patB	85.851	523	70	4	1	521	635	1155	3.25e-158	553
NODE_94267_length_548_cov_1.35903	gb_NC_003112.2_-_1795181-1796420_ARO:3000810_mtrC	73.879	513	120	12	2	507	215	720	7.74e-50	193
NODE_105415_length_494_cov_147.713	gb_HM990671_+_5192-6671_ARO:3003112_lsaC	92.105	494	39	0	1	494	1301	808	0.0	697
NODE_122772_length_430_cov_1.29067	gb_D78168_+_1591-3130_ARO:3000254_emrY	98.837	430	5	0	1	430	871	442	0.0	767
NODE_123729_length_427_cov_0.922043	gb_M18896.2_+_206-2126_ARO:3000190_tetO	98.361	427	7	0	1	427	351	777	0.0	750
NODE_125861_length_421_cov_6.19945	gb_X63451_+_0-1653_ARO:3002828_srmB	97.059	34	1	0	247	280	1466	1499	2.24e-09	58.4
NODE_127278_length_417_cov_163.105	gb_HM990671_+_5192-6671_ARO:3003112_lsaC	91.607	417	35	0	1	417	808	1224	1.37e-165	577
NODE_129004_length_411_cov_0.853933	gb_NC_002695.2_-_1737690-1738104_ARO:3000676_H-NS	99.160	357	3	0	55	411	414	58	0.0	643
NODE_132171_length_402_cov_0.971182	gb_U00096_+_2484373-2487967_ARO:3000833_evgS	100.000	402	0	0	1	402	924	523	0.0	743
NODE_134787_length_395_cov_1.35882	gb_NC_000913.3_+_966620-968369_ARO:3003950_msbA	100.000	395	0	0	1	395	827	433	0.0	730
NODE_135057_length_395_cov_51.1471	gb_AF235050.4_+_38028-40140_ARO:3003318_Streptomyces	86.154	65	9	0	214	278	1897	1961	2.69e-13	71.3
NODE_137656_length_388_cov_1.20721	gb_NC_000913.3_-_481253-484403_ARO:3000216_acrB	99.440	357	2	0	32	388	3150	2794	0.0	649
NODE_138998_length_384_cov_0.659574	gb_AP009048_+_2810082-2811255_ARO:3000027_emrA	100.000	384	0	0	1	384	873	490	0.0	710
NODE_148635_length_362_cov_0.872964	gb_AP009048_-_4338624-4340268_ARO:3003576_eptA	100.000	133	0	0	1	133	805	673	3.81e-66	246
NODE_148869_length_362_cov_5.44951	gb_NC_003098.1_-_1359228-1360395_ARO:3000025_patB	87.606	355	40	3	3	355	490	842	4.59e-115	409
NODE_149762_length_360_cov_3.16721	gb_NC_003098.1_-_1359228-1360395_ARO:3000025_patB	91.111	360	32	0	1	360	826	467	5.69e-139	488
NODE_155930_length_347_cov_0.907534	gb_U00096_+_3413863-3415021_ARO:3000499_acrE	99.424	347	2	0	1	347	687	1033	0.0	630
NODE_159549_length_341_cov_5.51748	gb_AY768531_+_0-1179_ARO:3000533_macA	83.578	341	54	2	1	340	580	241	7.46e-88	318
NODE_160116_length_339_cov_2.21831	gb_AY701528.1_+_9695-10589_ARO:3004191_APH(2'')-If	89.614	337	33	2	4	339	689	354	1.18e-120	427
NODE_165893_length_329_cov_1.30292	gb_AF235050.4_+_38028-40140_ARO:3003318_Streptomyces	83.803	142	23	0	188	329	49	190	7.77e-33	135
NODE_168943_length_323_cov_0.746269	gb_AP009048.1_-_4304505-4306557_ARO:3003549_mdtO	99.071	323	3	0	1	323	1855	1533	8.14e-167	580
NODE_172079_length_318_cov_1.79087	gb_EU434751_+_658-2578_ARO:3000194_tetW	99.686	318	1	0	1	318	1291	1608	2.23e-167	582
NODE_172079_length_318_cov_1.79087	gb_KU736867.1_+_19653-21573_ARO:3004442_tet(W/N/W)	98.428	318	5	0	1	318	1291	1608	1.04e-160	560
NODE_172729_length_317_cov_3.19466	gb_AFRQ01000061.1_-_23986-27124_ARO:3004144_AxyY	86.667	75	10	0	155	229	2631	2705	2.74e-17	84.2
NODE_173021_length_316_cov_1.13027	gb_D78168_+_1591-3130_ARO:3000254_emrY	99.367	316	2	0	1	316	363	48	1.33e-164	573
NODE_173774_length_315_cov_0.765385	gb_NC_002695.1_-_4903561-4904935_ARO:3000830_cpxA	98.990	198	2	0	118	315	1	198	5.23e-99	355
NODE_175728_length_312_cov_2.09339	gb_AF235050.4_+_38028-40140_ARO:3003318_Streptomyces	90.909	55	5	0	239	293	76	130	1.62e-14	75.0
NODE_178701_length_307_cov_1.09524	gb_NC_003112.2_+_330790-332317_ARO:3003962_farB	95.062	81	4	0	1	81	81	1	1.21e-30	128
NODE_180882_length_304_cov_1.16064	gb_U00096_+_2367070-2368039_ARO:3003578_pmrF	100.000	32	0	0	1	32	32	1	4.42e-10	60.2
NODE_181768_length_302_cov_1.21862	gb_D78168_+_536-1592_ARO:3000206_emrK	100.000	302	0	0	1	302	354	53	3.55e-160	558
NODE_191120_length_289_cov_0.782051	gb_U00096_-_3412802-3413465_ARO:3000656_acrS	100.000	40	0	0	1	40	624	663	1.49e-14	75.0
NODE_191238_length_289_cov_2.48291	gb_CP007593.1_+_2148923-2149772_ARO:3001301_RlmA(II)	86.713	286	36	2	1	285	285	1	2.25e-87	316
NODE_192375_length_287_cov_0.650862	gb_U00096_+_3415032-3418137_ARO:3000502_acrF	98.258	287	5	0	1	287	69	355	1.60e-143	503
NODE_196010_length_283_cov_1.79386	gb_AM180355_+_600033-601953_ARO:3000186_tetM	95.760	283	12	0	1	283	749	467	1.24e-129	457
NODE_197300_length_281_cov_1.19912	gb_U00096.3_-_4567286-4568519_ARO:3001214_mdtM	95.018	281	14	0	1	281	724	1004	3.45e-125	442
NODE_198034_length_280_cov_1.96	gb_U57969_+_4622-6062_ARO:3000802_OprJ	86.885	61	8	0	3	63	900	960	6.72e-13	69.4
NODE_199159_length_279_cov_13.1964	gb_CP007593.1_+_2148923-2149772_ARO:3001301_RlmA(II)	85.657	251	36	0	18	268	1	251	7.96e-72	265
NODE_199455_length_278_cov_2.55605	gb_CP007593.1_+_2148923-2149772_ARO:3001301_RlmA(II)	91.509	106	9	0	173	278	843	738	3.00e-36	147
NODE_200680_length_277_cov_0.855856	gb_U00096_+_3415032-3418137_ARO:3000502_acrF	99.278	277	2	0	1	277	2502	2778	5.53e-143	501
NODE_203084_length_274_cov_1.17352	gb_U00096_+_3660413-3663527_ARO:3000796_mdtF	99.635	274	1	0	1	274	790	1063	5.46e-143	501
NODE_205816_length_271_cov_0.671296	gb_HQ652506.1_+_373-2098_ARO:3004032_tetA(46)	89.200	250	27	0	22	271	1	250	2.72e-86	313
NODE_207339_length_269_cov_0.841121	gb_U00096_+_2158385-2161463_ARO:3000794_mdtC	98.513	269	4	0	1	269	1683	1415	3.25e-135	475
NODE_212800_length_263_cov_0.865385	gb_U00096_-_3412802-3413465_ARO:3000656_acrS	99.620	263	1	0	1	263	438	176	6.81e-137	481
NODE_216938_length_259_cov_0.735294	gb_AP009048.1_-_4304505-4306557_ARO:3003549_mdtO	100.000	128	0	0	132	259	2052	1925	1.60e-63	237
NODE_216938_length_259_cov_0.735294	gb_AP009048.1_-_4303042-4304509_ARO:3003550_mdtP	97.778	135	3	0	1	135	135	1	2.07e-62	233
NODE_216950_length_259_cov_0.823529	gb_U00096_+_2484373-2487967_ARO:3000833_evgS	99.614	259	1	0	1	259	1924	1666	1.12e-134	473
NODE_218305_length_258_cov_2.17734	gb_CP007593.1_+_2148923-2149772_ARO:3001301_RlmA(II)	91.630	227	19	0	6	232	227	1	7.16e-87	315
NODE_225122_length_251_cov_1.07143	gb_NC_000913.3_-_4377810-4378944_ARO:3004290_Escherichia	98.406	251	4	0	1	251	309	59	3.05e-125	442
NODE_225122_length_251_cov_1.07143	gb_KM087859_+_0-1146_ARO:3002176_MIR-11	75.281	178	40	3	14	189	308	133	7.67e-17	82.4
NODE_225122_length_251_cov_1.07143	gb_KM087858_+_0-1146_ARO:3002175_MIR-10	74.719	178	41	3	14	189	308	133	3.57e-15	76.8
NODE_225122_length_251_cov_1.07143	gb_M37839_+_927-2073_ARO:3002166_MIR-1	74.719	178	41	3	14	189	308	133	3.57e-15	76.8
NODE_225122_length_251_cov_1.07143	gb_EF417572_+_29-1175_ARO:3002167_MIR-4	74.719	178	41	3	14	189	308	133	3.57e-15	76.8
NODE_225122_length_251_cov_1.07143	gb_KM087862_+_0-1146_ARO:3002178_MIR-13	74.719	178	41	3	14	189	308	133	3.57e-15	76.8
NODE_225122_length_251_cov_1.07143	gb_KM087860_+_0-1146_ARO:3002174_MIR-9	74.719	178	41	3	14	189	308	133	3.57e-15	76.8
NODE_225122_length_251_cov_1.07143	gb_KM087851_+_0-1146_ARO:3002180_MIR-15	74.719	178	41	3	14	189	308	133	3.57e-15	76.8
NODE_225122_length_251_cov_1.07143	gb_FJ237367_+_0-1146_ARO:3002173_MIR-8	74.719	178	41	3	14	189	308	133	3.57e-15	76.8
NODE_225122_length_251_cov_1.07143	gb_KP050484_+_0-1146_ARO:3002170_MIR-5	74.719	178	41	3	14	189	308	133	3.57e-15	76.8
NODE_225122_length_251_cov_1.07143	gb_KM087861_+_0-1146_ARO:3002181_MIR-16	74.719	178	41	3	14	189	308	133	3.57e-15	76.8
NODE_225122_length_251_cov_1.07143	gb_AY743435_+_13-1159_ARO:3002169_MIR-3	74.719	178	41	3	14	189	308	133	3.57e-15	76.8
NODE_225122_length_251_cov_1.07143	gb_AY227752_+_88-1234_ARO:3002168_MIR-2	74.719	178	41	3	14	189	308	133	3.57e-15	76.8
NODE_225122_length_251_cov_1.07143	gb_LN515535_+_0-1146_ARO:3003173_MIR-17	74.432	176	41	3	16	189	306	133	4.62e-14	73.1
NODE_225122_length_251_cov_1.07143	gb_KM087863_+_0-1146_ARO:3002177_MIR-12	74.432	176	41	3	16	189	306	133	4.62e-14	73.1
NODE_225122_length_251_cov_1.07143	gb_JQ664733_+_0-1146_ARO:3002171_MIR-6	74.157	178	42	3	14	189	308	133	1.66e-13	71.3
NODE_226888_length_249_cov_1.21134	gb_U00096_+_3415032-3418137_ARO:3000502_acrF	99.197	249	2	0	1	249	1550	1798	1.81e-127	449
NODE_231331_length_245_cov_0.715789	gb_NC_003112.2_+_330790-332317_ARO:3003962_farB	95.510	245	11	0	1	245	1493	1249	3.04e-110	392
NODE_232432_length_244_cov_0.978836	gb_D78168_+_1591-3130_ARO:3000254_emrY	99.180	244	2	0	1	244	1325	1082	1.07e-124	440
NODE_232739_length_244_cov_0.825397	gb_AP009048.1_-_4303042-4304509_ARO:3003550_mdtP	99.180	244	2	0	1	244	1267	1024	1.07e-124	440
NODE_236024_length_241_cov_0.860215	gb_U00096_+_3660413-3663527_ARO:3000796_mdtF	100.000	241	0	0	1	241	1527	1767	2.26e-126	446
NODE_238458_length_239_cov_1.08152	gb_U00096_+_3415032-3418137_ARO:3000502_acrF	99.163	239	2	0	1	239	2123	1885	6.27e-122	431
NODE_242174_length_236_cov_1.24309	gb_NC_007779_+_3974604-3975429_ARO:3000508_gadX	100.000	236	0	0	1	236	352	117	1.33e-123	436
NODE_256011_length_226_cov_1.93567	gb_AY768531_+_0-1179_ARO:3000533_macA	81.057	227	41	2	1	226	678	453	2.36e-46	180
NODE_257013_length_225_cov_0.723529	gb_CP000800.1_-_1191727-1192954_ARO:3001329_mdtG	99.556	225	1	0	1	225	1143	919	7.64e-116	411
NODE_257077_length_225_cov_0.794118	gb_U00096_+_2154015-2155263_ARO:3000792_mdtA	98.222	225	4	0	1	225	736	960	7.70e-111	394
NODE_259725_length_224_cov_20.5207	gb_HM990671_+_5192-6671_ARO:3003112_lsaC	93.694	222	14	0	1	222	861	640	1.69e-92	333
NODE_265481_length_220_cov_1.85455	gb_Z50108_+_238-1768_ARO:3003026_fusH	97.059	34	1	0	180	213	550	517	1.12e-09	58.4
NODE_272946_length_215_cov_0.925	gb_NC_007779_+_2586250-2589364_ARO:3000491_acrD	100.000	215	0	0	1	215	1096	882	5.66e-112	398
NODE_276841_length_212_cov_1.42038	gb_U00096_+_3660413-3663527_ARO:3000796_mdtF	100.000	212	0	0	1	212	2663	2874	2.59e-110	392
NODE_281952_length_209_cov_0.948052	gb_AP009048.1_-_3980025-3981183_ARO:3000795_mdtE	100.000	209	0	0	1	209	1006	798	1.19e-108	387
NODE_283832_length_208_cov_2.0915	gb_NC_003098.1_-_1359228-1360395_ARO:3000025_patB	91.827	208	17	0	1	208	402	195	9.53e-80	291
NODE_285789_length_207_cov_0.730263	gb_U00096_+_3660413-3663527_ARO:3000796_mdtF	100.000	94	0	0	1	94	94	1	9.96e-45	174
NODE_285789_length_207_cov_0.730263	gb_AP009048.1_-_3980025-3981183_ARO:3000795_mdtE	100.000	56	0	0	119	174	1158	1103	1.33e-23	104
NODE_286695_length_206_cov_1.47682	gb_NC_000913.3_+_2810769-2811300_ARO:3000516_emrR	99.515	206	1	0	1	206	225	430	2.53e-105	375
NODE_296643_length_162_cov_132.019	gb_HM990671_+_5192-6671_ARO:3003112_lsaC	89.506	162	17	0	1	162	701	862	2.70e-54	206
NODE_299205_length_151_cov_8.55208	gb_M57437_+_0-1647_ARO:3002827_tlrC	96.970	33	1	0	58	90	1468	1500	2.66e-09	56.5
NODE_308484_length_118_cov_12.9683	gb_HM990671_+_5192-6671_ARO:3003112_lsaC	91.150	113	10	0	4	116	752	640	6.88e-39	154
NODE_310553_length_113_cov_42.5862	gb_HM990671_+_5192-6671_ARO:3003112_lsaC	94.690	113	6	0	1	113	692	580	1.39e-45	176
NODE_310584_length_113_cov_67.9138	gb_HM990671_+_5192-6671_ARO:3003112_lsaC	92.920	113	8	0	1	113	576	464	3.02e-42	165
NODE_313746_length_108_cov_10.2453	gb_HM990671_+_5192-6671_ARO:3003112_lsaC	92.593	108	8	0	1	108	497	604	1.72e-39	156
NODE_321084_length_90_cov_14.8857	gb_HM990671_+_5192-6671_ARO:3003112_lsaC	94.444	90	5	0	1	90	522	611	1.38e-34	139
NODE_323036_length_86_cov_43.871	gb_HM990671_+_5192-6671_ARO:3003112_lsaC	93.023	86	6	0	1	86	522	607	1.01e-30	126
NODE_326726_length_79_cov_32.9583	gb_NC_003098.1_-_1359228-1360395_ARO:3000025_patB	96.970	66	2	0	3	68	66	1	2.59e-26	111
NODE_327068_length_78_cov_7.82609	gb_HM990671_+_5192-6671_ARO:3003112_lsaC	97.436	78	2	0	1	78	557	634	5.44e-33	134
NODE_327696_length_78_cov_3.82609	gb_HM990671_+_5192-6671_ARO:3003112_lsaC	97.436	78	2	0	1	78	634	557	5.44e-33	134
NODE_335087_length_66_cov_4	gb_NC_003098.1_-_1359228-1360395_ARO:3000025_patB	96.721	61	2	0	1	61	785	845	1.23e-23	102
