NODE_444_length_5511_cov_21.1133	gb_NC_012469.1_-_1800927-1802391_ARO:3000616_mel	100.000	1464	0	0	2444	3907	1	1464	0.0	2704
NODE_444_length_5511_cov_21.1133	gb_NC_023287.1_-_65291-66509_ARO:3000615_mefA	96.962	1218	37	0	1107	2324	1	1218	0.0	2045
NODE_616_length_4494_cov_18.1552	gb_AM180355_+_600033-601953_ARO:3000186_tetM	96.825	504	16	0	3991	4494	1920	1417	0.0	843
NODE_655_length_4314_cov_3.17516	gb_HG970100.1_+_0-1457_ARO:3003948_efrA	100.000	31	0	0	4197	4227	1202	1232	2.39e-08	58.4
NODE_855_length_3572_cov_25.3736	gb_NC_003098.1_+_866210-867410_ARO:3000822_pmrA	92.833	1200	86	0	751	1950	1	1200	0.0	1740
NODE_1038_length_3097_cov_2.70611	gb_M17124_+_1181-1982_ARO:3000498_ErmF	99.750	801	2	0	479	1279	1	801	0.0	1469
NODE_1038_length_3097_cov_2.70611	gb_AF319779.2_+_32-833_ARO:3000604_Erm(35)	78.643	796	166	3	479	1272	1	794	3.91e-149	525
NODE_1150_length_2892_cov_3.50405	gb_AF242872_+_2131-2878_ARO:3000375_ErmB	99.598	747	2	1	470	1215	1	747	0.0	1362
NODE_1419_length_2479_cov_29.8346	gb_NC_003098.1_-_1359228-1360395_ARO:3000025_patB	93.059	1167	81	0	395	1561	1	1167	0.0	1707
NODE_1820_length_2114_cov_16.3536	gb_AM180355_+_600033-601953_ARO:3000186_tetM	87.342	632	80	0	1483	2114	1	632	0.0	725
NODE_2401_length_1751_cov_1.898	gb_HM990671_+_5192-6671_ARO:3003112_lsaC	90.021	932	93	0	818	1749	1479	548	0.0	1206
NODE_2465_length_1724_cov_38.8802	gb_CP007593.1_+_2148923-2149772_ARO:3001301_RlmA(II)	91.351	844	71	2	627	1469	843	1	0.0	1153
NODE_2948_length_1528_cov_1.49016	gb_AF118110.1_-_71-1037_ARO:3003002_CfxA2	100.000	280	0	0	1249	1528	966	687	3.21e-147	518
NODE_2948_length_1528_cov_1.49016	gb_AF472622_+_52-1018_ARO:3003003_CfxA3	99.643	280	1	0	1249	1528	966	687	1.49e-145	512
NODE_2948_length_1528_cov_1.49016	gb_AY769934_+_27-993_ARO:3003096_CfxA5	99.643	280	1	0	1249	1528	966	687	1.49e-145	512
NODE_2948_length_1528_cov_1.49016	gb_U38243_+_149-1115_ARO:3003001_CfxA	99.643	280	1	0	1249	1528	966	687	1.49e-145	512
NODE_2948_length_1528_cov_1.49016	gb_AY769933_+_0-966_ARO:3003005_CfxA4	99.643	280	1	0	1249	1528	966	687	1.49e-145	512
NODE_2948_length_1528_cov_1.49016	gb_GQ342996_+_797-1793_ARO:3003097_CfxA6	91.636	275	20	3	1254	1527	993	721	5.68e-105	377
NODE_4462_length_1138_cov_1.01754	gb_HQ652506.1_+_373-2098_ARO:3004032_tetA(46)	96.667	120	4	0	1	120	120	1	9.79e-52	200
NODE_6377_length_894_cov_8.95948	gb_AM180355_+_600033-601953_ARO:3000186_tetM	88.702	894	101	0	1	894	578	1471	0.0	1092
NODE_6377_length_894_cov_8.95948	gb_L09756_+_0-1926_ARO:3000192_tetS	78.929	878	173	11	18	889	595	1466	5.02e-168	586
NODE_6378_length_894_cov_7.18832	gb_AM180355_+_600033-601953_ARO:3000186_tetM	93.289	894	60	0	1	894	578	1471	0.0	1319
NODE_6378_length_894_cov_7.18832	gb_L09756_+_0-1926_ARO:3000192_tetS	78.311	876	182	7	18	889	595	1466	1.09e-159	558
NODE_7362_length_818_cov_1.43512	gb_HM990671_+_5192-6671_ARO:3003112_lsaC	88.113	530	63	0	1	530	530	1	0.0	630
NODE_7853_length_786_cov_0.939808	gb_HQ652506.1_+_2099-3836_ARO:3004033_tetB(46)	94.243	469	27	0	1	469	469	1	0.0	717
NODE_7853_length_786_cov_0.939808	gb_HQ652506.1_+_373-2098_ARO:3004032_tetA(46)	95.886	316	13	0	471	786	1725	1410	7.59e-146	512
NODE_8790_length_730_cov_1.05333	gb_Z21523_+_0-1974_ARO:3000191_tetQ	97.671	730	17	0	1	730	1923	1194	0.0	1254
NODE_9447_length_699_cov_1.15528	gb_HQ652506.1_+_2099-3836_ARO:3004033_tetB(46)	87.446	231	29	0	1	231	1491	1721	5.79e-72	267
NODE_10176_length_666_cov_1.54828	gb_AF472622_+_52-1018_ARO:3003003_CfxA3	100.000	666	0	0	1	666	669	4	0.0	1230
NODE_10176_length_666_cov_1.54828	gb_AY769934_+_27-993_ARO:3003096_CfxA5	100.000	666	0	0	1	666	669	4	0.0	1230
NODE_10176_length_666_cov_1.54828	gb_U38243_+_149-1115_ARO:3003001_CfxA	100.000	666	0	0	1	666	669	4	0.0	1230
NODE_10176_length_666_cov_1.54828	gb_AY769933_+_0-966_ARO:3003005_CfxA4	100.000	666	0	0	1	666	669	4	0.0	1230
NODE_10176_length_666_cov_1.54828	gb_AF118110.1_-_71-1037_ARO:3003002_CfxA2	100.000	666	0	0	1	666	669	4	0.0	1230
NODE_10176_length_666_cov_1.54828	gb_GQ342996_+_797-1793_ARO:3003097_CfxA6	88.671	662	75	0	4	665	699	38	0.0	808
NODE_10275_length_662_cov_1.57002	gb_AY768532_+_0-1935_ARO:3000535_macB	82.655	663	108	6	1	661	1735	1078	1.72e-166	580
NODE_12379_length_587_cov_1.43233	gb_AY768532_+_0-1935_ARO:3000535_macB	86.201	587	76	3	1	586	1179	1761	0.0	630
NODE_12413_length_586_cov_1.0678	gb_AY768531_+_0-1179_ARO:3000533_macA	85.763	583	76	6	1	580	456	1034	1.93e-175	610
NODE_17432_length_474_cov_1.20764	gb_NC_003112.2_+_329612-330767_ARO:3003961_farA	77.419	217	41	8	236	448	1033	821	8.85e-29	122
NODE_18180_length_463_cov_1.70588	gb_NC_003112.2_-_1791966-1795170_ARO:3000811_mtrD	81.641	463	85	0	1	463	1763	1301	9.98e-108	385
NODE_18883_length_452_cov_1.68262	gb_Z21523_+_0-1974_ARO:3000191_tetQ	99.526	211	1	0	242	452	1974	1764	9.73e-108	385
NODE_20022_length_436_cov_1.06824	gb_AJ295238.3_+_163-2083_ARO:3000196_tet32	91.034	435	37	2	1	434	554	121	2.39e-168	586
NODE_20045_length_435_cov_1.16316	gb_X74948_+_0-492_ARO:3002688_catS	95.642	413	18	0	23	435	1	413	0.0	664
NODE_20045_length_435_cov_1.16316	gb_AF226276.1_+_3583-4207_ARO:3002682_catD	83.753	437	67	3	1	435	39	473	1.54e-115	411
NODE_20045_length_435_cov_1.16316	gb_U15027_+_0-624_ARO:3002686_catP	83.753	437	67	3	1	435	39	473	1.54e-115	411
NODE_23201_length_398_cov_1.45481	gb_EU434751_+_658-2578_ARO:3000194_tetW	97.229	397	11	0	1	397	397	793	0.0	673
NODE_23201_length_398_cov_1.45481	gb_KU736867.1_+_19653-21573_ARO:3004442_tet(W/N/W)	96.985	398	12	0	1	398	397	794	0.0	669
NODE_23389_length_396_cov_1.72727	gb_NC_002134.1_+_41537-42743_ARO:3000165_tet(A)	100.000	109	0	0	288	396	1206	1098	9.15e-53	202
NODE_23389_length_396_cov_1.72727	gb_AB089595_+_0-1206_ARO:3000166_tet(B)	100.000	109	0	0	288	396	1206	1098	9.15e-53	202
NODE_24662_length_383_cov_0.97561	gb_NC_002134.1_+_41537-42743_ARO:3000165_tet(A)	99.739	383	1	0	1	383	331	713	0.0	702
NODE_24662_length_383_cov_0.97561	gb_AB089595_+_0-1206_ARO:3000166_tet(B)	99.739	383	1	0	1	383	331	713	0.0	702
NODE_25323_length_378_cov_16.9659	gb_CP007593.1_+_2148923-2149772_ARO:3001301_RlmA(II)	92.000	350	28	0	3	352	350	1	4.62e-140	492
NODE_31370_length_332_cov_1.51986	gb_NC_003112.2_-_1791966-1795170_ARO:3000811_mtrD	83.434	332	55	0	1	332	2966	2635	4.37e-85	309
NODE_32359_length_325_cov_0.937037	gb_FJ768952_+_0-1488_ARO:3000237_tolC	100.000	325	0	0	1	325	712	388	6.29e-173	601
NODE_32809_length_323_cov_1.51119	gb_HQ652506.1_+_2099-3836_ARO:3004033_tetB(46)	91.589	321	25	2	4	323	1124	805	4.01e-125	442
NODE_33461_length_319_cov_1.09848	gb_HQ652506.1_+_2099-3836_ARO:3004033_tetB(46)	97.179	319	9	0	1	319	486	804	1.36e-154	540
NODE_34529_length_313_cov_1.48062	gb_KX000272.1_+_0-1740_ARO:3004035_tetA(60)	93.269	312	21	0	2	313	779	468	1.07e-130	460
NODE_34818_length_312_cov_4.01167	gb_AM180355_+_600033-601953_ARO:3000186_tetM	97.756	312	7	0	1	312	578	889	4.79e-154	538
NODE_35522_length_308_cov_1.11067	gb_KX000272.1_+_0-1740_ARO:3004035_tetA(60)	92.532	308	23	0	1	308	1151	844	3.81e-125	442
NODE_36841_length_302_cov_1.10121	gb_NC_014638.1_-_1610636-1613960_ARO:3003730_Bifidobacteria	80.156	257	49	2	47	302	1640	1895	1.49e-49	191
NODE_39195_length_291_cov_1.01695	gb_KU736867.1_+_19653-21573_ARO:3004442_tet(W/N/W)	98.969	291	3	0	1	291	1510	1800	4.47e-149	521
NODE_39195_length_291_cov_1.01695	gb_EU434751_+_658-2578_ARO:3000194_tetW	97.938	291	6	0	1	291	1510	1800	4.51e-144	505
NODE_39755_length_289_cov_1.12393	gb_HQ652506.1_+_373-2098_ARO:3004032_tetA(46)	97.924	289	6	0	1	289	653	365	5.79e-143	501
NODE_40155_length_288_cov_1.50215	gb_AF235050.4_+_38028-40140_ARO:3003318_Streptomyces	86.154	65	9	0	181	245	1897	1961	1.93e-13	71.3
NODE_43418_length_275_cov_1.38182	gb_X74948_+_0-492_ARO:3002688_catS	100.000	82	0	0	1	82	410	491	6.36e-38	152
NODE_44749_length_271_cov_1.49537	gb_Z21523_+_0-1974_ARO:3000191_tetQ	96.310	271	10	0	1	271	760	1030	2.57e-126	446
NODE_45016_length_270_cov_0.646512	gb_KX000273.1_+_0-1740_ARO:3004036_tetB(60)	84.868	152	23	0	116	267	1	152	1.73e-38	154
NODE_45016_length_270_cov_0.646512	gb_KX000272.1_+_0-1740_ARO:3004035_tetA(60)	89.076	119	13	0	1	119	1622	1740	8.07e-37	148
NODE_45427_length_268_cov_0.84507	gb_U00096_+_2812615-2814154_ARO:3000074_emrB	100.000	265	0	0	1	265	265	1	1.15e-139	490
NODE_46781_length_264_cov_0.741627	gb_AJ295238.3_+_163-2083_ARO:3000196_tet32	98.485	264	4	0	1	264	769	1032	1.91e-132	466
NODE_47371_length_262_cov_1.13527	gb_HQ652506.1_+_373-2098_ARO:3004032_tetA(46)	93.893	262	16	0	1	262	670	931	2.53e-111	396
NODE_48930_length_257_cov_1.97525	gb_AP009048_+_2810082-2811255_ARO:3000027_emrA	81.818	110	20	0	145	254	859	968	3.64e-20	93.5
NODE_49180_length_256_cov_0.900498	gb_NC_002695_+_3211891-3212506_ARO:3000832_evgA	100.000	256	0	0	1	256	278	23	1.11e-134	473
NODE_49911_length_254_cov_0.844221	gb_U00096.3_-_4567286-4568519_ARO:3001214_mdtM	96.203	158	6	0	97	254	1136	979	3.34e-70	259
NODE_52784_length_247_cov_1.69271	gb_HM990671_+_5192-6671_ARO:3003112_lsaC	92.308	247	19	0	1	247	1013	767	5.20e-98	351
NODE_53275_length_246_cov_0.680628	gb_AP006618.1_+_4835199-4838688_ARO:3000501_Nocardia	78.095	210	46	0	2	211	1268	1059	2.04e-32	134
NODE_53323_length_246_cov_0.78534	gb_U00096_+_2155262-2158385_ARO:3000793_mdtB	97.802	91	2	0	1	91	2432	2522	1.21e-39	158
NODE_53574_length_245_cov_0.847368	gb_U00096_+_2484373-2487967_ARO:3000833_evgS	99.184	245	2	0	1	245	299	55	2.98e-125	442
NODE_56494_length_238_cov_0.655738	gb_U00096_+_2155262-2158385_ARO:3000793_mdtB	95.763	236	10	0	1	236	2099	1864	6.37e-107	381
NODE_56592_length_238_cov_0.95082	gb_NC_002695.2_-_1737690-1738104_ARO:3000676_H-NS	99.160	238	2	0	1	238	8	245	2.24e-121	429
NODE_59341_length_233_cov_1.08989	gb_HM990671_+_5192-6671_ARO:3003112_lsaC	96.996	233	7	0	1	233	667	435	2.88e-110	392
NODE_59968_length_231_cov_2.04545	gb_HM990671_+_5192-6671_ARO:3003112_lsaC	95.175	228	11	0	4	231	256	29	8.04e-101	361
NODE_60565_length_230_cov_0.931429	gb_D78168_+_1591-3130_ARO:3000254_emrY	98.696	230	3	0	1	230	716	487	2.82e-115	409
NODE_62267_length_227_cov_1.19767	gb_U00096_+_3660413-3663527_ARO:3000796_mdtF	100.000	227	0	0	1	227	2611	2837	1.28e-118	420
NODE_62270_length_227_cov_1.26163	gb_KX000272.1_+_0-1740_ARO:3004035_tetA(60)	88.106	227	27	0	1	227	1292	1518	1.37e-73	270
NODE_65168_length_222_cov_1.06587	gb_U00096_+_3413863-3415021_ARO:3000499_acrE	99.270	137	1	0	86	222	1	137	6.25e-67	248
NODE_68505_length_217_cov_1.14198	gb_CP001050.1_+_1332866-1333499_ARO:3000817_mtrR	89.617	183	19	0	35	217	1	183	1.71e-62	233
NODE_69691_length_215_cov_2.49375	gb_CP007593.1_+_2148923-2149772_ARO:3001301_RlmA(II)	97.209	215	6	0	1	215	455	241	5.74e-102	364
NODE_70033_length_215_cov_1.39375	gb_U00096_+_2484373-2487967_ARO:3000833_evgS	100.000	215	0	0	1	215	849	1063	5.66e-112	398
NODE_71460_length_213_cov_1.71519	gb_AJ295238.3_+_163-2083_ARO:3000196_tet32	98.578	211	3	0	3	213	1283	1073	9.44e-105	374
NODE_74483_length_208_cov_0.738562	gb_U00096_+_3660413-3663527_ARO:3000796_mdtF	100.000	208	0	0	1	208	1286	1493	4.25e-108	385
NODE_74620_length_208_cov_1.18301	gb_Z21523_+_0-1974_ARO:3000191_tetQ	98.558	208	3	0	1	208	220	13	4.28e-103	368
NODE_75513_length_207_cov_1.23026	gb_AY768531_+_0-1179_ARO:3000533_macA	89.340	197	21	0	1	197	142	338	5.79e-67	248
NODE_75918_length_207_cov_1.125	gb_NC_002134.1_+_41537-42743_ARO:3000165_tet(A)	100.000	111	0	0	1	111	111	1	3.53e-54	206
NODE_75918_length_207_cov_1.125	gb_AB089595_+_0-1206_ARO:3000166_tet(B)	99.099	111	1	0	1	111	111	1	1.64e-52	200
NODE_76180_length_206_cov_0.794702	gb_NC_007779_+_2586250-2589364_ARO:3000491_acrD	100.000	206	0	0	1	206	908	1113	5.44e-107	381
