NODE_17_length_258517_cov_117.691	gb_AF118110.1_-_71-1037_ARO:3003002_CfxA2	99.896	966	1	0	116	1081	1	966	0.0	1779
NODE_17_length_258517_cov_117.691	gb_AF472622_+_52-1018_ARO:3003003_CfxA3	99.793	966	2	0	116	1081	1	966	0.0	1773
NODE_17_length_258517_cov_117.691	gb_AY769934_+_27-993_ARO:3003096_CfxA5	99.793	966	2	0	116	1081	1	966	0.0	1773
NODE_17_length_258517_cov_117.691	gb_U38243_+_149-1115_ARO:3003001_CfxA	99.793	966	2	0	116	1081	1	966	0.0	1773
NODE_17_length_258517_cov_117.691	gb_AY769933_+_0-966_ARO:3003005_CfxA4	99.793	966	2	0	116	1081	1	966	0.0	1773
NODE_17_length_258517_cov_117.691	gb_GQ342996_+_797-1793_ARO:3003097_CfxA6	89.130	966	102	3	112	1076	30	993	0.0	1199
NODE_54_length_137476_cov_36.5484	gb_AF118110.1_-_71-1037_ARO:3003002_CfxA2	86.120	951	131	1	1749	2699	953	4	0.0	1024
NODE_54_length_137476_cov_36.5484	gb_AF472622_+_52-1018_ARO:3003003_CfxA3	86.015	951	132	1	1749	2699	953	4	0.0	1018
NODE_54_length_137476_cov_36.5484	gb_AY769934_+_27-993_ARO:3003096_CfxA5	86.015	951	132	1	1749	2699	953	4	0.0	1018
NODE_54_length_137476_cov_36.5484	gb_U38243_+_149-1115_ARO:3003001_CfxA	86.015	951	132	1	1749	2699	953	4	0.0	1018
NODE_54_length_137476_cov_36.5484	gb_AY769933_+_0-966_ARO:3003005_CfxA4	86.015	951	132	1	1749	2699	953	4	0.0	1018
NODE_54_length_137476_cov_36.5484	gb_GQ342996_+_797-1793_ARO:3003097_CfxA6	84.963	951	136	6	1754	2701	980	34	0.0	957
NODE_90_length_97880_cov_8.30861	gb_AF235050.4_+_38028-40140_ARO:3003318_Streptomyces	72.644	435	88	24	39361	39782	491	75	3.18e-24	115
NODE_249_length_37131_cov_731.614	gb_M37699_+_585-1752_ARO:3000205_tetX	99.829	1167	2	0	31663	32829	1167	1	0.0	2145
NODE_249_length_37131_cov_731.614	gb_M17124_+_1181-1982_ARO:3000498_ErmF	98.752	801	10	0	34443	35243	1	801	0.0	1424
NODE_249_length_37131_cov_731.614	gb_AF319779.2_+_32-833_ARO:3000604_Erm(35)	78.769	796	165	3	34443	35236	1	794	1.01e-149	531
NODE_675_length_9568_cov_15.25	gb_M18896.2_+_206-2126_ARO:3000190_tetO	95.481	1925	77	9	6761	8680	1	1920	0.0	3064
NODE_675_length_9568_cov_15.25	gb_AJ295238.3_+_163-2083_ARO:3000196_tet32	95.693	1068	45	1	7614	8680	853	1920	0.0	1716
NODE_675_length_9568_cov_15.25	gb_AJ295238.3_+_163-2083_ARO:3000196_tet32	91.919	396	32	0	6761	7156	1	396	1.55e-157	555
NODE_729_length_9079_cov_5.22019	gb_AY768532_+_0-1935_ARO:3000535_macB	95.556	45	2	0	5511	5555	430	474	1.80e-12	73.1
NODE_1350_length_5671_cov_1294.59	gb_Z21523_+_0-1974_ARO:3000191_tetQ	97.366	1974	52	0	1940	3913	1974	1	0.0	3358
NODE_1685_length_4800_cov_4.23435	gb_AF235050.4_+_38028-40140_ARO:3003318_Streptomyces	74.352	347	81	7	518	860	75	417	2.57e-33	141
NODE_1959_length_4292_cov_2.62332	gb_M57437_+_0-1647_ARO:3002827_tlrC	100.000	29	0	0	4132	4160	1471	1499	3.08e-07	54.7
NODE_2476_length_3633_cov_15.7868	gb_EU434751_+_658-2578_ARO:3000194_tetW	99.948	1920	1	0	68	1987	1920	1	0.0	3541
NODE_2476_length_3633_cov_15.7868	gb_KU736867.1_+_19653-21573_ARO:3004442_tet(W/N/W)	96.077	1912	73	2	77	1987	1911	1	0.0	3114
NODE_3041_length_3084_cov_2.38858	gb_M57437_+_0-1647_ARO:3002827_tlrC	100.000	29	0	0	843	871	1471	1499	2.21e-07	54.7
NODE_3202_length_2944_cov_6.38041	gb_AJ295238.3_+_163-2083_ARO:3000196_tet32	87.871	1921	213	19	776	2686	1911	1	0.0	2239
NODE_3835_length_2568_cov_3.43295	gb_M57437_+_0-1647_ARO:3002827_tlrC	100.000	28	0	0	157	184	1499	1472	6.60e-07	52.8
NODE_4956_length_2081_cov_2.92646	gb_KU736867.1_+_19653-21573_ARO:3004442_tet(W/N/W)	95.812	191	8	0	1	191	191	1	2.87e-84	309
NODE_4956_length_2081_cov_2.92646	gb_EU434751_+_658-2578_ARO:3000194_tetW	95.812	191	8	0	1	191	191	1	2.87e-84	309
NODE_5826_length_1827_cov_3.16084	gb_Z21523_+_0-1974_ARO:3000191_tetQ	98.039	51	1	0	1777	1827	1790	1740	3.57e-18	89.8
NODE_15903_length_766_cov_1.23629	gb_NC_002695.1_-_4903561-4904935_ARO:3000830_cpxA	99.097	554	5	0	213	766	1	554	0.0	996
NODE_17962_length_696_cov_1.68643	gb_L11616_+_1569-4710_ARO:3000378_MexB	75.735	136	27	5	116	248	2401	2269	8.11e-11	63.9
NODE_18132_length_691_cov_1.59434	gb_AP009048_+_2810082-2811255_ARO:3000027_emrA	98.578	633	9	0	1	633	633	1	0.0	1120
NODE_18953_length_667_cov_1.15196	gb_CP000800.1_-_1191727-1192954_ARO:3001329_mdtG	97.101	138	4	0	1	138	138	1	5.59e-62	233
NODE_20124_length_635_cov_1.42586	gb_U00096_-_1124117-1125326_ARO:3001216_mdtH	97.953	635	13	0	1	635	358	992	0.0	1101
NODE_20778_length_619_cov_0.87766	gb_NC_007779_+_2586250-2589364_ARO:3000491_acrD	100.000	128	0	0	492	619	3114	2987	4.00e-63	237
NODE_22886_length_577_cov_1.20115	gb_NC_000913.3_-_481253-484403_ARO:3000216_acrB	98.440	577	9	0	1	577	1618	1042	0.0	1016
NODE_22970_length_575_cov_1.34423	gb_NC_000913.3_-_481253-484403_ARO:3000216_acrB	99.129	574	5	0	2	575	1787	2360	0.0	1033
NODE_24599_length_548_cov_1.62069	gb_NC_000913.3_-_2306971-2308615_ARO:3003952_yojI	98.355	547	9	0	1	547	1153	607	0.0	961
NODE_24664_length_547_cov_1.76016	gb_KU736867.1_+_19653-21573_ARO:3004442_tet(W/N/W)	89.483	542	53	3	8	547	587	48	0.0	682
NODE_24664_length_547_cov_1.76016	gb_EU434751_+_658-2578_ARO:3000194_tetW	88.930	542	56	3	8	547	587	48	0.0	665
NODE_25102_length_540_cov_1.10515	gb_U00096_+_3660413-3663527_ARO:3000796_mdtF	98.704	540	7	0	1	540	2545	3084	0.0	959
NODE_25421_length_535_cov_1.00208	gb_NC_007779_+_2586250-2589364_ARO:3000491_acrD	98.879	535	6	0	1	535	668	1202	0.0	955
NODE_25710_length_531_cov_1.39286	gb_NC_000913.3_+_966620-968369_ARO:3003950_msbA	99.471	189	1	0	1	189	1561	1749	1.95e-95	344
NODE_26192_length_523_cov_1.09188	gb_U00096_+_2154015-2155263_ARO:3000792_mdtA	96.367	523	19	0	1	523	422	944	0.0	861
NODE_26563_length_517_cov_1.01732	gb_U00096.3_-_4567286-4568519_ARO:3001214_mdtM	96.429	252	9	0	266	517	1	252	3.97e-117	416
NODE_27241_length_508_cov_1.13466	gb_AP009048.1_-_4303042-4304509_ARO:3003550_mdtP	96.822	409	13	0	1	409	1059	1467	0.0	684
NODE_29974_length_475_cov_1.46905	gb_NC_000913.3_+_3219493-3220873_ARO:3000024_patA	99.200	125	1	0	1	125	125	1	6.57e-60	226
NODE_31168_length_462_cov_1.2629	gb_AP009048.1_-_4303042-4304509_ARO:3003550_mdtP	97.619	462	11	0	1	462	570	1031	0.0	793
NODE_31269_length_461_cov_1.51724	gb_U00096_+_3415032-3418137_ARO:3000502_acrF	98.043	460	9	0	1	460	581	1040	0.0	800
NODE_32313_length_451_cov_1.27778	gb_U00096_+_2158385-2161463_ARO:3000794_mdtC	97.343	414	11	0	38	451	3078	2665	0.0	704
NODE_33010_length_444_cov_1.35476	gb_U00096_+_3660413-3663527_ARO:3000796_mdtF	98.869	442	5	0	3	444	71	512	0.0	789
NODE_33736_length_438_cov_1.24543	gb_U00096_+_2155262-2158385_ARO:3000793_mdtB	97.260	438	12	0	1	438	146	583	0.0	743
NODE_33909_length_436_cov_1.09186	gb_NC_000913.3_+_966620-968369_ARO:3003950_msbA	98.701	77	1	0	360	436	1	77	2.90e-33	137
NODE_36092_length_419_cov_1.36264	gb_FJ768952_+_0-1488_ARO:3000237_tolC	97.852	419	9	0	1	419	1179	761	0.0	725
NODE_38743_length_401_cov_2.3526	gb_AP006618.1_+_4835199-4838688_ARO:3000501_Nocardia	77.586	232	45	6	101	328	1223	1451	3.43e-32	134
NODE_41486_length_383_cov_2.18902	gb_KU736867.1_+_19653-21573_ARO:3004442_tet(W/N/W)	96.070	229	7	2	1	228	1684	1911	6.36e-104	372
NODE_41486_length_383_cov_2.18902	gb_EU434751_+_658-2578_ARO:3000194_tetW	94.093	237	14	0	1	237	1684	1920	1.38e-100	361
NODE_41602_length_382_cov_0.972477	gb_U00096_+_2484373-2487967_ARO:3000833_evgS	93.455	382	25	0	1	382	1863	2244	7.54e-163	568
NODE_42172_length_378_cov_1.25387	gb_AP009048.1_-_4303042-4304509_ARO:3003550_mdtP	97.619	378	9	0	1	378	402	25	0.0	649
NODE_42469_length_376_cov_1.66978	gb_AP009048.1_-_4306556-4307588_ARO:3003548_mdtN	98.559	347	5	0	30	376	1032	686	9.39e-177	614
NODE_42469_length_376_cov_1.66978	gb_AP009048.1_-_4304505-4306557_ARO:3003549_mdtO	100.000	30	0	0	1	30	30	1	7.14e-09	56.5
NODE_43621_length_370_cov_1.14921	gb_NC_000913.3_-_484425-485619_ARO:3004043_Escherichia	98.913	368	4	0	3	370	736	1103	0.0	658
NODE_44528_length_365_cov_1.30323	gb_NC_007779_+_2586250-2589364_ARO:3000491_acrD	99.452	365	2	0	1	365	2564	2200	0.0	664
NODE_45801_length_359_cov_0.940789	gb_FJ768952_+_0-1488_ARO:3000237_tolC	99.150	353	3	0	1	353	353	1	0.0	636
NODE_46205_length_357_cov_1.1755	gb_AP009048.1_-_4304505-4306557_ARO:3003549_mdtO	96.910	356	11	0	2	357	371	16	8.99e-172	597
NODE_46571_length_355_cov_1.79333	gb_AY928180_+_0-495_ARO:3002837_lnuC	99.606	254	1	0	1	254	242	495	9.45e-132	464
NODE_46803_length_354_cov_1.01338	gb_AP009048.1_-_3980025-3981183_ARO:3000795_mdtE	98.406	251	4	0	1	251	908	1158	4.42e-125	442
NODE_46803_length_354_cov_1.01338	gb_U00096_+_3660413-3663527_ARO:3000796_mdtF	97.468	79	2	0	276	354	1	79	8.39e-33	135
NODE_47465_length_351_cov_0.868243	gb_U00096_+_2484373-2487967_ARO:3000833_evgS	94.302	351	20	0	1	351	1058	1408	5.43e-154	538
NODE_47493_length_351_cov_0.672297	gb_JQ394987_+_0-1233_ARO:3001328_Escherichia	96.839	348	11	0	1	348	222	569	2.47e-167	582
NODE_48469_length_346_cov_1.54296	gb_NC_000913.3_+_966620-968369_ARO:3003950_msbA	98.844	346	4	0	1	346	1203	1548	6.67e-178	617
NODE_51018_length_335_cov_1.05714	gb_D78168_+_1591-3130_ARO:3000254_emrY	96.847	222	7	0	114	335	1539	1318	5.54e-104	372
NODE_52409_length_330_cov_1.74545	gb_CP015085.1_-_2551711-2552440_ARO:3003838_gadW	96.444	225	8	0	2	226	505	729	5.45e-104	372
NODE_53656_length_325_cov_1	gb_NC_000913.3_+_3219493-3220873_ARO:3000024_patA	100.000	134	0	0	1	134	1247	1380	9.44e-67	248
NODE_56042_length_316_cov_1.24521	gb_AP009048_-_4338624-4340268_ARO:3003576_eptA	100.000	316	0	0	1	316	1256	1571	6.15e-168	584
NODE_56801_length_314_cov_1.15058	gb_NC_000913.3_-_721055-721733_ARO:3003841_kdpE	93.312	314	21	0	1	314	312	625	8.30e-132	464
NODE_59086_length_306_cov_1.25896	gb_U00096_+_3413863-3415021_ARO:3000499_acrE	97.386	306	8	0	1	306	549	244	4.72e-149	521
NODE_59288_length_306_cov_1.23108	gb_AP009048.1_-_4304505-4306557_ARO:3003549_mdtO	98.039	306	6	0	1	306	1714	2019	2.18e-152	532
NODE_59649_length_305_cov_1.66	gb_U00096_+_3660413-3663527_ARO:3000796_mdtF	97.705	305	7	0	1	305	489	793	3.64e-150	525
NODE_59788_length_304_cov_1.25703	gb_U00096.3_-_4567286-4568519_ARO:3001214_mdtM	98.026	304	6	0	1	304	552	249	2.80e-151	529
NODE_60081_length_303_cov_1.6129	gb_U00096_+_3660413-3663527_ARO:3000796_mdtF	98.350	303	5	0	1	303	1688	1990	2.16e-152	532
NODE_65921_length_287_cov_1.54741	gb_NC_000913.3_-_481253-484403_ARO:3000216_acrB	98.951	286	3	0	1	286	311	596	2.65e-146	512
NODE_67687_length_282_cov_1.91189	gb_AP009048.1_-_3980025-3981183_ARO:3000795_mdtE	98.582	282	4	0	1	282	14	295	2.03e-142	499
NODE_70323_length_276_cov_1.1086	gb_FJ768952_+_0-1488_ARO:3000237_tolC	97.590	249	6	0	28	276	1488	1240	9.48e-121	427
NODE_71040_length_275_cov_1.67727	gb_CP000800.1_-_1191727-1192954_ARO:3001329_mdtG	98.182	275	5	0	1	275	826	1100	7.15e-137	481
NODE_71436_length_274_cov_1.02283	gb_U00096_-_1124117-1125326_ARO:3001216_mdtH	96.715	274	9	0	1	274	155	428	1.20e-129	457
NODE_73019_length_270_cov_1.04186	gb_NC_007779_+_2586250-2589364_ARO:3000491_acrD	98.519	270	4	0	1	270	426	157	9.06e-136	477
NODE_73357_length_269_cov_1.15421	gb_U00096_+_3413863-3415021_ARO:3000499_acrE	96.283	269	10	0	1	269	1106	838	3.29e-125	442
NODE_73929_length_268_cov_0.971831	gb_AP009048.1_-_4306556-4307588_ARO:3003548_mdtN	94.776	268	14	0	1	268	550	283	5.53e-118	418
NODE_75101_length_266_cov_1.20853	gb_U00096_+_2158385-2161463_ARO:3000794_mdtC	97.368	266	7	0	1	266	1964	2229	1.50e-128	453
NODE_76408_length_263_cov_0.807692	gb_U00096_+_3415032-3418137_ARO:3000502_acrF	96.471	170	6	0	94	263	3105	2936	7.41e-77	281
NODE_76428_length_263_cov_0.990385	gb_AP009048.1_-_4304505-4306557_ARO:3003549_mdtO	94.677	263	14	0	1	263	1032	1294	3.26e-115	409
NODE_76563_length_262_cov_0.869565	gb_AP009048.1_-_4306556-4307588_ARO:3003548_mdtN	97.328	262	7	0	1	262	24	285	2.47e-126	446
NODE_78404_length_259_cov_1.69608	gb_U00096_+_2158385-2161463_ARO:3000794_mdtC	94.981	259	13	0	1	259	539	281	1.15e-114	407
NODE_78408_length_259_cov_0.970588	gb_U00096.3_-_3203309-3204131_ARO:3002986_bacA	99.153	118	1	0	1	118	703	820	2.70e-56	213
NODE_79268_length_257_cov_1.11386	gb_NC_002695.2_-_1737690-1738104_ARO:3000676_H-NS	99.184	245	2	0	13	257	414	170	3.13e-125	442
NODE_80315_length_255_cov_0.9	gb_U01945_+_373-916_ARO:3002897_SAT-4	100.000	255	0	0	1	255	284	30	3.96e-134	472
NODE_80575_length_254_cov_1.0804	gb_U00096_+_2155262-2158385_ARO:3000793_mdtB	97.638	254	6	0	1	254	2651	2904	1.44e-123	436
NODE_80669_length_254_cov_0.904523	gb_AP009048_+_2810082-2811255_ARO:3000027_emrA	96.457	254	9	0	1	254	837	1090	1.45e-118	420
NODE_81070_length_254_cov_0.648241	gb_U00096_+_2484373-2487967_ARO:3000833_evgS	98.148	54	1	0	201	254	276	223	9.98e-21	95.3
NODE_82057_length_252_cov_0.786802	gb_HQ652506.1_+_2099-3836_ARO:3004033_tetB(46)	97.945	146	3	0	103	248	1	146	1.54e-68	254
NODE_82057_length_252_cov_0.786802	gb_HQ652506.1_+_373-2098_ARO:3004032_tetA(46)	98.020	101	2	0	1	101	1625	1725	3.44e-45	176
NODE_83037_length_250_cov_1.3641	gb_NC_007779_+_3974604-3975429_ARO:3000508_gadX	94.000	250	15	0	1	250	525	276	2.42e-106	379
NODE_84126_length_248_cov_1.39896	gb_U00096_+_3660413-3663527_ARO:3000796_mdtF	98.790	248	3	0	1	248	2360	2113	3.01e-125	442
NODE_84921_length_247_cov_1.71875	gb_NC_000913.3_+_966620-968369_ARO:3003950_msbA	98.785	247	3	0	1	247	481	727	1.08e-124	440
NODE_85228_length_246_cov_0.958115	gb_NC_002695.1_-_4903561-4904935_ARO:3000830_cpxA	97.541	244	6	0	1	244	1159	916	5.04e-118	418
NODE_85476_length_246_cov_0.848168	gb_NC_023287.1_-_65291-66509_ARO:3000615_mefA	97.297	222	6	0	1	222	414	635	8.55e-106	377
NODE_86625_length_244_cov_0.714286	gb_U00096_+_2158385-2161463_ARO:3000794_mdtC	97.131	244	7	0	1	244	1976	1733	2.32e-116	412
NODE_88786_length_240_cov_0.875676	gb_U00096_+_2367070-2368039_ARO:3003578_pmrF	98.333	240	4	0	1	240	693	454	3.79e-119	422
NODE_88981_length_240_cov_1.14054	gb_JQ394987_+_0-1233_ARO:3001328_Escherichia	94.561	239	13	0	2	240	1	239	1.39e-103	370
NODE_91449_length_236_cov_0.961326	gb_JQ394987_+_0-1233_ARO:3001328_Escherichia	96.154	208	8	0	29	236	1233	1026	1.07e-94	340
NODE_92243_length_235_cov_1.75	gb_NC_007779_+_2586250-2589364_ARO:3000491_acrD	98.298	235	4	0	1	235	661	427	2.23e-116	412
NODE_93457_length_233_cov_0.786517	gb_NC_000913.3_+_3219493-3220873_ARO:3000024_patA	96.996	233	7	0	1	233	152	384	2.88e-110	392
NODE_94537_length_232_cov_0.858757	gb_NC_000913.3_-_4377810-4378944_ARO:3004290_Escherichia	99.138	232	2	0	1	232	894	663	4.72e-118	418
NODE_94537_length_232_cov_0.858757	gb_KM926622_+_238-1384_ARO:3003172_ACT-37	83.333	72	10	2	17	87	890	820	7.09e-12	65.8
NODE_94537_length_232_cov_0.858757	gb_KF992029_+_748-1894_ARO:3001840_ACT-19	83.333	72	10	2	17	87	890	820	7.09e-12	65.8
NODE_94806_length_231_cov_1.10795	gb_U00096_+_3415032-3418137_ARO:3000502_acrF	96.970	231	7	0	1	231	2522	2752	3.69e-109	388
NODE_95076_length_231_cov_0.767045	gb_NC_000913.3_+_2810769-2811300_ARO:3000516_emrR	99.567	231	1	0	1	231	346	116	3.63e-119	422
NODE_97357_length_228_cov_0.965318	gb_U00096_+_2484373-2487967_ARO:3000833_evgS	98.246	228	4	0	1	228	2250	2477	1.68e-112	399
NODE_97750_length_228_cov_1.11561	gb_U00096.3_-_3203309-3204131_ARO:3002986_bacA	96.053	228	9	0	1	228	49	276	3.66e-104	372
NODE_99803_length_225_cov_1.05882	gb_FN594949_+_25244-27167_ARO:3000556_tet44	98.667	225	3	0	1	225	1376	1152	1.65e-112	399
NODE_100086_length_224_cov_0.923077	gb_AM180355_+_600033-601953_ARO:3000186_tetM	89.163	203	22	0	22	224	738	940	1.36e-68	254
NODE_100086_length_224_cov_0.923077	gb_L09756_+_0-1926_ARO:3000192_tetS	81.921	177	32	0	27	203	743	919	1.83e-37	150
NODE_105240_length_218_cov_1.10429	gb_AM180355_+_600033-601953_ARO:3000186_tetM	96.622	148	5	0	71	218	1920	1773	2.20e-66	246
NODE_107930_length_215_cov_1.4	gb_U00096_+_2812615-2814154_ARO:3000074_emrB	98.295	176	3	0	40	215	1	176	2.73e-85	309
NODE_108069_length_215_cov_1.60625	gb_NC_000913.3_-_2306971-2308615_ARO:3003952_yojI	95.614	114	5	0	102	215	1644	1531	1.73e-47	183
NODE_108748_length_214_cov_0.849057	gb_NC_000913.3_-_484425-485619_ARO:3004043_Escherichia	98.598	214	3	0	1	214	312	525	2.04e-106	379
NODE_109422_length_213_cov_1.56962	gb_NC_007779_+_2166412-2167135_ARO:3000828_baeR	96.386	83	3	0	131	213	722	640	1.35e-33	137
NODE_111623_length_210_cov_1.16129	gb_U00096_+_2484373-2487967_ARO:3000833_evgS	92.381	210	16	0	1	210	913	1122	1.60e-82	300
NODE_112908_length_209_cov_1.64935	gb_NC_000913.3_-_481253-484403_ARO:3000216_acrB	99.522	209	1	0	1	209	2766	2974	5.53e-107	381
NODE_113456_length_208_cov_1.90196	gb_D78168_+_1591-3130_ARO:3000254_emrY	98.077	208	4	0	1	208	796	1003	1.99e-101	363
NODE_113564_length_208_cov_1.20261	gb_AP009048.1_-_4304505-4306557_ARO:3003549_mdtO	98.558	208	3	0	1	208	1583	1376	4.28e-103	368
NODE_114548_length_207_cov_0.888158	gb_NC_000913.3_-_484425-485619_ARO:3004043_Escherichia	100.000	77	0	0	131	207	1	77	2.81e-35	143
NODE_114548_length_207_cov_0.888158	gb_AJ318073.1_+_793-1990_ARO:3004041_Klebsiella	97.403	77	2	0	131	207	1	77	6.08e-32	132
NODE_115520_length_206_cov_1.49007	gb_U00096_+_2155262-2158385_ARO:3000793_mdtB	94.175	206	12	0	1	206	1088	883	5.59e-87	315
