NODE_15_length_132522_cov_7.30288	gb_M80346_+_0-1656_ARO:3002817_carA	100.000	29	0	0	46362	46390	1475	1503	9.52e-06	54.7
NODE_45_length_84100_cov_45.1625	gb_X63451_+_0-1653_ARO:3002828_srmB	78.448	116	19	6	8116	8228	1465	1577	6.00e-11	71.3
NODE_59_length_74355_cov_46.6778	gb_X63451_+_0-1653_ARO:3002828_srmB	97.222	36	1	0	71574	71609	1500	1465	3.19e-08	62.1
NODE_67_length_67763_cov_38.8723	gb_M80346_+_0-1656_ARO:3002817_carA	100.000	36	0	0	41990	42025	1502	1467	6.25e-10	67.6
NODE_152_length_39623_cov_7.31857	gb_AP006618.1_+_4835199-4838688_ARO:3000501_Nocardia	74.961	3171	685	84	32354	35465	3370	250	0.0	1356
NODE_224_length_30500_cov_5.22132	gb_AF173226_+_3767-6917_ARO:3003052_smeB	85.484	62	9	0	21692	21753	1245	1184	1.01e-09	65.8
NODE_224_length_30500_cov_5.22132	gb_AJ252200_+_1278-4401_ARO:3003056_smeE	92.857	42	3	0	21692	21733	1245	1204	1.31e-08	62.1
NODE_464_length_18353_cov_39.8218	gb_M80346_+_0-1656_ARO:3002817_carA	100.000	36	0	0	4469	4504	1467	1502	1.70e-10	67.6
NODE_513_length_16989_cov_19.9112	gb_AM180355_+_600033-601953_ARO:3000186_tetM	92.552	1920	143	0	8285	10204	1	1920	0.0	2754
NODE_513_length_16989_cov_19.9112	gb_L09756_+_0-1926_ARO:3000192_tetS	78.464	1927	398	15	8286	10203	2	1920	0.0	1243
NODE_530_length_16635_cov_9.13166	gb_HM990671_+_5192-6671_ARO:3003112_lsaC	99.865	1479	2	0	1311	2789	1	1479	0.0	2721
NODE_584_length_15783_cov_13.2319	gb_HM990671_+_5192-6671_ARO:3003112_lsaC	88.032	1479	177	0	13655	15133	1479	1	0.0	1751
NODE_662_length_14486_cov_52.0522	gb_AP006618.1_+_4835199-4838688_ARO:3000501_Nocardia	80.899	356	52	11	5930	6277	3333	2986	1.23e-70	267
NODE_678_length_14304_cov_43.9635	gb_AP006618.1_+_4835199-4838688_ARO:3000501_Nocardia	74.064	1924	423	61	6430	8321	877	2756	0.0	719
NODE_783_length_12793_cov_55.2637	gb_AF235050.4_+_38028-40140_ARO:3003318_Streptomyces	86.154	65	9	0	7051	7115	1961	1897	9.13e-12	71.3
NODE_849_length_12065_cov_12.0659	gb_NC_003112.2_-_1791966-1795170_ARO:3000811_mtrD	80.773	3183	598	12	1747	4922	3176	1	0.0	2475
NODE_923_length_11395_cov_4.49295	gb_AF173226_+_3767-6917_ARO:3003052_smeB	72.270	1511	381	31	4294	5785	1	1492	2.50e-121	435
NODE_923_length_11395_cov_4.49295	gb_AF173226_+_3767-6917_ARO:3003052_smeB	74.856	867	182	32	6544	7392	2263	3111	4.31e-99	361
NODE_923_length_11395_cov_4.49295	gb_AJ252200_+_1278-4401_ARO:3003056_smeE	71.889	1519	363	53	4294	5780	1	1487	3.31e-105	381
NODE_923_length_11395_cov_4.49295	gb_NC_007779_+_2586250-2589364_ARO:3000491_acrD	77.801	482	103	4	5298	5777	1005	1484	4.43e-79	294
NODE_923_length_11395_cov_4.49295	gb_NC_002516.2_+_4904646-4907703_ARO:3003031_mexW	78.750	80	15	2	7058	7136	2690	2768	2.94e-06	52.8
NODE_961_length_11086_cov_5.53739	gb_AF118110.1_-_71-1037_ARO:3003002_CfxA2	100.000	966	0	0	8344	9309	966	1	0.0	1784
NODE_961_length_11086_cov_5.53739	gb_AF472622_+_52-1018_ARO:3003003_CfxA3	99.896	966	1	0	8344	9309	966	1	0.0	1779
NODE_961_length_11086_cov_5.53739	gb_AY769934_+_27-993_ARO:3003096_CfxA5	99.896	966	1	0	8344	9309	966	1	0.0	1779
NODE_961_length_11086_cov_5.53739	gb_U38243_+_149-1115_ARO:3003001_CfxA	99.896	966	1	0	8344	9309	966	1	0.0	1779
NODE_961_length_11086_cov_5.53739	gb_AY769933_+_0-966_ARO:3003005_CfxA4	99.896	966	1	0	8344	9309	966	1	0.0	1779
NODE_961_length_11086_cov_5.53739	gb_GQ342996_+_797-1793_ARO:3003097_CfxA6	89.234	966	101	3	8349	9313	993	30	0.0	1205
NODE_1086_length_10118_cov_4.16834	gb_M17124_+_1181-1982_ARO:3000498_ErmF	99.750	801	2	0	7473	8273	1	801	0.0	1469
NODE_1086_length_10118_cov_4.16834	gb_AF319779.2_+_32-833_ARO:3000604_Erm(35)	78.643	796	166	3	7473	8266	1	794	1.28e-148	525
NODE_1163_length_9533_cov_39.8856	gb_AB015853_+_1330-4471_ARO:3003033_mexY	81.368	585	98	10	7676	8256	973	1550	7.43e-131	466
NODE_1163_length_9533_cov_39.8856	gb_AFRQ01000061.1_-_23986-27124_ARO:3004144_AxyY	80.592	608	105	12	7676	8278	973	1572	4.47e-128	457
NODE_1163_length_9533_cov_39.8856	gb_AFRQ01000061.1_-_23986-27124_ARO:3004144_AxyY	76.316	304	60	10	9226	9523	2520	2817	2.36e-36	152
NODE_1163_length_9533_cov_39.8856	gb_U57969_+_1485-4617_ARO:3000801_MexD	76.480	625	126	20	7645	8260	951	1563	6.12e-87	320
NODE_1163_length_9533_cov_39.8856	gb_AF173226_+_3767-6917_ARO:3003052_smeB	75.000	356	75	9	9185	9533	2503	2851	2.36e-36	152
NODE_1541_length_7680_cov_3.61115	gb_NC_000913.3_-_481253-484403_ARO:3000216_acrB	81.034	116	15	5	1070	1180	1575	1462	1.96e-16	86.1
NODE_1775_length_6882_cov_4.27567	gb_AB015853_+_1330-4471_ARO:3003033_mexY	79.589	632	113	12	4910	5533	888	1511	1.17e-122	438
NODE_1775_length_6882_cov_4.27567	gb_AFRQ01000061.1_-_23986-27124_ARO:3004144_AxyY	79.966	589	104	9	4952	5533	930	1511	1.18e-117	422
NODE_1775_length_6882_cov_4.27567	gb_NC_000913.3_-_481253-484403_ARO:3000216_acrB	77.949	195	39	3	6690	6882	2653	2845	1.73e-26	119
NODE_2088_length_6068_cov_42.5392	gb_NC_014638.1_-_1610636-1613960_ARO:3003730_Bifidobacteria	75.000	1176	237	43	1288	2427	2148	994	2.80e-138	490
NODE_2104_length_6042_cov_4.05161	gb_X63451_+_0-1653_ARO:3002828_srmB	97.500	40	0	1	5969	6008	1503	1465	5.57e-11	67.6
NODE_2356_length_5511_cov_23.7817	gb_NC_012469.1_-_1800927-1802391_ARO:3000616_mel	100.000	1464	0	0	2444	3907	1	1464	0.0	2704
NODE_2356_length_5511_cov_23.7817	gb_NC_023287.1_-_65291-66509_ARO:3000615_mefA	96.962	1218	37	0	1107	2324	1	1218	0.0	2045
NODE_2371_length_5497_cov_48.0202	gb_Z50108_+_238-1768_ARO:3003026_fusH	91.111	45	1	2	1766	1807	561	517	3.05e-08	58.4
NODE_2617_length_5119_cov_8.49111	gb_NC_003098.1_-_1359228-1360395_ARO:3000025_patB	80.117	342	60	7	4782	5119	1157	820	1.57e-65	248
NODE_2840_length_4801_cov_11.406	gb_NC_003098.1_-_1359228-1360395_ARO:3000025_patB	80.117	342	60	7	1	338	820	1157	1.47e-65	248
NODE_3408_length_4138_cov_2.7061	gb_NC_003112.2_-_1791966-1795170_ARO:3000811_mtrD	83.234	1008	166	3	3132	4138	3172	2167	0.0	922
NODE_3502_length_4045_cov_27.4206	gb_M80346_+_0-1656_ARO:3002817_carA	97.297	37	1	0	215	251	1503	1467	4.82e-10	63.9
NODE_3776_length_3812_cov_2.38914	gb_CP001050.1_+_1332866-1333499_ARO:3000817_mtrR	77.133	586	118	14	1746	2323	578	1	5.25e-89	326
NODE_3931_length_3685_cov_36.6061	gb_NC_002516.2_-_2850882-2854014_ARO:3004074_MuxB	72.429	3112	710	123	621	3664	10	3041	0.0	857
NODE_4887_length_3087_cov_14.2916	gb_HM990671_+_5192-6671_ARO:3003112_lsaC	88.979	1479	163	0	422	1900	1	1479	0.0	1829
NODE_5156_length_2950_cov_13.9689	gb_AF242872_+_2131-2878_ARO:3000375_ErmB	99.598	747	2	1	1678	2423	747	1	0.0	1362
NODE_5907_length_2610_cov_3.80626	gb_NC_003098.1_-_1359228-1360395_ARO:3000025_patB	81.881	1159	206	4	761	1917	1157	1	0.0	974
NODE_6067_length_2545_cov_14.247	gb_AY768532_+_0-1935_ARO:3000535_macB	86.075	1824	243	10	7	1826	1817	1	0.0	1951
NODE_6067_length_2545_cov_14.247	gb_AY768531_+_0-1179_ARO:3000533_macA	84.868	608	82	9	1943	2545	1155	553	4.01e-173	604
NODE_6946_length_2276_cov_2.63935	gb_NC_003112.2_-_1791966-1795170_ARO:3000811_mtrD	86.066	2196	302	3	1	2194	2194	1	0.0	2357
NODE_7088_length_2243_cov_27.2468	gb_AF024602_+_3155-3992_ARO:3002660_APH(6)-Id	99.881	837	1	0	162	998	837	1	0.0	1541
NODE_7088_length_2243_cov_27.2468	gb_AF313472_+_15593-16397_ARO:3002639_APH(3'')-Ib	99.876	804	1	0	998	1801	804	1	0.0	1480
NODE_9620_length_1739_cov_5.15439	gb_CP007593.1_+_2148923-2149772_ARO:3001301_RlmA(II)	86.611	844	111	2	643	1485	843	1	0.0	931
NODE_10393_length_1633_cov_2.32826	gb_L36601_+_1420-3130_ARO:3003036_oleB	92.500	40	3	0	1292	1331	634	673	9.00e-09	58.4
NODE_10727_length_1589_cov_1.97718	gb_BX664015.1_-_204137-204554_ARO:3000168_tet(D)	100.000	166	0	0	1424	1589	417	252	7.87e-84	307
NODE_12662_length_1368_cov_1.94745	gb_Z21523_+_0-1974_ARO:3000191_tetQ	98.477	197	3	0	1	197	1778	1974	3.98e-96	348
NODE_15519_length_1149_cov_14.6764	gb_CP007593.1_+_2148923-2149772_ARO:3001301_RlmA(II)	87.454	542	68	0	608	1149	843	302	1.38e-179	625
NODE_16142_length_1110_cov_2.52322	gb_NC_003098.1_+_866210-867410_ARO:3000822_pmrA	94.332	1041	59	0	70	1110	1200	160	0.0	1596
NODE_16202_length_1107_cov_8.82034	gb_CP007593.1_+_2148923-2149772_ARO:3001301_RlmA(II)	86.604	851	110	4	132	980	1	849	0.0	937
NODE_16781_length_964_cov_34.2355	gb_BX664015.1_-_103017-103833_ARO:3002641_APH(3')-Ia	100.000	816	0	0	56	871	1	816	0.0	1507
NODE_18203_length_1001_cov_1.75581	gb_AY768532_+_0-1935_ARO:3000535_macB	79.918	244	39	9	760	998	1	239	6.73e-43	171
NODE_19641_length_941_cov_8.35553	gb_NC_003098.1_-_1359228-1360395_ARO:3000025_patB	92.717	865	63	0	10	874	865	1	0.0	1249
NODE_21724_length_865_cov_1.77407	gb_Z21523_+_0-1974_ARO:3000191_tetQ	99.340	303	2	0	563	865	1	303	6.37e-157	549
NODE_22604_length_837_cov_1.42583	gb_AJ252200_+_1278-4401_ARO:3003056_smeE	75.691	181	38	4	17	194	1214	1391	2.09e-17	86.1
NODE_22604_length_837_cov_1.42583	gb_AF173226_+_3767-6917_ARO:3003052_smeB	76.033	121	29	0	17	137	1214	1334	9.80e-11	63.9
NODE_25962_length_748_cov_3.17316	gb_NC_003098.1_-_1359228-1360395_ARO:3000025_patB	90.476	567	54	0	182	748	1161	595	0.0	749
NODE_26827_length_727_cov_2.30804	gb_L36601_+_1420-3130_ARO:3003036_oleB	96.875	32	1	0	696	727	673	642	5.11e-08	54.7
NODE_27941_length_703_cov_2.0571	gb_L36601_+_1420-3130_ARO:3003036_oleB	92.500	40	3	0	649	688	634	673	3.81e-09	58.4
NODE_31906_length_632_cov_0.92201	gb_KX000273.1_+_0-1740_ARO:3004036_tetB(60)	99.005	201	2	0	3	203	1540	1740	2.32e-100	361
NODE_35057_length_587_cov_2.18421	gb_CP007593.1_+_2148923-2149772_ARO:3001301_RlmA(II)	92.982	513	34	2	1	512	332	843	0.0	747
NODE_35550_length_580_cov_2.95048	gb_NC_003098.1_-_1359228-1360395_ARO:3000025_patB	83.968	499	80	0	1	499	499	1	5.63e-136	479
NODE_36698_length_566_cov_0.917808	gb_NC_002134.1_+_41537-42743_ARO:3000165_tet(A)	99.823	566	1	0	1	566	820	255	0.0	1040
NODE_36698_length_566_cov_0.917808	gb_AB089595_+_0-1206_ARO:3000166_tet(B)	99.823	566	1	0	1	566	820	255	0.0	1040
NODE_37153_length_560_cov_1.75248	gb_AY768531_+_0-1179_ARO:3000533_macA	88.934	244	27	0	317	560	1155	912	1.26e-82	302
NODE_37153_length_560_cov_1.75248	gb_AY768532_+_0-1935_ARO:3000535_macB	90.541	222	21	0	2	223	222	1	2.11e-80	294
NODE_38590_length_543_cov_1.05328	gb_KX000272.1_+_0-1740_ARO:3004035_tetA(60)	89.503	543	57	0	1	543	1142	600	0.0	688
NODE_40282_length_523_cov_1.32906	gb_X95635_+_259-1663_ARO:3000812_mtrE	91.577	463	39	0	61	523	1404	942	0.0	640
NODE_40757_length_518_cov_2.90929	gb_AY768532_+_0-1935_ARO:3000535_macB	86.705	519	64	4	1	518	1115	1629	8.02e-164	571
NODE_41641_length_509_cov_3.30617	gb_NC_003098.1_-_1359228-1360395_ARO:3000025_patB	86.454	502	64	3	10	509	865	366	1.33e-156	547
NODE_45745_length_471_cov_1.88221	gb_NC_017452.1_-_1144673-1146068_ARO:3003953_hmrM	89.509	448	47	0	24	471	1	448	9.40e-163	568
NODE_47967_length_453_cov_1.27387	gb_KX000273.1_+_0-1740_ARO:3004036_tetB(60)	97.297	444	12	0	10	453	1	444	0.0	754
NODE_49456_length_442_cov_1.2093	gb_NC_003112.2_-_1791966-1795170_ARO:3000811_mtrD	95.701	442	19	0	1	442	1259	818	0.0	712
NODE_53490_length_416_cov_1.75346	gb_Z21523_+_0-1974_ARO:3000191_tetQ	100.000	416	0	0	1	416	1240	1655	0.0	769
NODE_54228_length_411_cov_1.07022	gb_KX000273.1_+_0-1740_ARO:3004036_tetB(60)	91.971	411	33	0	1	411	1256	846	1.35e-165	577
NODE_54920_length_407_cov_1.23864	gb_NC_002134.1_+_41537-42743_ARO:3000165_tet(A)	100.000	178	0	0	230	407	1	178	4.14e-91	329
NODE_54920_length_407_cov_1.23864	gb_AB089595_+_0-1206_ARO:3000166_tet(B)	99.438	178	1	0	230	407	1	178	1.93e-89	324
NODE_55385_length_405_cov_1.87429	gb_NC_017452.1_-_1144673-1146068_ARO:3003953_hmrM	88.806	402	45	0	1	402	774	1175	1.38e-140	494
NODE_55504_length_404_cov_1.77077	gb_BX664015.1_-_204137-204554_ARO:3000168_tet(D)	100.000	205	0	0	1	205	205	1	4.02e-106	379
NODE_56050_length_401_cov_1.18786	gb_Z21523_+_0-1974_ARO:3000191_tetQ	97.007	401	12	0	1	401	491	891	0.0	675
NODE_56846_length_397_cov_18.5088	gb_CP007593.1_+_2148923-2149772_ARO:3001301_RlmA(II)	82.123	358	60	4	42	397	1	356	2.45e-83	303
NODE_57109_length_395_cov_1.05294	gb_AJ295238.3_+_163-2083_ARO:3000196_tet32	81.748	389	69	2	2	389	155	542	1.87e-89	324
NODE_60272_length_379_cov_1.07099	gb_KX000272.1_+_0-1740_ARO:3004035_tetA(60)	88.095	378	45	0	1	378	561	184	2.83e-127	449
NODE_61186_length_374_cov_0.868339	gb_NC_003112.2_+_329612-330767_ARO:3003961_farA	89.542	153	16	0	219	371	41	193	1.44e-50	195
NODE_64212_length_361_cov_1.23203	gb_X95635_+_259-1663_ARO:3000812_mtrE	93.352	361	24	0	1	361	663	1023	7.23e-153	534
NODE_64448_length_360_cov_2.2459	gb_AY768532_+_0-1935_ARO:3000535_macB	85.794	359	49	2	1	358	654	1011	3.58e-106	379
NODE_64461_length_360_cov_0.737705	gb_KX000272.1_+_0-1740_ARO:3004035_tetA(60)	94.693	358	19	0	3	360	1348	1705	1.54e-159	556
NODE_65847_length_354_cov_1.17057	gb_KX000273.1_+_0-1740_ARO:3004036_tetB(60)	99.153	354	3	0	1	354	1276	1629	0.0	638
NODE_75113_length_320_cov_1.22264	gb_X95635_+_259-1663_ARO:3000812_mtrE	91.111	315	28	0	1	315	3	317	1.11e-120	427
NODE_76682_length_315_cov_1.72308	gb_Z21523_+_0-1974_ARO:3000191_tetQ	100.000	315	0	0	1	315	1126	812	2.20e-167	582
NODE_82793_length_298_cov_1.35391	gb_KX000273.1_+_0-1740_ARO:3004036_tetB(60)	96.644	298	10	0	1	298	417	714	2.78e-141	496
NODE_83700_length_295_cov_0.654167	gb_AFRQ01000061.1_-_23986-27124_ARO:3004144_AxyY	93.421	76	5	0	18	93	2706	2631	3.24e-26	113
NODE_83895_length_295_cov_0.8125	gb_AB219524.1_+_1176-4338_ARO:3003699_mexQ	92.683	41	3	0	121	161	2812	2852	4.28e-10	60.2
NODE_83895_length_295_cov_0.8125	gb_NC_002516_+_2810008-2813197_ARO:3000804_MexF	97.059	34	1	0	132	165	2850	2883	1.54e-09	58.4
NODE_83895_length_295_cov_0.8125	gb_AJ252200_+_1278-4401_ARO:3003056_smeE	97.059	34	1	0	132	165	2823	2856	1.54e-09	58.4
NODE_84916_length_292_cov_4.78059	gb_CP007593.1_+_2148923-2149772_ARO:3001301_RlmA(II)	80.663	181	35	0	112	292	843	663	1.47e-34	141
NODE_88668_length_283_cov_1.16667	gb_NC_003112.2_+_330790-332317_ARO:3003962_farB	99.293	283	2	0	1	283	663	381	2.61e-146	512
NODE_89503_length_281_cov_3.25664	gb_NC_003098.1_+_866210-867410_ARO:3000822_pmrA	95.833	192	8	0	90	281	1	192	1.02e-85	311
NODE_91523_length_276_cov_1.27149	gb_NC_002134.1_+_41537-42743_ARO:3000165_tet(A)	100.000	158	0	0	1	158	1049	1206	3.61e-80	292
NODE_91523_length_276_cov_1.27149	gb_AB089595_+_0-1206_ARO:3000166_tet(B)	100.000	158	0	0	1	158	1049	1206	3.61e-80	292
NODE_96702_length_266_cov_1.90047	gb_NC_003098.1_+_866210-867410_ARO:3000822_pmrA	93.233	266	18	0	1	266	336	601	3.32e-110	392
NODE_105986_length_249_cov_0.716495	gb_NC_017452.1_-_1144673-1146068_ARO:3003953_hmrM	91.837	245	20	0	1	245	601	845	3.16e-95	342
NODE_109712_length_243_cov_1.40426	gb_NC_003112.2_-_1791966-1795170_ARO:3000811_mtrD	94.595	222	12	0	1	222	2928	3149	8.55e-96	344
NODE_111580_length_240_cov_0.794595	gb_NC_003112.2_-_1791966-1795170_ARO:3000811_mtrD	92.500	240	18	0	1	240	2179	1940	8.44e-96	344
NODE_112138_length_239_cov_2.21196	gb_AY768532_+_0-1935_ARO:3000535_macB	87.029	239	27	4	3	239	1187	951	1.87e-72	267
NODE_112997_length_238_cov_1.02186	gb_NC_003098.1_+_866210-867410_ARO:3000822_pmrA	87.815	238	29	0	1	238	401	164	2.39e-76	279
NODE_113695_length_237_cov_1.80769	gb_Z21523_+_0-1974_ARO:3000191_tetQ	89.407	236	25	0	2	237	565	330	6.57e-82	298
NODE_116326_length_233_cov_2.82584	gb_NC_003098.1_-_1359228-1360395_ARO:3000025_patB	87.879	231	28	0	1	231	735	505	3.91e-74	272
NODE_118847_length_230_cov_1.41143	gb_NC_003112.2_-_1795181-1796420_ARO:3000810_mtrC	79.787	188	38	0	14	201	533	720	1.47e-33	137
NODE_121047_length_226_cov_1.21637	gb_AY768531_+_0-1179_ARO:3000533_macA	88.053	226	27	0	1	226	690	915	4.89e-73	268
NODE_122447_length_225_cov_1.04706	gb_NC_017452.1_-_1144673-1146068_ARO:3003953_hmrM	95.364	151	7	0	75	225	1395	1245	1.06e-64	241
NODE_123720_length_223_cov_1.17262	gb_NC_003112.2_-_1791966-1795170_ARO:3000811_mtrD	90.278	216	21	0	8	223	1361	1576	1.72e-77	283
NODE_124323_length_222_cov_1.07186	gb_NC_003112.2_+_330790-332317_ARO:3003962_farB	91.892	222	18	0	1	222	1035	1256	7.86e-86	311
NODE_125808_length_221_cov_11.0542	gb_AY768531_+_0-1179_ARO:3000533_macA	85.308	211	31	0	2	212	173	383	4.88e-58	219
NODE_129377_length_216_cov_1.47205	gb_AJ295238.3_+_163-2083_ARO:3000196_tet32	100.000	216	0	0	1	216	965	750	1.58e-112	399
NODE_131340_length_214_cov_1.13208	gb_NC_003112.2_-_1795181-1796420_ARO:3000810_mtrC	87.850	214	26	0	1	214	404	191	4.64e-68	252
NODE_139177_length_206_cov_1.45695	gb_L36601_+_1420-3130_ARO:3003036_oleB	97.368	38	1	0	2	39	671	634	6.22e-12	65.8
