NODE_113_length_3838_cov_4.50859	gb_CP007593.1_+_2148923-2149772_ARO:3001301_RlmA(II)	92.874	842	58	2	2998	3838	1	841	0.0	1221
NODE_212_length_3043_cov_5.18909	gb_CP007593.1_+_2148923-2149772_ARO:3001301_RlmA(II)	95.455	88	4	0	2956	3043	849	762	1.63e-33	141
NODE_508_length_1940_cov_3.9061	gb_NC_003098.1_-_1359228-1360395_ARO:3000025_patB	92.076	1161	92	0	714	1874	1	1161	0.0	1635
NODE_695_length_1546_cov_4.38699	gb_NC_003098.1_+_866210-867410_ARO:3000822_pmrA	91.896	728	59	0	1	728	728	1	0.0	1018
NODE_867_length_1312_cov_4.04535	gb_NC_003098.1_+_866210-867410_ARO:3000822_pmrA	93.963	646	39	0	667	1312	1200	555	0.0	977
NODE_1061_length_1157_cov_1.75318	gb_NC_012469.1_-_1800927-1802391_ARO:3000616_mel	99.894	940	1	0	218	1157	1464	525	0.0	1731
NODE_1529_length_931_cov_2.7911	gb_AF472622_+_52-1018_ARO:3003003_CfxA3	100.000	590	0	0	1	590	590	1	0.0	1090
NODE_1529_length_931_cov_2.7911	gb_AY769934_+_27-993_ARO:3003096_CfxA5	100.000	590	0	0	1	590	590	1	0.0	1090
NODE_1529_length_931_cov_2.7911	gb_U38243_+_149-1115_ARO:3003001_CfxA	100.000	590	0	0	1	590	590	1	0.0	1090
NODE_1529_length_931_cov_2.7911	gb_AY769933_+_0-966_ARO:3003005_CfxA4	100.000	590	0	0	1	590	590	1	0.0	1090
NODE_1529_length_931_cov_2.7911	gb_AF118110.1_-_71-1037_ARO:3003002_CfxA2	100.000	590	0	0	1	590	590	1	0.0	1090
NODE_1529_length_931_cov_2.7911	gb_GQ342996_+_797-1793_ARO:3003097_CfxA6	88.384	594	69	0	1	594	623	30	0.0	715
NODE_2879_length_681_cov_1.90575	gb_AF118110.1_-_71-1037_ARO:3003002_CfxA2	100.000	365	0	0	1	365	602	966	0.0	675
NODE_2879_length_681_cov_1.90575	gb_AF472622_+_52-1018_ARO:3003003_CfxA3	99.726	365	1	0	1	365	602	966	0.0	669
NODE_2879_length_681_cov_1.90575	gb_AY769934_+_27-993_ARO:3003096_CfxA5	99.726	365	1	0	1	365	602	966	0.0	669
NODE_2879_length_681_cov_1.90575	gb_U38243_+_149-1115_ARO:3003001_CfxA	99.726	365	1	0	1	365	602	966	0.0	669
NODE_2879_length_681_cov_1.90575	gb_AY769933_+_0-966_ARO:3003005_CfxA4	99.726	365	1	0	1	365	602	966	0.0	669
NODE_2879_length_681_cov_1.90575	gb_GQ342996_+_797-1793_ARO:3003097_CfxA6	90.859	361	30	3	1	360	635	993	1.85e-136	481
NODE_6014_length_500_cov_1.41348	gb_X74948_+_0-492_ARO:3002688_catS	96.651	209	7	0	1	209	283	491	1.42e-96	348
NODE_6014_length_500_cov_1.41348	gb_AF226276.1_+_3583-4207_ARO:3002682_catD	85.106	282	42	0	1	282	343	624	8.72e-79	289
NODE_6014_length_500_cov_1.41348	gb_U15027_+_0-624_ARO:3002686_catP	85.106	282	42	0	1	282	343	624	8.72e-79	289
NODE_6655_length_479_cov_2.21698	gb_NC_023287.1_-_65291-66509_ARO:3000615_mefA	95.604	182	7	1	297	477	1	182	2.32e-79	291
NODE_9499_length_419_cov_1.53022	gb_HQ652506.1_+_2099-3836_ARO:3004033_tetB(46)	94.511	419	23	0	1	419	422	840	0.0	647
NODE_11541_length_388_cov_1.77477	gb_X63451_+_0-1653_ARO:3002828_srmB	97.059	34	1	0	26	59	1466	1499	2.05e-09	58.4
NODE_16480_length_339_cov_1.72887	gb_HQ652506.1_+_373-2098_ARO:3004032_tetA(46)	96.500	200	7	0	138	337	1	200	9.53e-92	331
NODE_17527_length_331_cov_2.02899	gb_NC_023287.1_-_65291-66509_ARO:3000615_mefA	96.677	331	11	0	1	331	807	477	6.55e-158	551
NODE_17716_length_330_cov_0.712727	gb_AP006618.1_+_4835199-4838688_ARO:3000501_Nocardia	87.132	272	31	4	58	327	2968	3237	5.61e-84	305
NODE_21961_length_305_cov_1.768	gb_HQ652506.1_+_373-2098_ARO:3004032_tetA(46)	92.384	302	23	0	3	304	1007	706	8.16e-122	431
NODE_22237_length_304_cov_1.50201	gb_HQ652506.1_+_2099-3836_ARO:3004033_tetB(46)	93.750	304	19	0	1	304	1261	1564	1.34e-129	457
NODE_23843_length_296_cov_1.51867	gb_CP007593.1_+_2148923-2149772_ARO:3001301_RlmA(II)	86.598	291	39	0	4	294	478	188	4.96e-89	322
NODE_24609_length_293_cov_0.936975	gb_AF235050.4_+_38028-40140_ARO:3003318_Streptomyces	78.713	202	37	4	14	212	255	453	3.19e-31	130
NODE_26046_length_287_cov_2.46983	gb_NC_003098.1_-_1359228-1360395_ARO:3000025_patB	92.982	285	20	0	1	285	456	172	2.14e-117	416
NODE_28854_length_276_cov_0.733032	gb_HQ652506.1_+_373-2098_ARO:3004032_tetA(46)	99.638	276	1	0	1	276	637	362	4.26e-144	505
NODE_28943_length_276_cov_2.21267	gb_CP007593.1_+_2148923-2149772_ARO:3001301_RlmA(II)	89.695	262	27	0	15	276	849	588	5.91e-93	335
NODE_34412_length_259_cov_1.21569	gb_Z21523_+_0-1974_ARO:3000191_tetQ	99.228	259	2	0	1	259	807	1065	5.21e-133	468
NODE_34985_length_257_cov_1.08911	gb_NC_023287.1_-_65291-66509_ARO:3000615_mefA	97.276	257	7	0	1	257	178	434	1.46e-123	436
NODE_40477_length_244_cov_1.21164	gb_HQ652506.1_+_2099-3836_ARO:3004033_tetB(46)	96.571	175	6	0	1	175	175	1	1.14e-79	291
NODE_40477_length_244_cov_1.21164	gb_HQ652506.1_+_373-2098_ARO:3004032_tetA(46)	98.529	68	1	0	177	244	1725	1658	1.58e-28	121
NODE_47832_length_230_cov_1.05714	gb_AF235050.4_+_38028-40140_ARO:3003318_Streptomyces	79.195	149	29	2	52	199	223	76	5.35e-23	102
NODE_52363_length_222_cov_1.64671	gb_NC_012469.1_-_1800927-1802391_ARO:3000616_mel	100.000	157	0	0	66	222	1	157	1.02e-79	291
NODE_55422_length_218_cov_1.15951	gb_NC_003098.1_-_1359228-1360395_ARO:3000025_patB	92.529	174	13	0	45	218	1161	988	1.70e-67	250
NODE_60345_length_211_cov_0.724359	gb_HQ652506.1_+_373-2098_ARO:3004032_tetA(46)	95.735	211	9	0	1	211	1293	1083	9.48e-95	340
NODE_62136_length_209_cov_1.40909	gb_NC_003098.1_+_866210-867410_ARO:3000822_pmrA	91.388	209	18	0	1	209	236	28	1.24e-78	287
