NODE_19_length_173217_cov_24.3523	gb_X74948_+_0-492_ARO:3002688_catS	87.780	491	60	0	167290	167780	1	491	2.15e-162	575
NODE_19_length_173217_cov_24.3523	gb_AF226276.1_+_3583-4207_ARO:3002682_catD	81.804	621	105	5	167230	167846	1	617	4.74e-144	514
NODE_19_length_173217_cov_24.3523	gb_U15027_+_0-624_ARO:3002686_catP	81.804	621	105	5	167230	167846	1	617	4.74e-144	514
NODE_47_length_118634_cov_12.3617	gb_AF235050.4_+_38028-40140_ARO:3003318_Streptomyces	74.463	419	85	16	63226	63632	487	79	4.88e-38	161
NODE_226_length_57323_cov_11.2285	gb_U57969_+_1485-4617_ARO:3000801_MexD	78.613	173	31	5	54484	54653	2771	2940	8.67e-23	110
NODE_675_length_30963_cov_53.9842	gb_AF226276.1_+_3583-4207_ARO:3002682_catD	89.069	247	27	0	30717	30963	624	378	1.55e-82	307
NODE_675_length_30963_cov_53.9842	gb_U15027_+_0-624_ARO:3002686_catP	89.069	247	27	0	30717	30963	624	378	1.55e-82	307
NODE_675_length_30963_cov_53.9842	gb_X74948_+_0-492_ARO:3002688_catS	93.103	174	12	0	30790	30963	491	318	5.68e-67	255
NODE_2257_length_12094_cov_11.4367	gb_L36601_+_1420-3130_ARO:3003036_oleB	100.000	31	0	0	5952	5982	1538	1568	6.72e-08	58.4
NODE_2402_length_11499_cov_29.7514	gb_L06249_+_1527-2505_ARO:3003748_oleC	100.000	29	0	0	6845	6873	123	95	8.26e-07	54.7
NODE_3081_length_9215_cov_100.26	gb_AF118110.1_-_71-1037_ARO:3003002_CfxA2	100.000	966	0	0	8234	9199	966	1	0.0	1784
NODE_3081_length_9215_cov_100.26	gb_AF472622_+_52-1018_ARO:3003003_CfxA3	99.896	966	1	0	8234	9199	966	1	0.0	1779
NODE_3081_length_9215_cov_100.26	gb_AY769934_+_27-993_ARO:3003096_CfxA5	99.896	966	1	0	8234	9199	966	1	0.0	1779
NODE_3081_length_9215_cov_100.26	gb_U38243_+_149-1115_ARO:3003001_CfxA	99.896	966	1	0	8234	9199	966	1	0.0	1779
NODE_3081_length_9215_cov_100.26	gb_AY769933_+_0-966_ARO:3003005_CfxA4	99.896	966	1	0	8234	9199	966	1	0.0	1779
NODE_3081_length_9215_cov_100.26	gb_GQ342996_+_797-1793_ARO:3003097_CfxA6	89.234	966	101	3	8239	9203	993	30	0.0	1205
NODE_3436_length_8369_cov_6.49711	gb_M18896.2_+_206-2126_ARO:3000190_tetO	98.305	59	1	0	8311	8369	1920	1862	5.89e-22	104
NODE_3436_length_8369_cov_6.49711	gb_AJ295238.3_+_163-2083_ARO:3000196_tet32	98.305	59	1	0	8311	8369	1920	1862	5.89e-22	104
NODE_3776_length_7769_cov_131.277	gb_Z21523_+_0-1974_ARO:3000191_tetQ	98.529	68	1	0	7702	7769	1974	1907	5.43e-27	121
NODE_4721_length_6442_cov_291.972	gb_Z21523_+_0-1974_ARO:3000191_tetQ	100.000	55	0	0	1	55	1907	1961	1.63e-21	102
NODE_9271_length_3704_cov_15.7279	gb_X74948_+_0-492_ARO:3002688_catS	83.654	416	68	0	3289	3704	492	77	4.96e-109	392
NODE_11834_length_3039_cov_6.59651	gb_AF226276.1_+_3583-4207_ARO:3002682_catD	99.840	624	1	0	1776	2399	1	624	0.0	1147
NODE_11834_length_3039_cov_6.59651	gb_U15027_+_0-624_ARO:3002686_catP	99.840	624	1	0	1776	2399	1	624	0.0	1147
NODE_11834_length_3039_cov_6.59651	gb_X74948_+_0-492_ARO:3002688_catS	82.474	485	79	4	1846	2327	11	492	1.86e-117	420
NODE_12155_length_2973_cov_3.23304	gb_AL123456.3_-_3626662-3627349_ARO:3000816_mtrA	88.333	60	7	0	1607	1666	291	350	5.88e-13	73.1
NODE_15122_length_2491_cov_555.945	gb_GQ342996_+_797-1793_ARO:3003097_CfxA6	99.699	996	3	0	1472	2467	996	1	0.0	1823
NODE_15122_length_2491_cov_555.945	gb_AF118110.1_-_71-1037_ARO:3003002_CfxA2	89.293	962	100	3	1475	2434	961	1	0.0	1203
NODE_15122_length_2491_cov_555.945	gb_AF472622_+_52-1018_ARO:3003003_CfxA3	89.189	962	101	3	1475	2434	961	1	0.0	1197
NODE_15122_length_2491_cov_555.945	gb_AY769934_+_27-993_ARO:3003096_CfxA5	89.189	962	101	3	1475	2434	961	1	0.0	1197
NODE_15122_length_2491_cov_555.945	gb_U38243_+_149-1115_ARO:3003001_CfxA	89.189	962	101	3	1475	2434	961	1	0.0	1197
NODE_15122_length_2491_cov_555.945	gb_AY769933_+_0-966_ARO:3003005_CfxA4	89.189	962	101	3	1475	2434	961	1	0.0	1197
NODE_16374_length_2339_cov_17.1445	gb_M18896.2_+_206-2126_ARO:3000190_tetO	99.113	1916	17	0	1	1916	1916	1	0.0	3445
NODE_16374_length_2339_cov_17.1445	gb_AJ295238.3_+_163-2083_ARO:3000196_tet32	94.317	827	47	0	1	827	1916	1090	0.0	1267
NODE_16374_length_2339_cov_17.1445	gb_AJ295238.3_+_163-2083_ARO:3000196_tet32	91.162	396	35	0	1521	1916	396	1	3.78e-153	538
NODE_17625_length_2206_cov_70.1065	gb_EU434751_+_658-2578_ARO:3000194_tetW	99.948	1920	1	0	6	1925	1920	1	0.0	3541
NODE_17625_length_2206_cov_70.1065	gb_KU736867.1_+_19653-21573_ARO:3004442_tet(W/N/W)	96.077	1912	73	2	15	1925	1911	1	0.0	3114
NODE_19787_length_2016_cov_123.312	gb_Z21523_+_0-1974_ARO:3000191_tetQ	98.876	89	1	0	1	89	89	1	2.96e-39	159
NODE_19816_length_2014_cov_3.37468	gb_EU434751_+_658-2578_ARO:3000194_tetW	95.349	43	0	1	1	41	1120	1078	1.85e-11	67.6
NODE_20965_length_1927_cov_500.509	gb_Z21523_+_0-1974_ARO:3000191_tetQ	98.495	1927	29	0	1	1927	1961	35	0.0	3398
NODE_21873_length_1866_cov_5.37548	gb_AF235050.4_+_38028-40140_ARO:3003318_Streptomyces	75.967	362	63	19	1481	1833	75	421	5.90e-41	165
NODE_22471_length_1826_cov_19.4822	gb_EU434751_+_658-2578_ARO:3000194_tetW	100.000	50	0	0	1	50	1871	1920	2.76e-19	93.5
NODE_25976_length_1633_cov_6.53485	gb_JQ740052_+_2108-3329_ARO:3000567_tet(40)	99.509	1221	6	0	200	1420	1	1221	0.0	2222
NODE_25976_length_1633_cov_6.53485	gb_M18896.2_+_206-2126_ARO:3000190_tetO	98.305	59	1	0	1	59	1862	1920	1.14e-22	104
NODE_25976_length_1633_cov_6.53485	gb_AJ295238.3_+_163-2083_ARO:3000196_tet32	98.305	59	1	0	1	59	1862	1920	1.14e-22	104
NODE_28844_length_1507_cov_17.3753	gb_AF235050.4_+_38028-40140_ARO:3003318_Streptomyces	75.731	342	62	14	4	337	163	491	3.70e-37	152
NODE_29203_length_1494_cov_520.394	gb_Z21523_+_0-1974_ARO:3000191_tetQ	98.630	73	1	0	1422	1494	17	89	1.72e-30	130
NODE_36833_length_1243_cov_2.19697	gb_AM180355_+_600033-601953_ARO:3000186_tetM	88.657	1005	114	0	239	1243	1	1005	0.0	1225
NODE_36833_length_1243_cov_2.19697	gb_L09756_+_0-1926_ARO:3000192_tetS	76.931	1010	219	12	240	1242	2	1004	1.19e-160	562
NODE_48169_length_1004_cov_1.67123	gb_NC_002516_+_2810008-2813197_ARO:3000804_MexF	74.434	309	69	8	116	419	1241	938	5.33e-29	124
NODE_48496_length_999_cov_3.40466	gb_AM180355_+_600033-601953_ARO:3000186_tetM	92.799	986	71	0	14	999	1920	935	0.0	1428
NODE_48496_length_999_cov_3.40466	gb_L09756_+_0-1926_ARO:3000192_tetS	80.426	986	188	5	15	997	1920	937	0.0	747
NODE_48654_length_997_cov_48.4565	gb_X74948_+_0-492_ARO:3002688_catS	90.649	385	36	0	1	385	107	491	9.67e-146	512
NODE_48654_length_997_cov_48.4565	gb_AF226276.1_+_3583-4207_ARO:3002682_catD	84.902	457	69	0	2	458	168	624	9.88e-131	462
NODE_48654_length_997_cov_48.4565	gb_U15027_+_0-624_ARO:3002686_catP	84.902	457	69	0	2	458	168	624	9.88e-131	462
NODE_56158_length_890_cov_4.76766	gb_M35190.1_+_308-932_ARO:3004454_Campylobacter	95.431	591	27	0	11	601	591	1	0.0	942
NODE_58470_length_862_cov_2.97274	gb_AF235050.4_+_38028-40140_ARO:3003318_Streptomyces	90.000	50	5	0	85	134	125	76	2.80e-11	65.8
NODE_91120_length_612_cov_18.2442	gb_X74948_+_0-492_ARO:3002688_catS	84.409	372	56	2	1	371	107	477	1.74e-101	364
NODE_102322_length_561_cov_61.7253	gb_EU434751_+_658-2578_ARO:3000194_tetW	100.000	50	0	0	512	561	1920	1871	8.28e-20	93.5
NODE_110337_length_530_cov_113.514	gb_X74948_+_0-492_ARO:3002688_catS	93.141	277	19	0	5	281	277	1	2.45e-114	407
NODE_135403_length_456_cov_1.45387	gb_AF235050.4_+_38028-40140_ARO:3003318_Streptomyces	100.000	31	0	0	188	218	1896	1926	2.43e-09	58.4
NODE_139058_length_447_cov_1.30612	gb_AP006618.1_+_4835199-4838688_ARO:3000501_Nocardia	74.107	448	96	16	4	447	2665	3096	3.79e-42	167
NODE_142197_length_440_cov_1.23117	gb_NC_000913.3_+_3219493-3220873_ARO:3000024_patA	89.818	275	28	0	161	435	1	275	2.67e-98	353
NODE_153930_length_416_cov_1.46814	gb_NC_014638.1_-_1610636-1613960_ARO:3003730_Bifidobacteria	85.596	361	44	6	55	411	2305	2661	6.94e-104	372
NODE_155040_length_414_cov_1.92479	gb_L42817_+_201-936_ARO:3000522_ErmG	99.244	397	3	0	1	397	397	1	0.0	717
NODE_155040_length_414_cov_1.92479	gb_M64090_+_0-735_ARO:3000595_ErmT	77.228	404	78	11	1	397	397	1	2.05e-59	224
NODE_156068_length_412_cov_1.63585	gb_L20800_+_1062-2325_ARO:3000180_tetA(P)	93.932	412	25	0	1	412	122	533	1.72e-179	623
NODE_166014_length_396_cov_76.9179	gb_AF226276.1_+_3583-4207_ARO:3002682_catD	89.069	247	27	0	1	247	378	624	1.89e-84	307
NODE_166014_length_396_cov_76.9179	gb_U15027_+_0-624_ARO:3002686_catP	89.069	247	27	0	1	247	378	624	1.89e-84	307
NODE_166014_length_396_cov_76.9179	gb_X74948_+_0-492_ARO:3002688_catS	93.103	174	12	0	1	174	318	491	6.93e-69	255
NODE_192246_length_359_cov_0.694079	gb_NC_002695.2_-_1737690-1738104_ARO:3000676_H-NS	86.111	360	48	2	1	359	5	363	2.13e-108	387
NODE_204842_length_345_cov_136.11	gb_X74948_+_0-492_ARO:3002688_catS	97.516	161	4	0	1	161	161	1	4.61e-75	276
NODE_207230_length_342_cov_1.71777	gb_U00096_-_2098446-2099613_ARO:3003577_ugd	72.822	287	78	0	52	338	570	856	1.06e-21	99.0
NODE_221187_length_328_cov_1.24176	gb_U00096_+_2158385-2161463_ARO:3000794_mdtC	84.689	209	32	0	5	213	209	1	4.50e-55	209
NODE_221187_length_328_cov_1.24176	gb_NC_002516.2_-_2850882-2854014_ARO:3004074_MuxB	91.045	67	4	2	262	327	3048	2983	6.11e-19	89.8
NODE_221187_length_328_cov_1.24176	gb_AB219523.1_+_1175-4286_ARO:3003705_mexN	80.808	99	17	2	17	114	209	112	4.76e-15	76.8
NODE_231655_length_319_cov_1.29924	gb_NC_014638.1_-_1610636-1613960_ARO:3003730_Bifidobacteria	85.227	264	39	0	30	293	994	1257	5.49e-74	272
NODE_234095_length_317_cov_2.69466	gb_AF235050.4_+_38028-40140_ARO:3003318_Streptomyces	77.083	144	31	2	2	144	398	256	9.86e-17	82.4
NODE_242465_length_310_cov_1.60784	gb_NC_014638.1_-_1610636-1613960_ARO:3003730_Bifidobacteria	88.387	310	36	0	1	310	546	237	1.42e-104	374
NODE_257896_length_298_cov_1.37037	gb_AF235050.4_+_38028-40140_ARO:3003318_Streptomyces	82.979	141	24	0	4	144	216	76	1.17e-30	128
NODE_261643_length_296_cov_2.71369	gb_AF170880_+_0-1848_ARO:3002522_novA	76.636	214	44	6	42	252	1591	1381	3.25e-26	113
NODE_292625_length_277_cov_1.66667	gb_AF235050.4_+_38028-40140_ARO:3003318_Streptomyces	77.519	129	25	3	143	269	75	201	1.43e-14	75.0
NODE_312996_length_266_cov_0.843602	gb_NC_007779_+_2586250-2589364_ARO:3000491_acrD	85.887	248	35	0	1	248	1189	1436	7.56e-72	265
NODE_312996_length_266_cov_0.843602	gb_L11616_+_1569-4710_ARO:3000378_MexB	84.411	263	41	0	4	266	1192	1454	3.52e-70	259
NODE_312996_length_266_cov_0.843602	gb_AJ252200_+_1278-4401_ARO:3003056_smeE	83.895	267	41	2	1	266	1189	1454	1.64e-68	254
NODE_312996_length_266_cov_0.843602	gb_U00096_+_3660413-3663527_ARO:3000796_mdtF	76.087	230	51	4	3	230	1191	1418	2.24e-27	117
NODE_312996_length_266_cov_0.843602	gb_U57969_+_1485-4617_ARO:3000801_MexD	90.123	81	6	2	4	83	1198	1277	1.74e-23	104
NODE_312996_length_266_cov_0.843602	gb_NC_002516_+_2810008-2813197_ARO:3000804_MexF	89.552	67	7	0	5	71	1202	1268	6.32e-18	86.1
NODE_312996_length_266_cov_0.843602	gb_NC_010378.1_+_47850-51003_ARO:3003923_oqxB	86.885	61	8	0	5	65	1202	1262	6.36e-13	69.4
NODE_313732_length_266_cov_51.4787	gb_X74948_+_0-492_ARO:3002688_catS	87.218	266	34	0	1	266	107	372	1.60e-83	303
NODE_314588_length_265_cov_0.985714	gb_AF235050.4_+_38028-40140_ARO:3003318_Streptomyces	77.273	176	30	7	1	174	250	417	1.05e-20	95.3
NODE_318015_length_263_cov_2.25	gb_AF226276.1_+_3583-4207_ARO:3002682_catD	89.035	228	25	0	1	228	228	1	2.06e-77	283
NODE_318015_length_263_cov_2.25	gb_U15027_+_0-624_ARO:3002686_catP	89.035	228	25	0	1	228	228	1	2.06e-77	283
NODE_318015_length_263_cov_2.25	gb_X74948_+_0-492_ARO:3002688_catS	91.667	168	14	0	1	168	168	1	2.11e-62	233
NODE_325354_length_260_cov_1.26341	gb_NC_002695.1_-_4903561-4904935_ARO:3000830_cpxA	84.252	254	38	2	1	253	167	419	2.67e-66	246
NODE_327884_length_259_cov_0.901961	gb_AY619003_+_703-1510_ARO:3001764_OXA-63	100.000	147	0	0	113	259	807	661	4.39e-74	272
NODE_327884_length_259_cov_0.901961	gb_EU086830_+_88-898_ARO:3001765_OXA-136	99.320	147	1	0	113	259	810	664	2.04e-72	267
NODE_327884_length_259_cov_0.901961	gb_JF273470_+_0-810_ARO:3001766_OXA-192	98.639	147	2	0	113	259	810	664	9.50e-71	261
NODE_327884_length_259_cov_0.901961	gb_EU086834_+_88-898_ARO:3001767_OXA-137	98.639	147	2	0	113	259	810	664	9.50e-71	261
NODE_348385_length_250_cov_0.933333	gb_L20800_+_2308-4267_ARO:3000195_tetB(P)	100.000	250	0	0	1	250	1927	1678	2.33e-131	462
NODE_365219_length_244_cov_5.07407	gb_M18896.2_+_206-2126_ARO:3000190_tetO	100.000	59	0	0	1	59	1862	1920	3.41e-25	110
NODE_365219_length_244_cov_5.07407	gb_AJ295238.3_+_163-2083_ARO:3000196_tet32	100.000	59	0	0	1	59	1862	1920	3.41e-25	110
NODE_369917_length_242_cov_0.652406	gb_NC_010378.1_+_46651-47827_ARO:3003922_oqxA	99.043	209	2	0	1	209	305	513	3.02e-105	375
NODE_411458_length_228_cov_0.763006	gb_D78168_+_536-1592_ARO:3000206_emrK	95.614	228	10	0	1	228	1011	784	1.70e-102	366
NODE_414157_length_227_cov_1.22093	gb_NC_000913.3_-_2306971-2308615_ARO:3003952_yojI	99.559	227	1	0	1	227	1042	816	5.97e-117	414
NODE_436509_length_221_cov_1.04217	gb_NC_010378.1_+_47850-51003_ARO:3003923_oqxB	95.928	221	9	0	1	221	475	255	2.75e-100	359
NODE_450613_length_217_cov_0.981481	gb_AJ318073.1_+_793-1990_ARO:3004041_Klebsiella	100.000	173	0	0	45	217	1	173	1.27e-88	320
NODE_450613_length_217_cov_0.981481	gb_DQ679966_+_299-1493_ARO:3004042_Enterobacter	91.515	165	14	0	45	209	1	165	7.94e-61	228
NODE_450613_length_217_cov_0.981481	gb_NC_000913.3_-_484425-485619_ARO:3004043_Escherichia	92.035	113	9	0	45	157	1	113	2.94e-40	159
NODE_470542_length_212_cov_1.10828	gb_AJ011502.1_+_300-1425_ARO:3004122_Klebsiella	99.057	212	2	0	1	212	311	100	5.61e-107	381
NODE_478705_length_210_cov_0.748387	gb_U00096_+_3660413-3663527_ARO:3000796_mdtF	98.086	209	4	0	2	210	2194	2402	5.59e-102	364
NODE_479260_length_210_cov_1.61935	gb_AF235050.4_+_38028-40140_ARO:3003318_Streptomyces	78.107	169	35	2	32	199	250	417	3.74e-24	106
NODE_488145_length_208_cov_0.869281	gb_U00096_+_2158385-2161463_ARO:3000794_mdtC	84.058	207	33	0	1	207	2758	2552	1.65e-52	200
NODE_496093_length_206_cov_1.04636	gb_FJ768952_+_0-1488_ARO:3000237_tolC	88.835	206	23	0	1	206	418	623	1.24e-68	254
NODE_497906_length_199_cov_82.3056	gb_Z21523_+_0-1974_ARO:3000191_tetQ	100.000	68	0	0	1	68	1907	1974	2.71e-30	126
NODE_498821_length_185_cov_156.969	gb_X74948_+_0-492_ARO:3002688_catS	99.237	131	1	0	1	131	131	1	1.11e-63	237
NODE_501847_length_145_cov_16.8667	gb_X74948_+_0-492_ARO:3002688_catS	98.947	95	1	0	51	145	491	397	8.69e-44	171
NODE_501847_length_145_cov_16.8667	gb_AF226276.1_+_3583-4207_ARO:3002682_catD	86.111	144	20	0	2	145	600	457	2.43e-39	156
NODE_501847_length_145_cov_16.8667	gb_U15027_+_0-624_ARO:3002686_catP	86.111	144	20	0	2	145	600	457	2.43e-39	156
NODE_505586_length_110_cov_71.4364	gb_Z21523_+_0-1974_ARO:3000191_tetQ	98.305	59	0	1	52	110	32	89	2.32e-23	102
