NODE_124_length_3239_cov_3.50126	gb_AY768532_+_0-1935_ARO:3000535_macB	82.094	1815	308	15	1432	3239	1	1805	0.0	1535
NODE_944_length_1531_cov_1.76355	gb_AM180355_+_600033-601953_ARO:3000186_tetM	88.471	399	46	0	1100	1498	1	399	1.17e-136	483
NODE_1843_length_1114_cov_3.82342	gb_CP001050.1_+_1332866-1333499_ARO:3000817_mtrR	89.916	119	12	0	1	119	119	1	7.56e-38	154
NODE_2445_length_962_cov_2.53142	gb_AF118110.1_-_71-1037_ARO:3003002_CfxA2	99.882	848	1	0	1	848	911	64	0.0	1561
NODE_2445_length_962_cov_2.53142	gb_AF472622_+_52-1018_ARO:3003003_CfxA3	99.764	848	2	0	1	848	911	64	0.0	1555
NODE_2445_length_962_cov_2.53142	gb_AY769934_+_27-993_ARO:3003096_CfxA5	99.764	848	2	0	1	848	911	64	0.0	1555
NODE_2445_length_962_cov_2.53142	gb_U38243_+_149-1115_ARO:3003001_CfxA	99.764	848	2	0	1	848	911	64	0.0	1555
NODE_2445_length_962_cov_2.53142	gb_AY769933_+_0-966_ARO:3003005_CfxA4	99.764	848	2	0	1	848	911	64	0.0	1555
NODE_2445_length_962_cov_2.53142	gb_GQ342996_+_797-1793_ARO:3003097_CfxA6	88.797	848	95	0	1	848	944	97	0.0	1040
NODE_2478_length_954_cov_1.49611	gb_AF235050.4_+_38028-40140_ARO:3003318_Streptomyces	80.000	165	31	2	5	168	239	76	6.54e-28	121
NODE_3931_length_770_cov_1.75524	gb_NC_023287.1_-_65291-66509_ARO:3000615_mefA	96.970	396	12	0	3	398	823	1218	0.0	665
NODE_3931_length_770_cov_1.75524	gb_NC_012469.1_-_1800927-1802391_ARO:3000616_mel	100.000	253	0	0	518	770	1	253	1.63e-132	468
NODE_4226_length_747_cov_3.75723	gb_NC_003098.1_+_866210-867410_ARO:3000822_pmrA	98.020	202	4	0	546	747	1200	999	1.66e-97	351
NODE_5900_length_649_cov_1.65825	gb_CP007593.1_+_2148923-2149772_ARO:3001301_RlmA(II)	90.767	639	59	0	1	639	211	849	0.0	854
NODE_8705_length_554_cov_1.90381	gb_KC539823_+_1017-2586_ARO:3002829_vgaA	100.000	28	0	0	323	350	1250	1223	1.39e-07	52.8
NODE_8705_length_554_cov_1.90381	gb_DQ823382_+_0-1569_ARO:3002830_vgaALC	100.000	28	0	0	323	350	1250	1223	1.39e-07	52.8
NODE_9253_length_541_cov_0.806584	gb_HQ652506.1_+_373-2098_ARO:3004032_tetA(46)	98.592	71	1	0	471	541	1725	1655	7.86e-30	126
NODE_10111_length_523_cov_1.59829	gb_AM180355_+_600033-601953_ARO:3000186_tetM	97.132	523	15	0	1	523	999	1521	0.0	883
NODE_12331_length_484_cov_1.46853	gb_NC_003098.1_-_1359228-1360395_ARO:3000025_patB	78.054	483	104	2	2	483	575	94	3.01e-83	303
NODE_13260_length_470_cov_1.04578	gb_NC_003112.2_+_330790-332317_ARO:3003962_farB	79.787	470	91	4	3	470	736	1203	8.00e-94	339
NODE_13999_length_461_cov_1.81281	gb_NC_003098.1_-_1359228-1360395_ARO:3000025_patB	93.492	461	30	0	1	461	188	648	0.0	686
NODE_15342_length_445_cov_2.85897	gb_NC_003112.2_-_1791966-1795170_ARO:3000811_mtrD	81.124	445	80	3	3	445	1937	2379	2.70e-98	353
NODE_16837_length_430_cov_1.336	gb_HQ652506.1_+_373-2098_ARO:3004032_tetA(46)	93.953	430	26	0	1	430	1189	1618	0.0	651
NODE_16852_length_430_cov_3.568	gb_CP001050.1_+_1332866-1333499_ARO:3000817_mtrR	80.928	388	64	9	23	405	383	1	1.24e-81	298
NODE_18987_length_411_cov_1.26966	gb_NC_003098.1_-_1359228-1360395_ARO:3000025_patB	95.000	140	7	0	1	140	140	1	2.63e-58	220
NODE_19642_length_406_cov_2.23077	gb_NC_003112.2_-_1791966-1795170_ARO:3000811_mtrD	83.824	408	58	6	1	404	2963	2560	1.12e-106	381
NODE_21921_length_390_cov_1.08657	gb_KX000272.1_+_0-1740_ARO:3004035_tetA(60)	91.495	388	33	0	3	390	1301	914	7.82e-153	534
NODE_22565_length_386_cov_2.17221	gb_HQ652506.1_+_2099-3836_ARO:3004033_tetB(46)	97.409	386	10	0	1	386	675	290	0.0	658
NODE_23188_length_382_cov_1.37309	gb_KX000273.1_+_0-1740_ARO:3004036_tetB(60)	90.179	336	33	0	1	336	1405	1740	6.17e-124	438
NODE_24826_length_373_cov_2.32704	gb_NC_003112.2_-_1791966-1795170_ARO:3000811_mtrD	83.754	357	52	4	2	355	2678	2325	2.92e-92	333
NODE_24982_length_372_cov_2.18612	gb_NC_003098.1_-_1359228-1360395_ARO:3000025_patB	93.496	369	24	0	4	372	1146	778	2.66e-157	549
NODE_27194_length_360_cov_1.79344	gb_NC_023287.1_-_65291-66509_ARO:3000615_mefA	97.784	361	6	2	1	360	279	638	5.38e-179	621
NODE_29213_length_351_cov_1.21622	gb_NC_012469.1_-_1800927-1802391_ARO:3000616_mel	99.145	351	3	0	1	351	622	272	0.0	632
NODE_31874_length_339_cov_0.911972	gb_AF540889_+_0-327_ARO:3002871_tet37	100.000	222	0	0	106	327	1	222	1.19e-115	411
NODE_32316_length_337_cov_1.99645	gb_NC_023287.1_-_65291-66509_ARO:3000615_mefA	96.194	289	11	0	1	289	289	1	1.49e-134	473
NODE_32419_length_337_cov_1.56028	gb_AM180355_+_600033-601953_ARO:3000186_tetM	89.911	337	34	0	1	337	731	395	7.01e-123	435
NODE_32502_length_337_cov_1.04255	gb_NC_003098.1_-_1359228-1360395_ARO:3000025_patB	91.262	103	9	0	235	337	1167	1065	1.71e-34	141
NODE_36245_length_323_cov_1.73881	gb_AM180355_+_600033-601953_ARO:3000186_tetM	96.904	323	10	0	1	323	1731	1409	3.84e-155	542
NODE_36245_length_323_cov_1.73881	gb_L09756_+_0-1926_ARO:3000192_tetS	82.972	323	53	2	2	323	1730	1409	1.54e-79	291
NODE_38779_length_315_cov_1.41538	gb_AF472622_+_52-1018_ARO:3003003_CfxA3	100.000	42	0	0	1	42	925	966	1.27e-15	78.7
NODE_38779_length_315_cov_1.41538	gb_AY769934_+_27-993_ARO:3003096_CfxA5	100.000	42	0	0	1	42	925	966	1.27e-15	78.7
NODE_38779_length_315_cov_1.41538	gb_U38243_+_149-1115_ARO:3003001_CfxA	100.000	42	0	0	1	42	925	966	1.27e-15	78.7
NODE_38779_length_315_cov_1.41538	gb_AY769933_+_0-966_ARO:3003005_CfxA4	100.000	42	0	0	1	42	925	966	1.27e-15	78.7
NODE_38779_length_315_cov_1.41538	gb_AF118110.1_-_71-1037_ARO:3003002_CfxA2	100.000	42	0	0	1	42	925	966	1.27e-15	78.7
NODE_52382_length_281_cov_0.876106	gb_AY768531_+_0-1179_ARO:3000533_macA	92.883	281	18	2	2	281	812	533	1.26e-114	407
NODE_53085_length_280_cov_1.00444	gb_NC_003098.1_-_1359228-1360395_ARO:3000025_patB	81.712	257	45	2	24	279	1113	858	2.93e-56	213
NODE_56208_length_274_cov_1.74886	gb_NC_003098.1_+_866210-867410_ARO:3000822_pmrA	92.336	274	21	0	1	274	483	210	1.23e-109	390
NODE_64939_length_259_cov_0.568627	gb_HQ652506.1_+_2099-3836_ARO:3004033_tetB(46)	86.854	213	28	0	47	259	1384	1596	4.45e-64	239
NODE_68860_length_253_cov_1.59091	gb_X63451_+_0-1653_ARO:3002828_srmB	78.448	116	19	6	41	153	1577	1465	1.67e-13	71.3
NODE_71929_length_249_cov_0.618557	gb_CP007593.1_+_2148923-2149772_ARO:3001301_RlmA(II)	83.401	247	35	6	1	244	177	420	1.19e-59	224
NODE_79211_length_240_cov_1.23784	gb_Z21523_+_0-1974_ARO:3000191_tetQ	97.500	240	6	0	1	240	1282	1043	8.20e-116	411
NODE_82777_length_236_cov_1.64088	gb_NC_003098.1_+_866210-867410_ARO:3000822_pmrA	91.525	236	20	0	1	236	301	66	3.00e-90	326
NODE_82925_length_236_cov_1.9779	gb_HQ652506.1_+_373-2098_ARO:3004032_tetA(46)	89.407	236	25	0	1	236	1159	924	6.54e-82	298
NODE_86498_length_232_cov_0.983051	gb_NC_003098.1_-_1359228-1360395_ARO:3000025_patB	94.397	232	13	0	1	232	53	284	1.04e-99	357
NODE_86681_length_232_cov_1.64972	gb_AY768532_+_0-1935_ARO:3000535_macB	89.655	232	24	0	1	232	236	5	2.31e-81	296
NODE_87724_length_231_cov_1.89773	gb_NC_003098.1_+_866210-867410_ARO:3000822_pmrA	92.641	231	17	0	1	231	517	747	1.75e-92	333
NODE_88359_length_230_cov_0.782857	gb_KX000273.1_+_0-1740_ARO:3004036_tetB(60)	85.714	147	21	0	84	230	1	147	4.05e-39	156
NODE_88431_length_230_cov_1.74286	gb_HQ652506.1_+_373-2098_ARO:3004032_tetA(46)	94.348	230	13	0	1	230	307	78	1.34e-98	353
NODE_91491_length_227_cov_1.38372	gb_Z21523_+_0-1974_ARO:3000191_tetQ	99.119	227	2	0	1	227	744	518	2.78e-115	409
NODE_94490_length_224_cov_0.857988	gb_KX000272.1_+_0-1740_ARO:3004035_tetA(60)	83.258	221	37	0	4	224	500	280	1.39e-53	204
NODE_97059_length_222_cov_2.39521	gb_AP006618.1_+_4835199-4838688_ARO:3000501_Nocardia	88.119	202	22	2	18	218	3237	3037	3.76e-64	239
NODE_99309_length_220_cov_2.24848	gb_NC_003098.1_-_1359228-1360395_ARO:3000025_patB	95.455	220	10	0	1	220	227	8	4.58e-98	351
NODE_105988_length_214_cov_1.44654	gb_NC_012469.1_-_1800927-1802391_ARO:3000616_mel	100.000	214	0	0	1	214	926	1139	2.03e-111	396
NODE_114872_length_207_cov_1.68421	gb_AM180355_+_600033-601953_ARO:3000186_tetM	96.410	195	7	0	1	195	1726	1920	3.36e-89	322
NODE_116057_length_206_cov_1.34437	gb_NC_003112.2_-_1791966-1795170_ARO:3000811_mtrD	84.951	206	31	0	1	206	1432	1637	2.72e-55	209
NODE_116598_length_206_cov_1.64901	gb_NC_002516.2_-_2850882-2854014_ARO:3004074_MuxB	79.825	114	19	4	59	170	1576	1687	2.22e-16	80.5
