NODE_473_length_1046_cov_1.84561	gb_NC_003098.1_-_1359228-1360395_ARO:3000025_patB	92.308	195	15	0	6	200	973	1167	4.03e-75	278
NODE_2728_length_556_cov_1.78842	gb_NC_012469.1_-_1800927-1802391_ARO:3000616_mel	100.000	556	0	0	1	556	636	1191	0.0	1027
NODE_4342_length_476_cov_2.24941	gb_NC_003098.1_+_866210-867410_ARO:3000822_pmrA	98.592	213	3	0	264	476	1200	988	1.72e-105	377
NODE_4760_length_461_cov_2.00246	gb_NC_012469.1_-_1800927-1802391_ARO:3000616_mel	99.654	289	1	0	173	461	1464	1176	4.34e-151	529
NODE_5010_length_453_cov_0.942211	gb_AY768532_+_0-1935_ARO:3000535_macB	85.275	455	58	5	1	452	928	1376	1.58e-130	460
NODE_5146_length_450_cov_1.32152	gb_AF235050.4_+_38028-40140_ARO:3003318_Streptomyces	75.986	279	59	7	176	450	76	350	2.99e-33	137
NODE_7559_length_394_cov_2.44543	gb_NC_003098.1_+_866210-867410_ARO:3000822_pmrA	94.162	394	23	0	1	394	864	471	7.68e-173	601
NODE_7826_length_389_cov_2.93413	gb_NC_003098.1_-_1359228-1360395_ARO:3000025_patB	94.366	355	20	0	1	355	355	1	3.60e-156	545
NODE_7970_length_386_cov_2.03323	gb_NC_023287.1_-_65291-66509_ARO:3000615_mefA	96.891	386	12	0	1	386	1063	678	0.0	647
NODE_8963_length_371_cov_1.46203	gb_NC_003098.1_-_1359228-1360395_ARO:3000025_patB	92.183	371	29	0	1	371	205	575	4.46e-150	525
NODE_9363_length_365_cov_1.3	gb_AF472622_+_52-1018_ARO:3003003_CfxA3	100.000	127	0	0	1	127	840	966	8.31e-63	235
NODE_9363_length_365_cov_1.3	gb_AY769934_+_27-993_ARO:3003096_CfxA5	100.000	127	0	0	1	127	840	966	8.31e-63	235
NODE_9363_length_365_cov_1.3	gb_AY769933_+_0-966_ARO:3003005_CfxA4	100.000	127	0	0	1	127	840	966	8.31e-63	235
NODE_9363_length_365_cov_1.3	gb_AF118110.1_-_71-1037_ARO:3003002_CfxA2	100.000	127	0	0	1	127	840	966	8.31e-63	235
NODE_9363_length_365_cov_1.3	gb_U38243_+_149-1115_ARO:3003001_CfxA	99.213	127	1	0	1	127	840	966	3.87e-61	230
NODE_9363_length_365_cov_1.3	gb_GQ342996_+_797-1793_ARO:3003097_CfxA6	93.103	116	5	3	8	122	880	993	3.07e-42	167
NODE_10101_length_356_cov_1.58472	gb_NC_003112.2_-_1791966-1795170_ARO:3000811_mtrD	85.227	352	48	3	3	352	2450	2101	4.60e-100	359
NODE_11018_length_346_cov_1.20619	gb_AF472622_+_52-1018_ARO:3003003_CfxA3	100.000	199	0	0	148	346	1	199	7.42e-103	368
NODE_11018_length_346_cov_1.20619	gb_AY769934_+_27-993_ARO:3003096_CfxA5	100.000	199	0	0	148	346	1	199	7.42e-103	368
NODE_11018_length_346_cov_1.20619	gb_U38243_+_149-1115_ARO:3003001_CfxA	100.000	199	0	0	148	346	1	199	7.42e-103	368
NODE_11018_length_346_cov_1.20619	gb_AY769933_+_0-966_ARO:3003005_CfxA4	100.000	199	0	0	148	346	1	199	7.42e-103	368
NODE_11018_length_346_cov_1.20619	gb_AF118110.1_-_71-1037_ARO:3003002_CfxA2	100.000	199	0	0	148	346	1	199	7.42e-103	368
NODE_11394_length_342_cov_2.10105	gb_NC_003098.1_-_1359228-1360395_ARO:3000025_patB	93.275	342	23	0	1	342	941	600	5.35e-144	505
NODE_11431_length_341_cov_1.60839	gb_NC_023287.1_-_65291-66509_ARO:3000615_mefA	96.491	171	6	0	171	341	1218	1048	2.72e-77	283
NODE_11431_length_341_cov_1.60839	gb_NC_012469.1_-_1800927-1802391_ARO:3000616_mel	100.000	51	0	0	1	51	51	1	1.37e-20	95.3
NODE_14855_length_312_cov_1.91829	gb_NC_012469.1_-_1800927-1802391_ARO:3000616_mel	100.000	312	0	0	1	312	350	39	1.01e-165	577
NODE_16866_length_299_cov_1.07787	gb_HQ652506.1_+_373-2098_ARO:3004032_tetA(46)	93.311	299	20	0	1	299	878	580	3.69e-125	442
NODE_19563_length_285_cov_1.30435	gb_AY768531_+_0-1179_ARO:3000533_macA	84.561	285	44	0	1	285	163	447	2.25e-77	283
NODE_19888_length_283_cov_0.947368	gb_HQ652506.1_+_373-2098_ARO:3004032_tetA(46)	96.820	283	9	0	1	283	1117	1399	1.23e-134	473
NODE_21326_length_277_cov_1.59459	gb_CP007593.1_+_2148923-2149772_ARO:3001301_RlmA(II)	89.928	278	26	2	1	277	620	344	1.27e-99	357
NODE_26586_length_256_cov_2.24378	gb_AF472622_+_52-1018_ARO:3003003_CfxA3	100.000	256	0	0	1	256	589	334	1.11e-134	473
NODE_26586_length_256_cov_2.24378	gb_AY769934_+_27-993_ARO:3003096_CfxA5	100.000	256	0	0	1	256	589	334	1.11e-134	473
NODE_26586_length_256_cov_2.24378	gb_U38243_+_149-1115_ARO:3003001_CfxA	100.000	256	0	0	1	256	589	334	1.11e-134	473
NODE_26586_length_256_cov_2.24378	gb_AY769933_+_0-966_ARO:3003005_CfxA4	100.000	256	0	0	1	256	589	334	1.11e-134	473
NODE_26586_length_256_cov_2.24378	gb_AF118110.1_-_71-1037_ARO:3003002_CfxA2	100.000	256	0	0	1	256	589	334	1.11e-134	473
NODE_27541_length_253_cov_1.89899	gb_NC_023287.1_-_65291-66509_ARO:3000615_mefA	98.419	253	4	0	1	253	530	278	2.38e-126	446
NODE_28910_length_249_cov_0.994845	gb_CP007593.1_+_2148923-2149772_ARO:3001301_RlmA(II)	86.475	244	31	2	7	249	251	9	1.96e-72	267
NODE_36658_length_230_cov_0.782857	gb_NC_003098.1_+_866210-867410_ARO:3000822_pmrA	90.393	229	22	0	1	229	309	537	4.92e-83	302
NODE_37629_length_228_cov_1.50289	gb_NC_003112.2_+_329612-330767_ARO:3003961_farA	81.340	209	37	2	4	211	947	740	5.15e-43	169
NODE_39209_length_225_cov_1.05882	gb_KX000273.1_+_0-1740_ARO:3004036_tetB(60)	84.663	163	25	0	37	199	163	1	2.36e-41	163
NODE_41446_length_221_cov_2.1988	gb_CP007593.1_+_2148923-2149772_ARO:3001301_RlmA(II)	93.243	222	13	2	1	221	482	702	2.79e-90	326
NODE_41882_length_220_cov_1.11515	gb_HQ652506.1_+_2099-3836_ARO:3004033_tetB(46)	94.167	120	7	0	1	120	120	1	1.77e-47	183
NODE_41882_length_220_cov_1.11515	gb_HQ652506.1_+_373-2098_ARO:3004032_tetA(46)	97.980	99	2	0	122	220	1725	1627	3.83e-44	172
NODE_42839_length_218_cov_1.11656	gb_AY768532_+_0-1935_ARO:3000535_macB	87.324	213	27	0	3	215	1444	1656	7.92e-66	244
NODE_43085_length_218_cov_1.15337	gb_CP007593.1_+_2148923-2149772_ARO:3001301_RlmA(II)	88.073	218	26	0	1	218	436	219	2.83e-70	259
NODE_44959_length_215_cov_0.7375	gb_NC_003098.1_+_866210-867410_ARO:3000822_pmrA	93.427	213	14	0	3	215	1071	859	1.63e-87	316
NODE_45620_length_214_cov_2.04403	gb_CP007593.1_+_2148923-2149772_ARO:3001301_RlmA(II)	88.835	206	23	0	7	212	320	115	1.29e-68	254
NODE_46023_length_213_cov_1.77848	gb_U38243_+_149-1115_ARO:3003001_CfxA	100.000	213	0	0	1	213	610	822	7.25e-111	394
NODE_46023_length_213_cov_1.77848	gb_AF118110.1_-_71-1037_ARO:3003002_CfxA2	100.000	213	0	0	1	213	610	822	7.25e-111	394
NODE_46023_length_213_cov_1.77848	gb_AF472622_+_52-1018_ARO:3003003_CfxA3	99.531	213	1	0	1	213	610	822	3.37e-109	388
NODE_46023_length_213_cov_1.77848	gb_AY769934_+_27-993_ARO:3003096_CfxA5	99.531	213	1	0	1	213	610	822	3.37e-109	388
NODE_46023_length_213_cov_1.77848	gb_AY769933_+_0-966_ARO:3003005_CfxA4	99.531	213	1	0	1	213	610	822	3.37e-109	388
NODE_46023_length_213_cov_1.77848	gb_GQ342996_+_797-1793_ARO:3003097_CfxA6	90.141	213	21	0	1	213	643	855	7.62e-76	278
NODE_50690_length_206_cov_1.82781	gb_NC_003098.1_-_1359228-1360395_ARO:3000025_patB	95.631	206	9	0	1	206	860	1065	5.55e-92	331
