NODE_9_length_5725_cov_3.59718	gb_NC_012469.1_-_1800927-1802391_ARO:3000616_mel	99.932	1464	1	0	2775	4238	1	1464	0.0	2699
NODE_9_length_5725_cov_3.59718	gb_NC_023287.1_-_65291-66509_ARO:3000615_mefA	96.962	1218	37	0	1438	2655	1	1218	0.0	2045
NODE_428_length_1841_cov_2.73012	gb_NC_003112.2_-_1791966-1795170_ARO:3000811_mtrD	82.149	1843	317	9	1	1837	1325	3161	0.0	1570
NODE_787_length_1505_cov_2.94276	gb_AY768532_+_0-1935_ARO:3000535_macB	82.638	887	149	4	601	1486	1935	1053	0.0	780
NODE_913_length_1426_cov_3.13931	gb_AF118110.1_-_71-1037_ARO:3003002_CfxA2	99.889	903	1	0	269	1171	966	64	0.0	1663
NODE_913_length_1426_cov_3.13931	gb_AF472622_+_52-1018_ARO:3003003_CfxA3	99.779	903	2	0	269	1171	966	64	0.0	1657
NODE_913_length_1426_cov_3.13931	gb_AY769934_+_27-993_ARO:3003096_CfxA5	99.779	903	2	0	269	1171	966	64	0.0	1657
NODE_913_length_1426_cov_3.13931	gb_U38243_+_149-1115_ARO:3003001_CfxA	99.779	903	2	0	269	1171	966	64	0.0	1657
NODE_913_length_1426_cov_3.13931	gb_AY769933_+_0-966_ARO:3003005_CfxA4	99.779	903	2	0	269	1171	966	64	0.0	1657
NODE_913_length_1426_cov_3.13931	gb_GQ342996_+_797-1793_ARO:3003097_CfxA6	88.765	899	98	3	274	1171	993	97	0.0	1098
NODE_1065_length_1356_cov_3.25826	gb_CP001050.1_+_1332866-1333499_ARO:3000817_mtrR	79.708	616	122	3	390	1003	1	615	1.76e-124	442
NODE_1086_length_1350_cov_2.17606	gb_NC_003112.2_-_1791966-1795170_ARO:3000811_mtrD	83.186	1356	210	13	4	1350	2184	838	0.0	1225
NODE_1387_length_1229_cov_2.12436	gb_CP001050.1_+_1332866-1333499_ARO:3000817_mtrR	77.513	587	114	16	172	749	1	578	7.73e-93	337
NODE_4055_length_815_cov_2.14079	gb_CP007593.1_+_2148923-2149772_ARO:3001301_RlmA(II)	85.100	651	91	6	168	815	841	194	0.0	660
NODE_4071_length_814_cov_3.33202	gb_NC_003112.2_-_1795181-1796420_ARO:3000810_mtrC	79.225	568	116	2	1	567	589	1155	2.97e-110	394
NODE_5345_length_735_cov_1.88088	gb_NC_003098.1_+_866210-867410_ARO:3000822_pmrA	90.705	312	29	0	424	735	1	312	5.72e-117	416
NODE_8447_length_613_cov_1.8853	gb_AY768532_+_0-1935_ARO:3000535_macB	85.667	607	85	2	3	608	1318	1923	0.0	638
NODE_9455_length_586_cov_1.80603	gb_AY768532_+_0-1935_ARO:3000535_macB	86.201	587	79	2	1	586	894	309	0.0	634
NODE_10063_length_572_cov_2	gb_NC_003112.2_-_1791966-1795170_ARO:3000811_mtrD	84.710	569	87	0	1	569	2077	2645	3.20e-163	569
NODE_10444_length_564_cov_2.25933	gb_NC_003112.2_+_329612-330767_ARO:3003961_farA	76.289	388	88	4	59	444	957	572	3.68e-53	204
NODE_10956_length_553_cov_1.44779	gb_KX000273.1_+_0-1740_ARO:3004036_tetB(60)	90.377	478	46	0	5	482	1263	1740	0.0	628
NODE_11537_length_541_cov_0.921811	gb_X63451_+_0-1653_ARO:3002828_srmB	97.222	36	1	0	403	438	1500	1465	2.25e-10	62.1
NODE_11602_length_540_cov_0.892784	gb_KX000273.1_+_0-1740_ARO:3004036_tetB(60)	84.579	428	66	0	112	539	1	428	6.90e-120	425
NODE_12009_length_533_cov_3.6046	gb_CP007593.1_+_2148923-2149772_ARO:3001301_RlmA(II)	93.571	140	9	0	1	140	710	849	7.47e-55	209
NODE_12987_length_515_cov_1.67391	gb_HQ652506.1_+_373-2098_ARO:3004032_tetA(46)	95.858	507	21	0	1	507	1506	1000	0.0	821
NODE_13770_length_503_cov_1.32589	gb_HM990671_+_5192-6671_ARO:3003112_lsaC	88.072	503	60	0	1	503	21	523	1.28e-171	597
NODE_13776_length_503_cov_2.01339	gb_NC_003112.2_-_1795181-1796420_ARO:3000810_mtrC	86.000	500	70	0	2	501	716	217	2.84e-153	536
NODE_13955_length_500_cov_3.12135	gb_AY768532_+_0-1935_ARO:3000535_macB	89.474	380	40	0	4	383	380	1	1.34e-136	481
NODE_15087_length_482_cov_2.25293	gb_HM990671_+_5192-6671_ARO:3003112_lsaC	92.500	480	36	0	3	482	998	519	0.0	688
NODE_15202_length_481_cov_1.53756	gb_HQ652506.1_+_2099-3836_ARO:3004033_tetB(46)	91.789	475	37	2	7	480	1191	1664	0.0	660
NODE_15438_length_478_cov_2.7234	gb_NC_003098.1_+_866210-867410_ARO:3000822_pmrA	96.056	431	17	0	1	431	770	1200	0.0	702
NODE_15750_length_474_cov_1.74702	gb_X63451_+_0-1653_ARO:3002828_srmB	78.448	116	19	6	201	313	1465	1577	3.25e-13	71.3
NODE_19036_length_435_cov_2.13158	gb_CP007593.1_+_2148923-2149772_ARO:3001301_RlmA(II)	93.313	329	20	2	108	435	843	516	8.96e-138	484
NODE_19505_length_430_cov_1.24	gb_HQ652506.1_+_2099-3836_ARO:3004033_tetB(46)	88.471	425	47	2	7	430	1196	773	4.06e-146	512
NODE_20798_length_418_cov_2.23416	gb_HQ652506.1_+_373-2098_ARO:3004032_tetA(46)	98.095	105	2	0	314	418	1	105	3.51e-47	183
NODE_21004_length_416_cov_1.73407	gb_NC_003112.2_+_330790-332317_ARO:3003962_farB	79.545	396	77	4	22	415	1205	812	4.33e-76	279
NODE_25036_length_384_cov_1.49848	gb_AF235050.4_+_38028-40140_ARO:3003318_Streptomyces	89.474	95	10	0	236	330	425	331	2.55e-28	121
NODE_25139_length_383_cov_2.54573	gb_AB015853_+_1330-4471_ARO:3003033_mexY	82.857	385	62	4	1	383	1057	1439	4.99e-95	342
NODE_25139_length_383_cov_2.54573	gb_AFRQ01000061.1_-_23986-27124_ARO:3004144_AxyY	84.091	352	54	2	1	351	1057	1407	6.45e-94	339
NODE_25733_length_380_cov_2.03077	gb_NC_003098.1_+_866210-867410_ARO:3000822_pmrA	92.063	378	30	0	3	380	343	720	2.74e-152	532
NODE_25879_length_379_cov_1.74691	gb_HQ652506.1_+_373-2098_ARO:3004032_tetA(46)	90.957	376	34	0	4	379	678	1053	1.65e-144	507
NODE_26446_length_375_cov_2.00937	gb_Z21523_+_0-1974_ARO:3000191_tetQ	99.281	139	1	0	1	139	139	1	8.46e-68	252
NODE_27969_length_366_cov_1.19614	gb_HQ652506.1_+_2099-3836_ARO:3004033_tetB(46)	95.628	366	16	0	1	366	749	384	5.55e-169	588
NODE_29049_length_360_cov_1.33115	gb_HQ652506.1_+_373-2098_ARO:3004032_tetA(46)	94.722	360	19	0	1	360	15	374	1.19e-160	560
NODE_29220_length_359_cov_2.66447	gb_NC_003098.1_-_1359228-1360395_ARO:3000025_patB	91.597	357	30	0	1	357	313	669	1.22e-140	494
NODE_30798_length_350_cov_0.650847	gb_AF235050.4_+_38028-40140_ARO:3003318_Streptomyces	86.154	65	9	0	140	204	1961	1897	2.37e-13	71.3
NODE_31392_length_347_cov_1.0411	gb_AF540889_+_0-327_ARO:3002871_tet37	100.000	112	0	0	1	112	112	1	1.72e-54	207
NODE_31608_length_346_cov_1.50172	gb_NC_003112.2_-_1791966-1795170_ARO:3000811_mtrD	84.012	344	53	2	1	343	2669	3011	3.50e-91	329
NODE_32205_length_344_cov_1.13495	gb_X74948_+_0-492_ARO:3002688_catS	93.023	344	24	0	1	344	445	102	1.94e-143	503
NODE_32205_length_344_cov_1.13495	gb_AF226276.1_+_3583-4207_ARO:3002682_catD	82.948	346	55	3	1	344	505	162	4.53e-85	309
NODE_32205_length_344_cov_1.13495	gb_U15027_+_0-624_ARO:3002686_catP	82.948	346	55	3	1	344	505	162	4.53e-85	309
NODE_33264_length_339_cov_0.876761	gb_KX000272.1_+_0-1740_ARO:3004035_tetA(60)	93.510	339	22	0	1	339	543	881	5.30e-144	505
NODE_33653_length_337_cov_1.32979	gb_NC_003112.2_-_1791966-1795170_ARO:3000811_mtrD	87.069	232	30	0	1	232	232	1	3.50e-71	263
NODE_35250_length_330_cov_2.08364	gb_AY768531_+_0-1179_ARO:3000533_macA	91.843	331	25	2	1	330	798	469	1.13e-130	460
NODE_35414_length_329_cov_1.43431	gb_AY768531_+_0-1179_ARO:3000533_macA	85.032	314	45	2	15	327	404	92	7.18e-88	318
NODE_38825_length_316_cov_2.60153	gb_NC_003098.1_+_866210-867410_ARO:3000822_pmrA	91.483	317	25	2	1	316	468	153	6.55e-123	435
NODE_40710_length_309_cov_1.5748	gb_AP006618.1_+_4835199-4838688_ARO:3000501_Nocardia	84.390	205	28	2	106	308	2986	3188	9.13e-52	198
NODE_43868_length_298_cov_0.930041	gb_KX000272.1_+_0-1740_ARO:3004035_tetA(60)	87.542	297	37	0	2	298	1590	1294	1.07e-95	344
NODE_44711_length_296_cov_2.11618	gb_NC_003098.1_+_866210-867410_ARO:3000822_pmrA	91.156	294	26	0	1	294	1062	769	2.23e-112	399
NODE_45109_length_295_cov_1.72083	gb_AY768532_+_0-1935_ARO:3000535_macB	85.000	280	37	4	17	295	1099	1374	3.02e-76	279
NODE_46405_length_291_cov_1.42797	gb_AY768531_+_0-1179_ARO:3000533_macA	78.802	217	39	6	1	215	959	1170	5.27e-34	139
NODE_46873_length_290_cov_1.69787	gb_NC_003098.1_-_1359228-1360395_ARO:3000025_patB	91.379	290	25	0	1	290	134	423	7.84e-112	398
NODE_51355_length_278_cov_0.55157	gb_CP007593.1_+_2148923-2149772_ARO:3001301_RlmA(II)	88.192	271	32	0	3	273	458	188	1.29e-89	324
NODE_54102_length_271_cov_2.06019	gb_NC_003112.2_-_1791966-1795170_ARO:3000811_mtrD	82.397	267	47	0	5	271	2162	2428	2.17e-62	233
NODE_56228_length_266_cov_2.17536	gb_NC_003098.1_-_1359228-1360395_ARO:3000025_patB	94.094	254	15	0	13	266	1161	908	1.55e-108	387
NODE_56815_length_265_cov_1.18095	gb_AY768532_+_0-1935_ARO:3000535_macB	86.567	268	30	3	1	265	816	1080	1.24e-79	291
NODE_57309_length_264_cov_1.56459	gb_NC_003098.1_-_1359228-1360395_ARO:3000025_patB	93.561	264	17	0	1	264	730	993	9.16e-111	394
NODE_60959_length_256_cov_2.04975	gb_AF173226_+_3767-6917_ARO:3003052_smeB	90.769	65	6	0	1	65	2693	2629	1.68e-18	87.9
NODE_63590_length_251_cov_1.38776	gb_Z21523_+_0-1974_ARO:3000191_tetQ	97.610	251	6	0	1	251	1352	1102	6.61e-122	431
NODE_64175_length_250_cov_0.820513	gb_AP009380.1_-_573191-573902_ARO:3003920_pgpB	100.000	250	0	0	1	250	608	359	2.33e-131	462
NODE_65560_length_248_cov_2.10881	gb_X74948_+_0-492_ARO:3002688_catS	94.022	184	11	0	65	248	1	184	2.50e-76	279
NODE_70193_length_240_cov_2.2973	gb_NC_003112.2_-_1791966-1795170_ARO:3000811_mtrD	87.500	232	29	0	5	236	998	1229	5.22e-73	268
NODE_74299_length_234_cov_1.83799	gb_HQ652506.1_+_2099-3836_ARO:3004033_tetB(46)	96.571	175	6	0	1	175	175	1	1.08e-79	291
NODE_74299_length_234_cov_1.83799	gb_HQ652506.1_+_373-2098_ARO:3004032_tetA(46)	100.000	58	0	0	177	234	1725	1668	1.17e-24	108
NODE_75844_length_232_cov_1.53107	gb_NC_003098.1_-_1359228-1360395_ARO:3000025_patB	93.103	232	16	0	1	232	636	867	1.05e-94	340
NODE_82004_length_224_cov_1.56213	gb_CP007593.1_+_2148923-2149772_ARO:3001301_RlmA(II)	86.175	217	30	0	1	217	29	245	4.91e-63	235
NODE_87761_length_217_cov_1.69136	gb_NC_002516.2_-_2850882-2854014_ARO:3004074_MuxB	77.193	114	22	4	87	198	1576	1687	2.37e-11	63.9
NODE_88529_length_216_cov_1.38509	gb_HQ652506.1_+_373-2098_ARO:3004032_tetA(46)	97.222	216	6	0	1	216	646	431	1.60e-102	366
NODE_88741_length_216_cov_2.40994	gb_CP007593.1_+_2148923-2149772_ARO:3001301_RlmA(II)	90.278	216	21	0	1	216	370	585	1.66e-77	283
