NODE_25_length_162601_cov_44.963	gb_X74948_+_0-492_ARO:3002688_catS	100.000	30	0	0	1	30	30	1	3.24e-06	56.5
NODE_225_length_58567_cov_27.6022	gb_X74948_+_0-492_ARO:3002688_catS	87.373	491	62	0	39495	39985	491	1	1.57e-159	564
NODE_225_length_58567_cov_27.6022	gb_AF226276.1_+_3583-4207_ARO:3002682_catD	82.448	621	101	5	39429	40045	617	1	3.43e-151	536
NODE_225_length_58567_cov_27.6022	gb_U15027_+_0-624_ARO:3002686_catP	82.448	621	101	5	39429	40045	617	1	3.43e-151	536
NODE_932_length_24115_cov_86.1739	gb_X74948_+_0-492_ARO:3002688_catS	89.331	478	49	2	22271	22747	477	1	1.78e-170	599
NODE_939_length_23994_cov_11.0019	gb_M18896.2_+_206-2126_ARO:3000190_tetO	99.672	1219	4	0	22776	23994	1	1219	0.0	2230
NODE_939_length_23994_cov_11.0019	gb_AJ295238.3_+_163-2083_ARO:3000196_tet32	91.919	396	32	0	22776	23171	1	396	3.88e-157	555
NODE_2448_length_10823_cov_5.2526	gb_EU434751_+_658-2578_ARO:3000194_tetW	100.000	50	0	0	10774	10823	1920	1871	1.65e-18	93.5
NODE_2908_length_9215_cov_199.943	gb_AF118110.1_-_71-1037_ARO:3003002_CfxA2	100.000	966	0	0	8234	9199	966	1	0.0	1784
NODE_2908_length_9215_cov_199.943	gb_AF472622_+_52-1018_ARO:3003003_CfxA3	99.896	966	1	0	8234	9199	966	1	0.0	1779
NODE_2908_length_9215_cov_199.943	gb_AY769934_+_27-993_ARO:3003096_CfxA5	99.896	966	1	0	8234	9199	966	1	0.0	1779
NODE_2908_length_9215_cov_199.943	gb_U38243_+_149-1115_ARO:3003001_CfxA	99.896	966	1	0	8234	9199	966	1	0.0	1779
NODE_2908_length_9215_cov_199.943	gb_AY769933_+_0-966_ARO:3003005_CfxA4	99.896	966	1	0	8234	9199	966	1	0.0	1779
NODE_2908_length_9215_cov_199.943	gb_GQ342996_+_797-1793_ARO:3003097_CfxA6	89.234	966	101	3	8239	9203	993	30	0.0	1205
NODE_2956_length_9043_cov_16.347	gb_M18896.2_+_206-2126_ARO:3000190_tetO	100.000	756	0	0	8288	9043	1920	1165	0.0	1397
NODE_2956_length_9043_cov_16.347	gb_AJ295238.3_+_163-2083_ARO:3000196_tet32	96.825	756	24	0	8288	9043	1920	1165	0.0	1264
NODE_4407_length_6233_cov_207.739	gb_M17124_+_1181-1982_ARO:3000498_ErmF	99.750	801	2	0	5361	6161	801	1	0.0	1469
NODE_4407_length_6233_cov_207.739	gb_AF319779.2_+_32-833_ARO:3000604_Erm(35)	78.446	798	164	6	5368	6161	794	1	1.71e-145	514
NODE_5010_length_5557_cov_8.04544	gb_Z21523_+_0-1974_ARO:3000191_tetQ	96.386	83	2	1	5476	5557	1	83	1.38e-31	135
NODE_5468_length_5149_cov_12.8716	gb_Z21523_+_0-1974_ARO:3000191_tetQ	100.000	60	0	0	1	60	89	30	2.16e-24	111
NODE_5975_length_4794_cov_3.95949	gb_AF235050.4_+_38028-40140_ARO:3003318_Streptomyces	100.000	31	0	0	2851	2881	1896	1926	2.66e-08	58.4
NODE_6653_length_4383_cov_69.3452	gb_Z21523_+_0-1974_ARO:3000191_tetQ	98.876	89	1	0	4295	4383	1	89	6.48e-39	159
NODE_7118_length_4123_cov_9.94051	gb_AF226276.1_+_3583-4207_ARO:3002682_catD	99.840	624	1	0	1377	2000	624	1	0.0	1147
NODE_7118_length_4123_cov_9.94051	gb_U15027_+_0-624_ARO:3002686_catP	99.840	624	1	0	1377	2000	624	1	0.0	1147
NODE_7118_length_4123_cov_9.94051	gb_X74948_+_0-492_ARO:3002688_catS	82.474	485	79	4	1449	1930	492	11	2.53e-117	420
NODE_8836_length_3426_cov_4.49066	gb_X74948_+_0-492_ARO:3002688_catS	81.705	481	86	2	1915	2394	492	13	2.74e-111	399
NODE_9963_length_3087_cov_306.296	gb_GQ342996_+_797-1793_ARO:3003097_CfxA6	99.598	996	4	0	37	1032	996	1	0.0	1818
NODE_9963_length_3087_cov_306.296	gb_AF118110.1_-_71-1037_ARO:3003002_CfxA2	89.189	962	101	3	40	999	961	1	0.0	1197
NODE_9963_length_3087_cov_306.296	gb_AF472622_+_52-1018_ARO:3003003_CfxA3	89.085	962	102	3	40	999	961	1	0.0	1192
NODE_9963_length_3087_cov_306.296	gb_AY769934_+_27-993_ARO:3003096_CfxA5	89.085	962	102	3	40	999	961	1	0.0	1192
NODE_9963_length_3087_cov_306.296	gb_U38243_+_149-1115_ARO:3003001_CfxA	89.085	962	102	3	40	999	961	1	0.0	1192
NODE_9963_length_3087_cov_306.296	gb_AY769933_+_0-966_ARO:3003005_CfxA4	89.085	962	102	3	40	999	961	1	0.0	1192
NODE_10417_length_2970_cov_3.00549	gb_NC_014638.1_-_1610636-1613960_ARO:3003730_Bifidobacteria	86.201	1261	163	8	1685	2938	1	1257	0.0	1354
NODE_11177_length_2793_cov_3.86231	gb_AP006618.1_+_4835199-4838688_ARO:3000501_Nocardia	74.626	1269	280	29	1534	2793	3365	2130	4.56e-148	521
NODE_11444_length_2743_cov_2.53869	gb_L36601_+_1420-3130_ARO:3003036_oleB	94.595	37	2	0	39	75	1568	1532	1.52e-08	58.4
NODE_13367_length_2406_cov_12.1344	gb_AJ295238.3_+_163-2083_ARO:3000196_tet32	87.975	1921	211	19	248	2158	1911	1	0.0	2250
NODE_13449_length_2394_cov_22.7627	gb_Z21523_+_0-1974_ARO:3000191_tetQ	95.965	347	14	0	1	347	1628	1974	6.39e-161	564
NODE_13977_length_2320_cov_3.36954	gb_AF235050.4_+_38028-40140_ARO:3003318_Streptomyces	76.106	339	79	2	403	740	76	413	3.39e-44	176
NODE_14651_length_2235_cov_19.2872	gb_EU434751_+_658-2578_ARO:3000194_tetW	99.948	1920	1	0	68	1987	1920	1	0.0	3541
NODE_14651_length_2235_cov_19.2872	gb_KU736867.1_+_19653-21573_ARO:3004442_tet(W/N/W)	96.077	1912	73	2	77	1987	1911	1	0.0	3114
NODE_15140_length_2173_cov_19.5623	gb_EU434751_+_658-2578_ARO:3000194_tetW	99.948	1920	1	0	249	2168	1	1920	0.0	3541
NODE_15140_length_2173_cov_19.5623	gb_KU736867.1_+_19653-21573_ARO:3004442_tet(W/N/W)	96.077	1912	73	2	249	2159	1	1911	0.0	3114
NODE_19602_length_1752_cov_4.65292	gb_AF226276.1_+_3583-4207_ARO:3002682_catD	85.440	625	89	2	431	1054	624	1	0.0	649
NODE_19602_length_1752_cov_4.65292	gb_U15027_+_0-624_ARO:3002686_catP	85.440	625	89	2	431	1054	624	1	0.0	649
NODE_20888_length_1666_cov_5.92489	gb_X74948_+_0-492_ARO:3002688_catS	100.000	30	0	0	1	30	30	1	3.30e-08	56.5
NODE_23947_length_1486_cov_4.30538	gb_JQ740052_+_2108-3329_ARO:3000567_tet(40)	99.590	1221	5	0	205	1425	1221	1	0.0	2228
NODE_25943_length_1388_cov_6.26707	gb_X74948_+_0-492_ARO:3002688_catS	100.000	30	0	0	1359	1388	1	30	2.74e-08	56.5
NODE_27883_length_1310_cov_5.81753	gb_Z21523_+_0-1974_ARO:3000191_tetQ	88.702	1310	148	0	1	1310	1727	418	0.0	1600
NODE_28638_length_1282_cov_3.56316	gb_AF028812_+_392-887_ARO:3002867_dfrF	100.000	495	0	0	394	888	1	495	0.0	915
NODE_29705_length_1244_cov_3.03196	gb_AF235050.4_+_38028-40140_ARO:3003318_Streptomyces	73.611	216	43	10	968	1176	75	283	8.77e-13	71.3
NODE_30192_length_1228_cov_2.85081	gb_NC_014638.1_-_1610636-1613960_ARO:3003730_Bifidobacteria	85.866	1224	171	2	6	1228	2447	1225	0.0	1301
NODE_30616_length_1214_cov_259.006	gb_Z21523_+_0-1974_ARO:3000191_tetQ	97.529	1214	30	0	1	1214	1682	469	0.0	2076
NODE_33003_length_1138_cov_2.87627	gb_AP006618.1_+_4835199-4838688_ARO:3000501_Nocardia	77.684	354	75	4	603	954	2986	3337	1.26e-55	213
NODE_43108_length_914_cov_2.55646	gb_M35190.1_+_308-932_ARO:3004454_Campylobacter	100.000	51	0	0	864	914	1	51	3.80e-20	95.3
NODE_47054_length_853_cov_6.70677	gb_U00096_-_2098446-2099613_ARO:3003577_ugd	81.308	107	20	0	455	561	1010	904	5.92e-18	87.9
NODE_47708_length_843_cov_1.99746	gb_U00096_+_2158385-2161463_ARO:3000794_mdtC	88.235	119	14	0	65	183	1	119	1.23e-34	143
NODE_51715_length_793_cov_1.5122	gb_NC_000913.3_-_481253-484403_ARO:3000216_acrB	83.705	718	113	4	78	793	1	716	0.0	675
NODE_51715_length_793_cov_1.5122	gb_U00096_+_3415032-3418137_ARO:3000502_acrF	76.307	574	114	14	86	648	10	572	5.06e-78	287
NODE_51715_length_793_cov_1.5122	gb_AJ318073.1_+_793-1990_ARO:3004041_Klebsiella	100.000	55	0	0	1	55	1143	1197	1.97e-22	102
NODE_52928_length_779_cov_5.71271	gb_X74948_+_0-492_ARO:3002688_catS	88.551	428	49	0	352	779	1	428	4.50e-148	520
NODE_52928_length_779_cov_5.71271	gb_AF226276.1_+_3583-4207_ARO:3002682_catD	82.653	490	81	3	292	779	1	488	2.17e-121	431
NODE_52928_length_779_cov_5.71271	gb_U15027_+_0-624_ARO:3002686_catP	82.653	490	81	3	292	779	1	488	2.17e-121	431
NODE_53509_length_772_cov_2.11855	gb_X01702_+_484-1285_ARO:3002659_APH(6)-Ic	94.444	36	1	1	298	332	518	483	5.43e-08	54.7
NODE_56967_length_737_cov_5.4824	gb_M35190.1_+_308-932_ARO:3004454_Campylobacter	96.795	624	20	0	5	628	1	624	0.0	1042
NODE_56967_length_737_cov_5.4824	gb_X53797_+_133-775_ARO:3002684_catII	94.118	34	2	0	551	584	556	589	1.86e-07	52.8
NODE_59612_length_712_cov_2.61644	gb_M37699_+_585-1752_ARO:3000205_tetX	99.355	155	1	0	173	327	1167	1013	2.11e-76	281
NODE_66898_length_654_cov_1.93489	gb_AF235050.4_+_38028-40140_ARO:3003318_Streptomyces	90.196	51	5	0	157	207	125	75	5.88e-12	67.6
NODE_71517_length_623_cov_71.9067	gb_AF226276.1_+_3583-4207_ARO:3002682_catD	85.163	337	50	0	286	622	624	288	6.41e-96	346
NODE_71517_length_623_cov_71.9067	gb_U15027_+_0-624_ARO:3002686_catP	85.163	337	50	0	286	622	624	288	6.41e-96	346
NODE_71517_length_623_cov_71.9067	gb_X74948_+_0-492_ARO:3002688_catS	87.925	265	32	0	359	623	491	227	6.51e-86	313
NODE_72306_length_618_cov_2.42984	gb_AF235050.4_+_38028-40140_ARO:3003318_Streptomyces	77.914	163	26	8	84	241	256	413	9.15e-20	93.5
NODE_75002_length_602_cov_1.80073	gb_AP009048.1_-_4153663-4154296_ARO:3000518_CRP	86.828	577	76	0	1	577	577	1	0.0	645
NODE_84134_length_555_cov_223.982	gb_Z21523_+_0-1974_ARO:3000191_tetQ	93.333	495	32	1	1	494	523	29	0.0	730
NODE_87045_length_541_cov_1.66461	gb_KU302801_+_102199-102430_ARO:3002831_vgaC	98.122	213	4	0	3	215	19	231	9.14e-104	372
NODE_88198_length_536_cov_1.77755	gb_AJ318073.1_+_793-1990_ARO:3004041_Klebsiella	98.540	411	6	0	126	536	1	411	0.0	726
NODE_88198_length_536_cov_1.77755	gb_DQ679966_+_299-1493_ARO:3004042_Enterobacter	83.292	407	68	0	126	532	1	407	7.00e-105	375
NODE_88198_length_536_cov_1.77755	gb_NC_000913.3_-_484425-485619_ARO:3004043_Escherichia	80.808	396	76	0	126	521	1	396	2.00e-85	311
NODE_93484_length_514_cov_2.1634	gb_AF235050.4_+_38028-40140_ARO:3003318_Streptomyces	74.729	277	56	11	245	514	75	344	2.09e-25	111
NODE_101684_length_484_cov_1.70163	gb_L11616_+_1569-4710_ARO:3000378_MexB	78.743	334	60	8	158	484	1553	1224	5.22e-56	213
NODE_107601_length_466_cov_2.11922	gb_AP009048.1_-_4153663-4154296_ARO:3000518_CRP	89.266	177	19	0	2	178	457	633	8.34e-59	222
NODE_109687_length_460_cov_3.93086	gb_X74948_+_0-492_ARO:3002688_catS	100.000	38	0	0	1	38	38	1	3.15e-13	71.3
NODE_117494_length_439_cov_2.08854	gb_NC_002516.2_+_3982020-3984009_ARO:3002985_arnA	83.175	422	64	5	7	426	1083	1499	4.39e-106	379
NODE_121898_length_429_cov_224.088	gb_Z21523_+_0-1974_ARO:3000191_tetQ	91.066	347	31	0	83	429	1974	1628	2.47e-133	470
NODE_122288_length_428_cov_2.62735	gb_AF235050.4_+_38028-40140_ARO:3003318_Streptomyces	77.326	172	35	3	14	183	250	419	1.34e-21	99.0
NODE_123134_length_426_cov_4.14555	gb_M35190.1_+_308-932_ARO:3004454_Campylobacter	100.000	51	0	0	376	426	1	51	1.73e-20	95.3
NODE_124189_length_423_cov_1.74185	gb_M80346_+_0-1656_ARO:3002817_carA	94.444	36	2	0	357	392	1464	1499	8.08e-09	56.5
NODE_129252_length_412_cov_1.05602	gb_KX531046.1_+_0-864_ARO:3003982_LlmA	94.286	35	2	0	359	393	355	389	2.83e-08	54.7
NODE_148618_length_378_cov_0.934985	gb_KU254579.1_+_59421-59841_ARO:3004111_FosA6	97.059	68	2	0	5	72	68	1	1.17e-26	115
NODE_148618_length_378_cov_0.934985	gb_KP143090.1_-_1199-1619_ARO:3003209_FosA5	97.059	68	2	0	5	72	68	1	1.17e-26	115
NODE_151176_length_374_cov_1.61442	gb_NC_000913.3_-_481253-484403_ARO:3000216_acrB	84.062	320	51	0	13	332	1850	1531	4.93e-85	309
NODE_155656_length_367_cov_1.95833	gb_NC_000913.3_+_3219493-3220873_ARO:3000024_patA	91.146	192	17	0	176	367	1	192	1.38e-70	261
NODE_169056_length_349_cov_1.79932	gb_AP006618.1_+_4835199-4838688_ARO:3000501_Nocardia	82.418	182	26	6	11	189	1273	1451	2.28e-38	154
NODE_177340_length_339_cov_1.41901	gb_NC_002695.1_-_4903561-4904935_ARO:3000830_cpxA	83.568	213	33	2	128	339	1367	1156	1.01e-51	198
NODE_178957_length_337_cov_51.8156	gb_Z21523_+_0-1974_ARO:3000191_tetQ	99.407	337	2	0	1	337	35	371	3.02e-176	612
NODE_206685_length_309_cov_0.929134	gb_U00096_+_2158385-2161463_ARO:3000794_mdtC	94.175	309	18	0	1	309	1231	1539	4.87e-134	472
NODE_233094_length_289_cov_1.70513	gb_NC_010378.1_+_47850-51003_ARO:3003923_oqxB	92.042	289	23	0	1	289	2334	2622	1.30e-114	407
NODE_234190_length_288_cov_1.11159	gb_NC_010378.1_+_47850-51003_ARO:3003923_oqxB	96.528	288	10	0	1	288	1008	721	9.71e-136	477
NODE_238866_length_285_cov_1.56957	gb_U00096_+_2158385-2161463_ARO:3000794_mdtC	83.813	278	45	0	6	283	1049	772	8.14e-72	265
NODE_241723_length_283_cov_1.47368	gb_FJ768952_+_0-1488_ARO:3000237_tolC	84.483	116	18	0	160	275	1	116	8.61e-27	115
NODE_241896_length_283_cov_0.942982	gb_U00096_+_2155262-2158385_ARO:3000793_mdtB	86.477	281	38	0	3	283	3044	2764	3.68e-85	309
NODE_243509_length_282_cov_18.8987	gb_Z21523_+_0-1974_ARO:3000191_tetQ	100.000	282	0	0	1	282	317	598	4.33e-149	521
NODE_246118_length_280_cov_1.08889	gb_NC_000913.3_-_4377810-4378944_ARO:3004290_Escherichia	97.041	169	5	0	4	172	169	1	6.13e-78	285
NODE_246118_length_280_cov_1.08889	gb_KM087858_+_0-1146_ARO:3002175_MIR-10	94.444	36	2	0	17	52	168	133	5.23e-09	56.5
NODE_246118_length_280_cov_1.08889	gb_KM087859_+_0-1146_ARO:3002176_MIR-11	94.444	36	2	0	17	52	168	133	5.23e-09	56.5
NODE_246118_length_280_cov_1.08889	gb_M37839_+_927-2073_ARO:3002166_MIR-1	94.444	36	2	0	17	52	168	133	5.23e-09	56.5
NODE_246118_length_280_cov_1.08889	gb_LN515535_+_0-1146_ARO:3003173_MIR-17	94.444	36	2	0	17	52	168	133	5.23e-09	56.5
NODE_246118_length_280_cov_1.08889	gb_EF417572_+_29-1175_ARO:3002167_MIR-4	94.444	36	2	0	17	52	168	133	5.23e-09	56.5
NODE_246118_length_280_cov_1.08889	gb_KM087862_+_0-1146_ARO:3002178_MIR-13	94.444	36	2	0	17	52	168	133	5.23e-09	56.5
NODE_246118_length_280_cov_1.08889	gb_KM087860_+_0-1146_ARO:3002174_MIR-9	94.444	36	2	0	17	52	168	133	5.23e-09	56.5
NODE_246118_length_280_cov_1.08889	gb_JQ664733_+_0-1146_ARO:3002171_MIR-6	94.444	36	2	0	17	52	168	133	5.23e-09	56.5
NODE_246118_length_280_cov_1.08889	gb_KM087851_+_0-1146_ARO:3002180_MIR-15	94.444	36	2	0	17	52	168	133	5.23e-09	56.5
NODE_246118_length_280_cov_1.08889	gb_FJ237367_+_0-1146_ARO:3002173_MIR-8	94.444	36	2	0	17	52	168	133	5.23e-09	56.5
NODE_246118_length_280_cov_1.08889	gb_KM087863_+_0-1146_ARO:3002177_MIR-12	94.444	36	2	0	17	52	168	133	5.23e-09	56.5
NODE_246118_length_280_cov_1.08889	gb_KP050484_+_0-1146_ARO:3002170_MIR-5	94.444	36	2	0	17	52	168	133	5.23e-09	56.5
NODE_246118_length_280_cov_1.08889	gb_KM087861_+_0-1146_ARO:3002181_MIR-16	94.444	36	2	0	17	52	168	133	5.23e-09	56.5
NODE_246118_length_280_cov_1.08889	gb_AY743435_+_13-1159_ARO:3002169_MIR-3	94.444	36	2	0	17	52	168	133	5.23e-09	56.5
NODE_246118_length_280_cov_1.08889	gb_AY227752_+_88-1234_ARO:3002168_MIR-2	94.444	36	2	0	17	52	168	133	5.23e-09	56.5
NODE_247776_length_279_cov_0.758929	gb_HQ652506.1_+_2099-3836_ARO:3004033_tetB(46)	91.786	280	21	2	1	279	843	1121	4.53e-109	388
NODE_254217_length_275_cov_2.10909	gb_NC_002695.1_-_4903561-4904935_ARO:3000830_cpxA	83.704	270	42	2	6	274	196	464	1.70e-68	254
NODE_259189_length_272_cov_1.61751	gb_U00096_+_2158385-2161463_ARO:3000794_mdtC	85.502	269	39	0	4	272	1893	1625	7.69e-77	281
NODE_264956_length_268_cov_0.807512	gb_NC_000913.3_-_2306971-2308615_ARO:3003952_yojI	100.000	154	0	0	1	154	154	1	5.85e-78	285
NODE_266307_length_268_cov_1.47887	gb_X01702_+_484-1285_ARO:3002659_APH(6)-Ic	96.875	32	1	0	69	100	514	483	1.80e-08	54.7
NODE_272848_length_264_cov_1.20574	gb_NC_010378.1_+_47850-51003_ARO:3003923_oqxB	98.805	251	3	0	1	251	251	1	6.93e-127	448
NODE_284767_length_258_cov_0.891626	gb_NC_000913.3_-_481253-484403_ARO:3000216_acrB	87.209	258	33	0	1	258	1200	943	9.33e-81	294
NODE_284767_length_258_cov_0.891626	gb_L11616_+_1569-4710_ARO:3000378_MexB	81.893	243	44	0	2	244	1199	957	4.49e-54	206
NODE_284767_length_258_cov_0.891626	gb_AJ252200_+_1278-4401_ARO:3003056_smeE	81.778	225	41	0	2	226	1199	975	4.53e-49	189
NODE_284767_length_258_cov_0.891626	gb_AF173226_+_3767-6917_ARO:3003052_smeB	81.944	216	39	0	2	217	1199	984	2.11e-47	183
NODE_284898_length_258_cov_1.35961	gb_HQ652506.1_+_2099-3836_ARO:3004033_tetB(46)	97.656	256	6	0	3	258	706	961	1.13e-124	440
NODE_285361_length_258_cov_1.52709	gb_DQ212986_+_2258-2966_ARO:3002926_vanRG	80.328	244	48	0	1	244	92	335	5.86e-48	185
NODE_285911_length_257_cov_1.18317	gb_HQ652506.1_+_2099-3836_ARO:3004033_tetB(46)	96.498	257	9	0	1	257	456	200	3.16e-120	425
NODE_287092_length_257_cov_1.0198	gb_NC_000913.3_-_481253-484403_ARO:3000216_acrB	79.730	148	28	2	24	170	1139	993	4.67e-24	106
NODE_291292_length_255_cov_1.305	gb_NC_000913.3_+_3219493-3220873_ARO:3000024_patA	85.232	237	35	0	19	255	766	1002	9.41e-66	244
NODE_293278_length_254_cov_0.643216	gb_AP009048_+_2165012-2166416_ARO:3000829_baeS	100.000	54	0	0	201	254	1155	1208	2.15e-22	100
NODE_299245_length_251_cov_2.58673	gb_L11616_+_1569-4710_ARO:3000378_MexB	75.735	136	27	5	56	188	2401	2269	2.78e-11	63.9
NODE_302342_length_250_cov_187.4	gb_X74948_+_0-492_ARO:3002688_catS	98.661	224	3	0	26	249	1	224	6.68e-112	398
NODE_302424_length_249_cov_1.3299	gb_AF235050.4_+_38028-40140_ARO:3003318_Streptomyces	81.416	113	15	5	137	246	250	359	1.63e-18	87.9
NODE_308935_length_247_cov_1.22917	gb_U00096_-_1124117-1125326_ARO:3001216_mdtH	100.000	247	0	0	1	247	621	867	1.07e-129	457
NODE_325458_length_240_cov_1.21081	gb_NC_010378.1_+_47850-51003_ARO:3003923_oqxB	96.250	240	9	0	1	240	2802	2563	8.26e-111	394
NODE_325910_length_240_cov_2.31892	gb_NC_010378.1_+_47850-51003_ARO:3003923_oqxB	95.417	240	11	0	1	240	1528	1289	1.79e-107	383
NODE_326165_length_240_cov_3.67027	gb_X74948_+_0-492_ARO:3002688_catS	86.555	238	32	0	1	238	197	434	2.43e-71	263
NODE_326165_length_240_cov_3.67027	gb_AF226276.1_+_3583-4207_ARO:3002682_catD	81.498	227	42	0	12	238	268	494	1.50e-48	187
NODE_326165_length_240_cov_3.67027	gb_U15027_+_0-624_ARO:3002686_catP	81.498	227	42	0	12	238	268	494	1.50e-48	187
NODE_326733_length_239_cov_2.35326	gb_AP006618.1_+_4835199-4838688_ARO:3000501_Nocardia	76.923	208	41	6	31	234	1223	1427	9.28e-26	111
NODE_328398_length_239_cov_1.59783	gb_NC_010378.1_+_47850-51003_ARO:3003923_oqxB	95.816	239	10	0	1	239	1687	1449	1.38e-108	387
NODE_335020_length_236_cov_0.801105	gb_AF313472_+_15593-16397_ARO:3002639_APH(3'')-Ib	99.576	236	1	0	1	236	221	456	6.18e-122	431
NODE_346235_length_232_cov_1.24859	gb_AF024602_+_3155-3992_ARO:3002660_APH(6)-Id	99.225	129	1	0	104	232	837	709	1.84e-62	233
NODE_348120_length_231_cov_1.82955	gb_NC_012469.1_-_1800927-1802391_ARO:3000616_mel	100.000	231	0	0	1	231	1196	966	7.81e-121	427
NODE_364584_length_226_cov_1.30409	gb_AF235050.4_+_38028-40140_ARO:3003318_Streptomyces	88.060	67	8	0	2	68	1895	1961	2.46e-16	80.5
NODE_366264_length_225_cov_1.85882	gb_M57437_+_0-1647_ARO:3002827_tlrC	100.000	29	0	0	100	128	1471	1499	1.48e-08	54.7
NODE_369425_length_224_cov_1.07692	gb_NC_012469.1_-_1800927-1802391_ARO:3000616_mel	100.000	138	0	0	87	224	1464	1327	3.77e-69	255
NODE_371319_length_224_cov_1.40237	gb_KX531046.1_+_0-864_ARO:3003982_LlmA	97.561	41	1	0	16	56	395	355	1.47e-13	71.3
NODE_374626_length_223_cov_1.41071	gb_KX531046.1_+_0-864_ARO:3003982_LlmA	78.814	118	21	4	63	178	355	470	3.14e-15	76.8
NODE_380091_length_221_cov_0.885542	gb_U00096_+_2154015-2155263_ARO:3000792_mdtA	99.541	218	1	0	4	221	965	748	5.84e-112	398
NODE_383082_length_220_cov_0.745455	gb_HQ652506.1_+_373-2098_ARO:3004032_tetA(46)	97.717	219	5	0	1	219	1243	1461	7.56e-106	377
NODE_384404_length_220_cov_1.09091	gb_AJ011502.1_+_300-1425_ARO:3004122_Klebsiella	96.875	96	3	0	1	96	96	1	8.29e-41	161
NODE_386061_length_219_cov_1.07927	gb_D78168_+_1591-3130_ARO:3000254_emrY	99.543	219	1	0	1	219	794	1012	1.61e-112	399
NODE_388965_length_218_cov_1.12883	gb_AP009048.1_-_4304505-4306557_ARO:3003549_mdtO	100.000	218	0	0	1	218	1415	1198	1.24e-113	403
NODE_390284_length_218_cov_1.55215	gb_AJ318073.1_+_793-1990_ARO:3004041_Klebsiella	97.706	218	5	0	1	218	1163	946	2.69e-105	375
NODE_393478_length_217_cov_0.864198	gb_NC_007779_+_2586250-2589364_ARO:3000491_acrD	98.618	217	3	0	1	217	393	609	4.45e-108	385
NODE_396139_length_216_cov_0.645963	gb_CP007593.1_+_2148923-2149772_ARO:3001301_RlmA(II)	94.574	129	7	0	88	216	841	713	1.72e-52	200
NODE_401964_length_215_cov_1.7625	gb_U97042_+_1263-4347_ARO:3003010_ceoB	100.000	37	0	0	43	79	2870	2834	5.04e-13	69.4
NODE_401964_length_215_cov_1.7625	gb_AB219524.1_+_1176-4338_ARO:3003699_mexQ	94.737	38	2	0	42	79	2853	2816	3.03e-10	60.2
NODE_412045_length_212_cov_1.08917	gb_NC_002516.2_-_2850882-2854014_ARO:3004074_MuxB	78.095	105	21	2	101	204	2140	2243	6.42e-12	65.8
NODE_419389_length_210_cov_1.06452	gb_NC_000913.3_+_3219493-3220873_ARO:3000024_patA	98.571	210	3	0	1	210	286	77	3.34e-104	372
NODE_423130_length_209_cov_0.5	gb_NC_010378.1_+_47850-51003_ARO:3003923_oqxB	98.295	176	3	0	1	176	3116	2941	2.64e-85	309
NODE_423811_length_209_cov_2.15584	gb_AF235050.4_+_38028-40140_ARO:3003318_Streptomyces	76.923	104	24	0	85	188	256	359	2.94e-10	60.2
NODE_431620_length_207_cov_44.9803	gb_Z21523_+_0-1974_ARO:3000191_tetQ	96.135	207	8	0	1	207	523	317	3.34e-94	339
NODE_435763_length_202_cov_35.034	gb_X74948_+_0-492_ARO:3002688_catS	100.000	30	0	0	173	202	1	30	3.66e-09	56.5
NODE_436172_length_194_cov_20.1942	gb_Z21523_+_0-1974_ARO:3000191_tetQ	100.000	63	0	0	1	63	1912	1974	1.58e-27	117
NODE_438801_length_150_cov_9.54737	gb_X74948_+_0-492_ARO:3002688_catS	82.667	150	26	0	1	150	346	197	1.19e-32	134
NODE_441668_length_114_cov_3.9661	gb_AJ295238.3_+_163-2083_ARO:3000196_tet32	92.632	95	7	0	1	95	1106	1200	6.65e-34	137
NODE_441668_length_114_cov_3.9661	gb_M18896.2_+_206-2126_ARO:3000190_tetO	85.849	106	15	0	9	114	1114	1219	1.12e-26	113
NODE_442484_length_110_cov_19.0909	gb_Z21523_+_0-1974_ARO:3000191_tetQ	98.305	59	0	1	52	110	32	89	2.32e-23	102
NODE_446592_length_81_cov_16.7308	gb_X74948_+_0-492_ARO:3002688_catS	96.970	66	2	0	16	81	236	171	2.67e-26	111
