NODE_52_length_8426_cov_32.5146	gb_AY055428.1_-_20268-21084_ARO:3000412_sul2	100.000	816	0	0	7255	8070	816	1	0.0	1507
NODE_52_length_8426_cov_32.5146	gb_AF313472_+_15593-16397_ARO:3002639_APH(3'')-Ib	99.751	804	2	0	6391	7194	804	1	0.0	1474
NODE_52_length_8426_cov_32.5146	gb_AF024602_+_3155-3992_ARO:3002660_APH(6)-Id	99.808	520	1	0	5872	6391	520	1	0.0	955
NODE_157_length_5511_cov_18.5203	gb_NC_012469.1_-_1800927-1802391_ARO:3000616_mel	100.000	1464	0	0	1605	3068	1464	1	0.0	2704
NODE_157_length_5511_cov_18.5203	gb_NC_023287.1_-_65291-66509_ARO:3000615_mefA	96.962	1218	37	0	3188	4405	1218	1	0.0	2045
NODE_160_length_5475_cov_13.8018	gb_CP007593.1_+_2148923-2149772_ARO:3001301_RlmA(II)	90.842	273	23	2	1	272	578	849	1.60e-100	364
NODE_282_length_4316_cov_3.92138	gb_AF118110.1_-_71-1037_ARO:3003002_CfxA2	100.000	966	0	0	1237	2202	1	966	0.0	1784
NODE_282_length_4316_cov_3.92138	gb_AF472622_+_52-1018_ARO:3003003_CfxA3	99.896	966	1	0	1237	2202	1	966	0.0	1779
NODE_282_length_4316_cov_3.92138	gb_AY769934_+_27-993_ARO:3003096_CfxA5	99.896	966	1	0	1237	2202	1	966	0.0	1779
NODE_282_length_4316_cov_3.92138	gb_U38243_+_149-1115_ARO:3003001_CfxA	99.896	966	1	0	1237	2202	1	966	0.0	1779
NODE_282_length_4316_cov_3.92138	gb_AY769933_+_0-966_ARO:3003005_CfxA4	99.896	966	1	0	1237	2202	1	966	0.0	1779
NODE_282_length_4316_cov_3.92138	gb_GQ342996_+_797-1793_ARO:3003097_CfxA6	89.234	966	101	3	1233	2197	30	993	0.0	1205
NODE_816_length_2825_cov_19.1054	gb_NC_003112.2_-_1791966-1795170_ARO:3000811_mtrD	80.707	2830	530	14	4	2825	2864	43	0.0	2187
NODE_1049_length_2559_cov_3.13179	gb_AY768532_+_0-1935_ARO:3000535_macB	85.337	1023	137	9	3	1020	919	1933	0.0	1046
NODE_1077_length_2537_cov_3.45971	gb_NC_003112.2_+_329612-330767_ARO:3003961_farA	72.976	840	209	17	1599	2429	127	957	9.89e-75	278
NODE_1096_length_2516_cov_3.29947	gb_NC_003112.2_-_1791966-1795170_ARO:3000811_mtrD	86.066	366	47	3	1	364	2813	3176	1.21e-108	390
NODE_1116_length_2494_cov_24.6084	gb_AM180355_+_600033-601953_ARO:3000186_tetM	91.979	1920	154	0	125	2044	1920	1	0.0	2693
NODE_1116_length_2494_cov_24.6084	gb_L09756_+_0-1926_ARO:3000192_tetS	78.827	1927	391	15	126	2043	1920	2	0.0	1282
NODE_2324_length_1811_cov_3.08371	gb_HQ652506.1_+_373-2098_ARO:3004032_tetA(46)	93.906	1083	66	0	728	1810	1725	643	0.0	1635
NODE_2324_length_1811_cov_3.08371	gb_HQ652506.1_+_2099-3836_ARO:3004033_tetB(46)	96.111	720	28	0	7	726	720	1	0.0	1175
NODE_3116_length_1585_cov_13.6869	gb_CP007593.1_+_2148923-2149772_ARO:3001301_RlmA(II)	88.375	843	94	4	27	867	1	841	0.0	1011
NODE_3124_length_1584_cov_2.85154	gb_AY768531_+_0-1179_ARO:3000533_macA	85.524	601	87	0	984	1584	77	677	1.47e-180	628
NODE_3877_length_1419_cov_3.42962	gb_AP006618.1_+_4835199-4838688_ARO:3000501_Nocardia	77.530	1166	231	27	2	1153	3177	2029	0.0	673
NODE_4750_length_1284_cov_8.69406	gb_NC_003098.1_+_866210-867410_ARO:3000822_pmrA	93.068	1183	82	0	102	1284	1	1183	0.0	1731
NODE_5048_length_1241_cov_14.457	gb_NC_003098.1_-_1359228-1360395_ARO:3000025_patB	92.739	303	22	0	939	1241	1167	865	2.08e-123	438
NODE_5309_length_1208_cov_3.84042	gb_NC_003112.2_+_330790-332317_ARO:3003962_farB	77.987	1063	222	11	27	1083	257	1313	0.0	656
NODE_8982_length_920_cov_1.92601	gb_HQ652506.1_+_2099-3836_ARO:3004033_tetB(46)	88.514	592	66	2	1	591	1131	1721	0.0	715
NODE_8990_length_920_cov_14.2832	gb_AY768532_+_0-1935_ARO:3000535_macB	82.014	834	141	8	1	831	1108	1935	0.0	701
NODE_10747_length_840_cov_25.8318	gb_NC_003098.1_+_866210-867410_ARO:3000822_pmrA	98.611	72	1	0	1	72	1129	1200	3.44e-30	128
NODE_10901_length_834_cov_17.2798	gb_NC_003098.1_-_1359228-1360395_ARO:3000025_patB	94.432	449	25	0	386	834	1	449	0.0	691
NODE_10981_length_830_cov_3.47226	gb_HM990671_+_5192-6671_ARO:3003112_lsaC	89.526	802	84	0	1	802	802	1	0.0	1016
NODE_11930_length_795_cov_3.36622	gb_HQ652506.1_+_373-2098_ARO:3004032_tetA(46)	96.000	125	5	0	1	125	125	1	5.25e-53	204
NODE_13141_length_755_cov_4.42571	gb_NC_003098.1_+_866210-867410_ARO:3000822_pmrA	94.172	755	44	0	1	755	784	30	0.0	1151
NODE_13944_length_732_cov_1.36189	gb_X95635_+_259-1663_ARO:3000812_mtrE	93.861	733	43	2	1	732	374	1105	0.0	1103
NODE_15389_length_695_cov_2.01719	gb_NC_003098_+_953382-954594_ARO:3000614_mefE	82.040	696	124	1	1	695	442	1137	8.35e-170	592
NODE_15395_length_695_cov_4.46719	gb_CP007593.1_+_2148923-2149772_ARO:3001301_RlmA(II)	92.674	273	18	2	424	695	849	578	9.09e-110	392
NODE_15517_length_692_cov_1.63108	gb_NC_003112.2_+_330790-332317_ARO:3003962_farB	96.463	622	22	0	1	622	622	1	0.0	1027
NODE_23273_length_566_cov_10.1037	gb_NC_003098.1_+_866210-867410_ARO:3000822_pmrA	94.159	565	33	0	1	565	1183	619	0.0	861
NODE_24542_length_551_cov_6.83669	gb_NC_003098.1_+_866210-867410_ARO:3000822_pmrA	93.285	551	37	0	1	551	122	672	0.0	813
NODE_26927_length_525_cov_13.683	gb_NC_003098.1_-_1359228-1360395_ARO:3000025_patB	91.429	525	45	0	1	525	919	395	0.0	721
NODE_27023_length_524_cov_3.67377	gb_AY768532_+_0-1935_ARO:3000535_macB	87.189	523	65	2	3	524	425	946	1.73e-170	593
NODE_27223_length_522_cov_3.2334	gb_CP001050.1_+_1332866-1333499_ARO:3000817_mtrR	79.806	515	102	2	1	514	65	578	2.45e-104	374
NODE_29544_length_500_cov_2.83596	gb_AY768531_+_0-1179_ARO:3000533_macA	84.661	502	69	7	1	498	603	1100	1.72e-140	494
NODE_30445_length_493_cov_3.42009	gb_KC539823_+_1017-2586_ARO:3002829_vgaA	100.000	28	0	0	70	97	1250	1223	1.23e-07	52.8
NODE_30445_length_493_cov_3.42009	gb_DQ823382_+_0-1569_ARO:3002830_vgaALC	100.000	28	0	0	70	97	1250	1223	1.23e-07	52.8
NODE_30703_length_491_cov_1.22018	gb_Z21523_+_0-1974_ARO:3000191_tetQ	98.574	491	7	0	1	491	1274	1764	0.0	869
NODE_30719_length_491_cov_1.90826	gb_U75299_+_0-717_ARO:3002671_Lactobacillus	98.744	398	1	4	94	491	711	318	0.0	704
NODE_30719_length_491_cov_1.90826	gb_AB080798.1_+_2658-3309_ARO:3004455_Streptococcus	98.204	334	6	0	158	491	651	318	9.75e-168	584
NODE_33209_length_472_cov_2.06475	gb_NC_017452.1_-_1144673-1146068_ARO:3003953_hmrM	73.548	465	111	8	1	459	600	142	4.02e-42	167
NODE_33241_length_472_cov_1.26379	gb_NC_003112.2_-_1795181-1796420_ARO:3000810_mtrC	94.492	472	26	0	1	472	557	1028	0.0	728
NODE_33704_length_469_cov_3.28019	gb_NC_003098.1_+_866210-867410_ARO:3000822_pmrA	95.385	65	3	0	405	469	1	65	3.17e-23	104
NODE_33781_length_468_cov_2.95884	gb_AY768532_+_0-1935_ARO:3000535_macB	88.675	468	53	0	1	468	49	516	7.22e-164	571
NODE_34743_length_462_cov_6.57494	gb_NC_003098.1_+_866210-867410_ARO:3000822_pmrA	94.886	176	9	0	1	176	176	1	6.25e-75	276
NODE_35204_length_459_cov_2.14851	gb_NC_017452.1_-_1144673-1146068_ARO:3003953_hmrM	93.962	265	16	0	1	265	1131	1395	9.82e-113	401
NODE_35380_length_458_cov_11.2109	gb_CP007593.1_+_2148923-2149772_ARO:3001301_RlmA(II)	90.939	309	28	0	1	309	309	1	3.50e-117	416
NODE_37293_length_445_cov_1.67949	gb_NC_002134.1_+_41537-42743_ARO:3000165_tet(A)	100.000	413	0	0	1	413	794	1206	0.0	763
NODE_37293_length_445_cov_1.67949	gb_AB089595_+_0-1206_ARO:3000166_tet(B)	99.758	413	1	0	1	413	794	1206	0.0	758
NODE_37738_length_443_cov_4.46907	gb_HQ652506.1_+_373-2098_ARO:3004032_tetA(46)	96.840	443	14	0	1	443	593	151	0.0	741
NODE_39021_length_435_cov_1.32632	gb_NC_003112.2_+_330790-332317_ARO:3003962_farB	92.644	435	32	0	1	435	843	1277	1.41e-180	627
NODE_40315_length_428_cov_2.78552	gb_NC_017452.1_-_1144673-1146068_ARO:3003953_hmrM	87.558	217	27	0	1	217	217	1	9.72e-68	252
NODE_40374_length_428_cov_4.61394	gb_NC_003098.1_-_1359228-1360395_ARO:3000025_patB	93.289	149	10	0	1	149	1013	1161	2.74e-58	220
NODE_41652_length_421_cov_1.61475	gb_Z21523_+_0-1974_ARO:3000191_tetQ	96.437	421	15	0	1	421	537	957	0.0	695
NODE_42711_length_416_cov_4.71745	gb_CP007593.1_+_2148923-2149772_ARO:3001301_RlmA(II)	94.863	292	15	0	125	416	849	558	1.86e-129	457
NODE_45294_length_404_cov_3.44986	gb_NC_003098_+_953382-954594_ARO:3000614_mefE	98.214	56	1	0	1	56	1146	1201	1.26e-21	99.0
NODE_45774_length_402_cov_2.6513	gb_NC_003098.1_+_866210-867410_ARO:3000822_pmrA	91.521	401	34	0	1	401	728	328	2.23e-158	553
NODE_46789_length_398_cov_3.5481	gb_NC_003098.1_-_1359228-1360395_ARO:3000025_patB	90.955	398	36	0	1	398	395	792	2.22e-153	536
NODE_46998_length_397_cov_1.39474	gb_NC_003112.2_+_329612-330767_ARO:3003961_farA	94.207	397	23	0	1	397	465	861	1.66e-174	606
NODE_47429_length_395_cov_1.52941	gb_CP007593.1_+_2148923-2149772_ARO:3001301_RlmA(II)	87.668	373	46	0	23	395	843	471	8.27e-123	435
NODE_47966_length_393_cov_1.83136	gb_NC_017452.1_-_1144673-1146068_ARO:3003953_hmrM	87.339	387	49	0	3	389	706	1092	1.37e-125	444
NODE_50485_length_383_cov_2.23171	gb_NC_003098.1_+_866210-867410_ARO:3000822_pmrA	93.995	383	23	0	1	383	540	158	9.71e-167	580
NODE_51957_length_378_cov_24.9659	gb_CP007593.1_+_2148923-2149772_ARO:3001301_RlmA(II)	90.476	378	34	2	1	377	632	256	9.92e-142	497
NODE_57668_length_359_cov_1.43421	gb_NC_017452.1_-_1144673-1146068_ARO:3003953_hmrM	94.986	359	18	0	1	359	599	241	9.17e-162	564
NODE_58443_length_356_cov_2.74419	gb_NC_017452.1_-_1144673-1146068_ARO:3003953_hmrM	91.501	353	30	0	1	353	830	478	2.02e-138	486
NODE_59514_length_353_cov_1.87919	gb_KX000272.1_+_0-1740_ARO:3004035_tetA(60)	94.286	350	20	0	4	353	1322	973	1.96e-153	536
NODE_59581_length_353_cov_2.13423	gb_HQ652506.1_+_2099-3836_ARO:3004033_tetB(46)	84.661	339	44	7	12	346	1099	1433	9.94e-92	331
NODE_62469_length_345_cov_3.1	gb_CP007593.1_+_2148923-2149772_ARO:3001301_RlmA(II)	90.116	344	34	0	2	345	208	551	9.24e-127	448
NODE_62922_length_344_cov_3.37716	gb_NC_003098.1_-_1359228-1360395_ARO:3000025_patB	94.767	344	18	0	1	344	605	948	1.91e-153	536
NODE_64612_length_340_cov_9.04561	gb_NC_003112.2_+_329612-330767_ARO:3003961_farA	76.744	215	46	4	16	228	821	1033	2.91e-27	117
NODE_65856_length_336_cov_7.18505	gb_NC_003098.1_-_1359228-1360395_ARO:3000025_patB	91.317	334	29	0	3	336	586	919	1.49e-129	457
NODE_66999_length_334_cov_3.75269	gb_CP007593.1_+_2148923-2149772_ARO:3001301_RlmA(II)	89.286	308	33	0	1	308	308	1	1.97e-108	387
NODE_69132_length_329_cov_1.72993	gb_NC_003098.1_-_1359228-1360395_ARO:3000025_patB	86.025	322	45	0	1	322	566	245	3.30e-96	346
NODE_70300_length_326_cov_1.58303	gb_NC_014638.1_-_1610636-1613960_ARO:3003730_Bifidobacteria	78.509	228	47	2	84	310	1640	1866	9.88e-37	148
NODE_70665_length_325_cov_1.35556	gb_NC_002134.1_+_41537-42743_ARO:3000165_tet(A)	100.000	325	0	0	1	325	391	67	6.29e-173	601
NODE_70665_length_325_cov_1.35556	gb_AB089595_+_0-1206_ARO:3000166_tet(B)	100.000	325	0	0	1	325	391	67	6.29e-173	601
NODE_71324_length_324_cov_3.54647	gb_AY768531_+_0-1179_ARO:3000533_macA	80.986	142	24	3	178	318	1137	998	4.63e-25	110
NODE_71418_length_324_cov_1.48699	gb_HQ652506.1_+_2099-3836_ARO:3004033_tetB(46)	95.679	324	14	0	1	324	1030	707	5.02e-149	521
NODE_71790_length_323_cov_3.28731	gb_HM990671_+_5192-6671_ARO:3003112_lsaC	91.277	321	28	0	3	323	1079	759	5.18e-124	438
NODE_76800_length_313_cov_3.0155	gb_NC_003098.1_+_866210-867410_ARO:3000822_pmrA	93.291	313	21	0	1	313	672	360	2.97e-131	462
NODE_77361_length_312_cov_1.53307	gb_KX000272.1_+_0-1740_ARO:3004035_tetA(60)	88.026	309	37	0	1	309	1488	1180	2.39e-102	366
NODE_84925_length_298_cov_1.2428	gb_Z21523_+_0-1974_ARO:3000191_tetQ	96.980	298	9	0	1	298	1165	868	5.98e-143	501
NODE_87018_length_295_cov_1.45417	gb_KF478993.1_-_6002-6704_ARO:3002930_vanRO	94.444	36	0	2	20	55	320	287	1.99e-08	54.7
NODE_95987_length_281_cov_3.11947	gb_CP007593.1_+_2148923-2149772_ARO:3001301_RlmA(II)	90.732	205	19	0	75	279	838	634	1.33e-74	274
NODE_99754_length_276_cov_1.68778	gb_AY227054_+_0-765_ARO:3001780_OXA-85	100.000	276	0	0	1	276	231	506	9.15e-146	510
NODE_106783_length_268_cov_5.00939	gb_NC_003098.1_+_866210-867410_ARO:3000822_pmrA	95.896	268	11	0	1	268	817	1084	5.49e-123	435
NODE_115242_length_258_cov_2.14286	gb_KX000272.1_+_0-1740_ARO:3004035_tetA(60)	93.798	258	16	0	1	258	725	468	4.16e-109	388
NODE_116112_length_257_cov_0.772277	gb_JN254627_+_0-861_ARO:3001049_TEM-189	100.000	257	0	0	1	257	500	244	3.09e-135	475
NODE_116112_length_257_cov_0.772277	gb_AM183304_+_208-1069_ARO:3001017_TEM-150	100.000	257	0	0	1	257	500	244	3.09e-135	475
NODE_116112_length_257_cov_0.772277	gb_AF427128_+_208-1069_ARO:3000949_TEM-82	100.000	257	0	0	1	257	500	244	3.09e-135	475
NODE_116112_length_257_cov_0.772277	gb_AY130282_+_0-764_ARO:3000980_TEM-117	100.000	257	0	0	1	257	464	208	3.09e-135	475
NODE_116112_length_257_cov_0.772277	gb_FJ919776_+_208-1069_ARO:3001034_TEM-168	100.000	257	0	0	1	257	500	244	3.09e-135	475
NODE_116112_length_257_cov_0.772277	gb_FR717535_+_0-861_ARO:3000910_TEM-40	100.000	257	0	0	1	257	500	244	3.09e-135	475
NODE_116112_length_257_cov_0.772277	gb_AJ318093_+_0-861_ARO:3000960_TEM-93	100.000	257	0	0	1	257	500	244	3.09e-135	475
NODE_116112_length_257_cov_0.772277	gb_KM114268_+_0-861_ARO:3003157_TEM-219	100.000	257	0	0	1	257	500	244	3.09e-135	475
NODE_116112_length_257_cov_0.772277	gb_AF104442_+_193-1054_ARO:3000923_TEM-54	100.000	257	0	0	1	257	500	244	3.09e-135	475
NODE_116112_length_257_cov_0.772277	gb_AJ012256_+_208-1069_ARO:3000939_TEM-73	100.000	257	0	0	1	257	500	244	3.09e-135	475
NODE_116112_length_257_cov_0.772277	gb_AL513383_+_161910-162771_ARO:3000873_TEM-1	100.000	257	0	0	1	257	500	244	3.09e-135	475
NODE_116112_length_257_cov_0.772277	gb_HQ529916_+_110-971_ARO:3001045_TEM-183	100.000	257	0	0	1	257	500	244	3.09e-135	475
NODE_116112_length_257_cov_0.772277	gb_GQ149347_+_5269-6130_ARO:3001037_TEM-171	100.000	256	0	0	1	256	500	245	1.11e-134	473
NODE_116112_length_257_cov_0.772277	gb_NC_002156_+_1429-2290_ARO:3000979_TEM-116	100.000	256	0	0	1	256	500	245	1.11e-134	473
NODE_116112_length_257_cov_0.772277	gb_KM998962.1_+_0-861_ARO:3003158_TEM-220	99.611	257	1	0	1	257	500	244	1.44e-133	470
NODE_116112_length_257_cov_0.772277	gb_AF506748_+_38-899_ARO:3000971_TEM-108	99.611	257	1	0	1	257	500	244	1.44e-133	470
NODE_116112_length_257_cov_0.772277	gb_AY327539_+_0-858_ARO:3000985_TEM-123	99.611	257	1	0	1	257	500	244	1.44e-133	470
NODE_116112_length_257_cov_0.772277	gb_FJ807656_+_0-861_ARO:3001020_TEM-154	99.611	257	1	0	1	257	500	244	1.44e-133	470
NODE_116112_length_257_cov_0.772277	gb_AF188199_+_214-1075_ARO:3000936_TEM-70	99.611	257	1	0	1	257	500	244	1.44e-133	470
NODE_116112_length_257_cov_0.772277	gb_EU274580_+_214-1075_ARO:3001030_TEM-164	99.611	257	1	0	1	257	500	244	1.44e-133	470
NODE_116112_length_257_cov_0.772277	gb_Y10280_+_0-861_ARO:3000917_TEM-48	99.611	257	1	0	1	257	500	244	1.44e-133	470
NODE_116112_length_257_cov_0.772277	gb_JX042489_+_141-1002_ARO:3000890_TEM-19	99.611	257	1	0	1	257	500	244	1.44e-133	470
NODE_116112_length_257_cov_0.772277	gb_AF495873_+_0-861_ARO:3000964_TEM-101	99.611	257	1	0	1	257	500	244	1.44e-133	470
NODE_116112_length_257_cov_0.772277	gb_AJ634602.1_-_7839-8700_ARO:3000999_TEM-135	99.611	257	1	0	1	257	500	244	1.44e-133	470
NODE_116112_length_257_cov_0.772277	gb_AF347054_+_208-1069_ARO:3000947_TEM-80	99.611	257	1	0	1	257	500	244	1.44e-133	470
NODE_116112_length_257_cov_0.772277	gb_HQ877606_+_0-861_ARO:3001056_TEM-197	99.611	257	1	0	1	257	500	244	1.44e-133	470
NODE_116112_length_257_cov_0.772277	gb_AF427127_+_208-1069_ARO:3000948_TEM-81	99.611	257	1	0	1	257	500	244	1.44e-133	470
NODE_116112_length_257_cov_0.772277	gb_EF136377_+_0-861_ARO:3001026_TEM-160	99.611	257	1	0	1	257	500	244	1.44e-133	470
NODE_116112_length_257_cov_0.772277	gb_KF944358_+_0-861_ARO:3001393_TEM-216	99.611	257	1	0	1	257	500	244	1.44e-133	470
NODE_116112_length_257_cov_0.772277	gb_AY956335_+_38-899_ARO:3001004_TEM-141	99.611	257	1	0	1	257	500	244	1.44e-133	470
NODE_116112_length_257_cov_0.772277	gb_AF516719_+_214-1075_ARO:3000967_TEM-104	99.611	257	1	0	1	257	500	244	1.44e-133	470
NODE_116112_length_257_cov_0.772277	gb_X95401_+_208-1069_ARO:3000914_TEM-45	99.611	257	1	0	1	257	500	244	1.44e-133	470
NODE_116112_length_257_cov_0.772277	gb_DQ105529_+_0-861_ARO:3001013_TEM-146	99.611	257	1	0	1	257	500	244	1.44e-133	470
NODE_116112_length_257_cov_0.772277	gb_AM941159_+_208-1069_ARO:3001022_TEM-156	99.611	257	1	0	1	257	500	244	1.44e-133	470
NODE_116112_length_257_cov_0.772277	gb_AF351241_+_89-950_ARO:3000957_TEM-90	99.611	257	1	0	1	257	500	244	1.44e-133	470
NODE_116112_length_257_cov_0.772277	gb_JN227084_+_308-1169_ARO:3001046_TEM-186	99.611	257	1	0	1	257	500	244	1.44e-133	470
NODE_116112_length_257_cov_0.772277	gb_AF190692_+_208-1069_ARO:3000946_TEM-79	99.611	257	1	0	1	257	500	244	1.44e-133	470
NODE_116112_length_257_cov_0.772277	gb_Y17581_+_78-936_ARO:3000891_TEM-20	99.611	257	1	0	1	257	500	244	1.44e-133	470
NODE_116112_length_257_cov_0.772277	gb_KF240808_+_0-861_ARO:3001386_TEM-209	99.611	257	1	0	1	257	500	244	1.44e-133	470
NODE_116112_length_257_cov_0.772277	gb_KC149518_+_0-861_ARO:3001369_TEM-153	99.611	257	1	0	1	257	500	244	1.44e-133	470
NODE_116112_length_257_cov_0.772277	gb_AY092401_+_0-861_ARO:3000963_TEM-96	99.611	257	1	0	1	257	500	244	1.44e-133	470
NODE_116112_length_257_cov_0.772277	gb_Y10281_+_0-861_ARO:3000918_TEM-49	99.611	257	1	0	1	257	500	244	1.44e-133	470
NODE_116112_length_257_cov_0.772277	gb_X98047_+_0-844_ARO:3000911_TEM-42	99.611	257	1	0	1	257	491	235	1.44e-133	470
NODE_116112_length_257_cov_0.772277	gb_EU815939_+_0-861_ARO:3001029_TEM-163	99.611	257	1	0	1	257	500	244	1.44e-133	470
NODE_116112_length_257_cov_0.772277	gb_AJ239002_+_0-861_ARO:3000935_TEM-68	99.611	257	1	0	1	257	500	244	1.44e-133	470
NODE_116112_length_257_cov_0.772277	gb_DQ286729_+_0-861_ARO:3000924_TEM-55	99.611	257	1	0	1	257	500	244	1.44e-133	470
NODE_116112_length_257_cov_0.772277	gb_HG934763_+_0-861_ARO:3001394_TEM-217	99.611	257	1	0	1	257	500	244	1.44e-133	470
NODE_116112_length_257_cov_0.772277	gb_AJ437107_+_208-1069_ARO:3000900_TEM-30	99.611	257	1	0	1	257	500	244	1.44e-133	470
NODE_116112_length_257_cov_0.772277	gb_JF949915_+_0-754_ARO:3001052_TEM-192	99.611	257	1	0	1	257	470	214	1.44e-133	470
NODE_116112_length_257_cov_0.772277	gb_EF136376_+_0-861_ARO:3001025_TEM-159	99.611	257	1	0	1	257	500	244	1.44e-133	470
NODE_116112_length_257_cov_0.772277	gb_AY243512_+_208-1069_ARO:3000982_TEM-120	99.611	257	1	0	1	257	500	244	1.44e-133	470
NODE_116112_length_257_cov_0.772277	gb_JX310327_+_0-861_ARO:3001378_TEM-201	99.611	257	1	0	1	257	500	244	1.44e-133	470
NODE_116112_length_257_cov_0.772277	gb_DQ105528_+_0-861_ARO:3001012_TEM-145	99.611	257	1	0	1	257	500	244	1.44e-133	470
NODE_116112_length_257_cov_0.772277	gb_AY072920_+_0-861_ARO:3000973_TEM-110	99.611	257	1	0	1	257	500	244	1.44e-133	470
NODE_116112_length_257_cov_0.772277	gb_Y13612_+_0-861_ARO:3000921_TEM-52	99.611	257	1	0	1	257	500	244	1.44e-133	470
NODE_116112_length_257_cov_0.772277	gb_AF427130_+_208-1069_ARO:3000951_TEM-84	99.611	257	1	0	1	257	500	244	1.44e-133	470
NODE_116112_length_257_cov_0.772277	gb_JN211012_+_213-1074_ARO:3001048_TEM-188	99.611	257	1	0	1	257	500	244	1.44e-133	470
NODE_116112_length_257_cov_0.772277	gb_JF949916_+_0-757_ARO:3001051_TEM-191	99.611	257	1	0	1	257	470	214	1.44e-133	470
NODE_116112_length_257_cov_0.772277	gb_X54606_+_214-1075_ARO:3000874_TEM-2	99.611	257	1	0	1	257	500	244	1.44e-133	470
NODE_116112_length_257_cov_0.772277	gb_GU371926_-_50304-51165_ARO:3000903_TEM-33	99.611	257	1	0	1	257	500	244	1.44e-133	470
NODE_116112_length_257_cov_0.772277	gb_AF203816_+_210-1071_ARO:3000937_TEM-71	99.611	257	1	0	1	257	500	244	1.44e-133	470
NODE_116112_length_257_cov_0.772277	gb_KP050491_+_0-861_ARO:3001391_TEM-214	99.611	257	1	0	1	257	500	244	1.44e-133	470
NODE_116112_length_257_cov_0.772277	gb_AY307100_+_0-861_ARO:3000984_TEM-122	99.611	257	1	0	1	257	500	244	1.44e-133	470
NODE_116112_length_257_cov_0.772277	gb_DQ679961_+_114-975_ARO:3001021_TEM-155	99.611	257	1	0	1	257	500	244	1.44e-133	470
NODE_116112_length_257_cov_0.772277	gb_AY589493_+_166-1027_ARO:3000975_TEM-112	99.611	257	1	0	1	257	500	244	1.44e-133	470
NODE_116112_length_257_cov_0.772277	gb_AM087454_+_208-1069_ARO:3001015_TEM-148	99.611	257	1	0	1	257	500	244	1.44e-133	470
NODE_116112_length_257_cov_0.772277	gb_GU550123_+_144-1005_ARO:3001041_TEM-176	99.611	257	1	0	1	257	500	244	1.44e-133	470
NODE_116112_length_257_cov_0.772277	gb_KC818234_+_0-861_ARO:3001384_TEM-207	99.611	257	1	0	1	257	500	244	1.44e-133	470
NODE_116112_length_257_cov_0.772277	gb_AF091113_+_450-1311_ARO:3000934_TEM-67	99.611	257	1	0	1	257	500	244	1.44e-133	470
NODE_116112_length_257_cov_0.772277	gb_AB049569_+_0-861_ARO:3000958_TEM-91	99.611	257	1	0	1	257	500	244	1.44e-133	470
NODE_116112_length_257_cov_0.772277	gb_KC783461_+_0-861_ARO:3001383_TEM-206	99.611	257	1	0	1	257	500	244	1.44e-133	470
NODE_116112_length_257_cov_0.772277	gb_AB700703_+_161-1022_ARO:3001057_TEM-198	99.611	257	1	0	1	257	500	244	1.44e-133	470
NODE_116112_length_257_cov_0.772277	gb_Y10279_+_0-861_ARO:3000916_TEM-47	99.611	257	1	0	1	257	500	244	1.44e-133	470
NODE_116112_length_257_cov_0.772277	gb_KC292503_+_4334-5195_ARO:3000904_TEM-34	99.611	257	1	0	1	257	500	244	1.44e-133	470
NODE_116112_length_257_cov_0.772277	gb_AF157553_+_147-1008_ARO:3000938_TEM-72	99.611	257	1	0	1	257	500	244	1.44e-133	470
NODE_116112_length_257_cov_0.772277	gb_AY628199_+_203-1064_ARO:3000988_TEM-126	99.611	257	1	0	1	257	500	244	1.44e-133	470
NODE_116112_length_257_cov_0.772277	gb_DQ909059_+_0-861_ARO:3001023_TEM-157	99.609	256	1	0	1	256	500	245	5.17e-133	468
NODE_116112_length_257_cov_0.772277	gb_NG_050265_+_100-961_ARO:3000876_TEM-4	99.222	257	2	0	1	257	500	244	6.69e-132	464
NODE_116112_length_257_cov_0.772277	gb_JQ034306_+_0-861_ARO:3001376_TEM-196	99.222	257	2	0	1	257	500	244	6.69e-132	464
NODE_116112_length_257_cov_0.772277	gb_FJ405211_+_0-861_ARO:3000926_TEM-57	99.222	257	2	0	1	257	500	244	6.69e-132	464
NODE_116112_length_257_cov_0.772277	gb_X65253_+_175-1036_ARO:3000894_TEM-24	99.222	257	2	0	1	257	500	244	6.69e-132	464
NODE_116112_length_257_cov_0.772277	gb_KP050492_+_0-861_ARO:3001392_TEM-215	99.222	257	2	0	1	257	500	244	6.69e-132	464
NODE_116112_length_257_cov_0.772277	gb_AF468003_+_0-861_ARO:3000974_TEM-111	99.222	257	2	0	1	257	500	244	6.69e-132	464
NODE_116112_length_257_cov_0.772277	gb_JN416112_+_0-861_ARO:3001050_TEM-190	99.222	257	2	0	1	257	500	244	6.69e-132	464
NODE_116112_length_257_cov_0.772277	gb_AF516720_+_214-1075_ARO:3000968_TEM-105	99.222	257	2	0	1	257	500	244	6.69e-132	464
NODE_116112_length_257_cov_0.772277	gb_AF190694_+_208-1069_ARO:3000942_TEM-76	99.222	257	2	0	1	257	500	244	6.69e-132	464
NODE_116112_length_257_cov_0.772277	gb_FJ360884_+_213-1074_ARO:3001033_TEM-167	99.222	257	2	0	1	257	500	244	6.69e-132	464
NODE_116112_length_257_cov_0.772277	gb_KC865667_+_183-1044_ARO:3001385_TEM-208	99.222	257	2	0	1	257	500	244	6.69e-132	464
NODE_116112_length_257_cov_0.772277	gb_AJ277415_+_0-861_ARO:3000953_TEM-86	99.222	257	2	0	1	257	500	244	6.69e-132	464
NODE_116112_length_257_cov_0.772277	gb_AJ318094_+_0-861_ARO:3000961_TEM-94	99.222	257	2	0	1	257	500	244	6.69e-132	464
NODE_116112_length_257_cov_0.772277	gb_X64523.1_-_476-1337_ARO:3000875_TEM-3	99.222	257	2	0	1	257	500	244	6.69e-132	464
NODE_116112_length_257_cov_0.772277	gb_DQ279850_+_0-861_ARO:3001014_TEM-147	99.222	257	2	0	1	257	500	244	6.69e-132	464
NODE_116112_length_257_cov_0.772277	gb_M88143_+_367-1228_ARO:3000884_TEM-12	99.222	257	2	0	1	257	500	244	6.69e-132	464
NODE_116112_length_257_cov_0.772277	gb_AY368236_+_0-861_ARO:3000989_TEM-127	99.222	257	2	0	1	257	500	244	6.69e-132	464
NODE_116112_length_257_cov_0.772277	gb_AF104441_+_193-1054_ARO:3000922_TEM-53	99.222	257	2	0	1	257	500	244	6.69e-132	464
NODE_116112_length_257_cov_0.772277	gb_AF535127_+_208-1069_ARO:3000978_TEM-115	99.222	257	2	0	1	257	500	244	6.69e-132	464
NODE_116112_length_257_cov_0.772277	gb_DQ075245_+_217-1078_ARO:3001006_TEM-143	99.222	257	2	0	1	257	500	244	6.69e-132	464
NODE_116112_length_257_cov_0.772277	gb_DQ072853_+_0-861_ARO:3001003_TEM-139	99.222	257	2	0	1	257	500	244	6.69e-132	464
NODE_116112_length_257_cov_0.772277	gb_AY130284_+_0-785_ARO:3000941_TEM-75	99.222	257	2	0	1	257	464	208	6.69e-132	464
NODE_116112_length_257_cov_0.772277	gb_AM849805_+_262-1123_ARO:3000886_TEM-15	99.222	257	2	0	1	257	500	244	6.69e-132	464
NODE_116112_length_257_cov_0.772277	gb_AJ277414_+_0-861_ARO:3000952_TEM-85	99.222	257	2	0	1	257	500	244	6.69e-132	464
NODE_116112_length_257_cov_0.772277	gb_AY327540_+_0-858_ARO:3000986_TEM-124	99.222	257	2	0	1	257	500	244	6.69e-132	464
NODE_116112_length_257_cov_0.772277	gb_AY589495_+_181-1042_ARO:3000977_TEM-114	99.222	257	2	0	1	257	500	244	6.69e-132	464
NODE_116112_length_257_cov_0.772277	gb_AM049399_+_0-861_ARO:3001007_TEM-144	99.222	257	2	0	1	257	500	244	6.69e-132	464
NODE_116112_length_257_cov_0.772277	gb_FJ873740_+_0-858_ARO:3001035_TEM-169	99.222	257	2	0	1	257	500	244	6.69e-132	464
NODE_116112_length_257_cov_0.772277	gb_AY130285_+_0-785_ARO:3000981_TEM-118	99.222	257	2	0	1	257	464	208	6.69e-132	464
NODE_116112_length_257_cov_0.772277	gb_AY826417_+_0-861_ARO:3001000_TEM-136	99.222	257	2	0	1	257	500	244	6.69e-132	464
NODE_116112_length_257_cov_0.772277	gb_U37195_+_75-936_ARO:3000898_TEM-28	99.222	257	2	0	1	257	500	244	6.69e-132	464
NODE_116112_length_257_cov_0.772277	gb_Y17584_+_0-858_ARO:3000899_TEM-29	99.222	257	2	0	1	257	500	244	6.69e-132	464
NODE_116112_length_257_cov_0.772277	gb_AM286274_+_0-861_ARO:3001001_TEM-137	99.222	257	2	0	1	257	500	244	6.69e-132	464
NODE_116112_length_257_cov_0.772277	gb_AY027590_+_112-973_ARO:3000955_TEM-88	99.222	257	2	0	1	257	500	244	6.69e-132	464
NODE_116112_length_257_cov_0.772277	gb_DQ834728_+_205-1066_ARO:3001019_TEM-152	99.222	257	2	0	1	257	500	244	6.69e-132	464
NODE_116112_length_257_cov_0.772277	gb_JF795538_+_0-861_ARO:3001374_TEM-185	99.222	257	2	0	1	257	500	244	6.69e-132	464
NODE_116112_length_257_cov_0.772277	gb_DQ388882_+_0-861_ARO:3001005_TEM-142	99.222	257	2	0	1	257	500	244	6.69e-132	464
NODE_116112_length_257_cov_0.772277	gb_AF427129_+_208-1069_ARO:3000950_TEM-83	99.222	257	2	0	1	257	500	244	6.69e-132	464
NODE_116112_length_257_cov_0.772277	gb_AY589494_+_193-1054_ARO:3000976_TEM-113	99.222	257	2	0	1	257	500	244	6.69e-132	464
NODE_116112_length_257_cov_0.772277	gb_X57972_+_339-1200_ARO:3000878_TEM-6	99.222	257	2	0	1	257	500	244	6.69e-132	464
NODE_116112_length_257_cov_0.772277	gb_KF663615_+_0-858_ARO:3001390_TEM-213	99.222	257	2	0	1	257	500	244	6.69e-132	464
NODE_116112_length_257_cov_0.772277	gb_AF093512_+_197-1058_ARO:3000882_TEM-10	99.222	257	2	0	1	257	500	244	6.69e-132	464
NODE_116112_length_257_cov_0.772277	gb_HM246246_+_211-1069_ARO:3001047_TEM-187	99.222	257	2	0	1	257	500	244	6.69e-132	464
NODE_116112_length_257_cov_0.772277	gb_AY101578_+_214-1075_ARO:3000969_TEM-106	99.222	257	2	0	1	257	500	244	6.69e-132	464
NODE_116112_length_257_cov_0.772277	gb_AJ308558_+_181-1042_ARO:3000962_TEM-95	99.222	257	2	0	1	257	500	244	6.69e-132	464
NODE_116112_length_257_cov_0.772277	gb_AY368237_+_0-861_ARO:3000990_TEM-128	99.222	257	2	0	1	257	500	244	6.69e-132	464
NODE_116112_length_257_cov_0.772277	gb_DQ834729_+_205-1066_ARO:3001018_TEM-151	99.222	257	2	0	1	257	500	244	6.69e-132	464
NODE_116112_length_257_cov_0.772277	gb_Y17583_+_213-1071_ARO:3000893_TEM-22	99.222	257	2	0	1	257	500	244	6.69e-132	464
NODE_116112_length_257_cov_0.772277	gb_HQ317449_+_0-861_ARO:3001373_TEM-182	99.222	257	2	0	1	257	500	244	6.69e-132	464
NODE_116112_length_257_cov_0.772277	gb_FJ197316_+_0-861_ARO:3001032_TEM-166	99.222	257	2	0	1	257	500	244	6.69e-132	464
NODE_116112_length_257_cov_0.772277	gb_AY874537_+_177-1038_ARO:3000883_TEM-11	99.222	257	2	0	1	257	500	244	6.69e-132	464
NODE_116112_length_257_cov_0.772277	gb_EF534736_+_213-1074_ARO:3001024_TEM-158	99.222	257	2	0	1	257	500	244	6.69e-132	464
NODE_116112_length_257_cov_0.772277	gb_AF143804_+_0-861_ARO:3000959_TEM-92	99.222	257	2	0	1	257	500	244	6.69e-132	464
NODE_116112_length_257_cov_0.772277	gb_AY853593_+_214-1075_ARO:3001002_TEM-138	99.222	257	2	0	1	257	500	244	6.69e-132	464
NODE_116112_length_257_cov_0.772277	gb_AF190693_+_208-1069_ARO:3000944_TEM-78	99.222	257	2	0	1	257	500	244	6.69e-132	464
NODE_116112_length_257_cov_0.772277	gb_AY628175_+_210-1071_ARO:3000972_TEM-109	99.222	257	2	0	1	257	500	244	6.69e-132	464
NODE_116112_length_257_cov_0.772277	gb_AY040093_+_68-929_ARO:3000965_TEM-102	99.222	257	2	0	1	257	500	244	6.69e-132	464
NODE_116112_length_257_cov_0.772277	gb_AY491682_+_0-861_ARO:3000996_TEM-132	99.222	257	2	0	1	257	500	244	6.69e-132	464
NODE_116112_length_257_cov_0.772277	gb_AF527798.1_+_0-785_ARO:3000879_TEM-7	99.222	257	2	0	1	257	464	208	6.69e-132	464
NODE_116112_length_257_cov_0.772277	gb_AF062386_+_30-862_ARO:3000928_TEM-59	99.222	257	2	0	1	257	500	244	6.69e-132	464
NODE_116112_length_257_cov_0.772277	gb_EF468463_+_66-927_ARO:3001028_TEM-162	99.219	256	2	0	1	256	500	245	2.41e-131	462
NODE_116112_length_257_cov_0.772277	gb_AF047171_+_135-996_ARO:3000929_TEM-60	98.833	257	3	0	1	257	500	244	3.11e-130	459
NODE_116112_length_257_cov_0.772277	gb_X65252_+_175-1036_ARO:3000880_TEM-8	98.833	257	3	0	1	257	500	244	3.11e-130	459
NODE_116112_length_257_cov_0.772277	gb_AY436361_+_131-992_ARO:3000995_TEM-131	98.833	257	3	0	1	257	500	244	3.11e-130	459
NODE_116112_length_257_cov_0.772277	gb_KF513179_+_0-861_ARO:3001388_TEM-211	98.833	257	3	0	1	257	500	244	3.11e-130	459
NODE_116112_length_257_cov_0.772277	gb_AJ866988_+_0-861_ARO:3000994_TEM-130	98.833	257	3	0	1	257	500	244	3.11e-130	459
NODE_116112_length_257_cov_0.772277	gb_JX050178_+_0-852_ARO:3001058_TEM-199	98.833	257	3	0	1	257	492	236	3.11e-130	459
NODE_116112_length_257_cov_0.772277	gb_DQ369751_+_0-861_ARO:3001016_TEM-149	98.833	257	3	0	1	257	500	244	3.11e-130	459
NODE_116112_length_257_cov_0.772277	gb_FN652295_+_0-861_ARO:3001042_TEM-177	98.833	257	3	0	1	257	500	244	3.11e-130	459
NODE_116112_length_257_cov_0.772277	gb_AY574271_+_0-861_ARO:3000998_TEM-134	98.833	257	3	0	1	257	500	244	3.11e-130	459
NODE_116112_length_257_cov_0.772277	gb_AJ746225_+_0-861_ARO:3000993_TEM-129	98.833	257	3	0	1	257	500	244	3.11e-130	459
NODE_116112_length_257_cov_0.772277	gb_AF332513_+_103-964_ARO:3000931_TEM-63	98.833	257	3	0	1	257	500	244	3.11e-130	459
NODE_116112_length_257_cov_0.772277	gb_L19940_+_197-1006_ARO:3000896_TEM-26	98.833	257	3	0	1	257	500	244	3.11e-130	459
NODE_116112_length_257_cov_0.772277	gb_AY039040_+_188-1022_ARO:3000956_TEM-89	98.833	257	3	0	1	257	500	244	3.11e-130	459
NODE_116112_length_257_cov_0.772277	gb_Y17582_+_0-858_ARO:3000892_TEM-21	98.833	257	3	0	1	257	500	244	3.11e-130	459
NODE_116112_length_257_cov_0.772277	gb_AY101764_+_206-1067_ARO:3000970_TEM-107	98.833	257	3	0	1	257	500	244	3.11e-130	459
NODE_116112_length_257_cov_0.772277	gb_AY528425_+_0-861_ARO:3000997_TEM-133	98.833	257	3	0	1	257	500	244	3.11e-130	459
NODE_116112_length_257_cov_0.772277	gb_Y14574_+_0-861_ARO:3000888_TEM-17	98.833	257	3	0	1	257	500	244	3.11e-130	459
NODE_116112_length_257_cov_0.772277	gb_AY271267_+_0-861_ARO:3000983_TEM-121	98.833	257	3	0	1	257	500	244	3.11e-130	459
NODE_116112_length_257_cov_0.772277	gb_U95363_+_0-861_ARO:3000912_TEM-43	98.833	257	3	0	1	257	500	244	3.11e-130	459
NODE_116112_length_257_cov_0.772277	gb_X65254_+_175-1036_ARO:3000887_TEM-16	98.833	257	3	0	1	257	500	244	3.11e-130	459
NODE_116112_length_257_cov_0.772277	gb_KC900516_+_0-858_ARO:3001382_TEM-205	98.828	256	3	0	1	256	500	245	1.12e-129	457
NODE_116112_length_257_cov_0.772277	gb_FR848831_+_0-861_ARO:3001375_TEM-184	98.444	257	4	0	1	257	500	244	1.45e-128	453
NODE_116112_length_257_cov_0.772277	gb_X97254_+_153-1011_ARO:3001043_TEM-178	98.444	257	4	0	1	257	500	244	1.45e-128	453
NODE_116112_length_257_cov_0.772277	gb_AY628176_+_75-936_ARO:3000987_TEM-125	98.444	257	4	0	1	257	500	244	1.45e-128	453
NODE_116112_length_257_cov_0.772277	gb_AF250872_+_0-861_ARO:3000954_TEM-87	98.444	257	4	0	1	257	500	244	1.45e-128	453
NODE_116112_length_257_cov_0.772277	gb_JN935137_+_0-861_ARO:3001055_TEM-195	98.054	257	5	0	1	257	500	244	6.74e-127	448
NODE_116112_length_257_cov_0.772277	gb_JN935136_+_0-861_ARO:3001054_TEM-194	97.276	257	7	0	1	257	500	244	1.46e-123	436
NODE_116112_length_257_cov_0.772277	gb_JN935135_+_0-861_ARO:3001053_TEM-193	96.887	257	8	0	1	257	500	244	6.78e-122	431
NODE_117875_length_255_cov_1.375	gb_BX664015.1_-_204137-204554_ARO:3000168_tet(D)	100.000	147	0	0	109	255	1	147	4.31e-74	272
NODE_121514_length_252_cov_1.25381	gb_KX000273.1_+_0-1740_ARO:3004036_tetB(60)	88.462	104	12	0	135	238	1	104	3.51e-30	126
NODE_122267_length_251_cov_1.54082	gb_Z21523_+_0-1974_ARO:3000191_tetQ	94.821	251	13	0	1	251	1662	1912	3.12e-110	392
NODE_125961_length_248_cov_3.69948	gb_NC_003098.1_-_1359228-1360395_ARO:3000025_patB	93.927	247	15	0	1	247	280	34	1.12e-104	374
NODE_128507_length_245_cov_1.93158	gb_NC_003098.1_-_1359228-1360395_ARO:3000025_patB	92.063	189	15	0	1	189	973	1161	1.92e-72	267
NODE_128548_length_245_cov_1.99474	gb_HM990671_+_5192-6671_ARO:3003112_lsaC	88.559	236	27	0	1	236	1244	1479	1.48e-78	287
NODE_131516_length_243_cov_1.46809	gb_CP007593.1_+_2148923-2149772_ARO:3001301_RlmA(II)	88.797	241	27	0	3	243	590	350	2.43e-81	296
NODE_134190_length_241_cov_1.54839	gb_KX000272.1_+_0-1740_ARO:3004035_tetA(60)	95.851	241	10	0	1	241	540	300	1.07e-109	390
NODE_144338_length_233_cov_3.89326	gb_AY768532_+_0-1935_ARO:3000535_macB	80.085	236	41	5	1	233	1162	930	1.47e-43	171
NODE_145324_length_232_cov_1.28814	gb_NC_023287.1_-_65291-66509_ARO:3000615_mefA	87.931	232	28	0	1	232	540	309	1.08e-74	274
NODE_160685_length_222_cov_2.02994	gb_NC_003098.1_-_1359228-1360395_ARO:3000025_patB	90.826	218	20	0	2	219	595	812	2.85e-80	292
NODE_165284_length_219_cov_1.40244	gb_X95635_+_259-1663_ARO:3000812_mtrE	90.868	219	20	0	1	219	1236	1018	7.80e-81	294
NODE_168803_length_217_cov_1.30864	gb_HQ652506.1_+_2099-3836_ARO:3004033_tetB(46)	87.156	218	26	2	1	217	1131	915	2.19e-66	246
NODE_184111_length_208_cov_1.80392	gb_AJ295238.3_+_163-2083_ARO:3000196_tet32	100.000	208	0	0	1	208	789	582	4.25e-108	385
NODE_185000_length_208_cov_1.41176	gb_BX664015.1_-_204137-204554_ARO:3000168_tet(D)	100.000	140	0	0	69	208	417	278	2.69e-70	259
NODE_187646_length_207_cov_1.08553	gb_CP007593.1_+_2148923-2149772_ARO:3001301_RlmA(II)	88.406	207	24	0	1	207	565	359	1.61e-67	250
NODE_194594_length_117_cov_2.69355	gb_NC_003098.1_+_866210-867410_ARO:3000822_pmrA	91.453	117	10	0	1	117	238	122	4.07e-41	161
NODE_199347_length_73_cov_2.61111	gb_NC_003098.1_-_1359228-1360395_ARO:3000025_patB	95.890	73	3	0	1	73	772	844	1.40e-28	119
