NODE_266_length_3140_cov_3.40875	gb_NC_012469.1_-_1800927-1802391_ARO:3000616_mel	99.932	1464	1	0	19	1482	1	1464	0.0	2699
NODE_300_length_2981_cov_2.7512	gb_AY768532_+_0-1935_ARO:3000535_macB	86.946	1601	202	6	1	1599	1596	1	0.0	1792
NODE_300_length_2981_cov_2.7512	gb_AY768531_+_0-1179_ARO:3000533_macA	84.301	1102	160	11	1702	2798	1170	77	0.0	1064
NODE_338_length_2790_cov_3.25009	gb_AM180355_+_600033-601953_ARO:3000186_tetM	96.069	636	25	0	2155	2790	1920	1285	0.0	1037
NODE_353_length_2742_cov_5.22665	gb_CP007593.1_+_2148923-2149772_ARO:3001301_RlmA(II)	85.563	852	117	6	652	1500	849	1	0.0	887
NODE_358_length_2739_cov_3.17996	gb_NC_003098_+_953382-954594_ARO:3000614_mefE	84.126	1178	174	11	1	1172	31	1201	0.0	1127
NODE_375_length_2706_cov_2.56394	gb_NC_003112.2_-_1791966-1795170_ARO:3000811_mtrD	83.581	1145	180	6	28	1168	2036	3176	0.0	1066
NODE_1047_length_1593_cov_3.39532	gb_NC_003112.2_+_329612-330767_ARO:3003961_farA	72.607	679	174	12	6	678	285	957	1.77e-55	213
NODE_1232_length_1431_cov_3.58285	gb_AF472622_+_52-1018_ARO:3003003_CfxA3	100.000	52	0	0	1380	1431	966	915	1.67e-20	97.1
NODE_1232_length_1431_cov_3.58285	gb_AY769934_+_27-993_ARO:3003096_CfxA5	100.000	52	0	0	1380	1431	966	915	1.67e-20	97.1
NODE_1232_length_1431_cov_3.58285	gb_U38243_+_149-1115_ARO:3003001_CfxA	100.000	52	0	0	1380	1431	966	915	1.67e-20	97.1
NODE_1232_length_1431_cov_3.58285	gb_AY769933_+_0-966_ARO:3003005_CfxA4	100.000	52	0	0	1380	1431	966	915	1.67e-20	97.1
NODE_1232_length_1431_cov_3.58285	gb_AF118110.1_-_71-1037_ARO:3003002_CfxA2	100.000	52	0	0	1380	1431	966	915	1.67e-20	97.1
NODE_1270_length_1407_cov_2.18047	gb_HM990671_+_5192-6671_ARO:3003112_lsaC	91.096	292	26	0	1114	1405	1479	1188	1.44e-110	396
NODE_1343_length_1364_cov_2.97097	gb_NC_003112.2_+_330790-332317_ARO:3003962_farB	75.621	1046	227	23	1	1033	497	1527	4.82e-140	494
NODE_1360_length_1353_cov_2.83128	gb_NC_023287.1_-_65291-66509_ARO:3000615_mefA	97.036	1181	35	0	12	1192	38	1218	0.0	1988
NODE_1360_length_1353_cov_2.83128	gb_NC_012469.1_-_1800927-1802391_ARO:3000616_mel	100.000	42	0	0	1312	1353	1	42	5.71e-15	78.7
NODE_1642_length_1219_cov_6.02062	gb_AF118110.1_-_71-1037_ARO:3003002_CfxA2	100.000	966	0	0	4	969	966	1	0.0	1784
NODE_1642_length_1219_cov_6.02062	gb_AF472622_+_52-1018_ARO:3003003_CfxA3	99.896	966	1	0	4	969	966	1	0.0	1779
NODE_1642_length_1219_cov_6.02062	gb_AY769934_+_27-993_ARO:3003096_CfxA5	99.896	966	1	0	4	969	966	1	0.0	1779
NODE_1642_length_1219_cov_6.02062	gb_U38243_+_149-1115_ARO:3003001_CfxA	99.896	966	1	0	4	969	966	1	0.0	1779
NODE_1642_length_1219_cov_6.02062	gb_AY769933_+_0-966_ARO:3003005_CfxA4	99.896	966	1	0	4	969	966	1	0.0	1779
NODE_1642_length_1219_cov_6.02062	gb_GQ342996_+_797-1793_ARO:3003097_CfxA6	89.234	966	101	3	9	973	993	30	0.0	1205
NODE_1667_length_1204_cov_2.4604	gb_Z21523_+_0-1974_ARO:3000191_tetQ	98.671	1204	16	0	1	1204	676	1879	0.0	2135
NODE_1698_length_1194_cov_5.12291	gb_NC_003098.1_-_1359228-1360395_ARO:3000025_patB	92.987	385	27	0	1	385	385	1	1.14e-160	562
NODE_1877_length_1120_cov_4.04695	gb_NC_003098.1_-_1359228-1360395_ARO:3000025_patB	93.898	508	31	0	613	1120	1161	654	0.0	767
NODE_2148_length_1039_cov_4.2937	gb_NC_003098.1_+_866210-867410_ARO:3000822_pmrA	91.582	784	66	0	256	1039	1	784	0.0	1083
NODE_2976_length_855_cov_4.34375	gb_NC_003098.1_+_866210-867410_ARO:3000822_pmrA	93.458	428	28	0	1	428	773	1200	0.0	636
NODE_3029_length_845_cov_2.64557	gb_AM180355_+_600033-601953_ARO:3000186_tetM	93.018	845	59	0	1	845	537	1381	0.0	1234
NODE_3029_length_845_cov_2.64557	gb_L09756_+_0-1926_ARO:3000192_tetS	76.978	847	183	10	5	845	541	1381	3.85e-134	473
NODE_3088_length_836_cov_2.61204	gb_Z21523_+_0-1974_ARO:3000191_tetQ	97.750	800	18	0	37	836	1	800	0.0	1378
NODE_3589_length_776_cov_2.08322	gb_Z21523_+_0-1974_ARO:3000191_tetQ	96.241	133	5	0	644	776	1974	1842	1.83e-57	219
NODE_3683_length_767_cov_2.36517	gb_HM990671_+_5192-6671_ARO:3003112_lsaC	88.312	462	54	0	303	764	1	462	1.21e-158	555
NODE_6342_length_597_cov_2.11255	gb_CP007593.1_+_2148923-2149772_ARO:3001301_RlmA(II)	91.319	576	50	0	22	597	849	274	0.0	787
NODE_6713_length_584_cov_1.91115	gb_AF472622_+_52-1018_ARO:3003003_CfxA3	100.000	52	0	0	1	52	915	966	6.67e-21	97.1
NODE_6713_length_584_cov_1.91115	gb_AY769934_+_27-993_ARO:3003096_CfxA5	100.000	52	0	0	1	52	915	966	6.67e-21	97.1
NODE_6713_length_584_cov_1.91115	gb_U38243_+_149-1115_ARO:3003001_CfxA	100.000	52	0	0	1	52	915	966	6.67e-21	97.1
NODE_6713_length_584_cov_1.91115	gb_AY769933_+_0-966_ARO:3003005_CfxA4	100.000	52	0	0	1	52	915	966	6.67e-21	97.1
NODE_6713_length_584_cov_1.91115	gb_AF118110.1_-_71-1037_ARO:3003002_CfxA2	100.000	52	0	0	1	52	915	966	6.67e-21	97.1
NODE_6872_length_577_cov_2.11494	gb_CP007593.1_+_2148923-2149772_ARO:3001301_RlmA(II)	87.910	579	64	6	1	576	765	190	0.0	676
NODE_9388_length_504_cov_4.61024	gb_NC_003098.1_-_1359228-1360395_ARO:3000025_patB	91.865	504	41	0	1	504	306	809	0.0	704
NODE_14463_length_421_cov_1.68033	gb_AM180355_+_600033-601953_ARO:3000186_tetM	87.560	418	52	0	1	418	219	636	8.66e-138	484
NODE_18852_length_378_cov_3.28793	gb_NC_003112.2_-_1791966-1795170_ARO:3000811_mtrD	86.339	366	50	0	1	366	1395	1030	2.88e-112	399
NODE_19474_length_373_cov_2.16038	gb_HM990671_+_5192-6671_ARO:3003112_lsaC	92.663	368	27	0	6	373	1013	646	9.65e-152	531
NODE_20759_length_363_cov_1.84091	gb_NC_007795.1_-_1360280-1361636_ARO:3000839_arlS	81.159	69	13	0	246	314	1224	1156	6.90e-09	56.5
NODE_25299_length_334_cov_0.960573	gb_NC_003112.2_+_329612-330767_ARO:3003961_farA	78.947	133	22	6	199	328	1033	904	8.06e-18	86.1
NODE_37866_length_285_cov_1.48696	gb_AJ295238.3_+_163-2083_ARO:3000196_tet32	99.649	285	1	0	1	285	737	453	4.38e-149	521
NODE_41617_length_275_cov_1.56818	gb_NC_003098.1_+_866210-867410_ARO:3000822_pmrA	94.545	275	15	0	1	275	651	377	3.40e-120	425
NODE_43446_length_270_cov_2.29302	gb_CP007593.1_+_2148923-2149772_ARO:3001301_RlmA(II)	88.433	268	31	0	3	270	527	260	1.25e-89	324
NODE_50242_length_255_cov_1.18	gb_U57969_+_1485-4617_ARO:3000801_MexD	82.222	135	20	4	4	136	1083	951	2.77e-26	113
NODE_53835_length_249_cov_2.3866	gb_NC_003112.2_-_1791966-1795170_ARO:3000811_mtrD	82.996	247	42	0	1	247	1624	1378	1.19e-59	224
NODE_56183_length_245_cov_1.9	gb_NC_003098.1_-_1359228-1360395_ARO:3000025_patB	92.025	163	13	0	83	245	1161	999	2.52e-61	230
NODE_57924_length_242_cov_1.27273	gb_AF173226_+_3767-6917_ARO:3003052_smeB	83.333	120	20	0	123	242	2629	2748	9.40e-26	111
NODE_60092_length_239_cov_2.82609	gb_NC_003098.1_+_866210-867410_ARO:3000822_pmrA	94.406	143	8	0	97	239	1042	1184	1.48e-58	220
NODE_62020_length_236_cov_1.76796	gb_HM990671_+_5192-6671_ARO:3003112_lsaC	91.949	236	19	0	1	236	566	801	6.45e-92	331
NODE_62137_length_236_cov_2.22652	gb_AM180355_+_600033-601953_ARO:3000186_tetM	87.336	229	29	0	4	232	32	260	2.39e-71	263
NODE_62207_length_235_cov_1.01667	gb_M18896.2_+_206-2126_ARO:3000190_tetO	100.000	235	0	0	1	235	435	201	4.76e-123	435
NODE_62207_length_235_cov_1.01667	gb_AJ295238.3_+_163-2083_ARO:3000196_tet32	83.673	196	32	0	40	235	396	201	5.29e-48	185
NODE_68704_length_227_cov_1.20349	gb_AB015853_+_1330-4471_ARO:3003033_mexY	85.217	230	26	7	2	227	1123	1348	2.32e-61	230
NODE_72205_length_223_cov_1.78571	gb_AP006618.1_+_4835199-4838688_ARO:3000501_Nocardia	86.161	224	29	2	1	223	2985	3207	1.05e-64	241
NODE_73049_length_222_cov_1.67665	gb_M80346_+_0-1656_ARO:3002817_carA	100.000	36	0	0	132	167	1467	1502	1.88e-12	67.6
NODE_77295_length_217_cov_1.60494	gb_CP007593.1_+_2148923-2149772_ARO:3001301_RlmA(II)	88.679	212	24	0	1	212	103	314	2.82e-70	259
NODE_78202_length_216_cov_1.31056	gb_Z21523_+_0-1974_ARO:3000191_tetQ	99.526	211	1	0	6	216	1974	1764	4.43e-108	385
NODE_78802_length_215_cov_0.95	gb_NC_003112.2_-_1791966-1795170_ARO:3000811_mtrD	89.302	215	23	0	1	215	1394	1608	1.29e-73	270
NODE_81922_length_212_cov_1.66242	gb_CP007593.1_+_2148923-2149772_ARO:3001301_RlmA(II)	92.344	209	16	0	1	209	209	1	5.82e-82	298
NODE_83546_length_210_cov_1.36774	gb_CP007593.1_+_2148923-2149772_ARO:3001301_RlmA(II)	90.909	209	19	0	1	209	524	316	5.80e-77	281
