NODE_13_length_5674_cov_4.72095	gb_NC_012469.1_-_1800927-1802391_ARO:3000616_mel	100.000	1464	0	0	2475	3938	1	1464	0.0	2704
NODE_13_length_5674_cov_4.72095	gb_NC_023287.1_-_65291-66509_ARO:3000615_mefA	96.962	1218	37	0	1138	2355	1	1218	0.0	2045
NODE_179_length_2046_cov_1.70869	gb_NC_003112.2_+_330790-332317_ARO:3003962_farB	76.359	1214	258	24	846	2046	1527	330	2.47e-179	625
NODE_307_length_1684_cov_4.48066	gb_CP007593.1_+_2148923-2149772_ARO:3001301_RlmA(II)	91.966	585	47	0	1	585	585	1	0.0	821
NODE_768_length_1211_cov_1.61938	gb_M18896.2_+_206-2126_ARO:3000190_tetO	99.402	1170	7	0	42	1211	1	1170	0.0	2122
NODE_768_length_1211_cov_1.61938	gb_AJ295238.3_+_163-2083_ARO:3000196_tet32	91.162	396	35	0	42	437	1	396	1.95e-153	538
NODE_1899_length_869_cov_1.71622	gb_AF118110.1_-_71-1037_ARO:3003002_CfxA2	100.000	855	0	0	6	860	34	888	0.0	1580
NODE_1899_length_869_cov_1.71622	gb_AF472622_+_52-1018_ARO:3003003_CfxA3	99.883	855	1	0	6	860	34	888	0.0	1574
NODE_1899_length_869_cov_1.71622	gb_AY769934_+_27-993_ARO:3003096_CfxA5	99.883	855	1	0	6	860	34	888	0.0	1574
NODE_1899_length_869_cov_1.71622	gb_U38243_+_149-1115_ARO:3003001_CfxA	99.883	856	0	1	6	861	34	888	0.0	1574
NODE_1899_length_869_cov_1.71622	gb_AY769933_+_0-966_ARO:3003005_CfxA4	99.883	855	1	0	6	860	34	888	0.0	1574
NODE_1899_length_869_cov_1.71622	gb_GQ342996_+_797-1793_ARO:3003097_CfxA6	88.889	855	95	0	6	860	67	921	0.0	1053
NODE_3062_length_727_cov_3.93899	gb_NC_003098.1_-_1359228-1360395_ARO:3000025_patB	94.502	291	16	0	1	291	291	1	5.57e-127	449
NODE_3713_length_675_cov_1.76935	gb_AM180355_+_600033-601953_ARO:3000186_tetM	89.387	424	45	0	1	424	424	1	1.39e-152	534
NODE_3731_length_674_cov_3.65267	gb_NC_003098.1_+_866210-867410_ARO:3000822_pmrA	94.792	96	5	0	1	96	1105	1200	5.85e-37	150
NODE_4134_length_647_cov_2.09628	gb_NC_003098.1_+_866210-867410_ARO:3000822_pmrA	94.264	645	37	0	3	647	247	891	0.0	987
NODE_4494_length_626_cov_1.84238	gb_NC_003112.2_-_1791966-1795170_ARO:3000811_mtrD	85.635	362	52	0	265	626	3176	2815	1.77e-106	381
NODE_7050_length_527_cov_1.55932	gb_AF472622_+_52-1018_ARO:3003003_CfxA3	100.000	95	0	0	433	527	966	872	7.48e-45	176
NODE_7050_length_527_cov_1.55932	gb_AY769934_+_27-993_ARO:3003096_CfxA5	100.000	95	0	0	433	527	966	872	7.48e-45	176
NODE_7050_length_527_cov_1.55932	gb_AY769933_+_0-966_ARO:3003005_CfxA4	100.000	95	0	0	433	527	966	872	7.48e-45	176
NODE_7050_length_527_cov_1.55932	gb_AF118110.1_-_71-1037_ARO:3003002_CfxA2	100.000	95	0	0	433	527	966	872	7.48e-45	176
NODE_7050_length_527_cov_1.55932	gb_U38243_+_149-1115_ARO:3003001_CfxA	98.947	95	1	0	433	527	966	872	3.48e-43	171
NODE_7050_length_527_cov_1.55932	gb_GQ342996_+_797-1793_ARO:3003097_CfxA6	92.308	91	4	3	438	527	993	905	7.65e-30	126
NODE_7673_length_510_cov_1.43516	gb_NC_003112.2_+_329612-330767_ARO:3003961_farA	76.031	388	89	4	112	497	957	572	1.54e-51	198
NODE_7915_length_504_cov_1.69933	gb_M18896.2_+_206-2126_ARO:3000190_tetO	100.000	258	0	0	1	258	1663	1920	1.75e-135	477
NODE_7915_length_504_cov_1.69933	gb_AJ295238.3_+_163-2083_ARO:3000196_tet32	100.000	258	0	0	1	258	1663	1920	1.75e-135	477
NODE_8605_length_488_cov_2.44111	gb_NC_003098.1_+_866210-867410_ARO:3000822_pmrA	90.635	299	28	0	187	485	1	299	1.35e-111	398
NODE_9792_length_464_cov_1.05868	gb_AY768531_+_0-1179_ARO:3000533_macA	86.393	463	63	0	1	463	697	235	2.05e-144	507
NODE_11031_length_442_cov_1.49871	gb_Z21523_+_0-1974_ARO:3000191_tetQ	97.511	442	11	0	1	442	564	123	0.0	756
NODE_12316_length_423_cov_2.8288	gb_CP001050.1_+_1332866-1333499_ARO:3000817_mtrR	85.567	194	28	0	229	422	1	194	2.73e-53	204
NODE_12558_length_420_cov_1.49589	gb_Z21523_+_0-1974_ARO:3000191_tetQ	96.797	281	9	0	140	420	1974	1694	2.42e-133	470
NODE_12868_length_416_cov_2.06648	gb_NC_012469.1_-_1800927-1802391_ARO:3000616_mel	91.241	274	24	0	143	416	1	274	1.93e-104	374
NODE_14216_length_400_cov_1.73043	gb_M18896.2_+_206-2126_ARO:3000190_tetO	96.509	401	12	2	1	400	1614	1215	0.0	662
NODE_14216_length_400_cov_1.73043	gb_AJ295238.3_+_163-2083_ARO:3000196_tet32	97.074	376	9	2	1	375	1614	1240	0.0	632
NODE_15922_length_383_cov_2.43598	gb_AM180355_+_600033-601953_ARO:3000186_tetM	86.517	356	48	0	20	375	726	371	4.88e-110	392
NODE_16628_length_377_cov_3.46273	gb_CP007593.1_+_2148923-2149772_ARO:3001301_RlmA(II)	89.617	183	19	0	2	184	667	849	3.08e-62	233
NODE_19708_length_353_cov_3.61409	gb_NC_003098.1_-_1359228-1360395_ARO:3000025_patB	94.618	353	19	0	1	353	685	1037	9.07e-157	547
NODE_20566_length_347_cov_2.53767	gb_NC_003098.1_-_1359228-1360395_ARO:3000025_patB	93.372	347	23	0	1	347	230	576	9.03e-147	514
NODE_22853_length_333_cov_2.5036	gb_Z21523_+_0-1974_ARO:3000191_tetQ	97.598	333	8	0	1	333	529	861	5.06e-164	571
NODE_24949_length_322_cov_0.82397	gb_NC_014638.1_-_1610636-1613960_ARO:3003730_Bifidobacteria	79.848	263	50	3	58	319	1645	1905	5.74e-49	189
NODE_25706_length_318_cov_1.28137	gb_Z21523_+_0-1974_ARO:3000191_tetQ	99.070	215	2	0	101	315	1	215	1.87e-108	387
NODE_26338_length_315_cov_1.08077	gb_NC_003112.2_-_1791966-1795170_ARO:3000811_mtrD	86.275	306	42	0	1	306	2305	2610	2.45e-92	333
NODE_26558_length_314_cov_3.45946	gb_NC_003098.1_+_866210-867410_ARO:3000822_pmrA	90.127	314	31	0	1	314	409	96	3.94e-115	409
NODE_27994_length_308_cov_1.71146	gb_NC_003098.1_+_866210-867410_ARO:3000822_pmrA	92.857	308	22	0	1	308	777	1084	8.19e-127	448
NODE_28740_length_305_cov_1.336	gb_Z21523_+_0-1974_ARO:3000191_tetQ	99.672	305	1	0	1	305	1017	1321	3.59e-160	558
NODE_30130_length_299_cov_1.43033	gb_AB015853_+_1330-4471_ARO:3003033_mexY	84.669	287	40	4	3	287	1195	1479	2.37e-77	283
NODE_30130_length_299_cov_1.43033	gb_AFRQ01000061.1_-_23986-27124_ARO:3004144_AxyY	84.429	289	41	4	1	287	1193	1479	8.51e-77	281
NODE_30545_length_298_cov_2.71193	gb_CP007593.1_+_2148923-2149772_ARO:3001301_RlmA(II)	89.116	294	32	0	2	295	288	581	2.28e-102	366
NODE_33898_length_286_cov_1.0303	gb_AF235050.4_+_38028-40140_ARO:3003318_Streptomyces	78.713	202	37	4	68	266	453	255	3.11e-31	130
NODE_35640_length_281_cov_1.78319	gb_NC_003098.1_-_1359228-1360395_ARO:3000025_patB	92.446	278	21	0	1	278	502	779	7.58e-112	398
NODE_37680_length_275_cov_1.73636	gb_Z21523_+_0-1974_ARO:3000191_tetQ	96.727	275	9	0	1	275	1025	751	3.35e-130	459
NODE_37986_length_274_cov_2.49315	gb_AY768532_+_0-1935_ARO:3000535_macB	88.000	275	31	2	1	274	994	721	1.27e-89	324
NODE_38452_length_273_cov_0.788991	gb_Z21523_+_0-1974_ARO:3000191_tetQ	97.436	273	7	0	1	273	1483	1755	1.99e-132	466
NODE_38956_length_272_cov_0.912442	gb_AF173226_+_3767-6917_ARO:3003052_smeB	84.167	120	19	0	148	267	2629	2748	2.29e-27	117
NODE_43249_length_261_cov_1.63107	gb_AP009380.1_-_573191-573902_ARO:3003920_pgpB	100.000	261	0	0	1	261	304	44	1.88e-137	483
NODE_47477_length_252_cov_1.18782	gb_KX000273.1_+_0-1740_ARO:3004036_tetB(60)	96.016	251	10	0	1	251	1556	1306	3.11e-115	409
NODE_50419_length_246_cov_1.26178	gb_NC_003112.2_-_1791966-1795170_ARO:3000811_mtrD	86.992	246	32	0	1	246	260	15	8.92e-76	278
NODE_52382_length_243_cov_0.952128	gb_NC_003112.2_-_1791966-1795170_ARO:3000811_mtrD	83.951	243	39	0	1	243	2378	2136	1.93e-62	233
NODE_53021_length_242_cov_0.84492	gb_NC_003098.1_-_1359228-1360395_ARO:3000025_patB	88.333	240	28	0	1	240	430	669	4.05e-79	289
NODE_56333_length_236_cov_1.01657	gb_AF540889_+_0-327_ARO:3002871_tet37	98.718	78	1	0	1	78	145	222	4.20e-34	139
NODE_60121_length_231_cov_0.920455	gb_KX000273.1_+_0-1740_ARO:3004036_tetB(60)	87.013	231	30	0	1	231	727	957	8.39e-71	261
NODE_61438_length_229_cov_1.10345	gb_M80346_+_0-1656_ARO:3002817_carA	100.000	36	0	0	147	182	1502	1467	1.94e-12	67.6
NODE_61501_length_229_cov_1.20115	gb_Z21523_+_0-1974_ARO:3000191_tetQ	100.000	226	0	0	1	226	1493	1268	4.66e-118	418
NODE_62964_length_227_cov_1.4186	gb_AF472622_+_52-1018_ARO:3003003_CfxA3	100.000	87	0	0	1	87	87	1	8.58e-41	161
NODE_62964_length_227_cov_1.4186	gb_AY769934_+_27-993_ARO:3003096_CfxA5	100.000	87	0	0	1	87	87	1	8.58e-41	161
NODE_62964_length_227_cov_1.4186	gb_U38243_+_149-1115_ARO:3003001_CfxA	100.000	87	0	0	1	87	87	1	8.58e-41	161
NODE_62964_length_227_cov_1.4186	gb_AY769933_+_0-966_ARO:3003005_CfxA4	100.000	87	0	0	1	87	87	1	8.58e-41	161
NODE_62964_length_227_cov_1.4186	gb_AF118110.1_-_71-1037_ARO:3003002_CfxA2	100.000	87	0	0	1	87	87	1	8.58e-41	161
NODE_78218_length_209_cov_1.57143	gb_NC_003098.1_-_1359228-1360395_ARO:3000025_patB	92.611	203	15	0	2	204	184	386	2.66e-80	292
NODE_80200_length_207_cov_0.980263	gb_CP007593.1_+_2148923-2149772_ARO:3001301_RlmA(II)	89.062	192	20	1	17	207	277	86	1.25e-63	237
NODE_80243_length_207_cov_2.09868	gb_NC_003098.1_-_1359228-1360395_ARO:3000025_patB	84.000	200	31	1	8	206	874	1073	9.89e-50	191
