NODE_518_length_26091_cov_8.18597	gb_AJ252200_+_1278-4401_ARO:3003056_smeE	74.336	339	61	20	8334	8659	7	332	1.82e-26	121
NODE_559_length_24431_cov_351.946	gb_GQ342996_+_797-1793_ARO:3003097_CfxA6	99.498	996	5	0	22230	23225	1	996	0.0	1812
NODE_559_length_24431_cov_351.946	gb_AY769934_+_27-993_ARO:3003096_CfxA5	89.085	962	102	3	22263	23222	1	961	0.0	1192
NODE_559_length_24431_cov_351.946	gb_AF118110.1_-_71-1037_ARO:3003002_CfxA2	88.981	962	103	3	22263	23222	1	961	0.0	1186
NODE_559_length_24431_cov_351.946	gb_AF472622_+_52-1018_ARO:3003003_CfxA3	88.877	962	104	3	22263	23222	1	961	0.0	1181
NODE_559_length_24431_cov_351.946	gb_U38243_+_149-1115_ARO:3003001_CfxA	88.877	962	104	3	22263	23222	1	961	0.0	1181
NODE_559_length_24431_cov_351.946	gb_AY769933_+_0-966_ARO:3003005_CfxA4	88.877	962	104	3	22263	23222	1	961	0.0	1181
NODE_1129_length_14281_cov_7.95065	gb_AP006618.1_+_4835199-4838688_ARO:3000501_Nocardia	82.114	246	36	7	8097	8338	3023	3264	9.63e-52	204
NODE_1155_length_14047_cov_9.25993	gb_M37699_+_585-1752_ARO:3000205_tetX	99.355	155	1	0	13699	13853	1013	1167	4.25e-75	281
NODE_1224_length_13385_cov_4.51373	gb_AY082011_+_0-699_ARO:3002923_vanRD	89.394	66	4	1	5419	5484	320	258	1.59e-14	80.5
NODE_1441_length_11624_cov_49.9237	gb_EU434751_+_658-2578_ARO:3000194_tetW	99.948	1920	1	0	249	2168	1	1920	0.0	3541
NODE_1441_length_11624_cov_49.9237	gb_EU434751_+_658-2578_ARO:3000194_tetW	99.948	1920	1	0	7490	9409	1	1920	0.0	3541
NODE_1441_length_11624_cov_49.9237	gb_KU736867.1_+_19653-21573_ARO:3004442_tet(W/N/W)	96.077	1912	73	2	249	2159	1	1911	0.0	3114
NODE_1441_length_11624_cov_49.9237	gb_KU736867.1_+_19653-21573_ARO:3004442_tet(W/N/W)	96.077	1912	73	2	7490	9400	1	1911	0.0	3114
NODE_1704_length_10211_cov_46.7392	gb_AF118110.1_-_71-1037_ARO:3003002_CfxA2	100.000	966	0	0	9175	10140	966	1	0.0	1784
NODE_1704_length_10211_cov_46.7392	gb_AF472622_+_52-1018_ARO:3003003_CfxA3	99.896	966	1	0	9175	10140	966	1	0.0	1779
NODE_1704_length_10211_cov_46.7392	gb_AY769934_+_27-993_ARO:3003096_CfxA5	99.896	966	1	0	9175	10140	966	1	0.0	1779
NODE_1704_length_10211_cov_46.7392	gb_U38243_+_149-1115_ARO:3003001_CfxA	99.896	966	1	0	9175	10140	966	1	0.0	1779
NODE_1704_length_10211_cov_46.7392	gb_AY769933_+_0-966_ARO:3003005_CfxA4	99.896	966	1	0	9175	10140	966	1	0.0	1779
NODE_1704_length_10211_cov_46.7392	gb_GQ342996_+_797-1793_ARO:3003097_CfxA6	89.234	966	101	3	9180	10144	993	30	0.0	1205
NODE_1944_length_9030_cov_441.155	gb_M17124_+_1181-1982_ARO:3000498_ErmF	99.750	801	2	0	6684	7484	801	1	0.0	1469
NODE_1944_length_9030_cov_441.155	gb_AF319779.2_+_32-833_ARO:3000604_Erm(35)	78.446	798	164	6	6691	7484	794	1	2.48e-145	514
NODE_1944_length_9030_cov_441.155	gb_Z21523_+_0-1974_ARO:3000191_tetQ	91.066	347	31	0	8684	9030	1974	1628	5.44e-132	470
NODE_3689_length_5228_cov_180.159	gb_Z21523_+_0-1974_ARO:3000191_tetQ	95.389	347	16	0	1	347	1628	1974	3.03e-157	553
NODE_4295_length_4584_cov_5.31442	gb_AF028812_+_392-887_ARO:3002867_dfrF	100.000	495	0	0	1395	1889	1	495	0.0	915
NODE_4485_length_4416_cov_4.12612	gb_S48276.1_+_478-1129_ARO:3004460_Vibrio	78.641	206	34	6	2666	2866	405	605	1.84e-29	128
NODE_4573_length_4339_cov_3.4895	gb_AY768532_+_0-1935_ARO:3000535_macB	94.737	38	2	0	1272	1309	118	155	6.69e-09	60.2
NODE_4576_length_4337_cov_16.178	gb_X74948_+_0-492_ARO:3002688_catS	98.137	322	6	0	1	322	170	491	4.18e-160	562
NODE_4576_length_4337_cov_16.178	gb_AF226276.1_+_3583-4207_ARO:3002682_catD	82.368	397	66	3	1	395	230	624	5.93e-94	342
NODE_4576_length_4337_cov_16.178	gb_U15027_+_0-624_ARO:3002686_catP	82.368	397	66	3	1	395	230	624	5.93e-94	342
NODE_5435_length_3745_cov_4.05908	gb_AF173226_+_3767-6917_ARO:3003052_smeB	83.784	74	12	0	1275	1348	1169	1242	2.67e-12	71.3
NODE_5435_length_3745_cov_4.05908	gb_AJ252200_+_1278-4401_ARO:3003056_smeE	83.333	72	12	0	1277	1348	1171	1242	3.45e-11	67.6
NODE_6301_length_3287_cov_10.0978	gb_AF319779.2_+_32-833_ARO:3000604_Erm(35)	100.000	37	0	0	1	37	37	1	8.41e-12	69.4
NODE_6301_length_3287_cov_10.0978	gb_M17124_+_1181-1982_ARO:3000498_ErmF	100.000	37	0	0	1	37	37	1	8.41e-12	69.4
NODE_7173_length_2934_cov_8.61619	gb_AJ295238.3_+_163-2083_ARO:3000196_tet32	87.975	1921	211	19	249	2159	1	1911	0.0	2250
NODE_7502_length_2827_cov_6.4733	gb_AF226276.1_+_3583-4207_ARO:3002682_catD	99.840	624	1	0	1687	2310	1	624	0.0	1147
NODE_7502_length_2827_cov_6.4733	gb_U15027_+_0-624_ARO:3002686_catP	99.840	624	1	0	1687	2310	1	624	0.0	1147
NODE_7502_length_2827_cov_6.4733	gb_X74948_+_0-492_ARO:3002688_catS	82.474	485	79	4	1757	2238	11	492	1.73e-117	420
NODE_7629_length_2790_cov_5.39817	gb_JQ740052_+_2108-3329_ARO:3000567_tet(40)	99.509	1221	6	0	110	1330	1	1221	0.0	2222
NODE_7629_length_2790_cov_5.39817	gb_M18896.2_+_206-2126_ARO:3000190_tetO	100.000	59	0	0	1	59	1862	1920	4.20e-24	110
NODE_7629_length_2790_cov_5.39817	gb_AJ295238.3_+_163-2083_ARO:3000196_tet32	100.000	59	0	0	1	59	1862	1920	4.20e-24	110
NODE_7868_length_2717_cov_2.72352	gb_GQ343019_+_132-1023_ARO:3002999_CblA-1	99.214	891	7	0	1165	2055	1	891	0.0	1607
NODE_9311_length_2337_cov_2.73313	gb_NC_002695.1_-_4903561-4904935_ARO:3000830_cpxA	98.763	1374	17	0	9	1382	1374	1	0.0	2444
NODE_10094_length_2179_cov_19.0796	gb_M18896.2_+_206-2126_ARO:3000190_tetO	99.582	1916	8	0	1	1916	1916	1	0.0	3494
NODE_10094_length_2179_cov_19.0796	gb_AJ295238.3_+_163-2083_ARO:3000196_tet32	94.438	827	46	0	1	827	1916	1090	0.0	1273
NODE_10094_length_2179_cov_19.0796	gb_AJ295238.3_+_163-2083_ARO:3000196_tet32	91.919	396	32	0	1521	1916	396	1	3.50e-158	555
NODE_10663_length_2069_cov_2.74379	gb_AY082011_+_5900-6932_ARO:3000005_vanD	86.301	73	10	0	1628	1700	295	367	2.44e-15	80.5
NODE_11784_length_1888_cov_2.88107	gb_AM180355_+_600033-601953_ARO:3000186_tetM	91.369	1819	157	0	70	1888	1	1819	0.0	2490
NODE_11784_length_1888_cov_2.88107	gb_L09756_+_0-1926_ARO:3000192_tetS	78.489	1827	375	16	71	1888	2	1819	0.0	1181
NODE_11789_length_1887_cov_41.4007	gb_Z21523_+_0-1974_ARO:3000191_tetQ	97.619	84	2	0	1	84	84	1	7.77e-35	145
NODE_12623_length_1779_cov_16.4652	gb_X74948_+_0-492_ARO:3002688_catS	81.379	290	52	2	1491	1779	477	189	4.22e-62	235
NODE_12706_length_1768_cov_1.99533	gb_U00096_-_3412802-3413465_ARO:3000656_acrS	99.464	373	2	0	1	373	291	663	0.0	678
NODE_13801_length_1639_cov_2.38763	gb_AP009048.1_-_4303042-4304509_ARO:3003550_mdtP	98.228	1467	26	0	162	1628	1	1467	0.0	2566
NODE_13801_length_1639_cov_2.38763	gb_AP009048.1_-_4304505-4306557_ARO:3003549_mdtO	99.394	165	1	0	1	165	1888	2052	1.36e-81	300
NODE_13935_length_1625_cov_2.62739	gb_U00096_+_3660413-3663527_ARO:3000796_mdtF	98.825	681	8	0	945	1625	3114	2434	0.0	1214
NODE_13935_length_1625_cov_2.62739	gb_CP015085.1_-_2551711-2552440_ARO:3003838_gadW	94.330	582	33	0	1	582	148	729	0.0	893
NODE_15712_length_1448_cov_2.13496	gb_NC_002695.2_-_1737690-1738104_ARO:3000676_H-NS	100.000	34	0	0	1	34	34	1	1.71e-10	63.9
NODE_16966_length_1347_cov_1.74226	gb_DQ212986_+_5984-7034_ARO:3002909_vanG	84.022	895	143	0	453	1347	1	895	0.0	861
NODE_16966_length_1347_cov_1.74226	gb_DQ212986_+_5137-5983_ARO:3002965_vanWG	82.301	452	78	2	1	451	396	846	6.42e-109	390
NODE_16996_length_1345_cov_2.27287	gb_U00096_+_2484373-2487967_ARO:3000833_evgS	99.251	1068	8	0	7	1074	2527	3594	0.0	1929
NODE_17173_length_1331_cov_133.508	gb_Z21523_+_0-1974_ARO:3000191_tetQ	100.000	55	0	0	1277	1331	30	84	3.33e-22	102
NODE_17263_length_1324_cov_2.14736	gb_AP009048.1_-_3980025-3981183_ARO:3000795_mdtE	99.640	834	3	0	1	834	325	1158	0.0	1524
NODE_17263_length_1324_cov_2.14736	gb_U00096_+_3660413-3663527_ARO:3000796_mdtF	98.908	458	5	0	859	1316	1	458	0.0	819
NODE_17339_length_1318_cov_2.17815	gb_AP009048_+_2810082-2811255_ARO:3000027_emrA	98.892	812	9	0	1	812	812	1	0.0	1450
NODE_17339_length_1318_cov_2.17815	gb_NC_000913.3_+_2810769-2811300_ARO:3000516_emrR	100.000	380	0	0	939	1318	531	152	0.0	702
NODE_17938_length_1274_cov_2.22559	gb_D78168_+_1591-3130_ARO:3000254_emrY	99.383	162	1	0	1	162	1378	1539	4.90e-80	294
NODE_17948_length_1274_cov_7.87777	gb_AF319779.2_+_32-833_ARO:3000604_Erm(35)	100.000	37	0	0	1	37	37	1	3.23e-12	69.4
NODE_17948_length_1274_cov_7.87777	gb_M17124_+_1181-1982_ARO:3000498_ErmF	100.000	37	0	0	1	37	37	1	3.23e-12	69.4
NODE_18060_length_1266_cov_2.54831	gb_FJ768952_+_0-1488_ARO:3000237_tolC	99.310	869	6	0	395	1263	1	869	0.0	1572
NODE_18138_length_1261_cov_2.13682	gb_AP009048_-_4338624-4340268_ARO:3003576_eptA	99.283	558	4	0	704	1261	1644	1087	0.0	1009
NODE_18320_length_1250_cov_2.53389	gb_AP009048_-_4338624-4340268_ARO:3003576_eptA	99.535	1075	5	0	176	1250	1	1075	0.0	1958
NODE_18867_length_1215_cov_2.48793	gb_AP009048.1_-_4153663-4154296_ARO:3000518_CRP	99.316	585	4	0	1	585	585	1	0.0	1059
NODE_18896_length_1214_cov_513.814	gb_Z21523_+_0-1974_ARO:3000191_tetQ	97.529	1214	30	0	1	1214	1682	469	0.0	2076
NODE_19323_length_1189_cov_2.81129	gb_U00096.3_-_3203309-3204131_ARO:3002986_bacA	98.537	820	12	0	207	1026	1	820	0.0	1448
NODE_19708_length_1168_cov_2.69272	gb_AP009048.1_-_4306556-4307588_ARO:3003548_mdtN	99.213	127	1	0	1042	1168	1	127	1.28e-60	230
NODE_19989_length_1153_cov_1.66302	gb_NC_010378.1_+_46651-47827_ARO:3003922_oqxA	99.000	200	2	0	1	200	200	1	1.55e-99	359
NODE_20339_length_1135_cov_3.30556	gb_AP009048.1_-_3980025-3981183_ARO:3000795_mdtE	100.000	297	0	0	839	1135	1	297	8.41e-157	549
NODE_22101_length_1051_cov_2.08133	gb_U00096_+_3415032-3418137_ARO:3000502_acrF	99.239	1051	8	0	1	1051	1199	149	0.0	1897
NODE_22101_length_1051_cov_2.08133	gb_NC_000913.3_-_481253-484403_ARO:3000216_acrB	75.445	1067	226	29	1	1049	1199	151	6.18e-138	486
NODE_22301_length_1043_cov_1.96964	gb_AP009048.1_-_4304505-4306557_ARO:3003549_mdtO	98.754	1043	13	0	1	1043	282	1324	0.0	1855
NODE_23469_length_998_cov_1.75398	gb_NC_000913.3_+_966620-968369_ARO:3003950_msbA	99.666	598	2	0	1	598	1152	1749	0.0	1094
NODE_24027_length_979_cov_2.49351	gb_U00096_+_3413863-3415021_ARO:3000499_acrE	98.853	872	10	0	108	979	1158	287	0.0	1555
NODE_24027_length_979_cov_2.49351	gb_U00096_+_3415032-3418137_ARO:3000502_acrF	97.917	96	2	0	1	96	96	1	8.51e-42	167
NODE_24114_length_976_cov_2.36048	gb_NC_007779_+_3974604-3975429_ARO:3000508_gadX	97.712	743	17	0	1	743	83	825	0.0	1279
NODE_24903_length_950_cov_1.81117	gb_NC_000913.3_+_966620-968369_ARO:3003950_msbA	99.130	230	2	0	721	950	1	230	2.67e-116	414
NODE_25623_length_928_cov_2.55556	gb_U00096_-_3412802-3413465_ARO:3000656_acrS	99.281	278	2	0	651	928	1	278	5.41e-143	503
NODE_25623_length_928_cov_2.55556	gb_U00096_+_3413863-3415021_ARO:3000499_acrE	98.810	252	3	0	1	252	252	1	7.14e-127	449
NODE_25682_length_926_cov_2.45121	gb_NC_007779_+_2586250-2589364_ARO:3000491_acrD	99.161	834	7	0	93	926	1	834	0.0	1502
NODE_26352_length_905_cov_1.95294	gb_NC_007779_+_2586250-2589364_ARO:3000491_acrD	98.115	902	17	0	4	905	2684	1783	0.0	1572
NODE_26608_length_897_cov_2.48337	gb_U00096_+_3415032-3418137_ARO:3000502_acrF	98.997	897	9	0	1	897	1731	2627	0.0	1607
NODE_26779_length_892_cov_1.90323	gb_NC_000913.3_-_481253-484403_ARO:3000216_acrB	99.693	651	2	0	242	892	1	651	0.0	1192
NODE_26779_length_892_cov_1.90323	gb_AJ318073.1_+_793-1990_ARO:3004041_Klebsiella	98.630	219	3	0	1	219	979	1197	1.52e-108	388
NODE_26779_length_892_cov_1.90323	gb_U00096_+_3415032-3418137_ARO:3000502_acrF	76.835	613	125	14	250	854	10	613	9.32e-91	329
NODE_27383_length_876_cov_1.84775	gb_FJ768952_+_0-1488_ARO:3000237_tolC	83.137	255	41	2	4	257	254	1	2.66e-61	231
NODE_27936_length_862_cov_2.28501	gb_U00096_+_2812615-2814154_ARO:3000074_emrB	99.617	783	3	0	1	783	783	1	0.0	1430
NODE_27936_length_862_cov_2.28501	gb_AP009048_+_2810082-2811255_ARO:3000027_emrA	100.000	63	0	0	800	862	1173	1111	7.63e-27	117
NODE_28140_length_857_cov_2.57731	gb_U00096_+_3660413-3663527_ARO:3000796_mdtF	98.483	857	13	0	1	857	2259	1403	0.0	1511
NODE_28172_length_856_cov_2.61423	gb_U00096_+_2484373-2487967_ARO:3000833_evgS	97.658	854	20	0	3	856	1190	337	0.0	1467
NODE_29096_length_835_cov_1.55513	gb_U00096_+_3660413-3663527_ARO:3000796_mdtF	76.694	369	84	2	467	834	3074	2707	5.52e-53	204
NODE_29096_length_835_cov_1.55513	gb_AJ252200_+_1278-4401_ARO:3003056_smeE	80.952	84	14	2	695	777	2858	2776	2.72e-11	65.8
NODE_29096_length_835_cov_1.55513	gb_NC_002516_+_2810008-2813197_ARO:3000804_MexF	97.222	36	1	0	695	730	2885	2850	3.52e-10	62.1
NODE_29173_length_833_cov_1.30206	gb_NC_000913.3_-_2306971-2308615_ARO:3003952_yojI	96.966	824	23	2	11	833	432	1254	0.0	1382
NODE_29971_length_817_cov_2.09318	gb_NC_007779_+_2586250-2589364_ARO:3000491_acrD	99.510	817	4	0	1	817	906	1722	0.0	1487
NODE_29971_length_817_cov_2.09318	gb_AJ252200_+_1278-4401_ARO:3003056_smeE	77.183	504	113	2	112	614	1017	1519	1.12e-79	292
NODE_29971_length_817_cov_2.09318	gb_U00096_+_3660413-3663527_ARO:3000796_mdtF	74.145	468	107	11	119	579	1024	1484	2.53e-46	182
NODE_29971_length_817_cov_2.09318	gb_AB219524.1_+_1176-4338_ARO:3003699_mexQ	83.582	67	11	0	279	345	1190	1256	9.56e-11	63.9
NODE_32035_length_776_cov_2.09154	gb_DQ212986_+_7787-9926_ARO:3002972_vanTG	99.040	625	6	0	152	776	1	625	0.0	1122
NODE_32035_length_776_cov_2.09154	gb_DQ212986_+_7030-7795_ARO:3003069_vanXYG	100.000	159	0	0	1	159	607	765	2.96e-80	294
NODE_32143_length_774_cov_2.38526	gb_AM180355_+_600033-601953_ARO:3000186_tetM	100.000	49	0	0	1	49	1872	1920	4.15e-19	91.6
NODE_33534_length_749_cov_1.80548	gb_U00096.3_-_4567286-4568519_ARO:3001214_mdtM	95.427	656	30	0	94	749	1227	572	0.0	1046
NODE_33565_length_748_cov_1.1241	gb_U00096_+_2155262-2158385_ARO:3000793_mdtB	97.861	748	16	0	1	748	2084	1337	0.0	1293
NODE_33874_length_743_cov_2.0407	gb_U00096_+_2812615-2814154_ARO:3000074_emrB	99.200	375	3	0	369	743	1539	1165	0.0	676
NODE_35646_length_716_cov_3.62027	gb_X74948_+_0-492_ARO:3002688_catS	94.000	50	3	0	664	713	1	50	1.07e-14	76.8
NODE_35743_length_715_cov_1.15606	gb_NC_010378.1_+_47850-51003_ARO:3003923_oqxB	98.169	710	13	0	3	712	2344	3053	0.0	1240
NODE_37611_length_687_cov_2.10759	gb_U00096.3_-_4567286-4568519_ARO:3001214_mdtM	95.455	132	6	0	1	132	132	1	2.70e-55	211
NODE_38592_length_675_cov_1.5129	gb_U00096_+_2367070-2368039_ARO:3003578_pmrF	99.510	204	1	0	1	204	766	969	1.15e-103	372
NODE_40782_length_649_cov_1.45286	gb_L11616_+_1569-4710_ARO:3000378_MexB	77.164	543	110	7	15	544	1014	1555	4.08e-83	303
NODE_40846_length_649_cov_1.84848	gb_CP000800.1_-_1191727-1192954_ARO:3001329_mdtG	99.384	649	4	0	1	649	474	1122	0.0	1177
NODE_44362_length_612_cov_1.70197	gb_FJ768952_+_0-1488_ARO:3000237_tolC	97.701	609	14	0	4	612	1424	816	0.0	1048
NODE_44494_length_611_cov_2.32194	gb_U00096_+_2155262-2158385_ARO:3000793_mdtB	96.947	524	16	0	88	611	3123	2600	0.0	880
NODE_44494_length_611_cov_2.32194	gb_U00096_+_2158385-2161463_ARO:3000794_mdtC	98.851	87	1	0	1	87	87	1	1.14e-38	156
NODE_46122_length_596_cov_2.73567	gb_U00096_+_2484373-2487967_ARO:3000833_evgS	99.832	596	1	0	1	596	1924	1329	0.0	1096
NODE_46229_length_595_cov_1.72593	gb_AF235050.4_+_38028-40140_ARO:3003318_Streptomyces	75.701	214	38	11	62	268	281	75	2.45e-20	95.3
NODE_47763_length_582_cov_1.48767	gb_NC_000913.3_-_481253-484403_ARO:3000216_acrB	86.897	580	76	0	3	582	874	1453	0.0	651
NODE_47763_length_582_cov_1.48767	gb_AB015853_+_1330-4471_ARO:3003033_mexY	76.329	414	88	10	104	512	972	1380	6.32e-56	213
NODE_49207_length_571_cov_1.64341	gb_NC_010378.1_+_47850-51003_ARO:3003923_oqxB	98.249	571	10	0	1	571	2390	1820	0.0	1000
NODE_50671_length_560_cov_2.47723	gb_NC_000913.3_-_484425-485619_ARO:3004043_Escherichia	100.000	385	0	0	176	560	1	385	0.0	712
NODE_50671_length_560_cov_2.47723	gb_AJ318073.1_+_793-1990_ARO:3004041_Klebsiella	79.534	386	77	2	176	560	1	385	2.75e-74	274
NODE_52757_length_546_cov_365.631	gb_Z21523_+_0-1974_ARO:3000191_tetQ	93.333	495	32	1	1	494	523	29	0.0	730
NODE_55675_length_527_cov_1.78602	gb_NC_000913.3_+_3219493-3220873_ARO:3000024_patA	85.632	522	73	2	4	524	217	737	1.38e-156	547
NODE_55863_length_526_cov_1.92357	gb_NC_002695.1_-_4903561-4904935_ARO:3000830_cpxA	83.745	486	77	2	1	485	485	1	6.62e-130	459
NODE_59083_length_507_cov_1.50442	gb_U00096_+_2812615-2814154_ARO:3000074_emrB	84.813	507	77	0	1	507	844	338	1.74e-145	510
NODE_60283_length_501_cov_1.83632	gb_JQ394987_+_0-1233_ARO:3001328_Escherichia	98.004	501	10	0	1	501	450	950	0.0	870
NODE_60582_length_499_cov_1.41216	gb_D78168_+_536-1592_ARO:3000206_emrK	99.399	499	3	0	1	499	475	973	0.0	905
NODE_60747_length_498_cov_1.43341	gb_U97042_+_1263-4347_ARO:3003010_ceoB	72.936	218	55	4	59	274	1036	1251	9.52e-14	73.1
NODE_61653_length_493_cov_2.10274	gb_DQ212986_+_7787-9926_ARO:3002972_vanTG	100.000	144	0	0	1	144	1996	2139	4.03e-72	267
NODE_63180_length_486_cov_1.87471	gb_U00096_+_2155262-2158385_ARO:3000793_mdtB	98.354	486	8	0	1	486	2571	2086	0.0	854
NODE_64377_length_480_cov_2.02353	gb_NC_000913.3_+_3219493-3220873_ARO:3000024_patA	100.000	173	0	0	1	173	1208	1380	2.96e-88	320
NODE_65825_length_474_cov_2.13126	gb_U00096_+_3660413-3663527_ARO:3000796_mdtF	98.085	470	9	0	5	474	500	969	0.0	819
NODE_67296_length_467_cov_1.37136	gb_L36601_+_1420-3130_ARO:3003036_oleB	94.595	37	2	0	309	345	1568	1532	2.49e-09	58.4
NODE_69761_length_457_cov_1.78856	gb_U00096_+_2812615-2814154_ARO:3000074_emrB	100.000	457	0	0	1	457	771	1227	0.0	845
NODE_69804_length_457_cov_1.93532	gb_NC_000913.3_-_481253-484403_ARO:3000216_acrB	98.792	414	5	0	26	439	1531	1944	0.0	737
NODE_70275_length_455_cov_1.5575	gb_U00096_-_2098446-2099613_ARO:3003577_ugd	96.923	455	14	0	1	455	898	444	0.0	763
NODE_71451_length_450_cov_2.30127	gb_AJ318073.1_+_793-1990_ARO:3004041_Klebsiella	100.000	128	0	0	323	450	1	128	2.87e-63	237
NODE_71451_length_450_cov_2.30127	gb_DQ679966_+_299-1493_ARO:3004042_Enterobacter	96.262	107	4	0	323	429	1	107	6.35e-45	176
NODE_71451_length_450_cov_2.30127	gb_NC_000913.3_-_484425-485619_ARO:3004043_Escherichia	92.035	113	9	0	323	435	1	113	6.39e-40	159
NODE_73284_length_443_cov_2.11598	gb_U00096_+_3415032-3418137_ARO:3000502_acrF	100.000	258	0	0	186	443	3105	2848	1.53e-135	477
NODE_73284_length_443_cov_2.11598	gb_NC_003197.2_-_393893-397061_ARO:3000790_mdsB	81.928	83	9	6	306	385	3012	2933	1.41e-11	65.8
NODE_73659_length_442_cov_183.059	gb_Z21523_+_0-1974_ARO:3000191_tetQ	98.190	442	8	0	1	442	30	471	0.0	773
NODE_74494_length_439_cov_1.54688	gb_U00096_-_2098446-2099613_ARO:3003577_ugd	98.840	431	5	0	1	431	431	1	0.0	769
NODE_75052_length_437_cov_1.70681	gb_D78168_+_1591-3130_ARO:3000254_emrY	99.542	437	2	0	1	437	1321	885	0.0	797
NODE_75206_length_436_cov_1.44882	gb_AP009048_+_2165012-2166416_ARO:3000829_baeS	99.083	436	4	0	1	436	172	607	0.0	784
NODE_76314_length_433_cov_2.15873	gb_U00096_+_2158385-2161463_ARO:3000794_mdtC	99.538	433	2	0	1	433	2354	1922	0.0	789
NODE_81903_length_415_cov_1.31389	gb_NC_002516.2_-_2847775-2850886_ARO:3004075_MuxC	84.170	259	39	2	4	261	1236	979	3.39e-67	250
NODE_82842_length_412_cov_1.78992	gb_NC_000913.3_-_484425-485619_ARO:3004043_Escherichia	99.757	412	1	0	1	412	412	823	0.0	756
NODE_86049_length_403_cov_1.85632	gb_NC_000913.3_-_4377810-4378944_ARO:3004290_Escherichia	98.889	180	2	0	1	180	180	1	6.86e-89	322
NODE_86049_length_403_cov_1.85632	gb_KM087858_+_0-1146_ARO:3002175_MIR-10	85.455	55	8	0	6	60	187	133	2.14e-09	58.4
NODE_86049_length_403_cov_1.85632	gb_KM087859_+_0-1146_ARO:3002176_MIR-11	85.455	55	8	0	6	60	187	133	2.14e-09	58.4
NODE_86049_length_403_cov_1.85632	gb_M37839_+_927-2073_ARO:3002166_MIR-1	85.455	55	8	0	6	60	187	133	2.14e-09	58.4
NODE_86049_length_403_cov_1.85632	gb_LN515535_+_0-1146_ARO:3003173_MIR-17	85.455	55	8	0	6	60	187	133	2.14e-09	58.4
NODE_86049_length_403_cov_1.85632	gb_EF417572_+_29-1175_ARO:3002167_MIR-4	85.455	55	8	0	6	60	187	133	2.14e-09	58.4
NODE_86049_length_403_cov_1.85632	gb_KM087862_+_0-1146_ARO:3002178_MIR-13	85.455	55	8	0	6	60	187	133	2.14e-09	58.4
NODE_86049_length_403_cov_1.85632	gb_KM087860_+_0-1146_ARO:3002174_MIR-9	85.455	55	8	0	6	60	187	133	2.14e-09	58.4
NODE_86049_length_403_cov_1.85632	gb_JQ664733_+_0-1146_ARO:3002171_MIR-6	85.455	55	8	0	6	60	187	133	2.14e-09	58.4
NODE_86049_length_403_cov_1.85632	gb_KM087851_+_0-1146_ARO:3002180_MIR-15	85.455	55	8	0	6	60	187	133	2.14e-09	58.4
NODE_86049_length_403_cov_1.85632	gb_FJ237367_+_0-1146_ARO:3002173_MIR-8	85.455	55	8	0	6	60	187	133	2.14e-09	58.4
NODE_86049_length_403_cov_1.85632	gb_KM087863_+_0-1146_ARO:3002177_MIR-12	85.455	55	8	0	6	60	187	133	2.14e-09	58.4
NODE_86049_length_403_cov_1.85632	gb_KP050484_+_0-1146_ARO:3002170_MIR-5	85.455	55	8	0	6	60	187	133	2.14e-09	58.4
NODE_86049_length_403_cov_1.85632	gb_KM087861_+_0-1146_ARO:3002181_MIR-16	85.455	55	8	0	6	60	187	133	2.14e-09	58.4
NODE_86049_length_403_cov_1.85632	gb_AY743435_+_13-1159_ARO:3002169_MIR-3	85.455	55	8	0	6	60	187	133	2.14e-09	58.4
NODE_86049_length_403_cov_1.85632	gb_AY227752_+_88-1234_ARO:3002168_MIR-2	85.455	55	8	0	6	60	187	133	2.14e-09	58.4
NODE_86313_length_402_cov_1.25072	gb_NC_000913.3_-_721055-721733_ARO:3003841_kdpE	96.517	402	14	0	1	402	564	163	0.0	665
NODE_86761_length_401_cov_3.21965	gb_U00096_+_3415032-3418137_ARO:3000502_acrF	98.005	401	8	0	1	401	1744	1344	0.0	697
NODE_87323_length_400_cov_0.875362	gb_U00096_+_2158385-2161463_ARO:3000794_mdtC	79.500	400	80	2	2	400	1291	1689	3.21e-77	283
NODE_87744_length_399_cov_2.82267	gb_NC_000913.3_+_966620-968369_ARO:3003950_msbA	100.000	399	0	0	1	399	1023	625	0.0	737
NODE_88424_length_397_cov_2.22222	gb_HM990671_+_5192-6671_ARO:3003112_lsaC	92.105	38	3	0	245	282	412	449	2.72e-08	54.7
NODE_89196_length_395_cov_1.04706	gb_U00096_+_2155262-2158385_ARO:3000793_mdtB	83.291	395	66	0	1	395	2818	2424	1.10e-101	364
NODE_90292_length_392_cov_1.89614	gb_CP014358.1_-_2161325-2162750_ARO:3001327_mdtK	80.000	205	37	3	12	214	203	1	1.20e-36	148
NODE_92058_length_388_cov_11.3003	gb_M18896.2_+_206-2126_ARO:3000190_tetO	100.000	59	0	0	1	59	1862	1920	5.58e-25	110
NODE_92058_length_388_cov_11.3003	gb_AJ295238.3_+_163-2083_ARO:3000196_tet32	100.000	59	0	0	1	59	1862	1920	5.58e-25	110
NODE_92303_length_387_cov_1.95482	gb_NC_000913.3_+_3219493-3220873_ARO:3000024_patA	99.483	387	1	1	1	387	1200	815	0.0	702
NODE_93460_length_384_cov_1.95745	gb_U00096_+_2158385-2161463_ARO:3000794_mdtC	97.396	384	10	0	1	384	159	542	0.0	654
NODE_94616_length_382_cov_2.19878	gb_NC_000913.3_+_3219493-3220873_ARO:3000024_patA	99.213	381	3	0	1	381	329	709	0.0	688
NODE_94968_length_381_cov_0.754601	gb_NC_007779_+_1621287-1621671_ARO:3000263_marA	99.060	319	3	0	1	319	66	384	1.62e-164	573
NODE_99617_length_371_cov_1.22468	gb_NC_000913.3_-_2306971-2308615_ARO:3003952_yojI	100.000	107	0	0	1	107	107	1	1.10e-51	198
NODE_100500_length_369_cov_2.33439	gb_NC_000913.3_-_4377810-4378944_ARO:3004290_Escherichia	99.458	369	2	0	1	369	284	652	0.0	671
NODE_101562_length_367_cov_1.10897	gb_U00096_+_2158385-2161463_ARO:3000794_mdtC	98.925	186	1	1	153	337	3078	2893	1.04e-91	331
NODE_102667_length_365_cov_3.29355	gb_U00096_+_3660413-3663527_ARO:3000796_mdtF	98.883	358	4	0	8	365	1456	1099	0.0	640
NODE_102667_length_365_cov_3.29355	gb_L11616_+_1569-4710_ARO:3000378_MexB	77.950	322	67	4	46	365	1418	1099	1.09e-51	198
NODE_102667_length_365_cov_3.29355	gb_NC_007779_+_2586250-2589364_ARO:3000491_acrD	79.008	262	43	9	52	307	1412	1157	8.55e-43	169
NODE_102667_length_365_cov_3.29355	gb_AJ252200_+_1278-4401_ARO:3003056_smeE	76.101	318	68	7	52	365	1412	1099	5.14e-40	159
NODE_102667_length_365_cov_3.29355	gb_U57969_+_1485-4617_ARO:3000801_MexD	85.263	95	14	0	199	293	1271	1177	1.14e-21	99.0
NODE_102667_length_365_cov_3.29355	gb_NC_010378.1_+_47850-51003_ARO:3003923_oqxB	87.500	72	7	2	210	280	1263	1193	1.15e-16	82.4
NODE_102667_length_365_cov_3.29355	gb_NC_002516_+_2810008-2813197_ARO:3000804_MexF	87.143	70	9	0	211	280	1262	1193	4.12e-16	80.5
NODE_103088_length_364_cov_3.19417	gb_D78168_+_536-1592_ARO:3000206_emrK	100.000	29	0	0	336	364	1	29	2.49e-08	54.7
NODE_106058_length_358_cov_1.91089	gb_CP000800.1_-_1191727-1192954_ARO:3001329_mdtG	98.286	350	6	0	1	350	465	116	8.95e-177	614
NODE_107818_length_355_cov_1.67333	gb_NC_000913.3_+_966620-968369_ARO:3003950_msbA	97.746	355	8	0	1	355	229	583	3.19e-176	612
NODE_108766_length_353_cov_1.23826	gb_NC_000913.3_-_481253-484403_ARO:3000216_acrB	99.306	288	2	0	66	353	3150	2863	5.50e-149	521
NODE_108934_length_353_cov_1.85235	gb_NC_000913.3_-_2306971-2308615_ARO:3003952_yojI	98.354	243	4	0	101	343	1644	1402	1.23e-120	427
NODE_109461_length_352_cov_1.07071	gb_DQ212986_+_7787-9926_ARO:3002972_vanTG	98.295	352	6	0	1	352	1502	1853	6.80e-178	617
NODE_109886_length_351_cov_1.91892	gb_U00096_+_2484373-2487967_ARO:3000833_evgS	98.860	351	4	0	1	351	2230	2580	1.13e-180	627
NODE_111125_length_349_cov_1.58503	gb_NC_007779_+_2586250-2589364_ARO:3000491_acrD	99.713	349	1	0	1	349	3052	2704	0.0	640
NODE_111168_length_349_cov_1.29252	gb_NC_000913.3_-_481253-484403_ARO:3000216_acrB	77.778	216	44	4	1	214	1206	993	3.85e-31	130
NODE_117650_length_338_cov_1.30035	gb_U00096_-_1124117-1125326_ARO:3001216_mdtH	99.408	338	2	0	1	338	1149	812	8.42e-177	614
NODE_119729_length_335_cov_1.9	gb_NC_000913.3_-_4377810-4378944_ARO:3004290_Escherichia	96.119	335	13	0	1	335	757	1091	8.58e-157	547
NODE_119729_length_335_cov_1.9	gb_KF992029_+_748-1894_ARO:3001840_ACT-19	80.000	110	22	0	223	332	991	1100	1.05e-16	82.4
NODE_119729_length_335_cov_1.9	gb_KM926622_+_238-1384_ARO:3003172_ACT-37	79.091	110	23	0	223	332	991	1100	4.87e-15	76.8
NODE_125695_length_326_cov_1.47601	gb_AF242872_+_2131-2878_ARO:3000375_ErmB	99.153	236	1	1	92	326	747	512	1.47e-119	424
NODE_131980_length_318_cov_1.32319	gb_KU254579.1_+_59421-59841_ARO:3004111_FosA6	99.023	307	3	0	1	307	307	1	6.28e-158	551
NODE_131980_length_318_cov_1.32319	gb_KP143090.1_-_1199-1619_ARO:3003209_FosA5	99.023	307	3	0	1	307	307	1	6.28e-158	551
NODE_132925_length_317_cov_1.91603	gb_FJ768952_+_0-1488_ARO:3000237_tolC	98.361	61	1	0	257	317	1488	1428	1.63e-24	108
NODE_134981_length_314_cov_1.20077	gb_AJ011502.1_+_300-1425_ARO:3004122_Klebsiella	97.771	314	7	0	1	314	654	341	3.73e-155	542
NODE_139381_length_309_cov_1.35433	gb_AF226276.1_+_3583-4207_ARO:3002682_catD	83.495	309	51	0	1	309	424	116	5.27e-79	289
NODE_139381_length_309_cov_1.35433	gb_U15027_+_0-624_ARO:3002686_catP	83.495	309	51	0	1	309	424	116	5.27e-79	289
NODE_139677_length_308_cov_1.62846	gb_U00096_+_2154015-2155263_ARO:3000792_mdtA	97.403	308	8	0	1	308	598	905	3.68e-150	525
NODE_141336_length_306_cov_1.13546	gb_NC_000913.3_-_721055-721733_ARO:3003841_kdpE	98.844	173	2	0	1	173	173	1	4.00e-85	309
NODE_142796_length_305_cov_2.64	gb_DQ212986_+_7030-7795_ARO:3003069_vanXYG	95.033	302	15	0	1	302	93	394	3.72e-135	475
NODE_142911_length_305_cov_2.184	gb_NC_000913.3_+_3219493-3220873_ARO:3000024_patA	100.000	93	0	0	213	305	1	93	5.46e-44	172
NODE_143950_length_303_cov_2.12097	gb_AP009048_+_2165012-2166416_ARO:3000829_baeS	97.360	303	8	0	1	303	1007	705	2.17e-147	516
NODE_144142_length_303_cov_0.810484	gb_AP009048.1_-_4304505-4306557_ARO:3003549_mdtO	98.233	283	5	0	1	283	283	1	2.83e-141	496
NODE_145521_length_302_cov_0.874494	gb_AY768532_+_0-1935_ARO:3000535_macB	87.324	71	9	0	213	283	1591	1661	9.36e-17	82.4
NODE_147406_length_300_cov_1.65714	gb_LN515533_+_0-867_ARO:3003154_SHV-187	98.969	97	1	0	1	97	97	1	1.49e-44	174
NODE_147406_length_300_cov_1.65714	gb_LN515534_+_0-873_ARO:3003155_SHV-188	98.969	97	1	0	1	97	97	1	1.49e-44	174
NODE_147406_length_300_cov_1.65714	gb_NG_050068_+_100-961_ARO:3001062_SHV-3	100.000	91	0	0	1	91	91	1	6.94e-43	169
NODE_147406_length_300_cov_1.65714	gb_KF705208_+_0-861_ARO:3001362_SHV-179	100.000	91	0	0	1	91	91	1	6.94e-43	169
NODE_147406_length_300_cov_1.65714	gb_JX121130_+_0-858_ARO:3001202_SHV-163	100.000	91	0	0	1	91	91	1	6.94e-43	169
NODE_147406_length_300_cov_1.65714	gb_KF705209_+_0-861_ARO:3001361_SHV-178	100.000	91	0	0	1	91	91	1	6.94e-43	169
NODE_147406_length_300_cov_1.65714	gb_JX013655_+_0-861_ARO:3001185_SHV-145	100.000	91	0	0	1	91	91	1	6.94e-43	169
NODE_147406_length_300_cov_1.65714	gb_JQ926986_+_0-861_ARO:3001345_SHV-144	100.000	91	0	0	1	91	91	1	6.94e-43	169
NODE_147406_length_300_cov_1.65714	gb_AY259119_+_116-977_ARO:3001102_SHV-44	100.000	91	0	0	1	91	91	1	6.94e-43	169
NODE_147406_length_300_cov_1.65714	gb_JX121122_+_0-858_ARO:3001194_SHV-155	100.000	91	0	0	1	91	91	1	6.94e-43	169
NODE_147406_length_300_cov_1.65714	gb_AY288915_+_0-861_ARO:3001107_SHV-50	100.000	91	0	0	1	91	91	1	6.94e-43	169
NODE_147406_length_300_cov_1.65714	gb_AM941844_+_0-861_ARO:3001336_SHV-98	100.000	91	0	0	1	91	91	1	6.94e-43	169
NODE_147406_length_300_cov_1.65714	gb_JX121127_+_0-861_ARO:3001199_SHV-160	100.000	91	0	0	1	91	91	1	6.94e-43	169
NODE_147406_length_300_cov_1.65714	gb_AF301532_+_7-868_ARO:3001087_SHV-29	100.000	91	0	0	1	91	91	1	6.94e-43	169
NODE_147406_length_300_cov_1.65714	gb_AF293345_+_0-861_ARO:3001085_SHV-27	100.000	91	0	0	1	91	91	1	6.94e-43	169
NODE_147406_length_300_cov_1.65714	gb_X55640_+_111-972_ARO:3001064_SHV-5	100.000	91	0	0	1	91	91	1	6.94e-43	169
NODE_147406_length_300_cov_1.65714	gb_JF812965_+_0-861_ARO:3001167_SHV-120	100.000	91	0	0	1	91	91	1	6.94e-43	169
NODE_147406_length_300_cov_1.65714	gb_HG934764_+_0-864_ARO:3001351_SHV-183	100.000	91	0	0	1	91	91	1	6.94e-43	169
NODE_147406_length_300_cov_1.65714	gb_JX121126_+_0-858_ARO:3001198_SHV-159	100.000	91	0	0	1	91	91	1	6.94e-43	169
NODE_147406_length_300_cov_1.65714	gb_JX121115_+_0-858_ARO:3001187_SHV-148	100.000	91	0	0	1	91	91	1	6.94e-43	169
NODE_147406_length_300_cov_1.65714	gb_AF072684_+_117-993_ARO:3001075_SHV-16	100.000	91	0	0	1	91	91	1	6.94e-43	169
NODE_147406_length_300_cov_1.65714	gb_JX121118_+_0-858_ARO:3001190_SHV-151	100.000	91	0	0	1	91	91	1	6.94e-43	169
NODE_147406_length_300_cov_1.65714	gb_AB372881_+_8-869_ARO:3001160_SHV-111	100.000	91	0	0	1	91	91	1	6.94e-43	169
NODE_147406_length_300_cov_1.65714	gb_AF535128_+_0-861_ARO:3001098_SHV-40	100.000	91	0	0	1	91	91	1	6.94e-43	169
NODE_147406_length_300_cov_1.65714	gb_EF373972_+_0-861_ARO:3001147_SHV-95	100.000	91	0	0	1	91	91	1	6.94e-43	169
NODE_147406_length_300_cov_1.65714	gb_DQ013287_+_0-861_ARO:3001124_SHV-70	100.000	91	0	0	1	91	91	1	6.94e-43	169
NODE_147406_length_300_cov_1.65714	gb_AM087453_+_25-856_ARO:3001138_SHV-84	100.000	91	0	0	1	91	91	1	6.94e-43	169
NODE_147406_length_300_cov_1.65714	gb_JX121121_+_0-858_ARO:3001193_SHV-154	100.000	91	0	0	1	91	91	1	6.94e-43	169
NODE_147406_length_300_cov_1.65714	gb_AF547625_+_0-861_ARO:3001103_SHV-45	100.000	91	0	0	1	91	91	1	6.94e-43	169
NODE_147406_length_300_cov_1.65714	gb_X98102_+_73-934_ARO:3001061_SHV-2A	100.000	91	0	0	1	91	91	1	6.94e-43	169
NODE_147406_length_300_cov_1.65714	gb_GQ390805_+_0-813_ARO:3001170_SHV-123	100.000	91	0	0	1	91	91	1	6.94e-43	169
NODE_147406_length_300_cov_1.65714	gb_HQ877615_+_0-861_ARO:3001159_SHV-110	100.000	91	0	0	1	91	91	1	6.94e-43	169
NODE_147406_length_300_cov_1.65714	gb_JQ341060.1_-_881-1742_ARO:3001344_SHV-143	100.000	91	0	0	1	91	91	1	6.94e-43	169
NODE_147406_length_300_cov_1.65714	gb_AY289548_+_0-861_ARO:3001108_SHV-51	100.000	91	0	0	1	91	91	1	6.94e-43	169
NODE_147406_length_300_cov_1.65714	gb_AM941848_+_0-861_ARO:3001156_SHV-107	100.000	91	0	0	1	91	91	1	6.94e-43	169
NODE_147406_length_300_cov_1.65714	gb_AY263404_+_0-861_ARO:3001105_SHV-48	100.000	91	0	0	1	91	91	1	6.94e-43	169
NODE_147406_length_300_cov_1.65714	gb_AM941845_+_0-861_ARO:3001337_SHV-99	100.000	91	0	0	1	91	91	1	6.94e-43	169
NODE_147406_length_300_cov_1.65714	gb_AF164577_+_0-861_ARO:3001072_SHV-13	100.000	91	0	0	1	91	91	1	6.94e-43	169
NODE_147406_length_300_cov_1.65714	gb_EU342351_+_172-1033_ARO:3001118_SHV-63	100.000	91	0	0	1	91	91	1	6.94e-43	169
NODE_147406_length_300_cov_1.65714	gb_AF227204_+_73-934_ARO:3001084_SHV-26	100.000	91	0	0	1	91	91	1	6.94e-43	169
NODE_147406_length_300_cov_1.65714	gb_AM176555_+_0-861_ARO:3001134_SHV-80	100.000	91	0	0	1	91	91	1	6.94e-43	169
NODE_147406_length_300_cov_1.65714	gb_AB302939_+_8-869_ARO:3001115_SHV-60	100.000	91	0	0	1	91	91	1	6.94e-43	169
NODE_147406_length_300_cov_1.65714	gb_AB733453_+_3-849_ARO:3001204_SHV-167	100.000	91	0	0	1	91	91	1	6.94e-43	169
NODE_147406_length_300_cov_1.65714	gb_EF373970_+_0-861_ARO:3001146_SHV-94	100.000	91	0	0	1	91	91	1	6.94e-43	169
NODE_147406_length_300_cov_1.65714	gb_GQ390808_+_0-813_ARO:3001173_SHV-126	100.000	91	0	0	1	91	91	1	6.94e-43	169
NODE_147406_length_300_cov_1.65714	gb_DQ174305_+_4-865_ARO:3001120_SHV-65	100.000	91	0	0	1	91	91	1	6.94e-43	169
NODE_147406_length_300_cov_1.65714	gb_JX121114_+_0-858_ARO:3001186_SHV-147	100.000	91	0	0	1	91	91	1	6.94e-43	169
NODE_147406_length_300_cov_1.65714	gb_JX121116_+_0-858_ARO:3001188_SHV-149	100.000	91	0	0	1	91	91	1	6.94e-43	169
NODE_147406_length_300_cov_1.65714	gb_AY277255_+_66-927_ARO:3001089_SHV-31	100.000	91	0	0	1	91	91	1	6.94e-43	169
NODE_147406_length_300_cov_1.65714	gb_AM176556_+_25-886_ARO:3001135_SHV-81	100.000	91	0	0	1	91	91	1	6.94e-43	169
NODE_147406_length_300_cov_1.65714	gb_KF513178_+_0-861_ARO:3001357_SHV-173	100.000	91	0	0	1	91	91	1	6.94e-43	169
NODE_147406_length_300_cov_1.65714	gb_AY790341_+_0-861_ARO:3001114_SHV-59	100.000	91	0	0	1	91	91	1	6.94e-43	169
NODE_147406_length_300_cov_1.65714	gb_JX121125_+_0-858_ARO:3001197_SHV-158	100.000	91	0	0	1	91	91	1	6.94e-43	169
NODE_147406_length_300_cov_1.65714	gb_AM176546_+_0-861_ARO:3001125_SHV-71	100.000	91	0	0	1	91	91	1	6.94e-43	169
NODE_147406_length_300_cov_1.65714	gb_EU032604_+_0-861_ARO:3001152_SHV-103	100.000	91	0	0	1	91	91	1	6.94e-43	169
NODE_147406_length_300_cov_1.65714	gb_AF148851_+_5-866_ARO:3001060_SHV-2	100.000	91	0	0	1	91	91	1	6.94e-43	169
NODE_147406_length_300_cov_1.65714	gb_FJ668814_+_76-937_ARO:3001059_SHV-1	100.000	91	0	0	1	91	91	1	6.94e-43	169
NODE_147406_length_300_cov_1.65714	gb_HM559945_+_0-861_ARO:3001178_SHV-134	100.000	91	0	0	1	91	91	1	6.94e-43	169
NODE_147406_length_300_cov_1.65714	gb_AM176552_+_30-891_ARO:3001131_SHV-77	100.000	91	0	0	1	91	91	1	6.94e-43	169
NODE_147406_length_300_cov_1.65714	gb_DQ174306_+_4-865_ARO:3001121_SHV-66	100.000	91	0	0	1	91	91	1	6.94e-43	169
NODE_147406_length_300_cov_1.65714	gb_EF373969_+_0-861_ARO:3001145_SHV-93	100.000	91	0	0	1	91	91	1	6.94e-43	169
NODE_147406_length_300_cov_1.65714	gb_EF373971_+_0-861_ARO:3001148_SHV-96	100.000	91	0	0	1	91	91	1	6.94e-43	169
NODE_147406_length_300_cov_1.65714	gb_KM233165_+_0-861_ARO:3003153_SHV-186	100.000	91	0	0	1	91	91	1	6.94e-43	169
NODE_147406_length_300_cov_1.65714	gb_HM751103.1_+_0-864_ARO:3001169_SHV-122	100.000	91	0	0	1	91	91	1	6.94e-43	169
NODE_147406_length_300_cov_1.65714	gb_JX268631_+_0-861_ARO:3001091_SHV-33	100.000	91	0	0	1	91	91	1	6.94e-43	169
NODE_147406_length_300_cov_1.65714	gb_JX121128_+_0-861_ARO:3001200_SHV-161	100.000	91	0	0	1	91	91	1	6.94e-43	169
NODE_147406_length_300_cov_1.65714	gb_JX121124_+_0-861_ARO:3001196_SHV-157	100.000	91	0	0	1	91	91	1	6.94e-43	169
NODE_147406_length_300_cov_1.65714	gb_JQ388884_+_0-861_ARO:3001183_SHV-141	100.000	91	0	0	1	91	91	1	6.94e-43	169
NODE_147406_length_300_cov_1.65714	gb_JX121117_+_0-858_ARO:3001189_SHV-150	100.000	91	0	0	1	91	91	1	6.94e-43	169
NODE_147406_length_300_cov_1.65714	gb_AY210887_+_111-972_ARO:3001104_SHV-46	100.000	91	0	0	1	91	91	1	6.94e-43	169
NODE_147406_length_300_cov_1.65714	gb_AY223863_+_170-1031_ARO:3001113_SHV-57	100.000	91	0	0	1	91	91	1	6.94e-43	169
NODE_147406_length_300_cov_1.65714	gb_AY065991_+_6-867_ARO:3001101_SHV-43	100.000	91	0	0	1	91	91	1	6.94e-43	169
NODE_147406_length_300_cov_1.65714	gb_EU024485_+_0-861_ARO:3001151_SHV-102	100.000	91	0	0	1	91	91	1	6.94e-43	169
NODE_147406_length_300_cov_1.65714	gb_KF513177_+_0-861_ARO:3001356_SHV-172	100.000	91	0	0	1	91	91	1	6.94e-43	169
NODE_147406_length_300_cov_1.65714	gb_EF373973_+_0-861_ARO:3001149_SHV-97	100.000	91	0	0	1	91	91	1	6.94e-43	169
NODE_147406_length_300_cov_1.65714	gb_AJ866285_+_0-861_ARO:3001117_SHV-62	100.000	91	0	0	1	91	91	1	6.94e-43	169
NODE_147406_length_300_cov_1.65714	gb_GU827715_+_0-861_ARO:3001176_SHV-129	100.000	91	0	0	1	91	91	1	6.94e-43	169
NODE_147406_length_300_cov_1.65714	gb_HM751100_+_0-861_ARO:3001157_SHV-108	100.000	91	0	0	1	91	91	1	6.94e-43	169
NODE_147406_length_300_cov_1.65714	gb_JX121120_+_0-858_ARO:3001192_SHV-153	100.000	91	0	0	1	91	91	1	6.94e-43	169
NODE_147406_length_300_cov_1.65714	gb_AM176550_+_30-891_ARO:3001129_SHV-75	100.000	91	0	0	1	91	91	1	6.94e-43	169
NODE_147406_length_300_cov_1.65714	gb_X98101_+_73-934_ARO:3001070_SHV-11	100.000	91	0	0	1	91	91	1	6.94e-43	169
NODE_147406_length_300_cov_1.65714	gb_S82452_+_120-978_ARO:3001068_SHV-9	100.000	91	0	0	1	91	91	1	6.94e-43	169
NODE_147406_length_300_cov_1.65714	gb_KM233164_+_0-861_ARO:3003152_SHV-185	100.000	91	0	0	1	91	91	1	6.94e-43	169
NODE_147406_length_300_cov_1.65714	gb_AY079099_+_148-1009_ARO:3001096_SHV-38	100.000	91	0	0	1	91	91	1	6.94e-43	169
NODE_147406_length_300_cov_1.65714	gb_JX121123_+_0-861_ARO:3001195_SHV-156	100.000	91	0	0	1	91	91	1	6.94e-43	169
NODE_147406_length_300_cov_1.65714	gb_AY528718_+_413-1274_ARO:3001106_SHV-49	100.000	91	0	0	1	91	91	1	6.94e-43	169
NODE_147406_length_300_cov_1.65714	gb_AB551737_+_14-875_ARO:3001177_SHV-133	100.000	91	0	0	1	91	91	1	6.94e-43	169
NODE_147406_length_300_cov_1.65714	gb_DQ174307_+_4-865_ARO:3001122_SHV-67	100.000	91	0	0	1	91	91	1	6.94e-43	169
NODE_147406_length_300_cov_1.65714	gb_DQ174308_+_4-865_ARO:3001123_SHV-69	100.000	91	0	0	1	91	91	1	6.94e-43	169
NODE_147406_length_300_cov_1.65714	gb_U92041_+_0-861_ARO:3001067_SHV-8	100.000	91	0	0	1	91	91	1	6.94e-43	169
NODE_147406_length_300_cov_1.65714	gb_AJ011428_+_0-861_ARO:3001074_SHV-15	100.000	91	0	0	1	91	91	1	6.94e-43	169
NODE_147406_length_300_cov_1.65714	gb_AM176553_+_30-891_ARO:3001132_SHV-78	100.000	91	0	0	1	91	91	1	6.94e-43	169
NODE_147406_length_300_cov_1.65714	gb_AY037778_+_91-952_ARO:3001090_SHV-32	100.000	91	0	0	1	91	91	1	6.94e-43	169
NODE_147406_length_300_cov_1.65714	gb_KP050487.1_+_0-861_ARO:3001350_SHV-180	100.000	91	0	0	1	91	91	1	6.94e-43	169
NODE_147406_length_300_cov_1.65714	gb_JX121129_+_0-858_ARO:3001201_SHV-162	100.000	91	0	0	1	91	91	1	6.94e-43	169
NODE_147406_length_300_cov_1.65714	gb_GU932590_+_0-861_ARO:3001175_SHV-128	100.000	91	0	0	1	91	91	1	6.94e-43	169
NODE_147406_length_300_cov_1.65714	gb_HE981194_+_0-861_ARO:3001347_SHV-164	100.000	91	0	0	1	91	91	1	6.94e-43	169
NODE_147406_length_300_cov_1.65714	gb_JX121119_+_0-858_ARO:3001191_SHV-152	100.000	91	0	0	1	91	91	1	6.94e-43	169
NODE_147406_length_300_cov_1.65714	gb_HQ661363_+_71-932_ARO:3001181_SHV-137	100.000	91	0	0	1	91	91	1	6.94e-43	169
NODE_147406_length_300_cov_1.65714	gb_AY070258_+_0-861_ARO:3001093_SHV-35	100.000	91	0	0	1	91	91	1	6.94e-43	169
NODE_147406_length_300_cov_1.65714	gb_EU155018_+_0-861_ARO:3001150_SHV-101	100.000	91	0	0	1	91	91	1	6.94e-43	169
NODE_147406_length_300_cov_1.65714	gb_DQ193536_+_0-861_ARO:3001141_SHV-89	100.000	91	0	0	1	91	91	1	6.94e-43	169
NODE_147406_length_300_cov_1.65714	gb_EU586041_+_0-861_ARO:3001112_SHV-56	100.000	91	0	0	1	91	91	1	6.94e-43	169
NODE_147406_length_300_cov_1.65714	gb_DQ836922_+_0-861_ARO:3001144_SHV-92	100.000	91	0	0	1	91	91	1	6.94e-43	169
NODE_147406_length_300_cov_1.65714	gb_KP050489_+_0-861_ARO:3001364_SHV-182	100.000	91	0	0	1	91	91	1	6.94e-43	169
NODE_147406_length_300_cov_1.65714	gb_DQ174304_+_4-865_ARO:3001119_SHV-64	100.000	91	0	0	1	91	91	1	6.94e-43	169
NODE_147406_length_300_cov_1.65714	gb_AJ920369_+_23-860_ARO:3001071_SHV-12	100.000	91	0	0	1	91	91	1	6.94e-43	169
NODE_147406_length_300_cov_1.65714	gb_AM176554_+_30-891_ARO:3001133_SHV-79	100.000	91	0	0	1	91	91	1	6.94e-43	169
NODE_147406_length_300_cov_1.65714	gb_AF535129_+_0-861_ARO:3001099_SHV-41	100.000	91	0	0	1	91	91	1	6.94e-43	169
NODE_147406_length_300_cov_1.65714	gb_AB023477_+_0-861_ARO:3001082_SHV-24	100.000	91	0	0	1	91	91	1	6.94e-43	169
NODE_147406_length_300_cov_1.65714	gb_EU274581_+_0-861_ARO:3001153_SHV-104	100.000	90	0	0	1	90	91	2	2.50e-42	167
NODE_147406_length_300_cov_1.65714	gb_JN051143_+_0-861_ARO:3001182_SHV-140	100.000	89	0	0	1	89	91	3	8.97e-42	165
NODE_147406_length_300_cov_1.65714	gb_AM176558_+_0-861_ARO:3001137_SHV-83	100.000	89	0	0	1	89	91	3	8.97e-42	165
NODE_147406_length_300_cov_1.65714	gb_JX121131_+_0-858_ARO:3001203_SHV-165	98.901	91	1	0	1	91	91	1	3.23e-41	163
NODE_147406_length_300_cov_1.65714	gb_U20270_+_124-985_ARO:3001066_SHV-7	98.901	91	1	0	1	91	91	1	3.23e-41	163
NODE_147406_length_300_cov_1.65714	gb_KP050494_+_0-861_ARO:3003156_SHV-189	98.901	91	1	0	1	91	91	1	3.23e-41	163
NODE_147406_length_300_cov_1.65714	gb_GQ390809_+_0-813_ARO:3001174_SHV-127	98.901	91	1	0	1	91	91	1	3.23e-41	163
NODE_147406_length_300_cov_1.65714	gb_AF299299_+_0-861_ARO:3001086_SHV-28	98.901	91	1	0	1	91	91	1	3.23e-41	163
NODE_147406_length_300_cov_1.65714	gb_DQ328802_+_0-861_ARO:3001140_SHV-86	98.901	91	1	0	1	91	91	1	3.23e-41	163
NODE_147406_length_300_cov_1.65714	gb_DQ322460_+_15-876_ARO:3001139_SHV-85	98.901	91	1	0	1	91	91	1	3.23e-41	163
NODE_147406_length_300_cov_1.65714	gb_HQ637576_+_0-861_ARO:3001179_SHV-135	98.901	91	1	0	1	91	91	1	3.23e-41	163
NODE_147406_length_300_cov_1.65714	gb_AY036620_+_88-949_ARO:3001092_SHV-34	98.901	91	1	0	1	91	91	1	3.23e-41	163
NODE_147406_length_300_cov_1.65714	gb_AJ863560_+_0-861_ARO:3001111_SHV-55	98.901	91	1	0	1	91	91	1	3.23e-41	163
NODE_147406_length_300_cov_1.65714	gb_EU418913_+_16-877_ARO:3001158_SHV-109	98.901	91	1	0	1	91	91	1	3.23e-41	163
NODE_147406_length_300_cov_1.65714	gb_AM176551_+_30-891_ARO:3001130_SHV-76	98.901	91	1	0	1	91	91	1	3.23e-41	163
NODE_147406_length_300_cov_1.65714	gb_AM176549_+_30-891_ARO:3001128_SHV-74	98.901	91	1	0	1	91	91	1	3.23e-41	163
NODE_147406_length_300_cov_1.65714	gb_AF208796_+_0-861_ARO:3001083_SHV-25	98.901	91	1	0	1	91	91	1	3.23e-41	163
NODE_147406_length_300_cov_1.65714	gb_AM941847_+_0-861_ARO:3001155_SHV-106	98.901	91	1	0	1	91	91	1	3.23e-41	163
NODE_147406_length_300_cov_1.65714	gb_GQ390806_+_0-813_ARO:3001171_SHV-124	98.901	91	1	0	1	91	91	1	3.23e-41	163
NODE_147406_length_300_cov_1.65714	gb_AF226622_+_54-915_ARO:3001073_SHV-14	98.901	91	1	0	1	91	91	1	3.23e-41	163
NODE_147406_length_300_cov_1.65714	gb_AM176547_+_30-891_ARO:3001126_SHV-72	98.901	91	1	0	1	91	91	1	3.23e-41	163
NODE_147406_length_300_cov_1.65714	gb_AF467948_+_0-861_ARO:3001095_SHV-37	98.901	91	1	0	1	91	91	1	3.23e-41	163
NODE_147406_length_300_cov_1.65714	gb_JQ029959_+_28-889_ARO:3001184_SHV-142	98.901	91	1	0	1	91	91	1	3.23e-41	163
NODE_147406_length_300_cov_1.65714	gb_AY661885_+_48-909_ARO:3001088_SHV-30	98.901	91	1	0	1	91	91	1	3.23e-41	163
NODE_147406_length_300_cov_1.65714	gb_AM941846_+_0-900_ARO:3001338_SHV-100	98.901	91	1	0	1	91	91	1	3.23e-41	163
NODE_147406_length_300_cov_1.65714	gb_AF467947_+_0-861_ARO:3001094_SHV-36	98.901	91	1	0	1	91	91	1	3.23e-41	163
NODE_147406_length_300_cov_1.65714	gb_AJ866284_+_0-861_ARO:3001116_SHV-61	98.901	91	1	0	1	91	91	1	3.23e-41	163
NODE_147406_length_300_cov_1.65714	gb_FJ194944_+_46-907_ARO:3001154_SHV-105	98.901	91	1	0	1	91	91	1	3.23e-41	163
NODE_147406_length_300_cov_1.65714	gb_AF132290_+_87-948_ARO:3001076_SHV-18	98.901	91	1	0	1	91	91	1	3.23e-41	163
NODE_147406_length_300_cov_1.65714	gb_AF535130_+_0-861_ARO:3001100_SHV-42	98.901	91	1	0	1	91	91	1	3.23e-41	163
NODE_147406_length_300_cov_1.65714	gb_HQ845196_+_0-861_ARO:3001109_SHV-52	98.901	91	1	0	1	91	91	1	3.23e-41	163
NODE_147406_length_300_cov_1.65714	gb_GQ390807_+_0-813_ARO:3001172_SHV-125	97.802	91	2	0	1	91	91	1	1.50e-39	158
NODE_147406_length_300_cov_1.65714	gb_KJ776406_+_16-877_ARO:3001340_SHV-119	97.802	91	2	0	1	91	91	1	1.50e-39	158
NODE_147406_length_300_cov_1.65714	gb_JX870080_+_0-861_ARO:3001352_SHV-168	97.802	91	2	0	1	91	91	1	1.50e-39	158
NODE_147406_length_300_cov_1.65714	gb_AM176557_+_0-861_ARO:3001136_SHV-82	97.802	91	2	0	1	91	91	1	1.50e-39	158
NODE_147406_length_300_cov_1.65714	gb_HQ661362_+_71-932_ARO:3001168_SHV-121	97.802	91	2	0	1	91	91	1	1.50e-39	158
NODE_147406_length_300_cov_1.65714	gb_AM176548_+_16-874_ARO:3001127_SHV-73	100.000	82	0	0	2	83	87	6	6.99e-38	152
NODE_147406_length_300_cov_1.65714	gb_AY590467_+_0-729_ARO:3001110_SHV-53	100.000	71	0	0	1	71	71	1	9.10e-32	132
NODE_147406_length_300_cov_1.65714	gb_AF117747_+_0-780_ARO:3001081_SHV-23	100.000	61	0	0	1	61	61	1	3.30e-26	113
NODE_147406_length_300_cov_1.65714	gb_AF117743_+_0-780_ARO:3001077_SHV-19	100.000	61	0	0	1	61	61	1	3.30e-26	113
NODE_147406_length_300_cov_1.65714	gb_AF117746_+_0-780_ARO:3001080_SHV-22	100.000	61	0	0	1	61	61	1	3.30e-26	113
NODE_147406_length_300_cov_1.65714	gb_AF117744_+_0-780_ARO:3001078_SHV-20	100.000	61	0	0	1	61	61	1	3.30e-26	113
NODE_147406_length_300_cov_1.65714	gb_AF117745_+_0-780_ARO:3001079_SHV-21	100.000	61	0	0	1	61	61	1	3.30e-26	113
NODE_147406_length_300_cov_1.65714	gb_Y11069_+_0-780_ARO:3001065_SHV-6	100.000	61	0	0	1	61	61	1	3.30e-26	113
NODE_150209_length_297_cov_0.727273	gb_U00096_+_2158385-2161463_ARO:3000794_mdtC	90.244	287	28	0	2	288	2590	2876	3.77e-105	375
NODE_151483_length_296_cov_46	gb_X74948_+_0-492_ARO:3002688_catS	99.107	224	2	0	73	296	1	224	1.72e-113	403
NODE_152214_length_295_cov_1.45	gb_NC_000913.3_+_3219493-3220873_ARO:3000024_patA	85.614	285	41	0	3	287	769	1053	2.32e-82	300
NODE_157262_length_290_cov_3.11489	gb_NC_000913.3_-_721055-721733_ARO:3003841_kdpE	97.727	132	3	0	159	290	673	542	1.09e-60	228
NODE_157803_length_289_cov_1.66239	gb_D78168_+_1591-3130_ARO:3000254_emrY	98.962	289	3	0	1	289	460	748	5.75e-148	518
NODE_160543_length_287_cov_1.625	gb_U00096_+_2155262-2158385_ARO:3000793_mdtB	83.895	267	43	0	1	267	540	806	4.94e-69	255
NODE_160543_length_287_cov_1.625	gb_NC_002516.2_-_2850882-2854014_ARO:3004074_MuxB	70.968	279	73	8	2	276	514	788	4.15e-10	60.2
NODE_162312_length_285_cov_2.87391	gb_NC_007779_+_2586250-2589364_ARO:3000491_acrD	82.222	225	40	0	42	266	2890	3114	1.08e-50	195
NODE_163712_length_284_cov_1.25764	gb_NC_010378.1_+_47850-51003_ARO:3003923_oqxB	98.039	153	3	0	131	283	3153	3001	2.26e-72	267
NODE_163761_length_284_cov_40.5328	gb_Z21523_+_0-1974_ARO:3000191_tetQ	95.070	284	14	0	1	284	417	700	7.50e-127	448
NODE_166516_length_281_cov_1.71239	gb_NC_007779_+_2166412-2167135_ARO:3000828_baeR	98.406	251	4	0	1	251	473	723	3.45e-125	442
NODE_170451_length_278_cov_2.287	gb_JQ394987_+_0-1233_ARO:3001328_Escherichia	98.837	172	2	0	107	278	1233	1062	1.30e-84	307
NODE_171437_length_277_cov_1.50901	gb_NC_002516_+_2810008-2813197_ARO:3000804_MexF	76.923	234	49	5	31	262	1141	1371	1.08e-30	128
NODE_171991_length_276_cov_2.819	gb_U00096.3_-_4567286-4568519_ARO:3001214_mdtM	97.464	276	7	0	1	276	327	602	4.32e-134	472
NODE_172484_length_276_cov_0.642534	gb_U00096_+_2484373-2487967_ARO:3000833_evgS	97.638	254	6	0	1	254	254	1	1.57e-123	436
NODE_172686_length_276_cov_2.11312	gb_U00096_+_2158385-2161463_ARO:3000794_mdtC	96.014	276	11	0	1	276	1563	1838	2.02e-127	449
NODE_177318_length_272_cov_1.93088	gb_U00096_+_2484373-2487967_ARO:3000833_evgS	100.000	272	0	0	1	272	1923	2194	1.51e-143	503
NODE_177451_length_272_cov_1.9447	gb_NC_010378.1_+_47850-51003_ARO:3003923_oqxB	99.265	272	2	0	1	272	588	859	3.26e-140	492
NODE_185337_length_266_cov_1.07583	gb_AM180355_+_600033-601953_ARO:3000186_tetM	98.148	54	1	0	213	266	1764	1711	1.05e-20	95.3
NODE_189557_length_263_cov_1.78846	gb_X53401_+_0-1992_ARO:3002891_otr(A)	97.143	35	1	0	220	254	209	243	3.78e-10	60.2
NODE_192037_length_261_cov_1.06311	gb_NC_007779_+_2166412-2167135_ARO:3000828_baeR	100.000	195	0	0	67	261	1	195	9.18e-101	361
NODE_192037_length_261_cov_1.06311	gb_AP009048_+_2165012-2166416_ARO:3000829_baeS	100.000	70	0	0	1	70	1335	1404	2.82e-31	130
NODE_196643_length_258_cov_1.58128	gb_U00096_+_2155262-2158385_ARO:3000793_mdtB	100.000	255	0	0	4	258	492	238	4.01e-134	472
NODE_199749_length_256_cov_2.27363	gb_AP009048.1_-_4306556-4307588_ARO:3003548_mdtN	98.828	256	3	0	1	256	706	961	1.11e-129	457
NODE_201306_length_255_cov_1.465	gb_JQ394987_+_0-1233_ARO:3001328_Escherichia	93.333	225	15	0	31	255	1	225	1.95e-92	333
NODE_201480_length_255_cov_3.535	gb_AP009048.1_-_4304505-4306557_ARO:3003549_mdtO	98.824	255	3	0	1	255	1347	1601	3.99e-129	455
NODE_205468_length_252_cov_1.72081	gb_U00096_+_2155262-2158385_ARO:3000793_mdtB	99.206	252	2	0	1	252	905	654	3.94e-129	455
NODE_205549_length_252_cov_1.75127	gb_NC_000913.3_-_481253-484403_ARO:3000216_acrB	98.016	252	5	0	1	252	735	986	3.97e-124	438
NODE_205639_length_252_cov_1.24873	gb_NC_010378.1_+_46651-47827_ARO:3003922_oqxA	98.810	252	3	0	1	252	824	1075	1.83e-127	449
NODE_206049_length_252_cov_0.974619	gb_U00096_-_2098446-2099613_ARO:3003577_ugd	94.444	252	14	0	1	252	1131	880	4.05e-109	388
NODE_206309_length_252_cov_2.04569	gb_AJ011502.1_+_300-1425_ARO:3004122_Klebsiella	99.537	216	1	0	37	252	1	216	8.71e-111	394
NODE_209700_length_250_cov_3.8	gb_JQ740052_+_2108-3329_ARO:3000567_tet(40)	95.238	147	6	1	105	250	1	147	7.17e-62	231
NODE_209700_length_250_cov_3.8	gb_M18896.2_+_206-2126_ARO:3000190_tetO	98.305	59	1	0	1	59	1862	1920	1.63e-23	104
NODE_209700_length_250_cov_3.8	gb_AJ295238.3_+_163-2083_ARO:3000196_tet32	98.305	59	1	0	1	59	1862	1920	1.63e-23	104
NODE_210029_length_249_cov_0.948454	gb_NC_023287.1_-_65291-66509_ARO:3000615_mefA	98.381	247	4	0	2	248	1114	868	5.07e-123	435
NODE_210795_length_249_cov_1.39175	gb_KU302801_+_102199-102430_ARO:3002831_vgaC	100.000	48	0	0	202	249	231	184	4.54e-19	89.8
NODE_215753_length_246_cov_1.56021	gb_U00096_+_2154015-2155263_ARO:3000792_mdtA	98.611	144	2	0	1	144	144	1	4.18e-69	255
NODE_216107_length_246_cov_1.0733	gb_NC_000913.3_-_481253-484403_ARO:3000216_acrB	98.374	246	4	0	1	246	2442	2197	1.80e-122	433
NODE_220838_length_243_cov_0.941489	gb_NC_014638.1_-_1610636-1613960_ARO:3003730_Bifidobacteria	84.343	198	27	2	1	196	2482	2287	1.18e-49	191
NODE_221524_length_243_cov_2.54787	gb_NC_007779_+_2586250-2589364_ARO:3000491_acrD	100.000	69	0	0	175	243	3114	3046	9.38e-31	128
NODE_228889_length_239_cov_1.41848	gb_Z11877.1_+_485-818_ARO:3004039_Escherichia	99.099	111	1	0	129	239	333	223	1.92e-52	200
NODE_229577_length_238_cov_2.56284	gb_U00096_+_2367070-2368039_ARO:3003578_pmrF	98.739	238	3	0	1	238	291	528	1.04e-119	424
NODE_234020_length_236_cov_1.59116	gb_AP009048_+_2165012-2166416_ARO:3000829_baeS	96.567	233	8	0	4	236	1262	1030	1.36e-108	387
NODE_235786_length_235_cov_1.02222	gb_AF242872_+_2131-2878_ARO:3000375_ErmB	99.149	235	2	0	1	235	186	420	1.03e-119	424
NODE_242263_length_232_cov_1.32203	gb_NC_000913.3_-_481253-484403_ARO:3000216_acrB	97.845	232	5	0	1	232	1255	1024	4.76e-113	401
NODE_242710_length_232_cov_0.740113	gb_KU302801_+_102199-102430_ARO:3002831_vgaC	98.256	172	3	0	61	232	1	172	4.96e-83	302
NODE_245279_length_231_cov_1.64773	gb_NC_000913.3_-_481253-484403_ARO:3000216_acrB	98.701	231	3	0	1	231	2698	2468	7.87e-116	411
NODE_245279_length_231_cov_1.64773	gb_NC_006350.1_-_2147817-2150949_ARO:3002983_amrB	84.932	73	9	2	2	73	2679	2608	4.22e-14	73.1
NODE_247169_length_230_cov_0.942857	gb_DQ212986_+_2258-2966_ARO:3002926_vanRG	82.353	187	32	1	6	192	186	1	8.71e-41	161
NODE_250458_length_228_cov_2.03468	gb_AFRQ01000061.1_-_23986-27124_ARO:3004144_AxyY	78.341	217	43	4	1	215	1044	1258	1.45e-33	137
NODE_250942_length_228_cov_1.42197	gb_DQ212986_+_5984-7034_ARO:3002909_vanG	99.425	174	1	0	1	174	877	1050	1.74e-87	316
NODE_250942_length_228_cov_1.42197	gb_DQ212986_+_7030-7795_ARO:3003069_vanXYG	100.000	58	0	0	171	228	1	58	1.14e-24	108
NODE_256615_length_225_cov_1.47647	gb_AF242872_+_2131-2878_ARO:3000375_ErmB	100.000	199	0	0	27	225	1	199	4.67e-103	368
NODE_265468_length_222_cov_1.94611	gb_X53401_+_0-1992_ARO:3002891_otr(A)	87.037	54	7	0	29	82	209	262	8.74e-11	62.1
NODE_266852_length_221_cov_1.54217	gb_AY701528.1_+_9695-10589_ARO:3004191_APH(2'')-If	91.324	219	19	0	1	219	517	735	1.69e-82	300
NODE_277004_length_217_cov_1.1358	gb_DQ212986_+_7787-9926_ARO:3002972_vanTG	99.539	217	1	0	1	217	1154	1370	2.06e-111	396
NODE_281611_length_215_cov_1.64375	gb_AP009048.1_-_4306556-4307588_ARO:3003548_mdtN	96.744	215	7	0	1	215	706	492	2.67e-100	359
NODE_285836_length_214_cov_0.899371	gb_Z11877.1_+_485-818_ARO:3004039_Escherichia	94.393	214	12	0	1	214	105	318	2.08e-91	329
NODE_294421_length_211_cov_2.1859	gb_U00096_-_1124117-1125326_ARO:3001216_mdtH	97.143	210	6	0	2	211	635	426	3.38e-99	355
NODE_299549_length_209_cov_0.818182	gb_AJ318073.1_+_793-1990_ARO:3004041_Klebsiella	99.043	209	2	0	1	209	725	933	2.57e-105	375
NODE_299887_length_209_cov_0.948052	gb_NC_002516.2_-_2847775-2850886_ARO:3004075_MuxC	74.641	209	51	2	2	209	1180	1387	1.04e-19	91.6
NODE_302480_length_208_cov_1.26797	gb_M35190.1_+_308-932_ARO:3004454_Campylobacter	96.635	208	7	0	1	208	578	371	2.01e-96	346
NODE_306978_length_206_cov_1.82781	gb_AF173226_+_3767-6917_ARO:3003052_smeB	79.902	204	41	0	3	206	1156	1359	1.67e-37	150
NODE_307295_length_206_cov_2.01987	gb_M57437_+_0-1647_ARO:3002827_tlrC	96.875	32	1	0	66	97	568	599	1.35e-08	54.7
NODE_309042_length_198_cov_4.25874	gb_X74948_+_0-492_ARO:3002688_catS	81.000	200	35	3	1	198	189	387	3.43e-39	156
NODE_311400_length_107_cov_156.115	gb_Z21523_+_0-1974_ARO:3000191_tetQ	95.327	107	5	0	1	107	523	417	6.07e-44	171
NODE_312623_length_74_cov_23.5789	gb_X74948_+_0-492_ARO:3002688_catS	97.015	67	2	0	1	67	170	236	6.61e-27	113
