NODE_1_length_8690_cov_5.58112	gb_AF472622_+_52-1018_ARO:3003003_CfxA3	100.000	52	0	0	8639	8690	966	915	1.02e-19	97.1
NODE_1_length_8690_cov_5.58112	gb_AY769934_+_27-993_ARO:3003096_CfxA5	100.000	52	0	0	8639	8690	966	915	1.02e-19	97.1
NODE_1_length_8690_cov_5.58112	gb_U38243_+_149-1115_ARO:3003001_CfxA	100.000	52	0	0	8639	8690	966	915	1.02e-19	97.1
NODE_1_length_8690_cov_5.58112	gb_AY769933_+_0-966_ARO:3003005_CfxA4	100.000	52	0	0	8639	8690	966	915	1.02e-19	97.1
NODE_1_length_8690_cov_5.58112	gb_AF118110.1_-_71-1037_ARO:3003002_CfxA2	100.000	52	0	0	8639	8690	966	915	1.02e-19	97.1
NODE_457_length_1691_cov_5.12775	gb_AF472622_+_52-1018_ARO:3003003_CfxA3	98.276	58	1	0	1634	1691	64	121	4.25e-22	102
NODE_457_length_1691_cov_5.12775	gb_AY769934_+_27-993_ARO:3003096_CfxA5	98.276	58	1	0	1634	1691	64	121	4.25e-22	102
NODE_457_length_1691_cov_5.12775	gb_U38243_+_149-1115_ARO:3003001_CfxA	98.276	58	1	0	1634	1691	64	121	4.25e-22	102
NODE_457_length_1691_cov_5.12775	gb_AY769933_+_0-966_ARO:3003005_CfxA4	98.276	58	1	0	1634	1691	64	121	4.25e-22	102
NODE_457_length_1691_cov_5.12775	gb_AF118110.1_-_71-1037_ARO:3003002_CfxA2	98.276	58	1	0	1634	1691	64	121	4.25e-22	102
NODE_1374_length_1212_cov_3.6586	gb_AF472622_+_52-1018_ARO:3003003_CfxA3	100.000	52	0	0	1161	1212	966	915	1.41e-20	97.1
NODE_1374_length_1212_cov_3.6586	gb_AY769934_+_27-993_ARO:3003096_CfxA5	100.000	52	0	0	1161	1212	966	915	1.41e-20	97.1
NODE_1374_length_1212_cov_3.6586	gb_U38243_+_149-1115_ARO:3003001_CfxA	100.000	52	0	0	1161	1212	966	915	1.41e-20	97.1
NODE_1374_length_1212_cov_3.6586	gb_AY769933_+_0-966_ARO:3003005_CfxA4	100.000	52	0	0	1161	1212	966	915	1.41e-20	97.1
NODE_1374_length_1212_cov_3.6586	gb_AF118110.1_-_71-1037_ARO:3003002_CfxA2	100.000	52	0	0	1161	1212	966	915	1.41e-20	97.1
NODE_1479_length_1187_cov_4.2659	gb_AP006618.1_+_4835199-4838688_ARO:3000501_Nocardia	85.928	334	43	4	12	343	2968	3299	7.41e-98	353
NODE_2243_length_1042_cov_4.90375	gb_AF472622_+_52-1018_ARO:3003003_CfxA3	100.000	121	0	0	922	1042	1	121	5.31e-59	224
NODE_2243_length_1042_cov_4.90375	gb_AY769934_+_27-993_ARO:3003096_CfxA5	100.000	121	0	0	922	1042	1	121	5.31e-59	224
NODE_2243_length_1042_cov_4.90375	gb_U38243_+_149-1115_ARO:3003001_CfxA	100.000	121	0	0	922	1042	1	121	5.31e-59	224
NODE_2243_length_1042_cov_4.90375	gb_AY769933_+_0-966_ARO:3003005_CfxA4	100.000	121	0	0	922	1042	1	121	5.31e-59	224
NODE_2243_length_1042_cov_4.90375	gb_AF118110.1_-_71-1037_ARO:3003002_CfxA2	100.000	121	0	0	922	1042	1	121	5.31e-59	224
NODE_3469_length_903_cov_11.1191	gb_AF118110.1_-_71-1037_ARO:3003002_CfxA2	100.000	900	0	0	4	903	966	67	0.0	1663
NODE_3469_length_903_cov_11.1191	gb_AF472622_+_52-1018_ARO:3003003_CfxA3	99.889	900	1	0	4	903	966	67	0.0	1657
NODE_3469_length_903_cov_11.1191	gb_AY769934_+_27-993_ARO:3003096_CfxA5	99.889	900	1	0	4	903	966	67	0.0	1657
NODE_3469_length_903_cov_11.1191	gb_U38243_+_149-1115_ARO:3003001_CfxA	99.889	900	1	0	4	903	966	67	0.0	1657
NODE_3469_length_903_cov_11.1191	gb_AY769933_+_0-966_ARO:3003005_CfxA4	99.889	900	1	0	4	903	966	67	0.0	1657
NODE_3469_length_903_cov_11.1191	gb_GQ342996_+_797-1793_ARO:3003097_CfxA6	88.839	896	97	3	9	903	993	100	0.0	1098
NODE_3652_length_889_cov_2.82014	gb_NC_003098.1_+_866210-867410_ARO:3000822_pmrA	97.309	223	6	0	1	223	978	1200	9.10e-106	379
NODE_5273_length_787_cov_3.44672	gb_CP007593.1_+_2148923-2149772_ARO:3001301_RlmA(II)	89.130	138	14	1	1	137	138	1	5.27e-43	171
NODE_6333_length_740_cov_2.41898	gb_Z21523_+_0-1974_ARO:3000191_tetQ	98.907	732	8	0	9	740	1763	1032	0.0	1308
NODE_8898_length_655_cov_2.77833	gb_AF235050.4_+_38028-40140_ARO:3003318_Streptomyces	77.112	367	76	7	292	654	453	91	1.20e-53	206
NODE_11408_length_597_cov_2.73063	gb_Z21523_+_0-1974_ARO:3000191_tetQ	89.679	591	61	0	7	597	1750	1160	0.0	754
NODE_13752_length_556_cov_1.998	gb_Z21523_+_0-1974_ARO:3000191_tetQ	95.745	188	8	0	1	188	188	1	3.48e-83	303
NODE_20613_length_470_cov_1.03373	gb_NC_003098.1_+_866210-867410_ARO:3000822_pmrA	91.880	468	38	0	3	470	103	570	0.0	654
NODE_21568_length_461_cov_1.50985	gb_Z21523_+_0-1974_ARO:3000191_tetQ	98.265	461	8	0	1	461	1025	565	0.0	808
NODE_22046_length_457_cov_1.33085	gb_HQ652506.1_+_2099-3836_ARO:3004033_tetB(46)	96.061	457	18	0	1	457	374	830	0.0	745
NODE_22983_length_449_cov_1.42386	gb_AF540889_+_0-327_ARO:3002871_tet37	99.099	222	2	0	88	309	1	222	3.45e-112	399
NODE_24556_length_437_cov_2.09686	gb_Z21523_+_0-1974_ARO:3000191_tetQ	89.195	435	47	0	2	436	885	451	1.46e-155	544
NODE_24868_length_435_cov_2.02895	gb_Z21523_+_0-1974_ARO:3000191_tetQ	91.099	191	17	0	3	193	1784	1974	5.91e-70	259
NODE_28590_length_410_cov_1.27887	gb_NC_003098.1_+_866210-867410_ARO:3000822_pmrA	93.902	410	25	0	1	410	374	783	2.21e-178	619
NODE_29258_length_406_cov_2.13675	gb_CP007593.1_+_2148923-2149772_ARO:3001301_RlmA(II)	93.103	203	14	0	1	203	647	849	1.16e-81	298
NODE_35528_length_373_cov_1.55346	gb_CP007593.1_+_2148923-2149772_ARO:3001301_RlmA(II)	88.472	373	43	0	1	373	126	498	7.73e-128	451
NODE_36115_length_370_cov_2.07937	gb_NC_003098.1_-_1359228-1360395_ARO:3000025_patB	93.784	370	23	0	1	370	109	478	1.58e-159	556
NODE_37547_length_364_cov_2.64401	gb_Z21523_+_0-1974_ARO:3000191_tetQ	96.703	364	12	0	1	364	198	561	1.52e-174	606
NODE_38966_length_358_cov_3.94389	gb_AF235050.4_+_38028-40140_ARO:3003318_Streptomyces	81.818	121	20	2	239	358	76	195	3.10e-22	100
NODE_45260_length_335_cov_1.1	gb_HQ652506.1_+_373-2098_ARO:3004032_tetA(46)	95.522	335	15	0	1	335	287	621	1.86e-153	536
NODE_46477_length_331_cov_1.50725	gb_NC_003098.1_+_866210-867410_ARO:3000822_pmrA	96.061	330	13	0	2	331	691	1020	5.10e-154	538
NODE_48312_length_325_cov_1.61111	gb_CP007593.1_+_2148923-2149772_ARO:3001301_RlmA(II)	90.373	322	27	4	6	325	701	382	1.89e-118	420
NODE_52950_length_312_cov_0.914397	gb_HQ652506.1_+_373-2098_ARO:3004032_tetA(46)	94.922	256	13	0	1	256	1470	1725	6.55e-113	401
NODE_52950_length_312_cov_0.914397	gb_HQ652506.1_+_2099-3836_ARO:3004033_tetB(46)	96.364	55	2	0	258	312	1	55	1.61e-19	91.6
NODE_58526_length_299_cov_2.27459	gb_CP007593.1_+_2148923-2149772_ARO:3001301_RlmA(II)	85.714	147	21	0	3	149	697	843	5.38e-39	156
NODE_62354_length_290_cov_1.28085	gb_HQ652506.1_+_373-2098_ARO:3004032_tetA(46)	96.552	290	10	0	1	290	1105	1394	7.57e-137	481
NODE_63735_length_287_cov_1.64224	gb_HQ652506.1_+_373-2098_ARO:3004032_tetA(46)	89.199	287	31	0	1	287	1082	796	3.66e-100	359
NODE_67568_length_280_cov_1.58667	gb_AM180355_+_600033-601953_ARO:3000186_tetM	97.857	280	6	0	1	280	1746	1467	5.63e-138	484
NODE_70380_length_275_cov_1.37727	gb_Z21523_+_0-1974_ARO:3000191_tetQ	96.970	66	2	0	1	66	1909	1974	1.08e-25	111
NODE_81894_length_257_cov_1.4604	gb_NC_003098.1_-_1359228-1360395_ARO:3000025_patB	93.750	256	16	0	1	256	739	484	5.36e-108	385
NODE_85854_length_251_cov_1.06122	gb_CP007593.1_+_2148923-2149772_ARO:3001301_RlmA(II)	89.200	250	27	0	1	250	367	118	2.50e-86	313
NODE_96929_length_238_cov_1.23497	gb_CP007593.1_+_2148923-2149772_ARO:3001301_RlmA(II)	88.655	238	27	0	1	238	529	292	1.10e-79	291
NODE_100166_length_235_cov_1.14444	gb_NC_003098.1_-_1359228-1360395_ARO:3000025_patB	92.920	226	16	0	1	226	936	1161	2.31e-91	329
NODE_106487_length_228_cov_1.05202	gb_HQ652506.1_+_2099-3836_ARO:3004033_tetB(46)	87.444	223	26	2	7	228	1172	951	3.85e-69	255
NODE_114402_length_221_cov_1.65663	gb_HQ652506.1_+_2099-3836_ARO:3004033_tetB(46)	94.570	221	12	0	1	221	468	248	2.77e-95	342
NODE_114663_length_221_cov_0.849398	gb_AM180355_+_600033-601953_ARO:3000186_tetM	96.500	200	7	0	1	200	1721	1920	6.00e-92	331
NODE_123035_length_214_cov_1.14465	gb_KX000272.1_+_0-1740_ARO:3004035_tetA(60)	91.121	214	19	0	1	214	933	720	9.83e-80	291
NODE_125915_length_212_cov_2.08917	gb_NC_003098.1_-_1359228-1360395_ARO:3000025_patB	92.537	134	10	0	5	138	134	1	2.82e-50	193
NODE_132695_length_207_cov_1.94737	gb_NC_003098.1_-_1359228-1360395_ARO:3000025_patB	90.338	207	20	0	1	207	921	715	3.43e-74	272
