NODE_726_length_922_cov_1.75087	gb_AM180355_+_600033-601953_ARO:3000186_tetM	87.213	610	78	0	313	922	1	610	0.0	695
NODE_1063_length_820_cov_2.65882	gb_NC_003112.2_-_1791966-1795170_ARO:3000811_mtrD	79.756	820	162	4	3	820	1459	2276	9.90e-170	592
NODE_1477_length_739_cov_2.03655	gb_CP007593.1_+_2148923-2149772_ARO:3001301_RlmA(II)	86.583	559	71	3	182	738	1	557	1.90e-176	614
NODE_1985_length_670_cov_1.70081	gb_AP006618.1_+_4835199-4838688_ARO:3000501_Nocardia	82.800	250	41	2	1	249	3121	3369	1.22e-58	222
NODE_2530_length_622_cov_1.52381	gb_AF242872_+_2131-2878_ARO:3000375_ErmB	99.035	622	6	0	1	622	700	79	0.0	1116
NODE_4422_length_523_cov_2.64316	gb_AF118110.1_-_71-1037_ARO:3003002_CfxA2	99.795	488	1	0	7	494	455	942	0.0	896
NODE_4422_length_523_cov_2.64316	gb_AF472622_+_52-1018_ARO:3003003_CfxA3	99.590	488	2	0	7	494	455	942	0.0	891
NODE_4422_length_523_cov_2.64316	gb_AY769934_+_27-993_ARO:3003096_CfxA5	99.590	488	2	0	7	494	455	942	0.0	891
NODE_4422_length_523_cov_2.64316	gb_U38243_+_149-1115_ARO:3003001_CfxA	99.590	488	2	0	7	494	455	942	0.0	891
NODE_4422_length_523_cov_2.64316	gb_AY769933_+_0-966_ARO:3003005_CfxA4	99.590	488	2	0	7	494	455	942	0.0	891
NODE_4422_length_523_cov_2.64316	gb_GQ342996_+_797-1793_ARO:3003097_CfxA6	90.000	480	48	0	15	494	496	975	7.94e-179	621
NODE_4708_length_512_cov_1.15536	gb_Z21523_+_0-1974_ARO:3000191_tetQ	100.000	512	0	0	1	512	739	1250	0.0	946
NODE_5046_length_502_cov_1.68456	gb_AM180355_+_600033-601953_ARO:3000186_tetM	94.622	502	27	0	1	502	960	1461	0.0	778
NODE_5046_length_502_cov_1.68456	gb_L09756_+_0-1926_ARO:3000192_tetS	81.174	494	93	0	9	502	968	1461	1.39e-111	398
NODE_7200_length_450_cov_1.50127	gb_NC_003098.1_-_1359228-1360395_ARO:3000025_patB	94.203	414	24	0	37	450	1161	748	0.0	632
NODE_10067_length_405_cov_2.47714	gb_AM180355_+_600033-601953_ARO:3000186_tetM	96.543	405	14	0	1	405	1449	1853	0.0	671
NODE_10831_length_396_cov_1.02346	gb_HQ652506.1_+_373-2098_ARO:3004032_tetA(46)	94.629	391	21	0	3	393	821	1211	1.66e-174	606
NODE_10931_length_395_cov_2.05882	gb_NC_003098.1_+_866210-867410_ARO:3000822_pmrA	98.485	132	2	0	263	394	1200	1069	3.24e-62	233
NODE_11110_length_393_cov_1.97633	gb_NC_003098.1_-_1359228-1360395_ARO:3000025_patB	85.090	389	58	0	1	389	479	91	1.08e-111	398
NODE_11851_length_384_cov_1.68693	gb_AFRQ01000061.1_-_23986-27124_ARO:3004144_AxyY	84.022	363	52	6	14	373	1511	1152	1.39e-95	344
NODE_11851_length_384_cov_1.68693	gb_AB015853_+_1330-4471_ARO:3003033_mexY	83.065	372	61	2	14	384	1511	1141	2.33e-93	337
NODE_12608_length_376_cov_0.971963	gb_NC_003098.1_+_866210-867410_ARO:3000822_pmrA	94.780	364	19	0	1	364	364	1	7.41e-163	568
NODE_12642_length_376_cov_0.956386	gb_NC_014638.1_-_1610636-1613960_ARO:3003730_Bifidobacteria	75.835	389	72	13	8	376	1399	1785	1.46e-45	178
NODE_12898_length_373_cov_1.14465	gb_AY768532_+_0-1935_ARO:3000535_macB	88.154	363	43	0	1	363	339	701	2.80e-122	433
NODE_15044_length_355_cov_1.59333	gb_HM990671_+_5192-6671_ARO:3003112_lsaC	86.479	355	48	0	1	355	405	51	1.63e-109	390
NODE_16448_length_345_cov_1.9931	gb_NC_003112.2_-_1791966-1795170_ARO:3000811_mtrD	85.799	338	44	3	1	336	2274	2609	5.76e-99	355
NODE_19013_length_328_cov_1.12821	gb_NC_023287.1_-_65291-66509_ARO:3000615_mefA	96.552	145	5	0	1	145	1074	1218	1.59e-64	241
NODE_19013_length_328_cov_1.12821	gb_NC_012469.1_-_1800927-1802391_ARO:3000616_mel	100.000	64	0	0	265	328	1	64	7.80e-28	119
NODE_21748_length_314_cov_0.803089	gb_HM990671_+_5192-6671_ARO:3003112_lsaC	94.904	314	16	0	1	314	318	631	3.81e-140	492
NODE_24457_length_302_cov_4.10121	gb_AM180355_+_600033-601953_ARO:3000186_tetM	100.000	59	0	0	1	59	1862	1920	4.30e-25	110
NODE_28901_length_286_cov_1.88745	gb_AM180355_+_600033-601953_ARO:3000186_tetM	91.039	279	25	0	1	279	966	688	1.01e-105	377
NODE_28901_length_286_cov_1.88745	gb_L09756_+_0-1926_ARO:3000192_tetS	77.256	277	59	4	5	279	962	688	3.97e-40	159
NODE_30647_length_280_cov_1.77333	gb_AF173226_+_3767-6917_ARO:3003052_smeB	78.855	227	42	3	42	265	2852	2629	8.39e-37	148
NODE_37520_length_261_cov_2.07282	gb_AF472622_+_52-1018_ARO:3003003_CfxA3	99.617	261	1	0	1	261	324	64	8.74e-136	477
NODE_37520_length_261_cov_2.07282	gb_AY769934_+_27-993_ARO:3003096_CfxA5	99.617	261	1	0	1	261	324	64	8.74e-136	477
NODE_37520_length_261_cov_2.07282	gb_U38243_+_149-1115_ARO:3003001_CfxA	99.617	261	1	0	1	261	324	64	8.74e-136	477
NODE_37520_length_261_cov_2.07282	gb_AY769933_+_0-966_ARO:3003005_CfxA4	99.617	261	1	0	1	261	324	64	8.74e-136	477
NODE_37520_length_261_cov_2.07282	gb_AF118110.1_-_71-1037_ARO:3003002_CfxA2	99.617	261	1	0	1	261	324	64	8.74e-136	477
NODE_37520_length_261_cov_2.07282	gb_GQ342996_+_797-1793_ARO:3003097_CfxA6	89.272	261	28	0	1	261	357	97	9.31e-91	327
NODE_42784_length_250_cov_0.897436	gb_HQ652506.1_+_373-2098_ARO:3004032_tetA(46)	97.200	250	7	0	1	250	1176	1425	1.10e-119	424
NODE_45440_length_245_cov_1.00526	gb_NC_003098.1_+_866210-867410_ARO:3000822_pmrA	93.878	245	15	0	1	245	470	714	1.42e-103	370
NODE_50134_length_236_cov_1.16022	gb_Z21523_+_0-1974_ARO:3000191_tetQ	100.000	186	0	0	51	236	1974	1789	8.29e-96	344
NODE_53066_length_232_cov_1.81356	gb_NC_003098.1_+_866210-867410_ARO:3000822_pmrA	96.552	232	8	0	1	232	1124	893	4.79e-108	385
NODE_54722_length_229_cov_0.821839	gb_CP007593.1_+_2148923-2149772_ARO:3001301_RlmA(II)	88.938	226	25	0	4	229	283	58	2.29e-76	279
NODE_55762_length_228_cov_0.988439	gb_NC_003098.1_-_1359228-1360395_ARO:3000025_patB	95.982	224	9	0	5	228	91	314	6.12e-102	364
NODE_60483_length_221_cov_1.65663	gb_NC_012469.1_-_1800927-1802391_ARO:3000616_mel	100.000	221	0	0	1	221	903	1123	2.70e-115	409
