NODE_88_length_14606_cov_5.28101	gb_NC_003112.2_-_1791966-1795170_ARO:3000811_mtrD	83.946	3183	497	10	4242	7417	3176	1	0.0	3035	2577788
NODE_88_length_14606_cov_5.28101	gb_NC_003112.2_-_1795181-1796420_ARO:3000810_mtrC	81.003	1037	193	4	7546	8580	1155	121	0.0	821	2577788
NODE_88_length_14606_cov_5.28101	gb_CP001050.1_+_1332866-1333499_ARO:3000817_mtrR	79.870	616	121	3	8958	9571	1	615	4.12e-125	448	2577788
NODE_88_length_14606_cov_5.28101	gb_NC_003112.2_-_1791966-1795170_ARO:3000811_mtrD	83.946	3183	497	10	4242	7417	3176	1	0.0	3035	590854
NODE_88_length_14606_cov_5.28101	gb_NC_003112.2_-_1795181-1796420_ARO:3000810_mtrC	81.003	1037	193	4	7546	8580	1155	121	0.0	821	590854
NODE_88_length_14606_cov_5.28101	gb_CP001050.1_+_1332866-1333499_ARO:3000817_mtrR	79.870	616	121	3	8958	9571	1	615	4.12e-125	448	590854
NODE_190_length_10349_cov_5.10812	gb_AY768532_+_0-1935_ARO:3000535_macB	86.178	1939	259	8	3547	5482	1	1933	0.0	2087	2331441
NODE_190_length_10349_cov_5.10812	gb_AY768531_+_0-1179_ARO:3000533_macA	84.755	1102	155	11	2348	3444	77	1170	0.0	1092	2331441
NODE_440_length_6764_cov_11.1261	gb_AF118110.1_-_71-1037_ARO:3003002_CfxA2	100.000	966	0	0	5743	6708	966	1	0.0	1784	19012
NODE_440_length_6764_cov_11.1261	gb_AF472622_+_52-1018_ARO:3003003_CfxA3	99.896	966	1	0	5743	6708	966	1	0.0	1779	19012
NODE_440_length_6764_cov_11.1261	gb_AY769934_+_27-993_ARO:3003096_CfxA5	99.896	966	1	0	5743	6708	966	1	0.0	1779	19012
NODE_440_length_6764_cov_11.1261	gb_U38243_+_149-1115_ARO:3003001_CfxA	99.896	966	1	0	5743	6708	966	1	0.0	1779	19012
NODE_440_length_6764_cov_11.1261	gb_AY769933_+_0-966_ARO:3003005_CfxA4	99.896	966	1	0	5743	6708	966	1	0.0	1779	19012
NODE_440_length_6764_cov_11.1261	gb_GQ342996_+_797-1793_ARO:3003097_CfxA6	89.234	966	101	3	5748	6712	993	30	0.0	1205	19012
NODE_747_length_4919_cov_4.66427	gb_AY768532_+_0-1935_ARO:3000535_macB	80.979	1635	294	15	3289	4916	1	1625	0.0	1280	4473032
NODE_1170_length_3787_cov_4.15166	gb_NC_003112.2_-_1791966-1795170_ARO:3000811_mtrD	83.212	2055	326	15	3	2047	1131	3176	0.0	1866	2577788
NODE_1170_length_3787_cov_4.15166	gb_NC_003112.2_-_1791966-1795170_ARO:3000811_mtrD	83.212	2055	326	15	3	2047	1131	3176	0.0	1866	1450729
NODE_1170_length_3787_cov_4.15166	gb_NC_003112.2_-_1791966-1795170_ARO:3000811_mtrD	83.212	2055	326	15	3	2047	1131	3176	0.0	1866	193564
NODE_1539_length_3220_cov_4.34913	gb_CP007593.1_+_2148923-2149772_ARO:3001301_RlmA(II)	87.970	399	46	2	1	398	398	1	1.93e-132	470	505911
NODE_121604_length_293_cov_0.579832	gb_HM990671_+_5192-6671_ARO:3003112_lsaC	92.517	294	20	2	1	293	1089	1381	1.69e-118	420	4473390
NODE_121604_length_293_cov_0.579832	gb_HM990671_+_5192-6671_ARO:3003112_lsaC	92.517	294	20	2	1	293	1089	1381	1.69e-118	420	4473390
