NODE_10_length_277824_cov_30.0298	gb_AP009048_+_2810082-2811255_ARO:3000027_emrA	74.060	266	64	5	153423	153685	750	1013	1.95e-20	104	5280552
NODE_10_length_277824_cov_30.0298	gb_AP009048_+_2810082-2811255_ARO:3000027_emrA	74.060	266	64	5	153423	153685	750	1013	1.95e-20	104	293808
NODE_10_length_277824_cov_30.0298	gb_AP009048_+_2810082-2811255_ARO:3000027_emrA	74.060	266	64	5	153423	153685	750	1013	1.95e-20	104	293808
NODE_10_length_277824_cov_30.0298	gb_AP009048_+_2810082-2811255_ARO:3000027_emrA	74.060	266	64	5	153423	153685	750	1013	1.95e-20	104	967943
NODE_10_length_277824_cov_30.0298	gb_AP009048_+_2810082-2811255_ARO:3000027_emrA	74.060	266	64	5	153423	153685	750	1013	1.95e-20	104	293808
NODE_10_length_277824_cov_30.0298	gb_AP009048_+_2810082-2811255_ARO:3000027_emrA	74.060	266	64	5	153423	153685	750	1013	1.95e-20	104	967884
NODE_10_length_277824_cov_30.0298	gb_AP009048_+_2810082-2811255_ARO:3000027_emrA	74.060	266	64	5	153423	153685	750	1013	1.95e-20	104	3806723
NODE_10_length_277824_cov_30.0298	gb_AP009048_+_2810082-2811255_ARO:3000027_emrA	74.060	266	64	5	153423	153685	750	1013	1.95e-20	104	3008758
NODE_10_length_277824_cov_30.0298	gb_AP009048_+_2810082-2811255_ARO:3000027_emrA	74.060	266	64	5	153423	153685	750	1013	1.95e-20	104	1809175
NODE_10_length_277824_cov_30.0298	gb_AP009048_+_2810082-2811255_ARO:3000027_emrA	74.060	266	64	5	153423	153685	750	1013	1.95e-20	104	4434774
NODE_10_length_277824_cov_30.0298	gb_AP009048_+_2810082-2811255_ARO:3000027_emrA	74.060	266	64	5	153423	153685	750	1013	1.95e-20	104	210625
NODE_10_length_277824_cov_30.0298	gb_AP009048_+_2810082-2811255_ARO:3000027_emrA	74.060	266	64	5	153423	153685	750	1013	1.95e-20	104	3183121
NODE_10_length_277824_cov_30.0298	gb_AP009048_+_2810082-2811255_ARO:3000027_emrA	74.060	266	64	5	153423	153685	750	1013	1.95e-20	104	5278396
NODE_10_length_277824_cov_30.0298	gb_AP009048_+_2810082-2811255_ARO:3000027_emrA	74.060	266	64	5	153423	153685	750	1013	1.95e-20	104	1556709
NODE_10_length_277824_cov_30.0298	gb_AP009048_+_2810082-2811255_ARO:3000027_emrA	74.060	266	64	5	153423	153685	750	1013	1.95e-20	104	6900261
NODE_10_length_277824_cov_30.0298	gb_AP009048_+_2810082-2811255_ARO:3000027_emrA	74.060	266	64	5	153423	153685	750	1013	1.95e-20	104	6900261
NODE_139_length_95319_cov_4.929	gb_AJ252200_+_1278-4401_ARO:3003056_smeE	80.992	121	20	2	55007	55124	1265	1145	1.45e-17	93.5	4435081
NODE_139_length_95319_cov_4.929	gb_NC_007779_+_2586250-2589364_ARO:3000491_acrD	88.235	68	8	0	55012	55079	1260	1193	3.14e-14	82.4	4435081
NODE_139_length_95319_cov_4.929	gb_AF173226_+_3767-6917_ARO:3003052_smeB	78.641	103	19	3	55025	55124	1247	1145	3.16e-09	65.8	4435081
NODE_139_length_95319_cov_4.929	gb_AJ252200_+_1278-4401_ARO:3003056_smeE	80.992	121	20	2	55007	55124	1265	1145	1.45e-17	93.5	5278372
NODE_139_length_95319_cov_4.929	gb_NC_007779_+_2586250-2589364_ARO:3000491_acrD	88.235	68	8	0	55012	55079	1260	1193	3.14e-14	82.4	5278372
NODE_139_length_95319_cov_4.929	gb_AF173226_+_3767-6917_ARO:3003052_smeB	78.641	103	19	3	55025	55124	1247	1145	3.16e-09	65.8	5278372
NODE_337_length_54303_cov_93.4138	gb_AF173226_+_3767-6917_ARO:3003052_smeB	87.500	56	7	0	10200	10255	1186	1241	1.80e-09	65.8	3970779
NODE_337_length_54303_cov_93.4138	gb_AJ252200_+_1278-4401_ARO:3003056_smeE	78.313	83	18	0	10173	10255	1159	1241	3.90e-06	54.7	3970779
NODE_337_length_54303_cov_93.4138	gb_AF173226_+_3767-6917_ARO:3003052_smeB	87.500	56	7	0	10200	10255	1186	1241	1.80e-09	65.8	1412372
NODE_337_length_54303_cov_93.4138	gb_AJ252200_+_1278-4401_ARO:3003056_smeE	78.313	83	18	0	10173	10255	1159	1241	3.90e-06	54.7	1412372
NODE_337_length_54303_cov_93.4138	gb_AF173226_+_3767-6917_ARO:3003052_smeB	87.500	56	7	0	10200	10255	1186	1241	1.80e-09	65.8	5278299
NODE_337_length_54303_cov_93.4138	gb_AJ252200_+_1278-4401_ARO:3003056_smeE	78.313	83	18	0	10173	10255	1159	1241	3.90e-06	54.7	5278299
NODE_337_length_54303_cov_93.4138	gb_AF173226_+_3767-6917_ARO:3003052_smeB	87.500	56	7	0	10200	10255	1186	1241	1.80e-09	65.8	3905784
NODE_337_length_54303_cov_93.4138	gb_AJ252200_+_1278-4401_ARO:3003056_smeE	78.313	83	18	0	10173	10255	1159	1241	3.90e-06	54.7	3905784
NODE_337_length_54303_cov_93.4138	gb_AF173226_+_3767-6917_ARO:3003052_smeB	87.500	56	7	0	10200	10255	1186	1241	1.80e-09	65.8	5179465
NODE_337_length_54303_cov_93.4138	gb_AJ252200_+_1278-4401_ARO:3003056_smeE	78.313	83	18	0	10173	10255	1159	1241	3.90e-06	54.7	5179465
NODE_337_length_54303_cov_93.4138	gb_AF173226_+_3767-6917_ARO:3003052_smeB	87.500	56	7	0	10200	10255	1186	1241	1.80e-09	65.8	18116
NODE_337_length_54303_cov_93.4138	gb_AJ252200_+_1278-4401_ARO:3003056_smeE	78.313	83	18	0	10173	10255	1159	1241	3.90e-06	54.7	18116
NODE_337_length_54303_cov_93.4138	gb_AF173226_+_3767-6917_ARO:3003052_smeB	87.500	56	7	0	10200	10255	1186	1241	1.80e-09	65.8	272932
NODE_337_length_54303_cov_93.4138	gb_AJ252200_+_1278-4401_ARO:3003056_smeE	78.313	83	18	0	10173	10255	1159	1241	3.90e-06	54.7	272932
NODE_337_length_54303_cov_93.4138	gb_AF173226_+_3767-6917_ARO:3003052_smeB	87.500	56	7	0	10200	10255	1186	1241	1.80e-09	65.8	3889332
NODE_337_length_54303_cov_93.4138	gb_AJ252200_+_1278-4401_ARO:3003056_smeE	78.313	83	18	0	10173	10255	1159	1241	3.90e-06	54.7	3889332
NODE_337_length_54303_cov_93.4138	gb_AF173226_+_3767-6917_ARO:3003052_smeB	87.500	56	7	0	10200	10255	1186	1241	1.80e-09	65.8	872946
NODE_337_length_54303_cov_93.4138	gb_AJ252200_+_1278-4401_ARO:3003056_smeE	78.313	83	18	0	10173	10255	1159	1241	3.90e-06	54.7	872946
NODE_337_length_54303_cov_93.4138	gb_AF173226_+_3767-6917_ARO:3003052_smeB	87.500	56	7	0	10200	10255	1186	1241	1.80e-09	65.8	427077
NODE_337_length_54303_cov_93.4138	gb_AJ252200_+_1278-4401_ARO:3003056_smeE	78.313	83	18	0	10173	10255	1159	1241	3.90e-06	54.7	427077
NODE_386_length_49589_cov_6.73037	gb_JX560992_+_11387-12872_ARO:3003206_lsaE	99.731	1485	4	0	22533	24017	1485	1	0.0	2721	6900159
NODE_386_length_49589_cov_6.73037	gb_KC688833_+_0-804_ARO:3002836_lnuB	99.876	804	1	0	21676	22479	804	1	0.0	1480	6900159
NODE_1596_length_18581_cov_21.3568	gb_AF173226_+_3767-6917_ARO:3003052_smeB	83.784	74	12	0	14325	14398	1242	1169	1.33e-11	71.3	1419965
NODE_1596_length_18581_cov_21.3568	gb_AJ252200_+_1278-4401_ARO:3003056_smeE	83.333	72	12	0	14325	14396	1242	1171	1.72e-10	67.6	1419965
NODE_1596_length_18581_cov_21.3568	gb_AF173226_+_3767-6917_ARO:3003052_smeB	83.784	74	12	0	14325	14398	1242	1169	1.33e-11	71.3	3008901
NODE_1596_length_18581_cov_21.3568	gb_AJ252200_+_1278-4401_ARO:3003056_smeE	83.333	72	12	0	14325	14396	1242	1171	1.72e-10	67.6	3008901
NODE_1596_length_18581_cov_21.3568	gb_AF173226_+_3767-6917_ARO:3003052_smeB	83.784	74	12	0	14325	14398	1242	1169	1.33e-11	71.3	808374
NODE_1596_length_18581_cov_21.3568	gb_AJ252200_+_1278-4401_ARO:3003056_smeE	83.333	72	12	0	14325	14396	1242	1171	1.72e-10	67.6	808374
NODE_1596_length_18581_cov_21.3568	gb_AF173226_+_3767-6917_ARO:3003052_smeB	83.784	74	12	0	14325	14398	1242	1169	1.33e-11	71.3	4435069
NODE_1596_length_18581_cov_21.3568	gb_AJ252200_+_1278-4401_ARO:3003056_smeE	83.333	72	12	0	14325	14396	1242	1171	1.72e-10	67.6	4435069
NODE_2181_length_14633_cov_17.334	gb_AF235050.4_+_38028-40140_ARO:3003318_Streptomyces	74.645	422	82	18	5303	5714	491	85	1.68e-39	163	61028
NODE_2181_length_14633_cov_17.334	gb_AF235050.4_+_38028-40140_ARO:3003318_Streptomyces	74.645	422	82	18	5303	5714	491	85	1.68e-39	163	1225525
NODE_2181_length_14633_cov_17.334	gb_AF235050.4_+_38028-40140_ARO:3003318_Streptomyces	74.645	422	82	18	5303	5714	491	85	1.68e-39	163	1731612
NODE_2181_length_14633_cov_17.334	gb_AF235050.4_+_38028-40140_ARO:3003318_Streptomyces	74.645	422	82	18	5303	5714	491	85	1.68e-39	163	1800487
NODE_2181_length_14633_cov_17.334	gb_AF235050.4_+_38028-40140_ARO:3003318_Streptomyces	74.645	422	82	18	5303	5714	491	85	1.68e-39	163	182690
NODE_4066_length_8938_cov_4.10762	gb_AF170880_+_0-1848_ARO:3002522_novA	76.636	214	44	6	7134	7344	1381	1591	1.05e-24	113	3009171
NODE_4066_length_8938_cov_4.10762	gb_AF170880_+_0-1848_ARO:3002522_novA	76.636	214	44	6	7134	7344	1381	1591	1.05e-24	113	351158
NODE_4365_length_8409_cov_5.43859	gb_M57437_+_0-1647_ARO:3002827_tlrC	96.970	33	1	0	3973	4005	600	568	1.68e-07	56.5	371071
NODE_4424_length_8326_cov_7.93072	gb_NC_007779_+_2586250-2589364_ARO:3000491_acrD	100.000	28	0	0	6313	6340	1880	1907	2.15e-06	52.8	3909730
NODE_4805_length_7841_cov_11.1187	gb_AF133139_+_0-1176_ARO:3000174_tet(G)	92.942	1176	83	0	4012	5187	1	1176	0.0	1712	812477
NODE_4805_length_7841_cov_11.1187	gb_AF133139_+_0-1176_ARO:3000174_tet(G)	92.942	1176	83	0	4012	5187	1	1176	0.0	1712	427084
NODE_5961_length_6559_cov_2.65467	gb_X01702_+_484-1285_ARO:3002659_APH(6)-Ic	100.000	29	0	0	4124	4152	514	486	4.71e-07	54.7	5280169
NODE_5961_length_6559_cov_2.65467	gb_X01702_+_484-1285_ARO:3002659_APH(6)-Ic	100.000	29	0	0	4124	4152	514	486	4.71e-07	54.7	664221
NODE_5961_length_6559_cov_2.65467	gb_X01702_+_484-1285_ARO:3002659_APH(6)-Ic	100.000	29	0	0	4124	4152	514	486	4.71e-07	54.7	1943655
NODE_6372_length_6207_cov_3.27633	gb_X01702_+_484-1285_ARO:3002659_APH(6)-Ic	94.444	36	1	1	6012	6046	483	518	4.46e-07	54.7	5278865
NODE_9006_length_4643_cov_2.2221	gb_DQ679966_+_299-1493_ARO:3004042_Enterobacter	87.206	1149	126	3	3516	4643	1	1149	0.0	1288	3009288
NODE_9006_length_4643_cov_2.2221	gb_NC_000913.3_-_484425-485619_ARO:3004043_Escherichia	78.660	1134	219	14	3516	4627	1	1133	0.0	732	3009288
NODE_9006_length_4643_cov_2.2221	gb_AJ318073.1_+_793-1990_ARO:3004041_Klebsiella	77.403	1155	231	17	3516	4643	1	1152	0.0	660	3009288
NODE_9501_length_4441_cov_4.73142	gb_AF235050.4_+_38028-40140_ARO:3003318_Streptomyces	76.296	270	54	10	4177	4441	75	339	1.11e-31	135	6900341
NODE_9501_length_4441_cov_4.73142	gb_AF235050.4_+_38028-40140_ARO:3003318_Streptomyces	76.296	270	54	10	4177	4441	75	339	1.11e-31	135	182690
NODE_9501_length_4441_cov_4.73142	gb_AF235050.4_+_38028-40140_ARO:3003318_Streptomyces	76.296	270	54	10	4177	4441	75	339	1.11e-31	135	338674
NODE_12267_length_3554_cov_4.2455	gb_L20800_+_2308-4267_ARO:3000195_tetB(P)	100.000	191	0	0	3364	3554	1959	1769	2.24e-97	353	3008403
NODE_15734_length_2832_cov_60.1566	gb_M17124_+_1181-1982_ARO:3000498_ErmF	91.343	797	69	0	1265	2061	1	797	0.0	1090	715082
NODE_15734_length_2832_cov_60.1566	gb_AF319779.2_+_32-833_ARO:3000604_Erm(35)	78.901	801	169	0	1265	2065	1	801	9.87e-155	544	715082
NODE_19201_length_2353_cov_2.40601	gb_U00096_+_2812615-2814154_ARO:3000074_emrB	83.598	1384	216	9	1	1379	1443	66	0.0	1288	5278883
NODE_19585_length_2305_cov_325.672	gb_Z21523_+_0-1974_ARO:3000191_tetQ	97.807	1961	43	0	345	2305	1	1961	0.0	3384	5278238
NODE_21677_length_2097_cov_2.43928	gb_AJ011502.1_+_300-1425_ARO:3004122_Klebsiella	86.517	89	12	0	1852	1940	724	812	6.82e-21	99.0	3009493
NODE_21976_length_2070_cov_52.5022	gb_EU434751_+_658-2578_ARO:3000194_tetW	100.000	45	0	0	1	45	1876	1920	1.88e-16	84.2	3895974
NODE_29984_length_1536_cov_2.67319	gb_L20800_+_2308-4267_ARO:3000195_tetB(P)	95.288	191	9	0	1346	1536	1959	1769	9.84e-83	303	3909836
NODE_29984_length_1536_cov_2.67319	gb_L20800_+_2308-4267_ARO:3000195_tetB(P)	95.288	191	9	0	1346	1536	1959	1769	9.84e-83	303	3909836
NODE_33114_length_1397_cov_164.459	gb_JQ740052_+_2108-3329_ARO:3000567_tet(40)	99.590	1221	5	0	161	1381	1221	1	0.0	2228	270428
NODE_33114_length_1397_cov_164.459	gb_JQ740052_+_2108-3329_ARO:3000567_tet(40)	99.590	1221	5	0	161	1381	1221	1	0.0	2228	3314604
NODE_50442_length_932_cov_2.53478	gb_L36601_+_1420-3130_ARO:3003036_oleB	97.059	34	1	0	27	60	1565	1532	5.08e-09	58.4	3901677
NODE_53668_length_877_cov_1.18735	gb_U00096_+_2155262-2158385_ARO:3000793_mdtB	83.219	876	147	0	2	877	909	34	0.0	804	1259280
NODE_53668_length_877_cov_1.18735	gb_NC_002516.2_-_2850882-2854014_ARO:3004074_MuxB	75.870	891	187	27	1	877	883	7	8.78e-121	429	1259280
NODE_56051_length_842_cov_119.82	gb_M17124_+_1181-1982_ARO:3000498_ErmF	99.376	801	5	0	26	826	1	801	0.0	1452	715082
NODE_56051_length_842_cov_119.82	gb_AF319779.2_+_32-833_ARO:3000604_Erm(35)	78.643	796	166	3	26	819	1	794	1.05e-149	525	715082
NODE_59653_length_794_cov_213.844	gb_M18896.2_+_206-2126_ARO:3000190_tetO	100.000	756	0	0	39	794	1920	1165	0.0	1397	1491743
NODE_59653_length_794_cov_213.844	gb_AJ295238.3_+_163-2083_ARO:3000196_tet32	96.825	756	24	0	39	794	1920	1165	0.0	1264	1491743
NODE_90871_length_541_cov_168.695	gb_AF242872_+_2131-2878_ARO:3000375_ErmB	97.872	47	0	1	496	541	747	701	6.20e-16	80.5	1307542
NODE_145269_length_337_cov_44.2943	gb_M17124_+_1181-1982_ARO:3000498_ErmF	100.000	39	0	0	1	39	763	801	6.34e-14	73.1	1383806
NODE_150820_length_323_cov_0.925373	gb_NC_007779_+_2586250-2589364_ARO:3000491_acrD	99.071	323	3	0	1	323	2495	2173	8.14e-167	580	4811063
NODE_163069_length_288_cov_1.53648	gb_X63451_+_0-1653_ARO:3002828_srmB	100.000	29	0	0	35	63	1471	1499	1.94e-08	54.7	364292
NODE_218987_length_220_cov_1.63636	gb_NC_023287.1_-_65291-66509_ARO:3000615_mefA	93.659	205	13	0	16	220	1218	1014	1.01e-84	307	241877
