NODE_5_length_159104_cov_18.27	gb_AY768532_+_0-1935_ARO:3000535_macB	81.318	1943	350	11	8318	10255	1	1935	0.0	1565	30120
NODE_5_length_159104_cov_18.27	gb_AY768532_+_0-1935_ARO:3000535_macB	81.318	1943	350	11	8318	10255	1	1935	0.0	1565	86667
NODE_5_length_159104_cov_18.27	gb_AY768532_+_0-1935_ARO:3000535_macB	81.318	1943	350	11	8318	10255	1	1935	0.0	1565	67033
NODE_5_length_159104_cov_18.27	gb_AY768532_+_0-1935_ARO:3000535_macB	81.318	1943	350	11	8318	10255	1	1935	0.0	1565	28953
NODE_5_length_159104_cov_18.27	gb_AY768532_+_0-1935_ARO:3000535_macB	81.318	1943	350	11	8318	10255	1	1935	0.0	1565	843013
NODE_5_length_159104_cov_18.27	gb_AY768532_+_0-1935_ARO:3000535_macB	81.318	1943	350	11	8318	10255	1	1935	0.0	1565	5356467
NODE_5_length_159104_cov_18.27	gb_AY768532_+_0-1935_ARO:3000535_macB	81.318	1943	350	11	8318	10255	1	1935	0.0	1565	569018
NODE_5_length_159104_cov_18.27	gb_AY768532_+_0-1935_ARO:3000535_macB	81.318	1943	350	11	8318	10255	1	1935	0.0	1565	649474
NODE_5_length_159104_cov_18.27	gb_AY768532_+_0-1935_ARO:3000535_macB	81.318	1943	350	11	8318	10255	1	1935	0.0	1565	1347201
NODE_5_length_159104_cov_18.27	gb_AY768532_+_0-1935_ARO:3000535_macB	81.318	1943	350	11	8318	10255	1	1935	0.0	1565	48798
NODE_5_length_159104_cov_18.27	gb_AY768532_+_0-1935_ARO:3000535_macB	81.318	1943	350	11	8318	10255	1	1935	0.0	1565	3930948
NODE_5_length_159104_cov_18.27	gb_AY768532_+_0-1935_ARO:3000535_macB	81.318	1943	350	11	8318	10255	1	1935	0.0	1565	3931050
NODE_5_length_159104_cov_18.27	gb_AY768532_+_0-1935_ARO:3000535_macB	81.318	1943	350	11	8318	10255	1	1935	0.0	1565	3210995
NODE_5_length_159104_cov_18.27	gb_AY768532_+_0-1935_ARO:3000535_macB	81.318	1943	350	11	8318	10255	1	1935	0.0	1565	3210995
NODE_5_length_159104_cov_18.27	gb_AY768532_+_0-1935_ARO:3000535_macB	81.318	1943	350	11	8318	10255	1	1935	0.0	1565	90588
NODE_5_length_159104_cov_18.27	gb_AY768532_+_0-1935_ARO:3000535_macB	81.318	1943	350	11	8318	10255	1	1935	0.0	1565	4462070
NODE_5_length_159104_cov_18.27	gb_AY768532_+_0-1935_ARO:3000535_macB	81.318	1943	350	11	8318	10255	1	1935	0.0	1565	767896
NODE_5_length_159104_cov_18.27	gb_AY768532_+_0-1935_ARO:3000535_macB	81.318	1943	350	11	8318	10255	1	1935	0.0	1565	31955
NODE_5_length_159104_cov_18.27	gb_AY768532_+_0-1935_ARO:3000535_macB	81.318	1943	350	11	8318	10255	1	1935	0.0	1565	224171
NODE_5_length_159104_cov_18.27	gb_AY768532_+_0-1935_ARO:3000535_macB	81.318	1943	350	11	8318	10255	1	1935	0.0	1565	224171
NODE_5_length_159104_cov_18.27	gb_AY768532_+_0-1935_ARO:3000535_macB	81.318	1943	350	11	8318	10255	1	1935	0.0	1565	164769
NODE_5_length_159104_cov_18.27	gb_AY768532_+_0-1935_ARO:3000535_macB	81.318	1943	350	11	8318	10255	1	1935	0.0	1565	139593
NODE_5_length_159104_cov_18.27	gb_AY768532_+_0-1935_ARO:3000535_macB	81.318	1943	350	11	8318	10255	1	1935	0.0	1565	1760926
NODE_5_length_159104_cov_18.27	gb_AY768532_+_0-1935_ARO:3000535_macB	81.318	1943	350	11	8318	10255	1	1935	0.0	1565	61360
NODE_5_length_159104_cov_18.27	gb_AY768532_+_0-1935_ARO:3000535_macB	81.318	1943	350	11	8318	10255	1	1935	0.0	1565	114053
NODE_5_length_159104_cov_18.27	gb_AY768532_+_0-1935_ARO:3000535_macB	81.318	1943	350	11	8318	10255	1	1935	0.0	1565	114053
NODE_5_length_159104_cov_18.27	gb_AY768532_+_0-1935_ARO:3000535_macB	81.318	1943	350	11	8318	10255	1	1935	0.0	1565	328490
NODE_5_length_159104_cov_18.27	gb_AY768532_+_0-1935_ARO:3000535_macB	81.318	1943	350	11	8318	10255	1	1935	0.0	1565	294930
NODE_61_length_66811_cov_22.8305	gb_AF024666.2_-_2207-2969_ARO:3000596_ErmX	96.592	763	25	1	17847	18609	1	762	0.0	1264	164096
NODE_61_length_66811_cov_22.8305	gb_AF024666.2_-_2207-2969_ARO:3000596_ErmX	96.592	763	25	1	17847	18609	1	762	0.0	1264	164096
NODE_61_length_66811_cov_22.8305	gb_AF024666.2_-_2207-2969_ARO:3000596_ErmX	96.592	763	25	1	17847	18609	1	762	0.0	1264	2408926
NODE_61_length_66811_cov_22.8305	gb_AF024666.2_-_2207-2969_ARO:3000596_ErmX	96.592	763	25	1	17847	18609	1	762	0.0	1264	278946
NODE_61_length_66811_cov_22.8305	gb_AF024666.2_-_2207-2969_ARO:3000596_ErmX	96.592	763	25	1	17847	18609	1	762	0.0	1264	974835
NODE_61_length_66811_cov_22.8305	gb_AF024666.2_-_2207-2969_ARO:3000596_ErmX	96.592	763	25	1	17847	18609	1	762	0.0	1264	3050023
NODE_61_length_66811_cov_22.8305	gb_AF024666.2_-_2207-2969_ARO:3000596_ErmX	96.592	763	25	1	17847	18609	1	762	0.0	1264	25594
NODE_61_length_66811_cov_22.8305	gb_AF024666.2_-_2207-2969_ARO:3000596_ErmX	96.592	763	25	1	17847	18609	1	762	0.0	1264	1740235
NODE_61_length_66811_cov_22.8305	gb_AF024666.2_-_2207-2969_ARO:3000596_ErmX	96.592	763	25	1	17847	18609	1	762	0.0	1264	5350674
NODE_61_length_66811_cov_22.8305	gb_AF024666.2_-_2207-2969_ARO:3000596_ErmX	96.592	763	25	1	17847	18609	1	762	0.0	1264	2578744
NODE_61_length_66811_cov_22.8305	gb_AF024666.2_-_2207-2969_ARO:3000596_ErmX	96.592	763	25	1	17847	18609	1	762	0.0	1264	23310
NODE_61_length_66811_cov_22.8305	gb_AF024666.2_-_2207-2969_ARO:3000596_ErmX	96.592	763	25	1	17847	18609	1	762	0.0	1264	197955
NODE_61_length_66811_cov_22.8305	gb_AF024666.2_-_2207-2969_ARO:3000596_ErmX	96.592	763	25	1	17847	18609	1	762	0.0	1264	298598
NODE_61_length_66811_cov_22.8305	gb_AF024666.2_-_2207-2969_ARO:3000596_ErmX	96.592	763	25	1	17847	18609	1	762	0.0	1264	298598
NODE_61_length_66811_cov_22.8305	gb_AF024666.2_-_2207-2969_ARO:3000596_ErmX	96.592	763	25	1	17847	18609	1	762	0.0	1264	5297110
NODE_61_length_66811_cov_22.8305	gb_AF024666.2_-_2207-2969_ARO:3000596_ErmX	96.592	763	25	1	17847	18609	1	762	0.0	1264	4334716
NODE_61_length_66811_cov_22.8305	gb_AF024666.2_-_2207-2969_ARO:3000596_ErmX	96.592	763	25	1	17847	18609	1	762	0.0	1264	5024801
NODE_61_length_66811_cov_22.8305	gb_AF024666.2_-_2207-2969_ARO:3000596_ErmX	96.592	763	25	1	17847	18609	1	762	0.0	1264	2901166
NODE_61_length_66811_cov_22.8305	gb_AF024666.2_-_2207-2969_ARO:3000596_ErmX	96.592	763	25	1	17847	18609	1	762	0.0	1264	638123
NODE_61_length_66811_cov_22.8305	gb_AF024666.2_-_2207-2969_ARO:3000596_ErmX	96.592	763	25	1	17847	18609	1	762	0.0	1264	4995206
NODE_61_length_66811_cov_22.8305	gb_AF024666.2_-_2207-2969_ARO:3000596_ErmX	96.592	763	25	1	17847	18609	1	762	0.0	1264	228260
NODE_61_length_66811_cov_22.8305	gb_AF024666.2_-_2207-2969_ARO:3000596_ErmX	96.592	763	25	1	17847	18609	1	762	0.0	1264	290789
NODE_61_length_66811_cov_22.8305	gb_AF024666.2_-_2207-2969_ARO:3000596_ErmX	96.592	763	25	1	17847	18609	1	762	0.0	1264	1760586
NODE_61_length_66811_cov_22.8305	gb_AF024666.2_-_2207-2969_ARO:3000596_ErmX	96.592	763	25	1	17847	18609	1	762	0.0	1264	4461563
NODE_61_length_66811_cov_22.8305	gb_AF024666.2_-_2207-2969_ARO:3000596_ErmX	96.592	763	25	1	17847	18609	1	762	0.0	1264	3050534
NODE_61_length_66811_cov_22.8305	gb_AF024666.2_-_2207-2969_ARO:3000596_ErmX	96.592	763	25	1	17847	18609	1	762	0.0	1264	710671
NODE_61_length_66811_cov_22.8305	gb_AF024666.2_-_2207-2969_ARO:3000596_ErmX	96.592	763	25	1	17847	18609	1	762	0.0	1264	710671
NODE_61_length_66811_cov_22.8305	gb_AF024666.2_-_2207-2969_ARO:3000596_ErmX	96.592	763	25	1	17847	18609	1	762	0.0	1264	1517006
NODE_61_length_66811_cov_22.8305	gb_AF024666.2_-_2207-2969_ARO:3000596_ErmX	96.592	763	25	1	17847	18609	1	762	0.0	1264	97887
NODE_61_length_66811_cov_22.8305	gb_AF024666.2_-_2207-2969_ARO:3000596_ErmX	96.592	763	25	1	17847	18609	1	762	0.0	1264	1179808
NODE_61_length_66811_cov_22.8305	gb_AF024666.2_-_2207-2969_ARO:3000596_ErmX	96.592	763	25	1	17847	18609	1	762	0.0	1264	164756
NODE_271_length_35257_cov_18.2845	gb_NC_003112.2_-_1791966-1795170_ARO:3000811_mtrD	80.991	3188	582	20	2315	5490	1	3176	0.0	2508	146619
NODE_271_length_35257_cov_18.2845	gb_NC_003112.2_-_1791966-1795170_ARO:3000811_mtrD	80.991	3188	582	20	2315	5490	1	3176	0.0	2508	1507262
NODE_271_length_35257_cov_18.2845	gb_NC_003112.2_-_1791966-1795170_ARO:3000811_mtrD	80.991	3188	582	20	2315	5490	1	3176	0.0	2508	6937453
NODE_271_length_35257_cov_18.2845	gb_NC_003112.2_-_1791966-1795170_ARO:3000811_mtrD	80.991	3188	582	20	2315	5490	1	3176	0.0	2508	6937453
NODE_271_length_35257_cov_18.2845	gb_NC_003112.2_-_1791966-1795170_ARO:3000811_mtrD	80.991	3188	582	20	2315	5490	1	3176	0.0	2508	234596
NODE_271_length_35257_cov_18.2845	gb_NC_003112.2_-_1791966-1795170_ARO:3000811_mtrD	80.991	3188	582	20	2315	5490	1	3176	0.0	2508	2579217
NODE_271_length_35257_cov_18.2845	gb_NC_003112.2_-_1791966-1795170_ARO:3000811_mtrD	80.991	3188	582	20	2315	5490	1	3176	0.0	2508	67033
NODE_271_length_35257_cov_18.2845	gb_NC_003112.2_-_1791966-1795170_ARO:3000811_mtrD	80.991	3188	582	20	2315	5490	1	3176	0.0	2508	851044
NODE_271_length_35257_cov_18.2845	gb_NC_003112.2_-_1791966-1795170_ARO:3000811_mtrD	80.991	3188	582	20	2315	5490	1	3176	0.0	2508	292155
NODE_377_length_30054_cov_35.3906	gb_NC_003098.1_+_866210-867410_ARO:3000822_pmrA	80.317	1199	228	6	22541	23735	6	1200	0.0	900	52791
NODE_377_length_30054_cov_35.3906	gb_NC_003098.1_+_866210-867410_ARO:3000822_pmrA	80.317	1199	228	6	22541	23735	6	1200	0.0	900	153146
NODE_377_length_30054_cov_35.3906	gb_NC_003098.1_+_866210-867410_ARO:3000822_pmrA	80.317	1199	228	6	22541	23735	6	1200	0.0	900	6800599
NODE_377_length_30054_cov_35.3906	gb_NC_003098.1_+_866210-867410_ARO:3000822_pmrA	80.317	1199	228	6	22541	23735	6	1200	0.0	900	1435440
NODE_377_length_30054_cov_35.3906	gb_NC_003098.1_+_866210-867410_ARO:3000822_pmrA	80.317	1199	228	6	22541	23735	6	1200	0.0	900	158336
NODE_377_length_30054_cov_35.3906	gb_NC_003098.1_+_866210-867410_ARO:3000822_pmrA	80.317	1199	228	6	22541	23735	6	1200	0.0	900	5355425
NODE_377_length_30054_cov_35.3906	gb_NC_003098.1_+_866210-867410_ARO:3000822_pmrA	80.317	1199	228	6	22541	23735	6	1200	0.0	900	5117706
NODE_377_length_30054_cov_35.3906	gb_NC_003098.1_+_866210-867410_ARO:3000822_pmrA	80.317	1199	228	6	22541	23735	6	1200	0.0	900	88981
NODE_377_length_30054_cov_35.3906	gb_NC_003098.1_+_866210-867410_ARO:3000822_pmrA	80.317	1199	228	6	22541	23735	6	1200	0.0	900	445597
NODE_377_length_30054_cov_35.3906	gb_NC_003098.1_+_866210-867410_ARO:3000822_pmrA	80.317	1199	228	6	22541	23735	6	1200	0.0	900	579603
NODE_377_length_30054_cov_35.3906	gb_NC_003098.1_+_866210-867410_ARO:3000822_pmrA	80.317	1199	228	6	22541	23735	6	1200	0.0	900	3043346
NODE_377_length_30054_cov_35.3906	gb_NC_003098.1_+_866210-867410_ARO:3000822_pmrA	80.317	1199	228	6	22541	23735	6	1200	0.0	900	5356225
NODE_377_length_30054_cov_35.3906	gb_NC_003098.1_+_866210-867410_ARO:3000822_pmrA	80.317	1199	228	6	22541	23735	6	1200	0.0	900	3051353
NODE_377_length_30054_cov_35.3906	gb_NC_003098.1_+_866210-867410_ARO:3000822_pmrA	80.317	1199	228	6	22541	23735	6	1200	0.0	900	5355943
NODE_377_length_30054_cov_35.3906	gb_NC_003098.1_+_866210-867410_ARO:3000822_pmrA	80.317	1199	228	6	22541	23735	6	1200	0.0	900	1870
NODE_377_length_30054_cov_35.3906	gb_NC_003098.1_+_866210-867410_ARO:3000822_pmrA	80.317	1199	228	6	22541	23735	6	1200	0.0	900	1150491
NODE_377_length_30054_cov_35.3906	gb_NC_003098.1_+_866210-867410_ARO:3000822_pmrA	80.317	1199	228	6	22541	23735	6	1200	0.0	900	11714
NODE_377_length_30054_cov_35.3906	gb_NC_003098.1_+_866210-867410_ARO:3000822_pmrA	80.317	1199	228	6	22541	23735	6	1200	0.0	900	4461556
NODE_377_length_30054_cov_35.3906	gb_NC_003098.1_+_866210-867410_ARO:3000822_pmrA	80.317	1199	228	6	22541	23735	6	1200	0.0	900	2768632
NODE_449_length_27832_cov_14.6409	gb_NC_014638.1_-_1610636-1613960_ARO:3003730_Bifidobacteria	78.067	538	96	17	466	997	699	178	1.79e-86	320	3926646
NODE_449_length_27832_cov_14.6409	gb_NC_014638.1_-_1610636-1613960_ARO:3003730_Bifidobacteria	78.067	538	96	17	466	997	699	178	1.79e-86	320	302357
NODE_449_length_27832_cov_14.6409	gb_NC_014638.1_-_1610636-1613960_ARO:3003730_Bifidobacteria	78.067	538	96	17	466	997	699	178	1.79e-86	320	1458813
NODE_449_length_27832_cov_14.6409	gb_NC_014638.1_-_1610636-1613960_ARO:3003730_Bifidobacteria	78.067	538	96	17	466	997	699	178	1.79e-86	320	6851479
NODE_449_length_27832_cov_14.6409	gb_NC_014638.1_-_1610636-1613960_ARO:3003730_Bifidobacteria	78.067	538	96	17	466	997	699	178	1.79e-86	320	4461605
NODE_449_length_27832_cov_14.6409	gb_NC_014638.1_-_1610636-1613960_ARO:3003730_Bifidobacteria	78.067	538	96	17	466	997	699	178	1.79e-86	320	24670
NODE_449_length_27832_cov_14.6409	gb_NC_014638.1_-_1610636-1613960_ARO:3003730_Bifidobacteria	78.067	538	96	17	466	997	699	178	1.79e-86	320	47482
NODE_449_length_27832_cov_14.6409	gb_NC_014638.1_-_1610636-1613960_ARO:3003730_Bifidobacteria	78.067	538	96	17	466	997	699	178	1.79e-86	320	6754126
NODE_449_length_27832_cov_14.6409	gb_NC_014638.1_-_1610636-1613960_ARO:3003730_Bifidobacteria	78.067	538	96	17	466	997	699	178	1.79e-86	320	6754126
NODE_449_length_27832_cov_14.6409	gb_NC_014638.1_-_1610636-1613960_ARO:3003730_Bifidobacteria	78.067	538	96	17	466	997	699	178	1.79e-86	320	1761312
NODE_449_length_27832_cov_14.6409	gb_NC_014638.1_-_1610636-1613960_ARO:3003730_Bifidobacteria	78.067	538	96	17	466	997	699	178	1.79e-86	320	460259
NODE_449_length_27832_cov_14.6409	gb_NC_014638.1_-_1610636-1613960_ARO:3003730_Bifidobacteria	78.067	538	96	17	466	997	699	178	1.79e-86	320	199929
NODE_669_length_22669_cov_63.3469	gb_NC_014638.1_-_1610636-1613960_ARO:3003730_Bifidobacteria	78.495	186	40	0	19215	19400	3067	3252	4.41e-27	122	43643
NODE_669_length_22669_cov_63.3469	gb_NC_014638.1_-_1610636-1613960_ARO:3003730_Bifidobacteria	78.495	186	40	0	19215	19400	3067	3252	4.41e-27	122	981933
NODE_669_length_22669_cov_63.3469	gb_NC_014638.1_-_1610636-1613960_ARO:3003730_Bifidobacteria	78.495	186	40	0	19215	19400	3067	3252	4.41e-27	122	2945535
NODE_669_length_22669_cov_63.3469	gb_NC_014638.1_-_1610636-1613960_ARO:3003730_Bifidobacteria	78.495	186	40	0	19215	19400	3067	3252	4.41e-27	122	523285
NODE_669_length_22669_cov_63.3469	gb_NC_014638.1_-_1610636-1613960_ARO:3003730_Bifidobacteria	78.495	186	40	0	19215	19400	3067	3252	4.41e-27	122	70264
NODE_669_length_22669_cov_63.3469	gb_NC_014638.1_-_1610636-1613960_ARO:3003730_Bifidobacteria	78.495	186	40	0	19215	19400	3067	3252	4.41e-27	122	47692
NODE_669_length_22669_cov_63.3469	gb_NC_014638.1_-_1610636-1613960_ARO:3003730_Bifidobacteria	78.495	186	40	0	19215	19400	3067	3252	4.41e-27	122	3065261
NODE_669_length_22669_cov_63.3469	gb_NC_014638.1_-_1610636-1613960_ARO:3003730_Bifidobacteria	78.495	186	40	0	19215	19400	3067	3252	4.41e-27	122	371965
NODE_669_length_22669_cov_63.3469	gb_NC_014638.1_-_1610636-1613960_ARO:3003730_Bifidobacteria	78.495	186	40	0	19215	19400	3067	3252	4.41e-27	122	302357
NODE_669_length_22669_cov_63.3469	gb_NC_014638.1_-_1610636-1613960_ARO:3003730_Bifidobacteria	78.495	186	40	0	19215	19400	3067	3252	4.41e-27	122	2259673
NODE_669_length_22669_cov_63.3469	gb_NC_014638.1_-_1610636-1613960_ARO:3003730_Bifidobacteria	78.495	186	40	0	19215	19400	3067	3252	4.41e-27	122	429780
NODE_669_length_22669_cov_63.3469	gb_NC_014638.1_-_1610636-1613960_ARO:3003730_Bifidobacteria	78.495	186	40	0	19215	19400	3067	3252	4.41e-27	122	3926646
NODE_669_length_22669_cov_63.3469	gb_NC_014638.1_-_1610636-1613960_ARO:3003730_Bifidobacteria	78.495	186	40	0	19215	19400	3067	3252	4.41e-27	122	611850
NODE_669_length_22669_cov_63.3469	gb_NC_014638.1_-_1610636-1613960_ARO:3003730_Bifidobacteria	78.495	186	40	0	19215	19400	3067	3252	4.41e-27	122	61953
NODE_669_length_22669_cov_63.3469	gb_NC_014638.1_-_1610636-1613960_ARO:3003730_Bifidobacteria	78.495	186	40	0	19215	19400	3067	3252	4.41e-27	122	12813
NODE_706_length_21868_cov_18.2963	gb_NC_003112.2_+_329612-330767_ARO:3003961_farA	72.985	918	226	20	18097	19003	127	1033	5.09e-81	302	3930727
NODE_706_length_21868_cov_18.2963	gb_NC_003112.2_+_329612-330767_ARO:3003961_farA	72.985	918	226	20	18097	19003	127	1033	5.09e-81	302	1658736
NODE_722_length_21699_cov_39.0583	gb_X63451_+_0-1653_ARO:3002828_srmB	97.059	34	1	0	5567	5600	1499	1466	1.21e-07	58.4	303826
NODE_722_length_21699_cov_39.0583	gb_X63451_+_0-1653_ARO:3002828_srmB	97.059	34	1	0	5567	5600	1499	1466	1.21e-07	58.4	1934809
NODE_722_length_21699_cov_39.0583	gb_X63451_+_0-1653_ARO:3002828_srmB	97.059	34	1	0	5567	5600	1499	1466	1.21e-07	58.4	43750
NODE_722_length_21699_cov_39.0583	gb_X63451_+_0-1653_ARO:3002828_srmB	97.059	34	1	0	5567	5600	1499	1466	1.21e-07	58.4	3930949
NODE_775_length_20972_cov_25.4391	gb_NC_014638.1_-_1610636-1613960_ARO:3003730_Bifidobacteria	79.213	534	92	12	20066	20594	178	697	1.33e-96	353	563413
NODE_775_length_20972_cov_25.4391	gb_NC_014638.1_-_1610636-1613960_ARO:3003730_Bifidobacteria	79.213	534	92	12	20066	20594	178	697	1.33e-96	353	47482
NODE_775_length_20972_cov_25.4391	gb_NC_014638.1_-_1610636-1613960_ARO:3003730_Bifidobacteria	79.213	534	92	12	20066	20594	178	697	1.33e-96	353	8485
NODE_775_length_20972_cov_25.4391	gb_NC_014638.1_-_1610636-1613960_ARO:3003730_Bifidobacteria	79.213	534	92	12	20066	20594	178	697	1.33e-96	353	47692
NODE_775_length_20972_cov_25.4391	gb_NC_014638.1_-_1610636-1613960_ARO:3003730_Bifidobacteria	79.213	534	92	12	20066	20594	178	697	1.33e-96	353	6851479
NODE_775_length_20972_cov_25.4391	gb_NC_014638.1_-_1610636-1613960_ARO:3003730_Bifidobacteria	79.213	534	92	12	20066	20594	178	697	1.33e-96	353	4462678
NODE_775_length_20972_cov_25.4391	gb_NC_014638.1_-_1610636-1613960_ARO:3003730_Bifidobacteria	79.213	534	92	12	20066	20594	178	697	1.33e-96	353	579303
NODE_775_length_20972_cov_25.4391	gb_NC_014638.1_-_1610636-1613960_ARO:3003730_Bifidobacteria	79.213	534	92	12	20066	20594	178	697	1.33e-96	353	610582
NODE_775_length_20972_cov_25.4391	gb_NC_014638.1_-_1610636-1613960_ARO:3003730_Bifidobacteria	79.213	534	92	12	20066	20594	178	697	1.33e-96	353	1458813
NODE_775_length_20972_cov_25.4391	gb_NC_014638.1_-_1610636-1613960_ARO:3003730_Bifidobacteria	79.213	534	92	12	20066	20594	178	697	1.33e-96	353	86137
NODE_775_length_20972_cov_25.4391	gb_NC_014638.1_-_1610636-1613960_ARO:3003730_Bifidobacteria	79.213	534	92	12	20066	20594	178	697	1.33e-96	353	86137
NODE_1047_length_17850_cov_82.1167	gb_AF235050.4_+_38028-40140_ARO:3003318_Streptomyces	76.963	382	80	6	10267	10644	453	76	7.20e-54	211	2621861
NODE_1047_length_17850_cov_82.1167	gb_AF235050.4_+_38028-40140_ARO:3003318_Streptomyces	76.963	382	80	6	10267	10644	453	76	7.20e-54	211	3814071
NODE_1047_length_17850_cov_82.1167	gb_AF235050.4_+_38028-40140_ARO:3003318_Streptomyces	76.963	382	80	6	10267	10644	453	76	7.20e-54	211	1325743
NODE_1047_length_17850_cov_82.1167	gb_AF235050.4_+_38028-40140_ARO:3003318_Streptomyces	76.963	382	80	6	10267	10644	453	76	7.20e-54	211	71026
NODE_1047_length_17850_cov_82.1167	gb_AF235050.4_+_38028-40140_ARO:3003318_Streptomyces	76.963	382	80	6	10267	10644	453	76	7.20e-54	211	293614
NODE_1047_length_17850_cov_82.1167	gb_AF235050.4_+_38028-40140_ARO:3003318_Streptomyces	76.963	382	80	6	10267	10644	453	76	7.20e-54	211	692406
NODE_1047_length_17850_cov_82.1167	gb_AF235050.4_+_38028-40140_ARO:3003318_Streptomyces	76.963	382	80	6	10267	10644	453	76	7.20e-54	211	37724
NODE_1047_length_17850_cov_82.1167	gb_AF235050.4_+_38028-40140_ARO:3003318_Streptomyces	76.963	382	80	6	10267	10644	453	76	7.20e-54	211	1029305
NODE_1047_length_17850_cov_82.1167	gb_AF235050.4_+_38028-40140_ARO:3003318_Streptomyces	76.963	382	80	6	10267	10644	453	76	7.20e-54	211	111109
NODE_1047_length_17850_cov_82.1167	gb_AF235050.4_+_38028-40140_ARO:3003318_Streptomyces	76.963	382	80	6	10267	10644	453	76	7.20e-54	211	1029305
NODE_1047_length_17850_cov_82.1167	gb_AF235050.4_+_38028-40140_ARO:3003318_Streptomyces	76.963	382	80	6	10267	10644	453	76	7.20e-54	211	6936917
NODE_1047_length_17850_cov_82.1167	gb_AF235050.4_+_38028-40140_ARO:3003318_Streptomyces	76.963	382	80	6	10267	10644	453	76	7.20e-54	211	207175
NODE_1047_length_17850_cov_82.1167	gb_AF235050.4_+_38028-40140_ARO:3003318_Streptomyces	76.963	382	80	6	10267	10644	453	76	7.20e-54	211	6936917
NODE_1047_length_17850_cov_82.1167	gb_AF235050.4_+_38028-40140_ARO:3003318_Streptomyces	76.963	382	80	6	10267	10644	453	76	7.20e-54	211	6936917
NODE_1047_length_17850_cov_82.1167	gb_AF235050.4_+_38028-40140_ARO:3003318_Streptomyces	76.963	382	80	6	10267	10644	453	76	7.20e-54	211	523245
NODE_1047_length_17850_cov_82.1167	gb_AF235050.4_+_38028-40140_ARO:3003318_Streptomyces	76.963	382	80	6	10267	10644	453	76	7.20e-54	211	301952
NODE_1047_length_17850_cov_82.1167	gb_AF235050.4_+_38028-40140_ARO:3003318_Streptomyces	76.963	382	80	6	10267	10644	453	76	7.20e-54	211	3217909
NODE_1047_length_17850_cov_82.1167	gb_AF235050.4_+_38028-40140_ARO:3003318_Streptomyces	76.963	382	80	6	10267	10644	453	76	7.20e-54	211	54871
NODE_1047_length_17850_cov_82.1167	gb_AF235050.4_+_38028-40140_ARO:3003318_Streptomyces	76.963	382	80	6	10267	10644	453	76	7.20e-54	211	50772
NODE_1047_length_17850_cov_82.1167	gb_AF235050.4_+_38028-40140_ARO:3003318_Streptomyces	76.963	382	80	6	10267	10644	453	76	7.20e-54	211	2322365
NODE_1047_length_17850_cov_82.1167	gb_AF235050.4_+_38028-40140_ARO:3003318_Streptomyces	76.963	382	80	6	10267	10644	453	76	7.20e-54	211	18139
NODE_1263_length_16017_cov_35.4761	gb_NC_003098.1_-_1359228-1360395_ARO:3000025_patB	83.319	1157	189	3	12710	13864	1	1155	0.0	1064	316404
NODE_1263_length_16017_cov_35.4761	gb_NC_003098.1_-_1359228-1360395_ARO:3000025_patB	83.319	1157	189	3	12710	13864	1	1155	0.0	1064	5355277
NODE_1263_length_16017_cov_35.4761	gb_NC_003098.1_-_1359228-1360395_ARO:3000025_patB	83.319	1157	189	3	12710	13864	1	1155	0.0	1064	6938220
NODE_1827_length_13102_cov_31.2965	gb_NC_003098.1_-_1359228-1360395_ARO:3000025_patB	92.765	1161	84	0	9880	11040	1161	1	0.0	1679	5357144
NODE_1827_length_13102_cov_31.2965	gb_NC_003098.1_-_1359228-1360395_ARO:3000025_patB	92.765	1161	84	0	9880	11040	1161	1	0.0	1679	1760222
NODE_1827_length_13102_cov_31.2965	gb_NC_003098.1_-_1359228-1360395_ARO:3000025_patB	92.765	1161	84	0	9880	11040	1161	1	0.0	1679	91205
NODE_1827_length_13102_cov_31.2965	gb_NC_003098.1_-_1359228-1360395_ARO:3000025_patB	92.765	1161	84	0	9880	11040	1161	1	0.0	1679	1510817
NODE_2438_length_11323_cov_9.37762	gb_HQ652506.1_+_2099-3836_ARO:3004033_tetB(46)	75.897	1701	364	37	4405	6082	1737	60	0.0	828	83990
NODE_2438_length_11323_cov_9.37762	gb_HQ652506.1_+_373-2098_ARO:3004032_tetA(46)	72.487	1741	447	29	6143	7867	1725	1	8.57e-151	532	83990
NODE_2438_length_11323_cov_9.37762	gb_HQ652506.1_+_2099-3836_ARO:3004033_tetB(46)	75.897	1701	364	37	4405	6082	1737	60	0.0	828	26430
NODE_2438_length_11323_cov_9.37762	gb_HQ652506.1_+_373-2098_ARO:3004032_tetA(46)	72.487	1741	447	29	6143	7867	1725	1	8.57e-151	532	26430
NODE_2438_length_11323_cov_9.37762	gb_HQ652506.1_+_2099-3836_ARO:3004033_tetB(46)	75.897	1701	364	37	4405	6082	1737	60	0.0	828	6937644
NODE_2438_length_11323_cov_9.37762	gb_HQ652506.1_+_373-2098_ARO:3004032_tetA(46)	72.487	1741	447	29	6143	7867	1725	1	8.57e-151	532	6937644
NODE_2668_length_10743_cov_5.64006	gb_HM990671_+_5192-6671_ARO:3003112_lsaC	69.605	1191	311	47	3638	4802	1442	277	1.24e-34	147	1481341
NODE_2985_length_10107_cov_8.70354	gb_AP006618.1_+_4835199-4838688_ARO:3000501_Nocardia	73.923	1672	366	54	1239	2879	3315	1683	1.24e-173	608	3050698
NODE_2985_length_10107_cov_8.70354	gb_AP006618.1_+_4835199-4838688_ARO:3000501_Nocardia	73.923	1672	366	54	1239	2879	3315	1683	1.24e-173	608	3050698
NODE_3446_length_9358_cov_3.36709	gb_HM990671_+_5192-6671_ARO:3003112_lsaC	93.448	290	19	0	9069	9358	1479	1190	2.66e-120	431	5307
NODE_3446_length_9358_cov_3.36709	gb_HM990671_+_5192-6671_ARO:3003112_lsaC	93.448	290	19	0	9069	9358	1479	1190	2.66e-120	431	4462646
NODE_4471_length_7977_cov_18.0226	gb_AP006618.1_+_4835199-4838688_ARO:3000501_Nocardia	73.533	2301	535	59	4312	6581	3320	1063	0.0	808	298758
NODE_4471_length_7977_cov_18.0226	gb_AP006618.1_+_4835199-4838688_ARO:3000501_Nocardia	73.533	2301	535	59	4312	6581	3320	1063	0.0	808	2578833
NODE_4471_length_7977_cov_18.0226	gb_AP006618.1_+_4835199-4838688_ARO:3000501_Nocardia	73.533	2301	535	59	4312	6581	3320	1063	0.0	808	11857
NODE_4485_length_7967_cov_9.5316	gb_AF235050.4_+_38028-40140_ARO:3003318_Streptomyces	79.250	400	81	2	719	1117	49	447	3.12e-74	278	884345
NODE_6499_length_6443_cov_20.2375	gb_AJ295238.3_+_163-2083_ARO:3000196_tet32	87.669	1922	215	21	2515	4425	1	1911	0.0	2217	131674
NODE_7591_length_5858_cov_7.66173	gb_M80346_+_0-1656_ARO:3002817_carA	97.222	36	1	0	3191	3226	1468	1503	2.51e-09	62.1	364292
NODE_8373_length_5499_cov_17.8055	gb_CP007593.1_+_2148923-2149772_ARO:3001301_RlmA(II)	85.325	845	120	4	4115	4957	843	1	0.0	870	215234
NODE_8373_length_5499_cov_17.8055	gb_CP007593.1_+_2148923-2149772_ARO:3001301_RlmA(II)	85.325	845	120	4	4115	4957	843	1	0.0	870	3930969
NODE_8373_length_5499_cov_17.8055	gb_CP007593.1_+_2148923-2149772_ARO:3001301_RlmA(II)	85.325	845	120	4	4115	4957	843	1	0.0	870	1481112
NODE_8373_length_5499_cov_17.8055	gb_CP007593.1_+_2148923-2149772_ARO:3001301_RlmA(II)	85.325	845	120	4	4115	4957	843	1	0.0	870	1218622
NODE_8880_length_5299_cov_4.69451	gb_AP006618.1_+_4835199-4838688_ARO:3000501_Nocardia	81.870	353	54	7	2692	3039	3333	2986	9.57e-78	289	185936
NODE_9353_length_5124_cov_143.715	gb_M17124_+_1181-1982_ARO:3000498_ErmF	99.750	801	2	0	2160	2960	801	1	0.0	1469	43331
NODE_9353_length_5124_cov_143.715	gb_AF319779.2_+_32-833_ARO:3000604_Erm(35)	78.643	796	166	3	2167	2960	794	1	6.48e-149	525	43331
NODE_9353_length_5124_cov_143.715	gb_M17124_+_1181-1982_ARO:3000498_ErmF	99.750	801	2	0	2160	2960	801	1	0.0	1469	28846
NODE_9353_length_5124_cov_143.715	gb_AF319779.2_+_32-833_ARO:3000604_Erm(35)	78.643	796	166	3	2167	2960	794	1	6.48e-149	525	28846
NODE_9509_length_5068_cov_29.0471	gb_CP007593.1_+_2148923-2149772_ARO:3001301_RlmA(II)	85.375	841	123	0	4193	5033	841	1	0.0	872	40299
NODE_9509_length_5068_cov_29.0471	gb_CP007593.1_+_2148923-2149772_ARO:3001301_RlmA(II)	85.375	841	123	0	4193	5033	841	1	0.0	872	1481112
NODE_10053_length_4881_cov_17.494	gb_NC_003098.1_-_1359228-1360395_ARO:3000025_patB	83.865	1159	183	3	2789	3945	1157	1	0.0	1101	5356272
NODE_10053_length_4881_cov_17.494	gb_NC_003098.1_-_1359228-1360395_ARO:3000025_patB	83.865	1159	183	3	2789	3945	1157	1	0.0	1101	5356272
NODE_10608_length_4712_cov_5.57977	gb_M80346_+_0-1656_ARO:3002817_carA	100.000	36	0	0	2829	2864	1502	1467	4.34e-11	67.6	1761191
NODE_10826_length_4648_cov_19.6841	gb_M11036_+_0-1377_ARO:3000179_tet(L)	99.780	1361	3	0	706	2066	17	1377	0.0	2497	375115
NODE_11003_length_4595_cov_13.9949	gb_HM990671_+_5192-6671_ARO:3003112_lsaC	90.448	670	63	1	3212	3880	673	4	0.0	881	6936676
NODE_11003_length_4595_cov_13.9949	gb_NC_005076_+_4149-5628_ARO:3003111_lsaB	94.595	37	2	0	3436	3472	448	412	2.55e-08	58.4	6936676
NODE_11537_length_4457_cov_21.465	gb_AF235050.4_+_38028-40140_ARO:3003318_Streptomyces	77.410	363	72	9	2258	2615	76	433	2.32e-53	207	1760358
NODE_11537_length_4457_cov_21.465	gb_AF235050.4_+_38028-40140_ARO:3003318_Streptomyces	77.410	363	72	9	2258	2615	76	433	2.32e-53	207	523245
NODE_11537_length_4457_cov_21.465	gb_AF235050.4_+_38028-40140_ARO:3003318_Streptomyces	77.410	363	72	9	2258	2615	76	433	2.32e-53	207	207677
NODE_11537_length_4457_cov_21.465	gb_AF235050.4_+_38028-40140_ARO:3003318_Streptomyces	77.410	363	72	9	2258	2615	76	433	2.32e-53	207	6932758
NODE_11537_length_4457_cov_21.465	gb_AF235050.4_+_38028-40140_ARO:3003318_Streptomyces	77.410	363	72	9	2258	2615	76	433	2.32e-53	207	207175
NODE_11537_length_4457_cov_21.465	gb_AF235050.4_+_38028-40140_ARO:3003318_Streptomyces	77.410	363	72	9	2258	2615	76	433	2.32e-53	207	384356
NODE_12221_length_4304_cov_23.6251	gb_AF472622_+_52-1018_ARO:3003003_CfxA3	100.000	121	0	0	4184	4304	1	121	2.22e-58	224	4461631
NODE_12221_length_4304_cov_23.6251	gb_AY769934_+_27-993_ARO:3003096_CfxA5	100.000	121	0	0	4184	4304	1	121	2.22e-58	224	4461631
NODE_12221_length_4304_cov_23.6251	gb_U38243_+_149-1115_ARO:3003001_CfxA	100.000	121	0	0	4184	4304	1	121	2.22e-58	224	4461631
NODE_12221_length_4304_cov_23.6251	gb_AY769933_+_0-966_ARO:3003005_CfxA4	100.000	121	0	0	4184	4304	1	121	2.22e-58	224	4461631
NODE_12221_length_4304_cov_23.6251	gb_AF118110.1_-_71-1037_ARO:3003002_CfxA2	100.000	121	0	0	4184	4304	1	121	2.22e-58	224	4461631
NODE_12949_length_4144_cov_5.97554	gb_X63451_+_0-1653_ARO:3002828_srmB	78.448	116	19	6	1840	1952	1465	1577	2.95e-12	71.3	1217387
NODE_12949_length_4144_cov_5.97554	gb_X63451_+_0-1653_ARO:3002828_srmB	78.448	116	19	6	1840	1952	1465	1577	2.95e-12	71.3	245652
NODE_17022_length_3461_cov_17.0643	gb_AF235050.4_+_38028-40140_ARO:3003318_Streptomyces	90.909	55	5	0	5	59	130	76	1.90e-13	75.0	12806
NODE_17283_length_3422_cov_115.641	gb_AF235050.4_+_38028-40140_ARO:3003318_Streptomyces	86.154	65	9	0	933	997	1897	1961	2.44e-12	71.3	384356
NODE_17283_length_3422_cov_115.641	gb_AF235050.4_+_38028-40140_ARO:3003318_Streptomyces	86.154	65	9	0	933	997	1897	1961	2.44e-12	71.3	2009570
NODE_17283_length_3422_cov_115.641	gb_AF235050.4_+_38028-40140_ARO:3003318_Streptomyces	86.154	65	9	0	933	997	1897	1961	2.44e-12	71.3	111109
NODE_17283_length_3422_cov_115.641	gb_AF235050.4_+_38028-40140_ARO:3003318_Streptomyces	86.154	65	9	0	933	997	1897	1961	2.44e-12	71.3	2009570
NODE_17283_length_3422_cov_115.641	gb_AF235050.4_+_38028-40140_ARO:3003318_Streptomyces	86.154	65	9	0	933	997	1897	1961	2.44e-12	71.3	320225
NODE_17283_length_3422_cov_115.641	gb_AF235050.4_+_38028-40140_ARO:3003318_Streptomyces	86.154	65	9	0	933	997	1897	1961	2.44e-12	71.3	334132
NODE_17283_length_3422_cov_115.641	gb_AF235050.4_+_38028-40140_ARO:3003318_Streptomyces	86.154	65	9	0	933	997	1897	1961	2.44e-12	71.3	3377664
NODE_18523_length_3259_cov_3.69257	gb_Z21523_+_0-1974_ARO:3000191_tetQ	97.161	775	22	0	1	775	1200	1974	0.0	1310	244537
NODE_19715_length_3120_cov_4.37651	gb_M57437_+_0-1647_ARO:3002827_tlrC	100.000	28	0	0	1549	1576	1191	1164	8.04e-07	52.8	1760997
NODE_19715_length_3120_cov_4.37651	gb_M57437_+_0-1647_ARO:3002827_tlrC	100.000	28	0	0	1549	1576	1191	1164	8.04e-07	52.8	1760997
NODE_19811_length_3107_cov_7.95413	gb_AF472622_+_52-1018_ARO:3003003_CfxA3	98.276	58	1	0	3050	3107	64	121	7.84e-22	102	2074330
NODE_19811_length_3107_cov_7.95413	gb_AY769934_+_27-993_ARO:3003096_CfxA5	98.276	58	1	0	3050	3107	64	121	7.84e-22	102	2074330
NODE_19811_length_3107_cov_7.95413	gb_U38243_+_149-1115_ARO:3003001_CfxA	98.276	58	1	0	3050	3107	64	121	7.84e-22	102	2074330
NODE_19811_length_3107_cov_7.95413	gb_AY769933_+_0-966_ARO:3003005_CfxA4	98.276	58	1	0	3050	3107	64	121	7.84e-22	102	2074330
NODE_19811_length_3107_cov_7.95413	gb_AF118110.1_-_71-1037_ARO:3003002_CfxA2	98.276	58	1	0	3050	3107	64	121	7.84e-22	102	2074330
NODE_21672_length_2916_cov_25.662	gb_NC_003098.1_-_1359228-1360395_ARO:3000025_patB	92.275	932	72	0	1	932	236	1167	0.0	1323	4337344
NODE_21672_length_2916_cov_25.662	gb_NC_003098.1_-_1359228-1360395_ARO:3000025_patB	92.275	932	72	0	1	932	236	1167	0.0	1323	1510817
NODE_22592_length_2833_cov_7.7221	gb_NC_014638.1_-_1610636-1613960_ARO:3003730_Bifidobacteria	77.003	861	162	23	1008	1841	1309	2160	1.02e-129	460	701017
NODE_22592_length_2833_cov_7.7221	gb_NC_014638.1_-_1610636-1613960_ARO:3003730_Bifidobacteria	77.003	861	162	23	1008	1841	1309	2160	1.02e-129	460	5163624
NODE_22592_length_2833_cov_7.7221	gb_NC_014638.1_-_1610636-1613960_ARO:3003730_Bifidobacteria	77.003	861	162	23	1008	1841	1309	2160	1.02e-129	460	4319633
NODE_22592_length_2833_cov_7.7221	gb_NC_014638.1_-_1610636-1613960_ARO:3003730_Bifidobacteria	77.003	861	162	23	1008	1841	1309	2160	1.02e-129	460	61953
NODE_23063_length_2789_cov_144.333	gb_AP006618.1_+_4835199-4838688_ARO:3000501_Nocardia	86.826	334	40	4	1792	2123	2968	3299	1.74e-102	370	1666326
NODE_23063_length_2789_cov_144.333	gb_AP006618.1_+_4835199-4838688_ARO:3000501_Nocardia	86.826	334	40	4	1792	2123	2968	3299	1.74e-102	370	208049
NODE_23063_length_2789_cov_144.333	gb_AP006618.1_+_4835199-4838688_ARO:3000501_Nocardia	86.826	334	40	4	1792	2123	2968	3299	1.74e-102	370	1760562
NODE_23063_length_2789_cov_144.333	gb_AP006618.1_+_4835199-4838688_ARO:3000501_Nocardia	86.826	334	40	4	1792	2123	2968	3299	1.74e-102	370	185936
NODE_23063_length_2789_cov_144.333	gb_AP006618.1_+_4835199-4838688_ARO:3000501_Nocardia	86.826	334	40	4	1792	2123	2968	3299	1.74e-102	370	1760562
NODE_23063_length_2789_cov_144.333	gb_AP006618.1_+_4835199-4838688_ARO:3000501_Nocardia	86.826	334	40	4	1792	2123	2968	3299	1.74e-102	370	11857
NODE_23522_length_2750_cov_9.118	gb_AP006618.1_+_4835199-4838688_ARO:3000501_Nocardia	77.461	2347	469	46	324	2643	3370	1057	0.0	1349	2511511
NODE_23522_length_2750_cov_9.118	gb_AP006618.1_+_4835199-4838688_ARO:3000501_Nocardia	77.461	2347	469	46	324	2643	3370	1057	0.0	1349	59979
NODE_23522_length_2750_cov_9.118	gb_AP006618.1_+_4835199-4838688_ARO:3000501_Nocardia	77.461	2347	469	46	324	2643	3370	1057	0.0	1349	6937910
NODE_26445_length_2519_cov_113.167	gb_AP006618.1_+_4835199-4838688_ARO:3000501_Nocardia	86.826	334	40	4	667	998	3299	2968	1.57e-102	370	5287833
NODE_26445_length_2519_cov_113.167	gb_AP006618.1_+_4835199-4838688_ARO:3000501_Nocardia	86.826	334	40	4	667	998	3299	2968	1.57e-102	370	498056
NODE_27707_length_2432_cov_13.4577	gb_CP007593.1_+_2148923-2149772_ARO:3001301_RlmA(II)	90.619	533	50	0	1	533	317	849	0.0	708	299712
NODE_27707_length_2432_cov_13.4577	gb_CP007593.1_+_2148923-2149772_ARO:3001301_RlmA(II)	90.619	533	50	0	1	533	317	849	0.0	708	50004
NODE_27925_length_2417_cov_25.1207	gb_NC_003098.1_-_1359228-1360395_ARO:3000025_patB	94.301	737	42	0	1	737	425	1161	0.0	1129	941358
NODE_28437_length_2385_cov_24.6034	gb_NC_014638.1_-_1610636-1613960_ARO:3003730_Bifidobacteria	82.424	165	29	0	1307	1471	3231	3067	9.83e-35	145	139560
NODE_28437_length_2385_cov_24.6034	gb_NC_014638.1_-_1610636-1613960_ARO:3003730_Bifidobacteria	82.424	165	29	0	1307	1471	3231	3067	9.83e-35	145	701017
NODE_30910_length_2237_cov_586.22	gb_AM180355_+_600033-601953_ARO:3000186_tetM	86.358	755	103	0	1483	2237	1	755	0.0	824	4893
NODE_30910_length_2237_cov_586.22	gb_AM180355_+_600033-601953_ARO:3000186_tetM	86.358	755	103	0	1483	2237	1	755	0.0	824	1921062
NODE_30910_length_2237_cov_586.22	gb_AM180355_+_600033-601953_ARO:3000186_tetM	86.358	755	103	0	1483	2237	1	755	0.0	824	1921062
NODE_30910_length_2237_cov_586.22	gb_AM180355_+_600033-601953_ARO:3000186_tetM	86.358	755	103	0	1483	2237	1	755	0.0	824	6919190
NODE_30910_length_2237_cov_586.22	gb_AM180355_+_600033-601953_ARO:3000186_tetM	86.358	755	103	0	1483	2237	1	755	0.0	824	14571
NODE_30910_length_2237_cov_586.22	gb_AM180355_+_600033-601953_ARO:3000186_tetM	86.358	755	103	0	1483	2237	1	755	0.0	824	36384
NODE_30910_length_2237_cov_586.22	gb_AM180355_+_600033-601953_ARO:3000186_tetM	86.358	755	103	0	1483	2237	1	755	0.0	824	5116945
NODE_31449_length_2204_cov_6.13867	gb_KX000272.1_+_0-1740_ARO:3004035_tetA(60)	89.532	1710	179	0	484	2193	1740	31	0.0	2167	1760962
NODE_31449_length_2204_cov_6.13867	gb_KX000273.1_+_0-1740_ARO:3004036_tetB(60)	94.867	487	25	0	1	487	487	1	0.0	761	1760962
NODE_31449_length_2204_cov_6.13867	gb_KX000272.1_+_0-1740_ARO:3004035_tetA(60)	89.532	1710	179	0	484	2193	1740	31	0.0	2167	548243
NODE_31449_length_2204_cov_6.13867	gb_KX000273.1_+_0-1740_ARO:3004036_tetB(60)	94.867	487	25	0	1	487	487	1	0.0	761	548243
NODE_31449_length_2204_cov_6.13867	gb_KX000272.1_+_0-1740_ARO:3004035_tetA(60)	89.532	1710	179	0	484	2193	1740	31	0.0	2167	1338368
NODE_31449_length_2204_cov_6.13867	gb_KX000273.1_+_0-1740_ARO:3004036_tetB(60)	94.867	487	25	0	1	487	487	1	0.0	761	1338368
NODE_32331_length_2156_cov_47.6026	gb_AP006618.1_+_4835199-4838688_ARO:3000501_Nocardia	73.710	1628	360	53	3	1602	1805	218	9.56e-164	573	40783
NODE_32331_length_2156_cov_47.6026	gb_AP006618.1_+_4835199-4838688_ARO:3000501_Nocardia	73.710	1628	360	53	3	1602	1805	218	9.56e-164	573	4335199
NODE_32638_length_2138_cov_82.6558	gb_CP007593.1_+_2148923-2149772_ARO:3001301_RlmA(II)	83.115	841	140	2	1112	1951	840	1	0.0	765	3050240
NODE_34293_length_2057_cov_22.1079	gb_NC_003098.1_+_866210-867410_ARO:3000822_pmrA	80.729	576	111	0	1480	2055	6	581	1.60e-126	449	4461633
NODE_34293_length_2057_cov_22.1079	gb_NC_003098.1_+_866210-867410_ARO:3000822_pmrA	80.729	576	111	0	1480	2055	6	581	1.60e-126	449	3051353
NODE_36871_length_1935_cov_42.2888	gb_AF235050.4_+_38028-40140_ARO:3003318_Streptomyces	75.178	1265	251	57	66	1303	763	1991	3.13e-153	538	1666285
NODE_36871_length_1935_cov_42.2888	gb_AF235050.4_+_38028-40140_ARO:3003318_Streptomyces	75.178	1265	251	57	66	1303	763	1991	3.13e-153	538	431293
NODE_37230_length_1920_cov_41.3871	gb_CP007593.1_+_2148923-2149772_ARO:3001301_RlmA(II)	88.484	851	94	4	923	1771	849	1	0.0	1026	2578872
NODE_37230_length_1920_cov_41.3871	gb_CP007593.1_+_2148923-2149772_ARO:3001301_RlmA(II)	88.484	851	94	4	923	1771	849	1	0.0	1026	299712
NODE_37230_length_1920_cov_41.3871	gb_CP007593.1_+_2148923-2149772_ARO:3001301_RlmA(II)	88.484	851	94	4	923	1771	849	1	0.0	1026	817643
NODE_38344_length_1872_cov_12.4496	gb_KX000273.1_+_0-1740_ARO:3004036_tetB(60)	87.885	1040	124	2	834	1872	1740	702	0.0	1221	6936915
NODE_38706_length_1858_cov_3.48697	gb_AY768531_+_0-1179_ARO:3000533_macA	85.593	118	17	0	1702	1819	77	194	9.97e-29	124	58994
NODE_39763_length_1818_cov_38.4118	gb_L36601_+_1420-3130_ARO:3003036_oleB	90.000	50	3	2	569	617	643	691	2.16e-10	63.9	1990671
NODE_40256_length_1801_cov_19.1993	gb_CP007593.1_+_2148923-2149772_ARO:3001301_RlmA(II)	86.088	841	117	0	750	1590	1	841	0.0	905	4461842
NODE_40256_length_1801_cov_19.1993	gb_CP007593.1_+_2148923-2149772_ARO:3001301_RlmA(II)	86.088	841	117	0	750	1590	1	841	0.0	905	89946
NODE_42657_length_1716_cov_157.573	gb_AP006618.1_+_4835199-4838688_ARO:3000501_Nocardia	74.635	958	194	38	3	940	1805	877	6.39e-105	377	40783
NODE_42657_length_1716_cov_157.573	gb_AP006618.1_+_4835199-4838688_ARO:3000501_Nocardia	74.635	958	194	38	3	940	1805	877	6.39e-105	377	4335199
NODE_42657_length_1716_cov_157.573	gb_AP006618.1_+_4835199-4838688_ARO:3000501_Nocardia	74.635	958	194	38	3	940	1805	877	6.39e-105	377	1666326
NODE_42657_length_1716_cov_157.573	gb_AP006618.1_+_4835199-4838688_ARO:3000501_Nocardia	74.635	958	194	38	3	940	1805	877	6.39e-105	377	521075
NODE_42804_length_1710_cov_13.7057	gb_CP007593.1_+_2148923-2149772_ARO:3001301_RlmA(II)	84.970	845	123	4	2	844	1	843	0.0	854	1268260
NODE_43110_length_1700_cov_716.938	gb_AY928180_+_0-495_ARO:3002837_lnuC	99.192	495	4	0	82	576	495	1	0.0	893	322145
NODE_43110_length_1700_cov_716.938	gb_AY928180_+_0-495_ARO:3002837_lnuC	99.192	495	4	0	82	576	495	1	0.0	893	322145
NODE_43110_length_1700_cov_716.938	gb_AY928180_+_0-495_ARO:3002837_lnuC	99.192	495	4	0	82	576	495	1	0.0	893	1481367
NODE_43110_length_1700_cov_716.938	gb_AY928180_+_0-495_ARO:3002837_lnuC	99.192	495	4	0	82	576	495	1	0.0	893	1838303
NODE_54150_length_1391_cov_3.78144	gb_AY768531_+_0-1179_ARO:3000533_macA	84.675	1031	145	11	336	1361	1170	148	0.0	1016	843013
NODE_56694_length_1335_cov_34.4211	gb_NC_003098.1_+_866210-867410_ARO:3000822_pmrA	92.528	1151	86	0	1	1151	50	1200	0.0	1650	2538242
NODE_56982_length_1329_cov_24.4874	gb_CP007593.1_+_2148923-2149772_ARO:3001301_RlmA(II)	91.635	526	42	2	805	1329	841	317	0.0	726	817643
NODE_57227_length_1324_cov_106.974	gb_AP006618.1_+_4835199-4838688_ARO:3000501_Nocardia	73.111	1350	295	54	3	1324	1805	496	8.05e-118	420	969861
NODE_58167_length_1303_cov_1.86138	gb_AF540889_+_0-327_ARO:3002871_tet37	99.550	222	1	0	450	671	222	1	2.22e-113	405	2855787
NODE_68443_length_1121_cov_683.547	gb_AF242872_+_2131-2878_ARO:3000375_ErmB	99.465	747	3	1	293	1038	1	747	0.0	1356	4329959
NODE_68443_length_1121_cov_683.547	gb_AF242872_+_2131-2878_ARO:3000375_ErmB	99.465	747	3	1	293	1038	1	747	0.0	1356	40510
NODE_72845_length_1056_cov_1.64336	gb_AP006618.1_+_4835199-4838688_ARO:3000501_Nocardia	74.476	1050	249	16	1	1042	1812	774	6.35e-123	436	16025
NODE_73957_length_1041_cov_5.26369	gb_HM990671_+_5192-6671_ARO:3003112_lsaC	93.193	808	55	0	234	1041	2	809	0.0	1188	4462646
NODE_73957_length_1041_cov_5.26369	gb_NC_005076_+_4149-5628_ARO:3003111_lsaB	94.737	38	2	0	643	680	411	448	1.58e-09	60.2	4462646
NODE_79247_length_972_cov_13.627	gb_KX000273.1_+_0-1740_ARO:3004036_tetB(60)	91.176	68	6	0	1	68	1673	1740	1.45e-19	93.5	523229
NODE_79247_length_972_cov_13.627	gb_KX000273.1_+_0-1740_ARO:3004036_tetB(60)	91.176	68	6	0	1	68	1673	1740	1.45e-19	93.5	6936915
NODE_79247_length_972_cov_13.627	gb_KX000273.1_+_0-1740_ARO:3004036_tetB(60)	91.176	68	6	0	1	68	1673	1740	1.45e-19	93.5	523229
NODE_85425_length_903_cov_89.0118	gb_AF118110.1_-_71-1037_ARO:3003002_CfxA2	100.000	900	0	0	1	900	67	966	0.0	1663	817644
NODE_85425_length_903_cov_89.0118	gb_AF472622_+_52-1018_ARO:3003003_CfxA3	99.889	900	1	0	1	900	67	966	0.0	1657	817644
NODE_85425_length_903_cov_89.0118	gb_AY769934_+_27-993_ARO:3003096_CfxA5	99.889	900	1	0	1	900	67	966	0.0	1657	817644
NODE_85425_length_903_cov_89.0118	gb_U38243_+_149-1115_ARO:3003001_CfxA	99.889	900	1	0	1	900	67	966	0.0	1657	817644
NODE_85425_length_903_cov_89.0118	gb_AY769933_+_0-966_ARO:3003005_CfxA4	99.889	900	1	0	1	900	67	966	0.0	1657	817644
NODE_85425_length_903_cov_89.0118	gb_GQ342996_+_797-1793_ARO:3003097_CfxA6	88.839	896	97	3	1	895	100	993	0.0	1098	817644
NODE_87426_length_883_cov_96.3056	gb_AF235050.4_+_38028-40140_ARO:3003318_Streptomyces	76.984	378	79	7	1	374	80	453	1.25e-54	209	301952
NODE_87426_length_883_cov_96.3056	gb_AF235050.4_+_38028-40140_ARO:3003318_Streptomyces	76.984	378	79	7	1	374	80	453	1.25e-54	209	4461498
NODE_87426_length_883_cov_96.3056	gb_AF235050.4_+_38028-40140_ARO:3003318_Streptomyces	76.984	378	79	7	1	374	80	453	1.25e-54	209	1301412
NODE_101737_length_760_cov_33.8411	gb_CP007593.1_+_2148923-2149772_ARO:3001301_RlmA(II)	85.397	315	46	0	3	317	535	849	2.85e-90	327	89946
NODE_101737_length_760_cov_33.8411	gb_CP007593.1_+_2148923-2149772_ARO:3001301_RlmA(II)	85.397	315	46	0	3	317	535	849	2.85e-90	327	3050240
NODE_106036_length_729_cov_306.512	gb_AM180355_+_600033-601953_ARO:3000186_tetM	94.911	727	37	0	3	729	703	1429	0.0	1138	5116945
NODE_106036_length_729_cov_306.512	gb_L09756_+_0-1926_ARO:3000192_tetS	78.748	687	146	0	43	729	743	1429	2.58e-130	460	5116945
NODE_112511_length_687_cov_47.125	gb_CP007593.1_+_2148923-2149772_ARO:3001301_RlmA(II)	97.826	46	1	0	1	46	46	1	7.95e-16	80.5	29810
NODE_119875_length_645_cov_205.673	gb_NC_014638.1_-_1610636-1613960_ARO:3003730_Bifidobacteria	75.610	615	124	20	26	618	1912	1302	1.90e-76	281	701017
NODE_119875_length_645_cov_205.673	gb_NC_014638.1_-_1610636-1613960_ARO:3003730_Bifidobacteria	75.610	615	124	20	26	618	1912	1302	1.90e-76	281	429987
NODE_142589_length_545_cov_18.7245	gb_KX000273.1_+_0-1740_ARO:3004036_tetB(60)	85.688	545	78	0	1	545	212	756	6.54e-165	575	1760962
NODE_172251_length_452_cov_3.96977	gb_KX000273.1_+_0-1740_ARO:3004036_tetB(60)	93.785	354	22	0	4	357	1387	1740	3.28e-152	532	3051247
NODE_176090_length_442_cov_34.6357	gb_HM990671_+_5192-6671_ARO:3003112_lsaC	94.773	440	23	0	3	442	1479	1040	0.0	686	179228
NODE_230369_length_318_cov_27.7719	gb_NC_003098.1_-_1359228-1360395_ARO:3000025_patB	80.556	288	54	2	1	287	361	647	2.01e-58	220	4040885
