NODE_3_length_285834_cov_55.6848	gb_AF235050.4_+_38028-40140_ARO:3003318_Streptomyces	74.572	1109	224	48	263869	264951	915	1991	2.25e-119	433	4342662
NODE_3_length_285834_cov_55.6848	gb_AF235050.4_+_38028-40140_ARO:3003318_Streptomyces	74.572	1109	224	48	263869	264951	915	1991	2.25e-119	433	938259
NODE_3_length_285834_cov_55.6848	gb_AF235050.4_+_38028-40140_ARO:3003318_Streptomyces	74.572	1109	224	48	263869	264951	915	1991	2.25e-119	433	5042959
NODE_3_length_285834_cov_55.6848	gb_AF235050.4_+_38028-40140_ARO:3003318_Streptomyces	74.572	1109	224	48	263869	264951	915	1991	2.25e-119	433	211999
NODE_3_length_285834_cov_55.6848	gb_AF235050.4_+_38028-40140_ARO:3003318_Streptomyces	74.572	1109	224	48	263869	264951	915	1991	2.25e-119	433	247444
NODE_3_length_285834_cov_55.6848	gb_AF235050.4_+_38028-40140_ARO:3003318_Streptomyces	74.572	1109	224	48	263869	264951	915	1991	2.25e-119	433	2582190
NODE_3_length_285834_cov_55.6848	gb_AF235050.4_+_38028-40140_ARO:3003318_Streptomyces	74.572	1109	224	48	263869	264951	915	1991	2.25e-119	433	138492
NODE_3_length_285834_cov_55.6848	gb_AF235050.4_+_38028-40140_ARO:3003318_Streptomyces	74.572	1109	224	48	263869	264951	915	1991	2.25e-119	433	1736792
NODE_3_length_285834_cov_55.6848	gb_AF235050.4_+_38028-40140_ARO:3003318_Streptomyces	74.572	1109	224	48	263869	264951	915	1991	2.25e-119	433	5283635
NODE_3_length_285834_cov_55.6848	gb_AF235050.4_+_38028-40140_ARO:3003318_Streptomyces	74.572	1109	224	48	263869	264951	915	1991	2.25e-119	433	968775
NODE_3_length_285834_cov_55.6848	gb_AF235050.4_+_38028-40140_ARO:3003318_Streptomyces	74.572	1109	224	48	263869	264951	915	1991	2.25e-119	433	3011001
NODE_3_length_285834_cov_55.6848	gb_AF235050.4_+_38028-40140_ARO:3003318_Streptomyces	74.572	1109	224	48	263869	264951	915	1991	2.25e-119	433	5064515
NODE_3_length_285834_cov_55.6848	gb_AF235050.4_+_38028-40140_ARO:3003318_Streptomyces	74.572	1109	224	48	263869	264951	915	1991	2.25e-119	433	5283685
NODE_3_length_285834_cov_55.6848	gb_AF235050.4_+_38028-40140_ARO:3003318_Streptomyces	74.572	1109	224	48	263869	264951	915	1991	2.25e-119	433	281225
NODE_3_length_285834_cov_55.6848	gb_AF235050.4_+_38028-40140_ARO:3003318_Streptomyces	74.572	1109	224	48	263869	264951	915	1991	2.25e-119	433	799205
NODE_3_length_285834_cov_55.6848	gb_AF235050.4_+_38028-40140_ARO:3003318_Streptomyces	74.572	1109	224	48	263869	264951	915	1991	2.25e-119	433	2257806
NODE_3_length_285834_cov_55.6848	gb_AF235050.4_+_38028-40140_ARO:3003318_Streptomyces	74.572	1109	224	48	263869	264951	915	1991	2.25e-119	433	5283864
NODE_3_length_285834_cov_55.6848	gb_AF235050.4_+_38028-40140_ARO:3003318_Streptomyces	74.572	1109	224	48	263869	264951	915	1991	2.25e-119	433	4436134
NODE_3_length_285834_cov_55.6848	gb_AF235050.4_+_38028-40140_ARO:3003318_Streptomyces	74.572	1109	224	48	263869	264951	915	1991	2.25e-119	433	277023
NODE_3_length_285834_cov_55.6848	gb_AF235050.4_+_38028-40140_ARO:3003318_Streptomyces	74.572	1109	224	48	263869	264951	915	1991	2.25e-119	433	516153
NODE_3_length_285834_cov_55.6848	gb_AF235050.4_+_38028-40140_ARO:3003318_Streptomyces	74.572	1109	224	48	263869	264951	915	1991	2.25e-119	433	3011321
NODE_3_length_285834_cov_55.6848	gb_AF235050.4_+_38028-40140_ARO:3003318_Streptomyces	74.572	1109	224	48	263869	264951	915	1991	2.25e-119	433	860832
NODE_3_length_285834_cov_55.6848	gb_AF235050.4_+_38028-40140_ARO:3003318_Streptomyces	74.572	1109	224	48	263869	264951	915	1991	2.25e-119	433	81376
NODE_3_length_285834_cov_55.6848	gb_AF235050.4_+_38028-40140_ARO:3003318_Streptomyces	74.572	1109	224	48	263869	264951	915	1991	2.25e-119	433	206080
NODE_3_length_285834_cov_55.6848	gb_AF235050.4_+_38028-40140_ARO:3003318_Streptomyces	74.572	1109	224	48	263869	264951	915	1991	2.25e-119	433	81376
NODE_3_length_285834_cov_55.6848	gb_AF235050.4_+_38028-40140_ARO:3003318_Streptomyces	74.572	1109	224	48	263869	264951	915	1991	2.25e-119	433	3010951
NODE_3_length_285834_cov_55.6848	gb_AF235050.4_+_38028-40140_ARO:3003318_Streptomyces	74.572	1109	224	48	263869	264951	915	1991	2.25e-119	433	968600
NODE_3_length_285834_cov_55.6848	gb_AF235050.4_+_38028-40140_ARO:3003318_Streptomyces	74.572	1109	224	48	263869	264951	915	1991	2.25e-119	433	1671223
NODE_3_length_285834_cov_55.6848	gb_AF235050.4_+_38028-40140_ARO:3003318_Streptomyces	74.572	1109	224	48	263869	264951	915	1991	2.25e-119	433	83019
NODE_3_length_285834_cov_55.6848	gb_AF235050.4_+_38028-40140_ARO:3003318_Streptomyces	74.572	1109	224	48	263869	264951	915	1991	2.25e-119	433	744667
NODE_3_length_285834_cov_55.6848	gb_AF235050.4_+_38028-40140_ARO:3003318_Streptomyces	74.572	1109	224	48	263869	264951	915	1991	2.25e-119	433	3011072
NODE_3_length_285834_cov_55.6848	gb_AF235050.4_+_38028-40140_ARO:3003318_Streptomyces	74.572	1109	224	48	263869	264951	915	1991	2.25e-119	433	1736895
NODE_3_length_285834_cov_55.6848	gb_AF235050.4_+_38028-40140_ARO:3003318_Streptomyces	74.572	1109	224	48	263869	264951	915	1991	2.25e-119	433	5284074
NODE_3_length_285834_cov_55.6848	gb_AF235050.4_+_38028-40140_ARO:3003318_Streptomyces	74.572	1109	224	48	263869	264951	915	1991	2.25e-119	433	2422939
NODE_3_length_285834_cov_55.6848	gb_AF235050.4_+_38028-40140_ARO:3003318_Streptomyces	74.572	1109	224	48	263869	264951	915	1991	2.25e-119	433	6754533
NODE_3_length_285834_cov_55.6848	gb_AF235050.4_+_38028-40140_ARO:3003318_Streptomyces	74.572	1109	224	48	263869	264951	915	1991	2.25e-119	433	5072386
NODE_3_length_285834_cov_55.6848	gb_AF235050.4_+_38028-40140_ARO:3003318_Streptomyces	74.572	1109	224	48	263869	264951	915	1991	2.25e-119	433	365189
NODE_3_length_285834_cov_55.6848	gb_AF235050.4_+_38028-40140_ARO:3003318_Streptomyces	74.572	1109	224	48	263869	264951	915	1991	2.25e-119	433	295504
NODE_3_length_285834_cov_55.6848	gb_AF235050.4_+_38028-40140_ARO:3003318_Streptomyces	74.572	1109	224	48	263869	264951	915	1991	2.25e-119	433	4436378
NODE_3_length_285834_cov_55.6848	gb_AF235050.4_+_38028-40140_ARO:3003318_Streptomyces	74.572	1109	224	48	263869	264951	915	1991	2.25e-119	433	894145
NODE_3_length_285834_cov_55.6848	gb_AF235050.4_+_38028-40140_ARO:3003318_Streptomyces	74.572	1109	224	48	263869	264951	915	1991	2.25e-119	433	2877475
NODE_3_length_285834_cov_55.6848	gb_AF235050.4_+_38028-40140_ARO:3003318_Streptomyces	74.572	1109	224	48	263869	264951	915	1991	2.25e-119	433	3316093
NODE_3_length_285834_cov_55.6848	gb_AF235050.4_+_38028-40140_ARO:3003318_Streptomyces	74.572	1109	224	48	263869	264951	915	1991	2.25e-119	433	968716
NODE_3_length_285834_cov_55.6848	gb_AF235050.4_+_38028-40140_ARO:3003318_Streptomyces	74.572	1109	224	48	263869	264951	915	1991	2.25e-119	433	309558
NODE_3_length_285834_cov_55.6848	gb_AF235050.4_+_38028-40140_ARO:3003318_Streptomyces	74.572	1109	224	48	263869	264951	915	1991	2.25e-119	433	3010910
NODE_3_length_285834_cov_55.6848	gb_AF235050.4_+_38028-40140_ARO:3003318_Streptomyces	74.572	1109	224	48	263869	264951	915	1991	2.25e-119	433	1045227
NODE_3_length_285834_cov_55.6848	gb_AF235050.4_+_38028-40140_ARO:3003318_Streptomyces	74.572	1109	224	48	263869	264951	915	1991	2.25e-119	433	1448546
NODE_3_length_285834_cov_55.6848	gb_AF235050.4_+_38028-40140_ARO:3003318_Streptomyces	74.572	1109	224	48	263869	264951	915	1991	2.25e-119	433	1921078
NODE_3_length_285834_cov_55.6848	gb_AF235050.4_+_38028-40140_ARO:3003318_Streptomyces	74.572	1109	224	48	263869	264951	915	1991	2.25e-119	433	4436132
NODE_3_length_285834_cov_55.6848	gb_AF235050.4_+_38028-40140_ARO:3003318_Streptomyces	74.572	1109	224	48	263869	264951	915	1991	2.25e-119	433	6902475
NODE_3_length_285834_cov_55.6848	gb_AF235050.4_+_38028-40140_ARO:3003318_Streptomyces	74.572	1109	224	48	263869	264951	915	1991	2.25e-119	433	1186340
NODE_3_length_285834_cov_55.6848	gb_AF235050.4_+_38028-40140_ARO:3003318_Streptomyces	74.572	1109	224	48	263869	264951	915	1991	2.25e-119	433	5045495
NODE_3_length_285834_cov_55.6848	gb_AF235050.4_+_38028-40140_ARO:3003318_Streptomyces	74.572	1109	224	48	263869	264951	915	1991	2.25e-119	433	264855
NODE_3_length_285834_cov_55.6848	gb_AF235050.4_+_38028-40140_ARO:3003318_Streptomyces	74.572	1109	224	48	263869	264951	915	1991	2.25e-119	433	4400799
NODE_3_length_285834_cov_55.6848	gb_AF235050.4_+_38028-40140_ARO:3003318_Streptomyces	74.572	1109	224	48	263869	264951	915	1991	2.25e-119	433	5020631
NODE_3_length_285834_cov_55.6848	gb_AF235050.4_+_38028-40140_ARO:3003318_Streptomyces	74.572	1109	224	48	263869	264951	915	1991	2.25e-119	433	4183600
NODE_3_length_285834_cov_55.6848	gb_AF235050.4_+_38028-40140_ARO:3003318_Streptomyces	74.572	1109	224	48	263869	264951	915	1991	2.25e-119	433	4183600
NODE_3_length_285834_cov_55.6848	gb_AF235050.4_+_38028-40140_ARO:3003318_Streptomyces	74.572	1109	224	48	263869	264951	915	1991	2.25e-119	433	5284270
NODE_3_length_285834_cov_55.6848	gb_AF235050.4_+_38028-40140_ARO:3003318_Streptomyces	74.572	1109	224	48	263869	264951	915	1991	2.25e-119	433	396667
NODE_3_length_285834_cov_55.6848	gb_AF235050.4_+_38028-40140_ARO:3003318_Streptomyces	74.572	1109	224	48	263869	264951	915	1991	2.25e-119	433	142084
NODE_3_length_285834_cov_55.6848	gb_AF235050.4_+_38028-40140_ARO:3003318_Streptomyces	74.572	1109	224	48	263869	264951	915	1991	2.25e-119	433	2880316
NODE_3_length_285834_cov_55.6848	gb_AF235050.4_+_38028-40140_ARO:3003318_Streptomyces	74.572	1109	224	48	263869	264951	915	1991	2.25e-119	433	3910780
NODE_3_length_285834_cov_55.6848	gb_AF235050.4_+_38028-40140_ARO:3003318_Streptomyces	74.572	1109	224	48	263869	264951	915	1991	2.25e-119	433	5283593
NODE_3_length_285834_cov_55.6848	gb_AF235050.4_+_38028-40140_ARO:3003318_Streptomyces	74.572	1109	224	48	263869	264951	915	1991	2.25e-119	433	140655
NODE_3_length_285834_cov_55.6848	gb_AF235050.4_+_38028-40140_ARO:3003318_Streptomyces	74.572	1109	224	48	263869	264951	915	1991	2.25e-119	433	264859
NODE_3_length_285834_cov_55.6848	gb_AF235050.4_+_38028-40140_ARO:3003318_Streptomyces	74.572	1109	224	48	263869	264951	915	1991	2.25e-119	433	5035666
NODE_3_length_285834_cov_55.6848	gb_AF235050.4_+_38028-40140_ARO:3003318_Streptomyces	74.572	1109	224	48	263869	264951	915	1991	2.25e-119	433	397296
NODE_3_length_285834_cov_55.6848	gb_AF235050.4_+_38028-40140_ARO:3003318_Streptomyces	74.572	1109	224	48	263869	264951	915	1991	2.25e-119	433	3011340
NODE_3_length_285834_cov_55.6848	gb_AF235050.4_+_38028-40140_ARO:3003318_Streptomyces	74.572	1109	224	48	263869	264951	915	1991	2.25e-119	433	4436287
NODE_3_length_285834_cov_55.6848	gb_AF235050.4_+_38028-40140_ARO:3003318_Streptomyces	74.572	1109	224	48	263869	264951	915	1991	2.25e-119	433	3011340
NODE_3_length_285834_cov_55.6848	gb_AF235050.4_+_38028-40140_ARO:3003318_Streptomyces	74.572	1109	224	48	263869	264951	915	1991	2.25e-119	433	89060
NODE_3_length_285834_cov_55.6848	gb_AF235050.4_+_38028-40140_ARO:3003318_Streptomyces	74.572	1109	224	48	263869	264951	915	1991	2.25e-119	433	1913869
NODE_3_length_285834_cov_55.6848	gb_AF235050.4_+_38028-40140_ARO:3003318_Streptomyces	74.572	1109	224	48	263869	264951	915	1991	2.25e-119	433	1394363
NODE_3_length_285834_cov_55.6848	gb_AF235050.4_+_38028-40140_ARO:3003318_Streptomyces	74.572	1109	224	48	263869	264951	915	1991	2.25e-119	433	182515
NODE_3_length_285834_cov_55.6848	gb_AF235050.4_+_38028-40140_ARO:3003318_Streptomyces	74.572	1109	224	48	263869	264951	915	1991	2.25e-119	433	1702011
NODE_3_length_285834_cov_55.6848	gb_AF235050.4_+_38028-40140_ARO:3003318_Streptomyces	74.572	1109	224	48	263869	264951	915	1991	2.25e-119	433	5014156
NODE_3_length_285834_cov_55.6848	gb_AF235050.4_+_38028-40140_ARO:3003318_Streptomyces	74.572	1109	224	48	263869	264951	915	1991	2.25e-119	433	456768
NODE_3_length_285834_cov_55.6848	gb_AF235050.4_+_38028-40140_ARO:3003318_Streptomyces	74.572	1109	224	48	263869	264951	915	1991	2.25e-119	433	2896388
NODE_3_length_285834_cov_55.6848	gb_AF235050.4_+_38028-40140_ARO:3003318_Streptomyces	74.572	1109	224	48	263869	264951	915	1991	2.25e-119	433	4436224
NODE_3_length_285834_cov_55.6848	gb_AF235050.4_+_38028-40140_ARO:3003318_Streptomyces	74.572	1109	224	48	263869	264951	915	1991	2.25e-119	433	3283425
NODE_3_length_285834_cov_55.6848	gb_AF235050.4_+_38028-40140_ARO:3003318_Streptomyces	74.572	1109	224	48	263869	264951	915	1991	2.25e-119	433	812731
NODE_3_length_285834_cov_55.6848	gb_AF235050.4_+_38028-40140_ARO:3003318_Streptomyces	74.572	1109	224	48	263869	264951	915	1991	2.25e-119	433	3825095
NODE_3_length_285834_cov_55.6848	gb_AF235050.4_+_38028-40140_ARO:3003318_Streptomyces	74.572	1109	224	48	263869	264951	915	1991	2.25e-119	433	516132
NODE_3_length_285834_cov_55.6848	gb_AF235050.4_+_38028-40140_ARO:3003318_Streptomyces	74.572	1109	224	48	263869	264951	915	1991	2.25e-119	433	1445703
NODE_3_length_285834_cov_55.6848	gb_AF235050.4_+_38028-40140_ARO:3003318_Streptomyces	74.572	1109	224	48	263869	264951	915	1991	2.25e-119	433	812723
NODE_3_length_285834_cov_55.6848	gb_AF235050.4_+_38028-40140_ARO:3003318_Streptomyces	74.572	1109	224	48	263869	264951	915	1991	2.25e-119	433	2877170
NODE_3_length_285834_cov_55.6848	gb_AF235050.4_+_38028-40140_ARO:3003318_Streptomyces	74.572	1109	224	48	263869	264951	915	1991	2.25e-119	433	796875
NODE_3_length_285834_cov_55.6848	gb_AF235050.4_+_38028-40140_ARO:3003318_Streptomyces	74.572	1109	224	48	263869	264951	915	1991	2.25e-119	433	796875
NODE_3_length_285834_cov_55.6848	gb_AF235050.4_+_38028-40140_ARO:3003318_Streptomyces	74.572	1109	224	48	263869	264951	915	1991	2.25e-119	433	3010973
NODE_3_length_285834_cov_55.6848	gb_AF235050.4_+_38028-40140_ARO:3003318_Streptomyces	74.572	1109	224	48	263869	264951	915	1991	2.25e-119	433	710203
NODE_3_length_285834_cov_55.6848	gb_AF235050.4_+_38028-40140_ARO:3003318_Streptomyces	74.572	1109	224	48	263869	264951	915	1991	2.25e-119	433	73567
NODE_3_length_285834_cov_55.6848	gb_AF235050.4_+_38028-40140_ARO:3003318_Streptomyces	74.572	1109	224	48	263869	264951	915	1991	2.25e-119	433	3997665
NODE_3_length_285834_cov_55.6848	gb_AF235050.4_+_38028-40140_ARO:3003318_Streptomyces	74.572	1109	224	48	263869	264951	915	1991	2.25e-119	433	5284051
NODE_3_length_285834_cov_55.6848	gb_AF235050.4_+_38028-40140_ARO:3003318_Streptomyces	74.572	1109	224	48	263869	264951	915	1991	2.25e-119	433	601663
NODE_3_length_285834_cov_55.6848	gb_AF235050.4_+_38028-40140_ARO:3003318_Streptomyces	74.572	1109	224	48	263869	264951	915	1991	2.25e-119	433	49495
NODE_3_length_285834_cov_55.6848	gb_AF235050.4_+_38028-40140_ARO:3003318_Streptomyces	74.572	1109	224	48	263869	264951	915	1991	2.25e-119	433	2247908
NODE_3_length_285834_cov_55.6848	gb_AF235050.4_+_38028-40140_ARO:3003318_Streptomyces	74.572	1109	224	48	263869	264951	915	1991	2.25e-119	433	2948071
NODE_3_length_285834_cov_55.6848	gb_AF235050.4_+_38028-40140_ARO:3003318_Streptomyces	74.572	1109	224	48	263869	264951	915	1991	2.25e-119	433	3051059
NODE_3_length_285834_cov_55.6848	gb_AF235050.4_+_38028-40140_ARO:3003318_Streptomyces	74.572	1109	224	48	263869	264951	915	1991	2.25e-119	433	31818
NODE_3_length_285834_cov_55.6848	gb_AF235050.4_+_38028-40140_ARO:3003318_Streptomyces	74.572	1109	224	48	263869	264951	915	1991	2.25e-119	433	694236
NODE_3_length_285834_cov_55.6848	gb_AF235050.4_+_38028-40140_ARO:3003318_Streptomyces	74.572	1109	224	48	263869	264951	915	1991	2.25e-119	433	2708086
NODE_3_length_285834_cov_55.6848	gb_AF235050.4_+_38028-40140_ARO:3003318_Streptomyces	74.572	1109	224	48	263869	264951	915	1991	2.25e-119	433	1154928
NODE_3_length_285834_cov_55.6848	gb_AF235050.4_+_38028-40140_ARO:3003318_Streptomyces	74.572	1109	224	48	263869	264951	915	1991	2.25e-119	433	3059490
NODE_3_length_285834_cov_55.6848	gb_AF235050.4_+_38028-40140_ARO:3003318_Streptomyces	74.572	1109	224	48	263869	264951	915	1991	2.25e-119	433	3011277
NODE_3_length_285834_cov_55.6848	gb_AF235050.4_+_38028-40140_ARO:3003318_Streptomyces	74.572	1109	224	48	263869	264951	915	1991	2.25e-119	433	1736941
NODE_3_length_285834_cov_55.6848	gb_AF235050.4_+_38028-40140_ARO:3003318_Streptomyces	74.572	1109	224	48	263869	264951	915	1991	2.25e-119	433	1192418
NODE_3_length_285834_cov_55.6848	gb_AF235050.4_+_38028-40140_ARO:3003318_Streptomyces	74.572	1109	224	48	263869	264951	915	1991	2.25e-119	433	2735371
NODE_6_length_257068_cov_35.0656	gb_AP006618.1_+_4835199-4838688_ARO:3000501_Nocardia	73.533	2301	535	59	15143	17412	1063	3320	0.0	808	2281105
NODE_6_length_257068_cov_35.0656	gb_AP006618.1_+_4835199-4838688_ARO:3000501_Nocardia	73.533	2301	535	59	15143	17412	1063	3320	0.0	808	2281105
NODE_6_length_257068_cov_35.0656	gb_AP006618.1_+_4835199-4838688_ARO:3000501_Nocardia	73.533	2301	535	59	15143	17412	1063	3320	0.0	808	85067
NODE_6_length_257068_cov_35.0656	gb_AP006618.1_+_4835199-4838688_ARO:3000501_Nocardia	73.533	2301	535	59	15143	17412	1063	3320	0.0	808	2564796
NODE_6_length_257068_cov_35.0656	gb_AP006618.1_+_4835199-4838688_ARO:3000501_Nocardia	73.533	2301	535	59	15143	17412	1063	3320	0.0	808	5160334
NODE_6_length_257068_cov_35.0656	gb_AP006618.1_+_4835199-4838688_ARO:3000501_Nocardia	73.533	2301	535	59	15143	17412	1063	3320	0.0	808	187228
NODE_6_length_257068_cov_35.0656	gb_AP006618.1_+_4835199-4838688_ARO:3000501_Nocardia	73.533	2301	535	59	15143	17412	1063	3320	0.0	808	1321741
NODE_6_length_257068_cov_35.0656	gb_AP006618.1_+_4835199-4838688_ARO:3000501_Nocardia	73.533	2301	535	59	15143	17412	1063	3320	0.0	808	245323
NODE_6_length_257068_cov_35.0656	gb_AP006618.1_+_4835199-4838688_ARO:3000501_Nocardia	73.533	2301	535	59	15143	17412	1063	3320	0.0	808	4306608
NODE_6_length_257068_cov_35.0656	gb_AP006618.1_+_4835199-4838688_ARO:3000501_Nocardia	73.533	2301	535	59	15143	17412	1063	3320	0.0	808	496162
NODE_6_length_257068_cov_35.0656	gb_AP006618.1_+_4835199-4838688_ARO:3000501_Nocardia	73.533	2301	535	59	15143	17412	1063	3320	0.0	808	1477623
NODE_6_length_257068_cov_35.0656	gb_AP006618.1_+_4835199-4838688_ARO:3000501_Nocardia	73.533	2301	535	59	15143	17412	1063	3320	0.0	808	1999444
NODE_6_length_257068_cov_35.0656	gb_AP006618.1_+_4835199-4838688_ARO:3000501_Nocardia	73.533	2301	535	59	15143	17412	1063	3320	0.0	808	1164736
NODE_6_length_257068_cov_35.0656	gb_AP006618.1_+_4835199-4838688_ARO:3000501_Nocardia	73.533	2301	535	59	15143	17412	1063	3320	0.0	808	2893844
NODE_6_length_257068_cov_35.0656	gb_AP006618.1_+_4835199-4838688_ARO:3000501_Nocardia	73.533	2301	535	59	15143	17412	1063	3320	0.0	808	6902827
NODE_6_length_257068_cov_35.0656	gb_AP006618.1_+_4835199-4838688_ARO:3000501_Nocardia	73.533	2301	535	59	15143	17412	1063	3320	0.0	808	3910701
NODE_6_length_257068_cov_35.0656	gb_AP006618.1_+_4835199-4838688_ARO:3000501_Nocardia	73.533	2301	535	59	15143	17412	1063	3320	0.0	808	4397538
NODE_6_length_257068_cov_35.0656	gb_AP006618.1_+_4835199-4838688_ARO:3000501_Nocardia	73.533	2301	535	59	15143	17412	1063	3320	0.0	808	95558
NODE_6_length_257068_cov_35.0656	gb_AP006618.1_+_4835199-4838688_ARO:3000501_Nocardia	73.533	2301	535	59	15143	17412	1063	3320	0.0	808	2280986
NODE_6_length_257068_cov_35.0656	gb_AP006618.1_+_4835199-4838688_ARO:3000501_Nocardia	73.533	2301	535	59	15143	17412	1063	3320	0.0	808	577630
NODE_6_length_257068_cov_35.0656	gb_AP006618.1_+_4835199-4838688_ARO:3000501_Nocardia	73.533	2301	535	59	15143	17412	1063	3320	0.0	808	4436305
NODE_6_length_257068_cov_35.0656	gb_AP006618.1_+_4835199-4838688_ARO:3000501_Nocardia	73.533	2301	535	59	15143	17412	1063	3320	0.0	808	2281004
NODE_6_length_257068_cov_35.0656	gb_AP006618.1_+_4835199-4838688_ARO:3000501_Nocardia	73.533	2301	535	59	15143	17412	1063	3320	0.0	808	179553
NODE_6_length_257068_cov_35.0656	gb_AP006618.1_+_4835199-4838688_ARO:3000501_Nocardia	73.533	2301	535	59	15143	17412	1063	3320	0.0	808	427277
NODE_6_length_257068_cov_35.0656	gb_AP006618.1_+_4835199-4838688_ARO:3000501_Nocardia	73.533	2301	535	59	15143	17412	1063	3320	0.0	808	4436186
NODE_6_length_257068_cov_35.0656	gb_AP006618.1_+_4835199-4838688_ARO:3000501_Nocardia	73.533	2301	535	59	15143	17412	1063	3320	0.0	808	166329
NODE_6_length_257068_cov_35.0656	gb_AP006618.1_+_4835199-4838688_ARO:3000501_Nocardia	73.533	2301	535	59	15143	17412	1063	3320	0.0	808	417377
NODE_6_length_257068_cov_35.0656	gb_AP006618.1_+_4835199-4838688_ARO:3000501_Nocardia	73.533	2301	535	59	15143	17412	1063	3320	0.0	808	3011197
NODE_6_length_257068_cov_35.0656	gb_AP006618.1_+_4835199-4838688_ARO:3000501_Nocardia	73.533	2301	535	59	15143	17412	1063	3320	0.0	808	3910825
NODE_6_length_257068_cov_35.0656	gb_AP006618.1_+_4835199-4838688_ARO:3000501_Nocardia	73.533	2301	535	59	15143	17412	1063	3320	0.0	808	3910825
NODE_6_length_257068_cov_35.0656	gb_AP006618.1_+_4835199-4838688_ARO:3000501_Nocardia	73.533	2301	535	59	15143	17412	1063	3320	0.0	808	4337655
NODE_6_length_257068_cov_35.0656	gb_AP006618.1_+_4835199-4838688_ARO:3000501_Nocardia	73.533	2301	535	59	15143	17412	1063	3320	0.0	808	3910868
NODE_6_length_257068_cov_35.0656	gb_AP006618.1_+_4835199-4838688_ARO:3000501_Nocardia	73.533	2301	535	59	15143	17412	1063	3320	0.0	808	933481
NODE_6_length_257068_cov_35.0656	gb_AP006618.1_+_4835199-4838688_ARO:3000501_Nocardia	73.533	2301	535	59	15143	17412	1063	3320	0.0	808	449901
NODE_6_length_257068_cov_35.0656	gb_AP006618.1_+_4835199-4838688_ARO:3000501_Nocardia	73.533	2301	535	59	15143	17412	1063	3320	0.0	808	5650729
NODE_6_length_257068_cov_35.0656	gb_AP006618.1_+_4835199-4838688_ARO:3000501_Nocardia	73.533	2301	535	59	15143	17412	1063	3320	0.0	808	173976
NODE_6_length_257068_cov_35.0656	gb_AP006618.1_+_4835199-4838688_ARO:3000501_Nocardia	73.533	2301	535	59	15143	17412	1063	3320	0.0	808	5284085
NODE_6_length_257068_cov_35.0656	gb_AP006618.1_+_4835199-4838688_ARO:3000501_Nocardia	73.533	2301	535	59	15143	17412	1063	3320	0.0	808	2249830
NODE_6_length_257068_cov_35.0656	gb_AP006618.1_+_4835199-4838688_ARO:3000501_Nocardia	73.533	2301	535	59	15143	17412	1063	3320	0.0	808	2155969
NODE_6_length_257068_cov_35.0656	gb_AP006618.1_+_4835199-4838688_ARO:3000501_Nocardia	73.533	2301	535	59	15143	17412	1063	3320	0.0	808	112240
NODE_30_length_111659_cov_18.7029	gb_AF235050.4_+_38028-40140_ARO:3003318_Streptomyces	77.344	384	77	9	85289	85667	76	454	2.69e-55	219	5284398
NODE_30_length_111659_cov_18.7029	gb_AF235050.4_+_38028-40140_ARO:3003318_Streptomyces	77.344	384	77	9	85289	85667	76	454	2.69e-55	219	365935
NODE_30_length_111659_cov_18.7029	gb_AF235050.4_+_38028-40140_ARO:3003318_Streptomyces	77.344	384	77	9	85289	85667	76	454	2.69e-55	219	365935
NODE_30_length_111659_cov_18.7029	gb_AF235050.4_+_38028-40140_ARO:3003318_Streptomyces	77.344	384	77	9	85289	85667	76	454	2.69e-55	219	2281233
NODE_30_length_111659_cov_18.7029	gb_AF235050.4_+_38028-40140_ARO:3003318_Streptomyces	77.344	384	77	9	85289	85667	76	454	2.69e-55	219	5284149
NODE_30_length_111659_cov_18.7029	gb_AF235050.4_+_38028-40140_ARO:3003318_Streptomyces	77.344	384	77	9	85289	85667	76	454	2.69e-55	219	5284149
NODE_30_length_111659_cov_18.7029	gb_AF235050.4_+_38028-40140_ARO:3003318_Streptomyces	77.344	384	77	9	85289	85667	76	454	2.69e-55	219	5283930
NODE_30_length_111659_cov_18.7029	gb_AF235050.4_+_38028-40140_ARO:3003318_Streptomyces	77.344	384	77	9	85289	85667	76	454	2.69e-55	219	234054
NODE_30_length_111659_cov_18.7029	gb_AF235050.4_+_38028-40140_ARO:3003318_Streptomyces	77.344	384	77	9	85289	85667	76	454	2.69e-55	219	4330601
NODE_30_length_111659_cov_18.7029	gb_AF235050.4_+_38028-40140_ARO:3003318_Streptomyces	77.344	384	77	9	85289	85667	76	454	2.69e-55	219	797731
NODE_30_length_111659_cov_18.7029	gb_AF235050.4_+_38028-40140_ARO:3003318_Streptomyces	77.344	384	77	9	85289	85667	76	454	2.69e-55	219	797731
NODE_30_length_111659_cov_18.7029	gb_AF235050.4_+_38028-40140_ARO:3003318_Streptomyces	77.344	384	77	9	85289	85667	76	454	2.69e-55	219	54871
NODE_30_length_111659_cov_18.7029	gb_AF235050.4_+_38028-40140_ARO:3003318_Streptomyces	77.344	384	77	9	85289	85667	76	454	2.69e-55	219	1444489
NODE_30_length_111659_cov_18.7029	gb_AF235050.4_+_38028-40140_ARO:3003318_Streptomyces	77.344	384	77	9	85289	85667	76	454	2.69e-55	219	207677
NODE_30_length_111659_cov_18.7029	gb_AF235050.4_+_38028-40140_ARO:3003318_Streptomyces	77.344	384	77	9	85289	85667	76	454	2.69e-55	219	2564790
NODE_30_length_111659_cov_18.7029	gb_AF235050.4_+_38028-40140_ARO:3003318_Streptomyces	77.344	384	77	9	85289	85667	76	454	2.69e-55	219	6754148
NODE_30_length_111659_cov_18.7029	gb_AF235050.4_+_38028-40140_ARO:3003318_Streptomyces	77.344	384	77	9	85289	85667	76	454	2.69e-55	219	6767856
NODE_30_length_111659_cov_18.7029	gb_AF235050.4_+_38028-40140_ARO:3003318_Streptomyces	77.344	384	77	9	85289	85667	76	454	2.69e-55	219	95783
NODE_30_length_111659_cov_18.7029	gb_AF235050.4_+_38028-40140_ARO:3003318_Streptomyces	77.344	384	77	9	85289	85667	76	454	2.69e-55	219	83029
NODE_78_length_65764_cov_8.48487	gb_M80346_+_0-1656_ARO:3002817_carA	100.000	34	0	0	52343	52376	1502	1469	7.85e-09	63.9	600040
NODE_78_length_65764_cov_8.48487	gb_M80346_+_0-1656_ARO:3002817_carA	92.857	42	2	1	53222	53263	1502	1462	1.02e-07	60.2	600040
NODE_78_length_65764_cov_8.48487	gb_M80346_+_0-1656_ARO:3002817_carA	100.000	34	0	0	52343	52376	1502	1469	7.85e-09	63.9	427882
NODE_78_length_65764_cov_8.48487	gb_M80346_+_0-1656_ARO:3002817_carA	92.857	42	2	1	53222	53263	1502	1462	1.02e-07	60.2	427882
NODE_78_length_65764_cov_8.48487	gb_M80346_+_0-1656_ARO:3002817_carA	100.000	34	0	0	52343	52376	1502	1469	7.85e-09	63.9	364292
NODE_78_length_65764_cov_8.48487	gb_M80346_+_0-1656_ARO:3002817_carA	92.857	42	2	1	53222	53263	1502	1462	1.02e-07	60.2	364292
NODE_78_length_65764_cov_8.48487	gb_M80346_+_0-1656_ARO:3002817_carA	100.000	34	0	0	52343	52376	1502	1469	7.85e-09	63.9	364292
NODE_78_length_65764_cov_8.48487	gb_M80346_+_0-1656_ARO:3002817_carA	92.857	42	2	1	53222	53263	1502	1462	1.02e-07	60.2	364292
NODE_78_length_65764_cov_8.48487	gb_M80346_+_0-1656_ARO:3002817_carA	100.000	34	0	0	52343	52376	1502	1469	7.85e-09	63.9	1736914
NODE_78_length_65764_cov_8.48487	gb_M80346_+_0-1656_ARO:3002817_carA	92.857	42	2	1	53222	53263	1502	1462	1.02e-07	60.2	1736914
NODE_78_length_65764_cov_8.48487	gb_M80346_+_0-1656_ARO:3002817_carA	100.000	34	0	0	52343	52376	1502	1469	7.85e-09	63.9	1274011
NODE_78_length_65764_cov_8.48487	gb_M80346_+_0-1656_ARO:3002817_carA	92.857	42	2	1	53222	53263	1502	1462	1.02e-07	60.2	1274011
NODE_92_length_60946_cov_4.72372	gb_Z21523_+_0-1974_ARO:3000191_tetQ	89.803	1981	194	3	32651	34630	1974	1	0.0	2532	58978
NODE_92_length_60946_cov_4.72372	gb_Z21523_+_0-1974_ARO:3000191_tetQ	89.803	1981	194	3	32651	34630	1974	1	0.0	2532	58978
NODE_92_length_60946_cov_4.72372	gb_Z21523_+_0-1974_ARO:3000191_tetQ	89.803	1981	194	3	32651	34630	1974	1	0.0	2532	58978
NODE_92_length_60946_cov_4.72372	gb_Z21523_+_0-1974_ARO:3000191_tetQ	89.803	1981	194	3	32651	34630	1974	1	0.0	2532	264908
NODE_92_length_60946_cov_4.72372	gb_Z21523_+_0-1974_ARO:3000191_tetQ	89.803	1981	194	3	32651	34630	1974	1	0.0	2532	58978
NODE_92_length_60946_cov_4.72372	gb_Z21523_+_0-1974_ARO:3000191_tetQ	89.803	1981	194	3	32651	34630	1974	1	0.0	2532	59345
NODE_92_length_60946_cov_4.72372	gb_Z21523_+_0-1974_ARO:3000191_tetQ	89.803	1981	194	3	32651	34630	1974	1	0.0	2532	6902871
NODE_92_length_60946_cov_4.72372	gb_Z21523_+_0-1974_ARO:3000191_tetQ	89.803	1981	194	3	32651	34630	1974	1	0.0	2532	58978
NODE_92_length_60946_cov_4.72372	gb_Z21523_+_0-1974_ARO:3000191_tetQ	89.803	1981	194	3	32651	34630	1974	1	0.0	2532	58978
NODE_92_length_60946_cov_4.72372	gb_Z21523_+_0-1974_ARO:3000191_tetQ	89.803	1981	194	3	32651	34630	1974	1	0.0	2532	58978
NODE_92_length_60946_cov_4.72372	gb_Z21523_+_0-1974_ARO:3000191_tetQ	89.803	1981	194	3	32651	34630	1974	1	0.0	2532	97754
NODE_92_length_60946_cov_4.72372	gb_Z21523_+_0-1974_ARO:3000191_tetQ	89.803	1981	194	3	32651	34630	1974	1	0.0	2532	58978
NODE_92_length_60946_cov_4.72372	gb_Z21523_+_0-1974_ARO:3000191_tetQ	89.803	1981	194	3	32651	34630	1974	1	0.0	2532	58978
NODE_92_length_60946_cov_4.72372	gb_Z21523_+_0-1974_ARO:3000191_tetQ	89.803	1981	194	3	32651	34630	1974	1	0.0	2532	59345
NODE_92_length_60946_cov_4.72372	gb_Z21523_+_0-1974_ARO:3000191_tetQ	89.803	1981	194	3	32651	34630	1974	1	0.0	2532	235734
NODE_92_length_60946_cov_4.72372	gb_Z21523_+_0-1974_ARO:3000191_tetQ	89.803	1981	194	3	32651	34630	1974	1	0.0	2532	59345
NODE_125_length_51373_cov_3.59453	gb_NC_002516.2_-_2850882-2854014_ARO:3004074_MuxB	72.445	3121	709	121	26808	29857	3041	1	0.0	859	4436597
NODE_125_length_51373_cov_3.59453	gb_NC_002516.2_-_2850882-2854014_ARO:3004074_MuxB	72.445	3121	709	121	26808	29857	3041	1	0.0	859	708110
NODE_125_length_51373_cov_3.59453	gb_NC_002516.2_-_2850882-2854014_ARO:3004074_MuxB	72.445	3121	709	121	26808	29857	3041	1	0.0	859	2794169
NODE_160_length_46240_cov_15.0942	gb_AF235050.4_+_38028-40140_ARO:3003318_Streptomyces	79.000	400	82	2	15525	15923	49	447	8.43e-72	272	814754
NODE_160_length_46240_cov_15.0942	gb_AF235050.4_+_38028-40140_ARO:3003318_Streptomyces	79.000	400	82	2	15525	15923	49	447	8.43e-72	272	496833
NODE_160_length_46240_cov_15.0942	gb_AF235050.4_+_38028-40140_ARO:3003318_Streptomyces	79.000	400	82	2	15525	15923	49	447	8.43e-72	272	695354
NODE_160_length_46240_cov_15.0942	gb_AF235050.4_+_38028-40140_ARO:3003318_Streptomyces	79.000	400	82	2	15525	15923	49	447	8.43e-72	272	1736922
NODE_160_length_46240_cov_15.0942	gb_AF235050.4_+_38028-40140_ARO:3003318_Streptomyces	79.000	400	82	2	15525	15923	49	447	8.43e-72	272	1736937
NODE_160_length_46240_cov_15.0942	gb_AF235050.4_+_38028-40140_ARO:3003318_Streptomyces	79.000	400	82	2	15525	15923	49	447	8.43e-72	272	138413
NODE_160_length_46240_cov_15.0942	gb_AF235050.4_+_38028-40140_ARO:3003318_Streptomyces	79.000	400	82	2	15525	15923	49	447	8.43e-72	272	840562
NODE_180_length_43547_cov_15.0372	gb_NC_003112.2_-_1791966-1795170_ARO:3000811_mtrD	74.107	3163	741	67	24526	27649	1	3124	0.0	1232	4140612
NODE_180_length_43547_cov_15.0372	gb_NC_000913.3_-_481253-484403_ARO:3000216_acrB	81.034	116	15	5	25981	26091	1462	1575	1.11e-15	86.1	4140612
NODE_180_length_43547_cov_15.0372	gb_NC_003112.2_-_1791966-1795170_ARO:3000811_mtrD	74.107	3163	741	67	24526	27649	1	3124	0.0	1232	271382
NODE_180_length_43547_cov_15.0372	gb_NC_000913.3_-_481253-484403_ARO:3000216_acrB	81.034	116	15	5	25981	26091	1462	1575	1.11e-15	86.1	271382
NODE_180_length_43547_cov_15.0372	gb_NC_003112.2_-_1791966-1795170_ARO:3000811_mtrD	74.107	3163	741	67	24526	27649	1	3124	0.0	1232	2281150
NODE_180_length_43547_cov_15.0372	gb_NC_000913.3_-_481253-484403_ARO:3000216_acrB	81.034	116	15	5	25981	26091	1462	1575	1.11e-15	86.1	2281150
NODE_180_length_43547_cov_15.0372	gb_NC_003112.2_-_1791966-1795170_ARO:3000811_mtrD	74.107	3163	741	67	24526	27649	1	3124	0.0	1232	5099513
NODE_180_length_43547_cov_15.0372	gb_NC_000913.3_-_481253-484403_ARO:3000216_acrB	81.034	116	15	5	25981	26091	1462	1575	1.11e-15	86.1	5099513
NODE_180_length_43547_cov_15.0372	gb_NC_003112.2_-_1791966-1795170_ARO:3000811_mtrD	74.107	3163	741	67	24526	27649	1	3124	0.0	1232	94443
NODE_180_length_43547_cov_15.0372	gb_NC_000913.3_-_481253-484403_ARO:3000216_acrB	81.034	116	15	5	25981	26091	1462	1575	1.11e-15	86.1	94443
NODE_180_length_43547_cov_15.0372	gb_NC_003112.2_-_1791966-1795170_ARO:3000811_mtrD	74.107	3163	741	67	24526	27649	1	3124	0.0	1232	5284060
NODE_180_length_43547_cov_15.0372	gb_NC_000913.3_-_481253-484403_ARO:3000216_acrB	81.034	116	15	5	25981	26091	1462	1575	1.11e-15	86.1	5284060
NODE_180_length_43547_cov_15.0372	gb_NC_003112.2_-_1791966-1795170_ARO:3000811_mtrD	74.107	3163	741	67	24526	27649	1	3124	0.0	1232	750107
NODE_180_length_43547_cov_15.0372	gb_NC_000913.3_-_481253-484403_ARO:3000216_acrB	81.034	116	15	5	25981	26091	1462	1575	1.11e-15	86.1	750107
NODE_180_length_43547_cov_15.0372	gb_NC_003112.2_-_1791966-1795170_ARO:3000811_mtrD	74.107	3163	741	67	24526	27649	1	3124	0.0	1232	255331
NODE_180_length_43547_cov_15.0372	gb_NC_000913.3_-_481253-484403_ARO:3000216_acrB	81.034	116	15	5	25981	26091	1462	1575	1.11e-15	86.1	255331
NODE_180_length_43547_cov_15.0372	gb_NC_003112.2_-_1791966-1795170_ARO:3000811_mtrD	74.107	3163	741	67	24526	27649	1	3124	0.0	1232	6722451
NODE_180_length_43547_cov_15.0372	gb_NC_000913.3_-_481253-484403_ARO:3000216_acrB	81.034	116	15	5	25981	26091	1462	1575	1.11e-15	86.1	6722451
NODE_180_length_43547_cov_15.0372	gb_NC_003112.2_-_1791966-1795170_ARO:3000811_mtrD	74.107	3163	741	67	24526	27649	1	3124	0.0	1232	5283689
NODE_180_length_43547_cov_15.0372	gb_NC_000913.3_-_481253-484403_ARO:3000216_acrB	81.034	116	15	5	25981	26091	1462	1575	1.11e-15	86.1	5283689
NODE_275_length_34175_cov_37.1885	gb_NC_003112.2_-_1791966-1795170_ARO:3000811_mtrD	80.679	3183	601	12	2421	5596	1	3176	0.0	2459	321512
NODE_275_length_34175_cov_37.1885	gb_NC_003112.2_-_1791966-1795170_ARO:3000811_mtrD	80.679	3183	601	12	2421	5596	1	3176	0.0	2459	1737106
NODE_275_length_34175_cov_37.1885	gb_NC_003112.2_-_1791966-1795170_ARO:3000811_mtrD	80.679	3183	601	12	2421	5596	1	3176	0.0	2459	1737106
NODE_275_length_34175_cov_37.1885	gb_NC_003112.2_-_1791966-1795170_ARO:3000811_mtrD	80.679	3183	601	12	2421	5596	1	3176	0.0	2459	5283758
NODE_275_length_34175_cov_37.1885	gb_NC_003112.2_-_1791966-1795170_ARO:3000811_mtrD	80.679	3183	601	12	2421	5596	1	3176	0.0	2459	20734
NODE_275_length_34175_cov_37.1885	gb_NC_003112.2_-_1791966-1795170_ARO:3000811_mtrD	80.679	3183	601	12	2421	5596	1	3176	0.0	2459	968679
NODE_275_length_34175_cov_37.1885	gb_NC_003112.2_-_1791966-1795170_ARO:3000811_mtrD	80.679	3183	601	12	2421	5596	1	3176	0.0	2459	2886794
NODE_275_length_34175_cov_37.1885	gb_NC_003112.2_-_1791966-1795170_ARO:3000811_mtrD	80.679	3183	601	12	2421	5596	1	3176	0.0	2459	1737112
NODE_275_length_34175_cov_37.1885	gb_NC_003112.2_-_1791966-1795170_ARO:3000811_mtrD	80.679	3183	601	12	2421	5596	1	3176	0.0	2459	30120
NODE_399_length_27177_cov_46.9816	gb_AJ295238.3_+_163-2083_ARO:3000196_tet32	87.923	1921	211	20	7099	9008	1	1911	0.0	2242	914521
NODE_434_length_25741_cov_13.3236	gb_AY055428.1_-_20268-21084_ARO:3000412_sul2	100.000	816	0	0	14818	15633	1	816	0.0	1507	6902728
NODE_545_length_22226_cov_66.4217	gb_NC_014638.1_-_1610636-1613960_ARO:3003730_Bifidobacteria	74.105	1089	228	40	1387	2439	2160	1090	1.78e-110	399	4436304
NODE_545_length_22226_cov_66.4217	gb_NC_014638.1_-_1610636-1613960_ARO:3003730_Bifidobacteria	74.105	1089	228	40	1387	2439	2160	1090	1.78e-110	399	1068204
NODE_545_length_22226_cov_66.4217	gb_NC_014638.1_-_1610636-1613960_ARO:3003730_Bifidobacteria	74.105	1089	228	40	1387	2439	2160	1090	1.78e-110	399	3838685
NODE_545_length_22226_cov_66.4217	gb_NC_014638.1_-_1610636-1613960_ARO:3003730_Bifidobacteria	74.105	1089	228	40	1387	2439	2160	1090	1.78e-110	399	987159
NODE_545_length_22226_cov_66.4217	gb_NC_014638.1_-_1610636-1613960_ARO:3003730_Bifidobacteria	74.105	1089	228	40	1387	2439	2160	1090	1.78e-110	399	466420
NODE_545_length_22226_cov_66.4217	gb_NC_014638.1_-_1610636-1613960_ARO:3003730_Bifidobacteria	74.105	1089	228	40	1387	2439	2160	1090	1.78e-110	399	269057
NODE_545_length_22226_cov_66.4217	gb_NC_014638.1_-_1610636-1613960_ARO:3003730_Bifidobacteria	74.105	1089	228	40	1387	2439	2160	1090	1.78e-110	399	269057
NODE_545_length_22226_cov_66.4217	gb_NC_014638.1_-_1610636-1613960_ARO:3003730_Bifidobacteria	74.105	1089	228	40	1387	2439	2160	1090	1.78e-110	399	516174
NODE_545_length_22226_cov_66.4217	gb_NC_014638.1_-_1610636-1613960_ARO:3003730_Bifidobacteria	74.105	1089	228	40	1387	2439	2160	1090	1.78e-110	399	1747292
NODE_545_length_22226_cov_66.4217	gb_NC_014638.1_-_1610636-1613960_ARO:3003730_Bifidobacteria	74.105	1089	228	40	1387	2439	2160	1090	1.78e-110	399	2281065
NODE_545_length_22226_cov_66.4217	gb_NC_014638.1_-_1610636-1613960_ARO:3003730_Bifidobacteria	74.105	1089	228	40	1387	2439	2160	1090	1.78e-110	399	322761
NODE_545_length_22226_cov_66.4217	gb_NC_014638.1_-_1610636-1613960_ARO:3003730_Bifidobacteria	74.105	1089	228	40	1387	2439	2160	1090	1.78e-110	399	322761
NODE_545_length_22226_cov_66.4217	gb_NC_014638.1_-_1610636-1613960_ARO:3003730_Bifidobacteria	74.105	1089	228	40	1387	2439	2160	1090	1.78e-110	399	322761
NODE_545_length_22226_cov_66.4217	gb_NC_014638.1_-_1610636-1613960_ARO:3003730_Bifidobacteria	74.105	1089	228	40	1387	2439	2160	1090	1.78e-110	399	322761
NODE_545_length_22226_cov_66.4217	gb_NC_014638.1_-_1610636-1613960_ARO:3003730_Bifidobacteria	74.105	1089	228	40	1387	2439	2160	1090	1.78e-110	399	322761
NODE_545_length_22226_cov_66.4217	gb_NC_014638.1_-_1610636-1613960_ARO:3003730_Bifidobacteria	74.105	1089	228	40	1387	2439	2160	1090	1.78e-110	399	322761
NODE_545_length_22226_cov_66.4217	gb_NC_014638.1_-_1610636-1613960_ARO:3003730_Bifidobacteria	74.105	1089	228	40	1387	2439	2160	1090	1.78e-110	399	322761
NODE_545_length_22226_cov_66.4217	gb_NC_014638.1_-_1610636-1613960_ARO:3003730_Bifidobacteria	74.105	1089	228	40	1387	2439	2160	1090	1.78e-110	399	322761
NODE_545_length_22226_cov_66.4217	gb_NC_014638.1_-_1610636-1613960_ARO:3003730_Bifidobacteria	74.105	1089	228	40	1387	2439	2160	1090	1.78e-110	399	322761
NODE_545_length_22226_cov_66.4217	gb_NC_014638.1_-_1610636-1613960_ARO:3003730_Bifidobacteria	74.105	1089	228	40	1387	2439	2160	1090	1.78e-110	399	322761
NODE_545_length_22226_cov_66.4217	gb_NC_014638.1_-_1610636-1613960_ARO:3003730_Bifidobacteria	74.105	1089	228	40	1387	2439	2160	1090	1.78e-110	399	322761
NODE_545_length_22226_cov_66.4217	gb_NC_014638.1_-_1610636-1613960_ARO:3003730_Bifidobacteria	74.105	1089	228	40	1387	2439	2160	1090	1.78e-110	399	322761
NODE_545_length_22226_cov_66.4217	gb_NC_014638.1_-_1610636-1613960_ARO:3003730_Bifidobacteria	74.105	1089	228	40	1387	2439	2160	1090	1.78e-110	399	114801
NODE_545_length_22226_cov_66.4217	gb_NC_014638.1_-_1610636-1613960_ARO:3003730_Bifidobacteria	74.105	1089	228	40	1387	2439	2160	1090	1.78e-110	399	322761
NODE_545_length_22226_cov_66.4217	gb_NC_014638.1_-_1610636-1613960_ARO:3003730_Bifidobacteria	74.105	1089	228	40	1387	2439	2160	1090	1.78e-110	399	322761
NODE_545_length_22226_cov_66.4217	gb_NC_014638.1_-_1610636-1613960_ARO:3003730_Bifidobacteria	74.105	1089	228	40	1387	2439	2160	1090	1.78e-110	399	114801
NODE_545_length_22226_cov_66.4217	gb_NC_014638.1_-_1610636-1613960_ARO:3003730_Bifidobacteria	74.105	1089	228	40	1387	2439	2160	1090	1.78e-110	399	322761
NODE_545_length_22226_cov_66.4217	gb_NC_014638.1_-_1610636-1613960_ARO:3003730_Bifidobacteria	74.105	1089	228	40	1387	2439	2160	1090	1.78e-110	399	322761
NODE_545_length_22226_cov_66.4217	gb_NC_014638.1_-_1610636-1613960_ARO:3003730_Bifidobacteria	74.105	1089	228	40	1387	2439	2160	1090	1.78e-110	399	322761
NODE_557_length_21882_cov_3.74092	gb_X63451_+_0-1653_ARO:3002828_srmB	77.586	116	20	6	8393	8505	1465	1577	7.27e-10	65.8	2052682
NODE_641_length_19610_cov_9.81468	gb_U57969_+_1485-4617_ARO:3000801_MexD	72.483	596	135	22	8458	9040	981	1560	6.24e-40	165	419157
NODE_641_length_19610_cov_9.81468	gb_AFRQ01000061.1_-_23986-27124_ARO:3004144_AxyY	73.942	449	90	18	10129	10574	2631	3055	3.76e-37	156	419157
NODE_641_length_19610_cov_9.81468	gb_L11616_+_1569-4710_ARO:3000378_MexB	72.674	516	120	17	8531	9034	1048	1554	4.86e-36	152	419157
NODE_641_length_19610_cov_9.81468	gb_NC_002516_+_2810008-2813197_ARO:3000804_MexF	74.286	315	73	7	8432	8742	958	1268	2.95e-28	126	419157
NODE_641_length_19610_cov_9.81468	gb_NC_007779_+_2586250-2589364_ARO:3000491_acrD	81.159	138	18	7	8663	8796	1180	1313	1.38e-21	104	419157
NODE_641_length_19610_cov_9.81468	gb_NC_010378.1_+_47850-51003_ARO:3003923_oqxB	82.243	107	16	2	8660	8766	1186	1289	3.87e-17	89.8	419157
NODE_641_length_19610_cov_9.81468	gb_AB219524.1_+_1176-4338_ARO:3003699_mexQ	82.569	109	12	5	8667	8773	1190	1293	3.87e-17	89.8	419157
NODE_641_length_19610_cov_9.81468	gb_NC_002516_+_4707534-4710624_ARO:3000808_mexI	83.000	100	15	2	8652	8750	1148	1246	3.87e-17	89.8	419157
NODE_641_length_19610_cov_9.81468	gb_U57969_+_1485-4617_ARO:3000801_MexD	72.483	596	135	22	8458	9040	981	1560	6.24e-40	165	3011264
NODE_641_length_19610_cov_9.81468	gb_AFRQ01000061.1_-_23986-27124_ARO:3004144_AxyY	73.942	449	90	18	10129	10574	2631	3055	3.76e-37	156	3011264
NODE_641_length_19610_cov_9.81468	gb_L11616_+_1569-4710_ARO:3000378_MexB	72.674	516	120	17	8531	9034	1048	1554	4.86e-36	152	3011264
NODE_641_length_19610_cov_9.81468	gb_NC_002516_+_2810008-2813197_ARO:3000804_MexF	74.286	315	73	7	8432	8742	958	1268	2.95e-28	126	3011264
NODE_641_length_19610_cov_9.81468	gb_NC_007779_+_2586250-2589364_ARO:3000491_acrD	81.159	138	18	7	8663	8796	1180	1313	1.38e-21	104	3011264
NODE_641_length_19610_cov_9.81468	gb_NC_010378.1_+_47850-51003_ARO:3003923_oqxB	82.243	107	16	2	8660	8766	1186	1289	3.87e-17	89.8	3011264
NODE_641_length_19610_cov_9.81468	gb_AB219524.1_+_1176-4338_ARO:3003699_mexQ	82.569	109	12	5	8667	8773	1190	1293	3.87e-17	89.8	3011264
NODE_641_length_19610_cov_9.81468	gb_NC_002516_+_4707534-4710624_ARO:3000808_mexI	83.000	100	15	2	8652	8750	1148	1246	3.87e-17	89.8	3011264
NODE_641_length_19610_cov_9.81468	gb_U57969_+_1485-4617_ARO:3000801_MexD	72.483	596	135	22	8458	9040	981	1560	6.24e-40	165	3910988
NODE_641_length_19610_cov_9.81468	gb_AFRQ01000061.1_-_23986-27124_ARO:3004144_AxyY	73.942	449	90	18	10129	10574	2631	3055	3.76e-37	156	3910988
NODE_641_length_19610_cov_9.81468	gb_L11616_+_1569-4710_ARO:3000378_MexB	72.674	516	120	17	8531	9034	1048	1554	4.86e-36	152	3910988
NODE_641_length_19610_cov_9.81468	gb_NC_002516_+_2810008-2813197_ARO:3000804_MexF	74.286	315	73	7	8432	8742	958	1268	2.95e-28	126	3910988
NODE_641_length_19610_cov_9.81468	gb_NC_007779_+_2586250-2589364_ARO:3000491_acrD	81.159	138	18	7	8663	8796	1180	1313	1.38e-21	104	3910988
NODE_641_length_19610_cov_9.81468	gb_NC_010378.1_+_47850-51003_ARO:3003923_oqxB	82.243	107	16	2	8660	8766	1186	1289	3.87e-17	89.8	3910988
NODE_641_length_19610_cov_9.81468	gb_AB219524.1_+_1176-4338_ARO:3003699_mexQ	82.569	109	12	5	8667	8773	1190	1293	3.87e-17	89.8	3910988
NODE_641_length_19610_cov_9.81468	gb_NC_002516_+_4707534-4710624_ARO:3000808_mexI	83.000	100	15	2	8652	8750	1148	1246	3.87e-17	89.8	3910988
NODE_644_length_19560_cov_6.70859	gb_AP006618.1_+_4835199-4838688_ARO:3000501_Nocardia	79.270	603	110	11	91	687	2865	3458	9.37e-113	407	5144250
NODE_644_length_19560_cov_6.70859	gb_AP006618.1_+_4835199-4838688_ARO:3000501_Nocardia	79.270	603	110	11	91	687	2865	3458	9.37e-113	407	1741072
NODE_644_length_19560_cov_6.70859	gb_AP006618.1_+_4835199-4838688_ARO:3000501_Nocardia	79.270	603	110	11	91	687	2865	3458	9.37e-113	407	164873
NODE_1130_length_13705_cov_117.491	gb_AP006618.1_+_4835199-4838688_ARO:3000501_Nocardia	80.521	960	165	13	12751	13705	3373	2431	0.0	717	5284098
NODE_1130_length_13705_cov_117.491	gb_AP006618.1_+_4835199-4838688_ARO:3000501_Nocardia	80.521	960	165	13	12751	13705	3373	2431	0.0	717	3910712
NODE_1130_length_13705_cov_117.491	gb_AP006618.1_+_4835199-4838688_ARO:3000501_Nocardia	80.521	960	165	13	12751	13705	3373	2431	0.0	717	5284265
NODE_1130_length_13705_cov_117.491	gb_AP006618.1_+_4835199-4838688_ARO:3000501_Nocardia	80.521	960	165	13	12751	13705	3373	2431	0.0	717	3910712
NODE_1130_length_13705_cov_117.491	gb_AP006618.1_+_4835199-4838688_ARO:3000501_Nocardia	80.521	960	165	13	12751	13705	3373	2431	0.0	717	5284265
NODE_1130_length_13705_cov_117.491	gb_AP006618.1_+_4835199-4838688_ARO:3000501_Nocardia	80.521	960	165	13	12751	13705	3373	2431	0.0	717	2417023
NODE_1130_length_13705_cov_117.491	gb_AP006618.1_+_4835199-4838688_ARO:3000501_Nocardia	80.521	960	165	13	12751	13705	3373	2431	0.0	717	5144250
NODE_1130_length_13705_cov_117.491	gb_AP006618.1_+_4835199-4838688_ARO:3000501_Nocardia	80.521	960	165	13	12751	13705	3373	2431	0.0	717	1079474
NODE_1130_length_13705_cov_117.491	gb_AP006618.1_+_4835199-4838688_ARO:3000501_Nocardia	80.521	960	165	13	12751	13705	3373	2431	0.0	717	968663
NODE_1148_length_13548_cov_14.4356	gb_AY768532_+_0-1935_ARO:3000535_macB	86.443	1940	252	8	9799	11734	1	1933	0.0	2115	593831
NODE_1148_length_13548_cov_14.4356	gb_AY768531_+_0-1179_ARO:3000533_macA	83.453	1118	176	8	8582	9696	59	1170	0.0	1031	593831
NODE_1148_length_13548_cov_14.4356	gb_AY768532_+_0-1935_ARO:3000535_macB	86.443	1940	252	8	9799	11734	1	1933	0.0	2115	6754042
NODE_1148_length_13548_cov_14.4356	gb_AY768531_+_0-1179_ARO:3000533_macA	83.453	1118	176	8	8582	9696	59	1170	0.0	1031	6754042
NODE_1148_length_13548_cov_14.4356	gb_AY768532_+_0-1935_ARO:3000535_macB	86.443	1940	252	8	9799	11734	1	1933	0.0	2115	1949358
NODE_1148_length_13548_cov_14.4356	gb_AY768531_+_0-1179_ARO:3000533_macA	83.453	1118	176	8	8582	9696	59	1170	0.0	1031	1949358
NODE_1148_length_13548_cov_14.4356	gb_AY768532_+_0-1935_ARO:3000535_macB	86.443	1940	252	8	9799	11734	1	1933	0.0	2115	786469
NODE_1148_length_13548_cov_14.4356	gb_AY768531_+_0-1179_ARO:3000533_macA	83.453	1118	176	8	8582	9696	59	1170	0.0	1031	786469
NODE_1148_length_13548_cov_14.4356	gb_AY768532_+_0-1935_ARO:3000535_macB	86.443	1940	252	8	9799	11734	1	1933	0.0	2115	104016
NODE_1148_length_13548_cov_14.4356	gb_AY768531_+_0-1179_ARO:3000533_macA	83.453	1118	176	8	8582	9696	59	1170	0.0	1031	104016
NODE_1148_length_13548_cov_14.4356	gb_AY768532_+_0-1935_ARO:3000535_macB	86.443	1940	252	8	9799	11734	1	1933	0.0	2115	185145
NODE_1148_length_13548_cov_14.4356	gb_AY768531_+_0-1179_ARO:3000533_macA	83.453	1118	176	8	8582	9696	59	1170	0.0	1031	185145
NODE_1148_length_13548_cov_14.4356	gb_AY768532_+_0-1935_ARO:3000535_macB	86.443	1940	252	8	9799	11734	1	1933	0.0	2115	185145
NODE_1148_length_13548_cov_14.4356	gb_AY768531_+_0-1179_ARO:3000533_macA	83.453	1118	176	8	8582	9696	59	1170	0.0	1031	185145
NODE_1245_length_12916_cov_45.1809	gb_M57437_+_0-1647_ARO:3002827_tlrC	100.000	31	0	0	3015	3045	1500	1470	7.18e-08	58.4	601544
NODE_1245_length_12916_cov_45.1809	gb_M57437_+_0-1647_ARO:3002827_tlrC	100.000	31	0	0	3015	3045	1500	1470	7.18e-08	58.4	5039020
NODE_1245_length_12916_cov_45.1809	gb_M57437_+_0-1647_ARO:3002827_tlrC	100.000	31	0	0	3015	3045	1500	1470	7.18e-08	58.4	5283923
NODE_1245_length_12916_cov_45.1809	gb_M57437_+_0-1647_ARO:3002827_tlrC	100.000	31	0	0	3015	3045	1500	1470	7.18e-08	58.4	149401
NODE_1245_length_12916_cov_45.1809	gb_M57437_+_0-1647_ARO:3002827_tlrC	100.000	31	0	0	3015	3045	1500	1470	7.18e-08	58.4	142080
NODE_1245_length_12916_cov_45.1809	gb_M57437_+_0-1647_ARO:3002827_tlrC	100.000	31	0	0	3015	3045	1500	1470	7.18e-08	58.4	893388
NODE_1245_length_12916_cov_45.1809	gb_M57437_+_0-1647_ARO:3002827_tlrC	100.000	31	0	0	3015	3045	1500	1470	7.18e-08	58.4	2281130
NODE_1553_length_11202_cov_34.0324	gb_AY768532_+_0-1935_ARO:3000535_macB	81.449	1946	342	17	1004	2941	1935	1	0.0	1576	67033
NODE_1553_length_11202_cov_34.0324	gb_AY768532_+_0-1935_ARO:3000535_macB	81.449	1946	342	17	1004	2941	1935	1	0.0	1576	6762139
NODE_1553_length_11202_cov_34.0324	gb_AY768532_+_0-1935_ARO:3000535_macB	81.449	1946	342	17	1004	2941	1935	1	0.0	1576	516721
NODE_1553_length_11202_cov_34.0324	gb_AY768532_+_0-1935_ARO:3000535_macB	81.449	1946	342	17	1004	2941	1935	1	0.0	1576	2502413
NODE_1624_length_10831_cov_3.28795	gb_AP006618.1_+_4835199-4838688_ARO:3000501_Nocardia	82.803	314	48	4	1485	1795	3023	3333	1.53e-73	276	179098
NODE_1624_length_10831_cov_3.28795	gb_AP006618.1_+_4835199-4838688_ARO:3000501_Nocardia	82.803	314	48	4	1485	1795	3023	3333	1.53e-73	276	2417023
NODE_1624_length_10831_cov_3.28795	gb_AP006618.1_+_4835199-4838688_ARO:3000501_Nocardia	82.803	314	48	4	1485	1795	3023	3333	1.53e-73	276	652843
NODE_1707_length_10435_cov_7.0763	gb_CP007593.1_+_2148923-2149772_ARO:3001301_RlmA(II)	73.304	678	173	8	7106	7779	1	674	1.49e-63	243	3839429
NODE_1873_length_9912_cov_8.57208	gb_M80346_+_0-1656_ARO:3002817_carA	97.222	36	1	0	9524	9559	1468	1503	4.26e-09	62.1	2515016
NODE_1873_length_9912_cov_8.57208	gb_M80346_+_0-1656_ARO:3002817_carA	100.000	29	0	0	3564	3592	1503	1475	7.13e-07	54.7	2515016
NODE_1873_length_9912_cov_8.57208	gb_M80346_+_0-1656_ARO:3002817_carA	97.222	36	1	0	9524	9559	1468	1503	4.26e-09	62.1	364292
NODE_1873_length_9912_cov_8.57208	gb_M80346_+_0-1656_ARO:3002817_carA	100.000	29	0	0	3564	3592	1503	1475	7.13e-07	54.7	364292
NODE_2254_length_8720_cov_86.1151	gb_AF235050.4_+_38028-40140_ARO:3003318_Streptomyces	86.154	65	9	0	4363	4427	1897	1961	6.22e-12	71.3	1472551
NODE_2254_length_8720_cov_86.1151	gb_AF235050.4_+_38028-40140_ARO:3003318_Streptomyces	86.154	65	9	0	4363	4427	1897	1961	6.22e-12	71.3	54871
NODE_2254_length_8720_cov_86.1151	gb_AF235050.4_+_38028-40140_ARO:3003318_Streptomyces	86.154	65	9	0	4363	4427	1897	1961	6.22e-12	71.3	3910591
NODE_2254_length_8720_cov_86.1151	gb_AF235050.4_+_38028-40140_ARO:3003318_Streptomyces	86.154	65	9	0	4363	4427	1897	1961	6.22e-12	71.3	3010976
NODE_2254_length_8720_cov_86.1151	gb_AF235050.4_+_38028-40140_ARO:3003318_Streptomyces	86.154	65	9	0	4363	4427	1897	1961	6.22e-12	71.3	6902543
NODE_2254_length_8720_cov_86.1151	gb_AF235050.4_+_38028-40140_ARO:3003318_Streptomyces	86.154	65	9	0	4363	4427	1897	1961	6.22e-12	71.3	4436180
NODE_2254_length_8720_cov_86.1151	gb_AF235050.4_+_38028-40140_ARO:3003318_Streptomyces	86.154	65	9	0	4363	4427	1897	1961	6.22e-12	71.3	647538
NODE_2254_length_8720_cov_86.1151	gb_AF235050.4_+_38028-40140_ARO:3003318_Streptomyces	86.154	65	9	0	4363	4427	1897	1961	6.22e-12	71.3	223626
NODE_2750_length_7563_cov_3.626	gb_U57969_+_1485-4617_ARO:3000801_MexD	74.567	578	135	11	1352	1923	1553	982	1.08e-63	243	6903110
NODE_2750_length_7563_cov_3.626	gb_AFRQ01000061.1_-_23986-27124_ARO:3004144_AxyY	73.548	620	140	21	1349	1956	1547	940	2.36e-55	215	6903110
NODE_2750_length_7563_cov_3.626	gb_AB015853_+_1330-4471_ARO:3003033_mexY	73.387	620	135	26	1349	1953	1547	943	5.10e-52	204	6903110
NODE_2750_length_7563_cov_3.626	gb_NC_007779_+_2586250-2589364_ARO:3000491_acrD	75.000	236	53	6	1487	1719	1412	1180	5.32e-22	104	6903110
NODE_2750_length_7563_cov_3.626	gb_U00096_+_3660413-3663527_ARO:3000796_mdtF	83.146	89	15	0	1631	1719	1268	1180	2.49e-15	82.4	6903110
NODE_2750_length_7563_cov_3.626	gb_AB219524.1_+_1176-4338_ARO:3003699_mexQ	88.235	68	6	2	1640	1706	1265	1199	8.97e-15	80.5	6903110
NODE_2820_length_7451_cov_4.94524	gb_AY768531_+_0-1179_ARO:3000533_macA	71.914	559	147	10	511	1064	136	689	5.13e-37	154	128807
NODE_2820_length_7451_cov_4.94524	gb_AY768531_+_0-1179_ARO:3000533_macA	71.914	559	147	10	511	1064	136	689	5.13e-37	154	291748
NODE_2854_length_7389_cov_5.44355	gb_NC_003112.2_-_1795181-1796420_ARO:3000810_mtrC	73.605	735	174	15	1429	2153	183	907	2.25e-70	265	321512
NODE_2854_length_7389_cov_5.44355	gb_NC_003112.2_-_1795181-1796420_ARO:3000810_mtrC	73.605	735	174	15	1429	2153	183	907	2.25e-70	265	5283758
NODE_3058_length_7028_cov_40.034	gb_AF079900_+_39-1731_ARO:3002892_otr(B)	74.678	233	53	6	187	416	95	324	2.30e-20	99.0	1128698
NODE_3058_length_7028_cov_40.034	gb_AF079900_+_39-1731_ARO:3002892_otr(B)	74.678	233	53	6	187	416	95	324	2.30e-20	99.0	2564785
NODE_3058_length_7028_cov_40.034	gb_AF079900_+_39-1731_ARO:3002892_otr(B)	74.678	233	53	6	187	416	95	324	2.30e-20	99.0	205134
NODE_3058_length_7028_cov_40.034	gb_AF079900_+_39-1731_ARO:3002892_otr(B)	74.678	233	53	6	187	416	95	324	2.30e-20	99.0	693524
NODE_3058_length_7028_cov_40.034	gb_AF079900_+_39-1731_ARO:3002892_otr(B)	74.678	233	53	6	187	416	95	324	2.30e-20	99.0	2726979
NODE_3058_length_7028_cov_40.034	gb_AF079900_+_39-1731_ARO:3002892_otr(B)	74.678	233	53	6	187	416	95	324	2.30e-20	99.0	1737002
NODE_3787_length_6064_cov_7.1343	gb_AP006618.1_+_4835199-4838688_ARO:3000501_Nocardia	74.666	2471	597	26	3607	6064	287	2741	0.0	1068	248913
NODE_3787_length_6064_cov_7.1343	gb_AP006618.1_+_4835199-4838688_ARO:3000501_Nocardia	74.666	2471	597	26	3607	6064	287	2741	0.0	1068	244140
NODE_3787_length_6064_cov_7.1343	gb_AP006618.1_+_4835199-4838688_ARO:3000501_Nocardia	74.666	2471	597	26	3607	6064	287	2741	0.0	1068	968663
NODE_4434_length_5413_cov_19.7857	gb_AF242872_+_2131-2878_ARO:3000375_ErmB	97.872	47	0	1	1	46	701	747	6.41e-15	80.5	3054028
NODE_4483_length_5379_cov_61.7774	gb_NC_014638.1_-_1610636-1613960_ARO:3003730_Bifidobacteria	76.464	854	169	20	28	856	1302	2148	1.18e-121	435	1068204
NODE_4483_length_5379_cov_61.7774	gb_NC_014638.1_-_1610636-1613960_ARO:3003730_Bifidobacteria	76.464	854	169	20	28	856	1302	2148	1.18e-121	435	1088515
NODE_4483_length_5379_cov_61.7774	gb_NC_014638.1_-_1610636-1613960_ARO:3003730_Bifidobacteria	76.464	854	169	20	28	856	1302	2148	1.18e-121	435	3011233
NODE_4626_length_5248_cov_19.3453	gb_NC_003098.1_-_1359228-1360395_ARO:3000025_patB	84.583	947	140	6	1	944	944	1	0.0	935	2281104
NODE_4626_length_5248_cov_19.3453	gb_NC_003098.1_-_1359228-1360395_ARO:3000025_patB	84.583	947	140	6	1	944	944	1	0.0	935	5128264
NODE_4626_length_5248_cov_19.3453	gb_NC_003098.1_-_1359228-1360395_ARO:3000025_patB	84.583	947	140	6	1	944	944	1	0.0	935	5128264
NODE_5349_length_4749_cov_18.862	gb_AP006618.1_+_4835199-4838688_ARO:3000501_Nocardia	86.527	334	41	4	4172	4503	2968	3299	1.39e-100	364	80030
NODE_6374_length_4123_cov_66.2965	gb_AP006618.1_+_4835199-4838688_ARO:3000501_Nocardia	74.168	1413	301	52	4	1390	1592	218	4.03e-150	529	933580
NODE_6374_length_4123_cov_66.2965	gb_AP006618.1_+_4835199-4838688_ARO:3000501_Nocardia	74.168	1413	301	52	4	1390	1592	218	4.03e-150	529	933580
NODE_6374_length_4123_cov_66.2965	gb_AP006618.1_+_4835199-4838688_ARO:3000501_Nocardia	74.168	1413	301	52	4	1390	1592	218	4.03e-150	529	3010884
NODE_6374_length_4123_cov_66.2965	gb_AP006618.1_+_4835199-4838688_ARO:3000501_Nocardia	74.168	1413	301	52	4	1390	1592	218	4.03e-150	529	3010884
NODE_6374_length_4123_cov_66.2965	gb_AP006618.1_+_4835199-4838688_ARO:3000501_Nocardia	74.168	1413	301	52	4	1390	1592	218	4.03e-150	529	289667
NODE_6374_length_4123_cov_66.2965	gb_AP006618.1_+_4835199-4838688_ARO:3000501_Nocardia	74.168	1413	301	52	4	1390	1592	218	4.03e-150	529	5284292
NODE_8826_length_3233_cov_60.46	gb_AF235050.4_+_38028-40140_ARO:3003318_Streptomyces	75.178	1265	251	55	694	1931	763	1991	5.25e-153	538	4334475
NODE_8826_length_3233_cov_60.46	gb_AF235050.4_+_38028-40140_ARO:3003318_Streptomyces	75.178	1265	251	55	694	1931	763	1991	5.25e-153	538	1154928
NODE_8826_length_3233_cov_60.46	gb_AF235050.4_+_38028-40140_ARO:3003318_Streptomyces	75.178	1265	251	55	694	1931	763	1991	5.25e-153	538	1154928
NODE_8826_length_3233_cov_60.46	gb_AF235050.4_+_38028-40140_ARO:3003318_Streptomyces	75.178	1265	251	55	694	1931	763	1991	5.25e-153	538	2708086
NODE_9199_length_3138_cov_18.5407	gb_CP007593.1_+_2148923-2149772_ARO:3001301_RlmA(II)	86.088	841	117	0	1997	2837	1	841	0.0	905	2564839
NODE_9199_length_3138_cov_18.5407	gb_CP007593.1_+_2148923-2149772_ARO:3001301_RlmA(II)	86.088	841	117	0	1997	2837	1	841	0.0	905	2564839
NODE_9199_length_3138_cov_18.5407	gb_CP007593.1_+_2148923-2149772_ARO:3001301_RlmA(II)	86.088	841	117	0	1997	2837	1	841	0.0	905	312158
NODE_9666_length_3020_cov_65.0094	gb_Z50108_+_238-1768_ARO:3003026_fusH	91.111	45	1	2	1712	1753	517	561	1.67e-08	58.4	2953106
NODE_9666_length_3020_cov_65.0094	gb_Z50108_+_238-1768_ARO:3003026_fusH	91.111	45	1	2	1712	1753	517	561	1.67e-08	58.4	642605
NODE_9666_length_3020_cov_65.0094	gb_Z50108_+_238-1768_ARO:3003026_fusH	91.111	45	1	2	1712	1753	517	561	1.67e-08	58.4	4436244
NODE_9666_length_3020_cov_65.0094	gb_Z50108_+_238-1768_ARO:3003026_fusH	91.111	45	1	2	1712	1753	517	561	1.67e-08	58.4	2953106
NODE_9666_length_3020_cov_65.0094	gb_Z50108_+_238-1768_ARO:3003026_fusH	91.111	45	1	2	1712	1753	517	561	1.67e-08	58.4	5283616
NODE_9707_length_3009_cov_3.44414	gb_HM990671_+_5192-6671_ARO:3003112_lsaC	92.188	128	10	0	2882	3009	1479	1352	9.47e-46	182	2281178
NODE_9707_length_3009_cov_3.44414	gb_HM990671_+_5192-6671_ARO:3003112_lsaC	92.188	128	10	0	2882	3009	1479	1352	9.47e-46	182	2281178
NODE_11463_length_2627_cov_13.8005	gb_HM990671_+_5192-6671_ARO:3003112_lsaC	84.235	1478	227	5	980	2454	1475	1	0.0	1434	5010871
NODE_12288_length_2490_cov_10.4957	gb_AP006618.1_+_4835199-4838688_ARO:3000501_Nocardia	76.023	2394	499	56	141	2489	2793	430	0.0	1171	2171424
NODE_12422_length_2466_cov_5.39859	gb_HM990671_+_5192-6671_ARO:3003112_lsaC	86.733	1206	158	2	1262	2466	9	1213	0.0	1339	6902941
NODE_14784_length_2141_cov_16.2651	gb_NC_014638.1_-_1610636-1613960_ARO:3003730_Bifidobacteria	76.709	863	161	26	808	1641	1309	2160	7.76e-125	444	832169
NODE_14784_length_2141_cov_16.2651	gb_NC_014638.1_-_1610636-1613960_ARO:3003730_Bifidobacteria	76.709	863	161	26	808	1641	1309	2160	7.76e-125	444	61953
NODE_15759_length_2037_cov_43.8123	gb_L06249_+_1527-2505_ARO:3003748_oleC	80.556	72	14	0	325	396	94	165	4.04e-08	56.5	100446
NODE_18424_length_1794_cov_5.63197	gb_AF235050.4_+_38028-40140_ARO:3003318_Streptomyces	72.202	1126	268	34	3	1098	1178	68	1.15e-82	303	985648
NODE_34599_length_1049_cov_114.685	gb_AP006618.1_+_4835199-4838688_ARO:3000501_Nocardia	75.281	445	81	22	3	437	1302	877	2.52e-47	185	1736940
NODE_34599_length_1049_cov_114.685	gb_AP006618.1_+_4835199-4838688_ARO:3000501_Nocardia	75.281	445	81	22	3	437	1302	877	2.52e-47	185	603906
NODE_50666_length_753_cov_1.88968	gb_NC_003098.1_-_1359228-1360395_ARO:3000025_patB	82.853	694	115	3	3	694	466	1157	4.16e-178	619	2281104
NODE_91964_length_453_cov_1.61558	gb_AF235050.4_+_38028-40140_ARO:3003318_Streptomyces	83.333	138	23	0	307	444	54	191	1.81e-30	128	927421
NODE_98446_length_423_cov_6.02717	gb_AP006618.1_+_4835199-4838688_ARO:3000501_Nocardia	81.840	424	71	6	1	421	3295	2875	9.21e-98	351	4436371
