NODE_98_length_88658_cov_5.34355	gb_M80346_+_0-1656_ARO:3002817_carA	96.970	33	1	0	2247	2279	603	571	1.77e-06	56.5	4796222
NODE_98_length_88658_cov_5.34355	gb_M80346_+_0-1656_ARO:3002817_carA	96.970	33	1	0	2247	2279	603	571	1.77e-06	56.5	981381
NODE_98_length_88658_cov_5.34355	gb_M80346_+_0-1656_ARO:3002817_carA	96.970	33	1	0	2247	2279	603	571	1.77e-06	56.5	889340
NODE_99_length_88528_cov_6.02238	gb_NC_000913.3_-_2306971-2308615_ARO:3003952_yojI	98.966	1644	17	0	12544	14187	1644	1	0.0	2942	432288
NODE_99_length_88528_cov_6.02238	gb_U00096_+_2367070-2368039_ARO:3003578_pmrF	100.000	969	0	0	72646	73614	1	969	0.0	1790	432288
NODE_99_length_88528_cov_6.02238	gb_NC_000913.3_-_2306971-2308615_ARO:3003952_yojI	98.966	1644	17	0	12544	14187	1644	1	0.0	2942	156376
NODE_99_length_88528_cov_6.02238	gb_U00096_+_2367070-2368039_ARO:3003578_pmrF	100.000	969	0	0	72646	73614	1	969	0.0	1790	156376
NODE_99_length_88528_cov_6.02238	gb_NC_000913.3_-_2306971-2308615_ARO:3003952_yojI	98.966	1644	17	0	12544	14187	1644	1	0.0	2942	111521
NODE_99_length_88528_cov_6.02238	gb_U00096_+_2367070-2368039_ARO:3003578_pmrF	100.000	969	0	0	72646	73614	1	969	0.0	1790	111521
NODE_99_length_88528_cov_6.02238	gb_NC_000913.3_-_2306971-2308615_ARO:3003952_yojI	98.966	1644	17	0	12544	14187	1644	1	0.0	2942	172334
NODE_99_length_88528_cov_6.02238	gb_U00096_+_2367070-2368039_ARO:3003578_pmrF	100.000	969	0	0	72646	73614	1	969	0.0	1790	172334
NODE_99_length_88528_cov_6.02238	gb_NC_000913.3_-_2306971-2308615_ARO:3003952_yojI	98.966	1644	17	0	12544	14187	1644	1	0.0	2942	396970
NODE_99_length_88528_cov_6.02238	gb_U00096_+_2367070-2368039_ARO:3003578_pmrF	100.000	969	0	0	72646	73614	1	969	0.0	1790	396970
NODE_141_length_75527_cov_6.14106	gb_U00096_+_3660413-3663527_ARO:3000796_mdtF	90.909	44	4	0	45265	45308	2841	2798	1.17e-07	60.2	1673097
NODE_141_length_75527_cov_6.14106	gb_U00096_+_3660413-3663527_ARO:3000796_mdtF	90.909	44	4	0	45265	45308	2841	2798	1.17e-07	60.2	889465
NODE_141_length_75527_cov_6.14106	gb_U00096_+_3660413-3663527_ARO:3000796_mdtF	90.909	44	4	0	45265	45308	2841	2798	1.17e-07	60.2	4797586
NODE_141_length_75527_cov_6.14106	gb_U00096_+_3660413-3663527_ARO:3000796_mdtF	90.909	44	4	0	45265	45308	2841	2798	1.17e-07	60.2	478773
NODE_141_length_75527_cov_6.14106	gb_U00096_+_3660413-3663527_ARO:3000796_mdtF	90.909	44	4	0	45265	45308	2841	2798	1.17e-07	60.2	604588
NODE_141_length_75527_cov_6.14106	gb_U00096_+_3660413-3663527_ARO:3000796_mdtF	90.909	44	4	0	45265	45308	2841	2798	1.17e-07	60.2	1707319
NODE_142_length_74493_cov_6.34752	gb_FJ768952_+_0-1488_ARO:3000237_tolC	99.933	1488	1	0	67383	68870	1	1488	0.0	2743	426084
NODE_142_length_74493_cov_6.34752	gb_FJ768952_+_0-1488_ARO:3000237_tolC	99.933	1488	1	0	67383	68870	1	1488	0.0	2743	4798409
NODE_166_length_68470_cov_6.0453	gb_NC_000913.3_+_966620-968369_ARO:3003950_msbA	100.000	1749	0	0	40672	42420	1	1749	0.0	3230	1650116
NODE_192_length_64014_cov_12.7273	gb_AF173226_+_3767-6917_ARO:3003052_smeB	87.500	56	7	0	21703	21758	1186	1241	2.12e-09	65.8	3978349
NODE_192_length_64014_cov_12.7273	gb_AJ252200_+_1278-4401_ARO:3003056_smeE	78.313	83	18	0	21676	21758	1159	1241	4.60e-06	54.7	3978349
NODE_192_length_64014_cov_12.7273	gb_AF173226_+_3767-6917_ARO:3003052_smeB	87.500	56	7	0	21703	21758	1186	1241	2.12e-09	65.8	4013883
NODE_192_length_64014_cov_12.7273	gb_AJ252200_+_1278-4401_ARO:3003056_smeE	78.313	83	18	0	21676	21758	1159	1241	4.60e-06	54.7	4013883
NODE_192_length_64014_cov_12.7273	gb_AF173226_+_3767-6917_ARO:3003052_smeB	87.500	56	7	0	21703	21758	1186	1241	2.12e-09	65.8	3535968
NODE_192_length_64014_cov_12.7273	gb_AJ252200_+_1278-4401_ARO:3003056_smeE	78.313	83	18	0	21676	21758	1159	1241	4.60e-06	54.7	3535968
NODE_192_length_64014_cov_12.7273	gb_AF173226_+_3767-6917_ARO:3003052_smeB	87.500	56	7	0	21703	21758	1186	1241	2.12e-09	65.8	4715115
NODE_192_length_64014_cov_12.7273	gb_AJ252200_+_1278-4401_ARO:3003056_smeE	78.313	83	18	0	21676	21758	1159	1241	4.60e-06	54.7	4715115
NODE_192_length_64014_cov_12.7273	gb_AF173226_+_3767-6917_ARO:3003052_smeB	87.500	56	7	0	21703	21758	1186	1241	2.12e-09	65.8	475559
NODE_192_length_64014_cov_12.7273	gb_AJ252200_+_1278-4401_ARO:3003056_smeE	78.313	83	18	0	21676	21758	1159	1241	4.60e-06	54.7	475559
NODE_192_length_64014_cov_12.7273	gb_AF173226_+_3767-6917_ARO:3003052_smeB	87.500	56	7	0	21703	21758	1186	1241	2.12e-09	65.8	1673097
NODE_192_length_64014_cov_12.7273	gb_AJ252200_+_1278-4401_ARO:3003056_smeE	78.313	83	18	0	21676	21758	1159	1241	4.60e-06	54.7	1673097
NODE_320_length_50404_cov_6.63084	gb_NC_000913.3_+_3219493-3220873_ARO:3000024_patA	100.000	1380	0	0	19595	20974	1380	1	0.0	2549	6233902
NODE_320_length_50404_cov_6.63084	gb_U00096.3_-_3203309-3204131_ARO:3002986_bacA	100.000	822	0	0	36337	37158	1	822	0.0	1519	6233902
NODE_320_length_50404_cov_6.63084	gb_NC_000913.3_+_3219493-3220873_ARO:3000024_patA	100.000	1380	0	0	19595	20974	1380	1	0.0	2549	6233902
NODE_320_length_50404_cov_6.63084	gb_U00096.3_-_3203309-3204131_ARO:3002986_bacA	100.000	822	0	0	36337	37158	1	822	0.0	1519	6233902
NODE_320_length_50404_cov_6.63084	gb_NC_000913.3_+_3219493-3220873_ARO:3000024_patA	100.000	1380	0	0	19595	20974	1380	1	0.0	2549	201800
NODE_320_length_50404_cov_6.63084	gb_U00096.3_-_3203309-3204131_ARO:3002986_bacA	100.000	822	0	0	36337	37158	1	822	0.0	1519	201800
NODE_363_length_45626_cov_5.92934	gb_U00096_+_2484373-2487967_ARO:3000833_evgS	100.000	3594	0	0	31812	35405	3594	1	0.0	6637	1027801
NODE_363_length_45626_cov_5.92934	gb_D78168_+_1591-3130_ARO:3000254_emrY	99.090	1539	14	0	37603	39141	1	1539	0.0	2765	1027801
NODE_363_length_45626_cov_5.92934	gb_D78168_+_536-1592_ARO:3000206_emrK	99.905	1056	1	0	36548	37603	1	1056	0.0	1945	1027801
NODE_363_length_45626_cov_5.92934	gb_NC_002695_+_3211891-3212506_ARO:3000832_evgA	100.000	615	0	0	35410	36024	615	1	0.0	1136	1027801
NODE_363_length_45626_cov_5.92934	gb_U00096_+_2484373-2487967_ARO:3000833_evgS	100.000	3594	0	0	31812	35405	3594	1	0.0	6637	4730293
NODE_363_length_45626_cov_5.92934	gb_D78168_+_1591-3130_ARO:3000254_emrY	99.090	1539	14	0	37603	39141	1	1539	0.0	2765	4730293
NODE_363_length_45626_cov_5.92934	gb_D78168_+_536-1592_ARO:3000206_emrK	99.905	1056	1	0	36548	37603	1	1056	0.0	1945	4730293
NODE_363_length_45626_cov_5.92934	gb_NC_002695_+_3211891-3212506_ARO:3000832_evgA	100.000	615	0	0	35410	36024	615	1	0.0	1136	4730293
NODE_429_length_42511_cov_5.21132	gb_NC_002695.2_-_1737690-1738104_ARO:3000676_H-NS	99.275	414	3	0	9782	10195	414	1	0.0	749	83952
NODE_429_length_42511_cov_5.21132	gb_NC_002695.2_-_1737690-1738104_ARO:3000676_H-NS	99.275	414	3	0	9782	10195	414	1	0.0	749	6230737
NODE_429_length_42511_cov_5.21132	gb_NC_002695.2_-_1737690-1738104_ARO:3000676_H-NS	99.275	414	3	0	9782	10195	414	1	0.0	749	479315
NODE_429_length_42511_cov_5.21132	gb_NC_002695.2_-_1737690-1738104_ARO:3000676_H-NS	99.275	414	3	0	9782	10195	414	1	0.0	749	4797951
NODE_679_length_32234_cov_6.19354	gb_AP009048.1_-_4304505-4306557_ARO:3003549_mdtO	100.000	2052	0	0	18615	20666	2052	1	0.0	3790	4797533
NODE_679_length_32234_cov_6.19354	gb_AP009048.1_-_4303042-4304509_ARO:3003550_mdtP	99.318	1467	10	0	17152	18618	1467	1	0.0	2654	4797533
NODE_679_length_32234_cov_6.19354	gb_AP009048.1_-_4306556-4307588_ARO:3003548_mdtN	100.000	1032	0	0	20666	21697	1032	1	0.0	1906	4797533
NODE_683_length_32134_cov_5.19477	gb_JQ394987_+_0-1233_ARO:3001328_Escherichia	97.810	1233	27	0	21709	22941	1	1233	0.0	2128	580796
NODE_699_length_31696_cov_7.56237	gb_NC_002695.1_-_4903561-4904935_ARO:3000830_cpxA	98.981	1374	14	0	22479	23852	1	1374	0.0	2460	111521
NODE_759_length_30164_cov_6.16231	gb_NC_007779_+_2586250-2589364_ARO:3000491_acrD	99.968	3114	1	0	4089	7202	3114	1	0.0	5746	126965
NODE_759_length_30164_cov_6.16231	gb_AJ252200_+_1278-4401_ARO:3003056_smeE	73.261	834	211	10	5689	6516	1514	687	1.17e-78	294	126965
NODE_759_length_30164_cov_6.16231	gb_U00096_+_3660413-3663527_ARO:3000796_mdtF	74.359	468	106	11	5719	6179	1484	1024	2.05e-46	187	126965
NODE_759_length_30164_cov_6.16231	gb_AB219524.1_+_1176-4338_ARO:3003699_mexQ	83.582	67	11	0	5953	6019	1256	1190	3.60e-09	63.9	126965
NODE_782_length_29663_cov_7.42847	gb_U00096_+_3415032-3418137_ARO:3000502_acrF	99.098	3105	28	0	20978	24082	1	3105	0.0	5579	172334
NODE_782_length_29663_cov_7.42847	gb_U00096_+_3413863-3415021_ARO:3000499_acrE	98.964	1158	12	0	19809	20966	1	1158	0.0	2073	172334
NODE_782_length_29663_cov_7.42847	gb_U00096_-_3412802-3413465_ARO:3000656_acrS	99.095	663	6	0	18748	19410	663	1	0.0	1192	172334
NODE_782_length_29663_cov_7.42847	gb_NC_003197.2_-_393893-397061_ARO:3000790_mdsB	81.928	83	9	6	23883	23962	2933	3012	9.85e-10	65.8	172334
NODE_832_length_28626_cov_14.8406	gb_U00096_-_2098446-2099613_ARO:3003577_ugd	78.488	172	37	0	24454	24625	869	698	3.35e-24	113	1127569
NODE_960_length_25965_cov_32.5462	gb_NC_000913.3_-_481253-484403_ARO:3000216_acrB	91.803	61	5	0	1743	1803	2969	2909	6.62e-16	86.1	322581
NODE_960_length_25965_cov_32.5462	gb_NC_000913.3_-_481253-484403_ARO:3000216_acrB	91.803	61	5	0	1743	1803	2969	2909	6.62e-16	86.1	6234240
NODE_1037_length_24474_cov_3.69081	gb_NC_002516.2_+_4904646-4907703_ARO:3003031_mexW	83.117	77	13	0	20112	20188	1221	1145	1.75e-11	71.3	4799981
NODE_1037_length_24474_cov_3.69081	gb_NC_002516.2_+_4904646-4907703_ARO:3003031_mexW	83.117	77	13	0	20112	20188	1221	1145	1.75e-11	71.3	6234376
NODE_1037_length_24474_cov_3.69081	gb_NC_002516.2_+_4904646-4907703_ARO:3003031_mexW	83.117	77	13	0	20112	20188	1221	1145	1.75e-11	71.3	59722
NODE_1048_length_24367_cov_26.2923	gb_GQ343019_+_132-1023_ARO:3002999_CblA-1	99.776	891	2	0	9947	10837	891	1	0.0	1635	2735149
NODE_1048_length_24367_cov_26.2923	gb_GQ343019_+_132-1023_ARO:3002999_CblA-1	99.776	891	2	0	9947	10837	891	1	0.0	1635	4796193
NODE_1048_length_24367_cov_26.2923	gb_GQ343019_+_132-1023_ARO:3002999_CblA-1	99.776	891	2	0	9947	10837	891	1	0.0	1635	3521300
NODE_1048_length_24367_cov_26.2923	gb_GQ343019_+_132-1023_ARO:3002999_CblA-1	99.776	891	2	0	9947	10837	891	1	0.0	1635	6233950
NODE_1048_length_24367_cov_26.2923	gb_GQ343019_+_132-1023_ARO:3002999_CblA-1	99.776	891	2	0	9947	10837	891	1	0.0	1635	630995
NODE_1877_length_15944_cov_3.24004	gb_AF472622_+_52-1018_ARO:3003003_CfxA3	100.000	514	0	0	15431	15944	1	514	0.0	950	4798054
NODE_1877_length_15944_cov_3.24004	gb_AY769934_+_27-993_ARO:3003096_CfxA5	100.000	514	0	0	15431	15944	1	514	0.0	950	4798054
NODE_1877_length_15944_cov_3.24004	gb_U38243_+_149-1115_ARO:3003001_CfxA	100.000	514	0	0	15431	15944	1	514	0.0	950	4798054
NODE_1877_length_15944_cov_3.24004	gb_AY769933_+_0-966_ARO:3003005_CfxA4	100.000	514	0	0	15431	15944	1	514	0.0	950	4798054
NODE_1877_length_15944_cov_3.24004	gb_AF118110.1_-_71-1037_ARO:3003002_CfxA2	100.000	514	0	0	15431	15944	1	514	0.0	950	4798054
NODE_1877_length_15944_cov_3.24004	gb_GQ342996_+_797-1793_ARO:3003097_CfxA6	88.304	513	60	0	15427	15939	30	542	1.17e-175	616	4798054
NODE_3651_length_10060_cov_44.558	gb_NC_005024_+_42504-43944_ARO:3002597_AAC(6')-Ie-APH(2'')-Ia	84.384	1428	218	5	4447	5871	3	1428	0.0	1397	4796644
NODE_3651_length_10060_cov_44.558	gb_AY701528.1_+_9695-10589_ARO:3004191_APH(2'')-If	94.145	854	46	4	5047	5898	43	894	0.0	1297	4796644
NODE_3651_length_10060_cov_44.558	gb_NC_005024_+_42504-43944_ARO:3002597_AAC(6')-Ie-APH(2'')-Ia	84.384	1428	218	5	4447	5871	3	1428	0.0	1397	1583563
NODE_3651_length_10060_cov_44.558	gb_AY701528.1_+_9695-10589_ARO:3004191_APH(2'')-If	94.145	854	46	4	5047	5898	43	894	0.0	1297	1583563
NODE_6153_length_6638_cov_3.10254	gb_HM990671_+_5192-6671_ARO:3003112_lsaC	92.857	42	3	0	4968	5009	452	411	2.85e-09	62.1	4797526
NODE_7858_length_5472_cov_30.8547	gb_AF242872_+_2131-2878_ARO:3000375_ErmB	98.214	56	0	1	1	55	686	741	6.43e-20	97.1	3535975
NODE_8348_length_5217_cov_7.87137	gb_AF170880_+_0-1848_ARO:3002522_novA	76.636	214	44	6	2944	3154	1381	1591	6.09e-25	113	3536352
NODE_9639_length_4614_cov_28.1154	gb_AF173226_+_3767-6917_ARO:3003052_smeB	86.486	74	10	0	2962	3035	1242	1169	1.52e-15	82.4	1556786
NODE_9639_length_4614_cov_28.1154	gb_AJ252200_+_1278-4401_ARO:3003056_smeE	84.722	72	11	0	2962	3033	1242	1171	9.13e-13	73.1	1556786
NODE_9639_length_4614_cov_28.1154	gb_AF173226_+_3767-6917_ARO:3003052_smeB	86.486	74	10	0	2962	3035	1242	1169	1.52e-15	82.4	475559
NODE_9639_length_4614_cov_28.1154	gb_AJ252200_+_1278-4401_ARO:3003056_smeE	84.722	72	11	0	2962	3033	1242	1171	9.13e-13	73.1	475559
NODE_9665_length_4602_cov_22.4042	gb_AF173226_+_3767-6917_ARO:3003052_smeB	83.784	74	12	0	2950	3023	1242	1169	3.28e-12	71.3	6184750
NODE_9665_length_4602_cov_22.4042	gb_AJ252200_+_1278-4401_ARO:3003056_smeE	83.333	72	12	0	2950	3021	1242	1171	4.24e-11	67.6	6184750
NODE_9665_length_4602_cov_22.4042	gb_AF173226_+_3767-6917_ARO:3003052_smeB	83.784	74	12	0	2950	3023	1242	1169	3.28e-12	71.3	4135595
NODE_9665_length_4602_cov_22.4042	gb_AJ252200_+_1278-4401_ARO:3003056_smeE	83.333	72	12	0	2950	3021	1242	1171	4.24e-11	67.6	4135595
NODE_17572_length_2666_cov_32.8246	gb_AF472622_+_52-1018_ARO:3003003_CfxA3	94.747	514	27	0	2153	2666	1	514	0.0	800	696326
NODE_17572_length_2666_cov_32.8246	gb_AY769934_+_27-993_ARO:3003096_CfxA5	94.747	514	27	0	2153	2666	1	514	0.0	800	696326
NODE_17572_length_2666_cov_32.8246	gb_U38243_+_149-1115_ARO:3003001_CfxA	94.747	514	27	0	2153	2666	1	514	0.0	800	696326
NODE_17572_length_2666_cov_32.8246	gb_AY769933_+_0-966_ARO:3003005_CfxA4	94.747	514	27	0	2153	2666	1	514	0.0	800	696326
NODE_17572_length_2666_cov_32.8246	gb_AF118110.1_-_71-1037_ARO:3003002_CfxA2	94.747	514	27	0	2153	2666	1	514	0.0	800	696326
NODE_17572_length_2666_cov_32.8246	gb_GQ342996_+_797-1793_ARO:3003097_CfxA6	91.033	513	46	0	2149	2661	30	542	0.0	693	696326
NODE_18309_length_2571_cov_773.643	gb_Z21523_+_0-1974_ARO:3000191_tetQ	97.881	1746	37	0	826	2571	1	1746	0.0	3020	889402
NODE_23178_length_2061_cov_100.704	gb_EU434751_+_658-2578_ARO:3000194_tetW	99.896	1920	2	0	75	1994	1	1920	0.0	3535	3871327
NODE_23178_length_2061_cov_100.704	gb_KU736867.1_+_19653-21573_ARO:3004442_tet(W/N/W)	96.025	1912	74	2	75	1985	1	1911	0.0	3109	3871327
NODE_23178_length_2061_cov_100.704	gb_EU434751_+_658-2578_ARO:3000194_tetW	99.896	1920	2	0	75	1994	1	1920	0.0	3535	3871327
NODE_23178_length_2061_cov_100.704	gb_KU736867.1_+_19653-21573_ARO:3004442_tet(W/N/W)	96.025	1912	74	2	75	1985	1	1911	0.0	3109	3871327
NODE_24235_length_1971_cov_6.24061	gb_AF235050.4_+_38028-40140_ARO:3003318_Streptomyces	77.576	165	35	2	472	635	419	256	6.40e-21	99.0	1583990
NODE_29498_length_1629_cov_2.14041	gb_M57437_+_0-1647_ARO:3002827_tlrC	96.970	33	1	0	1286	1318	600	568	3.23e-08	56.5	2858794
NODE_36911_length_1310_cov_22.8319	gb_AY928180_+_0-495_ARO:3002837_lnuC	94.894	235	12	0	1	235	261	495	2.93e-102	368	74761
NODE_38816_length_1247_cov_3.59815	gb_Z21523_+_0-1974_ARO:3000191_tetQ	100.000	54	0	0	1194	1247	947	894	1.12e-21	100	4797678
NODE_38816_length_1247_cov_3.59815	gb_Z21523_+_0-1974_ARO:3000191_tetQ	97.826	46	1	0	1	46	987	942	1.46e-15	80.5	4797678
NODE_48545_length_1003_cov_114.552	gb_AF118110.1_-_71-1037_ARO:3003002_CfxA2	92.324	482	37	0	522	1003	941	460	0.0	686	103584
NODE_48545_length_1003_cov_114.552	gb_AF472622_+_52-1018_ARO:3003003_CfxA3	92.116	482	38	0	522	1003	941	460	0.0	680	103584
NODE_48545_length_1003_cov_114.552	gb_AY769934_+_27-993_ARO:3003096_CfxA5	92.116	482	38	0	522	1003	941	460	0.0	680	103584
NODE_48545_length_1003_cov_114.552	gb_U38243_+_149-1115_ARO:3003001_CfxA	92.116	482	38	0	522	1003	941	460	0.0	680	103584
NODE_48545_length_1003_cov_114.552	gb_AY769933_+_0-966_ARO:3003005_CfxA4	92.116	482	38	0	522	1003	941	460	0.0	680	103584
NODE_48545_length_1003_cov_114.552	gb_GQ342996_+_797-1793_ARO:3003097_CfxA6	90.605	479	45	0	522	1000	974	496	0.0	636	103584
NODE_57021_length_861_cov_1.3598	gb_X63451_+_0-1653_ARO:3002828_srmB	100.000	29	0	0	32	60	1471	1499	6.06e-08	54.7	35601
NODE_70179_length_704_cov_8.26965	gb_AP006618.1_+_4835199-4838688_ARO:3000501_Nocardia	82.328	232	37	4	475	704	3351	3122	2.16e-51	198	171922
NODE_113479_length_460_cov_1.30864	gb_MF095097.1_-_1855-3484_ARO:3004470_poxtA	93.182	44	1	2	141	183	1430	1388	5.27e-11	63.9	2067487
NODE_114890_length_455_cov_2.55	gb_AF235050.4_+_38028-40140_ARO:3003318_Streptomyces	75.207	363	78	8	43	399	431	75	1.80e-40	161	2736273
NODE_119768_length_436_cov_3.88189	gb_AF235050.4_+_38028-40140_ARO:3003318_Streptomyces	76.647	167	33	5	13	176	419	256	2.96e-18	87.9	1344447
NODE_125029_length_416_cov_0.905817	gb_CP004067_+_52914-53709_ARO:3002647_APH(3')-IIIa	100.000	336	0	0	1	336	336	1	6.24e-179	621	478199
NODE_147982_length_338_cov_165.099	gb_AF242872_+_2131-2878_ARO:3000375_ErmB	98.387	62	0	1	278	338	747	686	1.74e-24	108	1181349
