NODE_24_length_87617_cov_41.4809	gb_AF235050.4_+_38028-40140_ARO:3003318_Streptomyces	75.182	1100	213	54	62180	63252	1991	925	2.45e-129	464	2283368
NODE_24_length_87617_cov_41.4809	gb_AF235050.4_+_38028-40140_ARO:3003318_Streptomyces	75.182	1100	213	54	62180	63252	1991	925	2.45e-129	464	745918
NODE_24_length_87617_cov_41.4809	gb_AF235050.4_+_38028-40140_ARO:3003318_Streptomyces	75.182	1100	213	54	62180	63252	1991	925	2.45e-129	464	266298
NODE_24_length_87617_cov_41.4809	gb_AF235050.4_+_38028-40140_ARO:3003318_Streptomyces	75.182	1100	213	54	62180	63252	1991	925	2.45e-129	464	5311319
NODE_24_length_87617_cov_41.4809	gb_AF235050.4_+_38028-40140_ARO:3003318_Streptomyces	75.182	1100	213	54	62180	63252	1991	925	2.45e-129	464	695278
NODE_24_length_87617_cov_41.4809	gb_AF235050.4_+_38028-40140_ARO:3003318_Streptomyces	75.182	1100	213	54	62180	63252	1991	925	2.45e-129	464	561710
NODE_24_length_87617_cov_41.4809	gb_AF235050.4_+_38028-40140_ARO:3003318_Streptomyces	75.182	1100	213	54	62180	63252	1991	925	2.45e-129	464	247239
NODE_24_length_87617_cov_41.4809	gb_AF235050.4_+_38028-40140_ARO:3003318_Streptomyces	75.182	1100	213	54	62180	63252	1991	925	2.45e-129	464	936047
NODE_24_length_87617_cov_41.4809	gb_AF235050.4_+_38028-40140_ARO:3003318_Streptomyces	75.182	1100	213	54	62180	63252	1991	925	2.45e-129	464	973744
NODE_24_length_87617_cov_41.4809	gb_AF235050.4_+_38028-40140_ARO:3003318_Streptomyces	75.182	1100	213	54	62180	63252	1991	925	2.45e-129	464	74816
NODE_24_length_87617_cov_41.4809	gb_AF235050.4_+_38028-40140_ARO:3003318_Streptomyces	75.182	1100	213	54	62180	63252	1991	925	2.45e-129	464	3041445
NODE_24_length_87617_cov_41.4809	gb_AF235050.4_+_38028-40140_ARO:3003318_Streptomyces	75.182	1100	213	54	62180	63252	1991	925	2.45e-129	464	5005440
NODE_24_length_87617_cov_41.4809	gb_AF235050.4_+_38028-40140_ARO:3003318_Streptomyces	75.182	1100	213	54	62180	63252	1991	925	2.45e-129	464	2511507
NODE_24_length_87617_cov_41.4809	gb_AF235050.4_+_38028-40140_ARO:3003318_Streptomyces	75.182	1100	213	54	62180	63252	1991	925	2.45e-129	464	132251
NODE_24_length_87617_cov_41.4809	gb_AF235050.4_+_38028-40140_ARO:3003318_Streptomyces	75.182	1100	213	54	62180	63252	1991	925	2.45e-129	464	3840407
NODE_24_length_87617_cov_41.4809	gb_AF235050.4_+_38028-40140_ARO:3003318_Streptomyces	75.182	1100	213	54	62180	63252	1991	925	2.45e-129	464	2576533
NODE_24_length_87617_cov_41.4809	gb_AF235050.4_+_38028-40140_ARO:3003318_Streptomyces	75.182	1100	213	54	62180	63252	1991	925	2.45e-129	464	84228
NODE_24_length_87617_cov_41.4809	gb_AF235050.4_+_38028-40140_ARO:3003318_Streptomyces	75.182	1100	213	54	62180	63252	1991	925	2.45e-129	464	1933711
NODE_24_length_87617_cov_41.4809	gb_AF235050.4_+_38028-40140_ARO:3003318_Streptomyces	75.182	1100	213	54	62180	63252	1991	925	2.45e-129	464	1507862
NODE_24_length_87617_cov_41.4809	gb_AF235050.4_+_38028-40140_ARO:3003318_Streptomyces	75.182	1100	213	54	62180	63252	1991	925	2.45e-129	464	699057
NODE_443_length_22380_cov_49.8402	gb_NC_014638.1_-_1610636-1613960_ARO:3003730_Bifidobacteria	75.058	862	183	24	7257	8093	2156	1302	3.91e-102	372	213237
NODE_443_length_22380_cov_49.8402	gb_NC_014638.1_-_1610636-1613960_ARO:3003730_Bifidobacteria	75.058	862	183	24	7257	8093	2156	1302	3.91e-102	372	5027425
NODE_443_length_22380_cov_49.8402	gb_NC_014638.1_-_1610636-1613960_ARO:3003730_Bifidobacteria	75.058	862	183	24	7257	8093	2156	1302	3.91e-102	372	790748
NODE_443_length_22380_cov_49.8402	gb_NC_014638.1_-_1610636-1613960_ARO:3003730_Bifidobacteria	75.058	862	183	24	7257	8093	2156	1302	3.91e-102	372	6820055
NODE_443_length_22380_cov_49.8402	gb_NC_014638.1_-_1610636-1613960_ARO:3003730_Bifidobacteria	75.058	862	183	24	7257	8093	2156	1302	3.91e-102	372	6914675
NODE_443_length_22380_cov_49.8402	gb_NC_014638.1_-_1610636-1613960_ARO:3003730_Bifidobacteria	75.058	862	183	24	7257	8093	2156	1302	3.91e-102	372	5037735
NODE_443_length_22380_cov_49.8402	gb_NC_014638.1_-_1610636-1613960_ARO:3003730_Bifidobacteria	75.058	862	183	24	7257	8093	2156	1302	3.91e-102	372	337783
NODE_725_length_17115_cov_4.18898	gb_AP006618.1_+_4835199-4838688_ARO:3000501_Nocardia	82.166	314	50	5	7772	8082	3023	3333	5.22e-70	265	2521690
NODE_725_length_17115_cov_4.18898	gb_AP006618.1_+_4835199-4838688_ARO:3000501_Nocardia	82.166	314	50	5	7772	8082	3023	3333	5.22e-70	265	678719
NODE_725_length_17115_cov_4.18898	gb_AP006618.1_+_4835199-4838688_ARO:3000501_Nocardia	82.166	314	50	5	7772	8082	3023	3333	5.22e-70	265	518872
NODE_922_length_14320_cov_13.1637	gb_EU434751_+_658-2578_ARO:3000194_tetW	99.948	1920	1	0	581	2500	1	1920	0.0	3541	1746243
NODE_922_length_14320_cov_13.1637	gb_KU736867.1_+_19653-21573_ARO:3004442_tet(W/N/W)	96.077	1912	73	2	581	2491	1	1911	0.0	3114	1746243
NODE_1355_length_11140_cov_4.50627	gb_AJ295238.3_+_163-2083_ARO:3000196_tet32	87.975	1921	211	19	282	2192	1	1911	0.0	2250	1746243
NODE_1355_length_11140_cov_4.50627	gb_AJ295238.3_+_163-2083_ARO:3000196_tet32	87.975	1921	211	19	282	2192	1	1911	0.0	2250	219500
NODE_1404_length_10923_cov_18.2771	gb_AF235050.4_+_38028-40140_ARO:3003318_Streptomyces	77.344	384	77	9	7181	7559	454	76	2.63e-56	219	2085986
NODE_1404_length_10923_cov_18.2771	gb_AF235050.4_+_38028-40140_ARO:3003318_Streptomyces	77.344	384	77	9	7181	7559	454	76	2.63e-56	219	1678123
NODE_1404_length_10923_cov_18.2771	gb_AF235050.4_+_38028-40140_ARO:3003318_Streptomyces	77.344	384	77	9	7181	7559	454	76	2.63e-56	219	2573857
NODE_1404_length_10923_cov_18.2771	gb_AF235050.4_+_38028-40140_ARO:3003318_Streptomyces	77.344	384	77	9	7181	7559	454	76	2.63e-56	219	44282
NODE_1668_length_9674_cov_5.63323	gb_AP006618.1_+_4835199-4838688_ARO:3000501_Nocardia	75.093	3212	738	50	4898	8087	287	3458	0.0	1443	5312568
NODE_1668_length_9674_cov_5.63323	gb_AP006618.1_+_4835199-4838688_ARO:3000501_Nocardia	75.093	3212	738	50	4898	8087	287	3458	0.0	1443	244140
NODE_1725_length_9494_cov_5.45429	gb_AP006618.1_+_4835199-4838688_ARO:3000501_Nocardia	81.236	453	83	2	286	737	2869	3320	2.78e-100	364	5311146
NODE_1725_length_9494_cov_5.45429	gb_AP006618.1_+_4835199-4838688_ARO:3000501_Nocardia	81.236	453	83	2	286	737	2869	3320	2.78e-100	364	306295
NODE_1725_length_9494_cov_5.45429	gb_AP006618.1_+_4835199-4838688_ARO:3000501_Nocardia	81.236	453	83	2	286	737	2869	3320	2.78e-100	364	471710
NODE_2314_length_7979_cov_86.0326	gb_AP006618.1_+_4835199-4838688_ARO:3000501_Nocardia	73.929	3222	719	94	4299	7473	3365	218	0.0	1184	1474891
NODE_2314_length_7979_cov_86.0326	gb_AP006618.1_+_4835199-4838688_ARO:3000501_Nocardia	73.929	3222	719	94	4299	7473	3365	218	0.0	1184	678719
NODE_2314_length_7979_cov_86.0326	gb_AP006618.1_+_4835199-4838688_ARO:3000501_Nocardia	73.929	3222	719	94	4299	7473	3365	218	0.0	1184	107730
NODE_2314_length_7979_cov_86.0326	gb_AP006618.1_+_4835199-4838688_ARO:3000501_Nocardia	73.929	3222	719	94	4299	7473	3365	218	0.0	1184	746997
NODE_2314_length_7979_cov_86.0326	gb_AP006618.1_+_4835199-4838688_ARO:3000501_Nocardia	73.929	3222	719	94	4299	7473	3365	218	0.0	1184	53900
NODE_2314_length_7979_cov_86.0326	gb_AP006618.1_+_4835199-4838688_ARO:3000501_Nocardia	73.929	3222	719	94	4299	7473	3365	218	0.0	1184	708107
NODE_2314_length_7979_cov_86.0326	gb_AP006618.1_+_4835199-4838688_ARO:3000501_Nocardia	73.929	3222	719	94	4299	7473	3365	218	0.0	1184	93047
NODE_2618_length_7423_cov_19.291	gb_AP006618.1_+_4835199-4838688_ARO:3000501_Nocardia	86.527	334	41	4	2086	2417	3299	2968	2.17e-100	364	107730
NODE_2618_length_7423_cov_19.291	gb_AP006618.1_+_4835199-4838688_ARO:3000501_Nocardia	86.527	334	41	4	2086	2417	3299	2968	2.17e-100	364	518872
NODE_2618_length_7423_cov_19.291	gb_AP006618.1_+_4835199-4838688_ARO:3000501_Nocardia	86.527	334	41	4	2086	2417	3299	2968	2.17e-100	364	306295
NODE_2618_length_7423_cov_19.291	gb_AP006618.1_+_4835199-4838688_ARO:3000501_Nocardia	86.527	334	41	4	2086	2417	3299	2968	2.17e-100	364	189547
NODE_2975_length_6837_cov_90.3523	gb_AP006618.1_+_4835199-4838688_ARO:3000501_Nocardia	75.039	3225	678	99	488	3662	218	3365	0.0	1378	708107
NODE_2975_length_6837_cov_90.3523	gb_AP006618.1_+_4835199-4838688_ARO:3000501_Nocardia	75.039	3225	678	99	488	3662	218	3365	0.0	1378	261173
NODE_2975_length_6837_cov_90.3523	gb_AP006618.1_+_4835199-4838688_ARO:3000501_Nocardia	75.039	3225	678	99	488	3662	218	3365	0.0	1378	141466
NODE_2975_length_6837_cov_90.3523	gb_AP006618.1_+_4835199-4838688_ARO:3000501_Nocardia	75.039	3225	678	99	488	3662	218	3365	0.0	1378	107730
NODE_3093_length_6648_cov_110.909	gb_AF235050.4_+_38028-40140_ARO:3003318_Streptomyces	86.154	65	9	0	2240	2304	1961	1897	4.74e-12	71.3	2082143
NODE_3093_length_6648_cov_110.909	gb_AF235050.4_+_38028-40140_ARO:3003318_Streptomyces	86.154	65	9	0	2240	2304	1961	1897	4.74e-12	71.3	7298
NODE_3093_length_6648_cov_110.909	gb_AF235050.4_+_38028-40140_ARO:3003318_Streptomyces	86.154	65	9	0	2240	2304	1961	1897	4.74e-12	71.3	241041
NODE_3583_length_6049_cov_3.14898	gb_X63451_+_0-1653_ARO:3002828_srmB	97.222	36	1	0	844	879	1465	1500	2.60e-09	62.1	1377312
NODE_3583_length_6049_cov_3.14898	gb_X63451_+_0-1653_ARO:3002828_srmB	97.222	36	1	0	844	879	1465	1500	2.60e-09	62.1	5041676
NODE_3715_length_5919_cov_21.075	gb_M17124_+_1181-1982_ARO:3000498_ErmF	100.000	39	0	0	5881	5919	801	763	1.17e-12	73.1	509581
NODE_3715_length_5919_cov_21.075	gb_M17124_+_1181-1982_ARO:3000498_ErmF	100.000	39	0	0	5881	5919	801	763	1.17e-12	73.1	1336709
NODE_3927_length_5697_cov_14.7939	gb_AF235050.4_+_38028-40140_ARO:3003318_Streptomyces	75.178	1265	251	54	1391	2628	1991	763	9.26e-153	538	973693
NODE_4735_length_5029_cov_16.1369	gb_NC_014638.1_-_1610636-1613960_ARO:3003730_Bifidobacteria	76.709	863	161	26	3153	3986	2160	1309	1.83e-124	444	1297270
NODE_4735_length_5029_cov_16.1369	gb_NC_014638.1_-_1610636-1613960_ARO:3003730_Bifidobacteria	79.000	200	42	0	2092	2291	3266	3067	3.48e-32	137	1297270
NODE_4735_length_5029_cov_16.1369	gb_NC_014638.1_-_1610636-1613960_ARO:3003730_Bifidobacteria	76.709	863	161	26	3153	3986	2160	1309	1.83e-124	444	542352
NODE_4735_length_5029_cov_16.1369	gb_NC_014638.1_-_1610636-1613960_ARO:3003730_Bifidobacteria	79.000	200	42	0	2092	2291	3266	3067	3.48e-32	137	542352
NODE_4735_length_5029_cov_16.1369	gb_NC_014638.1_-_1610636-1613960_ARO:3003730_Bifidobacteria	76.709	863	161	26	3153	3986	2160	1309	1.83e-124	444	171299
NODE_4735_length_5029_cov_16.1369	gb_NC_014638.1_-_1610636-1613960_ARO:3003730_Bifidobacteria	79.000	200	42	0	2092	2291	3266	3067	3.48e-32	137	171299
NODE_5482_length_4549_cov_3.6591	gb_AY768532_+_0-1935_ARO:3000535_macB	74.523	1731	399	37	2767	4479	10	1716	0.0	715	5162951
NODE_5482_length_4549_cov_3.6591	gb_AY768532_+_0-1935_ARO:3000535_macB	74.523	1731	399	37	2767	4479	10	1716	0.0	715	2434615
NODE_6194_length_4193_cov_5.46641	gb_AY055428.1_-_20268-21084_ARO:3000412_sul2	100.000	816	0	0	1085	1900	1	816	0.0	1507	449689
NODE_6806_length_3919_cov_4.68582	gb_AF235050.4_+_38028-40140_ARO:3003318_Streptomyces	75.199	1004	199	37	1081	2059	2067	1089	4.00e-120	429	5311169
NODE_6806_length_3919_cov_4.68582	gb_AF235050.4_+_38028-40140_ARO:3003318_Streptomyces	78.358	402	81	4	2717	3115	452	54	7.18e-68	255	5311169
NODE_7584_length_3647_cov_81.3792	gb_AP006618.1_+_4835199-4838688_ARO:3000501_Nocardia	72.865	1253	278	50	2420	3647	218	1433	1.77e-103	374	93047
NODE_7584_length_3647_cov_81.3792	gb_AP006618.1_+_4835199-4838688_ARO:3000501_Nocardia	72.865	1253	278	50	2420	3647	218	1433	1.77e-103	374	2652608
NODE_7584_length_3647_cov_81.3792	gb_AP006618.1_+_4835199-4838688_ARO:3000501_Nocardia	72.865	1253	278	50	2420	3647	218	1433	1.77e-103	374	497142
NODE_8781_length_3286_cov_3.87651	gb_NC_003098.1_-_1359228-1360395_ARO:3000025_patB	77.683	587	127	2	3	587	585	1	5.76e-98	355	2163776
NODE_9910_length_3012_cov_32.7355	gb_M17124_+_1181-1982_ARO:3000498_ErmF	99.750	801	2	0	17	817	801	1	0.0	1469	814666
NODE_9910_length_3012_cov_32.7355	gb_AF319779.2_+_32-833_ARO:3000604_Erm(35)	78.643	796	166	3	24	817	794	1	3.80e-149	525	814666
NODE_12663_length_2520_cov_7.68195	gb_NC_003098.1_-_1359228-1360395_ARO:3000025_patB	83.764	542	86	2	1	541	541	1	2.47e-145	512	3631913
NODE_12663_length_2520_cov_7.68195	gb_NC_003098.1_-_1359228-1360395_ARO:3000025_patB	83.764	542	86	2	1	541	541	1	2.47e-145	512	2163776
NODE_15039_length_2220_cov_2.87945	gb_CP001050.1_+_1332866-1333499_ARO:3000817_mtrR	80.172	580	105	7	23	597	575	1	2.92e-119	425	1066317
NODE_19278_length_1841_cov_2.07783	gb_Z21523_+_0-1974_ARO:3000191_tetQ	89.630	1620	162	4	1	1614	1620	1	0.0	2056	338224
NODE_20337_length_1770_cov_3.53061	gb_NC_003112.2_-_1791966-1795170_ARO:3000811_mtrD	86.480	392	49	3	17	406	2787	3176	6.46e-120	427	201504
NODE_21119_length_1720_cov_2.68168	gb_AY768532_+_0-1935_ARO:3000535_macB	85.255	746	101	7	973	1715	1889	1150	0.0	760	4108275
NODE_21119_length_1720_cov_2.68168	gb_AY768532_+_0-1935_ARO:3000535_macB	85.255	746	101	7	973	1715	1889	1150	0.0	760	259309
NODE_23381_length_1592_cov_14.08	gb_NC_003112.2_-_1791966-1795170_ARO:3000811_mtrD	84.694	392	56	3	17	406	2787	3176	2.74e-108	388	887047
NODE_24828_length_1519_cov_2.2418	gb_AP006618.1_+_4835199-4838688_ARO:3000501_Nocardia	77.314	1534	297	44	1	1507	2644	1135	0.0	857	305677
NODE_29918_length_1312_cov_4.75099	gb_AF235050.4_+_38028-40140_ARO:3003318_Streptomyces	76.737	662	112	34	668	1312	887	1523	3.84e-91	331	4446316
NODE_29918_length_1312_cov_4.75099	gb_AF235050.4_+_38028-40140_ARO:3003318_Streptomyces	76.737	662	112	34	668	1312	887	1523	3.84e-91	331	108475
NODE_35997_length_1134_cov_4.74143	gb_M80346_+_0-1656_ARO:3002817_carA	97.222	36	1	0	50	85	1502	1467	4.80e-10	62.1	1746157
NODE_36122_length_1131_cov_2.26301	gb_AF235050.4_+_38028-40140_ARO:3003318_Streptomyces	77.885	208	44	2	886	1092	76	282	4.65e-30	128	56077
NODE_40236_length_1036_cov_16.3996	gb_AY768532_+_0-1935_ARO:3000535_macB	82.197	792	132	8	6	794	1150	1935	0.0	673	259309
NODE_47028_length_915_cov_4.34884	gb_Z21523_+_0-1974_ARO:3000191_tetQ	99.235	915	7	0	1	915	963	1877	0.0	1652	338224
NODE_49732_length_874_cov_1.87546	gb_AP006618.1_+_4835199-4838688_ARO:3000501_Nocardia	77.528	801	168	12	30	827	3321	2530	1.43e-133	472	244140
NODE_76159_length_615_cov_28.6607	gb_AP006618.1_+_4835199-4838688_ARO:3000501_Nocardia	80.517	503	96	2	106	607	1597	1096	1.34e-107	385	497142
NODE_85665_length_560_cov_0.837624	gb_KX000273.1_+_0-1740_ARO:3004036_tetB(60)	98.571	560	8	0	1	560	257	816	0.0	990	244071
NODE_86923_length_554_cov_1.58517	gb_KX000272.1_+_0-1740_ARO:3004035_tetA(60)	92.058	554	44	0	1	554	881	328	0.0	780	973884
NODE_135235_length_363_cov_2.16883	gb_CP007593.1_+_2148923-2149772_ARO:3001301_RlmA(II)	88.976	127	14	0	1	127	723	849	1.84e-39	158	1297231
NODE_178857_length_256_cov_1.93035	gb_KX000272.1_+_0-1740_ARO:3004035_tetA(60)	87.097	248	32	0	9	256	115	362	7.20e-77	281	973884
