NODE_10_length_254412_cov_23.1617	gb_AJ007350.1_+_239-1094_ARO:3004359_ACI-1	99.766	855	2	0	251056	251910	855	1	0.0	1568	1775754
NODE_10_length_254412_cov_23.1617	gb_AJ007350.1_+_239-1094_ARO:3004359_ACI-1	100.000	93	0	0	252111	252203	513	421	4.83e-41	172	1775754
NODE_10_length_254412_cov_23.1617	gb_AJ007350.1_+_239-1094_ARO:3004359_ACI-1	99.766	855	2	0	251056	251910	855	1	0.0	1568	47835
NODE_10_length_254412_cov_23.1617	gb_AJ007350.1_+_239-1094_ARO:3004359_ACI-1	100.000	93	0	0	252111	252203	513	421	4.83e-41	172	47835
NODE_10_length_254412_cov_23.1617	gb_AJ007350.1_+_239-1094_ARO:3004359_ACI-1	99.766	855	2	0	251056	251910	855	1	0.0	1568	3076623
NODE_10_length_254412_cov_23.1617	gb_AJ007350.1_+_239-1094_ARO:3004359_ACI-1	100.000	93	0	0	252111	252203	513	421	4.83e-41	172	3076623
NODE_10_length_254412_cov_23.1617	gb_AJ007350.1_+_239-1094_ARO:3004359_ACI-1	99.766	855	2	0	251056	251910	855	1	0.0	1568	609047
NODE_10_length_254412_cov_23.1617	gb_AJ007350.1_+_239-1094_ARO:3004359_ACI-1	100.000	93	0	0	252111	252203	513	421	4.83e-41	172	609047
NODE_10_length_254412_cov_23.1617	gb_AJ007350.1_+_239-1094_ARO:3004359_ACI-1	99.766	855	2	0	251056	251910	855	1	0.0	1568	6961039
NODE_10_length_254412_cov_23.1617	gb_AJ007350.1_+_239-1094_ARO:3004359_ACI-1	100.000	93	0	0	252111	252203	513	421	4.83e-41	172	6961039
NODE_15_length_224927_cov_29.772	gb_AF235050.4_+_38028-40140_ARO:3003318_Streptomyces	77.576	165	35	2	206338	206501	256	419	7.35e-19	99.0	1775732
NODE_15_length_224927_cov_29.772	gb_AF235050.4_+_38028-40140_ARO:3003318_Streptomyces	77.576	165	35	2	206338	206501	256	419	7.35e-19	99.0	1235859
NODE_15_length_224927_cov_29.772	gb_AF235050.4_+_38028-40140_ARO:3003318_Streptomyces	77.576	165	35	2	206338	206501	256	419	7.35e-19	99.0	1228415
NODE_15_length_224927_cov_29.772	gb_AF235050.4_+_38028-40140_ARO:3003318_Streptomyces	77.576	165	35	2	206338	206501	256	419	7.35e-19	99.0	4479563
NODE_15_length_224927_cov_29.772	gb_AF235050.4_+_38028-40140_ARO:3003318_Streptomyces	77.576	165	35	2	206338	206501	256	419	7.35e-19	99.0	4479563
NODE_15_length_224927_cov_29.772	gb_AF235050.4_+_38028-40140_ARO:3003318_Streptomyces	77.576	165	35	2	206338	206501	256	419	7.35e-19	99.0	2171488
NODE_15_length_224927_cov_29.772	gb_AF235050.4_+_38028-40140_ARO:3003318_Streptomyces	77.576	165	35	2	206338	206501	256	419	7.35e-19	99.0	890588
NODE_15_length_224927_cov_29.772	gb_AF235050.4_+_38028-40140_ARO:3003318_Streptomyces	77.576	165	35	2	206338	206501	256	419	7.35e-19	99.0	6961291
NODE_15_length_224927_cov_29.772	gb_AF235050.4_+_38028-40140_ARO:3003318_Streptomyces	77.576	165	35	2	206338	206501	256	419	7.35e-19	99.0	1486466
NODE_15_length_224927_cov_29.772	gb_AF235050.4_+_38028-40140_ARO:3003318_Streptomyces	77.576	165	35	2	206338	206501	256	419	7.35e-19	99.0	1255724
NODE_15_length_224927_cov_29.772	gb_AF235050.4_+_38028-40140_ARO:3003318_Streptomyces	77.576	165	35	2	206338	206501	256	419	7.35e-19	99.0	52244
NODE_15_length_224927_cov_29.772	gb_AF235050.4_+_38028-40140_ARO:3003318_Streptomyces	77.576	165	35	2	206338	206501	256	419	7.35e-19	99.0	4479851
NODE_15_length_224927_cov_29.772	gb_AF235050.4_+_38028-40140_ARO:3003318_Streptomyces	77.576	165	35	2	206338	206501	256	419	7.35e-19	99.0	434273
NODE_15_length_224927_cov_29.772	gb_AF235050.4_+_38028-40140_ARO:3003318_Streptomyces	77.576	165	35	2	206338	206501	256	419	7.35e-19	99.0	882644
NODE_15_length_224927_cov_29.772	gb_AF235050.4_+_38028-40140_ARO:3003318_Streptomyces	77.576	165	35	2	206338	206501	256	419	7.35e-19	99.0	910794
NODE_15_length_224927_cov_29.772	gb_AF235050.4_+_38028-40140_ARO:3003318_Streptomyces	77.576	165	35	2	206338	206501	256	419	7.35e-19	99.0	60941
NODE_15_length_224927_cov_29.772	gb_AF235050.4_+_38028-40140_ARO:3003318_Streptomyces	77.576	165	35	2	206338	206501	256	419	7.35e-19	99.0	3943998
NODE_15_length_224927_cov_29.772	gb_AF235050.4_+_38028-40140_ARO:3003318_Streptomyces	77.576	165	35	2	206338	206501	256	419	7.35e-19	99.0	226379
NODE_15_length_224927_cov_29.772	gb_AF235050.4_+_38028-40140_ARO:3003318_Streptomyces	77.576	165	35	2	206338	206501	256	419	7.35e-19	99.0	1405023
NODE_15_length_224927_cov_29.772	gb_AF235050.4_+_38028-40140_ARO:3003318_Streptomyces	77.576	165	35	2	206338	206501	256	419	7.35e-19	99.0	5264764
NODE_15_length_224927_cov_29.772	gb_AF235050.4_+_38028-40140_ARO:3003318_Streptomyces	77.576	165	35	2	206338	206501	256	419	7.35e-19	99.0	412999
NODE_15_length_224927_cov_29.772	gb_AF235050.4_+_38028-40140_ARO:3003318_Streptomyces	77.576	165	35	2	206338	206501	256	419	7.35e-19	99.0	79415
NODE_15_length_224927_cov_29.772	gb_AF235050.4_+_38028-40140_ARO:3003318_Streptomyces	77.576	165	35	2	206338	206501	256	419	7.35e-19	99.0	252604
NODE_15_length_224927_cov_29.772	gb_AF235050.4_+_38028-40140_ARO:3003318_Streptomyces	77.576	165	35	2	206338	206501	256	419	7.35e-19	99.0	2174338
NODE_15_length_224927_cov_29.772	gb_AF235050.4_+_38028-40140_ARO:3003318_Streptomyces	77.576	165	35	2	206338	206501	256	419	7.35e-19	99.0	631800
NODE_15_length_224927_cov_29.772	gb_AF235050.4_+_38028-40140_ARO:3003318_Streptomyces	77.576	165	35	2	206338	206501	256	419	7.35e-19	99.0	3943895
NODE_15_length_224927_cov_29.772	gb_AF235050.4_+_38028-40140_ARO:3003318_Streptomyces	77.576	165	35	2	206338	206501	256	419	7.35e-19	99.0	3076615
NODE_15_length_224927_cov_29.772	gb_AF235050.4_+_38028-40140_ARO:3003318_Streptomyces	77.576	165	35	2	206338	206501	256	419	7.35e-19	99.0	3784449
NODE_15_length_224927_cov_29.772	gb_AF235050.4_+_38028-40140_ARO:3003318_Streptomyces	77.576	165	35	2	206338	206501	256	419	7.35e-19	99.0	4414702
NODE_15_length_224927_cov_29.772	gb_AF235050.4_+_38028-40140_ARO:3003318_Streptomyces	77.576	165	35	2	206338	206501	256	419	7.35e-19	99.0	2477682
NODE_15_length_224927_cov_29.772	gb_AF235050.4_+_38028-40140_ARO:3003318_Streptomyces	77.576	165	35	2	206338	206501	256	419	7.35e-19	99.0	1775674
NODE_15_length_224927_cov_29.772	gb_AF235050.4_+_38028-40140_ARO:3003318_Streptomyces	77.576	165	35	2	206338	206501	256	419	7.35e-19	99.0	195453
NODE_15_length_224927_cov_29.772	gb_AF235050.4_+_38028-40140_ARO:3003318_Streptomyces	77.576	165	35	2	206338	206501	256	419	7.35e-19	99.0	990218
NODE_15_length_224927_cov_29.772	gb_AF235050.4_+_38028-40140_ARO:3003318_Streptomyces	77.576	165	35	2	206338	206501	256	419	7.35e-19	99.0	2588221
NODE_15_length_224927_cov_29.772	gb_AF235050.4_+_38028-40140_ARO:3003318_Streptomyces	77.576	165	35	2	206338	206501	256	419	7.35e-19	99.0	2588221
NODE_15_length_224927_cov_29.772	gb_AF235050.4_+_38028-40140_ARO:3003318_Streptomyces	77.576	165	35	2	206338	206501	256	419	7.35e-19	99.0	263114
NODE_15_length_224927_cov_29.772	gb_AF235050.4_+_38028-40140_ARO:3003318_Streptomyces	77.576	165	35	2	206338	206501	256	419	7.35e-19	99.0	6961020
NODE_15_length_224927_cov_29.772	gb_AF235050.4_+_38028-40140_ARO:3003318_Streptomyces	77.576	165	35	2	206338	206501	256	419	7.35e-19	99.0	5406674
NODE_15_length_224927_cov_29.772	gb_AF235050.4_+_38028-40140_ARO:3003318_Streptomyces	77.576	165	35	2	206338	206501	256	419	7.35e-19	99.0	1486668
NODE_15_length_224927_cov_29.772	gb_AF235050.4_+_38028-40140_ARO:3003318_Streptomyces	77.576	165	35	2	206338	206501	256	419	7.35e-19	99.0	195622
NODE_15_length_224927_cov_29.772	gb_AF235050.4_+_38028-40140_ARO:3003318_Streptomyces	77.576	165	35	2	206338	206501	256	419	7.35e-19	99.0	3709476
NODE_15_length_224927_cov_29.772	gb_AF235050.4_+_38028-40140_ARO:3003318_Streptomyces	77.576	165	35	2	206338	206501	256	419	7.35e-19	99.0	103782
NODE_15_length_224927_cov_29.772	gb_AF235050.4_+_38028-40140_ARO:3003318_Streptomyces	77.576	165	35	2	206338	206501	256	419	7.35e-19	99.0	121202
NODE_15_length_224927_cov_29.772	gb_AF235050.4_+_38028-40140_ARO:3003318_Streptomyces	77.576	165	35	2	206338	206501	256	419	7.35e-19	99.0	118885
NODE_47_length_148833_cov_5.0617	gb_AM180355_+_600033-601953_ARO:3000186_tetM	90.365	1920	185	0	23915	25834	1	1920	0.0	2521	6961330
NODE_47_length_148833_cov_5.0617	gb_L09756_+_0-1926_ARO:3000192_tetS	78.745	1929	389	19	23916	25833	2	1920	0.0	1271	6961330
NODE_47_length_148833_cov_5.0617	gb_AM180355_+_600033-601953_ARO:3000186_tetM	90.365	1920	185	0	23915	25834	1	1920	0.0	2521	194268
NODE_47_length_148833_cov_5.0617	gb_L09756_+_0-1926_ARO:3000192_tetS	78.745	1929	389	19	23916	25833	2	1920	0.0	1271	194268
NODE_47_length_148833_cov_5.0617	gb_AM180355_+_600033-601953_ARO:3000186_tetM	90.365	1920	185	0	23915	25834	1	1920	0.0	2521	3343318
NODE_47_length_148833_cov_5.0617	gb_L09756_+_0-1926_ARO:3000192_tetS	78.745	1929	389	19	23916	25833	2	1920	0.0	1271	3343318
NODE_47_length_148833_cov_5.0617	gb_AM180355_+_600033-601953_ARO:3000186_tetM	90.365	1920	185	0	23915	25834	1	1920	0.0	2521	3076961
NODE_47_length_148833_cov_5.0617	gb_L09756_+_0-1926_ARO:3000192_tetS	78.745	1929	389	19	23916	25833	2	1920	0.0	1271	3076961
NODE_47_length_148833_cov_5.0617	gb_AM180355_+_600033-601953_ARO:3000186_tetM	90.365	1920	185	0	23915	25834	1	1920	0.0	2521	5406532
NODE_47_length_148833_cov_5.0617	gb_L09756_+_0-1926_ARO:3000192_tetS	78.745	1929	389	19	23916	25833	2	1920	0.0	1271	5406532
NODE_47_length_148833_cov_5.0617	gb_AM180355_+_600033-601953_ARO:3000186_tetM	90.365	1920	185	0	23915	25834	1	1920	0.0	2521	1258444
NODE_47_length_148833_cov_5.0617	gb_L09756_+_0-1926_ARO:3000192_tetS	78.745	1929	389	19	23916	25833	2	1920	0.0	1271	1258444
NODE_47_length_148833_cov_5.0617	gb_AM180355_+_600033-601953_ARO:3000186_tetM	90.365	1920	185	0	23915	25834	1	1920	0.0	2521	3076799
NODE_47_length_148833_cov_5.0617	gb_L09756_+_0-1926_ARO:3000192_tetS	78.745	1929	389	19	23916	25833	2	1920	0.0	1271	3076799
NODE_47_length_148833_cov_5.0617	gb_AM180355_+_600033-601953_ARO:3000186_tetM	90.365	1920	185	0	23915	25834	1	1920	0.0	2521	4479828
NODE_47_length_148833_cov_5.0617	gb_L09756_+_0-1926_ARO:3000192_tetS	78.745	1929	389	19	23916	25833	2	1920	0.0	1271	4479828
NODE_74_length_128176_cov_21.1724	gb_GQ343019_+_132-1023_ARO:3002999_CblA-1	99.776	891	2	0	117239	118129	1	891	0.0	1635	3943991
NODE_74_length_128176_cov_21.1724	gb_GQ343019_+_132-1023_ARO:3002999_CblA-1	99.776	891	2	0	117239	118129	1	891	0.0	1635	1736667
NODE_74_length_128176_cov_21.1724	gb_GQ343019_+_132-1023_ARO:3002999_CblA-1	99.776	891	2	0	117239	118129	1	891	0.0	1635	5407152
NODE_74_length_128176_cov_21.1724	gb_GQ343019_+_132-1023_ARO:3002999_CblA-1	99.776	891	2	0	117239	118129	1	891	0.0	1635	5406660
NODE_74_length_128176_cov_21.1724	gb_GQ343019_+_132-1023_ARO:3002999_CblA-1	99.776	891	2	0	117239	118129	1	891	0.0	1635	5225670
NODE_74_length_128176_cov_21.1724	gb_GQ343019_+_132-1023_ARO:3002999_CblA-1	99.776	891	2	0	117239	118129	1	891	0.0	1635	1486522
NODE_74_length_128176_cov_21.1724	gb_GQ343019_+_132-1023_ARO:3002999_CblA-1	99.776	891	2	0	117239	118129	1	891	0.0	1635	3076530
NODE_74_length_128176_cov_21.1724	gb_GQ343019_+_132-1023_ARO:3002999_CblA-1	99.776	891	2	0	117239	118129	1	891	0.0	1635	3984046
NODE_74_length_128176_cov_21.1724	gb_GQ343019_+_132-1023_ARO:3002999_CblA-1	99.776	891	2	0	117239	118129	1	891	0.0	1635	5203694
NODE_74_length_128176_cov_21.1724	gb_GQ343019_+_132-1023_ARO:3002999_CblA-1	99.776	891	2	0	117239	118129	1	891	0.0	1635	3944201
NODE_74_length_128176_cov_21.1724	gb_GQ343019_+_132-1023_ARO:3002999_CblA-1	99.776	891	2	0	117239	118129	1	891	0.0	1635	3944143
NODE_78_length_124583_cov_18.9334	gb_AP006618.1_+_4835199-4838688_ARO:3000501_Nocardia	80.711	394	70	6	61890	62280	3356	2966	2.89e-80	302	3724626
NODE_78_length_124583_cov_18.9334	gb_AP006618.1_+_4835199-4838688_ARO:3000501_Nocardia	80.711	394	70	6	61890	62280	3356	2966	2.89e-80	302	2588250
NODE_78_length_124583_cov_18.9334	gb_AP006618.1_+_4835199-4838688_ARO:3000501_Nocardia	80.711	394	70	6	61890	62280	3356	2966	2.89e-80	302	6887292
NODE_78_length_124583_cov_18.9334	gb_AP006618.1_+_4835199-4838688_ARO:3000501_Nocardia	80.711	394	70	6	61890	62280	3356	2966	2.89e-80	302	6887292
NODE_78_length_124583_cov_18.9334	gb_AP006618.1_+_4835199-4838688_ARO:3000501_Nocardia	80.711	394	70	6	61890	62280	3356	2966	2.89e-80	302	117300
NODE_78_length_124583_cov_18.9334	gb_AP006618.1_+_4835199-4838688_ARO:3000501_Nocardia	80.711	394	70	6	61890	62280	3356	2966	2.89e-80	302	6961042
NODE_78_length_124583_cov_18.9334	gb_AP006618.1_+_4835199-4838688_ARO:3000501_Nocardia	80.711	394	70	6	61890	62280	3356	2966	2.89e-80	302	6961042
NODE_78_length_124583_cov_18.9334	gb_AP006618.1_+_4835199-4838688_ARO:3000501_Nocardia	80.711	394	70	6	61890	62280	3356	2966	2.89e-80	302	2987948
NODE_78_length_124583_cov_18.9334	gb_AP006618.1_+_4835199-4838688_ARO:3000501_Nocardia	80.711	394	70	6	61890	62280	3356	2966	2.89e-80	302	122438
NODE_78_length_124583_cov_18.9334	gb_AP006618.1_+_4835199-4838688_ARO:3000501_Nocardia	80.711	394	70	6	61890	62280	3356	2966	2.89e-80	302	5407346
NODE_78_length_124583_cov_18.9334	gb_AP006618.1_+_4835199-4838688_ARO:3000501_Nocardia	80.711	394	70	6	61890	62280	3356	2966	2.89e-80	302	433465
NODE_78_length_124583_cov_18.9334	gb_AP006618.1_+_4835199-4838688_ARO:3000501_Nocardia	80.711	394	70	6	61890	62280	3356	2966	2.89e-80	302	169843
NODE_78_length_124583_cov_18.9334	gb_AP006618.1_+_4835199-4838688_ARO:3000501_Nocardia	80.711	394	70	6	61890	62280	3356	2966	2.89e-80	302	3609577
NODE_78_length_124583_cov_18.9334	gb_AP006618.1_+_4835199-4838688_ARO:3000501_Nocardia	80.711	394	70	6	61890	62280	3356	2966	2.89e-80	302	331031
NODE_78_length_124583_cov_18.9334	gb_AP006618.1_+_4835199-4838688_ARO:3000501_Nocardia	80.711	394	70	6	61890	62280	3356	2966	2.89e-80	302	1356859
NODE_100_length_111634_cov_23.6875	gb_AY928180_+_0-495_ARO:3002837_lnuC	99.192	495	4	0	5812	6306	1	495	0.0	893	274982
NODE_100_length_111634_cov_23.6875	gb_NC_010378.1_+_47850-51003_ARO:3003923_oqxB	76.210	248	53	5	101284	101528	1256	1012	1.68e-27	126	274982
NODE_100_length_111634_cov_23.6875	gb_AY928180_+_0-495_ARO:3002837_lnuC	99.192	495	4	0	5812	6306	1	495	0.0	893	76612
NODE_100_length_111634_cov_23.6875	gb_NC_010378.1_+_47850-51003_ARO:3003923_oqxB	76.210	248	53	5	101284	101528	1256	1012	1.68e-27	126	76612
NODE_100_length_111634_cov_23.6875	gb_AY928180_+_0-495_ARO:3002837_lnuC	99.192	495	4	0	5812	6306	1	495	0.0	893	2959967
NODE_100_length_111634_cov_23.6875	gb_NC_010378.1_+_47850-51003_ARO:3003923_oqxB	76.210	248	53	5	101284	101528	1256	1012	1.68e-27	126	2959967
NODE_178_length_90127_cov_102.474	gb_AF173226_+_3767-6917_ARO:3003052_smeB	87.500	56	7	0	38890	38945	1241	1186	2.99e-09	65.8	4767043
NODE_178_length_90127_cov_102.474	gb_AJ252200_+_1278-4401_ARO:3003056_smeE	78.313	83	18	0	38890	38972	1241	1159	6.47e-06	54.7	4767043
NODE_178_length_90127_cov_102.474	gb_AF173226_+_3767-6917_ARO:3003052_smeB	87.500	56	7	0	38890	38945	1241	1186	2.99e-09	65.8	4479615
NODE_178_length_90127_cov_102.474	gb_AJ252200_+_1278-4401_ARO:3003056_smeE	78.313	83	18	0	38890	38972	1241	1159	6.47e-06	54.7	4479615
NODE_178_length_90127_cov_102.474	gb_AF173226_+_3767-6917_ARO:3003052_smeB	87.500	56	7	0	38890	38945	1241	1186	2.99e-09	65.8	5280930
NODE_178_length_90127_cov_102.474	gb_AJ252200_+_1278-4401_ARO:3003056_smeE	78.313	83	18	0	38890	38972	1241	1159	6.47e-06	54.7	5280930
NODE_178_length_90127_cov_102.474	gb_AF173226_+_3767-6917_ARO:3003052_smeB	87.500	56	7	0	38890	38945	1241	1186	2.99e-09	65.8	2299252
NODE_178_length_90127_cov_102.474	gb_AJ252200_+_1278-4401_ARO:3003056_smeE	78.313	83	18	0	38890	38972	1241	1159	6.47e-06	54.7	2299252
NODE_178_length_90127_cov_102.474	gb_AF173226_+_3767-6917_ARO:3003052_smeB	87.500	56	7	0	38890	38945	1241	1186	2.99e-09	65.8	966193
NODE_178_length_90127_cov_102.474	gb_AJ252200_+_1278-4401_ARO:3003056_smeE	78.313	83	18	0	38890	38972	1241	1159	6.47e-06	54.7	966193
NODE_178_length_90127_cov_102.474	gb_AF173226_+_3767-6917_ARO:3003052_smeB	87.500	56	7	0	38890	38945	1241	1186	2.99e-09	65.8	5171410
NODE_178_length_90127_cov_102.474	gb_AJ252200_+_1278-4401_ARO:3003056_smeE	78.313	83	18	0	38890	38972	1241	1159	6.47e-06	54.7	5171410
NODE_188_length_86976_cov_11.677	gb_U05883_+_555-1458_ARO:3003559_cepA	77.546	815	165	17	65759	66564	882	77	1.13e-132	475	6961256
NODE_188_length_86976_cov_11.677	gb_U05883_+_555-1458_ARO:3003559_cepA	77.546	815	165	17	65759	66564	882	77	1.13e-132	475	5407251
NODE_188_length_86976_cov_11.677	gb_U05883_+_555-1458_ARO:3003559_cepA	77.546	815	165	17	65759	66564	882	77	1.13e-132	475	1305772
NODE_188_length_86976_cov_11.677	gb_U05883_+_555-1458_ARO:3003559_cepA	77.546	815	165	17	65759	66564	882	77	1.13e-132	475	2425187
NODE_188_length_86976_cov_11.677	gb_U05883_+_555-1458_ARO:3003559_cepA	77.546	815	165	17	65759	66564	882	77	1.13e-132	475	3076795
NODE_188_length_86976_cov_11.677	gb_U05883_+_555-1458_ARO:3003559_cepA	77.546	815	165	17	65759	66564	882	77	1.13e-132	475	5407354
NODE_188_length_86976_cov_11.677	gb_U05883_+_555-1458_ARO:3003559_cepA	77.546	815	165	17	65759	66564	882	77	1.13e-132	475	5406463
NODE_188_length_86976_cov_11.677	gb_U05883_+_555-1458_ARO:3003559_cepA	77.546	815	165	17	65759	66564	882	77	1.13e-132	475	2270386
NODE_188_length_86976_cov_11.677	gb_U05883_+_555-1458_ARO:3003559_cepA	77.546	815	165	17	65759	66564	882	77	1.13e-132	475	4686119
NODE_188_length_86976_cov_11.677	gb_U05883_+_555-1458_ARO:3003559_cepA	77.546	815	165	17	65759	66564	882	77	1.13e-132	475	5406472
NODE_188_length_86976_cov_11.677	gb_U05883_+_555-1458_ARO:3003559_cepA	77.546	815	165	17	65759	66564	882	77	1.13e-132	475	6961130
NODE_188_length_86976_cov_11.677	gb_U05883_+_555-1458_ARO:3003559_cepA	77.546	815	165	17	65759	66564	882	77	1.13e-132	475	6961158
NODE_188_length_86976_cov_11.677	gb_U05883_+_555-1458_ARO:3003559_cepA	77.546	815	165	17	65759	66564	882	77	1.13e-132	475	2980291
NODE_224_length_77195_cov_23.4826	gb_M57437_+_0-1647_ARO:3002827_tlrC	92.500	40	2	1	18823	18862	601	563	1.54e-06	56.5	2058622
NODE_296_length_69300_cov_5.75549	gb_KU736867.1_+_19653-21573_ARO:3004442_tet(W/N/W)	93.177	1920	131	0	12540	14459	1	1920	0.0	2820	907404
NODE_296_length_69300_cov_5.75549	gb_EU434751_+_658-2578_ARO:3000194_tetW	89.958	1912	190	2	12540	14450	1	1911	0.0	2466	907404
NODE_296_length_69300_cov_5.75549	gb_KU736867.1_+_19653-21573_ARO:3004442_tet(W/N/W)	93.177	1920	131	0	12540	14459	1	1920	0.0	2820	673949
NODE_296_length_69300_cov_5.75549	gb_EU434751_+_658-2578_ARO:3000194_tetW	89.958	1912	190	2	12540	14450	1	1911	0.0	2466	673949
NODE_296_length_69300_cov_5.75549	gb_KU736867.1_+_19653-21573_ARO:3004442_tet(W/N/W)	93.177	1920	131	0	12540	14459	1	1920	0.0	2820	229395
NODE_296_length_69300_cov_5.75549	gb_EU434751_+_658-2578_ARO:3000194_tetW	89.958	1912	190	2	12540	14450	1	1911	0.0	2466	229395
NODE_296_length_69300_cov_5.75549	gb_KU736867.1_+_19653-21573_ARO:3004442_tet(W/N/W)	93.177	1920	131	0	12540	14459	1	1920	0.0	2820	5407148
NODE_296_length_69300_cov_5.75549	gb_EU434751_+_658-2578_ARO:3000194_tetW	89.958	1912	190	2	12540	14450	1	1911	0.0	2466	5407148
NODE_296_length_69300_cov_5.75549	gb_KU736867.1_+_19653-21573_ARO:3004442_tet(W/N/W)	93.177	1920	131	0	12540	14459	1	1920	0.0	2820	990221
NODE_296_length_69300_cov_5.75549	gb_EU434751_+_658-2578_ARO:3000194_tetW	89.958	1912	190	2	12540	14450	1	1911	0.0	2466	990221
NODE_296_length_69300_cov_5.75549	gb_KU736867.1_+_19653-21573_ARO:3004442_tet(W/N/W)	93.177	1920	131	0	12540	14459	1	1920	0.0	2820	6961070
NODE_296_length_69300_cov_5.75549	gb_EU434751_+_658-2578_ARO:3000194_tetW	89.958	1912	190	2	12540	14450	1	1911	0.0	2466	6961070
NODE_296_length_69300_cov_5.75549	gb_KU736867.1_+_19653-21573_ARO:3004442_tet(W/N/W)	93.177	1920	131	0	12540	14459	1	1920	0.0	2820	5406471
NODE_296_length_69300_cov_5.75549	gb_EU434751_+_658-2578_ARO:3000194_tetW	89.958	1912	190	2	12540	14450	1	1911	0.0	2466	5406471
NODE_296_length_69300_cov_5.75549	gb_KU736867.1_+_19653-21573_ARO:3004442_tet(W/N/W)	93.177	1920	131	0	12540	14459	1	1920	0.0	2820	1253682
NODE_296_length_69300_cov_5.75549	gb_EU434751_+_658-2578_ARO:3000194_tetW	89.958	1912	190	2	12540	14450	1	1911	0.0	2466	1253682
NODE_296_length_69300_cov_5.75549	gb_KU736867.1_+_19653-21573_ARO:3004442_tet(W/N/W)	93.177	1920	131	0	12540	14459	1	1920	0.0	2820	536170
NODE_296_length_69300_cov_5.75549	gb_EU434751_+_658-2578_ARO:3000194_tetW	89.958	1912	190	2	12540	14450	1	1911	0.0	2466	536170
NODE_310_length_67584_cov_11.3208	gb_M57437_+_0-1647_ARO:3002827_tlrC	96.970	33	1	0	63045	63077	600	568	1.35e-06	56.5	5406415
NODE_310_length_67584_cov_11.3208	gb_M57437_+_0-1647_ARO:3002827_tlrC	96.970	33	1	0	63045	63077	600	568	1.35e-06	56.5	4479868
NODE_310_length_67584_cov_11.3208	gb_M57437_+_0-1647_ARO:3002827_tlrC	96.970	33	1	0	63045	63077	600	568	1.35e-06	56.5	990151
NODE_310_length_67584_cov_11.3208	gb_M57437_+_0-1647_ARO:3002827_tlrC	96.970	33	1	0	63045	63077	600	568	1.35e-06	56.5	6961054
NODE_310_length_67584_cov_11.3208	gb_M57437_+_0-1647_ARO:3002827_tlrC	96.970	33	1	0	63045	63077	600	568	1.35e-06	56.5	4407596
NODE_310_length_67584_cov_11.3208	gb_M57437_+_0-1647_ARO:3002827_tlrC	96.970	33	1	0	63045	63077	600	568	1.35e-06	56.5	5406457
NODE_310_length_67584_cov_11.3208	gb_M57437_+_0-1647_ARO:3002827_tlrC	96.970	33	1	0	63045	63077	600	568	1.35e-06	56.5	1305753
NODE_310_length_67584_cov_11.3208	gb_M57437_+_0-1647_ARO:3002827_tlrC	96.970	33	1	0	63045	63077	600	568	1.35e-06	56.5	1305753
NODE_310_length_67584_cov_11.3208	gb_M57437_+_0-1647_ARO:3002827_tlrC	96.970	33	1	0	63045	63077	600	568	1.35e-06	56.5	334298
NODE_310_length_67584_cov_11.3208	gb_M57437_+_0-1647_ARO:3002827_tlrC	96.970	33	1	0	63045	63077	600	568	1.35e-06	56.5	5407224
NODE_329_length_65605_cov_10.0269	gb_U00096_-_1124117-1125326_ARO:3001216_mdtH	97.849	1209	26	0	58668	59876	1	1209	0.0	2089	117282
NODE_376_length_61936_cov_24.4934	gb_M80346_+_0-1656_ARO:3002817_carA	94.444	36	2	0	39848	39883	1499	1464	1.24e-06	56.5	83942
NODE_376_length_61936_cov_24.4934	gb_M80346_+_0-1656_ARO:3002817_carA	94.444	36	2	0	39848	39883	1499	1464	1.24e-06	56.5	4479696
NODE_442_length_57243_cov_186.266	gb_M17124_+_1181-1982_ARO:3000498_ErmF	100.000	55	0	0	57189	57243	3	57	1.45e-20	102	712952
NODE_442_length_57243_cov_186.266	gb_AF319779.2_+_32-833_ARO:3000604_Erm(35)	98.182	55	1	0	57189	57243	3	57	6.74e-19	97.1	712952
NODE_442_length_57243_cov_186.266	gb_M17124_+_1181-1982_ARO:3000498_ErmF	100.000	55	0	0	57189	57243	3	57	1.45e-20	102	5406465
NODE_442_length_57243_cov_186.266	gb_AF319779.2_+_32-833_ARO:3000604_Erm(35)	98.182	55	1	0	57189	57243	3	57	6.74e-19	97.1	5406465
NODE_442_length_57243_cov_186.266	gb_M17124_+_1181-1982_ARO:3000498_ErmF	100.000	55	0	0	57189	57243	3	57	1.45e-20	102	5406465
NODE_442_length_57243_cov_186.266	gb_AF319779.2_+_32-833_ARO:3000604_Erm(35)	98.182	55	1	0	57189	57243	3	57	6.74e-19	97.1	5406465
NODE_442_length_57243_cov_186.266	gb_M17124_+_1181-1982_ARO:3000498_ErmF	100.000	55	0	0	57189	57243	3	57	1.45e-20	102	5406729
NODE_442_length_57243_cov_186.266	gb_AF319779.2_+_32-833_ARO:3000604_Erm(35)	98.182	55	1	0	57189	57243	3	57	6.74e-19	97.1	5406729
NODE_442_length_57243_cov_186.266	gb_M17124_+_1181-1982_ARO:3000498_ErmF	100.000	55	0	0	57189	57243	3	57	1.45e-20	102	196866
NODE_442_length_57243_cov_186.266	gb_AF319779.2_+_32-833_ARO:3000604_Erm(35)	98.182	55	1	0	57189	57243	3	57	6.74e-19	97.1	196866
NODE_442_length_57243_cov_186.266	gb_M17124_+_1181-1982_ARO:3000498_ErmF	100.000	55	0	0	57189	57243	3	57	1.45e-20	102	3076515
NODE_442_length_57243_cov_186.266	gb_AF319779.2_+_32-833_ARO:3000604_Erm(35)	98.182	55	1	0	57189	57243	3	57	6.74e-19	97.1	3076515
NODE_463_length_55740_cov_11.1123	gb_NC_007779_+_2586250-2589364_ARO:3000491_acrD	99.615	3114	12	0	12972	16085	1	3114	0.0	5685	5240344
NODE_463_length_55740_cov_11.1123	gb_AJ252200_+_1278-4401_ARO:3003056_smeE	73.421	839	211	10	13658	14490	687	1519	3.60e-81	303	5240344
NODE_463_length_55740_cov_11.1123	gb_U00096_+_3660413-3663527_ARO:3000796_mdtF	74.359	468	106	11	13995	14455	1024	1484	3.79e-46	187	5240344
NODE_463_length_55740_cov_11.1123	gb_AB219524.1_+_1176-4338_ARO:3003699_mexQ	83.582	67	11	0	14155	14221	1190	1256	6.66e-09	63.9	5240344
NODE_520_length_51016_cov_24.2544	gb_AF173226_+_3767-6917_ARO:3003052_smeB	83.784	74	12	0	26670	26743	1242	1169	3.64e-11	71.3	5406384
NODE_520_length_51016_cov_24.2544	gb_AJ252200_+_1278-4401_ARO:3003056_smeE	83.333	72	12	0	26670	26741	1242	1171	4.71e-10	67.6	5406384
NODE_520_length_51016_cov_24.2544	gb_AF173226_+_3767-6917_ARO:3003052_smeB	83.784	74	12	0	26670	26743	1242	1169	3.64e-11	71.3	264770
NODE_520_length_51016_cov_24.2544	gb_AJ252200_+_1278-4401_ARO:3003056_smeE	83.333	72	12	0	26670	26741	1242	1171	4.71e-10	67.6	264770
NODE_570_length_48150_cov_10.5897	gb_NC_000913.3_+_966620-968369_ARO:3003950_msbA	100.000	1749	0	0	16298	18046	1	1749	0.0	3230	405116
NODE_900_length_34273_cov_13.6464	gb_AP009048.1_-_4153663-4154296_ARO:3000518_CRP	99.842	633	1	0	14981	15613	1	633	0.0	1164	535879
NODE_900_length_34273_cov_13.6464	gb_AP009048.1_-_4153663-4154296_ARO:3000518_CRP	99.842	633	1	0	14981	15613	1	633	0.0	1164	180313
NODE_900_length_34273_cov_13.6464	gb_AP009048.1_-_4153663-4154296_ARO:3000518_CRP	99.842	633	1	0	14981	15613	1	633	0.0	1164	180313
NODE_900_length_34273_cov_13.6464	gb_AP009048.1_-_4153663-4154296_ARO:3000518_CRP	99.842	633	1	0	14981	15613	1	633	0.0	1164	6867675
NODE_900_length_34273_cov_13.6464	gb_AP009048.1_-_4153663-4154296_ARO:3000518_CRP	99.842	633	1	0	14981	15613	1	633	0.0	1164	3093641
NODE_918_length_33951_cov_11.1775	gb_NC_002516.2_-_2847775-2850886_ARO:3004075_MuxC	100.000	33	0	0	12020	12052	1233	1201	1.46e-08	62.1	1080374
NODE_918_length_33951_cov_11.1775	gb_NC_002516.2_-_2847775-2850886_ARO:3004075_MuxC	100.000	33	0	0	12020	12052	1233	1201	1.46e-08	62.1	2050597
NODE_918_length_33951_cov_11.1775	gb_NC_002516.2_-_2847775-2850886_ARO:3004075_MuxC	100.000	33	0	0	12020	12052	1233	1201	1.46e-08	62.1	960989
NODE_965_length_32938_cov_21.2542	gb_NC_002516.2_-_2850882-2854014_ARO:3004074_MuxB	71.698	424	98	20	23790	24204	2611	3021	1.08e-19	99.0	5406605
NODE_1160_length_28818_cov_13.8602	gb_U00096_+_3660413-3663527_ARO:3000796_mdtF	99.968	3114	1	0	2715	5828	3114	1	0.0	5746	2217982
NODE_1160_length_28818_cov_13.8602	gb_AP009048.1_-_3980025-3981183_ARO:3000795_mdtE	100.000	1158	0	0	5853	7010	1158	1	0.0	2139	2217982
NODE_1160_length_28818_cov_13.8602	gb_NC_007779_+_3974604-3975429_ARO:3000508_gadX	99.879	825	1	0	432	1256	1	825	0.0	1519	2217982
NODE_1160_length_28818_cov_13.8602	gb_CP015085.1_-_2551711-2552440_ARO:3003838_gadW	94.650	729	39	0	1624	2352	1	729	0.0	1131	2217982
NODE_1160_length_28818_cov_13.8602	gb_L11616_+_1569-4710_ARO:3000378_MexB	76.774	465	103	5	4331	4793	1497	1036	5.29e-67	255	2217982
NODE_1160_length_28818_cov_13.8602	gb_AJ252200_+_1278-4401_ARO:3003056_smeE	74.790	476	113	7	4330	4802	1498	1027	1.50e-52	207	2217982
NODE_1160_length_28818_cov_13.8602	gb_NC_007779_+_2586250-2589364_ARO:3000491_acrD	74.359	468	106	11	4345	4805	1484	1024	1.96e-46	187	2217982
NODE_1160_length_28818_cov_13.8602	gb_U57969_+_1485-4617_ARO:3000801_MexD	86.316	95	13	0	4564	4658	1271	1177	2.03e-21	104	2217982
NODE_1160_length_28818_cov_13.8602	gb_NC_010378.1_+_47850-51003_ARO:3003923_oqxB	87.500	72	7	2	4575	4645	1263	1193	9.50e-15	82.4	2217982
NODE_1160_length_28818_cov_13.8602	gb_NC_002516_+_2810008-2813197_ARO:3000804_MexF	81.443	97	18	0	4576	4672	1262	1166	3.42e-14	80.5	2217982
NODE_1160_length_28818_cov_13.8602	gb_U00096_+_3660413-3663527_ARO:3000796_mdtF	99.968	3114	1	0	2715	5828	3114	1	0.0	5746	2217982
NODE_1160_length_28818_cov_13.8602	gb_AP009048.1_-_3980025-3981183_ARO:3000795_mdtE	100.000	1158	0	0	5853	7010	1158	1	0.0	2139	2217982
NODE_1160_length_28818_cov_13.8602	gb_NC_007779_+_3974604-3975429_ARO:3000508_gadX	99.879	825	1	0	432	1256	1	825	0.0	1519	2217982
NODE_1160_length_28818_cov_13.8602	gb_CP015085.1_-_2551711-2552440_ARO:3003838_gadW	94.650	729	39	0	1624	2352	1	729	0.0	1131	2217982
NODE_1160_length_28818_cov_13.8602	gb_L11616_+_1569-4710_ARO:3000378_MexB	76.774	465	103	5	4331	4793	1497	1036	5.29e-67	255	2217982
NODE_1160_length_28818_cov_13.8602	gb_AJ252200_+_1278-4401_ARO:3003056_smeE	74.790	476	113	7	4330	4802	1498	1027	1.50e-52	207	2217982
NODE_1160_length_28818_cov_13.8602	gb_NC_007779_+_2586250-2589364_ARO:3000491_acrD	74.359	468	106	11	4345	4805	1484	1024	1.96e-46	187	2217982
NODE_1160_length_28818_cov_13.8602	gb_U57969_+_1485-4617_ARO:3000801_MexD	86.316	95	13	0	4564	4658	1271	1177	2.03e-21	104	2217982
NODE_1160_length_28818_cov_13.8602	gb_NC_010378.1_+_47850-51003_ARO:3003923_oqxB	87.500	72	7	2	4575	4645	1263	1193	9.50e-15	82.4	2217982
NODE_1160_length_28818_cov_13.8602	gb_NC_002516_+_2810008-2813197_ARO:3000804_MexF	81.443	97	18	0	4576	4672	1262	1166	3.42e-14	80.5	2217982
NODE_1160_length_28818_cov_13.8602	gb_U00096_+_3660413-3663527_ARO:3000796_mdtF	99.968	3114	1	0	2715	5828	3114	1	0.0	5746	3133296
NODE_1160_length_28818_cov_13.8602	gb_AP009048.1_-_3980025-3981183_ARO:3000795_mdtE	100.000	1158	0	0	5853	7010	1158	1	0.0	2139	3133296
NODE_1160_length_28818_cov_13.8602	gb_NC_007779_+_3974604-3975429_ARO:3000508_gadX	99.879	825	1	0	432	1256	1	825	0.0	1519	3133296
NODE_1160_length_28818_cov_13.8602	gb_CP015085.1_-_2551711-2552440_ARO:3003838_gadW	94.650	729	39	0	1624	2352	1	729	0.0	1131	3133296
NODE_1160_length_28818_cov_13.8602	gb_L11616_+_1569-4710_ARO:3000378_MexB	76.774	465	103	5	4331	4793	1497	1036	5.29e-67	255	3133296
NODE_1160_length_28818_cov_13.8602	gb_AJ252200_+_1278-4401_ARO:3003056_smeE	74.790	476	113	7	4330	4802	1498	1027	1.50e-52	207	3133296
NODE_1160_length_28818_cov_13.8602	gb_NC_007779_+_2586250-2589364_ARO:3000491_acrD	74.359	468	106	11	4345	4805	1484	1024	1.96e-46	187	3133296
NODE_1160_length_28818_cov_13.8602	gb_U57969_+_1485-4617_ARO:3000801_MexD	86.316	95	13	0	4564	4658	1271	1177	2.03e-21	104	3133296
NODE_1160_length_28818_cov_13.8602	gb_NC_010378.1_+_47850-51003_ARO:3003923_oqxB	87.500	72	7	2	4575	4645	1263	1193	9.50e-15	82.4	3133296
NODE_1160_length_28818_cov_13.8602	gb_NC_002516_+_2810008-2813197_ARO:3000804_MexF	81.443	97	18	0	4576	4672	1262	1166	3.42e-14	80.5	3133296
NODE_1160_length_28818_cov_13.8602	gb_U00096_+_3660413-3663527_ARO:3000796_mdtF	99.968	3114	1	0	2715	5828	3114	1	0.0	5746	134908
NODE_1160_length_28818_cov_13.8602	gb_AP009048.1_-_3980025-3981183_ARO:3000795_mdtE	100.000	1158	0	0	5853	7010	1158	1	0.0	2139	134908
NODE_1160_length_28818_cov_13.8602	gb_NC_007779_+_3974604-3975429_ARO:3000508_gadX	99.879	825	1	0	432	1256	1	825	0.0	1519	134908
NODE_1160_length_28818_cov_13.8602	gb_CP015085.1_-_2551711-2552440_ARO:3003838_gadW	94.650	729	39	0	1624	2352	1	729	0.0	1131	134908
NODE_1160_length_28818_cov_13.8602	gb_L11616_+_1569-4710_ARO:3000378_MexB	76.774	465	103	5	4331	4793	1497	1036	5.29e-67	255	134908
NODE_1160_length_28818_cov_13.8602	gb_AJ252200_+_1278-4401_ARO:3003056_smeE	74.790	476	113	7	4330	4802	1498	1027	1.50e-52	207	134908
NODE_1160_length_28818_cov_13.8602	gb_NC_007779_+_2586250-2589364_ARO:3000491_acrD	74.359	468	106	11	4345	4805	1484	1024	1.96e-46	187	134908
NODE_1160_length_28818_cov_13.8602	gb_U57969_+_1485-4617_ARO:3000801_MexD	86.316	95	13	0	4564	4658	1271	1177	2.03e-21	104	134908
NODE_1160_length_28818_cov_13.8602	gb_NC_010378.1_+_47850-51003_ARO:3003923_oqxB	87.500	72	7	2	4575	4645	1263	1193	9.50e-15	82.4	134908
NODE_1160_length_28818_cov_13.8602	gb_NC_002516_+_2810008-2813197_ARO:3000804_MexF	81.443	97	18	0	4576	4672	1262	1166	3.42e-14	80.5	134908
NODE_1165_length_28752_cov_13.9062	gb_AP009048_-_4338624-4340268_ARO:3003576_eptA	99.818	1644	3	0	10188	11831	1644	1	0.0	3020	476863
NODE_1165_length_28752_cov_13.9062	gb_AP009048_-_4338624-4340268_ARO:3003576_eptA	99.818	1644	3	0	10188	11831	1644	1	0.0	3020	48125
NODE_1299_length_26342_cov_4.9343	gb_M57437_+_0-1647_ARO:3002827_tlrC	100.000	28	0	0	25817	25844	1472	1499	6.81e-06	52.8	5407620
NODE_1299_length_26342_cov_4.9343	gb_M57437_+_0-1647_ARO:3002827_tlrC	100.000	28	0	0	25817	25844	1472	1499	6.81e-06	52.8	3076779
NODE_1299_length_26342_cov_4.9343	gb_M57437_+_0-1647_ARO:3002827_tlrC	100.000	28	0	0	25817	25844	1472	1499	6.81e-06	52.8	5406814
NODE_1299_length_26342_cov_4.9343	gb_M57437_+_0-1647_ARO:3002827_tlrC	100.000	28	0	0	25817	25844	1472	1499	6.81e-06	52.8	143427
NODE_1299_length_26342_cov_4.9343	gb_M57437_+_0-1647_ARO:3002827_tlrC	100.000	28	0	0	25817	25844	1472	1499	6.81e-06	52.8	143427
NODE_1299_length_26342_cov_4.9343	gb_M57437_+_0-1647_ARO:3002827_tlrC	100.000	28	0	0	25817	25844	1472	1499	6.81e-06	52.8	69297
NODE_1299_length_26342_cov_4.9343	gb_M57437_+_0-1647_ARO:3002827_tlrC	100.000	28	0	0	25817	25844	1472	1499	6.81e-06	52.8	4479756
NODE_1299_length_26342_cov_4.9343	gb_M57437_+_0-1647_ARO:3002827_tlrC	100.000	28	0	0	25817	25844	1472	1499	6.81e-06	52.8	2588315
NODE_1299_length_26342_cov_4.9343	gb_M57437_+_0-1647_ARO:3002827_tlrC	100.000	28	0	0	25817	25844	1472	1499	6.81e-06	52.8	706433
NODE_1299_length_26342_cov_4.9343	gb_M57437_+_0-1647_ARO:3002827_tlrC	100.000	28	0	0	25817	25844	1472	1499	6.81e-06	52.8	5407198
NODE_1369_length_25253_cov_10.2	gb_NC_002695.2_-_1737690-1738104_ARO:3000676_H-NS	99.517	414	2	0	2537	2950	1	414	0.0	754	3077030
NODE_1476_length_23940_cov_3.80921	gb_U00096_+_3415032-3418137_ARO:3000502_acrF	100.000	29	0	0	10437	10465	2936	2908	1.72e-06	54.7	5406763
NODE_1476_length_23940_cov_3.80921	gb_U00096_+_3415032-3418137_ARO:3000502_acrF	100.000	29	0	0	10437	10465	2936	2908	1.72e-06	54.7	1800346
NODE_1567_length_22720_cov_14.0561	gb_NC_002695.1_-_4903561-4904935_ARO:3000830_cpxA	98.981	1374	14	0	20017	21390	1	1374	0.0	2460	165670
NODE_1587_length_22519_cov_10.2035	gb_CP000800.1_-_1191727-1192954_ARO:3001329_mdtG	99.593	1227	5	0	18274	19500	1227	1	0.0	2239	363531
NODE_1773_length_20581_cov_10.7649	gb_NC_000913.3_+_3219493-3220873_ARO:3000024_patA	98.550	1379	20	0	10575	11953	1	1379	0.0	2436	2564596
NODE_2063_length_17986_cov_13.1835	gb_NC_000913.3_-_4377810-4378944_ARO:3004290_Escherichia	97.354	1134	30	0	3383	4516	1134	1	0.0	1929	435088
NODE_2063_length_17986_cov_13.1835	gb_KM087859_+_0-1146_ARO:3002176_MIR-11	72.245	980	236	29	3435	4396	1094	133	1.18e-71	270	435088
NODE_2063_length_17986_cov_13.1835	gb_KM087851_+_0-1146_ARO:3002180_MIR-15	72.245	980	236	30	3435	4396	1094	133	1.18e-71	270	435088
NODE_2063_length_17986_cov_13.1835	gb_KM087858_+_0-1146_ARO:3002175_MIR-10	72.143	980	237	29	3435	4396	1094	133	5.49e-70	265	435088
NODE_2063_length_17986_cov_13.1835	gb_KM087860_+_0-1146_ARO:3002174_MIR-9	72.143	980	237	29	3435	4396	1094	133	5.49e-70	265	435088
NODE_2063_length_17986_cov_13.1835	gb_JQ664733_+_0-1146_ARO:3002171_MIR-6	72.143	980	237	30	3435	4396	1094	133	5.49e-70	265	435088
NODE_2063_length_17986_cov_13.1835	gb_KM087861_+_0-1146_ARO:3002181_MIR-16	72.143	980	237	29	3435	4396	1094	133	5.49e-70	265	435088
NODE_2063_length_17986_cov_13.1835	gb_AY227752_+_88-1234_ARO:3002168_MIR-2	72.143	980	237	29	3435	4396	1094	133	5.49e-70	265	435088
NODE_2063_length_17986_cov_13.1835	gb_EF417572_+_29-1175_ARO:3002167_MIR-4	71.955	977	244	25	3435	4396	1094	133	2.55e-68	259	435088
NODE_2063_length_17986_cov_13.1835	gb_FJ237367_+_0-1146_ARO:3002173_MIR-8	72.041	980	238	30	3435	4396	1094	133	2.55e-68	259	435088
NODE_2063_length_17986_cov_13.1835	gb_KM087863_+_0-1146_ARO:3002177_MIR-12	72.041	980	238	29	3435	4396	1094	133	2.55e-68	259	435088
NODE_2063_length_17986_cov_13.1835	gb_KP050484_+_0-1146_ARO:3002170_MIR-5	72.041	980	238	29	3435	4396	1094	133	2.55e-68	259	435088
NODE_2063_length_17986_cov_13.1835	gb_AY743435_+_13-1159_ARO:3002169_MIR-3	71.955	977	244	25	3435	4396	1094	133	2.55e-68	259	435088
NODE_2063_length_17986_cov_13.1835	gb_M37839_+_927-2073_ARO:3002166_MIR-1	71.939	980	239	29	3435	4396	1094	133	1.19e-66	254	435088
NODE_2063_length_17986_cov_13.1835	gb_LN515535_+_0-1146_ARO:3003173_MIR-17	71.939	980	239	29	3435	4396	1094	133	1.19e-66	254	435088
NODE_2063_length_17986_cov_13.1835	gb_KM087862_+_0-1146_ARO:3002178_MIR-13	71.837	980	240	30	3435	4396	1094	133	5.53e-65	248	435088
NODE_2063_length_17986_cov_13.1835	gb_FJ237369_+_0-1146_ARO:3001824_ACT-5	72.637	603	150	14	3827	4422	701	107	4.40e-46	185	435088
NODE_2063_length_17986_cov_13.1835	gb_KJ207207_+_479-1625_ARO:3001844_ACT-24	72.397	605	156	11	3827	4426	701	103	5.69e-45	182	435088
NODE_2063_length_17986_cov_13.1835	gb_KF992028_+_761-1907_ARO:3001839_ACT-18	72.442	606	154	12	3827	4426	701	103	5.69e-45	182	435088
NODE_2063_length_17986_cov_13.1835	gb_KF515536_+_0-1146_ARO:3001828_ACT-23	72.305	603	152	14	3827	4422	701	107	9.51e-43	174	435088
NODE_2063_length_17986_cov_13.1835	gb_JX440354_+_756-1902_ARO:3001836_ACT-14	72.351	604	150	15	3827	4422	701	107	9.51e-43	174	435088
NODE_2063_length_17986_cov_13.1835	gb_KM926621_+_751-1897_ARO:3003171_ACT-36	72.158	607	154	14	3827	4426	701	103	1.23e-41	171	435088
NODE_2063_length_17986_cov_13.1835	gb_KF526118_+_0-1146_ARO:3001842_ACT-21	76.398	322	71	5	3827	4146	701	383	4.43e-41	169	435088
NODE_2063_length_17986_cov_13.1835	gb_KM926622_+_238-1384_ARO:3003172_ACT-37	72.270	577	132	22	3834	4396	695	133	1.24e-36	154	435088
NODE_2063_length_17986_cov_13.1835	gb_KF992029_+_748-1894_ARO:3001840_ACT-19	70.151	995	243	42	3429	4396	1100	133	2.68e-33	143	435088
NODE_2316_length_16375_cov_11.977	gb_NC_000913.3_-_481253-484403_ARO:3000216_acrB	99.302	3150	22	0	13098	16247	1	3150	0.0	5696	107277
NODE_2316_length_16375_cov_11.977	gb_NC_000913.3_-_484425-485619_ARO:3004043_Escherichia	99.749	1194	3	0	11882	13075	1	1194	0.0	2189	107277
NODE_2316_length_16375_cov_11.977	gb_U00096_+_3415032-3418137_ARO:3000502_acrF	73.750	3139	726	88	13106	16197	10	3097	0.0	1142	107277
NODE_2316_length_16375_cov_11.977	gb_AJ318073.1_+_793-1990_ARO:3004041_Klebsiella	78.578	1167	241	8	11882	13042	1	1164	0.0	761	107277
NODE_2316_length_16375_cov_11.977	gb_NC_006350.1_-_2147817-2150949_ARO:3002983_amrB	73.643	387	85	16	15723	16102	2608	2984	1.47e-30	134	107277
NODE_2316_length_16375_cov_11.977	gb_NC_000913.3_-_481253-484403_ARO:3000216_acrB	99.302	3150	22	0	13098	16247	1	3150	0.0	5696	1466724
NODE_2316_length_16375_cov_11.977	gb_NC_000913.3_-_484425-485619_ARO:3004043_Escherichia	99.749	1194	3	0	11882	13075	1	1194	0.0	2189	1466724
NODE_2316_length_16375_cov_11.977	gb_U00096_+_3415032-3418137_ARO:3000502_acrF	73.750	3139	726	88	13106	16197	10	3097	0.0	1142	1466724
NODE_2316_length_16375_cov_11.977	gb_AJ318073.1_+_793-1990_ARO:3004041_Klebsiella	78.578	1167	241	8	11882	13042	1	1164	0.0	761	1466724
NODE_2316_length_16375_cov_11.977	gb_NC_006350.1_-_2147817-2150949_ARO:3002983_amrB	73.643	387	85	16	15723	16102	2608	2984	1.47e-30	134	1466724
NODE_2459_length_15538_cov_30.3467	gb_Z21523_+_0-1974_ARO:3000191_tetQ	90.020	1974	196	1	13304	15276	1974	1	0.0	2553	756022
NODE_2459_length_15538_cov_30.3467	gb_Z21523_+_0-1974_ARO:3000191_tetQ	90.020	1974	196	1	13304	15276	1974	1	0.0	2553	2117228
NODE_2459_length_15538_cov_30.3467	gb_Z21523_+_0-1974_ARO:3000191_tetQ	90.020	1974	196	1	13304	15276	1974	1	0.0	2553	1552299
NODE_2459_length_15538_cov_30.3467	gb_Z21523_+_0-1974_ARO:3000191_tetQ	90.020	1974	196	1	13304	15276	1974	1	0.0	2553	142057
NODE_2459_length_15538_cov_30.3467	gb_Z21523_+_0-1974_ARO:3000191_tetQ	90.020	1974	196	1	13304	15276	1974	1	0.0	2553	1006227
NODE_3643_length_10494_cov_4.79088	gb_X63451_+_0-1653_ARO:3002828_srmB	94.444	36	2	0	8724	8759	1499	1464	2.10e-07	56.5	644232
NODE_3643_length_10494_cov_4.79088	gb_X63451_+_0-1653_ARO:3002828_srmB	94.444	36	2	0	8724	8759	1499	1464	2.10e-07	56.5	688670
NODE_3643_length_10494_cov_4.79088	gb_X63451_+_0-1653_ARO:3002828_srmB	94.444	36	2	0	8724	8759	1499	1464	2.10e-07	56.5	107104
NODE_3643_length_10494_cov_4.79088	gb_X63451_+_0-1653_ARO:3002828_srmB	94.444	36	2	0	8724	8759	1499	1464	2.10e-07	56.5	3373162
NODE_4042_length_9402_cov_11.0862	gb_M57437_+_0-1647_ARO:3002827_tlrC	96.970	33	1	0	4851	4883	600	568	1.88e-07	56.5	2514723
NODE_4042_length_9402_cov_11.0862	gb_M57437_+_0-1647_ARO:3002827_tlrC	96.970	33	1	0	4851	4883	600	568	1.88e-07	56.5	2214383
NODE_4701_length_7990_cov_5.11229	gb_AF235050.4_+_38028-40140_ARO:3003318_Streptomyces	81.720	93	15	2	3377	3468	322	413	1.23e-13	76.8	781711
NODE_4701_length_7990_cov_5.11229	gb_AF235050.4_+_38028-40140_ARO:3003318_Streptomyces	81.720	93	15	2	3377	3468	322	413	1.23e-13	76.8	189351
NODE_4701_length_7990_cov_5.11229	gb_AF235050.4_+_38028-40140_ARO:3003318_Streptomyces	81.720	93	15	2	3377	3468	322	413	1.23e-13	76.8	877979
NODE_4821_length_7789_cov_53.6499	gb_L42817_+_201-936_ARO:3000522_ErmG	99.184	735	6	0	5318	6052	735	1	0.0	1325	5406936
NODE_4821_length_7789_cov_53.6499	gb_NC_012469.1_-_1800927-1802391_ARO:3000616_mel	97.511	442	11	0	6824	7265	1464	1023	0.0	756	5406936
NODE_4821_length_7789_cov_53.6499	gb_M64090_+_0-735_ARO:3000595_ErmT	77.959	735	148	11	5325	6052	728	1	2.20e-125	448	5406936
NODE_5015_length_7447_cov_58.4467	gb_AF028812_+_392-887_ARO:3002867_dfrF	99.597	496	1	1	104	599	1	495	0.0	904	2588216
NODE_5523_length_6706_cov_10.2994	gb_NC_000913.3_-_2306971-2308615_ARO:3003952_yojI	99.027	1644	16	0	1895	3538	1644	1	0.0	2948	3944001
NODE_7066_length_5118_cov_3.56686	gb_KX531046.1_+_0-864_ARO:3003982_LlmA	71.282	390	98	13	3252	3634	265	647	3.62e-17	87.9	216849
NODE_7066_length_5118_cov_3.56686	gb_KX531046.1_+_0-864_ARO:3003982_LlmA	71.282	390	98	13	3252	3634	265	647	3.62e-17	87.9	1317335
NODE_7307_length_4941_cov_40.6128	gb_AF173226_+_3767-6917_ARO:3003052_smeB	78.761	113	20	3	3902	4012	1242	1132	9.78e-13	73.1	3076616
NODE_7307_length_4941_cov_40.6128	gb_AJ252200_+_1278-4401_ARO:3003056_smeE	78.000	100	22	0	3902	4001	1242	1143	5.89e-10	63.9	3076616
NODE_11244_length_3111_cov_21.4094	gb_M17124_+_1181-1982_ARO:3000498_ErmF	91.343	797	69	0	771	1567	797	1	0.0	1090	533480
NODE_11244_length_3111_cov_21.4094	gb_AF319779.2_+_32-833_ARO:3000604_Erm(35)	78.901	801	169	0	767	1567	801	1	1.08e-154	544	533480
NODE_11244_length_3111_cov_21.4094	gb_M17124_+_1181-1982_ARO:3000498_ErmF	91.343	797	69	0	771	1567	797	1	0.0	1090	80994
NODE_11244_length_3111_cov_21.4094	gb_AF319779.2_+_32-833_ARO:3000604_Erm(35)	78.901	801	169	0	767	1567	801	1	1.08e-154	544	80994
NODE_13140_length_2654_cov_3.5102	gb_X01702_+_484-1285_ARO:3002659_APH(6)-Ic	96.875	32	1	0	284	315	514	483	1.90e-07	54.7	527576
NODE_15771_length_2196_cov_109.651	gb_EU434751_+_658-2578_ARO:3000194_tetW	99.634	1911	7	0	286	2196	1	1911	0.0	3491	229395
NODE_15771_length_2196_cov_109.651	gb_KU736867.1_+_19653-21573_ARO:3004442_tet(W/N/W)	96.234	1912	70	2	286	2196	1	1911	0.0	3131	229395
NODE_19522_length_1785_cov_2.70867	gb_AF235050.4_+_38028-40140_ARO:3003318_Streptomyces	74.882	422	81	18	1167	1578	85	491	4.36e-42	169	4479502
NODE_19980_length_1744_cov_100.575	gb_AF118110.1_-_71-1037_ARO:3003002_CfxA2	93.432	807	53	0	938	1744	966	160	0.0	1197	2299303
NODE_19980_length_1744_cov_100.575	gb_AF472622_+_52-1018_ARO:3003003_CfxA3	93.309	807	54	0	938	1744	966	160	0.0	1192	2299303
NODE_19980_length_1744_cov_100.575	gb_AY769934_+_27-993_ARO:3003096_CfxA5	93.309	807	54	0	938	1744	966	160	0.0	1192	2299303
NODE_19980_length_1744_cov_100.575	gb_U38243_+_149-1115_ARO:3003001_CfxA	93.309	807	54	0	938	1744	966	160	0.0	1192	2299303
NODE_19980_length_1744_cov_100.575	gb_AY769933_+_0-966_ARO:3003005_CfxA4	93.309	807	54	0	938	1744	966	160	0.0	1192	2299303
NODE_19980_length_1744_cov_100.575	gb_GQ342996_+_797-1793_ARO:3003097_CfxA6	89.539	803	82	2	943	1744	994	193	0.0	1016	2299303
NODE_20631_length_1690_cov_104.557	gb_M18896.2_+_206-2126_ARO:3000190_tetO	99.776	891	2	0	800	1690	1	891	0.0	1635	431727
NODE_20631_length_1690_cov_104.557	gb_AJ295238.3_+_163-2083_ARO:3000196_tet32	91.919	396	32	0	800	1195	1	396	2.71e-158	555	431727
NODE_20947_length_1665_cov_55.2745	gb_Z21523_+_0-1974_ARO:3000191_tetQ	96.875	64	0	2	1602	1665	372	311	3.23e-23	106	5280930
NODE_20947_length_1665_cov_55.2745	gb_Z21523_+_0-1974_ARO:3000191_tetQ	96.875	64	0	2	1602	1665	372	311	3.23e-23	106	2299331
NODE_20947_length_1665_cov_55.2745	gb_Z21523_+_0-1974_ARO:3000191_tetQ	96.875	64	0	2	1602	1665	372	311	3.23e-23	106	2299331
NODE_43366_length_831_cov_593.459	gb_M17124_+_1181-1982_ARO:3000498_ErmF	99.374	799	5	0	1	799	3	801	0.0	1448	249927
NODE_43366_length_831_cov_593.459	gb_AF319779.2_+_32-833_ARO:3000604_Erm(35)	78.589	794	166	3	1	792	3	794	1.34e-148	521	249927
NODE_85269_length_458_cov_1.01737	gb_L36601_+_1420-3130_ARO:3003036_oleB	90.909	44	3	1	355	398	1574	1532	2.44e-09	58.4	2202538
