NODE_39_length_153553_cov_8.52015	gb_AF173226_+_3767-6917_ARO:3003052_smeB	87.500	56	7	0	86239	86294	1241	1186	5.09e-09	65.8	4000146
NODE_39_length_153553_cov_8.52015	gb_AF173226_+_3767-6917_ARO:3003052_smeB	87.500	56	7	0	86239	86294	1241	1186	5.09e-09	65.8	4758336
NODE_39_length_153553_cov_8.52015	gb_AF173226_+_3767-6917_ARO:3003052_smeB	87.500	56	7	0	86239	86294	1241	1186	5.09e-09	65.8	2715851
NODE_39_length_153553_cov_8.52015	gb_AF173226_+_3767-6917_ARO:3003052_smeB	87.500	56	7	0	86239	86294	1241	1186	5.09e-09	65.8	2715851
NODE_39_length_153553_cov_8.52015	gb_AF173226_+_3767-6917_ARO:3003052_smeB	87.500	56	7	0	86239	86294	1241	1186	5.09e-09	65.8	3526291
NODE_39_length_153553_cov_8.52015	gb_AF173226_+_3767-6917_ARO:3003052_smeB	87.500	56	7	0	86239	86294	1241	1186	5.09e-09	65.8	3994798
NODE_39_length_153553_cov_8.52015	gb_AF173226_+_3767-6917_ARO:3003052_smeB	87.500	56	7	0	86239	86294	1241	1186	5.09e-09	65.8	13152
NODE_39_length_153553_cov_8.52015	gb_AF173226_+_3767-6917_ARO:3003052_smeB	87.500	56	7	0	86239	86294	1241	1186	5.09e-09	65.8	208813
NODE_39_length_153553_cov_8.52015	gb_AF173226_+_3767-6917_ARO:3003052_smeB	87.500	56	7	0	86239	86294	1241	1186	5.09e-09	65.8	6215792
NODE_39_length_153553_cov_8.52015	gb_AF173226_+_3767-6917_ARO:3003052_smeB	87.500	56	7	0	86239	86294	1241	1186	5.09e-09	65.8	368593
NODE_39_length_153553_cov_8.52015	gb_AF173226_+_3767-6917_ARO:3003052_smeB	87.500	56	7	0	86239	86294	1241	1186	5.09e-09	65.8	1342528
NODE_39_length_153553_cov_8.52015	gb_AF173226_+_3767-6917_ARO:3003052_smeB	87.500	56	7	0	86239	86294	1241	1186	5.09e-09	65.8	446048
NODE_39_length_153553_cov_8.52015	gb_AF173226_+_3767-6917_ARO:3003052_smeB	87.500	56	7	0	86239	86294	1241	1186	5.09e-09	65.8	2317184
NODE_39_length_153553_cov_8.52015	gb_AF173226_+_3767-6917_ARO:3003052_smeB	87.500	56	7	0	86239	86294	1241	1186	5.09e-09	65.8	4757597
NODE_39_length_153553_cov_8.52015	gb_AF173226_+_3767-6917_ARO:3003052_smeB	87.500	56	7	0	86239	86294	1241	1186	5.09e-09	65.8	54544
NODE_59_length_130601_cov_123.341	gb_GQ343019_+_132-1023_ARO:3002999_CblA-1	99.776	891	2	0	4458	5348	1	891	0.0	1635	2062025
NODE_59_length_130601_cov_123.341	gb_GQ343019_+_132-1023_ARO:3002999_CblA-1	99.776	891	2	0	4458	5348	1	891	0.0	1635	47548
NODE_59_length_130601_cov_123.341	gb_GQ343019_+_132-1023_ARO:3002999_CblA-1	99.776	891	2	0	4458	5348	1	891	0.0	1635	46510
NODE_59_length_130601_cov_123.341	gb_GQ343019_+_132-1023_ARO:3002999_CblA-1	99.776	891	2	0	4458	5348	1	891	0.0	1635	779410
NODE_59_length_130601_cov_123.341	gb_GQ343019_+_132-1023_ARO:3002999_CblA-1	99.776	891	2	0	4458	5348	1	891	0.0	1635	47471
NODE_59_length_130601_cov_123.341	gb_GQ343019_+_132-1023_ARO:3002999_CblA-1	99.776	891	2	0	4458	5348	1	891	0.0	1635	2317063
NODE_59_length_130601_cov_123.341	gb_GQ343019_+_132-1023_ARO:3002999_CblA-1	99.776	891	2	0	4458	5348	1	891	0.0	1635	2317063
NODE_59_length_130601_cov_123.341	gb_GQ343019_+_132-1023_ARO:3002999_CblA-1	99.776	891	2	0	4458	5348	1	891	0.0	1635	99476
NODE_59_length_130601_cov_123.341	gb_GQ343019_+_132-1023_ARO:3002999_CblA-1	99.776	891	2	0	4458	5348	1	891	0.0	1635	711711
NODE_59_length_130601_cov_123.341	gb_GQ343019_+_132-1023_ARO:3002999_CblA-1	99.776	891	2	0	4458	5348	1	891	0.0	1635	875632
NODE_59_length_130601_cov_123.341	gb_GQ343019_+_132-1023_ARO:3002999_CblA-1	99.776	891	2	0	4458	5348	1	891	0.0	1635	86377
NODE_59_length_130601_cov_123.341	gb_GQ343019_+_132-1023_ARO:3002999_CblA-1	99.776	891	2	0	4458	5348	1	891	0.0	1635	74541
NODE_59_length_130601_cov_123.341	gb_GQ343019_+_132-1023_ARO:3002999_CblA-1	99.776	891	2	0	4458	5348	1	891	0.0	1635	3526277
NODE_59_length_130601_cov_123.341	gb_GQ343019_+_132-1023_ARO:3002999_CblA-1	99.776	891	2	0	4458	5348	1	891	0.0	1635	4000093
NODE_59_length_130601_cov_123.341	gb_GQ343019_+_132-1023_ARO:3002999_CblA-1	99.776	891	2	0	4458	5348	1	891	0.0	1635	480553
NODE_59_length_130601_cov_123.341	gb_GQ343019_+_132-1023_ARO:3002999_CblA-1	99.776	891	2	0	4458	5348	1	891	0.0	1635	39144
NODE_59_length_130601_cov_123.341	gb_GQ343019_+_132-1023_ARO:3002999_CblA-1	99.776	891	2	0	4458	5348	1	891	0.0	1635	21297
NODE_59_length_130601_cov_123.341	gb_GQ343019_+_132-1023_ARO:3002999_CblA-1	99.776	891	2	0	4458	5348	1	891	0.0	1635	1572698
NODE_59_length_130601_cov_123.341	gb_GQ343019_+_132-1023_ARO:3002999_CblA-1	99.776	891	2	0	4458	5348	1	891	0.0	1635	4757313
NODE_59_length_130601_cov_123.341	gb_GQ343019_+_132-1023_ARO:3002999_CblA-1	99.776	891	2	0	4458	5348	1	891	0.0	1635	742487
NODE_59_length_130601_cov_123.341	gb_GQ343019_+_132-1023_ARO:3002999_CblA-1	99.776	891	2	0	4458	5348	1	891	0.0	1635	60857
NODE_59_length_130601_cov_123.341	gb_GQ343019_+_132-1023_ARO:3002999_CblA-1	99.776	891	2	0	4458	5348	1	891	0.0	1635	1337252
NODE_59_length_130601_cov_123.341	gb_GQ343019_+_132-1023_ARO:3002999_CblA-1	99.776	891	2	0	4458	5348	1	891	0.0	1635	1337252
NODE_59_length_130601_cov_123.341	gb_GQ343019_+_132-1023_ARO:3002999_CblA-1	99.776	891	2	0	4458	5348	1	891	0.0	1635	3493
NODE_59_length_130601_cov_123.341	gb_GQ343019_+_132-1023_ARO:3002999_CblA-1	99.776	891	2	0	4458	5348	1	891	0.0	1635	4758479
NODE_59_length_130601_cov_123.341	gb_GQ343019_+_132-1023_ARO:3002999_CblA-1	99.776	891	2	0	4458	5348	1	891	0.0	1635	330867
NODE_59_length_130601_cov_123.341	gb_GQ343019_+_132-1023_ARO:3002999_CblA-1	99.776	891	2	0	4458	5348	1	891	0.0	1635	4282
NODE_59_length_130601_cov_123.341	gb_GQ343019_+_132-1023_ARO:3002999_CblA-1	99.776	891	2	0	4458	5348	1	891	0.0	1635	2317172
NODE_59_length_130601_cov_123.341	gb_GQ343019_+_132-1023_ARO:3002999_CblA-1	99.776	891	2	0	4458	5348	1	891	0.0	1635	2943169
NODE_59_length_130601_cov_123.341	gb_GQ343019_+_132-1023_ARO:3002999_CblA-1	99.776	891	2	0	4458	5348	1	891	0.0	1635	1177214
NODE_59_length_130601_cov_123.341	gb_GQ343019_+_132-1023_ARO:3002999_CblA-1	99.776	891	2	0	4458	5348	1	891	0.0	1635	1017940
NODE_59_length_130601_cov_123.341	gb_GQ343019_+_132-1023_ARO:3002999_CblA-1	99.776	891	2	0	4458	5348	1	891	0.0	1635	4000252
NODE_59_length_130601_cov_123.341	gb_GQ343019_+_132-1023_ARO:3002999_CblA-1	99.776	891	2	0	4458	5348	1	891	0.0	1635	398369
NODE_59_length_130601_cov_123.341	gb_GQ343019_+_132-1023_ARO:3002999_CblA-1	99.776	891	2	0	4458	5348	1	891	0.0	1635	3514933
NODE_59_length_130601_cov_123.341	gb_GQ343019_+_132-1023_ARO:3002999_CblA-1	99.776	891	2	0	4458	5348	1	891	0.0	1635	3526489
NODE_59_length_130601_cov_123.341	gb_GQ343019_+_132-1023_ARO:3002999_CblA-1	99.776	891	2	0	4458	5348	1	891	0.0	1635	128352
NODE_59_length_130601_cov_123.341	gb_GQ343019_+_132-1023_ARO:3002999_CblA-1	99.776	891	2	0	4458	5348	1	891	0.0	1635	393633
NODE_59_length_130601_cov_123.341	gb_GQ343019_+_132-1023_ARO:3002999_CblA-1	99.776	891	2	0	4458	5348	1	891	0.0	1635	1392647
NODE_59_length_130601_cov_123.341	gb_GQ343019_+_132-1023_ARO:3002999_CblA-1	99.776	891	2	0	4458	5348	1	891	0.0	1635	1572949
NODE_59_length_130601_cov_123.341	gb_GQ343019_+_132-1023_ARO:3002999_CblA-1	99.776	891	2	0	4458	5348	1	891	0.0	1635	3999934
NODE_59_length_130601_cov_123.341	gb_GQ343019_+_132-1023_ARO:3002999_CblA-1	99.776	891	2	0	4458	5348	1	891	0.0	1635	29291
NODE_59_length_130601_cov_123.341	gb_GQ343019_+_132-1023_ARO:3002999_CblA-1	99.776	891	2	0	4458	5348	1	891	0.0	1635	4757238
NODE_95_length_114258_cov_4.99191	gb_NC_007779_+_2586250-2589364_ARO:3000491_acrD	76.800	250	50	8	69036	69281	1026	1271	1.02e-29	134	75703
NODE_95_length_114258_cov_4.99191	gb_U00096_+_3660413-3663527_ARO:3000796_mdtF	74.490	196	46	4	69058	69251	1048	1241	3.76e-14	82.4	75703
NODE_217_length_75776_cov_3.81639	gb_NC_014638.1_-_1610636-1613960_ARO:3003730_Bifidobacteria	88.203	3306	382	8	29811	33112	23	3324	0.0	3938	103283
NODE_217_length_75776_cov_3.81639	gb_NC_014638.1_-_1610636-1613960_ARO:3003730_Bifidobacteria	88.203	3306	382	8	29811	33112	23	3324	0.0	3938	2705338
NODE_217_length_75776_cov_3.81639	gb_NC_014638.1_-_1610636-1613960_ARO:3003730_Bifidobacteria	88.203	3306	382	8	29811	33112	23	3324	0.0	3938	210057
NODE_217_length_75776_cov_3.81639	gb_NC_014638.1_-_1610636-1613960_ARO:3003730_Bifidobacteria	88.203	3306	382	8	29811	33112	23	3324	0.0	3938	295713
NODE_217_length_75776_cov_3.81639	gb_NC_014638.1_-_1610636-1613960_ARO:3003730_Bifidobacteria	88.203	3306	382	8	29811	33112	23	3324	0.0	3938	295713
NODE_217_length_75776_cov_3.81639	gb_NC_014638.1_-_1610636-1613960_ARO:3003730_Bifidobacteria	88.203	3306	382	8	29811	33112	23	3324	0.0	3938	3526540
NODE_217_length_75776_cov_3.81639	gb_NC_014638.1_-_1610636-1613960_ARO:3003730_Bifidobacteria	88.203	3306	382	8	29811	33112	23	3324	0.0	3938	462346
NODE_217_length_75776_cov_3.81639	gb_NC_014638.1_-_1610636-1613960_ARO:3003730_Bifidobacteria	88.203	3306	382	8	29811	33112	23	3324	0.0	3938	588903
NODE_232_length_72164_cov_6.78638	gb_M57437_+_0-1647_ARO:3002827_tlrC	100.000	29	0	0	33233	33261	1499	1471	5.18e-06	54.7	4716643
NODE_232_length_72164_cov_6.78638	gb_M57437_+_0-1647_ARO:3002827_tlrC	100.000	29	0	0	33233	33261	1499	1471	5.18e-06	54.7	907417
NODE_232_length_72164_cov_6.78638	gb_M57437_+_0-1647_ARO:3002827_tlrC	100.000	29	0	0	33233	33261	1499	1471	5.18e-06	54.7	2715743
NODE_232_length_72164_cov_6.78638	gb_M57437_+_0-1647_ARO:3002827_tlrC	100.000	29	0	0	33233	33261	1499	1471	5.18e-06	54.7	4757468
NODE_233_length_71805_cov_120.873	gb_AF173226_+_3767-6917_ARO:3003052_smeB	86.486	74	10	0	30430	30503	1169	1242	2.37e-14	82.4	1337283
NODE_233_length_71805_cov_120.873	gb_AJ252200_+_1278-4401_ARO:3003056_smeE	84.722	72	11	0	30432	30503	1171	1242	1.42e-11	73.1	1337283
NODE_233_length_71805_cov_120.873	gb_AF173226_+_3767-6917_ARO:3003052_smeB	86.486	74	10	0	30430	30503	1169	1242	2.37e-14	82.4	3526484
NODE_233_length_71805_cov_120.873	gb_AJ252200_+_1278-4401_ARO:3003056_smeE	84.722	72	11	0	30432	30503	1171	1242	1.42e-11	73.1	3526484
NODE_233_length_71805_cov_120.873	gb_AF173226_+_3767-6917_ARO:3003052_smeB	86.486	74	10	0	30430	30503	1169	1242	2.37e-14	82.4	476336
NODE_233_length_71805_cov_120.873	gb_AJ252200_+_1278-4401_ARO:3003056_smeE	84.722	72	11	0	30432	30503	1171	1242	1.42e-11	73.1	476336
NODE_233_length_71805_cov_120.873	gb_AF173226_+_3767-6917_ARO:3003052_smeB	86.486	74	10	0	30430	30503	1169	1242	2.37e-14	82.4	4744710
NODE_233_length_71805_cov_120.873	gb_AJ252200_+_1278-4401_ARO:3003056_smeE	84.722	72	11	0	30432	30503	1171	1242	1.42e-11	73.1	4744710
NODE_233_length_71805_cov_120.873	gb_AF173226_+_3767-6917_ARO:3003052_smeB	86.486	74	10	0	30430	30503	1169	1242	2.37e-14	82.4	4757213
NODE_233_length_71805_cov_120.873	gb_AJ252200_+_1278-4401_ARO:3003056_smeE	84.722	72	11	0	30432	30503	1171	1242	1.42e-11	73.1	4757213
NODE_233_length_71805_cov_120.873	gb_AF173226_+_3767-6917_ARO:3003052_smeB	86.486	74	10	0	30430	30503	1169	1242	2.37e-14	82.4	3517404
NODE_233_length_71805_cov_120.873	gb_AJ252200_+_1278-4401_ARO:3003056_smeE	84.722	72	11	0	30432	30503	1171	1242	1.42e-11	73.1	3517404
NODE_233_length_71805_cov_120.873	gb_AF173226_+_3767-6917_ARO:3003052_smeB	86.486	74	10	0	30430	30503	1169	1242	2.37e-14	82.4	6187944
NODE_233_length_71805_cov_120.873	gb_AJ252200_+_1278-4401_ARO:3003056_smeE	84.722	72	11	0	30432	30503	1171	1242	1.42e-11	73.1	6187944
NODE_233_length_71805_cov_120.873	gb_AF173226_+_3767-6917_ARO:3003052_smeB	86.486	74	10	0	30430	30503	1169	1242	2.37e-14	82.4	194434
NODE_233_length_71805_cov_120.873	gb_AJ252200_+_1278-4401_ARO:3003056_smeE	84.722	72	11	0	30432	30503	1171	1242	1.42e-11	73.1	194434
NODE_233_length_71805_cov_120.873	gb_AF173226_+_3767-6917_ARO:3003052_smeB	86.486	74	10	0	30430	30503	1169	1242	2.37e-14	82.4	67653
NODE_233_length_71805_cov_120.873	gb_AJ252200_+_1278-4401_ARO:3003056_smeE	84.722	72	11	0	30432	30503	1171	1242	1.42e-11	73.1	67653
NODE_233_length_71805_cov_120.873	gb_AF173226_+_3767-6917_ARO:3003052_smeB	86.486	74	10	0	30430	30503	1169	1242	2.37e-14	82.4	2715515
NODE_233_length_71805_cov_120.873	gb_AJ252200_+_1278-4401_ARO:3003056_smeE	84.722	72	11	0	30432	30503	1171	1242	1.42e-11	73.1	2715515
NODE_233_length_71805_cov_120.873	gb_AF173226_+_3767-6917_ARO:3003052_smeB	86.486	74	10	0	30430	30503	1169	1242	2.37e-14	82.4	345463
NODE_233_length_71805_cov_120.873	gb_AJ252200_+_1278-4401_ARO:3003056_smeE	84.722	72	11	0	30432	30503	1171	1242	1.42e-11	73.1	345463
NODE_233_length_71805_cov_120.873	gb_AF173226_+_3767-6917_ARO:3003052_smeB	86.486	74	10	0	30430	30503	1169	1242	2.37e-14	82.4	2715880
NODE_233_length_71805_cov_120.873	gb_AJ252200_+_1278-4401_ARO:3003056_smeE	84.722	72	11	0	30432	30503	1171	1242	1.42e-11	73.1	2715880
NODE_233_length_71805_cov_120.873	gb_AF173226_+_3767-6917_ARO:3003052_smeB	86.486	74	10	0	30430	30503	1169	1242	2.37e-14	82.4	3999935
NODE_233_length_71805_cov_120.873	gb_AJ252200_+_1278-4401_ARO:3003056_smeE	84.722	72	11	0	30432	30503	1171	1242	1.42e-11	73.1	3999935
NODE_233_length_71805_cov_120.873	gb_AF173226_+_3767-6917_ARO:3003052_smeB	86.486	74	10	0	30430	30503	1169	1242	2.37e-14	82.4	6215739
NODE_233_length_71805_cov_120.873	gb_AJ252200_+_1278-4401_ARO:3003056_smeE	84.722	72	11	0	30432	30503	1171	1242	1.42e-11	73.1	6215739
NODE_233_length_71805_cov_120.873	gb_AF173226_+_3767-6917_ARO:3003052_smeB	86.486	74	10	0	30430	30503	1169	1242	2.37e-14	82.4	4757816
NODE_233_length_71805_cov_120.873	gb_AJ252200_+_1278-4401_ARO:3003056_smeE	84.722	72	11	0	30432	30503	1171	1242	1.42e-11	73.1	4757816
NODE_233_length_71805_cov_120.873	gb_AF173226_+_3767-6917_ARO:3003052_smeB	86.486	74	10	0	30430	30503	1169	1242	2.37e-14	82.4	396562
NODE_233_length_71805_cov_120.873	gb_AJ252200_+_1278-4401_ARO:3003056_smeE	84.722	72	11	0	30432	30503	1171	1242	1.42e-11	73.1	396562
NODE_233_length_71805_cov_120.873	gb_AF173226_+_3767-6917_ARO:3003052_smeB	86.486	74	10	0	30430	30503	1169	1242	2.37e-14	82.4	556511
NODE_233_length_71805_cov_120.873	gb_AJ252200_+_1278-4401_ARO:3003056_smeE	84.722	72	11	0	30432	30503	1171	1242	1.42e-11	73.1	556511
NODE_233_length_71805_cov_120.873	gb_AF173226_+_3767-6917_ARO:3003052_smeB	86.486	74	10	0	30430	30503	1169	1242	2.37e-14	82.4	62854
NODE_233_length_71805_cov_120.873	gb_AJ252200_+_1278-4401_ARO:3003056_smeE	84.722	72	11	0	30432	30503	1171	1242	1.42e-11	73.1	62854
NODE_268_length_65207_cov_17.6124	gb_AF235050.4_+_38028-40140_ARO:3003318_Streptomyces	80.769	208	40	0	18148	18355	76	283	7.46e-39	163	4757459
NODE_268_length_65207_cov_17.6124	gb_AF235050.4_+_38028-40140_ARO:3003318_Streptomyces	80.769	208	40	0	18148	18355	76	283	7.46e-39	163	6215594
NODE_268_length_65207_cov_17.6124	gb_AF235050.4_+_38028-40140_ARO:3003318_Streptomyces	80.769	208	40	0	18148	18355	76	283	7.46e-39	163	1337291
NODE_268_length_65207_cov_17.6124	gb_AF235050.4_+_38028-40140_ARO:3003318_Streptomyces	80.769	208	40	0	18148	18355	76	283	7.46e-39	163	168324
NODE_268_length_65207_cov_17.6124	gb_AF235050.4_+_38028-40140_ARO:3003318_Streptomyces	80.769	208	40	0	18148	18355	76	283	7.46e-39	163	4728613
NODE_268_length_65207_cov_17.6124	gb_AF235050.4_+_38028-40140_ARO:3003318_Streptomyces	80.769	208	40	0	18148	18355	76	283	7.46e-39	163	4728613
NODE_268_length_65207_cov_17.6124	gb_AF235050.4_+_38028-40140_ARO:3003318_Streptomyces	80.769	208	40	0	18148	18355	76	283	7.46e-39	163	477985
NODE_268_length_65207_cov_17.6124	gb_AF235050.4_+_38028-40140_ARO:3003318_Streptomyces	80.769	208	40	0	18148	18355	76	283	7.46e-39	163	40425
NODE_296_length_60749_cov_23.5055	gb_AF235050.4_+_38028-40140_ARO:3003318_Streptomyces	76.970	165	36	2	39416	39579	256	419	9.25e-18	93.5	580825
NODE_296_length_60749_cov_23.5055	gb_AF235050.4_+_38028-40140_ARO:3003318_Streptomyces	76.970	165	36	2	39416	39579	256	419	9.25e-18	93.5	1445376
NODE_296_length_60749_cov_23.5055	gb_AF235050.4_+_38028-40140_ARO:3003318_Streptomyces	76.970	165	36	2	39416	39579	256	419	9.25e-18	93.5	1572821
NODE_296_length_60749_cov_23.5055	gb_AF235050.4_+_38028-40140_ARO:3003318_Streptomyces	76.970	165	36	2	39416	39579	256	419	9.25e-18	93.5	113303
NODE_296_length_60749_cov_23.5055	gb_AF235050.4_+_38028-40140_ARO:3003318_Streptomyces	76.970	165	36	2	39416	39579	256	419	9.25e-18	93.5	589392
NODE_296_length_60749_cov_23.5055	gb_AF235050.4_+_38028-40140_ARO:3003318_Streptomyces	76.970	165	36	2	39416	39579	256	419	9.25e-18	93.5	3526343
NODE_296_length_60749_cov_23.5055	gb_AF235050.4_+_38028-40140_ARO:3003318_Streptomyces	76.970	165	36	2	39416	39579	256	419	9.25e-18	93.5	297737
NODE_296_length_60749_cov_23.5055	gb_AF235050.4_+_38028-40140_ARO:3003318_Streptomyces	76.970	165	36	2	39416	39579	256	419	9.25e-18	93.5	476362
NODE_296_length_60749_cov_23.5055	gb_AF235050.4_+_38028-40140_ARO:3003318_Streptomyces	76.970	165	36	2	39416	39579	256	419	9.25e-18	93.5	127679
NODE_296_length_60749_cov_23.5055	gb_AF235050.4_+_38028-40140_ARO:3003318_Streptomyces	76.970	165	36	2	39416	39579	256	419	9.25e-18	93.5	324117
NODE_296_length_60749_cov_23.5055	gb_AF235050.4_+_38028-40140_ARO:3003318_Streptomyces	76.970	165	36	2	39416	39579	256	419	9.25e-18	93.5	649185
NODE_296_length_60749_cov_23.5055	gb_AF235050.4_+_38028-40140_ARO:3003318_Streptomyces	76.970	165	36	2	39416	39579	256	419	9.25e-18	93.5	883862
NODE_296_length_60749_cov_23.5055	gb_AF235050.4_+_38028-40140_ARO:3003318_Streptomyces	76.970	165	36	2	39416	39579	256	419	9.25e-18	93.5	136590
NODE_296_length_60749_cov_23.5055	gb_AF235050.4_+_38028-40140_ARO:3003318_Streptomyces	76.970	165	36	2	39416	39579	256	419	9.25e-18	93.5	832221
NODE_296_length_60749_cov_23.5055	gb_AF235050.4_+_38028-40140_ARO:3003318_Streptomyces	76.970	165	36	2	39416	39579	256	419	9.25e-18	93.5	136590
NODE_296_length_60749_cov_23.5055	gb_AF235050.4_+_38028-40140_ARO:3003318_Streptomyces	76.970	165	36	2	39416	39579	256	419	9.25e-18	93.5	39122
NODE_296_length_60749_cov_23.5055	gb_AF235050.4_+_38028-40140_ARO:3003318_Streptomyces	76.970	165	36	2	39416	39579	256	419	9.25e-18	93.5	700768
NODE_387_length_49497_cov_23.0132	gb_AF170880_+_0-1848_ARO:3002522_novA	76.636	214	44	6	21668	21878	1381	1591	5.79e-24	113	127679
NODE_387_length_49497_cov_23.0132	gb_AF170880_+_0-1848_ARO:3002522_novA	76.636	214	44	6	21668	21878	1381	1591	5.79e-24	113	113166
NODE_387_length_49497_cov_23.0132	gb_AF170880_+_0-1848_ARO:3002522_novA	76.636	214	44	6	21668	21878	1381	1591	5.79e-24	113	2715783
NODE_387_length_49497_cov_23.0132	gb_AF170880_+_0-1848_ARO:3002522_novA	76.636	214	44	6	21668	21878	1381	1591	5.79e-24	113	2715991
NODE_387_length_49497_cov_23.0132	gb_AF170880_+_0-1848_ARO:3002522_novA	76.636	214	44	6	21668	21878	1381	1591	5.79e-24	113	373819
NODE_387_length_49497_cov_23.0132	gb_AF170880_+_0-1848_ARO:3002522_novA	76.636	214	44	6	21668	21878	1381	1591	5.79e-24	113	4758342
NODE_387_length_49497_cov_23.0132	gb_AF170880_+_0-1848_ARO:3002522_novA	76.636	214	44	6	21668	21878	1381	1591	5.79e-24	113	3999996
NODE_387_length_49497_cov_23.0132	gb_AF170880_+_0-1848_ARO:3002522_novA	76.636	214	44	6	21668	21878	1381	1591	5.79e-24	113	4001478
NODE_387_length_49497_cov_23.0132	gb_AF170880_+_0-1848_ARO:3002522_novA	76.636	214	44	6	21668	21878	1381	1591	5.79e-24	113	3412
NODE_387_length_49497_cov_23.0132	gb_AF170880_+_0-1848_ARO:3002522_novA	76.636	214	44	6	21668	21878	1381	1591	5.79e-24	113	169299
NODE_387_length_49497_cov_23.0132	gb_AF170880_+_0-1848_ARO:3002522_novA	76.636	214	44	6	21668	21878	1381	1591	5.79e-24	113	283404
NODE_452_length_44136_cov_4.84342	gb_AF235050.4_+_38028-40140_ARO:3003318_Streptomyces	100.000	31	0	0	1359	1389	1926	1896	2.45e-07	58.4	116425
NODE_818_length_28905_cov_5.98087	gb_M57437_+_0-1647_ARO:3002827_tlrC	96.970	33	1	0	3127	3159	568	600	5.78e-07	56.5	222608
NODE_818_length_28905_cov_5.98087	gb_M57437_+_0-1647_ARO:3002827_tlrC	96.970	33	1	0	3127	3159	568	600	5.78e-07	56.5	4758365
NODE_818_length_28905_cov_5.98087	gb_M57437_+_0-1647_ARO:3002827_tlrC	96.970	33	1	0	3127	3159	568	600	5.78e-07	56.5	2715810
NODE_818_length_28905_cov_5.98087	gb_M57437_+_0-1647_ARO:3002827_tlrC	96.970	33	1	0	3127	3159	568	600	5.78e-07	56.5	1177272
NODE_818_length_28905_cov_5.98087	gb_M57437_+_0-1647_ARO:3002827_tlrC	96.970	33	1	0	3127	3159	568	600	5.78e-07	56.5	4756143
NODE_818_length_28905_cov_5.98087	gb_M57437_+_0-1647_ARO:3002827_tlrC	96.970	33	1	0	3127	3159	568	600	5.78e-07	56.5	4756143
NODE_818_length_28905_cov_5.98087	gb_M57437_+_0-1647_ARO:3002827_tlrC	96.970	33	1	0	3127	3159	568	600	5.78e-07	56.5	4000226
NODE_837_length_28421_cov_4.99415	gb_EU434751_+_658-2578_ARO:3000194_tetW	100.000	177	0	0	1	177	1744	1920	1.09e-88	327	2070708
NODE_837_length_28421_cov_4.99415	gb_EU434751_+_658-2578_ARO:3000194_tetW	100.000	177	0	0	1	177	1744	1920	1.09e-88	327	6185614
NODE_862_length_27498_cov_3.8655	gb_L36601_+_1420-3130_ARO:3003036_oleB	90.909	44	3	1	10404	10447	1532	1574	1.53e-07	58.4	2065049
NODE_862_length_27498_cov_3.8655	gb_M57437_+_0-1647_ARO:3002827_tlrC	92.500	40	2	1	11252	11291	563	601	5.49e-07	56.5	2065049
NODE_862_length_27498_cov_3.8655	gb_L36601_+_1420-3130_ARO:3003036_oleB	90.909	44	3	1	10404	10447	1532	1574	1.53e-07	58.4	2152594
NODE_862_length_27498_cov_3.8655	gb_M57437_+_0-1647_ARO:3002827_tlrC	92.500	40	2	1	11252	11291	563	601	5.49e-07	56.5	2152594
NODE_862_length_27498_cov_3.8655	gb_L36601_+_1420-3130_ARO:3003036_oleB	90.909	44	3	1	10404	10447	1532	1574	1.53e-07	58.4	3516719
NODE_862_length_27498_cov_3.8655	gb_M57437_+_0-1647_ARO:3002827_tlrC	92.500	40	2	1	11252	11291	563	601	5.49e-07	56.5	3516719
NODE_1177_length_20840_cov_3.35482	gb_AF235050.4_+_38028-40140_ARO:3003318_Streptomyces	74.394	742	160	23	17501	18224	2067	1338	1.05e-77	291	4757459
NODE_1177_length_20840_cov_3.35482	gb_AF235050.4_+_38028-40140_ARO:3003318_Streptomyces	80.429	373	66	5	19319	19688	453	85	8.17e-74	278	4757459
NODE_1393_length_17907_cov_4.95737	gb_NC_000913.3_-_4377810-4378944_ARO:3004290_Escherichia	97.445	1135	27	2	7703	8836	1	1134	0.0	1934	2715451
NODE_1393_length_17907_cov_4.95737	gb_KM087859_+_0-1146_ARO:3002176_MIR-11	72.143	980	237	29	7823	8784	133	1094	5.46e-70	265	2715451
NODE_1393_length_17907_cov_4.95737	gb_KM087851_+_0-1146_ARO:3002180_MIR-15	72.143	980	237	30	7823	8784	133	1094	5.46e-70	265	2715451
NODE_1393_length_17907_cov_4.95737	gb_KM087858_+_0-1146_ARO:3002175_MIR-10	72.041	980	238	29	7823	8784	133	1094	2.54e-68	259	2715451
NODE_1393_length_17907_cov_4.95737	gb_KM087860_+_0-1146_ARO:3002174_MIR-9	72.041	980	238	29	7823	8784	133	1094	2.54e-68	259	2715451
NODE_1393_length_17907_cov_4.95737	gb_JQ664733_+_0-1146_ARO:3002171_MIR-6	72.041	980	238	30	7823	8784	133	1094	2.54e-68	259	2715451
NODE_1393_length_17907_cov_4.95737	gb_KM087861_+_0-1146_ARO:3002181_MIR-16	72.041	980	238	29	7823	8784	133	1094	2.54e-68	259	2715451
NODE_1393_length_17907_cov_4.95737	gb_AY227752_+_88-1234_ARO:3002168_MIR-2	72.041	980	238	29	7823	8784	133	1094	2.54e-68	259	2715451
NODE_1393_length_17907_cov_4.95737	gb_EF417572_+_29-1175_ARO:3002167_MIR-4	71.853	977	245	25	7823	8784	133	1094	1.18e-66	254	2715451
NODE_1393_length_17907_cov_4.95737	gb_FJ237367_+_0-1146_ARO:3002173_MIR-8	71.939	980	239	30	7823	8784	133	1094	1.18e-66	254	2715451
NODE_1393_length_17907_cov_4.95737	gb_KM087863_+_0-1146_ARO:3002177_MIR-12	71.939	980	239	29	7823	8784	133	1094	1.18e-66	254	2715451
NODE_1393_length_17907_cov_4.95737	gb_KP050484_+_0-1146_ARO:3002170_MIR-5	71.939	980	239	29	7823	8784	133	1094	1.18e-66	254	2715451
NODE_1393_length_17907_cov_4.95737	gb_AY743435_+_13-1159_ARO:3002169_MIR-3	71.853	977	245	25	7823	8784	133	1094	1.18e-66	254	2715451
NODE_1393_length_17907_cov_4.95737	gb_M37839_+_927-2073_ARO:3002166_MIR-1	71.837	980	240	29	7823	8784	133	1094	5.50e-65	248	2715451
NODE_1393_length_17907_cov_4.95737	gb_LN515535_+_0-1146_ARO:3003173_MIR-17	71.837	980	240	29	7823	8784	133	1094	5.50e-65	248	2715451
NODE_1393_length_17907_cov_4.95737	gb_KM087862_+_0-1146_ARO:3002178_MIR-13	71.735	980	241	30	7823	8784	133	1094	2.56e-63	243	2715451
NODE_1393_length_17907_cov_4.95737	gb_KJ207207_+_479-1625_ARO:3001844_ACT-24	70.477	1006	269	24	7793	8784	103	1094	1.22e-46	187	2715451
NODE_1393_length_17907_cov_4.95737	gb_FJ237369_+_0-1146_ARO:3001824_ACT-5	70.518	1004	264	27	7797	8784	107	1094	4.38e-46	185	2715451
NODE_1393_length_17907_cov_4.95737	gb_KF992028_+_761-1907_ARO:3001839_ACT-18	72.277	606	155	12	7793	8392	103	701	2.63e-43	176	2715451
NODE_1393_length_17907_cov_4.95737	gb_KF526118_+_0-1146_ARO:3001842_ACT-21	71.508	723	184	18	8073	8784	383	1094	9.47e-43	174	2715451
NODE_1393_length_17907_cov_4.95737	gb_KF515536_+_0-1146_ARO:3001828_ACT-23	70.259	1002	270	25	7797	8784	107	1094	9.47e-43	174	2715451
NODE_1393_length_17907_cov_4.95737	gb_KM926621_+_751-1897_ARO:3003171_ACT-36	70.238	1008	268	27	7793	8784	103	1094	1.23e-41	171	2715451
NODE_1393_length_17907_cov_4.95737	gb_JX440354_+_756-1902_ARO:3001836_ACT-14	72.185	604	151	15	7797	8392	107	701	4.41e-41	169	2715451
NODE_1393_length_17907_cov_4.95737	gb_NC_000913.3_-_4377810-4378944_ARO:3004290_Escherichia	97.445	1135	27	2	7703	8836	1	1134	0.0	1934	2715451
NODE_1393_length_17907_cov_4.95737	gb_KM087859_+_0-1146_ARO:3002176_MIR-11	72.143	980	237	29	7823	8784	133	1094	5.46e-70	265	2715451
NODE_1393_length_17907_cov_4.95737	gb_KM087851_+_0-1146_ARO:3002180_MIR-15	72.143	980	237	30	7823	8784	133	1094	5.46e-70	265	2715451
NODE_1393_length_17907_cov_4.95737	gb_KM087858_+_0-1146_ARO:3002175_MIR-10	72.041	980	238	29	7823	8784	133	1094	2.54e-68	259	2715451
NODE_1393_length_17907_cov_4.95737	gb_KM087860_+_0-1146_ARO:3002174_MIR-9	72.041	980	238	29	7823	8784	133	1094	2.54e-68	259	2715451
NODE_1393_length_17907_cov_4.95737	gb_JQ664733_+_0-1146_ARO:3002171_MIR-6	72.041	980	238	30	7823	8784	133	1094	2.54e-68	259	2715451
NODE_1393_length_17907_cov_4.95737	gb_KM087861_+_0-1146_ARO:3002181_MIR-16	72.041	980	238	29	7823	8784	133	1094	2.54e-68	259	2715451
NODE_1393_length_17907_cov_4.95737	gb_AY227752_+_88-1234_ARO:3002168_MIR-2	72.041	980	238	29	7823	8784	133	1094	2.54e-68	259	2715451
NODE_1393_length_17907_cov_4.95737	gb_EF417572_+_29-1175_ARO:3002167_MIR-4	71.853	977	245	25	7823	8784	133	1094	1.18e-66	254	2715451
NODE_1393_length_17907_cov_4.95737	gb_FJ237367_+_0-1146_ARO:3002173_MIR-8	71.939	980	239	30	7823	8784	133	1094	1.18e-66	254	2715451
NODE_1393_length_17907_cov_4.95737	gb_KM087863_+_0-1146_ARO:3002177_MIR-12	71.939	980	239	29	7823	8784	133	1094	1.18e-66	254	2715451
NODE_1393_length_17907_cov_4.95737	gb_KP050484_+_0-1146_ARO:3002170_MIR-5	71.939	980	239	29	7823	8784	133	1094	1.18e-66	254	2715451
NODE_1393_length_17907_cov_4.95737	gb_AY743435_+_13-1159_ARO:3002169_MIR-3	71.853	977	245	25	7823	8784	133	1094	1.18e-66	254	2715451
NODE_1393_length_17907_cov_4.95737	gb_M37839_+_927-2073_ARO:3002166_MIR-1	71.837	980	240	29	7823	8784	133	1094	5.50e-65	248	2715451
NODE_1393_length_17907_cov_4.95737	gb_LN515535_+_0-1146_ARO:3003173_MIR-17	71.837	980	240	29	7823	8784	133	1094	5.50e-65	248	2715451
NODE_1393_length_17907_cov_4.95737	gb_KM087862_+_0-1146_ARO:3002178_MIR-13	71.735	980	241	30	7823	8784	133	1094	2.56e-63	243	2715451
NODE_1393_length_17907_cov_4.95737	gb_KJ207207_+_479-1625_ARO:3001844_ACT-24	70.477	1006	269	24	7793	8784	103	1094	1.22e-46	187	2715451
NODE_1393_length_17907_cov_4.95737	gb_FJ237369_+_0-1146_ARO:3001824_ACT-5	70.518	1004	264	27	7797	8784	107	1094	4.38e-46	185	2715451
NODE_1393_length_17907_cov_4.95737	gb_KF992028_+_761-1907_ARO:3001839_ACT-18	72.277	606	155	12	7793	8392	103	701	2.63e-43	176	2715451
NODE_1393_length_17907_cov_4.95737	gb_KF526118_+_0-1146_ARO:3001842_ACT-21	71.508	723	184	18	8073	8784	383	1094	9.47e-43	174	2715451
NODE_1393_length_17907_cov_4.95737	gb_KF515536_+_0-1146_ARO:3001828_ACT-23	70.259	1002	270	25	7797	8784	107	1094	9.47e-43	174	2715451
NODE_1393_length_17907_cov_4.95737	gb_KM926621_+_751-1897_ARO:3003171_ACT-36	70.238	1008	268	27	7793	8784	103	1094	1.23e-41	171	2715451
NODE_1393_length_17907_cov_4.95737	gb_JX440354_+_756-1902_ARO:3001836_ACT-14	72.185	604	151	15	7797	8392	107	701	4.41e-41	169	2715451
NODE_1393_length_17907_cov_4.95737	gb_NC_000913.3_-_4377810-4378944_ARO:3004290_Escherichia	97.445	1135	27	2	7703	8836	1	1134	0.0	1934	434248
NODE_1393_length_17907_cov_4.95737	gb_KM087859_+_0-1146_ARO:3002176_MIR-11	72.143	980	237	29	7823	8784	133	1094	5.46e-70	265	434248
NODE_1393_length_17907_cov_4.95737	gb_KM087851_+_0-1146_ARO:3002180_MIR-15	72.143	980	237	30	7823	8784	133	1094	5.46e-70	265	434248
NODE_1393_length_17907_cov_4.95737	gb_KM087858_+_0-1146_ARO:3002175_MIR-10	72.041	980	238	29	7823	8784	133	1094	2.54e-68	259	434248
NODE_1393_length_17907_cov_4.95737	gb_KM087860_+_0-1146_ARO:3002174_MIR-9	72.041	980	238	29	7823	8784	133	1094	2.54e-68	259	434248
NODE_1393_length_17907_cov_4.95737	gb_JQ664733_+_0-1146_ARO:3002171_MIR-6	72.041	980	238	30	7823	8784	133	1094	2.54e-68	259	434248
NODE_1393_length_17907_cov_4.95737	gb_KM087861_+_0-1146_ARO:3002181_MIR-16	72.041	980	238	29	7823	8784	133	1094	2.54e-68	259	434248
NODE_1393_length_17907_cov_4.95737	gb_AY227752_+_88-1234_ARO:3002168_MIR-2	72.041	980	238	29	7823	8784	133	1094	2.54e-68	259	434248
NODE_1393_length_17907_cov_4.95737	gb_EF417572_+_29-1175_ARO:3002167_MIR-4	71.853	977	245	25	7823	8784	133	1094	1.18e-66	254	434248
NODE_1393_length_17907_cov_4.95737	gb_FJ237367_+_0-1146_ARO:3002173_MIR-8	71.939	980	239	30	7823	8784	133	1094	1.18e-66	254	434248
NODE_1393_length_17907_cov_4.95737	gb_KM087863_+_0-1146_ARO:3002177_MIR-12	71.939	980	239	29	7823	8784	133	1094	1.18e-66	254	434248
NODE_1393_length_17907_cov_4.95737	gb_KP050484_+_0-1146_ARO:3002170_MIR-5	71.939	980	239	29	7823	8784	133	1094	1.18e-66	254	434248
NODE_1393_length_17907_cov_4.95737	gb_AY743435_+_13-1159_ARO:3002169_MIR-3	71.853	977	245	25	7823	8784	133	1094	1.18e-66	254	434248
NODE_1393_length_17907_cov_4.95737	gb_M37839_+_927-2073_ARO:3002166_MIR-1	71.837	980	240	29	7823	8784	133	1094	5.50e-65	248	434248
NODE_1393_length_17907_cov_4.95737	gb_LN515535_+_0-1146_ARO:3003173_MIR-17	71.837	980	240	29	7823	8784	133	1094	5.50e-65	248	434248
NODE_1393_length_17907_cov_4.95737	gb_KM087862_+_0-1146_ARO:3002178_MIR-13	71.735	980	241	30	7823	8784	133	1094	2.56e-63	243	434248
NODE_1393_length_17907_cov_4.95737	gb_KJ207207_+_479-1625_ARO:3001844_ACT-24	70.477	1006	269	24	7793	8784	103	1094	1.22e-46	187	434248
NODE_1393_length_17907_cov_4.95737	gb_FJ237369_+_0-1146_ARO:3001824_ACT-5	70.518	1004	264	27	7797	8784	107	1094	4.38e-46	185	434248
NODE_1393_length_17907_cov_4.95737	gb_KF992028_+_761-1907_ARO:3001839_ACT-18	72.277	606	155	12	7793	8392	103	701	2.63e-43	176	434248
NODE_1393_length_17907_cov_4.95737	gb_KF526118_+_0-1146_ARO:3001842_ACT-21	71.508	723	184	18	8073	8784	383	1094	9.47e-43	174	434248
NODE_1393_length_17907_cov_4.95737	gb_KF515536_+_0-1146_ARO:3001828_ACT-23	70.259	1002	270	25	7797	8784	107	1094	9.47e-43	174	434248
NODE_1393_length_17907_cov_4.95737	gb_KM926621_+_751-1897_ARO:3003171_ACT-36	70.238	1008	268	27	7793	8784	103	1094	1.23e-41	171	434248
NODE_1393_length_17907_cov_4.95737	gb_JX440354_+_756-1902_ARO:3001836_ACT-14	72.185	604	151	15	7797	8392	107	701	4.41e-41	169	434248
NODE_1393_length_17907_cov_4.95737	gb_NC_000913.3_-_4377810-4378944_ARO:3004290_Escherichia	97.445	1135	27	2	7703	8836	1	1134	0.0	1934	126965
NODE_1393_length_17907_cov_4.95737	gb_KM087859_+_0-1146_ARO:3002176_MIR-11	72.143	980	237	29	7823	8784	133	1094	5.46e-70	265	126965
NODE_1393_length_17907_cov_4.95737	gb_KM087851_+_0-1146_ARO:3002180_MIR-15	72.143	980	237	30	7823	8784	133	1094	5.46e-70	265	126965
NODE_1393_length_17907_cov_4.95737	gb_KM087858_+_0-1146_ARO:3002175_MIR-10	72.041	980	238	29	7823	8784	133	1094	2.54e-68	259	126965
NODE_1393_length_17907_cov_4.95737	gb_KM087860_+_0-1146_ARO:3002174_MIR-9	72.041	980	238	29	7823	8784	133	1094	2.54e-68	259	126965
NODE_1393_length_17907_cov_4.95737	gb_JQ664733_+_0-1146_ARO:3002171_MIR-6	72.041	980	238	30	7823	8784	133	1094	2.54e-68	259	126965
NODE_1393_length_17907_cov_4.95737	gb_KM087861_+_0-1146_ARO:3002181_MIR-16	72.041	980	238	29	7823	8784	133	1094	2.54e-68	259	126965
NODE_1393_length_17907_cov_4.95737	gb_AY227752_+_88-1234_ARO:3002168_MIR-2	72.041	980	238	29	7823	8784	133	1094	2.54e-68	259	126965
NODE_1393_length_17907_cov_4.95737	gb_EF417572_+_29-1175_ARO:3002167_MIR-4	71.853	977	245	25	7823	8784	133	1094	1.18e-66	254	126965
NODE_1393_length_17907_cov_4.95737	gb_FJ237367_+_0-1146_ARO:3002173_MIR-8	71.939	980	239	30	7823	8784	133	1094	1.18e-66	254	126965
NODE_1393_length_17907_cov_4.95737	gb_KM087863_+_0-1146_ARO:3002177_MIR-12	71.939	980	239	29	7823	8784	133	1094	1.18e-66	254	126965
NODE_1393_length_17907_cov_4.95737	gb_KP050484_+_0-1146_ARO:3002170_MIR-5	71.939	980	239	29	7823	8784	133	1094	1.18e-66	254	126965
NODE_1393_length_17907_cov_4.95737	gb_AY743435_+_13-1159_ARO:3002169_MIR-3	71.853	977	245	25	7823	8784	133	1094	1.18e-66	254	126965
NODE_1393_length_17907_cov_4.95737	gb_M37839_+_927-2073_ARO:3002166_MIR-1	71.837	980	240	29	7823	8784	133	1094	5.50e-65	248	126965
NODE_1393_length_17907_cov_4.95737	gb_LN515535_+_0-1146_ARO:3003173_MIR-17	71.837	980	240	29	7823	8784	133	1094	5.50e-65	248	126965
NODE_1393_length_17907_cov_4.95737	gb_KM087862_+_0-1146_ARO:3002178_MIR-13	71.735	980	241	30	7823	8784	133	1094	2.56e-63	243	126965
NODE_1393_length_17907_cov_4.95737	gb_KJ207207_+_479-1625_ARO:3001844_ACT-24	70.477	1006	269	24	7793	8784	103	1094	1.22e-46	187	126965
NODE_1393_length_17907_cov_4.95737	gb_FJ237369_+_0-1146_ARO:3001824_ACT-5	70.518	1004	264	27	7797	8784	107	1094	4.38e-46	185	126965
NODE_1393_length_17907_cov_4.95737	gb_KF992028_+_761-1907_ARO:3001839_ACT-18	72.277	606	155	12	7793	8392	103	701	2.63e-43	176	126965
NODE_1393_length_17907_cov_4.95737	gb_KF526118_+_0-1146_ARO:3001842_ACT-21	71.508	723	184	18	8073	8784	383	1094	9.47e-43	174	126965
NODE_1393_length_17907_cov_4.95737	gb_KF515536_+_0-1146_ARO:3001828_ACT-23	70.259	1002	270	25	7797	8784	107	1094	9.47e-43	174	126965
NODE_1393_length_17907_cov_4.95737	gb_KM926621_+_751-1897_ARO:3003171_ACT-36	70.238	1008	268	27	7793	8784	103	1094	1.23e-41	171	126965
NODE_1393_length_17907_cov_4.95737	gb_JX440354_+_756-1902_ARO:3001836_ACT-14	72.185	604	151	15	7797	8392	107	701	4.41e-41	169	126965
NODE_2145_length_12431_cov_7.59333	gb_M57437_+_0-1647_ARO:3002827_tlrC	100.000	29	0	0	9736	9764	1499	1471	8.93e-07	54.7	47512
NODE_2202_length_12127_cov_5.68373	gb_NC_002516_+_2810008-2813197_ARO:3000804_MexF	82.051	234	40	2	2712	2944	1036	1268	3.80e-50	198	995061
NODE_2202_length_12127_cov_5.68373	gb_AFRQ01000061.1_-_23986-27124_ARO:3004144_AxyY	75.415	301	68	6	2711	3008	1023	1320	6.50e-33	141	995061
NODE_2202_length_12127_cov_5.68373	gb_NC_010378.1_+_47850-51003_ARO:3003923_oqxB	73.641	368	70	22	2731	3086	1055	1407	1.10e-25	117	995061
NODE_2202_length_12127_cov_5.68373	gb_NC_002516_+_2810008-2813197_ARO:3000804_MexF	82.051	234	40	2	2712	2944	1036	1268	3.80e-50	198	1572825
NODE_2202_length_12127_cov_5.68373	gb_AFRQ01000061.1_-_23986-27124_ARO:3004144_AxyY	75.415	301	68	6	2711	3008	1023	1320	6.50e-33	141	1572825
NODE_2202_length_12127_cov_5.68373	gb_NC_010378.1_+_47850-51003_ARO:3003923_oqxB	73.641	368	70	22	2731	3086	1055	1407	1.10e-25	117	1572825
NODE_2685_length_10222_cov_3.77122	gb_AY928180_+_0-495_ARO:3002837_lnuC	99.192	495	4	0	4492	4986	495	1	0.0	893	4758396
NODE_2685_length_10222_cov_3.77122	gb_AY928180_+_0-495_ARO:3002837_lnuC	99.192	495	4	0	4492	4986	495	1	0.0	893	2715501
NODE_2734_length_10059_cov_42.8866	gb_AF118110.1_-_71-1037_ARO:3003002_CfxA2	99.896	966	1	0	862	1827	1	966	0.0	1779	48508
NODE_2734_length_10059_cov_42.8866	gb_AF472622_+_52-1018_ARO:3003003_CfxA3	99.793	966	2	0	862	1827	1	966	0.0	1773	48508
NODE_2734_length_10059_cov_42.8866	gb_AY769934_+_27-993_ARO:3003096_CfxA5	99.793	966	2	0	862	1827	1	966	0.0	1773	48508
NODE_2734_length_10059_cov_42.8866	gb_U38243_+_149-1115_ARO:3003001_CfxA	99.793	966	2	0	862	1827	1	966	0.0	1773	48508
NODE_2734_length_10059_cov_42.8866	gb_AY769933_+_0-966_ARO:3003005_CfxA4	99.793	966	2	0	862	1827	1	966	0.0	1773	48508
NODE_2734_length_10059_cov_42.8866	gb_GQ342996_+_797-1793_ARO:3003097_CfxA6	89.130	966	102	3	858	1822	30	993	0.0	1199	48508
NODE_2734_length_10059_cov_42.8866	gb_AF118110.1_-_71-1037_ARO:3003002_CfxA2	99.896	966	1	0	862	1827	1	966	0.0	1779	780390
NODE_2734_length_10059_cov_42.8866	gb_AF472622_+_52-1018_ARO:3003003_CfxA3	99.793	966	2	0	862	1827	1	966	0.0	1773	780390
NODE_2734_length_10059_cov_42.8866	gb_AY769934_+_27-993_ARO:3003096_CfxA5	99.793	966	2	0	862	1827	1	966	0.0	1773	780390
NODE_2734_length_10059_cov_42.8866	gb_U38243_+_149-1115_ARO:3003001_CfxA	99.793	966	2	0	862	1827	1	966	0.0	1773	780390
NODE_2734_length_10059_cov_42.8866	gb_AY769933_+_0-966_ARO:3003005_CfxA4	99.793	966	2	0	862	1827	1	966	0.0	1773	780390
NODE_2734_length_10059_cov_42.8866	gb_GQ342996_+_797-1793_ARO:3003097_CfxA6	89.130	966	102	3	858	1822	30	993	0.0	1199	780390
NODE_2734_length_10059_cov_42.8866	gb_AF118110.1_-_71-1037_ARO:3003002_CfxA2	99.896	966	1	0	862	1827	1	966	0.0	1779	744443
NODE_2734_length_10059_cov_42.8866	gb_AF472622_+_52-1018_ARO:3003003_CfxA3	99.793	966	2	0	862	1827	1	966	0.0	1773	744443
NODE_2734_length_10059_cov_42.8866	gb_AY769934_+_27-993_ARO:3003096_CfxA5	99.793	966	2	0	862	1827	1	966	0.0	1773	744443
NODE_2734_length_10059_cov_42.8866	gb_U38243_+_149-1115_ARO:3003001_CfxA	99.793	966	2	0	862	1827	1	966	0.0	1773	744443
NODE_2734_length_10059_cov_42.8866	gb_AY769933_+_0-966_ARO:3003005_CfxA4	99.793	966	2	0	862	1827	1	966	0.0	1773	744443
NODE_2734_length_10059_cov_42.8866	gb_GQ342996_+_797-1793_ARO:3003097_CfxA6	89.130	966	102	3	858	1822	30	993	0.0	1199	744443
NODE_2734_length_10059_cov_42.8866	gb_AF118110.1_-_71-1037_ARO:3003002_CfxA2	99.896	966	1	0	862	1827	1	966	0.0	1779	4757241
NODE_2734_length_10059_cov_42.8866	gb_AF472622_+_52-1018_ARO:3003003_CfxA3	99.793	966	2	0	862	1827	1	966	0.0	1773	4757241
NODE_2734_length_10059_cov_42.8866	gb_AY769934_+_27-993_ARO:3003096_CfxA5	99.793	966	2	0	862	1827	1	966	0.0	1773	4757241
NODE_2734_length_10059_cov_42.8866	gb_U38243_+_149-1115_ARO:3003001_CfxA	99.793	966	2	0	862	1827	1	966	0.0	1773	4757241
NODE_2734_length_10059_cov_42.8866	gb_AY769933_+_0-966_ARO:3003005_CfxA4	99.793	966	2	0	862	1827	1	966	0.0	1773	4757241
NODE_2734_length_10059_cov_42.8866	gb_GQ342996_+_797-1793_ARO:3003097_CfxA6	89.130	966	102	3	858	1822	30	993	0.0	1199	4757241
NODE_2838_length_9726_cov_12.5306	gb_AJ295238.3_+_163-2083_ARO:3000196_tet32	76.211	702	149	17	1	693	1219	1911	1.71e-97	355	6215706
NODE_2838_length_9726_cov_12.5306	gb_AJ295238.3_+_163-2083_ARO:3000196_tet32	76.211	702	149	17	1	693	1219	1911	1.71e-97	355	806098
NODE_2838_length_9726_cov_12.5306	gb_AJ295238.3_+_163-2083_ARO:3000196_tet32	76.211	702	149	17	1	693	1219	1911	1.71e-97	355	176590
NODE_2878_length_9610_cov_45.5042	gb_NC_012469.1_-_1800927-1802391_ARO:3000616_mel	97.473	1464	37	0	1408	2871	1	1464	0.0	2499	52104
NODE_2878_length_9610_cov_45.5042	gb_NC_023287.1_-_65291-66509_ARO:3000615_mefA	91.941	1216	96	2	68	1282	1	1215	0.0	1701	52104
NODE_2878_length_9610_cov_45.5042	gb_L42817_+_201-936_ARO:3000522_ErmG	99.184	735	6	0	3643	4377	1	735	0.0	1325	52104
NODE_2878_length_9610_cov_45.5042	gb_M64090_+_0-735_ARO:3000595_ErmT	77.959	735	148	11	3643	4370	1	728	2.71e-125	448	52104
NODE_2878_length_9610_cov_45.5042	gb_NC_012469.1_-_1800927-1802391_ARO:3000616_mel	97.473	1464	37	0	1408	2871	1	1464	0.0	2499	2682442
NODE_2878_length_9610_cov_45.5042	gb_NC_023287.1_-_65291-66509_ARO:3000615_mefA	91.941	1216	96	2	68	1282	1	1215	0.0	1701	2682442
NODE_2878_length_9610_cov_45.5042	gb_L42817_+_201-936_ARO:3000522_ErmG	99.184	735	6	0	3643	4377	1	735	0.0	1325	2682442
NODE_2878_length_9610_cov_45.5042	gb_M64090_+_0-735_ARO:3000595_ErmT	77.959	735	148	11	3643	4370	1	728	2.71e-125	448	2682442
NODE_2878_length_9610_cov_45.5042	gb_NC_012469.1_-_1800927-1802391_ARO:3000616_mel	97.473	1464	37	0	1408	2871	1	1464	0.0	2499	742314
NODE_2878_length_9610_cov_45.5042	gb_NC_023287.1_-_65291-66509_ARO:3000615_mefA	91.941	1216	96	2	68	1282	1	1215	0.0	1701	742314
NODE_2878_length_9610_cov_45.5042	gb_L42817_+_201-936_ARO:3000522_ErmG	99.184	735	6	0	3643	4377	1	735	0.0	1325	742314
NODE_2878_length_9610_cov_45.5042	gb_M64090_+_0-735_ARO:3000595_ErmT	77.959	735	148	11	3643	4370	1	728	2.71e-125	448	742314
NODE_2878_length_9610_cov_45.5042	gb_NC_012469.1_-_1800927-1802391_ARO:3000616_mel	97.473	1464	37	0	1408	2871	1	1464	0.0	2499	3991811
NODE_2878_length_9610_cov_45.5042	gb_NC_023287.1_-_65291-66509_ARO:3000615_mefA	91.941	1216	96	2	68	1282	1	1215	0.0	1701	3991811
NODE_2878_length_9610_cov_45.5042	gb_L42817_+_201-936_ARO:3000522_ErmG	99.184	735	6	0	3643	4377	1	735	0.0	1325	3991811
NODE_2878_length_9610_cov_45.5042	gb_M64090_+_0-735_ARO:3000595_ErmT	77.959	735	148	11	3643	4370	1	728	2.71e-125	448	3991811
NODE_3543_length_8062_cov_2.82615	gb_Z11877.1_+_485-818_ARO:3004039_Escherichia	98.799	333	4	0	4723	5055	333	1	2.76e-169	593	1572941
NODE_3852_length_7531_cov_32.5336	gb_M18896.2_+_206-2126_ARO:3000190_tetO	99.696	1316	4	0	6216	7531	1	1316	0.0	2409	1452409
NODE_3852_length_7531_cov_32.5336	gb_AJ295238.3_+_163-2083_ARO:3000196_tet32	91.919	396	32	0	6216	6611	1	396	1.22e-157	555	1452409
NODE_3852_length_7531_cov_32.5336	gb_AJ295238.3_+_163-2083_ARO:3000196_tet32	79.736	227	46	0	7305	7531	1090	1316	2.40e-40	165	1452409
NODE_4661_length_6422_cov_18.7082	gb_AP006618.1_+_4835199-4838688_ARO:3000501_Nocardia	82.082	413	72	2	5138	5549	3365	2954	1.46e-96	351	4757606
NODE_5519_length_5595_cov_34.9289	gb_AF242872_+_2131-2878_ARO:3000375_ErmB	97.872	47	0	1	1	46	701	747	6.63e-15	80.5	398209
NODE_5519_length_5595_cov_34.9289	gb_AF242872_+_2131-2878_ARO:3000375_ErmB	97.872	47	0	1	1	46	701	747	6.63e-15	80.5	796795
NODE_6760_length_4721_cov_4.32533	gb_NC_007779_+_2586250-2589364_ARO:3000491_acrD	99.588	728	3	0	1	728	2387	3114	0.0	1328	6215961
NODE_7181_length_4509_cov_2.44387	gb_AFRQ01000061.1_-_23986-27124_ARO:3004144_AxyY	73.548	465	107	15	3232	3688	1023	1479	5.15e-40	163	1403006
NODE_7359_length_4409_cov_4.1989	gb_U00096.3_-_3203309-3204131_ARO:3002986_bacA	99.024	820	8	0	2636	3455	820	1	0.0	1471	126965
NODE_7359_length_4409_cov_4.1989	gb_U00096.3_-_3203309-3204131_ARO:3002986_bacA	99.024	820	8	0	2636	3455	820	1	0.0	1471	48512
NODE_8292_length_3970_cov_3.83167	gb_AP009048_-_4338624-4340268_ARO:3003576_eptA	99.659	1172	4	0	2799	3970	1644	473	0.0	2143	3526477
NODE_8672_length_3824_cov_64.3354	gb_AF242872_+_2131-2878_ARO:3000375_ErmB	100.000	52	0	0	3773	3824	1	52	4.49e-20	97.1	98194
NODE_10313_length_3289_cov_31.0649	gb_AF242872_+_2131-2878_ARO:3000375_ErmB	97.872	47	0	1	3244	3289	747	701	3.89e-15	80.5	703322
NODE_11013_length_3094_cov_5.29714	gb_U00096_+_3415032-3418137_ARO:3000502_acrF	98.422	1458	23	0	1	1458	1648	3105	0.0	2566	744434
NODE_11013_length_3094_cov_5.29714	gb_NC_003197.2_-_393893-397061_ARO:3000790_mdsB	81.928	83	9	6	1259	1338	2933	3012	1.02e-10	65.8	744434
NODE_11139_length_3061_cov_1.89288	gb_U00096_-_2098446-2099613_ARO:3003577_ugd	73.234	269	72	0	2267	2535	595	863	9.99e-21	99.0	2317212
NODE_11139_length_3061_cov_1.89288	gb_U00096_-_2098446-2099613_ARO:3003577_ugd	73.234	269	72	0	2267	2535	595	863	9.99e-21	99.0	4000055
NODE_14888_length_2351_cov_699.627	gb_Z21523_+_0-1974_ARO:3000191_tetQ	99.771	1746	4	0	606	2351	1	1746	0.0	3203	36028
NODE_14888_length_2351_cov_699.627	gb_Z21523_+_0-1974_ARO:3000191_tetQ	99.771	1746	4	0	606	2351	1	1746	0.0	3203	2317043
NODE_14888_length_2351_cov_699.627	gb_Z21523_+_0-1974_ARO:3000191_tetQ	99.771	1746	4	0	606	2351	1	1746	0.0	3203	1626192
NODE_14888_length_2351_cov_699.627	gb_Z21523_+_0-1974_ARO:3000191_tetQ	99.771	1746	4	0	606	2351	1	1746	0.0	3203	2317043
NODE_14888_length_2351_cov_699.627	gb_Z21523_+_0-1974_ARO:3000191_tetQ	99.771	1746	4	0	606	2351	1	1746	0.0	3203	3526293
NODE_16907_length_2088_cov_66.4176	gb_AF024666.2_-_2207-2969_ARO:3000596_ErmX	96.855	763	23	1	987	1749	762	1	0.0	1275	48482
NODE_17799_length_1984_cov_25.5117	gb_EU434751_+_658-2578_ARO:3000194_tetW	99.944	1798	1	0	1	1798	1798	1	0.0	3315	430018
NODE_17799_length_1984_cov_25.5117	gb_KU736867.1_+_19653-21573_ARO:3004442_tet(W/N/W)	96.774	1798	58	0	1	1798	1798	1	0.0	3000	430018
NODE_18721_length_1896_cov_35.5948	gb_AF242872_+_2131-2878_ARO:3000375_ErmB	100.000	52	0	0	1	52	52	1	2.22e-20	97.1	3523966
NODE_19511_length_1817_cov_3.90125	gb_NC_005024_+_42504-43944_ARO:3002597_AAC(6')-Ie-APH(2'')-Ia	100.000	54	0	0	1764	1817	1368	1315	1.64e-21	100	6215460
NODE_25276_length_1404_cov_1.97554	gb_NC_000913.3_-_721055-721733_ARO:3003841_kdpE	100.000	233	0	0	1	233	446	678	3.95e-121	431	4683064
NODE_29966_length_1190_cov_2.98238	gb_CP000800.1_-_1191727-1192954_ARO:3001329_mdtG	97.970	197	4	0	994	1190	1227	1031	1.61e-94	342	103435
NODE_47585_length_758_cov_531.673	gb_AF242872_+_2131-2878_ARO:3000375_ErmB	99.331	747	4	1	10	755	747	1	0.0	1351	2262548
NODE_47585_length_758_cov_531.673	gb_AF242872_+_2131-2878_ARO:3000375_ErmB	99.331	747	4	1	10	755	747	1	0.0	1351	479525
