NODE_55_length_140615_cov_32.6221	gb_GQ343019_+_132-1023_ARO:3002999_CblA-1	99.214	891	7	0	129770	130660	1	891	0.0	1607	1290457
NODE_55_length_140615_cov_32.6221	gb_GQ343019_+_132-1023_ARO:3002999_CblA-1	99.214	891	7	0	129770	130660	1	891	0.0	1607	2979343
NODE_55_length_140615_cov_32.6221	gb_GQ343019_+_132-1023_ARO:3002999_CblA-1	99.214	891	7	0	129770	130660	1	891	0.0	1607	1463990
NODE_55_length_140615_cov_32.6221	gb_GQ343019_+_132-1023_ARO:3002999_CblA-1	99.214	891	7	0	129770	130660	1	891	0.0	1607	146197
NODE_55_length_140615_cov_32.6221	gb_GQ343019_+_132-1023_ARO:3002999_CblA-1	99.214	891	7	0	129770	130660	1	891	0.0	1607	2979039
NODE_55_length_140615_cov_32.6221	gb_GQ343019_+_132-1023_ARO:3002999_CblA-1	99.214	891	7	0	129770	130660	1	891	0.0	1607	102382
NODE_55_length_140615_cov_32.6221	gb_GQ343019_+_132-1023_ARO:3002999_CblA-1	99.214	891	7	0	129770	130660	1	891	0.0	1607	1720261
NODE_55_length_140615_cov_32.6221	gb_GQ343019_+_132-1023_ARO:3002999_CblA-1	99.214	891	7	0	129770	130660	1	891	0.0	1607	6865084
NODE_55_length_140615_cov_32.6221	gb_GQ343019_+_132-1023_ARO:3002999_CblA-1	99.214	891	7	0	129770	130660	1	891	0.0	1607	6183322
NODE_55_length_140615_cov_32.6221	gb_GQ343019_+_132-1023_ARO:3002999_CblA-1	99.214	891	7	0	129770	130660	1	891	0.0	1607	5215965
NODE_55_length_140615_cov_32.6221	gb_GQ343019_+_132-1023_ARO:3002999_CblA-1	99.214	891	7	0	129770	130660	1	891	0.0	1607	1720152
NODE_55_length_140615_cov_32.6221	gb_GQ343019_+_132-1023_ARO:3002999_CblA-1	99.214	891	7	0	129770	130660	1	891	0.0	1607	2979226
NODE_58_length_132609_cov_5.38555	gb_U00096_-_2098446-2099613_ARO:3003577_ugd	79.433	141	27	2	65398	65537	860	721	4.34e-19	99.0	5216252
NODE_58_length_132609_cov_5.38555	gb_U00096_-_2098446-2099613_ARO:3003577_ugd	79.433	141	27	2	65398	65537	860	721	4.34e-19	99.0	3001667
NODE_58_length_132609_cov_5.38555	gb_U00096_-_2098446-2099613_ARO:3003577_ugd	79.433	141	27	2	65398	65537	860	721	4.34e-19	99.0	4414767
NODE_58_length_132609_cov_5.38555	gb_U00096_-_2098446-2099613_ARO:3003577_ugd	79.433	141	27	2	65398	65537	860	721	4.34e-19	99.0	2278594
NODE_58_length_132609_cov_5.38555	gb_U00096_-_2098446-2099613_ARO:3003577_ugd	79.433	141	27	2	65398	65537	860	721	4.34e-19	99.0	2553074
NODE_58_length_132609_cov_5.38555	gb_U00096_-_2098446-2099613_ARO:3003577_ugd	79.433	141	27	2	65398	65537	860	721	4.34e-19	99.0	5216696
NODE_58_length_132609_cov_5.38555	gb_U00096_-_2098446-2099613_ARO:3003577_ugd	79.433	141	27	2	65398	65537	860	721	4.34e-19	99.0	241361
NODE_58_length_132609_cov_5.38555	gb_U00096_-_2098446-2099613_ARO:3003577_ugd	79.433	141	27	2	65398	65537	860	721	4.34e-19	99.0	216461
NODE_330_length_56642_cov_42.1454	gb_AF173226_+_3767-6917_ARO:3003052_smeB	83.784	74	12	0	5946	6019	1242	1169	4.04e-11	71.3	960427
NODE_330_length_56642_cov_42.1454	gb_AJ252200_+_1278-4401_ARO:3003056_smeE	83.333	72	12	0	5946	6017	1242	1171	5.23e-10	67.6	960427
NODE_330_length_56642_cov_42.1454	gb_AF173226_+_3767-6917_ARO:3003052_smeB	83.784	74	12	0	5946	6019	1242	1169	4.04e-11	71.3	6873693
NODE_330_length_56642_cov_42.1454	gb_AJ252200_+_1278-4401_ARO:3003056_smeE	83.333	72	12	0	5946	6017	1242	1171	5.23e-10	67.6	6873693
NODE_330_length_56642_cov_42.1454	gb_AF173226_+_3767-6917_ARO:3003052_smeB	83.784	74	12	0	5946	6019	1242	1169	4.04e-11	71.3	2978844
NODE_330_length_56642_cov_42.1454	gb_AJ252200_+_1278-4401_ARO:3003056_smeE	83.333	72	12	0	5946	6017	1242	1171	5.23e-10	67.6	2978844
NODE_330_length_56642_cov_42.1454	gb_AF173226_+_3767-6917_ARO:3003052_smeB	83.784	74	12	0	5946	6019	1242	1169	4.04e-11	71.3	2979205
NODE_330_length_56642_cov_42.1454	gb_AJ252200_+_1278-4401_ARO:3003056_smeE	83.333	72	12	0	5946	6017	1242	1171	5.23e-10	67.6	2979205
NODE_330_length_56642_cov_42.1454	gb_AF173226_+_3767-6917_ARO:3003052_smeB	83.784	74	12	0	5946	6019	1242	1169	4.04e-11	71.3	2979345
NODE_330_length_56642_cov_42.1454	gb_AJ252200_+_1278-4401_ARO:3003056_smeE	83.333	72	12	0	5946	6017	1242	1171	5.23e-10	67.6	2979345
NODE_330_length_56642_cov_42.1454	gb_AF173226_+_3767-6917_ARO:3003052_smeB	83.784	74	12	0	5946	6019	1242	1169	4.04e-11	71.3	3896379
NODE_330_length_56642_cov_42.1454	gb_AJ252200_+_1278-4401_ARO:3003056_smeE	83.333	72	12	0	5946	6017	1242	1171	5.23e-10	67.6	3896379
NODE_330_length_56642_cov_42.1454	gb_AF173226_+_3767-6917_ARO:3003052_smeB	83.784	74	12	0	5946	6019	1242	1169	4.04e-11	71.3	5215956
NODE_330_length_56642_cov_42.1454	gb_AJ252200_+_1278-4401_ARO:3003056_smeE	83.333	72	12	0	5946	6017	1242	1171	5.23e-10	67.6	5215956
NODE_330_length_56642_cov_42.1454	gb_AF173226_+_3767-6917_ARO:3003052_smeB	83.784	74	12	0	5946	6019	1242	1169	4.04e-11	71.3	1719880
NODE_330_length_56642_cov_42.1454	gb_AJ252200_+_1278-4401_ARO:3003056_smeE	83.333	72	12	0	5946	6017	1242	1171	5.23e-10	67.6	1719880
NODE_330_length_56642_cov_42.1454	gb_AF173226_+_3767-6917_ARO:3003052_smeB	83.784	74	12	0	5946	6019	1242	1169	4.04e-11	71.3	1119250
NODE_330_length_56642_cov_42.1454	gb_AJ252200_+_1278-4401_ARO:3003056_smeE	83.333	72	12	0	5946	6017	1242	1171	5.23e-10	67.6	1119250
NODE_1286_length_22512_cov_4.90778	gb_L42817_+_201-936_ARO:3000522_ErmG	99.456	735	4	0	3941	4675	735	1	0.0	1336	1719998
NODE_1286_length_22512_cov_4.90778	gb_M64090_+_0-735_ARO:3000595_ErmT	77.959	735	148	11	3948	4675	728	1	6.36e-125	448	1719998
NODE_1789_length_17148_cov_10.1911	gb_AF235050.4_+_38028-40140_ARO:3003318_Streptomyces	74.230	357	72	15	15993	16339	75	421	5.54e-30	132	275243
NODE_1789_length_17148_cov_10.1911	gb_AF235050.4_+_38028-40140_ARO:3003318_Streptomyces	74.230	357	72	15	15993	16339	75	421	5.54e-30	132	270465
NODE_1789_length_17148_cov_10.1911	gb_AF235050.4_+_38028-40140_ARO:3003318_Streptomyces	74.230	357	72	15	15993	16339	75	421	5.54e-30	132	960513
NODE_1789_length_17148_cov_10.1911	gb_AF235050.4_+_38028-40140_ARO:3003318_Streptomyces	74.230	357	72	15	15993	16339	75	421	5.54e-30	132	957868
NODE_1789_length_17148_cov_10.1911	gb_AF235050.4_+_38028-40140_ARO:3003318_Streptomyces	74.230	357	72	15	15993	16339	75	421	5.54e-30	132	132779
NODE_1789_length_17148_cov_10.1911	gb_AF235050.4_+_38028-40140_ARO:3003318_Streptomyces	74.230	357	72	15	15993	16339	75	421	5.54e-30	132	435913
NODE_1789_length_17148_cov_10.1911	gb_AF235050.4_+_38028-40140_ARO:3003318_Streptomyces	74.230	357	72	15	15993	16339	75	421	5.54e-30	132	5215970
NODE_3201_length_10727_cov_25.7189	gb_X63451_+_0-1653_ARO:3002828_srmB	92.500	40	3	0	5491	5530	1496	1457	5.96e-08	58.4	6874236
NODE_3201_length_10727_cov_25.7189	gb_X63451_+_0-1653_ARO:3002828_srmB	92.500	40	3	0	5491	5530	1496	1457	5.96e-08	58.4	6873782
NODE_3201_length_10727_cov_25.7189	gb_X63451_+_0-1653_ARO:3002828_srmB	92.500	40	3	0	5491	5530	1496	1457	5.96e-08	58.4	968180
NODE_3201_length_10727_cov_25.7189	gb_X63451_+_0-1653_ARO:3002828_srmB	92.500	40	3	0	5491	5530	1496	1457	5.96e-08	58.4	1212689
NODE_3201_length_10727_cov_25.7189	gb_X63451_+_0-1653_ARO:3002828_srmB	92.500	40	3	0	5491	5530	1496	1457	5.96e-08	58.4	3701551
NODE_3201_length_10727_cov_25.7189	gb_X63451_+_0-1653_ARO:3002828_srmB	92.500	40	3	0	5491	5530	1496	1457	5.96e-08	58.4	3896769
NODE_4127_length_8560_cov_3.65079	gb_AF235050.4_+_38028-40140_ARO:3003318_Streptomyces	77.844	167	35	2	8356	8521	256	421	2.17e-21	102	81074
NODE_5038_length_7244_cov_4.17165	gb_NC_007779_+_2586250-2589364_ARO:3000491_acrD	96.875	32	1	0	1161	1192	1876	1907	5.20e-07	54.7	5216721
NODE_5038_length_7244_cov_4.17165	gb_NC_007779_+_2586250-2589364_ARO:3000491_acrD	96.875	32	1	0	1161	1192	1876	1907	5.20e-07	54.7	5216687
NODE_6997_length_5385_cov_16.6375	gb_AF242872_+_2131-2878_ARO:3000375_ErmB	98.148	54	1	0	1	54	725	672	2.28e-19	95.3	3896519
NODE_10772_length_3604_cov_53.6886	gb_NC_005024_+_42504-43944_ARO:3002597_AAC(6')-Ie-APH(2'')-Ia	86.768	922	117	5	1	919	922	3	0.0	1022	6873492
NODE_10772_length_3604_cov_53.6886	gb_AY701528.1_+_9695-10589_ARO:3004191_APH(2'')-If	86.604	321	39	4	1	319	361	43	8.18e-97	351	6873492
NODE_32650_length_1145_cov_1.70734	gb_AF235050.4_+_38028-40140_ARO:3003318_Streptomyces	100.000	31	0	0	872	902	1926	1896	6.27e-09	58.4	3953603
NODE_32650_length_1145_cov_1.70734	gb_AF235050.4_+_38028-40140_ARO:3003318_Streptomyces	100.000	31	0	0	872	902	1926	1896	6.27e-09	58.4	114758
NODE_36780_length_1010_cov_1.12042	gb_AF235050.4_+_38028-40140_ARO:3003318_Streptomyces	78.191	188	31	7	704	886	2067	1885	4.18e-25	111	181298
NODE_36780_length_1010_cov_1.12042	gb_AF235050.4_+_38028-40140_ARO:3003318_Streptomyces	78.191	188	31	7	704	886	2067	1885	4.18e-25	111	67510
NODE_39779_length_932_cov_227.252	gb_Z21523_+_0-1974_ARO:3000191_tetQ	99.083	109	1	0	824	932	1	109	1.03e-50	196	703558
NODE_44280_length_837_cov_135.88	gb_AY701528.1_+_9695-10589_ARO:3004191_APH(2'')-If	100.000	588	0	0	1	588	307	894	0.0	1086	6873492
NODE_44280_length_837_cov_135.88	gb_NC_005024_+_42504-43944_ARO:3002597_AAC(6')-Ie-APH(2'')-Ia	80.749	561	102	6	4	561	871	1428	6.49e-122	433	6873492
NODE_76899_length_498_cov_2.42212	gb_L20800_+_2308-4267_ARO:3000195_tetB(P)	96.746	461	15	0	1	461	461	1	0.0	769	6556826
NODE_76899_length_498_cov_2.42212	gb_L20800_+_1062-2325_ARO:3000180_tetA(P)	96.296	54	2	0	445	498	1263	1210	9.46e-19	89.8	6556826
