NODE_8_length_108137_cov_5.0514	gb_NC_005076_+_4149-5628_ARO:3003111_lsaB	71.148	610	148	27	96125	96720	596	1	1.62e-27	126	107571
NODE_8_length_108137_cov_5.0514	gb_NC_005076_+_4149-5628_ARO:3003111_lsaB	71.148	610	148	27	96125	96720	596	1	1.62e-27	126	1287855
NODE_8_length_108137_cov_5.0514	gb_NC_005076_+_4149-5628_ARO:3003111_lsaB	71.148	610	148	27	96125	96720	596	1	1.62e-27	126	6728611
NODE_8_length_108137_cov_5.0514	gb_NC_005076_+_4149-5628_ARO:3003111_lsaB	71.148	610	148	27	96125	96720	596	1	1.62e-27	126	2547581
NODE_8_length_108137_cov_5.0514	gb_NC_005076_+_4149-5628_ARO:3003111_lsaB	71.148	610	148	27	96125	96720	596	1	1.62e-27	126	2547581
NODE_151_length_29020_cov_9.28003	gb_HQ652506.1_+_373-2098_ARO:3004032_tetA(46)	88.290	1725	202	0	20329	22053	1725	1	0.0	2067	47874
NODE_151_length_29020_cov_9.28003	gb_HQ652506.1_+_2099-3836_ARO:3004033_tetB(46)	85.755	1741	240	8	18591	20327	1737	1	0.0	1834	47874
NODE_348_length_19330_cov_13.1696	gb_AF235050.4_+_38028-40140_ARO:3003318_Streptomyces	78.068	383	74	9	1840	2217	453	76	1.66e-60	233	126008
NODE_348_length_19330_cov_13.1696	gb_AF235050.4_+_38028-40140_ARO:3003318_Streptomyces	78.068	383	74	9	1840	2217	453	76	1.66e-60	233	262297
NODE_348_length_19330_cov_13.1696	gb_AF235050.4_+_38028-40140_ARO:3003318_Streptomyces	78.068	383	74	9	1840	2217	453	76	1.66e-60	233	509621
NODE_348_length_19330_cov_13.1696	gb_AF235050.4_+_38028-40140_ARO:3003318_Streptomyces	78.068	383	74	9	1840	2217	453	76	1.66e-60	233	1153095
NODE_348_length_19330_cov_13.1696	gb_AF235050.4_+_38028-40140_ARO:3003318_Streptomyces	78.068	383	74	9	1840	2217	453	76	1.66e-60	233	1153095
NODE_348_length_19330_cov_13.1696	gb_AF235050.4_+_38028-40140_ARO:3003318_Streptomyces	78.068	383	74	9	1840	2217	453	76	1.66e-60	233	469791
NODE_453_length_16751_cov_5.41243	gb_AY768532_+_0-1935_ARO:3000535_macB	81.379	1944	347	14	12761	14698	1935	1	0.0	1570	1549061
NODE_453_length_16751_cov_5.41243	gb_AY768532_+_0-1935_ARO:3000535_macB	81.379	1944	347	14	12761	14698	1935	1	0.0	1570	800611
NODE_453_length_16751_cov_5.41243	gb_AY768532_+_0-1935_ARO:3000535_macB	81.379	1944	347	14	12761	14698	1935	1	0.0	1570	172894
NODE_453_length_16751_cov_5.41243	gb_AY768532_+_0-1935_ARO:3000535_macB	81.379	1944	347	14	12761	14698	1935	1	0.0	1570	5090612
NODE_453_length_16751_cov_5.41243	gb_AY768532_+_0-1935_ARO:3000535_macB	81.379	1944	347	14	12761	14698	1935	1	0.0	1570	5090612
NODE_453_length_16751_cov_5.41243	gb_AY768532_+_0-1935_ARO:3000535_macB	81.379	1944	347	14	12761	14698	1935	1	0.0	1570	47137
NODE_589_length_14623_cov_5.20387	gb_NC_003112.2_-_1791966-1795170_ARO:3000811_mtrD	81.175	3182	587	10	2736	5911	3176	1	0.0	2547	207642
NODE_1087_length_10348_cov_30.4302	gb_AP006618.1_+_4835199-4838688_ARO:3000501_Nocardia	86.527	334	41	4	3699	4030	2968	3299	3.03e-100	364	2957932
NODE_1087_length_10348_cov_30.4302	gb_AP006618.1_+_4835199-4838688_ARO:3000501_Nocardia	86.527	334	41	4	3699	4030	2968	3299	3.03e-100	364	470756
NODE_1348_length_9057_cov_78.3501	gb_AM180355_+_600033-601953_ARO:3000186_tetM	86.883	770	101	0	8288	9057	1	770	0.0	863	96940
NODE_1348_length_9057_cov_78.3501	gb_AM180355_+_600033-601953_ARO:3000186_tetM	86.883	770	101	0	8288	9057	1	770	0.0	863	82213
NODE_2186_length_6609_cov_3.56271	gb_U00096_+_2812615-2814154_ARO:3000074_emrB	70.008	1177	313	35	1514	2670	23	1179	2.09e-45	182	68128
NODE_2414_length_6171_cov_17.321	gb_CP007593.1_+_2148923-2149772_ARO:3001301_RlmA(II)	77.633	845	181	8	4947	5787	1	841	2.83e-143	507	43569
NODE_2414_length_6171_cov_17.321	gb_CP007593.1_+_2148923-2149772_ARO:3001301_RlmA(II)	77.633	845	181	8	4947	5787	1	841	2.83e-143	507	43569
NODE_2414_length_6171_cov_17.321	gb_CP007593.1_+_2148923-2149772_ARO:3001301_RlmA(II)	77.633	845	181	8	4947	5787	1	841	2.83e-143	507	93108
NODE_2414_length_6171_cov_17.321	gb_CP007593.1_+_2148923-2149772_ARO:3001301_RlmA(II)	77.633	845	181	8	4947	5787	1	841	2.83e-143	507	93108
NODE_2414_length_6171_cov_17.321	gb_CP007593.1_+_2148923-2149772_ARO:3001301_RlmA(II)	77.633	845	181	8	4947	5787	1	841	2.83e-143	507	93269
NODE_2844_length_5511_cov_30.1791	gb_NC_012469.1_-_1800927-1802391_ARO:3000616_mel	100.000	1464	0	0	2444	3907	1	1464	0.0	2704	129263
NODE_2844_length_5511_cov_30.1791	gb_NC_023287.1_-_65291-66509_ARO:3000615_mefA	96.962	1218	37	0	1107	2324	1	1218	0.0	2045	129263
NODE_2844_length_5511_cov_30.1791	gb_NC_012469.1_-_1800927-1802391_ARO:3000616_mel	100.000	1464	0	0	2444	3907	1	1464	0.0	2704	359183
NODE_2844_length_5511_cov_30.1791	gb_NC_023287.1_-_65291-66509_ARO:3000615_mefA	96.962	1218	37	0	1107	2324	1	1218	0.0	2045	359183
NODE_2845_length_5511_cov_6.30957	gb_Z21523_+_0-1974_ARO:3000191_tetQ	97.342	1919	51	0	3593	5511	1974	56	0.0	3262	1113790
NODE_2845_length_5511_cov_6.30957	gb_Z21523_+_0-1974_ARO:3000191_tetQ	97.342	1919	51	0	3593	5511	1974	56	0.0	3262	6727462
NODE_3591_length_4678_cov_17.0647	gb_HQ652506.1_+_2099-3836_ARO:3004033_tetB(46)	92.741	1722	123	2	2203	3923	1721	1	0.0	2486	1145815
NODE_3591_length_4678_cov_17.0647	gb_HQ652506.1_+_373-2098_ARO:3004032_tetA(46)	93.634	754	48	0	3925	4678	1725	972	0.0	1127	1145815
NODE_3652_length_4632_cov_6.31374	gb_NC_003098.1_-_1359228-1360395_ARO:3000025_patB	93.316	1167	78	0	2796	3962	1167	1	0.0	1724	1709199
NODE_3652_length_4632_cov_6.31374	gb_NC_003098.1_-_1359228-1360395_ARO:3000025_patB	93.316	1167	78	0	2796	3962	1167	1	0.0	1724	1367987
NODE_3652_length_4632_cov_6.31374	gb_NC_003098.1_-_1359228-1360395_ARO:3000025_patB	93.316	1167	78	0	2796	3962	1167	1	0.0	1724	1367987
NODE_4577_length_3901_cov_6.26417	gb_AF472622_+_52-1018_ARO:3003003_CfxA3	98.276	58	1	0	1	58	121	64	9.85e-22	102	55014
NODE_4577_length_3901_cov_6.26417	gb_AY769934_+_27-993_ARO:3003096_CfxA5	98.276	58	1	0	1	58	121	64	9.85e-22	102	55014
NODE_4577_length_3901_cov_6.26417	gb_U38243_+_149-1115_ARO:3003001_CfxA	98.276	58	1	0	1	58	121	64	9.85e-22	102	55014
NODE_4577_length_3901_cov_6.26417	gb_AY769933_+_0-966_ARO:3003005_CfxA4	98.276	58	1	0	1	58	121	64	9.85e-22	102	55014
NODE_4577_length_3901_cov_6.26417	gb_AF118110.1_-_71-1037_ARO:3003002_CfxA2	98.276	58	1	0	1	58	121	64	9.85e-22	102	55014
NODE_8207_length_2429_cov_5.81803	gb_AF472622_+_52-1018_ARO:3003003_CfxA3	100.000	52	0	0	2378	2429	966	915	2.84e-20	97.1	1214309
NODE_8207_length_2429_cov_5.81803	gb_AY769934_+_27-993_ARO:3003096_CfxA5	100.000	52	0	0	2378	2429	966	915	2.84e-20	97.1	1214309
NODE_8207_length_2429_cov_5.81803	gb_U38243_+_149-1115_ARO:3003001_CfxA	100.000	52	0	0	2378	2429	966	915	2.84e-20	97.1	1214309
NODE_8207_length_2429_cov_5.81803	gb_AY769933_+_0-966_ARO:3003005_CfxA4	100.000	52	0	0	2378	2429	966	915	2.84e-20	97.1	1214309
NODE_8207_length_2429_cov_5.81803	gb_AF118110.1_-_71-1037_ARO:3003002_CfxA2	100.000	52	0	0	2378	2429	966	915	2.84e-20	97.1	1214309
NODE_12177_length_1724_cov_42.1216	gb_AY928180_+_0-495_ARO:3002837_lnuC	99.192	495	4	0	1149	1643	1	495	0.0	893	18364
NODE_16418_length_1328_cov_52.7345	gb_AF024666.2_-_2207-2969_ARO:3000596_ErmX	99.869	763	0	1	343	1105	762	1	0.0	1402	4401206
NODE_16418_length_1328_cov_52.7345	gb_AF024666.2_-_2207-2969_ARO:3000596_ErmX	99.869	763	0	1	343	1105	762	1	0.0	1402	11962
NODE_17326_length_1267_cov_6.17492	gb_CP007593.1_+_2148923-2149772_ARO:3001301_RlmA(II)	93.994	333	20	0	933	1265	849	517	2.07e-143	505	2912058
NODE_17326_length_1267_cov_6.17492	gb_CP007593.1_+_2148923-2149772_ARO:3001301_RlmA(II)	93.994	333	20	0	933	1265	849	517	2.07e-143	505	4466695
NODE_17326_length_1267_cov_6.17492	gb_CP007593.1_+_2148923-2149772_ARO:3001301_RlmA(II)	93.994	333	20	0	933	1265	849	517	2.07e-143	505	41480
NODE_19368_length_1150_cov_94.7689	gb_AF242872_+_2131-2878_ARO:3000375_ErmB	99.465	747	3	1	66	811	747	1	0.0	1356	582020
NODE_23351_length_980_cov_1.58919	gb_NC_003112.2_+_329612-330767_ARO:3003961_farA	73.063	839	210	16	73	903	957	127	8.11e-77	283	4966694
NODE_54261_length_490_cov_1.34713	gb_HM990671_+_5192-6671_ARO:3003112_lsaC	95.096	469	23	0	1	469	1011	1479	0.0	739	1287870
NODE_70593_length_370_cov_0.844444	gb_HM990671_+_5192-6671_ARO:3003112_lsaC	96.486	370	13	0	1	370	477	846	3.33e-176	612	1287870
