NODE_15_length_105865_cov_4.88795	gb_M80346_+_0-1656_ARO:3002817_carA	100.000	34	0	0	75211	75244	1502	1469	1.26e-08	63.9	604386
NODE_15_length_105865_cov_4.88795	gb_M80346_+_0-1656_ARO:3002817_carA	92.857	42	2	1	76090	76131	1502	1462	1.63e-07	60.2	604386
NODE_15_length_105865_cov_4.88795	gb_M80346_+_0-1656_ARO:3002817_carA	100.000	34	0	0	75211	75244	1502	1469	1.26e-08	63.9	1432760
NODE_15_length_105865_cov_4.88795	gb_M80346_+_0-1656_ARO:3002817_carA	92.857	42	2	1	76090	76131	1502	1462	1.63e-07	60.2	1432760
NODE_15_length_105865_cov_4.88795	gb_M80346_+_0-1656_ARO:3002817_carA	100.000	34	0	0	75211	75244	1502	1469	1.26e-08	63.9	4571813
NODE_15_length_105865_cov_4.88795	gb_M80346_+_0-1656_ARO:3002817_carA	92.857	42	2	1	76090	76131	1502	1462	1.63e-07	60.2	4571813
NODE_15_length_105865_cov_4.88795	gb_M80346_+_0-1656_ARO:3002817_carA	100.000	34	0	0	75211	75244	1502	1469	1.26e-08	63.9	4571553
NODE_15_length_105865_cov_4.88795	gb_M80346_+_0-1656_ARO:3002817_carA	92.857	42	2	1	76090	76131	1502	1462	1.63e-07	60.2	4571553
NODE_15_length_105865_cov_4.88795	gb_M80346_+_0-1656_ARO:3002817_carA	100.000	34	0	0	75211	75244	1502	1469	1.26e-08	63.9	540098
NODE_15_length_105865_cov_4.88795	gb_M80346_+_0-1656_ARO:3002817_carA	92.857	42	2	1	76090	76131	1502	1462	1.63e-07	60.2	540098
NODE_15_length_105865_cov_4.88795	gb_M80346_+_0-1656_ARO:3002817_carA	100.000	34	0	0	75211	75244	1502	1469	1.26e-08	63.9	6102486
NODE_15_length_105865_cov_4.88795	gb_M80346_+_0-1656_ARO:3002817_carA	92.857	42	2	1	76090	76131	1502	1462	1.63e-07	60.2	6102486
NODE_15_length_105865_cov_4.88795	gb_M80346_+_0-1656_ARO:3002817_carA	100.000	34	0	0	75211	75244	1502	1469	1.26e-08	63.9	4146781
NODE_15_length_105865_cov_4.88795	gb_M80346_+_0-1656_ARO:3002817_carA	92.857	42	2	1	76090	76131	1502	1462	1.63e-07	60.2	4146781
NODE_15_length_105865_cov_4.88795	gb_M80346_+_0-1656_ARO:3002817_carA	100.000	34	0	0	75211	75244	1502	1469	1.26e-08	63.9	866535
NODE_15_length_105865_cov_4.88795	gb_M80346_+_0-1656_ARO:3002817_carA	92.857	42	2	1	76090	76131	1502	1462	1.63e-07	60.2	866535
NODE_15_length_105865_cov_4.88795	gb_M80346_+_0-1656_ARO:3002817_carA	100.000	34	0	0	75211	75244	1502	1469	1.26e-08	63.9	1221642
NODE_15_length_105865_cov_4.88795	gb_M80346_+_0-1656_ARO:3002817_carA	92.857	42	2	1	76090	76131	1502	1462	1.63e-07	60.2	1221642
NODE_15_length_105865_cov_4.88795	gb_M80346_+_0-1656_ARO:3002817_carA	100.000	34	0	0	75211	75244	1502	1469	1.26e-08	63.9	2034265
NODE_15_length_105865_cov_4.88795	gb_M80346_+_0-1656_ARO:3002817_carA	92.857	42	2	1	76090	76131	1502	1462	1.63e-07	60.2	2034265
NODE_20_length_94227_cov_15.4544	gb_HM990671_+_5192-6671_ARO:3003112_lsaC	100.000	29	0	0	69579	69607	452	424	6.77e-06	54.7	2018772
NODE_20_length_94227_cov_15.4544	gb_HM990671_+_5192-6671_ARO:3003112_lsaC	100.000	29	0	0	69579	69607	452	424	6.77e-06	54.7	4572611
NODE_20_length_94227_cov_15.4544	gb_HM990671_+_5192-6671_ARO:3003112_lsaC	100.000	29	0	0	69579	69607	452	424	6.77e-06	54.7	2280406
NODE_20_length_94227_cov_15.4544	gb_HM990671_+_5192-6671_ARO:3003112_lsaC	100.000	29	0	0	69579	69607	452	424	6.77e-06	54.7	1315988
NODE_20_length_94227_cov_15.4544	gb_HM990671_+_5192-6671_ARO:3003112_lsaC	100.000	29	0	0	69579	69607	452	424	6.77e-06	54.7	857097
NODE_20_length_94227_cov_15.4544	gb_HM990671_+_5192-6671_ARO:3003112_lsaC	100.000	29	0	0	69579	69607	452	424	6.77e-06	54.7	4573413
NODE_20_length_94227_cov_15.4544	gb_HM990671_+_5192-6671_ARO:3003112_lsaC	100.000	29	0	0	69579	69607	452	424	6.77e-06	54.7	4573549
NODE_20_length_94227_cov_15.4544	gb_HM990671_+_5192-6671_ARO:3003112_lsaC	100.000	29	0	0	69579	69607	452	424	6.77e-06	54.7	6102596
NODE_20_length_94227_cov_15.4544	gb_HM990671_+_5192-6671_ARO:3003112_lsaC	100.000	29	0	0	69579	69607	452	424	6.77e-06	54.7	6102262
NODE_20_length_94227_cov_15.4544	gb_HM990671_+_5192-6671_ARO:3003112_lsaC	100.000	29	0	0	69579	69607	452	424	6.77e-06	54.7	596530
NODE_43_length_67407_cov_18.4925	gb_AF024666.2_-_2207-2969_ARO:3000596_ErmX	99.869	763	0	1	66421	67183	762	1	0.0	1402	1523335
NODE_43_length_67407_cov_18.4925	gb_AF024666.2_-_2207-2969_ARO:3000596_ErmX	99.869	763	0	1	66421	67183	762	1	0.0	1402	6102216
NODE_43_length_67407_cov_18.4925	gb_AF024666.2_-_2207-2969_ARO:3000596_ErmX	99.869	763	0	1	66421	67183	762	1	0.0	1402	353412
NODE_43_length_67407_cov_18.4925	gb_AF024666.2_-_2207-2969_ARO:3000596_ErmX	99.869	763	0	1	66421	67183	762	1	0.0	1402	265585
NODE_43_length_67407_cov_18.4925	gb_AF024666.2_-_2207-2969_ARO:3000596_ErmX	99.869	763	0	1	66421	67183	762	1	0.0	1402	1508090
NODE_43_length_67407_cov_18.4925	gb_AF024666.2_-_2207-2969_ARO:3000596_ErmX	99.869	763	0	1	66421	67183	762	1	0.0	1402	2237394
NODE_43_length_67407_cov_18.4925	gb_AF024666.2_-_2207-2969_ARO:3000596_ErmX	99.869	763	0	1	66421	67183	762	1	0.0	1402	411724
NODE_43_length_67407_cov_18.4925	gb_AF024666.2_-_2207-2969_ARO:3000596_ErmX	99.869	763	0	1	66421	67183	762	1	0.0	1402	462040
NODE_43_length_67407_cov_18.4925	gb_AF024666.2_-_2207-2969_ARO:3000596_ErmX	99.869	763	0	1	66421	67183	762	1	0.0	1402	462040
NODE_43_length_67407_cov_18.4925	gb_AF024666.2_-_2207-2969_ARO:3000596_ErmX	99.869	763	0	1	66421	67183	762	1	0.0	1402	2765509
NODE_73_length_54219_cov_24.6104	gb_AF235050.4_+_38028-40140_ARO:3003318_Streptomyces	78.307	378	74	7	16827	17200	76	449	3.61e-61	237	120836
NODE_73_length_54219_cov_24.6104	gb_AF235050.4_+_38028-40140_ARO:3003318_Streptomyces	86.154	65	9	0	18591	18655	1897	1961	3.87e-11	71.3	120836
NODE_73_length_54219_cov_24.6104	gb_AF235050.4_+_38028-40140_ARO:3003318_Streptomyces	78.307	378	74	7	16827	17200	76	449	3.61e-61	237	4573390
NODE_73_length_54219_cov_24.6104	gb_AF235050.4_+_38028-40140_ARO:3003318_Streptomyces	86.154	65	9	0	18591	18655	1897	1961	3.87e-11	71.3	4573390
NODE_73_length_54219_cov_24.6104	gb_AF235050.4_+_38028-40140_ARO:3003318_Streptomyces	78.307	378	74	7	16827	17200	76	449	3.61e-61	237	13600
NODE_73_length_54219_cov_24.6104	gb_AF235050.4_+_38028-40140_ARO:3003318_Streptomyces	86.154	65	9	0	18591	18655	1897	1961	3.87e-11	71.3	13600
NODE_73_length_54219_cov_24.6104	gb_AF235050.4_+_38028-40140_ARO:3003318_Streptomyces	78.307	378	74	7	16827	17200	76	449	3.61e-61	237	13600
NODE_73_length_54219_cov_24.6104	gb_AF235050.4_+_38028-40140_ARO:3003318_Streptomyces	86.154	65	9	0	18591	18655	1897	1961	3.87e-11	71.3	13600
NODE_73_length_54219_cov_24.6104	gb_AF235050.4_+_38028-40140_ARO:3003318_Streptomyces	78.307	378	74	7	16827	17200	76	449	3.61e-61	237	3405315
NODE_73_length_54219_cov_24.6104	gb_AF235050.4_+_38028-40140_ARO:3003318_Streptomyces	86.154	65	9	0	18591	18655	1897	1961	3.87e-11	71.3	3405315
NODE_73_length_54219_cov_24.6104	gb_AF235050.4_+_38028-40140_ARO:3003318_Streptomyces	78.307	378	74	7	16827	17200	76	449	3.61e-61	237	4571590
NODE_73_length_54219_cov_24.6104	gb_AF235050.4_+_38028-40140_ARO:3003318_Streptomyces	86.154	65	9	0	18591	18655	1897	1961	3.87e-11	71.3	4571590
NODE_73_length_54219_cov_24.6104	gb_AF235050.4_+_38028-40140_ARO:3003318_Streptomyces	78.307	378	74	7	16827	17200	76	449	3.61e-61	237	6102051
NODE_73_length_54219_cov_24.6104	gb_AF235050.4_+_38028-40140_ARO:3003318_Streptomyces	86.154	65	9	0	18591	18655	1897	1961	3.87e-11	71.3	6102051
NODE_73_length_54219_cov_24.6104	gb_AF235050.4_+_38028-40140_ARO:3003318_Streptomyces	78.307	378	74	7	16827	17200	76	449	3.61e-61	237	6102933
NODE_73_length_54219_cov_24.6104	gb_AF235050.4_+_38028-40140_ARO:3003318_Streptomyces	86.154	65	9	0	18591	18655	1897	1961	3.87e-11	71.3	6102933
NODE_73_length_54219_cov_24.6104	gb_AF235050.4_+_38028-40140_ARO:3003318_Streptomyces	78.307	378	74	7	16827	17200	76	449	3.61e-61	237	6102933
NODE_73_length_54219_cov_24.6104	gb_AF235050.4_+_38028-40140_ARO:3003318_Streptomyces	86.154	65	9	0	18591	18655	1897	1961	3.87e-11	71.3	6102933
NODE_73_length_54219_cov_24.6104	gb_AF235050.4_+_38028-40140_ARO:3003318_Streptomyces	78.307	378	74	7	16827	17200	76	449	3.61e-61	237	3918544
NODE_73_length_54219_cov_24.6104	gb_AF235050.4_+_38028-40140_ARO:3003318_Streptomyces	86.154	65	9	0	18591	18655	1897	1961	3.87e-11	71.3	3918544
NODE_73_length_54219_cov_24.6104	gb_AF235050.4_+_38028-40140_ARO:3003318_Streptomyces	78.307	378	74	7	16827	17200	76	449	3.61e-61	237	146450
NODE_73_length_54219_cov_24.6104	gb_AF235050.4_+_38028-40140_ARO:3003318_Streptomyces	86.154	65	9	0	18591	18655	1897	1961	3.87e-11	71.3	146450
NODE_73_length_54219_cov_24.6104	gb_AF235050.4_+_38028-40140_ARO:3003318_Streptomyces	78.307	378	74	7	16827	17200	76	449	3.61e-61	237	137456
NODE_73_length_54219_cov_24.6104	gb_AF235050.4_+_38028-40140_ARO:3003318_Streptomyces	86.154	65	9	0	18591	18655	1897	1961	3.87e-11	71.3	137456
NODE_73_length_54219_cov_24.6104	gb_AF235050.4_+_38028-40140_ARO:3003318_Streptomyces	78.307	378	74	7	16827	17200	76	449	3.61e-61	237	146450
NODE_73_length_54219_cov_24.6104	gb_AF235050.4_+_38028-40140_ARO:3003318_Streptomyces	86.154	65	9	0	18591	18655	1897	1961	3.87e-11	71.3	146450
NODE_73_length_54219_cov_24.6104	gb_AF235050.4_+_38028-40140_ARO:3003318_Streptomyces	78.307	378	74	7	16827	17200	76	449	3.61e-61	237	80273
NODE_73_length_54219_cov_24.6104	gb_AF235050.4_+_38028-40140_ARO:3003318_Streptomyces	86.154	65	9	0	18591	18655	1897	1961	3.87e-11	71.3	80273
NODE_73_length_54219_cov_24.6104	gb_AF235050.4_+_38028-40140_ARO:3003318_Streptomyces	78.307	378	74	7	16827	17200	76	449	3.61e-61	237	4573226
NODE_73_length_54219_cov_24.6104	gb_AF235050.4_+_38028-40140_ARO:3003318_Streptomyces	86.154	65	9	0	18591	18655	1897	1961	3.87e-11	71.3	4573226
NODE_161_length_41104_cov_11.706	gb_HM990671_+_5192-6671_ARO:3003112_lsaC	100.000	29	0	0	25727	25755	424	452	2.95e-06	54.7	596530
NODE_161_length_41104_cov_11.706	gb_HM990671_+_5192-6671_ARO:3003112_lsaC	100.000	29	0	0	25727	25755	424	452	2.95e-06	54.7	6102262
NODE_167_length_40615_cov_5.14527	gb_U57969_+_1485-4617_ARO:3000801_MexD	73.109	595	133	21	5071	5653	1560	981	2.76e-46	187	3463887
NODE_167_length_40615_cov_5.14527	gb_AFRQ01000061.1_-_23986-27124_ARO:3004144_AxyY	73.942	449	90	18	3537	3982	3055	2631	7.78e-37	156	3463887
NODE_167_length_40615_cov_5.14527	gb_L11616_+_1569-4710_ARO:3000378_MexB	72.568	514	124	14	5077	5580	1554	1048	1.01e-35	152	3463887
NODE_167_length_40615_cov_5.14527	gb_NC_002516_+_2810008-2813197_ARO:3000804_MexF	75.352	284	64	5	5369	5649	1268	988	1.31e-29	132	3463887
NODE_167_length_40615_cov_5.14527	gb_NC_007779_+_2586250-2589364_ARO:3000491_acrD	81.159	138	18	7	5315	5448	1313	1180	2.86e-21	104	3463887
NODE_167_length_40615_cov_5.14527	gb_NC_010378.1_+_47850-51003_ARO:3003923_oqxB	82.243	107	16	2	5345	5451	1289	1186	8.00e-17	89.8	3463887
NODE_167_length_40615_cov_5.14527	gb_AB219524.1_+_1176-4338_ARO:3003699_mexQ	82.569	109	12	5	5338	5444	1293	1190	8.00e-17	89.8	3463887
NODE_167_length_40615_cov_5.14527	gb_NC_002516_+_4707534-4710624_ARO:3000808_mexI	83.000	100	15	2	5361	5459	1246	1148	8.00e-17	89.8	3463887
NODE_167_length_40615_cov_5.14527	gb_U57969_+_1485-4617_ARO:3000801_MexD	73.109	595	133	21	5071	5653	1560	981	2.76e-46	187	3918539
NODE_167_length_40615_cov_5.14527	gb_AFRQ01000061.1_-_23986-27124_ARO:3004144_AxyY	73.942	449	90	18	3537	3982	3055	2631	7.78e-37	156	3918539
NODE_167_length_40615_cov_5.14527	gb_L11616_+_1569-4710_ARO:3000378_MexB	72.568	514	124	14	5077	5580	1554	1048	1.01e-35	152	3918539
NODE_167_length_40615_cov_5.14527	gb_NC_002516_+_2810008-2813197_ARO:3000804_MexF	75.352	284	64	5	5369	5649	1268	988	1.31e-29	132	3918539
NODE_167_length_40615_cov_5.14527	gb_NC_007779_+_2586250-2589364_ARO:3000491_acrD	81.159	138	18	7	5315	5448	1313	1180	2.86e-21	104	3918539
NODE_167_length_40615_cov_5.14527	gb_NC_010378.1_+_47850-51003_ARO:3003923_oqxB	82.243	107	16	2	5345	5451	1289	1186	8.00e-17	89.8	3918539
NODE_167_length_40615_cov_5.14527	gb_AB219524.1_+_1176-4338_ARO:3003699_mexQ	82.569	109	12	5	5338	5444	1293	1190	8.00e-17	89.8	3918539
NODE_167_length_40615_cov_5.14527	gb_NC_002516_+_4707534-4710624_ARO:3000808_mexI	83.000	100	15	2	5361	5459	1246	1148	8.00e-17	89.8	3918539
NODE_185_length_38241_cov_6.21458	gb_NC_010378.1_+_47850-51003_ARO:3003923_oqxB	96.774	31	1	0	32456	32486	2287	2317	9.89e-06	52.8	4572815
NODE_185_length_38241_cov_6.21458	gb_NC_010378.1_+_47850-51003_ARO:3003923_oqxB	96.774	31	1	0	32456	32486	2287	2317	9.89e-06	52.8	4530711
NODE_185_length_38241_cov_6.21458	gb_NC_010378.1_+_47850-51003_ARO:3003923_oqxB	96.774	31	1	0	32456	32486	2287	2317	9.89e-06	52.8	462789
NODE_185_length_38241_cov_6.21458	gb_NC_010378.1_+_47850-51003_ARO:3003923_oqxB	96.774	31	1	0	32456	32486	2287	2317	9.89e-06	52.8	332022
NODE_185_length_38241_cov_6.21458	gb_NC_010378.1_+_47850-51003_ARO:3003923_oqxB	96.774	31	1	0	32456	32486	2287	2317	9.89e-06	52.8	6102677
NODE_185_length_38241_cov_6.21458	gb_NC_010378.1_+_47850-51003_ARO:3003923_oqxB	96.774	31	1	0	32456	32486	2287	2317	9.89e-06	52.8	3904645
NODE_185_length_38241_cov_6.21458	gb_NC_010378.1_+_47850-51003_ARO:3003923_oqxB	96.774	31	1	0	32456	32486	2287	2317	9.89e-06	52.8	1148068
NODE_185_length_38241_cov_6.21458	gb_NC_010378.1_+_47850-51003_ARO:3003923_oqxB	96.774	31	1	0	32456	32486	2287	2317	9.89e-06	52.8	3464061
NODE_201_length_36771_cov_5.45915	gb_NC_003112.2_-_1791966-1795170_ARO:3000811_mtrD	84.729	3176	478	6	30386	33558	1	3172	0.0	3171	1269230
NODE_201_length_36771_cov_5.45915	gb_NC_003112.2_-_1791966-1795170_ARO:3000811_mtrD	84.729	3176	478	6	30386	33558	1	3172	0.0	3171	732403
NODE_201_length_36771_cov_5.45915	gb_NC_003112.2_-_1791966-1795170_ARO:3000811_mtrD	84.729	3176	478	6	30386	33558	1	3172	0.0	3171	732403
NODE_201_length_36771_cov_5.45915	gb_NC_003112.2_-_1791966-1795170_ARO:3000811_mtrD	84.729	3176	478	6	30386	33558	1	3172	0.0	3171	837856
NODE_201_length_36771_cov_5.45915	gb_NC_003112.2_-_1791966-1795170_ARO:3000811_mtrD	84.729	3176	478	6	30386	33558	1	3172	0.0	3171	781031
NODE_201_length_36771_cov_5.45915	gb_NC_003112.2_-_1791966-1795170_ARO:3000811_mtrD	84.729	3176	478	6	30386	33558	1	3172	0.0	3171	1309705
NODE_201_length_36771_cov_5.45915	gb_NC_003112.2_-_1791966-1795170_ARO:3000811_mtrD	84.729	3176	478	6	30386	33558	1	3172	0.0	3171	1316237
NODE_201_length_36771_cov_5.45915	gb_NC_003112.2_-_1791966-1795170_ARO:3000811_mtrD	84.729	3176	478	6	30386	33558	1	3172	0.0	3171	732403
NODE_201_length_36771_cov_5.45915	gb_NC_003112.2_-_1791966-1795170_ARO:3000811_mtrD	84.729	3176	478	6	30386	33558	1	3172	0.0	3171	971367
NODE_201_length_36771_cov_5.45915	gb_NC_003112.2_-_1791966-1795170_ARO:3000811_mtrD	84.729	3176	478	6	30386	33558	1	3172	0.0	3171	1159835
NODE_201_length_36771_cov_5.45915	gb_NC_003112.2_-_1791966-1795170_ARO:3000811_mtrD	84.729	3176	478	6	30386	33558	1	3172	0.0	3171	837856
NODE_201_length_36771_cov_5.45915	gb_NC_003112.2_-_1791966-1795170_ARO:3000811_mtrD	84.729	3176	478	6	30386	33558	1	3172	0.0	3171	971367
NODE_201_length_36771_cov_5.45915	gb_NC_003112.2_-_1791966-1795170_ARO:3000811_mtrD	84.729	3176	478	6	30386	33558	1	3172	0.0	3171	971367
NODE_201_length_36771_cov_5.45915	gb_NC_003112.2_-_1791966-1795170_ARO:3000811_mtrD	84.729	3176	478	6	30386	33558	1	3172	0.0	3171	837856
NODE_201_length_36771_cov_5.45915	gb_NC_003112.2_-_1791966-1795170_ARO:3000811_mtrD	84.729	3176	478	6	30386	33558	1	3172	0.0	3171	1693416
NODE_201_length_36771_cov_5.45915	gb_NC_003112.2_-_1791966-1795170_ARO:3000811_mtrD	84.729	3176	478	6	30386	33558	1	3172	0.0	3171	781031
NODE_201_length_36771_cov_5.45915	gb_NC_003112.2_-_1791966-1795170_ARO:3000811_mtrD	84.729	3176	478	6	30386	33558	1	3172	0.0	3171	966003
NODE_201_length_36771_cov_5.45915	gb_NC_003112.2_-_1791966-1795170_ARO:3000811_mtrD	84.729	3176	478	6	30386	33558	1	3172	0.0	3171	1316254
NODE_201_length_36771_cov_5.45915	gb_NC_003112.2_-_1791966-1795170_ARO:3000811_mtrD	84.729	3176	478	6	30386	33558	1	3172	0.0	3171	1215740
NODE_201_length_36771_cov_5.45915	gb_NC_003112.2_-_1791966-1795170_ARO:3000811_mtrD	84.729	3176	478	6	30386	33558	1	3172	0.0	3171	1154733
NODE_201_length_36771_cov_5.45915	gb_NC_003112.2_-_1791966-1795170_ARO:3000811_mtrD	84.729	3176	478	6	30386	33558	1	3172	0.0	3171	1154733
NODE_201_length_36771_cov_5.45915	gb_NC_003112.2_-_1791966-1795170_ARO:3000811_mtrD	84.729	3176	478	6	30386	33558	1	3172	0.0	3171	1316254
NODE_201_length_36771_cov_5.45915	gb_NC_003112.2_-_1791966-1795170_ARO:3000811_mtrD	84.729	3176	478	6	30386	33558	1	3172	0.0	3171	1230664
NODE_201_length_36771_cov_5.45915	gb_NC_003112.2_-_1791966-1795170_ARO:3000811_mtrD	84.729	3176	478	6	30386	33558	1	3172	0.0	3171	1230664
NODE_201_length_36771_cov_5.45915	gb_NC_003112.2_-_1791966-1795170_ARO:3000811_mtrD	84.729	3176	478	6	30386	33558	1	3172	0.0	3171	1215740
NODE_201_length_36771_cov_5.45915	gb_NC_003112.2_-_1791966-1795170_ARO:3000811_mtrD	84.729	3176	478	6	30386	33558	1	3172	0.0	3171	1154733
NODE_201_length_36771_cov_5.45915	gb_NC_003112.2_-_1791966-1795170_ARO:3000811_mtrD	84.729	3176	478	6	30386	33558	1	3172	0.0	3171	1315984
NODE_201_length_36771_cov_5.45915	gb_NC_003112.2_-_1791966-1795170_ARO:3000811_mtrD	84.729	3176	478	6	30386	33558	1	3172	0.0	3171	1215740
NODE_201_length_36771_cov_5.45915	gb_NC_003112.2_-_1791966-1795170_ARO:3000811_mtrD	84.729	3176	478	6	30386	33558	1	3172	0.0	3171	1154733
NODE_201_length_36771_cov_5.45915	gb_NC_003112.2_-_1791966-1795170_ARO:3000811_mtrD	84.729	3176	478	6	30386	33558	1	3172	0.0	3171	1154733
NODE_201_length_36771_cov_5.45915	gb_NC_003112.2_-_1791966-1795170_ARO:3000811_mtrD	84.729	3176	478	6	30386	33558	1	3172	0.0	3171	1316254
NODE_201_length_36771_cov_5.45915	gb_NC_003112.2_-_1791966-1795170_ARO:3000811_mtrD	84.729	3176	478	6	30386	33558	1	3172	0.0	3171	1230664
NODE_201_length_36771_cov_5.45915	gb_NC_003112.2_-_1791966-1795170_ARO:3000811_mtrD	84.729	3176	478	6	30386	33558	1	3172	0.0	3171	1154733
NODE_201_length_36771_cov_5.45915	gb_NC_003112.2_-_1791966-1795170_ARO:3000811_mtrD	84.729	3176	478	6	30386	33558	1	3172	0.0	3171	98093
NODE_201_length_36771_cov_5.45915	gb_NC_003112.2_-_1791966-1795170_ARO:3000811_mtrD	84.729	3176	478	6	30386	33558	1	3172	0.0	3171	2280392
NODE_201_length_36771_cov_5.45915	gb_NC_003112.2_-_1791966-1795170_ARO:3000811_mtrD	84.729	3176	478	6	30386	33558	1	3172	0.0	3171	4571880
NODE_201_length_36771_cov_5.45915	gb_NC_003112.2_-_1791966-1795170_ARO:3000811_mtrD	84.729	3176	478	6	30386	33558	1	3172	0.0	3171	415131
NODE_201_length_36771_cov_5.45915	gb_NC_003112.2_-_1791966-1795170_ARO:3000811_mtrD	84.729	3176	478	6	30386	33558	1	3172	0.0	3171	30120
NODE_265_length_32028_cov_10.3714	gb_NC_003098.1_+_866210-867410_ARO:3000822_pmrA	94.500	1200	66	0	13881	15080	1200	1	0.0	1851	212226
NODE_265_length_32028_cov_10.3714	gb_NC_003098.1_+_866210-867410_ARO:3000822_pmrA	94.500	1200	66	0	13881	15080	1200	1	0.0	1851	6102218
NODE_265_length_32028_cov_10.3714	gb_NC_003098.1_+_866210-867410_ARO:3000822_pmrA	94.500	1200	66	0	13881	15080	1200	1	0.0	1851	1278236
NODE_265_length_32028_cov_10.3714	gb_NC_003098.1_+_866210-867410_ARO:3000822_pmrA	94.500	1200	66	0	13881	15080	1200	1	0.0	1851	156371
NODE_265_length_32028_cov_10.3714	gb_NC_003098.1_+_866210-867410_ARO:3000822_pmrA	94.500	1200	66	0	13881	15080	1200	1	0.0	1851	156371
NODE_265_length_32028_cov_10.3714	gb_NC_003098.1_+_866210-867410_ARO:3000822_pmrA	94.500	1200	66	0	13881	15080	1200	1	0.0	1851	50236
NODE_265_length_32028_cov_10.3714	gb_NC_003098.1_+_866210-867410_ARO:3000822_pmrA	94.500	1200	66	0	13881	15080	1200	1	0.0	1851	4571795
NODE_265_length_32028_cov_10.3714	gb_NC_003098.1_+_866210-867410_ARO:3000822_pmrA	94.500	1200	66	0	13881	15080	1200	1	0.0	1851	57161
NODE_265_length_32028_cov_10.3714	gb_NC_003098.1_+_866210-867410_ARO:3000822_pmrA	94.500	1200	66	0	13881	15080	1200	1	0.0	1851	149821
NODE_265_length_32028_cov_10.3714	gb_NC_003098.1_+_866210-867410_ARO:3000822_pmrA	94.500	1200	66	0	13881	15080	1200	1	0.0	1851	4571844
NODE_267_length_31930_cov_8.04138	gb_X63451_+_0-1653_ARO:3002828_srmB	97.222	36	1	0	28460	28495	1500	1465	1.37e-08	62.1	3918837
NODE_267_length_31930_cov_8.04138	gb_X63451_+_0-1653_ARO:3002828_srmB	97.222	36	1	0	28460	28495	1500	1465	1.37e-08	62.1	3918837
NODE_267_length_31930_cov_8.04138	gb_X63451_+_0-1653_ARO:3002828_srmB	97.222	36	1	0	28460	28495	1500	1465	1.37e-08	62.1	3463396
NODE_332_length_29036_cov_4.21473	gb_AP006618.1_+_4835199-4838688_ARO:3000501_Nocardia	75.367	1295	283	30	27710	28992	2050	3320	3.58e-168	592	852965
NODE_332_length_29036_cov_4.21473	gb_AP006618.1_+_4835199-4838688_ARO:3000501_Nocardia	75.367	1295	283	30	27710	28992	2050	3320	3.58e-168	592	53430
NODE_332_length_29036_cov_4.21473	gb_AP006618.1_+_4835199-4838688_ARO:3000501_Nocardia	75.367	1295	283	30	27710	28992	2050	3320	3.58e-168	592	115939
NODE_332_length_29036_cov_4.21473	gb_AP006618.1_+_4835199-4838688_ARO:3000501_Nocardia	75.367	1295	283	30	27710	28992	2050	3320	3.58e-168	592	1127448
NODE_332_length_29036_cov_4.21473	gb_AP006618.1_+_4835199-4838688_ARO:3000501_Nocardia	75.367	1295	283	30	27710	28992	2050	3320	3.58e-168	592	4571821
NODE_399_length_27008_cov_9.86421	gb_NC_003098.1_-_1359228-1360395_ARO:3000025_patB	93.540	1161	75	0	11260	12420	1	1161	0.0	1729	989044
NODE_399_length_27008_cov_9.86421	gb_NC_003098.1_-_1359228-1360395_ARO:3000025_patB	93.540	1161	75	0	11260	12420	1	1161	0.0	1729	2628228
NODE_399_length_27008_cov_9.86421	gb_NC_003098.1_-_1359228-1360395_ARO:3000025_patB	93.540	1161	75	0	11260	12420	1	1161	0.0	1729	14135
NODE_399_length_27008_cov_9.86421	gb_NC_003098.1_-_1359228-1360395_ARO:3000025_patB	93.540	1161	75	0	11260	12420	1	1161	0.0	1729	62579
NODE_577_length_22384_cov_3.0859	gb_AY701528.1_+_9695-10589_ARO:3004191_APH(2'')-If	89.062	896	93	5	5949	6841	1	894	0.0	1107	3919297
NODE_577_length_22384_cov_3.0859	gb_NC_005024_+_42504-43944_ARO:3002597_AAC(6')-Ie-APH(2'')-Ia	80.941	829	155	3	5994	6820	607	1434	0.0	652	3919297
NODE_634_length_21618_cov_7.29087	gb_X63451_+_0-1653_ARO:3002828_srmB	78.448	116	19	6	4329	4441	1465	1577	1.54e-11	71.3	6069107
NODE_634_length_21618_cov_7.29087	gb_X63451_+_0-1653_ARO:3002828_srmB	78.448	116	19	6	4329	4441	1465	1577	1.54e-11	71.3	355027
NODE_705_length_20520_cov_38.4622	gb_NC_003112.2_-_1791966-1795170_ARO:3000811_mtrD	82.355	3185	544	16	15415	18590	3176	1	0.0	2752	182741
NODE_705_length_20520_cov_38.4622	gb_NC_003112.2_-_1795181-1796420_ARO:3000810_mtrC	81.678	1037	186	4	18719	19753	1155	121	0.0	859	182741
NODE_705_length_20520_cov_38.4622	gb_CP001050.1_+_1332866-1333499_ARO:3000817_mtrR	80.620	387	67	7	20130	20512	1	383	2.87e-78	292	182741
NODE_705_length_20520_cov_38.4622	gb_NC_003112.2_-_1791966-1795170_ARO:3000811_mtrD	82.355	3185	544	16	15415	18590	3176	1	0.0	2752	55533
NODE_705_length_20520_cov_38.4622	gb_NC_003112.2_-_1795181-1796420_ARO:3000810_mtrC	81.678	1037	186	4	18719	19753	1155	121	0.0	859	55533
NODE_705_length_20520_cov_38.4622	gb_CP001050.1_+_1332866-1333499_ARO:3000817_mtrR	80.620	387	67	7	20130	20512	1	383	2.87e-78	292	55533
NODE_705_length_20520_cov_38.4622	gb_NC_003112.2_-_1791966-1795170_ARO:3000811_mtrD	82.355	3185	544	16	15415	18590	3176	1	0.0	2752	2419118
NODE_705_length_20520_cov_38.4622	gb_NC_003112.2_-_1795181-1796420_ARO:3000810_mtrC	81.678	1037	186	4	18719	19753	1155	121	0.0	859	2419118
NODE_705_length_20520_cov_38.4622	gb_CP001050.1_+_1332866-1333499_ARO:3000817_mtrR	80.620	387	67	7	20130	20512	1	383	2.87e-78	292	2419118
NODE_705_length_20520_cov_38.4622	gb_NC_003112.2_-_1791966-1795170_ARO:3000811_mtrD	82.355	3185	544	16	15415	18590	3176	1	0.0	2752	1495333
NODE_705_length_20520_cov_38.4622	gb_NC_003112.2_-_1795181-1796420_ARO:3000810_mtrC	81.678	1037	186	4	18719	19753	1155	121	0.0	859	1495333
NODE_705_length_20520_cov_38.4622	gb_CP001050.1_+_1332866-1333499_ARO:3000817_mtrR	80.620	387	67	7	20130	20512	1	383	2.87e-78	292	1495333
NODE_800_length_19073_cov_10.1661	gb_NC_003112.2_-_1791966-1795170_ARO:3000811_mtrD	73.964	3161	749	63	9991	13114	3124	1	0.0	1210	4572203
NODE_800_length_19073_cov_10.1661	gb_NC_000913.3_-_481253-484403_ARO:3000216_acrB	81.034	116	15	5	11549	11659	1575	1462	4.86e-16	86.1	4572203
NODE_800_length_19073_cov_10.1661	gb_NC_003112.2_-_1791966-1795170_ARO:3000811_mtrD	73.964	3161	749	63	9991	13114	3124	1	0.0	1210	4572240
NODE_800_length_19073_cov_10.1661	gb_NC_000913.3_-_481253-484403_ARO:3000216_acrB	81.034	116	15	5	11549	11659	1575	1462	4.86e-16	86.1	4572240
NODE_800_length_19073_cov_10.1661	gb_NC_003112.2_-_1791966-1795170_ARO:3000811_mtrD	73.964	3161	749	63	9991	13114	3124	1	0.0	1210	4572240
NODE_800_length_19073_cov_10.1661	gb_NC_000913.3_-_481253-484403_ARO:3000216_acrB	81.034	116	15	5	11549	11659	1575	1462	4.86e-16	86.1	4572240
NODE_800_length_19073_cov_10.1661	gb_NC_003112.2_-_1791966-1795170_ARO:3000811_mtrD	73.964	3161	749	63	9991	13114	3124	1	0.0	1210	1495333
NODE_800_length_19073_cov_10.1661	gb_NC_000913.3_-_481253-484403_ARO:3000216_acrB	81.034	116	15	5	11549	11659	1575	1462	4.86e-16	86.1	1495333
NODE_800_length_19073_cov_10.1661	gb_NC_003112.2_-_1791966-1795170_ARO:3000811_mtrD	73.964	3161	749	63	9991	13114	3124	1	0.0	1210	91710
NODE_800_length_19073_cov_10.1661	gb_NC_000913.3_-_481253-484403_ARO:3000216_acrB	81.034	116	15	5	11549	11659	1575	1462	4.86e-16	86.1	91710
NODE_844_length_18614_cov_37.4031	gb_Z50108_+_238-1768_ARO:3003026_fusH	91.111	45	1	2	18070	18111	561	517	1.03e-07	58.4	4574071
NODE_844_length_18614_cov_37.4031	gb_Z50108_+_238-1768_ARO:3003026_fusH	91.111	45	1	2	18070	18111	561	517	1.03e-07	58.4	466586
NODE_844_length_18614_cov_37.4031	gb_Z50108_+_238-1768_ARO:3003026_fusH	91.111	45	1	2	18070	18111	561	517	1.03e-07	58.4	466586
NODE_844_length_18614_cov_37.4031	gb_Z50108_+_238-1768_ARO:3003026_fusH	91.111	45	1	2	18070	18111	561	517	1.03e-07	58.4	2218580
NODE_844_length_18614_cov_37.4031	gb_Z50108_+_238-1768_ARO:3003026_fusH	91.111	45	1	2	18070	18111	561	517	1.03e-07	58.4	156884
NODE_844_length_18614_cov_37.4031	gb_Z50108_+_238-1768_ARO:3003026_fusH	91.111	45	1	2	18070	18111	561	517	1.03e-07	58.4	2218580
NODE_844_length_18614_cov_37.4031	gb_Z50108_+_238-1768_ARO:3003026_fusH	91.111	45	1	2	18070	18111	561	517	1.03e-07	58.4	6078631
NODE_844_length_18614_cov_37.4031	gb_Z50108_+_238-1768_ARO:3003026_fusH	91.111	45	1	2	18070	18111	561	517	1.03e-07	58.4	324599
NODE_844_length_18614_cov_37.4031	gb_Z50108_+_238-1768_ARO:3003026_fusH	91.111	45	1	2	18070	18111	561	517	1.03e-07	58.4	1006464
NODE_844_length_18614_cov_37.4031	gb_Z50108_+_238-1768_ARO:3003026_fusH	91.111	45	1	2	18070	18111	561	517	1.03e-07	58.4	1006464
NODE_844_length_18614_cov_37.4031	gb_Z50108_+_238-1768_ARO:3003026_fusH	91.111	45	1	2	18070	18111	561	517	1.03e-07	58.4	242984
NODE_944_length_17585_cov_9.33069	gb_AP006618.1_+_4835199-4838688_ARO:3000501_Nocardia	81.529	314	52	5	9033	9343	3333	3023	1.16e-66	254	6102213
NODE_944_length_17585_cov_9.33069	gb_AP006618.1_+_4835199-4838688_ARO:3000501_Nocardia	81.529	314	52	5	9033	9343	3333	3023	1.16e-66	254	6102260
NODE_944_length_17585_cov_9.33069	gb_AP006618.1_+_4835199-4838688_ARO:3000501_Nocardia	81.529	314	52	5	9033	9343	3333	3023	1.16e-66	254	163623
NODE_944_length_17585_cov_9.33069	gb_AP006618.1_+_4835199-4838688_ARO:3000501_Nocardia	81.529	314	52	5	9033	9343	3333	3023	1.16e-66	254	1127448
NODE_944_length_17585_cov_9.33069	gb_AP006618.1_+_4835199-4838688_ARO:3000501_Nocardia	81.529	314	52	5	9033	9343	3333	3023	1.16e-66	254	2280459
NODE_944_length_17585_cov_9.33069	gb_AP006618.1_+_4835199-4838688_ARO:3000501_Nocardia	81.529	314	52	5	9033	9343	3333	3023	1.16e-66	254	40751
NODE_944_length_17585_cov_9.33069	gb_AP006618.1_+_4835199-4838688_ARO:3000501_Nocardia	81.529	314	52	5	9033	9343	3333	3023	1.16e-66	254	2280459
NODE_989_length_17216_cov_12.5628	gb_HM990671_+_5192-6671_ARO:3003112_lsaC	73.152	257	65	4	16772	17026	277	531	3.39e-17	89.8	4572394
NODE_989_length_17216_cov_12.5628	gb_HM990671_+_5192-6671_ARO:3003112_lsaC	73.152	257	65	4	16772	17026	277	531	3.39e-17	89.8	1849501
NODE_989_length_17216_cov_12.5628	gb_HM990671_+_5192-6671_ARO:3003112_lsaC	73.152	257	65	4	16772	17026	277	531	3.39e-17	89.8	3463381
NODE_1085_length_16461_cov_2.75235	gb_U00096_+_2812615-2814154_ARO:3000074_emrB	92.683	41	3	0	1243	1283	499	539	2.54e-08	60.2	4362187
NODE_1085_length_16461_cov_2.75235	gb_U00096_+_2812615-2814154_ARO:3000074_emrB	92.683	41	3	0	1243	1283	499	539	2.54e-08	60.2	104494
NODE_1239_length_15373_cov_33.7517	gb_AY768531_+_0-1179_ARO:3000533_macA	84.187	449	69	2	3	450	524	77	3.38e-121	435	2627843
NODE_1239_length_15373_cov_33.7517	gb_AY768531_+_0-1179_ARO:3000533_macA	84.187	449	69	2	3	450	524	77	3.38e-121	435	7724
NODE_1239_length_15373_cov_33.7517	gb_AY768531_+_0-1179_ARO:3000533_macA	84.187	449	69	2	3	450	524	77	3.38e-121	435	873904
NODE_1239_length_15373_cov_33.7517	gb_AY768531_+_0-1179_ARO:3000533_macA	84.187	449	69	2	3	450	524	77	3.38e-121	435	4186330
NODE_1239_length_15373_cov_33.7517	gb_AY768531_+_0-1179_ARO:3000533_macA	84.187	449	69	2	3	450	524	77	3.38e-121	435	4364454
NODE_1337_length_14792_cov_11.8118	gb_HM990671_+_5192-6671_ARO:3003112_lsaC	91.226	775	68	0	1	775	705	1479	0.0	1055	2673736
NODE_1337_length_14792_cov_11.8118	gb_HM990671_+_5192-6671_ARO:3003112_lsaC	91.226	775	68	0	1	775	705	1479	0.0	1055	3918971
NODE_1337_length_14792_cov_11.8118	gb_HM990671_+_5192-6671_ARO:3003112_lsaC	91.226	775	68	0	1	775	705	1479	0.0	1055	182679
NODE_1337_length_14792_cov_11.8118	gb_HM990671_+_5192-6671_ARO:3003112_lsaC	91.226	775	68	0	1	775	705	1479	0.0	1055	182679
NODE_1337_length_14792_cov_11.8118	gb_HM990671_+_5192-6671_ARO:3003112_lsaC	91.226	775	68	0	1	775	705	1479	0.0	1055	2034151
NODE_1337_length_14792_cov_11.8118	gb_HM990671_+_5192-6671_ARO:3003112_lsaC	91.226	775	68	0	1	775	705	1479	0.0	1055	2034151
NODE_1489_length_14051_cov_7.52372	gb_AY055428.1_-_20268-21084_ARO:3000412_sul2	100.000	816	0	0	3213	4028	1	816	0.0	1507	604325
NODE_2126_length_11417_cov_2.74767	gb_M80346_+_0-1656_ARO:3002817_carA	100.000	29	0	0	1996	2024	1503	1475	8.20e-07	54.7	2851083
NODE_2126_length_11417_cov_2.74767	gb_M80346_+_0-1656_ARO:3002817_carA	100.000	29	0	0	1996	2024	1503	1475	8.20e-07	54.7	866535
NODE_2525_length_10340_cov_13.084	gb_NC_003098.1_-_1359228-1360395_ARO:3000025_patB	83.865	1159	183	3	3221	4377	1157	1	0.0	1101	3463562
NODE_2565_length_10236_cov_6.42481	gb_HM990671_+_5192-6671_ARO:3003112_lsaC	91.613	310	26	0	1	310	1170	1479	1.05e-119	429	313545
NODE_2565_length_10236_cov_6.42481	gb_HM990671_+_5192-6671_ARO:3003112_lsaC	91.613	310	26	0	1	310	1170	1479	1.05e-119	429	226766
NODE_3018_length_9296_cov_3.14035	gb_AF118110.1_-_71-1037_ARO:3003002_CfxA2	100.000	966	0	0	6972	7937	966	1	0.0	1784	6100107
NODE_3018_length_9296_cov_3.14035	gb_AF472622_+_52-1018_ARO:3003003_CfxA3	99.896	966	1	0	6972	7937	966	1	0.0	1779	6100107
NODE_3018_length_9296_cov_3.14035	gb_AY769934_+_27-993_ARO:3003096_CfxA5	99.896	966	1	0	6972	7937	966	1	0.0	1779	6100107
NODE_3018_length_9296_cov_3.14035	gb_U38243_+_149-1115_ARO:3003001_CfxA	99.896	966	1	0	6972	7937	966	1	0.0	1779	6100107
NODE_3018_length_9296_cov_3.14035	gb_AY769933_+_0-966_ARO:3003005_CfxA4	99.896	966	1	0	6972	7937	966	1	0.0	1779	6100107
NODE_3018_length_9296_cov_3.14035	gb_GQ342996_+_797-1793_ARO:3003097_CfxA6	89.234	966	101	3	6977	7941	993	30	0.0	1205	6100107
NODE_3089_length_9169_cov_9.80513	gb_CP007593.1_+_2148923-2149772_ARO:3001301_RlmA(II)	81.302	845	154	4	3042	3884	1	843	0.0	682	3463495
NODE_3089_length_9169_cov_9.80513	gb_CP007593.1_+_2148923-2149772_ARO:3001301_RlmA(II)	81.302	845	154	4	3042	3884	1	843	0.0	682	2616508
NODE_3089_length_9169_cov_9.80513	gb_CP007593.1_+_2148923-2149772_ARO:3001301_RlmA(II)	81.302	845	154	4	3042	3884	1	843	0.0	682	6101945
NODE_3343_length_8727_cov_80.5172	gb_AF235050.4_+_38028-40140_ARO:3003318_Streptomyces	86.154	65	9	0	6424	6488	1897	1961	6.23e-12	71.3	138789
NODE_3343_length_8727_cov_80.5172	gb_AF235050.4_+_38028-40140_ARO:3003318_Streptomyces	86.154	65	9	0	6424	6488	1897	1961	6.23e-12	71.3	67248
NODE_3343_length_8727_cov_80.5172	gb_AF235050.4_+_38028-40140_ARO:3003318_Streptomyces	86.154	65	9	0	6424	6488	1897	1961	6.23e-12	71.3	654484
NODE_3343_length_8727_cov_80.5172	gb_AF235050.4_+_38028-40140_ARO:3003318_Streptomyces	86.154	65	9	0	6424	6488	1897	1961	6.23e-12	71.3	175989
NODE_3343_length_8727_cov_80.5172	gb_AF235050.4_+_38028-40140_ARO:3003318_Streptomyces	86.154	65	9	0	6424	6488	1897	1961	6.23e-12	71.3	1523133
NODE_3343_length_8727_cov_80.5172	gb_AF235050.4_+_38028-40140_ARO:3003318_Streptomyces	86.154	65	9	0	6424	6488	1897	1961	6.23e-12	71.3	1523133
NODE_3343_length_8727_cov_80.5172	gb_AF235050.4_+_38028-40140_ARO:3003318_Streptomyces	86.154	65	9	0	6424	6488	1897	1961	6.23e-12	71.3	153392
NODE_3343_length_8727_cov_80.5172	gb_AF235050.4_+_38028-40140_ARO:3003318_Streptomyces	86.154	65	9	0	6424	6488	1897	1961	6.23e-12	71.3	1108731
NODE_3343_length_8727_cov_80.5172	gb_AF235050.4_+_38028-40140_ARO:3003318_Streptomyces	86.154	65	9	0	6424	6488	1897	1961	6.23e-12	71.3	48206
NODE_3346_length_8723_cov_15.0181	gb_L06249_+_1527-2505_ARO:3003748_oleC	80.556	72	14	0	5737	5808	165	94	1.74e-07	56.5	3918448
NODE_3346_length_8723_cov_15.0181	gb_L06249_+_1527-2505_ARO:3003748_oleC	80.556	72	14	0	5737	5808	165	94	1.74e-07	56.5	972349
NODE_3346_length_8723_cov_15.0181	gb_L06249_+_1527-2505_ARO:3003748_oleC	80.556	72	14	0	5737	5808	165	94	1.74e-07	56.5	2034370
NODE_3346_length_8723_cov_15.0181	gb_L06249_+_1527-2505_ARO:3003748_oleC	80.556	72	14	0	5737	5808	165	94	1.74e-07	56.5	2034370
NODE_3346_length_8723_cov_15.0181	gb_L06249_+_1527-2505_ARO:3003748_oleC	80.556	72	14	0	5737	5808	165	94	1.74e-07	56.5	377810
NODE_3346_length_8723_cov_15.0181	gb_L06249_+_1527-2505_ARO:3003748_oleC	80.556	72	14	0	5737	5808	165	94	1.74e-07	56.5	2608564
NODE_3346_length_8723_cov_15.0181	gb_L06249_+_1527-2505_ARO:3003748_oleC	80.556	72	14	0	5737	5808	165	94	1.74e-07	56.5	2624008
NODE_3346_length_8723_cov_15.0181	gb_L06249_+_1527-2505_ARO:3003748_oleC	80.556	72	14	0	5737	5808	165	94	1.74e-07	56.5	1159733
NODE_3346_length_8723_cov_15.0181	gb_L06249_+_1527-2505_ARO:3003748_oleC	80.556	72	14	0	5737	5808	165	94	1.74e-07	56.5	133768
NODE_3346_length_8723_cov_15.0181	gb_L06249_+_1527-2505_ARO:3003748_oleC	80.556	72	14	0	5737	5808	165	94	1.74e-07	56.5	1384575
NODE_3346_length_8723_cov_15.0181	gb_L06249_+_1527-2505_ARO:3003748_oleC	80.556	72	14	0	5737	5808	165	94	1.74e-07	56.5	4634582
NODE_3346_length_8723_cov_15.0181	gb_L06249_+_1527-2505_ARO:3003748_oleC	80.556	72	14	0	5737	5808	165	94	1.74e-07	56.5	4634582
NODE_3696_length_8199_cov_16.7609	gb_CP007593.1_+_2148923-2149772_ARO:3001301_RlmA(II)	88.717	842	93	2	5859	6699	841	1	0.0	1027	182694
NODE_4914_length_6916_cov_6.71214	gb_AF235050.4_+_38028-40140_ARO:3003318_Streptomyces	77.116	319	61	9	6604	6916	76	388	3.65e-43	174	401235
NODE_4914_length_6916_cov_6.71214	gb_AF235050.4_+_38028-40140_ARO:3003318_Streptomyces	77.116	319	61	9	6604	6916	76	388	3.65e-43	174	6078936
NODE_5016_length_6816_cov_3.71646	gb_AF235050.4_+_38028-40140_ARO:3003318_Streptomyces	79.494	395	79	2	2818	3211	54	447	7.42e-75	279	1523675
NODE_5016_length_6816_cov_3.71646	gb_AF235050.4_+_38028-40140_ARO:3003318_Streptomyces	79.494	395	79	2	2818	3211	54	447	7.42e-75	279	1523675
NODE_5016_length_6816_cov_3.71646	gb_AF235050.4_+_38028-40140_ARO:3003318_Streptomyces	79.494	395	79	2	2818	3211	54	447	7.42e-75	279	4572473
NODE_5095_length_6757_cov_6.91018	gb_M57437_+_0-1647_ARO:3002827_tlrC	100.000	30	0	0	4306	4335	1500	1471	1.35e-07	56.5	2280363
NODE_5543_length_6371_cov_6.12619	gb_AY768532_+_0-1935_ARO:3000535_macB	74.644	1968	436	59	1418	3355	1	1935	0.0	811	104494
NODE_5803_length_6190_cov_13.0165	gb_HM990671_+_5192-6671_ARO:3003112_lsaC	91.579	760	62	2	1	759	759	1	0.0	1048	2280375
NODE_5803_length_6190_cov_13.0165	gb_HM990671_+_5192-6671_ARO:3003112_lsaC	91.579	760	62	2	1	759	759	1	0.0	1048	3463419
NODE_5803_length_6190_cov_13.0165	gb_HM990671_+_5192-6671_ARO:3003112_lsaC	91.579	760	62	2	1	759	759	1	0.0	1048	681556
NODE_7879_length_5016_cov_4.4739	gb_U00096_+_2155262-2158385_ARO:3000793_mdtB	73.542	480	117	9	1629	2103	3076	2602	2.65e-43	174	104193
NODE_7920_length_4998_cov_48.4908	gb_NC_014638.1_-_1610636-1613960_ARO:3003730_Bifidobacteria	74.818	826	180	17	4196	4998	2148	1328	1.47e-95	348	2628616
NODE_7920_length_4998_cov_48.4908	gb_NC_014638.1_-_1610636-1613960_ARO:3003730_Bifidobacteria	74.818	826	180	17	4196	4998	2148	1328	1.47e-95	348	460175
NODE_7920_length_4998_cov_48.4908	gb_NC_014638.1_-_1610636-1613960_ARO:3003730_Bifidobacteria	74.818	826	180	17	4196	4998	2148	1328	1.47e-95	348	287838
NODE_7920_length_4998_cov_48.4908	gb_NC_014638.1_-_1610636-1613960_ARO:3003730_Bifidobacteria	74.818	826	180	17	4196	4998	2148	1328	1.47e-95	348	236608
NODE_7920_length_4998_cov_48.4908	gb_NC_014638.1_-_1610636-1613960_ARO:3003730_Bifidobacteria	74.818	826	180	17	4196	4998	2148	1328	1.47e-95	348	3918421
NODE_8157_length_4910_cov_47.4019	gb_AM180355_+_600033-601953_ARO:3000186_tetM	87.402	889	112	0	4022	4910	1	889	0.0	1022	857101
NODE_8157_length_4910_cov_47.4019	gb_AM180355_+_600033-601953_ARO:3000186_tetM	87.402	889	112	0	4022	4910	1	889	0.0	1022	857101
NODE_8210_length_4885_cov_5.47308	gb_HM990671_+_5192-6671_ARO:3003112_lsaC	92.968	711	50	0	1	711	712	2	0.0	1037	1523470
NODE_8210_length_4885_cov_5.47308	gb_HM990671_+_5192-6671_ARO:3003112_lsaC	92.968	711	50	0	1	711	712	2	0.0	1037	1523470
NODE_8210_length_4885_cov_5.47308	gb_HM990671_+_5192-6671_ARO:3003112_lsaC	92.968	711	50	0	1	711	712	2	0.0	1037	1629590
NODE_8210_length_4885_cov_5.47308	gb_HM990671_+_5192-6671_ARO:3003112_lsaC	92.968	711	50	0	1	711	712	2	0.0	1037	1629590
NODE_9960_length_4274_cov_14.8213	gb_AF079900_+_39-1731_ARO:3002892_otr(B)	74.678	233	53	6	1450	1679	324	95	1.40e-20	99.0	729175
NODE_9960_length_4274_cov_14.8213	gb_AF079900_+_39-1731_ARO:3002892_otr(B)	74.678	233	53	6	1450	1679	324	95	1.40e-20	99.0	729175
NODE_9960_length_4274_cov_14.8213	gb_AF079900_+_39-1731_ARO:3002892_otr(B)	74.678	233	53	6	1450	1679	324	95	1.40e-20	99.0	598007
NODE_9960_length_4274_cov_14.8213	gb_AF079900_+_39-1731_ARO:3002892_otr(B)	74.678	233	53	6	1450	1679	324	95	1.40e-20	99.0	2280487
NODE_11415_length_3891_cov_5.05057	gb_LT673656.1_-_1884344-1885022_ARO:3004054_Pseudomonas	90.741	54	3	2	3191	3243	332	280	2.77e-12	71.3	333463
NODE_11905_length_3774_cov_42.5141	gb_AY768532_+_0-1935_ARO:3000535_macB	86.753	1940	246	10	655	2590	1	1933	0.0	2148	242763
NODE_11905_length_3774_cov_42.5141	gb_AY768531_+_0-1179_ARO:3000533_macA	84.502	542	74	9	1	537	619	1155	1.33e-149	527	242763
NODE_11905_length_3774_cov_42.5141	gb_AY768532_+_0-1935_ARO:3000535_macB	86.753	1940	246	10	655	2590	1	1933	0.0	2148	350456
NODE_11905_length_3774_cov_42.5141	gb_AY768531_+_0-1179_ARO:3000533_macA	84.502	542	74	9	1	537	619	1155	1.33e-149	527	350456
NODE_11905_length_3774_cov_42.5141	gb_AY768532_+_0-1935_ARO:3000535_macB	86.753	1940	246	10	655	2590	1	1933	0.0	2148	47308
NODE_11905_length_3774_cov_42.5141	gb_AY768531_+_0-1179_ARO:3000533_macA	84.502	542	74	9	1	537	619	1155	1.33e-149	527	47308
NODE_11905_length_3774_cov_42.5141	gb_AY768532_+_0-1935_ARO:3000535_macB	86.753	1940	246	10	655	2590	1	1933	0.0	2148	156974
NODE_11905_length_3774_cov_42.5141	gb_AY768531_+_0-1179_ARO:3000533_macA	84.502	542	74	9	1	537	619	1155	1.33e-149	527	156974
NODE_11905_length_3774_cov_42.5141	gb_AY768532_+_0-1935_ARO:3000535_macB	86.753	1940	246	10	655	2590	1	1933	0.0	2148	65711
NODE_11905_length_3774_cov_42.5141	gb_AY768531_+_0-1179_ARO:3000533_macA	84.502	542	74	9	1	537	619	1155	1.33e-149	527	65711
NODE_11905_length_3774_cov_42.5141	gb_AY768532_+_0-1935_ARO:3000535_macB	86.753	1940	246	10	655	2590	1	1933	0.0	2148	3970566
NODE_11905_length_3774_cov_42.5141	gb_AY768531_+_0-1179_ARO:3000533_macA	84.502	542	74	9	1	537	619	1155	1.33e-149	527	3970566
NODE_11905_length_3774_cov_42.5141	gb_AY768532_+_0-1935_ARO:3000535_macB	86.753	1940	246	10	655	2590	1	1933	0.0	2148	3803545
NODE_11905_length_3774_cov_42.5141	gb_AY768531_+_0-1179_ARO:3000533_macA	84.502	542	74	9	1	537	619	1155	1.33e-149	527	3803545
NODE_12277_length_3694_cov_5.01924	gb_AY768532_+_0-1935_ARO:3000535_macB	100.000	29	0	0	1520	1548	455	427	2.65e-07	54.7	1445754
NODE_12277_length_3694_cov_5.01924	gb_AY768532_+_0-1935_ARO:3000535_macB	100.000	29	0	0	1520	1548	455	427	2.65e-07	54.7	2628601
NODE_12506_length_3649_cov_20.3322	gb_AF235050.4_+_38028-40140_ARO:3003318_Streptomyces	77.259	321	57	11	3337	3649	76	388	1.92e-43	174	382009
NODE_12506_length_3649_cov_20.3322	gb_AF235050.4_+_38028-40140_ARO:3003318_Streptomyces	77.259	321	57	11	3337	3649	76	388	1.92e-43	174	4564129
NODE_14197_length_3331_cov_14.5766	gb_AP006618.1_+_4835199-4838688_ARO:3000501_Nocardia	81.974	233	38	4	502	732	3263	3033	1.35e-49	195	1315978
NODE_14974_length_3190_cov_32.8029	gb_NC_014638.1_-_1610636-1613960_ARO:3003730_Bifidobacteria	73.666	1143	246	39	1595	2702	2156	1034	4.26e-109	392	1511113
NODE_14974_length_3190_cov_32.8029	gb_NC_014638.1_-_1610636-1613960_ARO:3003730_Bifidobacteria	73.666	1143	246	39	1595	2702	2156	1034	4.26e-109	392	1523690
NODE_14974_length_3190_cov_32.8029	gb_NC_014638.1_-_1610636-1613960_ARO:3003730_Bifidobacteria	73.666	1143	246	39	1595	2702	2156	1034	4.26e-109	392	1523690
NODE_14974_length_3190_cov_32.8029	gb_NC_014638.1_-_1610636-1613960_ARO:3003730_Bifidobacteria	73.666	1143	246	39	1595	2702	2156	1034	4.26e-109	392	1523690
NODE_14974_length_3190_cov_32.8029	gb_NC_014638.1_-_1610636-1613960_ARO:3003730_Bifidobacteria	73.666	1143	246	39	1595	2702	2156	1034	4.26e-109	392	3463450
NODE_15940_length_3039_cov_18.8988	gb_AF235050.4_+_38028-40140_ARO:3003318_Streptomyces	76.682	1115	196	53	843	1928	1991	912	1.05e-159	560	627986
NODE_17205_length_2869_cov_2.63646	gb_AP006618.1_+_4835199-4838688_ARO:3000501_Nocardia	74.379	2014	427	66	1	1962	2226	250	0.0	778	252615
NODE_19702_length_2576_cov_3.58747	gb_KX000272.1_+_0-1740_ARO:3004035_tetA(60)	86.118	1167	162	0	1410	2576	1	1167	0.0	1258	115163
NODE_20507_length_2501_cov_2.51308	gb_AY768532_+_0-1935_ARO:3000535_macB	92.593	54	3	1	541	594	421	473	3.82e-14	76.8	2034382
NODE_21495_length_2406_cov_7.86304	gb_NC_014638.1_-_1610636-1613960_ARO:3003730_Bifidobacteria	77.751	409	79	11	2002	2404	2131	1729	1.23e-63	241	236608
NODE_38508_length_1462_cov_4.72992	gb_NC_003098.1_-_1359228-1360395_ARO:3000025_patB	85.014	367	55	0	1	367	367	1	7.03e-104	374	14135
NODE_47373_length_1202_cov_2.48126	gb_AP006618.1_+_4835199-4838688_ARO:3000501_Nocardia	78.200	1078	219	16	130	1202	3370	2304	0.0	675	482742
NODE_49697_length_1150_cov_103.038	gb_AF235050.4_+_38028-40140_ARO:3003318_Streptomyces	86.154	65	9	0	261	325	1897	1961	8.09e-13	71.3	6102051
NODE_49697_length_1150_cov_103.038	gb_AF235050.4_+_38028-40140_ARO:3003318_Streptomyces	86.154	65	9	0	261	325	1897	1961	8.09e-13	71.3	3463398
NODE_65422_length_885_cov_7.37108	gb_CP007593.1_+_2148923-2149772_ARO:3001301_RlmA(II)	87.179	546	70	0	320	865	843	298	1.36e-178	621	3463495
NODE_146997_length_410_cov_9.71831	gb_AY768532_+_0-1935_ARO:3000535_macB	80.488	410	72	7	1	406	1162	757	1.96e-84	307	350456
