NODE_2_length_448278_cov_9.28846	gb_JX560992_+_11387-12872_ARO:3003206_lsaE	99.865	1485	2	0	72463	73947	1	1485	0.0	2732	3356528
NODE_2_length_448278_cov_9.28846	gb_KC688833_+_0-804_ARO:3002836_lnuB	100.000	804	0	0	74001	74804	1	804	0.0	1485	3356528
NODE_2_length_448278_cov_9.28846	gb_JX560992_+_11387-12872_ARO:3003206_lsaE	99.865	1485	2	0	72463	73947	1	1485	0.0	2732	32075
NODE_2_length_448278_cov_9.28846	gb_KC688833_+_0-804_ARO:3002836_lnuB	100.000	804	0	0	74001	74804	1	804	0.0	1485	32075
NODE_2_length_448278_cov_9.28846	gb_JX560992_+_11387-12872_ARO:3003206_lsaE	99.865	1485	2	0	72463	73947	1	1485	0.0	2732	5460449
NODE_2_length_448278_cov_9.28846	gb_KC688833_+_0-804_ARO:3002836_lnuB	100.000	804	0	0	74001	74804	1	804	0.0	1485	5460449
NODE_2_length_448278_cov_9.28846	gb_JX560992_+_11387-12872_ARO:3003206_lsaE	99.865	1485	2	0	72463	73947	1	1485	0.0	2732	3103254
NODE_2_length_448278_cov_9.28846	gb_KC688833_+_0-804_ARO:3002836_lnuB	100.000	804	0	0	74001	74804	1	804	0.0	1485	3103254
NODE_2_length_448278_cov_9.28846	gb_JX560992_+_11387-12872_ARO:3003206_lsaE	99.865	1485	2	0	72463	73947	1	1485	0.0	2732	3889903
NODE_2_length_448278_cov_9.28846	gb_KC688833_+_0-804_ARO:3002836_lnuB	100.000	804	0	0	74001	74804	1	804	0.0	1485	3889903
NODE_2_length_448278_cov_9.28846	gb_JX560992_+_11387-12872_ARO:3003206_lsaE	99.865	1485	2	0	72463	73947	1	1485	0.0	2732	3889903
NODE_2_length_448278_cov_9.28846	gb_KC688833_+_0-804_ARO:3002836_lnuB	100.000	804	0	0	74001	74804	1	804	0.0	1485	3889903
NODE_2_length_448278_cov_9.28846	gb_JX560992_+_11387-12872_ARO:3003206_lsaE	99.865	1485	2	0	72463	73947	1	1485	0.0	2732	226348
NODE_2_length_448278_cov_9.28846	gb_KC688833_+_0-804_ARO:3002836_lnuB	100.000	804	0	0	74001	74804	1	804	0.0	1485	226348
NODE_2_length_448278_cov_9.28846	gb_JX560992_+_11387-12872_ARO:3003206_lsaE	99.865	1485	2	0	72463	73947	1	1485	0.0	2732	5460822
NODE_2_length_448278_cov_9.28846	gb_KC688833_+_0-804_ARO:3002836_lnuB	100.000	804	0	0	74001	74804	1	804	0.0	1485	5460822
NODE_2_length_448278_cov_9.28846	gb_JX560992_+_11387-12872_ARO:3003206_lsaE	99.865	1485	2	0	72463	73947	1	1485	0.0	2732	5460822
NODE_2_length_448278_cov_9.28846	gb_KC688833_+_0-804_ARO:3002836_lnuB	100.000	804	0	0	74001	74804	1	804	0.0	1485	5460822
NODE_2_length_448278_cov_9.28846	gb_JX560992_+_11387-12872_ARO:3003206_lsaE	99.865	1485	2	0	72463	73947	1	1485	0.0	2732	996893
NODE_2_length_448278_cov_9.28846	gb_KC688833_+_0-804_ARO:3002836_lnuB	100.000	804	0	0	74001	74804	1	804	0.0	1485	996893
NODE_2_length_448278_cov_9.28846	gb_JX560992_+_11387-12872_ARO:3003206_lsaE	99.865	1485	2	0	72463	73947	1	1485	0.0	2732	5460599
NODE_2_length_448278_cov_9.28846	gb_KC688833_+_0-804_ARO:3002836_lnuB	100.000	804	0	0	74001	74804	1	804	0.0	1485	5460599
NODE_2_length_448278_cov_9.28846	gb_JX560992_+_11387-12872_ARO:3003206_lsaE	99.865	1485	2	0	72463	73947	1	1485	0.0	2732	5460703
NODE_2_length_448278_cov_9.28846	gb_KC688833_+_0-804_ARO:3002836_lnuB	100.000	804	0	0	74001	74804	1	804	0.0	1485	5460703
NODE_2_length_448278_cov_9.28846	gb_JX560992_+_11387-12872_ARO:3003206_lsaE	99.865	1485	2	0	72463	73947	1	1485	0.0	2732	3103264
NODE_2_length_448278_cov_9.28846	gb_KC688833_+_0-804_ARO:3002836_lnuB	100.000	804	0	0	74001	74804	1	804	0.0	1485	3103264
NODE_2_length_448278_cov_9.28846	gb_JX560992_+_11387-12872_ARO:3003206_lsaE	99.865	1485	2	0	72463	73947	1	1485	0.0	2732	5461096
NODE_2_length_448278_cov_9.28846	gb_KC688833_+_0-804_ARO:3002836_lnuB	100.000	804	0	0	74001	74804	1	804	0.0	1485	5461096
NODE_2_length_448278_cov_9.28846	gb_JX560992_+_11387-12872_ARO:3003206_lsaE	99.865	1485	2	0	72463	73947	1	1485	0.0	2732	1502527
NODE_2_length_448278_cov_9.28846	gb_KC688833_+_0-804_ARO:3002836_lnuB	100.000	804	0	0	74001	74804	1	804	0.0	1485	1502527
NODE_3_length_432265_cov_5.95002	gb_CP000800.1_-_1191727-1192954_ARO:3001329_mdtG	99.267	1227	9	0	18459	19685	1227	1	0.0	2217	5177752
NODE_3_length_432265_cov_5.95002	gb_U00096_-_1124117-1125326_ARO:3001216_mdtH	98.346	1209	20	0	28316	29524	1209	1	0.0	2122	5177752
NODE_3_length_432265_cov_5.95002	gb_NC_002695.2_-_1737690-1738104_ARO:3000676_H-NS	99.275	414	3	0	181135	181548	414	1	0.0	749	5177752
NODE_6_length_326249_cov_8.05444	gb_U00096_+_3415032-3418137_ARO:3000502_acrF	99.034	3105	30	0	5178	8282	3105	1	0.0	5568	714512
NODE_6_length_326249_cov_8.05444	gb_FJ768952_+_0-1488_ARO:3000237_tolC	98.387	1488	24	0	241449	242936	1488	1	0.0	2615	714512
NODE_6_length_326249_cov_8.05444	gb_NC_000913.3_+_3219493-3220873_ARO:3000024_patA	99.783	1380	3	0	201540	202919	1380	1	0.0	2532	714512
NODE_6_length_326249_cov_8.05444	gb_U00096_+_3413863-3415021_ARO:3000499_acrE	98.791	1158	14	0	8294	9451	1158	1	0.0	2061	714512
NODE_6_length_326249_cov_8.05444	gb_U00096.3_-_3203309-3204131_ARO:3002986_bacA	98.659	820	11	0	218271	219090	1	820	0.0	1454	714512
NODE_6_length_326249_cov_8.05444	gb_U00096_-_3412802-3413465_ARO:3000656_acrS	99.397	663	4	0	9850	10512	1	663	0.0	1203	714512
NODE_6_length_326249_cov_8.05444	gb_NC_000913.3_-_481253-484403_ARO:3000216_acrB	73.693	3136	733	81	5186	8273	3100	9	0.0	1136	714512
NODE_6_length_326249_cov_8.05444	gb_NC_003197.2_-_393893-397061_ARO:3000790_mdsB	81.928	83	9	6	5298	5377	3012	2933	1.08e-08	65.8	714512
NODE_6_length_326249_cov_8.05444	gb_U00096_+_3415032-3418137_ARO:3000502_acrF	99.034	3105	30	0	5178	8282	3105	1	0.0	5568	714512
NODE_6_length_326249_cov_8.05444	gb_FJ768952_+_0-1488_ARO:3000237_tolC	98.387	1488	24	0	241449	242936	1488	1	0.0	2615	714512
NODE_6_length_326249_cov_8.05444	gb_NC_000913.3_+_3219493-3220873_ARO:3000024_patA	99.783	1380	3	0	201540	202919	1380	1	0.0	2532	714512
NODE_6_length_326249_cov_8.05444	gb_U00096_+_3413863-3415021_ARO:3000499_acrE	98.791	1158	14	0	8294	9451	1158	1	0.0	2061	714512
NODE_6_length_326249_cov_8.05444	gb_U00096.3_-_3203309-3204131_ARO:3002986_bacA	98.659	820	11	0	218271	219090	1	820	0.0	1454	714512
NODE_6_length_326249_cov_8.05444	gb_U00096_-_3412802-3413465_ARO:3000656_acrS	99.397	663	4	0	9850	10512	1	663	0.0	1203	714512
NODE_6_length_326249_cov_8.05444	gb_NC_000913.3_-_481253-484403_ARO:3000216_acrB	73.693	3136	733	81	5186	8273	3100	9	0.0	1136	714512
NODE_6_length_326249_cov_8.05444	gb_NC_003197.2_-_393893-397061_ARO:3000790_mdsB	81.928	83	9	6	5298	5377	3012	2933	1.08e-08	65.8	714512
NODE_6_length_326249_cov_8.05444	gb_U00096_+_3415032-3418137_ARO:3000502_acrF	99.034	3105	30	0	5178	8282	3105	1	0.0	5568	249459
NODE_6_length_326249_cov_8.05444	gb_FJ768952_+_0-1488_ARO:3000237_tolC	98.387	1488	24	0	241449	242936	1488	1	0.0	2615	249459
NODE_6_length_326249_cov_8.05444	gb_NC_000913.3_+_3219493-3220873_ARO:3000024_patA	99.783	1380	3	0	201540	202919	1380	1	0.0	2532	249459
NODE_6_length_326249_cov_8.05444	gb_U00096_+_3413863-3415021_ARO:3000499_acrE	98.791	1158	14	0	8294	9451	1158	1	0.0	2061	249459
NODE_6_length_326249_cov_8.05444	gb_U00096.3_-_3203309-3204131_ARO:3002986_bacA	98.659	820	11	0	218271	219090	1	820	0.0	1454	249459
NODE_6_length_326249_cov_8.05444	gb_U00096_-_3412802-3413465_ARO:3000656_acrS	99.397	663	4	0	9850	10512	1	663	0.0	1203	249459
NODE_6_length_326249_cov_8.05444	gb_NC_000913.3_-_481253-484403_ARO:3000216_acrB	73.693	3136	733	81	5186	8273	3100	9	0.0	1136	249459
NODE_6_length_326249_cov_8.05444	gb_NC_003197.2_-_393893-397061_ARO:3000790_mdsB	81.928	83	9	6	5298	5377	3012	2933	1.08e-08	65.8	249459
NODE_6_length_326249_cov_8.05444	gb_U00096_+_3415032-3418137_ARO:3000502_acrF	99.034	3105	30	0	5178	8282	3105	1	0.0	5568	107277
NODE_6_length_326249_cov_8.05444	gb_FJ768952_+_0-1488_ARO:3000237_tolC	98.387	1488	24	0	241449	242936	1488	1	0.0	2615	107277
NODE_6_length_326249_cov_8.05444	gb_NC_000913.3_+_3219493-3220873_ARO:3000024_patA	99.783	1380	3	0	201540	202919	1380	1	0.0	2532	107277
NODE_6_length_326249_cov_8.05444	gb_U00096_+_3413863-3415021_ARO:3000499_acrE	98.791	1158	14	0	8294	9451	1158	1	0.0	2061	107277
NODE_6_length_326249_cov_8.05444	gb_U00096.3_-_3203309-3204131_ARO:3002986_bacA	98.659	820	11	0	218271	219090	1	820	0.0	1454	107277
NODE_6_length_326249_cov_8.05444	gb_U00096_-_3412802-3413465_ARO:3000656_acrS	99.397	663	4	0	9850	10512	1	663	0.0	1203	107277
NODE_6_length_326249_cov_8.05444	gb_NC_000913.3_-_481253-484403_ARO:3000216_acrB	73.693	3136	733	81	5186	8273	3100	9	0.0	1136	107277
NODE_6_length_326249_cov_8.05444	gb_NC_003197.2_-_393893-397061_ARO:3000790_mdsB	81.928	83	9	6	5298	5377	3012	2933	1.08e-08	65.8	107277
NODE_6_length_326249_cov_8.05444	gb_U00096_+_3415032-3418137_ARO:3000502_acrF	99.034	3105	30	0	5178	8282	3105	1	0.0	5568	144630
NODE_6_length_326249_cov_8.05444	gb_FJ768952_+_0-1488_ARO:3000237_tolC	98.387	1488	24	0	241449	242936	1488	1	0.0	2615	144630
NODE_6_length_326249_cov_8.05444	gb_NC_000913.3_+_3219493-3220873_ARO:3000024_patA	99.783	1380	3	0	201540	202919	1380	1	0.0	2532	144630
NODE_6_length_326249_cov_8.05444	gb_U00096_+_3413863-3415021_ARO:3000499_acrE	98.791	1158	14	0	8294	9451	1158	1	0.0	2061	144630
NODE_6_length_326249_cov_8.05444	gb_U00096.3_-_3203309-3204131_ARO:3002986_bacA	98.659	820	11	0	218271	219090	1	820	0.0	1454	144630
NODE_6_length_326249_cov_8.05444	gb_U00096_-_3412802-3413465_ARO:3000656_acrS	99.397	663	4	0	9850	10512	1	663	0.0	1203	144630
NODE_6_length_326249_cov_8.05444	gb_NC_000913.3_-_481253-484403_ARO:3000216_acrB	73.693	3136	733	81	5186	8273	3100	9	0.0	1136	144630
NODE_6_length_326249_cov_8.05444	gb_NC_003197.2_-_393893-397061_ARO:3000790_mdsB	81.928	83	9	6	5298	5377	3012	2933	1.08e-08	65.8	144630
NODE_6_length_326249_cov_8.05444	gb_U00096_+_3415032-3418137_ARO:3000502_acrF	99.034	3105	30	0	5178	8282	3105	1	0.0	5568	48125
NODE_6_length_326249_cov_8.05444	gb_FJ768952_+_0-1488_ARO:3000237_tolC	98.387	1488	24	0	241449	242936	1488	1	0.0	2615	48125
NODE_6_length_326249_cov_8.05444	gb_NC_000913.3_+_3219493-3220873_ARO:3000024_patA	99.783	1380	3	0	201540	202919	1380	1	0.0	2532	48125
NODE_6_length_326249_cov_8.05444	gb_U00096_+_3413863-3415021_ARO:3000499_acrE	98.791	1158	14	0	8294	9451	1158	1	0.0	2061	48125
NODE_6_length_326249_cov_8.05444	gb_U00096.3_-_3203309-3204131_ARO:3002986_bacA	98.659	820	11	0	218271	219090	1	820	0.0	1454	48125
NODE_6_length_326249_cov_8.05444	gb_U00096_-_3412802-3413465_ARO:3000656_acrS	99.397	663	4	0	9850	10512	1	663	0.0	1203	48125
NODE_6_length_326249_cov_8.05444	gb_NC_000913.3_-_481253-484403_ARO:3000216_acrB	73.693	3136	733	81	5186	8273	3100	9	0.0	1136	48125
NODE_6_length_326249_cov_8.05444	gb_NC_003197.2_-_393893-397061_ARO:3000790_mdsB	81.928	83	9	6	5298	5377	3012	2933	1.08e-08	65.8	48125
NODE_6_length_326249_cov_8.05444	gb_U00096_+_3415032-3418137_ARO:3000502_acrF	99.034	3105	30	0	5178	8282	3105	1	0.0	5568	48125
NODE_6_length_326249_cov_8.05444	gb_FJ768952_+_0-1488_ARO:3000237_tolC	98.387	1488	24	0	241449	242936	1488	1	0.0	2615	48125
NODE_6_length_326249_cov_8.05444	gb_NC_000913.3_+_3219493-3220873_ARO:3000024_patA	99.783	1380	3	0	201540	202919	1380	1	0.0	2532	48125
NODE_6_length_326249_cov_8.05444	gb_U00096_+_3413863-3415021_ARO:3000499_acrE	98.791	1158	14	0	8294	9451	1158	1	0.0	2061	48125
NODE_6_length_326249_cov_8.05444	gb_U00096.3_-_3203309-3204131_ARO:3002986_bacA	98.659	820	11	0	218271	219090	1	820	0.0	1454	48125
NODE_6_length_326249_cov_8.05444	gb_U00096_-_3412802-3413465_ARO:3000656_acrS	99.397	663	4	0	9850	10512	1	663	0.0	1203	48125
NODE_6_length_326249_cov_8.05444	gb_NC_000913.3_-_481253-484403_ARO:3000216_acrB	73.693	3136	733	81	5186	8273	3100	9	0.0	1136	48125
NODE_6_length_326249_cov_8.05444	gb_NC_003197.2_-_393893-397061_ARO:3000790_mdsB	81.928	83	9	6	5298	5377	3012	2933	1.08e-08	65.8	48125
NODE_6_length_326249_cov_8.05444	gb_U00096_+_3415032-3418137_ARO:3000502_acrF	99.034	3105	30	0	5178	8282	3105	1	0.0	5568	117282
NODE_6_length_326249_cov_8.05444	gb_FJ768952_+_0-1488_ARO:3000237_tolC	98.387	1488	24	0	241449	242936	1488	1	0.0	2615	117282
NODE_6_length_326249_cov_8.05444	gb_NC_000913.3_+_3219493-3220873_ARO:3000024_patA	99.783	1380	3	0	201540	202919	1380	1	0.0	2532	117282
NODE_6_length_326249_cov_8.05444	gb_U00096_+_3413863-3415021_ARO:3000499_acrE	98.791	1158	14	0	8294	9451	1158	1	0.0	2061	117282
NODE_6_length_326249_cov_8.05444	gb_U00096.3_-_3203309-3204131_ARO:3002986_bacA	98.659	820	11	0	218271	219090	1	820	0.0	1454	117282
NODE_6_length_326249_cov_8.05444	gb_U00096_-_3412802-3413465_ARO:3000656_acrS	99.397	663	4	0	9850	10512	1	663	0.0	1203	117282
NODE_6_length_326249_cov_8.05444	gb_NC_000913.3_-_481253-484403_ARO:3000216_acrB	73.693	3136	733	81	5186	8273	3100	9	0.0	1136	117282
NODE_6_length_326249_cov_8.05444	gb_NC_003197.2_-_393893-397061_ARO:3000790_mdsB	81.928	83	9	6	5298	5377	3012	2933	1.08e-08	65.8	117282
NODE_6_length_326249_cov_8.05444	gb_U00096_+_3415032-3418137_ARO:3000502_acrF	99.034	3105	30	0	5178	8282	3105	1	0.0	5568	6983601
NODE_6_length_326249_cov_8.05444	gb_FJ768952_+_0-1488_ARO:3000237_tolC	98.387	1488	24	0	241449	242936	1488	1	0.0	2615	6983601
NODE_6_length_326249_cov_8.05444	gb_NC_000913.3_+_3219493-3220873_ARO:3000024_patA	99.783	1380	3	0	201540	202919	1380	1	0.0	2532	6983601
NODE_6_length_326249_cov_8.05444	gb_U00096_+_3413863-3415021_ARO:3000499_acrE	98.791	1158	14	0	8294	9451	1158	1	0.0	2061	6983601
NODE_6_length_326249_cov_8.05444	gb_U00096.3_-_3203309-3204131_ARO:3002986_bacA	98.659	820	11	0	218271	219090	1	820	0.0	1454	6983601
NODE_6_length_326249_cov_8.05444	gb_U00096_-_3412802-3413465_ARO:3000656_acrS	99.397	663	4	0	9850	10512	1	663	0.0	1203	6983601
NODE_6_length_326249_cov_8.05444	gb_NC_000913.3_-_481253-484403_ARO:3000216_acrB	73.693	3136	733	81	5186	8273	3100	9	0.0	1136	6983601
NODE_6_length_326249_cov_8.05444	gb_NC_003197.2_-_393893-397061_ARO:3000790_mdsB	81.928	83	9	6	5298	5377	3012	2933	1.08e-08	65.8	6983601
NODE_8_length_309627_cov_8.25909	gb_AP009048.1_-_4304505-4306557_ARO:3003549_mdtO	98.392	2052	33	0	89423	91474	2052	1	0.0	3607	117282
NODE_8_length_309627_cov_8.25909	gb_AP009048_-_4338624-4340268_ARO:3003576_eptA	99.392	1644	10	0	115206	116849	1644	1	0.0	2981	117282
NODE_8_length_309627_cov_8.25909	gb_AP009048.1_-_4303042-4304509_ARO:3003550_mdtP	98.228	1467	26	0	87960	89426	1467	1	0.0	2566	117282
NODE_8_length_309627_cov_8.25909	gb_NC_000913.3_-_4377810-4378944_ARO:3004290_Escherichia	97.707	1134	26	0	191957	193090	1134	1	0.0	1951	117282
NODE_8_length_309627_cov_8.25909	gb_AP009048.1_-_4306556-4307588_ARO:3003548_mdtN	97.965	1032	21	0	91474	92505	1032	1	0.0	1790	117282
NODE_8_length_309627_cov_8.25909	gb_KM087859_+_0-1146_ARO:3002176_MIR-11	72.143	980	237	29	192009	192970	1094	133	9.43e-69	265	117282
NODE_8_length_309627_cov_8.25909	gb_KM087851_+_0-1146_ARO:3002180_MIR-15	72.143	980	237	30	192009	192970	1094	133	9.43e-69	265	117282
NODE_8_length_309627_cov_8.25909	gb_AY227752_+_88-1234_ARO:3002168_MIR-2	71.802	1032	255	29	191957	192970	1146	133	1.22e-67	261	117282
NODE_8_length_309627_cov_8.25909	gb_KM087858_+_0-1146_ARO:3002175_MIR-10	72.041	980	238	29	192009	192970	1094	133	4.39e-67	259	117282
NODE_8_length_309627_cov_8.25909	gb_KM087860_+_0-1146_ARO:3002174_MIR-9	72.041	980	238	29	192009	192970	1094	133	4.39e-67	259	117282
NODE_8_length_309627_cov_8.25909	gb_JQ664733_+_0-1146_ARO:3002171_MIR-6	72.041	980	238	30	192009	192970	1094	133	4.39e-67	259	117282
NODE_8_length_309627_cov_8.25909	gb_KM087861_+_0-1146_ARO:3002181_MIR-16	72.041	980	238	29	192009	192970	1094	133	4.39e-67	259	117282
NODE_8_length_309627_cov_8.25909	gb_EF417572_+_29-1175_ARO:3002167_MIR-4	71.853	977	245	25	192009	192970	1094	133	2.04e-65	254	117282
NODE_8_length_309627_cov_8.25909	gb_FJ237367_+_0-1146_ARO:3002173_MIR-8	71.939	980	239	30	192009	192970	1094	133	2.04e-65	254	117282
NODE_8_length_309627_cov_8.25909	gb_KM087863_+_0-1146_ARO:3002177_MIR-12	71.939	980	239	29	192009	192970	1094	133	2.04e-65	254	117282
NODE_8_length_309627_cov_8.25909	gb_KP050484_+_0-1146_ARO:3002170_MIR-5	71.939	980	239	29	192009	192970	1094	133	2.04e-65	254	117282
NODE_8_length_309627_cov_8.25909	gb_AY743435_+_13-1159_ARO:3002169_MIR-3	71.853	977	245	25	192009	192970	1094	133	2.04e-65	254	117282
NODE_8_length_309627_cov_8.25909	gb_M37839_+_927-2073_ARO:3002166_MIR-1	71.837	980	240	29	192009	192970	1094	133	9.50e-64	248	117282
NODE_8_length_309627_cov_8.25909	gb_LN515535_+_0-1146_ARO:3003173_MIR-17	71.837	980	240	29	192009	192970	1094	133	9.50e-64	248	117282
NODE_8_length_309627_cov_8.25909	gb_KM087862_+_0-1146_ARO:3002178_MIR-13	71.735	980	241	30	192009	192970	1094	133	4.42e-62	243	117282
NODE_8_length_309627_cov_8.25909	gb_KM926622_+_238-1384_ARO:3003172_ACT-37	72.097	577	133	22	192408	192970	695	133	9.91e-34	148	117282
NODE_8_length_309627_cov_8.25909	gb_KF992029_+_748-1894_ARO:3001840_ACT-19	69.808	1040	262	41	191957	192970	1146	133	2.77e-29	134	117282
NODE_8_length_309627_cov_8.25909	gb_AP009048.1_-_4304505-4306557_ARO:3003549_mdtO	98.392	2052	33	0	89423	91474	2052	1	0.0	3607	510628
NODE_8_length_309627_cov_8.25909	gb_AP009048_-_4338624-4340268_ARO:3003576_eptA	99.392	1644	10	0	115206	116849	1644	1	0.0	2981	510628
NODE_8_length_309627_cov_8.25909	gb_AP009048.1_-_4303042-4304509_ARO:3003550_mdtP	98.228	1467	26	0	87960	89426	1467	1	0.0	2566	510628
NODE_8_length_309627_cov_8.25909	gb_NC_000913.3_-_4377810-4378944_ARO:3004290_Escherichia	97.707	1134	26	0	191957	193090	1134	1	0.0	1951	510628
NODE_8_length_309627_cov_8.25909	gb_AP009048.1_-_4306556-4307588_ARO:3003548_mdtN	97.965	1032	21	0	91474	92505	1032	1	0.0	1790	510628
NODE_8_length_309627_cov_8.25909	gb_KM087859_+_0-1146_ARO:3002176_MIR-11	72.143	980	237	29	192009	192970	1094	133	9.43e-69	265	510628
NODE_8_length_309627_cov_8.25909	gb_KM087851_+_0-1146_ARO:3002180_MIR-15	72.143	980	237	30	192009	192970	1094	133	9.43e-69	265	510628
NODE_8_length_309627_cov_8.25909	gb_AY227752_+_88-1234_ARO:3002168_MIR-2	71.802	1032	255	29	191957	192970	1146	133	1.22e-67	261	510628
NODE_8_length_309627_cov_8.25909	gb_KM087858_+_0-1146_ARO:3002175_MIR-10	72.041	980	238	29	192009	192970	1094	133	4.39e-67	259	510628
NODE_8_length_309627_cov_8.25909	gb_KM087860_+_0-1146_ARO:3002174_MIR-9	72.041	980	238	29	192009	192970	1094	133	4.39e-67	259	510628
NODE_8_length_309627_cov_8.25909	gb_JQ664733_+_0-1146_ARO:3002171_MIR-6	72.041	980	238	30	192009	192970	1094	133	4.39e-67	259	510628
NODE_8_length_309627_cov_8.25909	gb_KM087861_+_0-1146_ARO:3002181_MIR-16	72.041	980	238	29	192009	192970	1094	133	4.39e-67	259	510628
NODE_8_length_309627_cov_8.25909	gb_EF417572_+_29-1175_ARO:3002167_MIR-4	71.853	977	245	25	192009	192970	1094	133	2.04e-65	254	510628
NODE_8_length_309627_cov_8.25909	gb_FJ237367_+_0-1146_ARO:3002173_MIR-8	71.939	980	239	30	192009	192970	1094	133	2.04e-65	254	510628
NODE_8_length_309627_cov_8.25909	gb_KM087863_+_0-1146_ARO:3002177_MIR-12	71.939	980	239	29	192009	192970	1094	133	2.04e-65	254	510628
NODE_8_length_309627_cov_8.25909	gb_KP050484_+_0-1146_ARO:3002170_MIR-5	71.939	980	239	29	192009	192970	1094	133	2.04e-65	254	510628
NODE_8_length_309627_cov_8.25909	gb_AY743435_+_13-1159_ARO:3002169_MIR-3	71.853	977	245	25	192009	192970	1094	133	2.04e-65	254	510628
NODE_8_length_309627_cov_8.25909	gb_M37839_+_927-2073_ARO:3002166_MIR-1	71.837	980	240	29	192009	192970	1094	133	9.50e-64	248	510628
NODE_8_length_309627_cov_8.25909	gb_LN515535_+_0-1146_ARO:3003173_MIR-17	71.837	980	240	29	192009	192970	1094	133	9.50e-64	248	510628
NODE_8_length_309627_cov_8.25909	gb_KM087862_+_0-1146_ARO:3002178_MIR-13	71.735	980	241	30	192009	192970	1094	133	4.42e-62	243	510628
NODE_8_length_309627_cov_8.25909	gb_KM926622_+_238-1384_ARO:3003172_ACT-37	72.097	577	133	22	192408	192970	695	133	9.91e-34	148	510628
NODE_8_length_309627_cov_8.25909	gb_KF992029_+_748-1894_ARO:3001840_ACT-19	69.808	1040	262	41	191957	192970	1146	133	2.77e-29	134	510628
NODE_8_length_309627_cov_8.25909	gb_AP009048.1_-_4304505-4306557_ARO:3003549_mdtO	98.392	2052	33	0	89423	91474	2052	1	0.0	3607	588568
NODE_8_length_309627_cov_8.25909	gb_AP009048_-_4338624-4340268_ARO:3003576_eptA	99.392	1644	10	0	115206	116849	1644	1	0.0	2981	588568
NODE_8_length_309627_cov_8.25909	gb_AP009048.1_-_4303042-4304509_ARO:3003550_mdtP	98.228	1467	26	0	87960	89426	1467	1	0.0	2566	588568
NODE_8_length_309627_cov_8.25909	gb_NC_000913.3_-_4377810-4378944_ARO:3004290_Escherichia	97.707	1134	26	0	191957	193090	1134	1	0.0	1951	588568
NODE_8_length_309627_cov_8.25909	gb_AP009048.1_-_4306556-4307588_ARO:3003548_mdtN	97.965	1032	21	0	91474	92505	1032	1	0.0	1790	588568
NODE_8_length_309627_cov_8.25909	gb_KM087859_+_0-1146_ARO:3002176_MIR-11	72.143	980	237	29	192009	192970	1094	133	9.43e-69	265	588568
NODE_8_length_309627_cov_8.25909	gb_KM087851_+_0-1146_ARO:3002180_MIR-15	72.143	980	237	30	192009	192970	1094	133	9.43e-69	265	588568
NODE_8_length_309627_cov_8.25909	gb_AY227752_+_88-1234_ARO:3002168_MIR-2	71.802	1032	255	29	191957	192970	1146	133	1.22e-67	261	588568
NODE_8_length_309627_cov_8.25909	gb_KM087858_+_0-1146_ARO:3002175_MIR-10	72.041	980	238	29	192009	192970	1094	133	4.39e-67	259	588568
NODE_8_length_309627_cov_8.25909	gb_KM087860_+_0-1146_ARO:3002174_MIR-9	72.041	980	238	29	192009	192970	1094	133	4.39e-67	259	588568
NODE_8_length_309627_cov_8.25909	gb_JQ664733_+_0-1146_ARO:3002171_MIR-6	72.041	980	238	30	192009	192970	1094	133	4.39e-67	259	588568
NODE_8_length_309627_cov_8.25909	gb_KM087861_+_0-1146_ARO:3002181_MIR-16	72.041	980	238	29	192009	192970	1094	133	4.39e-67	259	588568
NODE_8_length_309627_cov_8.25909	gb_EF417572_+_29-1175_ARO:3002167_MIR-4	71.853	977	245	25	192009	192970	1094	133	2.04e-65	254	588568
NODE_8_length_309627_cov_8.25909	gb_FJ237367_+_0-1146_ARO:3002173_MIR-8	71.939	980	239	30	192009	192970	1094	133	2.04e-65	254	588568
NODE_8_length_309627_cov_8.25909	gb_KM087863_+_0-1146_ARO:3002177_MIR-12	71.939	980	239	29	192009	192970	1094	133	2.04e-65	254	588568
NODE_8_length_309627_cov_8.25909	gb_KP050484_+_0-1146_ARO:3002170_MIR-5	71.939	980	239	29	192009	192970	1094	133	2.04e-65	254	588568
NODE_8_length_309627_cov_8.25909	gb_AY743435_+_13-1159_ARO:3002169_MIR-3	71.853	977	245	25	192009	192970	1094	133	2.04e-65	254	588568
NODE_8_length_309627_cov_8.25909	gb_M37839_+_927-2073_ARO:3002166_MIR-1	71.837	980	240	29	192009	192970	1094	133	9.50e-64	248	588568
NODE_8_length_309627_cov_8.25909	gb_LN515535_+_0-1146_ARO:3003173_MIR-17	71.837	980	240	29	192009	192970	1094	133	9.50e-64	248	588568
NODE_8_length_309627_cov_8.25909	gb_KM087862_+_0-1146_ARO:3002178_MIR-13	71.735	980	241	30	192009	192970	1094	133	4.42e-62	243	588568
NODE_8_length_309627_cov_8.25909	gb_KM926622_+_238-1384_ARO:3003172_ACT-37	72.097	577	133	22	192408	192970	695	133	9.91e-34	148	588568
NODE_8_length_309627_cov_8.25909	gb_KF992029_+_748-1894_ARO:3001840_ACT-19	69.808	1040	262	41	191957	192970	1146	133	2.77e-29	134	588568
NODE_8_length_309627_cov_8.25909	gb_AP009048.1_-_4304505-4306557_ARO:3003549_mdtO	98.392	2052	33	0	89423	91474	2052	1	0.0	3607	117282
NODE_8_length_309627_cov_8.25909	gb_AP009048_-_4338624-4340268_ARO:3003576_eptA	99.392	1644	10	0	115206	116849	1644	1	0.0	2981	117282
NODE_8_length_309627_cov_8.25909	gb_AP009048.1_-_4303042-4304509_ARO:3003550_mdtP	98.228	1467	26	0	87960	89426	1467	1	0.0	2566	117282
NODE_8_length_309627_cov_8.25909	gb_NC_000913.3_-_4377810-4378944_ARO:3004290_Escherichia	97.707	1134	26	0	191957	193090	1134	1	0.0	1951	117282
NODE_8_length_309627_cov_8.25909	gb_AP009048.1_-_4306556-4307588_ARO:3003548_mdtN	97.965	1032	21	0	91474	92505	1032	1	0.0	1790	117282
NODE_8_length_309627_cov_8.25909	gb_KM087859_+_0-1146_ARO:3002176_MIR-11	72.143	980	237	29	192009	192970	1094	133	9.43e-69	265	117282
NODE_8_length_309627_cov_8.25909	gb_KM087851_+_0-1146_ARO:3002180_MIR-15	72.143	980	237	30	192009	192970	1094	133	9.43e-69	265	117282
NODE_8_length_309627_cov_8.25909	gb_AY227752_+_88-1234_ARO:3002168_MIR-2	71.802	1032	255	29	191957	192970	1146	133	1.22e-67	261	117282
NODE_8_length_309627_cov_8.25909	gb_KM087858_+_0-1146_ARO:3002175_MIR-10	72.041	980	238	29	192009	192970	1094	133	4.39e-67	259	117282
NODE_8_length_309627_cov_8.25909	gb_KM087860_+_0-1146_ARO:3002174_MIR-9	72.041	980	238	29	192009	192970	1094	133	4.39e-67	259	117282
NODE_8_length_309627_cov_8.25909	gb_JQ664733_+_0-1146_ARO:3002171_MIR-6	72.041	980	238	30	192009	192970	1094	133	4.39e-67	259	117282
NODE_8_length_309627_cov_8.25909	gb_KM087861_+_0-1146_ARO:3002181_MIR-16	72.041	980	238	29	192009	192970	1094	133	4.39e-67	259	117282
NODE_8_length_309627_cov_8.25909	gb_EF417572_+_29-1175_ARO:3002167_MIR-4	71.853	977	245	25	192009	192970	1094	133	2.04e-65	254	117282
NODE_8_length_309627_cov_8.25909	gb_FJ237367_+_0-1146_ARO:3002173_MIR-8	71.939	980	239	30	192009	192970	1094	133	2.04e-65	254	117282
NODE_8_length_309627_cov_8.25909	gb_KM087863_+_0-1146_ARO:3002177_MIR-12	71.939	980	239	29	192009	192970	1094	133	2.04e-65	254	117282
NODE_8_length_309627_cov_8.25909	gb_KP050484_+_0-1146_ARO:3002170_MIR-5	71.939	980	239	29	192009	192970	1094	133	2.04e-65	254	117282
NODE_8_length_309627_cov_8.25909	gb_AY743435_+_13-1159_ARO:3002169_MIR-3	71.853	977	245	25	192009	192970	1094	133	2.04e-65	254	117282
NODE_8_length_309627_cov_8.25909	gb_M37839_+_927-2073_ARO:3002166_MIR-1	71.837	980	240	29	192009	192970	1094	133	9.50e-64	248	117282
NODE_8_length_309627_cov_8.25909	gb_LN515535_+_0-1146_ARO:3003173_MIR-17	71.837	980	240	29	192009	192970	1094	133	9.50e-64	248	117282
NODE_8_length_309627_cov_8.25909	gb_KM087862_+_0-1146_ARO:3002178_MIR-13	71.735	980	241	30	192009	192970	1094	133	4.42e-62	243	117282
NODE_8_length_309627_cov_8.25909	gb_KM926622_+_238-1384_ARO:3003172_ACT-37	72.097	577	133	22	192408	192970	695	133	9.91e-34	148	117282
NODE_8_length_309627_cov_8.25909	gb_KF992029_+_748-1894_ARO:3001840_ACT-19	69.808	1040	262	41	191957	192970	1146	133	2.77e-29	134	117282
NODE_8_length_309627_cov_8.25909	gb_AP009048.1_-_4304505-4306557_ARO:3003549_mdtO	98.392	2052	33	0	89423	91474	2052	1	0.0	3607	346441
NODE_8_length_309627_cov_8.25909	gb_AP009048_-_4338624-4340268_ARO:3003576_eptA	99.392	1644	10	0	115206	116849	1644	1	0.0	2981	346441
NODE_8_length_309627_cov_8.25909	gb_AP009048.1_-_4303042-4304509_ARO:3003550_mdtP	98.228	1467	26	0	87960	89426	1467	1	0.0	2566	346441
NODE_8_length_309627_cov_8.25909	gb_NC_000913.3_-_4377810-4378944_ARO:3004290_Escherichia	97.707	1134	26	0	191957	193090	1134	1	0.0	1951	346441
NODE_8_length_309627_cov_8.25909	gb_AP009048.1_-_4306556-4307588_ARO:3003548_mdtN	97.965	1032	21	0	91474	92505	1032	1	0.0	1790	346441
NODE_8_length_309627_cov_8.25909	gb_KM087859_+_0-1146_ARO:3002176_MIR-11	72.143	980	237	29	192009	192970	1094	133	9.43e-69	265	346441
NODE_8_length_309627_cov_8.25909	gb_KM087851_+_0-1146_ARO:3002180_MIR-15	72.143	980	237	30	192009	192970	1094	133	9.43e-69	265	346441
NODE_8_length_309627_cov_8.25909	gb_AY227752_+_88-1234_ARO:3002168_MIR-2	71.802	1032	255	29	191957	192970	1146	133	1.22e-67	261	346441
NODE_8_length_309627_cov_8.25909	gb_KM087858_+_0-1146_ARO:3002175_MIR-10	72.041	980	238	29	192009	192970	1094	133	4.39e-67	259	346441
NODE_8_length_309627_cov_8.25909	gb_KM087860_+_0-1146_ARO:3002174_MIR-9	72.041	980	238	29	192009	192970	1094	133	4.39e-67	259	346441
NODE_8_length_309627_cov_8.25909	gb_JQ664733_+_0-1146_ARO:3002171_MIR-6	72.041	980	238	30	192009	192970	1094	133	4.39e-67	259	346441
NODE_8_length_309627_cov_8.25909	gb_KM087861_+_0-1146_ARO:3002181_MIR-16	72.041	980	238	29	192009	192970	1094	133	4.39e-67	259	346441
NODE_8_length_309627_cov_8.25909	gb_EF417572_+_29-1175_ARO:3002167_MIR-4	71.853	977	245	25	192009	192970	1094	133	2.04e-65	254	346441
NODE_8_length_309627_cov_8.25909	gb_FJ237367_+_0-1146_ARO:3002173_MIR-8	71.939	980	239	30	192009	192970	1094	133	2.04e-65	254	346441
NODE_8_length_309627_cov_8.25909	gb_KM087863_+_0-1146_ARO:3002177_MIR-12	71.939	980	239	29	192009	192970	1094	133	2.04e-65	254	346441
NODE_8_length_309627_cov_8.25909	gb_KP050484_+_0-1146_ARO:3002170_MIR-5	71.939	980	239	29	192009	192970	1094	133	2.04e-65	254	346441
NODE_8_length_309627_cov_8.25909	gb_AY743435_+_13-1159_ARO:3002169_MIR-3	71.853	977	245	25	192009	192970	1094	133	2.04e-65	254	346441
NODE_8_length_309627_cov_8.25909	gb_M37839_+_927-2073_ARO:3002166_MIR-1	71.837	980	240	29	192009	192970	1094	133	9.50e-64	248	346441
NODE_8_length_309627_cov_8.25909	gb_LN515535_+_0-1146_ARO:3003173_MIR-17	71.837	980	240	29	192009	192970	1094	133	9.50e-64	248	346441
NODE_8_length_309627_cov_8.25909	gb_KM087862_+_0-1146_ARO:3002178_MIR-13	71.735	980	241	30	192009	192970	1094	133	4.42e-62	243	346441
NODE_8_length_309627_cov_8.25909	gb_KM926622_+_238-1384_ARO:3003172_ACT-37	72.097	577	133	22	192408	192970	695	133	9.91e-34	148	346441
NODE_8_length_309627_cov_8.25909	gb_KF992029_+_748-1894_ARO:3001840_ACT-19	69.808	1040	262	41	191957	192970	1146	133	2.77e-29	134	346441
NODE_8_length_309627_cov_8.25909	gb_AP009048.1_-_4304505-4306557_ARO:3003549_mdtO	98.392	2052	33	0	89423	91474	2052	1	0.0	3607	346441
NODE_8_length_309627_cov_8.25909	gb_AP009048_-_4338624-4340268_ARO:3003576_eptA	99.392	1644	10	0	115206	116849	1644	1	0.0	2981	346441
NODE_8_length_309627_cov_8.25909	gb_AP009048.1_-_4303042-4304509_ARO:3003550_mdtP	98.228	1467	26	0	87960	89426	1467	1	0.0	2566	346441
NODE_8_length_309627_cov_8.25909	gb_NC_000913.3_-_4377810-4378944_ARO:3004290_Escherichia	97.707	1134	26	0	191957	193090	1134	1	0.0	1951	346441
NODE_8_length_309627_cov_8.25909	gb_AP009048.1_-_4306556-4307588_ARO:3003548_mdtN	97.965	1032	21	0	91474	92505	1032	1	0.0	1790	346441
NODE_8_length_309627_cov_8.25909	gb_KM087859_+_0-1146_ARO:3002176_MIR-11	72.143	980	237	29	192009	192970	1094	133	9.43e-69	265	346441
NODE_8_length_309627_cov_8.25909	gb_KM087851_+_0-1146_ARO:3002180_MIR-15	72.143	980	237	30	192009	192970	1094	133	9.43e-69	265	346441
NODE_8_length_309627_cov_8.25909	gb_AY227752_+_88-1234_ARO:3002168_MIR-2	71.802	1032	255	29	191957	192970	1146	133	1.22e-67	261	346441
NODE_8_length_309627_cov_8.25909	gb_KM087858_+_0-1146_ARO:3002175_MIR-10	72.041	980	238	29	192009	192970	1094	133	4.39e-67	259	346441
NODE_8_length_309627_cov_8.25909	gb_KM087860_+_0-1146_ARO:3002174_MIR-9	72.041	980	238	29	192009	192970	1094	133	4.39e-67	259	346441
NODE_8_length_309627_cov_8.25909	gb_JQ664733_+_0-1146_ARO:3002171_MIR-6	72.041	980	238	30	192009	192970	1094	133	4.39e-67	259	346441
NODE_8_length_309627_cov_8.25909	gb_KM087861_+_0-1146_ARO:3002181_MIR-16	72.041	980	238	29	192009	192970	1094	133	4.39e-67	259	346441
NODE_8_length_309627_cov_8.25909	gb_EF417572_+_29-1175_ARO:3002167_MIR-4	71.853	977	245	25	192009	192970	1094	133	2.04e-65	254	346441
NODE_8_length_309627_cov_8.25909	gb_FJ237367_+_0-1146_ARO:3002173_MIR-8	71.939	980	239	30	192009	192970	1094	133	2.04e-65	254	346441
NODE_8_length_309627_cov_8.25909	gb_KM087863_+_0-1146_ARO:3002177_MIR-12	71.939	980	239	29	192009	192970	1094	133	2.04e-65	254	346441
NODE_8_length_309627_cov_8.25909	gb_KP050484_+_0-1146_ARO:3002170_MIR-5	71.939	980	239	29	192009	192970	1094	133	2.04e-65	254	346441
NODE_8_length_309627_cov_8.25909	gb_AY743435_+_13-1159_ARO:3002169_MIR-3	71.853	977	245	25	192009	192970	1094	133	2.04e-65	254	346441
NODE_8_length_309627_cov_8.25909	gb_M37839_+_927-2073_ARO:3002166_MIR-1	71.837	980	240	29	192009	192970	1094	133	9.50e-64	248	346441
NODE_8_length_309627_cov_8.25909	gb_LN515535_+_0-1146_ARO:3003173_MIR-17	71.837	980	240	29	192009	192970	1094	133	9.50e-64	248	346441
NODE_8_length_309627_cov_8.25909	gb_KM087862_+_0-1146_ARO:3002178_MIR-13	71.735	980	241	30	192009	192970	1094	133	4.42e-62	243	346441
NODE_8_length_309627_cov_8.25909	gb_KM926622_+_238-1384_ARO:3003172_ACT-37	72.097	577	133	22	192408	192970	695	133	9.91e-34	148	346441
NODE_8_length_309627_cov_8.25909	gb_KF992029_+_748-1894_ARO:3001840_ACT-19	69.808	1040	262	41	191957	192970	1146	133	2.77e-29	134	346441
NODE_8_length_309627_cov_8.25909	gb_AP009048.1_-_4304505-4306557_ARO:3003549_mdtO	98.392	2052	33	0	89423	91474	2052	1	0.0	3607	144630
NODE_8_length_309627_cov_8.25909	gb_AP009048_-_4338624-4340268_ARO:3003576_eptA	99.392	1644	10	0	115206	116849	1644	1	0.0	2981	144630
NODE_8_length_309627_cov_8.25909	gb_AP009048.1_-_4303042-4304509_ARO:3003550_mdtP	98.228	1467	26	0	87960	89426	1467	1	0.0	2566	144630
NODE_8_length_309627_cov_8.25909	gb_NC_000913.3_-_4377810-4378944_ARO:3004290_Escherichia	97.707	1134	26	0	191957	193090	1134	1	0.0	1951	144630
NODE_8_length_309627_cov_8.25909	gb_AP009048.1_-_4306556-4307588_ARO:3003548_mdtN	97.965	1032	21	0	91474	92505	1032	1	0.0	1790	144630
NODE_8_length_309627_cov_8.25909	gb_KM087859_+_0-1146_ARO:3002176_MIR-11	72.143	980	237	29	192009	192970	1094	133	9.43e-69	265	144630
NODE_8_length_309627_cov_8.25909	gb_KM087851_+_0-1146_ARO:3002180_MIR-15	72.143	980	237	30	192009	192970	1094	133	9.43e-69	265	144630
NODE_8_length_309627_cov_8.25909	gb_AY227752_+_88-1234_ARO:3002168_MIR-2	71.802	1032	255	29	191957	192970	1146	133	1.22e-67	261	144630
NODE_8_length_309627_cov_8.25909	gb_KM087858_+_0-1146_ARO:3002175_MIR-10	72.041	980	238	29	192009	192970	1094	133	4.39e-67	259	144630
NODE_8_length_309627_cov_8.25909	gb_KM087860_+_0-1146_ARO:3002174_MIR-9	72.041	980	238	29	192009	192970	1094	133	4.39e-67	259	144630
NODE_8_length_309627_cov_8.25909	gb_JQ664733_+_0-1146_ARO:3002171_MIR-6	72.041	980	238	30	192009	192970	1094	133	4.39e-67	259	144630
NODE_8_length_309627_cov_8.25909	gb_KM087861_+_0-1146_ARO:3002181_MIR-16	72.041	980	238	29	192009	192970	1094	133	4.39e-67	259	144630
NODE_8_length_309627_cov_8.25909	gb_EF417572_+_29-1175_ARO:3002167_MIR-4	71.853	977	245	25	192009	192970	1094	133	2.04e-65	254	144630
NODE_8_length_309627_cov_8.25909	gb_FJ237367_+_0-1146_ARO:3002173_MIR-8	71.939	980	239	30	192009	192970	1094	133	2.04e-65	254	144630
NODE_8_length_309627_cov_8.25909	gb_KM087863_+_0-1146_ARO:3002177_MIR-12	71.939	980	239	29	192009	192970	1094	133	2.04e-65	254	144630
NODE_8_length_309627_cov_8.25909	gb_KP050484_+_0-1146_ARO:3002170_MIR-5	71.939	980	239	29	192009	192970	1094	133	2.04e-65	254	144630
NODE_8_length_309627_cov_8.25909	gb_AY743435_+_13-1159_ARO:3002169_MIR-3	71.853	977	245	25	192009	192970	1094	133	2.04e-65	254	144630
NODE_8_length_309627_cov_8.25909	gb_M37839_+_927-2073_ARO:3002166_MIR-1	71.837	980	240	29	192009	192970	1094	133	9.50e-64	248	144630
NODE_8_length_309627_cov_8.25909	gb_LN515535_+_0-1146_ARO:3003173_MIR-17	71.837	980	240	29	192009	192970	1094	133	9.50e-64	248	144630
NODE_8_length_309627_cov_8.25909	gb_KM087862_+_0-1146_ARO:3002178_MIR-13	71.735	980	241	30	192009	192970	1094	133	4.42e-62	243	144630
NODE_8_length_309627_cov_8.25909	gb_KM926622_+_238-1384_ARO:3003172_ACT-37	72.097	577	133	22	192408	192970	695	133	9.91e-34	148	144630
NODE_8_length_309627_cov_8.25909	gb_KF992029_+_748-1894_ARO:3001840_ACT-19	69.808	1040	262	41	191957	192970	1146	133	2.77e-29	134	144630
NODE_8_length_309627_cov_8.25909	gb_AP009048.1_-_4304505-4306557_ARO:3003549_mdtO	98.392	2052	33	0	89423	91474	2052	1	0.0	3607	225809
NODE_8_length_309627_cov_8.25909	gb_AP009048_-_4338624-4340268_ARO:3003576_eptA	99.392	1644	10	0	115206	116849	1644	1	0.0	2981	225809
NODE_8_length_309627_cov_8.25909	gb_AP009048.1_-_4303042-4304509_ARO:3003550_mdtP	98.228	1467	26	0	87960	89426	1467	1	0.0	2566	225809
NODE_8_length_309627_cov_8.25909	gb_NC_000913.3_-_4377810-4378944_ARO:3004290_Escherichia	97.707	1134	26	0	191957	193090	1134	1	0.0	1951	225809
NODE_8_length_309627_cov_8.25909	gb_AP009048.1_-_4306556-4307588_ARO:3003548_mdtN	97.965	1032	21	0	91474	92505	1032	1	0.0	1790	225809
NODE_8_length_309627_cov_8.25909	gb_KM087859_+_0-1146_ARO:3002176_MIR-11	72.143	980	237	29	192009	192970	1094	133	9.43e-69	265	225809
NODE_8_length_309627_cov_8.25909	gb_KM087851_+_0-1146_ARO:3002180_MIR-15	72.143	980	237	30	192009	192970	1094	133	9.43e-69	265	225809
NODE_8_length_309627_cov_8.25909	gb_AY227752_+_88-1234_ARO:3002168_MIR-2	71.802	1032	255	29	191957	192970	1146	133	1.22e-67	261	225809
NODE_8_length_309627_cov_8.25909	gb_KM087858_+_0-1146_ARO:3002175_MIR-10	72.041	980	238	29	192009	192970	1094	133	4.39e-67	259	225809
NODE_8_length_309627_cov_8.25909	gb_KM087860_+_0-1146_ARO:3002174_MIR-9	72.041	980	238	29	192009	192970	1094	133	4.39e-67	259	225809
NODE_8_length_309627_cov_8.25909	gb_JQ664733_+_0-1146_ARO:3002171_MIR-6	72.041	980	238	30	192009	192970	1094	133	4.39e-67	259	225809
NODE_8_length_309627_cov_8.25909	gb_KM087861_+_0-1146_ARO:3002181_MIR-16	72.041	980	238	29	192009	192970	1094	133	4.39e-67	259	225809
NODE_8_length_309627_cov_8.25909	gb_EF417572_+_29-1175_ARO:3002167_MIR-4	71.853	977	245	25	192009	192970	1094	133	2.04e-65	254	225809
NODE_8_length_309627_cov_8.25909	gb_FJ237367_+_0-1146_ARO:3002173_MIR-8	71.939	980	239	30	192009	192970	1094	133	2.04e-65	254	225809
NODE_8_length_309627_cov_8.25909	gb_KM087863_+_0-1146_ARO:3002177_MIR-12	71.939	980	239	29	192009	192970	1094	133	2.04e-65	254	225809
NODE_8_length_309627_cov_8.25909	gb_KP050484_+_0-1146_ARO:3002170_MIR-5	71.939	980	239	29	192009	192970	1094	133	2.04e-65	254	225809
NODE_8_length_309627_cov_8.25909	gb_AY743435_+_13-1159_ARO:3002169_MIR-3	71.853	977	245	25	192009	192970	1094	133	2.04e-65	254	225809
NODE_8_length_309627_cov_8.25909	gb_M37839_+_927-2073_ARO:3002166_MIR-1	71.837	980	240	29	192009	192970	1094	133	9.50e-64	248	225809
NODE_8_length_309627_cov_8.25909	gb_LN515535_+_0-1146_ARO:3003173_MIR-17	71.837	980	240	29	192009	192970	1094	133	9.50e-64	248	225809
NODE_8_length_309627_cov_8.25909	gb_KM087862_+_0-1146_ARO:3002178_MIR-13	71.735	980	241	30	192009	192970	1094	133	4.42e-62	243	225809
NODE_8_length_309627_cov_8.25909	gb_KM926622_+_238-1384_ARO:3003172_ACT-37	72.097	577	133	22	192408	192970	695	133	9.91e-34	148	225809
NODE_8_length_309627_cov_8.25909	gb_KF992029_+_748-1894_ARO:3001840_ACT-19	69.808	1040	262	41	191957	192970	1146	133	2.77e-29	134	225809
NODE_8_length_309627_cov_8.25909	gb_AP009048.1_-_4304505-4306557_ARO:3003549_mdtO	98.392	2052	33	0	89423	91474	2052	1	0.0	3607	225809
NODE_8_length_309627_cov_8.25909	gb_AP009048_-_4338624-4340268_ARO:3003576_eptA	99.392	1644	10	0	115206	116849	1644	1	0.0	2981	225809
NODE_8_length_309627_cov_8.25909	gb_AP009048.1_-_4303042-4304509_ARO:3003550_mdtP	98.228	1467	26	0	87960	89426	1467	1	0.0	2566	225809
NODE_8_length_309627_cov_8.25909	gb_NC_000913.3_-_4377810-4378944_ARO:3004290_Escherichia	97.707	1134	26	0	191957	193090	1134	1	0.0	1951	225809
NODE_8_length_309627_cov_8.25909	gb_AP009048.1_-_4306556-4307588_ARO:3003548_mdtN	97.965	1032	21	0	91474	92505	1032	1	0.0	1790	225809
NODE_8_length_309627_cov_8.25909	gb_KM087859_+_0-1146_ARO:3002176_MIR-11	72.143	980	237	29	192009	192970	1094	133	9.43e-69	265	225809
NODE_8_length_309627_cov_8.25909	gb_KM087851_+_0-1146_ARO:3002180_MIR-15	72.143	980	237	30	192009	192970	1094	133	9.43e-69	265	225809
NODE_8_length_309627_cov_8.25909	gb_AY227752_+_88-1234_ARO:3002168_MIR-2	71.802	1032	255	29	191957	192970	1146	133	1.22e-67	261	225809
NODE_8_length_309627_cov_8.25909	gb_KM087858_+_0-1146_ARO:3002175_MIR-10	72.041	980	238	29	192009	192970	1094	133	4.39e-67	259	225809
NODE_8_length_309627_cov_8.25909	gb_KM087860_+_0-1146_ARO:3002174_MIR-9	72.041	980	238	29	192009	192970	1094	133	4.39e-67	259	225809
NODE_8_length_309627_cov_8.25909	gb_JQ664733_+_0-1146_ARO:3002171_MIR-6	72.041	980	238	30	192009	192970	1094	133	4.39e-67	259	225809
NODE_8_length_309627_cov_8.25909	gb_KM087861_+_0-1146_ARO:3002181_MIR-16	72.041	980	238	29	192009	192970	1094	133	4.39e-67	259	225809
NODE_8_length_309627_cov_8.25909	gb_EF417572_+_29-1175_ARO:3002167_MIR-4	71.853	977	245	25	192009	192970	1094	133	2.04e-65	254	225809
NODE_8_length_309627_cov_8.25909	gb_FJ237367_+_0-1146_ARO:3002173_MIR-8	71.939	980	239	30	192009	192970	1094	133	2.04e-65	254	225809
NODE_8_length_309627_cov_8.25909	gb_KM087863_+_0-1146_ARO:3002177_MIR-12	71.939	980	239	29	192009	192970	1094	133	2.04e-65	254	225809
NODE_8_length_309627_cov_8.25909	gb_KP050484_+_0-1146_ARO:3002170_MIR-5	71.939	980	239	29	192009	192970	1094	133	2.04e-65	254	225809
NODE_8_length_309627_cov_8.25909	gb_AY743435_+_13-1159_ARO:3002169_MIR-3	71.853	977	245	25	192009	192970	1094	133	2.04e-65	254	225809
NODE_8_length_309627_cov_8.25909	gb_M37839_+_927-2073_ARO:3002166_MIR-1	71.837	980	240	29	192009	192970	1094	133	9.50e-64	248	225809
NODE_8_length_309627_cov_8.25909	gb_LN515535_+_0-1146_ARO:3003173_MIR-17	71.837	980	240	29	192009	192970	1094	133	9.50e-64	248	225809
NODE_8_length_309627_cov_8.25909	gb_KM087862_+_0-1146_ARO:3002178_MIR-13	71.735	980	241	30	192009	192970	1094	133	4.42e-62	243	225809
NODE_8_length_309627_cov_8.25909	gb_KM926622_+_238-1384_ARO:3003172_ACT-37	72.097	577	133	22	192408	192970	695	133	9.91e-34	148	225809
NODE_8_length_309627_cov_8.25909	gb_KF992029_+_748-1894_ARO:3001840_ACT-19	69.808	1040	262	41	191957	192970	1146	133	2.77e-29	134	225809
NODE_9_length_294754_cov_8.62183	gb_U00096_+_3660413-3663527_ARO:3000796_mdtF	98.555	3114	45	0	189211	192324	1	3114	0.0	5502	1775346
NODE_9_length_294754_cov_8.62183	gb_AP009048.1_-_3980025-3981183_ARO:3000795_mdtE	99.741	1158	3	0	188029	189186	1	1158	0.0	2122	1775346
NODE_9_length_294754_cov_8.62183	gb_NC_007779_+_3974604-3975429_ARO:3000508_gadX	97.818	825	18	0	193783	194607	825	1	0.0	1424	1775346
NODE_9_length_294754_cov_8.62183	gb_AP009048.1_-_4153663-4154296_ARO:3000518_CRP	99.210	633	5	0	14981	15613	1	633	0.0	1142	1775346
NODE_9_length_294754_cov_8.62183	gb_CP015085.1_-_2551711-2552440_ARO:3003838_gadW	94.376	729	41	0	192687	193415	729	1	0.0	1120	1775346
NODE_9_length_294754_cov_8.62183	gb_L11616_+_1569-4710_ARO:3000378_MexB	76.559	465	104	5	190246	190708	1036	1497	2.51e-64	250	1775346
NODE_9_length_294754_cov_8.62183	gb_NC_007779_+_2586250-2589364_ARO:3000491_acrD	74.786	468	104	11	190234	190694	1024	1484	9.23e-49	198	1775346
NODE_9_length_294754_cov_8.62183	gb_AJ252200_+_1278-4401_ARO:3003056_smeE	74.477	478	111	10	190237	190709	1027	1498	3.32e-48	196	1775346
NODE_9_length_294754_cov_8.62183	gb_U57969_+_1485-4617_ARO:3000801_MexD	85.263	95	14	0	190381	190475	1177	1271	9.63e-19	99.0	1775346
NODE_9_length_294754_cov_8.62183	gb_NC_010378.1_+_47850-51003_ARO:3003923_oqxB	87.500	72	7	2	190394	190464	1193	1263	9.70e-14	82.4	1775346
NODE_9_length_294754_cov_8.62183	gb_NC_002516_+_2810008-2813197_ARO:3000804_MexF	87.143	70	9	0	190394	190463	1193	1262	3.49e-13	80.5	1775346
NODE_9_length_294754_cov_8.62183	gb_U00096_+_3660413-3663527_ARO:3000796_mdtF	98.555	3114	45	0	189211	192324	1	3114	0.0	5502	427060
NODE_9_length_294754_cov_8.62183	gb_AP009048.1_-_3980025-3981183_ARO:3000795_mdtE	99.741	1158	3	0	188029	189186	1	1158	0.0	2122	427060
NODE_9_length_294754_cov_8.62183	gb_NC_007779_+_3974604-3975429_ARO:3000508_gadX	97.818	825	18	0	193783	194607	825	1	0.0	1424	427060
NODE_9_length_294754_cov_8.62183	gb_AP009048.1_-_4153663-4154296_ARO:3000518_CRP	99.210	633	5	0	14981	15613	1	633	0.0	1142	427060
NODE_9_length_294754_cov_8.62183	gb_CP015085.1_-_2551711-2552440_ARO:3003838_gadW	94.376	729	41	0	192687	193415	729	1	0.0	1120	427060
NODE_9_length_294754_cov_8.62183	gb_L11616_+_1569-4710_ARO:3000378_MexB	76.559	465	104	5	190246	190708	1036	1497	2.51e-64	250	427060
NODE_9_length_294754_cov_8.62183	gb_NC_007779_+_2586250-2589364_ARO:3000491_acrD	74.786	468	104	11	190234	190694	1024	1484	9.23e-49	198	427060
NODE_9_length_294754_cov_8.62183	gb_AJ252200_+_1278-4401_ARO:3003056_smeE	74.477	478	111	10	190237	190709	1027	1498	3.32e-48	196	427060
NODE_9_length_294754_cov_8.62183	gb_U57969_+_1485-4617_ARO:3000801_MexD	85.263	95	14	0	190381	190475	1177	1271	9.63e-19	99.0	427060
NODE_9_length_294754_cov_8.62183	gb_NC_010378.1_+_47850-51003_ARO:3003923_oqxB	87.500	72	7	2	190394	190464	1193	1263	9.70e-14	82.4	427060
NODE_9_length_294754_cov_8.62183	gb_NC_002516_+_2810008-2813197_ARO:3000804_MexF	87.143	70	9	0	190394	190463	1193	1262	3.49e-13	80.5	427060
NODE_9_length_294754_cov_8.62183	gb_U00096_+_3660413-3663527_ARO:3000796_mdtF	98.555	3114	45	0	189211	192324	1	3114	0.0	5502	477976
NODE_9_length_294754_cov_8.62183	gb_AP009048.1_-_3980025-3981183_ARO:3000795_mdtE	99.741	1158	3	0	188029	189186	1	1158	0.0	2122	477976
NODE_9_length_294754_cov_8.62183	gb_NC_007779_+_3974604-3975429_ARO:3000508_gadX	97.818	825	18	0	193783	194607	825	1	0.0	1424	477976
NODE_9_length_294754_cov_8.62183	gb_AP009048.1_-_4153663-4154296_ARO:3000518_CRP	99.210	633	5	0	14981	15613	1	633	0.0	1142	477976
NODE_9_length_294754_cov_8.62183	gb_CP015085.1_-_2551711-2552440_ARO:3003838_gadW	94.376	729	41	0	192687	193415	729	1	0.0	1120	477976
NODE_9_length_294754_cov_8.62183	gb_L11616_+_1569-4710_ARO:3000378_MexB	76.559	465	104	5	190246	190708	1036	1497	2.51e-64	250	477976
NODE_9_length_294754_cov_8.62183	gb_NC_007779_+_2586250-2589364_ARO:3000491_acrD	74.786	468	104	11	190234	190694	1024	1484	9.23e-49	198	477976
NODE_9_length_294754_cov_8.62183	gb_AJ252200_+_1278-4401_ARO:3003056_smeE	74.477	478	111	10	190237	190709	1027	1498	3.32e-48	196	477976
NODE_9_length_294754_cov_8.62183	gb_U57969_+_1485-4617_ARO:3000801_MexD	85.263	95	14	0	190381	190475	1177	1271	9.63e-19	99.0	477976
NODE_9_length_294754_cov_8.62183	gb_NC_010378.1_+_47850-51003_ARO:3003923_oqxB	87.500	72	7	2	190394	190464	1193	1263	9.70e-14	82.4	477976
NODE_9_length_294754_cov_8.62183	gb_NC_002516_+_2810008-2813197_ARO:3000804_MexF	87.143	70	9	0	190394	190463	1193	1262	3.49e-13	80.5	477976
NODE_9_length_294754_cov_8.62183	gb_U00096_+_3660413-3663527_ARO:3000796_mdtF	98.555	3114	45	0	189211	192324	1	3114	0.0	5502	107277
NODE_9_length_294754_cov_8.62183	gb_AP009048.1_-_3980025-3981183_ARO:3000795_mdtE	99.741	1158	3	0	188029	189186	1	1158	0.0	2122	107277
NODE_9_length_294754_cov_8.62183	gb_NC_007779_+_3974604-3975429_ARO:3000508_gadX	97.818	825	18	0	193783	194607	825	1	0.0	1424	107277
NODE_9_length_294754_cov_8.62183	gb_AP009048.1_-_4153663-4154296_ARO:3000518_CRP	99.210	633	5	0	14981	15613	1	633	0.0	1142	107277
NODE_9_length_294754_cov_8.62183	gb_CP015085.1_-_2551711-2552440_ARO:3003838_gadW	94.376	729	41	0	192687	193415	729	1	0.0	1120	107277
NODE_9_length_294754_cov_8.62183	gb_L11616_+_1569-4710_ARO:3000378_MexB	76.559	465	104	5	190246	190708	1036	1497	2.51e-64	250	107277
NODE_9_length_294754_cov_8.62183	gb_NC_007779_+_2586250-2589364_ARO:3000491_acrD	74.786	468	104	11	190234	190694	1024	1484	9.23e-49	198	107277
NODE_9_length_294754_cov_8.62183	gb_AJ252200_+_1278-4401_ARO:3003056_smeE	74.477	478	111	10	190237	190709	1027	1498	3.32e-48	196	107277
NODE_9_length_294754_cov_8.62183	gb_U57969_+_1485-4617_ARO:3000801_MexD	85.263	95	14	0	190381	190475	1177	1271	9.63e-19	99.0	107277
NODE_9_length_294754_cov_8.62183	gb_NC_010378.1_+_47850-51003_ARO:3003923_oqxB	87.500	72	7	2	190394	190464	1193	1263	9.70e-14	82.4	107277
NODE_9_length_294754_cov_8.62183	gb_NC_002516_+_2810008-2813197_ARO:3000804_MexF	87.143	70	9	0	190394	190463	1193	1262	3.49e-13	80.5	107277
NODE_9_length_294754_cov_8.62183	gb_U00096_+_3660413-3663527_ARO:3000796_mdtF	98.555	3114	45	0	189211	192324	1	3114	0.0	5502	165670
NODE_9_length_294754_cov_8.62183	gb_AP009048.1_-_3980025-3981183_ARO:3000795_mdtE	99.741	1158	3	0	188029	189186	1	1158	0.0	2122	165670
NODE_9_length_294754_cov_8.62183	gb_NC_007779_+_3974604-3975429_ARO:3000508_gadX	97.818	825	18	0	193783	194607	825	1	0.0	1424	165670
NODE_9_length_294754_cov_8.62183	gb_AP009048.1_-_4153663-4154296_ARO:3000518_CRP	99.210	633	5	0	14981	15613	1	633	0.0	1142	165670
NODE_9_length_294754_cov_8.62183	gb_CP015085.1_-_2551711-2552440_ARO:3003838_gadW	94.376	729	41	0	192687	193415	729	1	0.0	1120	165670
NODE_9_length_294754_cov_8.62183	gb_L11616_+_1569-4710_ARO:3000378_MexB	76.559	465	104	5	190246	190708	1036	1497	2.51e-64	250	165670
NODE_9_length_294754_cov_8.62183	gb_NC_007779_+_2586250-2589364_ARO:3000491_acrD	74.786	468	104	11	190234	190694	1024	1484	9.23e-49	198	165670
NODE_9_length_294754_cov_8.62183	gb_AJ252200_+_1278-4401_ARO:3003056_smeE	74.477	478	111	10	190237	190709	1027	1498	3.32e-48	196	165670
NODE_9_length_294754_cov_8.62183	gb_U57969_+_1485-4617_ARO:3000801_MexD	85.263	95	14	0	190381	190475	1177	1271	9.63e-19	99.0	165670
NODE_9_length_294754_cov_8.62183	gb_NC_010378.1_+_47850-51003_ARO:3003923_oqxB	87.500	72	7	2	190394	190464	1193	1263	9.70e-14	82.4	165670
NODE_9_length_294754_cov_8.62183	gb_NC_002516_+_2810008-2813197_ARO:3000804_MexF	87.143	70	9	0	190394	190463	1193	1262	3.49e-13	80.5	165670
NODE_9_length_294754_cov_8.62183	gb_U00096_+_3660413-3663527_ARO:3000796_mdtF	98.555	3114	45	0	189211	192324	1	3114	0.0	5502	6983601
NODE_9_length_294754_cov_8.62183	gb_AP009048.1_-_3980025-3981183_ARO:3000795_mdtE	99.741	1158	3	0	188029	189186	1	1158	0.0	2122	6983601
NODE_9_length_294754_cov_8.62183	gb_NC_007779_+_3974604-3975429_ARO:3000508_gadX	97.818	825	18	0	193783	194607	825	1	0.0	1424	6983601
NODE_9_length_294754_cov_8.62183	gb_AP009048.1_-_4153663-4154296_ARO:3000518_CRP	99.210	633	5	0	14981	15613	1	633	0.0	1142	6983601
NODE_9_length_294754_cov_8.62183	gb_CP015085.1_-_2551711-2552440_ARO:3003838_gadW	94.376	729	41	0	192687	193415	729	1	0.0	1120	6983601
NODE_9_length_294754_cov_8.62183	gb_L11616_+_1569-4710_ARO:3000378_MexB	76.559	465	104	5	190246	190708	1036	1497	2.51e-64	250	6983601
NODE_9_length_294754_cov_8.62183	gb_NC_007779_+_2586250-2589364_ARO:3000491_acrD	74.786	468	104	11	190234	190694	1024	1484	9.23e-49	198	6983601
NODE_9_length_294754_cov_8.62183	gb_AJ252200_+_1278-4401_ARO:3003056_smeE	74.477	478	111	10	190237	190709	1027	1498	3.32e-48	196	6983601
NODE_9_length_294754_cov_8.62183	gb_U57969_+_1485-4617_ARO:3000801_MexD	85.263	95	14	0	190381	190475	1177	1271	9.63e-19	99.0	6983601
NODE_9_length_294754_cov_8.62183	gb_NC_010378.1_+_47850-51003_ARO:3003923_oqxB	87.500	72	7	2	190394	190464	1193	1263	9.70e-14	82.4	6983601
NODE_9_length_294754_cov_8.62183	gb_NC_002516_+_2810008-2813197_ARO:3000804_MexF	87.143	70	9	0	190394	190463	1193	1262	3.49e-13	80.5	6983601
NODE_18_length_231552_cov_5.94875	gb_CP014358.1_-_2161325-2162750_ARO:3001327_mdtK	75.389	1414	332	13	7659	9064	1	1406	0.0	669	3150387
NODE_18_length_231552_cov_5.94875	gb_CP014358.1_-_2161325-2162750_ARO:3001327_mdtK	75.389	1414	332	13	7659	9064	1	1406	0.0	669	165670
NODE_18_length_231552_cov_5.94875	gb_CP014358.1_-_2161325-2162750_ARO:3001327_mdtK	75.389	1414	332	13	7659	9064	1	1406	0.0	669	5248520
NODE_22_length_217835_cov_6.41642	gb_NC_000913.3_+_966620-968369_ARO:3003950_msbA	99.257	1749	13	0	125130	126878	1749	1	0.0	3158	4496228
NODE_22_length_217835_cov_6.41642	gb_JQ394987_+_0-1233_ARO:3001328_Escherichia	97.242	1233	34	0	208643	209875	1233	1	0.0	2089	4496228
NODE_22_length_217835_cov_6.41642	gb_NC_000913.3_+_966620-968369_ARO:3003950_msbA	99.257	1749	13	0	125130	126878	1749	1	0.0	3158	2593595
NODE_22_length_217835_cov_6.41642	gb_JQ394987_+_0-1233_ARO:3001328_Escherichia	97.242	1233	34	0	208643	209875	1233	1	0.0	2089	2593595
NODE_22_length_217835_cov_6.41642	gb_NC_000913.3_+_966620-968369_ARO:3003950_msbA	99.257	1749	13	0	125130	126878	1749	1	0.0	3158	3103420
NODE_22_length_217835_cov_6.41642	gb_JQ394987_+_0-1233_ARO:3001328_Escherichia	97.242	1233	34	0	208643	209875	1233	1	0.0	2089	3103420
NODE_22_length_217835_cov_6.41642	gb_NC_000913.3_+_966620-968369_ARO:3003950_msbA	99.257	1749	13	0	125130	126878	1749	1	0.0	3158	3150387
NODE_22_length_217835_cov_6.41642	gb_JQ394987_+_0-1233_ARO:3001328_Escherichia	97.242	1233	34	0	208643	209875	1233	1	0.0	2089	3150387
NODE_22_length_217835_cov_6.41642	gb_NC_000913.3_+_966620-968369_ARO:3003950_msbA	99.257	1749	13	0	125130	126878	1749	1	0.0	3158	691638
NODE_22_length_217835_cov_6.41642	gb_JQ394987_+_0-1233_ARO:3001328_Escherichia	97.242	1233	34	0	208643	209875	1233	1	0.0	2089	691638
NODE_22_length_217835_cov_6.41642	gb_NC_000913.3_+_966620-968369_ARO:3003950_msbA	99.257	1749	13	0	125130	126878	1749	1	0.0	3158	249459
NODE_22_length_217835_cov_6.41642	gb_JQ394987_+_0-1233_ARO:3001328_Escherichia	97.242	1233	34	0	208643	209875	1233	1	0.0	2089	249459
NODE_38_length_189343_cov_6.31877	gb_NC_000913.3_-_2306971-2308615_ARO:3003952_yojI	98.116	1645	29	2	100797	102440	1644	1	0.0	2865	346441
NODE_38_length_189343_cov_6.31877	gb_U00096_+_2367070-2368039_ARO:3003578_pmrF	99.484	969	5	0	149517	150485	1	969	0.0	1762	346441
NODE_38_length_189343_cov_6.31877	gb_NC_000913.3_-_2306971-2308615_ARO:3003952_yojI	98.116	1645	29	2	100797	102440	1644	1	0.0	2865	134908
NODE_38_length_189343_cov_6.31877	gb_U00096_+_2367070-2368039_ARO:3003578_pmrF	99.484	969	5	0	149517	150485	1	969	0.0	1762	134908
NODE_43_length_181418_cov_6.71939	gb_NC_007779_+_2586250-2589364_ARO:3000491_acrD	98.780	3114	38	0	54470	57583	1	3114	0.0	5541	183017
NODE_43_length_181418_cov_6.71939	gb_U00096_+_3660413-3663527_ARO:3000796_mdtF	74.145	468	107	11	55493	55953	1024	1484	5.72e-44	182	183017
NODE_43_length_181418_cov_6.71939	gb_AB219524.1_+_1176-4338_ARO:3003699_mexQ	97.143	35	1	0	55685	55719	1222	1256	2.80e-07	60.2	183017
NODE_43_length_181418_cov_6.71939	gb_NC_007779_+_2586250-2589364_ARO:3000491_acrD	98.780	3114	38	0	54470	57583	1	3114	0.0	5541	3955301
NODE_43_length_181418_cov_6.71939	gb_U00096_+_3660413-3663527_ARO:3000796_mdtF	74.145	468	107	11	55493	55953	1024	1484	5.72e-44	182	3955301
NODE_43_length_181418_cov_6.71939	gb_AB219524.1_+_1176-4338_ARO:3003699_mexQ	97.143	35	1	0	55685	55719	1222	1256	2.80e-07	60.2	3955301
NODE_43_length_181418_cov_6.71939	gb_NC_007779_+_2586250-2589364_ARO:3000491_acrD	98.780	3114	38	0	54470	57583	1	3114	0.0	5541	48125
NODE_43_length_181418_cov_6.71939	gb_U00096_+_3660413-3663527_ARO:3000796_mdtF	74.145	468	107	11	55493	55953	1024	1484	5.72e-44	182	48125
NODE_43_length_181418_cov_6.71939	gb_AB219524.1_+_1176-4338_ARO:3003699_mexQ	97.143	35	1	0	55685	55719	1222	1256	2.80e-07	60.2	48125
NODE_43_length_181418_cov_6.71939	gb_NC_007779_+_2586250-2589364_ARO:3000491_acrD	98.780	3114	38	0	54470	57583	1	3114	0.0	5541	959613
NODE_43_length_181418_cov_6.71939	gb_U00096_+_3660413-3663527_ARO:3000796_mdtF	74.145	468	107	11	55493	55953	1024	1484	5.72e-44	182	959613
NODE_43_length_181418_cov_6.71939	gb_AB219524.1_+_1176-4338_ARO:3003699_mexQ	97.143	35	1	0	55685	55719	1222	1256	2.80e-07	60.2	959613
NODE_43_length_181418_cov_6.71939	gb_NC_007779_+_2586250-2589364_ARO:3000491_acrD	98.780	3114	38	0	54470	57583	1	3114	0.0	5541	1789605
NODE_43_length_181418_cov_6.71939	gb_U00096_+_3660413-3663527_ARO:3000796_mdtF	74.145	468	107	11	55493	55953	1024	1484	5.72e-44	182	1789605
NODE_43_length_181418_cov_6.71939	gb_AB219524.1_+_1176-4338_ARO:3003699_mexQ	97.143	35	1	0	55685	55719	1222	1256	2.80e-07	60.2	1789605
NODE_43_length_181418_cov_6.71939	gb_NC_007779_+_2586250-2589364_ARO:3000491_acrD	98.780	3114	38	0	54470	57583	1	3114	0.0	5541	107277
NODE_43_length_181418_cov_6.71939	gb_U00096_+_3660413-3663527_ARO:3000796_mdtF	74.145	468	107	11	55493	55953	1024	1484	5.72e-44	182	107277
NODE_43_length_181418_cov_6.71939	gb_AB219524.1_+_1176-4338_ARO:3003699_mexQ	97.143	35	1	0	55685	55719	1222	1256	2.80e-07	60.2	107277
NODE_48_length_175935_cov_7.17793	gb_NC_000913.3_-_481253-484403_ARO:3000216_acrB	99.079	3150	29	0	134182	137331	3150	1	0.0	5657	107277
NODE_48_length_175935_cov_7.17793	gb_NC_000913.3_-_484425-485619_ARO:3004043_Escherichia	99.832	1194	2	0	137354	138547	1194	1	0.0	2194	107277
NODE_48_length_175935_cov_7.17793	gb_U00096_+_3415032-3418137_ARO:3000502_acrF	73.518	3138	735	87	134232	137323	3097	10	0.0	1103	107277
NODE_48_length_175935_cov_7.17793	gb_AJ318073.1_+_793-1990_ARO:3004041_Klebsiella	78.578	1167	241	8	137387	138547	1164	1	0.0	761	107277
NODE_48_length_175935_cov_7.17793	gb_NC_006350.1_-_2147817-2150949_ARO:3002983_amrB	73.385	387	86	16	134327	134706	2984	2608	7.33e-28	128	107277
NODE_48_length_175935_cov_7.17793	gb_NC_000913.3_-_481253-484403_ARO:3000216_acrB	99.079	3150	29	0	134182	137331	3150	1	0.0	5657	2593595
NODE_48_length_175935_cov_7.17793	gb_NC_000913.3_-_484425-485619_ARO:3004043_Escherichia	99.832	1194	2	0	137354	138547	1194	1	0.0	2194	2593595
NODE_48_length_175935_cov_7.17793	gb_U00096_+_3415032-3418137_ARO:3000502_acrF	73.518	3138	735	87	134232	137323	3097	10	0.0	1103	2593595
NODE_48_length_175935_cov_7.17793	gb_AJ318073.1_+_793-1990_ARO:3004041_Klebsiella	78.578	1167	241	8	137387	138547	1164	1	0.0	761	2593595
NODE_48_length_175935_cov_7.17793	gb_NC_006350.1_-_2147817-2150949_ARO:3002983_amrB	73.385	387	86	16	134327	134706	2984	2608	7.33e-28	128	2593595
NODE_48_length_175935_cov_7.17793	gb_NC_000913.3_-_481253-484403_ARO:3000216_acrB	99.079	3150	29	0	134182	137331	3150	1	0.0	5657	5460338
NODE_48_length_175935_cov_7.17793	gb_NC_000913.3_-_484425-485619_ARO:3004043_Escherichia	99.832	1194	2	0	137354	138547	1194	1	0.0	2194	5460338
NODE_48_length_175935_cov_7.17793	gb_U00096_+_3415032-3418137_ARO:3000502_acrF	73.518	3138	735	87	134232	137323	3097	10	0.0	1103	5460338
NODE_48_length_175935_cov_7.17793	gb_AJ318073.1_+_793-1990_ARO:3004041_Klebsiella	78.578	1167	241	8	137387	138547	1164	1	0.0	761	5460338
NODE_48_length_175935_cov_7.17793	gb_NC_006350.1_-_2147817-2150949_ARO:3002983_amrB	73.385	387	86	16	134327	134706	2984	2608	7.33e-28	128	5460338
NODE_48_length_175935_cov_7.17793	gb_NC_000913.3_-_481253-484403_ARO:3000216_acrB	99.079	3150	29	0	134182	137331	3150	1	0.0	5657	107277
NODE_48_length_175935_cov_7.17793	gb_NC_000913.3_-_484425-485619_ARO:3004043_Escherichia	99.832	1194	2	0	137354	138547	1194	1	0.0	2194	107277
NODE_48_length_175935_cov_7.17793	gb_U00096_+_3415032-3418137_ARO:3000502_acrF	73.518	3138	735	87	134232	137323	3097	10	0.0	1103	107277
NODE_48_length_175935_cov_7.17793	gb_AJ318073.1_+_793-1990_ARO:3004041_Klebsiella	78.578	1167	241	8	137387	138547	1164	1	0.0	761	107277
NODE_48_length_175935_cov_7.17793	gb_NC_006350.1_-_2147817-2150949_ARO:3002983_amrB	73.385	387	86	16	134327	134706	2984	2608	7.33e-28	128	107277
NODE_48_length_175935_cov_7.17793	gb_NC_000913.3_-_481253-484403_ARO:3000216_acrB	99.079	3150	29	0	134182	137331	3150	1	0.0	5657	117282
NODE_48_length_175935_cov_7.17793	gb_NC_000913.3_-_484425-485619_ARO:3004043_Escherichia	99.832	1194	2	0	137354	138547	1194	1	0.0	2194	117282
NODE_48_length_175935_cov_7.17793	gb_U00096_+_3415032-3418137_ARO:3000502_acrF	73.518	3138	735	87	134232	137323	3097	10	0.0	1103	117282
NODE_48_length_175935_cov_7.17793	gb_AJ318073.1_+_793-1990_ARO:3004041_Klebsiella	78.578	1167	241	8	137387	138547	1164	1	0.0	761	117282
NODE_48_length_175935_cov_7.17793	gb_NC_006350.1_-_2147817-2150949_ARO:3002983_amrB	73.385	387	86	16	134327	134706	2984	2608	7.33e-28	128	117282
NODE_48_length_175935_cov_7.17793	gb_NC_000913.3_-_481253-484403_ARO:3000216_acrB	99.079	3150	29	0	134182	137331	3150	1	0.0	5657	90727
NODE_48_length_175935_cov_7.17793	gb_NC_000913.3_-_484425-485619_ARO:3004043_Escherichia	99.832	1194	2	0	137354	138547	1194	1	0.0	2194	90727
NODE_48_length_175935_cov_7.17793	gb_U00096_+_3415032-3418137_ARO:3000502_acrF	73.518	3138	735	87	134232	137323	3097	10	0.0	1103	90727
NODE_48_length_175935_cov_7.17793	gb_AJ318073.1_+_793-1990_ARO:3004041_Klebsiella	78.578	1167	241	8	137387	138547	1164	1	0.0	761	90727
NODE_48_length_175935_cov_7.17793	gb_NC_006350.1_-_2147817-2150949_ARO:3002983_amrB	73.385	387	86	16	134327	134706	2984	2608	7.33e-28	128	90727
NODE_48_length_175935_cov_7.17793	gb_NC_000913.3_-_481253-484403_ARO:3000216_acrB	99.079	3150	29	0	134182	137331	3150	1	0.0	5657	6983536
NODE_48_length_175935_cov_7.17793	gb_NC_000913.3_-_484425-485619_ARO:3004043_Escherichia	99.832	1194	2	0	137354	138547	1194	1	0.0	2194	6983536
NODE_48_length_175935_cov_7.17793	gb_U00096_+_3415032-3418137_ARO:3000502_acrF	73.518	3138	735	87	134232	137323	3097	10	0.0	1103	6983536
NODE_48_length_175935_cov_7.17793	gb_AJ318073.1_+_793-1990_ARO:3004041_Klebsiella	78.578	1167	241	8	137387	138547	1164	1	0.0	761	6983536
NODE_48_length_175935_cov_7.17793	gb_NC_006350.1_-_2147817-2150949_ARO:3002983_amrB	73.385	387	86	16	134327	134706	2984	2608	7.33e-28	128	6983536
NODE_79_length_143028_cov_10.2556	gb_AJ295238.3_+_163-2083_ARO:3000196_tet32	87.090	1921	228	19	1204	3114	1911	1	0.0	2156	5460449
NODE_79_length_143028_cov_10.2556	gb_M18896.2_+_206-2126_ARO:3000190_tetO	76.084	807	175	17	1204	2001	1911	1114	2.46e-111	405	5460449
NODE_79_length_143028_cov_10.2556	gb_AJ295238.3_+_163-2083_ARO:3000196_tet32	87.090	1921	228	19	1204	3114	1911	1	0.0	2156	3103200
NODE_79_length_143028_cov_10.2556	gb_M18896.2_+_206-2126_ARO:3000190_tetO	76.084	807	175	17	1204	2001	1911	1114	2.46e-111	405	3103200
NODE_79_length_143028_cov_10.2556	gb_AJ295238.3_+_163-2083_ARO:3000196_tet32	87.090	1921	228	19	1204	3114	1911	1	0.0	2156	368667
NODE_79_length_143028_cov_10.2556	gb_M18896.2_+_206-2126_ARO:3000190_tetO	76.084	807	175	17	1204	2001	1911	1114	2.46e-111	405	368667
NODE_79_length_143028_cov_10.2556	gb_AJ295238.3_+_163-2083_ARO:3000196_tet32	87.090	1921	228	19	1204	3114	1911	1	0.0	2156	2995259
NODE_79_length_143028_cov_10.2556	gb_M18896.2_+_206-2126_ARO:3000190_tetO	76.084	807	175	17	1204	2001	1911	1114	2.46e-111	405	2995259
NODE_79_length_143028_cov_10.2556	gb_AJ295238.3_+_163-2083_ARO:3000196_tet32	87.090	1921	228	19	1204	3114	1911	1	0.0	2156	1789516
NODE_79_length_143028_cov_10.2556	gb_M18896.2_+_206-2126_ARO:3000190_tetO	76.084	807	175	17	1204	2001	1911	1114	2.46e-111	405	1789516
NODE_79_length_143028_cov_10.2556	gb_AJ295238.3_+_163-2083_ARO:3000196_tet32	87.090	1921	228	19	1204	3114	1911	1	0.0	2156	1789516
NODE_79_length_143028_cov_10.2556	gb_M18896.2_+_206-2126_ARO:3000190_tetO	76.084	807	175	17	1204	2001	1911	1114	2.46e-111	405	1789516
NODE_97_length_120407_cov_38.9619	gb_AF173226_+_3767-6917_ARO:3003052_smeB	86.486	74	10	0	34377	34450	1242	1169	3.97e-14	82.4	1988200
NODE_97_length_120407_cov_38.9619	gb_AJ252200_+_1278-4401_ARO:3003056_smeE	81.944	72	13	0	34377	34448	1242	1171	5.17e-08	62.1	1988200
NODE_97_length_120407_cov_38.9619	gb_AF173226_+_3767-6917_ARO:3003052_smeB	86.486	74	10	0	34377	34450	1242	1169	3.97e-14	82.4	5460623
NODE_97_length_120407_cov_38.9619	gb_AJ252200_+_1278-4401_ARO:3003056_smeE	81.944	72	13	0	34377	34448	1242	1171	5.17e-08	62.1	5460623
NODE_97_length_120407_cov_38.9619	gb_AF173226_+_3767-6917_ARO:3003052_smeB	86.486	74	10	0	34377	34450	1242	1169	3.97e-14	82.4	5460423
NODE_97_length_120407_cov_38.9619	gb_AJ252200_+_1278-4401_ARO:3003056_smeE	81.944	72	13	0	34377	34448	1242	1171	5.17e-08	62.1	5460423
NODE_97_length_120407_cov_38.9619	gb_AF173226_+_3767-6917_ARO:3003052_smeB	86.486	74	10	0	34377	34450	1242	1169	3.97e-14	82.4	808374
NODE_97_length_120407_cov_38.9619	gb_AJ252200_+_1278-4401_ARO:3003056_smeE	81.944	72	13	0	34377	34448	1242	1171	5.17e-08	62.1	808374
NODE_97_length_120407_cov_38.9619	gb_AF173226_+_3767-6917_ARO:3003052_smeB	86.486	74	10	0	34377	34450	1242	1169	3.97e-14	82.4	368659
NODE_97_length_120407_cov_38.9619	gb_AJ252200_+_1278-4401_ARO:3003056_smeE	81.944	72	13	0	34377	34448	1242	1171	5.17e-08	62.1	368659
NODE_97_length_120407_cov_38.9619	gb_AF173226_+_3767-6917_ARO:3003052_smeB	86.486	74	10	0	34377	34450	1242	1169	3.97e-14	82.4	368659
NODE_97_length_120407_cov_38.9619	gb_AJ252200_+_1278-4401_ARO:3003056_smeE	81.944	72	13	0	34377	34448	1242	1171	5.17e-08	62.1	368659
NODE_141_length_101518_cov_6.69022	gb_U00096_+_2484373-2487967_ARO:3000833_evgS	98.943	3594	38	0	66195	69788	1	3594	0.0	6427	117282
NODE_141_length_101518_cov_6.69022	gb_D78168_+_1591-3130_ARO:3000254_emrY	98.895	1539	17	0	62460	63998	1539	1	0.0	2748	117282
NODE_141_length_101518_cov_6.69022	gb_D78168_+_536-1592_ARO:3000206_emrK	99.716	1056	3	0	63998	65053	1056	1	0.0	1934	117282
NODE_141_length_101518_cov_6.69022	gb_NC_002695_+_3211891-3212506_ARO:3000832_evgA	99.024	615	6	0	65576	66190	1	615	0.0	1103	117282
NODE_141_length_101518_cov_6.69022	gb_U00096_+_2484373-2487967_ARO:3000833_evgS	98.943	3594	38	0	66195	69788	1	3594	0.0	6427	67140
NODE_141_length_101518_cov_6.69022	gb_D78168_+_1591-3130_ARO:3000254_emrY	98.895	1539	17	0	62460	63998	1539	1	0.0	2748	67140
NODE_141_length_101518_cov_6.69022	gb_D78168_+_536-1592_ARO:3000206_emrK	99.716	1056	3	0	63998	65053	1056	1	0.0	1934	67140
NODE_141_length_101518_cov_6.69022	gb_NC_002695_+_3211891-3212506_ARO:3000832_evgA	99.024	615	6	0	65576	66190	1	615	0.0	1103	67140
NODE_141_length_101518_cov_6.69022	gb_U00096_+_2484373-2487967_ARO:3000833_evgS	98.943	3594	38	0	66195	69788	1	3594	0.0	6427	18573
NODE_141_length_101518_cov_6.69022	gb_D78168_+_1591-3130_ARO:3000254_emrY	98.895	1539	17	0	62460	63998	1539	1	0.0	2748	18573
NODE_141_length_101518_cov_6.69022	gb_D78168_+_536-1592_ARO:3000206_emrK	99.716	1056	3	0	63998	65053	1056	1	0.0	1934	18573
NODE_141_length_101518_cov_6.69022	gb_NC_002695_+_3211891-3212506_ARO:3000832_evgA	99.024	615	6	0	65576	66190	1	615	0.0	1103	18573
NODE_172_length_90462_cov_6.58168	gb_NC_014638.1_-_1610636-1613960_ARO:3003730_Bifidobacteria	83.690	3182	492	25	73969	77135	23	3192	0.0	2976	1774564
NODE_172_length_90462_cov_6.58168	gb_NC_014638.1_-_1610636-1613960_ARO:3003730_Bifidobacteria	83.690	3182	492	25	73969	77135	23	3192	0.0	2976	2600878
NODE_172_length_90462_cov_6.58168	gb_NC_014638.1_-_1610636-1613960_ARO:3003730_Bifidobacteria	83.690	3182	492	25	73969	77135	23	3192	0.0	2976	5248414
NODE_172_length_90462_cov_6.58168	gb_NC_014638.1_-_1610636-1613960_ARO:3003730_Bifidobacteria	83.690	3182	492	25	73969	77135	23	3192	0.0	2976	4431945
NODE_172_length_90462_cov_6.58168	gb_NC_014638.1_-_1610636-1613960_ARO:3003730_Bifidobacteria	83.690	3182	492	25	73969	77135	23	3192	0.0	2976	252647
NODE_172_length_90462_cov_6.58168	gb_NC_014638.1_-_1610636-1613960_ARO:3003730_Bifidobacteria	83.690	3182	492	25	73969	77135	23	3192	0.0	2976	345045
NODE_172_length_90462_cov_6.58168	gb_NC_014638.1_-_1610636-1613960_ARO:3003730_Bifidobacteria	83.690	3182	492	25	73969	77135	23	3192	0.0	2976	345045
NODE_172_length_90462_cov_6.58168	gb_NC_014638.1_-_1610636-1613960_ARO:3003730_Bifidobacteria	83.690	3182	492	25	73969	77135	23	3192	0.0	2976	252647
NODE_172_length_90462_cov_6.58168	gb_NC_014638.1_-_1610636-1613960_ARO:3003730_Bifidobacteria	83.690	3182	492	25	73969	77135	23	3192	0.0	2976	252647
NODE_172_length_90462_cov_6.58168	gb_NC_014638.1_-_1610636-1613960_ARO:3003730_Bifidobacteria	83.690	3182	492	25	73969	77135	23	3192	0.0	2976	252647
NODE_172_length_90462_cov_6.58168	gb_NC_014638.1_-_1610636-1613960_ARO:3003730_Bifidobacteria	83.690	3182	492	25	73969	77135	23	3192	0.0	2976	252647
NODE_172_length_90462_cov_6.58168	gb_NC_014638.1_-_1610636-1613960_ARO:3003730_Bifidobacteria	83.690	3182	492	25	73969	77135	23	3192	0.0	2976	252647
NODE_172_length_90462_cov_6.58168	gb_NC_014638.1_-_1610636-1613960_ARO:3003730_Bifidobacteria	83.690	3182	492	25	73969	77135	23	3192	0.0	2976	252647
NODE_172_length_90462_cov_6.58168	gb_NC_014638.1_-_1610636-1613960_ARO:3003730_Bifidobacteria	83.690	3182	492	25	73969	77135	23	3192	0.0	2976	252647
NODE_172_length_90462_cov_6.58168	gb_NC_014638.1_-_1610636-1613960_ARO:3003730_Bifidobacteria	83.690	3182	492	25	73969	77135	23	3192	0.0	2976	252647
NODE_172_length_90462_cov_6.58168	gb_NC_014638.1_-_1610636-1613960_ARO:3003730_Bifidobacteria	83.690	3182	492	25	73969	77135	23	3192	0.0	2976	252647
NODE_172_length_90462_cov_6.58168	gb_NC_014638.1_-_1610636-1613960_ARO:3003730_Bifidobacteria	83.690	3182	492	25	73969	77135	23	3192	0.0	2976	252647
NODE_172_length_90462_cov_6.58168	gb_NC_014638.1_-_1610636-1613960_ARO:3003730_Bifidobacteria	83.690	3182	492	25	73969	77135	23	3192	0.0	2976	252647
NODE_172_length_90462_cov_6.58168	gb_NC_014638.1_-_1610636-1613960_ARO:3003730_Bifidobacteria	83.690	3182	492	25	73969	77135	23	3192	0.0	2976	252647
NODE_172_length_90462_cov_6.58168	gb_NC_014638.1_-_1610636-1613960_ARO:3003730_Bifidobacteria	83.690	3182	492	25	73969	77135	23	3192	0.0	2976	345045
NODE_172_length_90462_cov_6.58168	gb_NC_014638.1_-_1610636-1613960_ARO:3003730_Bifidobacteria	83.690	3182	492	25	73969	77135	23	3192	0.0	2976	252647
NODE_233_length_77378_cov_5.91576	gb_AF235050.4_+_38028-40140_ARO:3003318_Streptomyces	80.769	208	40	0	35464	35671	283	76	8.85e-39	163	5218249
NODE_233_length_77378_cov_5.91576	gb_AF235050.4_+_38028-40140_ARO:3003318_Streptomyces	80.769	208	40	0	35464	35671	283	76	8.85e-39	163	6874546
NODE_233_length_77378_cov_5.91576	gb_AF235050.4_+_38028-40140_ARO:3003318_Streptomyces	80.769	208	40	0	35464	35671	283	76	8.85e-39	163	3094969
NODE_348_length_60233_cov_15.6124	gb_AF319779.2_+_32-833_ARO:3000604_Erm(35)	100.000	52	0	0	60182	60233	1	52	7.09e-19	97.1	4671974
NODE_348_length_60233_cov_15.6124	gb_M17124_+_1181-1982_ARO:3000498_ErmF	100.000	52	0	0	60182	60233	1	52	7.09e-19	97.1	4671974
NODE_382_length_56547_cov_8.80493	gb_NC_002695.1_-_4903561-4904935_ARO:3000830_cpxA	98.544	1374	20	0	3666	5039	1	1374	0.0	2427	117282
NODE_382_length_56547_cov_8.80493	gb_NC_002695.1_-_4903561-4904935_ARO:3000830_cpxA	98.544	1374	20	0	3666	5039	1	1374	0.0	2427	719396
NODE_488_length_47567_cov_11.9258	gb_AY768532_+_0-1935_ARO:3000535_macB	87.324	71	9	0	11294	11364	1591	1661	1.57e-14	82.4	2304806
NODE_796_length_33561_cov_9.53065	gb_U05883_+_555-1458_ARO:3003559_cepA	77.574	816	165	17	16377	17183	77	883	1.21e-133	477	2068212
NODE_816_length_32904_cov_5.06216	gb_M57437_+_0-1647_ARO:3002827_tlrC	96.970	33	1	0	3129	3161	568	600	6.57e-07	56.5	2960505
NODE_816_length_32904_cov_5.06216	gb_M57437_+_0-1647_ARO:3002827_tlrC	96.970	33	1	0	3129	3161	568	600	6.57e-07	56.5	667823
NODE_881_length_30803_cov_6.77787	gb_U00096_+_2812615-2814154_ARO:3000074_emrB	99.805	1539	3	0	3951	5489	1539	1	0.0	2826	2271489
NODE_881_length_30803_cov_6.77787	gb_AP009048_+_2810082-2811255_ARO:3000027_emrA	98.465	1173	18	0	5506	6678	1173	1	0.0	2067	2271489
NODE_881_length_30803_cov_6.77787	gb_NC_000913.3_+_2810769-2811300_ARO:3000516_emrR	100.000	531	0	0	6805	7335	531	1	0.0	981	2271489
NODE_881_length_30803_cov_6.77787	gb_U00096_+_2812615-2814154_ARO:3000074_emrB	99.805	1539	3	0	3951	5489	1539	1	0.0	2826	2271489
NODE_881_length_30803_cov_6.77787	gb_AP009048_+_2810082-2811255_ARO:3000027_emrA	98.465	1173	18	0	5506	6678	1173	1	0.0	2067	2271489
NODE_881_length_30803_cov_6.77787	gb_NC_000913.3_+_2810769-2811300_ARO:3000516_emrR	100.000	531	0	0	6805	7335	531	1	0.0	981	2271489
NODE_881_length_30803_cov_6.77787	gb_U00096_+_2812615-2814154_ARO:3000074_emrB	99.805	1539	3	0	3951	5489	1539	1	0.0	2826	249459
NODE_881_length_30803_cov_6.77787	gb_AP009048_+_2810082-2811255_ARO:3000027_emrA	98.465	1173	18	0	5506	6678	1173	1	0.0	2067	249459
NODE_881_length_30803_cov_6.77787	gb_NC_000913.3_+_2810769-2811300_ARO:3000516_emrR	100.000	531	0	0	6805	7335	531	1	0.0	981	249459
NODE_881_length_30803_cov_6.77787	gb_U00096_+_2812615-2814154_ARO:3000074_emrB	99.805	1539	3	0	3951	5489	1539	1	0.0	2826	183234
NODE_881_length_30803_cov_6.77787	gb_AP009048_+_2810082-2811255_ARO:3000027_emrA	98.465	1173	18	0	5506	6678	1173	1	0.0	2067	183234
NODE_881_length_30803_cov_6.77787	gb_NC_000913.3_+_2810769-2811300_ARO:3000516_emrR	100.000	531	0	0	6805	7335	531	1	0.0	981	183234
NODE_1135_length_25981_cov_14.7207	gb_AF235050.4_+_38028-40140_ARO:3003318_Streptomyces	77.348	362	58	19	1252	1604	421	75	3.79e-48	193	2596631
NODE_1135_length_25981_cov_14.7207	gb_AF235050.4_+_38028-40140_ARO:3003318_Streptomyces	77.348	362	58	19	1252	1604	421	75	3.79e-48	193	2562607
NODE_1135_length_25981_cov_14.7207	gb_AF235050.4_+_38028-40140_ARO:3003318_Streptomyces	77.348	362	58	19	1252	1604	421	75	3.79e-48	193	5450693
NODE_1135_length_25981_cov_14.7207	gb_AF235050.4_+_38028-40140_ARO:3003318_Streptomyces	77.348	362	58	19	1252	1604	421	75	3.79e-48	193	1222665
NODE_1135_length_25981_cov_14.7207	gb_AF235050.4_+_38028-40140_ARO:3003318_Streptomyces	77.348	362	58	19	1252	1604	421	75	3.79e-48	193	345712
NODE_1135_length_25981_cov_14.7207	gb_AF235050.4_+_38028-40140_ARO:3003318_Streptomyces	77.348	362	58	19	1252	1604	421	75	3.79e-48	193	2552131
NODE_1135_length_25981_cov_14.7207	gb_AF235050.4_+_38028-40140_ARO:3003318_Streptomyces	77.348	362	58	19	1252	1604	421	75	3.79e-48	193	829573
NODE_1135_length_25981_cov_14.7207	gb_AF235050.4_+_38028-40140_ARO:3003318_Streptomyces	77.348	362	58	19	1252	1604	421	75	3.79e-48	193	6983610
NODE_1456_length_21066_cov_3.49174	gb_AFRQ01000061.1_-_23986-27124_ARO:3004144_AxyY	73.650	463	110	12	19299	19755	1023	1479	5.19e-41	169	5460718
NODE_1456_length_21066_cov_3.49174	gb_AFRQ01000061.1_-_23986-27124_ARO:3004144_AxyY	73.650	463	110	12	19299	19755	1023	1479	5.19e-41	169	618468
NODE_1856_length_17313_cov_6.34089	gb_AF235050.4_+_38028-40140_ARO:3003318_Streptomyces	72.905	358	77	18	9092	9442	419	75	3.39e-22	106	5461054
NODE_1856_length_17313_cov_6.34089	gb_AF235050.4_+_38028-40140_ARO:3003318_Streptomyces	72.905	358	77	18	9092	9442	419	75	3.39e-22	106	224987
NODE_1856_length_17313_cov_6.34089	gb_AF235050.4_+_38028-40140_ARO:3003318_Streptomyces	72.905	358	77	18	9092	9442	419	75	3.39e-22	106	66963
NODE_1856_length_17313_cov_6.34089	gb_AF235050.4_+_38028-40140_ARO:3003318_Streptomyces	72.905	358	77	18	9092	9442	419	75	3.39e-22	106	771201
NODE_1856_length_17313_cov_6.34089	gb_AF235050.4_+_38028-40140_ARO:3003318_Streptomyces	72.905	358	77	18	9092	9442	419	75	3.39e-22	106	3103184
NODE_1856_length_17313_cov_6.34089	gb_AF235050.4_+_38028-40140_ARO:3003318_Streptomyces	72.905	358	77	18	9092	9442	419	75	3.39e-22	106	146274
NODE_1856_length_17313_cov_6.34089	gb_AF235050.4_+_38028-40140_ARO:3003318_Streptomyces	72.905	358	77	18	9092	9442	419	75	3.39e-22	106	512129
NODE_1856_length_17313_cov_6.34089	gb_AF235050.4_+_38028-40140_ARO:3003318_Streptomyces	72.905	358	77	18	9092	9442	419	75	3.39e-22	106	6983612
NODE_1856_length_17313_cov_6.34089	gb_AF235050.4_+_38028-40140_ARO:3003318_Streptomyces	72.905	358	77	18	9092	9442	419	75	3.39e-22	106	224987
NODE_1856_length_17313_cov_6.34089	gb_AF235050.4_+_38028-40140_ARO:3003318_Streptomyces	72.905	358	77	18	9092	9442	419	75	3.39e-22	106	3103015
NODE_1910_length_17005_cov_10.7746	gb_U00096_+_3415032-3418137_ARO:3000502_acrF	74.590	122	31	0	12220	12341	1246	1125	1.22e-06	54.7	1780592
NODE_1910_length_17005_cov_10.7746	gb_U00096_+_3415032-3418137_ARO:3000502_acrF	74.590	122	31	0	12220	12341	1246	1125	1.22e-06	54.7	2615650
NODE_1910_length_17005_cov_10.7746	gb_U00096_+_3415032-3418137_ARO:3000502_acrF	74.590	122	31	0	12220	12341	1246	1125	1.22e-06	54.7	1789520
NODE_1910_length_17005_cov_10.7746	gb_U00096_+_3415032-3418137_ARO:3000502_acrF	74.590	122	31	0	12220	12341	1246	1125	1.22e-06	54.7	3007507
NODE_2200_length_14944_cov_18.1511	gb_Z21523_+_0-1974_ARO:3000191_tetQ	90.122	1974	194	1	228	2200	1	1974	0.0	2564	513460
NODE_2200_length_14944_cov_18.1511	gb_Z21523_+_0-1974_ARO:3000191_tetQ	90.122	1974	194	1	228	2200	1	1974	0.0	2564	6860719
NODE_2200_length_14944_cov_18.1511	gb_Z21523_+_0-1974_ARO:3000191_tetQ	90.122	1974	194	1	228	2200	1	1974	0.0	2564	2588859
NODE_2200_length_14944_cov_18.1511	gb_Z21523_+_0-1974_ARO:3000191_tetQ	90.122	1974	194	1	228	2200	1	1974	0.0	2564	5215427
NODE_2200_length_14944_cov_18.1511	gb_Z21523_+_0-1974_ARO:3000191_tetQ	90.122	1974	194	1	228	2200	1	1974	0.0	2564	2058623
NODE_2200_length_14944_cov_18.1511	gb_Z21523_+_0-1974_ARO:3000191_tetQ	90.122	1974	194	1	228	2200	1	1974	0.0	2564	621439
NODE_2200_length_14944_cov_18.1511	gb_Z21523_+_0-1974_ARO:3000191_tetQ	90.122	1974	194	1	228	2200	1	1974	0.0	2564	956157
NODE_2979_length_11417_cov_11.924	gb_AF235050.4_+_38028-40140_ARO:3003318_Streptomyces	72.549	357	75	18	7650	7997	417	75	4.83e-19	95.3	996958
NODE_2979_length_11417_cov_11.924	gb_AF235050.4_+_38028-40140_ARO:3003318_Streptomyces	72.549	357	75	18	7650	7997	417	75	4.83e-19	95.3	2280164
NODE_3006_length_11316_cov_5.69532	gb_M57437_+_0-1647_ARO:3002827_tlrC	96.875	32	1	0	7086	7117	568	599	8.13e-07	54.7	313727
NODE_3006_length_11316_cov_5.69532	gb_M57437_+_0-1647_ARO:3002827_tlrC	96.875	32	1	0	7086	7117	568	599	8.13e-07	54.7	145705
NODE_3006_length_11316_cov_5.69532	gb_M57437_+_0-1647_ARO:3002827_tlrC	96.875	32	1	0	7086	7117	568	599	8.13e-07	54.7	535710
NODE_3006_length_11316_cov_5.69532	gb_M57437_+_0-1647_ARO:3002827_tlrC	96.875	32	1	0	7086	7117	568	599	8.13e-07	54.7	122199
NODE_3006_length_11316_cov_5.69532	gb_M57437_+_0-1647_ARO:3002827_tlrC	96.875	32	1	0	7086	7117	568	599	8.13e-07	54.7	60369
NODE_3104_length_10966_cov_21.0989	gb_AF242872_+_2131-2878_ARO:3000375_ErmB	97.872	47	0	1	10921	10966	747	701	1.30e-14	80.5	2999661
NODE_3104_length_10966_cov_21.0989	gb_AF242872_+_2131-2878_ARO:3000375_ErmB	97.872	47	0	1	10921	10966	747	701	1.30e-14	80.5	2972147
NODE_3104_length_10966_cov_21.0989	gb_AF242872_+_2131-2878_ARO:3000375_ErmB	97.872	47	0	1	10921	10966	747	701	1.30e-14	80.5	436232
NODE_3104_length_10966_cov_21.0989	gb_AF242872_+_2131-2878_ARO:3000375_ErmB	97.872	47	0	1	10921	10966	747	701	1.30e-14	80.5	47734
NODE_3495_length_9777_cov_7.32462	gb_AP006618.1_+_4835199-4838688_ARO:3000501_Nocardia	82.324	413	71	2	1183	1594	3365	2954	4.78e-98	357	455374
NODE_5513_length_6254_cov_5.44943	gb_AF235050.4_+_38028-40140_ARO:3003318_Streptomyces	75.273	275	56	7	5963	6231	431	163	4.37e-27	121	354494
NODE_5513_length_6254_cov_5.44943	gb_AF235050.4_+_38028-40140_ARO:3003318_Streptomyces	75.273	275	56	7	5963	6231	431	163	4.37e-27	121	1243231
NODE_5513_length_6254_cov_5.44943	gb_AF235050.4_+_38028-40140_ARO:3003318_Streptomyces	75.273	275	56	7	5963	6231	431	163	4.37e-27	121	168317
NODE_5513_length_6254_cov_5.44943	gb_AF235050.4_+_38028-40140_ARO:3003318_Streptomyces	75.273	275	56	7	5963	6231	431	163	4.37e-27	121	432774
NODE_6307_length_5469_cov_11.3469	gb_AF235050.4_+_38028-40140_ARO:3003318_Streptomyces	74.588	425	77	23	1547	1958	491	85	2.91e-38	158	1789446
NODE_6307_length_5469_cov_11.3469	gb_AF235050.4_+_38028-40140_ARO:3003318_Streptomyces	74.588	425	77	23	1547	1958	491	85	2.91e-38	158	4535143
NODE_7292_length_4761_cov_80.49	gb_AF472622_+_52-1018_ARO:3003003_CfxA3	100.000	966	0	0	3782	4747	966	1	0.0	1784	714668
NODE_7292_length_4761_cov_80.49	gb_AY769933_+_0-966_ARO:3003005_CfxA4	99.896	966	1	0	3782	4747	966	1	0.0	1779	714668
NODE_7292_length_4761_cov_80.49	gb_AF118110.1_-_71-1037_ARO:3003002_CfxA2	99.896	966	1	0	3782	4747	966	1	0.0	1779	714668
NODE_7292_length_4761_cov_80.49	gb_AY769934_+_27-993_ARO:3003096_CfxA5	99.793	966	2	0	3782	4747	966	1	0.0	1773	714668
NODE_7292_length_4761_cov_80.49	gb_U38243_+_149-1115_ARO:3003001_CfxA	99.793	966	2	0	3782	4747	966	1	0.0	1773	714668
NODE_7292_length_4761_cov_80.49	gb_GQ342996_+_797-1793_ARO:3003097_CfxA6	89.234	966	101	3	3787	4751	993	30	0.0	1205	714668
NODE_7292_length_4761_cov_80.49	gb_AF472622_+_52-1018_ARO:3003003_CfxA3	100.000	966	0	0	3782	4747	966	1	0.0	1784	1317916
NODE_7292_length_4761_cov_80.49	gb_AY769933_+_0-966_ARO:3003005_CfxA4	99.896	966	1	0	3782	4747	966	1	0.0	1779	1317916
NODE_7292_length_4761_cov_80.49	gb_AF118110.1_-_71-1037_ARO:3003002_CfxA2	99.896	966	1	0	3782	4747	966	1	0.0	1779	1317916
NODE_7292_length_4761_cov_80.49	gb_AY769934_+_27-993_ARO:3003096_CfxA5	99.793	966	2	0	3782	4747	966	1	0.0	1773	1317916
NODE_7292_length_4761_cov_80.49	gb_U38243_+_149-1115_ARO:3003001_CfxA	99.793	966	2	0	3782	4747	966	1	0.0	1773	1317916
NODE_7292_length_4761_cov_80.49	gb_GQ342996_+_797-1793_ARO:3003097_CfxA6	89.234	966	101	3	3787	4751	993	30	0.0	1205	1317916
NODE_12417_length_2870_cov_174.215	gb_Z21523_+_0-1974_ARO:3000191_tetQ	97.399	1961	51	0	910	2870	1	1961	0.0	3339	513460
NODE_12422_length_2868_cov_2.08674	gb_AM180355_+_600033-601953_ARO:3000186_tetM	93.094	1086	75	0	1783	2868	1920	835	0.0	1591	2555419
NODE_12422_length_2868_cov_2.08674	gb_L09756_+_0-1926_ARO:3000192_tetS	80.762	1076	200	7	1784	2855	1920	848	0.0	833	2555419
NODE_13082_length_2734_cov_3.19672	gb_AF235050.4_+_38028-40140_ARO:3003318_Streptomyces	100.000	31	0	0	1349	1379	1926	1896	1.51e-08	58.4	168317
NODE_15869_length_2286_cov_2.39937	gb_AF235050.4_+_38028-40140_ARO:3003318_Streptomyces	77.576	165	35	2	1201	1364	256	419	7.44e-21	99.0	484279
NODE_15869_length_2286_cov_2.39937	gb_AF235050.4_+_38028-40140_ARO:3003318_Streptomyces	77.576	165	35	2	1201	1364	256	419	7.44e-21	99.0	1080217
NODE_51345_length_740_cov_155.324	gb_AJ295238.3_+_163-2083_ARO:3000196_tet32	100.000	702	0	0	1	702	1219	1920	0.0	1297	3471470
NODE_51345_length_740_cov_155.324	gb_M18896.2_+_206-2126_ARO:3000190_tetO	98.433	702	11	0	1	702	1219	1920	0.0	1236	3471470
NODE_79786_length_496_cov_1.62358	gb_AF226276.1_+_3583-4207_ARO:3002682_catD	100.000	496	0	0	1	496	21	516	0.0	917	118068
NODE_79786_length_496_cov_1.62358	gb_U15027_+_0-624_ARO:3002686_catP	100.000	496	0	0	1	496	21	516	0.0	917	118068
NODE_79786_length_496_cov_1.62358	gb_X74948_+_0-492_ARO:3002688_catS	83.258	442	68	4	51	489	11	449	1.06e-112	401	118068
