NODE_87_length_155400_cov_26.4368	gb_AF235050.4_+_38028-40140_ARO:3003318_Streptomyces	77.576	165	35	2	97342	97505	256	419	5.08e-19	99.0	307964
NODE_87_length_155400_cov_26.4368	gb_AF235050.4_+_38028-40140_ARO:3003318_Streptomyces	77.576	165	35	2	97342	97505	256	419	5.08e-19	99.0	117552
NODE_87_length_155400_cov_26.4368	gb_AF235050.4_+_38028-40140_ARO:3003318_Streptomyces	77.576	165	35	2	97342	97505	256	419	5.08e-19	99.0	2325317
NODE_87_length_155400_cov_26.4368	gb_AF235050.4_+_38028-40140_ARO:3003318_Streptomyces	77.576	165	35	2	97342	97505	256	419	5.08e-19	99.0	6235944
NODE_87_length_155400_cov_26.4368	gb_AF235050.4_+_38028-40140_ARO:3003318_Streptomyces	77.576	165	35	2	97342	97505	256	419	5.08e-19	99.0	572097
NODE_87_length_155400_cov_26.4368	gb_AF235050.4_+_38028-40140_ARO:3003318_Streptomyces	77.576	165	35	2	97342	97505	256	419	5.08e-19	99.0	248955
NODE_87_length_155400_cov_26.4368	gb_AF235050.4_+_38028-40140_ARO:3003318_Streptomyces	77.576	165	35	2	97342	97505	256	419	5.08e-19	99.0	4802527
NODE_87_length_155400_cov_26.4368	gb_AF235050.4_+_38028-40140_ARO:3003318_Streptomyces	77.576	165	35	2	97342	97505	256	419	5.08e-19	99.0	986917
NODE_87_length_155400_cov_26.4368	gb_AF235050.4_+_38028-40140_ARO:3003318_Streptomyces	77.576	165	35	2	97342	97505	256	419	5.08e-19	99.0	127679
NODE_87_length_155400_cov_26.4368	gb_AF235050.4_+_38028-40140_ARO:3003318_Streptomyces	77.576	165	35	2	97342	97505	256	419	5.08e-19	99.0	1425565
NODE_87_length_155400_cov_26.4368	gb_AF235050.4_+_38028-40140_ARO:3003318_Streptomyces	77.576	165	35	2	97342	97505	256	419	5.08e-19	99.0	536206
NODE_87_length_155400_cov_26.4368	gb_AF235050.4_+_38028-40140_ARO:3003318_Streptomyces	77.576	165	35	2	97342	97505	256	419	5.08e-19	99.0	1585154
NODE_87_length_155400_cov_26.4368	gb_AF235050.4_+_38028-40140_ARO:3003318_Streptomyces	77.576	165	35	2	97342	97505	256	419	5.08e-19	99.0	127679
NODE_87_length_155400_cov_26.4368	gb_AF235050.4_+_38028-40140_ARO:3003318_Streptomyces	77.576	165	35	2	97342	97505	256	419	5.08e-19	99.0	249931
NODE_87_length_155400_cov_26.4368	gb_AF235050.4_+_38028-40140_ARO:3003318_Streptomyces	77.576	165	35	2	97342	97505	256	419	5.08e-19	99.0	307546
NODE_87_length_155400_cov_26.4368	gb_AF235050.4_+_38028-40140_ARO:3003318_Streptomyces	77.576	165	35	2	97342	97505	256	419	5.08e-19	99.0	2737641
NODE_87_length_155400_cov_26.4368	gb_AF235050.4_+_38028-40140_ARO:3003318_Streptomyces	77.576	165	35	2	97342	97505	256	419	5.08e-19	99.0	2325127
NODE_87_length_155400_cov_26.4368	gb_AF235050.4_+_38028-40140_ARO:3003318_Streptomyces	77.576	165	35	2	97342	97505	256	419	5.08e-19	99.0	246889
NODE_87_length_155400_cov_26.4368	gb_AF235050.4_+_38028-40140_ARO:3003318_Streptomyces	77.576	165	35	2	97342	97505	256	419	5.08e-19	99.0	212210
NODE_87_length_155400_cov_26.4368	gb_AF235050.4_+_38028-40140_ARO:3003318_Streptomyces	77.576	165	35	2	97342	97505	256	419	5.08e-19	99.0	4801427
NODE_87_length_155400_cov_26.4368	gb_AF235050.4_+_38028-40140_ARO:3003318_Streptomyces	77.576	165	35	2	97342	97505	256	419	5.08e-19	99.0	2697545
NODE_87_length_155400_cov_26.4368	gb_AF235050.4_+_38028-40140_ARO:3003318_Streptomyces	77.576	165	35	2	97342	97505	256	419	5.08e-19	99.0	475622
NODE_87_length_155400_cov_26.4368	gb_AF235050.4_+_38028-40140_ARO:3003318_Streptomyces	77.576	165	35	2	97342	97505	256	419	5.08e-19	99.0	1584903
NODE_87_length_155400_cov_26.4368	gb_AF235050.4_+_38028-40140_ARO:3003318_Streptomyces	77.576	165	35	2	97342	97505	256	419	5.08e-19	99.0	3536890
NODE_87_length_155400_cov_26.4368	gb_AF235050.4_+_38028-40140_ARO:3003318_Streptomyces	77.576	165	35	2	97342	97505	256	419	5.08e-19	99.0	1335627
NODE_87_length_155400_cov_26.4368	gb_AF235050.4_+_38028-40140_ARO:3003318_Streptomyces	77.576	165	35	2	97342	97505	256	419	5.08e-19	99.0	826645
NODE_87_length_155400_cov_26.4368	gb_AF235050.4_+_38028-40140_ARO:3003318_Streptomyces	77.576	165	35	2	97342	97505	256	419	5.08e-19	99.0	589392
NODE_87_length_155400_cov_26.4368	gb_AF235050.4_+_38028-40140_ARO:3003318_Streptomyces	77.576	165	35	2	97342	97505	256	419	5.08e-19	99.0	994090
NODE_87_length_155400_cov_26.4368	gb_AF235050.4_+_38028-40140_ARO:3003318_Streptomyces	77.576	165	35	2	97342	97505	256	419	5.08e-19	99.0	1032042
NODE_87_length_155400_cov_26.4368	gb_AF235050.4_+_38028-40140_ARO:3003318_Streptomyces	77.576	165	35	2	97342	97505	256	419	5.08e-19	99.0	1334047
NODE_87_length_155400_cov_26.4368	gb_AF235050.4_+_38028-40140_ARO:3003318_Streptomyces	77.576	165	35	2	97342	97505	256	419	5.08e-19	99.0	4801424
NODE_87_length_155400_cov_26.4368	gb_AF235050.4_+_38028-40140_ARO:3003318_Streptomyces	77.576	165	35	2	97342	97505	256	419	5.08e-19	99.0	4801424
NODE_87_length_155400_cov_26.4368	gb_AF235050.4_+_38028-40140_ARO:3003318_Streptomyces	77.576	165	35	2	97342	97505	256	419	5.08e-19	99.0	4015764
NODE_87_length_155400_cov_26.4368	gb_AF235050.4_+_38028-40140_ARO:3003318_Streptomyces	77.576	165	35	2	97342	97505	256	419	5.08e-19	99.0	170185
NODE_87_length_155400_cov_26.4368	gb_AF235050.4_+_38028-40140_ARO:3003318_Streptomyces	77.576	165	35	2	97342	97505	256	419	5.08e-19	99.0	2681352
NODE_87_length_155400_cov_26.4368	gb_AF235050.4_+_38028-40140_ARO:3003318_Streptomyces	77.576	165	35	2	97342	97505	256	419	5.08e-19	99.0	4802057
NODE_87_length_155400_cov_26.4368	gb_AF235050.4_+_38028-40140_ARO:3003318_Streptomyces	77.576	165	35	2	97342	97505	256	419	5.08e-19	99.0	705074
NODE_87_length_155400_cov_26.4368	gb_AF235050.4_+_38028-40140_ARO:3003318_Streptomyces	77.576	165	35	2	97342	97505	256	419	5.08e-19	99.0	3350268
NODE_87_length_155400_cov_26.4368	gb_AF235050.4_+_38028-40140_ARO:3003318_Streptomyces	77.576	165	35	2	97342	97505	256	419	5.08e-19	99.0	174081
NODE_87_length_155400_cov_26.4368	gb_AF235050.4_+_38028-40140_ARO:3003318_Streptomyces	77.576	165	35	2	97342	97505	256	419	5.08e-19	99.0	477157
NODE_87_length_155400_cov_26.4368	gb_AF235050.4_+_38028-40140_ARO:3003318_Streptomyces	77.576	165	35	2	97342	97505	256	419	5.08e-19	99.0	168939
NODE_87_length_155400_cov_26.4368	gb_AF235050.4_+_38028-40140_ARO:3003318_Streptomyces	77.576	165	35	2	97342	97505	256	419	5.08e-19	99.0	1584697
NODE_87_length_155400_cov_26.4368	gb_AF235050.4_+_38028-40140_ARO:3003318_Streptomyces	77.576	165	35	2	97342	97505	256	419	5.08e-19	99.0	203590
NODE_87_length_155400_cov_26.4368	gb_AF235050.4_+_38028-40140_ARO:3003318_Streptomyces	77.576	165	35	2	97342	97505	256	419	5.08e-19	99.0	801760
NODE_87_length_155400_cov_26.4368	gb_AF235050.4_+_38028-40140_ARO:3003318_Streptomyces	77.576	165	35	2	97342	97505	256	419	5.08e-19	99.0	747323
NODE_87_length_155400_cov_26.4368	gb_AF235050.4_+_38028-40140_ARO:3003318_Streptomyces	77.576	165	35	2	97342	97505	256	419	5.08e-19	99.0	747210
NODE_87_length_155400_cov_26.4368	gb_AF235050.4_+_38028-40140_ARO:3003318_Streptomyces	77.576	165	35	2	97342	97505	256	419	5.08e-19	99.0	1425752
NODE_89_length_155082_cov_7.99638	gb_MF095097.1_-_1855-3484_ARO:3004470_poxtA	93.182	44	1	2	142544	142586	1388	1430	1.85e-08	63.9	828627
NODE_89_length_155082_cov_7.99638	gb_MF095097.1_-_1855-3484_ARO:3004470_poxtA	93.182	44	1	2	142544	142586	1388	1430	1.85e-08	63.9	4802329
NODE_89_length_155082_cov_7.99638	gb_MF095097.1_-_1855-3484_ARO:3004470_poxtA	93.182	44	1	2	142544	142586	1388	1430	1.85e-08	63.9	2326699
NODE_89_length_155082_cov_7.99638	gb_MF095097.1_-_1855-3484_ARO:3004470_poxtA	93.182	44	1	2	142544	142586	1388	1430	1.85e-08	63.9	4800986
NODE_89_length_155082_cov_7.99638	gb_MF095097.1_-_1855-3484_ARO:3004470_poxtA	93.182	44	1	2	142544	142586	1388	1430	1.85e-08	63.9	3536819
NODE_89_length_155082_cov_7.99638	gb_MF095097.1_-_1855-3484_ARO:3004470_poxtA	93.182	44	1	2	142544	142586	1388	1430	1.85e-08	63.9	4801596
NODE_89_length_155082_cov_7.99638	gb_MF095097.1_-_1855-3484_ARO:3004470_poxtA	93.182	44	1	2	142544	142586	1388	1430	1.85e-08	63.9	2738577
NODE_89_length_155082_cov_7.99638	gb_MF095097.1_-_1855-3484_ARO:3004470_poxtA	93.182	44	1	2	142544	142586	1388	1430	1.85e-08	63.9	4801806
NODE_89_length_155082_cov_7.99638	gb_MF095097.1_-_1855-3484_ARO:3004470_poxtA	93.182	44	1	2	142544	142586	1388	1430	1.85e-08	63.9	2721153
NODE_89_length_155082_cov_7.99638	gb_MF095097.1_-_1855-3484_ARO:3004470_poxtA	93.182	44	1	2	142544	142586	1388	1430	1.85e-08	63.9	1341885
NODE_89_length_155082_cov_7.99638	gb_MF095097.1_-_1855-3484_ARO:3004470_poxtA	93.182	44	1	2	142544	142586	1388	1430	1.85e-08	63.9	4015085
NODE_89_length_155082_cov_7.99638	gb_MF095097.1_-_1855-3484_ARO:3004470_poxtA	93.182	44	1	2	142544	142586	1388	1430	1.85e-08	63.9	2067898
NODE_89_length_155082_cov_7.99638	gb_MF095097.1_-_1855-3484_ARO:3004470_poxtA	93.182	44	1	2	142544	142586	1388	1430	1.85e-08	63.9	4800792
NODE_89_length_155082_cov_7.99638	gb_MF095097.1_-_1855-3484_ARO:3004470_poxtA	93.182	44	1	2	142544	142586	1388	1430	1.85e-08	63.9	563923
NODE_89_length_155082_cov_7.99638	gb_MF095097.1_-_1855-3484_ARO:3004470_poxtA	93.182	44	1	2	142544	142586	1388	1430	1.85e-08	63.9	6201363
NODE_89_length_155082_cov_7.99638	gb_MF095097.1_-_1855-3484_ARO:3004470_poxtA	93.182	44	1	2	142544	142586	1388	1430	1.85e-08	63.9	704977
NODE_89_length_155082_cov_7.99638	gb_MF095097.1_-_1855-3484_ARO:3004470_poxtA	93.182	44	1	2	142544	142586	1388	1430	1.85e-08	63.9	4015698
NODE_89_length_155082_cov_7.99638	gb_MF095097.1_-_1855-3484_ARO:3004470_poxtA	93.182	44	1	2	142544	142586	1388	1430	1.85e-08	63.9	6236225
NODE_89_length_155082_cov_7.99638	gb_MF095097.1_-_1855-3484_ARO:3004470_poxtA	93.182	44	1	2	142544	142586	1388	1430	1.85e-08	63.9	3998957
NODE_173_length_114884_cov_8.26713	gb_GQ343019_+_132-1023_ARO:3002999_CblA-1	99.439	891	5	0	47947	48837	1	891	0.0	1618	4744903
NODE_173_length_114884_cov_8.26713	gb_GQ343019_+_132-1023_ARO:3002999_CblA-1	99.439	891	5	0	47947	48837	1	891	0.0	1618	4801082
NODE_173_length_114884_cov_8.26713	gb_GQ343019_+_132-1023_ARO:3002999_CblA-1	99.439	891	5	0	47947	48837	1	891	0.0	1618	2723804
NODE_173_length_114884_cov_8.26713	gb_GQ343019_+_132-1023_ARO:3002999_CblA-1	99.439	891	5	0	47947	48837	1	891	0.0	1618	2325200
NODE_173_length_114884_cov_8.26713	gb_GQ343019_+_132-1023_ARO:3002999_CblA-1	99.439	891	5	0	47947	48837	1	891	0.0	1618	4802816
NODE_173_length_114884_cov_8.26713	gb_GQ343019_+_132-1023_ARO:3002999_CblA-1	99.439	891	5	0	47947	48837	1	891	0.0	1618	2737829
NODE_173_length_114884_cov_8.26713	gb_GQ343019_+_132-1023_ARO:3002999_CblA-1	99.439	891	5	0	47947	48837	1	891	0.0	1618	2325269
NODE_173_length_114884_cov_8.26713	gb_GQ343019_+_132-1023_ARO:3002999_CblA-1	99.439	891	5	0	47947	48837	1	891	0.0	1618	4677222
NODE_180_length_111397_cov_11.3217	gb_AF173226_+_3767-6917_ARO:3003052_smeB	83.784	74	12	0	60665	60738	1242	1169	7.95e-11	71.3	2307586
NODE_180_length_111397_cov_11.3217	gb_AJ252200_+_1278-4401_ARO:3003056_smeE	83.333	72	12	0	60665	60736	1242	1171	1.03e-09	67.6	2307586
NODE_180_length_111397_cov_11.3217	gb_AF173226_+_3767-6917_ARO:3003052_smeB	83.784	74	12	0	60665	60738	1242	1169	7.95e-11	71.3	4763281
NODE_180_length_111397_cov_11.3217	gb_AJ252200_+_1278-4401_ARO:3003056_smeE	83.333	72	12	0	60665	60736	1242	1171	1.03e-09	67.6	4763281
NODE_180_length_111397_cov_11.3217	gb_AF173226_+_3767-6917_ARO:3003052_smeB	83.784	74	12	0	60665	60738	1242	1169	7.95e-11	71.3	2054909
NODE_180_length_111397_cov_11.3217	gb_AJ252200_+_1278-4401_ARO:3003056_smeE	83.333	72	12	0	60665	60736	1242	1171	1.03e-09	67.6	2054909
NODE_180_length_111397_cov_11.3217	gb_AF173226_+_3767-6917_ARO:3003052_smeB	83.784	74	12	0	60665	60738	1242	1169	7.95e-11	71.3	988748
NODE_180_length_111397_cov_11.3217	gb_AJ252200_+_1278-4401_ARO:3003056_smeE	83.333	72	12	0	60665	60736	1242	1171	1.03e-09	67.6	988748
NODE_180_length_111397_cov_11.3217	gb_AF173226_+_3767-6917_ARO:3003052_smeB	83.784	74	12	0	60665	60738	1242	1169	7.95e-11	71.3	3520205
NODE_180_length_111397_cov_11.3217	gb_AJ252200_+_1278-4401_ARO:3003056_smeE	83.333	72	12	0	60665	60736	1242	1171	1.03e-09	67.6	3520205
NODE_180_length_111397_cov_11.3217	gb_AF173226_+_3767-6917_ARO:3003052_smeB	83.784	74	12	0	60665	60738	1242	1169	7.95e-11	71.3	356270
NODE_180_length_111397_cov_11.3217	gb_AJ252200_+_1278-4401_ARO:3003056_smeE	83.333	72	12	0	60665	60736	1242	1171	1.03e-09	67.6	356270
NODE_180_length_111397_cov_11.3217	gb_AF173226_+_3767-6917_ARO:3003052_smeB	83.784	74	12	0	60665	60738	1242	1169	7.95e-11	71.3	593940
NODE_180_length_111397_cov_11.3217	gb_AJ252200_+_1278-4401_ARO:3003056_smeE	83.333	72	12	0	60665	60736	1242	1171	1.03e-09	67.6	593940
NODE_180_length_111397_cov_11.3217	gb_AF173226_+_3767-6917_ARO:3003052_smeB	83.784	74	12	0	60665	60738	1242	1169	7.95e-11	71.3	4801443
NODE_180_length_111397_cov_11.3217	gb_AJ252200_+_1278-4401_ARO:3003056_smeE	83.333	72	12	0	60665	60736	1242	1171	1.03e-09	67.6	4801443
NODE_180_length_111397_cov_11.3217	gb_AF173226_+_3767-6917_ARO:3003052_smeB	83.784	74	12	0	60665	60738	1242	1169	7.95e-11	71.3	475559
NODE_180_length_111397_cov_11.3217	gb_AJ252200_+_1278-4401_ARO:3003056_smeE	83.333	72	12	0	60665	60736	1242	1171	1.03e-09	67.6	475559
NODE_180_length_111397_cov_11.3217	gb_AF173226_+_3767-6917_ARO:3003052_smeB	83.784	74	12	0	60665	60738	1242	1169	7.95e-11	71.3	341079
NODE_180_length_111397_cov_11.3217	gb_AJ252200_+_1278-4401_ARO:3003056_smeE	83.333	72	12	0	60665	60736	1242	1171	1.03e-09	67.6	341079
NODE_180_length_111397_cov_11.3217	gb_AF173226_+_3767-6917_ARO:3003052_smeB	83.784	74	12	0	60665	60738	1242	1169	7.95e-11	71.3	4762231
NODE_180_length_111397_cov_11.3217	gb_AJ252200_+_1278-4401_ARO:3003056_smeE	83.333	72	12	0	60665	60736	1242	1171	1.03e-09	67.6	4762231
NODE_180_length_111397_cov_11.3217	gb_AF173226_+_3767-6917_ARO:3003052_smeB	83.784	74	12	0	60665	60738	1242	1169	7.95e-11	71.3	2697403
NODE_180_length_111397_cov_11.3217	gb_AJ252200_+_1278-4401_ARO:3003056_smeE	83.333	72	12	0	60665	60736	1242	1171	1.03e-09	67.6	2697403
NODE_180_length_111397_cov_11.3217	gb_AF173226_+_3767-6917_ARO:3003052_smeB	83.784	74	12	0	60665	60738	1242	1169	7.95e-11	71.3	993717
NODE_180_length_111397_cov_11.3217	gb_AJ252200_+_1278-4401_ARO:3003056_smeE	83.333	72	12	0	60665	60736	1242	1171	1.03e-09	67.6	993717
NODE_394_length_74865_cov_8.42726	gb_JX560992_+_11387-12872_ARO:3003206_lsaE	99.731	1485	4	0	59690	61174	1	1485	0.0	2721	283648
NODE_394_length_74865_cov_8.42726	gb_KC688833_+_0-804_ARO:3002836_lnuB	99.876	804	1	0	61228	62031	1	804	0.0	1480	283648
NODE_417_length_72432_cov_6.2565	gb_KU736867.1_+_19653-21573_ARO:3004442_tet(W/N/W)	93.385	1920	127	0	35999	37918	1920	1	0.0	2843	6219848
NODE_417_length_72432_cov_6.2565	gb_EU434751_+_658-2578_ARO:3000194_tetW	89.854	1912	192	2	36008	37918	1911	1	0.0	2455	6219848
NODE_417_length_72432_cov_6.2565	gb_KU736867.1_+_19653-21573_ARO:3004442_tet(W/N/W)	93.385	1920	127	0	35999	37918	1920	1	0.0	2843	291658
NODE_417_length_72432_cov_6.2565	gb_EU434751_+_658-2578_ARO:3000194_tetW	89.854	1912	192	2	36008	37918	1911	1	0.0	2455	291658
NODE_417_length_72432_cov_6.2565	gb_KU736867.1_+_19653-21573_ARO:3004442_tet(W/N/W)	93.385	1920	127	0	35999	37918	1920	1	0.0	2843	1276663
NODE_417_length_72432_cov_6.2565	gb_EU434751_+_658-2578_ARO:3000194_tetW	89.854	1912	192	2	36008	37918	1911	1	0.0	2455	1276663
NODE_417_length_72432_cov_6.2565	gb_KU736867.1_+_19653-21573_ARO:3004442_tet(W/N/W)	93.385	1920	127	0	35999	37918	1920	1	0.0	2843	339421
NODE_417_length_72432_cov_6.2565	gb_EU434751_+_658-2578_ARO:3000194_tetW	89.854	1912	192	2	36008	37918	1911	1	0.0	2455	339421
NODE_448_length_69016_cov_11.7286	gb_X01702_+_484-1285_ARO:3002659_APH(6)-Ic	94.444	36	1	1	32285	32319	518	483	4.96e-06	54.7	4801208
NODE_448_length_69016_cov_11.7286	gb_X01702_+_484-1285_ARO:3002659_APH(6)-Ic	94.444	36	1	1	32285	32319	518	483	4.96e-06	54.7	184823
NODE_448_length_69016_cov_11.7286	gb_X01702_+_484-1285_ARO:3002659_APH(6)-Ic	94.444	36	1	1	32285	32319	518	483	4.96e-06	54.7	811104
NODE_448_length_69016_cov_11.7286	gb_X01702_+_484-1285_ARO:3002659_APH(6)-Ic	94.444	36	1	1	32285	32319	518	483	4.96e-06	54.7	647480
NODE_448_length_69016_cov_11.7286	gb_X01702_+_484-1285_ARO:3002659_APH(6)-Ic	94.444	36	1	1	32285	32319	518	483	4.96e-06	54.7	232309
NODE_448_length_69016_cov_11.7286	gb_X01702_+_484-1285_ARO:3002659_APH(6)-Ic	94.444	36	1	1	32285	32319	518	483	4.96e-06	54.7	1584631
NODE_603_length_56605_cov_41.4183	gb_AF173226_+_3767-6917_ARO:3003052_smeB	87.500	56	7	0	43238	43293	1186	1241	1.88e-09	65.8	4802013
NODE_603_length_56605_cov_41.4183	gb_AJ252200_+_1278-4401_ARO:3003056_smeE	78.313	83	18	0	43211	43293	1159	1241	4.07e-06	54.7	4802013
NODE_603_length_56605_cov_41.4183	gb_AF173226_+_3767-6917_ARO:3003052_smeB	87.500	56	7	0	43238	43293	1186	1241	1.88e-09	65.8	4720249
NODE_603_length_56605_cov_41.4183	gb_AJ252200_+_1278-4401_ARO:3003056_smeE	78.313	83	18	0	43211	43293	1159	1241	4.07e-06	54.7	4720249
NODE_603_length_56605_cov_41.4183	gb_AF173226_+_3767-6917_ARO:3003052_smeB	87.500	56	7	0	43238	43293	1186	1241	1.88e-09	65.8	1333942
NODE_603_length_56605_cov_41.4183	gb_AJ252200_+_1278-4401_ARO:3003056_smeE	78.313	83	18	0	43211	43293	1159	1241	4.07e-06	54.7	1333942
NODE_603_length_56605_cov_41.4183	gb_AF173226_+_3767-6917_ARO:3003052_smeB	87.500	56	7	0	43238	43293	1186	1241	1.88e-09	65.8	1584611
NODE_603_length_56605_cov_41.4183	gb_AJ252200_+_1278-4401_ARO:3003056_smeE	78.313	83	18	0	43211	43293	1159	1241	4.07e-06	54.7	1584611
NODE_603_length_56605_cov_41.4183	gb_AF173226_+_3767-6917_ARO:3003052_smeB	87.500	56	7	0	43238	43293	1186	1241	1.88e-09	65.8	2685453
NODE_603_length_56605_cov_41.4183	gb_AJ252200_+_1278-4401_ARO:3003056_smeE	78.313	83	18	0	43211	43293	1159	1241	4.07e-06	54.7	2685453
NODE_603_length_56605_cov_41.4183	gb_AF173226_+_3767-6917_ARO:3003052_smeB	87.500	56	7	0	43238	43293	1186	1241	1.88e-09	65.8	3322368
NODE_603_length_56605_cov_41.4183	gb_AJ252200_+_1278-4401_ARO:3003056_smeE	78.313	83	18	0	43211	43293	1159	1241	4.07e-06	54.7	3322368
NODE_674_length_52817_cov_24.855	gb_AF170880_+_0-1848_ARO:3002522_novA	76.636	214	44	6	29207	29417	1591	1381	6.18e-24	113	98860
NODE_674_length_52817_cov_24.855	gb_AF170880_+_0-1848_ARO:3002522_novA	76.636	214	44	6	29207	29417	1591	1381	6.18e-24	113	1583248
NODE_674_length_52817_cov_24.855	gb_AF170880_+_0-1848_ARO:3002522_novA	76.636	214	44	6	29207	29417	1591	1381	6.18e-24	113	300297
NODE_674_length_52817_cov_24.855	gb_AF170880_+_0-1848_ARO:3002522_novA	76.636	214	44	6	29207	29417	1591	1381	6.18e-24	113	1089406
NODE_674_length_52817_cov_24.855	gb_AF170880_+_0-1848_ARO:3002522_novA	76.636	214	44	6	29207	29417	1591	1381	6.18e-24	113	85267
NODE_674_length_52817_cov_24.855	gb_AF170880_+_0-1848_ARO:3002522_novA	76.636	214	44	6	29207	29417	1591	1381	6.18e-24	113	889984
NODE_674_length_52817_cov_24.855	gb_AF170880_+_0-1848_ARO:3002522_novA	76.636	214	44	6	29207	29417	1591	1381	6.18e-24	113	6226415
NODE_674_length_52817_cov_24.855	gb_AF170880_+_0-1848_ARO:3002522_novA	76.636	214	44	6	29207	29417	1591	1381	6.18e-24	113	6188549
NODE_674_length_52817_cov_24.855	gb_AF170880_+_0-1848_ARO:3002522_novA	76.636	214	44	6	29207	29417	1591	1381	6.18e-24	113	2737543
NODE_674_length_52817_cov_24.855	gb_AF170880_+_0-1848_ARO:3002522_novA	76.636	214	44	6	29207	29417	1591	1381	6.18e-24	113	341018
NODE_674_length_52817_cov_24.855	gb_AF170880_+_0-1848_ARO:3002522_novA	76.636	214	44	6	29207	29417	1591	1381	6.18e-24	113	1011884
NODE_739_length_49594_cov_6.27193	gb_AP006618.1_+_4835199-4838688_ARO:3000501_Nocardia	83.129	326	51	4	36899	37222	3033	3356	1.93e-78	294	98603
NODE_798_length_46916_cov_7.7572	gb_L36601_+_1420-3130_ARO:3003036_oleB	97.059	34	1	0	33655	33688	1532	1565	2.61e-07	58.4	302184
NODE_798_length_46916_cov_7.7572	gb_L36601_+_1420-3130_ARO:3003036_oleB	97.059	34	1	0	33655	33688	1532	1565	2.61e-07	58.4	2325415
NODE_798_length_46916_cov_7.7572	gb_L36601_+_1420-3130_ARO:3003036_oleB	97.059	34	1	0	33655	33688	1532	1565	2.61e-07	58.4	129426
NODE_798_length_46916_cov_7.7572	gb_L36601_+_1420-3130_ARO:3003036_oleB	97.059	34	1	0	33655	33688	1532	1565	2.61e-07	58.4	4801962
NODE_798_length_46916_cov_7.7572	gb_L36601_+_1420-3130_ARO:3003036_oleB	97.059	34	1	0	33655	33688	1532	1565	2.61e-07	58.4	2737329
NODE_798_length_46916_cov_7.7572	gb_L36601_+_1420-3130_ARO:3003036_oleB	97.059	34	1	0	33655	33688	1532	1565	2.61e-07	58.4	2737228
NODE_798_length_46916_cov_7.7572	gb_L36601_+_1420-3130_ARO:3003036_oleB	97.059	34	1	0	33655	33688	1532	1565	2.61e-07	58.4	2957782
NODE_882_length_43431_cov_9.86405	gb_AY768532_+_0-1935_ARO:3000535_macB	79.323	266	55	0	36778	37043	1487	1752	2.95e-46	187	4802146
NODE_882_length_43431_cov_9.86405	gb_AY768532_+_0-1935_ARO:3000535_macB	79.323	266	55	0	36778	37043	1487	1752	2.95e-46	187	6220870
NODE_882_length_43431_cov_9.86405	gb_AY768532_+_0-1935_ARO:3000535_macB	79.323	266	55	0	36778	37043	1487	1752	2.95e-46	187	474844
NODE_1095_length_35911_cov_7.42325	gb_U05883_+_555-1458_ARO:3003559_cepA	99.446	903	5	0	14325	15227	903	1	0.0	1640	168932
NODE_1095_length_35911_cov_7.42325	gb_U05883_+_555-1458_ARO:3003559_cepA	99.446	903	5	0	14325	15227	903	1	0.0	1640	973829
NODE_1095_length_35911_cov_7.42325	gb_U05883_+_555-1458_ARO:3003559_cepA	99.446	903	5	0	14325	15227	903	1	0.0	1640	3537039
NODE_1095_length_35911_cov_7.42325	gb_U05883_+_555-1458_ARO:3003559_cepA	99.446	903	5	0	14325	15227	903	1	0.0	1640	4801999
NODE_1171_length_34162_cov_6.75093	gb_KX531046.1_+_0-864_ARO:3003982_LlmA	71.116	457	116	14	12180	12628	716	268	1.12e-19	99.0	6236485
NODE_1171_length_34162_cov_6.75093	gb_KX531046.1_+_0-864_ARO:3003982_LlmA	71.116	457	116	14	12180	12628	716	268	1.12e-19	99.0	891151
NODE_1171_length_34162_cov_6.75093	gb_KX531046.1_+_0-864_ARO:3003982_LlmA	71.116	457	116	14	12180	12628	716	268	1.12e-19	99.0	99573
NODE_1171_length_34162_cov_6.75093	gb_KX531046.1_+_0-864_ARO:3003982_LlmA	71.116	457	116	14	12180	12628	716	268	1.12e-19	99.0	65852
NODE_1171_length_34162_cov_6.75093	gb_KX531046.1_+_0-864_ARO:3003982_LlmA	71.116	457	116	14	12180	12628	716	268	1.12e-19	99.0	1028460
NODE_1171_length_34162_cov_6.75093	gb_KX531046.1_+_0-864_ARO:3003982_LlmA	71.116	457	116	14	12180	12628	716	268	1.12e-19	99.0	47012
NODE_1171_length_34162_cov_6.75093	gb_KX531046.1_+_0-864_ARO:3003982_LlmA	71.116	457	116	14	12180	12628	716	268	1.12e-19	99.0	1039961
NODE_1171_length_34162_cov_6.75093	gb_KX531046.1_+_0-864_ARO:3003982_LlmA	71.116	457	116	14	12180	12628	716	268	1.12e-19	99.0	832921
NODE_1171_length_34162_cov_6.75093	gb_KX531046.1_+_0-864_ARO:3003982_LlmA	71.116	457	116	14	12180	12628	716	268	1.12e-19	99.0	1702214
NODE_1171_length_34162_cov_6.75093	gb_KX531046.1_+_0-864_ARO:3003982_LlmA	71.116	457	116	14	12180	12628	716	268	1.12e-19	99.0	283068
NODE_1171_length_34162_cov_6.75093	gb_KX531046.1_+_0-864_ARO:3003982_LlmA	71.116	457	116	14	12180	12628	716	268	1.12e-19	99.0	113106
NODE_1171_length_34162_cov_6.75093	gb_KX531046.1_+_0-864_ARO:3003982_LlmA	71.116	457	116	14	12180	12628	716	268	1.12e-19	99.0	6235657
NODE_1171_length_34162_cov_6.75093	gb_KX531046.1_+_0-864_ARO:3003982_LlmA	71.116	457	116	14	12180	12628	716	268	1.12e-19	99.0	128789
NODE_1171_length_34162_cov_6.75093	gb_KX531046.1_+_0-864_ARO:3003982_LlmA	71.116	457	116	14	12180	12628	716	268	1.12e-19	99.0	4801742
NODE_1171_length_34162_cov_6.75093	gb_KX531046.1_+_0-864_ARO:3003982_LlmA	71.116	457	116	14	12180	12628	716	268	1.12e-19	99.0	446646
NODE_1203_length_33497_cov_33.6482	gb_AY928180_+_0-495_ARO:3002837_lnuC	98.113	53	1	0	33445	33497	495	443	5.10e-18	93.5	1576088
NODE_1203_length_33497_cov_33.6482	gb_AY928180_+_0-495_ARO:3002837_lnuC	98.113	53	1	0	33445	33497	495	443	5.10e-18	93.5	1180650
NODE_1203_length_33497_cov_33.6482	gb_AY928180_+_0-495_ARO:3002837_lnuC	98.113	53	1	0	33445	33497	495	443	5.10e-18	93.5	4716907
NODE_1728_length_25051_cov_22.1202	gb_EU434751_+_658-2578_ARO:3000194_tetW	95.833	168	7	0	1	168	1744	1911	4.57e-72	272	2067728
NODE_1728_length_25051_cov_22.1202	gb_EU434751_+_658-2578_ARO:3000194_tetW	95.833	168	7	0	1	168	1744	1911	4.57e-72	272	4802508
NODE_1728_length_25051_cov_22.1202	gb_EU434751_+_658-2578_ARO:3000194_tetW	95.833	168	7	0	1	168	1744	1911	4.57e-72	272	120844
NODE_1728_length_25051_cov_22.1202	gb_EU434751_+_658-2578_ARO:3000194_tetW	95.833	168	7	0	1	168	1744	1911	4.57e-72	272	275544
NODE_1886_length_23252_cov_9.76428	gb_M17124_+_1181-1982_ARO:3000498_ErmF	100.000	55	0	0	1	55	55	1	5.89e-21	102	1585031
NODE_1886_length_23252_cov_9.76428	gb_AF319779.2_+_32-833_ARO:3000604_Erm(35)	100.000	53	0	0	3	55	53	1	7.62e-20	99.0	1585031
NODE_1886_length_23252_cov_9.76428	gb_M17124_+_1181-1982_ARO:3000498_ErmF	100.000	55	0	0	1	55	55	1	5.89e-21	102	3418485
NODE_1886_length_23252_cov_9.76428	gb_AF319779.2_+_32-833_ARO:3000604_Erm(35)	100.000	53	0	0	3	55	53	1	7.62e-20	99.0	3418485
NODE_3245_length_14267_cov_8.48966	gb_U00096_+_3415032-3418137_ARO:3000502_acrF	76.289	97	23	0	7576	7672	1150	1246	3.69e-06	52.8	6235735
NODE_3245_length_14267_cov_8.48966	gb_U00096_+_3415032-3418137_ARO:3000502_acrF	76.289	97	23	0	7576	7672	1150	1246	3.69e-06	52.8	6235735
NODE_3245_length_14267_cov_8.48966	gb_U00096_+_3415032-3418137_ARO:3000502_acrF	76.289	97	23	0	7576	7672	1150	1246	3.69e-06	52.8	6236557
NODE_3245_length_14267_cov_8.48966	gb_U00096_+_3415032-3418137_ARO:3000502_acrF	76.289	97	23	0	7576	7672	1150	1246	3.69e-06	52.8	3346665
NODE_3382_length_13685_cov_27.3069	gb_AF235050.4_+_38028-40140_ARO:3003318_Streptomyces	75.973	437	70	27	8069	8490	75	491	2.00e-48	193	340648
NODE_3382_length_13685_cov_27.3069	gb_AF235050.4_+_38028-40140_ARO:3003318_Streptomyces	75.973	437	70	27	8069	8490	75	491	2.00e-48	193	249938
NODE_3382_length_13685_cov_27.3069	gb_AF235050.4_+_38028-40140_ARO:3003318_Streptomyces	75.973	437	70	27	8069	8490	75	491	2.00e-48	193	1341804
NODE_3382_length_13685_cov_27.3069	gb_AF235050.4_+_38028-40140_ARO:3003318_Streptomyces	75.973	437	70	27	8069	8490	75	491	2.00e-48	193	2737835
NODE_3382_length_13685_cov_27.3069	gb_AF235050.4_+_38028-40140_ARO:3003318_Streptomyces	75.973	437	70	27	8069	8490	75	491	2.00e-48	193	6186012
NODE_3660_length_12667_cov_78.3757	gb_AF242872_+_2131-2878_ARO:3000375_ErmB	98.214	56	0	1	1	55	686	741	1.49e-19	97.1	201321
NODE_3660_length_12667_cov_78.3757	gb_AF242872_+_2131-2878_ARO:3000375_ErmB	98.214	56	0	1	1	55	686	741	1.49e-19	97.1	681513
NODE_3660_length_12667_cov_78.3757	gb_AF242872_+_2131-2878_ARO:3000375_ErmB	98.214	56	0	1	1	55	686	741	1.49e-19	97.1	383136
NODE_3660_length_12667_cov_78.3757	gb_AF242872_+_2131-2878_ARO:3000375_ErmB	98.214	56	0	1	1	55	686	741	1.49e-19	97.1	715235
NODE_3888_length_11932_cov_4.33055	gb_AY768532_+_0-1935_ARO:3000535_macB	90.909	44	4	0	6747	6790	802	845	1.84e-08	60.2	1584697
NODE_3955_length_11762_cov_20.0422	gb_AF235050.4_+_38028-40140_ARO:3003318_Streptomyces	74.588	425	77	23	2428	2839	491	85	6.26e-38	158	889954
NODE_3955_length_11762_cov_20.0422	gb_AF235050.4_+_38028-40140_ARO:3003318_Streptomyces	74.588	425	77	23	2428	2839	491	85	6.26e-38	158	59176
NODE_3955_length_11762_cov_20.0422	gb_AF235050.4_+_38028-40140_ARO:3003318_Streptomyces	74.588	425	77	23	2428	2839	491	85	6.26e-38	158	1317080
NODE_3955_length_11762_cov_20.0422	gb_AF235050.4_+_38028-40140_ARO:3003318_Streptomyces	74.588	425	77	23	2428	2839	491	85	6.26e-38	158	1861188
NODE_3955_length_11762_cov_20.0422	gb_AF235050.4_+_38028-40140_ARO:3003318_Streptomyces	74.588	425	77	23	2428	2839	491	85	6.26e-38	158	2218929
NODE_4424_length_10532_cov_4.06614	gb_AF235050.4_+_38028-40140_ARO:3003318_Streptomyces	81.522	92	17	0	9568	9659	322	413	1.62e-13	76.8	554848
NODE_6620_length_7039_cov_3.16595	gb_AF235050.4_+_38028-40140_ARO:3003318_Streptomyces	74.932	367	72	15	4697	5053	75	431	6.27e-36	150	1334047
NODE_6972_length_6642_cov_7.42447	gb_X63451_+_0-1653_ARO:3002828_srmB	92.500	40	3	0	4257	4296	1457	1496	3.69e-08	58.4	364475
NODE_6972_length_6642_cov_7.42447	gb_X63451_+_0-1653_ARO:3002828_srmB	92.500	40	3	0	4257	4296	1457	1496	3.69e-08	58.4	799019
NODE_6972_length_6642_cov_7.42447	gb_X63451_+_0-1653_ARO:3002828_srmB	92.500	40	3	0	4257	4296	1457	1496	3.69e-08	58.4	696907
NODE_6972_length_6642_cov_7.42447	gb_X63451_+_0-1653_ARO:3002828_srmB	92.500	40	3	0	4257	4296	1457	1496	3.69e-08	58.4	2863173
NODE_7248_length_6364_cov_3.3793	gb_U00096_+_3415032-3418137_ARO:3000502_acrF	74.590	122	31	0	2545	2666	1246	1125	4.57e-07	54.7	4801736
NODE_7328_length_6276_cov_13.7952	gb_Z21523_+_0-1974_ARO:3000191_tetQ	96.875	64	0	2	6213	6276	372	311	1.23e-22	106	6210297
NODE_7328_length_6276_cov_13.7952	gb_Z21523_+_0-1974_ARO:3000191_tetQ	96.875	64	0	2	6213	6276	372	311	1.23e-22	106	2685453
NODE_7328_length_6276_cov_13.7952	gb_Z21523_+_0-1974_ARO:3000191_tetQ	96.875	64	0	2	6213	6276	372	311	1.23e-22	106	4801154
NODE_7328_length_6276_cov_13.7952	gb_Z21523_+_0-1974_ARO:3000191_tetQ	96.875	64	0	2	6213	6276	372	311	1.23e-22	106	1561095
NODE_7328_length_6276_cov_13.7952	gb_Z21523_+_0-1974_ARO:3000191_tetQ	96.875	64	0	2	6213	6276	372	311	1.23e-22	106	4801154
NODE_7341_length_6261_cov_148.777	gb_AF242872_+_2131-2878_ARO:3000375_ErmB	98.387	62	0	1	6201	6261	747	686	3.40e-23	108	890021
NODE_7341_length_6261_cov_148.777	gb_AF242872_+_2131-2878_ARO:3000375_ErmB	98.387	62	0	1	6201	6261	747	686	3.40e-23	108	2067817
NODE_7341_length_6261_cov_148.777	gb_AF242872_+_2131-2878_ARO:3000375_ErmB	98.387	62	0	1	6201	6261	747	686	3.40e-23	108	1585335
NODE_7771_length_5908_cov_8.22723	gb_NC_010378.1_+_47850-51003_ARO:3003923_oqxB	76.518	247	54	4	2732	2976	1256	1012	1.90e-30	132	557129
NODE_9474_length_4760_cov_26.7218	gb_AY769933_+_0-966_ARO:3003005_CfxA4	100.000	966	0	0	3733	4698	966	1	0.0	1784	1743766
NODE_9474_length_4760_cov_26.7218	gb_AF472622_+_52-1018_ARO:3003003_CfxA3	99.896	966	1	0	3733	4698	966	1	0.0	1779	1743766
NODE_9474_length_4760_cov_26.7218	gb_AF118110.1_-_71-1037_ARO:3003002_CfxA2	99.896	966	1	0	3733	4698	966	1	0.0	1779	1743766
NODE_9474_length_4760_cov_26.7218	gb_AY769934_+_27-993_ARO:3003096_CfxA5	99.793	966	2	0	3733	4698	966	1	0.0	1773	1743766
NODE_9474_length_4760_cov_26.7218	gb_U38243_+_149-1115_ARO:3003001_CfxA	99.793	966	2	0	3733	4698	966	1	0.0	1773	1743766
NODE_9474_length_4760_cov_26.7218	gb_GQ342996_+_797-1793_ARO:3003097_CfxA6	89.337	966	100	3	3738	4702	993	30	0.0	1210	1743766
NODE_11145_length_4003_cov_51.0461	gb_Z21523_+_0-1974_ARO:3000191_tetQ	90.270	185	18	0	1	185	1790	1974	5.71e-64	243	1341802
NODE_11193_length_3986_cov_14.2442	gb_Z21523_+_0-1974_ARO:3000191_tetQ	96.364	55	2	0	3932	3986	376	430	2.18e-18	91.6	341095
NODE_11815_length_3766_cov_6.59068	gb_AF235050.4_+_38028-40140_ARO:3003318_Streptomyces	76.512	281	52	10	3463	3736	85	358	2.02e-33	141	1089374
NODE_15092_length_2894_cov_6.99718	gb_M80346_+_0-1656_ARO:3002817_carA	94.872	39	2	0	1033	1071	1464	1502	1.24e-09	62.1	1180752
NODE_15112_length_2890_cov_125.722	gb_Z21523_+_0-1974_ARO:3000191_tetQ	96.757	185	6	0	2706	2890	1974	1790	4.00e-84	309	747224
NODE_15112_length_2890_cov_125.722	gb_Z21523_+_0-1974_ARO:3000191_tetQ	96.757	185	6	0	2706	2890	1974	1790	4.00e-84	309	747224
NODE_18800_length_2309_cov_1.62777	gb_U00096_-_2098446-2099613_ARO:3003577_ugd	72.789	294	80	0	1417	1710	863	570	2.09e-21	100	1584991
NODE_25840_length_1690_cov_240.609	gb_M18896.2_+_206-2126_ARO:3000190_tetO	99.776	891	2	0	800	1690	1	891	0.0	1635	2539422
NODE_25840_length_1690_cov_240.609	gb_AJ295238.3_+_163-2083_ARO:3000196_tet32	91.919	396	32	0	800	1195	1	396	2.71e-158	555	2539422
NODE_31573_length_1403_cov_128.207	gb_JQ740052_+_2108-3329_ARO:3000567_tet(40)	99.427	1221	7	0	167	1387	1221	1	0.0	2217	397774
NODE_31573_length_1403_cov_128.207	gb_JQ740052_+_2108-3329_ARO:3000567_tet(40)	99.427	1221	7	0	167	1387	1221	1	0.0	2217	397774
NODE_32967_length_1349_cov_213.244	gb_Z21523_+_0-1974_ARO:3000191_tetQ	98.295	1349	23	0	1	1349	1844	496	0.0	2364	6215419
NODE_32967_length_1349_cov_213.244	gb_Z21523_+_0-1974_ARO:3000191_tetQ	98.295	1349	23	0	1	1349	1844	496	0.0	2364	6235913
NODE_32967_length_1349_cov_213.244	gb_Z21523_+_0-1974_ARO:3000191_tetQ	98.295	1349	23	0	1	1349	1844	496	0.0	2364	137076
NODE_45444_length_1013_cov_737.362	gb_AF242872_+_2131-2878_ARO:3000375_ErmB	99.595	741	2	1	274	1013	1	741	0.0	1351	889943
NODE_45444_length_1013_cov_737.362	gb_AF242872_+_2131-2878_ARO:3000375_ErmB	99.595	741	2	1	274	1013	1	741	0.0	1351	889996
NODE_45444_length_1013_cov_737.362	gb_AF242872_+_2131-2878_ARO:3000375_ErmB	99.595	741	2	1	274	1013	1	741	0.0	1351	889943
NODE_45444_length_1013_cov_737.362	gb_AF242872_+_2131-2878_ARO:3000375_ErmB	99.595	741	2	1	274	1013	1	741	0.0	1351	2067973
NODE_45444_length_1013_cov_737.362	gb_AF242872_+_2131-2878_ARO:3000375_ErmB	99.595	741	2	1	274	1013	1	741	0.0	1351	397799
NODE_51961_length_900_cov_1.55621	gb_AF235050.4_+_38028-40140_ARO:3003318_Streptomyces	80.769	208	40	0	87	294	283	76	1.01e-40	163	589392
NODE_63176_length_759_cov_52.8594	gb_AF242872_+_2131-2878_ARO:3000375_ErmB	98.387	62	0	1	1	61	686	747	4.04e-24	108	742408
