NODE_3_length_331966_cov_70.4221	gb_AF024666.2_-_2207-2969_ARO:3000596_ErmX	99.869	763	0	1	225	987	1	762	0.0	1402	10087
NODE_3_length_331966_cov_70.4221	gb_AF024666.2_-_2207-2969_ARO:3000596_ErmX	99.869	763	0	1	225	987	1	762	0.0	1402	460424
NODE_3_length_331966_cov_70.4221	gb_AF024666.2_-_2207-2969_ARO:3000596_ErmX	99.869	763	0	1	225	987	1	762	0.0	1402	30062
NODE_3_length_331966_cov_70.4221	gb_AF024666.2_-_2207-2969_ARO:3000596_ErmX	99.869	763	0	1	225	987	1	762	0.0	1402	1886241
NODE_3_length_331966_cov_70.4221	gb_AF024666.2_-_2207-2969_ARO:3000596_ErmX	99.869	763	0	1	225	987	1	762	0.0	1402	155486
NODE_3_length_331966_cov_70.4221	gb_AF024666.2_-_2207-2969_ARO:3000596_ErmX	99.869	763	0	1	225	987	1	762	0.0	1402	70021
NODE_3_length_331966_cov_70.4221	gb_AF024666.2_-_2207-2969_ARO:3000596_ErmX	99.869	763	0	1	225	987	1	762	0.0	1402	814608
NODE_3_length_331966_cov_70.4221	gb_AF024666.2_-_2207-2969_ARO:3000596_ErmX	99.869	763	0	1	225	987	1	762	0.0	1402	359472
NODE_3_length_331966_cov_70.4221	gb_AF024666.2_-_2207-2969_ARO:3000596_ErmX	99.869	763	0	1	225	987	1	762	0.0	1402	359472
NODE_3_length_331966_cov_70.4221	gb_AF024666.2_-_2207-2969_ARO:3000596_ErmX	99.869	763	0	1	225	987	1	762	0.0	1402	3049854
NODE_3_length_331966_cov_70.4221	gb_AF024666.2_-_2207-2969_ARO:3000596_ErmX	99.869	763	0	1	225	987	1	762	0.0	1402	56759
NODE_3_length_331966_cov_70.4221	gb_AF024666.2_-_2207-2969_ARO:3000596_ErmX	99.869	763	0	1	225	987	1	762	0.0	1402	1299624
NODE_3_length_331966_cov_70.4221	gb_AF024666.2_-_2207-2969_ARO:3000596_ErmX	99.869	763	0	1	225	987	1	762	0.0	1402	5152325
NODE_3_length_331966_cov_70.4221	gb_AF024666.2_-_2207-2969_ARO:3000596_ErmX	99.869	763	0	1	225	987	1	762	0.0	1402	3028079
NODE_3_length_331966_cov_70.4221	gb_AF024666.2_-_2207-2969_ARO:3000596_ErmX	99.869	763	0	1	225	987	1	762	0.0	1402	54399
NODE_3_length_331966_cov_70.4221	gb_AF024666.2_-_2207-2969_ARO:3000596_ErmX	99.869	763	0	1	225	987	1	762	0.0	1402	38729
NODE_3_length_331966_cov_70.4221	gb_AF024666.2_-_2207-2969_ARO:3000596_ErmX	99.869	763	0	1	225	987	1	762	0.0	1402	59545
NODE_3_length_331966_cov_70.4221	gb_AF024666.2_-_2207-2969_ARO:3000596_ErmX	99.869	763	0	1	225	987	1	762	0.0	1402	26160
NODE_3_length_331966_cov_70.4221	gb_AF024666.2_-_2207-2969_ARO:3000596_ErmX	99.869	763	0	1	225	987	1	762	0.0	1402	236309
NODE_3_length_331966_cov_70.4221	gb_AF024666.2_-_2207-2969_ARO:3000596_ErmX	99.869	763	0	1	225	987	1	762	0.0	1402	14757
NODE_3_length_331966_cov_70.4221	gb_AF024666.2_-_2207-2969_ARO:3000596_ErmX	99.869	763	0	1	225	987	1	762	0.0	1402	319693
NODE_3_length_331966_cov_70.4221	gb_AF024666.2_-_2207-2969_ARO:3000596_ErmX	99.869	763	0	1	225	987	1	762	0.0	1402	3918999
NODE_3_length_331966_cov_70.4221	gb_AF024666.2_-_2207-2969_ARO:3000596_ErmX	99.869	763	0	1	225	987	1	762	0.0	1402	4087
NODE_3_length_331966_cov_70.4221	gb_AF024666.2_-_2207-2969_ARO:3000596_ErmX	99.869	763	0	1	225	987	1	762	0.0	1402	4447880
NODE_3_length_331966_cov_70.4221	gb_AF024666.2_-_2207-2969_ARO:3000596_ErmX	99.869	763	0	1	225	987	1	762	0.0	1402	543160
NODE_3_length_331966_cov_70.4221	gb_AF024666.2_-_2207-2969_ARO:3000596_ErmX	99.869	763	0	1	225	987	1	762	0.0	1402	1742532
NODE_3_length_331966_cov_70.4221	gb_AF024666.2_-_2207-2969_ARO:3000596_ErmX	99.869	763	0	1	225	987	1	762	0.0	1402	42031
NODE_3_length_331966_cov_70.4221	gb_AF024666.2_-_2207-2969_ARO:3000596_ErmX	99.869	763	0	1	225	987	1	762	0.0	1402	49707
NODE_3_length_331966_cov_70.4221	gb_AF024666.2_-_2207-2969_ARO:3000596_ErmX	99.869	763	0	1	225	987	1	762	0.0	1402	49707
NODE_3_length_331966_cov_70.4221	gb_AF024666.2_-_2207-2969_ARO:3000596_ErmX	99.869	763	0	1	225	987	1	762	0.0	1402	974259
NODE_3_length_331966_cov_70.4221	gb_AF024666.2_-_2207-2969_ARO:3000596_ErmX	99.869	763	0	1	225	987	1	762	0.0	1402	242554
NODE_3_length_331966_cov_70.4221	gb_AF024666.2_-_2207-2969_ARO:3000596_ErmX	99.869	763	0	1	225	987	1	762	0.0	1402	48804
NODE_3_length_331966_cov_70.4221	gb_AF024666.2_-_2207-2969_ARO:3000596_ErmX	99.869	763	0	1	225	987	1	762	0.0	1402	2285795
NODE_3_length_331966_cov_70.4221	gb_AF024666.2_-_2207-2969_ARO:3000596_ErmX	99.869	763	0	1	225	987	1	762	0.0	1402	2240341
NODE_3_length_331966_cov_70.4221	gb_AF024666.2_-_2207-2969_ARO:3000596_ErmX	99.869	763	0	1	225	987	1	762	0.0	1402	24278
NODE_3_length_331966_cov_70.4221	gb_AF024666.2_-_2207-2969_ARO:3000596_ErmX	99.869	763	0	1	225	987	1	762	0.0	1402	17914
NODE_3_length_331966_cov_70.4221	gb_AF024666.2_-_2207-2969_ARO:3000596_ErmX	99.869	763	0	1	225	987	1	762	0.0	1402	30201
NODE_3_length_331966_cov_70.4221	gb_AF024666.2_-_2207-2969_ARO:3000596_ErmX	99.869	763	0	1	225	987	1	762	0.0	1402	4447297
NODE_3_length_331966_cov_70.4221	gb_AF024666.2_-_2207-2969_ARO:3000596_ErmX	99.869	763	0	1	225	987	1	762	0.0	1402	5123618
NODE_3_length_331966_cov_70.4221	gb_AF024666.2_-_2207-2969_ARO:3000596_ErmX	99.869	763	0	1	225	987	1	762	0.0	1402	1355924
NODE_3_length_331966_cov_70.4221	gb_AF024666.2_-_2207-2969_ARO:3000596_ErmX	99.869	763	0	1	225	987	1	762	0.0	1402	1355924
NODE_3_length_331966_cov_70.4221	gb_AF024666.2_-_2207-2969_ARO:3000596_ErmX	99.869	763	0	1	225	987	1	762	0.0	1402	3830888
NODE_3_length_331966_cov_70.4221	gb_AF024666.2_-_2207-2969_ARO:3000596_ErmX	99.869	763	0	1	225	987	1	762	0.0	1402	3027337
NODE_3_length_331966_cov_70.4221	gb_AF024666.2_-_2207-2969_ARO:3000596_ErmX	99.869	763	0	1	225	987	1	762	0.0	1402	3027853
NODE_3_length_331966_cov_70.4221	gb_AF024666.2_-_2207-2969_ARO:3000596_ErmX	99.869	763	0	1	225	987	1	762	0.0	1402	1746881
NODE_3_length_331966_cov_70.4221	gb_AF024666.2_-_2207-2969_ARO:3000596_ErmX	99.869	763	0	1	225	987	1	762	0.0	1402	794678
NODE_3_length_331966_cov_70.4221	gb_AF024666.2_-_2207-2969_ARO:3000596_ErmX	99.869	763	0	1	225	987	1	762	0.0	1402	6917053
NODE_3_length_331966_cov_70.4221	gb_AF024666.2_-_2207-2969_ARO:3000596_ErmX	99.869	763	0	1	225	987	1	762	0.0	1402	13526
NODE_3_length_331966_cov_70.4221	gb_AF024666.2_-_2207-2969_ARO:3000596_ErmX	99.869	763	0	1	225	987	1	762	0.0	1402	19572
NODE_3_length_331966_cov_70.4221	gb_AF024666.2_-_2207-2969_ARO:3000596_ErmX	99.869	763	0	1	225	987	1	762	0.0	1402	56659
NODE_115_length_76840_cov_7.59776	gb_AP006618.1_+_4835199-4838688_ARO:3000501_Nocardia	75.954	3198	665	84	63211	66350	218	3369	0.0	1550	1092064
NODE_115_length_76840_cov_7.59776	gb_AP006618.1_+_4835199-4838688_ARO:3000501_Nocardia	75.954	3198	665	84	63211	66350	218	3369	0.0	1550	5313229
NODE_115_length_76840_cov_7.59776	gb_AP006618.1_+_4835199-4838688_ARO:3000501_Nocardia	75.954	3198	665	84	63211	66350	218	3369	0.0	1550	130472
NODE_115_length_76840_cov_7.59776	gb_AP006618.1_+_4835199-4838688_ARO:3000501_Nocardia	75.954	3198	665	84	63211	66350	218	3369	0.0	1550	3028764
NODE_115_length_76840_cov_7.59776	gb_AP006618.1_+_4835199-4838688_ARO:3000501_Nocardia	75.954	3198	665	84	63211	66350	218	3369	0.0	1550	6918665
NODE_115_length_76840_cov_7.59776	gb_AP006618.1_+_4835199-4838688_ARO:3000501_Nocardia	75.954	3198	665	84	63211	66350	218	3369	0.0	1550	43097
NODE_115_length_76840_cov_7.59776	gb_AP006618.1_+_4835199-4838688_ARO:3000501_Nocardia	75.954	3198	665	84	63211	66350	218	3369	0.0	1550	4447677
NODE_115_length_76840_cov_7.59776	gb_AP006618.1_+_4835199-4838688_ARO:3000501_Nocardia	75.954	3198	665	84	63211	66350	218	3369	0.0	1550	3919232
NODE_115_length_76840_cov_7.59776	gb_AP006618.1_+_4835199-4838688_ARO:3000501_Nocardia	75.954	3198	665	84	63211	66350	218	3369	0.0	1550	1746145
NODE_115_length_76840_cov_7.59776	gb_AP006618.1_+_4835199-4838688_ARO:3000501_Nocardia	75.954	3198	665	84	63211	66350	218	3369	0.0	1550	1746145
NODE_115_length_76840_cov_7.59776	gb_AP006618.1_+_4835199-4838688_ARO:3000501_Nocardia	75.954	3198	665	84	63211	66350	218	3369	0.0	1550	5313435
NODE_165_length_60110_cov_7.63582	gb_L36601_+_1420-3130_ARO:3003036_oleB	89.583	48	3	2	56896	56941	674	627	9.28e-08	60.2	393406
NODE_165_length_60110_cov_7.63582	gb_L36601_+_1420-3130_ARO:3003036_oleB	89.583	48	3	2	56896	56941	674	627	9.28e-08	60.2	212497
NODE_181_length_56635_cov_47.3817	gb_AY768532_+_0-1935_ARO:3000535_macB	77.982	109	22	2	50926	51033	534	427	5.23e-10	67.6	201031
NODE_181_length_56635_cov_47.3817	gb_AY768532_+_0-1935_ARO:3000535_macB	77.982	109	22	2	50926	51033	534	427	5.23e-10	67.6	201031
NODE_181_length_56635_cov_47.3817	gb_AY768532_+_0-1935_ARO:3000535_macB	77.982	109	22	2	50926	51033	534	427	5.23e-10	67.6	2338640
NODE_181_length_56635_cov_47.3817	gb_AY768532_+_0-1935_ARO:3000535_macB	77.982	109	22	2	50926	51033	534	427	5.23e-10	67.6	3026863
NODE_231_length_50203_cov_13.6154	gb_HM990671_+_5192-6671_ARO:3003112_lsaC	91.819	1479	121	0	47563	49041	1	1479	0.0	2061	4447079
NODE_231_length_50203_cov_13.6154	gb_HM990671_+_5192-6671_ARO:3003112_lsaC	91.819	1479	121	0	47563	49041	1	1479	0.0	2061	4447079
NODE_231_length_50203_cov_13.6154	gb_HM990671_+_5192-6671_ARO:3003112_lsaC	91.819	1479	121	0	47563	49041	1	1479	0.0	2061	5315174
NODE_231_length_50203_cov_13.6154	gb_HM990671_+_5192-6671_ARO:3003112_lsaC	91.819	1479	121	0	47563	49041	1	1479	0.0	2061	223445
NODE_231_length_50203_cov_13.6154	gb_HM990671_+_5192-6671_ARO:3003112_lsaC	91.819	1479	121	0	47563	49041	1	1479	0.0	2061	695554
NODE_240_length_49390_cov_7.17158	gb_AF235050.4_+_38028-40140_ARO:3003318_Streptomyces	72.039	2060	470	87	43886	45883	2066	51	3.77e-145	516	5093860
NODE_240_length_49390_cov_7.17158	gb_AF235050.4_+_38028-40140_ARO:3003318_Streptomyces	72.039	2060	470	87	43886	45883	2066	51	3.77e-145	516	132251
NODE_240_length_49390_cov_7.17158	gb_AF235050.4_+_38028-40140_ARO:3003318_Streptomyces	72.039	2060	470	87	43886	45883	2066	51	3.77e-145	516	927421
NODE_240_length_49390_cov_7.17158	gb_AF235050.4_+_38028-40140_ARO:3003318_Streptomyces	72.039	2060	470	87	43886	45883	2066	51	3.77e-145	516	4712342
NODE_240_length_49390_cov_7.17158	gb_AF235050.4_+_38028-40140_ARO:3003318_Streptomyces	72.039	2060	470	87	43886	45883	2066	51	3.77e-145	516	3027604
NODE_240_length_49390_cov_7.17158	gb_AF235050.4_+_38028-40140_ARO:3003318_Streptomyces	72.039	2060	470	87	43886	45883	2066	51	3.77e-145	516	519034
NODE_335_length_41550_cov_78.0584	gb_AJ007350.1_+_239-1094_ARO:3004359_ACI-1	100.000	855	0	0	37723	38577	1	855	0.0	1580	3017833
NODE_335_length_41550_cov_78.0584	gb_AJ007350.1_+_239-1094_ARO:3004359_ACI-1	100.000	855	0	0	37723	38577	1	855	0.0	1580	3017833
NODE_495_length_32681_cov_4.25786	gb_HM990671_+_5192-6671_ARO:3003112_lsaC	96.875	32	1	0	29369	29400	452	421	2.35e-06	54.7	1267772
NODE_495_length_32681_cov_4.25786	gb_HM990671_+_5192-6671_ARO:3003112_lsaC	96.875	32	1	0	29369	29400	452	421	2.35e-06	54.7	767081
NODE_495_length_32681_cov_4.25786	gb_HM990671_+_5192-6671_ARO:3003112_lsaC	96.875	32	1	0	29369	29400	452	421	2.35e-06	54.7	4447703
NODE_495_length_32681_cov_4.25786	gb_HM990671_+_5192-6671_ARO:3003112_lsaC	96.875	32	1	0	29369	29400	452	421	2.35e-06	54.7	893840
NODE_495_length_32681_cov_4.25786	gb_HM990671_+_5192-6671_ARO:3003112_lsaC	96.875	32	1	0	29369	29400	452	421	2.35e-06	54.7	4447703
NODE_495_length_32681_cov_4.25786	gb_HM990671_+_5192-6671_ARO:3003112_lsaC	96.875	32	1	0	29369	29400	452	421	2.35e-06	54.7	2571253
NODE_495_length_32681_cov_4.25786	gb_HM990671_+_5192-6671_ARO:3003112_lsaC	96.875	32	1	0	29369	29400	452	421	2.35e-06	54.7	394378
NODE_760_length_24973_cov_20.0865	gb_NC_003098.1_-_1359228-1360395_ARO:3000025_patB	83.175	1159	191	3	17939	19095	1	1157	0.0	1057	814804
NODE_760_length_24973_cov_20.0865	gb_NC_003098.1_-_1359228-1360395_ARO:3000025_patB	83.175	1159	191	3	17939	19095	1	1157	0.0	1057	1662338
NODE_760_length_24973_cov_20.0865	gb_NC_003098.1_-_1359228-1360395_ARO:3000025_patB	83.175	1159	191	3	17939	19095	1	1157	0.0	1057	336261
NODE_760_length_24973_cov_20.0865	gb_NC_003098.1_-_1359228-1360395_ARO:3000025_patB	83.175	1159	191	3	17939	19095	1	1157	0.0	1057	336261
NODE_942_length_22015_cov_26.0115	gb_AF235050.4_+_38028-40140_ARO:3003318_Streptomyces	79.052	401	80	4	14822	15220	49	447	4.02e-72	272	708195
NODE_942_length_22015_cov_26.0115	gb_AF235050.4_+_38028-40140_ARO:3003318_Streptomyces	79.052	401	80	4	14822	15220	49	447	4.02e-72	272	428546
NODE_942_length_22015_cov_26.0115	gb_AF235050.4_+_38028-40140_ARO:3003318_Streptomyces	79.052	401	80	4	14822	15220	49	447	4.02e-72	272	552457
NODE_942_length_22015_cov_26.0115	gb_AF235050.4_+_38028-40140_ARO:3003318_Streptomyces	79.052	401	80	4	14822	15220	49	447	4.02e-72	272	300036
NODE_942_length_22015_cov_26.0115	gb_AF235050.4_+_38028-40140_ARO:3003318_Streptomyces	79.052	401	80	4	14822	15220	49	447	4.02e-72	272	550748
NODE_942_length_22015_cov_26.0115	gb_AF235050.4_+_38028-40140_ARO:3003318_Streptomyces	79.052	401	80	4	14822	15220	49	447	4.02e-72	272	108475
NODE_942_length_22015_cov_26.0115	gb_AF235050.4_+_38028-40140_ARO:3003318_Streptomyces	79.052	401	80	4	14822	15220	49	447	4.02e-72	272	3016309
NODE_942_length_22015_cov_26.0115	gb_AF235050.4_+_38028-40140_ARO:3003318_Streptomyces	79.052	401	80	4	14822	15220	49	447	4.02e-72	272	645665
NODE_942_length_22015_cov_26.0115	gb_AF235050.4_+_38028-40140_ARO:3003318_Streptomyces	79.052	401	80	4	14822	15220	49	447	4.02e-72	272	519007
NODE_1223_length_18592_cov_33.738	gb_NC_003098_+_953382-954594_ARO:3000614_mefE	84.126	1178	174	11	12236	13407	31	1201	0.0	1127	5313982
NODE_1223_length_18592_cov_33.738	gb_NC_003098_+_953382-954594_ARO:3000614_mefE	84.126	1178	174	11	12236	13407	31	1201	0.0	1127	619952
NODE_1223_length_18592_cov_33.738	gb_NC_003098_+_953382-954594_ARO:3000614_mefE	84.126	1178	174	11	12236	13407	31	1201	0.0	1127	6800415
NODE_1223_length_18592_cov_33.738	gb_NC_003098_+_953382-954594_ARO:3000614_mefE	84.126	1178	174	11	12236	13407	31	1201	0.0	1127	107661
NODE_1223_length_18592_cov_33.738	gb_NC_003098_+_953382-954594_ARO:3000614_mefE	84.126	1178	174	11	12236	13407	31	1201	0.0	1127	938811
NODE_1261_length_18236_cov_81.5892	gb_AP006618.1_+_4835199-4838688_ARO:3000501_Nocardia	86.228	334	42	4	13643	13974	3299	2968	2.48e-98	359	3027820
NODE_1261_length_18236_cov_81.5892	gb_AP006618.1_+_4835199-4838688_ARO:3000501_Nocardia	86.228	334	42	4	13643	13974	3299	2968	2.48e-98	359	2285756
NODE_1261_length_18236_cov_81.5892	gb_AP006618.1_+_4835199-4838688_ARO:3000501_Nocardia	86.228	334	42	4	13643	13974	3299	2968	2.48e-98	359	2285756
NODE_1261_length_18236_cov_81.5892	gb_AP006618.1_+_4835199-4838688_ARO:3000501_Nocardia	86.228	334	42	4	13643	13974	3299	2968	2.48e-98	359	3027820
NODE_1261_length_18236_cov_81.5892	gb_AP006618.1_+_4835199-4838688_ARO:3000501_Nocardia	86.228	334	42	4	13643	13974	3299	2968	2.48e-98	359	471710
NODE_1261_length_18236_cov_81.5892	gb_AP006618.1_+_4835199-4838688_ARO:3000501_Nocardia	86.228	334	42	4	13643	13974	3299	2968	2.48e-98	359	471710
NODE_1261_length_18236_cov_81.5892	gb_AP006618.1_+_4835199-4838688_ARO:3000501_Nocardia	86.228	334	42	4	13643	13974	3299	2968	2.48e-98	359	5313302
NODE_1261_length_18236_cov_81.5892	gb_AP006618.1_+_4835199-4838688_ARO:3000501_Nocardia	86.228	334	42	4	13643	13974	3299	2968	2.48e-98	359	2281233
NODE_1261_length_18236_cov_81.5892	gb_AP006618.1_+_4835199-4838688_ARO:3000501_Nocardia	86.228	334	42	4	13643	13974	3299	2968	2.48e-98	359	981945
NODE_1261_length_18236_cov_81.5892	gb_AP006618.1_+_4835199-4838688_ARO:3000501_Nocardia	86.228	334	42	4	13643	13974	3299	2968	2.48e-98	359	3919511
NODE_1261_length_18236_cov_81.5892	gb_AP006618.1_+_4835199-4838688_ARO:3000501_Nocardia	86.228	334	42	4	13643	13974	3299	2968	2.48e-98	359	1367459
NODE_1261_length_18236_cov_81.5892	gb_AP006618.1_+_4835199-4838688_ARO:3000501_Nocardia	86.228	334	42	4	13643	13974	3299	2968	2.48e-98	359	89207
NODE_1261_length_18236_cov_81.5892	gb_AP006618.1_+_4835199-4838688_ARO:3000501_Nocardia	86.228	334	42	4	13643	13974	3299	2968	2.48e-98	359	80030
NODE_1261_length_18236_cov_81.5892	gb_AP006618.1_+_4835199-4838688_ARO:3000501_Nocardia	86.228	334	42	4	13643	13974	3299	2968	2.48e-98	359	524071
NODE_1261_length_18236_cov_81.5892	gb_AP006618.1_+_4835199-4838688_ARO:3000501_Nocardia	86.228	334	42	4	13643	13974	3299	2968	2.48e-98	359	83587
NODE_1261_length_18236_cov_81.5892	gb_AP006618.1_+_4835199-4838688_ARO:3000501_Nocardia	86.228	334	42	4	13643	13974	3299	2968	2.48e-98	359	5027614
NODE_1261_length_18236_cov_81.5892	gb_AP006618.1_+_4835199-4838688_ARO:3000501_Nocardia	86.228	334	42	4	13643	13974	3299	2968	2.48e-98	359	5314138
NODE_1310_length_17782_cov_43.7316	gb_NC_003098.1_-_1359228-1360395_ARO:3000025_patB	92.756	566	41	0	17217	17782	1161	596	0.0	819	3919715
NODE_1423_length_16949_cov_53.0456	gb_AF235050.4_+_38028-40140_ARO:3003318_Streptomyces	77.344	384	77	9	1053	1431	76	454	4.08e-56	219	165906
NODE_1423_length_16949_cov_53.0456	gb_AF235050.4_+_38028-40140_ARO:3003318_Streptomyces	77.344	384	77	9	1053	1431	76	454	4.08e-56	219	6172
NODE_1423_length_16949_cov_53.0456	gb_AF235050.4_+_38028-40140_ARO:3003318_Streptomyces	77.344	384	77	9	1053	1431	76	454	4.08e-56	219	3026857
NODE_1423_length_16949_cov_53.0456	gb_AF235050.4_+_38028-40140_ARO:3003318_Streptomyces	77.344	384	77	9	1053	1431	76	454	4.08e-56	219	247593
NODE_1423_length_16949_cov_53.0456	gb_AF235050.4_+_38028-40140_ARO:3003318_Streptomyces	77.344	384	77	9	1053	1431	76	454	4.08e-56	219	2082143
NODE_1423_length_16949_cov_53.0456	gb_AF235050.4_+_38028-40140_ARO:3003318_Streptomyces	77.344	384	77	9	1053	1431	76	454	4.08e-56	219	726115
NODE_1927_length_14030_cov_20.4799	gb_NC_003098.1_-_1359228-1360395_ARO:3000025_patB	83.348	1159	185	6	113	1267	1155	1	0.0	1064	1662338
NODE_1927_length_14030_cov_20.4799	gb_NC_003098.1_-_1359228-1360395_ARO:3000025_patB	83.348	1159	185	6	113	1267	1155	1	0.0	1064	307287
NODE_1927_length_14030_cov_20.4799	gb_NC_003098.1_-_1359228-1360395_ARO:3000025_patB	83.348	1159	185	6	113	1267	1155	1	0.0	1064	4447066
NODE_1927_length_14030_cov_20.4799	gb_NC_003098.1_-_1359228-1360395_ARO:3000025_patB	83.348	1159	185	6	113	1267	1155	1	0.0	1064	814804
NODE_1927_length_14030_cov_20.4799	gb_NC_003098.1_-_1359228-1360395_ARO:3000025_patB	83.348	1159	185	6	113	1267	1155	1	0.0	1064	2056841
NODE_2808_length_11174_cov_14.4619	gb_L06249_+_1527-2505_ARO:3003748_oleC	80.556	72	14	0	2871	2942	94	165	2.23e-07	56.5	83392
NODE_2808_length_11174_cov_14.4619	gb_L06249_+_1527-2505_ARO:3003748_oleC	80.556	72	14	0	2871	2942	94	165	2.23e-07	56.5	4448012
NODE_2808_length_11174_cov_14.4619	gb_L06249_+_1527-2505_ARO:3003748_oleC	80.556	72	14	0	2871	2942	94	165	2.23e-07	56.5	412262
NODE_2932_length_10890_cov_7.28537	gb_AP006618.1_+_4835199-4838688_ARO:3000501_Nocardia	75.815	2547	533	67	8393	10890	218	2730	0.0	1214	747068
NODE_2932_length_10890_cov_7.28537	gb_AP006618.1_+_4835199-4838688_ARO:3000501_Nocardia	75.815	2547	533	67	8393	10890	218	2730	0.0	1214	5316388
NODE_3642_length_9472_cov_15.6198	gb_CP007593.1_+_2148923-2149772_ARO:3001301_RlmA(II)	81.324	846	152	6	597	1439	1	843	0.0	682	64522
NODE_3642_length_9472_cov_15.6198	gb_CP007593.1_+_2148923-2149772_ARO:3001301_RlmA(II)	81.324	846	152	6	597	1439	1	843	0.0	682	519210
NODE_3642_length_9472_cov_15.6198	gb_CP007593.1_+_2148923-2149772_ARO:3001301_RlmA(II)	81.324	846	152	6	597	1439	1	843	0.0	682	66142
NODE_3642_length_9472_cov_15.6198	gb_CP007593.1_+_2148923-2149772_ARO:3001301_RlmA(II)	81.324	846	152	6	597	1439	1	843	0.0	682	54798
NODE_3642_length_9472_cov_15.6198	gb_CP007593.1_+_2148923-2149772_ARO:3001301_RlmA(II)	81.324	846	152	6	597	1439	1	843	0.0	682	2530748
NODE_3835_length_9178_cov_5.14315	gb_AY768532_+_0-1935_ARO:3000535_macB	81.449	1946	342	17	6764	8701	1935	1	0.0	1576	143830
NODE_3835_length_9178_cov_5.14315	gb_AY768532_+_0-1935_ARO:3000535_macB	81.449	1946	342	17	6764	8701	1935	1	0.0	1576	1747147
NODE_3924_length_9034_cov_70.4127	gb_CP007593.1_+_2148923-2149772_ARO:3001301_RlmA(II)	89.708	583	58	2	8451	9032	849	268	0.0	743	72271
NODE_3924_length_9034_cov_70.4127	gb_CP007593.1_+_2148923-2149772_ARO:3001301_RlmA(II)	89.708	583	58	2	8451	9032	849	268	0.0	743	83071
NODE_3924_length_9034_cov_70.4127	gb_CP007593.1_+_2148923-2149772_ARO:3001301_RlmA(II)	89.708	583	58	2	8451	9032	849	268	0.0	743	4447316
NODE_3924_length_9034_cov_70.4127	gb_CP007593.1_+_2148923-2149772_ARO:3001301_RlmA(II)	89.708	583	58	2	8451	9032	849	268	0.0	743	64522
NODE_4354_length_8505_cov_9.31077	gb_KX000272.1_+_0-1740_ARO:3004035_tetA(60)	89.195	1740	188	0	4636	6375	1740	1	0.0	2172	2570771
NODE_4354_length_8505_cov_9.31077	gb_KX000273.1_+_0-1740_ARO:3004036_tetB(60)	86.854	1742	225	3	2900	4639	1740	1	0.0	1945	2570771
NODE_4354_length_8505_cov_9.31077	gb_KX000272.1_+_0-1740_ARO:3004035_tetA(60)	89.195	1740	188	0	4636	6375	1740	1	0.0	2172	5072060
NODE_4354_length_8505_cov_9.31077	gb_KX000273.1_+_0-1740_ARO:3004036_tetB(60)	86.854	1742	225	3	2900	4639	1740	1	0.0	1945	5072060
NODE_4665_length_8137_cov_27.5267	gb_NC_003098.1_-_1359228-1360395_ARO:3000025_patB	92.888	1167	83	0	5592	6758	1	1167	0.0	1696	5314860
NODE_4665_length_8137_cov_27.5267	gb_NC_003098.1_-_1359228-1360395_ARO:3000025_patB	92.888	1167	83	0	5592	6758	1	1167	0.0	1696	547163
NODE_4665_length_8137_cov_27.5267	gb_NC_003098.1_-_1359228-1360395_ARO:3000025_patB	92.888	1167	83	0	5592	6758	1	1167	0.0	1696	307287
NODE_4665_length_8137_cov_27.5267	gb_NC_003098.1_-_1359228-1360395_ARO:3000025_patB	92.888	1167	83	0	5592	6758	1	1167	0.0	1696	1626147
NODE_4665_length_8137_cov_27.5267	gb_NC_003098.1_-_1359228-1360395_ARO:3000025_patB	92.888	1167	83	0	5592	6758	1	1167	0.0	1696	1854844
NODE_7483_length_6042_cov_124.321	gb_AP006618.1_+_4835199-4838688_ARO:3000501_Nocardia	86.228	334	42	4	3819	4150	3299	2968	8.21e-99	359	1869642
NODE_7483_length_6042_cov_124.321	gb_AP006618.1_+_4835199-4838688_ARO:3000501_Nocardia	86.228	334	42	4	3819	4150	3299	2968	8.21e-99	359	54250
NODE_7483_length_6042_cov_124.321	gb_AP006618.1_+_4835199-4838688_ARO:3000501_Nocardia	86.228	334	42	4	3819	4150	3299	2968	8.21e-99	359	291336
NODE_7483_length_6042_cov_124.321	gb_AP006618.1_+_4835199-4838688_ARO:3000501_Nocardia	86.228	334	42	4	3819	4150	3299	2968	8.21e-99	359	5150666
NODE_7483_length_6042_cov_124.321	gb_AP006618.1_+_4835199-4838688_ARO:3000501_Nocardia	86.228	334	42	4	3819	4150	3299	2968	8.21e-99	359	987400
NODE_7483_length_6042_cov_124.321	gb_AP006618.1_+_4835199-4838688_ARO:3000501_Nocardia	86.228	334	42	4	3819	4150	3299	2968	8.21e-99	359	5313177
NODE_7567_length_5996_cov_103.81	gb_AP006618.1_+_4835199-4838688_ARO:3000501_Nocardia	78.827	307	57	7	347	649	3335	3033	5.22e-51	200	48910
NODE_7719_length_5916_cov_6.78963	gb_HQ652506.1_+_373-2098_ARO:3004032_tetA(46)	94.493	1725	95	0	3634	5358	1725	1	0.0	2660	5314435
NODE_7719_length_5916_cov_6.78963	gb_HQ652506.1_+_2099-3836_ARO:3004033_tetB(46)	92.562	1721	128	0	1912	3632	1721	1	0.0	2470	5314435
NODE_7719_length_5916_cov_6.78963	gb_HQ652506.1_+_373-2098_ARO:3004032_tetA(46)	94.493	1725	95	0	3634	5358	1725	1	0.0	2660	3028179
NODE_7719_length_5916_cov_6.78963	gb_HQ652506.1_+_2099-3836_ARO:3004033_tetB(46)	92.562	1721	128	0	1912	3632	1721	1	0.0	2470	3028179
NODE_7719_length_5916_cov_6.78963	gb_HQ652506.1_+_373-2098_ARO:3004032_tetA(46)	94.493	1725	95	0	3634	5358	1725	1	0.0	2660	83990
NODE_7719_length_5916_cov_6.78963	gb_HQ652506.1_+_2099-3836_ARO:3004033_tetB(46)	92.562	1721	128	0	1912	3632	1721	1	0.0	2470	83990
NODE_10553_length_4784_cov_2.20765	gb_AP006618.1_+_4835199-4838688_ARO:3000501_Nocardia	77.543	806	154	20	1	800	2674	3458	1.73e-129	460	48849
NODE_10553_length_4784_cov_2.20765	gb_AP006618.1_+_4835199-4838688_ARO:3000501_Nocardia	77.543	806	154	20	1	800	2674	3458	1.73e-129	460	5123618
NODE_10825_length_4702_cov_28.3596	gb_DQ212986_+_2258-2966_ARO:3002926_vanRG	96.875	32	0	1	4380	4411	311	281	1.21e-06	52.8	3027300
NODE_11187_length_4585_cov_23.0682	gb_JQ231224_+_90-3192_ARO:3000510_mupB	97.222	36	1	0	349	384	587	552	1.96e-09	62.1	1552423
NODE_11703_length_4434_cov_46.3298	gb_AF235050.4_+_38028-40140_ARO:3003318_Streptomyces	74.462	1022	198	45	2902	3896	1028	43	3.57e-106	383	2950627
NODE_11703_length_4434_cov_46.3298	gb_AF235050.4_+_38028-40140_ARO:3003318_Streptomyces	74.462	1022	198	45	2902	3896	1028	43	3.57e-106	383	2911299
NODE_11703_length_4434_cov_46.3298	gb_AF235050.4_+_38028-40140_ARO:3003318_Streptomyces	74.462	1022	198	45	2902	3896	1028	43	3.57e-106	383	3016309
NODE_11703_length_4434_cov_46.3298	gb_AF235050.4_+_38028-40140_ARO:3003318_Streptomyces	74.462	1022	198	45	2902	3896	1028	43	3.57e-106	383	3027038
NODE_11703_length_4434_cov_46.3298	gb_AF235050.4_+_38028-40140_ARO:3003318_Streptomyces	74.462	1022	198	45	2902	3896	1028	43	3.57e-106	383	3027038
NODE_11703_length_4434_cov_46.3298	gb_AF235050.4_+_38028-40140_ARO:3003318_Streptomyces	74.462	1022	198	45	2902	3896	1028	43	3.57e-106	383	165906
NODE_11703_length_4434_cov_46.3298	gb_AF235050.4_+_38028-40140_ARO:3003318_Streptomyces	74.462	1022	198	45	2902	3896	1028	43	3.57e-106	383	3027206
NODE_11703_length_4434_cov_46.3298	gb_AF235050.4_+_38028-40140_ARO:3003318_Streptomyces	74.462	1022	198	45	2902	3896	1028	43	3.57e-106	383	108475
NODE_12242_length_4301_cov_31.6884	gb_M17124_+_1181-1982_ARO:3000498_ErmF	99.750	801	2	0	440	1240	801	1	0.0	1469	232959
NODE_12242_length_4301_cov_31.6884	gb_AF319779.2_+_32-833_ARO:3000604_Erm(35)	78.643	796	166	3	447	1240	794	1	5.44e-149	525	232959
NODE_12242_length_4301_cov_31.6884	gb_M17124_+_1181-1982_ARO:3000498_ErmF	99.750	801	2	0	440	1240	801	1	0.0	1469	3027271
NODE_12242_length_4301_cov_31.6884	gb_AF319779.2_+_32-833_ARO:3000604_Erm(35)	78.643	796	166	3	447	1240	794	1	5.44e-149	525	3027271
NODE_12707_length_4188_cov_8.82942	gb_M57437_+_0-1647_ARO:3002827_tlrC	100.000	30	0	0	3962	3991	1500	1471	8.36e-08	56.5	695260
NODE_13320_length_4061_cov_31.4883	gb_NC_014638.1_-_1610636-1613960_ARO:3003730_Bifidobacteria	77.173	863	157	26	1067	1900	2160	1309	3.16e-131	466	4447031
NODE_13320_length_4061_cov_31.4883	gb_NC_014638.1_-_1610636-1613960_ARO:3003730_Bifidobacteria	77.173	863	157	26	1067	1900	2160	1309	3.16e-131	466	4447031
NODE_14084_length_3901_cov_19.9368	gb_CP007593.1_+_2148923-2149772_ARO:3001301_RlmA(II)	85.579	846	116	6	906	1748	1	843	0.0	881	49554
NODE_14084_length_3901_cov_19.9368	gb_CP007593.1_+_2148923-2149772_ARO:3001301_RlmA(II)	85.579	846	116	6	906	1748	1	843	0.0	881	5314372
NODE_14084_length_3901_cov_19.9368	gb_CP007593.1_+_2148923-2149772_ARO:3001301_RlmA(II)	85.579	846	116	6	906	1748	1	843	0.0	881	5314824
NODE_14117_length_3895_cov_35.775	gb_NC_014638.1_-_1610636-1613960_ARO:3003730_Bifidobacteria	80.606	165	32	0	10	174	3067	3231	1.62e-29	128	1341038
NODE_14691_length_3782_cov_149.552	gb_AF235050.4_+_38028-40140_ARO:3003318_Streptomyces	83.824	68	5	4	1293	1357	1897	1961	5.83e-09	60.2	2285672
NODE_14691_length_3782_cov_149.552	gb_AF235050.4_+_38028-40140_ARO:3003318_Streptomyces	83.824	68	5	4	1293	1357	1897	1961	5.83e-09	60.2	3919035
NODE_14691_length_3782_cov_149.552	gb_AF235050.4_+_38028-40140_ARO:3003318_Streptomyces	83.824	68	5	4	1293	1357	1897	1961	5.83e-09	60.2	708280
NODE_14691_length_3782_cov_149.552	gb_AF235050.4_+_38028-40140_ARO:3003318_Streptomyces	83.824	68	5	4	1293	1357	1897	1961	5.83e-09	60.2	1118966
NODE_14691_length_3782_cov_149.552	gb_AF235050.4_+_38028-40140_ARO:3003318_Streptomyces	83.824	68	5	4	1293	1357	1897	1961	5.83e-09	60.2	295469
NODE_14691_length_3782_cov_149.552	gb_AF235050.4_+_38028-40140_ARO:3003318_Streptomyces	83.824	68	5	4	1293	1357	1897	1961	5.83e-09	60.2	295469
NODE_14691_length_3782_cov_149.552	gb_AF235050.4_+_38028-40140_ARO:3003318_Streptomyces	83.824	68	5	4	1293	1357	1897	1961	5.83e-09	60.2	295469
NODE_14691_length_3782_cov_149.552	gb_AF235050.4_+_38028-40140_ARO:3003318_Streptomyces	83.824	68	5	4	1293	1357	1897	1961	5.83e-09	60.2	5313469
NODE_14691_length_3782_cov_149.552	gb_AF235050.4_+_38028-40140_ARO:3003318_Streptomyces	83.824	68	5	4	1293	1357	1897	1961	5.83e-09	60.2	1763019
NODE_14691_length_3782_cov_149.552	gb_AF235050.4_+_38028-40140_ARO:3003318_Streptomyces	83.824	68	5	4	1293	1357	1897	1961	5.83e-09	60.2	647538
NODE_14771_length_3766_cov_10.7674	gb_AF235050.4_+_38028-40140_ARO:3003318_Streptomyces	77.389	314	55	11	3461	3766	76	381	7.15e-43	172	723863
NODE_15091_length_3705_cov_23.649	gb_M57437_+_0-1647_ARO:3002827_tlrC	93.182	44	1	2	968	1011	560	601	4.41e-10	63.9	1061518
NODE_15091_length_3705_cov_23.649	gb_M57437_+_0-1647_ARO:3002827_tlrC	93.182	44	1	2	968	1011	560	601	4.41e-10	63.9	154125
NODE_15091_length_3705_cov_23.649	gb_M57437_+_0-1647_ARO:3002827_tlrC	93.182	44	1	2	968	1011	560	601	4.41e-10	63.9	1848964
NODE_15091_length_3705_cov_23.649	gb_M57437_+_0-1647_ARO:3002827_tlrC	93.182	44	1	2	968	1011	560	601	4.41e-10	63.9	381296
NODE_15848_length_3578_cov_6.16094	gb_AP006618.1_+_4835199-4838688_ARO:3000501_Nocardia	73.664	2058	445	74	1569	3570	218	2234	0.0	708	3028529
NODE_18733_length_3155_cov_14.5158	gb_AF472622_+_52-1018_ARO:3003003_CfxA3	98.276	58	1	0	1	58	121	64	7.96e-22	102	846923
NODE_18733_length_3155_cov_14.5158	gb_AY769934_+_27-993_ARO:3003096_CfxA5	98.276	58	1	0	1	58	121	64	7.96e-22	102	846923
NODE_18733_length_3155_cov_14.5158	gb_U38243_+_149-1115_ARO:3003001_CfxA	98.276	58	1	0	1	58	121	64	7.96e-22	102	846923
NODE_18733_length_3155_cov_14.5158	gb_AY769933_+_0-966_ARO:3003005_CfxA4	98.276	58	1	0	1	58	121	64	7.96e-22	102	846923
NODE_18733_length_3155_cov_14.5158	gb_AF118110.1_-_71-1037_ARO:3003002_CfxA2	98.276	58	1	0	1	58	121	64	7.96e-22	102	846923
NODE_19776_length_3029_cov_48.847	gb_M57437_+_0-1647_ARO:3002827_tlrC	78.571	84	18	0	2776	2859	1500	1417	6.03e-08	56.5	194644
NODE_19776_length_3029_cov_48.847	gb_M57437_+_0-1647_ARO:3002827_tlrC	78.571	84	18	0	2776	2859	1500	1417	6.03e-08	56.5	121301
NODE_19776_length_3029_cov_48.847	gb_M57437_+_0-1647_ARO:3002827_tlrC	78.571	84	18	0	2776	2859	1500	1417	6.03e-08	56.5	3837121
NODE_19776_length_3029_cov_48.847	gb_M57437_+_0-1647_ARO:3002827_tlrC	78.571	84	18	0	2776	2859	1500	1417	6.03e-08	56.5	3815371
NODE_19776_length_3029_cov_48.847	gb_M57437_+_0-1647_ARO:3002827_tlrC	78.571	84	18	0	2776	2859	1500	1417	6.03e-08	56.5	2292676
NODE_22135_length_2764_cov_4.34478	gb_AB219524.1_+_1176-4338_ARO:3003699_mexQ	92.683	41	3	0	2236	2276	2812	2852	4.25e-09	60.2	266113
NODE_22135_length_2764_cov_4.34478	gb_NC_002516_+_2810008-2813197_ARO:3000804_MexF	97.059	34	1	0	2247	2280	2850	2883	1.53e-08	58.4	266113
NODE_22135_length_2764_cov_4.34478	gb_AJ252200_+_1278-4401_ARO:3003056_smeE	97.059	34	1	0	2247	2280	2823	2856	1.53e-08	58.4	266113
NODE_22746_length_2705_cov_1.96981	gb_X63451_+_0-1653_ARO:3002828_srmB	78.448	116	19	6	403	515	1577	1465	1.92e-12	71.3	245652
NODE_23755_length_2610_cov_158.493	gb_AP006618.1_+_4835199-4838688_ARO:3000501_Nocardia	73.216	2158	496	66	487	2609	218	2328	0.0	708	3439098
NODE_23755_length_2610_cov_158.493	gb_AP006618.1_+_4835199-4838688_ARO:3000501_Nocardia	73.216	2158	496	66	487	2609	218	2328	0.0	708	969859
NODE_23755_length_2610_cov_158.493	gb_AP006618.1_+_4835199-4838688_ARO:3000501_Nocardia	73.216	2158	496	66	487	2609	218	2328	0.0	708	309723
NODE_23755_length_2610_cov_158.493	gb_AP006618.1_+_4835199-4838688_ARO:3000501_Nocardia	73.216	2158	496	66	487	2609	218	2328	0.0	708	4615180
NODE_23755_length_2610_cov_158.493	gb_AP006618.1_+_4835199-4838688_ARO:3000501_Nocardia	73.216	2158	496	66	487	2609	218	2328	0.0	708	969859
NODE_26570_length_2384_cov_25.3109	gb_AF235050.4_+_38028-40140_ARO:3003318_Streptomyces	80.556	108	19	2	2278	2384	76	182	7.81e-16	82.4	5000323
NODE_27027_length_2352_cov_20.5381	gb_CP007593.1_+_2148923-2149772_ARO:3001301_RlmA(II)	84.142	845	130	4	844	1686	843	1	0.0	815	375540
NODE_27027_length_2352_cov_20.5381	gb_CP007593.1_+_2148923-2149772_ARO:3001301_RlmA(II)	84.142	845	130	4	844	1686	843	1	0.0	815	1361551
NODE_27027_length_2352_cov_20.5381	gb_CP007593.1_+_2148923-2149772_ARO:3001301_RlmA(II)	84.142	845	130	4	844	1686	843	1	0.0	815	1361551
NODE_29359_length_2199_cov_18.4753	gb_AP006618.1_+_4835199-4838688_ARO:3000501_Nocardia	85.185	297	42	2	1904	2199	3320	3025	1.41e-82	303	5315492
NODE_32120_length_2037_cov_31.9985	gb_CP007593.1_+_2148923-2149772_ARO:3001301_RlmA(II)	85.259	848	115	8	906	1748	1	843	0.0	865	194574
NODE_33227_length_1979_cov_16.394	gb_CP007593.1_+_2148923-2149772_ARO:3001301_RlmA(II)	84.397	846	126	6	233	1075	843	1	0.0	826	375540
NODE_35982_length_1850_cov_3.74485	gb_NC_003112.2_-_1791966-1795170_ARO:3000811_mtrD	83.945	1825	283	7	31	1850	3176	1357	0.0	1738	2037023
NODE_38461_length_1747_cov_9.51891	gb_CP007593.1_+_2148923-2149772_ARO:3001301_RlmA(II)	84.223	843	129	4	167	1007	1	841	0.0	817	5313222
NODE_39051_length_1724_cov_111.709	gb_AY928180_+_0-495_ARO:3002837_lnuC	99.192	495	4	0	82	576	495	1	0.0	893	5317000
NODE_39051_length_1724_cov_111.709	gb_AY928180_+_0-495_ARO:3002837_lnuC	99.192	495	4	0	82	576	495	1	0.0	893	1573967
NODE_50503_length_1371_cov_115.073	gb_AF235050.4_+_38028-40140_ARO:3003318_Streptomyces	79.620	368	54	17	476	833	85	441	5.39e-65	244	2570768
NODE_50503_length_1371_cov_115.073	gb_AF235050.4_+_38028-40140_ARO:3003318_Streptomyces	79.620	368	54	17	476	833	85	441	5.39e-65	244	1184037
NODE_50503_length_1371_cov_115.073	gb_AF235050.4_+_38028-40140_ARO:3003318_Streptomyces	79.620	368	54	17	476	833	85	441	5.39e-65	244	5000323
NODE_50503_length_1371_cov_115.073	gb_AF235050.4_+_38028-40140_ARO:3003318_Streptomyces	79.620	368	54	17	476	833	85	441	5.39e-65	244	3027555
NODE_50503_length_1371_cov_115.073	gb_AF235050.4_+_38028-40140_ARO:3003318_Streptomyces	79.620	368	54	17	476	833	85	441	5.39e-65	244	1118966
NODE_52560_length_1323_cov_16.0473	gb_AF472622_+_52-1018_ARO:3003003_CfxA3	100.000	121	0	0	1	121	121	1	6.77e-59	224	1741746
NODE_52560_length_1323_cov_16.0473	gb_AY769934_+_27-993_ARO:3003096_CfxA5	100.000	121	0	0	1	121	121	1	6.77e-59	224	1741746
NODE_52560_length_1323_cov_16.0473	gb_U38243_+_149-1115_ARO:3003001_CfxA	100.000	121	0	0	1	121	121	1	6.77e-59	224	1741746
NODE_52560_length_1323_cov_16.0473	gb_AY769933_+_0-966_ARO:3003005_CfxA4	100.000	121	0	0	1	121	121	1	6.77e-59	224	1741746
NODE_52560_length_1323_cov_16.0473	gb_AF118110.1_-_71-1037_ARO:3003002_CfxA2	100.000	121	0	0	1	121	121	1	6.77e-59	224	1741746
NODE_52914_length_1315_cov_16.181	gb_KX000272.1_+_0-1740_ARO:3004035_tetA(60)	93.515	293	19	0	1	293	293	1	7.94e-123	436	2570771
NODE_52914_length_1315_cov_16.181	gb_KX000272.1_+_0-1740_ARO:3004035_tetA(60)	93.515	293	19	0	1	293	293	1	7.94e-123	436	5072060
NODE_56568_length_1238_cov_54.5926	gb_NC_003098.1_+_866210-867410_ARO:3000822_pmrA	92.401	329	25	0	910	1238	1	329	7.36e-133	470	883752
NODE_93773_length_780_cov_171.066	gb_M57437_+_0-1647_ARO:3002827_tlrC	78.571	84	18	0	596	679	1417	1500	1.53e-08	56.5	231337
NODE_93773_length_780_cov_171.066	gb_M57437_+_0-1647_ARO:3002827_tlrC	78.571	84	18	0	596	679	1417	1500	1.53e-08	56.5	231337
NODE_93773_length_780_cov_171.066	gb_M57437_+_0-1647_ARO:3002827_tlrC	78.571	84	18	0	596	679	1417	1500	1.53e-08	56.5	120846
NODE_93773_length_780_cov_171.066	gb_M57437_+_0-1647_ARO:3002827_tlrC	78.571	84	18	0	596	679	1417	1500	1.53e-08	56.5	296899
NODE_93773_length_780_cov_171.066	gb_M57437_+_0-1647_ARO:3002827_tlrC	78.571	84	18	0	596	679	1417	1500	1.53e-08	56.5	245652
NODE_100724_length_729_cov_2.28635	gb_HM990671_+_5192-6671_ARO:3003112_lsaC	92.867	729	52	0	1	729	474	1202	0.0	1059	223445
NODE_111221_length_665_cov_4.11148	gb_U57969_+_1485-4617_ARO:3000801_MexD	76.163	172	37	3	282	451	2771	2940	4.59e-18	87.9	1747443
NODE_119232_length_624_cov_3.61863	gb_HQ652506.1_+_2099-3836_ARO:3004033_tetB(46)	97.500	40	1	0	1	40	1698	1737	1.56e-12	69.4	266193
NODE_126253_length_594_cov_190.052	gb_NC_014638.1_-_1610636-1613960_ARO:3003730_Bifidobacteria	75.382	589	119	15	28	594	1302	1886	2.27e-70	261	14764
NODE_149742_length_509_cov_1.98238	gb_HQ652506.1_+_2099-3836_ARO:3004033_tetB(46)	84.843	508	75	2	3	509	929	1435	1.74e-145	510	3028179
NODE_165080_length_464_cov_1.1956	gb_X63451_+_0-1653_ARO:3002828_srmB	97.059	34	1	0	217	250	1499	1466	2.48e-09	58.4	5313871
NODE_217316_length_337_cov_1.94681	gb_CP007593.1_+_2148923-2149772_ARO:3001301_RlmA(II)	91.420	338	27	2	1	337	504	840	3.22e-131	462	1361551
NODE_316914_length_225_cov_3.21176	gb_CP007593.1_+_2148923-2149772_ARO:3001301_RlmA(II)	90.308	227	18	4	1	225	464	688	8.03e-81	294	5313222
