NODE_33_length_110215_cov_16.5271	gb_AF294653_+_2749-4009_ARO:3002696_cmlA6	99.921	1260	1	0	30300	31559	1260	1	0.0	2322	2613180
NODE_33_length_110215_cov_16.5271	gb_AY115475_+_3337-4597_ARO:3002695_cmlA5	99.841	1260	2	0	30300	31559	1260	1	0.0	2316	2613180
NODE_33_length_110215_cov_16.5271	gb_AF458080_+_1504-2764_ARO:3002693_cmlA1	99.127	1260	11	0	30300	31559	1260	1	0.0	2266	2613180
NODE_33_length_110215_cov_16.5271	gb_AF156486_+_3648-4908_ARO:3002694_cmlA4	98.095	1260	24	0	30300	31559	1260	1	0.0	2194	2613180
NODE_33_length_110215_cov_16.5271	gb_AJ487033_+_1685-2858_ARO:3002691_Salmonella	99.744	1173	3	0	30300	31472	1173	1	0.0	2150	2613180
NODE_33_length_110215_cov_16.5271	gb_AF133139_+_0-1176_ARO:3000174_tet(G)	92.772	1176	85	0	24397	25572	1176	1	0.0	1701	2613180
NODE_33_length_110215_cov_16.5271	gb_NC_004998.1_-_80976-81768_ARO:3002601_aadA	99.747	792	2	0	29416	30207	792	1	0.0	1452	2613180
NODE_33_length_110215_cov_16.5271	gb_DQ677333_+_0-780_ARO:3002621_aadA24	98.834	772	9	0	29416	30187	780	9	0.0	1376	2613180
NODE_33_length_110215_cov_16.5271	gb_AF231986_+_3307-4522_ARO:3002705_floR	86.842	1216	156	3	26510	27723	1214	1	0.0	1356	2613180
NODE_33_length_110215_cov_16.5271	gb_AM261837_+_73-865_ARO:3002619_aadA22	97.222	792	22	0	29416	30207	792	1	0.0	1341	2613180
NODE_33_length_110215_cov_16.5271	gb_AY171244_+_46-838_ARO:3002618_aadA21	97.096	792	23	0	29416	30207	792	1	0.0	1336	2613180
NODE_33_length_110215_cov_16.5271	gb_AJ809407_+_118-898_ARO:3002620_aadA23	97.668	772	18	0	29416	30187	780	9	0.0	1327	2613180
NODE_33_length_110215_cov_16.5271	gb_DQ393783_+_1799-2591_ARO:3002615_aadA15	96.709	790	26	0	29418	30207	790	1	0.0	1315	2613180
NODE_33_length_110215_cov_16.5271	gb_FJ381668_+_56-848_ARO:3002612_aadA12	94.557	790	43	0	29418	30207	790	1	0.0	1221	2613180
NODE_33_length_110215_cov_16.5271	gb_D37826_+_1070-2195_ARO:3002812_pp-flo	85.841	1130	151	7	26597	27723	1124	1	0.0	1192	2613180
NODE_33_length_110215_cov_16.5271	gb_AF034958_+_0-1230_ARO:3002698_cmlB	84.262	1220	186	6	30343	31559	1217	1	0.0	1184	2613180
NODE_33_length_110215_cov_16.5271	gb_CP003022_+_336788-337580_ARO:3003197_aadA25	93.561	792	51	0	29416	30207	792	1	0.0	1181	2613180
NODE_33_length_110215_cov_16.5271	gb_FJ460181_+_1790-2582_ARO:3002617_aadA17	93.544	790	51	0	29418	30207	790	1	0.0	1177	2613180
NODE_33_length_110215_cov_16.5271	gb_AY139603_+_106-898_ARO:3002608_aadA8	92.551	792	59	0	29416	30207	792	1	0.0	1136	2613180
NODE_33_length_110215_cov_16.5271	gb_AF047479_+_1295-2087_ARO:3002603_aadA3	90.657	792	74	0	29416	30207	792	1	0.0	1053	2613180
NODE_33_length_110215_cov_16.5271	gb_NG_036525_+_633-1431_ARO:3002613_aadA13	89.612	799	82	1	29409	30207	798	1	0.0	1014	2613180
NODE_33_length_110215_cov_16.5271	gb_AF156486_+_5012-5792_ARO:3002602_aadA2	89.870	770	78	0	29418	30187	778	9	0.0	990	2613180
NODE_33_length_110215_cov_16.5271	gb_JF969163_+_1053-1893_ARO:3000410_sul1	100.000	529	0	0	28383	28911	529	1	0.0	977	2613180
NODE_33_length_110215_cov_16.5271	gb_NC_002516.2_-_2850882-2854014_ARO:3004074_MuxB	72.308	3120	718	120	92876	95928	1	3041	0.0	841	2613180
NODE_33_length_110215_cov_16.5271	gb_AM087411_+_1611-2457_ARO:3002606_aadA6	78.841	794	159	7	29369	30154	846	54	3.88e-148	527	2613180
NODE_33_length_110215_cov_16.5271	gb_Y11946.1_+_0-980_ARO:3002578_AAC(6')-Ib7	99.203	251	2	0	32296	32546	251	1	6.68e-126	453	2613180
NODE_33_length_110215_cov_16.5271	gb_L06157_+_554-1085_ARO:3002530_AAC(3)-Ib	100.000	59	0	0	32301	32359	59	1	1.67e-22	110	2613180
NODE_33_length_110215_cov_16.5271	gb_DQ390458_-_3095-3995_ARO:3002609_aadA9	100.000	58	0	0	32302	32359	58	1	5.99e-22	108	2613180
NODE_33_length_110215_cov_16.5271	gb_AF294653_+_2749-4009_ARO:3002696_cmlA6	99.921	1260	1	0	30300	31559	1260	1	0.0	2322	389936
NODE_33_length_110215_cov_16.5271	gb_AY115475_+_3337-4597_ARO:3002695_cmlA5	99.841	1260	2	0	30300	31559	1260	1	0.0	2316	389936
NODE_33_length_110215_cov_16.5271	gb_AF458080_+_1504-2764_ARO:3002693_cmlA1	99.127	1260	11	0	30300	31559	1260	1	0.0	2266	389936
NODE_33_length_110215_cov_16.5271	gb_AF156486_+_3648-4908_ARO:3002694_cmlA4	98.095	1260	24	0	30300	31559	1260	1	0.0	2194	389936
NODE_33_length_110215_cov_16.5271	gb_AJ487033_+_1685-2858_ARO:3002691_Salmonella	99.744	1173	3	0	30300	31472	1173	1	0.0	2150	389936
NODE_33_length_110215_cov_16.5271	gb_AF133139_+_0-1176_ARO:3000174_tet(G)	92.772	1176	85	0	24397	25572	1176	1	0.0	1701	389936
NODE_33_length_110215_cov_16.5271	gb_NC_004998.1_-_80976-81768_ARO:3002601_aadA	99.747	792	2	0	29416	30207	792	1	0.0	1452	389936
NODE_33_length_110215_cov_16.5271	gb_DQ677333_+_0-780_ARO:3002621_aadA24	98.834	772	9	0	29416	30187	780	9	0.0	1376	389936
NODE_33_length_110215_cov_16.5271	gb_AF231986_+_3307-4522_ARO:3002705_floR	86.842	1216	156	3	26510	27723	1214	1	0.0	1356	389936
NODE_33_length_110215_cov_16.5271	gb_AM261837_+_73-865_ARO:3002619_aadA22	97.222	792	22	0	29416	30207	792	1	0.0	1341	389936
NODE_33_length_110215_cov_16.5271	gb_AY171244_+_46-838_ARO:3002618_aadA21	97.096	792	23	0	29416	30207	792	1	0.0	1336	389936
NODE_33_length_110215_cov_16.5271	gb_AJ809407_+_118-898_ARO:3002620_aadA23	97.668	772	18	0	29416	30187	780	9	0.0	1327	389936
NODE_33_length_110215_cov_16.5271	gb_DQ393783_+_1799-2591_ARO:3002615_aadA15	96.709	790	26	0	29418	30207	790	1	0.0	1315	389936
NODE_33_length_110215_cov_16.5271	gb_FJ381668_+_56-848_ARO:3002612_aadA12	94.557	790	43	0	29418	30207	790	1	0.0	1221	389936
NODE_33_length_110215_cov_16.5271	gb_D37826_+_1070-2195_ARO:3002812_pp-flo	85.841	1130	151	7	26597	27723	1124	1	0.0	1192	389936
NODE_33_length_110215_cov_16.5271	gb_AF034958_+_0-1230_ARO:3002698_cmlB	84.262	1220	186	6	30343	31559	1217	1	0.0	1184	389936
NODE_33_length_110215_cov_16.5271	gb_CP003022_+_336788-337580_ARO:3003197_aadA25	93.561	792	51	0	29416	30207	792	1	0.0	1181	389936
NODE_33_length_110215_cov_16.5271	gb_FJ460181_+_1790-2582_ARO:3002617_aadA17	93.544	790	51	0	29418	30207	790	1	0.0	1177	389936
NODE_33_length_110215_cov_16.5271	gb_AY139603_+_106-898_ARO:3002608_aadA8	92.551	792	59	0	29416	30207	792	1	0.0	1136	389936
NODE_33_length_110215_cov_16.5271	gb_AF047479_+_1295-2087_ARO:3002603_aadA3	90.657	792	74	0	29416	30207	792	1	0.0	1053	389936
NODE_33_length_110215_cov_16.5271	gb_NG_036525_+_633-1431_ARO:3002613_aadA13	89.612	799	82	1	29409	30207	798	1	0.0	1014	389936
NODE_33_length_110215_cov_16.5271	gb_AF156486_+_5012-5792_ARO:3002602_aadA2	89.870	770	78	0	29418	30187	778	9	0.0	990	389936
NODE_33_length_110215_cov_16.5271	gb_JF969163_+_1053-1893_ARO:3000410_sul1	100.000	529	0	0	28383	28911	529	1	0.0	977	389936
NODE_33_length_110215_cov_16.5271	gb_NC_002516.2_-_2850882-2854014_ARO:3004074_MuxB	72.308	3120	718	120	92876	95928	1	3041	0.0	841	389936
NODE_33_length_110215_cov_16.5271	gb_AM087411_+_1611-2457_ARO:3002606_aadA6	78.841	794	159	7	29369	30154	846	54	3.88e-148	527	389936
NODE_33_length_110215_cov_16.5271	gb_Y11946.1_+_0-980_ARO:3002578_AAC(6')-Ib7	99.203	251	2	0	32296	32546	251	1	6.68e-126	453	389936
NODE_33_length_110215_cov_16.5271	gb_L06157_+_554-1085_ARO:3002530_AAC(3)-Ib	100.000	59	0	0	32301	32359	59	1	1.67e-22	110	389936
NODE_33_length_110215_cov_16.5271	gb_DQ390458_-_3095-3995_ARO:3002609_aadA9	100.000	58	0	0	32302	32359	58	1	5.99e-22	108	389936
NODE_33_length_110215_cov_16.5271	gb_AF294653_+_2749-4009_ARO:3002696_cmlA6	99.921	1260	1	0	30300	31559	1260	1	0.0	2322	389936
NODE_33_length_110215_cov_16.5271	gb_AY115475_+_3337-4597_ARO:3002695_cmlA5	99.841	1260	2	0	30300	31559	1260	1	0.0	2316	389936
NODE_33_length_110215_cov_16.5271	gb_AF458080_+_1504-2764_ARO:3002693_cmlA1	99.127	1260	11	0	30300	31559	1260	1	0.0	2266	389936
NODE_33_length_110215_cov_16.5271	gb_AF156486_+_3648-4908_ARO:3002694_cmlA4	98.095	1260	24	0	30300	31559	1260	1	0.0	2194	389936
NODE_33_length_110215_cov_16.5271	gb_AJ487033_+_1685-2858_ARO:3002691_Salmonella	99.744	1173	3	0	30300	31472	1173	1	0.0	2150	389936
NODE_33_length_110215_cov_16.5271	gb_AF133139_+_0-1176_ARO:3000174_tet(G)	92.772	1176	85	0	24397	25572	1176	1	0.0	1701	389936
NODE_33_length_110215_cov_16.5271	gb_NC_004998.1_-_80976-81768_ARO:3002601_aadA	99.747	792	2	0	29416	30207	792	1	0.0	1452	389936
NODE_33_length_110215_cov_16.5271	gb_DQ677333_+_0-780_ARO:3002621_aadA24	98.834	772	9	0	29416	30187	780	9	0.0	1376	389936
NODE_33_length_110215_cov_16.5271	gb_AF231986_+_3307-4522_ARO:3002705_floR	86.842	1216	156	3	26510	27723	1214	1	0.0	1356	389936
NODE_33_length_110215_cov_16.5271	gb_AM261837_+_73-865_ARO:3002619_aadA22	97.222	792	22	0	29416	30207	792	1	0.0	1341	389936
NODE_33_length_110215_cov_16.5271	gb_AY171244_+_46-838_ARO:3002618_aadA21	97.096	792	23	0	29416	30207	792	1	0.0	1336	389936
NODE_33_length_110215_cov_16.5271	gb_AJ809407_+_118-898_ARO:3002620_aadA23	97.668	772	18	0	29416	30187	780	9	0.0	1327	389936
NODE_33_length_110215_cov_16.5271	gb_DQ393783_+_1799-2591_ARO:3002615_aadA15	96.709	790	26	0	29418	30207	790	1	0.0	1315	389936
NODE_33_length_110215_cov_16.5271	gb_FJ381668_+_56-848_ARO:3002612_aadA12	94.557	790	43	0	29418	30207	790	1	0.0	1221	389936
NODE_33_length_110215_cov_16.5271	gb_D37826_+_1070-2195_ARO:3002812_pp-flo	85.841	1130	151	7	26597	27723	1124	1	0.0	1192	389936
NODE_33_length_110215_cov_16.5271	gb_AF034958_+_0-1230_ARO:3002698_cmlB	84.262	1220	186	6	30343	31559	1217	1	0.0	1184	389936
NODE_33_length_110215_cov_16.5271	gb_CP003022_+_336788-337580_ARO:3003197_aadA25	93.561	792	51	0	29416	30207	792	1	0.0	1181	389936
NODE_33_length_110215_cov_16.5271	gb_FJ460181_+_1790-2582_ARO:3002617_aadA17	93.544	790	51	0	29418	30207	790	1	0.0	1177	389936
NODE_33_length_110215_cov_16.5271	gb_AY139603_+_106-898_ARO:3002608_aadA8	92.551	792	59	0	29416	30207	792	1	0.0	1136	389936
NODE_33_length_110215_cov_16.5271	gb_AF047479_+_1295-2087_ARO:3002603_aadA3	90.657	792	74	0	29416	30207	792	1	0.0	1053	389936
NODE_33_length_110215_cov_16.5271	gb_NG_036525_+_633-1431_ARO:3002613_aadA13	89.612	799	82	1	29409	30207	798	1	0.0	1014	389936
NODE_33_length_110215_cov_16.5271	gb_AF156486_+_5012-5792_ARO:3002602_aadA2	89.870	770	78	0	29418	30187	778	9	0.0	990	389936
NODE_33_length_110215_cov_16.5271	gb_JF969163_+_1053-1893_ARO:3000410_sul1	100.000	529	0	0	28383	28911	529	1	0.0	977	389936
NODE_33_length_110215_cov_16.5271	gb_NC_002516.2_-_2850882-2854014_ARO:3004074_MuxB	72.308	3120	718	120	92876	95928	1	3041	0.0	841	389936
NODE_33_length_110215_cov_16.5271	gb_AM087411_+_1611-2457_ARO:3002606_aadA6	78.841	794	159	7	29369	30154	846	54	3.88e-148	527	389936
NODE_33_length_110215_cov_16.5271	gb_Y11946.1_+_0-980_ARO:3002578_AAC(6')-Ib7	99.203	251	2	0	32296	32546	251	1	6.68e-126	453	389936
NODE_33_length_110215_cov_16.5271	gb_L06157_+_554-1085_ARO:3002530_AAC(3)-Ib	100.000	59	0	0	32301	32359	59	1	1.67e-22	110	389936
NODE_33_length_110215_cov_16.5271	gb_DQ390458_-_3095-3995_ARO:3002609_aadA9	100.000	58	0	0	32302	32359	58	1	5.99e-22	108	389936
NODE_33_length_110215_cov_16.5271	gb_AF294653_+_2749-4009_ARO:3002696_cmlA6	99.921	1260	1	0	30300	31559	1260	1	0.0	2322	384915
NODE_33_length_110215_cov_16.5271	gb_AY115475_+_3337-4597_ARO:3002695_cmlA5	99.841	1260	2	0	30300	31559	1260	1	0.0	2316	384915
NODE_33_length_110215_cov_16.5271	gb_AF458080_+_1504-2764_ARO:3002693_cmlA1	99.127	1260	11	0	30300	31559	1260	1	0.0	2266	384915
NODE_33_length_110215_cov_16.5271	gb_AF156486_+_3648-4908_ARO:3002694_cmlA4	98.095	1260	24	0	30300	31559	1260	1	0.0	2194	384915
NODE_33_length_110215_cov_16.5271	gb_AJ487033_+_1685-2858_ARO:3002691_Salmonella	99.744	1173	3	0	30300	31472	1173	1	0.0	2150	384915
NODE_33_length_110215_cov_16.5271	gb_AF133139_+_0-1176_ARO:3000174_tet(G)	92.772	1176	85	0	24397	25572	1176	1	0.0	1701	384915
NODE_33_length_110215_cov_16.5271	gb_NC_004998.1_-_80976-81768_ARO:3002601_aadA	99.747	792	2	0	29416	30207	792	1	0.0	1452	384915
NODE_33_length_110215_cov_16.5271	gb_DQ677333_+_0-780_ARO:3002621_aadA24	98.834	772	9	0	29416	30187	780	9	0.0	1376	384915
NODE_33_length_110215_cov_16.5271	gb_AF231986_+_3307-4522_ARO:3002705_floR	86.842	1216	156	3	26510	27723	1214	1	0.0	1356	384915
NODE_33_length_110215_cov_16.5271	gb_AM261837_+_73-865_ARO:3002619_aadA22	97.222	792	22	0	29416	30207	792	1	0.0	1341	384915
NODE_33_length_110215_cov_16.5271	gb_AY171244_+_46-838_ARO:3002618_aadA21	97.096	792	23	0	29416	30207	792	1	0.0	1336	384915
NODE_33_length_110215_cov_16.5271	gb_AJ809407_+_118-898_ARO:3002620_aadA23	97.668	772	18	0	29416	30187	780	9	0.0	1327	384915
NODE_33_length_110215_cov_16.5271	gb_DQ393783_+_1799-2591_ARO:3002615_aadA15	96.709	790	26	0	29418	30207	790	1	0.0	1315	384915
NODE_33_length_110215_cov_16.5271	gb_FJ381668_+_56-848_ARO:3002612_aadA12	94.557	790	43	0	29418	30207	790	1	0.0	1221	384915
NODE_33_length_110215_cov_16.5271	gb_D37826_+_1070-2195_ARO:3002812_pp-flo	85.841	1130	151	7	26597	27723	1124	1	0.0	1192	384915
NODE_33_length_110215_cov_16.5271	gb_AF034958_+_0-1230_ARO:3002698_cmlB	84.262	1220	186	6	30343	31559	1217	1	0.0	1184	384915
NODE_33_length_110215_cov_16.5271	gb_CP003022_+_336788-337580_ARO:3003197_aadA25	93.561	792	51	0	29416	30207	792	1	0.0	1181	384915
NODE_33_length_110215_cov_16.5271	gb_FJ460181_+_1790-2582_ARO:3002617_aadA17	93.544	790	51	0	29418	30207	790	1	0.0	1177	384915
NODE_33_length_110215_cov_16.5271	gb_AY139603_+_106-898_ARO:3002608_aadA8	92.551	792	59	0	29416	30207	792	1	0.0	1136	384915
NODE_33_length_110215_cov_16.5271	gb_AF047479_+_1295-2087_ARO:3002603_aadA3	90.657	792	74	0	29416	30207	792	1	0.0	1053	384915
NODE_33_length_110215_cov_16.5271	gb_NG_036525_+_633-1431_ARO:3002613_aadA13	89.612	799	82	1	29409	30207	798	1	0.0	1014	384915
NODE_33_length_110215_cov_16.5271	gb_AF156486_+_5012-5792_ARO:3002602_aadA2	89.870	770	78	0	29418	30187	778	9	0.0	990	384915
NODE_33_length_110215_cov_16.5271	gb_JF969163_+_1053-1893_ARO:3000410_sul1	100.000	529	0	0	28383	28911	529	1	0.0	977	384915
NODE_33_length_110215_cov_16.5271	gb_NC_002516.2_-_2850882-2854014_ARO:3004074_MuxB	72.308	3120	718	120	92876	95928	1	3041	0.0	841	384915
NODE_33_length_110215_cov_16.5271	gb_AM087411_+_1611-2457_ARO:3002606_aadA6	78.841	794	159	7	29369	30154	846	54	3.88e-148	527	384915
NODE_33_length_110215_cov_16.5271	gb_Y11946.1_+_0-980_ARO:3002578_AAC(6')-Ib7	99.203	251	2	0	32296	32546	251	1	6.68e-126	453	384915
NODE_33_length_110215_cov_16.5271	gb_L06157_+_554-1085_ARO:3002530_AAC(3)-Ib	100.000	59	0	0	32301	32359	59	1	1.67e-22	110	384915
NODE_33_length_110215_cov_16.5271	gb_DQ390458_-_3095-3995_ARO:3002609_aadA9	100.000	58	0	0	32302	32359	58	1	5.99e-22	108	384915
NODE_33_length_110215_cov_16.5271	gb_AF294653_+_2749-4009_ARO:3002696_cmlA6	99.921	1260	1	0	30300	31559	1260	1	0.0	2322	3455308
NODE_33_length_110215_cov_16.5271	gb_AY115475_+_3337-4597_ARO:3002695_cmlA5	99.841	1260	2	0	30300	31559	1260	1	0.0	2316	3455308
NODE_33_length_110215_cov_16.5271	gb_AF458080_+_1504-2764_ARO:3002693_cmlA1	99.127	1260	11	0	30300	31559	1260	1	0.0	2266	3455308
NODE_33_length_110215_cov_16.5271	gb_AF156486_+_3648-4908_ARO:3002694_cmlA4	98.095	1260	24	0	30300	31559	1260	1	0.0	2194	3455308
NODE_33_length_110215_cov_16.5271	gb_AJ487033_+_1685-2858_ARO:3002691_Salmonella	99.744	1173	3	0	30300	31472	1173	1	0.0	2150	3455308
NODE_33_length_110215_cov_16.5271	gb_AF133139_+_0-1176_ARO:3000174_tet(G)	92.772	1176	85	0	24397	25572	1176	1	0.0	1701	3455308
NODE_33_length_110215_cov_16.5271	gb_NC_004998.1_-_80976-81768_ARO:3002601_aadA	99.747	792	2	0	29416	30207	792	1	0.0	1452	3455308
NODE_33_length_110215_cov_16.5271	gb_DQ677333_+_0-780_ARO:3002621_aadA24	98.834	772	9	0	29416	30187	780	9	0.0	1376	3455308
NODE_33_length_110215_cov_16.5271	gb_AF231986_+_3307-4522_ARO:3002705_floR	86.842	1216	156	3	26510	27723	1214	1	0.0	1356	3455308
NODE_33_length_110215_cov_16.5271	gb_AM261837_+_73-865_ARO:3002619_aadA22	97.222	792	22	0	29416	30207	792	1	0.0	1341	3455308
NODE_33_length_110215_cov_16.5271	gb_AY171244_+_46-838_ARO:3002618_aadA21	97.096	792	23	0	29416	30207	792	1	0.0	1336	3455308
NODE_33_length_110215_cov_16.5271	gb_AJ809407_+_118-898_ARO:3002620_aadA23	97.668	772	18	0	29416	30187	780	9	0.0	1327	3455308
NODE_33_length_110215_cov_16.5271	gb_DQ393783_+_1799-2591_ARO:3002615_aadA15	96.709	790	26	0	29418	30207	790	1	0.0	1315	3455308
NODE_33_length_110215_cov_16.5271	gb_FJ381668_+_56-848_ARO:3002612_aadA12	94.557	790	43	0	29418	30207	790	1	0.0	1221	3455308
NODE_33_length_110215_cov_16.5271	gb_D37826_+_1070-2195_ARO:3002812_pp-flo	85.841	1130	151	7	26597	27723	1124	1	0.0	1192	3455308
NODE_33_length_110215_cov_16.5271	gb_AF034958_+_0-1230_ARO:3002698_cmlB	84.262	1220	186	6	30343	31559	1217	1	0.0	1184	3455308
NODE_33_length_110215_cov_16.5271	gb_CP003022_+_336788-337580_ARO:3003197_aadA25	93.561	792	51	0	29416	30207	792	1	0.0	1181	3455308
NODE_33_length_110215_cov_16.5271	gb_FJ460181_+_1790-2582_ARO:3002617_aadA17	93.544	790	51	0	29418	30207	790	1	0.0	1177	3455308
NODE_33_length_110215_cov_16.5271	gb_AY139603_+_106-898_ARO:3002608_aadA8	92.551	792	59	0	29416	30207	792	1	0.0	1136	3455308
NODE_33_length_110215_cov_16.5271	gb_AF047479_+_1295-2087_ARO:3002603_aadA3	90.657	792	74	0	29416	30207	792	1	0.0	1053	3455308
NODE_33_length_110215_cov_16.5271	gb_NG_036525_+_633-1431_ARO:3002613_aadA13	89.612	799	82	1	29409	30207	798	1	0.0	1014	3455308
NODE_33_length_110215_cov_16.5271	gb_AF156486_+_5012-5792_ARO:3002602_aadA2	89.870	770	78	0	29418	30187	778	9	0.0	990	3455308
NODE_33_length_110215_cov_16.5271	gb_JF969163_+_1053-1893_ARO:3000410_sul1	100.000	529	0	0	28383	28911	529	1	0.0	977	3455308
NODE_33_length_110215_cov_16.5271	gb_NC_002516.2_-_2850882-2854014_ARO:3004074_MuxB	72.308	3120	718	120	92876	95928	1	3041	0.0	841	3455308
NODE_33_length_110215_cov_16.5271	gb_AM087411_+_1611-2457_ARO:3002606_aadA6	78.841	794	159	7	29369	30154	846	54	3.88e-148	527	3455308
NODE_33_length_110215_cov_16.5271	gb_Y11946.1_+_0-980_ARO:3002578_AAC(6')-Ib7	99.203	251	2	0	32296	32546	251	1	6.68e-126	453	3455308
NODE_33_length_110215_cov_16.5271	gb_L06157_+_554-1085_ARO:3002530_AAC(3)-Ib	100.000	59	0	0	32301	32359	59	1	1.67e-22	110	3455308
NODE_33_length_110215_cov_16.5271	gb_DQ390458_-_3095-3995_ARO:3002609_aadA9	100.000	58	0	0	32302	32359	58	1	5.99e-22	108	3455308
NODE_33_length_110215_cov_16.5271	gb_AF294653_+_2749-4009_ARO:3002696_cmlA6	99.921	1260	1	0	30300	31559	1260	1	0.0	2322	2612912
NODE_33_length_110215_cov_16.5271	gb_AY115475_+_3337-4597_ARO:3002695_cmlA5	99.841	1260	2	0	30300	31559	1260	1	0.0	2316	2612912
NODE_33_length_110215_cov_16.5271	gb_AF458080_+_1504-2764_ARO:3002693_cmlA1	99.127	1260	11	0	30300	31559	1260	1	0.0	2266	2612912
NODE_33_length_110215_cov_16.5271	gb_AF156486_+_3648-4908_ARO:3002694_cmlA4	98.095	1260	24	0	30300	31559	1260	1	0.0	2194	2612912
NODE_33_length_110215_cov_16.5271	gb_AJ487033_+_1685-2858_ARO:3002691_Salmonella	99.744	1173	3	0	30300	31472	1173	1	0.0	2150	2612912
NODE_33_length_110215_cov_16.5271	gb_AF133139_+_0-1176_ARO:3000174_tet(G)	92.772	1176	85	0	24397	25572	1176	1	0.0	1701	2612912
NODE_33_length_110215_cov_16.5271	gb_NC_004998.1_-_80976-81768_ARO:3002601_aadA	99.747	792	2	0	29416	30207	792	1	0.0	1452	2612912
NODE_33_length_110215_cov_16.5271	gb_DQ677333_+_0-780_ARO:3002621_aadA24	98.834	772	9	0	29416	30187	780	9	0.0	1376	2612912
NODE_33_length_110215_cov_16.5271	gb_AF231986_+_3307-4522_ARO:3002705_floR	86.842	1216	156	3	26510	27723	1214	1	0.0	1356	2612912
NODE_33_length_110215_cov_16.5271	gb_AM261837_+_73-865_ARO:3002619_aadA22	97.222	792	22	0	29416	30207	792	1	0.0	1341	2612912
NODE_33_length_110215_cov_16.5271	gb_AY171244_+_46-838_ARO:3002618_aadA21	97.096	792	23	0	29416	30207	792	1	0.0	1336	2612912
NODE_33_length_110215_cov_16.5271	gb_AJ809407_+_118-898_ARO:3002620_aadA23	97.668	772	18	0	29416	30187	780	9	0.0	1327	2612912
NODE_33_length_110215_cov_16.5271	gb_DQ393783_+_1799-2591_ARO:3002615_aadA15	96.709	790	26	0	29418	30207	790	1	0.0	1315	2612912
NODE_33_length_110215_cov_16.5271	gb_FJ381668_+_56-848_ARO:3002612_aadA12	94.557	790	43	0	29418	30207	790	1	0.0	1221	2612912
NODE_33_length_110215_cov_16.5271	gb_D37826_+_1070-2195_ARO:3002812_pp-flo	85.841	1130	151	7	26597	27723	1124	1	0.0	1192	2612912
NODE_33_length_110215_cov_16.5271	gb_AF034958_+_0-1230_ARO:3002698_cmlB	84.262	1220	186	6	30343	31559	1217	1	0.0	1184	2612912
NODE_33_length_110215_cov_16.5271	gb_CP003022_+_336788-337580_ARO:3003197_aadA25	93.561	792	51	0	29416	30207	792	1	0.0	1181	2612912
NODE_33_length_110215_cov_16.5271	gb_FJ460181_+_1790-2582_ARO:3002617_aadA17	93.544	790	51	0	29418	30207	790	1	0.0	1177	2612912
NODE_33_length_110215_cov_16.5271	gb_AY139603_+_106-898_ARO:3002608_aadA8	92.551	792	59	0	29416	30207	792	1	0.0	1136	2612912
NODE_33_length_110215_cov_16.5271	gb_AF047479_+_1295-2087_ARO:3002603_aadA3	90.657	792	74	0	29416	30207	792	1	0.0	1053	2612912
NODE_33_length_110215_cov_16.5271	gb_NG_036525_+_633-1431_ARO:3002613_aadA13	89.612	799	82	1	29409	30207	798	1	0.0	1014	2612912
NODE_33_length_110215_cov_16.5271	gb_AF156486_+_5012-5792_ARO:3002602_aadA2	89.870	770	78	0	29418	30187	778	9	0.0	990	2612912
NODE_33_length_110215_cov_16.5271	gb_JF969163_+_1053-1893_ARO:3000410_sul1	100.000	529	0	0	28383	28911	529	1	0.0	977	2612912
NODE_33_length_110215_cov_16.5271	gb_NC_002516.2_-_2850882-2854014_ARO:3004074_MuxB	72.308	3120	718	120	92876	95928	1	3041	0.0	841	2612912
NODE_33_length_110215_cov_16.5271	gb_AM087411_+_1611-2457_ARO:3002606_aadA6	78.841	794	159	7	29369	30154	846	54	3.88e-148	527	2612912
NODE_33_length_110215_cov_16.5271	gb_Y11946.1_+_0-980_ARO:3002578_AAC(6')-Ib7	99.203	251	2	0	32296	32546	251	1	6.68e-126	453	2612912
NODE_33_length_110215_cov_16.5271	gb_L06157_+_554-1085_ARO:3002530_AAC(3)-Ib	100.000	59	0	0	32301	32359	59	1	1.67e-22	110	2612912
NODE_33_length_110215_cov_16.5271	gb_DQ390458_-_3095-3995_ARO:3002609_aadA9	100.000	58	0	0	32302	32359	58	1	5.99e-22	108	2612912
NODE_33_length_110215_cov_16.5271	gb_AF294653_+_2749-4009_ARO:3002696_cmlA6	99.921	1260	1	0	30300	31559	1260	1	0.0	2322	495495
NODE_33_length_110215_cov_16.5271	gb_AY115475_+_3337-4597_ARO:3002695_cmlA5	99.841	1260	2	0	30300	31559	1260	1	0.0	2316	495495
NODE_33_length_110215_cov_16.5271	gb_AF458080_+_1504-2764_ARO:3002693_cmlA1	99.127	1260	11	0	30300	31559	1260	1	0.0	2266	495495
NODE_33_length_110215_cov_16.5271	gb_AF156486_+_3648-4908_ARO:3002694_cmlA4	98.095	1260	24	0	30300	31559	1260	1	0.0	2194	495495
NODE_33_length_110215_cov_16.5271	gb_AJ487033_+_1685-2858_ARO:3002691_Salmonella	99.744	1173	3	0	30300	31472	1173	1	0.0	2150	495495
NODE_33_length_110215_cov_16.5271	gb_AF133139_+_0-1176_ARO:3000174_tet(G)	92.772	1176	85	0	24397	25572	1176	1	0.0	1701	495495
NODE_33_length_110215_cov_16.5271	gb_NC_004998.1_-_80976-81768_ARO:3002601_aadA	99.747	792	2	0	29416	30207	792	1	0.0	1452	495495
NODE_33_length_110215_cov_16.5271	gb_DQ677333_+_0-780_ARO:3002621_aadA24	98.834	772	9	0	29416	30187	780	9	0.0	1376	495495
NODE_33_length_110215_cov_16.5271	gb_AF231986_+_3307-4522_ARO:3002705_floR	86.842	1216	156	3	26510	27723	1214	1	0.0	1356	495495
NODE_33_length_110215_cov_16.5271	gb_AM261837_+_73-865_ARO:3002619_aadA22	97.222	792	22	0	29416	30207	792	1	0.0	1341	495495
NODE_33_length_110215_cov_16.5271	gb_AY171244_+_46-838_ARO:3002618_aadA21	97.096	792	23	0	29416	30207	792	1	0.0	1336	495495
NODE_33_length_110215_cov_16.5271	gb_AJ809407_+_118-898_ARO:3002620_aadA23	97.668	772	18	0	29416	30187	780	9	0.0	1327	495495
NODE_33_length_110215_cov_16.5271	gb_DQ393783_+_1799-2591_ARO:3002615_aadA15	96.709	790	26	0	29418	30207	790	1	0.0	1315	495495
NODE_33_length_110215_cov_16.5271	gb_FJ381668_+_56-848_ARO:3002612_aadA12	94.557	790	43	0	29418	30207	790	1	0.0	1221	495495
NODE_33_length_110215_cov_16.5271	gb_D37826_+_1070-2195_ARO:3002812_pp-flo	85.841	1130	151	7	26597	27723	1124	1	0.0	1192	495495
NODE_33_length_110215_cov_16.5271	gb_AF034958_+_0-1230_ARO:3002698_cmlB	84.262	1220	186	6	30343	31559	1217	1	0.0	1184	495495
NODE_33_length_110215_cov_16.5271	gb_CP003022_+_336788-337580_ARO:3003197_aadA25	93.561	792	51	0	29416	30207	792	1	0.0	1181	495495
NODE_33_length_110215_cov_16.5271	gb_FJ460181_+_1790-2582_ARO:3002617_aadA17	93.544	790	51	0	29418	30207	790	1	0.0	1177	495495
NODE_33_length_110215_cov_16.5271	gb_AY139603_+_106-898_ARO:3002608_aadA8	92.551	792	59	0	29416	30207	792	1	0.0	1136	495495
NODE_33_length_110215_cov_16.5271	gb_AF047479_+_1295-2087_ARO:3002603_aadA3	90.657	792	74	0	29416	30207	792	1	0.0	1053	495495
NODE_33_length_110215_cov_16.5271	gb_NG_036525_+_633-1431_ARO:3002613_aadA13	89.612	799	82	1	29409	30207	798	1	0.0	1014	495495
NODE_33_length_110215_cov_16.5271	gb_AF156486_+_5012-5792_ARO:3002602_aadA2	89.870	770	78	0	29418	30187	778	9	0.0	990	495495
NODE_33_length_110215_cov_16.5271	gb_JF969163_+_1053-1893_ARO:3000410_sul1	100.000	529	0	0	28383	28911	529	1	0.0	977	495495
NODE_33_length_110215_cov_16.5271	gb_NC_002516.2_-_2850882-2854014_ARO:3004074_MuxB	72.308	3120	718	120	92876	95928	1	3041	0.0	841	495495
NODE_33_length_110215_cov_16.5271	gb_AM087411_+_1611-2457_ARO:3002606_aadA6	78.841	794	159	7	29369	30154	846	54	3.88e-148	527	495495
NODE_33_length_110215_cov_16.5271	gb_Y11946.1_+_0-980_ARO:3002578_AAC(6')-Ib7	99.203	251	2	0	32296	32546	251	1	6.68e-126	453	495495
NODE_33_length_110215_cov_16.5271	gb_L06157_+_554-1085_ARO:3002530_AAC(3)-Ib	100.000	59	0	0	32301	32359	59	1	1.67e-22	110	495495
NODE_33_length_110215_cov_16.5271	gb_DQ390458_-_3095-3995_ARO:3002609_aadA9	100.000	58	0	0	32302	32359	58	1	5.99e-22	108	495495
NODE_47_length_98113_cov_16.1608	gb_AB015853_+_1330-4471_ARO:3003033_mexY	81.336	584	100	8	70721	71301	973	1550	7.64e-130	466	5978103
NODE_47_length_98113_cov_16.1608	gb_AFRQ01000061.1_-_23986-27124_ARO:3004144_AxyY	79.507	649	122	10	70679	71323	931	1572	2.14e-125	451	5978103
NODE_47_length_98113_cov_16.1608	gb_U57969_+_1485-4617_ARO:3000801_MexD	77.120	625	122	20	70690	71305	951	1563	1.34e-92	342	5978103
NODE_47_length_98113_cov_16.1608	gb_AF173226_+_3767-6917_ARO:3003052_smeB	75.926	378	74	11	72356	72726	2629	2996	4.01e-43	178	5978103
NODE_47_length_98113_cov_16.1608	gb_AB015853_+_1330-4471_ARO:3003033_mexY	81.336	584	100	8	70721	71301	973	1550	7.64e-130	466	2612712
NODE_47_length_98113_cov_16.1608	gb_AFRQ01000061.1_-_23986-27124_ARO:3004144_AxyY	79.507	649	122	10	70679	71323	931	1572	2.14e-125	451	2612712
NODE_47_length_98113_cov_16.1608	gb_U57969_+_1485-4617_ARO:3000801_MexD	77.120	625	122	20	70690	71305	951	1563	1.34e-92	342	2612712
NODE_47_length_98113_cov_16.1608	gb_AF173226_+_3767-6917_ARO:3003052_smeB	75.926	378	74	11	72356	72726	2629	2996	4.01e-43	178	2612712
NODE_47_length_98113_cov_16.1608	gb_AB015853_+_1330-4471_ARO:3003033_mexY	81.336	584	100	8	70721	71301	973	1550	7.64e-130	466	2612712
NODE_47_length_98113_cov_16.1608	gb_AFRQ01000061.1_-_23986-27124_ARO:3004144_AxyY	79.507	649	122	10	70679	71323	931	1572	2.14e-125	451	2612712
NODE_47_length_98113_cov_16.1608	gb_U57969_+_1485-4617_ARO:3000801_MexD	77.120	625	122	20	70690	71305	951	1563	1.34e-92	342	2612712
NODE_47_length_98113_cov_16.1608	gb_AF173226_+_3767-6917_ARO:3003052_smeB	75.926	378	74	11	72356	72726	2629	2996	4.01e-43	178	2612712
NODE_47_length_98113_cov_16.1608	gb_AB015853_+_1330-4471_ARO:3003033_mexY	81.336	584	100	8	70721	71301	973	1550	7.64e-130	466	6087097
NODE_47_length_98113_cov_16.1608	gb_AFRQ01000061.1_-_23986-27124_ARO:3004144_AxyY	79.507	649	122	10	70679	71323	931	1572	2.14e-125	451	6087097
NODE_47_length_98113_cov_16.1608	gb_U57969_+_1485-4617_ARO:3000801_MexD	77.120	625	122	20	70690	71305	951	1563	1.34e-92	342	6087097
NODE_47_length_98113_cov_16.1608	gb_AF173226_+_3767-6917_ARO:3003052_smeB	75.926	378	74	11	72356	72726	2629	2996	4.01e-43	178	6087097
NODE_47_length_98113_cov_16.1608	gb_AB015853_+_1330-4471_ARO:3003033_mexY	81.336	584	100	8	70721	71301	973	1550	7.64e-130	466	38561
NODE_47_length_98113_cov_16.1608	gb_AFRQ01000061.1_-_23986-27124_ARO:3004144_AxyY	79.507	649	122	10	70679	71323	931	1572	2.14e-125	451	38561
NODE_47_length_98113_cov_16.1608	gb_U57969_+_1485-4617_ARO:3000801_MexD	77.120	625	122	20	70690	71305	951	1563	1.34e-92	342	38561
NODE_47_length_98113_cov_16.1608	gb_AF173226_+_3767-6917_ARO:3003052_smeB	75.926	378	74	11	72356	72726	2629	2996	4.01e-43	178	38561
NODE_47_length_98113_cov_16.1608	gb_AB015853_+_1330-4471_ARO:3003033_mexY	81.336	584	100	8	70721	71301	973	1550	7.64e-130	466	6086942
NODE_47_length_98113_cov_16.1608	gb_AFRQ01000061.1_-_23986-27124_ARO:3004144_AxyY	79.507	649	122	10	70679	71323	931	1572	2.14e-125	451	6086942
NODE_47_length_98113_cov_16.1608	gb_U57969_+_1485-4617_ARO:3000801_MexD	77.120	625	122	20	70690	71305	951	1563	1.34e-92	342	6086942
NODE_47_length_98113_cov_16.1608	gb_AF173226_+_3767-6917_ARO:3003052_smeB	75.926	378	74	11	72356	72726	2629	2996	4.01e-43	178	6086942
NODE_47_length_98113_cov_16.1608	gb_AB015853_+_1330-4471_ARO:3003033_mexY	81.336	584	100	8	70721	71301	973	1550	7.64e-130	466	6086942
NODE_47_length_98113_cov_16.1608	gb_AFRQ01000061.1_-_23986-27124_ARO:3004144_AxyY	79.507	649	122	10	70679	71323	931	1572	2.14e-125	451	6086942
NODE_47_length_98113_cov_16.1608	gb_U57969_+_1485-4617_ARO:3000801_MexD	77.120	625	122	20	70690	71305	951	1563	1.34e-92	342	6086942
NODE_47_length_98113_cov_16.1608	gb_AF173226_+_3767-6917_ARO:3003052_smeB	75.926	378	74	11	72356	72726	2629	2996	4.01e-43	178	6086942
NODE_47_length_98113_cov_16.1608	gb_AB015853_+_1330-4471_ARO:3003033_mexY	81.336	584	100	8	70721	71301	973	1550	7.64e-130	466	2089015
NODE_47_length_98113_cov_16.1608	gb_AFRQ01000061.1_-_23986-27124_ARO:3004144_AxyY	79.507	649	122	10	70679	71323	931	1572	2.14e-125	451	2089015
NODE_47_length_98113_cov_16.1608	gb_U57969_+_1485-4617_ARO:3000801_MexD	77.120	625	122	20	70690	71305	951	1563	1.34e-92	342	2089015
NODE_47_length_98113_cov_16.1608	gb_AF173226_+_3767-6917_ARO:3003052_smeB	75.926	378	74	11	72356	72726	2629	2996	4.01e-43	178	2089015
NODE_47_length_98113_cov_16.1608	gb_AB015853_+_1330-4471_ARO:3003033_mexY	81.336	584	100	8	70721	71301	973	1550	7.64e-130	466	2089015
NODE_47_length_98113_cov_16.1608	gb_AFRQ01000061.1_-_23986-27124_ARO:3004144_AxyY	79.507	649	122	10	70679	71323	931	1572	2.14e-125	451	2089015
NODE_47_length_98113_cov_16.1608	gb_U57969_+_1485-4617_ARO:3000801_MexD	77.120	625	122	20	70690	71305	951	1563	1.34e-92	342	2089015
NODE_47_length_98113_cov_16.1608	gb_AF173226_+_3767-6917_ARO:3003052_smeB	75.926	378	74	11	72356	72726	2629	2996	4.01e-43	178	2089015
NODE_47_length_98113_cov_16.1608	gb_AB015853_+_1330-4471_ARO:3003033_mexY	81.336	584	100	8	70721	71301	973	1550	7.64e-130	466	2612937
NODE_47_length_98113_cov_16.1608	gb_AFRQ01000061.1_-_23986-27124_ARO:3004144_AxyY	79.507	649	122	10	70679	71323	931	1572	2.14e-125	451	2612937
NODE_47_length_98113_cov_16.1608	gb_U57969_+_1485-4617_ARO:3000801_MexD	77.120	625	122	20	70690	71305	951	1563	1.34e-92	342	2612937
NODE_47_length_98113_cov_16.1608	gb_AF173226_+_3767-6917_ARO:3003052_smeB	75.926	378	74	11	72356	72726	2629	2996	4.01e-43	178	2612937
NODE_47_length_98113_cov_16.1608	gb_AB015853_+_1330-4471_ARO:3003033_mexY	81.336	584	100	8	70721	71301	973	1550	7.64e-130	466	1706305
NODE_47_length_98113_cov_16.1608	gb_AFRQ01000061.1_-_23986-27124_ARO:3004144_AxyY	79.507	649	122	10	70679	71323	931	1572	2.14e-125	451	1706305
NODE_47_length_98113_cov_16.1608	gb_U57969_+_1485-4617_ARO:3000801_MexD	77.120	625	122	20	70690	71305	951	1563	1.34e-92	342	1706305
NODE_47_length_98113_cov_16.1608	gb_AF173226_+_3767-6917_ARO:3003052_smeB	75.926	378	74	11	72356	72726	2629	2996	4.01e-43	178	1706305
NODE_47_length_98113_cov_16.1608	gb_AB015853_+_1330-4471_ARO:3003033_mexY	81.336	584	100	8	70721	71301	973	1550	7.64e-130	466	4542652
NODE_47_length_98113_cov_16.1608	gb_AFRQ01000061.1_-_23986-27124_ARO:3004144_AxyY	79.507	649	122	10	70679	71323	931	1572	2.14e-125	451	4542652
NODE_47_length_98113_cov_16.1608	gb_U57969_+_1485-4617_ARO:3000801_MexD	77.120	625	122	20	70690	71305	951	1563	1.34e-92	342	4542652
NODE_47_length_98113_cov_16.1608	gb_AF173226_+_3767-6917_ARO:3003052_smeB	75.926	378	74	11	72356	72726	2629	2996	4.01e-43	178	4542652
NODE_49_length_96555_cov_4.79172	gb_AF235050.4_+_38028-40140_ARO:3003318_Streptomyces	76.702	382	81	7	95994	96371	76	453	1.81e-51	206	6086878
NODE_49_length_96555_cov_4.79172	gb_AF235050.4_+_38028-40140_ARO:3003318_Streptomyces	76.702	382	81	7	95994	96371	76	453	1.81e-51	206	4542876
NODE_49_length_96555_cov_4.79172	gb_AF235050.4_+_38028-40140_ARO:3003318_Streptomyces	76.702	382	81	7	95994	96371	76	453	1.81e-51	206	2841660
NODE_49_length_96555_cov_4.79172	gb_AF235050.4_+_38028-40140_ARO:3003318_Streptomyces	76.702	382	81	7	95994	96371	76	453	1.81e-51	206	934647
NODE_56_length_92127_cov_6.66204	gb_U00096_+_2812615-2814154_ARO:3000074_emrB	92.683	41	3	0	55209	55249	539	499	1.42e-07	60.2	753143
NODE_56_length_92127_cov_6.66204	gb_U00096_+_2812615-2814154_ARO:3000074_emrB	92.683	41	3	0	55209	55249	539	499	1.42e-07	60.2	468905
NODE_56_length_92127_cov_6.66204	gb_U00096_+_2812615-2814154_ARO:3000074_emrB	92.683	41	3	0	55209	55249	539	499	1.42e-07	60.2	2613021
NODE_56_length_92127_cov_6.66204	gb_U00096_+_2812615-2814154_ARO:3000074_emrB	92.683	41	3	0	55209	55249	539	499	1.42e-07	60.2	1212370
NODE_56_length_92127_cov_6.66204	gb_U00096_+_2812615-2814154_ARO:3000074_emrB	92.683	41	3	0	55209	55249	539	499	1.42e-07	60.2	1613004
NODE_56_length_92127_cov_6.66204	gb_U00096_+_2812615-2814154_ARO:3000074_emrB	92.683	41	3	0	55209	55249	539	499	1.42e-07	60.2	4542962
NODE_56_length_92127_cov_6.66204	gb_U00096_+_2812615-2814154_ARO:3000074_emrB	92.683	41	3	0	55209	55249	539	499	1.42e-07	60.2	6087047
NODE_56_length_92127_cov_6.66204	gb_U00096_+_2812615-2814154_ARO:3000074_emrB	92.683	41	3	0	55209	55249	539	499	1.42e-07	60.2	6086167
NODE_56_length_92127_cov_6.66204	gb_U00096_+_2812615-2814154_ARO:3000074_emrB	92.683	41	3	0	55209	55249	539	499	1.42e-07	60.2	3907796
NODE_57_length_91087_cov_16.7038	gb_X63451_+_0-1653_ARO:3002828_srmB	97.222	36	1	0	2654	2689	1465	1500	3.91e-08	62.1	1040997
NODE_57_length_91087_cov_16.7038	gb_X63451_+_0-1653_ARO:3002828_srmB	97.222	36	1	0	2654	2689	1465	1500	3.91e-08	62.1	159169
NODE_57_length_91087_cov_16.7038	gb_X63451_+_0-1653_ARO:3002828_srmB	97.222	36	1	0	2654	2689	1465	1500	3.91e-08	62.1	6086965
NODE_57_length_91087_cov_16.7038	gb_X63451_+_0-1653_ARO:3002828_srmB	97.222	36	1	0	2654	2689	1465	1500	3.91e-08	62.1	133171
NODE_57_length_91087_cov_16.7038	gb_X63451_+_0-1653_ARO:3002828_srmB	97.222	36	1	0	2654	2689	1465	1500	3.91e-08	62.1	133171
NODE_57_length_91087_cov_16.7038	gb_X63451_+_0-1653_ARO:3002828_srmB	97.222	36	1	0	2654	2689	1465	1500	3.91e-08	62.1	1099414
NODE_288_length_32757_cov_4.27925	gb_AFRQ01000061.1_-_23986-27124_ARO:3004144_AxyY	82.857	105	16	2	25754	25857	2631	2734	4.99e-18	93.5	60515
NODE_288_length_32757_cov_4.27925	gb_AFRQ01000061.1_-_23986-27124_ARO:3004144_AxyY	82.857	105	16	2	25754	25857	2631	2734	4.99e-18	93.5	418712
NODE_288_length_32757_cov_4.27925	gb_AFRQ01000061.1_-_23986-27124_ARO:3004144_AxyY	82.857	105	16	2	25754	25857	2631	2734	4.99e-18	93.5	630710
NODE_288_length_32757_cov_4.27925	gb_AFRQ01000061.1_-_23986-27124_ARO:3004144_AxyY	82.857	105	16	2	25754	25857	2631	2734	4.99e-18	93.5	1225513
NODE_288_length_32757_cov_4.27925	gb_AFRQ01000061.1_-_23986-27124_ARO:3004144_AxyY	82.857	105	16	2	25754	25857	2631	2734	4.99e-18	93.5	4187415
NODE_288_length_32757_cov_4.27925	gb_AFRQ01000061.1_-_23986-27124_ARO:3004144_AxyY	82.857	105	16	2	25754	25857	2631	2734	4.99e-18	93.5	268223
NODE_288_length_32757_cov_4.27925	gb_AFRQ01000061.1_-_23986-27124_ARO:3004144_AxyY	82.857	105	16	2	25754	25857	2631	2734	4.99e-18	93.5	453856
NODE_288_length_32757_cov_4.27925	gb_AFRQ01000061.1_-_23986-27124_ARO:3004144_AxyY	82.857	105	16	2	25754	25857	2631	2734	4.99e-18	93.5	213034
NODE_326_length_30226_cov_12.572	gb_AP009048_+_2810082-2811255_ARO:3000027_emrA	72.093	215	55	5	22167	22378	750	962	4.67e-08	60.2	413957
NODE_329_length_30023_cov_5.60788	gb_Z21523_+_0-1974_ARO:3000191_tetQ	97.011	1974	59	0	18203	20176	1974	1	0.0	3319	158473
NODE_329_length_30023_cov_5.60788	gb_Z21523_+_0-1974_ARO:3000191_tetQ	97.011	1974	59	0	18203	20176	1974	1	0.0	3319	158473
NODE_330_length_29921_cov_104.707	gb_NC_003112.2_-_1791966-1795170_ARO:3000811_mtrD	81.387	3186	573	17	5998	9173	1	3176	0.0	2580	1347705
NODE_330_length_29921_cov_104.707	gb_NC_003112.2_-_1791966-1795170_ARO:3000811_mtrD	81.387	3186	573	17	5998	9173	1	3176	0.0	2580	2274485
NODE_330_length_29921_cov_104.707	gb_NC_003112.2_-_1791966-1795170_ARO:3000811_mtrD	81.387	3186	573	17	5998	9173	1	3176	0.0	2580	30120
NODE_330_length_29921_cov_104.707	gb_NC_003112.2_-_1791966-1795170_ARO:3000811_mtrD	81.387	3186	573	17	5998	9173	1	3176	0.0	2580	6086732
NODE_330_length_29921_cov_104.707	gb_NC_003112.2_-_1791966-1795170_ARO:3000811_mtrD	81.387	3186	573	17	5998	9173	1	3176	0.0	2580	2565643
NODE_330_length_29921_cov_104.707	gb_NC_003112.2_-_1791966-1795170_ARO:3000811_mtrD	81.387	3186	573	17	5998	9173	1	3176	0.0	2580	1514602
NODE_330_length_29921_cov_104.707	gb_NC_003112.2_-_1791966-1795170_ARO:3000811_mtrD	81.387	3186	573	17	5998	9173	1	3176	0.0	2580	4542531
NODE_330_length_29921_cov_104.707	gb_NC_003112.2_-_1791966-1795170_ARO:3000811_mtrD	81.387	3186	573	17	5998	9173	1	3176	0.0	2580	28134
NODE_330_length_29921_cov_104.707	gb_NC_003112.2_-_1791966-1795170_ARO:3000811_mtrD	81.387	3186	573	17	5998	9173	1	3176	0.0	2580	262705
NODE_330_length_29921_cov_104.707	gb_NC_003112.2_-_1791966-1795170_ARO:3000811_mtrD	81.387	3186	573	17	5998	9173	1	3176	0.0	2580	482954
NODE_330_length_29921_cov_104.707	gb_NC_003112.2_-_1791966-1795170_ARO:3000811_mtrD	81.387	3186	573	17	5998	9173	1	3176	0.0	2580	6086763
NODE_330_length_29921_cov_104.707	gb_NC_003112.2_-_1791966-1795170_ARO:3000811_mtrD	81.387	3186	573	17	5998	9173	1	3176	0.0	2580	841869
NODE_330_length_29921_cov_104.707	gb_NC_003112.2_-_1791966-1795170_ARO:3000811_mtrD	81.387	3186	573	17	5998	9173	1	3176	0.0	2580	190500
NODE_372_length_27062_cov_101.476	gb_NC_003112.2_-_1791966-1795170_ARO:3000811_mtrD	81.179	3188	576	20	7891	11066	1	3176	0.0	2542	157735
NODE_372_length_27062_cov_101.476	gb_NC_003112.2_-_1795181-1796420_ARO:3000810_mtrC	82.571	1050	181	2	6728	7776	121	1169	0.0	924	157735
NODE_372_length_27062_cov_101.476	gb_CP001050.1_+_1332866-1333499_ARO:3000817_mtrR	79.340	576	117	2	5776	6350	575	1	1.68e-111	403	157735
NODE_372_length_27062_cov_101.476	gb_NC_003112.2_-_1791966-1795170_ARO:3000811_mtrD	81.179	3188	576	20	7891	11066	1	3176	0.0	2542	34921
NODE_372_length_27062_cov_101.476	gb_NC_003112.2_-_1795181-1796420_ARO:3000810_mtrC	82.571	1050	181	2	6728	7776	121	1169	0.0	924	34921
NODE_372_length_27062_cov_101.476	gb_CP001050.1_+_1332866-1333499_ARO:3000817_mtrR	79.340	576	117	2	5776	6350	575	1	1.68e-111	403	34921
NODE_372_length_27062_cov_101.476	gb_NC_003112.2_-_1791966-1795170_ARO:3000811_mtrD	81.179	3188	576	20	7891	11066	1	3176	0.0	2542	34921
NODE_372_length_27062_cov_101.476	gb_NC_003112.2_-_1795181-1796420_ARO:3000810_mtrC	82.571	1050	181	2	6728	7776	121	1169	0.0	924	34921
NODE_372_length_27062_cov_101.476	gb_CP001050.1_+_1332866-1333499_ARO:3000817_mtrR	79.340	576	117	2	5776	6350	575	1	1.68e-111	403	34921
NODE_372_length_27062_cov_101.476	gb_NC_003112.2_-_1791966-1795170_ARO:3000811_mtrD	81.179	3188	576	20	7891	11066	1	3176	0.0	2542	1347705
NODE_372_length_27062_cov_101.476	gb_NC_003112.2_-_1795181-1796420_ARO:3000810_mtrC	82.571	1050	181	2	6728	7776	121	1169	0.0	924	1347705
NODE_372_length_27062_cov_101.476	gb_CP001050.1_+_1332866-1333499_ARO:3000817_mtrR	79.340	576	117	2	5776	6350	575	1	1.68e-111	403	1347705
NODE_372_length_27062_cov_101.476	gb_NC_003112.2_-_1791966-1795170_ARO:3000811_mtrD	81.179	3188	576	20	7891	11066	1	3176	0.0	2542	3907699
NODE_372_length_27062_cov_101.476	gb_NC_003112.2_-_1795181-1796420_ARO:3000810_mtrC	82.571	1050	181	2	6728	7776	121	1169	0.0	924	3907699
NODE_372_length_27062_cov_101.476	gb_CP001050.1_+_1332866-1333499_ARO:3000817_mtrR	79.340	576	117	2	5776	6350	575	1	1.68e-111	403	3907699
NODE_372_length_27062_cov_101.476	gb_NC_003112.2_-_1791966-1795170_ARO:3000811_mtrD	81.179	3188	576	20	7891	11066	1	3176	0.0	2542	6086823
NODE_372_length_27062_cov_101.476	gb_NC_003112.2_-_1795181-1796420_ARO:3000810_mtrC	82.571	1050	181	2	6728	7776	121	1169	0.0	924	6086823
NODE_372_length_27062_cov_101.476	gb_CP001050.1_+_1332866-1333499_ARO:3000817_mtrR	79.340	576	117	2	5776	6350	575	1	1.68e-111	403	6086823
NODE_372_length_27062_cov_101.476	gb_NC_003112.2_-_1791966-1795170_ARO:3000811_mtrD	81.179	3188	576	20	7891	11066	1	3176	0.0	2542	47556
NODE_372_length_27062_cov_101.476	gb_NC_003112.2_-_1795181-1796420_ARO:3000810_mtrC	82.571	1050	181	2	6728	7776	121	1169	0.0	924	47556
NODE_372_length_27062_cov_101.476	gb_CP001050.1_+_1332866-1333499_ARO:3000817_mtrR	79.340	576	117	2	5776	6350	575	1	1.68e-111	403	47556
NODE_372_length_27062_cov_101.476	gb_NC_003112.2_-_1791966-1795170_ARO:3000811_mtrD	81.179	3188	576	20	7891	11066	1	3176	0.0	2542	2280434
NODE_372_length_27062_cov_101.476	gb_NC_003112.2_-_1795181-1796420_ARO:3000810_mtrC	82.571	1050	181	2	6728	7776	121	1169	0.0	924	2280434
NODE_372_length_27062_cov_101.476	gb_CP001050.1_+_1332866-1333499_ARO:3000817_mtrR	79.340	576	117	2	5776	6350	575	1	1.68e-111	403	2280434
NODE_372_length_27062_cov_101.476	gb_NC_003112.2_-_1791966-1795170_ARO:3000811_mtrD	81.179	3188	576	20	7891	11066	1	3176	0.0	2542	44869
NODE_372_length_27062_cov_101.476	gb_NC_003112.2_-_1795181-1796420_ARO:3000810_mtrC	82.571	1050	181	2	6728	7776	121	1169	0.0	924	44869
NODE_372_length_27062_cov_101.476	gb_CP001050.1_+_1332866-1333499_ARO:3000817_mtrR	79.340	576	117	2	5776	6350	575	1	1.68e-111	403	44869
NODE_406_length_25907_cov_67.287	gb_HM990671_+_5192-6671_ARO:3003112_lsaC	88.168	1479	175	0	24142	25620	1479	1	0.0	1762	2029646
NODE_406_length_25907_cov_67.287	gb_HM990671_+_5192-6671_ARO:3003112_lsaC	88.168	1479	175	0	24142	25620	1479	1	0.0	1762	2612667
NODE_468_length_23556_cov_79.3538	gb_NC_003112.2_+_330790-332317_ARO:3003962_farB	75.896	1506	332	26	14682	16173	39	1527	0.0	741	119107
NODE_468_length_23556_cov_79.3538	gb_NC_003112.2_+_329612-330767_ARO:3003961_farA	73.182	839	209	16	13416	14246	127	957	4.27e-77	289	119107
NODE_468_length_23556_cov_79.3538	gb_NC_003112.2_+_330790-332317_ARO:3003962_farB	75.896	1506	332	26	14682	16173	39	1527	0.0	741	98093
NODE_468_length_23556_cov_79.3538	gb_NC_003112.2_+_329612-330767_ARO:3003961_farA	73.182	839	209	16	13416	14246	127	957	4.27e-77	289	98093
NODE_468_length_23556_cov_79.3538	gb_NC_003112.2_+_330790-332317_ARO:3003962_farB	75.896	1506	332	26	14682	16173	39	1527	0.0	741	199339
NODE_468_length_23556_cov_79.3538	gb_NC_003112.2_+_329612-330767_ARO:3003961_farA	73.182	839	209	16	13416	14246	127	957	4.27e-77	289	199339
NODE_468_length_23556_cov_79.3538	gb_NC_003112.2_+_330790-332317_ARO:3003962_farB	75.896	1506	332	26	14682	16173	39	1527	0.0	741	242016
NODE_468_length_23556_cov_79.3538	gb_NC_003112.2_+_329612-330767_ARO:3003961_farA	73.182	839	209	16	13416	14246	127	957	4.27e-77	289	242016
NODE_468_length_23556_cov_79.3538	gb_NC_003112.2_+_330790-332317_ARO:3003962_farB	75.896	1506	332	26	14682	16173	39	1527	0.0	741	933736
NODE_468_length_23556_cov_79.3538	gb_NC_003112.2_+_329612-330767_ARO:3003961_farA	73.182	839	209	16	13416	14246	127	957	4.27e-77	289	933736
NODE_468_length_23556_cov_79.3538	gb_NC_003112.2_+_330790-332317_ARO:3003962_farB	75.896	1506	332	26	14682	16173	39	1527	0.0	741	749355
NODE_468_length_23556_cov_79.3538	gb_NC_003112.2_+_329612-330767_ARO:3003961_farA	73.182	839	209	16	13416	14246	127	957	4.27e-77	289	749355
NODE_468_length_23556_cov_79.3538	gb_NC_003112.2_+_330790-332317_ARO:3003962_farB	75.896	1506	332	26	14682	16173	39	1527	0.0	741	2268949
NODE_468_length_23556_cov_79.3538	gb_NC_003112.2_+_329612-330767_ARO:3003961_farA	73.182	839	209	16	13416	14246	127	957	4.27e-77	289	2268949
NODE_468_length_23556_cov_79.3538	gb_NC_003112.2_+_330790-332317_ARO:3003962_farB	75.896	1506	332	26	14682	16173	39	1527	0.0	741	4482600
NODE_468_length_23556_cov_79.3538	gb_NC_003112.2_+_329612-330767_ARO:3003961_farA	73.182	839	209	16	13416	14246	127	957	4.27e-77	289	4482600
NODE_468_length_23556_cov_79.3538	gb_NC_003112.2_+_330790-332317_ARO:3003962_farB	75.896	1506	332	26	14682	16173	39	1527	0.0	741	47801
NODE_468_length_23556_cov_79.3538	gb_NC_003112.2_+_329612-330767_ARO:3003961_farA	73.182	839	209	16	13416	14246	127	957	4.27e-77	289	47801
NODE_468_length_23556_cov_79.3538	gb_NC_003112.2_+_330790-332317_ARO:3003962_farB	75.896	1506	332	26	14682	16173	39	1527	0.0	741	1136415
NODE_468_length_23556_cov_79.3538	gb_NC_003112.2_+_329612-330767_ARO:3003961_farA	73.182	839	209	16	13416	14246	127	957	4.27e-77	289	1136415
NODE_468_length_23556_cov_79.3538	gb_NC_003112.2_+_330790-332317_ARO:3003962_farB	75.896	1506	332	26	14682	16173	39	1527	0.0	741	60834
NODE_468_length_23556_cov_79.3538	gb_NC_003112.2_+_329612-330767_ARO:3003961_farA	73.182	839	209	16	13416	14246	127	957	4.27e-77	289	60834
NODE_523_length_21963_cov_4.60444	gb_AP006618.1_+_4835199-4838688_ARO:3000501_Nocardia	86.607	336	41	4	17208	17541	3299	2966	4.97e-101	368	4518957
NODE_523_length_21963_cov_4.60444	gb_AP006618.1_+_4835199-4838688_ARO:3000501_Nocardia	86.607	336	41	4	17208	17541	3299	2966	4.97e-101	368	855732
NODE_523_length_21963_cov_4.60444	gb_AP006618.1_+_4835199-4838688_ARO:3000501_Nocardia	86.607	336	41	4	17208	17541	3299	2966	4.97e-101	368	6086984
NODE_523_length_21963_cov_4.60444	gb_AP006618.1_+_4835199-4838688_ARO:3000501_Nocardia	86.607	336	41	4	17208	17541	3299	2966	4.97e-101	368	652724
NODE_582_length_20550_cov_8.52193	gb_HM990671_+_5192-6671_ARO:3003112_lsaC	91.149	1480	129	2	10429	11907	1	1479	0.0	2006	729666
NODE_582_length_20550_cov_8.52193	gb_HM990671_+_5192-6671_ARO:3003112_lsaC	91.149	1480	129	2	10429	11907	1	1479	0.0	2006	729666
NODE_582_length_20550_cov_8.52193	gb_HM990671_+_5192-6671_ARO:3003112_lsaC	91.149	1480	129	2	10429	11907	1	1479	0.0	2006	729666
NODE_582_length_20550_cov_8.52193	gb_HM990671_+_5192-6671_ARO:3003112_lsaC	91.149	1480	129	2	10429	11907	1	1479	0.0	2006	729666
NODE_582_length_20550_cov_8.52193	gb_HM990671_+_5192-6671_ARO:3003112_lsaC	91.149	1480	129	2	10429	11907	1	1479	0.0	2006	456071
NODE_582_length_20550_cov_8.52193	gb_HM990671_+_5192-6671_ARO:3003112_lsaC	91.149	1480	129	2	10429	11907	1	1479	0.0	2006	456071
NODE_582_length_20550_cov_8.52193	gb_HM990671_+_5192-6671_ARO:3003112_lsaC	91.149	1480	129	2	10429	11907	1	1479	0.0	2006	852681
NODE_582_length_20550_cov_8.52193	gb_HM990671_+_5192-6671_ARO:3003112_lsaC	91.149	1480	129	2	10429	11907	1	1479	0.0	2006	852681
NODE_582_length_20550_cov_8.52193	gb_HM990671_+_5192-6671_ARO:3003112_lsaC	91.149	1480	129	2	10429	11907	1	1479	0.0	2006	174669
NODE_582_length_20550_cov_8.52193	gb_HM990671_+_5192-6671_ARO:3003112_lsaC	91.149	1480	129	2	10429	11907	1	1479	0.0	2006	1403972
NODE_582_length_20550_cov_8.52193	gb_HM990671_+_5192-6671_ARO:3003112_lsaC	91.149	1480	129	2	10429	11907	1	1479	0.0	2006	1403972
NODE_683_length_18414_cov_82.1971	gb_AY768532_+_0-1935_ARO:3000535_macB	85.928	1940	262	10	7051	8986	1	1933	0.0	2060	5397
NODE_683_length_18414_cov_82.1971	gb_AY768531_+_0-1179_ARO:3000533_macA	84.686	1084	156	9	5855	6933	77	1155	0.0	1074	5397
NODE_683_length_18414_cov_82.1971	gb_AY768532_+_0-1935_ARO:3000535_macB	85.928	1940	262	10	7051	8986	1	1933	0.0	2060	4542528
NODE_683_length_18414_cov_82.1971	gb_AY768531_+_0-1179_ARO:3000533_macA	84.686	1084	156	9	5855	6933	77	1155	0.0	1074	4542528
NODE_683_length_18414_cov_82.1971	gb_AY768532_+_0-1935_ARO:3000535_macB	85.928	1940	262	10	7051	8986	1	1933	0.0	2060	6086796
NODE_683_length_18414_cov_82.1971	gb_AY768531_+_0-1179_ARO:3000533_macA	84.686	1084	156	9	5855	6933	77	1155	0.0	1074	6086796
NODE_683_length_18414_cov_82.1971	gb_AY768532_+_0-1935_ARO:3000535_macB	85.928	1940	262	10	7051	8986	1	1933	0.0	2060	1277529
NODE_683_length_18414_cov_82.1971	gb_AY768531_+_0-1179_ARO:3000533_macA	84.686	1084	156	9	5855	6933	77	1155	0.0	1074	1277529
NODE_683_length_18414_cov_82.1971	gb_AY768532_+_0-1935_ARO:3000535_macB	85.928	1940	262	10	7051	8986	1	1933	0.0	2060	4542894
NODE_683_length_18414_cov_82.1971	gb_AY768531_+_0-1179_ARO:3000533_macA	84.686	1084	156	9	5855	6933	77	1155	0.0	1074	4542894
NODE_683_length_18414_cov_82.1971	gb_AY768532_+_0-1935_ARO:3000535_macB	85.928	1940	262	10	7051	8986	1	1933	0.0	2060	529671
NODE_683_length_18414_cov_82.1971	gb_AY768531_+_0-1179_ARO:3000533_macA	84.686	1084	156	9	5855	6933	77	1155	0.0	1074	529671
NODE_714_length_18012_cov_4.56964	gb_AF235050.4_+_38028-40140_ARO:3003318_Streptomyces	77.023	383	80	7	2128	2506	76	454	2.02e-54	213	223003
NODE_714_length_18012_cov_4.56964	gb_AF235050.4_+_38028-40140_ARO:3003318_Streptomyces	77.023	383	80	7	2128	2506	76	454	2.02e-54	213	1312628
NODE_714_length_18012_cov_4.56964	gb_AF235050.4_+_38028-40140_ARO:3003318_Streptomyces	77.023	383	80	7	2128	2506	76	454	2.02e-54	213	106090
NODE_714_length_18012_cov_4.56964	gb_AF235050.4_+_38028-40140_ARO:3003318_Streptomyces	77.023	383	80	7	2128	2506	76	454	2.02e-54	213	323975
NODE_766_length_17138_cov_5.51209	gb_AF118110.1_-_71-1037_ARO:3003002_CfxA2	99.896	966	1	0	8610	9575	966	1	0.0	1779	102325
NODE_766_length_17138_cov_5.51209	gb_AF472622_+_52-1018_ARO:3003003_CfxA3	99.793	966	2	0	8610	9575	966	1	0.0	1773	102325
NODE_766_length_17138_cov_5.51209	gb_AY769934_+_27-993_ARO:3003096_CfxA5	99.793	966	2	0	8610	9575	966	1	0.0	1773	102325
NODE_766_length_17138_cov_5.51209	gb_U38243_+_149-1115_ARO:3003001_CfxA	99.793	966	2	0	8610	9575	966	1	0.0	1773	102325
NODE_766_length_17138_cov_5.51209	gb_AY769933_+_0-966_ARO:3003005_CfxA4	99.793	966	2	0	8610	9575	966	1	0.0	1773	102325
NODE_766_length_17138_cov_5.51209	gb_GQ342996_+_797-1793_ARO:3003097_CfxA6	89.130	966	102	3	8615	9579	993	30	0.0	1199	102325
NODE_766_length_17138_cov_5.51209	gb_AF118110.1_-_71-1037_ARO:3003002_CfxA2	99.896	966	1	0	8610	9575	966	1	0.0	1779	2612769
NODE_766_length_17138_cov_5.51209	gb_AF472622_+_52-1018_ARO:3003003_CfxA3	99.793	966	2	0	8610	9575	966	1	0.0	1773	2612769
NODE_766_length_17138_cov_5.51209	gb_AY769934_+_27-993_ARO:3003096_CfxA5	99.793	966	2	0	8610	9575	966	1	0.0	1773	2612769
NODE_766_length_17138_cov_5.51209	gb_U38243_+_149-1115_ARO:3003001_CfxA	99.793	966	2	0	8610	9575	966	1	0.0	1773	2612769
NODE_766_length_17138_cov_5.51209	gb_AY769933_+_0-966_ARO:3003005_CfxA4	99.793	966	2	0	8610	9575	966	1	0.0	1773	2612769
NODE_766_length_17138_cov_5.51209	gb_GQ342996_+_797-1793_ARO:3003097_CfxA6	89.130	966	102	3	8615	9579	993	30	0.0	1199	2612769
NODE_827_length_16225_cov_3.33296	gb_L36601_+_1420-3130_ARO:3003036_oleB	97.143	35	1	0	14586	14620	668	634	2.51e-08	60.2	59816
NODE_827_length_16225_cov_3.33296	gb_L36601_+_1420-3130_ARO:3003036_oleB	97.143	35	1	0	14586	14620	668	634	2.51e-08	60.2	195777
NODE_827_length_16225_cov_3.33296	gb_L36601_+_1420-3130_ARO:3003036_oleB	97.143	35	1	0	14586	14620	668	634	2.51e-08	60.2	459772
NODE_827_length_16225_cov_3.33296	gb_L36601_+_1420-3130_ARO:3003036_oleB	97.143	35	1	0	14586	14620	668	634	2.51e-08	60.2	6086979
NODE_827_length_16225_cov_3.33296	gb_L36601_+_1420-3130_ARO:3003036_oleB	97.143	35	1	0	14586	14620	668	634	2.51e-08	60.2	4542773
NODE_827_length_16225_cov_3.33296	gb_L36601_+_1420-3130_ARO:3003036_oleB	97.143	35	1	0	14586	14620	668	634	2.51e-08	60.2	132298
NODE_827_length_16225_cov_3.33296	gb_L36601_+_1420-3130_ARO:3003036_oleB	97.143	35	1	0	14586	14620	668	634	2.51e-08	60.2	1125552
NODE_827_length_16225_cov_3.33296	gb_L36601_+_1420-3130_ARO:3003036_oleB	97.143	35	1	0	14586	14620	668	634	2.51e-08	60.2	144755
NODE_827_length_16225_cov_3.33296	gb_L36601_+_1420-3130_ARO:3003036_oleB	97.143	35	1	0	14586	14620	668	634	2.51e-08	60.2	85771
NODE_1038_length_13891_cov_136.56	gb_AY768532_+_0-1935_ARO:3000535_macB	81.720	1942	340	12	6083	8018	1933	1	0.0	1605	155429
NODE_1038_length_13891_cov_136.56	gb_AY768532_+_0-1935_ARO:3000535_macB	81.720	1942	340	12	6083	8018	1933	1	0.0	1605	47556
NODE_1038_length_13891_cov_136.56	gb_AY768532_+_0-1935_ARO:3000535_macB	81.720	1942	340	12	6083	8018	1933	1	0.0	1605	3900995
NODE_1038_length_13891_cov_136.56	gb_AY768532_+_0-1935_ARO:3000535_macB	81.720	1942	340	12	6083	8018	1933	1	0.0	1605	2612694
NODE_1038_length_13891_cov_136.56	gb_AY768532_+_0-1935_ARO:3000535_macB	81.720	1942	340	12	6083	8018	1933	1	0.0	1605	2612694
NODE_1038_length_13891_cov_136.56	gb_AY768532_+_0-1935_ARO:3000535_macB	81.720	1942	340	12	6083	8018	1933	1	0.0	1605	121366
NODE_1038_length_13891_cov_136.56	gb_AY768532_+_0-1935_ARO:3000535_macB	81.720	1942	340	12	6083	8018	1933	1	0.0	1605	336431
NODE_1038_length_13891_cov_136.56	gb_AY768532_+_0-1935_ARO:3000535_macB	81.720	1942	340	12	6083	8018	1933	1	0.0	1605	40425
NODE_1038_length_13891_cov_136.56	gb_AY768532_+_0-1935_ARO:3000535_macB	81.720	1942	340	12	6083	8018	1933	1	0.0	1605	67175
NODE_1038_length_13891_cov_136.56	gb_AY768532_+_0-1935_ARO:3000535_macB	81.720	1942	340	12	6083	8018	1933	1	0.0	1605	664366
NODE_1038_length_13891_cov_136.56	gb_AY768532_+_0-1935_ARO:3000535_macB	81.720	1942	340	12	6083	8018	1933	1	0.0	1605	1098887
NODE_1120_length_13198_cov_88.9032	gb_NC_003112.2_+_329612-330767_ARO:3003961_farA	73.232	919	222	22	2870	3776	1033	127	1.42e-84	313	6086787
NODE_1138_length_13065_cov_3.13905	gb_NC_003112.2_-_1795181-1796420_ARO:3000810_mtrC	74.558	735	167	16	10949	11673	183	907	8.44e-82	303	123517
NODE_1138_length_13065_cov_3.13905	gb_NC_003112.2_-_1795181-1796420_ARO:3000810_mtrC	74.558	735	167	16	10949	11673	183	907	8.44e-82	303	123575
NODE_1454_length_11147_cov_4.02218	gb_U57969_+_1485-4617_ARO:3000801_MexD	72.819	596	133	22	3090	3672	1560	981	1.64e-43	176	3362271
NODE_1454_length_11147_cov_4.02218	gb_L11616_+_1569-4710_ARO:3000378_MexB	72.868	516	119	18	3096	3599	1554	1048	5.93e-38	158	3362271
NODE_1454_length_11147_cov_4.02218	gb_AFRQ01000061.1_-_23986-27124_ARO:3004144_AxyY	73.497	449	92	18	1556	2001	3055	2631	4.62e-34	145	3362271
NODE_1454_length_11147_cov_4.02218	gb_NC_002516_+_2810008-2813197_ARO:3000804_MexF	74.286	315	73	7	3388	3698	1268	958	1.67e-28	126	3362271
NODE_1454_length_11147_cov_4.02218	gb_NC_007779_+_2586250-2589364_ARO:3000491_acrD	81.159	138	18	7	3334	3467	1313	1180	7.84e-22	104	3362271
NODE_1454_length_11147_cov_4.02218	gb_NC_010378.1_+_47850-51003_ARO:3003923_oqxB	82.243	107	16	2	3364	3470	1289	1186	2.20e-17	89.8	3362271
NODE_1454_length_11147_cov_4.02218	gb_AB219524.1_+_1176-4338_ARO:3003699_mexQ	82.569	109	12	5	3357	3463	1293	1190	2.20e-17	89.8	3362271
NODE_1454_length_11147_cov_4.02218	gb_NC_002516_+_4707534-4710624_ARO:3000808_mexI	83.000	100	15	2	3380	3478	1246	1148	2.20e-17	89.8	3362271
NODE_1586_length_10511_cov_3.41134	gb_AY768532_+_0-1935_ARO:3000535_macB	82.045	1643	286	8	8872	10511	1	1637	0.0	1391	2565153
NODE_1586_length_10511_cov_3.41134	gb_AY768531_+_0-1179_ARO:3000533_macA	77.226	1067	235	7	7732	8794	110	1172	2.14e-176	617	2565153
NODE_1586_length_10511_cov_3.41134	gb_AY768532_+_0-1935_ARO:3000535_macB	82.045	1643	286	8	8872	10511	1	1637	0.0	1391	2612813
NODE_1586_length_10511_cov_3.41134	gb_AY768531_+_0-1179_ARO:3000533_macA	77.226	1067	235	7	7732	8794	110	1172	2.14e-176	617	2612813
NODE_1917_length_9421_cov_7.70393	gb_NC_003098.1_-_1359228-1360395_ARO:3000025_patB	85.122	820	118	4	8603	9420	1157	340	0.0	835	3455320
NODE_1917_length_9421_cov_7.70393	gb_NC_003098.1_-_1359228-1360395_ARO:3000025_patB	85.122	820	118	4	8603	9420	1157	340	0.0	835	1514846
NODE_1917_length_9421_cov_7.70393	gb_NC_003098.1_-_1359228-1360395_ARO:3000025_patB	85.122	820	118	4	8603	9420	1157	340	0.0	835	48817
NODE_2404_length_8164_cov_3.69836	gb_M80346_+_0-1656_ARO:3002817_carA	100.000	34	0	0	1829	1862	1502	1469	9.75e-10	63.9	3903822
NODE_2404_length_8164_cov_3.69836	gb_M80346_+_0-1656_ARO:3002817_carA	92.857	42	2	1	2708	2749	1502	1462	1.26e-08	60.2	3903822
NODE_2404_length_8164_cov_3.69836	gb_M80346_+_0-1656_ARO:3002817_carA	100.000	34	0	0	1829	1862	1502	1469	9.75e-10	63.9	1180752
NODE_2404_length_8164_cov_3.69836	gb_M80346_+_0-1656_ARO:3002817_carA	92.857	42	2	1	2708	2749	1502	1462	1.26e-08	60.2	1180752
NODE_2404_length_8164_cov_3.69836	gb_M80346_+_0-1656_ARO:3002817_carA	100.000	34	0	0	1829	1862	1502	1469	9.75e-10	63.9	102528
NODE_2404_length_8164_cov_3.69836	gb_M80346_+_0-1656_ARO:3002817_carA	92.857	42	2	1	2708	2749	1502	1462	1.26e-08	60.2	102528
NODE_2404_length_8164_cov_3.69836	gb_M80346_+_0-1656_ARO:3002817_carA	100.000	34	0	0	1829	1862	1502	1469	9.75e-10	63.9	1317148
NODE_2404_length_8164_cov_3.69836	gb_M80346_+_0-1656_ARO:3002817_carA	92.857	42	2	1	2708	2749	1502	1462	1.26e-08	60.2	1317148
NODE_2442_length_8086_cov_66.8898	gb_AP006618.1_+_4835199-4838688_ARO:3000501_Nocardia	73.431	2597	589	82	585	3138	218	2756	0.0	880	42980
NODE_2442_length_8086_cov_66.8898	gb_AP006618.1_+_4835199-4838688_ARO:3000501_Nocardia	73.431	2597	589	82	585	3138	218	2756	0.0	880	42980
NODE_2442_length_8086_cov_66.8898	gb_AP006618.1_+_4835199-4838688_ARO:3000501_Nocardia	73.431	2597	589	82	585	3138	218	2756	0.0	880	852683
NODE_2442_length_8086_cov_66.8898	gb_AP006618.1_+_4835199-4838688_ARO:3000501_Nocardia	73.431	2597	589	82	585	3138	218	2756	0.0	880	852683
NODE_2747_length_7483_cov_17.2737	gb_NC_014638.1_-_1610636-1613960_ARO:3003730_Bifidobacteria	77.846	325	68	4	7159	7481	2156	1834	2.35e-50	198	131074
NODE_2747_length_7483_cov_17.2737	gb_NC_014638.1_-_1610636-1613960_ARO:3003730_Bifidobacteria	77.846	325	68	4	7159	7481	2156	1834	2.35e-50	198	76827
NODE_3829_length_5924_cov_3.23479	gb_AY768531_+_0-1179_ARO:3000533_macA	72.043	558	148	8	4690	5243	689	136	8.76e-39	159	336431
NODE_3829_length_5924_cov_3.23479	gb_AY768531_+_0-1179_ARO:3000533_macA	72.043	558	148	8	4690	5243	689	136	8.76e-39	159	104494
NODE_4685_length_5171_cov_3.59011	gb_NC_014638.1_-_1610636-1613960_ARO:3003730_Bifidobacteria	76.709	863	161	26	2151	2984	1309	2160	1.88e-124	444	1521121
NODE_4685_length_5171_cov_3.59011	gb_NC_014638.1_-_1610636-1613960_ARO:3003730_Bifidobacteria	76.709	863	161	26	2151	2984	1309	2160	1.88e-124	444	264836
NODE_6479_length_4002_cov_4.61718	gb_AF235050.4_+_38028-40140_ARO:3003318_Streptomyces	75.199	1004	199	37	1960	2938	1089	2067	4.08e-120	429	4542946
NODE_6479_length_4002_cov_4.61718	gb_AF235050.4_+_38028-40140_ARO:3003318_Streptomyces	78.607	402	80	4	904	1302	54	452	1.58e-69	261	4542946
NODE_6941_length_3778_cov_2.76041	gb_M80346_+_0-1656_ARO:3002817_carA	97.222	36	1	0	627	662	1503	1468	1.62e-09	62.1	4543238
NODE_7275_length_3635_cov_44.8824	gb_AF235050.4_+_38028-40140_ARO:3003318_Streptomyces	85.294	68	4	4	1097	1161	1961	1897	1.20e-10	65.8	109181
NODE_7275_length_3635_cov_44.8824	gb_AF235050.4_+_38028-40140_ARO:3003318_Streptomyces	85.294	68	4	4	1097	1161	1961	1897	1.20e-10	65.8	3837211
NODE_7275_length_3635_cov_44.8824	gb_AF235050.4_+_38028-40140_ARO:3003318_Streptomyces	85.294	68	4	4	1097	1161	1961	1897	1.20e-10	65.8	1312628
NODE_7275_length_3635_cov_44.8824	gb_AF235050.4_+_38028-40140_ARO:3003318_Streptomyces	85.294	68	4	4	1097	1161	1961	1897	1.20e-10	65.8	730276
NODE_7505_length_3546_cov_7.09367	gb_HM990671_+_5192-6671_ARO:3003112_lsaC	88.179	1472	172	2	2001	3471	9	1479	0.0	1753	826727
NODE_7586_length_3515_cov_48.4408	gb_AP006618.1_+_4835199-4838688_ARO:3000501_Nocardia	75.330	454	83	21	2	445	1311	877	1.84e-48	191	90307
NODE_7586_length_3515_cov_48.4408	gb_AP006618.1_+_4835199-4838688_ARO:3000501_Nocardia	75.330	454	83	21	2	445	1311	877	1.84e-48	191	6086800
NODE_7586_length_3515_cov_48.4408	gb_AP006618.1_+_4835199-4838688_ARO:3000501_Nocardia	75.330	454	83	21	2	445	1311	877	1.84e-48	191	2274481
NODE_7586_length_3515_cov_48.4408	gb_AP006618.1_+_4835199-4838688_ARO:3000501_Nocardia	75.330	454	83	21	2	445	1311	877	1.84e-48	191	72792
NODE_7586_length_3515_cov_48.4408	gb_AP006618.1_+_4835199-4838688_ARO:3000501_Nocardia	75.330	454	83	21	2	445	1311	877	1.84e-48	191	72792
NODE_11224_length_2515_cov_69.1512	gb_NC_014638.1_-_1610636-1613960_ARO:3003730_Bifidobacteria	73.625	709	148	27	1836	2515	1188	1886	1.66e-62	237	314250
NODE_12590_length_2283_cov_4.02693	gb_AY928180_+_0-495_ARO:3002837_lnuC	99.192	495	4	0	1164	1658	1	495	0.0	893	1157050
NODE_14169_length_2049_cov_3.2663	gb_AY055428.1_-_20268-21084_ARO:3000412_sul2	100.000	34	0	0	1173	1206	796	763	2.43e-10	63.9	604322
NODE_14169_length_2049_cov_3.2663	gb_AY055428.1_-_20268-21084_ARO:3000412_sul2	100.000	34	0	0	1173	1206	796	763	2.43e-10	63.9	388963
NODE_14169_length_2049_cov_3.2663	gb_AY055428.1_-_20268-21084_ARO:3000412_sul2	100.000	34	0	0	1173	1206	796	763	2.43e-10	63.9	388963
NODE_14169_length_2049_cov_3.2663	gb_AY055428.1_-_20268-21084_ARO:3000412_sul2	100.000	34	0	0	1173	1206	796	763	2.43e-10	63.9	388963
NODE_14169_length_2049_cov_3.2663	gb_AY055428.1_-_20268-21084_ARO:3000412_sul2	100.000	34	0	0	1173	1206	796	763	2.43e-10	63.9	388963
NODE_14169_length_2049_cov_3.2663	gb_AY055428.1_-_20268-21084_ARO:3000412_sul2	100.000	34	0	0	1173	1206	796	763	2.43e-10	63.9	540275
NODE_14169_length_2049_cov_3.2663	gb_AY055428.1_-_20268-21084_ARO:3000412_sul2	100.000	34	0	0	1173	1206	796	763	2.43e-10	63.9	388963
NODE_14169_length_2049_cov_3.2663	gb_AY055428.1_-_20268-21084_ARO:3000412_sul2	100.000	34	0	0	1173	1206	796	763	2.43e-10	63.9	388963
NODE_14169_length_2049_cov_3.2663	gb_AY055428.1_-_20268-21084_ARO:3000412_sul2	100.000	34	0	0	1173	1206	796	763	2.43e-10	63.9	457501
NODE_14169_length_2049_cov_3.2663	gb_AY055428.1_-_20268-21084_ARO:3000412_sul2	100.000	34	0	0	1173	1206	796	763	2.43e-10	63.9	450483
NODE_14169_length_2049_cov_3.2663	gb_AY055428.1_-_20268-21084_ARO:3000412_sul2	100.000	34	0	0	1173	1206	796	763	2.43e-10	63.9	388963
NODE_14169_length_2049_cov_3.2663	gb_AY055428.1_-_20268-21084_ARO:3000412_sul2	100.000	34	0	0	1173	1206	796	763	2.43e-10	63.9	388963
NODE_14169_length_2049_cov_3.2663	gb_AY055428.1_-_20268-21084_ARO:3000412_sul2	100.000	34	0	0	1173	1206	796	763	2.43e-10	63.9	423350
NODE_15308_length_1914_cov_2.88973	gb_NC_003112.2_-_1791966-1795170_ARO:3000811_mtrD	81.770	1311	229	9	1	1306	1306	1	0.0	1088	3907699
NODE_17067_length_1727_cov_2.02273	gb_BX664015.1_-_204137-204554_ARO:3000168_tet(D)	100.000	166	0	0	1	166	252	417	8.56e-84	307	67371
NODE_17067_length_1727_cov_2.02273	gb_BX664015.1_-_204137-204554_ARO:3000168_tet(D)	100.000	166	0	0	1	166	252	417	8.56e-84	307	4543495
NODE_17067_length_1727_cov_2.02273	gb_BX664015.1_-_204137-204554_ARO:3000168_tet(D)	100.000	166	0	0	1	166	252	417	8.56e-84	307	67371
NODE_17067_length_1727_cov_2.02273	gb_BX664015.1_-_204137-204554_ARO:3000168_tet(D)	100.000	166	0	0	1	166	252	417	8.56e-84	307	66794
NODE_17646_length_1675_cov_12.8309	gb_LT673656.1_-_1884344-1885022_ARO:3004054_Pseudomonas	90.741	54	3	2	175	227	332	280	1.19e-12	71.3	133634
NODE_20239_length_1478_cov_9.71469	gb_NC_003098.1_-_1359228-1360395_ARO:3000025_patB	83.619	818	130	4	662	1477	1155	340	0.0	765	852781
NODE_20239_length_1478_cov_9.71469	gb_NC_003098.1_-_1359228-1360395_ARO:3000025_patB	83.619	818	130	4	662	1477	1155	340	0.0	765	852781
NODE_21271_length_1408_cov_84.7066	gb_AF235050.4_+_38028-40140_ARO:3003318_Streptomyces	85.294	68	4	4	886	950	1897	1961	4.63e-11	65.8	1312628
NODE_24689_length_1225_cov_55.4957	gb_NC_014638.1_-_1610636-1613960_ARO:3003730_Bifidobacteria	77.215	316	70	2	3	317	1834	2148	1.06e-46	183	76827
NODE_41502_length_751_cov_2.18247	gb_M80346_+_0-1656_ARO:3002817_carA	97.059	34	1	0	339	372	1469	1502	4.08e-09	58.4	1180752
NODE_48241_length_653_cov_2.1806	gb_NC_003112.2_-_1791966-1795170_ARO:3000811_mtrD	82.181	651	116	0	1	651	2856	2206	2.21e-160	560	2274485
