NODE_26_length_147470_cov_10.4634	gb_AF235050.4_+_38028-40140_ARO:3003318_Streptomyces	80.769	208	40	0	108105	108312	283	76	1.69e-38	163	3602629
NODE_26_length_147470_cov_10.4634	gb_AF235050.4_+_38028-40140_ARO:3003318_Streptomyces	80.769	208	40	0	108105	108312	283	76	1.69e-38	163	2384672
NODE_26_length_147470_cov_10.4634	gb_AF235050.4_+_38028-40140_ARO:3003318_Streptomyces	80.769	208	40	0	108105	108312	283	76	1.69e-38	163	1671996
NODE_131_length_70761_cov_12.3147	gb_NC_014638.1_-_1610636-1613960_ARO:3003730_Bifidobacteria	83.479	3317	518	26	12333	15634	3324	23	0.0	3062	231237
NODE_131_length_70761_cov_12.3147	gb_NC_014638.1_-_1610636-1613960_ARO:3003730_Bifidobacteria	83.479	3317	518	26	12333	15634	3324	23	0.0	3062	231237
NODE_131_length_70761_cov_12.3147	gb_NC_014638.1_-_1610636-1613960_ARO:3003730_Bifidobacteria	83.479	3317	518	26	12333	15634	3324	23	0.0	3062	231237
NODE_131_length_70761_cov_12.3147	gb_NC_014638.1_-_1610636-1613960_ARO:3003730_Bifidobacteria	83.479	3317	518	26	12333	15634	3324	23	0.0	3062	437541
NODE_131_length_70761_cov_12.3147	gb_NC_014638.1_-_1610636-1613960_ARO:3003730_Bifidobacteria	83.479	3317	518	26	12333	15634	3324	23	0.0	3062	892416
NODE_131_length_70761_cov_12.3147	gb_NC_014638.1_-_1610636-1613960_ARO:3003730_Bifidobacteria	83.479	3317	518	26	12333	15634	3324	23	0.0	3062	231237
NODE_131_length_70761_cov_12.3147	gb_NC_014638.1_-_1610636-1613960_ARO:3003730_Bifidobacteria	83.479	3317	518	26	12333	15634	3324	23	0.0	3062	231237
NODE_131_length_70761_cov_12.3147	gb_NC_014638.1_-_1610636-1613960_ARO:3003730_Bifidobacteria	83.479	3317	518	26	12333	15634	3324	23	0.0	3062	892416
NODE_158_length_65270_cov_4.73796	gb_AF173226_+_3767-6917_ARO:3003052_smeB	83.784	74	12	0	58204	58277	1169	1242	4.65e-11	71.3	748186
NODE_158_length_65270_cov_4.73796	gb_AJ252200_+_1278-4401_ARO:3003056_smeE	83.333	72	12	0	58206	58277	1171	1242	6.02e-10	67.6	748186
NODE_158_length_65270_cov_4.73796	gb_AF173226_+_3767-6917_ARO:3003052_smeB	83.784	74	12	0	58204	58277	1169	1242	4.65e-11	71.3	2734678
NODE_158_length_65270_cov_4.73796	gb_AJ252200_+_1278-4401_ARO:3003056_smeE	83.333	72	12	0	58206	58277	1171	1242	6.02e-10	67.6	2734678
NODE_158_length_65270_cov_4.73796	gb_AF173226_+_3767-6917_ARO:3003052_smeB	83.784	74	12	0	58204	58277	1169	1242	4.65e-11	71.3	822186
NODE_158_length_65270_cov_4.73796	gb_AJ252200_+_1278-4401_ARO:3003056_smeE	83.333	72	12	0	58206	58277	1171	1242	6.02e-10	67.6	822186
NODE_1630_length_11705_cov_63.158	gb_Z21523_+_0-1974_ARO:3000191_tetQ	97.217	539	15	0	1	539	1436	1974	0.0	913	1671973
NODE_1630_length_11705_cov_63.158	gb_Z21523_+_0-1974_ARO:3000191_tetQ	97.217	539	15	0	1	539	1436	1974	0.0	913	1671973
NODE_2009_length_9805_cov_13.5681	gb_AF118110.1_-_71-1037_ARO:3003002_CfxA2	86.120	951	131	1	7128	8078	4	953	0.0	1024	833700
NODE_2009_length_9805_cov_13.5681	gb_AF472622_+_52-1018_ARO:3003003_CfxA3	86.015	951	132	1	7128	8078	4	953	0.0	1018	833700
NODE_2009_length_9805_cov_13.5681	gb_AY769934_+_27-993_ARO:3003096_CfxA5	86.015	951	132	1	7128	8078	4	953	0.0	1018	833700
NODE_2009_length_9805_cov_13.5681	gb_U38243_+_149-1115_ARO:3003001_CfxA	86.015	951	132	1	7128	8078	4	953	0.0	1018	833700
NODE_2009_length_9805_cov_13.5681	gb_AY769933_+_0-966_ARO:3003005_CfxA4	86.015	951	132	1	7128	8078	4	953	0.0	1018	833700
NODE_2009_length_9805_cov_13.5681	gb_GQ342996_+_797-1793_ARO:3003097_CfxA6	84.963	951	136	6	7126	8073	34	980	0.0	957	833700
NODE_9765_length_2473_cov_45.3966	gb_EU434751_+_658-2578_ARO:3000194_tetW	98.698	1920	25	0	543	2462	1	1920	0.0	3408	214020
NODE_9765_length_2473_cov_45.3966	gb_KU736867.1_+_19653-21573_ARO:3004442_tet(W/N/W)	96.705	1912	61	2	543	2453	1	1911	0.0	3181	214020
NODE_9765_length_2473_cov_45.3966	gb_EU434751_+_658-2578_ARO:3000194_tetW	98.698	1920	25	0	543	2462	1	1920	0.0	3408	214020
NODE_9765_length_2473_cov_45.3966	gb_KU736867.1_+_19653-21573_ARO:3004442_tet(W/N/W)	96.705	1912	61	2	543	2453	1	1911	0.0	3181	214020
NODE_21238_length_1201_cov_2.11606	gb_AP006618.1_+_4835199-4838688_ARO:3000501_Nocardia	71.856	668	177	9	140	802	2102	2763	3.74e-46	182	349353
NODE_34235_length_781_cov_76.595	gb_AF242872_+_2131-2878_ARO:3000375_ErmB	99.331	747	4	1	7	752	1	747	0.0	1351	887242
NODE_34515_length_775_cov_2.05278	gb_AF226276.1_+_3583-4207_ARO:3002682_catD	100.000	525	0	0	1	525	525	1	0.0	970	3602635
NODE_34515_length_775_cov_2.05278	gb_U15027_+_0-624_ARO:3002686_catP	100.000	525	0	0	1	525	525	1	0.0	970	3602635
NODE_34515_length_775_cov_2.05278	gb_X74948_+_0-492_ARO:3002688_catS	82.789	459	72	5	1	455	466	11	4.70e-113	403	3602635
NODE_145075_length_252_cov_0.837563	gb_U00096.3_-_3203309-3204131_ARO:3002986_bacA	98.413	252	4	0	1	252	465	716	8.53e-126	444	126965
NODE_182770_length_212_cov_1.0828	gb_DQ212986_+_7787-9926_ARO:3002972_vanTG	100.000	37	0	0	8	44	1843	1807	4.96e-13	69.4	58701
