NODE_2_length_391439_cov_13.3016	gb_AP006618.1_+_4835199-4838688_ARO:3000501_Nocardia	80.899	356	52	11	253518	253865	2986	3333	3.31e-69	267	63548
NODE_2_length_391439_cov_13.3016	gb_AP006618.1_+_4835199-4838688_ARO:3000501_Nocardia	80.899	356	52	11	253518	253865	2986	3333	3.31e-69	267	131686
NODE_2_length_391439_cov_13.3016	gb_AP006618.1_+_4835199-4838688_ARO:3000501_Nocardia	80.899	356	52	11	253518	253865	2986	3333	3.31e-69	267	4510990
NODE_2_length_391439_cov_13.3016	gb_AP006618.1_+_4835199-4838688_ARO:3000501_Nocardia	80.899	356	52	11	253518	253865	2986	3333	3.31e-69	267	4178249
NODE_2_length_391439_cov_13.3016	gb_AP006618.1_+_4835199-4838688_ARO:3000501_Nocardia	80.899	356	52	11	253518	253865	2986	3333	3.31e-69	267	474314
NODE_2_length_391439_cov_13.3016	gb_AP006618.1_+_4835199-4838688_ARO:3000501_Nocardia	80.899	356	52	11	253518	253865	2986	3333	3.31e-69	267	1401345
NODE_2_length_391439_cov_13.3016	gb_AP006618.1_+_4835199-4838688_ARO:3000501_Nocardia	80.899	356	52	11	253518	253865	2986	3333	3.31e-69	267	711634
NODE_2_length_391439_cov_13.3016	gb_AP006618.1_+_4835199-4838688_ARO:3000501_Nocardia	80.899	356	52	11	253518	253865	2986	3333	3.31e-69	267	5243169
NODE_2_length_391439_cov_13.3016	gb_AP006618.1_+_4835199-4838688_ARO:3000501_Nocardia	80.899	356	52	11	253518	253865	2986	3333	3.31e-69	267	5243505
NODE_24_length_158778_cov_10.1555	gb_M80346_+_0-1656_ARO:3002817_carA	100.000	36	0	0	15037	15072	1502	1467	1.46e-09	67.6	866535
NODE_24_length_158778_cov_10.1555	gb_M80346_+_0-1656_ARO:3002817_carA	100.000	36	0	0	15037	15072	1502	1467	1.46e-09	67.6	6449618
NODE_24_length_158778_cov_10.1555	gb_M80346_+_0-1656_ARO:3002817_carA	100.000	36	0	0	15037	15072	1502	1467	1.46e-09	67.6	5243172
NODE_29_length_143545_cov_10.6391	gb_AB015853_+_1330-4471_ARO:3003033_mexY	81.368	585	98	10	94083	94663	1550	973	1.12e-129	466	285878
NODE_29_length_143545_cov_10.6391	gb_AFRQ01000061.1_-_23986-27124_ARO:3004144_AxyY	80.592	608	105	12	94061	94663	1572	973	6.72e-127	457	285878
NODE_29_length_143545_cov_10.6391	gb_U57969_+_1485-4617_ARO:3000801_MexD	76.480	625	126	20	94079	94694	1563	951	9.20e-86	320	285878
NODE_29_length_143545_cov_10.6391	gb_AF173226_+_3767-6917_ARO:3003052_smeB	75.467	375	81	7	92658	93028	2996	2629	2.73e-41	172	285878
NODE_29_length_143545_cov_10.6391	gb_AB015853_+_1330-4471_ARO:3003033_mexY	81.368	585	98	10	94083	94663	1550	973	1.12e-129	466	1139389
NODE_29_length_143545_cov_10.6391	gb_AFRQ01000061.1_-_23986-27124_ARO:3004144_AxyY	80.592	608	105	12	94061	94663	1572	973	6.72e-127	457	1139389
NODE_29_length_143545_cov_10.6391	gb_U57969_+_1485-4617_ARO:3000801_MexD	76.480	625	126	20	94079	94694	1563	951	9.20e-86	320	1139389
NODE_29_length_143545_cov_10.6391	gb_AF173226_+_3767-6917_ARO:3003052_smeB	75.467	375	81	7	92658	93028	2996	2629	2.73e-41	172	1139389
NODE_29_length_143545_cov_10.6391	gb_AB015853_+_1330-4471_ARO:3003033_mexY	81.368	585	98	10	94083	94663	1550	973	1.12e-129	466	1346221
NODE_29_length_143545_cov_10.6391	gb_AFRQ01000061.1_-_23986-27124_ARO:3004144_AxyY	80.592	608	105	12	94061	94663	1572	973	6.72e-127	457	1346221
NODE_29_length_143545_cov_10.6391	gb_U57969_+_1485-4617_ARO:3000801_MexD	76.480	625	126	20	94079	94694	1563	951	9.20e-86	320	1346221
NODE_29_length_143545_cov_10.6391	gb_AF173226_+_3767-6917_ARO:3003052_smeB	75.467	375	81	7	92658	93028	2996	2629	2.73e-41	172	1346221
NODE_29_length_143545_cov_10.6391	gb_AB015853_+_1330-4471_ARO:3003033_mexY	81.368	585	98	10	94083	94663	1550	973	1.12e-129	466	2992985
NODE_29_length_143545_cov_10.6391	gb_AFRQ01000061.1_-_23986-27124_ARO:3004144_AxyY	80.592	608	105	12	94061	94663	1572	973	6.72e-127	457	2992985
NODE_29_length_143545_cov_10.6391	gb_U57969_+_1485-4617_ARO:3000801_MexD	76.480	625	126	20	94079	94694	1563	951	9.20e-86	320	2992985
NODE_29_length_143545_cov_10.6391	gb_AF173226_+_3767-6917_ARO:3003052_smeB	75.467	375	81	7	92658	93028	2996	2629	2.73e-41	172	2992985
NODE_37_length_129664_cov_12.3262	gb_X63451_+_0-1653_ARO:3002828_srmB	97.222	36	1	0	87694	87729	1500	1465	5.57e-08	62.1	2915248
NODE_37_length_129664_cov_12.3262	gb_X63451_+_0-1653_ARO:3002828_srmB	97.222	36	1	0	87694	87729	1500	1465	5.57e-08	62.1	1725674
NODE_69_length_104642_cov_12.3972	gb_X63451_+_0-1653_ARO:3002828_srmB	78.448	116	19	6	56209	56321	1577	1465	7.46e-11	71.3	1545322
NODE_69_length_104642_cov_12.3972	gb_X63451_+_0-1653_ARO:3002828_srmB	78.448	116	19	6	56209	56321	1577	1465	7.46e-11	71.3	68950
NODE_69_length_104642_cov_12.3972	gb_X63451_+_0-1653_ARO:3002828_srmB	78.448	116	19	6	56209	56321	1577	1465	7.46e-11	71.3	554589
NODE_69_length_104642_cov_12.3972	gb_X63451_+_0-1653_ARO:3002828_srmB	78.448	116	19	6	56209	56321	1577	1465	7.46e-11	71.3	2152594
NODE_91_length_89374_cov_14.916	gb_M17124_+_1181-1982_ARO:3000498_ErmF	99.625	801	3	0	86443	87243	801	1	0.0	1463	2112055
NODE_91_length_89374_cov_14.916	gb_AF319779.2_+_32-833_ARO:3000604_Erm(35)	78.643	796	166	3	86450	87243	794	1	1.13e-147	525	2112055
NODE_91_length_89374_cov_14.916	gb_M17124_+_1181-1982_ARO:3000498_ErmF	99.625	801	3	0	86443	87243	801	1	0.0	1463	776261
NODE_91_length_89374_cov_14.916	gb_AF319779.2_+_32-833_ARO:3000604_Erm(35)	78.643	796	166	3	86450	87243	794	1	1.13e-147	525	776261
NODE_91_length_89374_cov_14.916	gb_M17124_+_1181-1982_ARO:3000498_ErmF	99.625	801	3	0	86443	87243	801	1	0.0	1463	3463213
NODE_91_length_89374_cov_14.916	gb_AF319779.2_+_32-833_ARO:3000604_Erm(35)	78.643	796	166	3	86450	87243	794	1	1.13e-147	525	3463213
NODE_91_length_89374_cov_14.916	gb_M17124_+_1181-1982_ARO:3000498_ErmF	99.625	801	3	0	86443	87243	801	1	0.0	1463	60728
NODE_91_length_89374_cov_14.916	gb_AF319779.2_+_32-833_ARO:3000604_Erm(35)	78.643	796	166	3	86450	87243	794	1	1.13e-147	525	60728
NODE_91_length_89374_cov_14.916	gb_M17124_+_1181-1982_ARO:3000498_ErmF	99.625	801	3	0	86443	87243	801	1	0.0	1463	381884
NODE_91_length_89374_cov_14.916	gb_AF319779.2_+_32-833_ARO:3000604_Erm(35)	78.643	796	166	3	86450	87243	794	1	1.13e-147	525	381884
NODE_91_length_89374_cov_14.916	gb_M17124_+_1181-1982_ARO:3000498_ErmF	99.625	801	3	0	86443	87243	801	1	0.0	1463	3466419
NODE_91_length_89374_cov_14.916	gb_AF319779.2_+_32-833_ARO:3000604_Erm(35)	78.643	796	166	3	86450	87243	794	1	1.13e-147	525	3466419
NODE_91_length_89374_cov_14.916	gb_M17124_+_1181-1982_ARO:3000498_ErmF	99.625	801	3	0	86443	87243	801	1	0.0	1463	4499247
NODE_91_length_89374_cov_14.916	gb_AF319779.2_+_32-833_ARO:3000604_Erm(35)	78.643	796	166	3	86450	87243	794	1	1.13e-147	525	4499247
NODE_250_length_53099_cov_5.28265	gb_HM990671_+_5192-6671_ARO:3003112_lsaC	78.270	1468	307	12	16145	17606	9	1470	0.0	933	6449012
NODE_250_length_53099_cov_5.28265	gb_HM990671_+_5192-6671_ARO:3003112_lsaC	78.270	1468	307	12	16145	17606	9	1470	0.0	933	2992839
NODE_250_length_53099_cov_5.28265	gb_HM990671_+_5192-6671_ARO:3003112_lsaC	78.270	1468	307	12	16145	17606	9	1470	0.0	933	5091463
NODE_250_length_53099_cov_5.28265	gb_HM990671_+_5192-6671_ARO:3003112_lsaC	78.270	1468	307	12	16145	17606	9	1470	0.0	933	5243715
NODE_1475_length_14887_cov_19.1862	gb_AY768532_+_0-1935_ARO:3000535_macB	86.425	1930	251	10	5021	6946	1	1923	0.0	2102	3647156
NODE_1475_length_14887_cov_19.1862	gb_AY768531_+_0-1179_ARO:3000533_macA	84.497	1103	156	13	3822	4918	77	1170	0.0	1075	3647156
NODE_1475_length_14887_cov_19.1862	gb_AY768532_+_0-1935_ARO:3000535_macB	86.425	1930	251	10	5021	6946	1	1923	0.0	2102	6384688
NODE_1475_length_14887_cov_19.1862	gb_AY768531_+_0-1179_ARO:3000533_macA	84.497	1103	156	13	3822	4918	77	1170	0.0	1075	6384688
NODE_1475_length_14887_cov_19.1862	gb_AY768532_+_0-1935_ARO:3000535_macB	86.425	1930	251	10	5021	6946	1	1923	0.0	2102	117753
NODE_1475_length_14887_cov_19.1862	gb_AY768531_+_0-1179_ARO:3000533_macA	84.497	1103	156	13	3822	4918	77	1170	0.0	1075	117753
NODE_2197_length_10919_cov_5.5706	gb_AF118110.1_-_71-1037_ARO:3003002_CfxA2	86.120	951	131	1	8779	9729	953	4	0.0	1024	21527
NODE_2197_length_10919_cov_5.5706	gb_AF472622_+_52-1018_ARO:3003003_CfxA3	86.015	951	132	1	8779	9729	953	4	0.0	1018	21527
NODE_2197_length_10919_cov_5.5706	gb_AY769934_+_27-993_ARO:3003096_CfxA5	86.015	951	132	1	8779	9729	953	4	0.0	1018	21527
NODE_2197_length_10919_cov_5.5706	gb_U38243_+_149-1115_ARO:3003001_CfxA	86.015	951	132	1	8779	9729	953	4	0.0	1018	21527
NODE_2197_length_10919_cov_5.5706	gb_AY769933_+_0-966_ARO:3003005_CfxA4	86.015	951	132	1	8779	9729	953	4	0.0	1018	21527
NODE_2197_length_10919_cov_5.5706	gb_GQ342996_+_797-1793_ARO:3003097_CfxA6	84.963	951	136	6	8784	9731	980	34	0.0	957	21527
NODE_2980_length_8728_cov_20.1523	gb_NC_003112.2_-_1791966-1795170_ARO:3000811_mtrD	81.283	3179	577	15	1794	4963	3170	1	0.0	2558	59141
NODE_2980_length_8728_cov_20.1523	gb_X95635_+_259-1663_ARO:3000812_mtrE	75.656	1372	302	28	298	1653	1389	34	0.0	654	59141
NODE_2980_length_8728_cov_20.1523	gb_CP001050.1_+_1332866-1333499_ARO:3000817_mtrR	80.208	576	112	2	6504	7078	1	575	2.48e-120	431	59141
NODE_2980_length_8728_cov_20.1523	gb_NC_003112.2_-_1791966-1795170_ARO:3000811_mtrD	81.283	3179	577	15	1794	4963	3170	1	0.0	2558	195739
NODE_2980_length_8728_cov_20.1523	gb_X95635_+_259-1663_ARO:3000812_mtrE	75.656	1372	302	28	298	1653	1389	34	0.0	654	195739
NODE_2980_length_8728_cov_20.1523	gb_CP001050.1_+_1332866-1333499_ARO:3000817_mtrR	80.208	576	112	2	6504	7078	1	575	2.48e-120	431	195739
NODE_5142_length_5927_cov_3.2735	gb_HM990671_+_5192-6671_ARO:3003112_lsaC	71.276	1403	364	34	3301	4685	10	1391	1.06e-87	322	1630337
NODE_6807_length_4909_cov_10.2524	gb_HM990671_+_5192-6671_ARO:3003112_lsaC	92.199	282	22	0	1	282	1198	1479	3.93e-111	399	1177698
NODE_7821_length_4438_cov_9.27105	gb_NC_014638.1_-_1610636-1613960_ARO:3003730_Bifidobacteria	74.564	861	189	20	2002	2838	1302	2156	3.63e-96	350	6449256
NODE_7821_length_4438_cov_9.27105	gb_NC_014638.1_-_1610636-1613960_ARO:3003730_Bifidobacteria	74.564	861	189	20	2002	2838	1302	2156	3.63e-96	350	1157350
NODE_7821_length_4438_cov_9.27105	gb_NC_014638.1_-_1610636-1613960_ARO:3003730_Bifidobacteria	74.564	861	189	20	2002	2838	1302	2156	3.63e-96	350	1157350
NODE_7821_length_4438_cov_9.27105	gb_NC_014638.1_-_1610636-1613960_ARO:3003730_Bifidobacteria	74.564	861	189	20	2002	2838	1302	2156	3.63e-96	350	683669
NODE_10250_length_3641_cov_3.1952	gb_CP001050.1_+_1332866-1333499_ARO:3000817_mtrR	77.419	589	111	17	1772	2349	578	1	1.08e-90	331	4986587
NODE_12442_length_3158_cov_6.89204	gb_AF235050.4_+_38028-40140_ARO:3003318_Streptomyces	75.257	1265	250	57	1918	3155	1991	763	1.10e-154	544	2251459
NODE_18254_length_2361_cov_3.2784	gb_NC_003098.1_-_1359228-1360395_ARO:3000025_patB	83.520	1159	187	3	653	1809	1	1157	0.0	1079	2809693
NODE_19699_length_2225_cov_6.99124	gb_AB219524.1_+_1176-4338_ARO:3003699_mexQ	92.683	41	3	0	1862	1902	2852	2812	3.42e-09	60.2	5243792
NODE_19699_length_2225_cov_6.99124	gb_NC_002516_+_2810008-2813197_ARO:3000804_MexF	97.059	34	1	0	1858	1891	2883	2850	1.23e-08	58.4	5243792
NODE_19699_length_2225_cov_6.99124	gb_AJ252200_+_1278-4401_ARO:3003056_smeE	97.059	34	1	0	1858	1891	2856	2823	1.23e-08	58.4	5243792
NODE_20692_length_2144_cov_28.9895	gb_HM990671_+_5192-6671_ARO:3003112_lsaC	84.303	1478	226	5	617	2091	1475	1	0.0	1439	5243021
NODE_24363_length_1878_cov_20.0867	gb_HM990671_+_5192-6671_ARO:3003112_lsaC	93.151	1241	85	0	1	1241	1242	2	0.0	1821	2141347
NODE_42998_length_1174_cov_9.18052	gb_NC_014638.1_-_1610636-1613960_ARO:3003730_Bifidobacteria	76.065	681	141	14	1	661	1470	2148	2.65e-92	335	683669
NODE_42998_length_1174_cov_9.18052	gb_NC_014638.1_-_1610636-1613960_ARO:3003730_Bifidobacteria	76.065	681	141	14	1	661	1470	2148	2.65e-92	335	133132
NODE_46127_length_1104_cov_4.46711	gb_M80346_+_0-1656_ARO:3002817_carA	100.000	29	0	0	698	726	1475	1503	7.82e-08	54.7	866535
NODE_48335_length_1060_cov_14.5383	gb_AP006618.1_+_4835199-4838688_ARO:3000501_Nocardia	75.056	445	82	22	3	437	1302	877	1.19e-45	180	90307
NODE_57676_length_903_cov_1.43868	gb_X63451_+_0-1653_ARO:3002828_srmB	97.059	34	1	0	732	765	1499	1466	4.92e-09	58.4	6103059
NODE_93576_length_567_cov_1.95312	gb_HM990671_+_5192-6671_ARO:3003112_lsaC	84.577	402	56	5	3	401	400	2	2.05e-110	394	5243021
NODE_100057_length_530_cov_1.55158	gb_DQ212986_+_2258-2966_ARO:3002926_vanRG	79.630	108	17	5	246	351	317	213	1.02e-13	73.1	2188765
NODE_174708_length_298_cov_0.979424	gb_NC_003098.1_-_1359228-1360395_ARO:3000025_patB	82.215	298	53	0	1	298	306	9	1.43e-69	257	2809693
