NODE_1040_length_6952_cov_119.481	gb_HQ652506.1_+_2099-3836_ARO:3004033_tetB(46)	77.940	1709	320	46	2591	4271	58	1737	0.0	1014	5762238
NODE_1040_length_6952_cov_119.481	gb_HQ652506.1_+_2099-3836_ARO:3004033_tetB(46)	77.940	1709	320	46	2591	4271	58	1737	0.0	1014	2914786
NODE_1059_length_6864_cov_12.907	gb_NC_003098.1_+_866210-867410_ARO:3000822_pmrA	76.916	1057	230	11	6	1055	1055	6	1.09e-167	588	304686
NODE_1344_length_5864_cov_8.00757	gb_AP006618.1_+_4835199-4838688_ARO:3000501_Nocardia	85.629	334	44	4	3312	3643	2968	3299	1.72e-95	348	31952
NODE_1344_length_5864_cov_8.00757	gb_AP006618.1_+_4835199-4838688_ARO:3000501_Nocardia	85.629	334	44	4	3312	3643	2968	3299	1.72e-95	348	916327
NODE_1344_length_5864_cov_8.00757	gb_AP006618.1_+_4835199-4838688_ARO:3000501_Nocardia	85.629	334	44	4	3312	3643	2968	3299	1.72e-95	348	145396
NODE_1843_length_4869_cov_82.6064	gb_HQ652506.1_+_373-2098_ARO:3004032_tetA(46)	94.957	1725	87	0	510	2234	1	1725	0.0	2704	2914786
NODE_1843_length_4869_cov_82.6064	gb_HQ652506.1_+_2099-3836_ARO:3004033_tetB(46)	92.571	1723	124	4	2236	3956	1	1721	0.0	2470	2914786
NODE_1843_length_4869_cov_82.6064	gb_HQ652506.1_+_373-2098_ARO:3004032_tetA(46)	94.957	1725	87	0	510	2234	1	1725	0.0	2704	5762238
NODE_1843_length_4869_cov_82.6064	gb_HQ652506.1_+_2099-3836_ARO:3004033_tetB(46)	92.571	1723	124	4	2236	3956	1	1721	0.0	2470	5762238
NODE_1884_length_4800_cov_372.938	gb_AP009048_+_2810082-2811255_ARO:3000027_emrA	74.208	221	52	5	848	1065	750	968	3.39e-17	87.9	279713
NODE_1884_length_4800_cov_372.938	gb_AP009048_+_2810082-2811255_ARO:3000027_emrA	74.208	221	52	5	848	1065	750	968	3.39e-17	87.9	279713
NODE_1884_length_4800_cov_372.938	gb_AP009048_+_2810082-2811255_ARO:3000027_emrA	74.208	221	52	5	848	1065	750	968	3.39e-17	87.9	2872331
NODE_2720_length_3743_cov_62.1958	gb_KX000272.1_+_0-1740_ARO:3004035_tetA(60)	95.531	179	8	0	3565	3743	1	179	2.43e-77	287	763363
NODE_3288_length_3306_cov_4.93633	gb_HM990671_+_5192-6671_ARO:3003112_lsaC	94.684	395	21	0	1	395	395	1	8.67e-176	614	6699046
NODE_7935_length_1676_cov_22.6255	gb_CP007593.1_+_2148923-2149772_ARO:3001301_RlmA(II)	84.342	843	128	4	614	1454	841	1	0.0	822	575055
NODE_8218_length_1628_cov_3.20725	gb_NC_003098.1_+_866210-867410_ARO:3000822_pmrA	94.250	1200	69	0	70	1269	1200	1	0.0	1834	3265243
NODE_10922_length_1261_cov_20.7977	gb_CP007593.1_+_2148923-2149772_ARO:3001301_RlmA(II)	93.720	844	51	2	81	923	1	843	0.0	1264	6699033
NODE_42784_length_397_cov_4.43275	gb_KX000273.1_+_0-1740_ARO:3004036_tetB(60)	87.154	397	51	0	1	397	724	1120	8.25e-128	451	361933
NODE_49932_length_353_cov_74.5	gb_CP007593.1_+_2148923-2149772_ARO:3001301_RlmA(II)	85.654	237	34	0	3	239	607	843	2.86e-67	250	575055
