NODE_62_length_115017_cov_6.07272	gb_NC_002516.2_+_4904646-4907703_ARO:3003031_mexW	83.117	77	13	0	105723	105799	1145	1221	8.20e-11	71.3	443811
NODE_62_length_115017_cov_6.07272	gb_NC_002516.2_+_4904646-4907703_ARO:3003031_mexW	83.117	77	13	0	105723	105799	1145	1221	8.20e-11	71.3	882567
NODE_62_length_115017_cov_6.07272	gb_NC_002516.2_+_4904646-4907703_ARO:3003031_mexW	83.117	77	13	0	105723	105799	1145	1221	8.20e-11	71.3	368043
NODE_62_length_115017_cov_6.07272	gb_NC_002516.2_+_4904646-4907703_ARO:3003031_mexW	83.117	77	13	0	105723	105799	1145	1221	8.20e-11	71.3	3818678
NODE_62_length_115017_cov_6.07272	gb_NC_002516.2_+_4904646-4907703_ARO:3003031_mexW	83.117	77	13	0	105723	105799	1145	1221	8.20e-11	71.3	59722
NODE_62_length_115017_cov_6.07272	gb_NC_002516.2_+_4904646-4907703_ARO:3003031_mexW	83.117	77	13	0	105723	105799	1145	1221	8.20e-11	71.3	280324
NODE_86_length_102452_cov_25.7255	gb_KU736867.1_+_19653-21573_ARO:3004442_tet(W/N/W)	95.807	477	20	0	101976	102452	1	477	0.0	771	6395301
NODE_86_length_102452_cov_25.7255	gb_EU434751_+_658-2578_ARO:3000194_tetW	95.178	477	23	0	101976	102452	1	477	0.0	754	6395301
NODE_86_length_102452_cov_25.7255	gb_KU736867.1_+_19653-21573_ARO:3004442_tet(W/N/W)	95.807	477	20	0	101976	102452	1	477	0.0	771	574230
NODE_86_length_102452_cov_25.7255	gb_EU434751_+_658-2578_ARO:3000194_tetW	95.178	477	23	0	101976	102452	1	477	0.0	754	574230
NODE_86_length_102452_cov_25.7255	gb_KU736867.1_+_19653-21573_ARO:3004442_tet(W/N/W)	95.807	477	20	0	101976	102452	1	477	0.0	771	778217
NODE_86_length_102452_cov_25.7255	gb_EU434751_+_658-2578_ARO:3000194_tetW	95.178	477	23	0	101976	102452	1	477	0.0	754	778217
NODE_86_length_102452_cov_25.7255	gb_KU736867.1_+_19653-21573_ARO:3004442_tet(W/N/W)	95.807	477	20	0	101976	102452	1	477	0.0	771	778217
NODE_86_length_102452_cov_25.7255	gb_EU434751_+_658-2578_ARO:3000194_tetW	95.178	477	23	0	101976	102452	1	477	0.0	754	778217
NODE_86_length_102452_cov_25.7255	gb_KU736867.1_+_19653-21573_ARO:3004442_tet(W/N/W)	95.807	477	20	0	101976	102452	1	477	0.0	771	6395301
NODE_86_length_102452_cov_25.7255	gb_EU434751_+_658-2578_ARO:3000194_tetW	95.178	477	23	0	101976	102452	1	477	0.0	754	6395301
NODE_86_length_102452_cov_25.7255	gb_KU736867.1_+_19653-21573_ARO:3004442_tet(W/N/W)	95.807	477	20	0	101976	102452	1	477	0.0	771	2392373
NODE_86_length_102452_cov_25.7255	gb_EU434751_+_658-2578_ARO:3000194_tetW	95.178	477	23	0	101976	102452	1	477	0.0	754	2392373
NODE_86_length_102452_cov_25.7255	gb_KU736867.1_+_19653-21573_ARO:3004442_tet(W/N/W)	95.807	477	20	0	101976	102452	1	477	0.0	771	1711563
NODE_86_length_102452_cov_25.7255	gb_EU434751_+_658-2578_ARO:3000194_tetW	95.178	477	23	0	101976	102452	1	477	0.0	754	1711563
NODE_153_length_71092_cov_7.64152	gb_NC_007779_+_2586250-2589364_ARO:3000491_acrD	96.875	32	1	0	69955	69986	1876	1907	5.11e-06	54.7	2924168
NODE_153_length_71092_cov_7.64152	gb_NC_007779_+_2586250-2589364_ARO:3000491_acrD	96.875	32	1	0	69955	69986	1876	1907	5.11e-06	54.7	2924168
NODE_153_length_71092_cov_7.64152	gb_NC_007779_+_2586250-2589364_ARO:3000491_acrD	96.875	32	1	0	69955	69986	1876	1907	5.11e-06	54.7	2324118
NODE_153_length_71092_cov_7.64152	gb_NC_007779_+_2586250-2589364_ARO:3000491_acrD	96.875	32	1	0	69955	69986	1876	1907	5.11e-06	54.7	3605345
NODE_153_length_71092_cov_7.64152	gb_NC_007779_+_2586250-2589364_ARO:3000491_acrD	96.875	32	1	0	69955	69986	1876	1907	5.11e-06	54.7	280324
NODE_185_length_62132_cov_26.0557	gb_KU736867.1_+_19653-21573_ARO:3004442_tet(W/N/W)	94.677	1146	61	0	60985	62130	1920	775	0.0	1779	6395312
NODE_185_length_62132_cov_26.0557	gb_EU434751_+_658-2578_ARO:3000194_tetW	92.105	1140	88	2	60994	62132	1911	773	0.0	1605	6395312
NODE_185_length_62132_cov_26.0557	gb_KU736867.1_+_19653-21573_ARO:3004442_tet(W/N/W)	94.677	1146	61	0	60985	62130	1920	775	0.0	1779	6395312
NODE_185_length_62132_cov_26.0557	gb_EU434751_+_658-2578_ARO:3000194_tetW	92.105	1140	88	2	60994	62132	1911	773	0.0	1605	6395312
NODE_185_length_62132_cov_26.0557	gb_KU736867.1_+_19653-21573_ARO:3004442_tet(W/N/W)	94.677	1146	61	0	60985	62130	1920	775	0.0	1779	5123468
NODE_185_length_62132_cov_26.0557	gb_EU434751_+_658-2578_ARO:3000194_tetW	92.105	1140	88	2	60994	62132	1911	773	0.0	1605	5123468
NODE_195_length_59657_cov_15.1109	gb_NC_002516.2_-_2847775-2850886_ARO:3004075_MuxC	100.000	33	0	0	11928	11960	1233	1201	2.56e-08	62.1	4742283
NODE_240_length_50061_cov_24.0103	gb_AF118110.1_-_71-1037_ARO:3003002_CfxA2	86.120	951	131	1	2949	3899	953	4	0.0	1024	4014718
NODE_240_length_50061_cov_24.0103	gb_AF472622_+_52-1018_ARO:3003003_CfxA3	86.015	951	132	1	2949	3899	953	4	0.0	1018	4014718
NODE_240_length_50061_cov_24.0103	gb_AY769934_+_27-993_ARO:3003096_CfxA5	86.015	951	132	1	2949	3899	953	4	0.0	1018	4014718
NODE_240_length_50061_cov_24.0103	gb_U38243_+_149-1115_ARO:3003001_CfxA	86.015	951	132	1	2949	3899	953	4	0.0	1018	4014718
NODE_240_length_50061_cov_24.0103	gb_AY769933_+_0-966_ARO:3003005_CfxA4	86.015	951	132	1	2949	3899	953	4	0.0	1018	4014718
NODE_240_length_50061_cov_24.0103	gb_GQ342996_+_797-1793_ARO:3003097_CfxA6	84.963	951	136	6	2954	3901	980	34	0.0	957	4014718
NODE_240_length_50061_cov_24.0103	gb_AF118110.1_-_71-1037_ARO:3003002_CfxA2	86.120	951	131	1	2949	3899	953	4	0.0	1024	6364739
NODE_240_length_50061_cov_24.0103	gb_AF472622_+_52-1018_ARO:3003003_CfxA3	86.015	951	132	1	2949	3899	953	4	0.0	1018	6364739
NODE_240_length_50061_cov_24.0103	gb_AY769934_+_27-993_ARO:3003096_CfxA5	86.015	951	132	1	2949	3899	953	4	0.0	1018	6364739
NODE_240_length_50061_cov_24.0103	gb_U38243_+_149-1115_ARO:3003001_CfxA	86.015	951	132	1	2949	3899	953	4	0.0	1018	6364739
NODE_240_length_50061_cov_24.0103	gb_AY769933_+_0-966_ARO:3003005_CfxA4	86.015	951	132	1	2949	3899	953	4	0.0	1018	6364739
NODE_240_length_50061_cov_24.0103	gb_GQ342996_+_797-1793_ARO:3003097_CfxA6	84.963	951	136	6	2954	3901	980	34	0.0	957	6364739
NODE_240_length_50061_cov_24.0103	gb_AF118110.1_-_71-1037_ARO:3003002_CfxA2	86.120	951	131	1	2949	3899	953	4	0.0	1024	1711581
NODE_240_length_50061_cov_24.0103	gb_AF472622_+_52-1018_ARO:3003003_CfxA3	86.015	951	132	1	2949	3899	953	4	0.0	1018	1711581
NODE_240_length_50061_cov_24.0103	gb_AY769934_+_27-993_ARO:3003096_CfxA5	86.015	951	132	1	2949	3899	953	4	0.0	1018	1711581
NODE_240_length_50061_cov_24.0103	gb_U38243_+_149-1115_ARO:3003001_CfxA	86.015	951	132	1	2949	3899	953	4	0.0	1018	1711581
NODE_240_length_50061_cov_24.0103	gb_AY769933_+_0-966_ARO:3003005_CfxA4	86.015	951	132	1	2949	3899	953	4	0.0	1018	1711581
NODE_240_length_50061_cov_24.0103	gb_GQ342996_+_797-1793_ARO:3003097_CfxA6	84.963	951	136	6	2954	3901	980	34	0.0	957	1711581
NODE_240_length_50061_cov_24.0103	gb_AF118110.1_-_71-1037_ARO:3003002_CfxA2	86.120	951	131	1	2949	3899	953	4	0.0	1024	1585165
NODE_240_length_50061_cov_24.0103	gb_AF472622_+_52-1018_ARO:3003003_CfxA3	86.015	951	132	1	2949	3899	953	4	0.0	1018	1585165
NODE_240_length_50061_cov_24.0103	gb_AY769934_+_27-993_ARO:3003096_CfxA5	86.015	951	132	1	2949	3899	953	4	0.0	1018	1585165
NODE_240_length_50061_cov_24.0103	gb_U38243_+_149-1115_ARO:3003001_CfxA	86.015	951	132	1	2949	3899	953	4	0.0	1018	1585165
NODE_240_length_50061_cov_24.0103	gb_AY769933_+_0-966_ARO:3003005_CfxA4	86.015	951	132	1	2949	3899	953	4	0.0	1018	1585165
NODE_240_length_50061_cov_24.0103	gb_GQ342996_+_797-1793_ARO:3003097_CfxA6	84.963	951	136	6	2954	3901	980	34	0.0	957	1585165
NODE_240_length_50061_cov_24.0103	gb_AF118110.1_-_71-1037_ARO:3003002_CfxA2	86.120	951	131	1	2949	3899	953	4	0.0	1024	28892
NODE_240_length_50061_cov_24.0103	gb_AF472622_+_52-1018_ARO:3003003_CfxA3	86.015	951	132	1	2949	3899	953	4	0.0	1018	28892
NODE_240_length_50061_cov_24.0103	gb_AY769934_+_27-993_ARO:3003096_CfxA5	86.015	951	132	1	2949	3899	953	4	0.0	1018	28892
NODE_240_length_50061_cov_24.0103	gb_U38243_+_149-1115_ARO:3003001_CfxA	86.015	951	132	1	2949	3899	953	4	0.0	1018	28892
NODE_240_length_50061_cov_24.0103	gb_AY769933_+_0-966_ARO:3003005_CfxA4	86.015	951	132	1	2949	3899	953	4	0.0	1018	28892
NODE_240_length_50061_cov_24.0103	gb_GQ342996_+_797-1793_ARO:3003097_CfxA6	84.963	951	136	6	2954	3901	980	34	0.0	957	28892
NODE_365_length_36401_cov_16.5002	gb_GQ343019_+_132-1023_ARO:3002999_CblA-1	99.776	891	2	0	8576	9466	891	1	0.0	1635	601371
NODE_365_length_36401_cov_16.5002	gb_GQ343019_+_132-1023_ARO:3002999_CblA-1	99.776	891	2	0	8576	9466	891	1	0.0	1635	2726903
NODE_365_length_36401_cov_16.5002	gb_GQ343019_+_132-1023_ARO:3002999_CblA-1	99.776	891	2	0	8576	9466	891	1	0.0	1635	536798
NODE_378_length_35187_cov_16.6754	gb_AF173226_+_3767-6917_ARO:3003052_smeB	82.432	74	13	0	9213	9286	1169	1242	1.17e-09	65.8	3605345
NODE_378_length_35187_cov_16.6754	gb_AJ252200_+_1278-4401_ARO:3003056_smeE	84.615	65	10	0	9222	9286	1178	1242	1.17e-09	65.8	3605345
NODE_378_length_35187_cov_16.6754	gb_AF173226_+_3767-6917_ARO:3003052_smeB	82.432	74	13	0	9213	9286	1169	1242	1.17e-09	65.8	3517404
NODE_378_length_35187_cov_16.6754	gb_AJ252200_+_1278-4401_ARO:3003056_smeE	84.615	65	10	0	9222	9286	1178	1242	1.17e-09	65.8	3517404
NODE_378_length_35187_cov_16.6754	gb_AF173226_+_3767-6917_ARO:3003052_smeB	82.432	74	13	0	9213	9286	1169	1242	1.17e-09	65.8	280324
NODE_378_length_35187_cov_16.6754	gb_AJ252200_+_1278-4401_ARO:3003056_smeE	84.615	65	10	0	9222	9286	1178	1242	1.17e-09	65.8	280324
NODE_378_length_35187_cov_16.6754	gb_AF173226_+_3767-6917_ARO:3003052_smeB	82.432	74	13	0	9213	9286	1169	1242	1.17e-09	65.8	396562
NODE_378_length_35187_cov_16.6754	gb_AJ252200_+_1278-4401_ARO:3003056_smeE	84.615	65	10	0	9222	9286	1178	1242	1.17e-09	65.8	396562
NODE_378_length_35187_cov_16.6754	gb_AF173226_+_3767-6917_ARO:3003052_smeB	82.432	74	13	0	9213	9286	1169	1242	1.17e-09	65.8	396562
NODE_378_length_35187_cov_16.6754	gb_AJ252200_+_1278-4401_ARO:3003056_smeE	84.615	65	10	0	9222	9286	1178	1242	1.17e-09	65.8	396562
NODE_389_length_34175_cov_16.8326	gb_U05883_+_555-1458_ARO:3003559_cepA	77.546	815	165	17	13722	14527	882	77	4.42e-133	475	2924140
NODE_478_length_29208_cov_4.64755	gb_NC_002516_+_2810008-2813197_ARO:3000804_MexF	82.479	234	39	2	13839	14071	1036	1268	1.97e-51	204	964629
NODE_478_length_29208_cov_4.64755	gb_AFRQ01000061.1_-_23986-27124_ARO:3004144_AxyY	76.080	301	66	6	13838	14135	1023	1320	7.24e-36	152	964629
NODE_478_length_29208_cov_4.64755	gb_NC_010378.1_+_47850-51003_ARO:3003923_oqxB	73.171	369	70	25	13858	14213	1055	1407	5.71e-22	106	964629
NODE_478_length_29208_cov_4.64755	gb_NC_002516_+_2810008-2813197_ARO:3000804_MexF	82.479	234	39	2	13839	14071	1036	1268	1.97e-51	204	2924066
NODE_478_length_29208_cov_4.64755	gb_AFRQ01000061.1_-_23986-27124_ARO:3004144_AxyY	76.080	301	66	6	13838	14135	1023	1320	7.24e-36	152	2924066
NODE_478_length_29208_cov_4.64755	gb_NC_010378.1_+_47850-51003_ARO:3003923_oqxB	73.171	369	70	25	13858	14213	1055	1407	5.71e-22	106	2924066
NODE_708_length_19922_cov_6.35083	gb_U00096_+_3415032-3418137_ARO:3000502_acrF	76.923	91	21	0	17286	17376	1156	1246	5.15e-06	52.8	2392438
NODE_708_length_19922_cov_6.35083	gb_U00096_+_3415032-3418137_ARO:3000502_acrF	76.923	91	21	0	17286	17376	1156	1246	5.15e-06	52.8	720018
NODE_803_length_17329_cov_124.655	gb_Z21523_+_0-1974_ARO:3000191_tetQ	90.122	1974	194	1	12361	14333	1	1974	0.0	2564	2328160
NODE_803_length_17329_cov_124.655	gb_M37699_+_585-1752_ARO:3000205_tetX	99.914	1167	1	0	15049	16215	1	1167	0.0	2150	2328160
NODE_803_length_17329_cov_124.655	gb_M17124_+_1181-1982_ARO:3000498_ErmF	99.875	801	1	0	16428	17228	801	1	0.0	1474	2328160
NODE_803_length_17329_cov_124.655	gb_AF319779.2_+_32-833_ARO:3000604_Erm(35)	78.518	796	167	3	16435	17228	794	1	1.02e-146	520	2328160
NODE_1961_length_6559_cov_4.74108	gb_M57437_+_0-1647_ARO:3002827_tlrC	96.970	33	1	0	2031	2063	568	600	1.31e-07	56.5	4723823
NODE_2097_length_6115_cov_124.213	gb_Z21523_+_0-1974_ARO:3000191_tetQ	96.809	1974	63	0	3682	5655	1974	1	0.0	3297	2328160
NODE_16925_length_1033_cov_1.73722	gb_L36601_+_1420-3130_ARO:3003036_oleB	94.595	37	2	0	889	925	1568	1532	5.65e-09	58.4	681596
NODE_111224_length_256_cov_0.910448	gb_NC_007907.1_-_4201992-4202691_ARO:3003728_vanRI	100.000	29	0	0	154	182	283	311	1.71e-08	54.7	1475523
