NODE_4_length_275870_cov_97.9564	gb_AY768532_+_0-1935_ARO:3000535_macB	81.070	1944	353	12	265609	267546	1935	1	0.0	1537	734865
NODE_4_length_275870_cov_97.9564	gb_AY768532_+_0-1935_ARO:3000535_macB	81.070	1944	353	12	265609	267546	1935	1	0.0	1537	1648042
NODE_4_length_275870_cov_97.9564	gb_AY768532_+_0-1935_ARO:3000535_macB	81.070	1944	353	12	265609	267546	1935	1	0.0	1537	749265
NODE_4_length_275870_cov_97.9564	gb_AY768532_+_0-1935_ARO:3000535_macB	81.070	1944	353	12	265609	267546	1935	1	0.0	1537	5244460
NODE_4_length_275870_cov_97.9564	gb_AY768532_+_0-1935_ARO:3000535_macB	81.070	1944	353	12	265609	267546	1935	1	0.0	1537	73977
NODE_4_length_275870_cov_97.9564	gb_AY768532_+_0-1935_ARO:3000535_macB	81.070	1944	353	12	265609	267546	1935	1	0.0	1537	2141574
NODE_4_length_275870_cov_97.9564	gb_AY768532_+_0-1935_ARO:3000535_macB	81.070	1944	353	12	265609	267546	1935	1	0.0	1537	4178710
NODE_4_length_275870_cov_97.9564	gb_AY768532_+_0-1935_ARO:3000535_macB	81.070	1944	353	12	265609	267546	1935	1	0.0	1537	155884
NODE_4_length_275870_cov_97.9564	gb_AY768532_+_0-1935_ARO:3000535_macB	81.070	1944	353	12	265609	267546	1935	1	0.0	1537	155884
NODE_4_length_275870_cov_97.9564	gb_AY768532_+_0-1935_ARO:3000535_macB	81.070	1944	353	12	265609	267546	1935	1	0.0	1537	326550
NODE_4_length_275870_cov_97.9564	gb_AY768532_+_0-1935_ARO:3000535_macB	81.070	1944	353	12	265609	267546	1935	1	0.0	1537	193564
NODE_4_length_275870_cov_97.9564	gb_AY768532_+_0-1935_ARO:3000535_macB	81.070	1944	353	12	265609	267546	1935	1	0.0	1537	635845
NODE_4_length_275870_cov_97.9564	gb_AY768532_+_0-1935_ARO:3000535_macB	81.070	1944	353	12	265609	267546	1935	1	0.0	1537	193564
NODE_4_length_275870_cov_97.9564	gb_AY768532_+_0-1935_ARO:3000535_macB	81.070	1944	353	12	265609	267546	1935	1	0.0	1537	162874
NODE_4_length_275870_cov_97.9564	gb_AY768532_+_0-1935_ARO:3000535_macB	81.070	1944	353	12	265609	267546	1935	1	0.0	1537	67175
NODE_119_length_33693_cov_12.0801	gb_AF472622_+_52-1018_ARO:3003003_CfxA3	98.276	58	1	0	1	58	121	64	8.53e-21	102	2127454
NODE_119_length_33693_cov_12.0801	gb_AY769934_+_27-993_ARO:3003096_CfxA5	98.276	58	1	0	1	58	121	64	8.53e-21	102	2127454
NODE_119_length_33693_cov_12.0801	gb_U38243_+_149-1115_ARO:3003001_CfxA	98.276	58	1	0	1	58	121	64	8.53e-21	102	2127454
NODE_119_length_33693_cov_12.0801	gb_AY769933_+_0-966_ARO:3003005_CfxA4	98.276	58	1	0	1	58	121	64	8.53e-21	102	2127454
NODE_119_length_33693_cov_12.0801	gb_AF118110.1_-_71-1037_ARO:3003002_CfxA2	98.276	58	1	0	1	58	121	64	8.53e-21	102	2127454
NODE_119_length_33693_cov_12.0801	gb_AF472622_+_52-1018_ARO:3003003_CfxA3	98.276	58	1	0	1	58	121	64	8.53e-21	102	5244332
NODE_119_length_33693_cov_12.0801	gb_AY769934_+_27-993_ARO:3003096_CfxA5	98.276	58	1	0	1	58	121	64	8.53e-21	102	5244332
NODE_119_length_33693_cov_12.0801	gb_U38243_+_149-1115_ARO:3003001_CfxA	98.276	58	1	0	1	58	121	64	8.53e-21	102	5244332
NODE_119_length_33693_cov_12.0801	gb_AY769933_+_0-966_ARO:3003005_CfxA4	98.276	58	1	0	1	58	121	64	8.53e-21	102	5244332
NODE_119_length_33693_cov_12.0801	gb_AF118110.1_-_71-1037_ARO:3003002_CfxA2	98.276	58	1	0	1	58	121	64	8.53e-21	102	5244332
NODE_119_length_33693_cov_12.0801	gb_AF472622_+_52-1018_ARO:3003003_CfxA3	98.276	58	1	0	1	58	121	64	8.53e-21	102	5244303
NODE_119_length_33693_cov_12.0801	gb_AY769934_+_27-993_ARO:3003096_CfxA5	98.276	58	1	0	1	58	121	64	8.53e-21	102	5244303
NODE_119_length_33693_cov_12.0801	gb_U38243_+_149-1115_ARO:3003001_CfxA	98.276	58	1	0	1	58	121	64	8.53e-21	102	5244303
NODE_119_length_33693_cov_12.0801	gb_AY769933_+_0-966_ARO:3003005_CfxA4	98.276	58	1	0	1	58	121	64	8.53e-21	102	5244303
NODE_119_length_33693_cov_12.0801	gb_AF118110.1_-_71-1037_ARO:3003002_CfxA2	98.276	58	1	0	1	58	121	64	8.53e-21	102	5244303
NODE_119_length_33693_cov_12.0801	gb_AF472622_+_52-1018_ARO:3003003_CfxA3	98.276	58	1	0	1	58	121	64	8.53e-21	102	181376
NODE_119_length_33693_cov_12.0801	gb_AY769934_+_27-993_ARO:3003096_CfxA5	98.276	58	1	0	1	58	121	64	8.53e-21	102	181376
NODE_119_length_33693_cov_12.0801	gb_U38243_+_149-1115_ARO:3003001_CfxA	98.276	58	1	0	1	58	121	64	8.53e-21	102	181376
NODE_119_length_33693_cov_12.0801	gb_AY769933_+_0-966_ARO:3003005_CfxA4	98.276	58	1	0	1	58	121	64	8.53e-21	102	181376
NODE_119_length_33693_cov_12.0801	gb_AF118110.1_-_71-1037_ARO:3003002_CfxA2	98.276	58	1	0	1	58	121	64	8.53e-21	102	181376
NODE_119_length_33693_cov_12.0801	gb_AF472622_+_52-1018_ARO:3003003_CfxA3	98.276	58	1	0	1	58	121	64	8.53e-21	102	181376
NODE_119_length_33693_cov_12.0801	gb_AY769934_+_27-993_ARO:3003096_CfxA5	98.276	58	1	0	1	58	121	64	8.53e-21	102	181376
NODE_119_length_33693_cov_12.0801	gb_U38243_+_149-1115_ARO:3003001_CfxA	98.276	58	1	0	1	58	121	64	8.53e-21	102	181376
NODE_119_length_33693_cov_12.0801	gb_AY769933_+_0-966_ARO:3003005_CfxA4	98.276	58	1	0	1	58	121	64	8.53e-21	102	181376
NODE_119_length_33693_cov_12.0801	gb_AF118110.1_-_71-1037_ARO:3003002_CfxA2	98.276	58	1	0	1	58	121	64	8.53e-21	102	181376
NODE_119_length_33693_cov_12.0801	gb_AF472622_+_52-1018_ARO:3003003_CfxA3	98.276	58	1	0	1	58	121	64	8.53e-21	102	61840
NODE_119_length_33693_cov_12.0801	gb_AY769934_+_27-993_ARO:3003096_CfxA5	98.276	58	1	0	1	58	121	64	8.53e-21	102	61840
NODE_119_length_33693_cov_12.0801	gb_U38243_+_149-1115_ARO:3003001_CfxA	98.276	58	1	0	1	58	121	64	8.53e-21	102	61840
NODE_119_length_33693_cov_12.0801	gb_AY769933_+_0-966_ARO:3003005_CfxA4	98.276	58	1	0	1	58	121	64	8.53e-21	102	61840
NODE_119_length_33693_cov_12.0801	gb_AF118110.1_-_71-1037_ARO:3003002_CfxA2	98.276	58	1	0	1	58	121	64	8.53e-21	102	61840
NODE_148_length_29043_cov_90.4646	gb_NC_003112.2_-_1791966-1795170_ARO:3000811_mtrD	80.922	3187	586	18	15546	18721	3176	1	0.0	2497	40214
NODE_148_length_29043_cov_90.4646	gb_NC_003112.2_-_1791966-1795170_ARO:3000811_mtrD	80.922	3187	586	18	15546	18721	3176	1	0.0	2497	40214
NODE_148_length_29043_cov_90.4646	gb_NC_003112.2_-_1791966-1795170_ARO:3000811_mtrD	80.922	3187	586	18	15546	18721	3176	1	0.0	2497	5244361
NODE_148_length_29043_cov_90.4646	gb_NC_003112.2_-_1791966-1795170_ARO:3000811_mtrD	80.922	3187	586	18	15546	18721	3176	1	0.0	2497	5244361
NODE_148_length_29043_cov_90.4646	gb_NC_003112.2_-_1791966-1795170_ARO:3000811_mtrD	80.922	3187	586	18	15546	18721	3176	1	0.0	2497	5244361
NODE_195_length_23762_cov_17.1072	gb_HM990671_+_5192-6671_ARO:3003112_lsaC	93.617	188	12	0	23575	23762	1479	1292	7.20e-75	281	1754278
NODE_195_length_23762_cov_17.1072	gb_HM990671_+_5192-6671_ARO:3003112_lsaC	93.617	188	12	0	23575	23762	1479	1292	7.20e-75	281	2216343
NODE_195_length_23762_cov_17.1072	gb_HM990671_+_5192-6671_ARO:3003112_lsaC	93.617	188	12	0	23575	23762	1479	1292	7.20e-75	281	2416208
NODE_195_length_23762_cov_17.1072	gb_HM990671_+_5192-6671_ARO:3003112_lsaC	93.617	188	12	0	23575	23762	1479	1292	7.20e-75	281	2394296
NODE_195_length_23762_cov_17.1072	gb_HM990671_+_5192-6671_ARO:3003112_lsaC	93.617	188	12	0	23575	23762	1479	1292	7.20e-75	281	2587789
NODE_270_length_20079_cov_4.70575	gb_NC_003098.1_-_1359228-1360395_ARO:3000025_patB	93.023	1161	81	0	14649	15809	1161	1	0.0	1696	1381313
NODE_270_length_20079_cov_4.70575	gb_NC_003098.1_-_1359228-1360395_ARO:3000025_patB	93.023	1161	81	0	14649	15809	1161	1	0.0	1696	12408
NODE_270_length_20079_cov_4.70575	gb_NC_003098.1_-_1359228-1360395_ARO:3000025_patB	93.023	1161	81	0	14649	15809	1161	1	0.0	1696	930866
NODE_270_length_20079_cov_4.70575	gb_NC_003098.1_-_1359228-1360395_ARO:3000025_patB	93.023	1161	81	0	14649	15809	1161	1	0.0	1696	422742
NODE_270_length_20079_cov_4.70575	gb_NC_003098.1_-_1359228-1360395_ARO:3000025_patB	93.023	1161	81	0	14649	15809	1161	1	0.0	1696	1464357
NODE_270_length_20079_cov_4.70575	gb_NC_003098.1_-_1359228-1360395_ARO:3000025_patB	93.023	1161	81	0	14649	15809	1161	1	0.0	1696	278773
NODE_585_length_12862_cov_48.0675	gb_AM180355_+_600033-601953_ARO:3000186_tetM	87.190	726	93	0	11	736	726	1	0.0	826	1212704
NODE_585_length_12862_cov_48.0675	gb_AM180355_+_600033-601953_ARO:3000186_tetM	87.190	726	93	0	11	736	726	1	0.0	826	1212704
NODE_637_length_12259_cov_53.8653	gb_HM990671_+_5192-6671_ARO:3003112_lsaC	94.456	1479	82	0	2341	3819	1479	1	0.0	2278	964882
NODE_637_length_12259_cov_53.8653	gb_HM990671_+_5192-6671_ARO:3003112_lsaC	94.456	1479	82	0	2341	3819	1479	1	0.0	2278	964882
NODE_637_length_12259_cov_53.8653	gb_HM990671_+_5192-6671_ARO:3003112_lsaC	94.456	1479	82	0	2341	3819	1479	1	0.0	2278	214747
NODE_1150_length_8745_cov_84.9479	gb_KX000272.1_+_0-1740_ARO:3004035_tetA(60)	91.786	1741	141	2	2448	4187	1	1740	0.0	2422	2993243
NODE_1150_length_8745_cov_84.9479	gb_KX000273.1_+_0-1740_ARO:3004036_tetB(60)	85.550	1744	244	7	4184	5923	1	1740	0.0	1818	2993243
NODE_2004_length_6392_cov_44.1632	gb_AP009048_+_2810082-2811255_ARO:3000027_emrA	75.113	221	50	5	3994	4211	968	750	2.09e-20	99.0	1125240
NODE_2417_length_5684_cov_69.3459	gb_KX000273.1_+_0-1740_ARO:3004036_tetB(60)	87.184	1740	223	0	1124	2863	1	1740	0.0	1978	2993243
NODE_2417_length_5684_cov_69.3459	gb_KX000272.1_+_0-1740_ARO:3004035_tetA(60)	89.273	1128	119	2	1	1127	614	1740	0.0	1411	2993243
NODE_3241_length_4732_cov_28.6425	gb_AP006618.1_+_4835199-4838688_ARO:3000501_Nocardia	86.228	334	42	4	2833	3164	3299	2968	6.42e-99	359	315274
NODE_3241_length_4732_cov_28.6425	gb_AP006618.1_+_4835199-4838688_ARO:3000501_Nocardia	86.228	334	42	4	2833	3164	3299	2968	6.42e-99	359	315274
NODE_4205_length_3978_cov_49.9845	gb_CP007593.1_+_2148923-2149772_ARO:3001301_RlmA(II)	83.039	849	132	12	675	1517	843	1	0.0	760	2993334
NODE_4669_length_3677_cov_17.0226	gb_HM990671_+_5192-6671_ARO:3003112_lsaC	98.413	63	1	0	1	63	64	2	1.54e-24	111	4133975
NODE_4669_length_3677_cov_17.0226	gb_HM990671_+_5192-6671_ARO:3003112_lsaC	98.413	63	1	0	1	63	64	2	1.54e-24	111	5818779
NODE_5331_length_3330_cov_11.5478	gb_NC_007795.1_-_1360280-1361636_ARO:3000839_arlS	100.000	30	0	0	1152	1181	1223	1194	6.63e-08	56.5	2595494
NODE_5598_length_3221_cov_86.9046	gb_HQ652506.1_+_2099-3836_ARO:3004033_tetB(46)	93.326	1738	114	2	590	2326	1737	1	0.0	2566	292315
NODE_5598_length_3221_cov_86.9046	gb_HQ652506.1_+_373-2098_ARO:3004032_tetA(46)	95.749	894	38	0	2328	3221	1725	832	0.0	1441	292315
NODE_5598_length_3221_cov_86.9046	gb_HQ652506.1_+_2099-3836_ARO:3004033_tetB(46)	93.326	1738	114	2	590	2326	1737	1	0.0	2566	2124464
NODE_5598_length_3221_cov_86.9046	gb_HQ652506.1_+_373-2098_ARO:3004032_tetA(46)	95.749	894	38	0	2328	3221	1725	832	0.0	1441	2124464
NODE_20978_length_1145_cov_1.96147	gb_X63451_+_0-1653_ARO:3002828_srmB	97.059	34	1	0	592	625	1466	1499	6.27e-09	58.4	330439
NODE_20978_length_1145_cov_1.96147	gb_X63451_+_0-1653_ARO:3002828_srmB	97.059	34	1	0	592	625	1466	1499	6.27e-09	58.4	355027
NODE_21781_length_1110_cov_29.5782	gb_HM990671_+_5192-6671_ARO:3003112_lsaC	93.085	188	13	0	923	1110	1479	1292	1.54e-74	276	866113
NODE_63091_length_439_cov_47.8021	gb_HM990671_+_5192-6671_ARO:3003112_lsaC	93.622	439	28	0	1	439	448	10	0.0	656	4133975
