NODE_1096_length_12133_cov_24.7146	gb_X63451_+_0-1653_ARO:3002828_srmB	97.059	34	1	0	5620	5653	1499	1466	6.74e-08	58.4	267072
NODE_3736_length_5344_cov_63.6899	gb_HM990671_+_5192-6671_ARO:3003112_lsaC	99.459	1479	8	0	303	1781	1479	1	0.0	2687	1329739
NODE_4954_length_4335_cov_8.9465	gb_AF472622_+_52-1018_ARO:3003003_CfxA3	100.000	121	0	0	4215	4335	1	121	2.24e-58	224	549465
NODE_4954_length_4335_cov_8.9465	gb_AY769934_+_27-993_ARO:3003096_CfxA5	100.000	121	0	0	4215	4335	1	121	2.24e-58	224	549465
NODE_4954_length_4335_cov_8.9465	gb_U38243_+_149-1115_ARO:3003001_CfxA	100.000	121	0	0	4215	4335	1	121	2.24e-58	224	549465
NODE_4954_length_4335_cov_8.9465	gb_AY769933_+_0-966_ARO:3003005_CfxA4	100.000	121	0	0	4215	4335	1	121	2.24e-58	224	549465
NODE_4954_length_4335_cov_8.9465	gb_AF118110.1_-_71-1037_ARO:3003002_CfxA2	100.000	121	0	0	4215	4335	1	121	2.24e-58	224	549465
NODE_5211_length_4160_cov_56.8918	gb_HM990671_+_5192-6671_ARO:3003112_lsaC	91.554	1480	123	2	1240	2718	1479	1	0.0	2039	315396
NODE_5996_length_3738_cov_184.559	gb_HQ652506.1_+_2099-3836_ARO:3004033_tetB(46)	92.915	1722	120	2	1123	2843	1721	1	0.0	2503	3963759
NODE_5996_length_3738_cov_184.559	gb_HQ652506.1_+_373-2098_ARO:3004032_tetA(46)	95.414	894	41	0	2845	3738	1725	832	0.0	1424	3963759
NODE_6488_length_3531_cov_47.9632	gb_L36601_+_1420-3130_ARO:3003036_oleB	88.000	50	4	2	3100	3148	691	643	1.96e-08	58.4	16257
NODE_6488_length_3531_cov_47.9632	gb_L36601_+_1420-3130_ARO:3003036_oleB	88.000	50	4	2	3100	3148	691	643	1.96e-08	58.4	16257
NODE_6776_length_3400_cov_5.13662	gb_NC_003112.2_+_329612-330767_ARO:3003961_farA	76.636	321	69	6	3020	3337	1033	716	6.45e-43	172	668219
NODE_6878_length_3363_cov_86.7684	gb_AF235050.4_+_38028-40140_ARO:3003318_Streptomyces	76.501	383	80	8	87	464	76	453	2.93e-51	200	2148062
NODE_6878_length_3363_cov_86.7684	gb_AF235050.4_+_38028-40140_ARO:3003318_Streptomyces	76.501	383	80	8	87	464	76	453	2.93e-51	200	639128
NODE_6878_length_3363_cov_86.7684	gb_AF235050.4_+_38028-40140_ARO:3003318_Streptomyces	76.501	383	80	8	87	464	76	453	2.93e-51	200	48206
NODE_6878_length_3363_cov_86.7684	gb_AF235050.4_+_38028-40140_ARO:3003318_Streptomyces	76.501	383	80	8	87	464	76	453	2.93e-51	200	320116
NODE_7551_length_3116_cov_69.9817	gb_M18896.2_+_206-2126_ARO:3000190_tetO	99.635	1920	7	0	800	2719	1	1920	0.0	3507	214020
NODE_7551_length_3116_cov_69.9817	gb_AJ295238.3_+_163-2083_ARO:3000196_tet32	94.465	831	46	0	1889	2719	1090	1920	0.0	1280	214020
NODE_7551_length_3116_cov_69.9817	gb_AJ295238.3_+_163-2083_ARO:3000196_tet32	91.919	396	32	0	800	1195	1	396	5.02e-158	555	214020
NODE_7551_length_3116_cov_69.9817	gb_M18896.2_+_206-2126_ARO:3000190_tetO	99.635	1920	7	0	800	2719	1	1920	0.0	3507	1360328
NODE_7551_length_3116_cov_69.9817	gb_AJ295238.3_+_163-2083_ARO:3000196_tet32	94.465	831	46	0	1889	2719	1090	1920	0.0	1280	1360328
NODE_7551_length_3116_cov_69.9817	gb_AJ295238.3_+_163-2083_ARO:3000196_tet32	91.919	396	32	0	800	1195	1	396	5.02e-158	555	1360328
NODE_9007_length_2710_cov_5.45876	gb_NC_003098.1_-_1359228-1360395_ARO:3000025_patB	89.759	166	17	0	1	166	996	1161	3.02e-55	213	98791
NODE_10110_length_2474_cov_89.2009	gb_CP007593.1_+_2148923-2149772_ARO:3001301_RlmA(II)	84.917	842	125	2	384	1224	1	841	0.0	850	199040
NODE_10110_length_2474_cov_89.2009	gb_CP007593.1_+_2148923-2149772_ARO:3001301_RlmA(II)	84.917	842	125	2	384	1224	1	841	0.0	850	283750
NODE_12217_length_2098_cov_90.2384	gb_EU434751_+_658-2578_ARO:3000194_tetW	97.633	1817	43	0	1	1817	1817	1	0.0	3118	214020
NODE_12217_length_2098_cov_90.2384	gb_KU736867.1_+_19653-21573_ARO:3004442_tet(W/N/W)	96.576	1811	62	0	7	1817	1811	1	0.0	3001	214020
NODE_12217_length_2098_cov_90.2384	gb_EU434751_+_658-2578_ARO:3000194_tetW	97.633	1817	43	0	1	1817	1817	1	0.0	3118	214020
NODE_12217_length_2098_cov_90.2384	gb_KU736867.1_+_19653-21573_ARO:3004442_tet(W/N/W)	96.576	1811	62	0	7	1817	1811	1	0.0	3001	214020
NODE_12992_length_1988_cov_96.1423	gb_AP006618.1_+_4835199-4838688_ARO:3000501_Nocardia	86.195	297	39	2	1	296	3004	3299	1.27e-87	320	140294
NODE_12992_length_1988_cov_96.1423	gb_AP006618.1_+_4835199-4838688_ARO:3000501_Nocardia	86.195	297	39	2	1	296	3004	3299	1.27e-87	320	258917
NODE_15470_length_1705_cov_182.07	gb_HQ652506.1_+_373-2098_ARO:3004032_tetA(46)	96.902	581	18	0	1125	1705	1	581	0.0	974	81237
NODE_16521_length_1603_cov_5.99289	gb_NC_003098.1_+_866210-867410_ARO:3000822_pmrA	93.083	1200	83	0	217	1416	1200	1	0.0	1757	3092470
NODE_21242_length_1280_cov_5.76327	gb_CP007593.1_+_2148923-2149772_ARO:3001301_RlmA(II)	88.837	851	91	4	256	1104	849	1	0.0	1042	240096
NODE_24121_length_1140_cov_285.317	gb_AM180355_+_600033-601953_ARO:3000186_tetM	87.085	813	105	0	323	1135	1	813	0.0	920	214020
NODE_24121_length_1140_cov_285.317	gb_AM180355_+_600033-601953_ARO:3000186_tetM	87.085	813	105	0	323	1135	1	813	0.0	920	1360328
NODE_24121_length_1140_cov_285.317	gb_AM180355_+_600033-601953_ARO:3000186_tetM	87.085	813	105	0	323	1135	1	813	0.0	920	2759508
NODE_39415_length_736_cov_3.79736	gb_AM180355_+_600033-601953_ARO:3000186_tetM	100.000	41	0	0	696	736	1920	1880	1.10e-14	76.8	244181
