NODE_173_length_32491_cov_43.0744	gb_AY768532_+_0-1935_ARO:3000535_macB	81.080	1945	351	15	20903	22840	1935	1	0.0	1537	817433
NODE_173_length_32491_cov_43.0744	gb_AY768532_+_0-1935_ARO:3000535_macB	81.080	1945	351	15	20903	22840	1935	1	0.0	1537	855182
NODE_173_length_32491_cov_43.0744	gb_AY768532_+_0-1935_ARO:3000535_macB	81.080	1945	351	15	20903	22840	1935	1	0.0	1537	817433
NODE_173_length_32491_cov_43.0744	gb_AY768532_+_0-1935_ARO:3000535_macB	81.080	1945	351	15	20903	22840	1935	1	0.0	1537	817433
NODE_173_length_32491_cov_43.0744	gb_AY768532_+_0-1935_ARO:3000535_macB	81.080	1945	351	15	20903	22840	1935	1	0.0	1537	817433
NODE_173_length_32491_cov_43.0744	gb_AY768532_+_0-1935_ARO:3000535_macB	81.080	1945	351	15	20903	22840	1935	1	0.0	1537	817433
NODE_173_length_32491_cov_43.0744	gb_AY768532_+_0-1935_ARO:3000535_macB	81.080	1945	351	15	20903	22840	1935	1	0.0	1537	817433
NODE_173_length_32491_cov_43.0744	gb_AY768532_+_0-1935_ARO:3000535_macB	81.080	1945	351	15	20903	22840	1935	1	0.0	1537	817433
NODE_173_length_32491_cov_43.0744	gb_AY768532_+_0-1935_ARO:3000535_macB	81.080	1945	351	15	20903	22840	1935	1	0.0	1537	817433
NODE_173_length_32491_cov_43.0744	gb_AY768532_+_0-1935_ARO:3000535_macB	81.080	1945	351	15	20903	22840	1935	1	0.0	1537	817433
NODE_173_length_32491_cov_43.0744	gb_AY768532_+_0-1935_ARO:3000535_macB	81.080	1945	351	15	20903	22840	1935	1	0.0	1537	855182
NODE_173_length_32491_cov_43.0744	gb_AY768532_+_0-1935_ARO:3000535_macB	81.080	1945	351	15	20903	22840	1935	1	0.0	1537	18759
NODE_173_length_32491_cov_43.0744	gb_AY768532_+_0-1935_ARO:3000535_macB	81.080	1945	351	15	20903	22840	1935	1	0.0	1537	42757
NODE_173_length_32491_cov_43.0744	gb_AY768532_+_0-1935_ARO:3000535_macB	81.080	1945	351	15	20903	22840	1935	1	0.0	1537	28357
NODE_515_length_19260_cov_30.4425	gb_HM990671_+_5192-6671_ARO:3003112_lsaC	89.249	1479	159	0	4179	5657	1	1479	0.0	1851	698138
NODE_515_length_19260_cov_30.4425	gb_HM990671_+_5192-6671_ARO:3003112_lsaC	89.249	1479	159	0	4179	5657	1	1479	0.0	1851	740843
NODE_515_length_19260_cov_30.4425	gb_HM990671_+_5192-6671_ARO:3003112_lsaC	89.249	1479	159	0	4179	5657	1	1479	0.0	1851	94686
NODE_515_length_19260_cov_30.4425	gb_HM990671_+_5192-6671_ARO:3003112_lsaC	89.249	1479	159	0	4179	5657	1	1479	0.0	1851	424827
NODE_724_length_16071_cov_42.1836	gb_NC_003098.1_-_1359228-1360395_ARO:3000025_patB	80.531	339	64	2	15734	16071	1157	820	2.28e-68	259	5276419
NODE_724_length_16071_cov_42.1836	gb_NC_003098.1_-_1359228-1360395_ARO:3000025_patB	80.531	339	64	2	15734	16071	1157	820	2.28e-68	259	5276419
NODE_934_length_13731_cov_5.78868	gb_KX000273.1_+_0-1740_ARO:3004036_tetB(60)	92.816	1740	125	0	8812	10551	1740	1	0.0	2521	656409
NODE_934_length_13731_cov_5.78868	gb_KX000272.1_+_0-1740_ARO:3004035_tetA(60)	88.857	1741	192	2	10548	12287	1740	1	0.0	2139	656409
NODE_934_length_13731_cov_5.78868	gb_KX000273.1_+_0-1740_ARO:3004036_tetB(60)	92.816	1740	125	0	8812	10551	1740	1	0.0	2521	656409
NODE_934_length_13731_cov_5.78868	gb_KX000272.1_+_0-1740_ARO:3004035_tetA(60)	88.857	1741	192	2	10548	12287	1740	1	0.0	2139	656409
NODE_934_length_13731_cov_5.78868	gb_KX000273.1_+_0-1740_ARO:3004036_tetB(60)	92.816	1740	125	0	8812	10551	1740	1	0.0	2521	1765386
NODE_934_length_13731_cov_5.78868	gb_KX000272.1_+_0-1740_ARO:3004035_tetA(60)	88.857	1741	192	2	10548	12287	1740	1	0.0	2139	1765386
NODE_976_length_13452_cov_38.5464	gb_NC_003098.1_+_866210-867410_ARO:3000822_pmrA	80.500	1200	224	6	6909	8103	6	1200	0.0	911	3011583
NODE_976_length_13452_cov_38.5464	gb_NC_003098.1_+_866210-867410_ARO:3000822_pmrA	80.500	1200	224	6	6909	8103	6	1200	0.0	911	517788
NODE_976_length_13452_cov_38.5464	gb_NC_003098.1_+_866210-867410_ARO:3000822_pmrA	80.500	1200	224	6	6909	8103	6	1200	0.0	911	3558640
NODE_976_length_13452_cov_38.5464	gb_NC_003098.1_+_866210-867410_ARO:3000822_pmrA	80.500	1200	224	6	6909	8103	6	1200	0.0	911	2656157
NODE_1018_length_13182_cov_39.4383	gb_NC_003112.2_-_1791966-1795170_ARO:3000811_mtrD	81.042	3186	584	18	3184	6359	3176	1	0.0	2519	3963890
NODE_1330_length_11233_cov_31.7207	gb_NC_003112.2_+_329612-330767_ARO:3003961_farA	73.232	919	222	22	2843	3749	1033	127	1.21e-84	313	920595
NODE_1715_length_9458_cov_8.88536	gb_AM180355_+_600033-601953_ARO:3000186_tetM	93.021	1920	134	0	3548	5467	1	1920	0.0	2804	444602
NODE_1715_length_9458_cov_8.88536	gb_L09756_+_0-1926_ARO:3000192_tetS	78.568	1927	396	15	3549	5466	2	1920	0.0	1254	444602
NODE_1715_length_9458_cov_8.88536	gb_AM180355_+_600033-601953_ARO:3000186_tetM	93.021	1920	134	0	3548	5467	1	1920	0.0	2804	2611379
NODE_1715_length_9458_cov_8.88536	gb_L09756_+_0-1926_ARO:3000192_tetS	78.568	1927	396	15	3549	5466	2	1920	0.0	1254	2611379
NODE_1715_length_9458_cov_8.88536	gb_AM180355_+_600033-601953_ARO:3000186_tetM	93.021	1920	134	0	3548	5467	1	1920	0.0	2804	2611379
NODE_1715_length_9458_cov_8.88536	gb_L09756_+_0-1926_ARO:3000192_tetS	78.568	1927	396	15	3549	5466	2	1920	0.0	1254	2611379
NODE_1888_length_8820_cov_5.73588	gb_HM990671_+_5192-6671_ARO:3003112_lsaC	87.576	1473	179	4	6271	7741	1479	9	0.0	1703	5048666
NODE_1888_length_8820_cov_5.73588	gb_HM990671_+_5192-6671_ARO:3003112_lsaC	87.576	1473	179	4	6271	7741	1479	9	0.0	1703	1543777
NODE_3779_length_5512_cov_26.5056	gb_NC_012469.1_-_1800927-1802391_ARO:3000616_mel	100.000	1464	0	0	1606	3069	1464	1	0.0	2704	44618
NODE_3779_length_5512_cov_26.5056	gb_NC_023287.1_-_65291-66509_ARO:3000615_mefA	96.962	1218	37	0	3189	4406	1218	1	0.0	2045	44618
NODE_4059_length_5203_cov_20.2321	gb_NC_014638.1_-_1610636-1613960_ARO:3003730_Bifidobacteria	77.193	399	85	5	4808	5203	2148	1753	2.08e-59	228	991608
NODE_4931_length_4511_cov_45.9998	gb_NC_003098.1_-_1359228-1360395_ARO:3000025_patB	82.908	392	67	0	2	393	392	1	2.85e-97	353	2284651
NODE_4931_length_4511_cov_45.9998	gb_NC_003098.1_-_1359228-1360395_ARO:3000025_patB	82.908	392	67	0	2	393	392	1	2.85e-97	353	5655869
NODE_4931_length_4511_cov_45.9998	gb_NC_003098.1_-_1359228-1360395_ARO:3000025_patB	82.908	392	67	0	2	393	392	1	2.85e-97	353	3011543
NODE_5376_length_4209_cov_21.0655	gb_AY768532_+_0-1935_ARO:3000535_macB	86.251	1942	252	12	129	2064	1933	1	0.0	2093	287065
NODE_5376_length_4209_cov_21.0655	gb_AY768531_+_0-1179_ARO:3000533_macA	84.301	1102	160	11	2166	3262	1170	77	0.0	1064	287065
NODE_5376_length_4209_cov_21.0655	gb_AY768532_+_0-1935_ARO:3000535_macB	86.251	1942	252	12	129	2064	1933	1	0.0	2093	701944
NODE_5376_length_4209_cov_21.0655	gb_AY768531_+_0-1179_ARO:3000533_macA	84.301	1102	160	11	2166	3262	1170	77	0.0	1064	701944
NODE_5783_length_3972_cov_4.50064	gb_M80346_+_0-1656_ARO:3002817_carA	100.000	34	0	0	261	294	1502	1469	4.73e-10	63.9	159169
NODE_5783_length_3972_cov_4.50064	gb_X63451_+_0-1653_ARO:3002828_srmB	97.143	35	1	0	1140	1174	1499	1465	6.12e-09	60.2	159169
NODE_9133_length_2794_cov_4.42132	gb_X63451_+_0-1653_ARO:3002828_srmB	97.059	34	1	0	1749	1782	1499	1466	1.55e-08	58.4	2575763
NODE_9133_length_2794_cov_4.42132	gb_X63451_+_0-1653_ARO:3002828_srmB	97.059	34	1	0	1749	1782	1499	1466	1.55e-08	58.4	159169
NODE_27884_length_1099_cov_3.43582	gb_HM990671_+_5192-6671_ARO:3003112_lsaC	100.000	31	0	0	59	89	452	422	6.01e-09	58.4	4190023
NODE_44305_length_736_cov_2.9486	gb_AF235050.4_+_38028-40140_ARO:3003318_Streptomyces	79.321	619	96	25	106	708	1089	1691	1.24e-113	405	1005481
NODE_79736_length_433_cov_17.0132	gb_AP006618.1_+_4835199-4838688_ARO:3000501_Nocardia	80.323	371	69	4	8	376	1511	1143	1.62e-75	278	544123
NODE_79736_length_433_cov_17.0132	gb_AP006618.1_+_4835199-4838688_ARO:3000501_Nocardia	80.323	371	69	4	8	376	1511	1143	1.62e-75	278	1512870
NODE_85834_length_405_cov_13.1514	gb_NC_014638.1_-_1610636-1613960_ARO:3003730_Bifidobacteria	74.937	395	77	15	15	389	1399	1791	1.59e-40	161	2248736
NODE_148277_length_250_cov_6	gb_AP006618.1_+_4835199-4838688_ARO:3000501_Nocardia	79.752	242	47	2	5	245	1079	1319	1.22e-44	174	1512870
NODE_148277_length_250_cov_6	gb_AP006618.1_+_4835199-4838688_ARO:3000501_Nocardia	79.752	242	47	2	5	245	1079	1319	1.22e-44	174	544123
NODE_150697_length_246_cov_1.48691	gb_L36601_+_1420-3130_ARO:3003036_oleB	97.368	38	1	0	161	198	671	634	7.56e-12	65.8	192882
NODE_153821_length_242_cov_1.96791	gb_AF235050.4_+_38028-40140_ARO:3003318_Streptomyces	84.305	223	35	0	1	223	1621	1399	5.39e-58	219	32255
