NODE_32_length_208273_cov_65.3442	gb_AF173226_+_3767-6917_ARO:3003052_smeB	83.784	74	12	0	63277	63350	1169	1242	1.48e-10	71.3	2697403
NODE_32_length_208273_cov_65.3442	gb_AJ252200_+_1278-4401_ARO:3003056_smeE	83.333	72	12	0	63279	63350	1171	1242	1.92e-09	67.6	2697403
NODE_32_length_208273_cov_65.3442	gb_AF173226_+_3767-6917_ARO:3003052_smeB	83.784	74	12	0	63277	63350	1169	1242	1.48e-10	71.3	2700983
NODE_32_length_208273_cov_65.3442	gb_AJ252200_+_1278-4401_ARO:3003056_smeE	83.333	72	12	0	63279	63350	1171	1242	1.92e-09	67.6	2700983
NODE_32_length_208273_cov_65.3442	gb_AF173226_+_3767-6917_ARO:3003052_smeB	83.784	74	12	0	63277	63350	1169	1242	1.48e-10	71.3	250094
NODE_32_length_208273_cov_65.3442	gb_AJ252200_+_1278-4401_ARO:3003056_smeE	83.333	72	12	0	63279	63350	1171	1242	1.92e-09	67.6	250094
NODE_32_length_208273_cov_65.3442	gb_AF173226_+_3767-6917_ARO:3003052_smeB	83.784	74	12	0	63277	63350	1169	1242	1.48e-10	71.3	4798807
NODE_32_length_208273_cov_65.3442	gb_AJ252200_+_1278-4401_ARO:3003056_smeE	83.333	72	12	0	63279	63350	1171	1242	1.92e-09	67.6	4798807
NODE_32_length_208273_cov_65.3442	gb_AF173226_+_3767-6917_ARO:3003052_smeB	83.784	74	12	0	63277	63350	1169	1242	1.48e-10	71.3	1913489
NODE_32_length_208273_cov_65.3442	gb_AJ252200_+_1278-4401_ARO:3003056_smeE	83.333	72	12	0	63279	63350	1171	1242	1.92e-09	67.6	1913489
NODE_32_length_208273_cov_65.3442	gb_AF173226_+_3767-6917_ARO:3003052_smeB	83.784	74	12	0	63277	63350	1169	1242	1.48e-10	71.3	2691133
NODE_32_length_208273_cov_65.3442	gb_AJ252200_+_1278-4401_ARO:3003056_smeE	83.333	72	12	0	63279	63350	1171	1242	1.92e-09	67.6	2691133
NODE_32_length_208273_cov_65.3442	gb_AF173226_+_3767-6917_ARO:3003052_smeB	83.784	74	12	0	63277	63350	1169	1242	1.48e-10	71.3	433315
NODE_32_length_208273_cov_65.3442	gb_AJ252200_+_1278-4401_ARO:3003056_smeE	83.333	72	12	0	63279	63350	1171	1242	1.92e-09	67.6	433315
NODE_32_length_208273_cov_65.3442	gb_AF173226_+_3767-6917_ARO:3003052_smeB	83.784	74	12	0	63277	63350	1169	1242	1.48e-10	71.3	5784251
NODE_32_length_208273_cov_65.3442	gb_AJ252200_+_1278-4401_ARO:3003056_smeE	83.333	72	12	0	63279	63350	1171	1242	1.92e-09	67.6	5784251
NODE_32_length_208273_cov_65.3442	gb_AF173226_+_3767-6917_ARO:3003052_smeB	83.784	74	12	0	63277	63350	1169	1242	1.48e-10	71.3	788089
NODE_32_length_208273_cov_65.3442	gb_AJ252200_+_1278-4401_ARO:3003056_smeE	83.333	72	12	0	63279	63350	1171	1242	1.92e-09	67.6	788089
NODE_32_length_208273_cov_65.3442	gb_AF173226_+_3767-6917_ARO:3003052_smeB	83.784	74	12	0	63277	63350	1169	1242	1.48e-10	71.3	5784314
NODE_32_length_208273_cov_65.3442	gb_AJ252200_+_1278-4401_ARO:3003056_smeE	83.333	72	12	0	63279	63350	1171	1242	1.92e-09	67.6	5784314
NODE_32_length_208273_cov_65.3442	gb_AF173226_+_3767-6917_ARO:3003052_smeB	83.784	74	12	0	63277	63350	1169	1242	1.48e-10	71.3	396562
NODE_32_length_208273_cov_65.3442	gb_AJ252200_+_1278-4401_ARO:3003056_smeE	83.333	72	12	0	63279	63350	1171	1242	1.92e-09	67.6	396562
NODE_32_length_208273_cov_65.3442	gb_AF173226_+_3767-6917_ARO:3003052_smeB	83.784	74	12	0	63277	63350	1169	1242	1.48e-10	71.3	622794
NODE_32_length_208273_cov_65.3442	gb_AJ252200_+_1278-4401_ARO:3003056_smeE	83.333	72	12	0	63279	63350	1171	1242	1.92e-09	67.6	622794
NODE_32_length_208273_cov_65.3442	gb_AF173226_+_3767-6917_ARO:3003052_smeB	83.784	74	12	0	63277	63350	1169	1242	1.48e-10	71.3	3512430
NODE_32_length_208273_cov_65.3442	gb_AJ252200_+_1278-4401_ARO:3003056_smeE	83.333	72	12	0	63279	63350	1171	1242	1.92e-09	67.6	3512430
NODE_32_length_208273_cov_65.3442	gb_AF173226_+_3767-6917_ARO:3003052_smeB	83.784	74	12	0	63277	63350	1169	1242	1.48e-10	71.3	774032
NODE_32_length_208273_cov_65.3442	gb_AJ252200_+_1278-4401_ARO:3003056_smeE	83.333	72	12	0	63279	63350	1171	1242	1.92e-09	67.6	774032
NODE_32_length_208273_cov_65.3442	gb_AF173226_+_3767-6917_ARO:3003052_smeB	83.784	74	12	0	63277	63350	1169	1242	1.48e-10	71.3	3278234
NODE_32_length_208273_cov_65.3442	gb_AJ252200_+_1278-4401_ARO:3003056_smeE	83.333	72	12	0	63279	63350	1171	1242	1.92e-09	67.6	3278234
NODE_32_length_208273_cov_65.3442	gb_AF173226_+_3767-6917_ARO:3003052_smeB	83.784	74	12	0	63277	63350	1169	1242	1.48e-10	71.3	6214864
NODE_32_length_208273_cov_65.3442	gb_AJ252200_+_1278-4401_ARO:3003056_smeE	83.333	72	12	0	63279	63350	1171	1242	1.92e-09	67.6	6214864
NODE_32_length_208273_cov_65.3442	gb_AF173226_+_3767-6917_ARO:3003052_smeB	83.784	74	12	0	63277	63350	1169	1242	1.48e-10	71.3	5169132
NODE_32_length_208273_cov_65.3442	gb_AJ252200_+_1278-4401_ARO:3003056_smeE	83.333	72	12	0	63279	63350	1171	1242	1.92e-09	67.6	5169132
NODE_32_length_208273_cov_65.3442	gb_AF173226_+_3767-6917_ARO:3003052_smeB	83.784	74	12	0	63277	63350	1169	1242	1.48e-10	71.3	5254075
NODE_32_length_208273_cov_65.3442	gb_AJ252200_+_1278-4401_ARO:3003056_smeE	83.333	72	12	0	63279	63350	1171	1242	1.92e-09	67.6	5254075
NODE_32_length_208273_cov_65.3442	gb_AF173226_+_3767-6917_ARO:3003052_smeB	83.784	74	12	0	63277	63350	1169	1242	1.48e-10	71.3	1286600
NODE_32_length_208273_cov_65.3442	gb_AJ252200_+_1278-4401_ARO:3003056_smeE	83.333	72	12	0	63279	63350	1171	1242	1.92e-09	67.6	1286600
NODE_32_length_208273_cov_65.3442	gb_AF173226_+_3767-6917_ARO:3003052_smeB	83.784	74	12	0	63277	63350	1169	1242	1.48e-10	71.3	247770
NODE_32_length_208273_cov_65.3442	gb_AJ252200_+_1278-4401_ARO:3003056_smeE	83.333	72	12	0	63279	63350	1171	1242	1.92e-09	67.6	247770
NODE_68_length_154105_cov_27.7817	gb_NC_000913.3_-_481253-484403_ARO:3000216_acrB	91.803	61	5	0	1743	1803	2969	2909	3.92e-15	86.1	4372547
NODE_68_length_154105_cov_27.7817	gb_NC_000913.3_-_481253-484403_ARO:3000216_acrB	91.803	61	5	0	1743	1803	2969	2909	3.92e-15	86.1	4372547
NODE_68_length_154105_cov_27.7817	gb_NC_000913.3_-_481253-484403_ARO:3000216_acrB	91.803	61	5	0	1743	1803	2969	2909	3.92e-15	86.1	338926
NODE_68_length_154105_cov_27.7817	gb_NC_000913.3_-_481253-484403_ARO:3000216_acrB	91.803	61	5	0	1743	1803	2969	2909	3.92e-15	86.1	328104
NODE_68_length_154105_cov_27.7817	gb_NC_000913.3_-_481253-484403_ARO:3000216_acrB	91.803	61	5	0	1743	1803	2969	2909	3.92e-15	86.1	4801209
NODE_68_length_154105_cov_27.7817	gb_NC_000913.3_-_481253-484403_ARO:3000216_acrB	91.803	61	5	0	1743	1803	2969	2909	3.92e-15	86.1	4014121
NODE_68_length_154105_cov_27.7817	gb_NC_000913.3_-_481253-484403_ARO:3000216_acrB	91.803	61	5	0	1743	1803	2969	2909	3.92e-15	86.1	172612
NODE_68_length_154105_cov_27.7817	gb_NC_000913.3_-_481253-484403_ARO:3000216_acrB	91.803	61	5	0	1743	1803	2969	2909	3.92e-15	86.1	148023
NODE_68_length_154105_cov_27.7817	gb_NC_000913.3_-_481253-484403_ARO:3000216_acrB	91.803	61	5	0	1743	1803	2969	2909	3.92e-15	86.1	148023
NODE_68_length_154105_cov_27.7817	gb_NC_000913.3_-_481253-484403_ARO:3000216_acrB	91.803	61	5	0	1743	1803	2969	2909	3.92e-15	86.1	6708817
NODE_68_length_154105_cov_27.7817	gb_NC_000913.3_-_481253-484403_ARO:3000216_acrB	91.803	61	5	0	1743	1803	2969	2909	3.92e-15	86.1	2695361
NODE_68_length_154105_cov_27.7817	gb_NC_000913.3_-_481253-484403_ARO:3000216_acrB	91.803	61	5	0	1743	1803	2969	2909	3.92e-15	86.1	4748235
NODE_68_length_154105_cov_27.7817	gb_NC_000913.3_-_481253-484403_ARO:3000216_acrB	91.803	61	5	0	1743	1803	2969	2909	3.92e-15	86.1	1572856
NODE_68_length_154105_cov_27.7817	gb_NC_000913.3_-_481253-484403_ARO:3000216_acrB	91.803	61	5	0	1743	1803	2969	2909	3.92e-15	86.1	221997
NODE_68_length_154105_cov_27.7817	gb_NC_000913.3_-_481253-484403_ARO:3000216_acrB	91.803	61	5	0	1743	1803	2969	2909	3.92e-15	86.1	356832
NODE_68_length_154105_cov_27.7817	gb_NC_000913.3_-_481253-484403_ARO:3000216_acrB	91.803	61	5	0	1743	1803	2969	2909	3.92e-15	86.1	5221342
NODE_75_length_147401_cov_85.9885	gb_AF118110.1_-_71-1037_ARO:3003002_CfxA2	100.000	966	0	0	146321	147286	966	1	0.0	1784	115011
NODE_75_length_147401_cov_85.9885	gb_AF472622_+_52-1018_ARO:3003003_CfxA3	99.896	966	1	0	146321	147286	966	1	0.0	1779	115011
NODE_75_length_147401_cov_85.9885	gb_AY769934_+_27-993_ARO:3003096_CfxA5	99.896	966	1	0	146321	147286	966	1	0.0	1779	115011
NODE_75_length_147401_cov_85.9885	gb_U38243_+_149-1115_ARO:3003001_CfxA	99.896	966	1	0	146321	147286	966	1	0.0	1779	115011
NODE_75_length_147401_cov_85.9885	gb_AY769933_+_0-966_ARO:3003005_CfxA4	99.896	966	1	0	146321	147286	966	1	0.0	1779	115011
NODE_75_length_147401_cov_85.9885	gb_GQ342996_+_797-1793_ARO:3003097_CfxA6	89.234	966	101	3	146326	147290	993	30	0.0	1205	115011
NODE_75_length_147401_cov_85.9885	gb_AF118110.1_-_71-1037_ARO:3003002_CfxA2	100.000	966	0	0	146321	147286	966	1	0.0	1784	1214989
NODE_75_length_147401_cov_85.9885	gb_AF472622_+_52-1018_ARO:3003003_CfxA3	99.896	966	1	0	146321	147286	966	1	0.0	1779	1214989
NODE_75_length_147401_cov_85.9885	gb_AY769934_+_27-993_ARO:3003096_CfxA5	99.896	966	1	0	146321	147286	966	1	0.0	1779	1214989
NODE_75_length_147401_cov_85.9885	gb_U38243_+_149-1115_ARO:3003001_CfxA	99.896	966	1	0	146321	147286	966	1	0.0	1779	1214989
NODE_75_length_147401_cov_85.9885	gb_AY769933_+_0-966_ARO:3003005_CfxA4	99.896	966	1	0	146321	147286	966	1	0.0	1779	1214989
NODE_75_length_147401_cov_85.9885	gb_GQ342996_+_797-1793_ARO:3003097_CfxA6	89.234	966	101	3	146326	147290	993	30	0.0	1205	1214989
NODE_75_length_147401_cov_85.9885	gb_AF118110.1_-_71-1037_ARO:3003002_CfxA2	100.000	966	0	0	146321	147286	966	1	0.0	1784	1710997
NODE_75_length_147401_cov_85.9885	gb_AF472622_+_52-1018_ARO:3003003_CfxA3	99.896	966	1	0	146321	147286	966	1	0.0	1779	1710997
NODE_75_length_147401_cov_85.9885	gb_AY769934_+_27-993_ARO:3003096_CfxA5	99.896	966	1	0	146321	147286	966	1	0.0	1779	1710997
NODE_75_length_147401_cov_85.9885	gb_U38243_+_149-1115_ARO:3003001_CfxA	99.896	966	1	0	146321	147286	966	1	0.0	1779	1710997
NODE_75_length_147401_cov_85.9885	gb_AY769933_+_0-966_ARO:3003005_CfxA4	99.896	966	1	0	146321	147286	966	1	0.0	1779	1710997
NODE_75_length_147401_cov_85.9885	gb_GQ342996_+_797-1793_ARO:3003097_CfxA6	89.234	966	101	3	146326	147290	993	30	0.0	1205	1710997
NODE_75_length_147401_cov_85.9885	gb_AF118110.1_-_71-1037_ARO:3003002_CfxA2	100.000	966	0	0	146321	147286	966	1	0.0	1784	4741657
NODE_75_length_147401_cov_85.9885	gb_AF472622_+_52-1018_ARO:3003003_CfxA3	99.896	966	1	0	146321	147286	966	1	0.0	1779	4741657
NODE_75_length_147401_cov_85.9885	gb_AY769934_+_27-993_ARO:3003096_CfxA5	99.896	966	1	0	146321	147286	966	1	0.0	1779	4741657
NODE_75_length_147401_cov_85.9885	gb_U38243_+_149-1115_ARO:3003001_CfxA	99.896	966	1	0	146321	147286	966	1	0.0	1779	4741657
NODE_75_length_147401_cov_85.9885	gb_AY769933_+_0-966_ARO:3003005_CfxA4	99.896	966	1	0	146321	147286	966	1	0.0	1779	4741657
NODE_75_length_147401_cov_85.9885	gb_GQ342996_+_797-1793_ARO:3003097_CfxA6	89.234	966	101	3	146326	147290	993	30	0.0	1205	4741657
NODE_75_length_147401_cov_85.9885	gb_AF118110.1_-_71-1037_ARO:3003002_CfxA2	100.000	966	0	0	146321	147286	966	1	0.0	1784	4372520
NODE_75_length_147401_cov_85.9885	gb_AF472622_+_52-1018_ARO:3003003_CfxA3	99.896	966	1	0	146321	147286	966	1	0.0	1779	4372520
NODE_75_length_147401_cov_85.9885	gb_AY769934_+_27-993_ARO:3003096_CfxA5	99.896	966	1	0	146321	147286	966	1	0.0	1779	4372520
NODE_75_length_147401_cov_85.9885	gb_U38243_+_149-1115_ARO:3003001_CfxA	99.896	966	1	0	146321	147286	966	1	0.0	1779	4372520
NODE_75_length_147401_cov_85.9885	gb_AY769933_+_0-966_ARO:3003005_CfxA4	99.896	966	1	0	146321	147286	966	1	0.0	1779	4372520
NODE_75_length_147401_cov_85.9885	gb_GQ342996_+_797-1793_ARO:3003097_CfxA6	89.234	966	101	3	146326	147290	993	30	0.0	1205	4372520
NODE_455_length_51517_cov_21.5893	gb_U05883_+_555-1458_ARO:3003559_cepA	99.668	903	3	0	32069	32971	1	903	0.0	1652	6238184
NODE_455_length_51517_cov_21.5893	gb_U05883_+_555-1458_ARO:3003559_cepA	99.668	903	3	0	32069	32971	1	903	0.0	1652	980915
NODE_477_length_49703_cov_7.96836	gb_DQ212986_+_7787-9926_ARO:3002972_vanTG	81.001	2158	372	35	40772	42910	1	2139	0.0	1679	369990
NODE_477_length_49703_cov_7.96836	gb_DQ212986_+_7030-7795_ARO:3003069_vanXYG	95.556	765	34	0	40015	40779	1	765	0.0	1225	369990
NODE_477_length_49703_cov_7.96836	gb_DQ212986_+_5984-7034_ARO:3002909_vanG	86.015	1044	146	0	38975	40018	7	1050	0.0	1120	369990
NODE_477_length_49703_cov_7.96836	gb_DQ212986_+_7787-9926_ARO:3002972_vanTG	81.001	2158	372	35	40772	42910	1	2139	0.0	1679	117318
NODE_477_length_49703_cov_7.96836	gb_DQ212986_+_7030-7795_ARO:3003069_vanXYG	95.556	765	34	0	40015	40779	1	765	0.0	1225	117318
NODE_477_length_49703_cov_7.96836	gb_DQ212986_+_5984-7034_ARO:3002909_vanG	86.015	1044	146	0	38975	40018	7	1050	0.0	1120	117318
NODE_477_length_49703_cov_7.96836	gb_DQ212986_+_7787-9926_ARO:3002972_vanTG	81.001	2158	372	35	40772	42910	1	2139	0.0	1679	3149813
NODE_477_length_49703_cov_7.96836	gb_DQ212986_+_7030-7795_ARO:3003069_vanXYG	95.556	765	34	0	40015	40779	1	765	0.0	1225	3149813
NODE_477_length_49703_cov_7.96836	gb_DQ212986_+_5984-7034_ARO:3002909_vanG	86.015	1044	146	0	38975	40018	7	1050	0.0	1120	3149813
NODE_479_length_49457_cov_3.37662	gb_MF095097.1_-_1855-3484_ARO:3004470_poxtA	93.182	44	1	2	5312	5354	1430	1388	5.91e-09	63.9	1238527
NODE_679_length_36070_cov_30.4649	gb_NC_007779_+_2586250-2589364_ARO:3000491_acrD	100.000	28	0	0	11102	11129	1880	1907	9.32e-06	52.8	3805620
NODE_679_length_36070_cov_30.4649	gb_NC_007779_+_2586250-2589364_ARO:3000491_acrD	100.000	28	0	0	11102	11129	1880	1907	9.32e-06	52.8	2105988
NODE_704_length_35032_cov_3.51954	gb_AF235050.4_+_38028-40140_ARO:3003318_Streptomyces	83.696	92	15	0	29782	29873	322	413	2.48e-16	87.9	1422326
NODE_704_length_35032_cov_3.51954	gb_AF235050.4_+_38028-40140_ARO:3003318_Streptomyces	83.696	92	15	0	29782	29873	322	413	2.48e-16	87.9	184325
NODE_704_length_35032_cov_3.51954	gb_AF235050.4_+_38028-40140_ARO:3003318_Streptomyces	83.696	92	15	0	29782	29873	322	413	2.48e-16	87.9	95899
NODE_704_length_35032_cov_3.51954	gb_AF235050.4_+_38028-40140_ARO:3003318_Streptomyces	83.696	92	15	0	29782	29873	322	413	2.48e-16	87.9	3350268
NODE_704_length_35032_cov_3.51954	gb_AF235050.4_+_38028-40140_ARO:3003318_Streptomyces	83.696	92	15	0	29782	29873	322	413	2.48e-16	87.9	1336330
NODE_704_length_35032_cov_3.51954	gb_AF235050.4_+_38028-40140_ARO:3003318_Streptomyces	83.696	92	15	0	29782	29873	322	413	2.48e-16	87.9	195293
NODE_704_length_35032_cov_3.51954	gb_AF235050.4_+_38028-40140_ARO:3003318_Streptomyces	83.696	92	15	0	29782	29873	322	413	2.48e-16	87.9	195293
NODE_842_length_28770_cov_50.9591	gb_GQ343019_+_132-1023_ARO:3002999_CblA-1	99.888	891	1	0	17942	18832	1	891	0.0	1640	4813808
NODE_1357_length_16129_cov_21.2682	gb_U00096_+_3415032-3418137_ARO:3000502_acrF	76.923	91	21	0	12119	12209	1246	1156	4.17e-06	52.8	1740048
NODE_1574_length_13303_cov_36.4138	gb_NC_007779_+_2586250-2589364_ARO:3000491_acrD	100.000	28	0	0	11102	11129	1880	1907	3.44e-06	52.8	5217534
NODE_1574_length_13303_cov_36.4138	gb_NC_007779_+_2586250-2589364_ARO:3000491_acrD	100.000	28	0	0	11102	11129	1880	1907	3.44e-06	52.8	3538501
NODE_1574_length_13303_cov_36.4138	gb_NC_007779_+_2586250-2589364_ARO:3000491_acrD	100.000	28	0	0	11102	11129	1880	1907	3.44e-06	52.8	3805620
NODE_1989_length_9261_cov_189.169	gb_AF118110.1_-_71-1037_ARO:3003002_CfxA2	100.000	966	0	0	8234	9199	966	1	0.0	1784	2318214
NODE_1989_length_9261_cov_189.169	gb_AF472622_+_52-1018_ARO:3003003_CfxA3	99.896	966	1	0	8234	9199	966	1	0.0	1779	2318214
NODE_1989_length_9261_cov_189.169	gb_AY769934_+_27-993_ARO:3003096_CfxA5	99.896	966	1	0	8234	9199	966	1	0.0	1779	2318214
NODE_1989_length_9261_cov_189.169	gb_U38243_+_149-1115_ARO:3003001_CfxA	99.896	966	1	0	8234	9199	966	1	0.0	1779	2318214
NODE_1989_length_9261_cov_189.169	gb_AY769933_+_0-966_ARO:3003005_CfxA4	99.896	966	1	0	8234	9199	966	1	0.0	1779	2318214
NODE_1989_length_9261_cov_189.169	gb_GQ342996_+_797-1793_ARO:3003097_CfxA6	89.234	966	101	3	8239	9203	993	30	0.0	1205	2318214
NODE_2436_length_6865_cov_33.1921	gb_AF028812_+_392-887_ARO:3002867_dfrF	100.000	495	0	0	2954	3448	495	1	0.0	915	103541
NODE_4104_length_3460_cov_647.721	gb_Z21523_+_0-1974_ARO:3000191_tetQ	97.872	1974	42	0	1323	3296	1	1974	0.0	3413	287472
NODE_4104_length_3460_cov_647.721	gb_Z21523_+_0-1974_ARO:3000191_tetQ	97.872	1974	42	0	1323	3296	1	1974	0.0	3413	5568686
NODE_4104_length_3460_cov_647.721	gb_Z21523_+_0-1974_ARO:3000191_tetQ	97.872	1974	42	0	1323	3296	1	1974	0.0	3413	5568686
NODE_6695_length_2018_cov_1.63321	gb_AF235050.4_+_38028-40140_ARO:3003318_Streptomyces	80.769	208	40	0	293	500	76	283	2.29e-40	163	589392
NODE_17775_length_864_cov_1.56242	gb_AF235050.4_+_38028-40140_ARO:3003318_Streptomyces	90.000	50	5	0	773	822	76	125	2.81e-11	65.8	589392
NODE_17775_length_864_cov_1.56242	gb_AF235050.4_+_38028-40140_ARO:3003318_Streptomyces	90.000	50	5	0	773	822	76	125	2.81e-11	65.8	589392
NODE_18780_length_827_cov_44.6308	gb_EU434751_+_658-2578_ARO:3000194_tetW	95.480	177	8	0	651	827	1920	1744	6.83e-77	283	6708884
