NODE_18_length_30275_cov_106.819	gb_NC_003098.1_-_1359228-1360395_ARO:3000025_patB	93.798	1161	72	0	8849	10009	1	1161	0.0	1746	36961
NODE_18_length_30275_cov_106.819	gb_NC_003098.1_-_1359228-1360395_ARO:3000025_patB	93.798	1161	72	0	8849	10009	1	1161	0.0	1746	3856948
NODE_18_length_30275_cov_106.819	gb_NC_003098.1_-_1359228-1360395_ARO:3000025_patB	93.798	1161	72	0	8849	10009	1	1161	0.0	1746	5609957
NODE_18_length_30275_cov_106.819	gb_NC_003098.1_-_1359228-1360395_ARO:3000025_patB	93.798	1161	72	0	8849	10009	1	1161	0.0	1746	326149
NODE_18_length_30275_cov_106.819	gb_NC_003098.1_-_1359228-1360395_ARO:3000025_patB	93.798	1161	72	0	8849	10009	1	1161	0.0	1746	5965955
NODE_18_length_30275_cov_106.819	gb_NC_003098.1_-_1359228-1360395_ARO:3000025_patB	93.798	1161	72	0	8849	10009	1	1161	0.0	1746	1727882
NODE_18_length_30275_cov_106.819	gb_NC_003098.1_-_1359228-1360395_ARO:3000025_patB	93.798	1161	72	0	8849	10009	1	1161	0.0	1746	1296016
NODE_18_length_30275_cov_106.819	gb_NC_003098.1_-_1359228-1360395_ARO:3000025_patB	93.798	1161	72	0	8849	10009	1	1161	0.0	1746	2223387
NODE_18_length_30275_cov_106.819	gb_NC_003098.1_-_1359228-1360395_ARO:3000025_patB	93.798	1161	72	0	8849	10009	1	1161	0.0	1746	1703141
NODE_18_length_30275_cov_106.819	gb_NC_003098.1_-_1359228-1360395_ARO:3000025_patB	93.798	1161	72	0	8849	10009	1	1161	0.0	1746	5965827
NODE_18_length_30275_cov_106.819	gb_NC_003098.1_-_1359228-1360395_ARO:3000025_patB	93.798	1161	72	0	8849	10009	1	1161	0.0	1746	4438172
NODE_18_length_30275_cov_106.819	gb_NC_003098.1_-_1359228-1360395_ARO:3000025_patB	93.798	1161	72	0	8849	10009	1	1161	0.0	1746	4394976
NODE_18_length_30275_cov_106.819	gb_NC_003098.1_-_1359228-1360395_ARO:3000025_patB	93.798	1161	72	0	8849	10009	1	1161	0.0	1746	623535
NODE_18_length_30275_cov_106.819	gb_NC_003098.1_-_1359228-1360395_ARO:3000025_patB	93.798	1161	72	0	8849	10009	1	1161	0.0	1746	1937948
NODE_30_length_26092_cov_107.446	gb_NC_003098.1_-_1359228-1360395_ARO:3000025_patB	93.282	1161	78	0	17518	18678	1161	1	0.0	1712	5476
NODE_30_length_26092_cov_107.446	gb_NC_003098.1_-_1359228-1360395_ARO:3000025_patB	93.282	1161	78	0	17518	18678	1161	1	0.0	1712	36961
NODE_30_length_26092_cov_107.446	gb_NC_003098.1_-_1359228-1360395_ARO:3000025_patB	93.282	1161	78	0	17518	18678	1161	1	0.0	1712	1723814
NODE_30_length_26092_cov_107.446	gb_NC_003098.1_-_1359228-1360395_ARO:3000025_patB	93.282	1161	78	0	17518	18678	1161	1	0.0	1712	1723814
NODE_30_length_26092_cov_107.446	gb_NC_003098.1_-_1359228-1360395_ARO:3000025_patB	93.282	1161	78	0	17518	18678	1161	1	0.0	1712	543324
NODE_30_length_26092_cov_107.446	gb_NC_003098.1_-_1359228-1360395_ARO:3000025_patB	93.282	1161	78	0	17518	18678	1161	1	0.0	1712	41181
NODE_30_length_26092_cov_107.446	gb_NC_003098.1_-_1359228-1360395_ARO:3000025_patB	93.282	1161	78	0	17518	18678	1161	1	0.0	1712	14104
NODE_30_length_26092_cov_107.446	gb_NC_003098.1_-_1359228-1360395_ARO:3000025_patB	93.282	1161	78	0	17518	18678	1161	1	0.0	1712	6645158
NODE_30_length_26092_cov_107.446	gb_NC_003098.1_-_1359228-1360395_ARO:3000025_patB	93.282	1161	78	0	17518	18678	1161	1	0.0	1712	5965827
NODE_30_length_26092_cov_107.446	gb_NC_003098.1_-_1359228-1360395_ARO:3000025_patB	93.282	1161	78	0	17518	18678	1161	1	0.0	1712	1703141
NODE_30_length_26092_cov_107.446	gb_NC_003098.1_-_1359228-1360395_ARO:3000025_patB	93.282	1161	78	0	17518	18678	1161	1	0.0	1712	2223387
NODE_30_length_26092_cov_107.446	gb_NC_003098.1_-_1359228-1360395_ARO:3000025_patB	93.282	1161	78	0	17518	18678	1161	1	0.0	1712	2223387
NODE_30_length_26092_cov_107.446	gb_NC_003098.1_-_1359228-1360395_ARO:3000025_patB	93.282	1161	78	0	17518	18678	1161	1	0.0	1712	623526
NODE_30_length_26092_cov_107.446	gb_NC_003098.1_-_1359228-1360395_ARO:3000025_patB	93.282	1161	78	0	17518	18678	1161	1	0.0	1712	1296016
NODE_30_length_26092_cov_107.446	gb_NC_003098.1_-_1359228-1360395_ARO:3000025_patB	93.282	1161	78	0	17518	18678	1161	1	0.0	1712	1727882
NODE_30_length_26092_cov_107.446	gb_NC_003098.1_-_1359228-1360395_ARO:3000025_patB	93.282	1161	78	0	17518	18678	1161	1	0.0	1712	1727882
NODE_30_length_26092_cov_107.446	gb_NC_003098.1_-_1359228-1360395_ARO:3000025_patB	93.282	1161	78	0	17518	18678	1161	1	0.0	1712	3384425
NODE_30_length_26092_cov_107.446	gb_NC_003098.1_-_1359228-1360395_ARO:3000025_patB	93.282	1161	78	0	17518	18678	1161	1	0.0	1712	1131452
NODE_30_length_26092_cov_107.446	gb_NC_003098.1_-_1359228-1360395_ARO:3000025_patB	93.282	1161	78	0	17518	18678	1161	1	0.0	1712	269725
NODE_30_length_26092_cov_107.446	gb_NC_003098.1_-_1359228-1360395_ARO:3000025_patB	93.282	1161	78	0	17518	18678	1161	1	0.0	1712	59952
NODE_30_length_26092_cov_107.446	gb_NC_003098.1_-_1359228-1360395_ARO:3000025_patB	93.282	1161	78	0	17518	18678	1161	1	0.0	1712	1877247
NODE_30_length_26092_cov_107.446	gb_NC_003098.1_-_1359228-1360395_ARO:3000025_patB	93.282	1161	78	0	17518	18678	1161	1	0.0	1712	5476
NODE_30_length_26092_cov_107.446	gb_NC_003098.1_-_1359228-1360395_ARO:3000025_patB	93.282	1161	78	0	17518	18678	1161	1	0.0	1712	36961
NODE_30_length_26092_cov_107.446	gb_NC_003098.1_-_1359228-1360395_ARO:3000025_patB	93.282	1161	78	0	17518	18678	1161	1	0.0	1712	200780
NODE_30_length_26092_cov_107.446	gb_NC_003098.1_-_1359228-1360395_ARO:3000025_patB	93.282	1161	78	0	17518	18678	1161	1	0.0	1712	5965955
NODE_30_length_26092_cov_107.446	gb_NC_003098.1_-_1359228-1360395_ARO:3000025_patB	93.282	1161	78	0	17518	18678	1161	1	0.0	1712	4438185
NODE_30_length_26092_cov_107.446	gb_NC_003098.1_-_1359228-1360395_ARO:3000025_patB	93.282	1161	78	0	17518	18678	1161	1	0.0	1712	911647
NODE_30_length_26092_cov_107.446	gb_NC_003098.1_-_1359228-1360395_ARO:3000025_patB	93.282	1161	78	0	17518	18678	1161	1	0.0	1712	774626
NODE_30_length_26092_cov_107.446	gb_NC_003098.1_-_1359228-1360395_ARO:3000025_patB	93.282	1161	78	0	17518	18678	1161	1	0.0	1712	326149
NODE_382_length_9101_cov_123.099	gb_NC_003098.1_+_866210-867410_ARO:3000822_pmrA	92.744	1075	78	0	8027	9101	1	1075	0.0	1554	63623
NODE_382_length_9101_cov_123.099	gb_NC_003098.1_+_866210-867410_ARO:3000822_pmrA	92.744	1075	78	0	8027	9101	1	1075	0.0	1554	454472
NODE_382_length_9101_cov_123.099	gb_NC_003098.1_+_866210-867410_ARO:3000822_pmrA	92.744	1075	78	0	8027	9101	1	1075	0.0	1554	143722
NODE_450_length_8446_cov_8.11739	gb_AP006618.1_+_4835199-4838688_ARO:3000501_Nocardia	86.228	334	42	4	4369	4700	3299	2968	1.15e-98	359	3553754
NODE_450_length_8446_cov_8.11739	gb_AP006618.1_+_4835199-4838688_ARO:3000501_Nocardia	86.228	334	42	4	4369	4700	3299	2968	1.15e-98	359	82316
NODE_618_length_7515_cov_15.5292	gb_U00096_+_2812615-2814154_ARO:3000074_emrB	69.185	1165	323	31	4199	5345	54	1200	8.72e-30	130	986211
NODE_618_length_7515_cov_15.5292	gb_AP009048_+_2810082-2811255_ARO:3000027_emrA	73.554	242	58	6	3688	3926	730	968	5.32e-17	87.9	986211
NODE_618_length_7515_cov_15.5292	gb_U00096_+_2812615-2814154_ARO:3000074_emrB	69.185	1165	323	31	4199	5345	54	1200	8.72e-30	130	986211
NODE_618_length_7515_cov_15.5292	gb_AP009048_+_2810082-2811255_ARO:3000027_emrA	73.554	242	58	6	3688	3926	730	968	5.32e-17	87.9	986211
NODE_618_length_7515_cov_15.5292	gb_U00096_+_2812615-2814154_ARO:3000074_emrB	69.185	1165	323	31	4199	5345	54	1200	8.72e-30	130	1779990
NODE_618_length_7515_cov_15.5292	gb_AP009048_+_2810082-2811255_ARO:3000027_emrA	73.554	242	58	6	3688	3926	730	968	5.32e-17	87.9	1779990
NODE_618_length_7515_cov_15.5292	gb_U00096_+_2812615-2814154_ARO:3000074_emrB	69.185	1165	323	31	4199	5345	54	1200	8.72e-30	130	986211
NODE_618_length_7515_cov_15.5292	gb_AP009048_+_2810082-2811255_ARO:3000027_emrA	73.554	242	58	6	3688	3926	730	968	5.32e-17	87.9	986211
NODE_618_length_7515_cov_15.5292	gb_U00096_+_2812615-2814154_ARO:3000074_emrB	69.185	1165	323	31	4199	5345	54	1200	8.72e-30	130	986211
NODE_618_length_7515_cov_15.5292	gb_AP009048_+_2810082-2811255_ARO:3000027_emrA	73.554	242	58	6	3688	3926	730	968	5.32e-17	87.9	986211
NODE_618_length_7515_cov_15.5292	gb_U00096_+_2812615-2814154_ARO:3000074_emrB	69.185	1165	323	31	4199	5345	54	1200	8.72e-30	130	5966038
NODE_618_length_7515_cov_15.5292	gb_AP009048_+_2810082-2811255_ARO:3000027_emrA	73.554	242	58	6	3688	3926	730	968	5.32e-17	87.9	5966038
NODE_712_length_7067_cov_5.75342	gb_NC_014638.1_-_1610636-1613960_ARO:3003730_Bifidobacteria	76.923	533	106	13	2897	3425	697	178	4.60e-77	287	57792
NODE_1718_length_4399_cov_28.4869	gb_CP007593.1_+_2148923-2149772_ARO:3001301_RlmA(II)	89.907	644	63	2	3757	4399	841	199	0.0	828	6796774
NODE_2422_length_3532_cov_119.582	gb_NC_003098.1_+_866210-867410_ARO:3000822_pmrA	93.583	1200	77	0	1308	2507	1	1200	0.0	1790	3856947
NODE_2422_length_3532_cov_119.582	gb_NC_003098.1_+_866210-867410_ARO:3000822_pmrA	93.583	1200	77	0	1308	2507	1	1200	0.0	1790	3856947
NODE_3718_length_2605_cov_60.2647	gb_NC_003098.1_-_1359228-1360395_ARO:3000025_patB	94.690	226	12	0	1	226	226	1	5.90e-97	351	1131452
NODE_4989_length_2121_cov_3.92982	gb_AF242872_+_2131-2878_ARO:3000375_ErmB	99.331	747	4	1	751	1496	747	1	0.0	1351	466166
NODE_5963_length_1858_cov_133.62	gb_CP007593.1_+_2148923-2149772_ARO:3001301_RlmA(II)	88.599	842	94	2	93	933	1	841	0.0	1022	1044294
NODE_5963_length_1858_cov_133.62	gb_CP007593.1_+_2148923-2149772_ARO:3001301_RlmA(II)	88.599	842	94	2	93	933	1	841	0.0	1022	27713
NODE_5963_length_1858_cov_133.62	gb_CP007593.1_+_2148923-2149772_ARO:3001301_RlmA(II)	88.599	842	94	2	93	933	1	841	0.0	1022	1424072
NODE_5963_length_1858_cov_133.62	gb_CP007593.1_+_2148923-2149772_ARO:3001301_RlmA(II)	88.599	842	94	2	93	933	1	841	0.0	1022	14099
NODE_5963_length_1858_cov_133.62	gb_CP007593.1_+_2148923-2149772_ARO:3001301_RlmA(II)	88.599	842	94	2	93	933	1	841	0.0	1022	57144
NODE_5963_length_1858_cov_133.62	gb_CP007593.1_+_2148923-2149772_ARO:3001301_RlmA(II)	88.599	842	94	2	93	933	1	841	0.0	1022	5476
NODE_7860_length_1516_cov_110.601	gb_CP007593.1_+_2148923-2149772_ARO:3001301_RlmA(II)	90.015	651	65	0	1	651	199	849	0.0	843	1044294
NODE_7860_length_1516_cov_110.601	gb_CP007593.1_+_2148923-2149772_ARO:3001301_RlmA(II)	90.015	651	65	0	1	651	199	849	0.0	843	1424072
NODE_17141_length_863_cov_2.81188	gb_DQ516970_+_0-1987_ARO:3002882_lmrD	73.354	653	154	14	193	835	1344	1986	4.38e-59	224	14930
NODE_33964_length_544_cov_195.106	gb_NC_003098.1_+_866210-867410_ARO:3000822_pmrA	98.611	72	1	0	1	72	1129	1200	2.20e-30	128	387594
NODE_38362_length_498_cov_118.907	gb_CP007593.1_+_2148923-2149772_ARO:3001301_RlmA(II)	91.318	311	27	0	1	311	311	1	6.35e-120	425	21661
NODE_38362_length_498_cov_118.907	gb_CP007593.1_+_2148923-2149772_ARO:3001301_RlmA(II)	91.318	311	27	0	1	311	311	1	6.35e-120	425	1723
NODE_83851_length_295_cov_3.4125	gb_NC_003098.1_-_1359228-1360395_ARO:3000025_patB	90.169	295	29	0	1	295	397	691	6.22e-108	385	6796750
