NODE_329_length_25015_cov_11.3351	gb_KF478993.1_-_6002-6704_ARO:3002930_vanRO	94.444	36	0	2	12499	12534	287	320	1.80e-06	54.7	5124315
NODE_329_length_25015_cov_11.3351	gb_KF478993.1_-_6002-6704_ARO:3002930_vanRO	94.444	36	0	2	12499	12534	287	320	1.80e-06	54.7	765790
NODE_329_length_25015_cov_11.3351	gb_KF478993.1_-_6002-6704_ARO:3002930_vanRO	94.444	36	0	2	12499	12534	287	320	1.80e-06	54.7	2362114
NODE_329_length_25015_cov_11.3351	gb_KF478993.1_-_6002-6704_ARO:3002930_vanRO	94.444	36	0	2	12499	12534	287	320	1.80e-06	54.7	3634584
NODE_329_length_25015_cov_11.3351	gb_KF478993.1_-_6002-6704_ARO:3002930_vanRO	94.444	36	0	2	12499	12534	287	320	1.80e-06	54.7	3634584
NODE_329_length_25015_cov_11.3351	gb_KF478993.1_-_6002-6704_ARO:3002930_vanRO	94.444	36	0	2	12499	12534	287	320	1.80e-06	54.7	1710005
NODE_329_length_25015_cov_11.3351	gb_KF478993.1_-_6002-6704_ARO:3002930_vanRO	94.444	36	0	2	12499	12534	287	320	1.80e-06	54.7	6395533
NODE_506_length_19132_cov_280.093	gb_AY768532_+_0-1935_ARO:3000535_macB	81.038	1946	350	16	8960	10897	1935	1	0.0	1531	162874
NODE_506_length_19132_cov_280.093	gb_AY768532_+_0-1935_ARO:3000535_macB	81.038	1946	350	16	8960	10897	1935	1	0.0	1531	5123843
NODE_506_length_19132_cov_280.093	gb_AY768532_+_0-1935_ARO:3000535_macB	81.038	1946	350	16	8960	10897	1935	1	0.0	1531	5123843
NODE_506_length_19132_cov_280.093	gb_AY768532_+_0-1935_ARO:3000535_macB	81.038	1946	350	16	8960	10897	1935	1	0.0	1531	5123864
NODE_506_length_19132_cov_280.093	gb_AY768532_+_0-1935_ARO:3000535_macB	81.038	1946	350	16	8960	10897	1935	1	0.0	1531	5123864
NODE_506_length_19132_cov_280.093	gb_AY768532_+_0-1935_ARO:3000535_macB	81.038	1946	350	16	8960	10897	1935	1	0.0	1531	6395455
NODE_506_length_19132_cov_280.093	gb_AY768532_+_0-1935_ARO:3000535_macB	81.038	1946	350	16	8960	10897	1935	1	0.0	1531	2099734
NODE_506_length_19132_cov_280.093	gb_AY768532_+_0-1935_ARO:3000535_macB	81.038	1946	350	16	8960	10897	1935	1	0.0	1531	2099734
NODE_506_length_19132_cov_280.093	gb_AY768532_+_0-1935_ARO:3000535_macB	81.038	1946	350	16	8960	10897	1935	1	0.0	1531	539997
NODE_1052_length_12020_cov_19.0953	gb_KX531049.1_+_0-1947_ARO:3003986_TaeA	86.154	65	9	0	11127	11191	1363	1427	8.58e-12	71.3	926612
NODE_1052_length_12020_cov_19.0953	gb_KX531049.1_+_0-1947_ARO:3003986_TaeA	86.154	65	9	0	11127	11191	1363	1427	8.58e-12	71.3	1596767
NODE_1997_length_8209_cov_270.042	gb_NC_003112.2_+_329612-330767_ARO:3003961_farA	73.420	918	222	21	1603	2509	1033	127	4.07e-88	324	1711720
NODE_1997_length_8209_cov_270.042	gb_NC_003112.2_+_329612-330767_ARO:3003961_farA	73.420	918	222	21	1603	2509	1033	127	4.07e-88	324	1711720
NODE_2773_length_6623_cov_3.67326	gb_HM990671_+_5192-6671_ARO:3003112_lsaC	95.495	111	5	0	1	111	111	1	2.71e-44	178	1712052
NODE_2773_length_6623_cov_3.67326	gb_HM990671_+_5192-6671_ARO:3003112_lsaC	95.495	111	5	0	1	111	111	1	2.71e-44	178	972193
NODE_3458_length_5758_cov_87.3097	gb_HM990671_+_5192-6671_ARO:3003112_lsaC	91.554	1480	123	2	2047	3525	1479	1	0.0	2039	1126790
NODE_3458_length_5758_cov_87.3097	gb_HM990671_+_5192-6671_ARO:3003112_lsaC	91.554	1480	123	2	2047	3525	1479	1	0.0	2039	2910854
NODE_3458_length_5758_cov_87.3097	gb_HM990671_+_5192-6671_ARO:3003112_lsaC	91.554	1480	123	2	2047	3525	1479	1	0.0	2039	995597
NODE_4140_length_5098_cov_7.44696	gb_CP007593.1_+_2148923-2149772_ARO:3001301_RlmA(II)	84.379	845	128	4	40	882	1	843	0.0	826	5124511
NODE_4140_length_5098_cov_7.44696	gb_CP007593.1_+_2148923-2149772_ARO:3001301_RlmA(II)	84.379	845	128	4	40	882	1	843	0.0	826	43040
NODE_4140_length_5098_cov_7.44696	gb_CP007593.1_+_2148923-2149772_ARO:3001301_RlmA(II)	84.379	845	128	4	40	882	1	843	0.0	826	6395722
NODE_4819_length_4577_cov_3.78815	gb_AP006618.1_+_4835199-4838688_ARO:3000501_Nocardia	74.059	1673	362	54	1674	3314	1683	3315	2.58e-177	619	1609960
NODE_11138_length_2436_cov_14.2827	gb_AP006618.1_+_4835199-4838688_ARO:3000501_Nocardia	85.985	264	35	2	2169	2431	3299	3037	7.34e-76	281	158973
NODE_12130_length_2273_cov_34.7628	gb_EU434751_+_658-2578_ARO:3000194_tetW	99.948	1920	1	0	287	2206	1	1920	0.0	3541	214020
NODE_12130_length_2273_cov_34.7628	gb_KU736867.1_+_19653-21573_ARO:3004442_tet(W/N/W)	96.077	1912	73	2	287	2197	1	1911	0.0	3114	214020
NODE_12223_length_2259_cov_4.62069	gb_HM990671_+_5192-6671_ARO:3003112_lsaC	95.200	250	12	0	2010	2259	633	384	2.33e-110	396	5124487
NODE_12336_length_2243_cov_649.941	gb_AM180355_+_600033-601953_ARO:3000186_tetM	92.046	1911	152	0	333	2243	1	1911	0.0	2687	3634365
NODE_12336_length_2243_cov_649.941	gb_L09756_+_0-1926_ARO:3000192_tetS	78.571	1918	395	14	334	2243	2	1911	0.0	1251	3634365
NODE_19893_length_1492_cov_15.1997	gb_AF024666.2_-_2207-2969_ARO:3000596_ErmX	94.889	763	38	1	110	872	1	762	0.0	1192	125441
