NODE_59_length_18210_cov_51.6358	gb_AM180355_+_600033-601953_ARO:3000186_tetM	90.365	1920	185	0	4086	6005	1920	1	0.0	2521	42819
NODE_59_length_18210_cov_51.6358	gb_L09756_+_0-1926_ARO:3000192_tetS	78.745	1929	389	19	4087	6004	1920	2	0.0	1271	42819
NODE_59_length_18210_cov_51.6358	gb_AM180355_+_600033-601953_ARO:3000186_tetM	90.365	1920	185	0	4086	6005	1920	1	0.0	2521	1498785
NODE_59_length_18210_cov_51.6358	gb_L09756_+_0-1926_ARO:3000192_tetS	78.745	1929	389	19	4087	6004	1920	2	0.0	1271	1498785
NODE_59_length_18210_cov_51.6358	gb_AM180355_+_600033-601953_ARO:3000186_tetM	90.365	1920	185	0	4086	6005	1920	1	0.0	2521	1498785
NODE_59_length_18210_cov_51.6358	gb_L09756_+_0-1926_ARO:3000192_tetS	78.745	1929	389	19	4087	6004	1920	2	0.0	1271	1498785
NODE_94_length_14889_cov_267.493	gb_NC_003098.1_-_1359228-1360395_ARO:3000025_patB	93.626	1161	74	0	5823	6983	1161	1	0.0	1735	1136228
NODE_94_length_14889_cov_267.493	gb_NC_003098.1_-_1359228-1360395_ARO:3000025_patB	93.626	1161	74	0	5823	6983	1161	1	0.0	1735	1136228
NODE_94_length_14889_cov_267.493	gb_NC_003098.1_-_1359228-1360395_ARO:3000025_patB	93.626	1161	74	0	5823	6983	1161	1	0.0	1735	3862426
NODE_94_length_14889_cov_267.493	gb_NC_003098.1_-_1359228-1360395_ARO:3000025_patB	93.626	1161	74	0	5823	6983	1161	1	0.0	1735	125194
NODE_94_length_14889_cov_267.493	gb_NC_003098.1_-_1359228-1360395_ARO:3000025_patB	93.626	1161	74	0	5823	6983	1161	1	0.0	1735	1995158
NODE_94_length_14889_cov_267.493	gb_NC_003098.1_-_1359228-1360395_ARO:3000025_patB	93.626	1161	74	0	5823	6983	1161	1	0.0	1735	41448
NODE_94_length_14889_cov_267.493	gb_NC_003098.1_-_1359228-1360395_ARO:3000025_patB	93.626	1161	74	0	5823	6983	1161	1	0.0	1735	5984407
NODE_94_length_14889_cov_267.493	gb_NC_003098.1_-_1359228-1360395_ARO:3000025_patB	93.626	1161	74	0	5823	6983	1161	1	0.0	1735	5984226
NODE_94_length_14889_cov_267.493	gb_NC_003098.1_-_1359228-1360395_ARO:3000025_patB	93.626	1161	74	0	5823	6983	1161	1	0.0	1735	5984226
NODE_94_length_14889_cov_267.493	gb_NC_003098.1_-_1359228-1360395_ARO:3000025_patB	93.626	1161	74	0	5823	6983	1161	1	0.0	1735	538176
NODE_94_length_14889_cov_267.493	gb_NC_003098.1_-_1359228-1360395_ARO:3000025_patB	93.626	1161	74	0	5823	6983	1161	1	0.0	1735	538176
NODE_173_length_10526_cov_16.9488	gb_NC_017452.1_-_1144673-1146068_ARO:3003953_hmrM	90.681	1395	130	0	587	1981	1	1395	0.0	1857	2266615
NODE_543_length_5878_cov_33.0141	gb_M12730_+_779-1514_ARO:3000250_ErmC	98.912	735	8	0	4981	5715	1	735	0.0	1314	2249888
NODE_543_length_5878_cov_33.0141	gb_M64090_+_0-735_ARO:3000595_ErmT	81.088	735	129	8	4981	5710	1	730	5.63e-165	579	2249888
NODE_543_length_5878_cov_33.0141	gb_NC_013452_+_2917-4297_ARO:3000178_tet(K)	100.000	296	0	0	4248	4543	1	296	1.59e-155	547	2249888
NODE_543_length_5878_cov_33.0141	gb_NC_005076_+_9897-10629_ARO:3000599_Erm(33)	94.833	329	17	0	4981	5309	1	329	1.61e-145	514	2249888
NODE_543_length_5878_cov_33.0141	gb_M12730_+_779-1514_ARO:3000250_ErmC	98.912	735	8	0	4981	5715	1	735	0.0	1314	2249888
NODE_543_length_5878_cov_33.0141	gb_M64090_+_0-735_ARO:3000595_ErmT	81.088	735	129	8	4981	5710	1	730	5.63e-165	579	2249888
NODE_543_length_5878_cov_33.0141	gb_NC_013452_+_2917-4297_ARO:3000178_tet(K)	100.000	296	0	0	4248	4543	1	296	1.59e-155	547	2249888
NODE_543_length_5878_cov_33.0141	gb_NC_005076_+_9897-10629_ARO:3000599_Erm(33)	94.833	329	17	0	4981	5309	1	329	1.61e-145	514	2249888
NODE_2132_length_2437_cov_221.553	gb_NC_003098.1_+_866210-867410_ARO:3000822_pmrA	93.589	1123	72	0	1	1123	1123	1	0.0	1676	1911622
NODE_2132_length_2437_cov_221.553	gb_NC_003098.1_+_866210-867410_ARO:3000822_pmrA	93.589	1123	72	0	1	1123	1123	1	0.0	1676	626281
NODE_2132_length_2437_cov_221.553	gb_NC_003098.1_+_866210-867410_ARO:3000822_pmrA	93.589	1123	72	0	1	1123	1123	1	0.0	1676	1543290
NODE_2925_length_1940_cov_152.154	gb_CP007593.1_+_2148923-2149772_ARO:3001301_RlmA(II)	90.342	849	82	0	169	1017	1	849	0.0	1114	445066
NODE_2925_length_1940_cov_152.154	gb_CP007593.1_+_2148923-2149772_ARO:3001301_RlmA(II)	90.342	849	82	0	169	1017	1	849	0.0	1114	4011
NODE_3752_length_1606_cov_292.533	gb_CP007593.1_+_2148923-2149772_ARO:3001301_RlmA(II)	91.784	852	64	6	170	1018	1	849	0.0	1181	4445088
NODE_3752_length_1606_cov_292.533	gb_CP007593.1_+_2148923-2149772_ARO:3001301_RlmA(II)	91.784	852	64	6	170	1018	1	849	0.0	1181	445066
NODE_4072_length_1513_cov_37.1749	gb_CP007593.1_+_2148923-2149772_ARO:3001301_RlmA(II)	89.487	409	41	2	1	408	434	841	1.14e-146	516	2089503
NODE_4072_length_1513_cov_37.1749	gb_CP007593.1_+_2148923-2149772_ARO:3001301_RlmA(II)	89.487	409	41	2	1	408	434	841	1.14e-146	516	2249871
NODE_4072_length_1513_cov_37.1749	gb_CP007593.1_+_2148923-2149772_ARO:3001301_RlmA(II)	89.487	409	41	2	1	408	434	841	1.14e-146	516	1136260
NODE_6062_length_1112_cov_4.94134	gb_CP007593.1_+_2148923-2149772_ARO:3001301_RlmA(II)	84.852	845	124	4	122	964	843	1	0.0	848	776247
NODE_6736_length_1029_cov_44.8799	gb_CP007593.1_+_2148923-2149772_ARO:3001301_RlmA(II)	91.932	409	31	2	1	408	434	841	1.62e-163	571	2089503
NODE_7055_length_998_cov_3.92259	gb_CP007593.1_+_2148923-2149772_ARO:3001301_RlmA(II)	86.923	390	51	0	607	996	841	452	1.67e-123	438	1205436
NODE_7386_length_965_cov_53.4615	gb_CP007593.1_+_2148923-2149772_ARO:3001301_RlmA(II)	90.172	814	80	0	152	965	1	814	0.0	1061	327530
NODE_7386_length_965_cov_53.4615	gb_CP007593.1_+_2148923-2149772_ARO:3001301_RlmA(II)	90.172	814	80	0	152	965	1	814	0.0	1061	4445088
NODE_8786_length_852_cov_376.112	gb_NC_003098.1_-_1359228-1360395_ARO:3000025_patB	95.219	251	12	0	602	852	1	251	2.40e-111	398	1836948
NODE_11019_length_734_cov_349.361	gb_NC_003098.1_+_866210-867410_ARO:3000822_pmrA	98.485	132	2	0	603	734	1200	1069	6.17e-62	233	1911622
NODE_17422_length_546_cov_3.10998	gb_NC_003098.1_-_1359228-1360395_ARO:3000025_patB	84.270	445	70	0	102	546	1	445	1.16e-122	435	2585545
