NODE_79_length_77730_cov_59.9384	gb_AM180355_+_600033-601953_ARO:3000186_tetM	92.181	1522	119	0	1	1522	1522	1	0.0	2152	2089221
NODE_79_length_77730_cov_59.9384	gb_L09756_+_0-1926_ARO:3000192_tetS	78.247	1517	316	12	12	1521	1511	2	0.0	961	2089221
NODE_79_length_77730_cov_59.9384	gb_AM180355_+_600033-601953_ARO:3000186_tetM	92.181	1522	119	0	1	1522	1522	1	0.0	2152	2631249
NODE_79_length_77730_cov_59.9384	gb_L09756_+_0-1926_ARO:3000192_tetS	78.247	1517	316	12	12	1521	1511	2	0.0	961	2631249
NODE_79_length_77730_cov_59.9384	gb_AM180355_+_600033-601953_ARO:3000186_tetM	92.181	1522	119	0	1	1522	1522	1	0.0	2152	4632295
NODE_79_length_77730_cov_59.9384	gb_L09756_+_0-1926_ARO:3000192_tetS	78.247	1517	316	12	12	1521	1511	2	0.0	961	4632295
NODE_79_length_77730_cov_59.9384	gb_AM180355_+_600033-601953_ARO:3000186_tetM	92.181	1522	119	0	1	1522	1522	1	0.0	2152	30091
NODE_79_length_77730_cov_59.9384	gb_L09756_+_0-1926_ARO:3000192_tetS	78.247	1517	316	12	12	1521	1511	2	0.0	961	30091
NODE_79_length_77730_cov_59.9384	gb_AM180355_+_600033-601953_ARO:3000186_tetM	92.181	1522	119	0	1	1522	1522	1	0.0	2152	6742992
NODE_79_length_77730_cov_59.9384	gb_L09756_+_0-1926_ARO:3000192_tetS	78.247	1517	316	12	12	1521	1511	2	0.0	961	6742992
NODE_79_length_77730_cov_59.9384	gb_AM180355_+_600033-601953_ARO:3000186_tetM	92.181	1522	119	0	1	1522	1522	1	0.0	2152	6742992
NODE_79_length_77730_cov_59.9384	gb_L09756_+_0-1926_ARO:3000192_tetS	78.247	1517	316	12	12	1521	1511	2	0.0	961	6742992
NODE_79_length_77730_cov_59.9384	gb_AM180355_+_600033-601953_ARO:3000186_tetM	92.181	1522	119	0	1	1522	1522	1	0.0	2152	3287762
NODE_79_length_77730_cov_59.9384	gb_L09756_+_0-1926_ARO:3000192_tetS	78.247	1517	316	12	12	1521	1511	2	0.0	961	3287762
NODE_104_length_69600_cov_29.803	gb_AM180355_+_600033-601953_ARO:3000186_tetM	97.351	453	12	0	1	453	1468	1920	0.0	771	675370
NODE_104_length_69600_cov_29.803	gb_AM180355_+_600033-601953_ARO:3000186_tetM	97.351	453	12	0	1	453	1468	1920	0.0	771	2227355
NODE_104_length_69600_cov_29.803	gb_AM180355_+_600033-601953_ARO:3000186_tetM	97.351	453	12	0	1	453	1468	1920	0.0	771	215113
NODE_104_length_69600_cov_29.803	gb_AM180355_+_600033-601953_ARO:3000186_tetM	97.351	453	12	0	1	453	1468	1920	0.0	771	319549
NODE_104_length_69600_cov_29.803	gb_AM180355_+_600033-601953_ARO:3000186_tetM	97.351	453	12	0	1	453	1468	1920	0.0	771	360935
NODE_104_length_69600_cov_29.803	gb_AM180355_+_600033-601953_ARO:3000186_tetM	97.351	453	12	0	1	453	1468	1920	0.0	771	215113
NODE_104_length_69600_cov_29.803	gb_AM180355_+_600033-601953_ARO:3000186_tetM	97.351	453	12	0	1	453	1468	1920	0.0	771	215113
NODE_104_length_69600_cov_29.803	gb_AM180355_+_600033-601953_ARO:3000186_tetM	97.351	453	12	0	1	453	1468	1920	0.0	771	319549
NODE_104_length_69600_cov_29.803	gb_AM180355_+_600033-601953_ARO:3000186_tetM	97.351	453	12	0	1	453	1468	1920	0.0	771	215113
NODE_104_length_69600_cov_29.803	gb_AM180355_+_600033-601953_ARO:3000186_tetM	97.351	453	12	0	1	453	1468	1920	0.0	771	215113
NODE_104_length_69600_cov_29.803	gb_AM180355_+_600033-601953_ARO:3000186_tetM	97.351	453	12	0	1	453	1468	1920	0.0	771	319549
NODE_104_length_69600_cov_29.803	gb_AM180355_+_600033-601953_ARO:3000186_tetM	97.351	453	12	0	1	453	1468	1920	0.0	771	215113
NODE_104_length_69600_cov_29.803	gb_AM180355_+_600033-601953_ARO:3000186_tetM	97.351	453	12	0	1	453	1468	1920	0.0	771	319549
NODE_104_length_69600_cov_29.803	gb_AM180355_+_600033-601953_ARO:3000186_tetM	97.351	453	12	0	1	453	1468	1920	0.0	771	215113
NODE_104_length_69600_cov_29.803	gb_AM180355_+_600033-601953_ARO:3000186_tetM	97.351	453	12	0	1	453	1468	1920	0.0	771	215113
NODE_104_length_69600_cov_29.803	gb_AM180355_+_600033-601953_ARO:3000186_tetM	97.351	453	12	0	1	453	1468	1920	0.0	771	215113
NODE_104_length_69600_cov_29.803	gb_AM180355_+_600033-601953_ARO:3000186_tetM	97.351	453	12	0	1	453	1468	1920	0.0	771	215113
NODE_104_length_69600_cov_29.803	gb_AM180355_+_600033-601953_ARO:3000186_tetM	97.351	453	12	0	1	453	1468	1920	0.0	771	283170
NODE_104_length_69600_cov_29.803	gb_AM180355_+_600033-601953_ARO:3000186_tetM	97.351	453	12	0	1	453	1468	1920	0.0	771	215113
NODE_104_length_69600_cov_29.803	gb_AM180355_+_600033-601953_ARO:3000186_tetM	97.351	453	12	0	1	453	1468	1920	0.0	771	215113
NODE_111_length_66016_cov_29.361	gb_AF540889_+_0-327_ARO:3002871_tet37	99.550	222	1	0	56168	56389	222	1	1.14e-111	405	5100751
NODE_111_length_66016_cov_29.361	gb_AF540889_+_0-327_ARO:3002871_tet37	99.550	222	1	0	56168	56389	222	1	1.14e-111	405	5100751
NODE_111_length_66016_cov_29.361	gb_AF540889_+_0-327_ARO:3002871_tet37	99.550	222	1	0	56168	56389	222	1	1.14e-111	405	65630
NODE_111_length_66016_cov_29.361	gb_AF540889_+_0-327_ARO:3002871_tet37	99.550	222	1	0	56168	56389	222	1	1.14e-111	405	124328
NODE_111_length_66016_cov_29.361	gb_AF540889_+_0-327_ARO:3002871_tet37	99.550	222	1	0	56168	56389	222	1	1.14e-111	405	65630
NODE_111_length_66016_cov_29.361	gb_AF540889_+_0-327_ARO:3002871_tet37	99.550	222	1	0	56168	56389	222	1	1.14e-111	405	65630
NODE_111_length_66016_cov_29.361	gb_AF540889_+_0-327_ARO:3002871_tet37	99.550	222	1	0	56168	56389	222	1	1.14e-111	405	63339
NODE_111_length_66016_cov_29.361	gb_AF540889_+_0-327_ARO:3002871_tet37	99.550	222	1	0	56168	56389	222	1	1.14e-111	405	2810508
NODE_111_length_66016_cov_29.361	gb_AF540889_+_0-327_ARO:3002871_tet37	99.550	222	1	0	56168	56389	222	1	1.14e-111	405	106487
NODE_924_length_17425_cov_14.8704	gb_X63451_+_0-1653_ARO:3002828_srmB	97.059	34	1	0	10909	10942	1499	1466	9.69e-08	58.4	3484022
NODE_924_length_17425_cov_14.8704	gb_X63451_+_0-1653_ARO:3002828_srmB	97.059	34	1	0	10909	10942	1499	1466	9.69e-08	58.4	282693
NODE_1579_length_11393_cov_18.8736	gb_HM990671_+_5192-6671_ARO:3003112_lsaC	92.089	1479	117	0	7982	9460	1479	1	0.0	2084	1936894
NODE_1579_length_11393_cov_18.8736	gb_HM990671_+_5192-6671_ARO:3003112_lsaC	92.089	1479	117	0	7982	9460	1479	1	0.0	2084	1936894
NODE_2552_length_7833_cov_25.1737	gb_NC_014638.1_-_1610636-1613960_ARO:3003730_Bifidobacteria	80.749	187	36	0	917	1103	3066	3252	9.03e-35	147	72468
NODE_2552_length_7833_cov_25.1737	gb_NC_014638.1_-_1610636-1613960_ARO:3003730_Bifidobacteria	80.749	187	36	0	917	1103	3066	3252	9.03e-35	147	6743036
NODE_2552_length_7833_cov_25.1737	gb_NC_014638.1_-_1610636-1613960_ARO:3003730_Bifidobacteria	80.749	187	36	0	917	1103	3066	3252	9.03e-35	147	4878389
NODE_2552_length_7833_cov_25.1737	gb_NC_014638.1_-_1610636-1613960_ARO:3003730_Bifidobacteria	80.749	187	36	0	917	1103	3066	3252	9.03e-35	147	1766947
NODE_5523_length_4047_cov_20.1045	gb_L36601_+_1420-3130_ARO:3003036_oleB	90.000	50	3	2	3839	3887	691	643	4.82e-10	63.9	140548
NODE_7087_length_3251_cov_151.53	gb_AP006618.1_+_4835199-4838688_ARO:3000501_Nocardia	86.527	334	41	4	2215	2546	2968	3299	9.47e-101	364	475405
NODE_7266_length_3179_cov_185.959	gb_AF235050.4_+_38028-40140_ARO:3003318_Streptomyces	78.010	382	76	7	1916	2293	76	453	2.73e-61	233	82783
NODE_8097_length_2894_cov_49.2695	gb_EU434751_+_658-2578_ARO:3000194_tetW	95.266	169	6	2	2727	2894	1911	1744	2.44e-71	267	707453
NODE_11198_length_2123_cov_393.618	gb_EU434751_+_658-2578_ARO:3000194_tetW	99.889	1798	2	0	1	1798	1798	1	0.0	3310	344303
NODE_11198_length_2123_cov_393.618	gb_KU736867.1_+_19653-21573_ARO:3004442_tet(W/N/W)	96.719	1798	59	0	1	1798	1798	1	0.0	2994	344303
NODE_12847_length_1862_cov_7.98229	gb_KX000272.1_+_0-1740_ARO:3004035_tetA(60)	91.590	1308	108	2	556	1862	1740	434	0.0	1805	2957316
NODE_12847_length_1862_cov_7.98229	gb_KX000273.1_+_0-1740_ARO:3004036_tetB(60)	84.029	551	88	0	9	559	551	1	5.04e-151	531	2957316
NODE_14891_length_1603_cov_22.0065	gb_KX000272.1_+_0-1740_ARO:3004035_tetA(60)	96.107	488	19	0	1116	1603	1	488	0.0	797	2957316
NODE_18245_length_1300_cov_255.835	gb_AF024666.2_-_2207-2969_ARO:3000596_ErmX	99.738	763	1	1	225	987	1	762	0.0	1397	81223
NODE_20994_length_1128_cov_101.401	gb_AM180355_+_600033-601953_ARO:3000186_tetM	88.475	1128	130	0	1	1128	395	1522	0.0	1363	2631249
NODE_20994_length_1128_cov_101.401	gb_L09756_+_0-1926_ARO:3000192_tetS	77.531	1126	235	16	1	1117	395	1511	0.0	662	2631249
NODE_20994_length_1128_cov_101.401	gb_AM180355_+_600033-601953_ARO:3000186_tetM	88.475	1128	130	0	1	1128	395	1522	0.0	1363	2089221
NODE_20994_length_1128_cov_101.401	gb_L09756_+_0-1926_ARO:3000192_tetS	77.531	1126	235	16	1	1117	395	1511	0.0	662	2089221
NODE_30487_length_782_cov_14.9986	gb_NC_003098.1_-_1359228-1360395_ARO:3000025_patB	78.250	777	162	7	10	782	1162	389	9.84e-140	492	614459
NODE_49546_length_496_cov_5.00227	gb_AP009048_+_2810082-2811255_ARO:3000027_emrA	76.282	156	37	0	211	366	859	1014	4.38e-17	84.2	5200091
NODE_75920_length_345_cov_1.63793	gb_NC_003098.1_-_1359228-1360395_ARO:3000025_patB	92.966	327	23	0	19	345	1161	835	1.18e-135	477	614459
