NODE_18_length_144682_cov_10.7562	gb_GQ343019_+_132-1023_ARO:3002999_CblA-1	99.776	891	2	0	133837	134727	1	891	0.0	1635	2383509
NODE_18_length_144682_cov_10.7562	gb_GQ343019_+_132-1023_ARO:3002999_CblA-1	99.776	891	2	0	133837	134727	1	891	0.0	1635	339514
NODE_18_length_144682_cov_10.7562	gb_GQ343019_+_132-1023_ARO:3002999_CblA-1	99.776	891	2	0	133837	134727	1	891	0.0	1635	4729954
NODE_18_length_144682_cov_10.7562	gb_GQ343019_+_132-1023_ARO:3002999_CblA-1	99.776	891	2	0	133837	134727	1	891	0.0	1635	2137779
NODE_18_length_144682_cov_10.7562	gb_GQ343019_+_132-1023_ARO:3002999_CblA-1	99.776	891	2	0	133837	134727	1	891	0.0	1635	968578
NODE_18_length_144682_cov_10.7562	gb_GQ343019_+_132-1023_ARO:3002999_CblA-1	99.776	891	2	0	133837	134727	1	891	0.0	1635	4010857
NODE_18_length_144682_cov_10.7562	gb_GQ343019_+_132-1023_ARO:3002999_CblA-1	99.776	891	2	0	133837	134727	1	891	0.0	1635	6233906
NODE_18_length_144682_cov_10.7562	gb_GQ343019_+_132-1023_ARO:3002999_CblA-1	99.776	891	2	0	133837	134727	1	891	0.0	1635	4741874
NODE_18_length_144682_cov_10.7562	gb_GQ343019_+_132-1023_ARO:3002999_CblA-1	99.776	891	2	0	133837	134727	1	891	0.0	1635	1095283
NODE_18_length_144682_cov_10.7562	gb_GQ343019_+_132-1023_ARO:3002999_CblA-1	99.776	891	2	0	133837	134727	1	891	0.0	1635	6193708
NODE_18_length_144682_cov_10.7562	gb_GQ343019_+_132-1023_ARO:3002999_CblA-1	99.776	891	2	0	133837	134727	1	891	0.0	1635	1475400
NODE_18_length_144682_cov_10.7562	gb_GQ343019_+_132-1023_ARO:3002999_CblA-1	99.776	891	2	0	133837	134727	1	891	0.0	1635	1219573
NODE_18_length_144682_cov_10.7562	gb_GQ343019_+_132-1023_ARO:3002999_CblA-1	99.776	891	2	0	133837	134727	1	891	0.0	1635	1926857
NODE_18_length_144682_cov_10.7562	gb_GQ343019_+_132-1023_ARO:3002999_CblA-1	99.776	891	2	0	133837	134727	1	891	0.0	1635	3288239
NODE_122_length_79011_cov_42.7734	gb_AY768532_+_0-1935_ARO:3000535_macB	97.143	35	1	0	51032	51066	811	845	1.22e-07	60.2	586027
NODE_122_length_79011_cov_42.7734	gb_AY768532_+_0-1935_ARO:3000535_macB	97.143	35	1	0	51032	51066	811	845	1.22e-07	60.2	3262722
NODE_122_length_79011_cov_42.7734	gb_AY768532_+_0-1935_ARO:3000535_macB	97.143	35	1	0	51032	51066	811	845	1.22e-07	60.2	248942
NODE_122_length_79011_cov_42.7734	gb_AY768532_+_0-1935_ARO:3000535_macB	97.143	35	1	0	51032	51066	811	845	1.22e-07	60.2	1268124
NODE_122_length_79011_cov_42.7734	gb_AY768532_+_0-1935_ARO:3000535_macB	97.143	35	1	0	51032	51066	811	845	1.22e-07	60.2	368917
NODE_122_length_79011_cov_42.7734	gb_AY768532_+_0-1935_ARO:3000535_macB	97.143	35	1	0	51032	51066	811	845	1.22e-07	60.2	371978
NODE_122_length_79011_cov_42.7734	gb_AY768532_+_0-1935_ARO:3000535_macB	97.143	35	1	0	51032	51066	811	845	1.22e-07	60.2	1864994
NODE_122_length_79011_cov_42.7734	gb_AY768532_+_0-1935_ARO:3000535_macB	97.143	35	1	0	51032	51066	811	845	1.22e-07	60.2	1781987
NODE_122_length_79011_cov_42.7734	gb_AY768532_+_0-1935_ARO:3000535_macB	97.143	35	1	0	51032	51066	811	845	1.22e-07	60.2	6236728
NODE_122_length_79011_cov_42.7734	gb_AY768532_+_0-1935_ARO:3000535_macB	97.143	35	1	0	51032	51066	811	845	1.22e-07	60.2	681596
NODE_122_length_79011_cov_42.7734	gb_AY768532_+_0-1935_ARO:3000535_macB	97.143	35	1	0	51032	51066	811	845	1.22e-07	60.2	558310
NODE_122_length_79011_cov_42.7734	gb_AY768532_+_0-1935_ARO:3000535_macB	97.143	35	1	0	51032	51066	811	845	1.22e-07	60.2	184232
NODE_122_length_79011_cov_42.7734	gb_AY768532_+_0-1935_ARO:3000535_macB	97.143	35	1	0	51032	51066	811	845	1.22e-07	60.2	2327458
NODE_122_length_79011_cov_42.7734	gb_AY768532_+_0-1935_ARO:3000535_macB	97.143	35	1	0	51032	51066	811	845	1.22e-07	60.2	2058687
NODE_122_length_79011_cov_42.7734	gb_AY768532_+_0-1935_ARO:3000535_macB	97.143	35	1	0	51032	51066	811	845	1.22e-07	60.2	6717325
NODE_122_length_79011_cov_42.7734	gb_AY768532_+_0-1935_ARO:3000535_macB	97.143	35	1	0	51032	51066	811	845	1.22e-07	60.2	6717325
NODE_122_length_79011_cov_42.7734	gb_AY768532_+_0-1935_ARO:3000535_macB	97.143	35	1	0	51032	51066	811	845	1.22e-07	60.2	1582338
NODE_122_length_79011_cov_42.7734	gb_AY768532_+_0-1935_ARO:3000535_macB	97.143	35	1	0	51032	51066	811	845	1.22e-07	60.2	61115
NODE_122_length_79011_cov_42.7734	gb_AY768532_+_0-1935_ARO:3000535_macB	97.143	35	1	0	51032	51066	811	845	1.22e-07	60.2	634766
NODE_219_length_56030_cov_26.4311	gb_NC_003197.2_-_393893-397061_ARO:3000790_mdsB	96.970	33	1	0	36304	36336	2967	2935	1.12e-06	56.5	2218210
NODE_219_length_56030_cov_26.4311	gb_NC_003197.2_-_393893-397061_ARO:3000790_mdsB	96.970	33	1	0	36304	36336	2967	2935	1.12e-06	56.5	6717372
NODE_219_length_56030_cov_26.4311	gb_NC_003197.2_-_393893-397061_ARO:3000790_mdsB	96.970	33	1	0	36304	36336	2967	2935	1.12e-06	56.5	6717372
NODE_219_length_56030_cov_26.4311	gb_NC_003197.2_-_393893-397061_ARO:3000790_mdsB	96.970	33	1	0	36304	36336	2967	2935	1.12e-06	56.5	6717372
NODE_219_length_56030_cov_26.4311	gb_NC_003197.2_-_393893-397061_ARO:3000790_mdsB	96.970	33	1	0	36304	36336	2967	2935	1.12e-06	56.5	5278248
NODE_219_length_56030_cov_26.4311	gb_NC_003197.2_-_393893-397061_ARO:3000790_mdsB	96.970	33	1	0	36304	36336	2967	2935	1.12e-06	56.5	1333100
NODE_219_length_56030_cov_26.4311	gb_NC_003197.2_-_393893-397061_ARO:3000790_mdsB	96.970	33	1	0	36304	36336	2967	2935	1.12e-06	56.5	476216
NODE_219_length_56030_cov_26.4311	gb_NC_003197.2_-_393893-397061_ARO:3000790_mdsB	96.970	33	1	0	36304	36336	2967	2935	1.12e-06	56.5	2690149
NODE_219_length_56030_cov_26.4311	gb_NC_003197.2_-_393893-397061_ARO:3000790_mdsB	96.970	33	1	0	36304	36336	2967	2935	1.12e-06	56.5	111017
NODE_219_length_56030_cov_26.4311	gb_NC_003197.2_-_393893-397061_ARO:3000790_mdsB	96.970	33	1	0	36304	36336	2967	2935	1.12e-06	56.5	111017
NODE_219_length_56030_cov_26.4311	gb_NC_003197.2_-_393893-397061_ARO:3000790_mdsB	96.970	33	1	0	36304	36336	2967	2935	1.12e-06	56.5	111017
NODE_771_length_27372_cov_20.6557	gb_KU736867.1_+_19653-21573_ARO:3004442_tet(W/N/W)	98.305	177	3	0	1	177	1744	1920	1.06e-83	311	603460
NODE_771_length_27372_cov_20.6557	gb_EU434751_+_658-2578_ARO:3000194_tetW	89.941	169	15	2	1	168	1744	1911	2.37e-55	217	603460
NODE_771_length_27372_cov_20.6557	gb_KU736867.1_+_19653-21573_ARO:3004442_tet(W/N/W)	98.305	177	3	0	1	177	1744	1920	1.06e-83	311	3288153
NODE_771_length_27372_cov_20.6557	gb_EU434751_+_658-2578_ARO:3000194_tetW	89.941	169	15	2	1	168	1744	1911	2.37e-55	217	3288153
NODE_771_length_27372_cov_20.6557	gb_KU736867.1_+_19653-21573_ARO:3004442_tet(W/N/W)	98.305	177	3	0	1	177	1744	1920	1.06e-83	311	799711
NODE_771_length_27372_cov_20.6557	gb_EU434751_+_658-2578_ARO:3000194_tetW	89.941	169	15	2	1	168	1744	1911	2.37e-55	217	799711
NODE_771_length_27372_cov_20.6557	gb_KU736867.1_+_19653-21573_ARO:3004442_tet(W/N/W)	98.305	177	3	0	1	177	1744	1920	1.06e-83	311	3288219
NODE_771_length_27372_cov_20.6557	gb_EU434751_+_658-2578_ARO:3000194_tetW	89.941	169	15	2	1	168	1744	1911	2.37e-55	217	3288219
NODE_771_length_27372_cov_20.6557	gb_KU736867.1_+_19653-21573_ARO:3004442_tet(W/N/W)	98.305	177	3	0	1	177	1744	1920	1.06e-83	311	3288219
NODE_771_length_27372_cov_20.6557	gb_EU434751_+_658-2578_ARO:3000194_tetW	89.941	169	15	2	1	168	1744	1911	2.37e-55	217	3288219
NODE_823_length_26201_cov_34.2797	gb_X01702_+_484-1285_ARO:3002659_APH(6)-Ic	96.875	32	1	0	8504	8535	483	514	1.88e-06	54.7	236204
NODE_823_length_26201_cov_34.2797	gb_X01702_+_484-1285_ARO:3002659_APH(6)-Ic	96.875	32	1	0	8504	8535	483	514	1.88e-06	54.7	5477120
NODE_823_length_26201_cov_34.2797	gb_X01702_+_484-1285_ARO:3002659_APH(6)-Ic	96.875	32	1	0	8504	8535	483	514	1.88e-06	54.7	1026623
NODE_823_length_26201_cov_34.2797	gb_X01702_+_484-1285_ARO:3002659_APH(6)-Ic	96.875	32	1	0	8504	8535	483	514	1.88e-06	54.7	307109
NODE_823_length_26201_cov_34.2797	gb_X01702_+_484-1285_ARO:3002659_APH(6)-Ic	96.875	32	1	0	8504	8535	483	514	1.88e-06	54.7	1228019
NODE_823_length_26201_cov_34.2797	gb_X01702_+_484-1285_ARO:3002659_APH(6)-Ic	96.875	32	1	0	8504	8535	483	514	1.88e-06	54.7	1553664
NODE_823_length_26201_cov_34.2797	gb_X01702_+_484-1285_ARO:3002659_APH(6)-Ic	96.875	32	1	0	8504	8535	483	514	1.88e-06	54.7	2218272
NODE_823_length_26201_cov_34.2797	gb_X01702_+_484-1285_ARO:3002659_APH(6)-Ic	96.875	32	1	0	8504	8535	483	514	1.88e-06	54.7	97450
NODE_823_length_26201_cov_34.2797	gb_X01702_+_484-1285_ARO:3002659_APH(6)-Ic	96.875	32	1	0	8504	8535	483	514	1.88e-06	54.7	1024099
NODE_823_length_26201_cov_34.2797	gb_X01702_+_484-1285_ARO:3002659_APH(6)-Ic	96.875	32	1	0	8504	8535	483	514	1.88e-06	54.7	309038
NODE_1107_length_20351_cov_281.072	gb_AF242872_+_2131-2878_ARO:3000375_ErmB	98.214	56	0	1	1	55	686	741	2.40e-19	97.1	478874
NODE_1107_length_20351_cov_281.072	gb_AF242872_+_2131-2878_ARO:3000375_ErmB	98.214	56	0	1	1	55	686	741	2.40e-19	97.1	6238907
NODE_1107_length_20351_cov_281.072	gb_AF242872_+_2131-2878_ARO:3000375_ErmB	98.214	56	0	1	1	55	686	741	2.40e-19	97.1	6238907
NODE_1107_length_20351_cov_281.072	gb_AF242872_+_2131-2878_ARO:3000375_ErmB	98.214	56	0	1	1	55	686	741	2.40e-19	97.1	5801142
NODE_1786_length_13735_cov_28.0363	gb_KX531046.1_+_0-864_ARO:3003982_LlmA	75.829	211	41	9	4237	4442	265	470	4.50e-20	99.0	741906
NODE_1786_length_13735_cov_28.0363	gb_KX531046.1_+_0-864_ARO:3003982_LlmA	75.829	211	41	9	4237	4442	265	470	4.50e-20	99.0	3810456
NODE_1786_length_13735_cov_28.0363	gb_KX531046.1_+_0-864_ARO:3003982_LlmA	75.829	211	41	9	4237	4442	265	470	4.50e-20	99.0	2572792
NODE_1786_length_13735_cov_28.0363	gb_KX531046.1_+_0-864_ARO:3003982_LlmA	75.829	211	41	9	4237	4442	265	470	4.50e-20	99.0	127058
NODE_2114_length_11638_cov_52.8559	gb_M37699_+_585-1752_ARO:3000205_tetX	99.829	1167	2	0	1533	2699	1	1167	0.0	2145	5801789
NODE_2386_length_10454_cov_10.3495	gb_AF235050.4_+_38028-40140_ARO:3003318_Streptomyces	75.956	366	70	13	2274	2630	431	75	1.99e-42	172	804270
NODE_2539_length_9932_cov_56.7351	gb_AF118110.1_-_71-1037_ARO:3003002_CfxA2	99.896	966	1	0	142	1107	1	966	0.0	1779	781336
NODE_2539_length_9932_cov_56.7351	gb_AF472622_+_52-1018_ARO:3003003_CfxA3	99.793	966	2	0	142	1107	1	966	0.0	1773	781336
NODE_2539_length_9932_cov_56.7351	gb_AY769934_+_27-993_ARO:3003096_CfxA5	99.793	966	2	0	142	1107	1	966	0.0	1773	781336
NODE_2539_length_9932_cov_56.7351	gb_U38243_+_149-1115_ARO:3003001_CfxA	99.793	966	2	0	142	1107	1	966	0.0	1773	781336
NODE_2539_length_9932_cov_56.7351	gb_AY769933_+_0-966_ARO:3003005_CfxA4	99.793	966	2	0	142	1107	1	966	0.0	1773	781336
NODE_2539_length_9932_cov_56.7351	gb_GQ342996_+_797-1793_ARO:3003097_CfxA6	89.130	966	102	3	138	1102	30	993	0.0	1199	781336
NODE_2539_length_9932_cov_56.7351	gb_AF118110.1_-_71-1037_ARO:3003002_CfxA2	99.896	966	1	0	142	1107	1	966	0.0	1779	1926922
NODE_2539_length_9932_cov_56.7351	gb_AF472622_+_52-1018_ARO:3003003_CfxA3	99.793	966	2	0	142	1107	1	966	0.0	1773	1926922
NODE_2539_length_9932_cov_56.7351	gb_AY769934_+_27-993_ARO:3003096_CfxA5	99.793	966	2	0	142	1107	1	966	0.0	1773	1926922
NODE_2539_length_9932_cov_56.7351	gb_U38243_+_149-1115_ARO:3003001_CfxA	99.793	966	2	0	142	1107	1	966	0.0	1773	1926922
NODE_2539_length_9932_cov_56.7351	gb_AY769933_+_0-966_ARO:3003005_CfxA4	99.793	966	2	0	142	1107	1	966	0.0	1773	1926922
NODE_2539_length_9932_cov_56.7351	gb_GQ342996_+_797-1793_ARO:3003097_CfxA6	89.130	966	102	3	138	1102	30	993	0.0	1199	1926922
NODE_2539_length_9932_cov_56.7351	gb_AF118110.1_-_71-1037_ARO:3003002_CfxA2	99.896	966	1	0	142	1107	1	966	0.0	1779	1926922
NODE_2539_length_9932_cov_56.7351	gb_AF472622_+_52-1018_ARO:3003003_CfxA3	99.793	966	2	0	142	1107	1	966	0.0	1773	1926922
NODE_2539_length_9932_cov_56.7351	gb_AY769934_+_27-993_ARO:3003096_CfxA5	99.793	966	2	0	142	1107	1	966	0.0	1773	1926922
NODE_2539_length_9932_cov_56.7351	gb_U38243_+_149-1115_ARO:3003001_CfxA	99.793	966	2	0	142	1107	1	966	0.0	1773	1926922
NODE_2539_length_9932_cov_56.7351	gb_AY769933_+_0-966_ARO:3003005_CfxA4	99.793	966	2	0	142	1107	1	966	0.0	1773	1926922
NODE_2539_length_9932_cov_56.7351	gb_GQ342996_+_797-1793_ARO:3003097_CfxA6	89.130	966	102	3	138	1102	30	993	0.0	1199	1926922
NODE_2539_length_9932_cov_56.7351	gb_AF118110.1_-_71-1037_ARO:3003002_CfxA2	99.896	966	1	0	142	1107	1	966	0.0	1779	785954
NODE_2539_length_9932_cov_56.7351	gb_AF472622_+_52-1018_ARO:3003003_CfxA3	99.793	966	2	0	142	1107	1	966	0.0	1773	785954
NODE_2539_length_9932_cov_56.7351	gb_AY769934_+_27-993_ARO:3003096_CfxA5	99.793	966	2	0	142	1107	1	966	0.0	1773	785954
NODE_2539_length_9932_cov_56.7351	gb_U38243_+_149-1115_ARO:3003001_CfxA	99.793	966	2	0	142	1107	1	966	0.0	1773	785954
NODE_2539_length_9932_cov_56.7351	gb_AY769933_+_0-966_ARO:3003005_CfxA4	99.793	966	2	0	142	1107	1	966	0.0	1773	785954
NODE_2539_length_9932_cov_56.7351	gb_GQ342996_+_797-1793_ARO:3003097_CfxA6	89.130	966	102	3	138	1102	30	993	0.0	1199	785954
NODE_3020_length_8508_cov_325.022	gb_M17124_+_1181-1982_ARO:3000498_ErmF	99.501	801	4	0	140	940	1	801	0.0	1458	234585
NODE_3020_length_8508_cov_325.022	gb_AF319779.2_+_32-833_ARO:3000604_Erm(35)	78.643	796	166	3	140	933	1	794	1.08e-148	525	234585
NODE_3333_length_7689_cov_76.0909	gb_AY769934_+_27-993_ARO:3003096_CfxA5	86.015	951	132	1	6499	7449	953	4	0.0	1018	3288215
NODE_3333_length_7689_cov_76.0909	gb_AF118110.1_-_71-1037_ARO:3003002_CfxA2	86.015	951	132	1	6499	7449	953	4	0.0	1018	3288215
NODE_3333_length_7689_cov_76.0909	gb_AF472622_+_52-1018_ARO:3003003_CfxA3	85.910	951	133	1	6499	7449	953	4	0.0	1013	3288215
NODE_3333_length_7689_cov_76.0909	gb_U38243_+_149-1115_ARO:3003001_CfxA	85.910	951	133	1	6499	7449	953	4	0.0	1013	3288215
NODE_3333_length_7689_cov_76.0909	gb_AY769933_+_0-966_ARO:3003005_CfxA4	85.910	951	133	1	6499	7449	953	4	0.0	1013	3288215
NODE_3333_length_7689_cov_76.0909	gb_GQ342996_+_797-1793_ARO:3003097_CfxA6	84.858	951	137	6	6504	7451	980	34	0.0	952	3288215
NODE_3333_length_7689_cov_76.0909	gb_AY769934_+_27-993_ARO:3003096_CfxA5	86.015	951	132	1	6499	7449	953	4	0.0	1018	5245848
NODE_3333_length_7689_cov_76.0909	gb_AF118110.1_-_71-1037_ARO:3003002_CfxA2	86.015	951	132	1	6499	7449	953	4	0.0	1018	5245848
NODE_3333_length_7689_cov_76.0909	gb_AF472622_+_52-1018_ARO:3003003_CfxA3	85.910	951	133	1	6499	7449	953	4	0.0	1013	5245848
NODE_3333_length_7689_cov_76.0909	gb_U38243_+_149-1115_ARO:3003001_CfxA	85.910	951	133	1	6499	7449	953	4	0.0	1013	5245848
NODE_3333_length_7689_cov_76.0909	gb_AY769933_+_0-966_ARO:3003005_CfxA4	85.910	951	133	1	6499	7449	953	4	0.0	1013	5245848
NODE_3333_length_7689_cov_76.0909	gb_GQ342996_+_797-1793_ARO:3003097_CfxA6	84.858	951	137	6	6504	7451	980	34	0.0	952	5245848
NODE_3410_length_7527_cov_186.474	gb_Z21523_+_0-1974_ARO:3000191_tetQ	97.416	1974	51	0	5524	7497	1	1974	0.0	3363	553857
NODE_3410_length_7527_cov_186.474	gb_Z21523_+_0-1974_ARO:3000191_tetQ	97.416	1974	51	0	5524	7497	1	1974	0.0	3363	5801276
NODE_3410_length_7527_cov_186.474	gb_Z21523_+_0-1974_ARO:3000191_tetQ	97.416	1974	51	0	5524	7497	1	1974	0.0	3363	1698487
NODE_3790_length_6789_cov_7.46837	gb_AF173226_+_3767-6917_ARO:3003052_smeB	83.784	74	12	0	2006	2079	1242	1169	4.84e-12	71.3	2684861
NODE_3790_length_6789_cov_7.46837	gb_AJ252200_+_1278-4401_ARO:3003056_smeE	83.333	72	12	0	2006	2077	1242	1171	6.26e-11	67.6	2684861
NODE_3790_length_6789_cov_7.46837	gb_AF173226_+_3767-6917_ARO:3003052_smeB	83.784	74	12	0	2006	2079	1242	1169	4.84e-12	71.3	2950212
NODE_3790_length_6789_cov_7.46837	gb_AJ252200_+_1278-4401_ARO:3003056_smeE	83.333	72	12	0	2006	2077	1242	1171	6.26e-11	67.6	2950212
NODE_4271_length_6036_cov_7.10483	gb_M57437_+_0-1647_ARO:3002827_tlrC	96.970	33	1	0	3886	3918	600	568	1.20e-07	56.5	6591826
NODE_4271_length_6036_cov_7.10483	gb_M57437_+_0-1647_ARO:3002827_tlrC	96.970	33	1	0	3886	3918	600	568	1.20e-07	56.5	169148
NODE_8590_length_2983_cov_63.1496	gb_EU434751_+_658-2578_ARO:3000194_tetW	98.817	169	0	2	2816	2983	1911	1744	2.48e-81	300	2310040
NODE_12566_length_2063_cov_1072.49	gb_EU434751_+_658-2578_ARO:3000194_tetW	99.221	1798	14	0	1	1798	1798	1	0.0	3243	1278273
NODE_12566_length_2063_cov_1072.49	gb_KU736867.1_+_19653-21573_ARO:3004442_tet(W/N/W)	96.440	1798	64	0	1	1798	1798	1	0.0	2966	1278273
NODE_12566_length_2063_cov_1072.49	gb_EU434751_+_658-2578_ARO:3000194_tetW	99.221	1798	14	0	1	1798	1798	1	0.0	3243	1278273
NODE_12566_length_2063_cov_1072.49	gb_KU736867.1_+_19653-21573_ARO:3004442_tet(W/N/W)	96.440	1798	64	0	1	1798	1798	1	0.0	2966	1278273
