NODE_3_length_212394_cov_45.649	gb_NC_003098.1_+_866210-867410_ARO:3000822_pmrA	92.340	1201	90	2	79163	80362	1200	1	0.0	1707	1253043
NODE_3_length_212394_cov_45.649	gb_NC_003098.1_+_866210-867410_ARO:3000822_pmrA	92.340	1201	90	2	79163	80362	1200	1	0.0	1707	5980812
NODE_3_length_212394_cov_45.649	gb_NC_003098.1_+_866210-867410_ARO:3000822_pmrA	92.340	1201	90	2	79163	80362	1200	1	0.0	1707	5980812
NODE_3_length_212394_cov_45.649	gb_NC_003098.1_+_866210-867410_ARO:3000822_pmrA	92.340	1201	90	2	79163	80362	1200	1	0.0	1707	903386
NODE_3_length_212394_cov_45.649	gb_NC_003098.1_+_866210-867410_ARO:3000822_pmrA	92.340	1201	90	2	79163	80362	1200	1	0.0	1707	981712
NODE_3_length_212394_cov_45.649	gb_NC_003098.1_+_866210-867410_ARO:3000822_pmrA	92.340	1201	90	2	79163	80362	1200	1	0.0	1707	981712
NODE_3_length_212394_cov_45.649	gb_NC_003098.1_+_866210-867410_ARO:3000822_pmrA	92.340	1201	90	2	79163	80362	1200	1	0.0	1707	3394025
NODE_3_length_212394_cov_45.649	gb_NC_003098.1_+_866210-867410_ARO:3000822_pmrA	92.340	1201	90	2	79163	80362	1200	1	0.0	1707	3394025
NODE_3_length_212394_cov_45.649	gb_NC_003098.1_+_866210-867410_ARO:3000822_pmrA	92.340	1201	90	2	79163	80362	1200	1	0.0	1707	1504457
NODE_3_length_212394_cov_45.649	gb_NC_003098.1_+_866210-867410_ARO:3000822_pmrA	92.340	1201	90	2	79163	80362	1200	1	0.0	1707	1504457
NODE_3_length_212394_cov_45.649	gb_NC_003098.1_+_866210-867410_ARO:3000822_pmrA	92.340	1201	90	2	79163	80362	1200	1	0.0	1707	149663
NODE_3_length_212394_cov_45.649	gb_NC_003098.1_+_866210-867410_ARO:3000822_pmrA	92.340	1201	90	2	79163	80362	1200	1	0.0	1707	1282947
NODE_3_length_212394_cov_45.649	gb_NC_003098.1_+_866210-867410_ARO:3000822_pmrA	92.340	1201	90	2	79163	80362	1200	1	0.0	1707	1282947
NODE_3_length_212394_cov_45.649	gb_NC_003098.1_+_866210-867410_ARO:3000822_pmrA	92.340	1201	90	2	79163	80362	1200	1	0.0	1707	5132676
NODE_3_length_212394_cov_45.649	gb_NC_003098.1_+_866210-867410_ARO:3000822_pmrA	92.340	1201	90	2	79163	80362	1200	1	0.0	1707	56117
NODE_3_length_212394_cov_45.649	gb_NC_003098.1_+_866210-867410_ARO:3000822_pmrA	92.340	1201	90	2	79163	80362	1200	1	0.0	1707	484380
NODE_3_length_212394_cov_45.649	gb_NC_003098.1_+_866210-867410_ARO:3000822_pmrA	92.340	1201	90	2	79163	80362	1200	1	0.0	1707	5980820
NODE_3_length_212394_cov_45.649	gb_NC_003098.1_+_866210-867410_ARO:3000822_pmrA	92.340	1201	90	2	79163	80362	1200	1	0.0	1707	5980820
NODE_3_length_212394_cov_45.649	gb_NC_003098.1_+_866210-867410_ARO:3000822_pmrA	92.340	1201	90	2	79163	80362	1200	1	0.0	1707	721173
NODE_3_length_212394_cov_45.649	gb_NC_003098.1_+_866210-867410_ARO:3000822_pmrA	92.340	1201	90	2	79163	80362	1200	1	0.0	1707	721173
NODE_3_length_212394_cov_45.649	gb_NC_003098.1_+_866210-867410_ARO:3000822_pmrA	92.340	1201	90	2	79163	80362	1200	1	0.0	1707	581505
NODE_3_length_212394_cov_45.649	gb_NC_003098.1_+_866210-867410_ARO:3000822_pmrA	92.340	1201	90	2	79163	80362	1200	1	0.0	1707	179996
NODE_3_length_212394_cov_45.649	gb_NC_003098.1_+_866210-867410_ARO:3000822_pmrA	92.340	1201	90	2	79163	80362	1200	1	0.0	1707	179996
NODE_3_length_212394_cov_45.649	gb_NC_003098.1_+_866210-867410_ARO:3000822_pmrA	92.340	1201	90	2	79163	80362	1200	1	0.0	1707	983206
NODE_3_length_212394_cov_45.649	gb_NC_003098.1_+_866210-867410_ARO:3000822_pmrA	92.340	1201	90	2	79163	80362	1200	1	0.0	1707	983206
NODE_3_length_212394_cov_45.649	gb_NC_003098.1_+_866210-867410_ARO:3000822_pmrA	92.340	1201	90	2	79163	80362	1200	1	0.0	1707	3394018
NODE_3_length_212394_cov_45.649	gb_NC_003098.1_+_866210-867410_ARO:3000822_pmrA	92.340	1201	90	2	79163	80362	1200	1	0.0	1707	3394018
NODE_3_length_212394_cov_45.649	gb_NC_003098.1_+_866210-867410_ARO:3000822_pmrA	92.340	1201	90	2	79163	80362	1200	1	0.0	1707	407765
NODE_3_length_212394_cov_45.649	gb_NC_003098.1_+_866210-867410_ARO:3000822_pmrA	92.340	1201	90	2	79163	80362	1200	1	0.0	1707	407765
NODE_3_length_212394_cov_45.649	gb_NC_003098.1_+_866210-867410_ARO:3000822_pmrA	92.340	1201	90	2	79163	80362	1200	1	0.0	1707	1738010
NODE_3_length_212394_cov_45.649	gb_NC_003098.1_+_866210-867410_ARO:3000822_pmrA	92.340	1201	90	2	79163	80362	1200	1	0.0	1707	985324
NODE_3_length_212394_cov_45.649	gb_NC_003098.1_+_866210-867410_ARO:3000822_pmrA	92.340	1201	90	2	79163	80362	1200	1	0.0	1707	2998404
NODE_3_length_212394_cov_45.649	gb_NC_003098.1_+_866210-867410_ARO:3000822_pmrA	92.340	1201	90	2	79163	80362	1200	1	0.0	1707	2998404
NODE_3_length_212394_cov_45.649	gb_NC_003098.1_+_866210-867410_ARO:3000822_pmrA	92.340	1201	90	2	79163	80362	1200	1	0.0	1707	41812
NODE_3_length_212394_cov_45.649	gb_NC_003098.1_+_866210-867410_ARO:3000822_pmrA	92.340	1201	90	2	79163	80362	1200	1	0.0	1707	41812
NODE_3_length_212394_cov_45.649	gb_NC_003098.1_+_866210-867410_ARO:3000822_pmrA	92.340	1201	90	2	79163	80362	1200	1	0.0	1707	3394022
NODE_3_length_212394_cov_45.649	gb_NC_003098.1_+_866210-867410_ARO:3000822_pmrA	92.340	1201	90	2	79163	80362	1200	1	0.0	1707	1993836
NODE_3_length_212394_cov_45.649	gb_NC_003098.1_+_866210-867410_ARO:3000822_pmrA	92.340	1201	90	2	79163	80362	1200	1	0.0	1707	1993836
NODE_3_length_212394_cov_45.649	gb_NC_003098.1_+_866210-867410_ARO:3000822_pmrA	92.340	1201	90	2	79163	80362	1200	1	0.0	1707	68542
NODE_3_length_212394_cov_45.649	gb_NC_003098.1_+_866210-867410_ARO:3000822_pmrA	92.340	1201	90	2	79163	80362	1200	1	0.0	1707	1723
NODE_3_length_212394_cov_45.649	gb_NC_003098.1_+_866210-867410_ARO:3000822_pmrA	92.340	1201	90	2	79163	80362	1200	1	0.0	1707	3394027
NODE_3_length_212394_cov_45.649	gb_NC_003098.1_+_866210-867410_ARO:3000822_pmrA	92.340	1201	90	2	79163	80362	1200	1	0.0	1707	3394027
NODE_3_length_212394_cov_45.649	gb_NC_003098.1_+_866210-867410_ARO:3000822_pmrA	92.340	1201	90	2	79163	80362	1200	1	0.0	1707	1670109
NODE_3_length_212394_cov_45.649	gb_NC_003098.1_+_866210-867410_ARO:3000822_pmrA	92.340	1201	90	2	79163	80362	1200	1	0.0	1707	1670109
NODE_3_length_212394_cov_45.649	gb_NC_003098.1_+_866210-867410_ARO:3000822_pmrA	92.340	1201	90	2	79163	80362	1200	1	0.0	1707	2771525
NODE_3_length_212394_cov_45.649	gb_NC_003098.1_+_866210-867410_ARO:3000822_pmrA	92.340	1201	90	2	79163	80362	1200	1	0.0	1707	2771525
NODE_3_length_212394_cov_45.649	gb_NC_003098.1_+_866210-867410_ARO:3000822_pmrA	92.340	1201	90	2	79163	80362	1200	1	0.0	1707	297450
NODE_3_length_212394_cov_45.649	gb_NC_003098.1_+_866210-867410_ARO:3000822_pmrA	92.340	1201	90	2	79163	80362	1200	1	0.0	1707	4467719
NODE_3_length_212394_cov_45.649	gb_NC_003098.1_+_866210-867410_ARO:3000822_pmrA	92.340	1201	90	2	79163	80362	1200	1	0.0	1707	4467719
NODE_3_length_212394_cov_45.649	gb_NC_003098.1_+_866210-867410_ARO:3000822_pmrA	92.340	1201	90	2	79163	80362	1200	1	0.0	1707	297450
NODE_3_length_212394_cov_45.649	gb_NC_003098.1_+_866210-867410_ARO:3000822_pmrA	92.340	1201	90	2	79163	80362	1200	1	0.0	1707	170093
NODE_3_length_212394_cov_45.649	gb_NC_003098.1_+_866210-867410_ARO:3000822_pmrA	92.340	1201	90	2	79163	80362	1200	1	0.0	1707	170093
NODE_3_length_212394_cov_45.649	gb_NC_003098.1_+_866210-867410_ARO:3000822_pmrA	92.340	1201	90	2	79163	80362	1200	1	0.0	1707	38364
NODE_3_length_212394_cov_45.649	gb_NC_003098.1_+_866210-867410_ARO:3000822_pmrA	92.340	1201	90	2	79163	80362	1200	1	0.0	1707	5980819
NODE_10_length_114051_cov_54.1317	gb_NC_003098.1_-_1359228-1360395_ARO:3000025_patB	93.454	1161	76	0	93907	95067	1	1161	0.0	1724	99245
NODE_10_length_114051_cov_54.1317	gb_NC_003098.1_-_1359228-1360395_ARO:3000025_patB	93.454	1161	76	0	93907	95067	1	1161	0.0	1724	99245
NODE_10_length_114051_cov_54.1317	gb_NC_003098.1_-_1359228-1360395_ARO:3000025_patB	93.454	1161	76	0	93907	95067	1	1161	0.0	1724	7407
NODE_10_length_114051_cov_54.1317	gb_NC_003098.1_-_1359228-1360395_ARO:3000025_patB	93.454	1161	76	0	93907	95067	1	1161	0.0	1724	946644
NODE_10_length_114051_cov_54.1317	gb_NC_003098.1_-_1359228-1360395_ARO:3000025_patB	93.454	1161	76	0	93907	95067	1	1161	0.0	1724	946644
NODE_10_length_114051_cov_54.1317	gb_NC_003098.1_-_1359228-1360395_ARO:3000025_patB	93.454	1161	76	0	93907	95067	1	1161	0.0	1724	2845080
NODE_10_length_114051_cov_54.1317	gb_NC_003098.1_-_1359228-1360395_ARO:3000025_patB	93.454	1161	76	0	93907	95067	1	1161	0.0	1724	14930
NODE_10_length_114051_cov_54.1317	gb_NC_003098.1_-_1359228-1360395_ARO:3000025_patB	93.454	1161	76	0	93907	95067	1	1161	0.0	1724	131682
NODE_10_length_114051_cov_54.1317	gb_NC_003098.1_-_1359228-1360395_ARO:3000025_patB	93.454	1161	76	0	93907	95067	1	1161	0.0	1724	26091
NODE_10_length_114051_cov_54.1317	gb_NC_003098.1_-_1359228-1360395_ARO:3000025_patB	93.454	1161	76	0	93907	95067	1	1161	0.0	1724	42610
NODE_10_length_114051_cov_54.1317	gb_NC_003098.1_-_1359228-1360395_ARO:3000025_patB	93.454	1161	76	0	93907	95067	1	1161	0.0	1724	625770
NODE_10_length_114051_cov_54.1317	gb_NC_003098.1_-_1359228-1360395_ARO:3000025_patB	93.454	1161	76	0	93907	95067	1	1161	0.0	1724	570969
NODE_10_length_114051_cov_54.1317	gb_NC_003098.1_-_1359228-1360395_ARO:3000025_patB	93.454	1161	76	0	93907	95067	1	1161	0.0	1724	531160
NODE_10_length_114051_cov_54.1317	gb_NC_003098.1_-_1359228-1360395_ARO:3000025_patB	93.454	1161	76	0	93907	95067	1	1161	0.0	1724	3394019
NODE_10_length_114051_cov_54.1317	gb_NC_003098.1_-_1359228-1360395_ARO:3000025_patB	93.454	1161	76	0	93907	95067	1	1161	0.0	1724	50154
NODE_10_length_114051_cov_54.1317	gb_NC_003098.1_-_1359228-1360395_ARO:3000025_patB	93.454	1161	76	0	93907	95067	1	1161	0.0	1724	14104
NODE_10_length_114051_cov_54.1317	gb_NC_003098.1_-_1359228-1360395_ARO:3000025_patB	93.454	1161	76	0	93907	95067	1	1161	0.0	1724	1670026
NODE_10_length_114051_cov_54.1317	gb_NC_003098.1_-_1359228-1360395_ARO:3000025_patB	93.454	1161	76	0	93907	95067	1	1161	0.0	1724	625768
NODE_24_length_58593_cov_24.8171	gb_NC_017452.1_-_1144673-1146068_ARO:3003953_hmrM	90.753	1395	129	0	56333	57727	1395	1	0.0	1862	333562
NODE_24_length_58593_cov_24.8171	gb_NC_017452.1_-_1144673-1146068_ARO:3003953_hmrM	90.753	1395	129	0	56333	57727	1395	1	0.0	1862	376896
NODE_24_length_58593_cov_24.8171	gb_NC_017452.1_-_1144673-1146068_ARO:3003953_hmrM	90.753	1395	129	0	56333	57727	1395	1	0.0	1862	3393864
NODE_24_length_58593_cov_24.8171	gb_NC_017452.1_-_1144673-1146068_ARO:3003953_hmrM	90.753	1395	129	0	56333	57727	1395	1	0.0	1862	179917
NODE_24_length_58593_cov_24.8171	gb_NC_017452.1_-_1144673-1146068_ARO:3003953_hmrM	90.753	1395	129	0	56333	57727	1395	1	0.0	1862	2353914
NODE_25_length_56866_cov_41.8649	gb_NC_012469.1_-_1800927-1802391_ARO:3000616_mel	100.000	1464	0	0	52426	53889	1464	1	0.0	2704	1993834
NODE_25_length_56866_cov_41.8649	gb_NC_023287.1_-_65291-66509_ARO:3000615_mefA	96.962	1218	37	0	54009	55226	1218	1	0.0	2045	1993834
NODE_25_length_56866_cov_41.8649	gb_NC_012469.1_-_1800927-1802391_ARO:3000616_mel	100.000	1464	0	0	52426	53889	1464	1	0.0	2704	1993834
NODE_25_length_56866_cov_41.8649	gb_NC_023287.1_-_65291-66509_ARO:3000615_mefA	96.962	1218	37	0	54009	55226	1218	1	0.0	2045	1993834
NODE_25_length_56866_cov_41.8649	gb_NC_012469.1_-_1800927-1802391_ARO:3000616_mel	100.000	1464	0	0	52426	53889	1464	1	0.0	2704	186005
NODE_25_length_56866_cov_41.8649	gb_NC_023287.1_-_65291-66509_ARO:3000615_mefA	96.962	1218	37	0	54009	55226	1218	1	0.0	2045	186005
NODE_25_length_56866_cov_41.8649	gb_NC_012469.1_-_1800927-1802391_ARO:3000616_mel	100.000	1464	0	0	52426	53889	1464	1	0.0	2704	46146
NODE_25_length_56866_cov_41.8649	gb_NC_023287.1_-_65291-66509_ARO:3000615_mefA	96.962	1218	37	0	54009	55226	1218	1	0.0	2045	46146
NODE_25_length_56866_cov_41.8649	gb_NC_012469.1_-_1800927-1802391_ARO:3000616_mel	100.000	1464	0	0	52426	53889	1464	1	0.0	2704	46146
NODE_25_length_56866_cov_41.8649	gb_NC_023287.1_-_65291-66509_ARO:3000615_mefA	96.962	1218	37	0	54009	55226	1218	1	0.0	2045	46146
NODE_25_length_56866_cov_41.8649	gb_NC_012469.1_-_1800927-1802391_ARO:3000616_mel	100.000	1464	0	0	52426	53889	1464	1	0.0	2704	3394026
NODE_25_length_56866_cov_41.8649	gb_NC_023287.1_-_65291-66509_ARO:3000615_mefA	96.962	1218	37	0	54009	55226	1218	1	0.0	2045	3394026
NODE_25_length_56866_cov_41.8649	gb_NC_012469.1_-_1800927-1802391_ARO:3000616_mel	100.000	1464	0	0	52426	53889	1464	1	0.0	2704	3394026
NODE_25_length_56866_cov_41.8649	gb_NC_023287.1_-_65291-66509_ARO:3000615_mefA	96.962	1218	37	0	54009	55226	1218	1	0.0	2045	3394026
NODE_46_length_25492_cov_67.7853	gb_CP007593.1_+_2148923-2149772_ARO:3001301_RlmA(II)	90.235	850	81	2	24046	24894	849	1	0.0	1109	62776
NODE_46_length_25492_cov_67.7853	gb_CP007593.1_+_2148923-2149772_ARO:3001301_RlmA(II)	90.235	850	81	2	24046	24894	849	1	0.0	1109	327315
NODE_46_length_25492_cov_67.7853	gb_CP007593.1_+_2148923-2149772_ARO:3001301_RlmA(II)	90.235	850	81	2	24046	24894	849	1	0.0	1109	327315
NODE_46_length_25492_cov_67.7853	gb_CP007593.1_+_2148923-2149772_ARO:3001301_RlmA(II)	90.235	850	81	2	24046	24894	849	1	0.0	1109	518831
NODE_46_length_25492_cov_67.7853	gb_CP007593.1_+_2148923-2149772_ARO:3001301_RlmA(II)	90.235	850	81	2	24046	24894	849	1	0.0	1109	1404092
NODE_46_length_25492_cov_67.7853	gb_CP007593.1_+_2148923-2149772_ARO:3001301_RlmA(II)	90.235	850	81	2	24046	24894	849	1	0.0	1109	1931523
NODE_46_length_25492_cov_67.7853	gb_CP007593.1_+_2148923-2149772_ARO:3001301_RlmA(II)	90.235	850	81	2	24046	24894	849	1	0.0	1109	81355
NODE_46_length_25492_cov_67.7853	gb_CP007593.1_+_2148923-2149772_ARO:3001301_RlmA(II)	90.235	850	81	2	24046	24894	849	1	0.0	1109	81355
NODE_46_length_25492_cov_67.7853	gb_CP007593.1_+_2148923-2149772_ARO:3001301_RlmA(II)	90.235	850	81	2	24046	24894	849	1	0.0	1109	21661
NODE_46_length_25492_cov_67.7853	gb_CP007593.1_+_2148923-2149772_ARO:3001301_RlmA(II)	90.235	850	81	2	24046	24894	849	1	0.0	1109	7725
NODE_46_length_25492_cov_67.7853	gb_CP007593.1_+_2148923-2149772_ARO:3001301_RlmA(II)	90.235	850	81	2	24046	24894	849	1	0.0	1109	14930
NODE_46_length_25492_cov_67.7853	gb_CP007593.1_+_2148923-2149772_ARO:3001301_RlmA(II)	90.235	850	81	2	24046	24894	849	1	0.0	1109	417469
