NODE_233_length_20465_cov_11.7924	gb_M17124_+_1181-1982_ARO:3000498_ErmF	99.750	801	2	0	19597	20397	1	801	0.0	1469	4179015
NODE_233_length_20465_cov_11.7924	gb_AF319779.2_+_32-833_ARO:3000604_Erm(35)	78.643	796	166	3	19597	20390	1	794	2.59e-148	525	4179015
NODE_233_length_20465_cov_11.7924	gb_M17124_+_1181-1982_ARO:3000498_ErmF	99.750	801	2	0	19597	20397	1	801	0.0	1469	4179015
NODE_233_length_20465_cov_11.7924	gb_AF319779.2_+_32-833_ARO:3000604_Erm(35)	78.643	796	166	3	19597	20390	1	794	2.59e-148	525	4179015
NODE_919_length_10746_cov_3.05182	gb_X63451_+_0-1653_ARO:3002828_srmB	97.222	36	1	0	9561	9596	1465	1500	4.61e-09	62.1	1040997
NODE_1322_length_8970_cov_46.3417	gb_CP007593.1_+_2148923-2149772_ARO:3001301_RlmA(II)	83.962	636	98	4	8337	8970	841	208	3.95e-173	606	143738
NODE_3014_length_5596_cov_4.5786	gb_AP006618.1_+_4835199-4838688_ARO:3000501_Nocardia	80.899	356	52	11	3969	4316	2986	3333	4.74e-71	267	274252
NODE_3922_length_4735_cov_5.63269	gb_X63451_+_0-1653_ARO:3002828_srmB	78.448	116	19	6	608	720	1465	1577	3.37e-12	71.3	2994098
NODE_4275_length_4483_cov_3.60976	gb_AY768531_+_0-1179_ARO:3000533_macA	84.574	1102	157	11	958	2054	1170	77	0.0	1081	44869
NODE_4275_length_4483_cov_3.60976	gb_AY768532_+_0-1935_ARO:3000535_macB	87.850	856	102	2	1	855	855	1	0.0	1003	44869
NODE_4864_length_4099_cov_33.0774	gb_NC_003098.1_-_1359228-1360395_ARO:3000025_patB	82.815	1158	197	2	2582	3738	1157	1	0.0	1035	999491
NODE_4864_length_4099_cov_33.0774	gb_NC_003098.1_-_1359228-1360395_ARO:3000025_patB	82.815	1158	197	2	2582	3738	1157	1	0.0	1035	837818
NODE_4864_length_4099_cov_33.0774	gb_NC_003098.1_-_1359228-1360395_ARO:3000025_patB	82.815	1158	197	2	2582	3738	1157	1	0.0	1035	331717
NODE_4864_length_4099_cov_33.0774	gb_NC_003098.1_-_1359228-1360395_ARO:3000025_patB	82.815	1158	197	2	2582	3738	1157	1	0.0	1035	331717
NODE_6219_length_3458_cov_14.1892	gb_NC_014638.1_-_1610636-1613960_ARO:3003730_Bifidobacteria	74.427	1134	237	43	551	1650	2148	1034	5.86e-123	438	1729158
NODE_6219_length_3458_cov_14.1892	gb_NC_014638.1_-_1610636-1613960_ARO:3003730_Bifidobacteria	74.427	1134	237	43	551	1650	2148	1034	5.86e-123	438	2994165
NODE_6219_length_3458_cov_14.1892	gb_NC_014638.1_-_1610636-1613960_ARO:3003730_Bifidobacteria	74.427	1134	237	43	551	1650	2148	1034	5.86e-123	438	1230929
NODE_6219_length_3458_cov_14.1892	gb_NC_014638.1_-_1610636-1613960_ARO:3003730_Bifidobacteria	74.427	1134	237	43	551	1650	2148	1034	5.86e-123	438	114473
NODE_6219_length_3458_cov_14.1892	gb_NC_014638.1_-_1610636-1613960_ARO:3003730_Bifidobacteria	74.427	1134	237	43	551	1650	2148	1034	5.86e-123	438	326260
NODE_6237_length_3454_cov_13.7876	gb_NC_014638.1_-_1610636-1613960_ARO:3003730_Bifidobacteria	74.427	1134	237	43	551	1650	2148	1034	5.85e-123	438	377226
NODE_6237_length_3454_cov_13.7876	gb_NC_014638.1_-_1610636-1613960_ARO:3003730_Bifidobacteria	74.427	1134	237	43	551	1650	2148	1034	5.85e-123	438	1729158
NODE_6237_length_3454_cov_13.7876	gb_NC_014638.1_-_1610636-1613960_ARO:3003730_Bifidobacteria	74.427	1134	237	43	551	1650	2148	1034	5.85e-123	438	1729158
NODE_6237_length_3454_cov_13.7876	gb_NC_014638.1_-_1610636-1613960_ARO:3003730_Bifidobacteria	74.427	1134	237	43	551	1650	2148	1034	5.85e-123	438	4179317
NODE_6237_length_3454_cov_13.7876	gb_NC_014638.1_-_1610636-1613960_ARO:3003730_Bifidobacteria	74.427	1134	237	43	551	1650	2148	1034	5.85e-123	438	2994165
NODE_6237_length_3454_cov_13.7876	gb_NC_014638.1_-_1610636-1613960_ARO:3003730_Bifidobacteria	74.427	1134	237	43	551	1650	2148	1034	5.85e-123	438	68445
NODE_8260_length_2838_cov_17.4351	gb_AF235050.4_+_38028-40140_ARO:3003318_Streptomyces	86.154	65	9	0	515	579	1897	1961	2.02e-12	71.3	1523865
NODE_9034_length_2655_cov_38.0977	gb_AP006618.1_+_4835199-4838688_ARO:3000501_Nocardia	81.006	974	157	19	1689	2654	3373	2420	0.0	749	1683104
NODE_28530_length_1007_cov_1.9979	gb_AY768532_+_0-1935_ARO:3000535_macB	75.697	502	108	13	224	718	1935	1441	1.83e-63	239	1964957
NODE_65725_length_472_cov_17.3861	gb_AP006618.1_+_4835199-4838688_ARO:3000501_Nocardia	78.522	433	89	4	38	468	1511	1081	1.37e-76	281	1512870
