NODE_2_length_179448_cov_64.6808	gb_AF540889_+_0-327_ARO:3002871_tet37	99.099	222	2	0	39797	40018	1	222	1.44e-109	399	68602
NODE_2_length_179448_cov_64.6808	gb_AF540889_+_0-327_ARO:3002871_tet37	99.099	222	2	0	39797	40018	1	222	1.44e-109	399	1921198
NODE_2_length_179448_cov_64.6808	gb_AF540889_+_0-327_ARO:3002871_tet37	99.099	222	2	0	39797	40018	1	222	1.44e-109	399	119475
NODE_2_length_179448_cov_64.6808	gb_AF540889_+_0-327_ARO:3002871_tet37	99.099	222	2	0	39797	40018	1	222	1.44e-109	399	110081
NODE_2_length_179448_cov_64.6808	gb_AF540889_+_0-327_ARO:3002871_tet37	99.099	222	2	0	39797	40018	1	222	1.44e-109	399	2787675
NODE_2_length_179448_cov_64.6808	gb_AF540889_+_0-327_ARO:3002871_tet37	99.099	222	2	0	39797	40018	1	222	1.44e-109	399	360533
NODE_2_length_179448_cov_64.6808	gb_AF540889_+_0-327_ARO:3002871_tet37	99.099	222	2	0	39797	40018	1	222	1.44e-109	399	360533
NODE_2_length_179448_cov_64.6808	gb_AF540889_+_0-327_ARO:3002871_tet37	99.099	222	2	0	39797	40018	1	222	1.44e-109	399	360533
NODE_2_length_179448_cov_64.6808	gb_AF540889_+_0-327_ARO:3002871_tet37	99.099	222	2	0	39797	40018	1	222	1.44e-109	399	360533
NODE_2_length_179448_cov_64.6808	gb_AF540889_+_0-327_ARO:3002871_tet37	99.099	222	2	0	39797	40018	1	222	1.44e-109	399	2651
NODE_2_length_179448_cov_64.6808	gb_AF540889_+_0-327_ARO:3002871_tet37	99.099	222	2	0	39797	40018	1	222	1.44e-109	399	922477
NODE_2_length_179448_cov_64.6808	gb_AF540889_+_0-327_ARO:3002871_tet37	99.099	222	2	0	39797	40018	1	222	1.44e-109	399	922477
NODE_2_length_179448_cov_64.6808	gb_AF540889_+_0-327_ARO:3002871_tet37	99.099	222	2	0	39797	40018	1	222	1.44e-109	399	222408
NODE_2_length_179448_cov_64.6808	gb_AF540889_+_0-327_ARO:3002871_tet37	99.099	222	2	0	39797	40018	1	222	1.44e-109	399	50288
NODE_2_length_179448_cov_64.6808	gb_AF540889_+_0-327_ARO:3002871_tet37	99.099	222	2	0	39797	40018	1	222	1.44e-109	399	46861
NODE_2_length_179448_cov_64.6808	gb_AF540889_+_0-327_ARO:3002871_tet37	99.099	222	2	0	39797	40018	1	222	1.44e-109	399	3677382
NODE_2_length_179448_cov_64.6808	gb_AF540889_+_0-327_ARO:3002871_tet37	99.099	222	2	0	39797	40018	1	222	1.44e-109	399	84995
NODE_2_length_179448_cov_64.6808	gb_AF540889_+_0-327_ARO:3002871_tet37	99.099	222	2	0	39797	40018	1	222	1.44e-109	399	84995
NODE_2_length_179448_cov_64.6808	gb_AF540889_+_0-327_ARO:3002871_tet37	99.099	222	2	0	39797	40018	1	222	1.44e-109	399	870328
NODE_2_length_179448_cov_64.6808	gb_AF540889_+_0-327_ARO:3002871_tet37	99.099	222	2	0	39797	40018	1	222	1.44e-109	399	870328
NODE_2_length_179448_cov_64.6808	gb_AF540889_+_0-327_ARO:3002871_tet37	99.099	222	2	0	39797	40018	1	222	1.44e-109	399	60274
NODE_2_length_179448_cov_64.6808	gb_AF540889_+_0-327_ARO:3002871_tet37	99.099	222	2	0	39797	40018	1	222	1.44e-109	399	448279
NODE_2_length_179448_cov_64.6808	gb_AF540889_+_0-327_ARO:3002871_tet37	99.099	222	2	0	39797	40018	1	222	1.44e-109	399	268473
NODE_2_length_179448_cov_64.6808	gb_AF540889_+_0-327_ARO:3002871_tet37	99.099	222	2	0	39797	40018	1	222	1.44e-109	399	2699427
NODE_2_length_179448_cov_64.6808	gb_AF540889_+_0-327_ARO:3002871_tet37	99.099	222	2	0	39797	40018	1	222	1.44e-109	399	903916
NODE_2_length_179448_cov_64.6808	gb_AF540889_+_0-327_ARO:3002871_tet37	99.099	222	2	0	39797	40018	1	222	1.44e-109	399	254406
NODE_2_length_179448_cov_64.6808	gb_AF540889_+_0-327_ARO:3002871_tet37	99.099	222	2	0	39797	40018	1	222	1.44e-109	399	903916
NODE_2_length_179448_cov_64.6808	gb_AF540889_+_0-327_ARO:3002871_tet37	99.099	222	2	0	39797	40018	1	222	1.44e-109	399	964221
NODE_2_length_179448_cov_64.6808	gb_AF540889_+_0-327_ARO:3002871_tet37	99.099	222	2	0	39797	40018	1	222	1.44e-109	399	2581089
NODE_13_length_82006_cov_32.4578	gb_X63451_+_0-1653_ARO:3002828_srmB	97.059	34	1	0	76388	76421	1466	1499	4.55e-07	58.4	5284192
NODE_13_length_82006_cov_32.4578	gb_X63451_+_0-1653_ARO:3002828_srmB	97.059	34	1	0	76388	76421	1466	1499	4.55e-07	58.4	2336699
NODE_13_length_82006_cov_32.4578	gb_X63451_+_0-1653_ARO:3002828_srmB	97.059	34	1	0	76388	76421	1466	1499	4.55e-07	58.4	30062
NODE_13_length_82006_cov_32.4578	gb_X63451_+_0-1653_ARO:3002828_srmB	97.059	34	1	0	76388	76421	1466	1499	4.55e-07	58.4	450229
NODE_83_length_36966_cov_72.8545	gb_AP006618.1_+_4835199-4838688_ARO:3000501_Nocardia	73.785	3128	707	91	20856	23940	312	3369	0.0	1129	76465
NODE_83_length_36966_cov_72.8545	gb_AP006618.1_+_4835199-4838688_ARO:3000501_Nocardia	73.785	3128	707	91	20856	23940	312	3369	0.0	1129	1007254
NODE_83_length_36966_cov_72.8545	gb_AP006618.1_+_4835199-4838688_ARO:3000501_Nocardia	73.785	3128	707	91	20856	23940	312	3369	0.0	1129	60524
NODE_83_length_36966_cov_72.8545	gb_AP006618.1_+_4835199-4838688_ARO:3000501_Nocardia	73.785	3128	707	91	20856	23940	312	3369	0.0	1129	140294
NODE_83_length_36966_cov_72.8545	gb_AP006618.1_+_4835199-4838688_ARO:3000501_Nocardia	73.785	3128	707	91	20856	23940	312	3369	0.0	1129	140294
NODE_83_length_36966_cov_72.8545	gb_AP006618.1_+_4835199-4838688_ARO:3000501_Nocardia	73.785	3128	707	91	20856	23940	312	3369	0.0	1129	4114244
NODE_83_length_36966_cov_72.8545	gb_AP006618.1_+_4835199-4838688_ARO:3000501_Nocardia	73.785	3128	707	91	20856	23940	312	3369	0.0	1129	4114244
NODE_83_length_36966_cov_72.8545	gb_AP006618.1_+_4835199-4838688_ARO:3000501_Nocardia	73.785	3128	707	91	20856	23940	312	3369	0.0	1129	1501099
NODE_83_length_36966_cov_72.8545	gb_AP006618.1_+_4835199-4838688_ARO:3000501_Nocardia	73.785	3128	707	91	20856	23940	312	3369	0.0	1129	1501099
NODE_83_length_36966_cov_72.8545	gb_AP006618.1_+_4835199-4838688_ARO:3000501_Nocardia	73.785	3128	707	91	20856	23940	312	3369	0.0	1129	217128
NODE_83_length_36966_cov_72.8545	gb_AP006618.1_+_4835199-4838688_ARO:3000501_Nocardia	73.785	3128	707	91	20856	23940	312	3369	0.0	1129	669319
NODE_83_length_36966_cov_72.8545	gb_AP006618.1_+_4835199-4838688_ARO:3000501_Nocardia	73.785	3128	707	91	20856	23940	312	3369	0.0	1129	425187
NODE_83_length_36966_cov_72.8545	gb_AP006618.1_+_4835199-4838688_ARO:3000501_Nocardia	73.785	3128	707	91	20856	23940	312	3369	0.0	1129	69945
NODE_319_length_17530_cov_61.3617	gb_NC_003098.1_-_1359228-1360395_ARO:3000025_patB	77.873	1166	249	9	11387	12547	1162	1	0.0	715	973911
NODE_319_length_17530_cov_61.3617	gb_NC_003098.1_-_1359228-1360395_ARO:3000025_patB	77.873	1166	249	9	11387	12547	1162	1	0.0	715	1768133
NODE_319_length_17530_cov_61.3617	gb_NC_003098.1_-_1359228-1360395_ARO:3000025_patB	77.873	1166	249	9	11387	12547	1162	1	0.0	715	1007170
NODE_981_length_8958_cov_46.8121	gb_NC_014638.1_-_1610636-1613960_ARO:3003730_Bifidobacteria	80.412	194	38	0	7791	7984	3260	3067	2.87e-35	148	343943
NODE_981_length_8958_cov_46.8121	gb_NC_014638.1_-_1610636-1613960_ARO:3003730_Bifidobacteria	80.412	194	38	0	7791	7984	3260	3067	2.87e-35	148	251004
NODE_981_length_8958_cov_46.8121	gb_NC_014638.1_-_1610636-1613960_ARO:3003730_Bifidobacteria	80.412	194	38	0	7791	7984	3260	3067	2.87e-35	148	251004
NODE_981_length_8958_cov_46.8121	gb_NC_014638.1_-_1610636-1613960_ARO:3003730_Bifidobacteria	80.412	194	38	0	7791	7984	3260	3067	2.87e-35	148	81059
NODE_981_length_8958_cov_46.8121	gb_NC_014638.1_-_1610636-1613960_ARO:3003730_Bifidobacteria	80.412	194	38	0	7791	7984	3260	3067	2.87e-35	148	264284
NODE_2136_length_5704_cov_136.91	gb_HQ652506.1_+_373-2098_ARO:3004032_tetA(46)	95.536	1725	77	0	2339	4063	1	1725	0.0	2760	1234728
NODE_2136_length_5704_cov_136.91	gb_HQ652506.1_+_2099-3836_ARO:3004033_tetB(46)	93.934	1632	97	2	4065	5695	1	1631	0.0	2464	1234728
NODE_2136_length_5704_cov_136.91	gb_HQ652506.1_+_373-2098_ARO:3004032_tetA(46)	95.536	1725	77	0	2339	4063	1	1725	0.0	2760	1234728
NODE_2136_length_5704_cov_136.91	gb_HQ652506.1_+_2099-3836_ARO:3004033_tetB(46)	93.934	1632	97	2	4065	5695	1	1631	0.0	2464	1234728
NODE_2136_length_5704_cov_136.91	gb_HQ652506.1_+_373-2098_ARO:3004032_tetA(46)	95.536	1725	77	0	2339	4063	1	1725	0.0	2760	5284009
NODE_2136_length_5704_cov_136.91	gb_HQ652506.1_+_2099-3836_ARO:3004033_tetB(46)	93.934	1632	97	2	4065	5695	1	1631	0.0	2464	5284009
NODE_2136_length_5704_cov_136.91	gb_HQ652506.1_+_373-2098_ARO:3004032_tetA(46)	95.536	1725	77	0	2339	4063	1	1725	0.0	2760	294367
NODE_2136_length_5704_cov_136.91	gb_HQ652506.1_+_2099-3836_ARO:3004033_tetB(46)	93.934	1632	97	2	4065	5695	1	1631	0.0	2464	294367
NODE_8191_length_2483_cov_93.2648	gb_AP006618.1_+_4835199-4838688_ARO:3000501_Nocardia	86.228	334	42	4	928	1259	3299	2968	3.36e-99	359	86462
NODE_8191_length_2483_cov_93.2648	gb_AP006618.1_+_4835199-4838688_ARO:3000501_Nocardia	86.228	334	42	4	928	1259	3299	2968	3.36e-99	359	1406332
