NODE_26_length_131023_cov_19.094	gb_NC_002516_+_2810008-2813197_ARO:3000804_MexF	82.096	229	41	0	43951	44179	1264	1036	1.48e-48	196	3427157
NODE_26_length_131023_cov_19.094	gb_AFRQ01000061.1_-_23986-27124_ARO:3004144_AxyY	76.230	244	56	2	43938	44180	1265	1023	5.47e-28	128	3427157
NODE_26_length_131023_cov_19.094	gb_NC_010378.1_+_47850-51003_ARO:3003923_oqxB	75.221	226	48	5	43939	44160	1276	1055	1.19e-19	100	3427157
NODE_26_length_131023_cov_19.094	gb_NC_002516_+_2810008-2813197_ARO:3000804_MexF	82.096	229	41	0	43951	44179	1264	1036	1.48e-48	196	1474478
NODE_26_length_131023_cov_19.094	gb_AFRQ01000061.1_-_23986-27124_ARO:3004144_AxyY	76.230	244	56	2	43938	44180	1265	1023	5.47e-28	128	1474478
NODE_26_length_131023_cov_19.094	gb_NC_010378.1_+_47850-51003_ARO:3003923_oqxB	75.221	226	48	5	43939	44160	1276	1055	1.19e-19	100	1474478
NODE_26_length_131023_cov_19.094	gb_NC_002516_+_2810008-2813197_ARO:3000804_MexF	82.096	229	41	0	43951	44179	1264	1036	1.48e-48	196	385678
NODE_26_length_131023_cov_19.094	gb_AFRQ01000061.1_-_23986-27124_ARO:3004144_AxyY	76.230	244	56	2	43938	44180	1265	1023	5.47e-28	128	385678
NODE_26_length_131023_cov_19.094	gb_NC_010378.1_+_47850-51003_ARO:3003923_oqxB	75.221	226	48	5	43939	44160	1276	1055	1.19e-19	100	385678
NODE_26_length_131023_cov_19.094	gb_NC_002516_+_2810008-2813197_ARO:3000804_MexF	82.096	229	41	0	43951	44179	1264	1036	1.48e-48	196	6035512
NODE_26_length_131023_cov_19.094	gb_AFRQ01000061.1_-_23986-27124_ARO:3004144_AxyY	76.230	244	56	2	43938	44180	1265	1023	5.47e-28	128	6035512
NODE_26_length_131023_cov_19.094	gb_NC_010378.1_+_47850-51003_ARO:3003923_oqxB	75.221	226	48	5	43939	44160	1276	1055	1.19e-19	100	6035512
NODE_26_length_131023_cov_19.094	gb_NC_002516_+_2810008-2813197_ARO:3000804_MexF	82.096	229	41	0	43951	44179	1264	1036	1.48e-48	196	1987068
NODE_26_length_131023_cov_19.094	gb_AFRQ01000061.1_-_23986-27124_ARO:3004144_AxyY	76.230	244	56	2	43938	44180	1265	1023	5.47e-28	128	1987068
NODE_26_length_131023_cov_19.094	gb_NC_010378.1_+_47850-51003_ARO:3003923_oqxB	75.221	226	48	5	43939	44160	1276	1055	1.19e-19	100	1987068
NODE_26_length_131023_cov_19.094	gb_NC_002516_+_2810008-2813197_ARO:3000804_MexF	82.096	229	41	0	43951	44179	1264	1036	1.48e-48	196	6231525
NODE_26_length_131023_cov_19.094	gb_AFRQ01000061.1_-_23986-27124_ARO:3004144_AxyY	76.230	244	56	2	43938	44180	1265	1023	5.47e-28	128	6231525
NODE_26_length_131023_cov_19.094	gb_NC_010378.1_+_47850-51003_ARO:3003923_oqxB	75.221	226	48	5	43939	44160	1276	1055	1.19e-19	100	6231525
NODE_26_length_131023_cov_19.094	gb_NC_002516_+_2810008-2813197_ARO:3000804_MexF	82.096	229	41	0	43951	44179	1264	1036	1.48e-48	196	296877
NODE_26_length_131023_cov_19.094	gb_AFRQ01000061.1_-_23986-27124_ARO:3004144_AxyY	76.230	244	56	2	43938	44180	1265	1023	5.47e-28	128	296877
NODE_26_length_131023_cov_19.094	gb_NC_010378.1_+_47850-51003_ARO:3003923_oqxB	75.221	226	48	5	43939	44160	1276	1055	1.19e-19	100	296877
NODE_26_length_131023_cov_19.094	gb_NC_002516_+_2810008-2813197_ARO:3000804_MexF	82.096	229	41	0	43951	44179	1264	1036	1.48e-48	196	4794892
NODE_26_length_131023_cov_19.094	gb_AFRQ01000061.1_-_23986-27124_ARO:3004144_AxyY	76.230	244	56	2	43938	44180	1265	1023	5.47e-28	128	4794892
NODE_26_length_131023_cov_19.094	gb_NC_010378.1_+_47850-51003_ARO:3003923_oqxB	75.221	226	48	5	43939	44160	1276	1055	1.19e-19	100	4794892
NODE_26_length_131023_cov_19.094	gb_NC_002516_+_2810008-2813197_ARO:3000804_MexF	82.096	229	41	0	43951	44179	1264	1036	1.48e-48	196	600043
NODE_26_length_131023_cov_19.094	gb_AFRQ01000061.1_-_23986-27124_ARO:3004144_AxyY	76.230	244	56	2	43938	44180	1265	1023	5.47e-28	128	600043
NODE_26_length_131023_cov_19.094	gb_NC_010378.1_+_47850-51003_ARO:3003923_oqxB	75.221	226	48	5	43939	44160	1276	1055	1.19e-19	100	600043
NODE_26_length_131023_cov_19.094	gb_NC_002516_+_2810008-2813197_ARO:3000804_MexF	82.096	229	41	0	43951	44179	1264	1036	1.48e-48	196	2573092
NODE_26_length_131023_cov_19.094	gb_AFRQ01000061.1_-_23986-27124_ARO:3004144_AxyY	76.230	244	56	2	43938	44180	1265	1023	5.47e-28	128	2573092
NODE_26_length_131023_cov_19.094	gb_NC_010378.1_+_47850-51003_ARO:3003923_oqxB	75.221	226	48	5	43939	44160	1276	1055	1.19e-19	100	2573092
NODE_26_length_131023_cov_19.094	gb_NC_002516_+_2810008-2813197_ARO:3000804_MexF	82.096	229	41	0	43951	44179	1264	1036	1.48e-48	196	5175017
NODE_26_length_131023_cov_19.094	gb_AFRQ01000061.1_-_23986-27124_ARO:3004144_AxyY	76.230	244	56	2	43938	44180	1265	1023	5.47e-28	128	5175017
NODE_26_length_131023_cov_19.094	gb_NC_010378.1_+_47850-51003_ARO:3003923_oqxB	75.221	226	48	5	43939	44160	1276	1055	1.19e-19	100	5175017
NODE_26_length_131023_cov_19.094	gb_NC_002516_+_2810008-2813197_ARO:3000804_MexF	82.096	229	41	0	43951	44179	1264	1036	1.48e-48	196	1444687
NODE_26_length_131023_cov_19.094	gb_AFRQ01000061.1_-_23986-27124_ARO:3004144_AxyY	76.230	244	56	2	43938	44180	1265	1023	5.47e-28	128	1444687
NODE_26_length_131023_cov_19.094	gb_NC_010378.1_+_47850-51003_ARO:3003923_oqxB	75.221	226	48	5	43939	44160	1276	1055	1.19e-19	100	1444687
NODE_26_length_131023_cov_19.094	gb_NC_002516_+_2810008-2813197_ARO:3000804_MexF	82.096	229	41	0	43951	44179	1264	1036	1.48e-48	196	3427105
NODE_26_length_131023_cov_19.094	gb_AFRQ01000061.1_-_23986-27124_ARO:3004144_AxyY	76.230	244	56	2	43938	44180	1265	1023	5.47e-28	128	3427105
NODE_26_length_131023_cov_19.094	gb_NC_010378.1_+_47850-51003_ARO:3003923_oqxB	75.221	226	48	5	43939	44160	1276	1055	1.19e-19	100	3427105
NODE_26_length_131023_cov_19.094	gb_NC_002516_+_2810008-2813197_ARO:3000804_MexF	82.096	229	41	0	43951	44179	1264	1036	1.48e-48	196	6226028
NODE_26_length_131023_cov_19.094	gb_AFRQ01000061.1_-_23986-27124_ARO:3004144_AxyY	76.230	244	56	2	43938	44180	1265	1023	5.47e-28	128	6226028
NODE_26_length_131023_cov_19.094	gb_NC_010378.1_+_47850-51003_ARO:3003923_oqxB	75.221	226	48	5	43939	44160	1276	1055	1.19e-19	100	6226028
NODE_26_length_131023_cov_19.094	gb_NC_002516_+_2810008-2813197_ARO:3000804_MexF	82.096	229	41	0	43951	44179	1264	1036	1.48e-48	196	1085784
NODE_26_length_131023_cov_19.094	gb_AFRQ01000061.1_-_23986-27124_ARO:3004144_AxyY	76.230	244	56	2	43938	44180	1265	1023	5.47e-28	128	1085784
NODE_26_length_131023_cov_19.094	gb_NC_010378.1_+_47850-51003_ARO:3003923_oqxB	75.221	226	48	5	43939	44160	1276	1055	1.19e-19	100	1085784
NODE_26_length_131023_cov_19.094	gb_NC_002516_+_2810008-2813197_ARO:3000804_MexF	82.096	229	41	0	43951	44179	1264	1036	1.48e-48	196	3512303
NODE_26_length_131023_cov_19.094	gb_AFRQ01000061.1_-_23986-27124_ARO:3004144_AxyY	76.230	244	56	2	43938	44180	1265	1023	5.47e-28	128	3512303
NODE_26_length_131023_cov_19.094	gb_NC_010378.1_+_47850-51003_ARO:3003923_oqxB	75.221	226	48	5	43939	44160	1276	1055	1.19e-19	100	3512303
NODE_26_length_131023_cov_19.094	gb_NC_002516_+_2810008-2813197_ARO:3000804_MexF	82.096	229	41	0	43951	44179	1264	1036	1.48e-48	196	6035479
NODE_26_length_131023_cov_19.094	gb_AFRQ01000061.1_-_23986-27124_ARO:3004144_AxyY	76.230	244	56	2	43938	44180	1265	1023	5.47e-28	128	6035479
NODE_26_length_131023_cov_19.094	gb_NC_010378.1_+_47850-51003_ARO:3003923_oqxB	75.221	226	48	5	43939	44160	1276	1055	1.19e-19	100	6035479
NODE_26_length_131023_cov_19.094	gb_NC_002516_+_2810008-2813197_ARO:3000804_MexF	82.096	229	41	0	43951	44179	1264	1036	1.48e-48	196	4827805
NODE_26_length_131023_cov_19.094	gb_AFRQ01000061.1_-_23986-27124_ARO:3004144_AxyY	76.230	244	56	2	43938	44180	1265	1023	5.47e-28	128	4827805
NODE_26_length_131023_cov_19.094	gb_NC_010378.1_+_47850-51003_ARO:3003923_oqxB	75.221	226	48	5	43939	44160	1276	1055	1.19e-19	100	4827805
NODE_26_length_131023_cov_19.094	gb_NC_002516_+_2810008-2813197_ARO:3000804_MexF	82.096	229	41	0	43951	44179	1264	1036	1.48e-48	196	4827805
NODE_26_length_131023_cov_19.094	gb_AFRQ01000061.1_-_23986-27124_ARO:3004144_AxyY	76.230	244	56	2	43938	44180	1265	1023	5.47e-28	128	4827805
NODE_26_length_131023_cov_19.094	gb_NC_010378.1_+_47850-51003_ARO:3003923_oqxB	75.221	226	48	5	43939	44160	1276	1055	1.19e-19	100	4827805
NODE_26_length_131023_cov_19.094	gb_NC_002516_+_2810008-2813197_ARO:3000804_MexF	82.096	229	41	0	43951	44179	1264	1036	1.48e-48	196	2572943
NODE_26_length_131023_cov_19.094	gb_AFRQ01000061.1_-_23986-27124_ARO:3004144_AxyY	76.230	244	56	2	43938	44180	1265	1023	5.47e-28	128	2572943
NODE_26_length_131023_cov_19.094	gb_NC_010378.1_+_47850-51003_ARO:3003923_oqxB	75.221	226	48	5	43939	44160	1276	1055	1.19e-19	100	2572943
NODE_26_length_131023_cov_19.094	gb_NC_002516_+_2810008-2813197_ARO:3000804_MexF	82.096	229	41	0	43951	44179	1264	1036	1.48e-48	196	1005845
NODE_26_length_131023_cov_19.094	gb_AFRQ01000061.1_-_23986-27124_ARO:3004144_AxyY	76.230	244	56	2	43938	44180	1265	1023	5.47e-28	128	1005845
NODE_26_length_131023_cov_19.094	gb_NC_010378.1_+_47850-51003_ARO:3003923_oqxB	75.221	226	48	5	43939	44160	1276	1055	1.19e-19	100	1005845
NODE_26_length_131023_cov_19.094	gb_NC_002516_+_2810008-2813197_ARO:3000804_MexF	82.096	229	41	0	43951	44179	1264	1036	1.48e-48	196	294017
NODE_26_length_131023_cov_19.094	gb_AFRQ01000061.1_-_23986-27124_ARO:3004144_AxyY	76.230	244	56	2	43938	44180	1265	1023	5.47e-28	128	294017
NODE_26_length_131023_cov_19.094	gb_NC_010378.1_+_47850-51003_ARO:3003923_oqxB	75.221	226	48	5	43939	44160	1276	1055	1.19e-19	100	294017
NODE_26_length_131023_cov_19.094	gb_NC_002516_+_2810008-2813197_ARO:3000804_MexF	82.096	229	41	0	43951	44179	1264	1036	1.48e-48	196	841563
NODE_26_length_131023_cov_19.094	gb_AFRQ01000061.1_-_23986-27124_ARO:3004144_AxyY	76.230	244	56	2	43938	44180	1265	1023	5.47e-28	128	841563
NODE_26_length_131023_cov_19.094	gb_NC_010378.1_+_47850-51003_ARO:3003923_oqxB	75.221	226	48	5	43939	44160	1276	1055	1.19e-19	100	841563
NODE_26_length_131023_cov_19.094	gb_NC_002516_+_2810008-2813197_ARO:3000804_MexF	82.096	229	41	0	43951	44179	1264	1036	1.48e-48	196	1475363
NODE_26_length_131023_cov_19.094	gb_AFRQ01000061.1_-_23986-27124_ARO:3004144_AxyY	76.230	244	56	2	43938	44180	1265	1023	5.47e-28	128	1475363
NODE_26_length_131023_cov_19.094	gb_NC_010378.1_+_47850-51003_ARO:3003923_oqxB	75.221	226	48	5	43939	44160	1276	1055	1.19e-19	100	1475363
NODE_26_length_131023_cov_19.094	gb_NC_002516_+_2810008-2813197_ARO:3000804_MexF	82.096	229	41	0	43951	44179	1264	1036	1.48e-48	196	3427234
NODE_26_length_131023_cov_19.094	gb_AFRQ01000061.1_-_23986-27124_ARO:3004144_AxyY	76.230	244	56	2	43938	44180	1265	1023	5.47e-28	128	3427234
NODE_26_length_131023_cov_19.094	gb_NC_010378.1_+_47850-51003_ARO:3003923_oqxB	75.221	226	48	5	43939	44160	1276	1055	1.19e-19	100	3427234
NODE_26_length_131023_cov_19.094	gb_NC_002516_+_2810008-2813197_ARO:3000804_MexF	82.096	229	41	0	43951	44179	1264	1036	1.48e-48	196	1558104
NODE_26_length_131023_cov_19.094	gb_AFRQ01000061.1_-_23986-27124_ARO:3004144_AxyY	76.230	244	56	2	43938	44180	1265	1023	5.47e-28	128	1558104
NODE_26_length_131023_cov_19.094	gb_NC_010378.1_+_47850-51003_ARO:3003923_oqxB	75.221	226	48	5	43939	44160	1276	1055	1.19e-19	100	1558104
NODE_112_length_82907_cov_16.3216	gb_AF024602_+_3155-3992_ARO:3002660_APH(6)-Id	99.881	837	1	0	27040	27876	1	837	0.0	1541	5014887
NODE_112_length_82907_cov_16.3216	gb_AY055428.1_-_20268-21084_ARO:3000412_sul2	100.000	816	0	0	25361	26176	1	816	0.0	1507	5014887
NODE_112_length_82907_cov_16.3216	gb_AF313472_+_15593-16397_ARO:3002639_APH(3'')-Ib	99.751	804	2	0	26237	27040	1	804	0.0	1474	5014887
NODE_112_length_82907_cov_16.3216	gb_AF024602_+_3155-3992_ARO:3002660_APH(6)-Id	99.881	837	1	0	27040	27876	1	837	0.0	1541	2015289
NODE_112_length_82907_cov_16.3216	gb_AY055428.1_-_20268-21084_ARO:3000412_sul2	100.000	816	0	0	25361	26176	1	816	0.0	1507	2015289
NODE_112_length_82907_cov_16.3216	gb_AF313472_+_15593-16397_ARO:3002639_APH(3'')-Ib	99.751	804	2	0	26237	27040	1	804	0.0	1474	2015289
NODE_112_length_82907_cov_16.3216	gb_AF024602_+_3155-3992_ARO:3002660_APH(6)-Id	99.881	837	1	0	27040	27876	1	837	0.0	1541	2015289
NODE_112_length_82907_cov_16.3216	gb_AY055428.1_-_20268-21084_ARO:3000412_sul2	100.000	816	0	0	25361	26176	1	816	0.0	1507	2015289
NODE_112_length_82907_cov_16.3216	gb_AF313472_+_15593-16397_ARO:3002639_APH(3'')-Ib	99.751	804	2	0	26237	27040	1	804	0.0	1474	2015289
NODE_135_length_77915_cov_6.71392	gb_L36601_+_1420-3130_ARO:3003036_oleB	94.595	37	2	0	46248	46284	1568	1532	4.33e-07	58.4	1902357
NODE_135_length_77915_cov_6.71392	gb_L36601_+_1420-3130_ARO:3003036_oleB	94.595	37	2	0	46248	46284	1568	1532	4.33e-07	58.4	4702217
NODE_135_length_77915_cov_6.71392	gb_L36601_+_1420-3130_ARO:3003036_oleB	94.595	37	2	0	46248	46284	1568	1532	4.33e-07	58.4	1374867
NODE_135_length_77915_cov_6.71392	gb_L36601_+_1420-3130_ARO:3003036_oleB	94.595	37	2	0	46248	46284	1568	1532	4.33e-07	58.4	1374867
NODE_135_length_77915_cov_6.71392	gb_L36601_+_1420-3130_ARO:3003036_oleB	94.595	37	2	0	46248	46284	1568	1532	4.33e-07	58.4	434472
NODE_135_length_77915_cov_6.71392	gb_L36601_+_1420-3130_ARO:3003036_oleB	94.595	37	2	0	46248	46284	1568	1532	4.33e-07	58.4	4829446
NODE_135_length_77915_cov_6.71392	gb_L36601_+_1420-3130_ARO:3003036_oleB	94.595	37	2	0	46248	46284	1568	1532	4.33e-07	58.4	2106560
NODE_135_length_77915_cov_6.71392	gb_L36601_+_1420-3130_ARO:3003036_oleB	94.595	37	2	0	46248	46284	1568	1532	4.33e-07	58.4	4697078
NODE_135_length_77915_cov_6.71392	gb_L36601_+_1420-3130_ARO:3003036_oleB	94.595	37	2	0	46248	46284	1568	1532	4.33e-07	58.4	163299
NODE_135_length_77915_cov_6.71392	gb_L36601_+_1420-3130_ARO:3003036_oleB	94.595	37	2	0	46248	46284	1568	1532	4.33e-07	58.4	556431
NODE_148_length_75531_cov_31.5968	gb_M57437_+_0-1647_ARO:3002827_tlrC	96.970	33	1	0	63146	63178	600	568	1.51e-06	56.5	724714
NODE_148_length_75531_cov_31.5968	gb_M57437_+_0-1647_ARO:3002827_tlrC	96.970	33	1	0	63146	63178	600	568	1.51e-06	56.5	3427258
NODE_148_length_75531_cov_31.5968	gb_M57437_+_0-1647_ARO:3002827_tlrC	96.970	33	1	0	63146	63178	600	568	1.51e-06	56.5	5351426
NODE_148_length_75531_cov_31.5968	gb_M57437_+_0-1647_ARO:3002827_tlrC	96.970	33	1	0	63146	63178	600	568	1.51e-06	56.5	3427076
NODE_148_length_75531_cov_31.5968	gb_M57437_+_0-1647_ARO:3002827_tlrC	96.970	33	1	0	63146	63178	600	568	1.51e-06	56.5	747776
NODE_148_length_75531_cov_31.5968	gb_M57437_+_0-1647_ARO:3002827_tlrC	96.970	33	1	0	63146	63178	600	568	1.51e-06	56.5	6201628
NODE_148_length_75531_cov_31.5968	gb_M57437_+_0-1647_ARO:3002827_tlrC	96.970	33	1	0	63146	63178	600	568	1.51e-06	56.5	3509852
NODE_148_length_75531_cov_31.5968	gb_M57437_+_0-1647_ARO:3002827_tlrC	96.970	33	1	0	63146	63178	600	568	1.51e-06	56.5	2258745
NODE_148_length_75531_cov_31.5968	gb_M57437_+_0-1647_ARO:3002827_tlrC	96.970	33	1	0	63146	63178	600	568	1.51e-06	56.5	419500
NODE_148_length_75531_cov_31.5968	gb_M57437_+_0-1647_ARO:3002827_tlrC	96.970	33	1	0	63146	63178	600	568	1.51e-06	56.5	195868
NODE_148_length_75531_cov_31.5968	gb_M57437_+_0-1647_ARO:3002827_tlrC	96.970	33	1	0	63146	63178	600	568	1.51e-06	56.5	2453754
NODE_175_length_68205_cov_10.5901	gb_AF173226_+_3767-6917_ARO:3003052_smeB	83.784	74	12	0	41435	41508	1169	1242	4.86e-11	71.3	3512407
NODE_175_length_68205_cov_10.5901	gb_AJ252200_+_1278-4401_ARO:3003056_smeE	83.333	72	12	0	41437	41508	1171	1242	6.29e-10	67.6	3512407
NODE_175_length_68205_cov_10.5901	gb_AF173226_+_3767-6917_ARO:3003052_smeB	83.784	74	12	0	41435	41508	1169	1242	4.86e-11	71.3	5003297
NODE_175_length_68205_cov_10.5901	gb_AJ252200_+_1278-4401_ARO:3003056_smeE	83.333	72	12	0	41437	41508	1171	1242	6.29e-10	67.6	5003297
NODE_175_length_68205_cov_10.5901	gb_AF173226_+_3767-6917_ARO:3003052_smeB	83.784	74	12	0	41435	41508	1169	1242	4.86e-11	71.3	4821393
NODE_175_length_68205_cov_10.5901	gb_AJ252200_+_1278-4401_ARO:3003056_smeE	83.333	72	12	0	41437	41508	1171	1242	6.29e-10	67.6	4821393
NODE_175_length_68205_cov_10.5901	gb_AF173226_+_3767-6917_ARO:3003052_smeB	83.784	74	12	0	41435	41508	1169	1242	4.86e-11	71.3	6035306
NODE_175_length_68205_cov_10.5901	gb_AJ252200_+_1278-4401_ARO:3003056_smeE	83.333	72	12	0	41437	41508	1171	1242	6.29e-10	67.6	6035306
NODE_175_length_68205_cov_10.5901	gb_AF173226_+_3767-6917_ARO:3003052_smeB	83.784	74	12	0	41435	41508	1169	1242	4.86e-11	71.3	5784314
NODE_175_length_68205_cov_10.5901	gb_AJ252200_+_1278-4401_ARO:3003056_smeE	83.333	72	12	0	41437	41508	1171	1242	6.29e-10	67.6	5784314
NODE_175_length_68205_cov_10.5901	gb_AF173226_+_3767-6917_ARO:3003052_smeB	83.784	74	12	0	41435	41508	1169	1242	4.86e-11	71.3	102005
NODE_175_length_68205_cov_10.5901	gb_AJ252200_+_1278-4401_ARO:3003056_smeE	83.333	72	12	0	41437	41508	1171	1242	6.29e-10	67.6	102005
NODE_175_length_68205_cov_10.5901	gb_AF173226_+_3767-6917_ARO:3003052_smeB	83.784	74	12	0	41435	41508	1169	1242	4.86e-11	71.3	447198
NODE_175_length_68205_cov_10.5901	gb_AJ252200_+_1278-4401_ARO:3003056_smeE	83.333	72	12	0	41437	41508	1171	1242	6.29e-10	67.6	447198
NODE_175_length_68205_cov_10.5901	gb_AF173226_+_3767-6917_ARO:3003052_smeB	83.784	74	12	0	41435	41508	1169	1242	4.86e-11	71.3	2060570
NODE_175_length_68205_cov_10.5901	gb_AJ252200_+_1278-4401_ARO:3003056_smeE	83.333	72	12	0	41437	41508	1171	1242	6.29e-10	67.6	2060570
NODE_175_length_68205_cov_10.5901	gb_AF173226_+_3767-6917_ARO:3003052_smeB	83.784	74	12	0	41435	41508	1169	1242	4.86e-11	71.3	396562
NODE_175_length_68205_cov_10.5901	gb_AJ252200_+_1278-4401_ARO:3003056_smeE	83.333	72	12	0	41437	41508	1171	1242	6.29e-10	67.6	396562
NODE_263_length_57944_cov_7.86512	gb_AF235050.4_+_38028-40140_ARO:3003318_Streptomyces	73.950	357	73	15	17624	17970	421	75	8.70e-28	126	6237983
NODE_263_length_57944_cov_7.86512	gb_AF235050.4_+_38028-40140_ARO:3003318_Streptomyces	73.950	357	73	15	17624	17970	421	75	8.70e-28	126	1836510
NODE_263_length_57944_cov_7.86512	gb_AF235050.4_+_38028-40140_ARO:3003318_Streptomyces	73.950	357	73	15	17624	17970	421	75	8.70e-28	126	199672
NODE_263_length_57944_cov_7.86512	gb_AF235050.4_+_38028-40140_ARO:3003318_Streptomyces	73.950	357	73	15	17624	17970	421	75	8.70e-28	126	199672
NODE_263_length_57944_cov_7.86512	gb_AF235050.4_+_38028-40140_ARO:3003318_Streptomyces	73.950	357	73	15	17624	17970	421	75	8.70e-28	126	156613
NODE_263_length_57944_cov_7.86512	gb_AF235050.4_+_38028-40140_ARO:3003318_Streptomyces	73.950	357	73	15	17624	17970	421	75	8.70e-28	126	1013075
NODE_263_length_57944_cov_7.86512	gb_AF235050.4_+_38028-40140_ARO:3003318_Streptomyces	73.950	357	73	15	17624	17970	421	75	8.70e-28	126	6035608
NODE_263_length_57944_cov_7.86512	gb_AF235050.4_+_38028-40140_ARO:3003318_Streptomyces	73.950	357	73	15	17624	17970	421	75	8.70e-28	126	4693784
NODE_263_length_57944_cov_7.86512	gb_AF235050.4_+_38028-40140_ARO:3003318_Streptomyces	73.950	357	73	15	17624	17970	421	75	8.70e-28	126	880030
NODE_263_length_57944_cov_7.86512	gb_AF235050.4_+_38028-40140_ARO:3003318_Streptomyces	73.950	357	73	15	17624	17970	421	75	8.70e-28	126	2015393
NODE_263_length_57944_cov_7.86512	gb_AF235050.4_+_38028-40140_ARO:3003318_Streptomyces	73.950	357	73	15	17624	17970	421	75	8.70e-28	126	4348919
NODE_263_length_57944_cov_7.86512	gb_AF235050.4_+_38028-40140_ARO:3003318_Streptomyces	73.950	357	73	15	17624	17970	421	75	8.70e-28	126	112768
NODE_263_length_57944_cov_7.86512	gb_AF235050.4_+_38028-40140_ARO:3003318_Streptomyces	73.950	357	73	15	17624	17970	421	75	8.70e-28	126	454028
NODE_263_length_57944_cov_7.86512	gb_AF235050.4_+_38028-40140_ARO:3003318_Streptomyces	73.950	357	73	15	17624	17970	421	75	8.70e-28	126	112768
NODE_263_length_57944_cov_7.86512	gb_AF235050.4_+_38028-40140_ARO:3003318_Streptomyces	73.950	357	73	15	17624	17970	421	75	8.70e-28	126	1875751
NODE_263_length_57944_cov_7.86512	gb_AF235050.4_+_38028-40140_ARO:3003318_Streptomyces	73.950	357	73	15	17624	17970	421	75	8.70e-28	126	137228
NODE_263_length_57944_cov_7.86512	gb_AF235050.4_+_38028-40140_ARO:3003318_Streptomyces	73.950	357	73	15	17624	17970	421	75	8.70e-28	126	2717479
NODE_343_length_51765_cov_6.17378	gb_AFRQ01000061.1_-_23986-27124_ARO:3004144_AxyY	73.763	465	106	15	48805	49261	1479	1023	1.27e-40	169	4463386
NODE_343_length_51765_cov_6.17378	gb_AFRQ01000061.1_-_23986-27124_ARO:3004144_AxyY	73.763	465	106	15	48805	49261	1479	1023	1.27e-40	169	449069
NODE_343_length_51765_cov_6.17378	gb_AFRQ01000061.1_-_23986-27124_ARO:3004144_AxyY	73.763	465	106	15	48805	49261	1479	1023	1.27e-40	169	1390863
NODE_343_length_51765_cov_6.17378	gb_AFRQ01000061.1_-_23986-27124_ARO:3004144_AxyY	73.763	465	106	15	48805	49261	1479	1023	1.27e-40	169	5435212
NODE_343_length_51765_cov_6.17378	gb_AFRQ01000061.1_-_23986-27124_ARO:3004144_AxyY	73.763	465	106	15	48805	49261	1479	1023	1.27e-40	169	3602730
NODE_343_length_51765_cov_6.17378	gb_AFRQ01000061.1_-_23986-27124_ARO:3004144_AxyY	73.763	465	106	15	48805	49261	1479	1023	1.27e-40	169	6719461
NODE_343_length_51765_cov_6.17378	gb_AFRQ01000061.1_-_23986-27124_ARO:3004144_AxyY	73.763	465	106	15	48805	49261	1479	1023	1.27e-40	169	4692097
NODE_652_length_35876_cov_64.235	gb_AF118110.1_-_71-1037_ARO:3003002_CfxA2	100.000	458	0	0	35419	35876	966	509	0.0	846	679670
NODE_652_length_35876_cov_64.235	gb_AF472622_+_52-1018_ARO:3003003_CfxA3	99.782	458	1	0	35419	35876	966	509	0.0	841	679670
NODE_652_length_35876_cov_64.235	gb_AY769934_+_27-993_ARO:3003096_CfxA5	99.782	458	1	0	35419	35876	966	509	0.0	841	679670
NODE_652_length_35876_cov_64.235	gb_U38243_+_149-1115_ARO:3003001_CfxA	99.782	458	1	0	35419	35876	966	509	0.0	841	679670
NODE_652_length_35876_cov_64.235	gb_AY769933_+_0-966_ARO:3003005_CfxA4	99.782	458	1	0	35419	35876	966	509	0.0	841	679670
NODE_652_length_35876_cov_64.235	gb_GQ342996_+_797-1793_ARO:3003097_CfxA6	90.667	450	39	3	35424	35872	993	546	3.42e-169	595	679670
NODE_652_length_35876_cov_64.235	gb_AF118110.1_-_71-1037_ARO:3003002_CfxA2	100.000	458	0	0	35419	35876	966	509	0.0	846	84942
NODE_652_length_35876_cov_64.235	gb_AF472622_+_52-1018_ARO:3003003_CfxA3	99.782	458	1	0	35419	35876	966	509	0.0	841	84942
NODE_652_length_35876_cov_64.235	gb_AY769934_+_27-993_ARO:3003096_CfxA5	99.782	458	1	0	35419	35876	966	509	0.0	841	84942
NODE_652_length_35876_cov_64.235	gb_U38243_+_149-1115_ARO:3003001_CfxA	99.782	458	1	0	35419	35876	966	509	0.0	841	84942
NODE_652_length_35876_cov_64.235	gb_AY769933_+_0-966_ARO:3003005_CfxA4	99.782	458	1	0	35419	35876	966	509	0.0	841	84942
NODE_652_length_35876_cov_64.235	gb_GQ342996_+_797-1793_ARO:3003097_CfxA6	90.667	450	39	3	35424	35872	993	546	3.42e-169	595	84942
NODE_652_length_35876_cov_64.235	gb_AF118110.1_-_71-1037_ARO:3003002_CfxA2	100.000	458	0	0	35419	35876	966	509	0.0	846	1488422
NODE_652_length_35876_cov_64.235	gb_AF472622_+_52-1018_ARO:3003003_CfxA3	99.782	458	1	0	35419	35876	966	509	0.0	841	1488422
NODE_652_length_35876_cov_64.235	gb_AY769934_+_27-993_ARO:3003096_CfxA5	99.782	458	1	0	35419	35876	966	509	0.0	841	1488422
NODE_652_length_35876_cov_64.235	gb_U38243_+_149-1115_ARO:3003001_CfxA	99.782	458	1	0	35419	35876	966	509	0.0	841	1488422
NODE_652_length_35876_cov_64.235	gb_AY769933_+_0-966_ARO:3003005_CfxA4	99.782	458	1	0	35419	35876	966	509	0.0	841	1488422
NODE_652_length_35876_cov_64.235	gb_GQ342996_+_797-1793_ARO:3003097_CfxA6	90.667	450	39	3	35424	35872	993	546	3.42e-169	595	1488422
NODE_652_length_35876_cov_64.235	gb_AF118110.1_-_71-1037_ARO:3003002_CfxA2	100.000	458	0	0	35419	35876	966	509	0.0	846	2318214
NODE_652_length_35876_cov_64.235	gb_AF472622_+_52-1018_ARO:3003003_CfxA3	99.782	458	1	0	35419	35876	966	509	0.0	841	2318214
NODE_652_length_35876_cov_64.235	gb_AY769934_+_27-993_ARO:3003096_CfxA5	99.782	458	1	0	35419	35876	966	509	0.0	841	2318214
NODE_652_length_35876_cov_64.235	gb_U38243_+_149-1115_ARO:3003001_CfxA	99.782	458	1	0	35419	35876	966	509	0.0	841	2318214
NODE_652_length_35876_cov_64.235	gb_AY769933_+_0-966_ARO:3003005_CfxA4	99.782	458	1	0	35419	35876	966	509	0.0	841	2318214
NODE_652_length_35876_cov_64.235	gb_GQ342996_+_797-1793_ARO:3003097_CfxA6	90.667	450	39	3	35424	35872	993	546	3.42e-169	595	2318214
NODE_652_length_35876_cov_64.235	gb_AF118110.1_-_71-1037_ARO:3003002_CfxA2	100.000	458	0	0	35419	35876	966	509	0.0	846	1212218
NODE_652_length_35876_cov_64.235	gb_AF472622_+_52-1018_ARO:3003003_CfxA3	99.782	458	1	0	35419	35876	966	509	0.0	841	1212218
NODE_652_length_35876_cov_64.235	gb_AY769934_+_27-993_ARO:3003096_CfxA5	99.782	458	1	0	35419	35876	966	509	0.0	841	1212218
NODE_652_length_35876_cov_64.235	gb_U38243_+_149-1115_ARO:3003001_CfxA	99.782	458	1	0	35419	35876	966	509	0.0	841	1212218
NODE_652_length_35876_cov_64.235	gb_AY769933_+_0-966_ARO:3003005_CfxA4	99.782	458	1	0	35419	35876	966	509	0.0	841	1212218
NODE_652_length_35876_cov_64.235	gb_GQ342996_+_797-1793_ARO:3003097_CfxA6	90.667	450	39	3	35424	35872	993	546	3.42e-169	595	1212218
NODE_652_length_35876_cov_64.235	gb_AF118110.1_-_71-1037_ARO:3003002_CfxA2	100.000	458	0	0	35419	35876	966	509	0.0	846	1492987
NODE_652_length_35876_cov_64.235	gb_AF472622_+_52-1018_ARO:3003003_CfxA3	99.782	458	1	0	35419	35876	966	509	0.0	841	1492987
NODE_652_length_35876_cov_64.235	gb_AY769934_+_27-993_ARO:3003096_CfxA5	99.782	458	1	0	35419	35876	966	509	0.0	841	1492987
NODE_652_length_35876_cov_64.235	gb_U38243_+_149-1115_ARO:3003001_CfxA	99.782	458	1	0	35419	35876	966	509	0.0	841	1492987
NODE_652_length_35876_cov_64.235	gb_AY769933_+_0-966_ARO:3003005_CfxA4	99.782	458	1	0	35419	35876	966	509	0.0	841	1492987
NODE_652_length_35876_cov_64.235	gb_GQ342996_+_797-1793_ARO:3003097_CfxA6	90.667	450	39	3	35424	35872	993	546	3.42e-169	595	1492987
NODE_652_length_35876_cov_64.235	gb_AF118110.1_-_71-1037_ARO:3003002_CfxA2	100.000	458	0	0	35419	35876	966	509	0.0	846	4384128
NODE_652_length_35876_cov_64.235	gb_AF472622_+_52-1018_ARO:3003003_CfxA3	99.782	458	1	0	35419	35876	966	509	0.0	841	4384128
NODE_652_length_35876_cov_64.235	gb_AY769934_+_27-993_ARO:3003096_CfxA5	99.782	458	1	0	35419	35876	966	509	0.0	841	4384128
NODE_652_length_35876_cov_64.235	gb_U38243_+_149-1115_ARO:3003001_CfxA	99.782	458	1	0	35419	35876	966	509	0.0	841	4384128
NODE_652_length_35876_cov_64.235	gb_AY769933_+_0-966_ARO:3003005_CfxA4	99.782	458	1	0	35419	35876	966	509	0.0	841	4384128
NODE_652_length_35876_cov_64.235	gb_GQ342996_+_797-1793_ARO:3003097_CfxA6	90.667	450	39	3	35424	35872	993	546	3.42e-169	595	4384128
NODE_775_length_32205_cov_21.6131	gb_U05883_+_555-1458_ARO:3003559_cepA	77.574	816	165	17	20100	20906	883	77	1.16e-133	477	47174
NODE_775_length_32205_cov_21.6131	gb_U05883_+_555-1458_ARO:3003559_cepA	77.574	816	165	17	20100	20906	883	77	1.16e-133	477	47174
NODE_775_length_32205_cov_21.6131	gb_U05883_+_555-1458_ARO:3003559_cepA	77.574	816	165	17	20100	20906	883	77	1.16e-133	477	6035858
NODE_775_length_32205_cov_21.6131	gb_U05883_+_555-1458_ARO:3003559_cepA	77.574	816	165	17	20100	20906	883	77	1.16e-133	477	3876830
NODE_996_length_26920_cov_75.9054	gb_Z21523_+_0-1974_ARO:3000191_tetQ	100.000	76	0	0	26845	26920	34	109	1.44e-32	141	66442
NODE_996_length_26920_cov_75.9054	gb_Z21523_+_0-1974_ARO:3000191_tetQ	100.000	76	0	0	26845	26920	34	109	1.44e-32	141	74817
NODE_996_length_26920_cov_75.9054	gb_Z21523_+_0-1974_ARO:3000191_tetQ	100.000	76	0	0	26845	26920	34	109	1.44e-32	141	1432878
NODE_996_length_26920_cov_75.9054	gb_Z21523_+_0-1974_ARO:3000191_tetQ	100.000	76	0	0	26845	26920	34	109	1.44e-32	141	2065451
NODE_996_length_26920_cov_75.9054	gb_Z21523_+_0-1974_ARO:3000191_tetQ	100.000	76	0	0	26845	26920	34	109	1.44e-32	141	1877849
NODE_996_length_26920_cov_75.9054	gb_Z21523_+_0-1974_ARO:3000191_tetQ	100.000	76	0	0	26845	26920	34	109	1.44e-32	141	3994526
NODE_996_length_26920_cov_75.9054	gb_Z21523_+_0-1974_ARO:3000191_tetQ	100.000	76	0	0	26845	26920	34	109	1.44e-32	141	2213861
NODE_996_length_26920_cov_75.9054	gb_Z21523_+_0-1974_ARO:3000191_tetQ	100.000	76	0	0	26845	26920	34	109	1.44e-32	141	2737284
NODE_1009_length_26776_cov_20.177	gb_NC_002516.2_-_2847775-2850886_ARO:3004075_MuxC	100.000	33	0	0	14849	14881	1201	1233	1.15e-08	62.1	1755515
NODE_1009_length_26776_cov_20.177	gb_NC_002516.2_-_2847775-2850886_ARO:3004075_MuxC	100.000	33	0	0	14849	14881	1201	1233	1.15e-08	62.1	1148479
NODE_1009_length_26776_cov_20.177	gb_NC_002516.2_-_2847775-2850886_ARO:3004075_MuxC	100.000	33	0	0	14849	14881	1201	1233	1.15e-08	62.1	2926507
NODE_1009_length_26776_cov_20.177	gb_NC_002516.2_-_2847775-2850886_ARO:3004075_MuxC	100.000	33	0	0	14849	14881	1201	1233	1.15e-08	62.1	480791
NODE_1009_length_26776_cov_20.177	gb_NC_002516.2_-_2847775-2850886_ARO:3004075_MuxC	100.000	33	0	0	14849	14881	1201	1233	1.15e-08	62.1	480791
NODE_1239_length_22966_cov_8.04343	gb_GQ343019_+_132-1023_ARO:3002999_CblA-1	99.102	891	8	0	19218	20108	1	891	0.0	1602	3989410
NODE_1239_length_22966_cov_8.04343	gb_GQ343019_+_132-1023_ARO:3002999_CblA-1	99.102	891	8	0	19218	20108	1	891	0.0	1602	1395754
NODE_1635_length_18302_cov_5.45553	gb_M57437_+_0-1647_ARO:3002827_tlrC	92.500	40	1	2	17794	17833	594	557	3.66e-07	56.5	4190638
NODE_1635_length_18302_cov_5.45553	gb_M57437_+_0-1647_ARO:3002827_tlrC	92.500	40	1	2	17794	17833	594	557	3.66e-07	56.5	1484516
NODE_1635_length_18302_cov_5.45553	gb_M57437_+_0-1647_ARO:3002827_tlrC	92.500	40	1	2	17794	17833	594	557	3.66e-07	56.5	4755277
NODE_1946_length_15793_cov_23.315	gb_NC_023287.1_-_65291-66509_ARO:3000615_mefA	90.230	1218	119	0	14521	15738	1218	1	0.0	1591	3427174
NODE_1946_length_15793_cov_23.315	gb_NC_023287.1_-_65291-66509_ARO:3000615_mefA	90.230	1218	119	0	14521	15738	1218	1	0.0	1591	6828709
NODE_1946_length_15793_cov_23.315	gb_NC_023287.1_-_65291-66509_ARO:3000615_mefA	90.230	1218	119	0	14521	15738	1218	1	0.0	1591	6828709
NODE_1946_length_15793_cov_23.315	gb_NC_023287.1_-_65291-66509_ARO:3000615_mefA	90.230	1218	119	0	14521	15738	1218	1	0.0	1591	1396677
NODE_1946_length_15793_cov_23.315	gb_NC_023287.1_-_65291-66509_ARO:3000615_mefA	90.230	1218	119	0	14521	15738	1218	1	0.0	1591	888140
NODE_2031_length_15299_cov_4.3913	gb_KX531046.1_+_0-864_ARO:3003982_LlmA	96.875	32	1	0	8327	8358	355	386	1.10e-06	54.7	6036183
NODE_2031_length_15299_cov_4.3913	gb_KX531046.1_+_0-864_ARO:3003982_LlmA	96.875	32	1	0	8327	8358	355	386	1.10e-06	54.7	4463177
NODE_3389_length_9005_cov_4.29352	gb_M57437_+_0-1647_ARO:3002827_tlrC	92.500	40	2	1	801	840	563	601	1.80e-07	56.5	6035544
NODE_3389_length_9005_cov_4.29352	gb_M57437_+_0-1647_ARO:3002827_tlrC	92.500	40	2	1	801	840	563	601	1.80e-07	56.5	6035544
NODE_3632_length_8393_cov_5.69177	gb_AF235050.4_+_38028-40140_ARO:3003318_Streptomyces	83.696	92	15	0	2868	2959	322	413	5.95e-17	87.9	249692
NODE_3632_length_8393_cov_5.69177	gb_AF235050.4_+_38028-40140_ARO:3003318_Streptomyces	83.696	92	15	0	2868	2959	322	413	5.95e-17	87.9	4238253
NODE_3632_length_8393_cov_5.69177	gb_AF235050.4_+_38028-40140_ARO:3003318_Streptomyces	83.696	92	15	0	2868	2959	322	413	5.95e-17	87.9	304796
NODE_3746_length_8107_cov_4.55999	gb_X01702_+_484-1285_ARO:3002659_APH(6)-Ic	100.000	29	0	0	2229	2257	514	486	5.83e-07	54.7	239663
NODE_4361_length_6892_cov_15.3439	gb_U00096_+_3415032-3418137_ARO:3000502_acrF	74.590	122	31	0	2718	2839	1246	1125	4.95e-07	54.7	1755515
NODE_5057_length_5713_cov_4.12743	gb_KX531046.1_+_0-864_ARO:3003982_LlmA	73.244	299	68	11	5410	5702	647	355	1.87e-20	99.0	433186
NODE_5329_length_5372_cov_4.20049	gb_KX531046.1_+_0-864_ARO:3003982_LlmA	92.683	41	3	0	6	46	395	355	8.29e-09	60.2	582802
NODE_8282_length_3246_cov_5.04951	gb_AF235050.4_+_38028-40140_ARO:3003318_Streptomyces	72.184	435	90	24	2110	2531	491	75	2.28e-22	104	806649
NODE_8282_length_3246_cov_5.04951	gb_AF235050.4_+_38028-40140_ARO:3003318_Streptomyces	72.184	435	90	24	2110	2531	491	75	2.28e-22	104	2015416
NODE_8282_length_3246_cov_5.04951	gb_AF235050.4_+_38028-40140_ARO:3003318_Streptomyces	72.184	435	90	24	2110	2531	491	75	2.28e-22	104	2015416
NODE_8282_length_3246_cov_5.04951	gb_AF235050.4_+_38028-40140_ARO:3003318_Streptomyces	72.184	435	90	24	2110	2531	491	75	2.28e-22	104	6035426
NODE_8942_length_2972_cov_46.8238	gb_Z21523_+_0-1974_ARO:3000191_tetQ	97.248	109	2	1	2865	2972	1	109	2.60e-46	183	287472
NODE_18966_length_1368_cov_2.48515	gb_AF235050.4_+_38028-40140_ARO:3003318_Streptomyces	74.052	343	81	7	1	339	79	417	1.21e-31	134	1427368
NODE_18966_length_1368_cov_2.48515	gb_AF235050.4_+_38028-40140_ARO:3003318_Streptomyces	74.052	343	81	7	1	339	79	417	1.21e-31	134	1427368
NODE_123205_length_339_cov_195.032	gb_GQ342996_+_797-1793_ARO:3003097_CfxA6	99.363	314	2	0	26	339	1	314	1.85e-163	569	114166
NODE_123205_length_339_cov_195.032	gb_AF472622_+_52-1018_ARO:3003003_CfxA3	91.459	281	24	0	59	339	1	281	2.00e-108	387	114166
NODE_123205_length_339_cov_195.032	gb_AY769934_+_27-993_ARO:3003096_CfxA5	91.459	281	24	0	59	339	1	281	2.00e-108	387	114166
NODE_123205_length_339_cov_195.032	gb_U38243_+_149-1115_ARO:3003001_CfxA	91.459	281	24	0	59	339	1	281	2.00e-108	387	114166
NODE_123205_length_339_cov_195.032	gb_AY769933_+_0-966_ARO:3003005_CfxA4	91.459	281	24	0	59	339	1	281	2.00e-108	387	114166
NODE_123205_length_339_cov_195.032	gb_AF118110.1_-_71-1037_ARO:3003002_CfxA2	91.459	281	24	0	59	339	1	281	2.00e-108	387	114166
