NODE_22_length_143946_cov_12.0899	gb_AY768532_+_0-1935_ARO:3000535_macB	97.059	34	0	1	104358	104390	455	422	2.87e-06	56.5	203227
NODE_22_length_143946_cov_12.0899	gb_AY768532_+_0-1935_ARO:3000535_macB	97.059	34	0	1	104358	104390	455	422	2.87e-06	56.5	4044936
NODE_22_length_143946_cov_12.0899	gb_AY768532_+_0-1935_ARO:3000535_macB	97.059	34	0	1	104358	104390	455	422	2.87e-06	56.5	258752
NODE_22_length_143946_cov_12.0899	gb_AY768532_+_0-1935_ARO:3000535_macB	97.059	34	0	1	104358	104390	455	422	2.87e-06	56.5	258752
NODE_22_length_143946_cov_12.0899	gb_AY768532_+_0-1935_ARO:3000535_macB	97.059	34	0	1	104358	104390	455	422	2.87e-06	56.5	2192139
NODE_22_length_143946_cov_12.0899	gb_AY768532_+_0-1935_ARO:3000535_macB	97.059	34	0	1	104358	104390	455	422	2.87e-06	56.5	52302
NODE_30_length_127097_cov_11.9848	gb_AF540889_+_0-327_ARO:3002871_tet37	99.550	222	1	0	39668	39889	1	222	2.19e-111	405	29554
NODE_30_length_127097_cov_11.9848	gb_AF540889_+_0-327_ARO:3002871_tet37	99.550	222	1	0	39668	39889	1	222	2.19e-111	405	2593168
NODE_30_length_127097_cov_11.9848	gb_AF540889_+_0-327_ARO:3002871_tet37	99.550	222	1	0	39668	39889	1	222	2.19e-111	405	65630
NODE_30_length_127097_cov_11.9848	gb_AF540889_+_0-327_ARO:3002871_tet37	99.550	222	1	0	39668	39889	1	222	2.19e-111	405	1352442
NODE_30_length_127097_cov_11.9848	gb_AF540889_+_0-327_ARO:3002871_tet37	99.550	222	1	0	39668	39889	1	222	2.19e-111	405	131410
NODE_30_length_127097_cov_11.9848	gb_AF540889_+_0-327_ARO:3002871_tet37	99.550	222	1	0	39668	39889	1	222	2.19e-111	405	916860
NODE_30_length_127097_cov_11.9848	gb_AF540889_+_0-327_ARO:3002871_tet37	99.550	222	1	0	39668	39889	1	222	2.19e-111	405	2261705
NODE_30_length_127097_cov_11.9848	gb_AF540889_+_0-327_ARO:3002871_tet37	99.550	222	1	0	39668	39889	1	222	2.19e-111	405	6048070
NODE_30_length_127097_cov_11.9848	gb_AF540889_+_0-327_ARO:3002871_tet37	99.550	222	1	0	39668	39889	1	222	2.19e-111	405	344834
NODE_30_length_127097_cov_11.9848	gb_AF540889_+_0-327_ARO:3002871_tet37	99.550	222	1	0	39668	39889	1	222	2.19e-111	405	63339
NODE_30_length_127097_cov_11.9848	gb_AF540889_+_0-327_ARO:3002871_tet37	99.550	222	1	0	39668	39889	1	222	2.19e-111	405	2813160
NODE_30_length_127097_cov_11.9848	gb_AF540889_+_0-327_ARO:3002871_tet37	99.550	222	1	0	39668	39889	1	222	2.19e-111	405	65630
NODE_30_length_127097_cov_11.9848	gb_AF540889_+_0-327_ARO:3002871_tet37	99.550	222	1	0	39668	39889	1	222	2.19e-111	405	186699
NODE_30_length_127097_cov_11.9848	gb_AF540889_+_0-327_ARO:3002871_tet37	99.550	222	1	0	39668	39889	1	222	2.19e-111	405	256301
NODE_30_length_127097_cov_11.9848	gb_AF540889_+_0-327_ARO:3002871_tet37	99.550	222	1	0	39668	39889	1	222	2.19e-111	405	188146
NODE_30_length_127097_cov_11.9848	gb_AF540889_+_0-327_ARO:3002871_tet37	99.550	222	1	0	39668	39889	1	222	2.19e-111	405	240169
NODE_30_length_127097_cov_11.9848	gb_AF540889_+_0-327_ARO:3002871_tet37	99.550	222	1	0	39668	39889	1	222	2.19e-111	405	65630
NODE_360_length_33020_cov_64.4517	gb_AF472622_+_52-1018_ARO:3003003_CfxA3	98.276	58	1	0	32963	33020	64	121	8.36e-21	102	47711
NODE_360_length_33020_cov_64.4517	gb_AY769934_+_27-993_ARO:3003096_CfxA5	98.276	58	1	0	32963	33020	64	121	8.36e-21	102	47711
NODE_360_length_33020_cov_64.4517	gb_U38243_+_149-1115_ARO:3003001_CfxA	98.276	58	1	0	32963	33020	64	121	8.36e-21	102	47711
NODE_360_length_33020_cov_64.4517	gb_AY769933_+_0-966_ARO:3003005_CfxA4	98.276	58	1	0	32963	33020	64	121	8.36e-21	102	47711
NODE_360_length_33020_cov_64.4517	gb_AF118110.1_-_71-1037_ARO:3003002_CfxA2	98.276	58	1	0	32963	33020	64	121	8.36e-21	102	47711
NODE_360_length_33020_cov_64.4517	gb_AF472622_+_52-1018_ARO:3003003_CfxA3	98.276	58	1	0	32963	33020	64	121	8.36e-21	102	138103
NODE_360_length_33020_cov_64.4517	gb_AY769934_+_27-993_ARO:3003096_CfxA5	98.276	58	1	0	32963	33020	64	121	8.36e-21	102	138103
NODE_360_length_33020_cov_64.4517	gb_U38243_+_149-1115_ARO:3003001_CfxA	98.276	58	1	0	32963	33020	64	121	8.36e-21	102	138103
NODE_360_length_33020_cov_64.4517	gb_AY769933_+_0-966_ARO:3003005_CfxA4	98.276	58	1	0	32963	33020	64	121	8.36e-21	102	138103
NODE_360_length_33020_cov_64.4517	gb_AF118110.1_-_71-1037_ARO:3003002_CfxA2	98.276	58	1	0	32963	33020	64	121	8.36e-21	102	138103
NODE_360_length_33020_cov_64.4517	gb_AF472622_+_52-1018_ARO:3003003_CfxA3	98.276	58	1	0	32963	33020	64	121	8.36e-21	102	760945
NODE_360_length_33020_cov_64.4517	gb_AY769934_+_27-993_ARO:3003096_CfxA5	98.276	58	1	0	32963	33020	64	121	8.36e-21	102	760945
NODE_360_length_33020_cov_64.4517	gb_U38243_+_149-1115_ARO:3003001_CfxA	98.276	58	1	0	32963	33020	64	121	8.36e-21	102	760945
NODE_360_length_33020_cov_64.4517	gb_AY769933_+_0-966_ARO:3003005_CfxA4	98.276	58	1	0	32963	33020	64	121	8.36e-21	102	760945
NODE_360_length_33020_cov_64.4517	gb_AF118110.1_-_71-1037_ARO:3003002_CfxA2	98.276	58	1	0	32963	33020	64	121	8.36e-21	102	760945
NODE_360_length_33020_cov_64.4517	gb_AF472622_+_52-1018_ARO:3003003_CfxA3	98.276	58	1	0	32963	33020	64	121	8.36e-21	102	760945
NODE_360_length_33020_cov_64.4517	gb_AY769934_+_27-993_ARO:3003096_CfxA5	98.276	58	1	0	32963	33020	64	121	8.36e-21	102	760945
NODE_360_length_33020_cov_64.4517	gb_U38243_+_149-1115_ARO:3003001_CfxA	98.276	58	1	0	32963	33020	64	121	8.36e-21	102	760945
NODE_360_length_33020_cov_64.4517	gb_AY769933_+_0-966_ARO:3003005_CfxA4	98.276	58	1	0	32963	33020	64	121	8.36e-21	102	760945
NODE_360_length_33020_cov_64.4517	gb_AF118110.1_-_71-1037_ARO:3003002_CfxA2	98.276	58	1	0	32963	33020	64	121	8.36e-21	102	760945
NODE_360_length_33020_cov_64.4517	gb_AF472622_+_52-1018_ARO:3003003_CfxA3	98.276	58	1	0	32963	33020	64	121	8.36e-21	102	760945
NODE_360_length_33020_cov_64.4517	gb_AY769934_+_27-993_ARO:3003096_CfxA5	98.276	58	1	0	32963	33020	64	121	8.36e-21	102	760945
NODE_360_length_33020_cov_64.4517	gb_U38243_+_149-1115_ARO:3003001_CfxA	98.276	58	1	0	32963	33020	64	121	8.36e-21	102	760945
NODE_360_length_33020_cov_64.4517	gb_AY769933_+_0-966_ARO:3003005_CfxA4	98.276	58	1	0	32963	33020	64	121	8.36e-21	102	760945
NODE_360_length_33020_cov_64.4517	gb_AF118110.1_-_71-1037_ARO:3003002_CfxA2	98.276	58	1	0	32963	33020	64	121	8.36e-21	102	760945
NODE_360_length_33020_cov_64.4517	gb_AF472622_+_52-1018_ARO:3003003_CfxA3	98.276	58	1	0	32963	33020	64	121	8.36e-21	102	47711
NODE_360_length_33020_cov_64.4517	gb_AY769934_+_27-993_ARO:3003096_CfxA5	98.276	58	1	0	32963	33020	64	121	8.36e-21	102	47711
NODE_360_length_33020_cov_64.4517	gb_U38243_+_149-1115_ARO:3003001_CfxA	98.276	58	1	0	32963	33020	64	121	8.36e-21	102	47711
NODE_360_length_33020_cov_64.4517	gb_AY769933_+_0-966_ARO:3003005_CfxA4	98.276	58	1	0	32963	33020	64	121	8.36e-21	102	47711
NODE_360_length_33020_cov_64.4517	gb_AF118110.1_-_71-1037_ARO:3003002_CfxA2	98.276	58	1	0	32963	33020	64	121	8.36e-21	102	47711
NODE_360_length_33020_cov_64.4517	gb_AF472622_+_52-1018_ARO:3003003_CfxA3	98.276	58	1	0	32963	33020	64	121	8.36e-21	102	22924
NODE_360_length_33020_cov_64.4517	gb_AY769934_+_27-993_ARO:3003096_CfxA5	98.276	58	1	0	32963	33020	64	121	8.36e-21	102	22924
NODE_360_length_33020_cov_64.4517	gb_U38243_+_149-1115_ARO:3003001_CfxA	98.276	58	1	0	32963	33020	64	121	8.36e-21	102	22924
NODE_360_length_33020_cov_64.4517	gb_AY769933_+_0-966_ARO:3003005_CfxA4	98.276	58	1	0	32963	33020	64	121	8.36e-21	102	22924
NODE_360_length_33020_cov_64.4517	gb_AF118110.1_-_71-1037_ARO:3003002_CfxA2	98.276	58	1	0	32963	33020	64	121	8.36e-21	102	22924
NODE_360_length_33020_cov_64.4517	gb_AF472622_+_52-1018_ARO:3003003_CfxA3	98.276	58	1	0	32963	33020	64	121	8.36e-21	102	22924
NODE_360_length_33020_cov_64.4517	gb_AY769934_+_27-993_ARO:3003096_CfxA5	98.276	58	1	0	32963	33020	64	121	8.36e-21	102	22924
NODE_360_length_33020_cov_64.4517	gb_U38243_+_149-1115_ARO:3003001_CfxA	98.276	58	1	0	32963	33020	64	121	8.36e-21	102	22924
NODE_360_length_33020_cov_64.4517	gb_AY769933_+_0-966_ARO:3003005_CfxA4	98.276	58	1	0	32963	33020	64	121	8.36e-21	102	22924
NODE_360_length_33020_cov_64.4517	gb_AF118110.1_-_71-1037_ARO:3003002_CfxA2	98.276	58	1	0	32963	33020	64	121	8.36e-21	102	22924
NODE_360_length_33020_cov_64.4517	gb_AF472622_+_52-1018_ARO:3003003_CfxA3	98.276	58	1	0	32963	33020	64	121	8.36e-21	102	61840
NODE_360_length_33020_cov_64.4517	gb_AY769934_+_27-993_ARO:3003096_CfxA5	98.276	58	1	0	32963	33020	64	121	8.36e-21	102	61840
NODE_360_length_33020_cov_64.4517	gb_U38243_+_149-1115_ARO:3003001_CfxA	98.276	58	1	0	32963	33020	64	121	8.36e-21	102	61840
NODE_360_length_33020_cov_64.4517	gb_AY769933_+_0-966_ARO:3003005_CfxA4	98.276	58	1	0	32963	33020	64	121	8.36e-21	102	61840
NODE_360_length_33020_cov_64.4517	gb_AF118110.1_-_71-1037_ARO:3003002_CfxA2	98.276	58	1	0	32963	33020	64	121	8.36e-21	102	61840
NODE_360_length_33020_cov_64.4517	gb_AF472622_+_52-1018_ARO:3003003_CfxA3	98.276	58	1	0	32963	33020	64	121	8.36e-21	102	61840
NODE_360_length_33020_cov_64.4517	gb_AY769934_+_27-993_ARO:3003096_CfxA5	98.276	58	1	0	32963	33020	64	121	8.36e-21	102	61840
NODE_360_length_33020_cov_64.4517	gb_U38243_+_149-1115_ARO:3003001_CfxA	98.276	58	1	0	32963	33020	64	121	8.36e-21	102	61840
NODE_360_length_33020_cov_64.4517	gb_AY769933_+_0-966_ARO:3003005_CfxA4	98.276	58	1	0	32963	33020	64	121	8.36e-21	102	61840
NODE_360_length_33020_cov_64.4517	gb_AF118110.1_-_71-1037_ARO:3003002_CfxA2	98.276	58	1	0	32963	33020	64	121	8.36e-21	102	61840
NODE_360_length_33020_cov_64.4517	gb_AF472622_+_52-1018_ARO:3003003_CfxA3	98.276	58	1	0	32963	33020	64	121	8.36e-21	102	939212
NODE_360_length_33020_cov_64.4517	gb_AY769934_+_27-993_ARO:3003096_CfxA5	98.276	58	1	0	32963	33020	64	121	8.36e-21	102	939212
NODE_360_length_33020_cov_64.4517	gb_U38243_+_149-1115_ARO:3003001_CfxA	98.276	58	1	0	32963	33020	64	121	8.36e-21	102	939212
NODE_360_length_33020_cov_64.4517	gb_AY769933_+_0-966_ARO:3003005_CfxA4	98.276	58	1	0	32963	33020	64	121	8.36e-21	102	939212
NODE_360_length_33020_cov_64.4517	gb_AF118110.1_-_71-1037_ARO:3003002_CfxA2	98.276	58	1	0	32963	33020	64	121	8.36e-21	102	939212
NODE_360_length_33020_cov_64.4517	gb_AF472622_+_52-1018_ARO:3003003_CfxA3	98.276	58	1	0	32963	33020	64	121	8.36e-21	102	4945923
NODE_360_length_33020_cov_64.4517	gb_AY769934_+_27-993_ARO:3003096_CfxA5	98.276	58	1	0	32963	33020	64	121	8.36e-21	102	4945923
NODE_360_length_33020_cov_64.4517	gb_U38243_+_149-1115_ARO:3003001_CfxA	98.276	58	1	0	32963	33020	64	121	8.36e-21	102	4945923
NODE_360_length_33020_cov_64.4517	gb_AY769933_+_0-966_ARO:3003005_CfxA4	98.276	58	1	0	32963	33020	64	121	8.36e-21	102	4945923
NODE_360_length_33020_cov_64.4517	gb_AF118110.1_-_71-1037_ARO:3003002_CfxA2	98.276	58	1	0	32963	33020	64	121	8.36e-21	102	4945923
NODE_360_length_33020_cov_64.4517	gb_AF472622_+_52-1018_ARO:3003003_CfxA3	98.276	58	1	0	32963	33020	64	121	8.36e-21	102	113002
NODE_360_length_33020_cov_64.4517	gb_AY769934_+_27-993_ARO:3003096_CfxA5	98.276	58	1	0	32963	33020	64	121	8.36e-21	102	113002
NODE_360_length_33020_cov_64.4517	gb_U38243_+_149-1115_ARO:3003001_CfxA	98.276	58	1	0	32963	33020	64	121	8.36e-21	102	113002
NODE_360_length_33020_cov_64.4517	gb_AY769933_+_0-966_ARO:3003005_CfxA4	98.276	58	1	0	32963	33020	64	121	8.36e-21	102	113002
NODE_360_length_33020_cov_64.4517	gb_AF118110.1_-_71-1037_ARO:3003002_CfxA2	98.276	58	1	0	32963	33020	64	121	8.36e-21	102	113002
NODE_396_length_30949_cov_12.7608	gb_AF472622_+_52-1018_ARO:3003003_CfxA3	100.000	52	0	0	30898	30949	966	915	3.64e-19	97.1	112679
NODE_396_length_30949_cov_12.7608	gb_AY769934_+_27-993_ARO:3003096_CfxA5	100.000	52	0	0	30898	30949	966	915	3.64e-19	97.1	112679
NODE_396_length_30949_cov_12.7608	gb_U38243_+_149-1115_ARO:3003001_CfxA	100.000	52	0	0	30898	30949	966	915	3.64e-19	97.1	112679
NODE_396_length_30949_cov_12.7608	gb_AY769933_+_0-966_ARO:3003005_CfxA4	100.000	52	0	0	30898	30949	966	915	3.64e-19	97.1	112679
NODE_396_length_30949_cov_12.7608	gb_AF118110.1_-_71-1037_ARO:3003002_CfxA2	100.000	52	0	0	30898	30949	966	915	3.64e-19	97.1	112679
NODE_581_length_23139_cov_50.1427	gb_NC_014638.1_-_1610636-1613960_ARO:3003730_Bifidobacteria	73.473	2047	428	82	20250	22249	178	2156	0.0	665	13780
NODE_581_length_23139_cov_50.1427	gb_NC_014638.1_-_1610636-1613960_ARO:3003730_Bifidobacteria	73.473	2047	428	82	20250	22249	178	2156	0.0	665	679773
NODE_581_length_23139_cov_50.1427	gb_NC_014638.1_-_1610636-1613960_ARO:3003730_Bifidobacteria	73.473	2047	428	82	20250	22249	178	2156	0.0	665	4607823
NODE_581_length_23139_cov_50.1427	gb_NC_014638.1_-_1610636-1613960_ARO:3003730_Bifidobacteria	73.473	2047	428	82	20250	22249	178	2156	0.0	665	4365253
NODE_581_length_23139_cov_50.1427	gb_NC_014638.1_-_1610636-1613960_ARO:3003730_Bifidobacteria	73.473	2047	428	82	20250	22249	178	2156	0.0	665	4851961
NODE_581_length_23139_cov_50.1427	gb_NC_014638.1_-_1610636-1613960_ARO:3003730_Bifidobacteria	73.473	2047	428	82	20250	22249	178	2156	0.0	665	40603
NODE_581_length_23139_cov_50.1427	gb_NC_014638.1_-_1610636-1613960_ARO:3003730_Bifidobacteria	73.473	2047	428	82	20250	22249	178	2156	0.0	665	82717
NODE_581_length_23139_cov_50.1427	gb_NC_014638.1_-_1610636-1613960_ARO:3003730_Bifidobacteria	73.473	2047	428	82	20250	22249	178	2156	0.0	665	5133745
NODE_581_length_23139_cov_50.1427	gb_NC_014638.1_-_1610636-1613960_ARO:3003730_Bifidobacteria	73.473	2047	428	82	20250	22249	178	2156	0.0	665	2757146
NODE_581_length_23139_cov_50.1427	gb_NC_014638.1_-_1610636-1613960_ARO:3003730_Bifidobacteria	73.473	2047	428	82	20250	22249	178	2156	0.0	665	34870
NODE_581_length_23139_cov_50.1427	gb_NC_014638.1_-_1610636-1613960_ARO:3003730_Bifidobacteria	73.473	2047	428	82	20250	22249	178	2156	0.0	665	36669
NODE_581_length_23139_cov_50.1427	gb_NC_014638.1_-_1610636-1613960_ARO:3003730_Bifidobacteria	73.473	2047	428	82	20250	22249	178	2156	0.0	665	1715179
NODE_581_length_23139_cov_50.1427	gb_NC_014638.1_-_1610636-1613960_ARO:3003730_Bifidobacteria	73.473	2047	428	82	20250	22249	178	2156	0.0	665	216008
NODE_581_length_23139_cov_50.1427	gb_NC_014638.1_-_1610636-1613960_ARO:3003730_Bifidobacteria	73.473	2047	428	82	20250	22249	178	2156	0.0	665	61195
NODE_876_length_17566_cov_52.703	gb_NC_014638.1_-_1610636-1613960_ARO:3003730_Bifidobacteria	83.582	134	22	0	17403	17536	3200	3067	2.64e-28	126	834181
NODE_876_length_17566_cov_52.703	gb_NC_014638.1_-_1610636-1613960_ARO:3003730_Bifidobacteria	83.582	134	22	0	17403	17536	3200	3067	2.64e-28	126	4958371
NODE_876_length_17566_cov_52.703	gb_NC_014638.1_-_1610636-1613960_ARO:3003730_Bifidobacteria	83.582	134	22	0	17403	17536	3200	3067	2.64e-28	126	43223
NODE_1898_length_9827_cov_126.956	gb_AY768532_+_0-1935_ARO:3000535_macB	81.244	1946	346	16	1156	3093	1935	1	0.0	1554	67175
NODE_1898_length_9827_cov_126.956	gb_AY768532_+_0-1935_ARO:3000535_macB	81.244	1946	346	16	1156	3093	1935	1	0.0	1554	4837007
NODE_1898_length_9827_cov_126.956	gb_AY768532_+_0-1935_ARO:3000535_macB	81.244	1946	346	16	1156	3093	1935	1	0.0	1554	83920
NODE_1903_length_9816_cov_114.236	gb_AY768532_+_0-1935_ARO:3000535_macB	81.141	1946	348	16	1156	3093	1935	1	0.0	1543	83920
NODE_2502_length_8105_cov_67.3175	gb_AF472622_+_52-1018_ARO:3003003_CfxA3	100.000	52	0	0	1	52	915	966	9.54e-20	97.1	44629
NODE_2502_length_8105_cov_67.3175	gb_AY769934_+_27-993_ARO:3003096_CfxA5	100.000	52	0	0	1	52	915	966	9.54e-20	97.1	44629
NODE_2502_length_8105_cov_67.3175	gb_U38243_+_149-1115_ARO:3003001_CfxA	100.000	52	0	0	1	52	915	966	9.54e-20	97.1	44629
NODE_2502_length_8105_cov_67.3175	gb_AY769933_+_0-966_ARO:3003005_CfxA4	100.000	52	0	0	1	52	915	966	9.54e-20	97.1	44629
NODE_2502_length_8105_cov_67.3175	gb_AF118110.1_-_71-1037_ARO:3003002_CfxA2	100.000	52	0	0	1	52	915	966	9.54e-20	97.1	44629
NODE_2502_length_8105_cov_67.3175	gb_AF472622_+_52-1018_ARO:3003003_CfxA3	100.000	52	0	0	1	52	915	966	9.54e-20	97.1	161046
NODE_2502_length_8105_cov_67.3175	gb_AY769934_+_27-993_ARO:3003096_CfxA5	100.000	52	0	0	1	52	915	966	9.54e-20	97.1	161046
NODE_2502_length_8105_cov_67.3175	gb_U38243_+_149-1115_ARO:3003001_CfxA	100.000	52	0	0	1	52	915	966	9.54e-20	97.1	161046
NODE_2502_length_8105_cov_67.3175	gb_AY769933_+_0-966_ARO:3003005_CfxA4	100.000	52	0	0	1	52	915	966	9.54e-20	97.1	161046
NODE_2502_length_8105_cov_67.3175	gb_AF118110.1_-_71-1037_ARO:3003002_CfxA2	100.000	52	0	0	1	52	915	966	9.54e-20	97.1	161046
NODE_2502_length_8105_cov_67.3175	gb_AF472622_+_52-1018_ARO:3003003_CfxA3	100.000	52	0	0	1	52	915	966	9.54e-20	97.1	2271807
NODE_2502_length_8105_cov_67.3175	gb_AY769934_+_27-993_ARO:3003096_CfxA5	100.000	52	0	0	1	52	915	966	9.54e-20	97.1	2271807
NODE_2502_length_8105_cov_67.3175	gb_U38243_+_149-1115_ARO:3003001_CfxA	100.000	52	0	0	1	52	915	966	9.54e-20	97.1	2271807
NODE_2502_length_8105_cov_67.3175	gb_AY769933_+_0-966_ARO:3003005_CfxA4	100.000	52	0	0	1	52	915	966	9.54e-20	97.1	2271807
NODE_2502_length_8105_cov_67.3175	gb_AF118110.1_-_71-1037_ARO:3003002_CfxA2	100.000	52	0	0	1	52	915	966	9.54e-20	97.1	2271807
NODE_2502_length_8105_cov_67.3175	gb_AF472622_+_52-1018_ARO:3003003_CfxA3	100.000	52	0	0	1	52	915	966	9.54e-20	97.1	2076809
NODE_2502_length_8105_cov_67.3175	gb_AY769934_+_27-993_ARO:3003096_CfxA5	100.000	52	0	0	1	52	915	966	9.54e-20	97.1	2076809
NODE_2502_length_8105_cov_67.3175	gb_U38243_+_149-1115_ARO:3003001_CfxA	100.000	52	0	0	1	52	915	966	9.54e-20	97.1	2076809
NODE_2502_length_8105_cov_67.3175	gb_AY769933_+_0-966_ARO:3003005_CfxA4	100.000	52	0	0	1	52	915	966	9.54e-20	97.1	2076809
NODE_2502_length_8105_cov_67.3175	gb_AF118110.1_-_71-1037_ARO:3003002_CfxA2	100.000	52	0	0	1	52	915	966	9.54e-20	97.1	2076809
NODE_2789_length_7459_cov_144.717	gb_NC_003112.2_+_329612-330767_ARO:3003961_farA	73.123	919	223	22	5023	5929	1033	127	3.73e-83	307	537841
NODE_2789_length_7459_cov_144.717	gb_NC_003112.2_+_329612-330767_ARO:3003961_farA	73.123	919	223	22	5023	5929	1033	127	3.73e-83	307	1219985
NODE_2789_length_7459_cov_144.717	gb_NC_003112.2_+_329612-330767_ARO:3003961_farA	73.123	919	223	22	5023	5929	1033	127	3.73e-83	307	1219985
NODE_2789_length_7459_cov_144.717	gb_NC_003112.2_+_329612-330767_ARO:3003961_farA	73.123	919	223	22	5023	5929	1033	127	3.73e-83	307	6399660
NODE_4022_length_5506_cov_97.7068	gb_AP006618.1_+_4835199-4838688_ARO:3000501_Nocardia	85.629	334	44	4	3607	3938	3299	2968	1.62e-95	348	1387855
NODE_4022_length_5506_cov_97.7068	gb_AP006618.1_+_4835199-4838688_ARO:3000501_Nocardia	85.629	334	44	4	3607	3938	3299	2968	1.62e-95	348	325183
NODE_4022_length_5506_cov_97.7068	gb_AP006618.1_+_4835199-4838688_ARO:3000501_Nocardia	85.629	334	44	4	3607	3938	3299	2968	1.62e-95	348	325183
NODE_4886_length_4713_cov_117.312	gb_NC_003112.2_+_329612-330767_ARO:3003961_farA	73.064	917	227	18	1531	2437	127	1033	2.35e-83	307	6399660
NODE_4886_length_4713_cov_117.312	gb_NC_003112.2_+_329612-330767_ARO:3003961_farA	73.064	917	227	18	1531	2437	127	1033	2.35e-83	307	67175
NODE_5159_length_4511_cov_47.9199	gb_KX000272.1_+_0-1740_ARO:3004035_tetA(60)	95.817	263	11	0	4249	4511	1	263	5.96e-119	425	79590
NODE_5159_length_4511_cov_47.9199	gb_KX000272.1_+_0-1740_ARO:3004035_tetA(60)	95.817	263	11	0	4249	4511	1	263	5.96e-119	425	240186
NODE_5159_length_4511_cov_47.9199	gb_KX000272.1_+_0-1740_ARO:3004035_tetA(60)	95.817	263	11	0	4249	4511	1	263	5.96e-119	425	763363
NODE_5159_length_4511_cov_47.9199	gb_KX000272.1_+_0-1740_ARO:3004035_tetA(60)	95.817	263	11	0	4249	4511	1	263	5.96e-119	425	2394311
NODE_5159_length_4511_cov_47.9199	gb_KX000272.1_+_0-1740_ARO:3004035_tetA(60)	95.817	263	11	0	4249	4511	1	263	5.96e-119	425	2394311
NODE_5270_length_4442_cov_9.01071	gb_KX531049.1_+_0-1947_ARO:3003986_TaeA	86.154	65	9	0	869	933	1427	1363	3.17e-12	71.3	6399630
NODE_6159_length_3903_cov_28.4275	gb_HQ652506.1_+_373-2098_ARO:3004032_tetA(46)	94.783	1725	90	0	1735	3459	1725	1	0.0	2687	2914786
NODE_6159_length_3903_cov_28.4275	gb_HQ652506.1_+_2099-3836_ARO:3004033_tetB(46)	92.513	1723	125	4	13	1733	1721	1	0.0	2464	2914786
NODE_6664_length_3660_cov_12.5981	gb_HM990671_+_5192-6671_ARO:3003112_lsaC	91.486	1480	123	3	600	2077	1	1479	0.0	2032	2146994
NODE_6820_length_3583_cov_13.6454	gb_HM990671_+_5192-6671_ARO:3003112_lsaC	93.847	1479	89	2	305	1782	1479	2	0.0	2226	2394252
NODE_11228_length_2287_cov_26.9122	gb_HQ652506.1_+_2099-3836_ARO:3004033_tetB(46)	79.521	1460	271	23	842	2287	1737	292	0.0	1014	2914786
NODE_11641_length_2209_cov_153.811	gb_NC_003112.2_-_1791966-1795170_ARO:3000811_mtrD	81.005	1553	283	9	1	1547	1630	3176	0.0	1223	83920
NODE_13645_length_1905_cov_12.84	gb_KX000273.1_+_0-1740_ARO:3004036_tetB(60)	86.770	582	77	0	1324	1905	1740	1159	0.0	649	2929833
NODE_22314_length_1172_cov_2.96598	gb_CP007593.1_+_2148923-2149772_ARO:3001301_RlmA(II)	83.846	780	122	4	395	1172	843	66	0.0	739	2394253
NODE_43400_length_595_cov_31.1352	gb_KX000272.1_+_0-1740_ARO:3004035_tetA(60)	95.630	595	26	0	1	595	209	803	0.0	955	4627502
NODE_43400_length_595_cov_31.1352	gb_KX000272.1_+_0-1740_ARO:3004035_tetA(60)	95.630	595	26	0	1	595	209	803	0.0	955	4627502
NODE_88667_length_307_cov_1.48016	gb_NC_003098.1_-_1359228-1360395_ARO:3000025_patB	92.508	307	23	0	1	307	742	1048	1.36e-124	440	2394208
