NODE_65_length_51214_cov_16.1373	gb_AF173226_+_3767-6917_ARO:3003052_smeB	85.484	62	9	0	18663	18724	1184	1245	1.70e-09	65.8	1067104
NODE_65_length_51214_cov_16.1373	gb_AJ252200_+_1278-4401_ARO:3003056_smeE	92.857	42	3	0	18683	18724	1204	1245	2.20e-08	62.1	1067104
NODE_191_length_30196_cov_14.5223	gb_X63451_+_0-1653_ARO:3002828_srmB	97.222	36	1	0	6510	6545	1500	1465	1.30e-08	62.1	534615
NODE_646_length_13740_cov_11.4867	gb_AF173226_+_3767-6917_ARO:3003052_smeB	72.336	1511	380	31	5165	6656	1492	1	6.49e-123	440	116118
NODE_646_length_13740_cov_11.4867	gb_AJ252200_+_1278-4401_ARO:3003056_smeE	71.889	1519	363	53	5170	6656	1487	1	3.99e-105	381	116118
NODE_646_length_13740_cov_11.4867	gb_NC_007779_+_2586250-2589364_ARO:3000491_acrD	77.801	482	103	4	5173	5652	1484	1005	5.34e-79	294	116118
NODE_646_length_13740_cov_11.4867	gb_AF173226_+_3767-6917_ARO:3003052_smeB	72.336	1511	380	31	5165	6656	1492	1	6.49e-123	440	116118
NODE_646_length_13740_cov_11.4867	gb_AJ252200_+_1278-4401_ARO:3003056_smeE	71.889	1519	363	53	5170	6656	1487	1	3.99e-105	381	116118
NODE_646_length_13740_cov_11.4867	gb_NC_007779_+_2586250-2589364_ARO:3000491_acrD	77.801	482	103	4	5173	5652	1484	1005	5.34e-79	294	116118
NODE_646_length_13740_cov_11.4867	gb_AF173226_+_3767-6917_ARO:3003052_smeB	72.336	1511	380	31	5165	6656	1492	1	6.49e-123	440	116118
NODE_646_length_13740_cov_11.4867	gb_AJ252200_+_1278-4401_ARO:3003056_smeE	71.889	1519	363	53	5170	6656	1487	1	3.99e-105	381	116118
NODE_646_length_13740_cov_11.4867	gb_NC_007779_+_2586250-2589364_ARO:3000491_acrD	77.801	482	103	4	5173	5652	1484	1005	5.34e-79	294	116118
NODE_1077_length_9805_cov_8.19026	gb_AM180355_+_600033-601953_ARO:3000186_tetM	88.692	1521	172	0	1	1521	1521	1	0.0	1857	214020
NODE_1077_length_9805_cov_8.19026	gb_L09756_+_0-1926_ARO:3000192_tetS	78.473	1519	309	16	11	1520	1511	2	0.0	977	214020
NODE_1135_length_9418_cov_16.5046	gb_AJ295238.3_+_163-2083_ARO:3000196_tet32	87.975	1921	211	19	1567	3477	1911	1	0.0	2250	214020
NODE_1135_length_9418_cov_16.5046	gb_AJ295238.3_+_163-2083_ARO:3000196_tet32	87.975	1921	211	19	1567	3477	1911	1	0.0	2250	549532
NODE_1296_length_8666_cov_7.8416	gb_X63451_+_0-1653_ARO:3002828_srmB	97.500	40	0	1	2568	2607	1465	1503	8.00e-11	67.6	3916190
NODE_3445_length_4264_cov_6.96032	gb_AF242872_+_2131-2878_ARO:3000375_ErmB	99.598	747	2	1	1678	2423	747	1	0.0	1362	4527150
NODE_4231_length_3705_cov_3.56027	gb_Z21523_+_0-1974_ARO:3000191_tetQ	99.848	1974	3	0	561	2534	1	1974	0.0	3629	129974
NODE_4231_length_3705_cov_3.56027	gb_Z21523_+_0-1974_ARO:3000191_tetQ	99.848	1974	3	0	561	2534	1	1974	0.0	3629	129974
NODE_6541_length_2740_cov_13.2659	gb_HM990671_+_5192-6671_ARO:3003112_lsaC	91.014	1480	131	2	730	2208	1	1479	0.0	1995	174244
NODE_7310_length_2534_cov_3.28802	gb_M80346_+_0-1656_ARO:3002817_carA	100.000	34	0	0	300	333	1502	1469	3.01e-10	63.9	734078
NODE_7310_length_2534_cov_3.28802	gb_M80346_+_0-1656_ARO:3002817_carA	92.857	42	2	1	1179	1220	1502	1462	3.89e-09	60.2	734078
NODE_12189_length_1740_cov_3.00059	gb_CP007593.1_+_2148923-2149772_ARO:3001301_RlmA(II)	84.969	652	94	4	1	650	194	843	0.0	658	283750
NODE_14910_length_1496_cov_3.09924	gb_AY768532_+_0-1935_ARO:3000535_macB	86.082	1437	187	10	1	1432	461	1889	0.0	1533	6706809
NODE_18573_length_1262_cov_2.16653	gb_AP006618.1_+_4835199-4838688_ARO:3000501_Nocardia	81.664	529	91	4	137	662	1049	1574	2.74e-122	435	60524
NODE_25645_length_957_cov_2.92794	gb_AP006618.1_+_4835199-4838688_ARO:3000501_Nocardia	74.930	710	153	20	256	957	805	1497	2.18e-82	302	60524
