NODE_67_length_86384_cov_38.8273	gb_AY768532_+_0-1935_ARO:3000535_macB	81.089	1946	349	16	8315	10252	1	1935	0.0	1537	162874
NODE_67_length_86384_cov_38.8273	gb_AY768532_+_0-1935_ARO:3000535_macB	81.089	1946	349	16	8315	10252	1	1935	0.0	1537	2943347
NODE_67_length_86384_cov_38.8273	gb_AY768532_+_0-1935_ARO:3000535_macB	81.089	1946	349	16	8315	10252	1	1935	0.0	1537	2943347
NODE_67_length_86384_cov_38.8273	gb_AY768532_+_0-1935_ARO:3000535_macB	81.089	1946	349	16	8315	10252	1	1935	0.0	1537	65281
NODE_67_length_86384_cov_38.8273	gb_AY768532_+_0-1935_ARO:3000535_macB	81.089	1946	349	16	8315	10252	1	1935	0.0	1537	2212735
NODE_67_length_86384_cov_38.8273	gb_AY768532_+_0-1935_ARO:3000535_macB	81.089	1946	349	16	8315	10252	1	1935	0.0	1537	2212735
NODE_130_length_64493_cov_52.0563	gb_NC_003112.2_-_1791966-1795170_ARO:3000811_mtrD	81.009	3191	576	24	58623	61798	3176	1	0.0	2508	4366284
NODE_130_length_64493_cov_52.0563	gb_NC_003112.2_-_1791966-1795170_ARO:3000811_mtrD	81.009	3191	576	24	58623	61798	3176	1	0.0	2508	6255650
NODE_130_length_64493_cov_52.0563	gb_NC_003112.2_-_1791966-1795170_ARO:3000811_mtrD	81.009	3191	576	24	58623	61798	3176	1	0.0	2508	107837
NODE_130_length_64493_cov_52.0563	gb_NC_003112.2_-_1791966-1795170_ARO:3000811_mtrD	81.009	3191	576	24	58623	61798	3176	1	0.0	2508	107837
NODE_130_length_64493_cov_52.0563	gb_NC_003112.2_-_1791966-1795170_ARO:3000811_mtrD	81.009	3191	576	24	58623	61798	3176	1	0.0	2508	221489
NODE_130_length_64493_cov_52.0563	gb_NC_003112.2_-_1791966-1795170_ARO:3000811_mtrD	81.009	3191	576	24	58623	61798	3176	1	0.0	2508	1457422
NODE_130_length_64493_cov_52.0563	gb_NC_003112.2_-_1791966-1795170_ARO:3000811_mtrD	81.009	3191	576	24	58623	61798	3176	1	0.0	2508	221489
NODE_130_length_64493_cov_52.0563	gb_NC_003112.2_-_1791966-1795170_ARO:3000811_mtrD	81.009	3191	576	24	58623	61798	3176	1	0.0	2508	65377
NODE_130_length_64493_cov_52.0563	gb_NC_003112.2_-_1791966-1795170_ARO:3000811_mtrD	81.009	3191	576	24	58623	61798	3176	1	0.0	2508	46542
NODE_130_length_64493_cov_52.0563	gb_NC_003112.2_-_1791966-1795170_ARO:3000811_mtrD	81.009	3191	576	24	58623	61798	3176	1	0.0	2508	185916
NODE_130_length_64493_cov_52.0563	gb_NC_003112.2_-_1791966-1795170_ARO:3000811_mtrD	81.009	3191	576	24	58623	61798	3176	1	0.0	2508	173930
NODE_130_length_64493_cov_52.0563	gb_NC_003112.2_-_1791966-1795170_ARO:3000811_mtrD	81.009	3191	576	24	58623	61798	3176	1	0.0	2508	6088605
NODE_130_length_64493_cov_52.0563	gb_NC_003112.2_-_1791966-1795170_ARO:3000811_mtrD	81.009	3191	576	24	58623	61798	3176	1	0.0	2508	162874
NODE_162_length_56915_cov_28.8858	gb_HQ652506.1_+_2099-3836_ARO:3004033_tetB(46)	78.420	1696	330	30	2392	4069	1737	60	0.0	1072	13381
NODE_162_length_56915_cov_28.8858	gb_HQ652506.1_+_2099-3836_ARO:3004033_tetB(46)	78.420	1696	330	30	2392	4069	1737	60	0.0	1072	2006531
NODE_162_length_56915_cov_28.8858	gb_HQ652506.1_+_2099-3836_ARO:3004033_tetB(46)	78.420	1696	330	30	2392	4069	1737	60	0.0	1072	2006531
NODE_162_length_56915_cov_28.8858	gb_HQ652506.1_+_2099-3836_ARO:3004033_tetB(46)	78.420	1696	330	30	2392	4069	1737	60	0.0	1072	2955097
NODE_162_length_56915_cov_28.8858	gb_HQ652506.1_+_2099-3836_ARO:3004033_tetB(46)	78.420	1696	330	30	2392	4069	1737	60	0.0	1072	2955097
NODE_162_length_56915_cov_28.8858	gb_HQ652506.1_+_2099-3836_ARO:3004033_tetB(46)	78.420	1696	330	30	2392	4069	1737	60	0.0	1072	254384
NODE_162_length_56915_cov_28.8858	gb_HQ652506.1_+_2099-3836_ARO:3004033_tetB(46)	78.420	1696	330	30	2392	4069	1737	60	0.0	1072	30269
NODE_162_length_56915_cov_28.8858	gb_HQ652506.1_+_2099-3836_ARO:3004033_tetB(46)	78.420	1696	330	30	2392	4069	1737	60	0.0	1072	707956
NODE_162_length_56915_cov_28.8858	gb_HQ652506.1_+_2099-3836_ARO:3004033_tetB(46)	78.420	1696	330	30	2392	4069	1737	60	0.0	1072	707956
NODE_748_length_21840_cov_44.9631	gb_NC_003112.2_+_329612-330767_ARO:3003961_farA	73.094	918	225	20	18067	18973	127	1033	1.09e-82	307	2392556
NODE_748_length_21840_cov_44.9631	gb_NC_003112.2_+_329612-330767_ARO:3003961_farA	73.094	918	225	20	18067	18973	127	1033	1.09e-82	307	213607
NODE_748_length_21840_cov_44.9631	gb_NC_003112.2_+_329612-330767_ARO:3003961_farA	73.094	918	225	20	18067	18973	127	1033	1.09e-82	307	5766530
NODE_1495_length_12798_cov_59.8367	gb_KX531049.1_+_0-1947_ARO:3003986_TaeA	86.154	65	9	0	11899	11963	1363	1427	9.13e-12	71.3	2659206
NODE_2625_length_8290_cov_74.4594	gb_AF472622_+_52-1018_ARO:3003003_CfxA3	100.000	52	0	0	1	52	915	966	9.76e-20	97.1	71259
NODE_2625_length_8290_cov_74.4594	gb_AY769934_+_27-993_ARO:3003096_CfxA5	100.000	52	0	0	1	52	915	966	9.76e-20	97.1	71259
NODE_2625_length_8290_cov_74.4594	gb_U38243_+_149-1115_ARO:3003001_CfxA	100.000	52	0	0	1	52	915	966	9.76e-20	97.1	71259
NODE_2625_length_8290_cov_74.4594	gb_AY769933_+_0-966_ARO:3003005_CfxA4	100.000	52	0	0	1	52	915	966	9.76e-20	97.1	71259
NODE_2625_length_8290_cov_74.4594	gb_AF118110.1_-_71-1037_ARO:3003002_CfxA2	100.000	52	0	0	1	52	915	966	9.76e-20	97.1	71259
NODE_6406_length_4274_cov_10.1434	gb_X63451_+_0-1653_ARO:3002828_srmB	97.059	34	1	0	2829	2862	1466	1499	2.37e-08	58.4	1040997
NODE_6406_length_4274_cov_10.1434	gb_X63451_+_0-1653_ARO:3002828_srmB	97.059	34	1	0	2829	2862	1466	1499	2.37e-08	58.4	279389
NODE_6723_length_4113_cov_8.45885	gb_NC_014638.1_-_1610636-1613960_ARO:3003730_Bifidobacteria	79.570	186	38	0	2954	3139	3252	3067	3.69e-31	134	212166
NODE_6723_length_4113_cov_8.45885	gb_NC_014638.1_-_1610636-1613960_ARO:3003730_Bifidobacteria	79.570	186	38	0	2954	3139	3252	3067	3.69e-31	134	212166
NODE_6723_length_4113_cov_8.45885	gb_NC_014638.1_-_1610636-1613960_ARO:3003730_Bifidobacteria	79.570	186	38	0	2954	3139	3252	3067	3.69e-31	134	2390166
NODE_7222_length_3912_cov_20.8991	gb_AP009048_+_2810082-2811255_ARO:3000027_emrA	76.923	156	36	0	153	308	1014	859	7.69e-18	89.8	978350
NODE_7629_length_3747_cov_4.38678	gb_HM990671_+_5192-6671_ARO:3003112_lsaC	96.875	32	1	0	1428	1459	452	421	2.69e-07	54.7	795256
NODE_10908_length_2847_cov_18.5473	gb_AP006618.1_+_4835199-4838688_ARO:3000501_Nocardia	86.228	334	42	4	2106	2437	3299	2968	3.86e-99	359	24396
NODE_15339_length_2160_cov_3.3886	gb_KF478993.1_-_6002-6704_ARO:3002930_vanRO	94.444	36	0	2	1634	1669	287	320	1.54e-07	54.7	599050
NODE_19992_length_1746_cov_2.57422	gb_L36601_+_1420-3130_ARO:3003036_oleB	92.500	40	3	0	1096	1135	634	673	9.63e-09	58.4	192882
NODE_23566_length_1527_cov_189.869	gb_AM180355_+_600033-601953_ARO:3000186_tetM	90.628	1195	112	0	333	1527	1	1195	0.0	1587	2631249
NODE_23566_length_1527_cov_189.869	gb_L09756_+_0-1926_ARO:3000192_tetS	76.756	1196	264	12	334	1522	2	1190	0.0	656	2631249
NODE_23566_length_1527_cov_189.869	gb_AM180355_+_600033-601953_ARO:3000186_tetM	90.628	1195	112	0	333	1527	1	1195	0.0	1587	2631249
NODE_23566_length_1527_cov_189.869	gb_L09756_+_0-1926_ARO:3000192_tetS	76.756	1196	264	12	334	1522	2	1190	0.0	656	2631249
NODE_37695_length_1022_cov_2.20165	gb_L36601_+_1420-3130_ARO:3003036_oleB	92.500	40	3	0	731	770	673	634	5.58e-09	58.4	192882
NODE_43123_length_911_cov_2.21963	gb_HM990671_+_5192-6671_ARO:3003112_lsaC	92.699	452	33	0	6	457	1028	1479	0.0	652	3341802
NODE_54570_length_741_cov_10.8222	gb_DQ516970_+_0-1987_ARO:3002882_lmrD	77.707	314	60	4	389	697	1986	1678	6.36e-47	183	3267428
NODE_54570_length_741_cov_10.8222	gb_DQ516970_+_0-1987_ARO:3002882_lmrD	77.707	314	60	4	389	697	1986	1678	6.36e-47	183	30651
NODE_90307_length_478_cov_1.78014	gb_KX000272.1_+_0-1740_ARO:3004035_tetA(60)	88.511	470	54	0	9	478	668	199	2.65e-163	569	1761480
NODE_90307_length_478_cov_1.78014	gb_KX000272.1_+_0-1740_ARO:3004035_tetA(60)	88.511	470	54	0	9	478	668	199	2.65e-163	569	1761480
NODE_228048_length_227_cov_3.4593	gb_CP007593.1_+_2148923-2149772_ARO:3001301_RlmA(II)	88.166	169	20	0	1	169	169	1	5.06e-53	202	2931760
NODE_258416_length_207_cov_157.447	gb_AF472622_+_52-1018_ARO:3003003_CfxA3	100.000	121	0	0	1	121	121	1	9.75e-60	224	192497
NODE_258416_length_207_cov_157.447	gb_AY769934_+_27-993_ARO:3003096_CfxA5	100.000	121	0	0	1	121	121	1	9.75e-60	224	192497
NODE_258416_length_207_cov_157.447	gb_U38243_+_149-1115_ARO:3003001_CfxA	100.000	121	0	0	1	121	121	1	9.75e-60	224	192497
NODE_258416_length_207_cov_157.447	gb_AY769933_+_0-966_ARO:3003005_CfxA4	100.000	121	0	0	1	121	121	1	9.75e-60	224	192497
NODE_258416_length_207_cov_157.447	gb_AF118110.1_-_71-1037_ARO:3003002_CfxA2	100.000	121	0	0	1	121	121	1	9.75e-60	224	192497
