NODE_65_length_51724_cov_9.97722	gb_M17124_+_1181-1982_ARO:3000498_ErmF	99.750	801	2	0	11587	12387	1	801	0.0	1469	161580
NODE_65_length_51724_cov_9.97722	gb_AF319779.2_+_32-833_ARO:3000604_Erm(35)	78.643	796	166	3	11587	12380	1	794	6.56e-148	525	161580
NODE_65_length_51724_cov_9.97722	gb_M17124_+_1181-1982_ARO:3000498_ErmF	99.750	801	2	0	11587	12387	1	801	0.0	1469	517430
NODE_65_length_51724_cov_9.97722	gb_AF319779.2_+_32-833_ARO:3000604_Erm(35)	78.643	796	166	3	11587	12380	1	794	6.56e-148	525	517430
NODE_65_length_51724_cov_9.97722	gb_M17124_+_1181-1982_ARO:3000498_ErmF	99.750	801	2	0	11587	12387	1	801	0.0	1469	4108371
NODE_65_length_51724_cov_9.97722	gb_AF319779.2_+_32-833_ARO:3000604_Erm(35)	78.643	796	166	3	11587	12380	1	794	6.56e-148	525	4108371
NODE_65_length_51724_cov_9.97722	gb_M17124_+_1181-1982_ARO:3000498_ErmF	99.750	801	2	0	11587	12387	1	801	0.0	1469	58083
NODE_65_length_51724_cov_9.97722	gb_AF319779.2_+_32-833_ARO:3000604_Erm(35)	78.643	796	166	3	11587	12380	1	794	6.56e-148	525	58083
NODE_65_length_51724_cov_9.97722	gb_M17124_+_1181-1982_ARO:3000498_ErmF	99.750	801	2	0	11587	12387	1	801	0.0	1469	958407
NODE_65_length_51724_cov_9.97722	gb_AF319779.2_+_32-833_ARO:3000604_Erm(35)	78.643	796	166	3	11587	12380	1	794	6.56e-148	525	958407
NODE_65_length_51724_cov_9.97722	gb_M17124_+_1181-1982_ARO:3000498_ErmF	99.750	801	2	0	11587	12387	1	801	0.0	1469	1689443
NODE_65_length_51724_cov_9.97722	gb_AF319779.2_+_32-833_ARO:3000604_Erm(35)	78.643	796	166	3	11587	12380	1	794	6.56e-148	525	1689443
NODE_233_length_25094_cov_4.94125	gb_AF235050.4_+_38028-40140_ARO:3003318_Streptomyces	74.572	1109	224	48	18852	19934	915	1991	1.98e-120	433	542502
NODE_233_length_25094_cov_4.94125	gb_AF235050.4_+_38028-40140_ARO:3003318_Streptomyces	74.572	1109	224	48	18852	19934	915	1991	1.98e-120	433	60220
NODE_233_length_25094_cov_4.94125	gb_AF235050.4_+_38028-40140_ARO:3003318_Streptomyces	74.572	1109	224	48	18852	19934	915	1991	1.98e-120	433	945547
NODE_233_length_25094_cov_4.94125	gb_AF235050.4_+_38028-40140_ARO:3003318_Streptomyces	74.572	1109	224	48	18852	19934	915	1991	1.98e-120	433	4518292
NODE_233_length_25094_cov_4.94125	gb_AF235050.4_+_38028-40140_ARO:3003318_Streptomyces	74.572	1109	224	48	18852	19934	915	1991	1.98e-120	433	528000
NODE_439_length_17572_cov_3.59262	gb_AP006618.1_+_4835199-4838688_ARO:3000501_Nocardia	81.020	353	57	7	8192	8539	2986	3333	3.20e-72	272	527027
NODE_1869_length_7580_cov_2.57435	gb_AF235050.4_+_38028-40140_ARO:3003318_Streptomyces	73.120	2035	459	70	473	2454	68	2067	0.0	647	2229410
NODE_2092_length_7102_cov_2.41096	gb_AF173226.1_-_351-1041_ARO:3003066_smeR	75.159	157	37	2	3374	3529	160	315	1.41e-12	73.1	2032734
NODE_3201_length_5431_cov_2.16127	gb_M80346_+_0-1656_ARO:3002817_carA	97.222	36	1	0	3331	3366	1503	1468	2.33e-09	62.1	32206
NODE_4113_length_4600_cov_8.03366	gb_AF235050.4_+_38028-40140_ARO:3003318_Streptomyces	86.154	65	9	0	317	381	1961	1897	3.28e-12	71.3	5036858
NODE_4113_length_4600_cov_8.03366	gb_AF235050.4_+_38028-40140_ARO:3003318_Streptomyces	86.154	65	9	0	317	381	1961	1897	3.28e-12	71.3	5036858
NODE_4113_length_4600_cov_8.03366	gb_AF235050.4_+_38028-40140_ARO:3003318_Streptomyces	86.154	65	9	0	317	381	1961	1897	3.28e-12	71.3	5036858
NODE_6781_length_3237_cov_35.6408	gb_CP007593.1_+_2148923-2149772_ARO:3001301_RlmA(II)	84.462	251	39	0	46	296	251	1	9.91e-66	248	1682965
NODE_6781_length_3237_cov_35.6408	gb_CP007593.1_+_2148923-2149772_ARO:3001301_RlmA(II)	84.462	251	39	0	46	296	251	1	9.91e-66	248	672593
NODE_6781_length_3237_cov_35.6408	gb_CP007593.1_+_2148923-2149772_ARO:3001301_RlmA(II)	84.462	251	39	0	46	296	251	1	9.91e-66	248	417469
NODE_12084_length_2100_cov_3.26797	gb_NC_017452.1_-_1144673-1146068_ARO:3003953_hmrM	91.039	1395	125	0	700	2094	1395	1	0.0	1884	5036931
NODE_16656_length_1624_cov_25.2135	gb_NC_003098.1_-_1359228-1360395_ARO:3000025_patB	83.641	868	138	3	759	1624	1157	292	0.0	813	278627
NODE_17412_length_1566_cov_2.409	gb_AP006618.1_+_4835199-4838688_ARO:3000501_Nocardia	78.512	1089	212	17	486	1566	3370	2296	0.0	695	564965
NODE_17412_length_1566_cov_2.409	gb_AP006618.1_+_4835199-4838688_ARO:3000501_Nocardia	78.512	1089	212	17	486	1566	3370	2296	0.0	695	1683104
NODE_18905_length_1462_cov_6.73632	gb_NC_003098.1_-_1359228-1360395_ARO:3000025_patB	93.064	346	24	0	1117	1462	1	346	6.64e-144	507	454580
NODE_22438_length_1258_cov_15.2951	gb_CP007593.1_+_2148923-2149772_ARO:3001301_RlmA(II)	86.388	551	75	0	659	1209	841	291	7.07e-173	603	2588498
NODE_24916_length_1146_cov_10.5646	gb_NC_003098.1_-_1359228-1360395_ARO:3000025_patB	100.000	30	0	0	1117	1146	1	30	2.26e-08	56.5	454580
NODE_40121_length_753_cov_8.90115	gb_CP007593.1_+_2148923-2149772_ARO:3001301_RlmA(II)	87.523	553	69	0	152	704	843	291	0.0	640	2588498
NODE_53305_length_579_cov_3.48664	gb_CP007593.1_+_2148923-2149772_ARO:3001301_RlmA(II)	86.979	576	72	3	6	579	101	675	0.0	645	1682965
NODE_96112_length_338_cov_4.80919	gb_M57437_+_0-1647_ARO:3002827_tlrC	100.000	33	0	0	151	183	1468	1500	1.38e-10	62.1	272381
