NODE_17_length_188303_cov_16.6659	gb_NC_010378.1_+_47850-51003_ARO:3003923_oqxB	75.281	178	36	6	28006	28179	1084	1257	8.02e-13	78.7	604588
NODE_17_length_188303_cov_16.6659	gb_NC_010378.1_+_47850-51003_ARO:3003923_oqxB	75.281	178	36	6	28006	28179	1084	1257	8.02e-13	78.7	3359733
NODE_17_length_188303_cov_16.6659	gb_NC_010378.1_+_47850-51003_ARO:3003923_oqxB	75.281	178	36	6	28006	28179	1084	1257	8.02e-13	78.7	1732588
NODE_17_length_188303_cov_16.6659	gb_NC_010378.1_+_47850-51003_ARO:3003923_oqxB	75.281	178	36	6	28006	28179	1084	1257	8.02e-13	78.7	5182985
NODE_17_length_188303_cov_16.6659	gb_NC_010378.1_+_47850-51003_ARO:3003923_oqxB	75.281	178	36	6	28006	28179	1084	1257	8.02e-13	78.7	1224862
NODE_17_length_188303_cov_16.6659	gb_NC_010378.1_+_47850-51003_ARO:3003923_oqxB	75.281	178	36	6	28006	28179	1084	1257	8.02e-13	78.7	46780
NODE_17_length_188303_cov_16.6659	gb_NC_010378.1_+_47850-51003_ARO:3003923_oqxB	75.281	178	36	6	28006	28179	1084	1257	8.02e-13	78.7	46780
NODE_17_length_188303_cov_16.6659	gb_NC_010378.1_+_47850-51003_ARO:3003923_oqxB	75.281	178	36	6	28006	28179	1084	1257	8.02e-13	78.7	108852
NODE_17_length_188303_cov_16.6659	gb_NC_010378.1_+_47850-51003_ARO:3003923_oqxB	75.281	178	36	6	28006	28179	1084	1257	8.02e-13	78.7	1572037
NODE_17_length_188303_cov_16.6659	gb_NC_010378.1_+_47850-51003_ARO:3003923_oqxB	75.281	178	36	6	28006	28179	1084	1257	8.02e-13	78.7	224695
NODE_17_length_188303_cov_16.6659	gb_NC_010378.1_+_47850-51003_ARO:3003923_oqxB	75.281	178	36	6	28006	28179	1084	1257	8.02e-13	78.7	441074
NODE_17_length_188303_cov_16.6659	gb_NC_010378.1_+_47850-51003_ARO:3003923_oqxB	75.281	178	36	6	28006	28179	1084	1257	8.02e-13	78.7	4097778
NODE_17_length_188303_cov_16.6659	gb_NC_010378.1_+_47850-51003_ARO:3003923_oqxB	75.281	178	36	6	28006	28179	1084	1257	8.02e-13	78.7	4097778
NODE_17_length_188303_cov_16.6659	gb_NC_010378.1_+_47850-51003_ARO:3003923_oqxB	75.281	178	36	6	28006	28179	1084	1257	8.02e-13	78.7	4097778
NODE_28_length_168757_cov_24.6956	gb_AP006618.1_+_4835199-4838688_ARO:3000501_Nocardia	82.470	251	40	4	8341	8589	3037	3285	1.46e-54	217	3374528
NODE_28_length_168757_cov_24.6956	gb_AP006618.1_+_4835199-4838688_ARO:3000501_Nocardia	82.470	251	40	4	8341	8589	3037	3285	1.46e-54	217	1571631
NODE_28_length_168757_cov_24.6956	gb_AP006618.1_+_4835199-4838688_ARO:3000501_Nocardia	82.470	251	40	4	8341	8589	3037	3285	1.46e-54	217	1038701
NODE_28_length_168757_cov_24.6956	gb_AP006618.1_+_4835199-4838688_ARO:3000501_Nocardia	82.470	251	40	4	8341	8589	3037	3285	1.46e-54	217	2316930
NODE_28_length_168757_cov_24.6956	gb_AP006618.1_+_4835199-4838688_ARO:3000501_Nocardia	82.470	251	40	4	8341	8589	3037	3285	1.46e-54	217	4806928
NODE_28_length_168757_cov_24.6956	gb_AP006618.1_+_4835199-4838688_ARO:3000501_Nocardia	82.470	251	40	4	8341	8589	3037	3285	1.46e-54	217	1562203
NODE_28_length_168757_cov_24.6956	gb_AP006618.1_+_4835199-4838688_ARO:3000501_Nocardia	82.470	251	40	4	8341	8589	3037	3285	1.46e-54	217	5023609
NODE_28_length_168757_cov_24.6956	gb_AP006618.1_+_4835199-4838688_ARO:3000501_Nocardia	82.470	251	40	4	8341	8589	3037	3285	1.46e-54	217	384653
NODE_28_length_168757_cov_24.6956	gb_AP006618.1_+_4835199-4838688_ARO:3000501_Nocardia	82.470	251	40	4	8341	8589	3037	3285	1.46e-54	217	782285
NODE_28_length_168757_cov_24.6956	gb_AP006618.1_+_4835199-4838688_ARO:3000501_Nocardia	82.470	251	40	4	8341	8589	3037	3285	1.46e-54	217	5741518
NODE_28_length_168757_cov_24.6956	gb_AP006618.1_+_4835199-4838688_ARO:3000501_Nocardia	82.470	251	40	4	8341	8589	3037	3285	1.46e-54	217	782285
NODE_28_length_168757_cov_24.6956	gb_AP006618.1_+_4835199-4838688_ARO:3000501_Nocardia	82.470	251	40	4	8341	8589	3037	3285	1.46e-54	217	782291
NODE_28_length_168757_cov_24.6956	gb_AP006618.1_+_4835199-4838688_ARO:3000501_Nocardia	82.470	251	40	4	8341	8589	3037	3285	1.46e-54	217	3650241
NODE_28_length_168757_cov_24.6956	gb_AP006618.1_+_4835199-4838688_ARO:3000501_Nocardia	82.470	251	40	4	8341	8589	3037	3285	1.46e-54	217	5182905
NODE_28_length_168757_cov_24.6956	gb_AP006618.1_+_4835199-4838688_ARO:3000501_Nocardia	82.470	251	40	4	8341	8589	3037	3285	1.46e-54	217	4018759
NODE_28_length_168757_cov_24.6956	gb_AP006618.1_+_4835199-4838688_ARO:3000501_Nocardia	82.470	251	40	4	8341	8589	3037	3285	1.46e-54	217	4157834
NODE_28_length_168757_cov_24.6956	gb_AP006618.1_+_4835199-4838688_ARO:3000501_Nocardia	82.470	251	40	4	8341	8589	3037	3285	1.46e-54	217	4157834
NODE_28_length_168757_cov_24.6956	gb_AP006618.1_+_4835199-4838688_ARO:3000501_Nocardia	82.470	251	40	4	8341	8589	3037	3285	1.46e-54	217	2197561
NODE_28_length_168757_cov_24.6956	gb_AP006618.1_+_4835199-4838688_ARO:3000501_Nocardia	82.470	251	40	4	8341	8589	3037	3285	1.46e-54	217	1681831
NODE_28_length_168757_cov_24.6956	gb_AP006618.1_+_4835199-4838688_ARO:3000501_Nocardia	82.470	251	40	4	8341	8589	3037	3285	1.46e-54	217	5183060
NODE_28_length_168757_cov_24.6956	gb_AP006618.1_+_4835199-4838688_ARO:3000501_Nocardia	82.470	251	40	4	8341	8589	3037	3285	1.46e-54	217	1337294
NODE_28_length_168757_cov_24.6956	gb_AP006618.1_+_4835199-4838688_ARO:3000501_Nocardia	82.470	251	40	4	8341	8589	3037	3285	1.46e-54	217	76085
NODE_28_length_168757_cov_24.6956	gb_AP006618.1_+_4835199-4838688_ARO:3000501_Nocardia	82.470	251	40	4	8341	8589	3037	3285	1.46e-54	217	113637
NODE_28_length_168757_cov_24.6956	gb_AP006618.1_+_4835199-4838688_ARO:3000501_Nocardia	82.470	251	40	4	8341	8589	3037	3285	1.46e-54	217	2958019
NODE_28_length_168757_cov_24.6956	gb_AP006618.1_+_4835199-4838688_ARO:3000501_Nocardia	82.470	251	40	4	8341	8589	3037	3285	1.46e-54	217	205749
NODE_28_length_168757_cov_24.6956	gb_AP006618.1_+_4835199-4838688_ARO:3000501_Nocardia	82.470	251	40	4	8341	8589	3037	3285	1.46e-54	217	205749
NODE_28_length_168757_cov_24.6956	gb_AP006618.1_+_4835199-4838688_ARO:3000501_Nocardia	82.470	251	40	4	8341	8589	3037	3285	1.46e-54	217	5182881
NODE_28_length_168757_cov_24.6956	gb_AP006618.1_+_4835199-4838688_ARO:3000501_Nocardia	82.470	251	40	4	8341	8589	3037	3285	1.46e-54	217	3983455
NODE_28_length_168757_cov_24.6956	gb_AP006618.1_+_4835199-4838688_ARO:3000501_Nocardia	82.470	251	40	4	8341	8589	3037	3285	1.46e-54	217	4157705
NODE_28_length_168757_cov_24.6956	gb_AP006618.1_+_4835199-4838688_ARO:3000501_Nocardia	82.470	251	40	4	8341	8589	3037	3285	1.46e-54	217	2131660
NODE_28_length_168757_cov_24.6956	gb_AP006618.1_+_4835199-4838688_ARO:3000501_Nocardia	82.470	251	40	4	8341	8589	3037	3285	1.46e-54	217	3650126
NODE_28_length_168757_cov_24.6956	gb_AP006618.1_+_4835199-4838688_ARO:3000501_Nocardia	82.470	251	40	4	8341	8589	3037	3285	1.46e-54	217	1732737
NODE_28_length_168757_cov_24.6956	gb_AP006618.1_+_4835199-4838688_ARO:3000501_Nocardia	82.470	251	40	4	8341	8589	3037	3285	1.46e-54	217	2958253
NODE_28_length_168757_cov_24.6956	gb_AP006618.1_+_4835199-4838688_ARO:3000501_Nocardia	82.470	251	40	4	8341	8589	3037	3285	1.46e-54	217	6199281
NODE_28_length_168757_cov_24.6956	gb_AP006618.1_+_4835199-4838688_ARO:3000501_Nocardia	82.470	251	40	4	8341	8589	3037	3285	1.46e-54	217	472795
NODE_28_length_168757_cov_24.6956	gb_AP006618.1_+_4835199-4838688_ARO:3000501_Nocardia	82.470	251	40	4	8341	8589	3037	3285	1.46e-54	217	1675708
NODE_28_length_168757_cov_24.6956	gb_AP006618.1_+_4835199-4838688_ARO:3000501_Nocardia	82.470	251	40	4	8341	8589	3037	3285	1.46e-54	217	113637
NODE_129_length_82448_cov_49.6339	gb_M57437_+_0-1647_ARO:3002827_tlrC	96.970	33	1	0	62790	62822	600	568	1.65e-06	56.5	3654833
NODE_129_length_82448_cov_49.6339	gb_M57437_+_0-1647_ARO:3002827_tlrC	96.970	33	1	0	62790	62822	600	568	1.65e-06	56.5	2428773
NODE_129_length_82448_cov_49.6339	gb_M57437_+_0-1647_ARO:3002827_tlrC	96.970	33	1	0	62790	62822	600	568	1.65e-06	56.5	5182751
NODE_129_length_82448_cov_49.6339	gb_M57437_+_0-1647_ARO:3002827_tlrC	96.970	33	1	0	62790	62822	600	568	1.65e-06	56.5	1224693
NODE_129_length_82448_cov_49.6339	gb_M57437_+_0-1647_ARO:3002827_tlrC	96.970	33	1	0	62790	62822	600	568	1.65e-06	56.5	2533499
NODE_129_length_82448_cov_49.6339	gb_M57437_+_0-1647_ARO:3002827_tlrC	96.970	33	1	0	62790	62822	600	568	1.65e-06	56.5	3509852
NODE_129_length_82448_cov_49.6339	gb_M57437_+_0-1647_ARO:3002827_tlrC	96.970	33	1	0	62790	62822	600	568	1.65e-06	56.5	5182690
NODE_129_length_82448_cov_49.6339	gb_M57437_+_0-1647_ARO:3002827_tlrC	96.970	33	1	0	62790	62822	600	568	1.65e-06	56.5	160748
NODE_129_length_82448_cov_49.6339	gb_M57437_+_0-1647_ARO:3002827_tlrC	96.970	33	1	0	62790	62822	600	568	1.65e-06	56.5	1381608
NODE_129_length_82448_cov_49.6339	gb_M57437_+_0-1647_ARO:3002827_tlrC	96.970	33	1	0	62790	62822	600	568	1.65e-06	56.5	2214028
NODE_129_length_82448_cov_49.6339	gb_M57437_+_0-1647_ARO:3002827_tlrC	96.970	33	1	0	62790	62822	600	568	1.65e-06	56.5	883641
NODE_129_length_82448_cov_49.6339	gb_M57437_+_0-1647_ARO:3002827_tlrC	96.970	33	1	0	62790	62822	600	568	1.65e-06	56.5	4792322
NODE_129_length_82448_cov_49.6339	gb_M57437_+_0-1647_ARO:3002827_tlrC	96.970	33	1	0	62790	62822	600	568	1.65e-06	56.5	2258777
NODE_129_length_82448_cov_49.6339	gb_M57437_+_0-1647_ARO:3002827_tlrC	96.970	33	1	0	62790	62822	600	568	1.65e-06	56.5	4157790
NODE_129_length_82448_cov_49.6339	gb_M57437_+_0-1647_ARO:3002827_tlrC	96.970	33	1	0	62790	62822	600	568	1.65e-06	56.5	3537762
NODE_129_length_82448_cov_49.6339	gb_M57437_+_0-1647_ARO:3002827_tlrC	96.970	33	1	0	62790	62822	600	568	1.65e-06	56.5	2697852
NODE_129_length_82448_cov_49.6339	gb_M57437_+_0-1647_ARO:3002827_tlrC	96.970	33	1	0	62790	62822	600	568	1.65e-06	56.5	2957989
NODE_192_length_69237_cov_9.57999	gb_AF173226_+_3767-6917_ARO:3003052_smeB	83.784	74	12	0	43272	43345	1169	1242	4.94e-11	71.3	4157348
NODE_192_length_69237_cov_9.57999	gb_AJ252200_+_1278-4401_ARO:3003056_smeE	83.333	72	12	0	43274	43345	1171	1242	6.39e-10	67.6	4157348
NODE_192_length_69237_cov_9.57999	gb_AF173226_+_3767-6917_ARO:3003052_smeB	83.784	74	12	0	43272	43345	1169	1242	4.94e-11	71.3	4135595
NODE_192_length_69237_cov_9.57999	gb_AJ252200_+_1278-4401_ARO:3003056_smeE	83.333	72	12	0	43274	43345	1171	1242	6.39e-10	67.6	4135595
NODE_192_length_69237_cov_9.57999	gb_AF173226_+_3767-6917_ARO:3003052_smeB	83.784	74	12	0	43272	43345	1169	1242	4.94e-11	71.3	5183193
NODE_192_length_69237_cov_9.57999	gb_AJ252200_+_1278-4401_ARO:3003056_smeE	83.333	72	12	0	43274	43345	1171	1242	6.39e-10	67.6	5183193
NODE_192_length_69237_cov_9.57999	gb_AF173226_+_3767-6917_ARO:3003052_smeB	83.784	74	12	0	43272	43345	1169	1242	4.94e-11	71.3	5078156
NODE_192_length_69237_cov_9.57999	gb_AJ252200_+_1278-4401_ARO:3003056_smeE	83.333	72	12	0	43274	43345	1171	1242	6.39e-10	67.6	5078156
NODE_192_length_69237_cov_9.57999	gb_AF173226_+_3767-6917_ARO:3003052_smeB	83.784	74	12	0	43272	43345	1169	1242	4.94e-11	71.3	2404039
NODE_192_length_69237_cov_9.57999	gb_AJ252200_+_1278-4401_ARO:3003056_smeE	83.333	72	12	0	43274	43345	1171	1242	6.39e-10	67.6	2404039
NODE_192_length_69237_cov_9.57999	gb_AF173226_+_3767-6917_ARO:3003052_smeB	83.784	74	12	0	43272	43345	1169	1242	4.94e-11	71.3	968589
NODE_192_length_69237_cov_9.57999	gb_AJ252200_+_1278-4401_ARO:3003056_smeE	83.333	72	12	0	43274	43345	1171	1242	6.39e-10	67.6	968589
NODE_192_length_69237_cov_9.57999	gb_AF173226_+_3767-6917_ARO:3003052_smeB	83.784	74	12	0	43272	43345	1169	1242	4.94e-11	71.3	152479
NODE_192_length_69237_cov_9.57999	gb_AJ252200_+_1278-4401_ARO:3003056_smeE	83.333	72	12	0	43274	43345	1171	1242	6.39e-10	67.6	152479
NODE_192_length_69237_cov_9.57999	gb_AF173226_+_3767-6917_ARO:3003052_smeB	83.784	74	12	0	43272	43345	1169	1242	4.94e-11	71.3	152479
NODE_192_length_69237_cov_9.57999	gb_AJ252200_+_1278-4401_ARO:3003056_smeE	83.333	72	12	0	43274	43345	1171	1242	6.39e-10	67.6	152479
NODE_192_length_69237_cov_9.57999	gb_AF173226_+_3767-6917_ARO:3003052_smeB	83.784	74	12	0	43272	43345	1169	1242	4.94e-11	71.3	6193409
NODE_192_length_69237_cov_9.57999	gb_AJ252200_+_1278-4401_ARO:3003056_smeE	83.333	72	12	0	43274	43345	1171	1242	6.39e-10	67.6	6193409
NODE_192_length_69237_cov_9.57999	gb_AF173226_+_3767-6917_ARO:3003052_smeB	83.784	74	12	0	43272	43345	1169	1242	4.94e-11	71.3	396562
NODE_192_length_69237_cov_9.57999	gb_AJ252200_+_1278-4401_ARO:3003056_smeE	83.333	72	12	0	43274	43345	1171	1242	6.39e-10	67.6	396562
NODE_192_length_69237_cov_9.57999	gb_AF173226_+_3767-6917_ARO:3003052_smeB	83.784	74	12	0	43272	43345	1169	1242	4.94e-11	71.3	6421915
NODE_192_length_69237_cov_9.57999	gb_AJ252200_+_1278-4401_ARO:3003056_smeE	83.333	72	12	0	43274	43345	1171	1242	6.39e-10	67.6	6421915
NODE_243_length_59985_cov_27.2607	gb_AF170880_+_0-1848_ARO:3002522_novA	76.636	214	44	6	9719	9929	1591	1381	7.01e-24	113	1050029
NODE_243_length_59985_cov_27.2607	gb_AF170880_+_0-1848_ARO:3002522_novA	76.636	214	44	6	9719	9929	1591	1381	7.01e-24	113	593266
NODE_243_length_59985_cov_27.2607	gb_AF170880_+_0-1848_ARO:3002522_novA	76.636	214	44	6	9719	9929	1591	1381	7.01e-24	113	77910
NODE_243_length_59985_cov_27.2607	gb_AF170880_+_0-1848_ARO:3002522_novA	76.636	214	44	6	9719	9929	1591	1381	7.01e-24	113	975482
NODE_243_length_59985_cov_27.2607	gb_AF170880_+_0-1848_ARO:3002522_novA	76.636	214	44	6	9719	9929	1591	1381	7.01e-24	113	181643
NODE_243_length_59985_cov_27.2607	gb_AF170880_+_0-1848_ARO:3002522_novA	76.636	214	44	6	9719	9929	1591	1381	7.01e-24	113	6356168
NODE_243_length_59985_cov_27.2607	gb_AF170880_+_0-1848_ARO:3002522_novA	76.636	214	44	6	9719	9929	1591	1381	7.01e-24	113	113166
NODE_243_length_59985_cov_27.2607	gb_AF170880_+_0-1848_ARO:3002522_novA	76.636	214	44	6	9719	9929	1591	1381	7.01e-24	113	127679
NODE_243_length_59985_cov_27.2607	gb_AF170880_+_0-1848_ARO:3002522_novA	76.636	214	44	6	9719	9929	1591	1381	7.01e-24	113	4101225
NODE_243_length_59985_cov_27.2607	gb_AF170880_+_0-1848_ARO:3002522_novA	76.636	214	44	6	9719	9929	1591	1381	7.01e-24	113	131141
NODE_243_length_59985_cov_27.2607	gb_AF170880_+_0-1848_ARO:3002522_novA	76.636	214	44	6	9719	9929	1591	1381	7.01e-24	113	809790
NODE_243_length_59985_cov_27.2607	gb_AF170880_+_0-1848_ARO:3002522_novA	76.636	214	44	6	9719	9929	1591	1381	7.01e-24	113	211494
NODE_243_length_59985_cov_27.2607	gb_AF170880_+_0-1848_ARO:3002522_novA	76.636	214	44	6	9719	9929	1591	1381	7.01e-24	113	2058592
NODE_243_length_59985_cov_27.2607	gb_AF170880_+_0-1848_ARO:3002522_novA	76.636	214	44	6	9719	9929	1591	1381	7.01e-24	113	117309
NODE_243_length_59985_cov_27.2607	gb_AF170880_+_0-1848_ARO:3002522_novA	76.636	214	44	6	9719	9929	1591	1381	7.01e-24	113	174081
NODE_243_length_59985_cov_27.2607	gb_AF170880_+_0-1848_ARO:3002522_novA	76.636	214	44	6	9719	9929	1591	1381	7.01e-24	113	1805735
NODE_317_length_51256_cov_25.6594	gb_AFRQ01000061.1_-_23986-27124_ARO:3004144_AxyY	73.846	455	103	15	25890	26336	1033	1479	4.54e-40	167	5853634
NODE_317_length_51256_cov_25.6594	gb_AFRQ01000061.1_-_23986-27124_ARO:3004144_AxyY	73.846	455	103	15	25890	26336	1033	1479	4.54e-40	167	2517192
NODE_317_length_51256_cov_25.6594	gb_AFRQ01000061.1_-_23986-27124_ARO:3004144_AxyY	73.846	455	103	15	25890	26336	1033	1479	4.54e-40	167	1034230
NODE_317_length_51256_cov_25.6594	gb_AFRQ01000061.1_-_23986-27124_ARO:3004144_AxyY	73.846	455	103	15	25890	26336	1033	1479	4.54e-40	167	6349073
NODE_317_length_51256_cov_25.6594	gb_AFRQ01000061.1_-_23986-27124_ARO:3004144_AxyY	73.846	455	103	15	25890	26336	1033	1479	4.54e-40	167	2734232
NODE_317_length_51256_cov_25.6594	gb_AFRQ01000061.1_-_23986-27124_ARO:3004144_AxyY	73.846	455	103	15	25890	26336	1033	1479	4.54e-40	167	5182884
NODE_317_length_51256_cov_25.6594	gb_AFRQ01000061.1_-_23986-27124_ARO:3004144_AxyY	73.846	455	103	15	25890	26336	1033	1479	4.54e-40	167	1174079
NODE_317_length_51256_cov_25.6594	gb_AFRQ01000061.1_-_23986-27124_ARO:3004144_AxyY	73.846	455	103	15	25890	26336	1033	1479	4.54e-40	167	1556945
NODE_317_length_51256_cov_25.6594	gb_AFRQ01000061.1_-_23986-27124_ARO:3004144_AxyY	73.846	455	103	15	25890	26336	1033	1479	4.54e-40	167	526525
NODE_317_length_51256_cov_25.6594	gb_AFRQ01000061.1_-_23986-27124_ARO:3004144_AxyY	73.846	455	103	15	25890	26336	1033	1479	4.54e-40	167	5182649
NODE_317_length_51256_cov_25.6594	gb_AFRQ01000061.1_-_23986-27124_ARO:3004144_AxyY	73.846	455	103	15	25890	26336	1033	1479	4.54e-40	167	525783
NODE_328_length_50150_cov_31.9763	gb_AM180355_+_600033-601953_ARO:3000186_tetM	90.365	1920	185	0	43749	45668	1	1920	0.0	2521	880334
NODE_328_length_50150_cov_31.9763	gb_L09756_+_0-1926_ARO:3000192_tetS	78.797	1929	388	19	43750	45667	2	1920	0.0	1277	880334
NODE_328_length_50150_cov_31.9763	gb_AM180355_+_600033-601953_ARO:3000186_tetM	90.365	1920	185	0	43749	45668	1	1920	0.0	2521	543585
NODE_328_length_50150_cov_31.9763	gb_L09756_+_0-1926_ARO:3000192_tetS	78.797	1929	388	19	43750	45667	2	1920	0.0	1277	543585
NODE_328_length_50150_cov_31.9763	gb_AM180355_+_600033-601953_ARO:3000186_tetM	90.365	1920	185	0	43749	45668	1	1920	0.0	2521	2404042
NODE_328_length_50150_cov_31.9763	gb_L09756_+_0-1926_ARO:3000192_tetS	78.797	1929	388	19	43750	45667	2	1920	0.0	1277	2404042
NODE_328_length_50150_cov_31.9763	gb_AM180355_+_600033-601953_ARO:3000186_tetM	90.365	1920	185	0	43749	45668	1	1920	0.0	2521	574892
NODE_328_length_50150_cov_31.9763	gb_L09756_+_0-1926_ARO:3000192_tetS	78.797	1929	388	19	43750	45667	2	1920	0.0	1277	574892
NODE_328_length_50150_cov_31.9763	gb_AM180355_+_600033-601953_ARO:3000186_tetM	90.365	1920	185	0	43749	45668	1	1920	0.0	2521	307045
NODE_328_length_50150_cov_31.9763	gb_L09756_+_0-1926_ARO:3000192_tetS	78.797	1929	388	19	43750	45667	2	1920	0.0	1277	307045
NODE_328_length_50150_cov_31.9763	gb_AM180355_+_600033-601953_ARO:3000186_tetM	90.365	1920	185	0	43749	45668	1	1920	0.0	2521	373728
NODE_328_length_50150_cov_31.9763	gb_L09756_+_0-1926_ARO:3000192_tetS	78.797	1929	388	19	43750	45667	2	1920	0.0	1277	373728
NODE_328_length_50150_cov_31.9763	gb_AM180355_+_600033-601953_ARO:3000186_tetM	90.365	1920	185	0	43749	45668	1	1920	0.0	2521	214020
NODE_328_length_50150_cov_31.9763	gb_L09756_+_0-1926_ARO:3000192_tetS	78.797	1929	388	19	43750	45667	2	1920	0.0	1277	214020
NODE_336_length_49080_cov_8.12847	gb_AF235050.4_+_38028-40140_ARO:3003318_Streptomyces	100.000	31	0	0	14909	14939	1926	1896	2.73e-07	58.4	743468
NODE_336_length_49080_cov_8.12847	gb_AF235050.4_+_38028-40140_ARO:3003318_Streptomyces	100.000	31	0	0	14909	14939	1926	1896	2.73e-07	58.4	4022381
NODE_498_length_37620_cov_20.3325	gb_AF235050.4_+_38028-40140_ARO:3003318_Streptomyces	74.230	357	72	15	27662	28008	75	421	1.21e-29	132	4693349
NODE_498_length_37620_cov_20.3325	gb_AF235050.4_+_38028-40140_ARO:3003318_Streptomyces	74.230	357	72	15	27662	28008	75	421	1.21e-29	132	3650199
NODE_498_length_37620_cov_20.3325	gb_AF235050.4_+_38028-40140_ARO:3003318_Streptomyces	74.230	357	72	15	27662	28008	75	421	1.21e-29	132	986960
NODE_498_length_37620_cov_20.3325	gb_AF235050.4_+_38028-40140_ARO:3003318_Streptomyces	74.230	357	72	15	27662	28008	75	421	1.21e-29	132	1557279
NODE_498_length_37620_cov_20.3325	gb_AF235050.4_+_38028-40140_ARO:3003318_Streptomyces	74.230	357	72	15	27662	28008	75	421	1.21e-29	132	4348919
NODE_498_length_37620_cov_20.3325	gb_AF235050.4_+_38028-40140_ARO:3003318_Streptomyces	74.230	357	72	15	27662	28008	75	421	1.21e-29	132	128829
NODE_498_length_37620_cov_20.3325	gb_AF235050.4_+_38028-40140_ARO:3003318_Streptomyces	74.230	357	72	15	27662	28008	75	421	1.21e-29	132	2160958
NODE_498_length_37620_cov_20.3325	gb_AF235050.4_+_38028-40140_ARO:3003318_Streptomyces	74.230	357	72	15	27662	28008	75	421	1.21e-29	132	2194818
NODE_498_length_37620_cov_20.3325	gb_AF235050.4_+_38028-40140_ARO:3003318_Streptomyces	74.230	357	72	15	27662	28008	75	421	1.21e-29	132	880043
NODE_498_length_37620_cov_20.3325	gb_AF235050.4_+_38028-40140_ARO:3003318_Streptomyces	74.230	357	72	15	27662	28008	75	421	1.21e-29	132	4782080
NODE_498_length_37620_cov_20.3325	gb_AF235050.4_+_38028-40140_ARO:3003318_Streptomyces	74.230	357	72	15	27662	28008	75	421	1.21e-29	132	691411
NODE_498_length_37620_cov_20.3325	gb_AF235050.4_+_38028-40140_ARO:3003318_Streptomyces	74.230	357	72	15	27662	28008	75	421	1.21e-29	132	2060680
NODE_498_length_37620_cov_20.3325	gb_AF235050.4_+_38028-40140_ARO:3003318_Streptomyces	74.230	357	72	15	27662	28008	75	421	1.21e-29	132	5182728
NODE_498_length_37620_cov_20.3325	gb_AF235050.4_+_38028-40140_ARO:3003318_Streptomyces	74.230	357	72	15	27662	28008	75	421	1.21e-29	132	2886816
NODE_498_length_37620_cov_20.3325	gb_AF235050.4_+_38028-40140_ARO:3003318_Streptomyces	74.230	357	72	15	27662	28008	75	421	1.21e-29	132	128477
NODE_498_length_37620_cov_20.3325	gb_AF235050.4_+_38028-40140_ARO:3003318_Streptomyces	74.230	357	72	15	27662	28008	75	421	1.21e-29	132	6421850
NODE_883_length_25141_cov_111.995	gb_L42817_+_201-936_ARO:3000522_ErmG	100.000	735	0	0	17809	18543	1	735	0.0	1358	1224654
NODE_883_length_25141_cov_111.995	gb_M64090_+_0-735_ARO:3000595_ErmT	78.095	735	147	11	17809	18536	1	728	1.52e-126	453	1224654
NODE_883_length_25141_cov_111.995	gb_L42817_+_201-936_ARO:3000522_ErmG	100.000	735	0	0	17809	18543	1	735	0.0	1358	1393784
NODE_883_length_25141_cov_111.995	gb_M64090_+_0-735_ARO:3000595_ErmT	78.095	735	147	11	17809	18536	1	728	1.52e-126	453	1393784
NODE_883_length_25141_cov_111.995	gb_L42817_+_201-936_ARO:3000522_ErmG	100.000	735	0	0	17809	18543	1	735	0.0	1358	971857
NODE_883_length_25141_cov_111.995	gb_M64090_+_0-735_ARO:3000595_ErmT	78.095	735	147	11	17809	18536	1	728	1.52e-126	453	971857
NODE_883_length_25141_cov_111.995	gb_L42817_+_201-936_ARO:3000522_ErmG	100.000	735	0	0	17809	18543	1	735	0.0	1358	4157647
NODE_883_length_25141_cov_111.995	gb_M64090_+_0-735_ARO:3000595_ErmT	78.095	735	147	11	17809	18536	1	728	1.52e-126	453	4157647
NODE_883_length_25141_cov_111.995	gb_L42817_+_201-936_ARO:3000522_ErmG	100.000	735	0	0	17809	18543	1	735	0.0	1358	3650004
NODE_883_length_25141_cov_111.995	gb_M64090_+_0-735_ARO:3000595_ErmT	78.095	735	147	11	17809	18536	1	728	1.52e-126	453	3650004
NODE_1020_length_22476_cov_27.1572	gb_AF235050.4_+_38028-40140_ARO:3003318_Streptomyces	77.576	165	35	2	20994	21157	419	256	7.36e-20	99.0	112360
NODE_1020_length_22476_cov_27.1572	gb_AF235050.4_+_38028-40140_ARO:3003318_Streptomyces	77.576	165	35	2	20994	21157	419	256	7.36e-20	99.0	5182700
NODE_1020_length_22476_cov_27.1572	gb_AF235050.4_+_38028-40140_ARO:3003318_Streptomyces	77.576	165	35	2	20994	21157	419	256	7.36e-20	99.0	5182700
NODE_1020_length_22476_cov_27.1572	gb_AF235050.4_+_38028-40140_ARO:3003318_Streptomyces	77.576	165	35	2	20994	21157	419	256	7.36e-20	99.0	5182700
NODE_1020_length_22476_cov_27.1572	gb_AF235050.4_+_38028-40140_ARO:3003318_Streptomyces	77.576	165	35	2	20994	21157	419	256	7.36e-20	99.0	1245007
NODE_1020_length_22476_cov_27.1572	gb_AF235050.4_+_38028-40140_ARO:3003318_Streptomyces	77.576	165	35	2	20994	21157	419	256	7.36e-20	99.0	691806
NODE_1020_length_22476_cov_27.1572	gb_AF235050.4_+_38028-40140_ARO:3003318_Streptomyces	77.576	165	35	2	20994	21157	419	256	7.36e-20	99.0	113166
NODE_1020_length_22476_cov_27.1572	gb_AF235050.4_+_38028-40140_ARO:3003318_Streptomyces	77.576	165	35	2	20994	21157	419	256	7.36e-20	99.0	433843
NODE_1020_length_22476_cov_27.1572	gb_AF235050.4_+_38028-40140_ARO:3003318_Streptomyces	77.576	165	35	2	20994	21157	419	256	7.36e-20	99.0	5182728
NODE_1020_length_22476_cov_27.1572	gb_AF235050.4_+_38028-40140_ARO:3003318_Streptomyces	77.576	165	35	2	20994	21157	419	256	7.36e-20	99.0	1341791
NODE_1020_length_22476_cov_27.1572	gb_AF235050.4_+_38028-40140_ARO:3003318_Streptomyces	77.576	165	35	2	20994	21157	419	256	7.36e-20	99.0	486755
NODE_1223_length_19291_cov_30.0627	gb_X01702_+_484-1285_ARO:3002659_APH(6)-Ic	94.444	36	1	1	18576	18610	483	518	1.39e-06	54.7	2958262
NODE_1223_length_19291_cov_30.0627	gb_X01702_+_484-1285_ARO:3002659_APH(6)-Ic	94.444	36	1	1	18576	18610	483	518	1.39e-06	54.7	1063734
NODE_1223_length_19291_cov_30.0627	gb_X01702_+_484-1285_ARO:3002659_APH(6)-Ic	94.444	36	1	1	18576	18610	483	518	1.39e-06	54.7	229770
NODE_1223_length_19291_cov_30.0627	gb_X01702_+_484-1285_ARO:3002659_APH(6)-Ic	94.444	36	1	1	18576	18610	483	518	1.39e-06	54.7	543708
NODE_1223_length_19291_cov_30.0627	gb_X01702_+_484-1285_ARO:3002659_APH(6)-Ic	94.444	36	1	1	18576	18610	483	518	1.39e-06	54.7	543708
NODE_1223_length_19291_cov_30.0627	gb_X01702_+_484-1285_ARO:3002659_APH(6)-Ic	94.444	36	1	1	18576	18610	483	518	1.39e-06	54.7	196023
NODE_1223_length_19291_cov_30.0627	gb_X01702_+_484-1285_ARO:3002659_APH(6)-Ic	94.444	36	1	1	18576	18610	483	518	1.39e-06	54.7	196023
NODE_1223_length_19291_cov_30.0627	gb_X01702_+_484-1285_ARO:3002659_APH(6)-Ic	94.444	36	1	1	18576	18610	483	518	1.39e-06	54.7	162455
NODE_1223_length_19291_cov_30.0627	gb_X01702_+_484-1285_ARO:3002659_APH(6)-Ic	94.444	36	1	1	18576	18610	483	518	1.39e-06	54.7	2404184
NODE_1223_length_19291_cov_30.0627	gb_X01702_+_484-1285_ARO:3002659_APH(6)-Ic	94.444	36	1	1	18576	18610	483	518	1.39e-06	54.7	1215012
NODE_1223_length_19291_cov_30.0627	gb_X01702_+_484-1285_ARO:3002659_APH(6)-Ic	94.444	36	1	1	18576	18610	483	518	1.39e-06	54.7	986829
NODE_1223_length_19291_cov_30.0627	gb_X01702_+_484-1285_ARO:3002659_APH(6)-Ic	94.444	36	1	1	18576	18610	483	518	1.39e-06	54.7	2200223
NODE_1574_length_15442_cov_5.53376	gb_NC_014638.1_-_1610636-1613960_ARO:3003730_Bifidobacteria	84.504	3246	467	25	7316	10534	3237	1	0.0	3175	893263
NODE_1574_length_15442_cov_5.53376	gb_NC_014638.1_-_1610636-1613960_ARO:3003730_Bifidobacteria	84.504	3246	467	25	7316	10534	3237	1	0.0	3175	893263
NODE_1574_length_15442_cov_5.53376	gb_NC_014638.1_-_1610636-1613960_ARO:3003730_Bifidobacteria	84.504	3246	467	25	7316	10534	3237	1	0.0	3175	1415812
NODE_1599_length_15264_cov_137.036	gb_U00096_+_3415032-3418137_ARO:3000502_acrF	74.590	122	31	0	4349	4470	1125	1246	1.10e-06	54.7	1117215
NODE_1599_length_15264_cov_137.036	gb_U00096_+_3415032-3418137_ARO:3000502_acrF	74.590	122	31	0	4349	4470	1125	1246	1.10e-06	54.7	4137101
NODE_1599_length_15264_cov_137.036	gb_U00096_+_3415032-3418137_ARO:3000502_acrF	74.590	122	31	0	4349	4470	1125	1246	1.10e-06	54.7	3510079
NODE_1599_length_15264_cov_137.036	gb_U00096_+_3415032-3418137_ARO:3000502_acrF	74.590	122	31	0	4349	4470	1125	1246	1.10e-06	54.7	6421768
NODE_1599_length_15264_cov_137.036	gb_U00096_+_3415032-3418137_ARO:3000502_acrF	74.590	122	31	0	4349	4470	1125	1246	1.10e-06	54.7	1224856
NODE_1599_length_15264_cov_137.036	gb_U00096_+_3415032-3418137_ARO:3000502_acrF	74.590	122	31	0	4349	4470	1125	1246	1.10e-06	54.7	5182981
NODE_1599_length_15264_cov_137.036	gb_U00096_+_3415032-3418137_ARO:3000502_acrF	74.590	122	31	0	4349	4470	1125	1246	1.10e-06	54.7	3650017
NODE_1599_length_15264_cov_137.036	gb_U00096_+_3415032-3418137_ARO:3000502_acrF	74.590	122	31	0	4349	4470	1125	1246	1.10e-06	54.7	5182981
NODE_1599_length_15264_cov_137.036	gb_U00096_+_3415032-3418137_ARO:3000502_acrF	74.590	122	31	0	4349	4470	1125	1246	1.10e-06	54.7	543735
NODE_1599_length_15264_cov_137.036	gb_U00096_+_3415032-3418137_ARO:3000502_acrF	74.590	122	31	0	4349	4470	1125	1246	1.10e-06	54.7	6422105
NODE_1599_length_15264_cov_137.036	gb_U00096_+_3415032-3418137_ARO:3000502_acrF	74.590	122	31	0	4349	4470	1125	1246	1.10e-06	54.7	1224823
NODE_1599_length_15264_cov_137.036	gb_U00096_+_3415032-3418137_ARO:3000502_acrF	74.590	122	31	0	4349	4470	1125	1246	1.10e-06	54.7	195985
NODE_1599_length_15264_cov_137.036	gb_U00096_+_3415032-3418137_ARO:3000502_acrF	74.590	122	31	0	4349	4470	1125	1246	1.10e-06	54.7	6421440
NODE_1599_length_15264_cov_137.036	gb_U00096_+_3415032-3418137_ARO:3000502_acrF	74.590	122	31	0	4349	4470	1125	1246	1.10e-06	54.7	360577
NODE_1599_length_15264_cov_137.036	gb_U00096_+_3415032-3418137_ARO:3000502_acrF	74.590	122	31	0	4349	4470	1125	1246	1.10e-06	54.7	2403749
NODE_1599_length_15264_cov_137.036	gb_U00096_+_3415032-3418137_ARO:3000502_acrF	74.590	122	31	0	4349	4470	1125	1246	1.10e-06	54.7	5182514
NODE_1599_length_15264_cov_137.036	gb_U00096_+_3415032-3418137_ARO:3000502_acrF	74.590	122	31	0	4349	4470	1125	1246	1.10e-06	54.7	4776330
NODE_1599_length_15264_cov_137.036	gb_U00096_+_3415032-3418137_ARO:3000502_acrF	74.590	122	31	0	4349	4470	1125	1246	1.10e-06	54.7	4775340
NODE_1599_length_15264_cov_137.036	gb_U00096_+_3415032-3418137_ARO:3000502_acrF	74.590	122	31	0	4349	4470	1125	1246	1.10e-06	54.7	419039
NODE_1599_length_15264_cov_137.036	gb_U00096_+_3415032-3418137_ARO:3000502_acrF	74.590	122	31	0	4349	4470	1125	1246	1.10e-06	54.7	1732644
NODE_1599_length_15264_cov_137.036	gb_U00096_+_3415032-3418137_ARO:3000502_acrF	74.590	122	31	0	4349	4470	1125	1246	1.10e-06	54.7	2403849
NODE_1599_length_15264_cov_137.036	gb_U00096_+_3415032-3418137_ARO:3000502_acrF	74.590	122	31	0	4349	4470	1125	1246	1.10e-06	54.7	1732460
NODE_1599_length_15264_cov_137.036	gb_U00096_+_3415032-3418137_ARO:3000502_acrF	74.590	122	31	0	4349	4470	1125	1246	1.10e-06	54.7	5182523
NODE_1599_length_15264_cov_137.036	gb_U00096_+_3415032-3418137_ARO:3000502_acrF	74.590	122	31	0	4349	4470	1125	1246	1.10e-06	54.7	2958054
NODE_1599_length_15264_cov_137.036	gb_U00096_+_3415032-3418137_ARO:3000502_acrF	74.590	122	31	0	4349	4470	1125	1246	1.10e-06	54.7	2958054
NODE_1808_length_13632_cov_10.628	gb_AJ252200_+_1278-4401_ARO:3003056_smeE	80.992	121	20	2	8906	9023	1265	1145	2.08e-18	93.5	2958367
NODE_1808_length_13632_cov_10.628	gb_NC_007779_+_2586250-2589364_ARO:3000491_acrD	88.235	68	8	0	8911	8978	1260	1193	4.49e-15	82.4	2958367
NODE_1808_length_13632_cov_10.628	gb_AF173226_+_3767-6917_ARO:3003052_smeB	78.641	103	19	3	8924	9023	1247	1145	4.53e-10	65.8	2958367
NODE_1808_length_13632_cov_10.628	gb_AJ252200_+_1278-4401_ARO:3003056_smeE	80.992	121	20	2	8906	9023	1265	1145	2.08e-18	93.5	1590430
NODE_1808_length_13632_cov_10.628	gb_NC_007779_+_2586250-2589364_ARO:3000491_acrD	88.235	68	8	0	8911	8978	1260	1193	4.49e-15	82.4	1590430
NODE_1808_length_13632_cov_10.628	gb_AF173226_+_3767-6917_ARO:3003052_smeB	78.641	103	19	3	8924	9023	1247	1145	4.53e-10	65.8	1590430
NODE_1808_length_13632_cov_10.628	gb_AJ252200_+_1278-4401_ARO:3003056_smeE	80.992	121	20	2	8906	9023	1265	1145	2.08e-18	93.5	1590430
NODE_1808_length_13632_cov_10.628	gb_NC_007779_+_2586250-2589364_ARO:3000491_acrD	88.235	68	8	0	8911	8978	1260	1193	4.49e-15	82.4	1590430
NODE_1808_length_13632_cov_10.628	gb_AF173226_+_3767-6917_ARO:3003052_smeB	78.641	103	19	3	8924	9023	1247	1145	4.53e-10	65.8	1590430
NODE_1967_length_12721_cov_4.72683	gb_KX531046.1_+_0-864_ARO:3003982_LlmA	73.244	299	68	11	2563	2855	647	355	4.16e-20	99.0	435661
NODE_1967_length_12721_cov_4.72683	gb_KX531046.1_+_0-864_ARO:3003982_LlmA	73.244	299	68	11	2563	2855	647	355	4.16e-20	99.0	287485
NODE_1967_length_12721_cov_4.72683	gb_KX531046.1_+_0-864_ARO:3003982_LlmA	73.244	299	68	11	2563	2855	647	355	4.16e-20	99.0	125873
NODE_1967_length_12721_cov_4.72683	gb_KX531046.1_+_0-864_ARO:3003982_LlmA	73.244	299	68	11	2563	2855	647	355	4.16e-20	99.0	582802
NODE_1967_length_12721_cov_4.72683	gb_KX531046.1_+_0-864_ARO:3003982_LlmA	73.244	299	68	11	2563	2855	647	355	4.16e-20	99.0	815336
NODE_2376_length_10387_cov_15.6493	gb_L36601_+_1420-3130_ARO:3003036_oleB	94.595	37	2	0	5796	5832	1532	1568	5.77e-08	58.4	205164
NODE_2447_length_10074_cov_17.4062	gb_M57437_+_0-1647_ARO:3002827_tlrC	92.500	40	1	2	3090	3129	557	594	2.01e-07	56.5	5183417
NODE_2657_length_9212_cov_82.6753	gb_AF118110.1_-_71-1037_ARO:3003002_CfxA2	100.000	966	0	0	16	981	1	966	0.0	1784	781336
NODE_2657_length_9212_cov_82.6753	gb_AF472622_+_52-1018_ARO:3003003_CfxA3	99.896	966	1	0	16	981	1	966	0.0	1779	781336
NODE_2657_length_9212_cov_82.6753	gb_AY769934_+_27-993_ARO:3003096_CfxA5	99.896	966	1	0	16	981	1	966	0.0	1779	781336
NODE_2657_length_9212_cov_82.6753	gb_U38243_+_149-1115_ARO:3003001_CfxA	99.896	966	1	0	16	981	1	966	0.0	1779	781336
NODE_2657_length_9212_cov_82.6753	gb_AY769933_+_0-966_ARO:3003005_CfxA4	99.896	966	1	0	16	981	1	966	0.0	1779	781336
NODE_2657_length_9212_cov_82.6753	gb_GQ342996_+_797-1793_ARO:3003097_CfxA6	89.234	966	101	3	12	976	30	993	0.0	1205	781336
NODE_2657_length_9212_cov_82.6753	gb_AF118110.1_-_71-1037_ARO:3003002_CfxA2	100.000	966	0	0	16	981	1	966	0.0	1784	340787
NODE_2657_length_9212_cov_82.6753	gb_AF472622_+_52-1018_ARO:3003003_CfxA3	99.896	966	1	0	16	981	1	966	0.0	1779	340787
NODE_2657_length_9212_cov_82.6753	gb_AY769934_+_27-993_ARO:3003096_CfxA5	99.896	966	1	0	16	981	1	966	0.0	1779	340787
NODE_2657_length_9212_cov_82.6753	gb_U38243_+_149-1115_ARO:3003001_CfxA	99.896	966	1	0	16	981	1	966	0.0	1779	340787
NODE_2657_length_9212_cov_82.6753	gb_AY769933_+_0-966_ARO:3003005_CfxA4	99.896	966	1	0	16	981	1	966	0.0	1779	340787
NODE_2657_length_9212_cov_82.6753	gb_GQ342996_+_797-1793_ARO:3003097_CfxA6	89.234	966	101	3	12	976	30	993	0.0	1205	340787
NODE_2680_length_9131_cov_11.3866	gb_NC_000913.3_-_481253-484403_ARO:3000216_acrB	76.505	515	108	9	3	506	1042	1554	2.15e-71	268	2404152
NODE_2680_length_9131_cov_11.3866	gb_NC_007779_+_2586250-2589364_ARO:3000491_acrD	76.739	460	101	5	1	457	1040	1496	2.17e-66	252	2404152
NODE_4437_length_5193_cov_179.658	gb_NC_007779_+_2586250-2589364_ARO:3000491_acrD	100.000	28	0	0	3589	3616	1880	1907	1.34e-06	52.8	4157936
NODE_4437_length_5193_cov_179.658	gb_NC_007779_+_2586250-2589364_ARO:3000491_acrD	100.000	28	0	0	3589	3616	1880	1907	1.34e-06	52.8	5182567
NODE_4437_length_5193_cov_179.658	gb_NC_007779_+_2586250-2589364_ARO:3000491_acrD	100.000	28	0	0	3589	3616	1880	1907	1.34e-06	52.8	2131669
NODE_4437_length_5193_cov_179.658	gb_NC_007779_+_2586250-2589364_ARO:3000491_acrD	100.000	28	0	0	3589	3616	1880	1907	1.34e-06	52.8	2957922
NODE_4437_length_5193_cov_179.658	gb_NC_007779_+_2586250-2589364_ARO:3000491_acrD	100.000	28	0	0	3589	3616	1880	1907	1.34e-06	52.8	2957946
NODE_4437_length_5193_cov_179.658	gb_NC_007779_+_2586250-2589364_ARO:3000491_acrD	100.000	28	0	0	3589	3616	1880	1907	1.34e-06	52.8	162416
NODE_4437_length_5193_cov_179.658	gb_NC_007779_+_2586250-2589364_ARO:3000491_acrD	100.000	28	0	0	3589	3616	1880	1907	1.34e-06	52.8	1393790
NODE_4437_length_5193_cov_179.658	gb_NC_007779_+_2586250-2589364_ARO:3000491_acrD	100.000	28	0	0	3589	3616	1880	1907	1.34e-06	52.8	5183536
NODE_4437_length_5193_cov_179.658	gb_NC_007779_+_2586250-2589364_ARO:3000491_acrD	100.000	28	0	0	3589	3616	1880	1907	1.34e-06	52.8	2734833
NODE_4437_length_5193_cov_179.658	gb_NC_007779_+_2586250-2589364_ARO:3000491_acrD	100.000	28	0	0	3589	3616	1880	1907	1.34e-06	52.8	3650219
NODE_4437_length_5193_cov_179.658	gb_NC_007779_+_2586250-2589364_ARO:3000491_acrD	100.000	28	0	0	3589	3616	1880	1907	1.34e-06	52.8	1717068
NODE_4437_length_5193_cov_179.658	gb_NC_007779_+_2586250-2589364_ARO:3000491_acrD	100.000	28	0	0	3589	3616	1880	1907	1.34e-06	52.8	6421388
NODE_4437_length_5193_cov_179.658	gb_NC_007779_+_2586250-2589364_ARO:3000491_acrD	100.000	28	0	0	3589	3616	1880	1907	1.34e-06	52.8	2404162
NODE_5714_length_3865_cov_4.7727	gb_X01702_+_484-1285_ARO:3002659_APH(6)-Ic	100.000	29	0	0	1704	1732	514	486	2.77e-07	54.7	1215012
NODE_6112_length_3546_cov_5.65855	gb_AF235050.4_+_38028-40140_ARO:3003318_Streptomyces	82.609	92	16	0	325	416	322	413	1.17e-15	82.4	1675886
NODE_8182_length_2520_cov_317.839	gb_JN086160_-_1582-2407_ARO:3001777_OXA-347	100.000	825	0	0	1373	2197	825	1	0.0	1524	104793
NODE_8182_length_2520_cov_317.839	gb_M17124_+_1181-1982_ARO:3000498_ErmF	99.376	801	5	0	370	1170	1	801	0.0	1452	104793
NODE_8182_length_2520_cov_317.839	gb_JF268688.1_-_5407-6232_ARO:3001809_OXA-209	83.924	734	106	12	1373	2100	825	98	0.0	691	104793
NODE_8182_length_2520_cov_317.839	gb_AF319779.2_+_32-833_ARO:3000604_Erm(35)	78.643	796	166	3	370	1163	1	794	3.18e-149	525	104793
NODE_8856_length_2293_cov_32.013	gb_EU434751_+_658-2578_ARO:3000194_tetW	98.999	1798	18	0	496	2293	1	1798	0.0	3221	214020
NODE_8856_length_2293_cov_32.013	gb_KU736867.1_+_19653-21573_ARO:3004442_tet(W/N/W)	97.386	1798	47	0	496	2293	1	1798	0.0	3061	214020
NODE_8856_length_2293_cov_32.013	gb_EU434751_+_658-2578_ARO:3000194_tetW	98.999	1798	18	0	496	2293	1	1798	0.0	3221	214020
NODE_8856_length_2293_cov_32.013	gb_KU736867.1_+_19653-21573_ARO:3004442_tet(W/N/W)	97.386	1798	47	0	496	2293	1	1798	0.0	3061	214020
NODE_11275_length_1718_cov_396.63	gb_Z21523_+_0-1974_ARO:3000191_tetQ	97.483	1430	36	0	289	1718	1974	545	0.0	2442	6421990
NODE_11275_length_1718_cov_396.63	gb_Z21523_+_0-1974_ARO:3000191_tetQ	97.483	1430	36	0	289	1718	1974	545	0.0	2442	3649792
NODE_11275_length_1718_cov_396.63	gb_Z21523_+_0-1974_ARO:3000191_tetQ	97.483	1430	36	0	289	1718	1974	545	0.0	2442	5183253
NODE_14536_length_1291_cov_3.78317	gb_AF118110.1_-_71-1037_ARO:3003002_CfxA2	86.120	951	131	1	52	1002	953	4	0.0	1024	2958386
NODE_14536_length_1291_cov_3.78317	gb_AF472622_+_52-1018_ARO:3003003_CfxA3	86.015	951	132	1	52	1002	953	4	0.0	1018	2958386
NODE_14536_length_1291_cov_3.78317	gb_AY769934_+_27-993_ARO:3003096_CfxA5	86.015	951	132	1	52	1002	953	4	0.0	1018	2958386
NODE_14536_length_1291_cov_3.78317	gb_U38243_+_149-1115_ARO:3003001_CfxA	86.015	951	132	1	52	1002	953	4	0.0	1018	2958386
NODE_14536_length_1291_cov_3.78317	gb_AY769933_+_0-966_ARO:3003005_CfxA4	86.015	951	132	1	52	1002	953	4	0.0	1018	2958386
NODE_14536_length_1291_cov_3.78317	gb_GQ342996_+_797-1793_ARO:3003097_CfxA6	84.963	951	136	6	57	1004	980	34	0.0	957	2958386
NODE_25619_length_726_cov_2.20864	gb_KU736867.1_+_19653-21573_ARO:3004442_tet(W/N/W)	96.491	114	4	0	613	726	1	114	1.34e-48	189	214020
NODE_25619_length_726_cov_2.20864	gb_EU434751_+_658-2578_ARO:3000194_tetW	96.491	114	4	0	613	726	1	114	1.34e-48	189	214020
NODE_36648_length_530_cov_307.448	gb_Z21523_+_0-1974_ARO:3000191_tetQ	98.677	378	5	0	153	530	1	378	0.0	671	1224632
NODE_89730_length_276_cov_181.299	gb_Z21523_+_0-1974_ARO:3000191_tetQ	96.377	276	10	0	1	276	599	324	4.35e-129	455	2958500
