NODE_784_length_35176_cov_11.2498	gb_AY768532_+_0-1935_ARO:3000535_macB	79.323	266	55	0	7210	7475	1752	1487	2.39e-46	187	1760685
NODE_784_length_35176_cov_11.2498	gb_AY768532_+_0-1935_ARO:3000535_macB	79.323	266	55	0	7210	7475	1752	1487	2.39e-46	187	6458177
NODE_805_length_34561_cov_42.7102	gb_L36601_+_1420-3130_ARO:3003036_oleB	94.595	37	2	0	17552	17588	1568	1532	1.92e-07	58.4	1439587
NODE_805_length_34561_cov_42.7102	gb_L36601_+_1420-3130_ARO:3003036_oleB	94.595	37	2	0	17552	17588	1568	1532	1.92e-07	58.4	4185614
NODE_805_length_34561_cov_42.7102	gb_L36601_+_1420-3130_ARO:3003036_oleB	94.595	37	2	0	17552	17588	1568	1532	1.92e-07	58.4	6458371
NODE_805_length_34561_cov_42.7102	gb_L36601_+_1420-3130_ARO:3003036_oleB	94.595	37	2	0	17552	17588	1568	1532	1.92e-07	58.4	426334
NODE_805_length_34561_cov_42.7102	gb_L36601_+_1420-3130_ARO:3003036_oleB	94.595	37	2	0	17552	17588	1568	1532	1.92e-07	58.4	649729
NODE_805_length_34561_cov_42.7102	gb_L36601_+_1420-3130_ARO:3003036_oleB	94.595	37	2	0	17552	17588	1568	1532	1.92e-07	58.4	4390227
NODE_805_length_34561_cov_42.7102	gb_L36601_+_1420-3130_ARO:3003036_oleB	94.595	37	2	0	17552	17588	1568	1532	1.92e-07	58.4	1232620
NODE_805_length_34561_cov_42.7102	gb_L36601_+_1420-3130_ARO:3003036_oleB	94.595	37	2	0	17552	17588	1568	1532	1.92e-07	58.4	1232620
NODE_805_length_34561_cov_42.7102	gb_L36601_+_1420-3130_ARO:3003036_oleB	94.595	37	2	0	17552	17588	1568	1532	1.92e-07	58.4	3003780
NODE_805_length_34561_cov_42.7102	gb_L36601_+_1420-3130_ARO:3003036_oleB	94.595	37	2	0	17552	17588	1568	1532	1.92e-07	58.4	3003780
NODE_805_length_34561_cov_42.7102	gb_L36601_+_1420-3130_ARO:3003036_oleB	94.595	37	2	0	17552	17588	1568	1532	1.92e-07	58.4	3003636
NODE_805_length_34561_cov_42.7102	gb_L36601_+_1420-3130_ARO:3003036_oleB	94.595	37	2	0	17552	17588	1568	1532	1.92e-07	58.4	3003636
NODE_805_length_34561_cov_42.7102	gb_L36601_+_1420-3130_ARO:3003036_oleB	94.595	37	2	0	17552	17588	1568	1532	1.92e-07	58.4	125536
NODE_805_length_34561_cov_42.7102	gb_L36601_+_1420-3130_ARO:3003036_oleB	94.595	37	2	0	17552	17588	1568	1532	1.92e-07	58.4	3053345
NODE_805_length_34561_cov_42.7102	gb_L36601_+_1420-3130_ARO:3003036_oleB	94.595	37	2	0	17552	17588	1568	1532	1.92e-07	58.4	125315
NODE_805_length_34561_cov_42.7102	gb_L36601_+_1420-3130_ARO:3003036_oleB	94.595	37	2	0	17552	17588	1568	1532	1.92e-07	58.4	439699
NODE_805_length_34561_cov_42.7102	gb_L36601_+_1420-3130_ARO:3003036_oleB	94.595	37	2	0	17552	17588	1568	1532	1.92e-07	58.4	799411
NODE_805_length_34561_cov_42.7102	gb_L36601_+_1420-3130_ARO:3003036_oleB	94.595	37	2	0	17552	17588	1568	1532	1.92e-07	58.4	6458163
NODE_1366_length_24950_cov_66.693	gb_AY928180_+_0-495_ARO:3002837_lnuC	98.990	495	5	0	23252	23746	495	1	0.0	887	296815
NODE_1366_length_24950_cov_66.693	gb_AY928180_+_0-495_ARO:3002837_lnuC	98.990	495	5	0	23252	23746	495	1	0.0	887	5262213
NODE_1366_length_24950_cov_66.693	gb_AY928180_+_0-495_ARO:3002837_lnuC	98.990	495	5	0	23252	23746	495	1	0.0	887	1673403
NODE_1366_length_24950_cov_66.693	gb_AY928180_+_0-495_ARO:3002837_lnuC	98.990	495	5	0	23252	23746	495	1	0.0	887	1673403
NODE_1366_length_24950_cov_66.693	gb_AY928180_+_0-495_ARO:3002837_lnuC	98.990	495	5	0	23252	23746	495	1	0.0	887	552628
NODE_1366_length_24950_cov_66.693	gb_AY928180_+_0-495_ARO:3002837_lnuC	98.990	495	5	0	23252	23746	495	1	0.0	887	1130054
NODE_1366_length_24950_cov_66.693	gb_AY928180_+_0-495_ARO:3002837_lnuC	98.990	495	5	0	23252	23746	495	1	0.0	887	3003703
NODE_2198_length_18360_cov_7.9203	gb_AF226276.1_+_3583-4207_ARO:3002682_catD	100.000	624	0	0	16837	17460	1	624	0.0	1153	2419921
NODE_2198_length_18360_cov_7.9203	gb_U15027_+_0-624_ARO:3002686_catP	100.000	624	0	0	16837	17460	1	624	0.0	1153	2419921
NODE_2198_length_18360_cov_7.9203	gb_X74948_+_0-492_ARO:3002688_catS	82.680	485	78	4	16907	17388	11	492	2.43e-118	425	2419921
NODE_2198_length_18360_cov_7.9203	gb_AF226276.1_+_3583-4207_ARO:3002682_catD	100.000	624	0	0	16837	17460	1	624	0.0	1153	4824312
NODE_2198_length_18360_cov_7.9203	gb_U15027_+_0-624_ARO:3002686_catP	100.000	624	0	0	16837	17460	1	624	0.0	1153	4824312
NODE_2198_length_18360_cov_7.9203	gb_X74948_+_0-492_ARO:3002688_catS	82.680	485	78	4	16907	17388	11	492	2.43e-118	425	4824312
NODE_2198_length_18360_cov_7.9203	gb_AF226276.1_+_3583-4207_ARO:3002682_catD	100.000	624	0	0	16837	17460	1	624	0.0	1153	3515302
NODE_2198_length_18360_cov_7.9203	gb_U15027_+_0-624_ARO:3002686_catP	100.000	624	0	0	16837	17460	1	624	0.0	1153	3515302
NODE_2198_length_18360_cov_7.9203	gb_X74948_+_0-492_ARO:3002688_catS	82.680	485	78	4	16907	17388	11	492	2.43e-118	425	3515302
NODE_2198_length_18360_cov_7.9203	gb_AF226276.1_+_3583-4207_ARO:3002682_catD	100.000	624	0	0	16837	17460	1	624	0.0	1153	3515302
NODE_2198_length_18360_cov_7.9203	gb_U15027_+_0-624_ARO:3002686_catP	100.000	624	0	0	16837	17460	1	624	0.0	1153	3515302
NODE_2198_length_18360_cov_7.9203	gb_X74948_+_0-492_ARO:3002688_catS	82.680	485	78	4	16907	17388	11	492	2.43e-118	425	3515302
NODE_2364_length_17362_cov_8.92315	gb_AF235050.4_+_38028-40140_ARO:3003318_Streptomyces	83.696	92	15	0	12050	12141	322	413	1.23e-16	87.9	1035335
NODE_2364_length_17362_cov_8.92315	gb_AF235050.4_+_38028-40140_ARO:3003318_Streptomyces	83.696	92	15	0	12050	12141	322	413	1.23e-16	87.9	59811
NODE_2364_length_17362_cov_8.92315	gb_AF235050.4_+_38028-40140_ARO:3003318_Streptomyces	83.696	92	15	0	12050	12141	322	413	1.23e-16	87.9	110156
NODE_2364_length_17362_cov_8.92315	gb_AF235050.4_+_38028-40140_ARO:3003318_Streptomyces	83.696	92	15	0	12050	12141	322	413	1.23e-16	87.9	110156
NODE_2364_length_17362_cov_8.92315	gb_AF235050.4_+_38028-40140_ARO:3003318_Streptomyces	83.696	92	15	0	12050	12141	322	413	1.23e-16	87.9	888395
NODE_2364_length_17362_cov_8.92315	gb_AF235050.4_+_38028-40140_ARO:3003318_Streptomyces	83.696	92	15	0	12050	12141	322	413	1.23e-16	87.9	4023830
NODE_2364_length_17362_cov_8.92315	gb_AF235050.4_+_38028-40140_ARO:3003318_Streptomyces	83.696	92	15	0	12050	12141	322	413	1.23e-16	87.9	4007544
NODE_2364_length_17362_cov_8.92315	gb_AF235050.4_+_38028-40140_ARO:3003318_Streptomyces	83.696	92	15	0	12050	12141	322	413	1.23e-16	87.9	3534804
NODE_2364_length_17362_cov_8.92315	gb_AF235050.4_+_38028-40140_ARO:3003318_Streptomyces	83.696	92	15	0	12050	12141	322	413	1.23e-16	87.9	1932079
NODE_2364_length_17362_cov_8.92315	gb_AF235050.4_+_38028-40140_ARO:3003318_Streptomyces	83.696	92	15	0	12050	12141	322	413	1.23e-16	87.9	295721
NODE_2364_length_17362_cov_8.92315	gb_AF235050.4_+_38028-40140_ARO:3003318_Streptomyces	83.696	92	15	0	12050	12141	322	413	1.23e-16	87.9	790884
NODE_2364_length_17362_cov_8.92315	gb_AF235050.4_+_38028-40140_ARO:3003318_Streptomyces	83.696	92	15	0	12050	12141	322	413	1.23e-16	87.9	110829
NODE_2364_length_17362_cov_8.92315	gb_AF235050.4_+_38028-40140_ARO:3003318_Streptomyces	83.696	92	15	0	12050	12141	322	413	1.23e-16	87.9	1403818
NODE_2364_length_17362_cov_8.92315	gb_AF235050.4_+_38028-40140_ARO:3003318_Streptomyces	83.696	92	15	0	12050	12141	322	413	1.23e-16	87.9	199672
NODE_2980_length_14402_cov_4.29407	gb_U00096_+_3415032-3418137_ARO:3000502_acrF	100.000	29	0	0	808	836	2936	2908	1.04e-06	54.7	5263986
NODE_3981_length_11326_cov_37.8156	gb_M57437_+_0-1647_ARO:3002827_tlrC	96.970	33	1	0	3127	3159	568	600	2.26e-07	56.5	788161
NODE_3981_length_11326_cov_37.8156	gb_M57437_+_0-1647_ARO:3002827_tlrC	96.970	33	1	0	3127	3159	568	600	2.26e-07	56.5	6458571
NODE_3981_length_11326_cov_37.8156	gb_M57437_+_0-1647_ARO:3002827_tlrC	96.970	33	1	0	3127	3159	568	600	2.26e-07	56.5	1887703
NODE_3981_length_11326_cov_37.8156	gb_M57437_+_0-1647_ARO:3002827_tlrC	96.970	33	1	0	3127	3159	568	600	2.26e-07	56.5	552658
NODE_4017_length_11250_cov_5.02171	gb_EU434751_+_658-2578_ARO:3000194_tetW	90.411	73	6	1	1	73	1126	1197	4.76e-19	95.3	564840
NODE_4017_length_11250_cov_5.02171	gb_KU736867.1_+_19653-21573_ARO:3004442_tet(W/N/W)	88.235	68	7	1	6	73	1131	1197	1.33e-14	80.5	564840
NODE_4017_length_11250_cov_5.02171	gb_EU434751_+_658-2578_ARO:3000194_tetW	90.411	73	6	1	1	73	1126	1197	4.76e-19	95.3	289500
NODE_4017_length_11250_cov_5.02171	gb_KU736867.1_+_19653-21573_ARO:3004442_tet(W/N/W)	88.235	68	7	1	6	73	1131	1197	1.33e-14	80.5	289500
NODE_4617_length_9965_cov_9.62866	gb_AFRQ01000061.1_-_23986-27124_ARO:3004144_AxyY	73.626	455	104	15	1325	1771	1479	1033	4.10e-39	161	365405
NODE_4617_length_9965_cov_9.62866	gb_AFRQ01000061.1_-_23986-27124_ARO:3004144_AxyY	73.626	455	104	15	1325	1771	1479	1033	4.10e-39	161	5262144
NODE_5010_length_9260_cov_32.9538	gb_AF118110.1_-_71-1037_ARO:3003002_CfxA2	100.000	966	0	0	8233	9198	966	1	0.0	1784	4739668
NODE_5010_length_9260_cov_32.9538	gb_AF472622_+_52-1018_ARO:3003003_CfxA3	99.896	966	1	0	8233	9198	966	1	0.0	1779	4739668
NODE_5010_length_9260_cov_32.9538	gb_AY769934_+_27-993_ARO:3003096_CfxA5	99.896	966	1	0	8233	9198	966	1	0.0	1779	4739668
NODE_5010_length_9260_cov_32.9538	gb_U38243_+_149-1115_ARO:3003001_CfxA	99.896	966	1	0	8233	9198	966	1	0.0	1779	4739668
NODE_5010_length_9260_cov_32.9538	gb_AY769933_+_0-966_ARO:3003005_CfxA4	99.896	966	1	0	8233	9198	966	1	0.0	1779	4739668
NODE_5010_length_9260_cov_32.9538	gb_GQ342996_+_797-1793_ARO:3003097_CfxA6	89.234	966	101	3	8238	9202	993	30	0.0	1205	4739668
NODE_7184_length_6578_cov_5.20819	gb_U00096_+_3415032-3418137_ARO:3000502_acrF	76.923	91	21	0	4079	4169	1156	1246	1.70e-06	52.8	6458140
NODE_7580_length_6272_cov_5.93839	gb_KX531046.1_+_0-864_ARO:3003982_LlmA	71.282	390	98	13	149	531	647	265	4.44e-17	87.9	4805157
NODE_7580_length_6272_cov_5.93839	gb_KX531046.1_+_0-864_ARO:3003982_LlmA	71.282	390	98	13	149	531	647	265	4.44e-17	87.9	551976
NODE_7580_length_6272_cov_5.93839	gb_KX531046.1_+_0-864_ARO:3003982_LlmA	71.282	390	98	13	149	531	647	265	4.44e-17	87.9	5169839
NODE_7580_length_6272_cov_5.93839	gb_KX531046.1_+_0-864_ARO:3003982_LlmA	71.282	390	98	13	149	531	647	265	4.44e-17	87.9	5169839
NODE_7580_length_6272_cov_5.93839	gb_KX531046.1_+_0-864_ARO:3003982_LlmA	71.282	390	98	13	149	531	647	265	4.44e-17	87.9	397529
NODE_7580_length_6272_cov_5.93839	gb_KX531046.1_+_0-864_ARO:3003982_LlmA	71.282	390	98	13	149	531	647	265	4.44e-17	87.9	5263762
NODE_8178_length_5808_cov_62.5759	gb_AF235050.4_+_38028-40140_ARO:3003318_Streptomyces	73.950	357	73	15	287	633	75	421	8.71e-29	126	3542857
NODE_8178_length_5808_cov_62.5759	gb_AF235050.4_+_38028-40140_ARO:3003318_Streptomyces	73.950	357	73	15	287	633	75	421	8.71e-29	126	297666
NODE_8178_length_5808_cov_62.5759	gb_AF235050.4_+_38028-40140_ARO:3003318_Streptomyces	73.950	357	73	15	287	633	75	421	8.71e-29	126	684746
NODE_8178_length_5808_cov_62.5759	gb_AF235050.4_+_38028-40140_ARO:3003318_Streptomyces	73.950	357	73	15	287	633	75	421	8.71e-29	126	112625
NODE_8178_length_5808_cov_62.5759	gb_AF235050.4_+_38028-40140_ARO:3003318_Streptomyces	73.950	357	73	15	287	633	75	421	8.71e-29	126	580538
NODE_8178_length_5808_cov_62.5759	gb_AF235050.4_+_38028-40140_ARO:3003318_Streptomyces	73.950	357	73	15	287	633	75	421	8.71e-29	126	580538
NODE_8331_length_5704_cov_5.24128	gb_AJ007350.1_+_239-1094_ARO:3004359_ACI-1	99.883	855	1	0	177	1031	855	1	0.0	1574	113140
NODE_8485_length_5609_cov_9.509	gb_AF235050.4_+_38028-40140_ARO:3003318_Streptomyces	74.545	275	60	7	852	1121	172	441	2.36e-24	111	1232716
NODE_8554_length_5557_cov_11.3593	gb_M57437_+_0-1647_ARO:3002827_tlrC	92.500	40	1	2	2570	2609	557	594	1.11e-07	56.5	210763
NODE_8554_length_5557_cov_11.3593	gb_M57437_+_0-1647_ARO:3002827_tlrC	92.500	40	1	2	2570	2609	557	594	1.11e-07	56.5	162442
NODE_8554_length_5557_cov_11.3593	gb_M57437_+_0-1647_ARO:3002827_tlrC	92.500	40	1	2	2570	2609	557	594	1.11e-07	56.5	1125552
NODE_8554_length_5557_cov_11.3593	gb_M57437_+_0-1647_ARO:3002827_tlrC	92.500	40	1	2	2570	2609	557	594	1.11e-07	56.5	651274
NODE_9729_length_4888_cov_40.3313	gb_AF242872_+_2131-2878_ARO:3000375_ErmB	100.000	50	0	0	4839	4888	1	50	7.43e-19	93.5	3217712
NODE_17280_length_2727_cov_7.82111	gb_CP004067.1_-_43007-43928_ARO:3002669_APH(2'')-Ig	100.000	921	0	0	104	1024	1	921	0.0	1701	885903
NODE_24974_length_1871_cov_2.36729	gb_GQ343019_+_132-1023_ARO:3002999_CblA-1	99.214	891	7	0	734	1624	891	1	0.0	1607	2383355
NODE_27404_length_1706_cov_9.05391	gb_U01945_+_373-916_ARO:3002897_SAT-4	98.507	67	0	1	139	204	543	477	1.53e-26	117	363157
NODE_27404_length_1706_cov_9.05391	gb_CP004067_+_52914-53709_ARO:3002647_APH(3')-IIIa	100.000	46	0	0	1	46	46	1	4.31e-17	86.1	363157
NODE_28158_length_1661_cov_145.982	gb_Z21523_+_0-1974_ARO:3000191_tetQ	97.248	109	2	1	1	108	109	1	1.45e-46	183	369474
NODE_89307_length_563_cov_24.1339	gb_KU736867.1_+_19653-21573_ARO:3004442_tet(W/N/W)	100.000	36	0	0	510	545	36	1	5.03e-12	67.6	6457906
NODE_89307_length_563_cov_24.1339	gb_EU434751_+_658-2578_ARO:3000194_tetW	100.000	36	0	0	510	545	36	1	5.03e-12	67.6	6457906
NODE_335330_length_207_cov_2.82895	gb_AP006618.1_+_4835199-4838688_ARO:3000501_Nocardia	84.028	144	19	4	1	142	1310	1451	4.70e-33	135	3039774
NODE_335330_length_207_cov_2.82895	gb_AP006618.1_+_4835199-4838688_ARO:3000501_Nocardia	84.028	144	19	4	1	142	1310	1451	4.70e-33	135	1842821
NODE_335330_length_207_cov_2.82895	gb_AP006618.1_+_4835199-4838688_ARO:3000501_Nocardia	84.028	144	19	4	1	142	1310	1451	4.70e-33	135	4185208
NODE_342213_length_142_cov_36.8276	gb_AF319779.2_+_32-833_ARO:3000604_Erm(35)	100.000	53	0	0	1	53	53	1	4.06e-22	99.0	124684
NODE_342213_length_142_cov_36.8276	gb_M17124_+_1181-1982_ARO:3000498_ErmF	100.000	53	0	0	1	53	53	1	4.06e-22	99.0	124684
NODE_344130_length_111_cov_34.5	gb_GQ342996_+_797-1793_ARO:3003097_CfxA6	95.652	92	3	1	21	111	1	92	1.07e-36	147	1232644
