NODE_38_length_82564_cov_32.4837	gb_X53401_+_0-1992_ARO:3002891_otr(A)	95.000	40	2	0	24046	24085	243	204	9.85e-09	63.9	934574
NODE_38_length_82564_cov_32.4837	gb_X53401_+_0-1992_ARO:3002891_otr(A)	95.000	40	2	0	24046	24085	243	204	9.85e-09	63.9	3806566
NODE_38_length_82564_cov_32.4837	gb_X53401_+_0-1992_ARO:3002891_otr(A)	95.000	40	2	0	24046	24085	243	204	9.85e-09	63.9	3806566
NODE_38_length_82564_cov_32.4837	gb_X53401_+_0-1992_ARO:3002891_otr(A)	95.000	40	2	0	24046	24085	243	204	9.85e-09	63.9	5257289
NODE_38_length_82564_cov_32.4837	gb_X53401_+_0-1992_ARO:3002891_otr(A)	95.000	40	2	0	24046	24085	243	204	9.85e-09	63.9	725130
NODE_43_length_80231_cov_31.3785	gb_HM990671_+_5192-6671_ARO:3003112_lsaC	93.827	162	10	0	1	162	163	2	3.19e-63	244	31046
NODE_43_length_80231_cov_31.3785	gb_HM990671_+_5192-6671_ARO:3003112_lsaC	93.827	162	10	0	1	162	163	2	3.19e-63	244	3258549
NODE_43_length_80231_cov_31.3785	gb_HM990671_+_5192-6671_ARO:3003112_lsaC	93.827	162	10	0	1	162	163	2	3.19e-63	244	670711
NODE_43_length_80231_cov_31.3785	gb_HM990671_+_5192-6671_ARO:3003112_lsaC	93.827	162	10	0	1	162	163	2	3.19e-63	244	3258549
NODE_43_length_80231_cov_31.3785	gb_HM990671_+_5192-6671_ARO:3003112_lsaC	93.827	162	10	0	1	162	163	2	3.19e-63	244	821438
NODE_43_length_80231_cov_31.3785	gb_HM990671_+_5192-6671_ARO:3003112_lsaC	93.827	162	10	0	1	162	163	2	3.19e-63	244	415047
NODE_43_length_80231_cov_31.3785	gb_HM990671_+_5192-6671_ARO:3003112_lsaC	93.827	162	10	0	1	162	163	2	3.19e-63	244	415047
NODE_43_length_80231_cov_31.3785	gb_HM990671_+_5192-6671_ARO:3003112_lsaC	93.827	162	10	0	1	162	163	2	3.19e-63	244	521953
NODE_43_length_80231_cov_31.3785	gb_HM990671_+_5192-6671_ARO:3003112_lsaC	93.827	162	10	0	1	162	163	2	3.19e-63	244	6277715
NODE_43_length_80231_cov_31.3785	gb_HM990671_+_5192-6671_ARO:3003112_lsaC	93.827	162	10	0	1	162	163	2	3.19e-63	244	1092391
NODE_43_length_80231_cov_31.3785	gb_HM990671_+_5192-6671_ARO:3003112_lsaC	93.827	162	10	0	1	162	163	2	3.19e-63	244	67141
NODE_43_length_80231_cov_31.3785	gb_HM990671_+_5192-6671_ARO:3003112_lsaC	93.827	162	10	0	1	162	163	2	3.19e-63	244	3280352
NODE_43_length_80231_cov_31.3785	gb_HM990671_+_5192-6671_ARO:3003112_lsaC	93.827	162	10	0	1	162	163	2	3.19e-63	244	6259354
NODE_43_length_80231_cov_31.3785	gb_HM990671_+_5192-6671_ARO:3003112_lsaC	93.827	162	10	0	1	162	163	2	3.19e-63	244	951581
NODE_43_length_80231_cov_31.3785	gb_HM990671_+_5192-6671_ARO:3003112_lsaC	93.827	162	10	0	1	162	163	2	3.19e-63	244	951581
NODE_155_length_38715_cov_26.6235	gb_KX000272.1_+_0-1740_ARO:3004035_tetA(60)	89.144	1741	187	2	3630	5369	1	1740	0.0	2167	3608917
NODE_155_length_38715_cov_26.6235	gb_KX000273.1_+_0-1740_ARO:3004036_tetB(60)	85.362	1742	251	3	5366	7105	1	1740	0.0	1801	3608917
NODE_155_length_38715_cov_26.6235	gb_KX000272.1_+_0-1740_ARO:3004035_tetA(60)	89.144	1741	187	2	3630	5369	1	1740	0.0	2167	6259354
NODE_155_length_38715_cov_26.6235	gb_KX000273.1_+_0-1740_ARO:3004036_tetB(60)	85.362	1742	251	3	5366	7105	1	1740	0.0	1801	6259354
NODE_155_length_38715_cov_26.6235	gb_KX000272.1_+_0-1740_ARO:3004035_tetA(60)	89.144	1741	187	2	3630	5369	1	1740	0.0	2167	2077869
NODE_155_length_38715_cov_26.6235	gb_KX000273.1_+_0-1740_ARO:3004036_tetB(60)	85.362	1742	251	3	5366	7105	1	1740	0.0	1801	2077869
NODE_155_length_38715_cov_26.6235	gb_KX000272.1_+_0-1740_ARO:3004035_tetA(60)	89.144	1741	187	2	3630	5369	1	1740	0.0	2167	1307595
NODE_155_length_38715_cov_26.6235	gb_KX000273.1_+_0-1740_ARO:3004036_tetB(60)	85.362	1742	251	3	5366	7105	1	1740	0.0	1801	1307595
NODE_155_length_38715_cov_26.6235	gb_KX000272.1_+_0-1740_ARO:3004035_tetA(60)	89.144	1741	187	2	3630	5369	1	1740	0.0	2167	966351
NODE_155_length_38715_cov_26.6235	gb_KX000273.1_+_0-1740_ARO:3004036_tetB(60)	85.362	1742	251	3	5366	7105	1	1740	0.0	1801	966351
NODE_155_length_38715_cov_26.6235	gb_KX000272.1_+_0-1740_ARO:3004035_tetA(60)	89.144	1741	187	2	3630	5369	1	1740	0.0	2167	377096
NODE_155_length_38715_cov_26.6235	gb_KX000273.1_+_0-1740_ARO:3004036_tetB(60)	85.362	1742	251	3	5366	7105	1	1740	0.0	1801	377096
NODE_412_length_20836_cov_52.1063	gb_AF118110.1_-_71-1037_ARO:3003002_CfxA2	99.889	903	1	0	10971	11873	64	966	0.0	1663	483398
NODE_412_length_20836_cov_52.1063	gb_AF472622_+_52-1018_ARO:3003003_CfxA3	99.779	903	2	0	10971	11873	64	966	0.0	1657	483398
NODE_412_length_20836_cov_52.1063	gb_AY769934_+_27-993_ARO:3003096_CfxA5	99.779	903	2	0	10971	11873	64	966	0.0	1657	483398
NODE_412_length_20836_cov_52.1063	gb_U38243_+_149-1115_ARO:3003001_CfxA	99.779	903	2	0	10971	11873	64	966	0.0	1657	483398
NODE_412_length_20836_cov_52.1063	gb_AY769933_+_0-966_ARO:3003005_CfxA4	99.779	903	2	0	10971	11873	64	966	0.0	1657	483398
NODE_412_length_20836_cov_52.1063	gb_GQ342996_+_797-1793_ARO:3003097_CfxA6	88.765	899	98	3	10971	11868	97	993	0.0	1098	483398
NODE_412_length_20836_cov_52.1063	gb_AF118110.1_-_71-1037_ARO:3003002_CfxA2	99.889	903	1	0	10971	11873	64	966	0.0	1663	483398
NODE_412_length_20836_cov_52.1063	gb_AF472622_+_52-1018_ARO:3003003_CfxA3	99.779	903	2	0	10971	11873	64	966	0.0	1657	483398
NODE_412_length_20836_cov_52.1063	gb_AY769934_+_27-993_ARO:3003096_CfxA5	99.779	903	2	0	10971	11873	64	966	0.0	1657	483398
NODE_412_length_20836_cov_52.1063	gb_U38243_+_149-1115_ARO:3003001_CfxA	99.779	903	2	0	10971	11873	64	966	0.0	1657	483398
NODE_412_length_20836_cov_52.1063	gb_AY769933_+_0-966_ARO:3003005_CfxA4	99.779	903	2	0	10971	11873	64	966	0.0	1657	483398
NODE_412_length_20836_cov_52.1063	gb_GQ342996_+_797-1793_ARO:3003097_CfxA6	88.765	899	98	3	10971	11868	97	993	0.0	1098	483398
NODE_412_length_20836_cov_52.1063	gb_AF118110.1_-_71-1037_ARO:3003002_CfxA2	99.889	903	1	0	10971	11873	64	966	0.0	1663	49612
NODE_412_length_20836_cov_52.1063	gb_AF472622_+_52-1018_ARO:3003003_CfxA3	99.779	903	2	0	10971	11873	64	966	0.0	1657	49612
NODE_412_length_20836_cov_52.1063	gb_AY769934_+_27-993_ARO:3003096_CfxA5	99.779	903	2	0	10971	11873	64	966	0.0	1657	49612
NODE_412_length_20836_cov_52.1063	gb_U38243_+_149-1115_ARO:3003001_CfxA	99.779	903	2	0	10971	11873	64	966	0.0	1657	49612
NODE_412_length_20836_cov_52.1063	gb_AY769933_+_0-966_ARO:3003005_CfxA4	99.779	903	2	0	10971	11873	64	966	0.0	1657	49612
NODE_412_length_20836_cov_52.1063	gb_GQ342996_+_797-1793_ARO:3003097_CfxA6	88.765	899	98	3	10971	11868	97	993	0.0	1098	49612
NODE_412_length_20836_cov_52.1063	gb_AF118110.1_-_71-1037_ARO:3003002_CfxA2	99.889	903	1	0	10971	11873	64	966	0.0	1663	91753
NODE_412_length_20836_cov_52.1063	gb_AF472622_+_52-1018_ARO:3003003_CfxA3	99.779	903	2	0	10971	11873	64	966	0.0	1657	91753
NODE_412_length_20836_cov_52.1063	gb_AY769934_+_27-993_ARO:3003096_CfxA5	99.779	903	2	0	10971	11873	64	966	0.0	1657	91753
NODE_412_length_20836_cov_52.1063	gb_U38243_+_149-1115_ARO:3003001_CfxA	99.779	903	2	0	10971	11873	64	966	0.0	1657	91753
NODE_412_length_20836_cov_52.1063	gb_AY769933_+_0-966_ARO:3003005_CfxA4	99.779	903	2	0	10971	11873	64	966	0.0	1657	91753
NODE_412_length_20836_cov_52.1063	gb_GQ342996_+_797-1793_ARO:3003097_CfxA6	88.765	899	98	3	10971	11868	97	993	0.0	1098	91753
NODE_412_length_20836_cov_52.1063	gb_AF118110.1_-_71-1037_ARO:3003002_CfxA2	99.889	903	1	0	10971	11873	64	966	0.0	1663	527293
NODE_412_length_20836_cov_52.1063	gb_AF472622_+_52-1018_ARO:3003003_CfxA3	99.779	903	2	0	10971	11873	64	966	0.0	1657	527293
NODE_412_length_20836_cov_52.1063	gb_AY769934_+_27-993_ARO:3003096_CfxA5	99.779	903	2	0	10971	11873	64	966	0.0	1657	527293
NODE_412_length_20836_cov_52.1063	gb_U38243_+_149-1115_ARO:3003001_CfxA	99.779	903	2	0	10971	11873	64	966	0.0	1657	527293
NODE_412_length_20836_cov_52.1063	gb_AY769933_+_0-966_ARO:3003005_CfxA4	99.779	903	2	0	10971	11873	64	966	0.0	1657	527293
NODE_412_length_20836_cov_52.1063	gb_GQ342996_+_797-1793_ARO:3003097_CfxA6	88.765	899	98	3	10971	11868	97	993	0.0	1098	527293
NODE_417_length_20732_cov_27.6979	gb_AF540889_+_0-327_ARO:3002871_tet37	99.099	222	2	0	7757	7978	222	1	1.66e-110	399	1921983
NODE_417_length_20732_cov_27.6979	gb_AF540889_+_0-327_ARO:3002871_tet37	99.099	222	2	0	7757	7978	222	1	1.66e-110	399	1921983
NODE_417_length_20732_cov_27.6979	gb_AF540889_+_0-327_ARO:3002871_tet37	99.099	222	2	0	7757	7978	222	1	1.66e-110	399	143670
NODE_417_length_20732_cov_27.6979	gb_AF540889_+_0-327_ARO:3002871_tet37	99.099	222	2	0	7757	7978	222	1	1.66e-110	399	65630
NODE_417_length_20732_cov_27.6979	gb_AF540889_+_0-327_ARO:3002871_tet37	99.099	222	2	0	7757	7978	222	1	1.66e-110	399	4044324
NODE_417_length_20732_cov_27.6979	gb_AF540889_+_0-327_ARO:3002871_tet37	99.099	222	2	0	7757	7978	222	1	1.66e-110	399	251708
NODE_476_length_18757_cov_24.5576	gb_AJ295238.3_+_163-2083_ARO:3000196_tet32	87.975	1921	211	19	13184	15094	1911	1	0.0	2250	136597
NODE_476_length_18757_cov_24.5576	gb_AJ295238.3_+_163-2083_ARO:3000196_tet32	87.975	1921	211	19	13184	15094	1911	1	0.0	2250	136597
NODE_476_length_18757_cov_24.5576	gb_AJ295238.3_+_163-2083_ARO:3000196_tet32	87.975	1921	211	19	13184	15094	1911	1	0.0	2250	376043
NODE_539_length_17033_cov_4.72082	gb_NC_003112.2_-_1791966-1795170_ARO:3000811_mtrD	80.213	2350	453	11	1	2344	2344	1	0.0	1753	56683
NODE_539_length_17033_cov_4.72082	gb_CP001050.1_+_1332866-1333499_ARO:3000817_mtrR	77.778	621	124	13	3852	4465	1	614	1.07e-101	370	56683
NODE_539_length_17033_cov_4.72082	gb_NC_003112.2_-_1791966-1795170_ARO:3000811_mtrD	80.213	2350	453	11	1	2344	2344	1	0.0	1753	5788615
NODE_539_length_17033_cov_4.72082	gb_CP001050.1_+_1332866-1333499_ARO:3000817_mtrR	77.778	621	124	13	3852	4465	1	614	1.07e-101	370	5788615
NODE_539_length_17033_cov_4.72082	gb_NC_003112.2_-_1791966-1795170_ARO:3000811_mtrD	80.213	2350	453	11	1	2344	2344	1	0.0	1753	40370
NODE_539_length_17033_cov_4.72082	gb_CP001050.1_+_1332866-1333499_ARO:3000817_mtrR	77.778	621	124	13	3852	4465	1	614	1.07e-101	370	40370
NODE_898_length_12122_cov_4.91837	gb_NC_003112.2_-_1791966-1795170_ARO:3000811_mtrD	83.077	845	133	7	11283	12122	3176	2337	0.0	760	30120
NODE_1107_length_10430_cov_122.969	gb_AM180355_+_600033-601953_ARO:3000186_tetM	86.883	770	101	0	9661	10430	1	770	0.0	863	2283591
NODE_1509_length_8634_cov_3.69274	gb_AF472622_+_52-1018_ARO:3003003_CfxA3	100.000	51	0	0	8584	8634	966	916	3.66e-19	95.3	2148737
NODE_1509_length_8634_cov_3.69274	gb_AY769934_+_27-993_ARO:3003096_CfxA5	100.000	51	0	0	8584	8634	966	916	3.66e-19	95.3	2148737
NODE_1509_length_8634_cov_3.69274	gb_U38243_+_149-1115_ARO:3003001_CfxA	100.000	51	0	0	8584	8634	966	916	3.66e-19	95.3	2148737
NODE_1509_length_8634_cov_3.69274	gb_AY769933_+_0-966_ARO:3003005_CfxA4	100.000	51	0	0	8584	8634	966	916	3.66e-19	95.3	2148737
NODE_1509_length_8634_cov_3.69274	gb_AF118110.1_-_71-1037_ARO:3003002_CfxA2	100.000	51	0	0	8584	8634	966	916	3.66e-19	95.3	2148737
NODE_1509_length_8634_cov_3.69274	gb_AF472622_+_52-1018_ARO:3003003_CfxA3	100.000	51	0	0	8584	8634	966	916	3.66e-19	95.3	191444
NODE_1509_length_8634_cov_3.69274	gb_AY769934_+_27-993_ARO:3003096_CfxA5	100.000	51	0	0	8584	8634	966	916	3.66e-19	95.3	191444
NODE_1509_length_8634_cov_3.69274	gb_U38243_+_149-1115_ARO:3003001_CfxA	100.000	51	0	0	8584	8634	966	916	3.66e-19	95.3	191444
NODE_1509_length_8634_cov_3.69274	gb_AY769933_+_0-966_ARO:3003005_CfxA4	100.000	51	0	0	8584	8634	966	916	3.66e-19	95.3	191444
NODE_1509_length_8634_cov_3.69274	gb_AF118110.1_-_71-1037_ARO:3003002_CfxA2	100.000	51	0	0	8584	8634	966	916	3.66e-19	95.3	191444
NODE_1717_length_7909_cov_24.7149	gb_AF024666.2_-_2207-2969_ARO:3000596_ErmX	96.592	763	25	1	274	1036	1	762	0.0	1264	329099
NODE_1717_length_7909_cov_24.7149	gb_AF024666.2_-_2207-2969_ARO:3000596_ErmX	96.592	763	25	1	274	1036	1	762	0.0	1264	5035620
NODE_1717_length_7909_cov_24.7149	gb_AF024666.2_-_2207-2969_ARO:3000596_ErmX	96.592	763	25	1	274	1036	1	762	0.0	1264	361947
NODE_1717_length_7909_cov_24.7149	gb_AF024666.2_-_2207-2969_ARO:3000596_ErmX	96.592	763	25	1	274	1036	1	762	0.0	1264	5788694
NODE_1717_length_7909_cov_24.7149	gb_AF024666.2_-_2207-2969_ARO:3000596_ErmX	96.592	763	25	1	274	1036	1	762	0.0	1264	29578
NODE_1717_length_7909_cov_24.7149	gb_AF024666.2_-_2207-2969_ARO:3000596_ErmX	96.592	763	25	1	274	1036	1	762	0.0	1264	132841
NODE_2042_length_7169_cov_108.086	gb_HM990671_+_5192-6671_ARO:3003112_lsaC	91.554	1480	123	2	1050	2528	1	1479	0.0	2039	600797
NODE_2042_length_7169_cov_108.086	gb_HM990671_+_5192-6671_ARO:3003112_lsaC	91.554	1480	123	2	1050	2528	1	1479	0.0	2039	538218
NODE_3146_length_5344_cov_3.56154	gb_AY768532_+_0-1935_ARO:3000535_macB	81.131	1945	350	14	165	2102	1935	1	0.0	1543	162734
NODE_3619_length_4842_cov_64.9902	gb_M17124_+_1181-1982_ARO:3000498_ErmF	99.750	801	2	0	2202	3002	1	801	0.0	1469	100857
NODE_3619_length_4842_cov_64.9902	gb_AF319779.2_+_32-833_ARO:3000604_Erm(35)	78.643	796	166	3	2202	2995	1	794	6.12e-149	525	100857
NODE_5930_length_3374_cov_14.3037	gb_NC_003098.1_+_866210-867410_ARO:3000822_pmrA	93.333	1200	80	0	1959	3158	1	1200	0.0	1773	4374017
NODE_5930_length_3374_cov_14.3037	gb_NC_003098.1_+_866210-867410_ARO:3000822_pmrA	93.333	1200	80	0	1959	3158	1	1200	0.0	1773	187246
NODE_5930_length_3374_cov_14.3037	gb_NC_003098.1_+_866210-867410_ARO:3000822_pmrA	93.333	1200	80	0	1959	3158	1	1200	0.0	1773	187246
NODE_7338_length_2866_cov_45.349	gb_AF024666.2_-_2207-2969_ARO:3000596_ErmX	99.869	763	0	1	225	987	1	762	0.0	1402	329099
NODE_7338_length_2866_cov_45.349	gb_AF024666.2_-_2207-2969_ARO:3000596_ErmX	99.869	763	0	1	225	987	1	762	0.0	1402	2010438
NODE_7338_length_2866_cov_45.349	gb_AF024666.2_-_2207-2969_ARO:3000596_ErmX	99.869	763	0	1	225	987	1	762	0.0	1402	1742904
NODE_8493_length_2542_cov_12.8243	gb_NC_003098.1_-_1359228-1360395_ARO:3000025_patB	93.540	1161	75	0	808	1968	1161	1	0.0	1729	2394208
NODE_8538_length_2534_cov_17.0012	gb_AP006618.1_+_4835199-4838688_ARO:3000501_Nocardia	86.228	334	42	4	2137	2468	3299	2968	3.43e-99	359	42980
NODE_12479_length_1846_cov_8.99162	gb_HM990671_+_5192-6671_ARO:3003112_lsaC	95.614	456	20	0	1391	1846	2	457	0.0	732	5046285
NODE_19695_length_1243_cov_14.729	gb_U00096_+_2812615-2814154_ARO:3000074_emrB	69.505	869	243	19	316	1173	1200	343	1.11e-26	117	956811
NODE_21669_length_1138_cov_59.8199	gb_CP007593.1_+_2148923-2149772_ARO:3001301_RlmA(II)	82.648	657	112	2	4	659	188	843	2.99e-166	580	225418
NODE_23769_length_1044_cov_11.1072	gb_CP007593.1_+_2148923-2149772_ARO:3001301_RlmA(II)	84.342	843	130	2	45	886	1	842	0.0	824	318884
NODE_23960_length_1036_cov_17.63	gb_CP007593.1_+_2148923-2149772_ARO:3001301_RlmA(II)	85.921	554	76	2	1	553	291	843	4.52e-169	590	1248377
NODE_23960_length_1036_cov_17.63	gb_CP007593.1_+_2148923-2149772_ARO:3001301_RlmA(II)	85.921	554	76	2	1	553	291	843	4.52e-169	590	225418
NODE_83241_length_336_cov_3.47331	gb_CP007593.1_+_2148923-2149772_ARO:3001301_RlmA(II)	91.321	265	21	2	72	335	841	578	1.20e-100	361	1248377
