NODE_39_length_75687_cov_21.545	gb_Z21523_+_0-1974_ARO:3000191_tetQ	90.076	1975	193	3	31359	33331	1974	1	0.0	2558	2118334
NODE_39_length_75687_cov_21.545	gb_Z21523_+_0-1974_ARO:3000191_tetQ	90.076	1975	193	3	31359	33331	1974	1	0.0	2558	533863
NODE_39_length_75687_cov_21.545	gb_Z21523_+_0-1974_ARO:3000191_tetQ	90.076	1975	193	3	31359	33331	1974	1	0.0	2558	1702352
NODE_39_length_75687_cov_21.545	gb_Z21523_+_0-1974_ARO:3000191_tetQ	90.076	1975	193	3	31359	33331	1974	1	0.0	2558	4478511
NODE_119_length_50824_cov_9.55632	gb_NC_003112.2_-_1791966-1795170_ARO:3000811_mtrD	81.030	3184	588	14	39001	42176	1	3176	0.0	2519	621821
NODE_119_length_50824_cov_9.55632	gb_CP001050.1_+_1332866-1333499_ARO:3000817_mtrR	77.939	621	123	13	36882	37495	614	1	6.87e-103	375	621821
NODE_119_length_50824_cov_9.55632	gb_NC_003112.2_-_1791966-1795170_ARO:3000811_mtrD	81.030	3184	588	14	39001	42176	1	3176	0.0	2519	621821
NODE_119_length_50824_cov_9.55632	gb_CP001050.1_+_1332866-1333499_ARO:3000817_mtrR	77.939	621	123	13	36882	37495	614	1	6.87e-103	375	621821
NODE_119_length_50824_cov_9.55632	gb_NC_003112.2_-_1791966-1795170_ARO:3000811_mtrD	81.030	3184	588	14	39001	42176	1	3176	0.0	2519	67175
NODE_119_length_50824_cov_9.55632	gb_CP001050.1_+_1332866-1333499_ARO:3000817_mtrR	77.939	621	123	13	36882	37495	614	1	6.87e-103	375	67175
NODE_129_length_47546_cov_11.5646	gb_AY768532_+_0-1935_ARO:3000535_macB	81.080	1945	351	14	37299	39236	1935	1	0.0	1537	4675123
NODE_139_length_46207_cov_21.3012	gb_NC_014638.1_-_1610636-1613960_ARO:3003730_Bifidobacteria	80.341	880	169	4	8452	9329	2171	1294	0.0	664	2909010
NODE_139_length_46207_cov_21.3012	gb_NC_014638.1_-_1610636-1613960_ARO:3003730_Bifidobacteria	80.341	880	169	4	8452	9329	2171	1294	0.0	664	275495
NODE_139_length_46207_cov_21.3012	gb_NC_014638.1_-_1610636-1613960_ARO:3003730_Bifidobacteria	80.341	880	169	4	8452	9329	2171	1294	0.0	664	275495
NODE_139_length_46207_cov_21.3012	gb_NC_014638.1_-_1610636-1613960_ARO:3003730_Bifidobacteria	80.341	880	169	4	8452	9329	2171	1294	0.0	664	243111
NODE_139_length_46207_cov_21.3012	gb_NC_014638.1_-_1610636-1613960_ARO:3003730_Bifidobacteria	80.341	880	169	4	8452	9329	2171	1294	0.0	664	774976
NODE_139_length_46207_cov_21.3012	gb_NC_014638.1_-_1610636-1613960_ARO:3003730_Bifidobacteria	80.341	880	169	4	8452	9329	2171	1294	0.0	664	774976
NODE_282_length_31429_cov_207.406	gb_KC539823_+_1017-2586_ARO:3002829_vgaA	100.000	28	0	0	23242	23269	1250	1223	8.12e-06	52.8	5017597
NODE_282_length_31429_cov_207.406	gb_DQ823382_+_0-1569_ARO:3002830_vgaALC	100.000	28	0	0	23242	23269	1250	1223	8.12e-06	52.8	5017597
NODE_282_length_31429_cov_207.406	gb_KC539823_+_1017-2586_ARO:3002829_vgaA	100.000	28	0	0	23242	23269	1250	1223	8.12e-06	52.8	1456213
NODE_282_length_31429_cov_207.406	gb_DQ823382_+_0-1569_ARO:3002830_vgaALC	100.000	28	0	0	23242	23269	1250	1223	8.12e-06	52.8	1456213
NODE_282_length_31429_cov_207.406	gb_KC539823_+_1017-2586_ARO:3002829_vgaA	100.000	28	0	0	23242	23269	1250	1223	8.12e-06	52.8	383891
NODE_282_length_31429_cov_207.406	gb_DQ823382_+_0-1569_ARO:3002830_vgaALC	100.000	28	0	0	23242	23269	1250	1223	8.12e-06	52.8	383891
NODE_441_length_23331_cov_12.0958	gb_NC_003112.2_+_329612-330767_ARO:3003961_farA	73.232	919	222	20	19538	20444	127	1033	2.51e-84	313	9754
NODE_1140_length_12104_cov_7.6437	gb_X63451_+_0-1653_ARO:3002828_srmB	97.059	34	1	0	5588	5621	1499	1466	6.72e-08	58.4	279389
NODE_1539_length_9521_cov_36.0581	gb_AF540889_+_0-327_ARO:3002871_tet37	99.550	222	1	0	2982	3203	1	222	1.64e-112	405	68602
NODE_1539_length_9521_cov_36.0581	gb_AF540889_+_0-327_ARO:3002871_tet37	99.550	222	1	0	2982	3203	1	222	1.64e-112	405	84995
NODE_1647_length_8969_cov_85.7069	gb_HM990671_+_5192-6671_ARO:3003112_lsaC	92.978	1239	87	0	7731	8969	1479	241	0.0	1807	969113
NODE_1647_length_8969_cov_85.7069	gb_HM990671_+_5192-6671_ARO:3003112_lsaC	92.978	1239	87	0	7731	8969	1479	241	0.0	1807	969113
NODE_1647_length_8969_cov_85.7069	gb_HM990671_+_5192-6671_ARO:3003112_lsaC	92.978	1239	87	0	7731	8969	1479	241	0.0	1807	546554
NODE_3087_length_5272_cov_39.8766	gb_Z21523_+_0-1974_ARO:3000191_tetQ	97.366	1974	52	0	2529	4502	1974	1	0.0	3358	62533
NODE_4368_length_3997_cov_18.4477	gb_AM180355_+_600033-601953_ARO:3000186_tetM	97.351	453	12	0	1	453	1468	1920	0.0	771	1216580
NODE_4703_length_3793_cov_112.554	gb_HQ652506.1_+_373-2098_ARO:3004032_tetA(46)	95.014	1725	86	0	328	2052	1	1725	0.0	2710	5096627
NODE_4703_length_3793_cov_112.554	gb_HQ652506.1_+_2099-3836_ARO:3004033_tetB(46)	92.571	1723	124	4	2054	3774	1	1721	0.0	2470	5096627
NODE_22321_length_930_cov_46.3337	gb_M17124_+_1181-1982_ARO:3000498_ErmF	99.729	739	2	0	71	809	801	63	0.0	1354	62347
NODE_66148_length_307_cov_12.9762	gb_KX000272.1_+_0-1740_ARO:3004035_tetA(60)	100.000	125	0	0	183	307	1	125	8.94e-62	231	2908919
