NODE_484_length_24137_cov_5.25459	gb_AY768531_+_0-1179_ARO:3000533_macA	72.807	570	149	6	23124	23690	136	702	4.56e-47	189	767021
NODE_484_length_24137_cov_5.25459	gb_AY768531_+_0-1179_ARO:3000533_macA	72.807	570	149	6	23124	23690	136	702	4.56e-47	189	897121
NODE_484_length_24137_cov_5.25459	gb_AY768531_+_0-1179_ARO:3000533_macA	72.807	570	149	6	23124	23690	136	702	4.56e-47	189	898829
NODE_484_length_24137_cov_5.25459	gb_AY768531_+_0-1179_ARO:3000533_macA	72.807	570	149	6	23124	23690	136	702	4.56e-47	189	73637
NODE_484_length_24137_cov_5.25459	gb_AY768531_+_0-1179_ARO:3000533_macA	72.807	570	149	6	23124	23690	136	702	4.56e-47	189	3817301
NODE_544_length_22466_cov_22.9055	gb_KC539823_+_1017-2586_ARO:3002829_vgaA	100.000	28	0	0	19422	19449	1250	1223	5.81e-06	52.8	5764039
NODE_544_length_22466_cov_22.9055	gb_DQ823382_+_0-1569_ARO:3002830_vgaALC	100.000	28	0	0	19422	19449	1250	1223	5.81e-06	52.8	5764039
NODE_544_length_22466_cov_22.9055	gb_KC539823_+_1017-2586_ARO:3002829_vgaA	100.000	28	0	0	19422	19449	1250	1223	5.81e-06	52.8	5764039
NODE_544_length_22466_cov_22.9055	gb_DQ823382_+_0-1569_ARO:3002830_vgaALC	100.000	28	0	0	19422	19449	1250	1223	5.81e-06	52.8	5764039
NODE_544_length_22466_cov_22.9055	gb_KC539823_+_1017-2586_ARO:3002829_vgaA	100.000	28	0	0	19422	19449	1250	1223	5.81e-06	52.8	160772
NODE_544_length_22466_cov_22.9055	gb_DQ823382_+_0-1569_ARO:3002830_vgaALC	100.000	28	0	0	19422	19449	1250	1223	5.81e-06	52.8	160772
NODE_544_length_22466_cov_22.9055	gb_KC539823_+_1017-2586_ARO:3002829_vgaA	100.000	28	0	0	19422	19449	1250	1223	5.81e-06	52.8	833425
NODE_544_length_22466_cov_22.9055	gb_DQ823382_+_0-1569_ARO:3002830_vgaALC	100.000	28	0	0	19422	19449	1250	1223	5.81e-06	52.8	833425
NODE_544_length_22466_cov_22.9055	gb_KC539823_+_1017-2586_ARO:3002829_vgaA	100.000	28	0	0	19422	19449	1250	1223	5.81e-06	52.8	73488
NODE_544_length_22466_cov_22.9055	gb_DQ823382_+_0-1569_ARO:3002830_vgaALC	100.000	28	0	0	19422	19449	1250	1223	5.81e-06	52.8	73488
NODE_1652_length_10668_cov_151.538	gb_U00096_+_2812615-2814154_ARO:3000074_emrB	69.482	1196	329	29	6398	7575	23	1200	7.35e-37	154	543352
NODE_1652_length_10668_cov_151.538	gb_AP009048_+_2810082-2811255_ARO:3000027_emrA	76.923	156	36	0	6047	6202	859	1014	2.10e-17	89.8	543352
NODE_1652_length_10668_cov_151.538	gb_U00096_+_2812615-2814154_ARO:3000074_emrB	69.482	1196	329	29	6398	7575	23	1200	7.35e-37	154	409165
NODE_1652_length_10668_cov_151.538	gb_AP009048_+_2810082-2811255_ARO:3000027_emrA	76.923	156	36	0	6047	6202	859	1014	2.10e-17	89.8	409165
NODE_1652_length_10668_cov_151.538	gb_U00096_+_2812615-2814154_ARO:3000074_emrB	69.482	1196	329	29	6398	7575	23	1200	7.35e-37	154	54554
NODE_1652_length_10668_cov_151.538	gb_AP009048_+_2810082-2811255_ARO:3000027_emrA	76.923	156	36	0	6047	6202	859	1014	2.10e-17	89.8	54554
NODE_1652_length_10668_cov_151.538	gb_U00096_+_2812615-2814154_ARO:3000074_emrB	69.482	1196	329	29	6398	7575	23	1200	7.35e-37	154	711469
NODE_1652_length_10668_cov_151.538	gb_AP009048_+_2810082-2811255_ARO:3000027_emrA	76.923	156	36	0	6047	6202	859	1014	2.10e-17	89.8	711469
NODE_1652_length_10668_cov_151.538	gb_U00096_+_2812615-2814154_ARO:3000074_emrB	69.482	1196	329	29	6398	7575	23	1200	7.35e-37	154	324400
NODE_1652_length_10668_cov_151.538	gb_AP009048_+_2810082-2811255_ARO:3000027_emrA	76.923	156	36	0	6047	6202	859	1014	2.10e-17	89.8	324400
NODE_1757_length_10293_cov_20.254	gb_NC_014638.1_-_1610636-1613960_ARO:3003730_Bifidobacteria	80.645	186	36	0	1692	1877	3067	3252	4.27e-34	145	5825242
NODE_1757_length_10293_cov_20.254	gb_NC_014638.1_-_1610636-1613960_ARO:3003730_Bifidobacteria	80.645	186	36	0	1692	1877	3067	3252	4.27e-34	145	4924335
NODE_1757_length_10293_cov_20.254	gb_NC_014638.1_-_1610636-1613960_ARO:3003730_Bifidobacteria	80.645	186	36	0	1692	1877	3067	3252	4.27e-34	145	1766947
NODE_2091_length_9144_cov_26.8217	gb_MF095097.1_-_1855-3484_ARO:3004470_poxtA	96.970	33	0	1	8511	8543	1421	1390	6.57e-07	54.7	3302124
NODE_2091_length_9144_cov_26.8217	gb_MF095097.1_-_1855-3484_ARO:3004470_poxtA	96.970	33	0	1	8511	8543	1421	1390	6.57e-07	54.7	3302124
NODE_2744_length_7634_cov_3.98628	gb_L36601_+_1420-3130_ARO:3003036_oleB	92.500	40	3	0	1759	1798	673	634	4.24e-08	58.4	3302523
NODE_3062_length_7097_cov_108.395	gb_NC_003112.2_-_1791966-1795170_ARO:3000811_mtrD	80.734	3187	592	18	1752	4927	3176	1	0.0	2464	30120
NODE_3646_length_6283_cov_27.3227	gb_AY768532_+_0-1935_ARO:3000535_macB	97.059	34	0	1	4221	4253	422	455	1.25e-07	56.5	606322
NODE_3646_length_6283_cov_27.3227	gb_AY768532_+_0-1935_ARO:3000535_macB	97.059	34	0	1	4221	4253	422	455	1.25e-07	56.5	606322
NODE_3695_length_6226_cov_66.4032	gb_AP006618.1_+_4835199-4838688_ARO:3000501_Nocardia	86.228	334	42	4	3093	3424	2968	3299	8.46e-99	359	60524
NODE_3695_length_6226_cov_66.4032	gb_AP006618.1_+_4835199-4838688_ARO:3000501_Nocardia	86.228	334	42	4	3093	3424	2968	3299	8.46e-99	359	5811560
NODE_3695_length_6226_cov_66.4032	gb_AP006618.1_+_4835199-4838688_ARO:3000501_Nocardia	86.228	334	42	4	3093	3424	2968	3299	8.46e-99	359	5811560
NODE_3695_length_6226_cov_66.4032	gb_AP006618.1_+_4835199-4838688_ARO:3000501_Nocardia	86.228	334	42	4	3093	3424	2968	3299	8.46e-99	359	60524
NODE_3695_length_6226_cov_66.4032	gb_AP006618.1_+_4835199-4838688_ARO:3000501_Nocardia	86.228	334	42	4	3093	3424	2968	3299	8.46e-99	359	142298
NODE_3695_length_6226_cov_66.4032	gb_AP006618.1_+_4835199-4838688_ARO:3000501_Nocardia	86.228	334	42	4	3093	3424	2968	3299	8.46e-99	359	175294
NODE_3695_length_6226_cov_66.4032	gb_AP006618.1_+_4835199-4838688_ARO:3000501_Nocardia	86.228	334	42	4	3093	3424	2968	3299	8.46e-99	359	1927088
NODE_3695_length_6226_cov_66.4032	gb_AP006618.1_+_4835199-4838688_ARO:3000501_Nocardia	86.228	334	42	4	3093	3424	2968	3299	8.46e-99	359	1927088
NODE_3963_length_5926_cov_92.9998	gb_AY768532_+_0-1935_ARO:3000535_macB	81.183	1945	349	14	3142	5079	1	1935	0.0	1548	5123864
NODE_4386_length_5511_cov_124.887	gb_NC_012469.1_-_1800927-1802391_ARO:3000616_mel	100.000	1464	0	0	1605	3068	1464	1	0.0	2704	189942
NODE_4386_length_5511_cov_124.887	gb_NC_023287.1_-_65291-66509_ARO:3000615_mefA	96.962	1218	37	0	3188	4405	1218	1	0.0	2045	189942
NODE_5640_length_4596_cov_98.5838	gb_M17124_+_1181-1982_ARO:3000498_ErmF	99.750	801	2	0	1789	2589	801	1	0.0	1469	216640
NODE_5640_length_4596_cov_98.5838	gb_AF319779.2_+_32-833_ARO:3000604_Erm(35)	78.643	796	166	3	1796	2589	794	1	5.81e-149	525	216640
NODE_5678_length_4572_cov_18.9103	gb_HQ652506.1_+_2099-3836_ARO:3004033_tetB(46)	78.125	1696	335	30	1141	2818	1737	60	0.0	1044	1464996
NODE_6239_length_4256_cov_21.6979	gb_KX531049.1_+_0-1947_ARO:3003986_TaeA	86.154	65	9	0	830	894	1427	1363	3.03e-12	71.3	144995
NODE_7067_length_3873_cov_9.12493	gb_HM990671_+_5192-6671_ARO:3003112_lsaC	94.886	528	23	4	1	526	954	1479	0.0	822	99704
NODE_8514_length_3360_cov_11.0245	gb_HM990671_+_5192-6671_ARO:3003112_lsaC	91.704	1350	110	2	2012	3360	1479	131	0.0	1871	166565
NODE_8514_length_3360_cov_11.0245	gb_HM990671_+_5192-6671_ARO:3003112_lsaC	91.704	1350	110	2	2012	3360	1479	131	0.0	1871	866113
NODE_10186_length_2924_cov_58.5141	gb_Z21523_+_0-1974_ARO:3000191_tetQ	97.416	1974	51	0	428	2401	1974	1	0.0	3363	2984757
NODE_10186_length_2924_cov_58.5141	gb_Z21523_+_0-1974_ARO:3000191_tetQ	97.416	1974	51	0	428	2401	1974	1	0.0	3363	2984757
NODE_11540_length_2660_cov_12.6917	gb_EU434751_+_658-2578_ARO:3000194_tetW	95.266	169	6	2	2493	2660	1911	1744	2.25e-71	267	60443
NODE_11666_length_2642_cov_112.388	gb_AY768532_+_0-1935_ARO:3000535_macB	81.183	1945	349	14	217	2154	1	1935	0.0	1548	1413607
NODE_14631_length_2203_cov_60.953	gb_AF235050.4_+_38028-40140_ARO:3003318_Streptomyces	78.223	349	66	8	1242	1585	76	419	6.82e-56	215	4672993
NODE_19181_length_1768_cov_3.41915	gb_HQ652506.1_+_373-2098_ARO:3004032_tetA(46)	72.611	1716	416	44	6	1694	37	1725	1.34e-146	516	1464996
NODE_21122_length_1632_cov_10.2137	gb_HM990671_+_5192-6671_ARO:3003112_lsaC	93.300	1194	80	0	439	1632	1479	286	0.0	1762	99704
NODE_22875_length_1526_cov_2.5826	gb_JQ231224_+_90-3192_ARO:3000510_mupB	97.222	36	1	0	768	803	587	552	6.49e-10	62.1	3267351
NODE_59321_length_667_cov_9.42157	gb_CP007593.1_+_2148923-2149772_ARO:3001301_RlmA(II)	86.783	628	79	4	1	626	626	1	0.0	697	1541830
NODE_60832_length_652_cov_8.27806	gb_HM990671_+_5192-6671_ARO:3003112_lsaC	95.862	145	6	0	1	145	145	1	1.52e-62	235	2052193
NODE_92896_length_447_cov_3.19643	gb_CP007593.1_+_2148923-2149772_ARO:3001301_RlmA(II)	93.773	273	15	2	1	272	572	843	5.71e-115	409	952417
NODE_104151_length_404_cov_7.20917	gb_HM990671_+_5192-6671_ARO:3003112_lsaC	93.317	404	27	0	1	404	834	1237	1.02e-171	597	2520894
NODE_133134_length_329_cov_2.90146	gb_HQ652506.1_+_2099-3836_ARO:3004033_tetB(46)	92.388	289	22	0	1	289	1376	1664	3.20e-116	412	83320
NODE_240105_length_206_cov_2.43709	gb_HM990671_+_5192-6671_ARO:3003112_lsaC	94.634	205	9	2	1	204	876	1079	1.56e-87	316	2520894
NODE_249891_length_124_cov_3.82609	gb_HM990671_+_5192-6671_ARO:3003112_lsaC	98.182	55	1	0	70	124	2	56	1.25e-21	97.1	2052193
