NODE_2_length_532716_cov_110.46	gb_AF173226_+_3767-6917_ARO:3003052_smeB	83.784	74	12	0	301890	301963	1169	1242	3.79e-10	71.3	2871607
NODE_2_length_532716_cov_110.46	gb_AJ252200_+_1278-4401_ARO:3003056_smeE	83.333	72	12	0	301892	301963	1171	1242	4.91e-09	67.6	2871607
NODE_2_length_532716_cov_110.46	gb_AF173226_+_3767-6917_ARO:3003052_smeB	83.784	74	12	0	301890	301963	1169	1242	3.79e-10	71.3	3975203
NODE_2_length_532716_cov_110.46	gb_AJ252200_+_1278-4401_ARO:3003056_smeE	83.333	72	12	0	301892	301963	1171	1242	4.91e-09	67.6	3975203
NODE_2_length_532716_cov_110.46	gb_AF173226_+_3767-6917_ARO:3003052_smeB	83.784	74	12	0	301890	301963	1169	1242	3.79e-10	71.3	4744880
NODE_2_length_532716_cov_110.46	gb_AJ252200_+_1278-4401_ARO:3003056_smeE	83.333	72	12	0	301892	301963	1171	1242	4.91e-09	67.6	4744880
NODE_2_length_532716_cov_110.46	gb_AF173226_+_3767-6917_ARO:3003052_smeB	83.784	74	12	0	301890	301963	1169	1242	3.79e-10	71.3	4101210
NODE_2_length_532716_cov_110.46	gb_AJ252200_+_1278-4401_ARO:3003056_smeE	83.333	72	12	0	301892	301963	1171	1242	4.91e-09	67.6	4101210
NODE_2_length_532716_cov_110.46	gb_AF173226_+_3767-6917_ARO:3003052_smeB	83.784	74	12	0	301890	301963	1169	1242	3.79e-10	71.3	6345020
NODE_2_length_532716_cov_110.46	gb_AJ252200_+_1278-4401_ARO:3003056_smeE	83.333	72	12	0	301892	301963	1171	1242	4.91e-09	67.6	6345020
NODE_2_length_532716_cov_110.46	gb_AF173226_+_3767-6917_ARO:3003052_smeB	83.784	74	12	0	301890	301963	1169	1242	3.79e-10	71.3	4744486
NODE_2_length_532716_cov_110.46	gb_AJ252200_+_1278-4401_ARO:3003056_smeE	83.333	72	12	0	301892	301963	1171	1242	4.91e-09	67.6	4744486
NODE_2_length_532716_cov_110.46	gb_AF173226_+_3767-6917_ARO:3003052_smeB	83.784	74	12	0	301890	301963	1169	1242	3.79e-10	71.3	4727814
NODE_2_length_532716_cov_110.46	gb_AJ252200_+_1278-4401_ARO:3003056_smeE	83.333	72	12	0	301892	301963	1171	1242	4.91e-09	67.6	4727814
NODE_2_length_532716_cov_110.46	gb_AF173226_+_3767-6917_ARO:3003052_smeB	83.784	74	12	0	301890	301963	1169	1242	3.79e-10	71.3	396384
NODE_2_length_532716_cov_110.46	gb_AJ252200_+_1278-4401_ARO:3003056_smeE	83.333	72	12	0	301892	301963	1171	1242	4.91e-09	67.6	396384
NODE_2_length_532716_cov_110.46	gb_AF173226_+_3767-6917_ARO:3003052_smeB	83.784	74	12	0	301890	301963	1169	1242	3.79e-10	71.3	3535345
NODE_2_length_532716_cov_110.46	gb_AJ252200_+_1278-4401_ARO:3003056_smeE	83.333	72	12	0	301892	301963	1171	1242	4.91e-09	67.6	3535345
NODE_2_length_532716_cov_110.46	gb_AF173226_+_3767-6917_ARO:3003052_smeB	83.784	74	12	0	301890	301963	1169	1242	3.79e-10	71.3	4786075
NODE_2_length_532716_cov_110.46	gb_AJ252200_+_1278-4401_ARO:3003056_smeE	83.333	72	12	0	301892	301963	1171	1242	4.91e-09	67.6	4786075
NODE_2_length_532716_cov_110.46	gb_AF173226_+_3767-6917_ARO:3003052_smeB	83.784	74	12	0	301890	301963	1169	1242	3.79e-10	71.3	5014473
NODE_2_length_532716_cov_110.46	gb_AJ252200_+_1278-4401_ARO:3003056_smeE	83.333	72	12	0	301892	301963	1171	1242	4.91e-09	67.6	5014473
NODE_2_length_532716_cov_110.46	gb_AF173226_+_3767-6917_ARO:3003052_smeB	83.784	74	12	0	301890	301963	1169	1242	3.79e-10	71.3	4691242
NODE_2_length_532716_cov_110.46	gb_AJ252200_+_1278-4401_ARO:3003056_smeE	83.333	72	12	0	301892	301963	1171	1242	4.91e-09	67.6	4691242
NODE_2_length_532716_cov_110.46	gb_AF173226_+_3767-6917_ARO:3003052_smeB	83.784	74	12	0	301890	301963	1169	1242	3.79e-10	71.3	602332
NODE_2_length_532716_cov_110.46	gb_AJ252200_+_1278-4401_ARO:3003056_smeE	83.333	72	12	0	301892	301963	1171	1242	4.91e-09	67.6	602332
NODE_2_length_532716_cov_110.46	gb_AF173226_+_3767-6917_ARO:3003052_smeB	83.784	74	12	0	301890	301963	1169	1242	3.79e-10	71.3	4723276
NODE_2_length_532716_cov_110.46	gb_AJ252200_+_1278-4401_ARO:3003056_smeE	83.333	72	12	0	301892	301963	1171	1242	4.91e-09	67.6	4723276
NODE_2_length_532716_cov_110.46	gb_AF173226_+_3767-6917_ARO:3003052_smeB	83.784	74	12	0	301890	301963	1169	1242	3.79e-10	71.3	2329414
NODE_2_length_532716_cov_110.46	gb_AJ252200_+_1278-4401_ARO:3003056_smeE	83.333	72	12	0	301892	301963	1171	1242	4.91e-09	67.6	2329414
NODE_2_length_532716_cov_110.46	gb_AF173226_+_3767-6917_ARO:3003052_smeB	83.784	74	12	0	301890	301963	1169	1242	3.79e-10	71.3	1335084
NODE_2_length_532716_cov_110.46	gb_AJ252200_+_1278-4401_ARO:3003056_smeE	83.333	72	12	0	301892	301963	1171	1242	4.91e-09	67.6	1335084
NODE_2_length_532716_cov_110.46	gb_AF173226_+_3767-6917_ARO:3003052_smeB	83.784	74	12	0	301890	301963	1169	1242	3.79e-10	71.3	671533
NODE_2_length_532716_cov_110.46	gb_AJ252200_+_1278-4401_ARO:3003056_smeE	83.333	72	12	0	301892	301963	1171	1242	4.91e-09	67.6	671533
NODE_2_length_532716_cov_110.46	gb_AF173226_+_3767-6917_ARO:3003052_smeB	83.784	74	12	0	301890	301963	1169	1242	3.79e-10	71.3	1675539
NODE_2_length_532716_cov_110.46	gb_AJ252200_+_1278-4401_ARO:3003056_smeE	83.333	72	12	0	301892	301963	1171	1242	4.91e-09	67.6	1675539
NODE_2_length_532716_cov_110.46	gb_AF173226_+_3767-6917_ARO:3003052_smeB	83.784	74	12	0	301890	301963	1169	1242	3.79e-10	71.3	2864084
NODE_2_length_532716_cov_110.46	gb_AJ252200_+_1278-4401_ARO:3003056_smeE	83.333	72	12	0	301892	301963	1171	1242	4.91e-09	67.6	2864084
NODE_2_length_532716_cov_110.46	gb_AF173226_+_3767-6917_ARO:3003052_smeB	83.784	74	12	0	301890	301963	1169	1242	3.79e-10	71.3	2863973
NODE_2_length_532716_cov_110.46	gb_AJ252200_+_1278-4401_ARO:3003056_smeE	83.333	72	12	0	301892	301963	1171	1242	4.91e-09	67.6	2863973
NODE_2_length_532716_cov_110.46	gb_AF173226_+_3767-6917_ARO:3003052_smeB	83.784	74	12	0	301890	301963	1169	1242	3.79e-10	71.3	993717
NODE_2_length_532716_cov_110.46	gb_AJ252200_+_1278-4401_ARO:3003056_smeE	83.333	72	12	0	301892	301963	1171	1242	4.91e-09	67.6	993717
NODE_2_length_532716_cov_110.46	gb_AF173226_+_3767-6917_ARO:3003052_smeB	83.784	74	12	0	301890	301963	1169	1242	3.79e-10	71.3	2697403
NODE_2_length_532716_cov_110.46	gb_AJ252200_+_1278-4401_ARO:3003056_smeE	83.333	72	12	0	301892	301963	1171	1242	4.91e-09	67.6	2697403
NODE_2_length_532716_cov_110.46	gb_AF173226_+_3767-6917_ARO:3003052_smeB	83.784	74	12	0	301890	301963	1169	1242	3.79e-10	71.3	6204354
NODE_2_length_532716_cov_110.46	gb_AJ252200_+_1278-4401_ARO:3003056_smeE	83.333	72	12	0	301892	301963	1171	1242	4.91e-09	67.6	6204354
NODE_2_length_532716_cov_110.46	gb_AF173226_+_3767-6917_ARO:3003052_smeB	83.784	74	12	0	301890	301963	1169	1242	3.79e-10	71.3	2389789
NODE_2_length_532716_cov_110.46	gb_AJ252200_+_1278-4401_ARO:3003056_smeE	83.333	72	12	0	301892	301963	1171	1242	4.91e-09	67.6	2389789
NODE_2_length_532716_cov_110.46	gb_AF173226_+_3767-6917_ARO:3003052_smeB	83.784	74	12	0	301890	301963	1169	1242	3.79e-10	71.3	1219571
NODE_2_length_532716_cov_110.46	gb_AJ252200_+_1278-4401_ARO:3003056_smeE	83.333	72	12	0	301892	301963	1171	1242	4.91e-09	67.6	1219571
NODE_2_length_532716_cov_110.46	gb_AF173226_+_3767-6917_ARO:3003052_smeB	83.784	74	12	0	301890	301963	1169	1242	3.79e-10	71.3	475559
NODE_2_length_532716_cov_110.46	gb_AJ252200_+_1278-4401_ARO:3003056_smeE	83.333	72	12	0	301892	301963	1171	1242	4.91e-09	67.6	475559
NODE_2_length_532716_cov_110.46	gb_AF173226_+_3767-6917_ARO:3003052_smeB	83.784	74	12	0	301890	301963	1169	1242	3.79e-10	71.3	6345189
NODE_2_length_532716_cov_110.46	gb_AJ252200_+_1278-4401_ARO:3003056_smeE	83.333	72	12	0	301892	301963	1171	1242	4.91e-09	67.6	6345189
NODE_2_length_532716_cov_110.46	gb_AF173226_+_3767-6917_ARO:3003052_smeB	83.784	74	12	0	301890	301963	1169	1242	3.79e-10	71.3	2061851
NODE_2_length_532716_cov_110.46	gb_AJ252200_+_1278-4401_ARO:3003056_smeE	83.333	72	12	0	301892	301963	1171	1242	4.91e-09	67.6	2061851
NODE_2_length_532716_cov_110.46	gb_AF173226_+_3767-6917_ARO:3003052_smeB	83.784	74	12	0	301890	301963	1169	1242	3.79e-10	71.3	3606502
NODE_2_length_532716_cov_110.46	gb_AJ252200_+_1278-4401_ARO:3003056_smeE	83.333	72	12	0	301892	301963	1171	1242	4.91e-09	67.6	3606502
NODE_2_length_532716_cov_110.46	gb_AF173226_+_3767-6917_ARO:3003052_smeB	83.784	74	12	0	301890	301963	1169	1242	3.79e-10	71.3	4786075
NODE_2_length_532716_cov_110.46	gb_AJ252200_+_1278-4401_ARO:3003056_smeE	83.333	72	12	0	301892	301963	1171	1242	4.91e-09	67.6	4786075
NODE_2_length_532716_cov_110.46	gb_AF173226_+_3767-6917_ARO:3003052_smeB	83.784	74	12	0	301890	301963	1169	1242	3.79e-10	71.3	1482636
NODE_2_length_532716_cov_110.46	gb_AJ252200_+_1278-4401_ARO:3003056_smeE	83.333	72	12	0	301892	301963	1171	1242	4.91e-09	67.6	1482636
NODE_2_length_532716_cov_110.46	gb_AF173226_+_3767-6917_ARO:3003052_smeB	83.784	74	12	0	301890	301963	1169	1242	3.79e-10	71.3	954189
NODE_2_length_532716_cov_110.46	gb_AJ252200_+_1278-4401_ARO:3003056_smeE	83.333	72	12	0	301892	301963	1171	1242	4.91e-09	67.6	954189
NODE_2_length_532716_cov_110.46	gb_AF173226_+_3767-6917_ARO:3003052_smeB	83.784	74	12	0	301890	301963	1169	1242	3.79e-10	71.3	4796770
NODE_2_length_532716_cov_110.46	gb_AJ252200_+_1278-4401_ARO:3003056_smeE	83.333	72	12	0	301892	301963	1171	1242	4.91e-09	67.6	4796770
NODE_2_length_532716_cov_110.46	gb_AF173226_+_3767-6917_ARO:3003052_smeB	83.784	74	12	0	301890	301963	1169	1242	3.79e-10	71.3	4796770
NODE_2_length_532716_cov_110.46	gb_AJ252200_+_1278-4401_ARO:3003056_smeE	83.333	72	12	0	301892	301963	1171	1242	4.91e-09	67.6	4796770
NODE_2_length_532716_cov_110.46	gb_AF173226_+_3767-6917_ARO:3003052_smeB	83.784	74	12	0	301890	301963	1169	1242	3.79e-10	71.3	3512741
NODE_2_length_532716_cov_110.46	gb_AJ252200_+_1278-4401_ARO:3003056_smeE	83.333	72	12	0	301892	301963	1171	1242	4.91e-09	67.6	3512741
NODE_2_length_532716_cov_110.46	gb_AF173226_+_3767-6917_ARO:3003052_smeB	83.784	74	12	0	301890	301963	1169	1242	3.79e-10	71.3	2106532
NODE_2_length_532716_cov_110.46	gb_AJ252200_+_1278-4401_ARO:3003056_smeE	83.333	72	12	0	301892	301963	1171	1242	4.91e-09	67.6	2106532
NODE_2_length_532716_cov_110.46	gb_AF173226_+_3767-6917_ARO:3003052_smeB	83.784	74	12	0	301890	301963	1169	1242	3.79e-10	71.3	5014728
NODE_2_length_532716_cov_110.46	gb_AJ252200_+_1278-4401_ARO:3003056_smeE	83.333	72	12	0	301892	301963	1171	1242	4.91e-09	67.6	5014728
NODE_2_length_532716_cov_110.46	gb_AF173226_+_3767-6917_ARO:3003052_smeB	83.784	74	12	0	301890	301963	1169	1242	3.79e-10	71.3	239868
NODE_2_length_532716_cov_110.46	gb_AJ252200_+_1278-4401_ARO:3003056_smeE	83.333	72	12	0	301892	301963	1171	1242	4.91e-09	67.6	239868
NODE_2_length_532716_cov_110.46	gb_AF173226_+_3767-6917_ARO:3003052_smeB	83.784	74	12	0	301890	301963	1169	1242	3.79e-10	71.3	6345655
NODE_2_length_532716_cov_110.46	gb_AJ252200_+_1278-4401_ARO:3003056_smeE	83.333	72	12	0	301892	301963	1171	1242	4.91e-09	67.6	6345655
NODE_2_length_532716_cov_110.46	gb_AF173226_+_3767-6917_ARO:3003052_smeB	83.784	74	12	0	301890	301963	1169	1242	3.79e-10	71.3	4748506
NODE_2_length_532716_cov_110.46	gb_AJ252200_+_1278-4401_ARO:3003056_smeE	83.333	72	12	0	301892	301963	1171	1242	4.91e-09	67.6	4748506
NODE_2_length_532716_cov_110.46	gb_AF173226_+_3767-6917_ARO:3003052_smeB	83.784	74	12	0	301890	301963	1169	1242	3.79e-10	71.3	5014915
NODE_2_length_532716_cov_110.46	gb_AJ252200_+_1278-4401_ARO:3003056_smeE	83.333	72	12	0	301892	301963	1171	1242	4.91e-09	67.6	5014915
NODE_2_length_532716_cov_110.46	gb_AF173226_+_3767-6917_ARO:3003052_smeB	83.784	74	12	0	301890	301963	1169	1242	3.79e-10	71.3	2731574
NODE_2_length_532716_cov_110.46	gb_AJ252200_+_1278-4401_ARO:3003056_smeE	83.333	72	12	0	301892	301963	1171	1242	4.91e-09	67.6	2731574
NODE_2_length_532716_cov_110.46	gb_AF173226_+_3767-6917_ARO:3003052_smeB	83.784	74	12	0	301890	301963	1169	1242	3.79e-10	71.3	525727
NODE_2_length_532716_cov_110.46	gb_AJ252200_+_1278-4401_ARO:3003056_smeE	83.333	72	12	0	301892	301963	1171	1242	4.91e-09	67.6	525727
NODE_2_length_532716_cov_110.46	gb_AF173226_+_3767-6917_ARO:3003052_smeB	83.784	74	12	0	301890	301963	1169	1242	3.79e-10	71.3	525727
NODE_2_length_532716_cov_110.46	gb_AJ252200_+_1278-4401_ARO:3003056_smeE	83.333	72	12	0	301892	301963	1171	1242	4.91e-09	67.6	525727
NODE_2_length_532716_cov_110.46	gb_AF173226_+_3767-6917_ARO:3003052_smeB	83.784	74	12	0	301890	301963	1169	1242	3.79e-10	71.3	4810568
NODE_2_length_532716_cov_110.46	gb_AJ252200_+_1278-4401_ARO:3003056_smeE	83.333	72	12	0	301892	301963	1171	1242	4.91e-09	67.6	4810568
NODE_2_length_532716_cov_110.46	gb_AF173226_+_3767-6917_ARO:3003052_smeB	83.784	74	12	0	301890	301963	1169	1242	3.79e-10	71.3	6345063
NODE_2_length_532716_cov_110.46	gb_AJ252200_+_1278-4401_ARO:3003056_smeE	83.333	72	12	0	301892	301963	1171	1242	4.91e-09	67.6	6345063
NODE_2_length_532716_cov_110.46	gb_AF173226_+_3767-6917_ARO:3003052_smeB	83.784	74	12	0	301890	301963	1169	1242	3.79e-10	71.3	2864169
NODE_2_length_532716_cov_110.46	gb_AJ252200_+_1278-4401_ARO:3003056_smeE	83.333	72	12	0	301892	301963	1171	1242	4.91e-09	67.6	2864169
NODE_2_length_532716_cov_110.46	gb_AF173226_+_3767-6917_ARO:3003052_smeB	83.784	74	12	0	301890	301963	1169	1242	3.79e-10	71.3	5014712
NODE_2_length_532716_cov_110.46	gb_AJ252200_+_1278-4401_ARO:3003056_smeE	83.333	72	12	0	301892	301963	1171	1242	4.91e-09	67.6	5014712
NODE_2_length_532716_cov_110.46	gb_AF173226_+_3767-6917_ARO:3003052_smeB	83.784	74	12	0	301890	301963	1169	1242	3.79e-10	71.3	5015145
NODE_2_length_532716_cov_110.46	gb_AJ252200_+_1278-4401_ARO:3003056_smeE	83.333	72	12	0	301892	301963	1171	1242	4.91e-09	67.6	5015145
NODE_2_length_532716_cov_110.46	gb_AF173226_+_3767-6917_ARO:3003052_smeB	83.784	74	12	0	301890	301963	1169	1242	3.79e-10	71.3	42014
NODE_2_length_532716_cov_110.46	gb_AJ252200_+_1278-4401_ARO:3003056_smeE	83.333	72	12	0	301892	301963	1171	1242	4.91e-09	67.6	42014
NODE_2_length_532716_cov_110.46	gb_AF173226_+_3767-6917_ARO:3003052_smeB	83.784	74	12	0	301890	301963	1169	1242	3.79e-10	71.3	2327649
NODE_2_length_532716_cov_110.46	gb_AJ252200_+_1278-4401_ARO:3003056_smeE	83.333	72	12	0	301892	301963	1171	1242	4.91e-09	67.6	2327649
NODE_2_length_532716_cov_110.46	gb_AF173226_+_3767-6917_ARO:3003052_smeB	83.784	74	12	0	301890	301963	1169	1242	3.79e-10	71.3	210836
NODE_2_length_532716_cov_110.46	gb_AJ252200_+_1278-4401_ARO:3003056_smeE	83.333	72	12	0	301892	301963	1171	1242	4.91e-09	67.6	210836
NODE_2_length_532716_cov_110.46	gb_AF173226_+_3767-6917_ARO:3003052_smeB	83.784	74	12	0	301890	301963	1169	1242	3.79e-10	71.3	4101341
NODE_2_length_532716_cov_110.46	gb_AJ252200_+_1278-4401_ARO:3003056_smeE	83.333	72	12	0	301892	301963	1171	1242	4.91e-09	67.6	4101341
NODE_2_length_532716_cov_110.46	gb_AF173226_+_3767-6917_ARO:3003052_smeB	83.784	74	12	0	301890	301963	1169	1242	3.79e-10	71.3	1675499
NODE_2_length_532716_cov_110.46	gb_AJ252200_+_1278-4401_ARO:3003056_smeE	83.333	72	12	0	301892	301963	1171	1242	4.91e-09	67.6	1675499
NODE_2_length_532716_cov_110.46	gb_AF173226_+_3767-6917_ARO:3003052_smeB	83.784	74	12	0	301890	301963	1169	1242	3.79e-10	71.3	59525
NODE_2_length_532716_cov_110.46	gb_AJ252200_+_1278-4401_ARO:3003056_smeE	83.333	72	12	0	301892	301963	1171	1242	4.91e-09	67.6	59525
NODE_2_length_532716_cov_110.46	gb_AF173226_+_3767-6917_ARO:3003052_smeB	83.784	74	12	0	301890	301963	1169	1242	3.79e-10	71.3	4700954
NODE_2_length_532716_cov_110.46	gb_AJ252200_+_1278-4401_ARO:3003056_smeE	83.333	72	12	0	301892	301963	1171	1242	4.91e-09	67.6	4700954
NODE_2_length_532716_cov_110.46	gb_AF173226_+_3767-6917_ARO:3003052_smeB	83.784	74	12	0	301890	301963	1169	1242	3.79e-10	71.3	1374780
NODE_2_length_532716_cov_110.46	gb_AJ252200_+_1278-4401_ARO:3003056_smeE	83.333	72	12	0	301892	301963	1171	1242	4.91e-09	67.6	1374780
NODE_109_length_126940_cov_84.6169	gb_GQ343019_+_132-1023_ARO:3002999_CblA-1	99.214	891	7	0	9997	10887	891	1	0.0	1607	74066
NODE_109_length_126940_cov_84.6169	gb_GQ343019_+_132-1023_ARO:3002999_CblA-1	99.214	891	7	0	9997	10887	891	1	0.0	1607	4774573
NODE_109_length_126940_cov_84.6169	gb_GQ343019_+_132-1023_ARO:3002999_CblA-1	99.214	891	7	0	9997	10887	891	1	0.0	1607	4794186
NODE_109_length_126940_cov_84.6169	gb_GQ343019_+_132-1023_ARO:3002999_CblA-1	99.214	891	7	0	9997	10887	891	1	0.0	1607	4780318
NODE_109_length_126940_cov_84.6169	gb_GQ343019_+_132-1023_ARO:3002999_CblA-1	99.214	891	7	0	9997	10887	891	1	0.0	1607	2106632
NODE_109_length_126940_cov_84.6169	gb_GQ343019_+_132-1023_ARO:3002999_CblA-1	99.214	891	7	0	9997	10887	891	1	0.0	1607	601371
NODE_109_length_126940_cov_84.6169	gb_GQ343019_+_132-1023_ARO:3002999_CblA-1	99.214	891	7	0	9997	10887	891	1	0.0	1607	5014623
NODE_109_length_126940_cov_84.6169	gb_GQ343019_+_132-1023_ARO:3002999_CblA-1	99.214	891	7	0	9997	10887	891	1	0.0	1607	249834
NODE_109_length_126940_cov_84.6169	gb_GQ343019_+_132-1023_ARO:3002999_CblA-1	99.214	891	7	0	9997	10887	891	1	0.0	1607	1694429
NODE_109_length_126940_cov_84.6169	gb_GQ343019_+_132-1023_ARO:3002999_CblA-1	99.214	891	7	0	9997	10887	891	1	0.0	1607	2063509
NODE_109_length_126940_cov_84.6169	gb_GQ343019_+_132-1023_ARO:3002999_CblA-1	99.214	891	7	0	9997	10887	891	1	0.0	1607	339109
NODE_109_length_126940_cov_84.6169	gb_GQ343019_+_132-1023_ARO:3002999_CblA-1	99.214	891	7	0	9997	10887	891	1	0.0	1607	1589232
NODE_109_length_126940_cov_84.6169	gb_GQ343019_+_132-1023_ARO:3002999_CblA-1	99.214	891	7	0	9997	10887	891	1	0.0	1607	4776142
NODE_109_length_126940_cov_84.6169	gb_GQ343019_+_132-1023_ARO:3002999_CblA-1	99.214	891	7	0	9997	10887	891	1	0.0	1607	2306854
NODE_109_length_126940_cov_84.6169	gb_GQ343019_+_132-1023_ARO:3002999_CblA-1	99.214	891	7	0	9997	10887	891	1	0.0	1607	4791505
NODE_109_length_126940_cov_84.6169	gb_GQ343019_+_132-1023_ARO:3002999_CblA-1	99.214	891	7	0	9997	10887	891	1	0.0	1607	968578
NODE_109_length_126940_cov_84.6169	gb_GQ343019_+_132-1023_ARO:3002999_CblA-1	99.214	891	7	0	9997	10887	891	1	0.0	1607	3988752
NODE_109_length_126940_cov_84.6169	gb_GQ343019_+_132-1023_ARO:3002999_CblA-1	99.214	891	7	0	9997	10887	891	1	0.0	1607	1404149
NODE_109_length_126940_cov_84.6169	gb_GQ343019_+_132-1023_ARO:3002999_CblA-1	99.214	891	7	0	9997	10887	891	1	0.0	1607	671515
NODE_109_length_126940_cov_84.6169	gb_GQ343019_+_132-1023_ARO:3002999_CblA-1	99.214	891	7	0	9997	10887	891	1	0.0	1607	4717639
NODE_109_length_126940_cov_84.6169	gb_GQ343019_+_132-1023_ARO:3002999_CblA-1	99.214	891	7	0	9997	10887	891	1	0.0	1607	4729158
NODE_109_length_126940_cov_84.6169	gb_GQ343019_+_132-1023_ARO:3002999_CblA-1	99.214	891	7	0	9997	10887	891	1	0.0	1607	5014767
NODE_129_length_116328_cov_66.2765	gb_NC_002516_+_2810008-2813197_ARO:3000804_MexF	81.545	233	43	0	32018	32250	1268	1036	1.70e-47	193	2864028
NODE_129_length_116328_cov_66.2765	gb_AFRQ01000061.1_-_23986-27124_ARO:3004144_AxyY	76.230	244	56	2	32009	32251	1265	1023	4.85e-28	128	2864028
NODE_129_length_116328_cov_66.2765	gb_NC_010378.1_+_47850-51003_ARO:3003923_oqxB	76.098	205	43	3	32030	32231	1256	1055	2.94e-20	102	2864028
NODE_129_length_116328_cov_66.2765	gb_NC_002516_+_2810008-2813197_ARO:3000804_MexF	81.545	233	43	0	32018	32250	1268	1036	1.70e-47	193	5014943
NODE_129_length_116328_cov_66.2765	gb_AFRQ01000061.1_-_23986-27124_ARO:3004144_AxyY	76.230	244	56	2	32009	32251	1265	1023	4.85e-28	128	5014943
NODE_129_length_116328_cov_66.2765	gb_NC_010378.1_+_47850-51003_ARO:3003923_oqxB	76.098	205	43	3	32030	32231	1256	1055	2.94e-20	102	5014943
NODE_129_length_116328_cov_66.2765	gb_NC_002516_+_2810008-2813197_ARO:3000804_MexF	81.545	233	43	0	32018	32250	1268	1036	1.70e-47	193	3516182
NODE_129_length_116328_cov_66.2765	gb_AFRQ01000061.1_-_23986-27124_ARO:3004144_AxyY	76.230	244	56	2	32009	32251	1265	1023	4.85e-28	128	3516182
NODE_129_length_116328_cov_66.2765	gb_NC_010378.1_+_47850-51003_ARO:3003923_oqxB	76.098	205	43	3	32030	32231	1256	1055	2.94e-20	102	3516182
NODE_129_length_116328_cov_66.2765	gb_NC_002516_+_2810008-2813197_ARO:3000804_MexF	81.545	233	43	0	32018	32250	1268	1036	1.70e-47	193	954267
NODE_129_length_116328_cov_66.2765	gb_AFRQ01000061.1_-_23986-27124_ARO:3004144_AxyY	76.230	244	56	2	32009	32251	1265	1023	4.85e-28	128	954267
NODE_129_length_116328_cov_66.2765	gb_NC_010378.1_+_47850-51003_ARO:3003923_oqxB	76.098	205	43	3	32030	32231	1256	1055	2.94e-20	102	954267
NODE_129_length_116328_cov_66.2765	gb_NC_002516_+_2810008-2813197_ARO:3000804_MexF	81.545	233	43	0	32018	32250	1268	1036	1.70e-47	193	954241
NODE_129_length_116328_cov_66.2765	gb_AFRQ01000061.1_-_23986-27124_ARO:3004144_AxyY	76.230	244	56	2	32009	32251	1265	1023	4.85e-28	128	954241
NODE_129_length_116328_cov_66.2765	gb_NC_010378.1_+_47850-51003_ARO:3003923_oqxB	76.098	205	43	3	32030	32231	1256	1055	2.94e-20	102	954241
NODE_129_length_116328_cov_66.2765	gb_NC_002516_+_2810008-2813197_ARO:3000804_MexF	81.545	233	43	0	32018	32250	1268	1036	1.70e-47	193	4687748
NODE_129_length_116328_cov_66.2765	gb_AFRQ01000061.1_-_23986-27124_ARO:3004144_AxyY	76.230	244	56	2	32009	32251	1265	1023	4.85e-28	128	4687748
NODE_129_length_116328_cov_66.2765	gb_NC_010378.1_+_47850-51003_ARO:3003923_oqxB	76.098	205	43	3	32030	32231	1256	1055	2.94e-20	102	4687748
NODE_129_length_116328_cov_66.2765	gb_NC_002516_+_2810008-2813197_ARO:3000804_MexF	81.545	233	43	0	32018	32250	1268	1036	1.70e-47	193	1956484
NODE_129_length_116328_cov_66.2765	gb_AFRQ01000061.1_-_23986-27124_ARO:3004144_AxyY	76.230	244	56	2	32009	32251	1265	1023	4.85e-28	128	1956484
NODE_129_length_116328_cov_66.2765	gb_NC_010378.1_+_47850-51003_ARO:3003923_oqxB	76.098	205	43	3	32030	32231	1256	1055	2.94e-20	102	1956484
NODE_129_length_116328_cov_66.2765	gb_NC_002516_+_2810008-2813197_ARO:3000804_MexF	81.545	233	43	0	32018	32250	1268	1036	1.70e-47	193	6345474
NODE_129_length_116328_cov_66.2765	gb_AFRQ01000061.1_-_23986-27124_ARO:3004144_AxyY	76.230	244	56	2	32009	32251	1265	1023	4.85e-28	128	6345474
NODE_129_length_116328_cov_66.2765	gb_NC_010378.1_+_47850-51003_ARO:3003923_oqxB	76.098	205	43	3	32030	32231	1256	1055	2.94e-20	102	6345474
NODE_129_length_116328_cov_66.2765	gb_NC_002516_+_2810008-2813197_ARO:3000804_MexF	81.545	233	43	0	32018	32250	1268	1036	1.70e-47	193	1681842
NODE_129_length_116328_cov_66.2765	gb_AFRQ01000061.1_-_23986-27124_ARO:3004144_AxyY	76.230	244	56	2	32009	32251	1265	1023	4.85e-28	128	1681842
NODE_129_length_116328_cov_66.2765	gb_NC_010378.1_+_47850-51003_ARO:3003923_oqxB	76.098	205	43	3	32030	32231	1256	1055	2.94e-20	102	1681842
NODE_129_length_116328_cov_66.2765	gb_NC_002516_+_2810008-2813197_ARO:3000804_MexF	81.545	233	43	0	32018	32250	1268	1036	1.70e-47	193	4827584
NODE_129_length_116328_cov_66.2765	gb_AFRQ01000061.1_-_23986-27124_ARO:3004144_AxyY	76.230	244	56	2	32009	32251	1265	1023	4.85e-28	128	4827584
NODE_129_length_116328_cov_66.2765	gb_NC_010378.1_+_47850-51003_ARO:3003923_oqxB	76.098	205	43	3	32030	32231	1256	1055	2.94e-20	102	4827584
NODE_129_length_116328_cov_66.2765	gb_NC_002516_+_2810008-2813197_ARO:3000804_MexF	81.545	233	43	0	32018	32250	1268	1036	1.70e-47	193	4101407
NODE_129_length_116328_cov_66.2765	gb_AFRQ01000061.1_-_23986-27124_ARO:3004144_AxyY	76.230	244	56	2	32009	32251	1265	1023	4.85e-28	128	4101407
NODE_129_length_116328_cov_66.2765	gb_NC_010378.1_+_47850-51003_ARO:3003923_oqxB	76.098	205	43	3	32030	32231	1256	1055	2.94e-20	102	4101407
NODE_129_length_116328_cov_66.2765	gb_NC_002516_+_2810008-2813197_ARO:3000804_MexF	81.545	233	43	0	32018	32250	1268	1036	1.70e-47	193	557129
NODE_129_length_116328_cov_66.2765	gb_AFRQ01000061.1_-_23986-27124_ARO:3004144_AxyY	76.230	244	56	2	32009	32251	1265	1023	4.85e-28	128	557129
NODE_129_length_116328_cov_66.2765	gb_NC_010378.1_+_47850-51003_ARO:3003923_oqxB	76.098	205	43	3	32030	32231	1256	1055	2.94e-20	102	557129
NODE_129_length_116328_cov_66.2765	gb_NC_002516_+_2810008-2813197_ARO:3000804_MexF	81.545	233	43	0	32018	32250	1268	1036	1.70e-47	193	2371709
NODE_129_length_116328_cov_66.2765	gb_AFRQ01000061.1_-_23986-27124_ARO:3004144_AxyY	76.230	244	56	2	32009	32251	1265	1023	4.85e-28	128	2371709
NODE_129_length_116328_cov_66.2765	gb_NC_010378.1_+_47850-51003_ARO:3003923_oqxB	76.098	205	43	3	32030	32231	1256	1055	2.94e-20	102	2371709
NODE_129_length_116328_cov_66.2765	gb_NC_002516_+_2810008-2813197_ARO:3000804_MexF	81.545	233	43	0	32018	32250	1268	1036	1.70e-47	193	5014751
NODE_129_length_116328_cov_66.2765	gb_AFRQ01000061.1_-_23986-27124_ARO:3004144_AxyY	76.230	244	56	2	32009	32251	1265	1023	4.85e-28	128	5014751
NODE_129_length_116328_cov_66.2765	gb_NC_010378.1_+_47850-51003_ARO:3003923_oqxB	76.098	205	43	3	32030	32231	1256	1055	2.94e-20	102	5014751
NODE_129_length_116328_cov_66.2765	gb_NC_002516_+_2810008-2813197_ARO:3000804_MexF	81.545	233	43	0	32018	32250	1268	1036	1.70e-47	193	1085784
NODE_129_length_116328_cov_66.2765	gb_AFRQ01000061.1_-_23986-27124_ARO:3004144_AxyY	76.230	244	56	2	32009	32251	1265	1023	4.85e-28	128	1085784
NODE_129_length_116328_cov_66.2765	gb_NC_010378.1_+_47850-51003_ARO:3003923_oqxB	76.098	205	43	3	32030	32231	1256	1055	2.94e-20	102	1085784
NODE_129_length_116328_cov_66.2765	gb_NC_002516_+_2810008-2813197_ARO:3000804_MexF	81.545	233	43	0	32018	32250	1268	1036	1.70e-47	193	1681916
NODE_129_length_116328_cov_66.2765	gb_AFRQ01000061.1_-_23986-27124_ARO:3004144_AxyY	76.230	244	56	2	32009	32251	1265	1023	4.85e-28	128	1681916
NODE_129_length_116328_cov_66.2765	gb_NC_010378.1_+_47850-51003_ARO:3003923_oqxB	76.098	205	43	3	32030	32231	1256	1055	2.94e-20	102	1681916
NODE_129_length_116328_cov_66.2765	gb_NC_002516_+_2810008-2813197_ARO:3000804_MexF	81.545	233	43	0	32018	32250	1268	1036	1.70e-47	193	2723806
NODE_129_length_116328_cov_66.2765	gb_AFRQ01000061.1_-_23986-27124_ARO:3004144_AxyY	76.230	244	56	2	32009	32251	1265	1023	4.85e-28	128	2723806
NODE_129_length_116328_cov_66.2765	gb_NC_010378.1_+_47850-51003_ARO:3003923_oqxB	76.098	205	43	3	32030	32231	1256	1055	2.94e-20	102	2723806
NODE_129_length_116328_cov_66.2765	gb_NC_002516_+_2810008-2813197_ARO:3000804_MexF	81.545	233	43	0	32018	32250	1268	1036	1.70e-47	193	46662
NODE_129_length_116328_cov_66.2765	gb_AFRQ01000061.1_-_23986-27124_ARO:3004144_AxyY	76.230	244	56	2	32009	32251	1265	1023	4.85e-28	128	46662
NODE_129_length_116328_cov_66.2765	gb_NC_010378.1_+_47850-51003_ARO:3003923_oqxB	76.098	205	43	3	32030	32231	1256	1055	2.94e-20	102	46662
NODE_129_length_116328_cov_66.2765	gb_NC_002516_+_2810008-2813197_ARO:3000804_MexF	81.545	233	43	0	32018	32250	1268	1036	1.70e-47	193	877919
NODE_129_length_116328_cov_66.2765	gb_AFRQ01000061.1_-_23986-27124_ARO:3004144_AxyY	76.230	244	56	2	32009	32251	1265	1023	4.85e-28	128	877919
NODE_129_length_116328_cov_66.2765	gb_NC_010378.1_+_47850-51003_ARO:3003923_oqxB	76.098	205	43	3	32030	32231	1256	1055	2.94e-20	102	877919
NODE_129_length_116328_cov_66.2765	gb_NC_002516_+_2810008-2813197_ARO:3000804_MexF	81.545	233	43	0	32018	32250	1268	1036	1.70e-47	193	294017
NODE_129_length_116328_cov_66.2765	gb_AFRQ01000061.1_-_23986-27124_ARO:3004144_AxyY	76.230	244	56	2	32009	32251	1265	1023	4.85e-28	128	294017
NODE_129_length_116328_cov_66.2765	gb_NC_010378.1_+_47850-51003_ARO:3003923_oqxB	76.098	205	43	3	32030	32231	1256	1055	2.94e-20	102	294017
NODE_129_length_116328_cov_66.2765	gb_NC_002516_+_2810008-2813197_ARO:3000804_MexF	81.545	233	43	0	32018	32250	1268	1036	1.70e-47	193	1339630
NODE_129_length_116328_cov_66.2765	gb_AFRQ01000061.1_-_23986-27124_ARO:3004144_AxyY	76.230	244	56	2	32009	32251	1265	1023	4.85e-28	128	1339630
NODE_129_length_116328_cov_66.2765	gb_NC_010378.1_+_47850-51003_ARO:3003923_oqxB	76.098	205	43	3	32030	32231	1256	1055	2.94e-20	102	1339630
NODE_129_length_116328_cov_66.2765	gb_NC_002516_+_2810008-2813197_ARO:3000804_MexF	81.545	233	43	0	32018	32250	1268	1036	1.70e-47	193	1339630
NODE_129_length_116328_cov_66.2765	gb_AFRQ01000061.1_-_23986-27124_ARO:3004144_AxyY	76.230	244	56	2	32009	32251	1265	1023	4.85e-28	128	1339630
NODE_129_length_116328_cov_66.2765	gb_NC_010378.1_+_47850-51003_ARO:3003923_oqxB	76.098	205	43	3	32030	32231	1256	1055	2.94e-20	102	1339630
NODE_129_length_116328_cov_66.2765	gb_NC_002516_+_2810008-2813197_ARO:3000804_MexF	81.545	233	43	0	32018	32250	1268	1036	1.70e-47	193	841563
NODE_129_length_116328_cov_66.2765	gb_AFRQ01000061.1_-_23986-27124_ARO:3004144_AxyY	76.230	244	56	2	32009	32251	1265	1023	4.85e-28	128	841563
NODE_129_length_116328_cov_66.2765	gb_NC_010378.1_+_47850-51003_ARO:3003923_oqxB	76.098	205	43	3	32030	32231	1256	1055	2.94e-20	102	841563
NODE_129_length_116328_cov_66.2765	gb_NC_002516_+_2810008-2813197_ARO:3000804_MexF	81.545	233	43	0	32018	32250	1268	1036	1.70e-47	193	2740875
NODE_129_length_116328_cov_66.2765	gb_AFRQ01000061.1_-_23986-27124_ARO:3004144_AxyY	76.230	244	56	2	32009	32251	1265	1023	4.85e-28	128	2740875
NODE_129_length_116328_cov_66.2765	gb_NC_010378.1_+_47850-51003_ARO:3003923_oqxB	76.098	205	43	3	32030	32231	1256	1055	2.94e-20	102	2740875
NODE_129_length_116328_cov_66.2765	gb_NC_002516_+_2810008-2813197_ARO:3000804_MexF	81.545	233	43	0	32018	32250	1268	1036	1.70e-47	193	2720505
NODE_129_length_116328_cov_66.2765	gb_AFRQ01000061.1_-_23986-27124_ARO:3004144_AxyY	76.230	244	56	2	32009	32251	1265	1023	4.85e-28	128	2720505
NODE_129_length_116328_cov_66.2765	gb_NC_010378.1_+_47850-51003_ARO:3003923_oqxB	76.098	205	43	3	32030	32231	1256	1055	2.94e-20	102	2720505
NODE_129_length_116328_cov_66.2765	gb_NC_002516_+_2810008-2813197_ARO:3000804_MexF	81.545	233	43	0	32018	32250	1268	1036	1.70e-47	193	3861852
NODE_129_length_116328_cov_66.2765	gb_AFRQ01000061.1_-_23986-27124_ARO:3004144_AxyY	76.230	244	56	2	32009	32251	1265	1023	4.85e-28	128	3861852
NODE_129_length_116328_cov_66.2765	gb_NC_010378.1_+_47850-51003_ARO:3003923_oqxB	76.098	205	43	3	32030	32231	1256	1055	2.94e-20	102	3861852
NODE_165_length_102658_cov_11.902	gb_U05883_+_555-1458_ARO:3003559_cepA	99.557	903	4	0	83105	84007	1	903	0.0	1646	4784949
NODE_165_length_102658_cov_11.902	gb_U05883_+_555-1458_ARO:3003559_cepA	99.557	903	4	0	83105	84007	1	903	0.0	1646	1465588
NODE_165_length_102658_cov_11.902	gb_U05883_+_555-1458_ARO:3003559_cepA	99.557	903	4	0	83105	84007	1	903	0.0	1646	3000180
NODE_165_length_102658_cov_11.902	gb_U05883_+_555-1458_ARO:3003559_cepA	99.557	903	4	0	83105	84007	1	903	0.0	1646	5014502
NODE_165_length_102658_cov_11.902	gb_U05883_+_555-1458_ARO:3003559_cepA	99.557	903	4	0	83105	84007	1	903	0.0	1646	4096228
NODE_180_length_97817_cov_82.2576	gb_NC_000913.3_-_481253-484403_ARO:3000216_acrB	74.614	583	135	8	93440	94011	975	1555	3.88e-63	244	6345379
NODE_180_length_97817_cov_82.2576	gb_NC_000913.3_-_481253-484403_ARO:3000216_acrB	74.614	583	135	8	93440	94011	975	1555	3.88e-63	244	6345379
NODE_271_length_77409_cov_9.23633	gb_M80346_+_0-1656_ARO:3002817_carA	94.286	35	2	0	50561	50595	1468	1502	5.56e-06	54.7	5014916
NODE_271_length_77409_cov_9.23633	gb_M80346_+_0-1656_ARO:3002817_carA	94.286	35	2	0	50561	50595	1468	1502	5.56e-06	54.7	167406
NODE_271_length_77409_cov_9.23633	gb_M80346_+_0-1656_ARO:3002817_carA	94.286	35	2	0	50561	50595	1468	1502	5.56e-06	54.7	6345527
NODE_271_length_77409_cov_9.23633	gb_M80346_+_0-1656_ARO:3002817_carA	94.286	35	2	0	50561	50595	1468	1502	5.56e-06	54.7	6345527
NODE_271_length_77409_cov_9.23633	gb_M80346_+_0-1656_ARO:3002817_carA	94.286	35	2	0	50561	50595	1468	1502	5.56e-06	54.7	5015675
NODE_271_length_77409_cov_9.23633	gb_M80346_+_0-1656_ARO:3002817_carA	94.286	35	2	0	50561	50595	1468	1502	5.56e-06	54.7	2864300
NODE_273_length_77053_cov_131.047	gb_NC_000913.3_-_481253-484403_ARO:3000216_acrB	91.803	61	5	0	1743	1803	2969	2909	1.96e-15	86.1	6211675
NODE_273_length_77053_cov_131.047	gb_NC_000913.3_-_481253-484403_ARO:3000216_acrB	91.803	61	5	0	1743	1803	2969	2909	1.96e-15	86.1	2723953
NODE_273_length_77053_cov_131.047	gb_NC_000913.3_-_481253-484403_ARO:3000216_acrB	91.803	61	5	0	1743	1803	2969	2909	1.96e-15	86.1	162447
NODE_273_length_77053_cov_131.047	gb_NC_000913.3_-_481253-484403_ARO:3000216_acrB	91.803	61	5	0	1743	1803	2969	2909	1.96e-15	86.1	321221
NODE_273_length_77053_cov_131.047	gb_NC_000913.3_-_481253-484403_ARO:3000216_acrB	91.803	61	5	0	1743	1803	2969	2909	1.96e-15	86.1	4827584
NODE_273_length_77053_cov_131.047	gb_NC_000913.3_-_481253-484403_ARO:3000216_acrB	91.803	61	5	0	1743	1803	2969	2909	1.96e-15	86.1	3524101
NODE_273_length_77053_cov_131.047	gb_NC_000913.3_-_481253-484403_ARO:3000216_acrB	91.803	61	5	0	1743	1803	2969	2909	1.96e-15	86.1	130795
NODE_273_length_77053_cov_131.047	gb_NC_000913.3_-_481253-484403_ARO:3000216_acrB	91.803	61	5	0	1743	1803	2969	2909	1.96e-15	86.1	5014444
NODE_273_length_77053_cov_131.047	gb_NC_000913.3_-_481253-484403_ARO:3000216_acrB	91.803	61	5	0	1743	1803	2969	2909	1.96e-15	86.1	3999619
NODE_273_length_77053_cov_131.047	gb_NC_000913.3_-_481253-484403_ARO:3000216_acrB	91.803	61	5	0	1743	1803	2969	2909	1.96e-15	86.1	4824894
NODE_273_length_77053_cov_131.047	gb_NC_000913.3_-_481253-484403_ARO:3000216_acrB	91.803	61	5	0	1743	1803	2969	2909	1.96e-15	86.1	1209454
NODE_273_length_77053_cov_131.047	gb_NC_000913.3_-_481253-484403_ARO:3000216_acrB	91.803	61	5	0	1743	1803	2969	2909	1.96e-15	86.1	2306986
NODE_273_length_77053_cov_131.047	gb_NC_000913.3_-_481253-484403_ARO:3000216_acrB	91.803	61	5	0	1743	1803	2969	2909	1.96e-15	86.1	1681916
NODE_298_length_74095_cov_12.1862	gb_CP004067_+_52914-53709_ARO:3002647_APH(3')-IIIa	100.000	795	0	0	73245	74039	795	1	0.0	1469	6345372
NODE_298_length_74095_cov_12.1862	gb_CP004067_+_52914-53709_ARO:3002647_APH(3')-IIIa	100.000	795	0	0	73245	74039	795	1	0.0	1469	1675785
NODE_298_length_74095_cov_12.1862	gb_CP004067_+_52914-53709_ARO:3002647_APH(3')-IIIa	100.000	795	0	0	73245	74039	795	1	0.0	1469	2864192
NODE_298_length_74095_cov_12.1862	gb_CP004067_+_52914-53709_ARO:3002647_APH(3')-IIIa	100.000	795	0	0	73245	74039	795	1	0.0	1469	5015211
NODE_328_length_70310_cov_30.1395	gb_NC_002516_+_2810008-2813197_ARO:3000804_MexF	81.865	193	33	2	31287	31478	1251	1060	2.89e-38	161	3606365
NODE_328_length_70310_cov_30.1395	gb_NC_010378.1_+_47850-51003_ARO:3003923_oqxB	75.258	194	44	4	31287	31478	1251	1060	1.38e-16	89.8	3606365
NODE_328_length_70310_cov_30.1395	gb_L11616_+_1569-4710_ARO:3000378_MexB	84.524	84	13	0	31287	31370	1242	1159	6.44e-15	84.2	3606365
NODE_328_length_70310_cov_30.1395	gb_U57969_+_1485-4617_ARO:3000801_MexD	80.000	100	20	0	31287	31386	1248	1149	3.88e-12	75.0	3606365
NODE_328_length_70310_cov_30.1395	gb_NC_002516_+_4707534-4710624_ARO:3000808_mexI	90.000	50	5	0	31287	31336	1221	1172	2.33e-09	65.8	3606365
NODE_328_length_70310_cov_30.1395	gb_NC_002516_+_2810008-2813197_ARO:3000804_MexF	81.865	193	33	2	31287	31478	1251	1060	2.89e-38	161	327023
NODE_328_length_70310_cov_30.1395	gb_NC_010378.1_+_47850-51003_ARO:3003923_oqxB	75.258	194	44	4	31287	31478	1251	1060	1.38e-16	89.8	327023
NODE_328_length_70310_cov_30.1395	gb_L11616_+_1569-4710_ARO:3000378_MexB	84.524	84	13	0	31287	31370	1242	1159	6.44e-15	84.2	327023
NODE_328_length_70310_cov_30.1395	gb_U57969_+_1485-4617_ARO:3000801_MexD	80.000	100	20	0	31287	31386	1248	1149	3.88e-12	75.0	327023
NODE_328_length_70310_cov_30.1395	gb_NC_002516_+_4707534-4710624_ARO:3000808_mexI	90.000	50	5	0	31287	31336	1221	1172	2.33e-09	65.8	327023
NODE_330_length_70143_cov_13.6438	gb_NC_002516.2_+_4904646-4907703_ARO:3003031_mexW	85.714	77	11	0	16571	16647	1145	1221	2.31e-14	82.4	59722
NODE_330_length_70143_cov_13.6438	gb_NC_002516.2_+_4904646-4907703_ARO:3003031_mexW	85.714	77	11	0	16571	16647	1145	1221	2.31e-14	82.4	59722
NODE_330_length_70143_cov_13.6438	gb_NC_002516.2_+_4904646-4907703_ARO:3003031_mexW	85.714	77	11	0	16571	16647	1145	1221	2.31e-14	82.4	5014942
NODE_330_length_70143_cov_13.6438	gb_NC_002516.2_+_4904646-4907703_ARO:3003031_mexW	85.714	77	11	0	16571	16647	1145	1221	2.31e-14	82.4	1225643
NODE_820_length_39875_cov_10.7465	gb_AY768532_+_0-1935_ARO:3000535_macB	94.737	38	2	0	12026	12063	155	118	6.16e-08	60.2	3606108
NODE_820_length_39875_cov_10.7465	gb_AY768532_+_0-1935_ARO:3000535_macB	94.737	38	2	0	12026	12063	155	118	6.16e-08	60.2	221828
NODE_820_length_39875_cov_10.7465	gb_AY768532_+_0-1935_ARO:3000535_macB	94.737	38	2	0	12026	12063	155	118	6.16e-08	60.2	280271
NODE_820_length_39875_cov_10.7465	gb_AY768532_+_0-1935_ARO:3000535_macB	94.737	38	2	0	12026	12063	155	118	6.16e-08	60.2	5015063
NODE_870_length_38164_cov_30.3219	gb_AF170880_+_0-1848_ARO:3002522_novA	71.212	594	149	22	8345	8927	1171	1753	4.43e-29	130	2864152
NODE_870_length_38164_cov_30.3219	gb_AF170880_+_0-1848_ARO:3002522_novA	71.212	594	149	22	8345	8927	1171	1753	4.43e-29	130	889622
NODE_870_length_38164_cov_30.3219	gb_AF170880_+_0-1848_ARO:3002522_novA	71.212	594	149	22	8345	8927	1171	1753	4.43e-29	130	77910
NODE_870_length_38164_cov_30.3219	gb_AF170880_+_0-1848_ARO:3002522_novA	71.212	594	149	22	8345	8927	1171	1753	4.43e-29	130	77910
NODE_870_length_38164_cov_30.3219	gb_AF170880_+_0-1848_ARO:3002522_novA	71.212	594	149	22	8345	8927	1171	1753	4.43e-29	130	261675
NODE_870_length_38164_cov_30.3219	gb_AF170880_+_0-1848_ARO:3002522_novA	71.212	594	149	22	8345	8927	1171	1753	4.43e-29	130	771212
NODE_870_length_38164_cov_30.3219	gb_AF170880_+_0-1848_ARO:3002522_novA	71.212	594	149	22	8345	8927	1171	1753	4.43e-29	130	97471
NODE_870_length_38164_cov_30.3219	gb_AF170880_+_0-1848_ARO:3002522_novA	71.212	594	149	22	8345	8927	1171	1753	4.43e-29	130	178239
NODE_870_length_38164_cov_30.3219	gb_AF170880_+_0-1848_ARO:3002522_novA	71.212	594	149	22	8345	8927	1171	1753	4.43e-29	130	232759
NODE_870_length_38164_cov_30.3219	gb_AF170880_+_0-1848_ARO:3002522_novA	71.212	594	149	22	8345	8927	1171	1753	4.43e-29	130	1374878
NODE_870_length_38164_cov_30.3219	gb_AF170880_+_0-1848_ARO:3002522_novA	71.212	594	149	22	8345	8927	1171	1753	4.43e-29	130	78155
NODE_870_length_38164_cov_30.3219	gb_AF170880_+_0-1848_ARO:3002522_novA	71.212	594	149	22	8345	8927	1171	1753	4.43e-29	130	127679
NODE_870_length_38164_cov_30.3219	gb_AF170880_+_0-1848_ARO:3002522_novA	71.212	594	149	22	8345	8927	1171	1753	4.43e-29	130	4101225
NODE_870_length_38164_cov_30.3219	gb_AF170880_+_0-1848_ARO:3002522_novA	71.212	594	149	22	8345	8927	1171	1753	4.43e-29	130	3191875
NODE_870_length_38164_cov_30.3219	gb_AF170880_+_0-1848_ARO:3002522_novA	71.212	594	149	22	8345	8927	1171	1753	4.43e-29	130	4101114
NODE_870_length_38164_cov_30.3219	gb_AF170880_+_0-1848_ARO:3002522_novA	71.212	594	149	22	8345	8927	1171	1753	4.43e-29	130	414943
NODE_870_length_38164_cov_30.3219	gb_AF170880_+_0-1848_ARO:3002522_novA	71.212	594	149	22	8345	8927	1171	1753	4.43e-29	130	2688581
NODE_870_length_38164_cov_30.3219	gb_AF170880_+_0-1848_ARO:3002522_novA	71.212	594	149	22	8345	8927	1171	1753	4.43e-29	130	1091624
NODE_870_length_38164_cov_30.3219	gb_AF170880_+_0-1848_ARO:3002522_novA	71.212	594	149	22	8345	8927	1171	1753	4.43e-29	130	201795
NODE_947_length_35634_cov_8.82436	gb_AY082011_+_5900-6932_ARO:3000005_vanD	86.301	73	10	0	2877	2949	367	295	4.23e-14	80.5	1439308
NODE_947_length_35634_cov_8.82436	gb_AY082011_+_5900-6932_ARO:3000005_vanD	86.301	73	10	0	2877	2949	367	295	4.23e-14	80.5	1439308
NODE_947_length_35634_cov_8.82436	gb_AY082011_+_5900-6932_ARO:3000005_vanD	86.301	73	10	0	2877	2949	367	295	4.23e-14	80.5	671959
NODE_1239_length_28399_cov_23.7954	gb_NC_007779_+_2586250-2589364_ARO:3000491_acrD	96.875	32	1	0	3308	3339	1876	1907	2.04e-06	54.7	327023
NODE_1239_length_28399_cov_23.7954	gb_NC_007779_+_2586250-2589364_ARO:3000491_acrD	96.875	32	1	0	3308	3339	1876	1907	2.04e-06	54.7	280324
NODE_1239_length_28399_cov_23.7954	gb_NC_007779_+_2586250-2589364_ARO:3000491_acrD	96.875	32	1	0	3308	3339	1876	1907	2.04e-06	54.7	1225643
NODE_2078_length_18080_cov_13.8412	gb_AF235050.4_+_38028-40140_ARO:3003318_Streptomyces	83.696	92	15	0	5196	5287	413	322	1.28e-16	87.9	231541
NODE_2078_length_18080_cov_13.8412	gb_AF235050.4_+_38028-40140_ARO:3003318_Streptomyces	83.696	92	15	0	5196	5287	413	322	1.28e-16	87.9	572819
NODE_2078_length_18080_cov_13.8412	gb_AF235050.4_+_38028-40140_ARO:3003318_Streptomyces	83.696	92	15	0	5196	5287	413	322	1.28e-16	87.9	171719
NODE_2078_length_18080_cov_13.8412	gb_AF235050.4_+_38028-40140_ARO:3003318_Streptomyces	83.696	92	15	0	5196	5287	413	322	1.28e-16	87.9	171719
NODE_2078_length_18080_cov_13.8412	gb_AF235050.4_+_38028-40140_ARO:3003318_Streptomyces	83.696	92	15	0	5196	5287	413	322	1.28e-16	87.9	1675886
NODE_2078_length_18080_cov_13.8412	gb_AF235050.4_+_38028-40140_ARO:3003318_Streptomyces	83.696	92	15	0	5196	5287	413	322	1.28e-16	87.9	701180
NODE_2078_length_18080_cov_13.8412	gb_AF235050.4_+_38028-40140_ARO:3003318_Streptomyces	83.696	92	15	0	5196	5287	413	322	1.28e-16	87.9	1058486
NODE_2078_length_18080_cov_13.8412	gb_AF235050.4_+_38028-40140_ARO:3003318_Streptomyces	83.696	92	15	0	5196	5287	413	322	1.28e-16	87.9	1058486
NODE_2379_length_15661_cov_12.2265	gb_NC_002516.2_-_2847775-2850886_ARO:3004075_MuxC	100.000	33	0	0	4858	4890	1201	1233	6.73e-09	62.1	3667423
NODE_2379_length_15661_cov_12.2265	gb_NC_002516.2_-_2847775-2850886_ARO:3004075_MuxC	100.000	33	0	0	4858	4890	1201	1233	6.73e-09	62.1	5014845
NODE_2379_length_15661_cov_12.2265	gb_NC_002516.2_-_2847775-2850886_ARO:3004075_MuxC	100.000	33	0	0	4858	4890	1201	1233	6.73e-09	62.1	2106632
NODE_2379_length_15661_cov_12.2265	gb_NC_002516.2_-_2847775-2850886_ARO:3004075_MuxC	100.000	33	0	0	4858	4890	1201	1233	6.73e-09	62.1	1117215
NODE_2379_length_15661_cov_12.2265	gb_NC_002516.2_-_2847775-2850886_ARO:3004075_MuxC	100.000	33	0	0	4858	4890	1201	1233	6.73e-09	62.1	4794186
NODE_2560_length_14633_cov_12.7579	gb_X01702_+_484-1285_ARO:3002659_APH(6)-Ic	94.444	36	1	1	8418	8452	518	483	1.05e-06	54.7	3602537
NODE_2560_length_14633_cov_12.7579	gb_X01702_+_484-1285_ARO:3002659_APH(6)-Ic	94.444	36	1	1	8418	8452	518	483	1.05e-06	54.7	3606550
NODE_2560_length_14633_cov_12.7579	gb_X01702_+_484-1285_ARO:3002659_APH(6)-Ic	94.444	36	1	1	8418	8452	518	483	1.05e-06	54.7	1056468
NODE_2560_length_14633_cov_12.7579	gb_X01702_+_484-1285_ARO:3002659_APH(6)-Ic	94.444	36	1	1	8418	8452	518	483	1.05e-06	54.7	4101434
NODE_2560_length_14633_cov_12.7579	gb_X01702_+_484-1285_ARO:3002659_APH(6)-Ic	94.444	36	1	1	8418	8452	518	483	1.05e-06	54.7	178468
NODE_2954_length_12393_cov_12.2337	gb_U05883_+_555-1458_ARO:3003559_cepA	77.423	815	166	17	6170	6975	882	77	7.46e-132	470	6186840
NODE_2954_length_12393_cov_12.2337	gb_U05883_+_555-1458_ARO:3003559_cepA	77.423	815	166	17	6170	6975	882	77	7.46e-132	470	4690235
NODE_2954_length_12393_cov_12.2337	gb_U05883_+_555-1458_ARO:3003559_cepA	77.423	815	166	17	6170	6975	882	77	7.46e-132	470	1181598
NODE_2977_length_12317_cov_9.48026	gb_X01702_+_484-1285_ARO:3002659_APH(6)-Ic	100.000	29	0	0	3516	3544	486	514	8.85e-07	54.7	168235
NODE_2977_length_12317_cov_9.48026	gb_X01702_+_484-1285_ARO:3002659_APH(6)-Ic	100.000	29	0	0	3516	3544	486	514	8.85e-07	54.7	1259585
NODE_2977_length_12317_cov_9.48026	gb_X01702_+_484-1285_ARO:3002659_APH(6)-Ic	100.000	29	0	0	3516	3544	486	514	8.85e-07	54.7	1374902
NODE_2977_length_12317_cov_9.48026	gb_X01702_+_484-1285_ARO:3002659_APH(6)-Ic	100.000	29	0	0	3516	3544	486	514	8.85e-07	54.7	1796572
NODE_3040_length_12031_cov_15.7102	gb_U00096_+_3415032-3418137_ARO:3000502_acrF	76.923	91	21	0	5918	6008	1156	1246	3.11e-06	52.8	3667423
NODE_3040_length_12031_cov_15.7102	gb_U00096_+_3415032-3418137_ARO:3000502_acrF	76.923	91	21	0	5918	6008	1156	1246	3.11e-06	52.8	5014845
NODE_3040_length_12031_cov_15.7102	gb_U00096_+_3415032-3418137_ARO:3000502_acrF	76.923	91	21	0	5918	6008	1156	1246	3.11e-06	52.8	1117215
NODE_3242_length_11207_cov_6.38029	gb_L36601_+_1420-3130_ARO:3003036_oleB	90.909	44	3	1	37	80	1532	1574	6.22e-08	58.4	4756895
NODE_3242_length_11207_cov_6.38029	gb_M57437_+_0-1647_ARO:3002827_tlrC	92.500	40	2	1	885	924	563	601	2.24e-07	56.5	4756895
NODE_3344_length_10863_cov_52.8636	gb_AF235050.4_+_38028-40140_ARO:3003318_Streptomyces	73.585	424	83	21	10305	10716	491	85	2.71e-31	135	127057
NODE_3623_length_9894_cov_29.5909	gb_AY769933_+_0-966_ARO:3003005_CfxA4	100.000	966	0	0	8056	9021	966	1	0.0	1784	6345083
NODE_3623_length_9894_cov_29.5909	gb_AF472622_+_52-1018_ARO:3003003_CfxA3	99.896	966	1	0	8056	9021	966	1	0.0	1779	6345083
NODE_3623_length_9894_cov_29.5909	gb_AF118110.1_-_71-1037_ARO:3003002_CfxA2	99.896	966	1	0	8056	9021	966	1	0.0	1779	6345083
NODE_3623_length_9894_cov_29.5909	gb_AY769934_+_27-993_ARO:3003096_CfxA5	99.793	966	2	0	8056	9021	966	1	0.0	1773	6345083
NODE_3623_length_9894_cov_29.5909	gb_U38243_+_149-1115_ARO:3003001_CfxA	99.793	966	2	0	8056	9021	966	1	0.0	1773	6345083
NODE_3623_length_9894_cov_29.5909	gb_GQ342996_+_797-1793_ARO:3003097_CfxA6	89.337	966	100	3	8061	9025	993	30	0.0	1210	6345083
NODE_3623_length_9894_cov_29.5909	gb_AY769933_+_0-966_ARO:3003005_CfxA4	100.000	966	0	0	8056	9021	966	1	0.0	1784	3982849
NODE_3623_length_9894_cov_29.5909	gb_AF472622_+_52-1018_ARO:3003003_CfxA3	99.896	966	1	0	8056	9021	966	1	0.0	1779	3982849
NODE_3623_length_9894_cov_29.5909	gb_AF118110.1_-_71-1037_ARO:3003002_CfxA2	99.896	966	1	0	8056	9021	966	1	0.0	1779	3982849
NODE_3623_length_9894_cov_29.5909	gb_AY769934_+_27-993_ARO:3003096_CfxA5	99.793	966	2	0	8056	9021	966	1	0.0	1773	3982849
NODE_3623_length_9894_cov_29.5909	gb_U38243_+_149-1115_ARO:3003001_CfxA	99.793	966	2	0	8056	9021	966	1	0.0	1773	3982849
NODE_3623_length_9894_cov_29.5909	gb_GQ342996_+_797-1793_ARO:3003097_CfxA6	89.337	966	100	3	8061	9025	993	30	0.0	1210	3982849
NODE_4371_length_7975_cov_29.1107	gb_M57437_+_0-1647_ARO:3002827_tlrC	96.970	33	1	0	4839	4871	600	568	1.59e-07	56.5	1397994
NODE_4371_length_7975_cov_29.1107	gb_M57437_+_0-1647_ARO:3002827_tlrC	96.970	33	1	0	4839	4871	600	568	1.59e-07	56.5	169148
NODE_4371_length_7975_cov_29.1107	gb_M57437_+_0-1647_ARO:3002827_tlrC	96.970	33	1	0	4839	4871	600	568	1.59e-07	56.5	280345
NODE_4371_length_7975_cov_29.1107	gb_M57437_+_0-1647_ARO:3002827_tlrC	96.970	33	1	0	4839	4871	600	568	1.59e-07	56.5	788161
NODE_4371_length_7975_cov_29.1107	gb_M57437_+_0-1647_ARO:3002827_tlrC	96.970	33	1	0	4839	4871	600	568	1.59e-07	56.5	4022197
NODE_4797_length_7156_cov_5.8434	gb_M57437_+_0-1647_ARO:3002827_tlrC	92.500	40	1	2	4128	4167	557	594	1.43e-07	56.5	5013991
NODE_4797_length_7156_cov_5.8434	gb_M57437_+_0-1647_ARO:3002827_tlrC	92.500	40	1	2	4128	4167	557	594	1.43e-07	56.5	3538915
NODE_4797_length_7156_cov_5.8434	gb_M57437_+_0-1647_ARO:3002827_tlrC	92.500	40	1	2	4128	4167	557	594	1.43e-07	56.5	6207398
NODE_5296_length_6330_cov_971.097	gb_Z21523_+_0-1974_ARO:3000191_tetQ	97.366	1974	52	0	3770	5743	1974	1	0.0	3358	5014725
NODE_5296_length_6330_cov_971.097	gb_Z21523_+_0-1974_ARO:3000191_tetQ	97.366	1974	52	0	3770	5743	1974	1	0.0	3358	1584156
NODE_5296_length_6330_cov_971.097	gb_Z21523_+_0-1974_ARO:3000191_tetQ	97.366	1974	52	0	3770	5743	1974	1	0.0	3358	1584156
NODE_5296_length_6330_cov_971.097	gb_Z21523_+_0-1974_ARO:3000191_tetQ	97.366	1974	52	0	3770	5743	1974	1	0.0	3358	129974
NODE_5296_length_6330_cov_971.097	gb_Z21523_+_0-1974_ARO:3000191_tetQ	97.366	1974	52	0	3770	5743	1974	1	0.0	3358	129974
NODE_5471_length_6082_cov_19.2248	gb_Z21523_+_0-1974_ARO:3000191_tetQ	100.000	54	0	0	6029	6082	1961	1908	5.53e-21	100	205682
NODE_5471_length_6082_cov_19.2248	gb_Z21523_+_0-1974_ARO:3000191_tetQ	100.000	54	0	0	6029	6082	1961	1908	5.53e-21	100	2864445
NODE_5479_length_6067_cov_7.70492	gb_AY768532_+_0-1935_ARO:3000535_macB	86.364	66	9	0	433	498	1644	1579	1.20e-12	73.1	2864604
NODE_5479_length_6067_cov_7.70492	gb_AY768532_+_0-1935_ARO:3000535_macB	86.364	66	9	0	433	498	1644	1579	1.20e-12	73.1	2864604
NODE_5479_length_6067_cov_7.70492	gb_AY768532_+_0-1935_ARO:3000535_macB	86.364	66	9	0	433	498	1644	1579	1.20e-12	73.1	6345525
NODE_8345_length_3627_cov_118.929	gb_AJ295238.3_+_163-2083_ARO:3000196_tet32	87.669	1922	215	21	1218	3128	1	1911	0.0	2217	965151
NODE_10620_length_2739_cov_249.083	gb_AF118110.1_-_71-1037_ARO:3003002_CfxA2	86.120	951	131	1	1711	2661	953	4	0.0	1024	4796381
NODE_10620_length_2739_cov_249.083	gb_AF472622_+_52-1018_ARO:3003003_CfxA3	86.015	951	132	1	1711	2661	953	4	0.0	1018	4796381
NODE_10620_length_2739_cov_249.083	gb_AY769934_+_27-993_ARO:3003096_CfxA5	86.015	951	132	1	1711	2661	953	4	0.0	1018	4796381
NODE_10620_length_2739_cov_249.083	gb_U38243_+_149-1115_ARO:3003001_CfxA	86.015	951	132	1	1711	2661	953	4	0.0	1018	4796381
NODE_10620_length_2739_cov_249.083	gb_AY769933_+_0-966_ARO:3003005_CfxA4	86.015	951	132	1	1711	2661	953	4	0.0	1018	4796381
NODE_10620_length_2739_cov_249.083	gb_GQ342996_+_797-1793_ARO:3003097_CfxA6	84.963	951	136	6	1716	2663	980	34	0.0	957	4796381
NODE_12724_length_2250_cov_74.8774	gb_M18896.2_+_206-2126_ARO:3000190_tetO	99.583	1920	8	0	290	2209	1	1920	0.0	3502	214020
NODE_12724_length_2250_cov_74.8774	gb_AJ295238.3_+_163-2083_ARO:3000196_tet32	94.465	831	46	0	1379	2209	1090	1920	0.0	1280	214020
NODE_12724_length_2250_cov_74.8774	gb_AJ295238.3_+_163-2083_ARO:3000196_tet32	91.919	396	32	0	290	685	1	396	3.61e-158	555	214020
NODE_30440_length_986_cov_8.45328	gb_KU736867.1_+_19653-21573_ARO:3004442_tet(W/N/W)	95.283	106	5	0	1	106	106	1	2.38e-42	169	965151
NODE_30440_length_986_cov_8.45328	gb_EU434751_+_658-2578_ARO:3000194_tetW	95.283	106	5	0	1	106	106	1	2.38e-42	169	965151
NODE_42564_length_738_cov_10.8258	gb_AP006618.1_+_4835199-4838688_ARO:3000501_Nocardia	82.781	151	22	4	590	738	3285	3137	2.33e-31	132	5014380
NODE_77953_length_440_cov_3.04156	gb_KU736867.1_+_19653-21573_ARO:3004442_tet(W/N/W)	96.875	160	5	0	281	440	1920	1761	9.94e-73	268	431857
NODE_77953_length_440_cov_3.04156	gb_EU434751_+_658-2578_ARO:3000194_tetW	91.447	152	11	2	290	440	1911	1761	2.20e-54	207	431857
