NODE_107_length_35293_cov_13.7559	gb_NC_012469.1_-_1800927-1802391_ARO:3000616_mel	100.000	1464	0	0	32219	33682	1	1464	0.0	2704	5199190
NODE_107_length_35293_cov_13.7559	gb_NC_023287.1_-_65291-66509_ARO:3000615_mefA	96.962	1218	37	0	30882	32099	1	1218	0.0	2045	5199190
NODE_107_length_35293_cov_13.7559	gb_NC_012469.1_-_1800927-1802391_ARO:3000616_mel	100.000	1464	0	0	32219	33682	1	1464	0.0	2704	5199190
NODE_107_length_35293_cov_13.7559	gb_NC_023287.1_-_65291-66509_ARO:3000615_mefA	96.962	1218	37	0	30882	32099	1	1218	0.0	2045	5199190
NODE_320_length_17784_cov_4.84184	gb_AY768532_+_0-1935_ARO:3000535_macB	85.420	1941	270	12	15698	17633	1	1933	0.0	2004	1204613
NODE_320_length_17784_cov_4.84184	gb_AY768531_+_0-1179_ARO:3000533_macA	84.594	1084	157	9	14502	15580	77	1155	0.0	1068	1204613
NODE_320_length_17784_cov_4.84184	gb_AY768532_+_0-1935_ARO:3000535_macB	85.420	1941	270	12	15698	17633	1	1933	0.0	2004	990553
NODE_320_length_17784_cov_4.84184	gb_AY768531_+_0-1179_ARO:3000533_macA	84.594	1084	157	9	14502	15580	77	1155	0.0	1068	990553
NODE_320_length_17784_cov_4.84184	gb_AY768532_+_0-1935_ARO:3000535_macB	85.420	1941	270	12	15698	17633	1	1933	0.0	2004	701944
NODE_320_length_17784_cov_4.84184	gb_AY768531_+_0-1179_ARO:3000533_macA	84.594	1084	157	9	14502	15580	77	1155	0.0	1068	701944
NODE_320_length_17784_cov_4.84184	gb_AY768532_+_0-1935_ARO:3000535_macB	85.420	1941	270	12	15698	17633	1	1933	0.0	2004	287065
NODE_320_length_17784_cov_4.84184	gb_AY768531_+_0-1179_ARO:3000533_macA	84.594	1084	157	9	14502	15580	77	1155	0.0	1068	287065
NODE_391_length_15955_cov_4.62786	gb_NC_003098.1_-_1359228-1360395_ARO:3000025_patB	82.657	1159	197	3	13912	15068	1157	1	0.0	1024	1008454
NODE_391_length_15955_cov_4.62786	gb_NC_003098.1_-_1359228-1360395_ARO:3000025_patB	82.657	1159	197	3	13912	15068	1157	1	0.0	1024	1008454
NODE_391_length_15955_cov_4.62786	gb_NC_003098.1_-_1359228-1360395_ARO:3000025_patB	82.657	1159	197	3	13912	15068	1157	1	0.0	1024	1008160
NODE_391_length_15955_cov_4.62786	gb_NC_003098.1_-_1359228-1360395_ARO:3000025_patB	82.657	1159	197	3	13912	15068	1157	1	0.0	1024	462210
NODE_391_length_15955_cov_4.62786	gb_NC_003098.1_-_1359228-1360395_ARO:3000025_patB	82.657	1159	197	3	13912	15068	1157	1	0.0	1024	462210
NODE_391_length_15955_cov_4.62786	gb_NC_003098.1_-_1359228-1360395_ARO:3000025_patB	82.657	1159	197	3	13912	15068	1157	1	0.0	1024	3654736
NODE_391_length_15955_cov_4.62786	gb_NC_003098.1_-_1359228-1360395_ARO:3000025_patB	82.657	1159	197	3	13912	15068	1157	1	0.0	1024	3654736
NODE_391_length_15955_cov_4.62786	gb_NC_003098.1_-_1359228-1360395_ARO:3000025_patB	82.657	1159	197	3	13912	15068	1157	1	0.0	1024	614459
NODE_1032_length_8790_cov_5.56989	gb_AP006618.1_+_4835199-4838688_ARO:3000501_Nocardia	81.847	314	51	5	4332	4642	3023	3333	1.25e-68	259	3552334
NODE_1200_length_7944_cov_7.74661	gb_AF235050.4_+_38028-40140_ARO:3003318_Streptomyces	76.026	780	146	36	7	770	1679	925	6.46e-101	366	280584
NODE_1200_length_7944_cov_7.74661	gb_AF235050.4_+_38028-40140_ARO:3003318_Streptomyces	76.026	780	146	36	7	770	1679	925	6.46e-101	366	3913467
NODE_1200_length_7944_cov_7.74661	gb_AF235050.4_+_38028-40140_ARO:3003318_Streptomyces	76.026	780	146	36	7	770	1679	925	6.46e-101	366	1738488
NODE_1200_length_7944_cov_7.74661	gb_AF235050.4_+_38028-40140_ARO:3003318_Streptomyces	76.026	780	146	36	7	770	1679	925	6.46e-101	366	2938154
NODE_1761_length_6266_cov_6.46047	gb_NC_003112.2_-_1791966-1795170_ARO:3000811_mtrD	80.773	3183	598	12	1383	4558	1	3176	0.0	2475	715074
NODE_2564_length_4903_cov_5.40347	gb_AP006618.1_+_4835199-4838688_ARO:3000501_Nocardia	73.566	2179	543	28	2739	4902	287	2447	0.0	802	1461673
NODE_2564_length_4903_cov_5.40347	gb_AP006618.1_+_4835199-4838688_ARO:3000501_Nocardia	73.566	2179	543	28	2739	4902	287	2447	0.0	802	1041094
NODE_3090_length_4276_cov_35.9825	gb_NC_014638.1_-_1610636-1613960_ARO:3003730_Bifidobacteria	78.054	442	95	2	3	443	1708	2148	1.67e-74	278	441129
NODE_3090_length_4276_cov_35.9825	gb_NC_014638.1_-_1610636-1613960_ARO:3003730_Bifidobacteria	78.054	442	95	2	3	443	1708	2148	1.67e-74	278	947248
NODE_3090_length_4276_cov_35.9825	gb_NC_014638.1_-_1610636-1613960_ARO:3003730_Bifidobacteria	78.054	442	95	2	3	443	1708	2148	1.67e-74	278	34054
NODE_3090_length_4276_cov_35.9825	gb_NC_014638.1_-_1610636-1613960_ARO:3003730_Bifidobacteria	78.054	442	95	2	3	443	1708	2148	1.67e-74	278	990589
NODE_3090_length_4276_cov_35.9825	gb_NC_014638.1_-_1610636-1613960_ARO:3003730_Bifidobacteria	78.054	442	95	2	3	443	1708	2148	1.67e-74	278	1942581
NODE_3090_length_4276_cov_35.9825	gb_NC_014638.1_-_1610636-1613960_ARO:3003730_Bifidobacteria	78.054	442	95	2	3	443	1708	2148	1.67e-74	278	6429226
NODE_3090_length_4276_cov_35.9825	gb_NC_014638.1_-_1610636-1613960_ARO:3003730_Bifidobacteria	78.054	442	95	2	3	443	1708	2148	1.67e-74	278	6429226
NODE_3807_length_3641_cov_6.17624	gb_CP007593.1_+_2148923-2149772_ARO:3001301_RlmA(II)	84.342	843	128	4	2014	2854	1	841	0.0	822	2967916
NODE_3807_length_3641_cov_6.17624	gb_CP007593.1_+_2148923-2149772_ARO:3001301_RlmA(II)	84.342	843	128	4	2014	2854	1	841	0.0	822	783294
NODE_3807_length_3641_cov_6.17624	gb_CP007593.1_+_2148923-2149772_ARO:3001301_RlmA(II)	84.342	843	128	4	2014	2854	1	841	0.0	822	783294
NODE_4180_length_3407_cov_4.05519	gb_AF235050.4_+_38028-40140_ARO:3003318_Streptomyces	75.299	1004	198	37	1404	2382	1089	2067	7.46e-122	435	1475876
NODE_4180_length_3407_cov_4.05519	gb_AF235050.4_+_38028-40140_ARO:3003318_Streptomyces	78.358	402	81	4	348	746	54	452	6.24e-68	255	1475876
NODE_4180_length_3407_cov_4.05519	gb_AF235050.4_+_38028-40140_ARO:3003318_Streptomyces	75.299	1004	198	37	1404	2382	1089	2067	7.46e-122	435	280584
NODE_4180_length_3407_cov_4.05519	gb_AF235050.4_+_38028-40140_ARO:3003318_Streptomyces	78.358	402	81	4	348	746	54	452	6.24e-68	255	280584
NODE_4180_length_3407_cov_4.05519	gb_AF235050.4_+_38028-40140_ARO:3003318_Streptomyces	75.299	1004	198	37	1404	2382	1089	2067	7.46e-122	435	280584
NODE_4180_length_3407_cov_4.05519	gb_AF235050.4_+_38028-40140_ARO:3003318_Streptomyces	78.358	402	81	4	348	746	54	452	6.24e-68	255	280584
NODE_4813_length_3050_cov_2.78798	gb_X63451_+_0-1653_ARO:3002828_srmB	100.000	35	0	0	2397	2431	1465	1499	1.01e-10	65.8	355027
NODE_4864_length_3023_cov_2.21159	gb_NC_000913.3_-_481253-484403_ARO:3000216_acrB	80.460	87	13	3	1271	1354	1559	1474	3.60e-10	63.9	1738434
NODE_6990_length_2235_cov_22.2206	gb_Z50108_+_238-1768_ARO:3003026_fusH	91.111	45	1	2	482	523	561	517	1.23e-08	58.4	1314696
NODE_6990_length_2235_cov_22.2206	gb_Z50108_+_238-1768_ARO:3003026_fusH	91.111	45	1	2	482	523	561	517	1.23e-08	58.4	1314696
NODE_6990_length_2235_cov_22.2206	gb_Z50108_+_238-1768_ARO:3003026_fusH	91.111	45	1	2	482	523	561	517	1.23e-08	58.4	177915
NODE_6990_length_2235_cov_22.2206	gb_Z50108_+_238-1768_ARO:3003026_fusH	91.111	45	1	2	482	523	561	517	1.23e-08	58.4	177915
NODE_6990_length_2235_cov_22.2206	gb_Z50108_+_238-1768_ARO:3003026_fusH	91.111	45	1	2	482	523	561	517	1.23e-08	58.4	616522
NODE_7513_length_2099_cov_4.59344	gb_X63451_+_0-1653_ARO:3002828_srmB	77.586	116	20	6	1027	1139	1577	1465	6.92e-11	65.8	355027
NODE_8189_length_1953_cov_2.51001	gb_NC_000913.3_-_481253-484403_ARO:3000216_acrB	81.034	116	15	5	1349	1459	1462	1575	4.95e-17	86.1	1738434
NODE_9521_length_1693_cov_34.2582	gb_AP006618.1_+_4835199-4838688_ARO:3000501_Nocardia	74.062	1226	274	37	1	1204	2247	1044	1.69e-130	462	2843607
NODE_10090_length_1603_cov_43.011	gb_NC_014638.1_-_1610636-1613960_ARO:3003730_Bifidobacteria	73.942	591	127	24	134	712	1609	1034	1.78e-55	213	381433
NODE_10589_length_1528_cov_2.56755	gb_L36601_+_1420-3130_ARO:3003036_oleB	95.000	40	2	0	689	728	673	634	1.81e-10	63.9	192882
NODE_17247_length_954_cov_3.39488	gb_X63451_+_0-1653_ARO:3002828_srmB	97.059	34	1	0	733	766	1466	1499	5.20e-09	58.4	159169
NODE_25309_length_668_cov_1.79772	gb_AY768532_+_0-1935_ARO:3000535_macB	87.619	105	13	0	1	105	105	1	1.26e-28	122	990553
NODE_33063_length_526_cov_1.23567	gb_AFRQ01000061.1_-_23986-27124_ARO:3004144_AxyY	83.810	105	15	2	90	193	2631	2734	1.66e-21	99.0	5199556
NODE_39375_length_454_cov_3.43358	gb_M57437_+_0-1647_ARO:3002827_tlrC	100.000	33	0	0	103	135	1500	1468	1.87e-10	62.1	506769
