NODE_54_length_31745_cov_6.27453	gb_NC_017452.1_-_1144673-1146068_ARO:3003953_hmrM	90.753	1395	129	0	7807	9201	1	1395	0.0	1862	3291890
NODE_370_length_13228_cov_3.88241	gb_NC_003112.2_+_329612-330767_ARO:3003961_farA	73.232	919	222	22	2911	3817	1033	127	1.42e-84	313	920595
NODE_370_length_13228_cov_3.88241	gb_NC_003112.2_+_329612-330767_ARO:3003961_farA	73.232	919	222	22	2911	3817	1033	127	1.42e-84	313	717644
NODE_389_length_12892_cov_4.80237	gb_HG970100.1_+_0-1457_ARO:3003948_efrA	100.000	31	0	0	10528	10558	1232	1202	7.16e-08	58.4	3652795
NODE_389_length_12892_cov_4.80237	gb_HG970100.1_+_0-1457_ARO:3003948_efrA	100.000	31	0	0	10528	10558	1232	1202	7.16e-08	58.4	2840970
NODE_389_length_12892_cov_4.80237	gb_HG970100.1_+_0-1457_ARO:3003948_efrA	100.000	31	0	0	10528	10558	1232	1202	7.16e-08	58.4	6371578
NODE_389_length_12892_cov_4.80237	gb_HG970100.1_+_0-1457_ARO:3003948_efrA	100.000	31	0	0	10528	10558	1232	1202	7.16e-08	58.4	4499881
NODE_389_length_12892_cov_4.80237	gb_HG970100.1_+_0-1457_ARO:3003948_efrA	100.000	31	0	0	10528	10558	1232	1202	7.16e-08	58.4	2133403
NODE_389_length_12892_cov_4.80237	gb_HG970100.1_+_0-1457_ARO:3003948_efrA	100.000	31	0	0	10528	10558	1232	1202	7.16e-08	58.4	544841
NODE_389_length_12892_cov_4.80237	gb_HG970100.1_+_0-1457_ARO:3003948_efrA	100.000	31	0	0	10528	10558	1232	1202	7.16e-08	58.4	544818
NODE_389_length_12892_cov_4.80237	gb_HG970100.1_+_0-1457_ARO:3003948_efrA	100.000	31	0	0	10528	10558	1232	1202	7.16e-08	58.4	544818
NODE_868_length_8558_cov_5.62801	gb_HM990671_+_5192-6671_ARO:3003112_lsaC	91.075	1479	130	2	1428	2904	1479	1	0.0	1999	6407345
NODE_879_length_8501_cov_14.637	gb_NC_003098.1_-_1359228-1360395_ARO:3000025_patB	82.312	1159	201	3	2675	3831	1	1157	0.0	1002	291001
NODE_1659_length_5860_cov_6.00276	gb_EU434751_+_658-2578_ARO:3000194_tetW	99.844	1920	3	0	2100	4019	1	1920	0.0	3530	21975
NODE_1659_length_5860_cov_6.00276	gb_KU736867.1_+_19653-21573_ARO:3004442_tet(W/N/W)	96.182	1912	71	2	2100	4010	1	1911	0.0	3125	21975
NODE_1659_length_5860_cov_6.00276	gb_EU434751_+_658-2578_ARO:3000194_tetW	99.844	1920	3	0	2100	4019	1	1920	0.0	3530	21975
NODE_1659_length_5860_cov_6.00276	gb_KU736867.1_+_19653-21573_ARO:3004442_tet(W/N/W)	96.182	1912	71	2	2100	4010	1	1911	0.0	3125	21975
NODE_1659_length_5860_cov_6.00276	gb_EU434751_+_658-2578_ARO:3000194_tetW	99.844	1920	3	0	2100	4019	1	1920	0.0	3530	1717205
NODE_1659_length_5860_cov_6.00276	gb_KU736867.1_+_19653-21573_ARO:3004442_tet(W/N/W)	96.182	1912	71	2	2100	4010	1	1911	0.0	3125	1717205
NODE_1847_length_5511_cov_130.753	gb_NC_012469.1_-_1800927-1802391_ARO:3000616_mel	99.932	1464	1	0	1605	3068	1464	1	0.0	2699	2133406
NODE_1847_length_5511_cov_130.753	gb_NC_023287.1_-_65291-66509_ARO:3000615_mefA	96.962	1218	37	0	3188	4405	1218	1	0.0	2045	2133406
NODE_2185_length_4893_cov_3.27367	gb_AY768532_+_0-1935_ARO:3000535_macB	81.376	1541	276	10	4	1540	1534	1	0.0	1245	67175
NODE_2814_length_4104_cov_140.269	gb_CP007593.1_+_2148923-2149772_ARO:3001301_RlmA(II)	88.632	475	54	0	1	475	475	1	3.93e-165	579	240096
NODE_2814_length_4104_cov_140.269	gb_CP007593.1_+_2148923-2149772_ARO:3001301_RlmA(II)	88.632	475	54	0	1	475	475	1	3.93e-165	579	1735919
NODE_6695_length_2154_cov_9.52787	gb_NC_003112.2_-_1791966-1795170_ARO:3000811_mtrD	86.313	358	49	0	1797	2154	3170	2813	1.03e-108	390	73286
NODE_7716_length_1926_cov_13.5345	gb_HM990671_+_5192-6671_ARO:3003112_lsaC	88.979	1479	163	0	410	1888	1479	1	0.0	1829	5192649
NODE_7716_length_1926_cov_13.5345	gb_HM990671_+_5192-6671_ARO:3003112_lsaC	88.979	1479	163	0	410	1888	1479	1	0.0	1829	5192649
NODE_9715_length_1604_cov_26.3144	gb_CP007593.1_+_2148923-2149772_ARO:3001301_RlmA(II)	84.970	845	123	4	608	1450	843	1	0.0	854	240096
NODE_12893_length_1288_cov_24.5223	gb_CP007593.1_+_2148923-2149772_ARO:3001301_RlmA(II)	86.481	540	73	0	749	1288	841	302	4.36e-170	593	421603
NODE_13564_length_1240_cov_28.6937	gb_CP007593.1_+_2148923-2149772_ARO:3001301_RlmA(II)	90.499	842	78	2	24	864	1	841	0.0	1110	407149
NODE_20904_length_903_cov_66.4351	gb_NC_003098.1_+_866210-867410_ARO:3000822_pmrA	96.460	113	4	0	789	901	1	113	6.01e-48	187	6426058
NODE_20904_length_903_cov_66.4351	gb_NC_003098.1_+_866210-867410_ARO:3000822_pmrA	96.460	113	4	0	789	901	1	113	6.01e-48	187	154505
NODE_31072_length_688_cov_2.71564	gb_AF235050.4_+_38028-40140_ARO:3003318_Streptomyces	77.838	370	74	7	223	588	76	441	1.25e-58	222	6082808
NODE_56437_length_463_cov_1.98039	gb_U97042_+_1263-4347_ARO:3003010_ceoB	77.580	281	55	6	2	278	2987	2711	5.09e-41	163	5193044
