NODE_1_length_317932_cov_42.8492	gb_AY768532_+_0-1935_ARO:3000535_macB	81.080	1945	351	14	307634	309571	1935	1	0.0	1537	539993
NODE_1_length_317932_cov_42.8492	gb_AY768532_+_0-1935_ARO:3000535_macB	81.080	1945	351	14	307634	309571	1935	1	0.0	1537	2333454
NODE_1_length_317932_cov_42.8492	gb_AY768532_+_0-1935_ARO:3000535_macB	81.080	1945	351	14	307634	309571	1935	1	0.0	1537	209154
NODE_1_length_317932_cov_42.8492	gb_AY768532_+_0-1935_ARO:3000535_macB	81.080	1945	351	14	307634	309571	1935	1	0.0	1537	44943
NODE_1_length_317932_cov_42.8492	gb_AY768532_+_0-1935_ARO:3000535_macB	81.080	1945	351	14	307634	309571	1935	1	0.0	1537	5146476
NODE_1_length_317932_cov_42.8492	gb_AY768532_+_0-1935_ARO:3000535_macB	81.080	1945	351	14	307634	309571	1935	1	0.0	1537	326550
NODE_1_length_317932_cov_42.8492	gb_AY768532_+_0-1935_ARO:3000535_macB	81.080	1945	351	14	307634	309571	1935	1	0.0	1537	92623
NODE_1_length_317932_cov_42.8492	gb_AY768532_+_0-1935_ARO:3000535_macB	81.080	1945	351	14	307634	309571	1935	1	0.0	1537	92623
NODE_1_length_317932_cov_42.8492	gb_AY768532_+_0-1935_ARO:3000535_macB	81.080	1945	351	14	307634	309571	1935	1	0.0	1537	73977
NODE_1_length_317932_cov_42.8492	gb_AY768532_+_0-1935_ARO:3000535_macB	81.080	1945	351	14	307634	309571	1935	1	0.0	1537	2230459
NODE_1_length_317932_cov_42.8492	gb_AY768532_+_0-1935_ARO:3000535_macB	81.080	1945	351	14	307634	309571	1935	1	0.0	1537	2411873
NODE_18_length_108372_cov_47.4709	gb_AF540889_+_0-327_ARO:3002871_tet37	98.649	222	3	0	25945	26166	222	1	4.04e-108	394	1983579
NODE_18_length_108372_cov_47.4709	gb_AF540889_+_0-327_ARO:3002871_tet37	98.649	222	3	0	25945	26166	222	1	4.04e-108	394	6048070
NODE_18_length_108372_cov_47.4709	gb_AF540889_+_0-327_ARO:3002871_tet37	98.649	222	3	0	25945	26166	222	1	4.04e-108	394	216173
NODE_18_length_108372_cov_47.4709	gb_AF540889_+_0-327_ARO:3002871_tet37	98.649	222	3	0	25945	26166	222	1	4.04e-108	394	186110
NODE_18_length_108372_cov_47.4709	gb_AF540889_+_0-327_ARO:3002871_tet37	98.649	222	3	0	25945	26166	222	1	4.04e-108	394	343370
NODE_18_length_108372_cov_47.4709	gb_AF540889_+_0-327_ARO:3002871_tet37	98.649	222	3	0	25945	26166	222	1	4.04e-108	394	143670
NODE_18_length_108372_cov_47.4709	gb_AF540889_+_0-327_ARO:3002871_tet37	98.649	222	3	0	25945	26166	222	1	4.04e-108	394	330105
NODE_18_length_108372_cov_47.4709	gb_AF540889_+_0-327_ARO:3002871_tet37	98.649	222	3	0	25945	26166	222	1	4.04e-108	394	29554
NODE_18_length_108372_cov_47.4709	gb_AF540889_+_0-327_ARO:3002871_tet37	98.649	222	3	0	25945	26166	222	1	4.04e-108	394	511124
NODE_18_length_108372_cov_47.4709	gb_AF540889_+_0-327_ARO:3002871_tet37	98.649	222	3	0	25945	26166	222	1	4.04e-108	394	842835
NODE_18_length_108372_cov_47.4709	gb_AF540889_+_0-327_ARO:3002871_tet37	98.649	222	3	0	25945	26166	222	1	4.04e-108	394	186881
NODE_18_length_108372_cov_47.4709	gb_AF540889_+_0-327_ARO:3002871_tet37	98.649	222	3	0	25945	26166	222	1	4.04e-108	394	2411813
NODE_18_length_108372_cov_47.4709	gb_AF540889_+_0-327_ARO:3002871_tet37	98.649	222	3	0	25945	26166	222	1	4.04e-108	394	534354
NODE_18_length_108372_cov_47.4709	gb_AF540889_+_0-327_ARO:3002871_tet37	98.649	222	3	0	25945	26166	222	1	4.04e-108	394	29554
NODE_18_length_108372_cov_47.4709	gb_AF540889_+_0-327_ARO:3002871_tet37	98.649	222	3	0	25945	26166	222	1	4.04e-108	394	3554120
NODE_18_length_108372_cov_47.4709	gb_AF540889_+_0-327_ARO:3002871_tet37	98.649	222	3	0	25945	26166	222	1	4.04e-108	394	921815
NODE_18_length_108372_cov_47.4709	gb_AF540889_+_0-327_ARO:3002871_tet37	98.649	222	3	0	25945	26166	222	1	4.04e-108	394	43445
NODE_18_length_108372_cov_47.4709	gb_AF540889_+_0-327_ARO:3002871_tet37	98.649	222	3	0	25945	26166	222	1	4.04e-108	394	43445
NODE_18_length_108372_cov_47.4709	gb_AF540889_+_0-327_ARO:3002871_tet37	98.649	222	3	0	25945	26166	222	1	4.04e-108	394	35495
NODE_18_length_108372_cov_47.4709	gb_AF540889_+_0-327_ARO:3002871_tet37	98.649	222	3	0	25945	26166	222	1	4.04e-108	394	334878
NODE_18_length_108372_cov_47.4709	gb_AF540889_+_0-327_ARO:3002871_tet37	98.649	222	3	0	25945	26166	222	1	4.04e-108	394	2023738
NODE_50_length_65885_cov_38.9597	gb_NC_003112.2_-_1791966-1795170_ARO:3000811_mtrD	80.772	3188	589	20	34070	37245	1	3176	0.0	2470	67175
NODE_50_length_65885_cov_38.9597	gb_NC_003112.2_-_1791966-1795170_ARO:3000811_mtrD	80.772	3188	589	20	34070	37245	1	3176	0.0	2470	162834
NODE_50_length_65885_cov_38.9597	gb_NC_003112.2_-_1791966-1795170_ARO:3000811_mtrD	80.772	3188	589	20	34070	37245	1	3176	0.0	2470	40214
NODE_50_length_65885_cov_38.9597	gb_NC_003112.2_-_1791966-1795170_ARO:3000811_mtrD	80.772	3188	589	20	34070	37245	1	3176	0.0	2470	40214
NODE_403_length_18181_cov_43.9898	gb_NC_003112.2_+_329612-330767_ARO:3003961_farA	73.232	919	222	20	3071	3977	1033	127	1.95e-84	313	265184
NODE_403_length_18181_cov_43.9898	gb_NC_003112.2_+_329612-330767_ARO:3003961_farA	73.232	919	222	20	3071	3977	1033	127	1.95e-84	313	2230459
NODE_772_length_12735_cov_36.4188	gb_NC_014638.1_-_1610636-1613960_ARO:3003730_Bifidobacteria	80.455	880	168	4	10677	11554	1294	2171	0.0	669	912286
NODE_772_length_12735_cov_36.4188	gb_NC_014638.1_-_1610636-1613960_ARO:3003730_Bifidobacteria	80.455	880	168	4	10677	11554	1294	2171	0.0	669	908193
NODE_772_length_12735_cov_36.4188	gb_NC_014638.1_-_1610636-1613960_ARO:3003730_Bifidobacteria	80.455	880	168	4	10677	11554	1294	2171	0.0	669	4990209
NODE_1130_length_10174_cov_39.3413	gb_KX000273.1_+_0-1740_ARO:3004036_tetB(60)	87.714	1050	127	2	9126	10174	1740	692	0.0	1223	1387011
NODE_1130_length_10174_cov_39.3413	gb_KX000273.1_+_0-1740_ARO:3004036_tetB(60)	87.714	1050	127	2	9126	10174	1740	692	0.0	1223	2363312
NODE_1130_length_10174_cov_39.3413	gb_KX000273.1_+_0-1740_ARO:3004036_tetB(60)	87.714	1050	127	2	9126	10174	1740	692	0.0	1223	325439
NODE_1130_length_10174_cov_39.3413	gb_KX000273.1_+_0-1740_ARO:3004036_tetB(60)	87.714	1050	127	2	9126	10174	1740	692	0.0	1223	325439
NODE_1130_length_10174_cov_39.3413	gb_KX000273.1_+_0-1740_ARO:3004036_tetB(60)	87.714	1050	127	2	9126	10174	1740	692	0.0	1223	361933
NODE_3344_length_5219_cov_39.9884	gb_AF235050.4_+_38028-40140_ARO:3003318_Streptomyces	77.807	383	75	9	4637	5014	76	453	2.08e-59	228	114136
NODE_3344_length_5219_cov_39.9884	gb_AF235050.4_+_38028-40140_ARO:3003318_Streptomyces	77.807	383	75	9	4637	5014	76	453	2.08e-59	228	25165
NODE_3344_length_5219_cov_39.9884	gb_AF235050.4_+_38028-40140_ARO:3003318_Streptomyces	77.807	383	75	9	4637	5014	76	453	2.08e-59	228	83794
NODE_3344_length_5219_cov_39.9884	gb_AF235050.4_+_38028-40140_ARO:3003318_Streptomyces	77.807	383	75	9	4637	5014	76	453	2.08e-59	228	83794
NODE_3344_length_5219_cov_39.9884	gb_AF235050.4_+_38028-40140_ARO:3003318_Streptomyces	77.807	383	75	9	4637	5014	76	453	2.08e-59	228	50302
NODE_3344_length_5219_cov_39.9884	gb_AF235050.4_+_38028-40140_ARO:3003318_Streptomyces	77.807	383	75	9	4637	5014	76	453	2.08e-59	228	76698
NODE_3986_length_4634_cov_74.2155	gb_Z21523_+_0-1974_ARO:3000191_tetQ	89.860	1933	195	1	1605	3536	42	1974	0.0	2483	379880
NODE_3986_length_4634_cov_74.2155	gb_Z21523_+_0-1974_ARO:3000191_tetQ	89.860	1933	195	1	1605	3536	42	1974	0.0	2483	1217845
NODE_4572_length_4215_cov_17.5156	gb_CP007593.1_+_2148923-2149772_ARO:3001301_RlmA(II)	84.179	847	122	11	3111	3951	1	841	0.0	811	98315
NODE_4994_length_3991_cov_74.8255	gb_HQ652506.1_+_2099-3836_ARO:3004033_tetB(46)	93.031	1722	118	2	1071	2791	1721	1	0.0	2514	291246
NODE_4994_length_3991_cov_74.8255	gb_HQ652506.1_+_373-2098_ARO:3004032_tetA(46)	94.162	1199	70	0	2793	3991	1725	527	0.0	1827	291246
NODE_6238_length_3422_cov_22.766	gb_HM990671_+_5192-6671_ARO:3003112_lsaC	91.486	1480	124	2	1219	2697	1479	1	0.0	2034	995191
NODE_7791_length_2920_cov_81.0803	gb_HQ652506.1_+_373-2098_ARO:3004032_tetA(46)	96.902	581	18	0	1	581	581	1	0.0	974	291246
NODE_7960_length_2875_cov_124.124	gb_U00096_+_2812615-2814154_ARO:3000074_emrB	69.270	1178	320	36	568	1724	1179	23	9.24e-31	132	223027
NODE_8348_length_2761_cov_31.5813	gb_NC_003098.1_-_1359228-1360395_ARO:3000025_patB	77.739	1159	250	8	1451	2605	1	1155	0.0	704	682601
NODE_8523_length_2720_cov_3.92308	gb_AF024666.2_-_2207-2969_ARO:3000596_ErmX	97.279	147	3	1	1	147	617	762	8.32e-66	248	952222
NODE_17287_length_1550_cov_9.28361	gb_HM990671_+_5192-6671_ARO:3003112_lsaC	94.397	232	13	0	1	232	232	1	7.51e-99	357	262717
NODE_17752_length_1517_cov_132.858	gb_AP006618.1_+_4835199-4838688_ARO:3000501_Nocardia	85.928	334	43	4	670	1001	3299	2968	9.51e-98	353	93805
NODE_18381_length_1471_cov_8.39548	gb_CP007593.1_+_2148923-2149772_ARO:3001301_RlmA(II)	84.250	673	104	2	2	673	172	843	0.0	654	82522
NODE_21467_length_1289_cov_20.3857	gb_KX000273.1_+_0-1740_ARO:3004036_tetB(60)	85.823	1178	167	0	112	1289	1740	563	0.0	1251	361933
NODE_22279_length_1246_cov_2.06633	gb_NC_003098.1_+_866210-867410_ARO:3000822_pmrA	90.060	835	81	2	413	1246	1	834	0.0	1081	3649492
NODE_23130_length_1206_cov_179.271	gb_KU736867.1_+_19653-21573_ARO:3004442_tet(W/N/W)	95.283	106	5	0	1	106	106	1	2.93e-42	169	196406
NODE_23130_length_1206_cov_179.271	gb_EU434751_+_658-2578_ARO:3000194_tetW	95.283	106	5	0	1	106	106	1	2.93e-42	169	196406
NODE_40818_length_712_cov_7.32116	gb_CP007593.1_+_2148923-2149772_ARO:3001301_RlmA(II)	83.373	421	66	4	4	422	419	1	4.34e-108	387	98315
NODE_72978_length_424_cov_8.27913	gb_HM990671_+_5192-6671_ARO:3003112_lsaC	99.153	118	1	0	1	118	1362	1479	4.54e-56	213	86530
