NODE_208_length_20847_cov_9.35672	gb_Z21523_+_0-1974_ARO:3000191_tetQ	90.071	1974	195	1	15060	17032	1974	1	0.0	2558	146451
NODE_352_length_15882_cov_20.8487	gb_HM990671_+_5192-6671_ARO:3003112_lsaC	91.616	1479	124	0	2727	4205	1479	1	0.0	2045	4117802
NODE_352_length_15882_cov_20.8487	gb_HM990671_+_5192-6671_ARO:3003112_lsaC	91.616	1479	124	0	2727	4205	1479	1	0.0	2045	399462
NODE_730_length_10577_cov_13.255	gb_AJ295238.3_+_163-2083_ARO:3000196_tet32	89.348	1718	164	18	8859	10566	1911	203	0.0	2141	414892
NODE_730_length_10577_cov_13.255	gb_AJ295238.3_+_163-2083_ARO:3000196_tet32	89.348	1718	164	18	8859	10566	1911	203	0.0	2141	396953
NODE_730_length_10577_cov_13.255	gb_AJ295238.3_+_163-2083_ARO:3000196_tet32	89.348	1718	164	18	8859	10566	1911	203	0.0	2141	3980804
NODE_2179_length_5870_cov_36.0394	gb_HM990671_+_5192-6671_ARO:3003112_lsaC	93.708	1478	93	0	4167	5644	2	1479	0.0	2215	3618918
NODE_2179_length_5870_cov_36.0394	gb_HM990671_+_5192-6671_ARO:3003112_lsaC	93.708	1478	93	0	4167	5644	2	1479	0.0	2215	4535549
NODE_2513_length_5416_cov_7.097	gb_M17124_+_1181-1982_ARO:3000498_ErmF	97.059	34	1	0	254	287	551	518	3.00e-08	58.4	2113763
NODE_2513_length_5416_cov_7.097	gb_M17124_+_1181-1982_ARO:3000498_ErmF	97.059	34	1	0	254	287	551	518	3.00e-08	58.4	44903
NODE_2513_length_5416_cov_7.097	gb_M17124_+_1181-1982_ARO:3000498_ErmF	97.059	34	1	0	254	287	551	518	3.00e-08	58.4	44903
NODE_2513_length_5416_cov_7.097	gb_M17124_+_1181-1982_ARO:3000498_ErmF	97.059	34	1	0	254	287	551	518	3.00e-08	58.4	44903
NODE_2513_length_5416_cov_7.097	gb_M17124_+_1181-1982_ARO:3000498_ErmF	97.059	34	1	0	254	287	551	518	3.00e-08	58.4	35500
NODE_2513_length_5416_cov_7.097	gb_M17124_+_1181-1982_ARO:3000498_ErmF	97.059	34	1	0	254	287	551	518	3.00e-08	58.4	65578
NODE_2962_length_4950_cov_10.6842	gb_CP007593.1_+_2148923-2149772_ARO:3001301_RlmA(II)	84.852	845	124	4	568	1410	843	1	0.0	848	1151951
NODE_3213_length_4732_cov_34.7738	gb_M17124_+_1181-1982_ARO:3000498_ErmF	99.625	801	3	0	1803	2603	801	1	0.0	1463	196705
NODE_3213_length_4732_cov_34.7738	gb_AF319779.2_+_32-833_ARO:3000604_Erm(35)	78.545	797	165	5	1810	2603	794	1	2.78e-147	520	196705
NODE_3213_length_4732_cov_34.7738	gb_M17124_+_1181-1982_ARO:3000498_ErmF	99.625	801	3	0	1803	2603	801	1	0.0	1463	217611
NODE_3213_length_4732_cov_34.7738	gb_AF319779.2_+_32-833_ARO:3000604_Erm(35)	78.545	797	165	5	1810	2603	794	1	2.78e-147	520	217611
NODE_3262_length_4692_cov_4.52469	gb_NC_014638.1_-_1610636-1613960_ARO:3003730_Bifidobacteria	73.723	274	58	14	3170	3436	1988	1722	1.98e-19	95.3	963418
NODE_3262_length_4692_cov_4.52469	gb_NC_014638.1_-_1610636-1613960_ARO:3003730_Bifidobacteria	73.723	274	58	14	3170	3436	1988	1722	1.98e-19	95.3	2238876
NODE_3262_length_4692_cov_4.52469	gb_NC_014638.1_-_1610636-1613960_ARO:3003730_Bifidobacteria	73.723	274	58	14	3170	3436	1988	1722	1.98e-19	95.3	2238876
NODE_3447_length_4550_cov_7.40044	gb_AM180355_+_600033-601953_ARO:3000186_tetM	97.436	546	14	0	1	546	1375	1920	0.0	931	242243
NODE_15254_length_1913_cov_9.45694	gb_AP006618.1_+_4835199-4838688_ARO:3000501_Nocardia	74.254	1709	395	38	1	1688	1072	2756	0.0	676	60524
NODE_15254_length_1913_cov_9.45694	gb_AP006618.1_+_4835199-4838688_ARO:3000501_Nocardia	74.254	1709	395	38	1	1688	1072	2756	0.0	676	313490
NODE_15254_length_1913_cov_9.45694	gb_AP006618.1_+_4835199-4838688_ARO:3000501_Nocardia	74.254	1709	395	38	1	1688	1072	2756	0.0	676	3465716
NODE_15254_length_1913_cov_9.45694	gb_AP006618.1_+_4835199-4838688_ARO:3000501_Nocardia	74.254	1709	395	38	1	1688	1072	2756	0.0	676	46487
NODE_16336_length_1838_cov_7.83735	gb_M57437_+_0-1647_ARO:3002827_tlrC	96.970	33	1	0	1489	1521	1500	1468	3.65e-08	56.5	1692387
NODE_16336_length_1838_cov_7.83735	gb_M57437_+_0-1647_ARO:3002827_tlrC	96.970	33	1	0	1489	1521	1500	1468	3.65e-08	56.5	1692387
NODE_16336_length_1838_cov_7.83735	gb_M57437_+_0-1647_ARO:3002827_tlrC	96.970	33	1	0	1489	1521	1500	1468	3.65e-08	56.5	1692387
NODE_16336_length_1838_cov_7.83735	gb_M57437_+_0-1647_ARO:3002827_tlrC	96.970	33	1	0	1489	1521	1500	1468	3.65e-08	56.5	238773
NODE_17463_length_1763_cov_6.1048	gb_HM990671_+_5192-6671_ARO:3003112_lsaC	84.303	1478	226	5	135	1609	1	1475	0.0	1439	2043233
NODE_31423_length_1208_cov_1.7693	gb_AY768532_+_0-1935_ARO:3000535_macB	77.982	109	22	2	12	119	534	427	1.10e-11	67.6	5065114
NODE_52278_length_858_cov_3.64508	gb_AM180355_+_600033-601953_ARO:3000186_tetM	93.341	856	57	0	1	856	1429	574	0.0	1266	337187
NODE_52278_length_858_cov_3.64508	gb_L09756_+_0-1926_ARO:3000192_tetS	77.610	862	181	10	1	856	1429	574	8.29e-146	512	337187
NODE_52340_length_858_cov_5.70237	gb_AM180355_+_600033-601953_ARO:3000186_tetM	88.668	856	97	0	1	856	1429	574	0.0	1044	337187
NODE_52340_length_858_cov_5.70237	gb_L09756_+_0-1926_ARO:3000192_tetS	78.009	864	174	14	1	856	1429	574	8.23e-151	529	337187
NODE_151541_length_409_cov_8.45198	gb_NC_014638.1_-_1610636-1613960_ARO:3003730_Bifidobacteria	76.263	396	72	10	20	395	1791	1398	2.05e-49	191	541757
