NODE_62_length_61271_cov_6.8115	gb_HM990671_+_5192-6671_ARO:3003112_lsaC	77.906	1471	307	18	10394	11855	1470	9	0.0	900	1112000
NODE_62_length_61271_cov_6.8115	gb_HM990671_+_5192-6671_ARO:3003112_lsaC	77.906	1471	307	18	10394	11855	1470	9	0.0	900	6725772
NODE_62_length_61271_cov_6.8115	gb_HM990671_+_5192-6671_ARO:3003112_lsaC	77.906	1471	307	18	10394	11855	1470	9	0.0	900	6725772
NODE_62_length_61271_cov_6.8115	gb_HM990671_+_5192-6671_ARO:3003112_lsaC	77.906	1471	307	18	10394	11855	1470	9	0.0	900	5816802
NODE_62_length_61271_cov_6.8115	gb_HM990671_+_5192-6671_ARO:3003112_lsaC	77.906	1471	307	18	10394	11855	1470	9	0.0	900	5816868
NODE_62_length_61271_cov_6.8115	gb_HM990671_+_5192-6671_ARO:3003112_lsaC	77.906	1471	307	18	10394	11855	1470	9	0.0	900	3307205
NODE_62_length_61271_cov_6.8115	gb_HM990671_+_5192-6671_ARO:3003112_lsaC	77.906	1471	307	18	10394	11855	1470	9	0.0	900	5052022
NODE_62_length_61271_cov_6.8115	gb_HM990671_+_5192-6671_ARO:3003112_lsaC	77.906	1471	307	18	10394	11855	1470	9	0.0	900	2526048
NODE_62_length_61271_cov_6.8115	gb_HM990671_+_5192-6671_ARO:3003112_lsaC	77.906	1471	307	18	10394	11855	1470	9	0.0	900	5056782
NODE_68_length_59318_cov_7.65896	gb_DQ212986_+_2258-2966_ARO:3002926_vanRG	96.875	32	1	0	11908	11939	312	281	4.26e-06	54.7	6442411
NODE_68_length_59318_cov_7.65896	gb_DQ212986_+_2258-2966_ARO:3002926_vanRG	96.875	32	1	0	11908	11939	312	281	4.26e-06	54.7	5818193
NODE_68_length_59318_cov_7.65896	gb_DQ212986_+_2258-2966_ARO:3002926_vanRG	96.875	32	1	0	11908	11939	312	281	4.26e-06	54.7	5818193
NODE_68_length_59318_cov_7.65896	gb_DQ212986_+_2258-2966_ARO:3002926_vanRG	96.875	32	1	0	11908	11939	312	281	4.26e-06	54.7	2221003
NODE_68_length_59318_cov_7.65896	gb_DQ212986_+_2258-2966_ARO:3002926_vanRG	96.875	32	1	0	11908	11939	312	281	4.26e-06	54.7	671217
NODE_444_length_25769_cov_8.46457	gb_AP006618.1_+_4835199-4838688_ARO:3000501_Nocardia	74.969	3212	742	51	18672	21861	3458	287	0.0	1421	2591634
NODE_444_length_25769_cov_8.46457	gb_AP006618.1_+_4835199-4838688_ARO:3000501_Nocardia	74.969	3212	742	51	18672	21861	3458	287	0.0	1421	4111350
NODE_444_length_25769_cov_8.46457	gb_AP006618.1_+_4835199-4838688_ARO:3000501_Nocardia	74.969	3212	742	51	18672	21861	3458	287	0.0	1421	124898
NODE_444_length_25769_cov_8.46457	gb_AP006618.1_+_4835199-4838688_ARO:3000501_Nocardia	74.969	3212	742	51	18672	21861	3458	287	0.0	1421	2620562
NODE_444_length_25769_cov_8.46457	gb_AP006618.1_+_4835199-4838688_ARO:3000501_Nocardia	74.969	3212	742	51	18672	21861	3458	287	0.0	1421	475405
NODE_444_length_25769_cov_8.46457	gb_AP006618.1_+_4835199-4838688_ARO:3000501_Nocardia	74.969	3212	742	51	18672	21861	3458	287	0.0	1421	6060187
NODE_1210_length_14435_cov_10.2183	gb_Z21523_+_0-1974_ARO:3000191_tetQ	98.987	1974	20	0	8928	10901	1974	1	0.0	3535	249516
NODE_1480_length_12816_cov_23.6232	gb_AB015853_+_1330-4471_ARO:3003033_mexY	81.336	584	100	8	10045	10625	1550	973	9.98e-131	466	5759418
NODE_1480_length_12816_cov_23.6232	gb_AFRQ01000061.1_-_23986-27124_ARO:3004144_AxyY	79.507	649	122	10	10023	10667	1572	931	2.80e-126	451	5759418
NODE_1480_length_12816_cov_23.6232	gb_U57969_+_1485-4617_ARO:3000801_MexD	77.120	625	122	20	10041	10656	1563	951	1.76e-93	342	5759418
NODE_1480_length_12816_cov_23.6232	gb_AF173226_+_3767-6917_ARO:3003052_smeB	75.202	371	83	8	8620	8987	2996	2632	1.13e-40	167	5759418
NODE_1480_length_12816_cov_23.6232	gb_AB015853_+_1330-4471_ARO:3003033_mexY	81.336	584	100	8	10045	10625	1550	973	9.98e-131	466	5759418
NODE_1480_length_12816_cov_23.6232	gb_AFRQ01000061.1_-_23986-27124_ARO:3004144_AxyY	79.507	649	122	10	10023	10667	1572	931	2.80e-126	451	5759418
NODE_1480_length_12816_cov_23.6232	gb_U57969_+_1485-4617_ARO:3000801_MexD	77.120	625	122	20	10041	10656	1563	951	1.76e-93	342	5759418
NODE_1480_length_12816_cov_23.6232	gb_AF173226_+_3767-6917_ARO:3003052_smeB	75.202	371	83	8	8620	8987	2996	2632	1.13e-40	167	5759418
NODE_1480_length_12816_cov_23.6232	gb_AB015853_+_1330-4471_ARO:3003033_mexY	81.336	584	100	8	10045	10625	1550	973	9.98e-131	466	1932959
NODE_1480_length_12816_cov_23.6232	gb_AFRQ01000061.1_-_23986-27124_ARO:3004144_AxyY	79.507	649	122	10	10023	10667	1572	931	2.80e-126	451	1932959
NODE_1480_length_12816_cov_23.6232	gb_U57969_+_1485-4617_ARO:3000801_MexD	77.120	625	122	20	10041	10656	1563	951	1.76e-93	342	1932959
NODE_1480_length_12816_cov_23.6232	gb_AF173226_+_3767-6917_ARO:3003052_smeB	75.202	371	83	8	8620	8987	2996	2632	1.13e-40	167	1932959
NODE_1625_length_12004_cov_18.636	gb_X63451_+_0-1653_ARO:3002828_srmB	100.000	35	0	0	9481	9515	1499	1465	3.98e-10	65.8	174542
NODE_1625_length_12004_cov_18.636	gb_X63451_+_0-1653_ARO:3002828_srmB	100.000	35	0	0	9481	9515	1499	1465	3.98e-10	65.8	355027
NODE_2148_length_10098_cov_6.25162	gb_AY768532_+_0-1935_ARO:3000535_macB	81.449	1946	342	17	3419	5356	1	1935	0.0	1576	858250
NODE_2148_length_10098_cov_6.25162	gb_AY768532_+_0-1935_ARO:3000535_macB	81.449	1946	342	17	3419	5356	1	1935	0.0	1576	47308
NODE_2148_length_10098_cov_6.25162	gb_AY768532_+_0-1935_ARO:3000535_macB	81.449	1946	342	17	3419	5356	1	1935	0.0	1576	162874
NODE_3929_length_6983_cov_5.66339	gb_NC_000913.3_-_481253-484403_ARO:3000216_acrB	80.172	116	16	5	2591	2701	1462	1575	8.28e-15	80.5	3449564
NODE_3929_length_6983_cov_5.66339	gb_NC_000913.3_-_481253-484403_ARO:3000216_acrB	80.172	116	16	5	2591	2701	1462	1575	8.28e-15	80.5	2220871
NODE_4677_length_6255_cov_5.60952	gb_HM990671_+_5192-6671_ARO:3003112_lsaC	91.166	283	25	0	1	283	1197	1479	1.40e-106	385	329497
NODE_4832_length_6127_cov_21.8427	gb_X63451_+_0-1653_ARO:3002828_srmB	97.222	36	1	0	5640	5675	1500	1465	2.63e-09	62.1	1933090
NODE_5552_length_5570_cov_4.29846	gb_NC_003112.2_-_1791966-1795170_ARO:3000811_mtrD	84.750	1482	226	0	13	1494	1482	1	0.0	1485	3815135
NODE_5552_length_5570_cov_4.29846	gb_NC_003112.2_-_1791966-1795170_ARO:3000811_mtrD	84.750	1482	226	0	13	1494	1482	1	0.0	1485	4985670
NODE_6991_length_4774_cov_15.5014	gb_NC_003112.2_+_330790-332317_ARO:3003962_farB	76.062	1224	285	7	1773	2992	1277	58	1.24e-180	630	60602
NODE_7143_length_4696_cov_6.57983	gb_NC_003112.2_-_1791966-1795170_ARO:3000811_mtrD	84.386	3183	483	10	565	3740	3176	1	0.0	3112	3815135
NODE_9523_length_3878_cov_4.86738	gb_M80346_+_0-1656_ARO:3002817_carA	100.000	29	0	0	1265	1293	1503	1475	2.78e-07	54.7	6725670
NODE_9648_length_3845_cov_21.2245	gb_CP007593.1_+_2148923-2149772_ARO:3001301_RlmA(II)	85.089	845	122	4	2845	3687	1	843	0.0	859	2852676
NODE_11193_length_3459_cov_2.51234	gb_AF235050.4_+_38028-40140_ARO:3003318_Streptomyces	75.299	1004	198	37	1471	2449	1089	2067	7.58e-122	435	4886643
NODE_11193_length_3459_cov_2.51234	gb_AF235050.4_+_38028-40140_ARO:3003318_Streptomyces	78.358	402	81	4	415	813	54	452	6.33e-68	255	4886643
NODE_11193_length_3459_cov_2.51234	gb_AF235050.4_+_38028-40140_ARO:3003318_Streptomyces	75.299	1004	198	37	1471	2449	1089	2067	7.58e-122	435	92009
NODE_11193_length_3459_cov_2.51234	gb_AF235050.4_+_38028-40140_ARO:3003318_Streptomyces	78.358	402	81	4	415	813	54	452	6.33e-68	255	92009
NODE_13233_length_3069_cov_3.44326	gb_L36601_+_1420-3130_ARO:3003036_oleB	92.500	40	3	0	1510	1549	634	673	1.70e-08	58.4	5817818
NODE_13233_length_3069_cov_3.44326	gb_L36601_+_1420-3130_ARO:3003036_oleB	92.500	40	3	0	2353	2392	634	673	1.70e-08	58.4	5817818
NODE_13233_length_3069_cov_3.44326	gb_L36601_+_1420-3130_ARO:3003036_oleB	92.500	40	3	0	1510	1549	634	673	1.70e-08	58.4	3297909
NODE_13233_length_3069_cov_3.44326	gb_L36601_+_1420-3130_ARO:3003036_oleB	92.500	40	3	0	2353	2392	634	673	1.70e-08	58.4	3297909
NODE_13484_length_3029_cov_10.0703	gb_AY768532_+_0-1935_ARO:3000535_macB	85.041	615	88	4	1	613	1321	1933	1.32e-178	623	8259
NODE_13484_length_3029_cov_10.0703	gb_AY768532_+_0-1935_ARO:3000535_macB	85.041	615	88	4	1	613	1321	1933	1.32e-178	623	5817060
NODE_18082_length_2438_cov_2.91397	gb_AB015853_+_1330-4471_ARO:3003033_mexY	79.430	632	114	12	1350	1973	888	1511	1.92e-121	433	1932959
NODE_18082_length_2438_cov_2.91397	gb_AFRQ01000061.1_-_23986-27124_ARO:3004144_AxyY	79.966	589	104	9	1392	1973	930	1511	4.15e-118	422	1932959
NODE_20494_length_2215_cov_10.7347	gb_AY768531_+_0-1179_ARO:3000533_macA	85.338	532	76	2	1	531	607	77	1.65e-156	549	456130
NODE_22454_length_2074_cov_6.74789	gb_NC_003112.2_+_329612-330767_ARO:3003961_farA	73.182	839	209	16	113	943	957	127	3.73e-78	289	5817076
NODE_24867_length_1921_cov_24.4341	gb_X63451_+_0-1653_ARO:3002828_srmB	77.586	116	20	6	1034	1146	1577	1465	6.34e-11	65.8	1464098
NODE_24867_length_1921_cov_24.4341	gb_X63451_+_0-1653_ARO:3002828_srmB	77.586	116	20	6	1034	1146	1577	1465	6.34e-11	65.8	61501
NODE_24867_length_1921_cov_24.4341	gb_X63451_+_0-1653_ARO:3002828_srmB	77.586	116	20	6	1034	1146	1577	1465	6.34e-11	65.8	213952
NODE_24867_length_1921_cov_24.4341	gb_X63451_+_0-1653_ARO:3002828_srmB	77.586	116	20	6	1034	1146	1577	1465	6.34e-11	65.8	213952
NODE_24867_length_1921_cov_24.4341	gb_X63451_+_0-1653_ARO:3002828_srmB	77.586	116	20	6	1034	1146	1577	1465	6.34e-11	65.8	1464098
NODE_24867_length_1921_cov_24.4341	gb_X63451_+_0-1653_ARO:3002828_srmB	77.586	116	20	6	1034	1146	1577	1465	6.34e-11	65.8	6069107
NODE_24867_length_1921_cov_24.4341	gb_X63451_+_0-1653_ARO:3002828_srmB	77.586	116	20	6	1034	1146	1577	1465	6.34e-11	65.8	35601
NODE_25399_length_1891_cov_6.4695	gb_NC_003112.2_-_1791966-1795170_ARO:3000811_mtrD	85.366	369	50	3	1525	1891	3176	2810	1.96e-105	379	30120
NODE_25399_length_1891_cov_6.4695	gb_NC_003112.2_-_1791966-1795170_ARO:3000811_mtrD	85.366	369	50	3	1525	1891	3176	2810	1.96e-105	379	30120
NODE_34684_length_1480_cov_21.4779	gb_AY768532_+_0-1935_ARO:3000535_macB	87.335	758	96	0	1	758	758	1	0.0	869	1022606
NODE_34684_length_1480_cov_21.4779	gb_AY768531_+_0-1179_ARO:3000533_macA	84.824	626	82	11	860	1480	1170	553	2.98e-177	617	1022606
NODE_34684_length_1480_cov_21.4779	gb_AY768532_+_0-1935_ARO:3000535_macB	87.335	758	96	0	1	758	758	1	0.0	869	1022606
NODE_34684_length_1480_cov_21.4779	gb_AY768531_+_0-1179_ARO:3000533_macA	84.824	626	82	11	860	1480	1170	553	2.98e-177	617	1022606
NODE_34684_length_1480_cov_21.4779	gb_AY768532_+_0-1935_ARO:3000535_macB	87.335	758	96	0	1	758	758	1	0.0	869	321329
NODE_34684_length_1480_cov_21.4779	gb_AY768531_+_0-1179_ARO:3000533_macA	84.824	626	82	11	860	1480	1170	553	2.98e-177	617	321329
NODE_37904_length_1378_cov_2.54346	gb_AP006618.1_+_4835199-4838688_ARO:3000501_Nocardia	84.795	342	50	2	1038	1378	3369	3029	1.87e-94	342	135654
NODE_48808_length_1116_cov_4.70311	gb_X63451_+_0-1653_ARO:3002828_srmB	97.059	34	1	0	312	345	1466	1499	6.11e-09	58.4	355027
NODE_48808_length_1116_cov_4.70311	gb_X63451_+_0-1653_ARO:3002828_srmB	97.059	34	1	0	312	345	1466	1499	6.11e-09	58.4	178502
NODE_55237_length_1008_cov_2.92865	gb_AY768532_+_0-1935_ARO:3000535_macB	75.547	503	107	15	139	633	1935	1441	8.52e-62	233	287065
NODE_59091_length_955_cov_3.16111	gb_HM990671_+_5192-6671_ARO:3003112_lsaC	82.632	760	126	5	199	955	1475	719	0.0	667	2220910
NODE_59091_length_955_cov_3.16111	gb_HM990671_+_5192-6671_ARO:3003112_lsaC	82.632	760	126	5	199	955	1475	719	0.0	667	2220910
NODE_60133_length_941_cov_6.50339	gb_NC_014638.1_-_1610636-1613960_ARO:3003730_Bifidobacteria	75.515	437	91	16	132	560	1607	1179	8.06e-52	200	1280057
NODE_60133_length_941_cov_6.50339	gb_NC_014638.1_-_1610636-1613960_ARO:3003730_Bifidobacteria	75.515	437	91	16	132	560	1607	1179	8.06e-52	200	377226
NODE_87844_length_684_cov_8.45628	gb_AP006618.1_+_4835199-4838688_ARO:3000501_Nocardia	75.725	655	128	24	8	651	1511	877	5.58e-82	300	294161
NODE_98196_length_623_cov_7.49296	gb_L36601_+_1420-3130_ARO:3003036_oleB	95.000	40	2	0	49	88	634	673	7.23e-11	63.9	234902
NODE_220647_length_312_cov_3.01946	gb_KX000273.1_+_0-1740_ARO:3004036_tetB(60)	96.474	312	11	0	1	312	1033	1344	2.24e-147	516	605389
NODE_220647_length_312_cov_3.01946	gb_KX000273.1_+_0-1740_ARO:3004036_tetB(60)	96.474	312	11	0	1	312	1033	1344	2.24e-147	516	605389
NODE_244563_length_286_cov_2.21645	gb_NC_003098.1_-_1359228-1360395_ARO:3000025_patB	92.308	286	22	0	1	286	341	626	1.28e-114	407	2000653
NODE_355254_length_213_cov_1.4557	gb_KX000272.1_+_0-1740_ARO:3004035_tetA(60)	87.736	212	26	0	2	213	435	224	5.97e-67	248	776276
