NODE_7_length_246354_cov_46.6122	gb_GQ343019_+_132-1023_ARO:3002999_CblA-1	99.214	891	7	0	9948	10838	891	1	0.0	1607	4774573
NODE_7_length_246354_cov_46.6122	gb_GQ343019_+_132-1023_ARO:3002999_CblA-1	99.214	891	7	0	9948	10838	891	1	0.0	1607	6430190
NODE_7_length_246354_cov_46.6122	gb_GQ343019_+_132-1023_ARO:3002999_CblA-1	99.214	891	7	0	9948	10838	891	1	0.0	1607	3509679
NODE_7_length_246354_cov_46.6122	gb_GQ343019_+_132-1023_ARO:3002999_CblA-1	99.214	891	7	0	9948	10838	891	1	0.0	1607	3979197
NODE_7_length_246354_cov_46.6122	gb_GQ343019_+_132-1023_ARO:3002999_CblA-1	99.214	891	7	0	9948	10838	891	1	0.0	1607	5132044
NODE_7_length_246354_cov_46.6122	gb_GQ343019_+_132-1023_ARO:3002999_CblA-1	99.214	891	7	0	9948	10838	891	1	0.0	1607	5214220
NODE_7_length_246354_cov_46.6122	gb_GQ343019_+_132-1023_ARO:3002999_CblA-1	99.214	891	7	0	9948	10838	891	1	0.0	1607	2741687
NODE_7_length_246354_cov_46.6122	gb_GQ343019_+_132-1023_ARO:3002999_CblA-1	99.214	891	7	0	9948	10838	891	1	0.0	1607	6202819
NODE_7_length_246354_cov_46.6122	gb_GQ343019_+_132-1023_ARO:3002999_CblA-1	99.214	891	7	0	9948	10838	891	1	0.0	1607	479481
NODE_7_length_246354_cov_46.6122	gb_GQ343019_+_132-1023_ARO:3002999_CblA-1	99.214	891	7	0	9948	10838	891	1	0.0	1607	479481
NODE_7_length_246354_cov_46.6122	gb_GQ343019_+_132-1023_ARO:3002999_CblA-1	99.214	891	7	0	9948	10838	891	1	0.0	1607	956605
NODE_7_length_246354_cov_46.6122	gb_GQ343019_+_132-1023_ARO:3002999_CblA-1	99.214	891	7	0	9948	10838	891	1	0.0	1607	1553634
NODE_7_length_246354_cov_46.6122	gb_GQ343019_+_132-1023_ARO:3002999_CblA-1	99.214	891	7	0	9948	10838	891	1	0.0	1607	3051011
NODE_7_length_246354_cov_46.6122	gb_GQ343019_+_132-1023_ARO:3002999_CblA-1	99.214	891	7	0	9948	10838	891	1	0.0	1607	60612
NODE_7_length_246354_cov_46.6122	gb_GQ343019_+_132-1023_ARO:3002999_CblA-1	99.214	891	7	0	9948	10838	891	1	0.0	1607	2960634
NODE_7_length_246354_cov_46.6122	gb_GQ343019_+_132-1023_ARO:3002999_CblA-1	99.214	891	7	0	9948	10838	891	1	0.0	1607	395823
NODE_7_length_246354_cov_46.6122	gb_GQ343019_+_132-1023_ARO:3002999_CblA-1	99.214	891	7	0	9948	10838	891	1	0.0	1607	2863479
NODE_7_length_246354_cov_46.6122	gb_GQ343019_+_132-1023_ARO:3002999_CblA-1	99.214	891	7	0	9948	10838	891	1	0.0	1607	3992161
NODE_7_length_246354_cov_46.6122	gb_GQ343019_+_132-1023_ARO:3002999_CblA-1	99.214	891	7	0	9948	10838	891	1	0.0	1607	2723776
NODE_7_length_246354_cov_46.6122	gb_GQ343019_+_132-1023_ARO:3002999_CblA-1	99.214	891	7	0	9948	10838	891	1	0.0	1607	1729958
NODE_7_length_246354_cov_46.6122	gb_GQ343019_+_132-1023_ARO:3002999_CblA-1	99.214	891	7	0	9948	10838	891	1	0.0	1607	528195
NODE_7_length_246354_cov_46.6122	gb_GQ343019_+_132-1023_ARO:3002999_CblA-1	99.214	891	7	0	9948	10838	891	1	0.0	1607	60255
NODE_7_length_246354_cov_46.6122	gb_GQ343019_+_132-1023_ARO:3002999_CblA-1	99.214	891	7	0	9948	10838	891	1	0.0	1607	124749
NODE_7_length_246354_cov_46.6122	gb_GQ343019_+_132-1023_ARO:3002999_CblA-1	99.214	891	7	0	9948	10838	891	1	0.0	1607	4143236
NODE_7_length_246354_cov_46.6122	gb_GQ343019_+_132-1023_ARO:3002999_CblA-1	99.214	891	7	0	9948	10838	891	1	0.0	1607	39074
NODE_95_length_79062_cov_50.8347	gb_AF173226_+_3767-6917_ARO:3003052_smeB	83.784	74	12	0	53089	53162	1169	1242	5.64e-11	71.3	822186
NODE_95_length_79062_cov_50.8347	gb_AJ252200_+_1278-4401_ARO:3003056_smeE	83.333	72	12	0	53091	53162	1171	1242	7.29e-10	67.6	822186
NODE_95_length_79062_cov_50.8347	gb_AF173226_+_3767-6917_ARO:3003052_smeB	83.784	74	12	0	53089	53162	1169	1242	5.64e-11	71.3	433315
NODE_95_length_79062_cov_50.8347	gb_AJ252200_+_1278-4401_ARO:3003056_smeE	83.333	72	12	0	53091	53162	1171	1242	7.29e-10	67.6	433315
NODE_95_length_79062_cov_50.8347	gb_AF173226_+_3767-6917_ARO:3003052_smeB	83.784	74	12	0	53089	53162	1169	1242	5.64e-11	71.3	3813940
NODE_95_length_79062_cov_50.8347	gb_AJ252200_+_1278-4401_ARO:3003056_smeE	83.333	72	12	0	53091	53162	1171	1242	7.29e-10	67.6	3813940
NODE_95_length_79062_cov_50.8347	gb_AF173226_+_3767-6917_ARO:3003052_smeB	83.784	74	12	0	53089	53162	1169	1242	5.64e-11	71.3	4815174
NODE_95_length_79062_cov_50.8347	gb_AJ252200_+_1278-4401_ARO:3003056_smeE	83.333	72	12	0	53091	53162	1171	1242	7.29e-10	67.6	4815174
NODE_95_length_79062_cov_50.8347	gb_AF173226_+_3767-6917_ARO:3003052_smeB	83.784	74	12	0	53089	53162	1169	1242	5.64e-11	71.3	2682319
NODE_95_length_79062_cov_50.8347	gb_AJ252200_+_1278-4401_ARO:3003056_smeE	83.333	72	12	0	53091	53162	1171	1242	7.29e-10	67.6	2682319
NODE_95_length_79062_cov_50.8347	gb_AF173226_+_3767-6917_ARO:3003052_smeB	83.784	74	12	0	53089	53162	1169	1242	5.64e-11	71.3	396562
NODE_95_length_79062_cov_50.8347	gb_AJ252200_+_1278-4401_ARO:3003056_smeE	83.333	72	12	0	53091	53162	1171	1242	7.29e-10	67.6	396562
NODE_95_length_79062_cov_50.8347	gb_AF173226_+_3767-6917_ARO:3003052_smeB	83.784	74	12	0	53089	53162	1169	1242	5.64e-11	71.3	396562
NODE_95_length_79062_cov_50.8347	gb_AJ252200_+_1278-4401_ARO:3003056_smeE	83.333	72	12	0	53091	53162	1171	1242	7.29e-10	67.6	396562
NODE_95_length_79062_cov_50.8347	gb_AF173226_+_3767-6917_ARO:3003052_smeB	83.784	74	12	0	53089	53162	1169	1242	5.64e-11	71.3	396562
NODE_95_length_79062_cov_50.8347	gb_AJ252200_+_1278-4401_ARO:3003056_smeE	83.333	72	12	0	53091	53162	1171	1242	7.29e-10	67.6	396562
NODE_148_length_62539_cov_60.6472	gb_AF118110.1_-_71-1037_ARO:3003002_CfxA2	86.120	951	131	1	7766	8716	953	4	0.0	1024	2529292
NODE_148_length_62539_cov_60.6472	gb_AF472622_+_52-1018_ARO:3003003_CfxA3	86.015	951	132	1	7766	8716	953	4	0.0	1018	2529292
NODE_148_length_62539_cov_60.6472	gb_AY769934_+_27-993_ARO:3003096_CfxA5	86.015	951	132	1	7766	8716	953	4	0.0	1018	2529292
NODE_148_length_62539_cov_60.6472	gb_U38243_+_149-1115_ARO:3003001_CfxA	86.015	951	132	1	7766	8716	953	4	0.0	1018	2529292
NODE_148_length_62539_cov_60.6472	gb_AY769933_+_0-966_ARO:3003005_CfxA4	86.015	951	132	1	7766	8716	953	4	0.0	1018	2529292
NODE_148_length_62539_cov_60.6472	gb_GQ342996_+_797-1793_ARO:3003097_CfxA6	84.963	951	136	6	7771	8718	980	34	0.0	957	2529292
NODE_148_length_62539_cov_60.6472	gb_AF118110.1_-_71-1037_ARO:3003002_CfxA2	86.120	951	131	1	7766	8716	953	4	0.0	1024	2529292
NODE_148_length_62539_cov_60.6472	gb_AF472622_+_52-1018_ARO:3003003_CfxA3	86.015	951	132	1	7766	8716	953	4	0.0	1018	2529292
NODE_148_length_62539_cov_60.6472	gb_AY769934_+_27-993_ARO:3003096_CfxA5	86.015	951	132	1	7766	8716	953	4	0.0	1018	2529292
NODE_148_length_62539_cov_60.6472	gb_U38243_+_149-1115_ARO:3003001_CfxA	86.015	951	132	1	7766	8716	953	4	0.0	1018	2529292
NODE_148_length_62539_cov_60.6472	gb_AY769933_+_0-966_ARO:3003005_CfxA4	86.015	951	132	1	7766	8716	953	4	0.0	1018	2529292
NODE_148_length_62539_cov_60.6472	gb_GQ342996_+_797-1793_ARO:3003097_CfxA6	84.963	951	136	6	7771	8718	980	34	0.0	957	2529292
NODE_148_length_62539_cov_60.6472	gb_AF118110.1_-_71-1037_ARO:3003002_CfxA2	86.120	951	131	1	7766	8716	953	4	0.0	1024	202631
NODE_148_length_62539_cov_60.6472	gb_AF472622_+_52-1018_ARO:3003003_CfxA3	86.015	951	132	1	7766	8716	953	4	0.0	1018	202631
NODE_148_length_62539_cov_60.6472	gb_AY769934_+_27-993_ARO:3003096_CfxA5	86.015	951	132	1	7766	8716	953	4	0.0	1018	202631
NODE_148_length_62539_cov_60.6472	gb_U38243_+_149-1115_ARO:3003001_CfxA	86.015	951	132	1	7766	8716	953	4	0.0	1018	202631
NODE_148_length_62539_cov_60.6472	gb_AY769933_+_0-966_ARO:3003005_CfxA4	86.015	951	132	1	7766	8716	953	4	0.0	1018	202631
NODE_148_length_62539_cov_60.6472	gb_GQ342996_+_797-1793_ARO:3003097_CfxA6	84.963	951	136	6	7771	8718	980	34	0.0	957	202631
NODE_148_length_62539_cov_60.6472	gb_AF118110.1_-_71-1037_ARO:3003002_CfxA2	86.120	951	131	1	7766	8716	953	4	0.0	1024	202631
NODE_148_length_62539_cov_60.6472	gb_AF472622_+_52-1018_ARO:3003003_CfxA3	86.015	951	132	1	7766	8716	953	4	0.0	1018	202631
NODE_148_length_62539_cov_60.6472	gb_AY769934_+_27-993_ARO:3003096_CfxA5	86.015	951	132	1	7766	8716	953	4	0.0	1018	202631
NODE_148_length_62539_cov_60.6472	gb_U38243_+_149-1115_ARO:3003001_CfxA	86.015	951	132	1	7766	8716	953	4	0.0	1018	202631
NODE_148_length_62539_cov_60.6472	gb_AY769933_+_0-966_ARO:3003005_CfxA4	86.015	951	132	1	7766	8716	953	4	0.0	1018	202631
NODE_148_length_62539_cov_60.6472	gb_GQ342996_+_797-1793_ARO:3003097_CfxA6	84.963	951	136	6	7771	8718	980	34	0.0	957	202631
NODE_148_length_62539_cov_60.6472	gb_AF118110.1_-_71-1037_ARO:3003002_CfxA2	86.120	951	131	1	7766	8716	953	4	0.0	1024	5834021
NODE_148_length_62539_cov_60.6472	gb_AF472622_+_52-1018_ARO:3003003_CfxA3	86.015	951	132	1	7766	8716	953	4	0.0	1018	5834021
NODE_148_length_62539_cov_60.6472	gb_AY769934_+_27-993_ARO:3003096_CfxA5	86.015	951	132	1	7766	8716	953	4	0.0	1018	5834021
NODE_148_length_62539_cov_60.6472	gb_U38243_+_149-1115_ARO:3003001_CfxA	86.015	951	132	1	7766	8716	953	4	0.0	1018	5834021
NODE_148_length_62539_cov_60.6472	gb_AY769933_+_0-966_ARO:3003005_CfxA4	86.015	951	132	1	7766	8716	953	4	0.0	1018	5834021
NODE_148_length_62539_cov_60.6472	gb_GQ342996_+_797-1793_ARO:3003097_CfxA6	84.963	951	136	6	7771	8718	980	34	0.0	957	5834021
NODE_148_length_62539_cov_60.6472	gb_AF118110.1_-_71-1037_ARO:3003002_CfxA2	86.120	951	131	1	7766	8716	953	4	0.0	1024	2408439
NODE_148_length_62539_cov_60.6472	gb_AF472622_+_52-1018_ARO:3003003_CfxA3	86.015	951	132	1	7766	8716	953	4	0.0	1018	2408439
NODE_148_length_62539_cov_60.6472	gb_AY769934_+_27-993_ARO:3003096_CfxA5	86.015	951	132	1	7766	8716	953	4	0.0	1018	2408439
NODE_148_length_62539_cov_60.6472	gb_U38243_+_149-1115_ARO:3003001_CfxA	86.015	951	132	1	7766	8716	953	4	0.0	1018	2408439
NODE_148_length_62539_cov_60.6472	gb_AY769933_+_0-966_ARO:3003005_CfxA4	86.015	951	132	1	7766	8716	953	4	0.0	1018	2408439
NODE_148_length_62539_cov_60.6472	gb_GQ342996_+_797-1793_ARO:3003097_CfxA6	84.963	951	136	6	7771	8718	980	34	0.0	957	2408439
NODE_148_length_62539_cov_60.6472	gb_AF118110.1_-_71-1037_ARO:3003002_CfxA2	86.120	951	131	1	7766	8716	953	4	0.0	1024	2312416
NODE_148_length_62539_cov_60.6472	gb_AF472622_+_52-1018_ARO:3003003_CfxA3	86.015	951	132	1	7766	8716	953	4	0.0	1018	2312416
NODE_148_length_62539_cov_60.6472	gb_AY769934_+_27-993_ARO:3003096_CfxA5	86.015	951	132	1	7766	8716	953	4	0.0	1018	2312416
NODE_148_length_62539_cov_60.6472	gb_U38243_+_149-1115_ARO:3003001_CfxA	86.015	951	132	1	7766	8716	953	4	0.0	1018	2312416
NODE_148_length_62539_cov_60.6472	gb_AY769933_+_0-966_ARO:3003005_CfxA4	86.015	951	132	1	7766	8716	953	4	0.0	1018	2312416
NODE_148_length_62539_cov_60.6472	gb_GQ342996_+_797-1793_ARO:3003097_CfxA6	84.963	951	136	6	7771	8718	980	34	0.0	957	2312416
NODE_148_length_62539_cov_60.6472	gb_AF118110.1_-_71-1037_ARO:3003002_CfxA2	86.120	951	131	1	7766	8716	953	4	0.0	1024	1683484
NODE_148_length_62539_cov_60.6472	gb_AF472622_+_52-1018_ARO:3003003_CfxA3	86.015	951	132	1	7766	8716	953	4	0.0	1018	1683484
NODE_148_length_62539_cov_60.6472	gb_AY769934_+_27-993_ARO:3003096_CfxA5	86.015	951	132	1	7766	8716	953	4	0.0	1018	1683484
NODE_148_length_62539_cov_60.6472	gb_U38243_+_149-1115_ARO:3003001_CfxA	86.015	951	132	1	7766	8716	953	4	0.0	1018	1683484
NODE_148_length_62539_cov_60.6472	gb_AY769933_+_0-966_ARO:3003005_CfxA4	86.015	951	132	1	7766	8716	953	4	0.0	1018	1683484
NODE_148_length_62539_cov_60.6472	gb_GQ342996_+_797-1793_ARO:3003097_CfxA6	84.963	951	136	6	7771	8718	980	34	0.0	957	1683484
NODE_148_length_62539_cov_60.6472	gb_AF118110.1_-_71-1037_ARO:3003002_CfxA2	86.120	951	131	1	7766	8716	953	4	0.0	1024	5250660
NODE_148_length_62539_cov_60.6472	gb_AF472622_+_52-1018_ARO:3003003_CfxA3	86.015	951	132	1	7766	8716	953	4	0.0	1018	5250660
NODE_148_length_62539_cov_60.6472	gb_AY769934_+_27-993_ARO:3003096_CfxA5	86.015	951	132	1	7766	8716	953	4	0.0	1018	5250660
NODE_148_length_62539_cov_60.6472	gb_U38243_+_149-1115_ARO:3003001_CfxA	86.015	951	132	1	7766	8716	953	4	0.0	1018	5250660
NODE_148_length_62539_cov_60.6472	gb_AY769933_+_0-966_ARO:3003005_CfxA4	86.015	951	132	1	7766	8716	953	4	0.0	1018	5250660
NODE_148_length_62539_cov_60.6472	gb_GQ342996_+_797-1793_ARO:3003097_CfxA6	84.963	951	136	6	7771	8718	980	34	0.0	957	5250660
NODE_148_length_62539_cov_60.6472	gb_AF118110.1_-_71-1037_ARO:3003002_CfxA2	86.120	951	131	1	7766	8716	953	4	0.0	1024	4190579
NODE_148_length_62539_cov_60.6472	gb_AF472622_+_52-1018_ARO:3003003_CfxA3	86.015	951	132	1	7766	8716	953	4	0.0	1018	4190579
NODE_148_length_62539_cov_60.6472	gb_AY769934_+_27-993_ARO:3003096_CfxA5	86.015	951	132	1	7766	8716	953	4	0.0	1018	4190579
NODE_148_length_62539_cov_60.6472	gb_U38243_+_149-1115_ARO:3003001_CfxA	86.015	951	132	1	7766	8716	953	4	0.0	1018	4190579
NODE_148_length_62539_cov_60.6472	gb_AY769933_+_0-966_ARO:3003005_CfxA4	86.015	951	132	1	7766	8716	953	4	0.0	1018	4190579
NODE_148_length_62539_cov_60.6472	gb_GQ342996_+_797-1793_ARO:3003097_CfxA6	84.963	951	136	6	7771	8718	980	34	0.0	957	4190579
NODE_148_length_62539_cov_60.6472	gb_AF118110.1_-_71-1037_ARO:3003002_CfxA2	86.120	951	131	1	7766	8716	953	4	0.0	1024	2529323
NODE_148_length_62539_cov_60.6472	gb_AF472622_+_52-1018_ARO:3003003_CfxA3	86.015	951	132	1	7766	8716	953	4	0.0	1018	2529323
NODE_148_length_62539_cov_60.6472	gb_AY769934_+_27-993_ARO:3003096_CfxA5	86.015	951	132	1	7766	8716	953	4	0.0	1018	2529323
NODE_148_length_62539_cov_60.6472	gb_U38243_+_149-1115_ARO:3003001_CfxA	86.015	951	132	1	7766	8716	953	4	0.0	1018	2529323
NODE_148_length_62539_cov_60.6472	gb_AY769933_+_0-966_ARO:3003005_CfxA4	86.015	951	132	1	7766	8716	953	4	0.0	1018	2529323
NODE_148_length_62539_cov_60.6472	gb_GQ342996_+_797-1793_ARO:3003097_CfxA6	84.963	951	136	6	7771	8718	980	34	0.0	957	2529323
NODE_148_length_62539_cov_60.6472	gb_AF118110.1_-_71-1037_ARO:3003002_CfxA2	86.120	951	131	1	7766	8716	953	4	0.0	1024	1335982
NODE_148_length_62539_cov_60.6472	gb_AF472622_+_52-1018_ARO:3003003_CfxA3	86.015	951	132	1	7766	8716	953	4	0.0	1018	1335982
NODE_148_length_62539_cov_60.6472	gb_AY769934_+_27-993_ARO:3003096_CfxA5	86.015	951	132	1	7766	8716	953	4	0.0	1018	1335982
NODE_148_length_62539_cov_60.6472	gb_U38243_+_149-1115_ARO:3003001_CfxA	86.015	951	132	1	7766	8716	953	4	0.0	1018	1335982
NODE_148_length_62539_cov_60.6472	gb_AY769933_+_0-966_ARO:3003005_CfxA4	86.015	951	132	1	7766	8716	953	4	0.0	1018	1335982
NODE_148_length_62539_cov_60.6472	gb_GQ342996_+_797-1793_ARO:3003097_CfxA6	84.963	951	136	6	7771	8718	980	34	0.0	957	1335982
NODE_272_length_43328_cov_198.415	gb_L42817_+_201-936_ARO:3000522_ErmG	98.911	551	6	0	42778	43328	735	185	0.0	985	2529300
NODE_272_length_43328_cov_198.415	gb_M64090_+_0-735_ARO:3000595_ErmT	80.000	485	97	0	42785	43269	728	244	5.89e-98	359	2529300
NODE_272_length_43328_cov_198.415	gb_L42817_+_201-936_ARO:3000522_ErmG	98.911	551	6	0	42778	43328	735	185	0.0	985	3306781
NODE_272_length_43328_cov_198.415	gb_M64090_+_0-735_ARO:3000595_ErmT	80.000	485	97	0	42785	43269	728	244	5.89e-98	359	3306781
NODE_272_length_43328_cov_198.415	gb_L42817_+_201-936_ARO:3000522_ErmG	98.911	551	6	0	42778	43328	735	185	0.0	985	3306781
NODE_272_length_43328_cov_198.415	gb_M64090_+_0-735_ARO:3000595_ErmT	80.000	485	97	0	42785	43269	728	244	5.89e-98	359	3306781
NODE_272_length_43328_cov_198.415	gb_L42817_+_201-936_ARO:3000522_ErmG	98.911	551	6	0	42778	43328	735	185	0.0	985	6200155
NODE_272_length_43328_cov_198.415	gb_M64090_+_0-735_ARO:3000595_ErmT	80.000	485	97	0	42785	43269	728	244	5.89e-98	359	6200155
NODE_272_length_43328_cov_198.415	gb_L42817_+_201-936_ARO:3000522_ErmG	98.911	551	6	0	42778	43328	735	185	0.0	985	6200155
NODE_272_length_43328_cov_198.415	gb_M64090_+_0-735_ARO:3000595_ErmT	80.000	485	97	0	42785	43269	728	244	5.89e-98	359	6200155
NODE_281_length_42754_cov_12.9883	gb_M18896.2_+_206-2126_ARO:3000190_tetO	98.958	1920	20	0	25845	27764	1920	1	0.0	3435	214020
NODE_281_length_42754_cov_12.9883	gb_AJ295238.3_+_163-2083_ARO:3000196_tet32	93.863	831	51	0	25845	26675	1920	1090	0.0	1253	214020
NODE_281_length_42754_cov_12.9883	gb_AJ295238.3_+_163-2083_ARO:3000196_tet32	91.162	396	35	0	27369	27764	396	1	6.96e-152	538	214020
NODE_1132_length_15052_cov_5.42128	gb_NC_002516_+_2810008-2813197_ARO:3000804_MexF	81.545	233	43	0	4675	4907	1268	1036	2.20e-48	193	5834193
NODE_1132_length_15052_cov_5.42128	gb_AFRQ01000061.1_-_23986-27124_ARO:3004144_AxyY	76.230	244	56	2	4666	4908	1265	1023	6.29e-29	128	5834193
NODE_1132_length_15052_cov_5.42128	gb_NC_010378.1_+_47850-51003_ARO:3003923_oqxB	76.098	205	43	3	4687	4888	1256	1055	3.81e-21	102	5834193
NODE_1132_length_15052_cov_5.42128	gb_NC_002516_+_2810008-2813197_ARO:3000804_MexF	81.545	233	43	0	4675	4907	1268	1036	2.20e-48	193	5175017
NODE_1132_length_15052_cov_5.42128	gb_AFRQ01000061.1_-_23986-27124_ARO:3004144_AxyY	76.230	244	56	2	4666	4908	1265	1023	6.29e-29	128	5175017
NODE_1132_length_15052_cov_5.42128	gb_NC_010378.1_+_47850-51003_ARO:3003923_oqxB	76.098	205	43	3	4687	4888	1256	1055	3.81e-21	102	5175017
NODE_1132_length_15052_cov_5.42128	gb_NC_002516_+_2810008-2813197_ARO:3000804_MexF	81.545	233	43	0	4675	4907	1268	1036	2.20e-48	193	2407497
NODE_1132_length_15052_cov_5.42128	gb_AFRQ01000061.1_-_23986-27124_ARO:3004144_AxyY	76.230	244	56	2	4666	4908	1265	1023	6.29e-29	128	2407497
NODE_1132_length_15052_cov_5.42128	gb_NC_010378.1_+_47850-51003_ARO:3003923_oqxB	76.098	205	43	3	4687	4888	1256	1055	3.81e-21	102	2407497
NODE_1180_length_14374_cov_85.0331	gb_NC_007779_+_2586250-2589364_ARO:3000491_acrD	96.875	32	1	0	6288	6319	1876	1907	1.03e-06	54.7	3538501
NODE_1180_length_14374_cov_85.0331	gb_NC_007779_+_2586250-2589364_ARO:3000491_acrD	96.875	32	1	0	6288	6319	1876	1907	1.03e-06	54.7	3306792
NODE_1180_length_14374_cov_85.0331	gb_NC_007779_+_2586250-2589364_ARO:3000491_acrD	96.875	32	1	0	6288	6319	1876	1907	1.03e-06	54.7	1938620
NODE_1297_length_13280_cov_79.6736	gb_AF118110.1_-_71-1037_ARO:3003002_CfxA2	99.896	966	1	0	113	1078	1	966	0.0	1779	125795
NODE_1297_length_13280_cov_79.6736	gb_AF472622_+_52-1018_ARO:3003003_CfxA3	99.793	966	2	0	113	1078	1	966	0.0	1773	125795
NODE_1297_length_13280_cov_79.6736	gb_AY769934_+_27-993_ARO:3003096_CfxA5	99.793	966	2	0	113	1078	1	966	0.0	1773	125795
NODE_1297_length_13280_cov_79.6736	gb_U38243_+_149-1115_ARO:3003001_CfxA	99.793	966	2	0	113	1078	1	966	0.0	1773	125795
NODE_1297_length_13280_cov_79.6736	gb_AY769933_+_0-966_ARO:3003005_CfxA4	99.793	966	2	0	113	1078	1	966	0.0	1773	125795
NODE_1297_length_13280_cov_79.6736	gb_GQ342996_+_797-1793_ARO:3003097_CfxA6	89.130	966	102	3	109	1073	30	993	0.0	1199	125795
NODE_1297_length_13280_cov_79.6736	gb_AF118110.1_-_71-1037_ARO:3003002_CfxA2	99.896	966	1	0	113	1078	1	966	0.0	1779	5834098
NODE_1297_length_13280_cov_79.6736	gb_AF472622_+_52-1018_ARO:3003003_CfxA3	99.793	966	2	0	113	1078	1	966	0.0	1773	5834098
NODE_1297_length_13280_cov_79.6736	gb_AY769934_+_27-993_ARO:3003096_CfxA5	99.793	966	2	0	113	1078	1	966	0.0	1773	5834098
NODE_1297_length_13280_cov_79.6736	gb_U38243_+_149-1115_ARO:3003001_CfxA	99.793	966	2	0	113	1078	1	966	0.0	1773	5834098
NODE_1297_length_13280_cov_79.6736	gb_AY769933_+_0-966_ARO:3003005_CfxA4	99.793	966	2	0	113	1078	1	966	0.0	1773	5834098
NODE_1297_length_13280_cov_79.6736	gb_GQ342996_+_797-1793_ARO:3003097_CfxA6	89.130	966	102	3	109	1073	30	993	0.0	1199	5834098
NODE_1473_length_11864_cov_26.6834	gb_M37699_+_585-1752_ARO:3000205_tetX	99.743	1167	3	0	8940	10106	1167	1	0.0	2139	433819
NODE_1473_length_11864_cov_26.6834	gb_M17124_+_1181-1982_ARO:3000498_ErmF	97.938	97	2	0	11720	11816	1	97	2.92e-41	169	433819
NODE_1473_length_11864_cov_26.6834	gb_AF319779.2_+_32-833_ARO:3000604_Erm(35)	93.333	90	6	0	11720	11809	1	90	1.06e-30	134	433819
NODE_1507_length_11607_cov_9.68196	gb_Z21523_+_0-1974_ARO:3000191_tetQ	89.492	1732	182	0	9876	11607	1974	243	0.0	2191	4763159
NODE_2901_length_6013_cov_3.56949	gb_AP006618.1_+_4835199-4838688_ARO:3000501_Nocardia	77.401	354	76	4	3988	4339	3337	2986	3.13e-53	207	304732
NODE_4249_length_4071_cov_289.949	gb_Z21523_+_0-1974_ARO:3000191_tetQ	97.822	1974	43	0	428	2401	1974	1	0.0	3408	112824
