NODE_4_length_351824_cov_202.861	gb_AF235050.4_+_38028-40140_ARO:3003318_Streptomyces	75.821	914	180	33	24101	24989	1986	1089	4.64e-117	425	960811
NODE_4_length_351824_cov_202.861	gb_AF235050.4_+_38028-40140_ARO:3003318_Streptomyces	78.358	402	81	4	25647	26045	452	54	6.44e-66	255	960811
NODE_4_length_351824_cov_202.861	gb_AF235050.4_+_38028-40140_ARO:3003318_Streptomyces	75.821	914	180	33	24101	24989	1986	1089	4.64e-117	425	2604665
NODE_4_length_351824_cov_202.861	gb_AF235050.4_+_38028-40140_ARO:3003318_Streptomyces	78.358	402	81	4	25647	26045	452	54	6.44e-66	255	2604665
NODE_4_length_351824_cov_202.861	gb_AF235050.4_+_38028-40140_ARO:3003318_Streptomyces	75.821	914	180	33	24101	24989	1986	1089	4.64e-117	425	3309574
NODE_4_length_351824_cov_202.861	gb_AF235050.4_+_38028-40140_ARO:3003318_Streptomyces	78.358	402	81	4	25647	26045	452	54	6.44e-66	255	3309574
NODE_4_length_351824_cov_202.861	gb_AF235050.4_+_38028-40140_ARO:3003318_Streptomyces	75.821	914	180	33	24101	24989	1986	1089	4.64e-117	425	2251459
NODE_4_length_351824_cov_202.861	gb_AF235050.4_+_38028-40140_ARO:3003318_Streptomyces	78.358	402	81	4	25647	26045	452	54	6.44e-66	255	2251459
NODE_4_length_351824_cov_202.861	gb_AF235050.4_+_38028-40140_ARO:3003318_Streptomyces	75.821	914	180	33	24101	24989	1986	1089	4.64e-117	425	4554570
NODE_4_length_351824_cov_202.861	gb_AF235050.4_+_38028-40140_ARO:3003318_Streptomyces	78.358	402	81	4	25647	26045	452	54	6.44e-66	255	4554570
NODE_4_length_351824_cov_202.861	gb_AF235050.4_+_38028-40140_ARO:3003318_Streptomyces	75.821	914	180	33	24101	24989	1986	1089	4.64e-117	425	4566450
NODE_4_length_351824_cov_202.861	gb_AF235050.4_+_38028-40140_ARO:3003318_Streptomyces	78.358	402	81	4	25647	26045	452	54	6.44e-66	255	4566450
NODE_4_length_351824_cov_202.861	gb_AF235050.4_+_38028-40140_ARO:3003318_Streptomyces	75.821	914	180	33	24101	24989	1986	1089	4.64e-117	425	1738488
NODE_4_length_351824_cov_202.861	gb_AF235050.4_+_38028-40140_ARO:3003318_Streptomyces	78.358	402	81	4	25647	26045	452	54	6.44e-66	255	1738488
NODE_4_length_351824_cov_202.861	gb_AF235050.4_+_38028-40140_ARO:3003318_Streptomyces	75.821	914	180	33	24101	24989	1986	1089	4.64e-117	425	3898960
NODE_4_length_351824_cov_202.861	gb_AF235050.4_+_38028-40140_ARO:3003318_Streptomyces	78.358	402	81	4	25647	26045	452	54	6.44e-66	255	3898960
NODE_4_length_351824_cov_202.861	gb_AF235050.4_+_38028-40140_ARO:3003318_Streptomyces	75.821	914	180	33	24101	24989	1986	1089	4.64e-117	425	2559267
NODE_4_length_351824_cov_202.861	gb_AF235050.4_+_38028-40140_ARO:3003318_Streptomyces	78.358	402	81	4	25647	26045	452	54	6.44e-66	255	2559267
NODE_4_length_351824_cov_202.861	gb_AF235050.4_+_38028-40140_ARO:3003318_Streptomyces	75.821	914	180	33	24101	24989	1986	1089	4.64e-117	425	2559267
NODE_4_length_351824_cov_202.861	gb_AF235050.4_+_38028-40140_ARO:3003318_Streptomyces	78.358	402	81	4	25647	26045	452	54	6.44e-66	255	2559267
NODE_4_length_351824_cov_202.861	gb_AF235050.4_+_38028-40140_ARO:3003318_Streptomyces	75.821	914	180	33	24101	24989	1986	1089	4.64e-117	425	1156827
NODE_4_length_351824_cov_202.861	gb_AF235050.4_+_38028-40140_ARO:3003318_Streptomyces	78.358	402	81	4	25647	26045	452	54	6.44e-66	255	1156827
NODE_4_length_351824_cov_202.861	gb_AF235050.4_+_38028-40140_ARO:3003318_Streptomyces	75.821	914	180	33	24101	24989	1986	1089	4.64e-117	425	4558505
NODE_4_length_351824_cov_202.861	gb_AF235050.4_+_38028-40140_ARO:3003318_Streptomyces	78.358	402	81	4	25647	26045	452	54	6.44e-66	255	4558505
NODE_4_length_351824_cov_202.861	gb_AF235050.4_+_38028-40140_ARO:3003318_Streptomyces	75.821	914	180	33	24101	24989	1986	1089	4.64e-117	425	47262
NODE_4_length_351824_cov_202.861	gb_AF235050.4_+_38028-40140_ARO:3003318_Streptomyces	78.358	402	81	4	25647	26045	452	54	6.44e-66	255	47262
NODE_4_length_351824_cov_202.861	gb_AF235050.4_+_38028-40140_ARO:3003318_Streptomyces	75.821	914	180	33	24101	24989	1986	1089	4.64e-117	425	67127
NODE_4_length_351824_cov_202.861	gb_AF235050.4_+_38028-40140_ARO:3003318_Streptomyces	78.358	402	81	4	25647	26045	452	54	6.44e-66	255	67127
NODE_4_length_351824_cov_202.861	gb_AF235050.4_+_38028-40140_ARO:3003318_Streptomyces	75.821	914	180	33	24101	24989	1986	1089	4.64e-117	425	152687
NODE_4_length_351824_cov_202.861	gb_AF235050.4_+_38028-40140_ARO:3003318_Streptomyces	78.358	402	81	4	25647	26045	452	54	6.44e-66	255	152687
NODE_4_length_351824_cov_202.861	gb_AF235050.4_+_38028-40140_ARO:3003318_Streptomyces	75.821	914	180	33	24101	24989	1986	1089	4.64e-117	425	6075664
NODE_4_length_351824_cov_202.861	gb_AF235050.4_+_38028-40140_ARO:3003318_Streptomyces	78.358	402	81	4	25647	26045	452	54	6.44e-66	255	6075664
NODE_4_length_351824_cov_202.861	gb_AF235050.4_+_38028-40140_ARO:3003318_Streptomyces	75.821	914	180	33	24101	24989	1986	1089	4.64e-117	425	44616
NODE_4_length_351824_cov_202.861	gb_AF235050.4_+_38028-40140_ARO:3003318_Streptomyces	78.358	402	81	4	25647	26045	452	54	6.44e-66	255	44616
NODE_4_length_351824_cov_202.861	gb_AF235050.4_+_38028-40140_ARO:3003318_Streptomyces	75.821	914	180	33	24101	24989	1986	1089	4.64e-117	425	44616
NODE_4_length_351824_cov_202.861	gb_AF235050.4_+_38028-40140_ARO:3003318_Streptomyces	78.358	402	81	4	25647	26045	452	54	6.44e-66	255	44616
NODE_4_length_351824_cov_202.861	gb_AF235050.4_+_38028-40140_ARO:3003318_Streptomyces	75.821	914	180	33	24101	24989	1986	1089	4.64e-117	425	2233000
NODE_4_length_351824_cov_202.861	gb_AF235050.4_+_38028-40140_ARO:3003318_Streptomyces	78.358	402	81	4	25647	26045	452	54	6.44e-66	255	2233000
NODE_4_length_351824_cov_202.861	gb_AF235050.4_+_38028-40140_ARO:3003318_Streptomyces	75.821	914	180	33	24101	24989	1986	1089	4.64e-117	425	85678
NODE_4_length_351824_cov_202.861	gb_AF235050.4_+_38028-40140_ARO:3003318_Streptomyces	78.358	402	81	4	25647	26045	452	54	6.44e-66	255	85678
NODE_4_length_351824_cov_202.861	gb_AF235050.4_+_38028-40140_ARO:3003318_Streptomyces	75.821	914	180	33	24101	24989	1986	1089	4.64e-117	425	1109128
NODE_4_length_351824_cov_202.861	gb_AF235050.4_+_38028-40140_ARO:3003318_Streptomyces	78.358	402	81	4	25647	26045	452	54	6.44e-66	255	1109128
NODE_4_length_351824_cov_202.861	gb_AF235050.4_+_38028-40140_ARO:3003318_Streptomyces	75.821	914	180	33	24101	24989	1986	1089	4.64e-117	425	1109128
NODE_4_length_351824_cov_202.861	gb_AF235050.4_+_38028-40140_ARO:3003318_Streptomyces	78.358	402	81	4	25647	26045	452	54	6.44e-66	255	1109128
NODE_4_length_351824_cov_202.861	gb_AF235050.4_+_38028-40140_ARO:3003318_Streptomyces	75.821	914	180	33	24101	24989	1986	1089	4.64e-117	425	4561100
NODE_4_length_351824_cov_202.861	gb_AF235050.4_+_38028-40140_ARO:3003318_Streptomyces	78.358	402	81	4	25647	26045	452	54	6.44e-66	255	4561100
NODE_4_length_351824_cov_202.861	gb_AF235050.4_+_38028-40140_ARO:3003318_Streptomyces	75.821	914	180	33	24101	24989	1986	1089	4.64e-117	425	5102020
NODE_4_length_351824_cov_202.861	gb_AF235050.4_+_38028-40140_ARO:3003318_Streptomyces	78.358	402	81	4	25647	26045	452	54	6.44e-66	255	5102020
NODE_4_length_351824_cov_202.861	gb_AF235050.4_+_38028-40140_ARO:3003318_Streptomyces	75.821	914	180	33	24101	24989	1986	1089	4.64e-117	425	2660416
NODE_4_length_351824_cov_202.861	gb_AF235050.4_+_38028-40140_ARO:3003318_Streptomyces	78.358	402	81	4	25647	26045	452	54	6.44e-66	255	2660416
NODE_4_length_351824_cov_202.861	gb_AF235050.4_+_38028-40140_ARO:3003318_Streptomyces	75.821	914	180	33	24101	24989	1986	1089	4.64e-117	425	674811
NODE_4_length_351824_cov_202.861	gb_AF235050.4_+_38028-40140_ARO:3003318_Streptomyces	78.358	402	81	4	25647	26045	452	54	6.44e-66	255	674811
NODE_4_length_351824_cov_202.861	gb_AF235050.4_+_38028-40140_ARO:3003318_Streptomyces	75.821	914	180	33	24101	24989	1986	1089	4.64e-117	425	674811
NODE_4_length_351824_cov_202.861	gb_AF235050.4_+_38028-40140_ARO:3003318_Streptomyces	78.358	402	81	4	25647	26045	452	54	6.44e-66	255	674811
NODE_4_length_351824_cov_202.861	gb_AF235050.4_+_38028-40140_ARO:3003318_Streptomyces	75.821	914	180	33	24101	24989	1986	1089	4.64e-117	425	778446
NODE_4_length_351824_cov_202.861	gb_AF235050.4_+_38028-40140_ARO:3003318_Streptomyces	78.358	402	81	4	25647	26045	452	54	6.44e-66	255	778446
NODE_4_length_351824_cov_202.861	gb_AF235050.4_+_38028-40140_ARO:3003318_Streptomyces	75.821	914	180	33	24101	24989	1986	1089	4.64e-117	425	3858839
NODE_4_length_351824_cov_202.861	gb_AF235050.4_+_38028-40140_ARO:3003318_Streptomyces	78.358	402	81	4	25647	26045	452	54	6.44e-66	255	3858839
NODE_4_length_351824_cov_202.861	gb_AF235050.4_+_38028-40140_ARO:3003318_Streptomyces	75.821	914	180	33	24101	24989	1986	1089	4.64e-117	425	3858839
NODE_4_length_351824_cov_202.861	gb_AF235050.4_+_38028-40140_ARO:3003318_Streptomyces	78.358	402	81	4	25647	26045	452	54	6.44e-66	255	3858839
NODE_4_length_351824_cov_202.861	gb_AF235050.4_+_38028-40140_ARO:3003318_Streptomyces	75.821	914	180	33	24101	24989	1986	1089	4.64e-117	425	1604093
NODE_4_length_351824_cov_202.861	gb_AF235050.4_+_38028-40140_ARO:3003318_Streptomyces	78.358	402	81	4	25647	26045	452	54	6.44e-66	255	1604093
NODE_4_length_351824_cov_202.861	gb_AF235050.4_+_38028-40140_ARO:3003318_Streptomyces	75.821	914	180	33	24101	24989	1986	1089	4.64e-117	425	1484285
NODE_4_length_351824_cov_202.861	gb_AF235050.4_+_38028-40140_ARO:3003318_Streptomyces	78.358	402	81	4	25647	26045	452	54	6.44e-66	255	1484285
NODE_4_length_351824_cov_202.861	gb_AF235050.4_+_38028-40140_ARO:3003318_Streptomyces	75.821	914	180	33	24101	24989	1986	1089	4.64e-117	425	2247829
NODE_4_length_351824_cov_202.861	gb_AF235050.4_+_38028-40140_ARO:3003318_Streptomyces	78.358	402	81	4	25647	26045	452	54	6.44e-66	255	2247829
NODE_4_length_351824_cov_202.861	gb_AF235050.4_+_38028-40140_ARO:3003318_Streptomyces	75.821	914	180	33	24101	24989	1986	1089	4.64e-117	425	2086504
NODE_4_length_351824_cov_202.861	gb_AF235050.4_+_38028-40140_ARO:3003318_Streptomyces	78.358	402	81	4	25647	26045	452	54	6.44e-66	255	2086504
NODE_4_length_351824_cov_202.861	gb_AF235050.4_+_38028-40140_ARO:3003318_Streptomyces	75.821	914	180	33	24101	24989	1986	1089	4.64e-117	425	76930
NODE_4_length_351824_cov_202.861	gb_AF235050.4_+_38028-40140_ARO:3003318_Streptomyces	78.358	402	81	4	25647	26045	452	54	6.44e-66	255	76930
NODE_4_length_351824_cov_202.861	gb_AF235050.4_+_38028-40140_ARO:3003318_Streptomyces	75.821	914	180	33	24101	24989	1986	1089	4.64e-117	425	76930
NODE_4_length_351824_cov_202.861	gb_AF235050.4_+_38028-40140_ARO:3003318_Streptomyces	78.358	402	81	4	25647	26045	452	54	6.44e-66	255	76930
NODE_4_length_351824_cov_202.861	gb_AF235050.4_+_38028-40140_ARO:3003318_Streptomyces	75.821	914	180	33	24101	24989	1986	1089	4.64e-117	425	174999
NODE_4_length_351824_cov_202.861	gb_AF235050.4_+_38028-40140_ARO:3003318_Streptomyces	78.358	402	81	4	25647	26045	452	54	6.44e-66	255	174999
NODE_4_length_351824_cov_202.861	gb_AF235050.4_+_38028-40140_ARO:3003318_Streptomyces	75.821	914	180	33	24101	24989	1986	1089	4.64e-117	425	2766294
NODE_4_length_351824_cov_202.861	gb_AF235050.4_+_38028-40140_ARO:3003318_Streptomyces	78.358	402	81	4	25647	26045	452	54	6.44e-66	255	2766294
NODE_4_length_351824_cov_202.861	gb_AF235050.4_+_38028-40140_ARO:3003318_Streptomyces	75.821	914	180	33	24101	24989	1986	1089	4.64e-117	425	329158
NODE_4_length_351824_cov_202.861	gb_AF235050.4_+_38028-40140_ARO:3003318_Streptomyces	78.358	402	81	4	25647	26045	452	54	6.44e-66	255	329158
NODE_4_length_351824_cov_202.861	gb_AF235050.4_+_38028-40140_ARO:3003318_Streptomyces	75.821	914	180	33	24101	24989	1986	1089	4.64e-117	425	6106504
NODE_4_length_351824_cov_202.861	gb_AF235050.4_+_38028-40140_ARO:3003318_Streptomyces	78.358	402	81	4	25647	26045	452	54	6.44e-66	255	6106504
NODE_4_length_351824_cov_202.861	gb_AF235050.4_+_38028-40140_ARO:3003318_Streptomyces	75.821	914	180	33	24101	24989	1986	1089	4.64e-117	425	132296
NODE_4_length_351824_cov_202.861	gb_AF235050.4_+_38028-40140_ARO:3003318_Streptomyces	78.358	402	81	4	25647	26045	452	54	6.44e-66	255	132296
NODE_4_length_351824_cov_202.861	gb_AF235050.4_+_38028-40140_ARO:3003318_Streptomyces	75.821	914	180	33	24101	24989	1986	1089	4.64e-117	425	1004471
NODE_4_length_351824_cov_202.861	gb_AF235050.4_+_38028-40140_ARO:3003318_Streptomyces	78.358	402	81	4	25647	26045	452	54	6.44e-66	255	1004471
NODE_4_length_351824_cov_202.861	gb_AF235050.4_+_38028-40140_ARO:3003318_Streptomyces	75.821	914	180	33	24101	24989	1986	1089	4.64e-117	425	793576
NODE_4_length_351824_cov_202.861	gb_AF235050.4_+_38028-40140_ARO:3003318_Streptomyces	78.358	402	81	4	25647	26045	452	54	6.44e-66	255	793576
NODE_4_length_351824_cov_202.861	gb_AF235050.4_+_38028-40140_ARO:3003318_Streptomyces	75.821	914	180	33	24101	24989	1986	1089	4.64e-117	425	181826
NODE_4_length_351824_cov_202.861	gb_AF235050.4_+_38028-40140_ARO:3003318_Streptomyces	78.358	402	81	4	25647	26045	452	54	6.44e-66	255	181826
NODE_4_length_351824_cov_202.861	gb_AF235050.4_+_38028-40140_ARO:3003318_Streptomyces	75.821	914	180	33	24101	24989	1986	1089	4.64e-117	425	90273
NODE_4_length_351824_cov_202.861	gb_AF235050.4_+_38028-40140_ARO:3003318_Streptomyces	78.358	402	81	4	25647	26045	452	54	6.44e-66	255	90273
NODE_4_length_351824_cov_202.861	gb_AF235050.4_+_38028-40140_ARO:3003318_Streptomyces	75.821	914	180	33	24101	24989	1986	1089	4.64e-117	425	1424141
NODE_4_length_351824_cov_202.861	gb_AF235050.4_+_38028-40140_ARO:3003318_Streptomyces	78.358	402	81	4	25647	26045	452	54	6.44e-66	255	1424141
NODE_4_length_351824_cov_202.861	gb_AF235050.4_+_38028-40140_ARO:3003318_Streptomyces	75.821	914	180	33	24101	24989	1986	1089	4.64e-117	425	4440542
NODE_4_length_351824_cov_202.861	gb_AF235050.4_+_38028-40140_ARO:3003318_Streptomyces	78.358	402	81	4	25647	26045	452	54	6.44e-66	255	4440542
NODE_4_length_351824_cov_202.861	gb_AF235050.4_+_38028-40140_ARO:3003318_Streptomyces	75.821	914	180	33	24101	24989	1986	1089	4.64e-117	425	4440542
NODE_4_length_351824_cov_202.861	gb_AF235050.4_+_38028-40140_ARO:3003318_Streptomyces	78.358	402	81	4	25647	26045	452	54	6.44e-66	255	4440542
NODE_4_length_351824_cov_202.861	gb_AF235050.4_+_38028-40140_ARO:3003318_Streptomyces	75.821	914	180	33	24101	24989	1986	1089	4.64e-117	425	1990745
NODE_4_length_351824_cov_202.861	gb_AF235050.4_+_38028-40140_ARO:3003318_Streptomyces	78.358	402	81	4	25647	26045	452	54	6.44e-66	255	1990745
NODE_4_length_351824_cov_202.861	gb_AF235050.4_+_38028-40140_ARO:3003318_Streptomyces	75.821	914	180	33	24101	24989	1986	1089	4.64e-117	425	1990745
NODE_4_length_351824_cov_202.861	gb_AF235050.4_+_38028-40140_ARO:3003318_Streptomyces	78.358	402	81	4	25647	26045	452	54	6.44e-66	255	1990745
NODE_4_length_351824_cov_202.861	gb_AF235050.4_+_38028-40140_ARO:3003318_Streptomyces	75.821	914	180	33	24101	24989	1986	1089	4.64e-117	425	4571842
NODE_4_length_351824_cov_202.861	gb_AF235050.4_+_38028-40140_ARO:3003318_Streptomyces	78.358	402	81	4	25647	26045	452	54	6.44e-66	255	4571842
NODE_4_length_351824_cov_202.861	gb_AF235050.4_+_38028-40140_ARO:3003318_Streptomyces	75.821	914	180	33	24101	24989	1986	1089	4.64e-117	425	6753315
NODE_4_length_351824_cov_202.861	gb_AF235050.4_+_38028-40140_ARO:3003318_Streptomyces	78.358	402	81	4	25647	26045	452	54	6.44e-66	255	6753315
NODE_4_length_351824_cov_202.861	gb_AF235050.4_+_38028-40140_ARO:3003318_Streptomyces	75.821	914	180	33	24101	24989	1986	1089	4.64e-117	425	594219
NODE_4_length_351824_cov_202.861	gb_AF235050.4_+_38028-40140_ARO:3003318_Streptomyces	78.358	402	81	4	25647	26045	452	54	6.44e-66	255	594219
NODE_4_length_351824_cov_202.861	gb_AF235050.4_+_38028-40140_ARO:3003318_Streptomyces	75.821	914	180	33	24101	24989	1986	1089	4.64e-117	425	1990469
NODE_4_length_351824_cov_202.861	gb_AF235050.4_+_38028-40140_ARO:3003318_Streptomyces	78.358	402	81	4	25647	26045	452	54	6.44e-66	255	1990469
NODE_4_length_351824_cov_202.861	gb_AF235050.4_+_38028-40140_ARO:3003318_Streptomyces	75.821	914	180	33	24101	24989	1986	1089	4.64e-117	425	1990469
NODE_4_length_351824_cov_202.861	gb_AF235050.4_+_38028-40140_ARO:3003318_Streptomyces	78.358	402	81	4	25647	26045	452	54	6.44e-66	255	1990469
NODE_4_length_351824_cov_202.861	gb_AF235050.4_+_38028-40140_ARO:3003318_Streptomyces	75.821	914	180	33	24101	24989	1986	1089	4.64e-117	425	4511341
NODE_4_length_351824_cov_202.861	gb_AF235050.4_+_38028-40140_ARO:3003318_Streptomyces	78.358	402	81	4	25647	26045	452	54	6.44e-66	255	4511341
NODE_4_length_351824_cov_202.861	gb_AF235050.4_+_38028-40140_ARO:3003318_Streptomyces	75.821	914	180	33	24101	24989	1986	1089	4.64e-117	425	83866
NODE_4_length_351824_cov_202.861	gb_AF235050.4_+_38028-40140_ARO:3003318_Streptomyces	78.358	402	81	4	25647	26045	452	54	6.44e-66	255	83866
NODE_4_length_351824_cov_202.861	gb_AF235050.4_+_38028-40140_ARO:3003318_Streptomyces	75.821	914	180	33	24101	24989	1986	1089	4.64e-117	425	2075795
NODE_4_length_351824_cov_202.861	gb_AF235050.4_+_38028-40140_ARO:3003318_Streptomyces	78.358	402	81	4	25647	26045	452	54	6.44e-66	255	2075795
NODE_4_length_351824_cov_202.861	gb_AF235050.4_+_38028-40140_ARO:3003318_Streptomyces	75.821	914	180	33	24101	24989	1986	1089	4.64e-117	425	1296871
NODE_4_length_351824_cov_202.861	gb_AF235050.4_+_38028-40140_ARO:3003318_Streptomyces	78.358	402	81	4	25647	26045	452	54	6.44e-66	255	1296871
NODE_4_length_351824_cov_202.861	gb_AF235050.4_+_38028-40140_ARO:3003318_Streptomyces	75.821	914	180	33	24101	24989	1986	1089	4.64e-117	425	4534969
NODE_4_length_351824_cov_202.861	gb_AF235050.4_+_38028-40140_ARO:3003318_Streptomyces	78.358	402	81	4	25647	26045	452	54	6.44e-66	255	4534969
NODE_4_length_351824_cov_202.861	gb_AF235050.4_+_38028-40140_ARO:3003318_Streptomyces	75.821	914	180	33	24101	24989	1986	1089	4.64e-117	425	1990505
NODE_4_length_351824_cov_202.861	gb_AF235050.4_+_38028-40140_ARO:3003318_Streptomyces	78.358	402	81	4	25647	26045	452	54	6.44e-66	255	1990505
NODE_4_length_351824_cov_202.861	gb_AF235050.4_+_38028-40140_ARO:3003318_Streptomyces	75.821	914	180	33	24101	24989	1986	1089	4.64e-117	425	1990505
NODE_4_length_351824_cov_202.861	gb_AF235050.4_+_38028-40140_ARO:3003318_Streptomyces	78.358	402	81	4	25647	26045	452	54	6.44e-66	255	1990505
NODE_4_length_351824_cov_202.861	gb_AF235050.4_+_38028-40140_ARO:3003318_Streptomyces	75.821	914	180	33	24101	24989	1986	1089	4.64e-117	425	1004854
NODE_4_length_351824_cov_202.861	gb_AF235050.4_+_38028-40140_ARO:3003318_Streptomyces	78.358	402	81	4	25647	26045	452	54	6.44e-66	255	1004854
NODE_4_length_351824_cov_202.861	gb_AF235050.4_+_38028-40140_ARO:3003318_Streptomyces	75.821	914	180	33	24101	24989	1986	1089	4.64e-117	425	5076849
NODE_4_length_351824_cov_202.861	gb_AF235050.4_+_38028-40140_ARO:3003318_Streptomyces	78.358	402	81	4	25647	26045	452	54	6.44e-66	255	5076849
NODE_4_length_351824_cov_202.861	gb_AF235050.4_+_38028-40140_ARO:3003318_Streptomyces	75.821	914	180	33	24101	24989	1986	1089	4.64e-117	425	5881575
NODE_4_length_351824_cov_202.861	gb_AF235050.4_+_38028-40140_ARO:3003318_Streptomyces	78.358	402	81	4	25647	26045	452	54	6.44e-66	255	5881575
NODE_4_length_351824_cov_202.861	gb_AF235050.4_+_38028-40140_ARO:3003318_Streptomyces	75.821	914	180	33	24101	24989	1986	1089	4.64e-117	425	6347721
NODE_4_length_351824_cov_202.861	gb_AF235050.4_+_38028-40140_ARO:3003318_Streptomyces	78.358	402	81	4	25647	26045	452	54	6.44e-66	255	6347721
NODE_4_length_351824_cov_202.861	gb_AF235050.4_+_38028-40140_ARO:3003318_Streptomyces	75.821	914	180	33	24101	24989	1986	1089	4.64e-117	425	4440502
NODE_4_length_351824_cov_202.861	gb_AF235050.4_+_38028-40140_ARO:3003318_Streptomyces	78.358	402	81	4	25647	26045	452	54	6.44e-66	255	4440502
NODE_4_length_351824_cov_202.861	gb_AF235050.4_+_38028-40140_ARO:3003318_Streptomyces	75.821	914	180	33	24101	24989	1986	1089	4.64e-117	425	4440951
NODE_4_length_351824_cov_202.861	gb_AF235050.4_+_38028-40140_ARO:3003318_Streptomyces	78.358	402	81	4	25647	26045	452	54	6.44e-66	255	4440951
NODE_4_length_351824_cov_202.861	gb_AF235050.4_+_38028-40140_ARO:3003318_Streptomyces	75.821	914	180	33	24101	24989	1986	1089	4.64e-117	425	1484294
NODE_4_length_351824_cov_202.861	gb_AF235050.4_+_38028-40140_ARO:3003318_Streptomyces	78.358	402	81	4	25647	26045	452	54	6.44e-66	255	1484294
NODE_4_length_351824_cov_202.861	gb_AF235050.4_+_38028-40140_ARO:3003318_Streptomyces	75.821	914	180	33	24101	24989	1986	1089	4.64e-117	425	1484294
NODE_4_length_351824_cov_202.861	gb_AF235050.4_+_38028-40140_ARO:3003318_Streptomyces	78.358	402	81	4	25647	26045	452	54	6.44e-66	255	1484294
NODE_4_length_351824_cov_202.861	gb_AF235050.4_+_38028-40140_ARO:3003318_Streptomyces	75.821	914	180	33	24101	24989	1986	1089	4.64e-117	425	289661
NODE_4_length_351824_cov_202.861	gb_AF235050.4_+_38028-40140_ARO:3003318_Streptomyces	78.358	402	81	4	25647	26045	452	54	6.44e-66	255	289661
NODE_4_length_351824_cov_202.861	gb_AF235050.4_+_38028-40140_ARO:3003318_Streptomyces	75.821	914	180	33	24101	24989	1986	1089	4.64e-117	425	3911664
NODE_4_length_351824_cov_202.861	gb_AF235050.4_+_38028-40140_ARO:3003318_Streptomyces	78.358	402	81	4	25647	26045	452	54	6.44e-66	255	3911664
NODE_4_length_351824_cov_202.861	gb_AF235050.4_+_38028-40140_ARO:3003318_Streptomyces	75.821	914	180	33	24101	24989	1986	1089	4.64e-117	425	2597826
NODE_4_length_351824_cov_202.861	gb_AF235050.4_+_38028-40140_ARO:3003318_Streptomyces	78.358	402	81	4	25647	26045	452	54	6.44e-66	255	2597826
NODE_4_length_351824_cov_202.861	gb_AF235050.4_+_38028-40140_ARO:3003318_Streptomyces	75.821	914	180	33	24101	24989	1986	1089	4.64e-117	425	2597826
NODE_4_length_351824_cov_202.861	gb_AF235050.4_+_38028-40140_ARO:3003318_Streptomyces	78.358	402	81	4	25647	26045	452	54	6.44e-66	255	2597826
NODE_4_length_351824_cov_202.861	gb_AF235050.4_+_38028-40140_ARO:3003318_Streptomyces	75.821	914	180	33	24101	24989	1986	1089	4.64e-117	425	2247836
NODE_4_length_351824_cov_202.861	gb_AF235050.4_+_38028-40140_ARO:3003318_Streptomyces	78.358	402	81	4	25647	26045	452	54	6.44e-66	255	2247836
NODE_4_length_351824_cov_202.861	gb_AF235050.4_+_38028-40140_ARO:3003318_Streptomyces	75.821	914	180	33	24101	24989	1986	1089	4.64e-117	425	2247836
NODE_4_length_351824_cov_202.861	gb_AF235050.4_+_38028-40140_ARO:3003318_Streptomyces	78.358	402	81	4	25647	26045	452	54	6.44e-66	255	2247836
NODE_4_length_351824_cov_202.861	gb_AF235050.4_+_38028-40140_ARO:3003318_Streptomyces	75.821	914	180	33	24101	24989	1986	1089	4.64e-117	425	6799955
NODE_4_length_351824_cov_202.861	gb_AF235050.4_+_38028-40140_ARO:3003318_Streptomyces	78.358	402	81	4	25647	26045	452	54	6.44e-66	255	6799955
NODE_4_length_351824_cov_202.861	gb_AF235050.4_+_38028-40140_ARO:3003318_Streptomyces	75.821	914	180	33	24101	24989	1986	1089	4.64e-117	425	6799955
NODE_4_length_351824_cov_202.861	gb_AF235050.4_+_38028-40140_ARO:3003318_Streptomyces	78.358	402	81	4	25647	26045	452	54	6.44e-66	255	6799955
NODE_4_length_351824_cov_202.861	gb_AF235050.4_+_38028-40140_ARO:3003318_Streptomyces	75.821	914	180	33	24101	24989	1986	1089	4.64e-117	425	75219
NODE_4_length_351824_cov_202.861	gb_AF235050.4_+_38028-40140_ARO:3003318_Streptomyces	78.358	402	81	4	25647	26045	452	54	6.44e-66	255	75219
NODE_4_length_351824_cov_202.861	gb_AF235050.4_+_38028-40140_ARO:3003318_Streptomyces	75.821	914	180	33	24101	24989	1986	1089	4.64e-117	425	75219
NODE_4_length_351824_cov_202.861	gb_AF235050.4_+_38028-40140_ARO:3003318_Streptomyces	78.358	402	81	4	25647	26045	452	54	6.44e-66	255	75219
NODE_4_length_351824_cov_202.861	gb_AF235050.4_+_38028-40140_ARO:3003318_Streptomyces	75.821	914	180	33	24101	24989	1986	1089	4.64e-117	425	360163
NODE_4_length_351824_cov_202.861	gb_AF235050.4_+_38028-40140_ARO:3003318_Streptomyces	78.358	402	81	4	25647	26045	452	54	6.44e-66	255	360163
NODE_4_length_351824_cov_202.861	gb_AF235050.4_+_38028-40140_ARO:3003318_Streptomyces	75.821	914	180	33	24101	24989	1986	1089	4.64e-117	425	823853
NODE_4_length_351824_cov_202.861	gb_AF235050.4_+_38028-40140_ARO:3003318_Streptomyces	78.358	402	81	4	25647	26045	452	54	6.44e-66	255	823853
NODE_4_length_351824_cov_202.861	gb_AF235050.4_+_38028-40140_ARO:3003318_Streptomyces	75.821	914	180	33	24101	24989	1986	1089	4.64e-117	425	176579
NODE_4_length_351824_cov_202.861	gb_AF235050.4_+_38028-40140_ARO:3003318_Streptomyces	78.358	402	81	4	25647	26045	452	54	6.44e-66	255	176579
NODE_4_length_351824_cov_202.861	gb_AF235050.4_+_38028-40140_ARO:3003318_Streptomyces	75.821	914	180	33	24101	24989	1986	1089	4.64e-117	425	729113
NODE_4_length_351824_cov_202.861	gb_AF235050.4_+_38028-40140_ARO:3003318_Streptomyces	78.358	402	81	4	25647	26045	452	54	6.44e-66	255	729113
NODE_4_length_351824_cov_202.861	gb_AF235050.4_+_38028-40140_ARO:3003318_Streptomyces	75.821	914	180	33	24101	24989	1986	1089	4.64e-117	425	176579
NODE_4_length_351824_cov_202.861	gb_AF235050.4_+_38028-40140_ARO:3003318_Streptomyces	78.358	402	81	4	25647	26045	452	54	6.44e-66	255	176579
NODE_4_length_351824_cov_202.861	gb_AF235050.4_+_38028-40140_ARO:3003318_Streptomyces	75.821	914	180	33	24101	24989	1986	1089	4.64e-117	425	1146837
NODE_4_length_351824_cov_202.861	gb_AF235050.4_+_38028-40140_ARO:3003318_Streptomyces	78.358	402	81	4	25647	26045	452	54	6.44e-66	255	1146837
NODE_4_length_351824_cov_202.861	gb_AF235050.4_+_38028-40140_ARO:3003318_Streptomyces	75.821	914	180	33	24101	24989	1986	1089	4.64e-117	425	360163
NODE_4_length_351824_cov_202.861	gb_AF235050.4_+_38028-40140_ARO:3003318_Streptomyces	78.358	402	81	4	25647	26045	452	54	6.44e-66	255	360163
NODE_4_length_351824_cov_202.861	gb_AF235050.4_+_38028-40140_ARO:3003318_Streptomyces	75.821	914	180	33	24101	24989	1986	1089	4.64e-117	425	1484312
NODE_4_length_351824_cov_202.861	gb_AF235050.4_+_38028-40140_ARO:3003318_Streptomyces	78.358	402	81	4	25647	26045	452	54	6.44e-66	255	1484312
NODE_4_length_351824_cov_202.861	gb_AF235050.4_+_38028-40140_ARO:3003318_Streptomyces	75.821	914	180	33	24101	24989	1986	1089	4.64e-117	425	1002353
NODE_4_length_351824_cov_202.861	gb_AF235050.4_+_38028-40140_ARO:3003318_Streptomyces	78.358	402	81	4	25647	26045	452	54	6.44e-66	255	1002353
NODE_4_length_351824_cov_202.861	gb_AF235050.4_+_38028-40140_ARO:3003318_Streptomyces	75.821	914	180	33	24101	24989	1986	1089	4.64e-117	425	851332
NODE_4_length_351824_cov_202.861	gb_AF235050.4_+_38028-40140_ARO:3003318_Streptomyces	78.358	402	81	4	25647	26045	452	54	6.44e-66	255	851332
NODE_4_length_351824_cov_202.861	gb_AF235050.4_+_38028-40140_ARO:3003318_Streptomyces	75.821	914	180	33	24101	24989	1986	1089	4.64e-117	425	1484312
NODE_4_length_351824_cov_202.861	gb_AF235050.4_+_38028-40140_ARO:3003318_Streptomyces	78.358	402	81	4	25647	26045	452	54	6.44e-66	255	1484312
NODE_4_length_351824_cov_202.861	gb_AF235050.4_+_38028-40140_ARO:3003318_Streptomyces	75.821	914	180	33	24101	24989	1986	1089	4.64e-117	425	851332
NODE_4_length_351824_cov_202.861	gb_AF235050.4_+_38028-40140_ARO:3003318_Streptomyces	78.358	402	81	4	25647	26045	452	54	6.44e-66	255	851332
NODE_4_length_351824_cov_202.861	gb_AF235050.4_+_38028-40140_ARO:3003318_Streptomyces	75.821	914	180	33	24101	24989	1986	1089	4.64e-117	425	176579
NODE_4_length_351824_cov_202.861	gb_AF235050.4_+_38028-40140_ARO:3003318_Streptomyces	78.358	402	81	4	25647	26045	452	54	6.44e-66	255	176579
NODE_4_length_351824_cov_202.861	gb_AF235050.4_+_38028-40140_ARO:3003318_Streptomyces	75.821	914	180	33	24101	24989	1986	1089	4.64e-117	425	176579
NODE_4_length_351824_cov_202.861	gb_AF235050.4_+_38028-40140_ARO:3003318_Streptomyces	78.358	402	81	4	25647	26045	452	54	6.44e-66	255	176579
NODE_4_length_351824_cov_202.861	gb_AF235050.4_+_38028-40140_ARO:3003318_Streptomyces	75.821	914	180	33	24101	24989	1986	1089	4.64e-117	425	851332
NODE_4_length_351824_cov_202.861	gb_AF235050.4_+_38028-40140_ARO:3003318_Streptomyces	78.358	402	81	4	25647	26045	452	54	6.44e-66	255	851332
NODE_4_length_351824_cov_202.861	gb_AF235050.4_+_38028-40140_ARO:3003318_Streptomyces	75.821	914	180	33	24101	24989	1986	1089	4.64e-117	425	822017
NODE_4_length_351824_cov_202.861	gb_AF235050.4_+_38028-40140_ARO:3003318_Streptomyces	78.358	402	81	4	25647	26045	452	54	6.44e-66	255	822017
NODE_4_length_351824_cov_202.861	gb_AF235050.4_+_38028-40140_ARO:3003318_Streptomyces	75.821	914	180	33	24101	24989	1986	1089	4.64e-117	425	176579
NODE_4_length_351824_cov_202.861	gb_AF235050.4_+_38028-40140_ARO:3003318_Streptomyces	78.358	402	81	4	25647	26045	452	54	6.44e-66	255	176579
NODE_4_length_351824_cov_202.861	gb_AF235050.4_+_38028-40140_ARO:3003318_Streptomyces	75.821	914	180	33	24101	24989	1986	1089	4.64e-117	425	176579
NODE_4_length_351824_cov_202.861	gb_AF235050.4_+_38028-40140_ARO:3003318_Streptomyces	78.358	402	81	4	25647	26045	452	54	6.44e-66	255	176579
NODE_4_length_351824_cov_202.861	gb_AF235050.4_+_38028-40140_ARO:3003318_Streptomyces	75.821	914	180	33	24101	24989	1986	1089	4.64e-117	425	823853
NODE_4_length_351824_cov_202.861	gb_AF235050.4_+_38028-40140_ARO:3003318_Streptomyces	78.358	402	81	4	25647	26045	452	54	6.44e-66	255	823853
NODE_4_length_351824_cov_202.861	gb_AF235050.4_+_38028-40140_ARO:3003318_Streptomyces	75.821	914	180	33	24101	24989	1986	1089	4.64e-117	425	1155901
NODE_4_length_351824_cov_202.861	gb_AF235050.4_+_38028-40140_ARO:3003318_Streptomyces	78.358	402	81	4	25647	26045	452	54	6.44e-66	255	1155901
NODE_4_length_351824_cov_202.861	gb_AF235050.4_+_38028-40140_ARO:3003318_Streptomyces	75.821	914	180	33	24101	24989	1986	1089	4.64e-117	425	176579
NODE_4_length_351824_cov_202.861	gb_AF235050.4_+_38028-40140_ARO:3003318_Streptomyces	78.358	402	81	4	25647	26045	452	54	6.44e-66	255	176579
NODE_4_length_351824_cov_202.861	gb_AF235050.4_+_38028-40140_ARO:3003318_Streptomyces	75.821	914	180	33	24101	24989	1986	1089	4.64e-117	425	1386223
NODE_4_length_351824_cov_202.861	gb_AF235050.4_+_38028-40140_ARO:3003318_Streptomyces	78.358	402	81	4	25647	26045	452	54	6.44e-66	255	1386223
NODE_4_length_351824_cov_202.861	gb_AF235050.4_+_38028-40140_ARO:3003318_Streptomyces	75.821	914	180	33	24101	24989	1986	1089	4.64e-117	425	1386223
NODE_4_length_351824_cov_202.861	gb_AF235050.4_+_38028-40140_ARO:3003318_Streptomyces	78.358	402	81	4	25647	26045	452	54	6.44e-66	255	1386223
NODE_4_length_351824_cov_202.861	gb_AF235050.4_+_38028-40140_ARO:3003318_Streptomyces	75.821	914	180	33	24101	24989	1986	1089	4.64e-117	425	176579
NODE_4_length_351824_cov_202.861	gb_AF235050.4_+_38028-40140_ARO:3003318_Streptomyces	78.358	402	81	4	25647	26045	452	54	6.44e-66	255	176579
NODE_4_length_351824_cov_202.861	gb_AF235050.4_+_38028-40140_ARO:3003318_Streptomyces	75.821	914	180	33	24101	24989	1986	1089	4.64e-117	425	1223313
NODE_4_length_351824_cov_202.861	gb_AF235050.4_+_38028-40140_ARO:3003318_Streptomyces	78.358	402	81	4	25647	26045	452	54	6.44e-66	255	1223313
NODE_4_length_351824_cov_202.861	gb_AF235050.4_+_38028-40140_ARO:3003318_Streptomyces	75.821	914	180	33	24101	24989	1986	1089	4.64e-117	425	294671
NODE_4_length_351824_cov_202.861	gb_AF235050.4_+_38028-40140_ARO:3003318_Streptomyces	78.358	402	81	4	25647	26045	452	54	6.44e-66	255	294671
NODE_4_length_351824_cov_202.861	gb_AF235050.4_+_38028-40140_ARO:3003318_Streptomyces	75.821	914	180	33	24101	24989	1986	1089	4.64e-117	425	851332
NODE_4_length_351824_cov_202.861	gb_AF235050.4_+_38028-40140_ARO:3003318_Streptomyces	78.358	402	81	4	25647	26045	452	54	6.44e-66	255	851332
NODE_4_length_351824_cov_202.861	gb_AF235050.4_+_38028-40140_ARO:3003318_Streptomyces	75.821	914	180	33	24101	24989	1986	1089	4.64e-117	425	865079
NODE_4_length_351824_cov_202.861	gb_AF235050.4_+_38028-40140_ARO:3003318_Streptomyces	78.358	402	81	4	25647	26045	452	54	6.44e-66	255	865079
NODE_4_length_351824_cov_202.861	gb_AF235050.4_+_38028-40140_ARO:3003318_Streptomyces	75.821	914	180	33	24101	24989	1986	1089	4.64e-117	425	294671
NODE_4_length_351824_cov_202.861	gb_AF235050.4_+_38028-40140_ARO:3003318_Streptomyces	78.358	402	81	4	25647	26045	452	54	6.44e-66	255	294671
NODE_4_length_351824_cov_202.861	gb_AF235050.4_+_38028-40140_ARO:3003318_Streptomyces	75.821	914	180	33	24101	24989	1986	1089	4.64e-117	425	453628
NODE_4_length_351824_cov_202.861	gb_AF235050.4_+_38028-40140_ARO:3003318_Streptomyces	78.358	402	81	4	25647	26045	452	54	6.44e-66	255	453628
NODE_4_length_351824_cov_202.861	gb_AF235050.4_+_38028-40140_ARO:3003318_Streptomyces	75.821	914	180	33	24101	24989	1986	1089	4.64e-117	425	637467
NODE_4_length_351824_cov_202.861	gb_AF235050.4_+_38028-40140_ARO:3003318_Streptomyces	78.358	402	81	4	25647	26045	452	54	6.44e-66	255	637467
NODE_4_length_351824_cov_202.861	gb_AF235050.4_+_38028-40140_ARO:3003318_Streptomyces	75.821	914	180	33	24101	24989	1986	1089	4.64e-117	425	176579
NODE_4_length_351824_cov_202.861	gb_AF235050.4_+_38028-40140_ARO:3003318_Streptomyces	78.358	402	81	4	25647	26045	452	54	6.44e-66	255	176579
NODE_4_length_351824_cov_202.861	gb_AF235050.4_+_38028-40140_ARO:3003318_Streptomyces	75.821	914	180	33	24101	24989	1986	1089	4.64e-117	425	1484253
NODE_4_length_351824_cov_202.861	gb_AF235050.4_+_38028-40140_ARO:3003318_Streptomyces	78.358	402	81	4	25647	26045	452	54	6.44e-66	255	1484253
NODE_4_length_351824_cov_202.861	gb_AF235050.4_+_38028-40140_ARO:3003318_Streptomyces	75.821	914	180	33	24101	24989	1986	1089	4.64e-117	425	176579
NODE_4_length_351824_cov_202.861	gb_AF235050.4_+_38028-40140_ARO:3003318_Streptomyces	78.358	402	81	4	25647	26045	452	54	6.44e-66	255	176579
NODE_4_length_351824_cov_202.861	gb_AF235050.4_+_38028-40140_ARO:3003318_Streptomyces	75.821	914	180	33	24101	24989	1986	1089	4.64e-117	425	360163
NODE_4_length_351824_cov_202.861	gb_AF235050.4_+_38028-40140_ARO:3003318_Streptomyces	78.358	402	81	4	25647	26045	452	54	6.44e-66	255	360163
NODE_4_length_351824_cov_202.861	gb_AF235050.4_+_38028-40140_ARO:3003318_Streptomyces	75.821	914	180	33	24101	24989	1986	1089	4.64e-117	425	1484253
NODE_4_length_351824_cov_202.861	gb_AF235050.4_+_38028-40140_ARO:3003318_Streptomyces	78.358	402	81	4	25647	26045	452	54	6.44e-66	255	1484253
NODE_4_length_351824_cov_202.861	gb_AF235050.4_+_38028-40140_ARO:3003318_Streptomyces	75.821	914	180	33	24101	24989	1986	1089	4.64e-117	425	176579
NODE_4_length_351824_cov_202.861	gb_AF235050.4_+_38028-40140_ARO:3003318_Streptomyces	78.358	402	81	4	25647	26045	452	54	6.44e-66	255	176579
NODE_4_length_351824_cov_202.861	gb_AF235050.4_+_38028-40140_ARO:3003318_Streptomyces	75.821	914	180	33	24101	24989	1986	1089	4.64e-117	425	360163
NODE_4_length_351824_cov_202.861	gb_AF235050.4_+_38028-40140_ARO:3003318_Streptomyces	78.358	402	81	4	25647	26045	452	54	6.44e-66	255	360163
NODE_4_length_351824_cov_202.861	gb_AF235050.4_+_38028-40140_ARO:3003318_Streptomyces	75.821	914	180	33	24101	24989	1986	1089	4.64e-117	425	294671
NODE_4_length_351824_cov_202.861	gb_AF235050.4_+_38028-40140_ARO:3003318_Streptomyces	78.358	402	81	4	25647	26045	452	54	6.44e-66	255	294671
NODE_4_length_351824_cov_202.861	gb_AF235050.4_+_38028-40140_ARO:3003318_Streptomyces	75.821	914	180	33	24101	24989	1986	1089	4.64e-117	425	176579
NODE_4_length_351824_cov_202.861	gb_AF235050.4_+_38028-40140_ARO:3003318_Streptomyces	78.358	402	81	4	25647	26045	452	54	6.44e-66	255	176579
NODE_4_length_351824_cov_202.861	gb_AF235050.4_+_38028-40140_ARO:3003318_Streptomyces	75.821	914	180	33	24101	24989	1986	1089	4.64e-117	425	294671
NODE_4_length_351824_cov_202.861	gb_AF235050.4_+_38028-40140_ARO:3003318_Streptomyces	78.358	402	81	4	25647	26045	452	54	6.44e-66	255	294671
NODE_4_length_351824_cov_202.861	gb_AF235050.4_+_38028-40140_ARO:3003318_Streptomyces	75.821	914	180	33	24101	24989	1986	1089	4.64e-117	425	176579
NODE_4_length_351824_cov_202.861	gb_AF235050.4_+_38028-40140_ARO:3003318_Streptomyces	78.358	402	81	4	25647	26045	452	54	6.44e-66	255	176579
NODE_4_length_351824_cov_202.861	gb_AF235050.4_+_38028-40140_ARO:3003318_Streptomyces	75.821	914	180	33	24101	24989	1986	1089	4.64e-117	425	176579
NODE_4_length_351824_cov_202.861	gb_AF235050.4_+_38028-40140_ARO:3003318_Streptomyces	78.358	402	81	4	25647	26045	452	54	6.44e-66	255	176579
NODE_4_length_351824_cov_202.861	gb_AF235050.4_+_38028-40140_ARO:3003318_Streptomyces	75.821	914	180	33	24101	24989	1986	1089	4.64e-117	425	1146837
NODE_4_length_351824_cov_202.861	gb_AF235050.4_+_38028-40140_ARO:3003318_Streptomyces	78.358	402	81	4	25647	26045	452	54	6.44e-66	255	1146837
NODE_4_length_351824_cov_202.861	gb_AF235050.4_+_38028-40140_ARO:3003318_Streptomyces	75.821	914	180	33	24101	24989	1986	1089	4.64e-117	425	419874
NODE_4_length_351824_cov_202.861	gb_AF235050.4_+_38028-40140_ARO:3003318_Streptomyces	78.358	402	81	4	25647	26045	452	54	6.44e-66	255	419874
NODE_4_length_351824_cov_202.861	gb_AF235050.4_+_38028-40140_ARO:3003318_Streptomyces	75.821	914	180	33	24101	24989	1986	1089	4.64e-117	425	3388997
NODE_4_length_351824_cov_202.861	gb_AF235050.4_+_38028-40140_ARO:3003318_Streptomyces	78.358	402	81	4	25647	26045	452	54	6.44e-66	255	3388997
NODE_4_length_351824_cov_202.861	gb_AF235050.4_+_38028-40140_ARO:3003318_Streptomyces	75.821	914	180	33	24101	24989	1986	1089	4.64e-117	425	3388997
NODE_4_length_351824_cov_202.861	gb_AF235050.4_+_38028-40140_ARO:3003318_Streptomyces	78.358	402	81	4	25647	26045	452	54	6.44e-66	255	3388997
NODE_4_length_351824_cov_202.861	gb_AF235050.4_+_38028-40140_ARO:3003318_Streptomyces	75.821	914	180	33	24101	24989	1986	1089	4.64e-117	425	6426621
NODE_4_length_351824_cov_202.861	gb_AF235050.4_+_38028-40140_ARO:3003318_Streptomyces	78.358	402	81	4	25647	26045	452	54	6.44e-66	255	6426621
NODE_116_length_37714_cov_46.6436	gb_AP006618.1_+_4835199-4838688_ARO:3000501_Nocardia	74.977	3213	740	52	3979	7168	287	3458	0.0	1421	60524
NODE_116_length_37714_cov_46.6436	gb_AP006618.1_+_4835199-4838688_ARO:3000501_Nocardia	74.977	3213	740	52	3979	7168	287	3458	0.0	1421	5185065
NODE_116_length_37714_cov_46.6436	gb_AP006618.1_+_4835199-4838688_ARO:3000501_Nocardia	74.977	3213	740	52	3979	7168	287	3458	0.0	1421	429175
NODE_116_length_37714_cov_46.6436	gb_AP006618.1_+_4835199-4838688_ARO:3000501_Nocardia	74.977	3213	740	52	3979	7168	287	3458	0.0	1421	42980
NODE_116_length_37714_cov_46.6436	gb_AP006618.1_+_4835199-4838688_ARO:3000501_Nocardia	74.977	3213	740	52	3979	7168	287	3458	0.0	1421	5921216
NODE_116_length_37714_cov_46.6436	gb_AP006618.1_+_4835199-4838688_ARO:3000501_Nocardia	74.977	3213	740	52	3979	7168	287	3458	0.0	1421	2879316
NODE_116_length_37714_cov_46.6436	gb_AP006618.1_+_4835199-4838688_ARO:3000501_Nocardia	74.977	3213	740	52	3979	7168	287	3458	0.0	1421	1002217
NODE_116_length_37714_cov_46.6436	gb_AP006618.1_+_4835199-4838688_ARO:3000501_Nocardia	74.977	3213	740	52	3979	7168	287	3458	0.0	1421	3288018
NODE_116_length_37714_cov_46.6436	gb_AP006618.1_+_4835199-4838688_ARO:3000501_Nocardia	74.977	3213	740	52	3979	7168	287	3458	0.0	1421	3288018
NODE_116_length_37714_cov_46.6436	gb_AP006618.1_+_4835199-4838688_ARO:3000501_Nocardia	74.977	3213	740	52	3979	7168	287	3458	0.0	1421	1312312
NODE_224_length_27293_cov_5.93131	gb_Z21523_+_0-1974_ARO:3000191_tetQ	98.024	1974	39	0	17750	19723	1	1974	0.0	3430	371563
NODE_224_length_27293_cov_5.93131	gb_M17124_+_1181-1982_ARO:3000498_ErmF	99.750	801	2	0	12788	13588	1	801	0.0	1469	371563
NODE_224_length_27293_cov_5.93131	gb_AF319779.2_+_32-833_ARO:3000604_Erm(35)	78.643	796	166	3	12788	13581	1	794	3.46e-148	525	371563
NODE_224_length_27293_cov_5.93131	gb_Z21523_+_0-1974_ARO:3000191_tetQ	98.024	1974	39	0	17750	19723	1	1974	0.0	3430	32583
NODE_224_length_27293_cov_5.93131	gb_M17124_+_1181-1982_ARO:3000498_ErmF	99.750	801	2	0	12788	13588	1	801	0.0	1469	32583
NODE_224_length_27293_cov_5.93131	gb_AF319779.2_+_32-833_ARO:3000604_Erm(35)	78.643	796	166	3	12788	13581	1	794	3.46e-148	525	32583
NODE_433_length_19308_cov_4.78284	gb_NC_000913.3_-_481253-484403_ARO:3000216_acrB	70.370	567	139	25	2108	2658	1559	1006	3.81e-17	89.8	3388506
NODE_433_length_19308_cov_4.78284	gb_NC_000913.3_-_481253-484403_ARO:3000216_acrB	70.370	567	139	25	2108	2658	1559	1006	3.81e-17	89.8	5045607
NODE_433_length_19308_cov_4.78284	gb_NC_000913.3_-_481253-484403_ARO:3000216_acrB	70.370	567	139	25	2108	2658	1559	1006	3.81e-17	89.8	6800167
NODE_433_length_19308_cov_4.78284	gb_NC_000913.3_-_481253-484403_ARO:3000216_acrB	70.370	567	139	25	2108	2658	1559	1006	3.81e-17	89.8	76758
NODE_433_length_19308_cov_4.78284	gb_NC_000913.3_-_481253-484403_ARO:3000216_acrB	70.370	567	139	25	2108	2658	1559	1006	3.81e-17	89.8	2840526
NODE_875_length_12772_cov_44.1094	gb_AM180355_+_600033-601953_ARO:3000186_tetM	86.977	645	84	0	12128	12772	1	645	0.0	726	4106168
NODE_928_length_12271_cov_29.9113	gb_X63451_+_0-1653_ARO:3002828_srmB	97.059	34	1	0	1270	1303	1499	1466	6.82e-08	58.4	2526642
NODE_928_length_12271_cov_29.9113	gb_X63451_+_0-1653_ARO:3002828_srmB	97.059	34	1	0	1270	1303	1499	1466	6.82e-08	58.4	238773
NODE_928_length_12271_cov_29.9113	gb_X63451_+_0-1653_ARO:3002828_srmB	97.059	34	1	0	1270	1303	1499	1466	6.82e-08	58.4	289661
NODE_928_length_12271_cov_29.9113	gb_X63451_+_0-1653_ARO:3002828_srmB	97.059	34	1	0	1270	1303	1499	1466	6.82e-08	58.4	60390
NODE_928_length_12271_cov_29.9113	gb_X63451_+_0-1653_ARO:3002828_srmB	97.059	34	1	0	1270	1303	1499	1466	6.82e-08	58.4	60390
NODE_928_length_12271_cov_29.9113	gb_X63451_+_0-1653_ARO:3002828_srmB	97.059	34	1	0	1270	1303	1499	1466	6.82e-08	58.4	3388512
NODE_1016_length_11619_cov_8.89312	gb_M80346_+_0-1656_ARO:3002817_carA	97.222	36	1	0	5525	5560	1503	1468	4.99e-09	62.1	3388795
NODE_1016_length_11619_cov_8.89312	gb_M80346_+_0-1656_ARO:3002817_carA	100.000	29	0	0	11491	11519	1475	1503	8.35e-07	54.7	3388795
NODE_1016_length_11619_cov_8.89312	gb_M80346_+_0-1656_ARO:3002817_carA	97.222	36	1	0	5525	5560	1503	1468	4.99e-09	62.1	5972484
NODE_1016_length_11619_cov_8.89312	gb_M80346_+_0-1656_ARO:3002817_carA	100.000	29	0	0	11491	11519	1475	1503	8.35e-07	54.7	5972484
NODE_1016_length_11619_cov_8.89312	gb_M80346_+_0-1656_ARO:3002817_carA	97.222	36	1	0	5525	5560	1503	1468	4.99e-09	62.1	125236
NODE_1016_length_11619_cov_8.89312	gb_M80346_+_0-1656_ARO:3002817_carA	100.000	29	0	0	11491	11519	1475	1503	8.35e-07	54.7	125236
NODE_1016_length_11619_cov_8.89312	gb_M80346_+_0-1656_ARO:3002817_carA	97.222	36	1	0	5525	5560	1503	1468	4.99e-09	62.1	126666
NODE_1016_length_11619_cov_8.89312	gb_M80346_+_0-1656_ARO:3002817_carA	100.000	29	0	0	11491	11519	1475	1503	8.35e-07	54.7	126666
NODE_1016_length_11619_cov_8.89312	gb_M80346_+_0-1656_ARO:3002817_carA	97.222	36	1	0	5525	5560	1503	1468	4.99e-09	62.1	1507543
NODE_1016_length_11619_cov_8.89312	gb_M80346_+_0-1656_ARO:3002817_carA	100.000	29	0	0	11491	11519	1475	1503	8.35e-07	54.7	1507543
NODE_1021_length_11585_cov_104.467	gb_AF235050.4_+_38028-40140_ARO:3003318_Streptomyces	86.154	65	9	0	8051	8115	1897	1961	8.26e-12	71.3	1684370
NODE_1021_length_11585_cov_104.467	gb_AF235050.4_+_38028-40140_ARO:3003318_Streptomyces	86.154	65	9	0	8051	8115	1897	1961	8.26e-12	71.3	1684370
NODE_1021_length_11585_cov_104.467	gb_AF235050.4_+_38028-40140_ARO:3003318_Streptomyces	86.154	65	9	0	8051	8115	1897	1961	8.26e-12	71.3	448853
NODE_1021_length_11585_cov_104.467	gb_AF235050.4_+_38028-40140_ARO:3003318_Streptomyces	86.154	65	9	0	8051	8115	1897	1961	8.26e-12	71.3	5972393
NODE_1021_length_11585_cov_104.467	gb_AF235050.4_+_38028-40140_ARO:3003318_Streptomyces	86.154	65	9	0	8051	8115	1897	1961	8.26e-12	71.3	3358951
NODE_1021_length_11585_cov_104.467	gb_AF235050.4_+_38028-40140_ARO:3003318_Streptomyces	86.154	65	9	0	8051	8115	1897	1961	8.26e-12	71.3	1941927
NODE_1021_length_11585_cov_104.467	gb_AF235050.4_+_38028-40140_ARO:3003318_Streptomyces	86.154	65	9	0	8051	8115	1897	1961	8.26e-12	71.3	174971
NODE_1021_length_11585_cov_104.467	gb_AF235050.4_+_38028-40140_ARO:3003318_Streptomyces	86.154	65	9	0	8051	8115	1897	1961	8.26e-12	71.3	3388693
NODE_1021_length_11585_cov_104.467	gb_AF235050.4_+_38028-40140_ARO:3003318_Streptomyces	86.154	65	9	0	8051	8115	1897	1961	8.26e-12	71.3	4111869
NODE_1021_length_11585_cov_104.467	gb_AF235050.4_+_38028-40140_ARO:3003318_Streptomyces	86.154	65	9	0	8051	8115	1897	1961	8.26e-12	71.3	4111869
NODE_1021_length_11585_cov_104.467	gb_AF235050.4_+_38028-40140_ARO:3003318_Streptomyces	86.154	65	9	0	8051	8115	1897	1961	8.26e-12	71.3	2609588
NODE_1021_length_11585_cov_104.467	gb_AF235050.4_+_38028-40140_ARO:3003318_Streptomyces	86.154	65	9	0	8051	8115	1897	1961	8.26e-12	71.3	4424520
NODE_1021_length_11585_cov_104.467	gb_AF235050.4_+_38028-40140_ARO:3003318_Streptomyces	86.154	65	9	0	8051	8115	1897	1961	8.26e-12	71.3	1990637
NODE_1049_length_11411_cov_113.484	gb_AB015853_+_1330-4471_ARO:3003033_mexY	81.368	585	98	10	8306	8886	1550	973	8.89e-131	466	2559295
NODE_1049_length_11411_cov_113.484	gb_AFRQ01000061.1_-_23986-27124_ARO:3004144_AxyY	79.692	650	119	12	8284	8928	1572	931	5.35e-128	457	2559295
NODE_1049_length_11411_cov_113.484	gb_U57969_+_1485-4617_ARO:3000801_MexD	76.960	625	123	20	8302	8917	1563	951	7.27e-92	337	2559295
NODE_1049_length_11411_cov_113.484	gb_AF173226_+_3767-6917_ARO:3003052_smeB	75.467	375	81	7	6881	7251	2996	2629	2.17e-42	172	2559295
NODE_1049_length_11411_cov_113.484	gb_L11616_+_1569-4710_ARO:3000378_MexB	90.909	44	4	0	9269	9312	593	550	1.76e-08	60.2	2559295
NODE_1049_length_11411_cov_113.484	gb_AB015853_+_1330-4471_ARO:3003033_mexY	81.368	585	98	10	8306	8886	1550	973	8.89e-131	466	3388528
NODE_1049_length_11411_cov_113.484	gb_AFRQ01000061.1_-_23986-27124_ARO:3004144_AxyY	79.692	650	119	12	8284	8928	1572	931	5.35e-128	457	3388528
NODE_1049_length_11411_cov_113.484	gb_U57969_+_1485-4617_ARO:3000801_MexD	76.960	625	123	20	8302	8917	1563	951	7.27e-92	337	3388528
NODE_1049_length_11411_cov_113.484	gb_AF173226_+_3767-6917_ARO:3003052_smeB	75.467	375	81	7	6881	7251	2996	2629	2.17e-42	172	3388528
NODE_1049_length_11411_cov_113.484	gb_L11616_+_1569-4710_ARO:3000378_MexB	90.909	44	4	0	9269	9312	593	550	1.76e-08	60.2	3388528
NODE_1049_length_11411_cov_113.484	gb_AB015853_+_1330-4471_ARO:3003033_mexY	81.368	585	98	10	8306	8886	1550	973	8.89e-131	466	3388528
NODE_1049_length_11411_cov_113.484	gb_AFRQ01000061.1_-_23986-27124_ARO:3004144_AxyY	79.692	650	119	12	8284	8928	1572	931	5.35e-128	457	3388528
NODE_1049_length_11411_cov_113.484	gb_U57969_+_1485-4617_ARO:3000801_MexD	76.960	625	123	20	8302	8917	1563	951	7.27e-92	337	3388528
NODE_1049_length_11411_cov_113.484	gb_AF173226_+_3767-6917_ARO:3003052_smeB	75.467	375	81	7	6881	7251	2996	2629	2.17e-42	172	3388528
NODE_1049_length_11411_cov_113.484	gb_L11616_+_1569-4710_ARO:3000378_MexB	90.909	44	4	0	9269	9312	593	550	1.76e-08	60.2	3388528
NODE_1049_length_11411_cov_113.484	gb_AB015853_+_1330-4471_ARO:3003033_mexY	81.368	585	98	10	8306	8886	1550	973	8.89e-131	466	3388528
NODE_1049_length_11411_cov_113.484	gb_AFRQ01000061.1_-_23986-27124_ARO:3004144_AxyY	79.692	650	119	12	8284	8928	1572	931	5.35e-128	457	3388528
NODE_1049_length_11411_cov_113.484	gb_U57969_+_1485-4617_ARO:3000801_MexD	76.960	625	123	20	8302	8917	1563	951	7.27e-92	337	3388528
NODE_1049_length_11411_cov_113.484	gb_AF173226_+_3767-6917_ARO:3003052_smeB	75.467	375	81	7	6881	7251	2996	2629	2.17e-42	172	3388528
NODE_1049_length_11411_cov_113.484	gb_L11616_+_1569-4710_ARO:3000378_MexB	90.909	44	4	0	9269	9312	593	550	1.76e-08	60.2	3388528
NODE_1049_length_11411_cov_113.484	gb_AB015853_+_1330-4471_ARO:3003033_mexY	81.368	585	98	10	8306	8886	1550	973	8.89e-131	466	4617437
NODE_1049_length_11411_cov_113.484	gb_AFRQ01000061.1_-_23986-27124_ARO:3004144_AxyY	79.692	650	119	12	8284	8928	1572	931	5.35e-128	457	4617437
NODE_1049_length_11411_cov_113.484	gb_U57969_+_1485-4617_ARO:3000801_MexD	76.960	625	123	20	8302	8917	1563	951	7.27e-92	337	4617437
NODE_1049_length_11411_cov_113.484	gb_AF173226_+_3767-6917_ARO:3003052_smeB	75.467	375	81	7	6881	7251	2996	2629	2.17e-42	172	4617437
NODE_1049_length_11411_cov_113.484	gb_L11616_+_1569-4710_ARO:3000378_MexB	90.909	44	4	0	9269	9312	593	550	1.76e-08	60.2	4617437
NODE_1049_length_11411_cov_113.484	gb_AB015853_+_1330-4471_ARO:3003033_mexY	81.368	585	98	10	8306	8886	1550	973	8.89e-131	466	4617437
NODE_1049_length_11411_cov_113.484	gb_AFRQ01000061.1_-_23986-27124_ARO:3004144_AxyY	79.692	650	119	12	8284	8928	1572	931	5.35e-128	457	4617437
NODE_1049_length_11411_cov_113.484	gb_U57969_+_1485-4617_ARO:3000801_MexD	76.960	625	123	20	8302	8917	1563	951	7.27e-92	337	4617437
NODE_1049_length_11411_cov_113.484	gb_AF173226_+_3767-6917_ARO:3003052_smeB	75.467	375	81	7	6881	7251	2996	2629	2.17e-42	172	4617437
NODE_1049_length_11411_cov_113.484	gb_L11616_+_1569-4710_ARO:3000378_MexB	90.909	44	4	0	9269	9312	593	550	1.76e-08	60.2	4617437
NODE_1049_length_11411_cov_113.484	gb_AB015853_+_1330-4471_ARO:3003033_mexY	81.368	585	98	10	8306	8886	1550	973	8.89e-131	466	624560
NODE_1049_length_11411_cov_113.484	gb_AFRQ01000061.1_-_23986-27124_ARO:3004144_AxyY	79.692	650	119	12	8284	8928	1572	931	5.35e-128	457	624560
NODE_1049_length_11411_cov_113.484	gb_U57969_+_1485-4617_ARO:3000801_MexD	76.960	625	123	20	8302	8917	1563	951	7.27e-92	337	624560
NODE_1049_length_11411_cov_113.484	gb_AF173226_+_3767-6917_ARO:3003052_smeB	75.467	375	81	7	6881	7251	2996	2629	2.17e-42	172	624560
NODE_1049_length_11411_cov_113.484	gb_L11616_+_1569-4710_ARO:3000378_MexB	90.909	44	4	0	9269	9312	593	550	1.76e-08	60.2	624560
NODE_1052_length_11393_cov_5.49391	gb_NC_003112.2_-_1791966-1795170_ARO:3000811_mtrD	85.170	3176	464	6	3101	6273	3172	1	0.0	3249	326550
NODE_1052_length_11393_cov_5.49391	gb_CP001050.1_+_1332866-1333499_ARO:3000817_mtrR	77.304	586	117	14	7823	8400	1	578	3.38e-90	331	326550
NODE_1160_length_10835_cov_23.2755	gb_NC_000913.3_-_481253-484403_ARO:3000216_acrB	81.034	116	15	5	4079	4189	1575	1462	2.76e-16	86.1	3449564
NODE_1160_length_10835_cov_23.2755	gb_NC_000913.3_-_481253-484403_ARO:3000216_acrB	81.034	116	15	5	4079	4189	1575	1462	2.76e-16	86.1	450964
NODE_1160_length_10835_cov_23.2755	gb_NC_000913.3_-_481253-484403_ARO:3000216_acrB	81.034	116	15	5	4079	4189	1575	1462	2.76e-16	86.1	450964
NODE_1387_length_9747_cov_10.0714	gb_AY768532_+_0-1935_ARO:3000535_macB	74.376	1963	450	48	4810	6747	1	1935	0.0	789	957415
NODE_1387_length_9747_cov_10.0714	gb_AY768532_+_0-1935_ARO:3000535_macB	74.376	1963	450	48	4810	6747	1	1935	0.0	789	3859163
NODE_1387_length_9747_cov_10.0714	gb_AY768532_+_0-1935_ARO:3000535_macB	74.376	1963	450	48	4810	6747	1	1935	0.0	789	2075403
NODE_2087_length_7620_cov_41.0334	gb_NC_003098.1_-_1359228-1360395_ARO:3000025_patB	100.000	29	0	0	7592	7620	1	29	5.48e-07	54.7	5137132
NODE_2351_length_6951_cov_5.23898	gb_AY768532_+_0-1935_ARO:3000535_macB	73.715	1731	413	38	3468	5180	10	1716	0.0	638	3896343
NODE_2351_length_6951_cov_5.23898	gb_AY768532_+_0-1935_ARO:3000535_macB	73.715	1731	413	38	3468	5180	10	1716	0.0	638	2149361
NODE_2351_length_6951_cov_5.23898	gb_AY768532_+_0-1935_ARO:3000535_macB	73.715	1731	413	38	3468	5180	10	1716	0.0	638	6799742
NODE_2351_length_6951_cov_5.23898	gb_AY768532_+_0-1935_ARO:3000535_macB	73.715	1731	413	38	3468	5180	10	1716	0.0	638	957415
NODE_3355_length_5506_cov_15.6197	gb_NC_003112.2_-_1791966-1795170_ARO:3000811_mtrD	81.205	3187	577	18	1028	4203	1	3176	0.0	2547	715074
NODE_3782_length_5005_cov_173.071	gb_AP006618.1_+_4835199-4838688_ARO:3000501_Nocardia	73.725	1922	433	58	2556	4447	2756	877	0.0	686	285063
NODE_3782_length_5005_cov_173.071	gb_AP006618.1_+_4835199-4838688_ARO:3000501_Nocardia	73.725	1922	433	58	2556	4447	2756	877	0.0	686	584911
NODE_3782_length_5005_cov_173.071	gb_AP006618.1_+_4835199-4838688_ARO:3000501_Nocardia	73.725	1922	433	58	2556	4447	2756	877	0.0	686	584911
NODE_3782_length_5005_cov_173.071	gb_AP006618.1_+_4835199-4838688_ARO:3000501_Nocardia	73.725	1922	433	58	2556	4447	2756	877	0.0	686	429175
NODE_3782_length_5005_cov_173.071	gb_AP006618.1_+_4835199-4838688_ARO:3000501_Nocardia	73.725	1922	433	58	2556	4447	2756	877	0.0	686	429175
NODE_3782_length_5005_cov_173.071	gb_AP006618.1_+_4835199-4838688_ARO:3000501_Nocardia	73.725	1922	433	58	2556	4447	2756	877	0.0	686	584911
NODE_3782_length_5005_cov_173.071	gb_AP006618.1_+_4835199-4838688_ARO:3000501_Nocardia	73.725	1922	433	58	2556	4447	2756	877	0.0	686	1311505
NODE_3782_length_5005_cov_173.071	gb_AP006618.1_+_4835199-4838688_ARO:3000501_Nocardia	73.725	1922	433	58	2556	4447	2756	877	0.0	686	1156208
NODE_3782_length_5005_cov_173.071	gb_AP006618.1_+_4835199-4838688_ARO:3000501_Nocardia	73.725	1922	433	58	2556	4447	2756	877	0.0	686	1219511
NODE_3782_length_5005_cov_173.071	gb_AP006618.1_+_4835199-4838688_ARO:3000501_Nocardia	73.725	1922	433	58	2556	4447	2756	877	0.0	686	1219511
NODE_3782_length_5005_cov_173.071	gb_AP006618.1_+_4835199-4838688_ARO:3000501_Nocardia	73.725	1922	433	58	2556	4447	2756	877	0.0	686	6748845
NODE_3782_length_5005_cov_173.071	gb_AP006618.1_+_4835199-4838688_ARO:3000501_Nocardia	73.725	1922	433	58	2556	4447	2756	877	0.0	686	6748845
NODE_3782_length_5005_cov_173.071	gb_AP006618.1_+_4835199-4838688_ARO:3000501_Nocardia	73.725	1922	433	58	2556	4447	2756	877	0.0	686	1156616
NODE_3782_length_5005_cov_173.071	gb_AP006618.1_+_4835199-4838688_ARO:3000501_Nocardia	73.725	1922	433	58	2556	4447	2756	877	0.0	686	1156616
NODE_3782_length_5005_cov_173.071	gb_AP006618.1_+_4835199-4838688_ARO:3000501_Nocardia	73.725	1922	433	58	2556	4447	2756	877	0.0	686	326698
NODE_3782_length_5005_cov_173.071	gb_AP006618.1_+_4835199-4838688_ARO:3000501_Nocardia	73.725	1922	433	58	2556	4447	2756	877	0.0	686	1150306
NODE_3782_length_5005_cov_173.071	gb_AP006618.1_+_4835199-4838688_ARO:3000501_Nocardia	73.725	1922	433	58	2556	4447	2756	877	0.0	686	60059
NODE_3782_length_5005_cov_173.071	gb_AP006618.1_+_4835199-4838688_ARO:3000501_Nocardia	73.725	1922	433	58	2556	4447	2756	877	0.0	686	60059
NODE_3782_length_5005_cov_173.071	gb_AP006618.1_+_4835199-4838688_ARO:3000501_Nocardia	73.725	1922	433	58	2556	4447	2756	877	0.0	686	678764
NODE_3782_length_5005_cov_173.071	gb_AP006618.1_+_4835199-4838688_ARO:3000501_Nocardia	73.725	1922	433	58	2556	4447	2756	877	0.0	686	81089
NODE_3782_length_5005_cov_173.071	gb_AP006618.1_+_4835199-4838688_ARO:3000501_Nocardia	73.725	1922	433	58	2556	4447	2756	877	0.0	686	40751
NODE_3782_length_5005_cov_173.071	gb_AP006618.1_+_4835199-4838688_ARO:3000501_Nocardia	73.725	1922	433	58	2556	4447	2756	877	0.0	686	2108349
NODE_3782_length_5005_cov_173.071	gb_AP006618.1_+_4835199-4838688_ARO:3000501_Nocardia	73.725	1922	433	58	2556	4447	2756	877	0.0	686	1512870
NODE_3782_length_5005_cov_173.071	gb_AP006618.1_+_4835199-4838688_ARO:3000501_Nocardia	73.725	1922	433	58	2556	4447	2756	877	0.0	686	84099
NODE_3817_length_4967_cov_23.1162	gb_AP006618.1_+_4835199-4838688_ARO:3000501_Nocardia	75.043	2348	525	52	1868	4189	1053	3365	0.0	1033	4391565
NODE_3817_length_4967_cov_23.1162	gb_AP006618.1_+_4835199-4838688_ARO:3000501_Nocardia	75.043	2348	525	52	1868	4189	1053	3365	0.0	1033	1604684
NODE_4317_length_4539_cov_115.484	gb_NC_002516.2_-_2850882-2854014_ARO:3004074_MuxB	73.291	1434	341	32	2780	4192	1	1413	7.54e-138	488	5150856
NODE_4317_length_4539_cov_115.484	gb_NC_002516.2_-_2850882-2854014_ARO:3004074_MuxB	73.291	1434	341	32	2780	4192	1	1413	7.54e-138	488	1992896
NODE_4317_length_4539_cov_115.484	gb_NC_002516.2_-_2850882-2854014_ARO:3004074_MuxB	73.291	1434	341	32	2780	4192	1	1413	7.54e-138	488	5146999
NODE_5487_length_3811_cov_27.3075	gb_AP006618.1_+_4835199-4838688_ARO:3000501_Nocardia	80.878	957	155	23	1	949	2437	3373	0.0	728	133530
NODE_5487_length_3811_cov_27.3075	gb_AP006618.1_+_4835199-4838688_ARO:3000501_Nocardia	80.878	957	155	23	1	949	2437	3373	0.0	728	1072509
NODE_5487_length_3811_cov_27.3075	gb_AP006618.1_+_4835199-4838688_ARO:3000501_Nocardia	80.878	957	155	23	1	949	2437	3373	0.0	728	5185065
NODE_5487_length_3811_cov_27.3075	gb_AP006618.1_+_4835199-4838688_ARO:3000501_Nocardia	80.878	957	155	23	1	949	2437	3373	0.0	728	2230547
NODE_5650_length_3723_cov_104.155	gb_X63451_+_0-1653_ARO:3002828_srmB	97.222	36	1	0	1689	1724	1500	1465	1.60e-09	62.1	1314835
NODE_5650_length_3723_cov_104.155	gb_X63451_+_0-1653_ARO:3002828_srmB	97.222	36	1	0	1689	1724	1500	1465	1.60e-09	62.1	5909444
NODE_5650_length_3723_cov_104.155	gb_X63451_+_0-1653_ARO:3002828_srmB	97.222	36	1	0	1689	1724	1500	1465	1.60e-09	62.1	355027
NODE_6096_length_3504_cov_12.4465	gb_AY768531_+_0-1179_ARO:3000533_macA	84.077	986	151	6	21	1002	1034	51	0.0	946	415482
NODE_7825_length_2883_cov_8.20898	gb_AP006618.1_+_4835199-4838688_ARO:3000501_Nocardia	78.297	1069	208	20	1824	2883	3370	2317	0.0	667	307472
NODE_7825_length_2883_cov_8.20898	gb_AP006618.1_+_4835199-4838688_ARO:3000501_Nocardia	78.297	1069	208	20	1824	2883	3370	2317	0.0	667	452660
NODE_7825_length_2883_cov_8.20898	gb_AP006618.1_+_4835199-4838688_ARO:3000501_Nocardia	78.297	1069	208	20	1824	2883	3370	2317	0.0	667	326698
NODE_10133_length_2337_cov_47.1223	gb_AY768532_+_0-1935_ARO:3000535_macB	86.090	1941	257	12	277	2212	1	1933	0.0	2076	156974
NODE_10133_length_2337_cov_47.1223	gb_AY768531_+_0-1179_ARO:3000533_macA	80.114	176	28	6	1	174	1000	1170	1.25e-28	124	156974
NODE_10133_length_2337_cov_47.1223	gb_AY768532_+_0-1935_ARO:3000535_macB	86.090	1941	257	12	277	2212	1	1933	0.0	2076	2075403
NODE_10133_length_2337_cov_47.1223	gb_AY768531_+_0-1179_ARO:3000533_macA	80.114	176	28	6	1	174	1000	1170	1.25e-28	124	2075403
NODE_10483_length_2275_cov_107.95	gb_M80346_+_0-1656_ARO:3002817_carA	100.000	36	0	0	88	123	1502	1467	2.09e-11	67.6	3326572
NODE_10483_length_2275_cov_107.95	gb_M80346_+_0-1656_ARO:3002817_carA	100.000	36	0	0	88	123	1502	1467	2.09e-11	67.6	3661924
NODE_10483_length_2275_cov_107.95	gb_M80346_+_0-1656_ARO:3002817_carA	100.000	36	0	0	88	123	1502	1467	2.09e-11	67.6	3661924
NODE_12617_length_1944_cov_182.932	gb_AF235050.4_+_38028-40140_ARO:3003318_Streptomyces	86.154	65	9	0	1068	1132	1897	1961	1.38e-12	71.3	4424520
NODE_12617_length_1944_cov_182.932	gb_AF235050.4_+_38028-40140_ARO:3003318_Streptomyces	86.154	65	9	0	1068	1132	1897	1961	1.38e-12	71.3	1990637
NODE_13809_length_1790_cov_8.89452	gb_AF235050.4_+_38028-40140_ARO:3003318_Streptomyces	73.079	1835	418	62	1	1788	127	1932	1.32e-166	582	238210
NODE_14768_length_1688_cov_125.575	gb_X63451_+_0-1653_ARO:3002828_srmB	78.448	116	19	6	1020	1132	1577	1465	1.19e-12	71.3	1133294
NODE_14768_length_1688_cov_125.575	gb_X63451_+_0-1653_ARO:3002828_srmB	78.448	116	19	6	1020	1132	1577	1465	1.19e-12	71.3	3953405
NODE_15770_length_1595_cov_1.71753	gb_M80346_+_0-1656_ARO:3002817_carA	100.000	28	0	0	1359	1386	1188	1161	4.09e-07	52.8	518497
NODE_15870_length_1585_cov_147.671	gb_NC_014638.1_-_1610636-1613960_ARO:3003730_Bifidobacteria	75.787	826	172	17	783	1585	2148	1328	2.11e-109	392	1296170
NODE_15870_length_1585_cov_147.671	gb_NC_014638.1_-_1610636-1613960_ARO:3003730_Bifidobacteria	75.787	826	172	17	783	1585	2148	1328	2.11e-109	392	1296170
NODE_15999_length_1571_cov_18.0956	gb_AY768531_+_0-1179_ARO:3000533_macA	84.860	535	77	4	1038	1569	51	584	9.11e-153	536	47801
NODE_22420_length_1143_cov_12.2904	gb_NC_003098.1_-_1359228-1360395_ARO:3000025_patB	86.660	1072	143	0	1	1072	86	1157	0.0	1188	1755628
NODE_24814_length_1034_cov_103.985	gb_AP006618.1_+_4835199-4838688_ARO:3000501_Nocardia	81.303	353	56	7	209	556	3333	2986	3.98e-75	278	4987286
NODE_24814_length_1034_cov_103.985	gb_AP006618.1_+_4835199-4838688_ARO:3000501_Nocardia	81.303	353	56	7	209	556	3333	2986	3.98e-75	278	4987286
NODE_27149_length_946_cov_22.073	gb_Z50108_+_238-1768_ARO:3003026_fusH	91.111	45	1	2	574	615	517	561	5.16e-09	58.4	4864723
NODE_28597_length_900_cov_17.8935	gb_CP001050.1_+_1332866-1333499_ARO:3000817_mtrR	81.682	333	59	2	569	900	1	332	1.24e-74	276	5972705
