NODE_220_length_29456_cov_6.08755	gb_HG970100.1_+_0-1457_ARO:3003948_efrA	100.000	31	0	0	22723	22753	1232	1202	1.64e-07	58.4	48347
NODE_312_length_23870_cov_8.04249	gb_KX000273.1_+_0-1740_ARO:3004036_tetB(60)	99.483	1740	9	0	5259	6998	1	1740	0.0	3164	5136856
NODE_312_length_23870_cov_8.04249	gb_KX000272.1_+_0-1740_ARO:3004035_tetA(60)	89.540	1740	182	0	3523	5262	1	1740	0.0	2206	5136856
NODE_318_length_23714_cov_5.77898	gb_AF472622_+_52-1018_ARO:3003003_CfxA3	100.000	966	0	0	17074	18039	966	1	0.0	1784	196217
NODE_318_length_23714_cov_5.77898	gb_AY769933_+_0-966_ARO:3003005_CfxA4	99.896	966	1	0	17074	18039	966	1	0.0	1779	196217
NODE_318_length_23714_cov_5.77898	gb_AF118110.1_-_71-1037_ARO:3003002_CfxA2	99.896	966	1	0	17074	18039	966	1	0.0	1779	196217
NODE_318_length_23714_cov_5.77898	gb_AY769934_+_27-993_ARO:3003096_CfxA5	99.793	966	2	0	17074	18039	966	1	0.0	1773	196217
NODE_318_length_23714_cov_5.77898	gb_U38243_+_149-1115_ARO:3003001_CfxA	99.793	966	2	0	17074	18039	966	1	0.0	1773	196217
NODE_318_length_23714_cov_5.77898	gb_GQ342996_+_797-1793_ARO:3003097_CfxA6	89.234	966	101	3	17079	18043	993	30	0.0	1205	196217
NODE_318_length_23714_cov_5.77898	gb_AF472622_+_52-1018_ARO:3003003_CfxA3	100.000	966	0	0	17074	18039	966	1	0.0	1784	148519
NODE_318_length_23714_cov_5.77898	gb_AY769933_+_0-966_ARO:3003005_CfxA4	99.896	966	1	0	17074	18039	966	1	0.0	1779	148519
NODE_318_length_23714_cov_5.77898	gb_AF118110.1_-_71-1037_ARO:3003002_CfxA2	99.896	966	1	0	17074	18039	966	1	0.0	1779	148519
NODE_318_length_23714_cov_5.77898	gb_AY769934_+_27-993_ARO:3003096_CfxA5	99.793	966	2	0	17074	18039	966	1	0.0	1773	148519
NODE_318_length_23714_cov_5.77898	gb_U38243_+_149-1115_ARO:3003001_CfxA	99.793	966	2	0	17074	18039	966	1	0.0	1773	148519
NODE_318_length_23714_cov_5.77898	gb_GQ342996_+_797-1793_ARO:3003097_CfxA6	89.234	966	101	3	17079	18043	993	30	0.0	1205	148519
NODE_318_length_23714_cov_5.77898	gb_AF472622_+_52-1018_ARO:3003003_CfxA3	100.000	966	0	0	17074	18039	966	1	0.0	1784	707379
NODE_318_length_23714_cov_5.77898	gb_AY769933_+_0-966_ARO:3003005_CfxA4	99.896	966	1	0	17074	18039	966	1	0.0	1779	707379
NODE_318_length_23714_cov_5.77898	gb_AF118110.1_-_71-1037_ARO:3003002_CfxA2	99.896	966	1	0	17074	18039	966	1	0.0	1779	707379
NODE_318_length_23714_cov_5.77898	gb_AY769934_+_27-993_ARO:3003096_CfxA5	99.793	966	2	0	17074	18039	966	1	0.0	1773	707379
NODE_318_length_23714_cov_5.77898	gb_U38243_+_149-1115_ARO:3003001_CfxA	99.793	966	2	0	17074	18039	966	1	0.0	1773	707379
NODE_318_length_23714_cov_5.77898	gb_GQ342996_+_797-1793_ARO:3003097_CfxA6	89.234	966	101	3	17079	18043	993	30	0.0	1205	707379
NODE_318_length_23714_cov_5.77898	gb_AF472622_+_52-1018_ARO:3003003_CfxA3	100.000	966	0	0	17074	18039	966	1	0.0	1784	609076
NODE_318_length_23714_cov_5.77898	gb_AY769933_+_0-966_ARO:3003005_CfxA4	99.896	966	1	0	17074	18039	966	1	0.0	1779	609076
NODE_318_length_23714_cov_5.77898	gb_AF118110.1_-_71-1037_ARO:3003002_CfxA2	99.896	966	1	0	17074	18039	966	1	0.0	1779	609076
NODE_318_length_23714_cov_5.77898	gb_AY769934_+_27-993_ARO:3003096_CfxA5	99.793	966	2	0	17074	18039	966	1	0.0	1773	609076
NODE_318_length_23714_cov_5.77898	gb_U38243_+_149-1115_ARO:3003001_CfxA	99.793	966	2	0	17074	18039	966	1	0.0	1773	609076
NODE_318_length_23714_cov_5.77898	gb_GQ342996_+_797-1793_ARO:3003097_CfxA6	89.234	966	101	3	17079	18043	993	30	0.0	1205	609076
NODE_491_length_18759_cov_9.22108	gb_HQ652506.1_+_373-2098_ARO:3004032_tetA(46)	94.261	1725	99	0	9949	11673	1725	1	0.0	2638	457579
NODE_491_length_18759_cov_9.22108	gb_HQ652506.1_+_2099-3836_ARO:3004033_tetB(46)	92.683	1722	124	2	8227	9947	1721	1	0.0	2481	457579
NODE_491_length_18759_cov_9.22108	gb_HQ652506.1_+_373-2098_ARO:3004032_tetA(46)	94.261	1725	99	0	9949	11673	1725	1	0.0	2638	701445
NODE_491_length_18759_cov_9.22108	gb_HQ652506.1_+_2099-3836_ARO:3004033_tetB(46)	92.683	1722	124	2	8227	9947	1721	1	0.0	2481	701445
NODE_3239_length_5012_cov_175.432	gb_CP007593.1_+_2148923-2149772_ARO:3001301_RlmA(II)	86.090	266	37	0	4747	5012	843	578	3.26e-77	287	199040
NODE_3962_length_4260_cov_155.188	gb_NC_003098.1_-_1359228-1360395_ARO:3000025_patB	83.003	1159	193	3	792	1948	1157	1	0.0	1046	597680
NODE_3962_length_4260_cov_155.188	gb_NC_003098.1_-_1359228-1360395_ARO:3000025_patB	83.003	1159	193	3	792	1948	1157	1	0.0	1046	597680
NODE_3962_length_4260_cov_155.188	gb_NC_003098.1_-_1359228-1360395_ARO:3000025_patB	83.003	1159	193	3	792	1948	1157	1	0.0	1046	1273633
NODE_3962_length_4260_cov_155.188	gb_NC_003098.1_-_1359228-1360395_ARO:3000025_patB	83.003	1159	193	3	792	1948	1157	1	0.0	1046	2845826
NODE_4077_length_4158_cov_4.26932	gb_M17124_+_1181-1982_ARO:3000498_ErmF	100.000	204	0	0	3955	4158	1	204	1.56e-104	377	69400
NODE_4077_length_4158_cov_4.26932	gb_AF319779.2_+_32-833_ARO:3000604_Erm(35)	86.387	191	26	0	3955	4145	1	191	6.02e-54	209	69400
NODE_4077_length_4158_cov_4.26932	gb_M17124_+_1181-1982_ARO:3000498_ErmF	100.000	204	0	0	3955	4158	1	204	1.56e-104	377	69400
NODE_4077_length_4158_cov_4.26932	gb_AF319779.2_+_32-833_ARO:3000604_Erm(35)	86.387	191	26	0	3955	4145	1	191	6.02e-54	209	69400
NODE_6977_length_2585_cov_47.1885	gb_NC_003098.1_-_1359228-1360395_ARO:3000025_patB	93.196	1161	79	0	797	1957	1	1161	0.0	1707	3260808
NODE_24788_length_799_cov_8.5914	gb_CP007593.1_+_2148923-2149772_ARO:3001301_RlmA(II)	90.730	712	64	2	89	799	841	131	0.0	948	71819
