NODE_20_length_61819_cov_24.181	gb_NC_003112.2_-_1791966-1795170_ARO:3000811_mtrD	80.911	3185	590	15	20873	24048	1	3176	0.0	2497	2124413
NODE_20_length_61819_cov_24.181	gb_NC_003112.2_-_1791966-1795170_ARO:3000811_mtrD	80.911	3185	590	15	20873	24048	1	3176	0.0	2497	2124413
NODE_20_length_61819_cov_24.181	gb_NC_003112.2_-_1791966-1795170_ARO:3000811_mtrD	80.911	3185	590	15	20873	24048	1	3176	0.0	2497	262325
NODE_20_length_61819_cov_24.181	gb_NC_003112.2_-_1791966-1795170_ARO:3000811_mtrD	80.911	3185	590	15	20873	24048	1	3176	0.0	2497	262325
NODE_20_length_61819_cov_24.181	gb_NC_003112.2_-_1791966-1795170_ARO:3000811_mtrD	80.911	3185	590	15	20873	24048	1	3176	0.0	2497	2931546
NODE_20_length_61819_cov_24.181	gb_NC_003112.2_-_1791966-1795170_ARO:3000811_mtrD	80.911	3185	590	15	20873	24048	1	3176	0.0	2497	2931546
NODE_20_length_61819_cov_24.181	gb_NC_003112.2_-_1791966-1795170_ARO:3000811_mtrD	80.911	3185	590	15	20873	24048	1	3176	0.0	2497	162834
NODE_20_length_61819_cov_24.181	gb_NC_003112.2_-_1791966-1795170_ARO:3000811_mtrD	80.911	3185	590	15	20873	24048	1	3176	0.0	2497	40214
NODE_20_length_61819_cov_24.181	gb_NC_003112.2_-_1791966-1795170_ARO:3000811_mtrD	80.911	3185	590	15	20873	24048	1	3176	0.0	2497	5136248
NODE_20_length_61819_cov_24.181	gb_NC_003112.2_-_1791966-1795170_ARO:3000811_mtrD	80.911	3185	590	15	20873	24048	1	3176	0.0	2497	5136248
NODE_20_length_61819_cov_24.181	gb_NC_003112.2_-_1791966-1795170_ARO:3000811_mtrD	80.911	3185	590	15	20873	24048	1	3176	0.0	2497	2124460
NODE_20_length_61819_cov_24.181	gb_NC_003112.2_-_1791966-1795170_ARO:3000811_mtrD	80.911	3185	590	15	20873	24048	1	3176	0.0	2497	67175
NODE_20_length_61819_cov_24.181	gb_NC_003112.2_-_1791966-1795170_ARO:3000811_mtrD	80.911	3185	590	15	20873	24048	1	3176	0.0	2497	162834
NODE_101_length_35299_cov_7.582	gb_AF540889_+_0-327_ARO:3002871_tet37	99.099	222	2	0	30713	30934	222	1	2.83e-110	399	195640
NODE_101_length_35299_cov_7.582	gb_AF540889_+_0-327_ARO:3002871_tet37	99.099	222	2	0	30713	30934	222	1	2.83e-110	399	2931499
NODE_288_length_22398_cov_19.6913	gb_NC_003112.2_+_329612-330767_ARO:3003961_farA	72.807	912	228	18	18433	19334	127	1028	3.14e-78	292	168198
NODE_288_length_22398_cov_19.6913	gb_NC_003112.2_+_329612-330767_ARO:3003961_farA	72.807	912	228	18	18433	19334	127	1028	3.14e-78	292	168198
NODE_288_length_22398_cov_19.6913	gb_NC_003112.2_+_329612-330767_ARO:3003961_farA	72.807	912	228	18	18433	19334	127	1028	3.14e-78	292	3256
NODE_288_length_22398_cov_19.6913	gb_NC_003112.2_+_329612-330767_ARO:3003961_farA	72.807	912	228	18	18433	19334	127	1028	3.14e-78	292	2931293
NODE_288_length_22398_cov_19.6913	gb_NC_003112.2_+_329612-330767_ARO:3003961_farA	72.807	912	228	18	18433	19334	127	1028	3.14e-78	292	2931293
NODE_288_length_22398_cov_19.6913	gb_NC_003112.2_+_329612-330767_ARO:3003961_farA	72.807	912	228	18	18433	19334	127	1028	3.14e-78	292	2394912
NODE_288_length_22398_cov_19.6913	gb_NC_003112.2_+_329612-330767_ARO:3003961_farA	72.807	912	228	18	18433	19334	127	1028	3.14e-78	292	2394912
NODE_560_length_16108_cov_3.95982	gb_JQ231224_+_90-3192_ARO:3000510_mupB	97.222	36	1	0	10931	10966	552	587	6.92e-09	62.1	189763
NODE_699_length_14398_cov_8.16064	gb_Z21523_+_0-1974_ARO:3000191_tetQ	89.937	1918	193	0	12481	14398	1974	57	0.0	2473	5136935
NODE_699_length_14398_cov_8.16064	gb_Z21523_+_0-1974_ARO:3000191_tetQ	89.937	1918	193	0	12481	14398	1974	57	0.0	2473	2045284
NODE_699_length_14398_cov_8.16064	gb_Z21523_+_0-1974_ARO:3000191_tetQ	89.937	1918	193	0	12481	14398	1974	57	0.0	2473	2609814
NODE_1394_length_10015_cov_7.30462	gb_HQ652506.1_+_373-2098_ARO:3004032_tetA(46)	95.072	1725	85	0	5991	7715	1	1725	0.0	2715	2124464
NODE_1394_length_10015_cov_7.30462	gb_HQ652506.1_+_2099-3836_ARO:3004033_tetB(46)	92.799	1722	122	2	7717	9437	1	1721	0.0	2492	2124464
NODE_1394_length_10015_cov_7.30462	gb_HQ652506.1_+_373-2098_ARO:3004032_tetA(46)	95.072	1725	85	0	5991	7715	1	1725	0.0	2715	538243
NODE_1394_length_10015_cov_7.30462	gb_HQ652506.1_+_2099-3836_ARO:3004033_tetB(46)	92.799	1722	122	2	7717	9437	1	1721	0.0	2492	538243
NODE_1394_length_10015_cov_7.30462	gb_HQ652506.1_+_373-2098_ARO:3004032_tetA(46)	95.072	1725	85	0	5991	7715	1	1725	0.0	2715	538243
NODE_1394_length_10015_cov_7.30462	gb_HQ652506.1_+_2099-3836_ARO:3004033_tetB(46)	92.799	1722	122	2	7717	9437	1	1721	0.0	2492	538243
NODE_2116_length_7762_cov_18.7824	gb_AF235050.4_+_38028-40140_ARO:3003318_Streptomyces	77.937	349	69	6	5881	6225	76	420	3.13e-54	211	421601
NODE_3656_length_5489_cov_55.3684	gb_NC_012469.1_-_1800927-1802391_ARO:3000616_mel	100.000	1464	0	0	2422	3885	1	1464	0.0	2704	1716200
NODE_3656_length_5489_cov_55.3684	gb_NC_023287.1_-_65291-66509_ARO:3000615_mefA	96.962	1218	37	0	1085	2302	1	1218	0.0	2045	1716200
NODE_6752_length_3634_cov_78.3135	gb_AF472622_+_52-1018_ARO:3003003_CfxA3	98.276	58	1	0	3577	3634	64	121	9.17e-22	102	2006717
NODE_6752_length_3634_cov_78.3135	gb_AY769934_+_27-993_ARO:3003096_CfxA5	98.276	58	1	0	3577	3634	64	121	9.17e-22	102	2006717
NODE_6752_length_3634_cov_78.3135	gb_U38243_+_149-1115_ARO:3003001_CfxA	98.276	58	1	0	3577	3634	64	121	9.17e-22	102	2006717
NODE_6752_length_3634_cov_78.3135	gb_AY769933_+_0-966_ARO:3003005_CfxA4	98.276	58	1	0	3577	3634	64	121	9.17e-22	102	2006717
NODE_6752_length_3634_cov_78.3135	gb_AF118110.1_-_71-1037_ARO:3003002_CfxA2	98.276	58	1	0	3577	3634	64	121	9.17e-22	102	2006717
NODE_8336_length_3116_cov_12.0382	gb_M18896.2_+_206-2126_ARO:3000190_tetO	99.792	1920	4	0	398	2317	1920	1	0.0	3524	5136718
NODE_8336_length_3116_cov_12.0382	gb_AJ295238.3_+_163-2083_ARO:3000196_tet32	94.465	831	46	0	398	1228	1920	1090	0.0	1280	5136718
NODE_8336_length_3116_cov_12.0382	gb_AJ295238.3_+_163-2083_ARO:3000196_tet32	91.919	396	32	0	1922	2317	396	1	5.02e-158	555	5136718
NODE_13508_length_2157_cov_7.2883	gb_NC_003098.1_-_1359228-1360395_ARO:3000025_patB	93.662	994	63	0	1164	2157	1	994	0.0	1487	1949472
NODE_13880_length_2113_cov_79.982	gb_AF472622_+_52-1018_ARO:3003003_CfxA3	100.000	52	0	0	2062	2113	966	915	2.47e-20	97.1	6400862
NODE_13880_length_2113_cov_79.982	gb_AY769934_+_27-993_ARO:3003096_CfxA5	100.000	52	0	0	2062	2113	966	915	2.47e-20	97.1	6400862
NODE_13880_length_2113_cov_79.982	gb_U38243_+_149-1115_ARO:3003001_CfxA	100.000	52	0	0	2062	2113	966	915	2.47e-20	97.1	6400862
NODE_13880_length_2113_cov_79.982	gb_AY769933_+_0-966_ARO:3003005_CfxA4	100.000	52	0	0	2062	2113	966	915	2.47e-20	97.1	6400862
NODE_13880_length_2113_cov_79.982	gb_AF118110.1_-_71-1037_ARO:3003002_CfxA2	100.000	52	0	0	2062	2113	966	915	2.47e-20	97.1	6400862
NODE_24366_length_1298_cov_5.72405	gb_CP007593.1_+_2148923-2149772_ARO:3001301_RlmA(II)	84.615	845	126	4	247	1089	843	1	0.0	837	82082
NODE_37121_length_865_cov_1.86049	gb_HQ652506.1_+_373-2098_ARO:3004032_tetA(46)	78.095	525	107	5	298	818	1725	1205	1.17e-89	326	2124464
NODE_45597_length_705_cov_7.02154	gb_NC_003098.1_+_866210-867410_ARO:3000822_pmrA	97.778	180	4	0	526	705	1200	1021	2.66e-85	311	36961
NODE_57142_length_565_cov_2.99216	gb_HM990671_+_5192-6671_ARO:3003112_lsaC	96.203	79	3	0	1	79	79	1	6.35e-31	130	1512434
NODE_58269_length_554_cov_3.2004	gb_HM990671_+_5192-6671_ARO:3003112_lsaC	88.636	176	19	1	374	549	1	175	6.01e-56	213	5136542
NODE_65343_length_493_cov_10.5868	gb_CP007593.1_+_2148923-2149772_ARO:3001301_RlmA(II)	88.943	407	45	0	7	413	407	1	2.82e-143	503	82082
NODE_82430_length_394_cov_1.64602	gb_CP007593.1_+_2148923-2149772_ARO:3001301_RlmA(II)	87.918	389	47	0	6	394	298	686	4.89e-130	459	1716189
