NODE_92_length_44796_cov_6.36161	gb_X63451_+_0-1653_ARO:3002828_srmB	97.059	34	1	0	523	556	1466	1499	2.49e-07	58.4	22584
NODE_92_length_44796_cov_6.36161	gb_X63451_+_0-1653_ARO:3002828_srmB	97.059	34	1	0	523	556	1466	1499	2.49e-07	58.4	3621917
NODE_92_length_44796_cov_6.36161	gb_X63451_+_0-1653_ARO:3002828_srmB	97.059	34	1	0	523	556	1466	1499	2.49e-07	58.4	4614677
NODE_309_length_24075_cov_5.60841	gb_X63451_+_0-1653_ARO:3002828_srmB	97.222	36	1	0	2775	2810	1500	1465	1.03e-08	62.1	64817
NODE_309_length_24075_cov_5.60841	gb_X63451_+_0-1653_ARO:3002828_srmB	97.222	36	1	0	2775	2810	1500	1465	1.03e-08	62.1	2520039
NODE_343_length_22527_cov_11.3662	gb_EU434751_+_658-2578_ARO:3000194_tetW	99.948	1920	1	0	5270	7189	1	1920	0.0	3541	5826
NODE_343_length_22527_cov_11.3662	gb_KU736867.1_+_19653-21573_ARO:3004442_tet(W/N/W)	96.077	1912	73	2	5270	7180	1	1911	0.0	3114	5826
NODE_343_length_22527_cov_11.3662	gb_EU434751_+_658-2578_ARO:3000194_tetW	99.948	1920	1	0	5270	7189	1	1920	0.0	3541	3280940
NODE_343_length_22527_cov_11.3662	gb_KU736867.1_+_19653-21573_ARO:3004442_tet(W/N/W)	96.077	1912	73	2	5270	7180	1	1911	0.0	3114	3280940
NODE_430_length_19531_cov_7.73624	gb_AF235050.4_+_38028-40140_ARO:3003318_Streptomyces	74.572	1109	224	48	63	1145	1991	915	1.54e-120	433	183538
NODE_430_length_19531_cov_7.73624	gb_AF235050.4_+_38028-40140_ARO:3003318_Streptomyces	74.572	1109	224	48	63	1145	1991	915	1.54e-120	433	183538
NODE_430_length_19531_cov_7.73624	gb_AF235050.4_+_38028-40140_ARO:3003318_Streptomyces	74.572	1109	224	48	63	1145	1991	915	1.54e-120	433	5048779
NODE_430_length_19531_cov_7.73624	gb_AF235050.4_+_38028-40140_ARO:3003318_Streptomyces	74.572	1109	224	48	63	1145	1991	915	1.54e-120	433	1645088
NODE_430_length_19531_cov_7.73624	gb_AF235050.4_+_38028-40140_ARO:3003318_Streptomyces	74.572	1109	224	48	63	1145	1991	915	1.54e-120	433	4518292
NODE_430_length_19531_cov_7.73624	gb_AF235050.4_+_38028-40140_ARO:3003318_Streptomyces	74.572	1109	224	48	63	1145	1991	915	1.54e-120	433	3551015
NODE_430_length_19531_cov_7.73624	gb_AF235050.4_+_38028-40140_ARO:3003318_Streptomyces	74.572	1109	224	48	63	1145	1991	915	1.54e-120	433	2631424
NODE_885_length_12822_cov_27.0879	gb_AM180355_+_600033-601953_ARO:3000186_tetM	86.963	698	91	0	12125	12822	1	698	0.0	785	2519975
NODE_885_length_12822_cov_27.0879	gb_AM180355_+_600033-601953_ARO:3000186_tetM	86.963	698	91	0	12125	12822	1	698	0.0	785	2519975
NODE_1142_length_11169_cov_4.91569	gb_AP006618.1_+_4835199-4838688_ARO:3000501_Nocardia	81.020	353	57	7	8192	8539	2986	3333	2.03e-72	272	2900903
NODE_1381_length_9943_cov_60.0129	gb_M17124_+_1181-1982_ARO:3000498_ErmF	99.750	801	2	0	7351	8151	1	801	0.0	1469	1552122
NODE_1381_length_9943_cov_60.0129	gb_AF319779.2_+_32-833_ARO:3000604_Erm(35)	78.643	796	166	3	7351	8144	1	794	1.26e-148	525	1552122
NODE_2511_length_7023_cov_4.67853	gb_AP006618.1_+_4835199-4838688_ARO:3000501_Nocardia	73.851	2176	542	24	4855	7018	287	2447	0.0	841	1062582
NODE_2511_length_7023_cov_4.67853	gb_AP006618.1_+_4835199-4838688_ARO:3000501_Nocardia	73.851	2176	542	24	4855	7018	287	2447	0.0	841	227347
NODE_3162_length_6125_cov_8.74728	gb_AF118110.1_-_71-1037_ARO:3003002_CfxA2	100.000	966	0	0	4089	5054	1	966	0.0	1784	1503810
NODE_3162_length_6125_cov_8.74728	gb_AF472622_+_52-1018_ARO:3003003_CfxA3	99.896	966	1	0	4089	5054	1	966	0.0	1779	1503810
NODE_3162_length_6125_cov_8.74728	gb_AY769934_+_27-993_ARO:3003096_CfxA5	99.896	966	1	0	4089	5054	1	966	0.0	1779	1503810
NODE_3162_length_6125_cov_8.74728	gb_U38243_+_149-1115_ARO:3003001_CfxA	99.896	966	1	0	4089	5054	1	966	0.0	1779	1503810
NODE_3162_length_6125_cov_8.74728	gb_AY769933_+_0-966_ARO:3003005_CfxA4	99.896	966	1	0	4089	5054	1	966	0.0	1779	1503810
NODE_3162_length_6125_cov_8.74728	gb_GQ342996_+_797-1793_ARO:3003097_CfxA6	89.234	966	101	3	4085	5049	30	993	0.0	1205	1503810
NODE_4845_length_4710_cov_19.2919	gb_CP007593.1_+_2148923-2149772_ARO:3001301_RlmA(II)	84.970	845	123	4	628	1470	843	1	0.0	854	709336
NODE_4845_length_4710_cov_19.2919	gb_CP007593.1_+_2148923-2149772_ARO:3001301_RlmA(II)	84.970	845	123	4	628	1470	843	1	0.0	854	709336
NODE_5126_length_4539_cov_3.95629	gb_NC_003098.1_-_1359228-1360395_ARO:3000025_patB	91.214	1161	102	0	1993	3153	1161	1	0.0	1580	1325403
NODE_5644_length_4271_cov_2.56238	gb_HM990671_+_5192-6671_ARO:3003112_lsaC	95.203	1480	67	4	501	1978	1479	2	0.0	2337	1092698
NODE_5662_length_4262_cov_4.14262	gb_AP006618.1_+_4835199-4838688_ARO:3000501_Nocardia	76.073	1375	280	34	14	1356	1575	218	0.0	671	60524
NODE_6362_length_3924_cov_4.68441	gb_AY768531_+_0-1179_ARO:3000533_macA	79.199	899	185	2	759	1656	1007	110	1.71e-178	623	242763
NODE_6362_length_3924_cov_4.68441	gb_AY768532_+_0-1935_ARO:3000535_macB	84.466	515	78	2	1	514	514	1	1.80e-143	507	242763
NODE_8934_length_3072_cov_4.91581	gb_AF235050.4_+_38028-40140_ARO:3003318_Streptomyces	76.889	1138	202	51	1748	2857	1991	887	4.88e-168	588	3652325
NODE_8934_length_3072_cov_4.91581	gb_AF235050.4_+_38028-40140_ARO:3003318_Streptomyces	76.889	1138	202	51	1748	2857	1991	887	4.88e-168	588	3021147
NODE_13395_length_2233_cov_2.56152	gb_AY768531_+_0-1179_ARO:3000533_macA	84.211	1102	161	11	913	2009	1170	77	0.0	1059	156974
NODE_13395_length_2233_cov_2.56152	gb_AY768532_+_0-1935_ARO:3000535_macB	87.778	810	97	2	2	810	809	1	0.0	946	156974
NODE_30498_length_1079_cov_1.95801	gb_AY768532_+_0-1935_ARO:3000535_macB	90.000	70	7	0	1009	1078	416	485	5.82e-19	91.6	5789512
NODE_31355_length_1051_cov_11.3876	gb_NC_003098.1_-_1359228-1360395_ARO:3000025_patB	91.000	100	9	0	952	1051	1	100	2.58e-32	135	293568
NODE_31355_length_1051_cov_11.3876	gb_NC_003098.1_-_1359228-1360395_ARO:3000025_patB	91.000	100	9	0	952	1051	1	100	2.58e-32	135	293568
NODE_42072_length_787_cov_39.485	gb_NC_014638.1_-_1610636-1613960_ARO:3003730_Bifidobacteria	74.260	777	164	25	3	752	1912	1145	3.00e-80	294	3918421
NODE_46082_length_719_cov_53.8253	gb_AP006618.1_+_4835199-4838688_ARO:3000501_Nocardia	76.358	681	139	18	21	690	1143	1812	7.44e-96	346	477563
NODE_46082_length_719_cov_53.8253	gb_AP006618.1_+_4835199-4838688_ARO:3000501_Nocardia	76.358	681	139	18	21	690	1143	1812	7.44e-96	346	477563
NODE_47644_length_695_cov_14.9422	gb_AM180355_+_600033-601953_ARO:3000186_tetM	93.813	695	43	0	1	695	644	1338	0.0	1046	2756425
NODE_47644_length_695_cov_14.9422	gb_L09756_+_0-1926_ARO:3000192_tetS	77.539	699	149	7	1	695	644	1338	1.94e-116	414	2756425
NODE_127656_length_250_cov_1.26154	gb_AY768532_+_0-1935_ARO:3000535_macB	74.704	253	54	9	3	250	250	497	1.63e-23	104	242763
NODE_127656_length_250_cov_1.26154	gb_AY768532_+_0-1935_ARO:3000535_macB	74.704	253	54	9	3	250	250	497	1.63e-23	104	1292097
