NODE_48_length_110872_cov_654.789	gb_GQ342996_+_797-1793_ARO:3003097_CfxA6	99.097	997	8	1	105008	106004	1	996	0.0	1790	5155744
NODE_48_length_110872_cov_654.789	gb_AY769933_+_0-966_ARO:3003005_CfxA4	89.408	963	98	4	105041	106001	1	961	0.0	1210	5155744
NODE_48_length_110872_cov_654.789	gb_AF472622_+_52-1018_ARO:3003003_CfxA3	89.304	963	99	4	105041	106001	1	961	0.0	1205	5155744
NODE_48_length_110872_cov_654.789	gb_AF118110.1_-_71-1037_ARO:3003002_CfxA2	89.304	963	99	4	105041	106001	1	961	0.0	1205	5155744
NODE_48_length_110872_cov_654.789	gb_AY769934_+_27-993_ARO:3003096_CfxA5	89.200	963	100	4	105041	106001	1	961	0.0	1199	5155744
NODE_48_length_110872_cov_654.789	gb_U38243_+_149-1115_ARO:3003001_CfxA	89.200	963	100	4	105041	106001	1	961	0.0	1199	5155744
NODE_48_length_110872_cov_654.789	gb_GQ342996_+_797-1793_ARO:3003097_CfxA6	99.097	997	8	1	105008	106004	1	996	0.0	1790	1878750
NODE_48_length_110872_cov_654.789	gb_AY769933_+_0-966_ARO:3003005_CfxA4	89.408	963	98	4	105041	106001	1	961	0.0	1210	1878750
NODE_48_length_110872_cov_654.789	gb_AF472622_+_52-1018_ARO:3003003_CfxA3	89.304	963	99	4	105041	106001	1	961	0.0	1205	1878750
NODE_48_length_110872_cov_654.789	gb_AF118110.1_-_71-1037_ARO:3003002_CfxA2	89.304	963	99	4	105041	106001	1	961	0.0	1205	1878750
NODE_48_length_110872_cov_654.789	gb_AY769934_+_27-993_ARO:3003096_CfxA5	89.200	963	100	4	105041	106001	1	961	0.0	1199	1878750
NODE_48_length_110872_cov_654.789	gb_U38243_+_149-1115_ARO:3003001_CfxA	89.200	963	100	4	105041	106001	1	961	0.0	1199	1878750
NODE_48_length_110872_cov_654.789	gb_GQ342996_+_797-1793_ARO:3003097_CfxA6	99.097	997	8	1	105008	106004	1	996	0.0	1790	97167
NODE_48_length_110872_cov_654.789	gb_AY769933_+_0-966_ARO:3003005_CfxA4	89.408	963	98	4	105041	106001	1	961	0.0	1210	97167
NODE_48_length_110872_cov_654.789	gb_AF472622_+_52-1018_ARO:3003003_CfxA3	89.304	963	99	4	105041	106001	1	961	0.0	1205	97167
NODE_48_length_110872_cov_654.789	gb_AF118110.1_-_71-1037_ARO:3003002_CfxA2	89.304	963	99	4	105041	106001	1	961	0.0	1205	97167
NODE_48_length_110872_cov_654.789	gb_AY769934_+_27-993_ARO:3003096_CfxA5	89.200	963	100	4	105041	106001	1	961	0.0	1199	97167
NODE_48_length_110872_cov_654.789	gb_U38243_+_149-1115_ARO:3003001_CfxA	89.200	963	100	4	105041	106001	1	961	0.0	1199	97167
NODE_48_length_110872_cov_654.789	gb_GQ342996_+_797-1793_ARO:3003097_CfxA6	99.097	997	8	1	105008	106004	1	996	0.0	1790	5155124
NODE_48_length_110872_cov_654.789	gb_AY769933_+_0-966_ARO:3003005_CfxA4	89.408	963	98	4	105041	106001	1	961	0.0	1210	5155124
NODE_48_length_110872_cov_654.789	gb_AF472622_+_52-1018_ARO:3003003_CfxA3	89.304	963	99	4	105041	106001	1	961	0.0	1205	5155124
NODE_48_length_110872_cov_654.789	gb_AF118110.1_-_71-1037_ARO:3003002_CfxA2	89.304	963	99	4	105041	106001	1	961	0.0	1205	5155124
NODE_48_length_110872_cov_654.789	gb_AY769934_+_27-993_ARO:3003096_CfxA5	89.200	963	100	4	105041	106001	1	961	0.0	1199	5155124
NODE_48_length_110872_cov_654.789	gb_U38243_+_149-1115_ARO:3003001_CfxA	89.200	963	100	4	105041	106001	1	961	0.0	1199	5155124
NODE_48_length_110872_cov_654.789	gb_GQ342996_+_797-1793_ARO:3003097_CfxA6	99.097	997	8	1	105008	106004	1	996	0.0	1790	5155124
NODE_48_length_110872_cov_654.789	gb_AY769933_+_0-966_ARO:3003005_CfxA4	89.408	963	98	4	105041	106001	1	961	0.0	1210	5155124
NODE_48_length_110872_cov_654.789	gb_AF472622_+_52-1018_ARO:3003003_CfxA3	89.304	963	99	4	105041	106001	1	961	0.0	1205	5155124
NODE_48_length_110872_cov_654.789	gb_AF118110.1_-_71-1037_ARO:3003002_CfxA2	89.304	963	99	4	105041	106001	1	961	0.0	1205	5155124
NODE_48_length_110872_cov_654.789	gb_AY769934_+_27-993_ARO:3003096_CfxA5	89.200	963	100	4	105041	106001	1	961	0.0	1199	5155124
NODE_48_length_110872_cov_654.789	gb_U38243_+_149-1115_ARO:3003001_CfxA	89.200	963	100	4	105041	106001	1	961	0.0	1199	5155124
NODE_48_length_110872_cov_654.789	gb_GQ342996_+_797-1793_ARO:3003097_CfxA6	99.097	997	8	1	105008	106004	1	996	0.0	1790	304347
NODE_48_length_110872_cov_654.789	gb_AY769933_+_0-966_ARO:3003005_CfxA4	89.408	963	98	4	105041	106001	1	961	0.0	1210	304347
NODE_48_length_110872_cov_654.789	gb_AF472622_+_52-1018_ARO:3003003_CfxA3	89.304	963	99	4	105041	106001	1	961	0.0	1205	304347
NODE_48_length_110872_cov_654.789	gb_AF118110.1_-_71-1037_ARO:3003002_CfxA2	89.304	963	99	4	105041	106001	1	961	0.0	1205	304347
NODE_48_length_110872_cov_654.789	gb_AY769934_+_27-993_ARO:3003096_CfxA5	89.200	963	100	4	105041	106001	1	961	0.0	1199	304347
NODE_48_length_110872_cov_654.789	gb_U38243_+_149-1115_ARO:3003001_CfxA	89.200	963	100	4	105041	106001	1	961	0.0	1199	304347
NODE_48_length_110872_cov_654.789	gb_GQ342996_+_797-1793_ARO:3003097_CfxA6	99.097	997	8	1	105008	106004	1	996	0.0	1790	1440698
NODE_48_length_110872_cov_654.789	gb_AY769933_+_0-966_ARO:3003005_CfxA4	89.408	963	98	4	105041	106001	1	961	0.0	1210	1440698
NODE_48_length_110872_cov_654.789	gb_AF472622_+_52-1018_ARO:3003003_CfxA3	89.304	963	99	4	105041	106001	1	961	0.0	1205	1440698
NODE_48_length_110872_cov_654.789	gb_AF118110.1_-_71-1037_ARO:3003002_CfxA2	89.304	963	99	4	105041	106001	1	961	0.0	1205	1440698
NODE_48_length_110872_cov_654.789	gb_AY769934_+_27-993_ARO:3003096_CfxA5	89.200	963	100	4	105041	106001	1	961	0.0	1199	1440698
NODE_48_length_110872_cov_654.789	gb_U38243_+_149-1115_ARO:3003001_CfxA	89.200	963	100	4	105041	106001	1	961	0.0	1199	1440698
NODE_48_length_110872_cov_654.789	gb_GQ342996_+_797-1793_ARO:3003097_CfxA6	99.097	997	8	1	105008	106004	1	996	0.0	1790	3642482
NODE_48_length_110872_cov_654.789	gb_AY769933_+_0-966_ARO:3003005_CfxA4	89.408	963	98	4	105041	106001	1	961	0.0	1210	3642482
NODE_48_length_110872_cov_654.789	gb_AF472622_+_52-1018_ARO:3003003_CfxA3	89.304	963	99	4	105041	106001	1	961	0.0	1205	3642482
NODE_48_length_110872_cov_654.789	gb_AF118110.1_-_71-1037_ARO:3003002_CfxA2	89.304	963	99	4	105041	106001	1	961	0.0	1205	3642482
NODE_48_length_110872_cov_654.789	gb_AY769934_+_27-993_ARO:3003096_CfxA5	89.200	963	100	4	105041	106001	1	961	0.0	1199	3642482
NODE_48_length_110872_cov_654.789	gb_U38243_+_149-1115_ARO:3003001_CfxA	89.200	963	100	4	105041	106001	1	961	0.0	1199	3642482
NODE_48_length_110872_cov_654.789	gb_GQ342996_+_797-1793_ARO:3003097_CfxA6	99.097	997	8	1	105008	106004	1	996	0.0	1790	230285
NODE_48_length_110872_cov_654.789	gb_AY769933_+_0-966_ARO:3003005_CfxA4	89.408	963	98	4	105041	106001	1	961	0.0	1210	230285
NODE_48_length_110872_cov_654.789	gb_AF472622_+_52-1018_ARO:3003003_CfxA3	89.304	963	99	4	105041	106001	1	961	0.0	1205	230285
NODE_48_length_110872_cov_654.789	gb_AF118110.1_-_71-1037_ARO:3003002_CfxA2	89.304	963	99	4	105041	106001	1	961	0.0	1205	230285
NODE_48_length_110872_cov_654.789	gb_AY769934_+_27-993_ARO:3003096_CfxA5	89.200	963	100	4	105041	106001	1	961	0.0	1199	230285
NODE_48_length_110872_cov_654.789	gb_U38243_+_149-1115_ARO:3003001_CfxA	89.200	963	100	4	105041	106001	1	961	0.0	1199	230285
NODE_48_length_110872_cov_654.789	gb_GQ342996_+_797-1793_ARO:3003097_CfxA6	99.097	997	8	1	105008	106004	1	996	0.0	1790	4445386
NODE_48_length_110872_cov_654.789	gb_AY769933_+_0-966_ARO:3003005_CfxA4	89.408	963	98	4	105041	106001	1	961	0.0	1210	4445386
NODE_48_length_110872_cov_654.789	gb_AF472622_+_52-1018_ARO:3003003_CfxA3	89.304	963	99	4	105041	106001	1	961	0.0	1205	4445386
NODE_48_length_110872_cov_654.789	gb_AF118110.1_-_71-1037_ARO:3003002_CfxA2	89.304	963	99	4	105041	106001	1	961	0.0	1205	4445386
NODE_48_length_110872_cov_654.789	gb_AY769934_+_27-993_ARO:3003096_CfxA5	89.200	963	100	4	105041	106001	1	961	0.0	1199	4445386
NODE_48_length_110872_cov_654.789	gb_U38243_+_149-1115_ARO:3003001_CfxA	89.200	963	100	4	105041	106001	1	961	0.0	1199	4445386
NODE_48_length_110872_cov_654.789	gb_GQ342996_+_797-1793_ARO:3003097_CfxA6	99.097	997	8	1	105008	106004	1	996	0.0	1790	304232
NODE_48_length_110872_cov_654.789	gb_AY769933_+_0-966_ARO:3003005_CfxA4	89.408	963	98	4	105041	106001	1	961	0.0	1210	304232
NODE_48_length_110872_cov_654.789	gb_AF472622_+_52-1018_ARO:3003003_CfxA3	89.304	963	99	4	105041	106001	1	961	0.0	1205	304232
NODE_48_length_110872_cov_654.789	gb_AF118110.1_-_71-1037_ARO:3003002_CfxA2	89.304	963	99	4	105041	106001	1	961	0.0	1205	304232
NODE_48_length_110872_cov_654.789	gb_AY769934_+_27-993_ARO:3003096_CfxA5	89.200	963	100	4	105041	106001	1	961	0.0	1199	304232
NODE_48_length_110872_cov_654.789	gb_U38243_+_149-1115_ARO:3003001_CfxA	89.200	963	100	4	105041	106001	1	961	0.0	1199	304232
NODE_48_length_110872_cov_654.789	gb_GQ342996_+_797-1793_ARO:3003097_CfxA6	99.097	997	8	1	105008	106004	1	996	0.0	1790	789225
NODE_48_length_110872_cov_654.789	gb_AY769933_+_0-966_ARO:3003005_CfxA4	89.408	963	98	4	105041	106001	1	961	0.0	1210	789225
NODE_48_length_110872_cov_654.789	gb_AF472622_+_52-1018_ARO:3003003_CfxA3	89.304	963	99	4	105041	106001	1	961	0.0	1205	789225
NODE_48_length_110872_cov_654.789	gb_AF118110.1_-_71-1037_ARO:3003002_CfxA2	89.304	963	99	4	105041	106001	1	961	0.0	1205	789225
NODE_48_length_110872_cov_654.789	gb_AY769934_+_27-993_ARO:3003096_CfxA5	89.200	963	100	4	105041	106001	1	961	0.0	1199	789225
NODE_48_length_110872_cov_654.789	gb_U38243_+_149-1115_ARO:3003001_CfxA	89.200	963	100	4	105041	106001	1	961	0.0	1199	789225
NODE_48_length_110872_cov_654.789	gb_GQ342996_+_797-1793_ARO:3003097_CfxA6	99.097	997	8	1	105008	106004	1	996	0.0	1790	94535
NODE_48_length_110872_cov_654.789	gb_AY769933_+_0-966_ARO:3003005_CfxA4	89.408	963	98	4	105041	106001	1	961	0.0	1210	94535
NODE_48_length_110872_cov_654.789	gb_AF472622_+_52-1018_ARO:3003003_CfxA3	89.304	963	99	4	105041	106001	1	961	0.0	1205	94535
NODE_48_length_110872_cov_654.789	gb_AF118110.1_-_71-1037_ARO:3003002_CfxA2	89.304	963	99	4	105041	106001	1	961	0.0	1205	94535
NODE_48_length_110872_cov_654.789	gb_AY769934_+_27-993_ARO:3003096_CfxA5	89.200	963	100	4	105041	106001	1	961	0.0	1199	94535
NODE_48_length_110872_cov_654.789	gb_U38243_+_149-1115_ARO:3003001_CfxA	89.200	963	100	4	105041	106001	1	961	0.0	1199	94535
NODE_48_length_110872_cov_654.789	gb_GQ342996_+_797-1793_ARO:3003097_CfxA6	99.097	997	8	1	105008	106004	1	996	0.0	1790	1683921
NODE_48_length_110872_cov_654.789	gb_AY769933_+_0-966_ARO:3003005_CfxA4	89.408	963	98	4	105041	106001	1	961	0.0	1210	1683921
NODE_48_length_110872_cov_654.789	gb_AF472622_+_52-1018_ARO:3003003_CfxA3	89.304	963	99	4	105041	106001	1	961	0.0	1205	1683921
NODE_48_length_110872_cov_654.789	gb_AF118110.1_-_71-1037_ARO:3003002_CfxA2	89.304	963	99	4	105041	106001	1	961	0.0	1205	1683921
NODE_48_length_110872_cov_654.789	gb_AY769934_+_27-993_ARO:3003096_CfxA5	89.200	963	100	4	105041	106001	1	961	0.0	1199	1683921
NODE_48_length_110872_cov_654.789	gb_U38243_+_149-1115_ARO:3003001_CfxA	89.200	963	100	4	105041	106001	1	961	0.0	1199	1683921
NODE_48_length_110872_cov_654.789	gb_GQ342996_+_797-1793_ARO:3003097_CfxA6	99.097	997	8	1	105008	106004	1	996	0.0	1790	574144
NODE_48_length_110872_cov_654.789	gb_AY769933_+_0-966_ARO:3003005_CfxA4	89.408	963	98	4	105041	106001	1	961	0.0	1210	574144
NODE_48_length_110872_cov_654.789	gb_AF472622_+_52-1018_ARO:3003003_CfxA3	89.304	963	99	4	105041	106001	1	961	0.0	1205	574144
NODE_48_length_110872_cov_654.789	gb_AF118110.1_-_71-1037_ARO:3003002_CfxA2	89.304	963	99	4	105041	106001	1	961	0.0	1205	574144
NODE_48_length_110872_cov_654.789	gb_AY769934_+_27-993_ARO:3003096_CfxA5	89.200	963	100	4	105041	106001	1	961	0.0	1199	574144
NODE_48_length_110872_cov_654.789	gb_U38243_+_149-1115_ARO:3003001_CfxA	89.200	963	100	4	105041	106001	1	961	0.0	1199	574144
NODE_48_length_110872_cov_654.789	gb_GQ342996_+_797-1793_ARO:3003097_CfxA6	99.097	997	8	1	105008	106004	1	996	0.0	1790	125641
NODE_48_length_110872_cov_654.789	gb_AY769933_+_0-966_ARO:3003005_CfxA4	89.408	963	98	4	105041	106001	1	961	0.0	1210	125641
NODE_48_length_110872_cov_654.789	gb_AF472622_+_52-1018_ARO:3003003_CfxA3	89.304	963	99	4	105041	106001	1	961	0.0	1205	125641
NODE_48_length_110872_cov_654.789	gb_AF118110.1_-_71-1037_ARO:3003002_CfxA2	89.304	963	99	4	105041	106001	1	961	0.0	1205	125641
NODE_48_length_110872_cov_654.789	gb_AY769934_+_27-993_ARO:3003096_CfxA5	89.200	963	100	4	105041	106001	1	961	0.0	1199	125641
NODE_48_length_110872_cov_654.789	gb_U38243_+_149-1115_ARO:3003001_CfxA	89.200	963	100	4	105041	106001	1	961	0.0	1199	125641
NODE_48_length_110872_cov_654.789	gb_GQ342996_+_797-1793_ARO:3003097_CfxA6	99.097	997	8	1	105008	106004	1	996	0.0	1790	359747
NODE_48_length_110872_cov_654.789	gb_AY769933_+_0-966_ARO:3003005_CfxA4	89.408	963	98	4	105041	106001	1	961	0.0	1210	359747
NODE_48_length_110872_cov_654.789	gb_AF472622_+_52-1018_ARO:3003003_CfxA3	89.304	963	99	4	105041	106001	1	961	0.0	1205	359747
NODE_48_length_110872_cov_654.789	gb_AF118110.1_-_71-1037_ARO:3003002_CfxA2	89.304	963	99	4	105041	106001	1	961	0.0	1205	359747
NODE_48_length_110872_cov_654.789	gb_AY769934_+_27-993_ARO:3003096_CfxA5	89.200	963	100	4	105041	106001	1	961	0.0	1199	359747
NODE_48_length_110872_cov_654.789	gb_U38243_+_149-1115_ARO:3003001_CfxA	89.200	963	100	4	105041	106001	1	961	0.0	1199	359747
NODE_48_length_110872_cov_654.789	gb_GQ342996_+_797-1793_ARO:3003097_CfxA6	99.097	997	8	1	105008	106004	1	996	0.0	1790	359747
NODE_48_length_110872_cov_654.789	gb_AY769933_+_0-966_ARO:3003005_CfxA4	89.408	963	98	4	105041	106001	1	961	0.0	1210	359747
NODE_48_length_110872_cov_654.789	gb_AF472622_+_52-1018_ARO:3003003_CfxA3	89.304	963	99	4	105041	106001	1	961	0.0	1205	359747
NODE_48_length_110872_cov_654.789	gb_AF118110.1_-_71-1037_ARO:3003002_CfxA2	89.304	963	99	4	105041	106001	1	961	0.0	1205	359747
NODE_48_length_110872_cov_654.789	gb_AY769934_+_27-993_ARO:3003096_CfxA5	89.200	963	100	4	105041	106001	1	961	0.0	1199	359747
NODE_48_length_110872_cov_654.789	gb_U38243_+_149-1115_ARO:3003001_CfxA	89.200	963	100	4	105041	106001	1	961	0.0	1199	359747
NODE_48_length_110872_cov_654.789	gb_GQ342996_+_797-1793_ARO:3003097_CfxA6	99.097	997	8	1	105008	106004	1	996	0.0	1790	439122
NODE_48_length_110872_cov_654.789	gb_AY769933_+_0-966_ARO:3003005_CfxA4	89.408	963	98	4	105041	106001	1	961	0.0	1210	439122
NODE_48_length_110872_cov_654.789	gb_AF472622_+_52-1018_ARO:3003003_CfxA3	89.304	963	99	4	105041	106001	1	961	0.0	1205	439122
NODE_48_length_110872_cov_654.789	gb_AF118110.1_-_71-1037_ARO:3003002_CfxA2	89.304	963	99	4	105041	106001	1	961	0.0	1205	439122
NODE_48_length_110872_cov_654.789	gb_AY769934_+_27-993_ARO:3003096_CfxA5	89.200	963	100	4	105041	106001	1	961	0.0	1199	439122
NODE_48_length_110872_cov_654.789	gb_U38243_+_149-1115_ARO:3003001_CfxA	89.200	963	100	4	105041	106001	1	961	0.0	1199	439122
NODE_206_length_52007_cov_15.4084	gb_M80346_+_0-1656_ARO:3002817_carA	96.970	33	1	0	45027	45059	603	571	1.04e-06	56.5	1390369
NODE_571_length_28135_cov_108.783	gb_AF242872_+_2131-2878_ARO:3000375_ErmB	99.465	747	3	1	25095	25840	1	747	0.0	1356	5155178
NODE_571_length_28135_cov_108.783	gb_AF242872_+_2131-2878_ARO:3000375_ErmB	99.465	747	3	1	25095	25840	1	747	0.0	1356	5155178
NODE_571_length_28135_cov_108.783	gb_AF242872_+_2131-2878_ARO:3000375_ErmB	99.465	747	3	1	25095	25840	1	747	0.0	1356	2739987
NODE_984_length_19290_cov_15.4785	gb_U00096_+_3660413-3663527_ARO:3000796_mdtF	90.909	44	4	0	14619	14662	2841	2798	2.98e-08	60.2	1476980
NODE_1849_length_12995_cov_7.2391	gb_AF235050.4_+_38028-40140_ARO:3003318_Streptomyces	75.272	368	69	16	7655	8011	75	431	2.49e-37	156	2398556
NODE_1849_length_12995_cov_7.2391	gb_AF235050.4_+_38028-40140_ARO:3003318_Streptomyces	75.272	368	69	16	7655	8011	75	431	2.49e-37	156	432829
NODE_1849_length_12995_cov_7.2391	gb_AF235050.4_+_38028-40140_ARO:3003318_Streptomyces	75.272	368	69	16	7655	8011	75	431	2.49e-37	156	2942193
NODE_1849_length_12995_cov_7.2391	gb_AF235050.4_+_38028-40140_ARO:3003318_Streptomyces	75.272	368	69	16	7655	8011	75	431	2.49e-37	156	1762127
NODE_1849_length_12995_cov_7.2391	gb_AF235050.4_+_38028-40140_ARO:3003318_Streptomyces	75.272	368	69	16	7655	8011	75	431	2.49e-37	156	2716989
NODE_1849_length_12995_cov_7.2391	gb_AF235050.4_+_38028-40140_ARO:3003318_Streptomyces	75.272	368	69	16	7655	8011	75	431	2.49e-37	156	1430647
NODE_2662_length_9843_cov_52.4566	gb_AF118110.1_-_71-1037_ARO:3003002_CfxA2	100.000	966	0	0	8651	9616	966	1	0.0	1784	2741584
NODE_2662_length_9843_cov_52.4566	gb_AF472622_+_52-1018_ARO:3003003_CfxA3	99.896	966	1	0	8651	9616	966	1	0.0	1779	2741584
NODE_2662_length_9843_cov_52.4566	gb_AY769934_+_27-993_ARO:3003096_CfxA5	99.896	966	1	0	8651	9616	966	1	0.0	1779	2741584
NODE_2662_length_9843_cov_52.4566	gb_U38243_+_149-1115_ARO:3003001_CfxA	99.896	966	1	0	8651	9616	966	1	0.0	1779	2741584
NODE_2662_length_9843_cov_52.4566	gb_AY769933_+_0-966_ARO:3003005_CfxA4	99.896	966	1	0	8651	9616	966	1	0.0	1779	2741584
NODE_2662_length_9843_cov_52.4566	gb_GQ342996_+_797-1793_ARO:3003097_CfxA6	89.234	966	101	3	8656	9620	993	30	0.0	1205	2741584
NODE_2662_length_9843_cov_52.4566	gb_AF118110.1_-_71-1037_ARO:3003002_CfxA2	100.000	966	0	0	8651	9616	966	1	0.0	1784	780390
NODE_2662_length_9843_cov_52.4566	gb_AF472622_+_52-1018_ARO:3003003_CfxA3	99.896	966	1	0	8651	9616	966	1	0.0	1779	780390
NODE_2662_length_9843_cov_52.4566	gb_AY769934_+_27-993_ARO:3003096_CfxA5	99.896	966	1	0	8651	9616	966	1	0.0	1779	780390
NODE_2662_length_9843_cov_52.4566	gb_U38243_+_149-1115_ARO:3003001_CfxA	99.896	966	1	0	8651	9616	966	1	0.0	1779	780390
NODE_2662_length_9843_cov_52.4566	gb_AY769933_+_0-966_ARO:3003005_CfxA4	99.896	966	1	0	8651	9616	966	1	0.0	1779	780390
NODE_2662_length_9843_cov_52.4566	gb_GQ342996_+_797-1793_ARO:3003097_CfxA6	89.234	966	101	3	8656	9620	993	30	0.0	1205	780390
NODE_2662_length_9843_cov_52.4566	gb_AF118110.1_-_71-1037_ARO:3003002_CfxA2	100.000	966	0	0	8651	9616	966	1	0.0	1784	780390
NODE_2662_length_9843_cov_52.4566	gb_AF472622_+_52-1018_ARO:3003003_CfxA3	99.896	966	1	0	8651	9616	966	1	0.0	1779	780390
NODE_2662_length_9843_cov_52.4566	gb_AY769934_+_27-993_ARO:3003096_CfxA5	99.896	966	1	0	8651	9616	966	1	0.0	1779	780390
NODE_2662_length_9843_cov_52.4566	gb_U38243_+_149-1115_ARO:3003001_CfxA	99.896	966	1	0	8651	9616	966	1	0.0	1779	780390
NODE_2662_length_9843_cov_52.4566	gb_AY769933_+_0-966_ARO:3003005_CfxA4	99.896	966	1	0	8651	9616	966	1	0.0	1779	780390
NODE_2662_length_9843_cov_52.4566	gb_GQ342996_+_797-1793_ARO:3003097_CfxA6	89.234	966	101	3	8656	9620	993	30	0.0	1205	780390
NODE_2662_length_9843_cov_52.4566	gb_AF118110.1_-_71-1037_ARO:3003002_CfxA2	100.000	966	0	0	8651	9616	966	1	0.0	1784	445718
NODE_2662_length_9843_cov_52.4566	gb_AF472622_+_52-1018_ARO:3003003_CfxA3	99.896	966	1	0	8651	9616	966	1	0.0	1779	445718
NODE_2662_length_9843_cov_52.4566	gb_AY769934_+_27-993_ARO:3003096_CfxA5	99.896	966	1	0	8651	9616	966	1	0.0	1779	445718
NODE_2662_length_9843_cov_52.4566	gb_U38243_+_149-1115_ARO:3003001_CfxA	99.896	966	1	0	8651	9616	966	1	0.0	1779	445718
NODE_2662_length_9843_cov_52.4566	gb_AY769933_+_0-966_ARO:3003005_CfxA4	99.896	966	1	0	8651	9616	966	1	0.0	1779	445718
NODE_2662_length_9843_cov_52.4566	gb_GQ342996_+_797-1793_ARO:3003097_CfxA6	89.234	966	101	3	8656	9620	993	30	0.0	1205	445718
NODE_2662_length_9843_cov_52.4566	gb_AF118110.1_-_71-1037_ARO:3003002_CfxA2	100.000	966	0	0	8651	9616	966	1	0.0	1784	445718
NODE_2662_length_9843_cov_52.4566	gb_AF472622_+_52-1018_ARO:3003003_CfxA3	99.896	966	1	0	8651	9616	966	1	0.0	1779	445718
NODE_2662_length_9843_cov_52.4566	gb_AY769934_+_27-993_ARO:3003096_CfxA5	99.896	966	1	0	8651	9616	966	1	0.0	1779	445718
NODE_2662_length_9843_cov_52.4566	gb_U38243_+_149-1115_ARO:3003001_CfxA	99.896	966	1	0	8651	9616	966	1	0.0	1779	445718
NODE_2662_length_9843_cov_52.4566	gb_AY769933_+_0-966_ARO:3003005_CfxA4	99.896	966	1	0	8651	9616	966	1	0.0	1779	445718
NODE_2662_length_9843_cov_52.4566	gb_GQ342996_+_797-1793_ARO:3003097_CfxA6	89.234	966	101	3	8656	9620	993	30	0.0	1205	445718
NODE_2662_length_9843_cov_52.4566	gb_AF118110.1_-_71-1037_ARO:3003002_CfxA2	100.000	966	0	0	8651	9616	966	1	0.0	1784	445718
NODE_2662_length_9843_cov_52.4566	gb_AF472622_+_52-1018_ARO:3003003_CfxA3	99.896	966	1	0	8651	9616	966	1	0.0	1779	445718
NODE_2662_length_9843_cov_52.4566	gb_AY769934_+_27-993_ARO:3003096_CfxA5	99.896	966	1	0	8651	9616	966	1	0.0	1779	445718
NODE_2662_length_9843_cov_52.4566	gb_U38243_+_149-1115_ARO:3003001_CfxA	99.896	966	1	0	8651	9616	966	1	0.0	1779	445718
NODE_2662_length_9843_cov_52.4566	gb_AY769933_+_0-966_ARO:3003005_CfxA4	99.896	966	1	0	8651	9616	966	1	0.0	1779	445718
NODE_2662_length_9843_cov_52.4566	gb_GQ342996_+_797-1793_ARO:3003097_CfxA6	89.234	966	101	3	8656	9620	993	30	0.0	1205	445718
NODE_3243_length_8459_cov_6.45478	gb_AF235050.4_+_38028-40140_ARO:3003318_Streptomyces	74.783	345	68	14	3761	4098	417	85	5.87e-32	137	5156151
NODE_3243_length_8459_cov_6.45478	gb_AF235050.4_+_38028-40140_ARO:3003318_Streptomyces	74.783	345	68	14	3761	4098	417	85	5.87e-32	137	432829
NODE_3243_length_8459_cov_6.45478	gb_AF235050.4_+_38028-40140_ARO:3003318_Streptomyces	74.783	345	68	14	3761	4098	417	85	5.87e-32	137	1080724
NODE_3243_length_8459_cov_6.45478	gb_AF235050.4_+_38028-40140_ARO:3003318_Streptomyces	74.783	345	68	14	3761	4098	417	85	5.87e-32	137	481796
NODE_4445_length_6580_cov_7.18789	gb_AF173226_+_3767-6917_ARO:3003052_smeB	86.486	74	10	0	3365	3438	1169	1242	2.17e-15	82.4	2874425
NODE_4445_length_6580_cov_7.18789	gb_AJ252200_+_1278-4401_ARO:3003056_smeE	84.722	72	11	0	3367	3438	1171	1242	1.30e-12	73.1	2874425
NODE_4456_length_6563_cov_7.04441	gb_AF173226_+_3767-6917_ARO:3003052_smeB	83.784	74	12	0	3361	3434	1169	1242	4.68e-12	71.3	2874425
NODE_4456_length_6563_cov_7.04441	gb_AJ252200_+_1278-4401_ARO:3003056_smeE	83.333	72	12	0	3363	3434	1171	1242	6.05e-11	67.6	2874425
NODE_11961_length_2775_cov_3.04816	gb_DQ212986_+_7787-9926_ARO:3002972_vanTG	79.523	2012	374	35	783	2775	2139	147	0.0	1399	6353431
NODE_12056_length_2758_cov_13.6452	gb_NC_000913.3_-_481253-484403_ARO:3000216_acrB	91.803	61	5	0	1740	1800	2969	2909	7.00e-17	86.1	2695516
NODE_13602_length_2446_cov_4.35843	gb_NC_002516_+_2810008-2813197_ARO:3000804_MexF	81.545	233	43	0	1251	1483	1268	1036	3.55e-49	193	1683560
NODE_13602_length_2446_cov_4.35843	gb_AFRQ01000061.1_-_23986-27124_ARO:3004144_AxyY	76.230	244	56	2	1242	1484	1265	1023	1.02e-29	128	1683560
NODE_13602_length_2446_cov_4.35843	gb_NC_010378.1_+_47850-51003_ARO:3003923_oqxB	76.098	205	43	3	1263	1464	1256	1055	6.16e-22	102	1683560
NODE_13605_length_2445_cov_3.20418	gb_X01702_+_484-1285_ARO:3002659_APH(6)-Ic	100.000	29	0	0	1587	1615	486	514	1.75e-07	54.7	5156513
NODE_13605_length_2445_cov_3.20418	gb_X01702_+_484-1285_ARO:3002659_APH(6)-Ic	100.000	29	0	0	1587	1615	486	514	1.75e-07	54.7	5156060
NODE_14111_length_2360_cov_280.565	gb_Z21523_+_0-1974_ARO:3000191_tetQ	96.810	1975	62	1	289	2263	1974	1	0.0	3297	3527079
NODE_14324_length_2327_cov_563.855	gb_Z21523_+_0-1974_ARO:3000191_tetQ	90.122	1974	194	1	128	2100	1974	1	0.0	2564	3527079
NODE_14879_length_2240_cov_1.63707	gb_AF170880_+_0-1848_ARO:3002522_novA	70.924	595	149	24	447	1029	1753	1171	5.59e-27	119	373819
NODE_14879_length_2240_cov_1.63707	gb_AF170880_+_0-1848_ARO:3002522_novA	70.924	595	149	24	447	1029	1753	1171	5.59e-27	119	1722948
NODE_14879_length_2240_cov_1.63707	gb_AF170880_+_0-1848_ARO:3002522_novA	70.924	595	149	24	447	1029	1753	1171	5.59e-27	119	1722948
NODE_14879_length_2240_cov_1.63707	gb_AF170880_+_0-1848_ARO:3002522_novA	70.924	595	149	24	447	1029	1753	1171	5.59e-27	119	77910
NODE_41114_length_857_cov_2.08728	gb_AF235050.4_+_38028-40140_ARO:3003318_Streptomyces	90.196	51	5	0	10	60	125	75	7.75e-12	67.6	127679
NODE_187933_length_254_cov_68.1859	gb_AF319779.2_+_32-833_ARO:3000604_Erm(35)	100.000	49	0	0	1	49	49	1	1.29e-19	91.6	562313
NODE_187933_length_254_cov_68.1859	gb_M17124_+_1181-1982_ARO:3000498_ErmF	100.000	49	0	0	1	49	49	1	1.29e-19	91.6	562313
