NODE_7_length_215905_cov_115.342	gb_AY768532_+_0-1935_ARO:3000535_macB	81.080	1945	351	15	8303	10240	1	1935	0.0	1537	67175
NODE_7_length_215905_cov_115.342	gb_AY768532_+_0-1935_ARO:3000535_macB	81.080	1945	351	15	8303	10240	1	1935	0.0	1537	67175
NODE_7_length_215905_cov_115.342	gb_AY768532_+_0-1935_ARO:3000535_macB	81.080	1945	351	15	8303	10240	1	1935	0.0	1537	67175
NODE_7_length_215905_cov_115.342	gb_AY768532_+_0-1935_ARO:3000535_macB	81.080	1945	351	15	8303	10240	1	1935	0.0	1537	67175
NODE_7_length_215905_cov_115.342	gb_AY768532_+_0-1935_ARO:3000535_macB	81.080	1945	351	15	8303	10240	1	1935	0.0	1537	162874
NODE_7_length_215905_cov_115.342	gb_AY768532_+_0-1935_ARO:3000535_macB	81.080	1945	351	15	8303	10240	1	1935	0.0	1537	6795225
NODE_7_length_215905_cov_115.342	gb_AY768532_+_0-1935_ARO:3000535_macB	81.080	1945	351	15	8303	10240	1	1935	0.0	1537	6795225
NODE_7_length_215905_cov_115.342	gb_AY768532_+_0-1935_ARO:3000535_macB	81.080	1945	351	15	8303	10240	1	1935	0.0	1537	632491
NODE_7_length_215905_cov_115.342	gb_AY768532_+_0-1935_ARO:3000535_macB	81.080	1945	351	15	8303	10240	1	1935	0.0	1537	268982
NODE_7_length_215905_cov_115.342	gb_AY768532_+_0-1935_ARO:3000535_macB	81.080	1945	351	15	8303	10240	1	1935	0.0	1537	237989
NODE_7_length_215905_cov_115.342	gb_AY768532_+_0-1935_ARO:3000535_macB	81.080	1945	351	15	8303	10240	1	1935	0.0	1537	1693333
NODE_7_length_215905_cov_115.342	gb_AY768532_+_0-1935_ARO:3000535_macB	81.080	1945	351	15	8303	10240	1	1935	0.0	1537	2556974
NODE_7_length_215905_cov_115.342	gb_AY768532_+_0-1935_ARO:3000535_macB	81.080	1945	351	15	8303	10240	1	1935	0.0	1537	3382198
NODE_7_length_215905_cov_115.342	gb_AY768532_+_0-1935_ARO:3000535_macB	81.080	1945	351	15	8303	10240	1	1935	0.0	1537	162874
NODE_7_length_215905_cov_115.342	gb_AY768532_+_0-1935_ARO:3000535_macB	81.080	1945	351	15	8303	10240	1	1935	0.0	1537	821693
NODE_7_length_215905_cov_115.342	gb_AY768532_+_0-1935_ARO:3000535_macB	81.080	1945	351	15	8303	10240	1	1935	0.0	1537	5962282
NODE_7_length_215905_cov_115.342	gb_AY768532_+_0-1935_ARO:3000535_macB	81.080	1945	351	15	8303	10240	1	1935	0.0	1537	5962282
NODE_7_length_215905_cov_115.342	gb_AY768532_+_0-1935_ARO:3000535_macB	81.080	1945	351	15	8303	10240	1	1935	0.0	1537	6164534
NODE_7_length_215905_cov_115.342	gb_AY768532_+_0-1935_ARO:3000535_macB	81.080	1945	351	15	8303	10240	1	1935	0.0	1537	3592726
NODE_7_length_215905_cov_115.342	gb_AY768532_+_0-1935_ARO:3000535_macB	81.080	1945	351	15	8303	10240	1	1935	0.0	1537	44943
NODE_7_length_215905_cov_115.342	gb_AY768532_+_0-1935_ARO:3000535_macB	81.080	1945	351	15	8303	10240	1	1935	0.0	1537	220181
NODE_7_length_215905_cov_115.342	gb_AY768532_+_0-1935_ARO:3000535_macB	81.080	1945	351	15	8303	10240	1	1935	0.0	1537	220181
NODE_7_length_215905_cov_115.342	gb_AY768532_+_0-1935_ARO:3000535_macB	81.080	1945	351	15	8303	10240	1	1935	0.0	1537	4604964
NODE_7_length_215905_cov_115.342	gb_AY768532_+_0-1935_ARO:3000535_macB	81.080	1945	351	15	8303	10240	1	1935	0.0	1537	976789
NODE_7_length_215905_cov_115.342	gb_AY768532_+_0-1935_ARO:3000535_macB	81.080	1945	351	15	8303	10240	1	1935	0.0	1537	976789
NODE_7_length_215905_cov_115.342	gb_AY768532_+_0-1935_ARO:3000535_macB	81.080	1945	351	15	8303	10240	1	1935	0.0	1537	4550447
NODE_7_length_215905_cov_115.342	gb_AY768532_+_0-1935_ARO:3000535_macB	81.080	1945	351	15	8303	10240	1	1935	0.0	1537	4398469
NODE_7_length_215905_cov_115.342	gb_AY768532_+_0-1935_ARO:3000535_macB	81.080	1945	351	15	8303	10240	1	1935	0.0	1537	4398469
NODE_7_length_215905_cov_115.342	gb_AY768532_+_0-1935_ARO:3000535_macB	81.080	1945	351	15	8303	10240	1	1935	0.0	1537	111815
NODE_7_length_215905_cov_115.342	gb_AY768532_+_0-1935_ARO:3000535_macB	81.080	1945	351	15	8303	10240	1	1935	0.0	1537	72663
NODE_7_length_215905_cov_115.342	gb_AY768532_+_0-1935_ARO:3000535_macB	81.080	1945	351	15	8303	10240	1	1935	0.0	1537	2245931
NODE_7_length_215905_cov_115.342	gb_AY768532_+_0-1935_ARO:3000535_macB	81.080	1945	351	15	8303	10240	1	1935	0.0	1537	2766812
NODE_7_length_215905_cov_115.342	gb_AY768532_+_0-1935_ARO:3000535_macB	81.080	1945	351	15	8303	10240	1	1935	0.0	1537	44943
NODE_7_length_215905_cov_115.342	gb_AY768532_+_0-1935_ARO:3000535_macB	81.080	1945	351	15	8303	10240	1	1935	0.0	1537	326550
NODE_26_length_120824_cov_11.9164	gb_NC_022598.1_+_14791-16258_ARO:3000251_msrA	94.444	36	2	0	111850	111885	367	402	2.41e-06	56.5	2053342
NODE_26_length_120824_cov_11.9164	gb_NC_022598.1_+_14791-16258_ARO:3000251_msrA	94.444	36	2	0	111850	111885	367	402	2.41e-06	56.5	460565
NODE_26_length_120824_cov_11.9164	gb_NC_022598.1_+_14791-16258_ARO:3000251_msrA	94.444	36	2	0	111850	111885	367	402	2.41e-06	56.5	5962792
NODE_26_length_120824_cov_11.9164	gb_NC_022598.1_+_14791-16258_ARO:3000251_msrA	94.444	36	2	0	111850	111885	367	402	2.41e-06	56.5	770156
NODE_26_length_120824_cov_11.9164	gb_NC_022598.1_+_14791-16258_ARO:3000251_msrA	94.444	36	2	0	111850	111885	367	402	2.41e-06	56.5	1050376
NODE_73_length_70346_cov_27.8327	gb_AF540889_+_0-327_ARO:3002871_tet37	100.000	222	0	0	56148	56369	222	1	2.60e-113	411	393719
NODE_73_length_70346_cov_27.8327	gb_AF540889_+_0-327_ARO:3002871_tet37	100.000	222	0	0	56148	56369	222	1	2.60e-113	411	393719
NODE_73_length_70346_cov_27.8327	gb_AF540889_+_0-327_ARO:3002871_tet37	100.000	222	0	0	56148	56369	222	1	2.60e-113	411	842835
NODE_73_length_70346_cov_27.8327	gb_AF540889_+_0-327_ARO:3002871_tet37	100.000	222	0	0	56148	56369	222	1	2.60e-113	411	119475
NODE_73_length_70346_cov_27.8327	gb_AF540889_+_0-327_ARO:3002871_tet37	100.000	222	0	0	56148	56369	222	1	2.60e-113	411	119475
NODE_73_length_70346_cov_27.8327	gb_AF540889_+_0-327_ARO:3002871_tet37	100.000	222	0	0	56148	56369	222	1	2.60e-113	411	119475
NODE_73_length_70346_cov_27.8327	gb_AF540889_+_0-327_ARO:3002871_tet37	100.000	222	0	0	56148	56369	222	1	2.60e-113	411	4472417
NODE_73_length_70346_cov_27.8327	gb_AF540889_+_0-327_ARO:3002871_tet37	100.000	222	0	0	56148	56369	222	1	2.60e-113	411	124328
NODE_73_length_70346_cov_27.8327	gb_AF540889_+_0-327_ARO:3002871_tet37	100.000	222	0	0	56148	56369	222	1	2.60e-113	411	1189816
NODE_73_length_70346_cov_27.8327	gb_AF540889_+_0-327_ARO:3002871_tet37	100.000	222	0	0	56148	56369	222	1	2.60e-113	411	50288
NODE_73_length_70346_cov_27.8327	gb_AF540889_+_0-327_ARO:3002871_tet37	100.000	222	0	0	56148	56369	222	1	2.60e-113	411	4879941
NODE_73_length_70346_cov_27.8327	gb_AF540889_+_0-327_ARO:3002871_tet37	100.000	222	0	0	56148	56369	222	1	2.60e-113	411	2936241
NODE_73_length_70346_cov_27.8327	gb_AF540889_+_0-327_ARO:3002871_tet37	100.000	222	0	0	56148	56369	222	1	2.60e-113	411	4924933
NODE_73_length_70346_cov_27.8327	gb_AF540889_+_0-327_ARO:3002871_tet37	100.000	222	0	0	56148	56369	222	1	2.60e-113	411	110081
NODE_73_length_70346_cov_27.8327	gb_AF540889_+_0-327_ARO:3002871_tet37	100.000	222	0	0	56148	56369	222	1	2.60e-113	411	4500738
NODE_169_length_46304_cov_93.5577	gb_NC_003112.2_-_1791966-1795170_ARO:3000811_mtrD	81.248	3189	572	21	24225	27400	1	3176	0.0	2553	79776
NODE_169_length_46304_cov_93.5577	gb_NC_003112.2_-_1791966-1795170_ARO:3000811_mtrD	81.248	3189	572	21	24225	27400	1	3176	0.0	2553	24022
NODE_169_length_46304_cov_93.5577	gb_NC_003112.2_-_1791966-1795170_ARO:3000811_mtrD	81.248	3189	572	21	24225	27400	1	3176	0.0	2553	67175
NODE_169_length_46304_cov_93.5577	gb_NC_003112.2_-_1791966-1795170_ARO:3000811_mtrD	81.248	3189	572	21	24225	27400	1	3176	0.0	2553	316716
NODE_169_length_46304_cov_93.5577	gb_NC_003112.2_-_1791966-1795170_ARO:3000811_mtrD	81.248	3189	572	21	24225	27400	1	3176	0.0	2553	499153
NODE_169_length_46304_cov_93.5577	gb_NC_003112.2_-_1791966-1795170_ARO:3000811_mtrD	81.248	3189	572	21	24225	27400	1	3176	0.0	2553	316716
NODE_169_length_46304_cov_93.5577	gb_NC_003112.2_-_1791966-1795170_ARO:3000811_mtrD	81.248	3189	572	21	24225	27400	1	3176	0.0	2553	499153
NODE_169_length_46304_cov_93.5577	gb_NC_003112.2_-_1791966-1795170_ARO:3000811_mtrD	81.248	3189	572	21	24225	27400	1	3176	0.0	2553	4436996
NODE_169_length_46304_cov_93.5577	gb_NC_003112.2_-_1791966-1795170_ARO:3000811_mtrD	81.248	3189	572	21	24225	27400	1	3176	0.0	2553	4436996
NODE_169_length_46304_cov_93.5577	gb_NC_003112.2_-_1791966-1795170_ARO:3000811_mtrD	81.248	3189	572	21	24225	27400	1	3176	0.0	2553	874295
NODE_169_length_46304_cov_93.5577	gb_NC_003112.2_-_1791966-1795170_ARO:3000811_mtrD	81.248	3189	572	21	24225	27400	1	3176	0.0	2553	5962970
NODE_227_length_39127_cov_33.1332	gb_JQ231224_+_90-3192_ARO:3000510_mupB	97.222	36	1	0	5554	5589	587	552	1.68e-08	62.1	1160664
NODE_227_length_39127_cov_33.1332	gb_JQ231224_+_90-3192_ARO:3000510_mupB	97.222	36	1	0	5554	5589	587	552	1.68e-08	62.1	5962460
NODE_324_length_32893_cov_91.9137	gb_AM180355_+_600033-601953_ARO:3000186_tetM	100.000	42	0	0	1	42	1879	1920	1.40e-13	78.7	162874
NODE_411_length_28495_cov_5.33217	gb_AF162694_+_5192-5888_ARO:3002922_vanRC	92.105	38	3	0	7983	8020	10	47	2.05e-06	54.7	6795392
NODE_411_length_28495_cov_5.33217	gb_AF162694_+_5192-5888_ARO:3002922_vanRC	92.105	38	3	0	7983	8020	10	47	2.05e-06	54.7	6795392
NODE_787_length_19808_cov_28.9512	gb_Z21523_+_0-1974_ARO:3000191_tetQ	90.071	1974	195	1	14231	16203	1974	1	0.0	2558	412792
NODE_1879_length_11185_cov_22.3624	gb_NC_014638.1_-_1610636-1613960_ARO:3003730_Bifidobacteria	76.735	533	107	13	9745	10273	178	697	3.39e-75	281	1986443
NODE_1879_length_11185_cov_22.3624	gb_NC_014638.1_-_1610636-1613960_ARO:3003730_Bifidobacteria	76.735	533	107	13	9745	10273	178	697	3.39e-75	281	2120361
NODE_1879_length_11185_cov_22.3624	gb_NC_014638.1_-_1610636-1613960_ARO:3003730_Bifidobacteria	76.735	533	107	13	9745	10273	178	697	3.39e-75	281	5962943
NODE_1879_length_11185_cov_22.3624	gb_NC_014638.1_-_1610636-1613960_ARO:3003730_Bifidobacteria	76.735	533	107	13	9745	10273	178	697	3.39e-75	281	143771
NODE_1879_length_11185_cov_22.3624	gb_NC_014638.1_-_1610636-1613960_ARO:3003730_Bifidobacteria	76.735	533	107	13	9745	10273	178	697	3.39e-75	281	5962943
NODE_1879_length_11185_cov_22.3624	gb_NC_014638.1_-_1610636-1613960_ARO:3003730_Bifidobacteria	76.735	533	107	13	9745	10273	178	697	3.39e-75	281	155030
NODE_1961_length_10834_cov_21.6391	gb_NC_014638.1_-_1610636-1613960_ARO:3003730_Bifidobacteria	80.645	186	36	0	984	1169	3067	3252	4.49e-34	145	63750
NODE_1961_length_10834_cov_21.6391	gb_NC_014638.1_-_1610636-1613960_ARO:3003730_Bifidobacteria	80.645	186	36	0	984	1169	3067	3252	4.49e-34	145	23507
NODE_1961_length_10834_cov_21.6391	gb_NC_014638.1_-_1610636-1613960_ARO:3003730_Bifidobacteria	80.645	186	36	0	984	1169	3067	3252	4.49e-34	145	23507
NODE_1961_length_10834_cov_21.6391	gb_NC_014638.1_-_1610636-1613960_ARO:3003730_Bifidobacteria	80.645	186	36	0	984	1169	3067	3252	4.49e-34	145	46164
NODE_1961_length_10834_cov_21.6391	gb_NC_014638.1_-_1610636-1613960_ARO:3003730_Bifidobacteria	80.645	186	36	0	984	1169	3067	3252	4.49e-34	145	4133954
NODE_1961_length_10834_cov_21.6391	gb_NC_014638.1_-_1610636-1613960_ARO:3003730_Bifidobacteria	80.645	186	36	0	984	1169	3067	3252	4.49e-34	145	4133954
NODE_1961_length_10834_cov_21.6391	gb_NC_014638.1_-_1610636-1613960_ARO:3003730_Bifidobacteria	80.645	186	36	0	984	1169	3067	3252	4.49e-34	145	5962593
NODE_3391_length_7507_cov_103.055	gb_HM990671_+_5192-6671_ARO:3003112_lsaC	92.089	1479	117	0	4105	5583	1479	1	0.0	2084	389948
NODE_3391_length_7507_cov_103.055	gb_HM990671_+_5192-6671_ARO:3003112_lsaC	92.089	1479	117	0	4105	5583	1479	1	0.0	2084	183645
NODE_3391_length_7507_cov_103.055	gb_HM990671_+_5192-6671_ARO:3003112_lsaC	92.089	1479	117	0	4105	5583	1479	1	0.0	2084	183645
NODE_3391_length_7507_cov_103.055	gb_HM990671_+_5192-6671_ARO:3003112_lsaC	92.089	1479	117	0	4105	5583	1479	1	0.0	2084	546554
NODE_3391_length_7507_cov_103.055	gb_HM990671_+_5192-6671_ARO:3003112_lsaC	92.089	1479	117	0	4105	5583	1479	1	0.0	2084	1736991
NODE_8490_length_3764_cov_54.3543	gb_HM990671_+_5192-6671_ARO:3003112_lsaC	93.581	1480	93	2	1050	2528	1	1479	0.0	2206	64208
NODE_15731_length_2263_cov_274.259	gb_AM180355_+_600033-601953_ARO:3000186_tetM	92.083	1920	152	0	331	2250	1	1920	0.0	2704	4929370
NODE_15731_length_2263_cov_274.259	gb_L09756_+_0-1926_ARO:3000192_tetS	78.620	1927	395	15	332	2249	2	1920	0.0	1260	4929370
NODE_25642_length_1449_cov_6.41607	gb_CP007593.1_+_2148923-2149772_ARO:3001301_RlmA(II)	84.479	844	129	2	24	866	1	843	0.0	832	2652788
NODE_28935_length_1291_cov_49.8956	gb_AP006618.1_+_4835199-4838688_ARO:3000501_Nocardia	86.691	278	35	2	1014	1290	3299	3023	6.37e-84	307	5962758
NODE_37468_length_1000_cov_15.7481	gb_HM990671_+_5192-6671_ARO:3003112_lsaC	91.720	314	26	0	3	316	314	1	6.00e-123	436	214747
NODE_74161_length_490_cov_12.0874	gb_L36601_+_1420-3130_ARO:3003036_oleB	90.000	50	3	2	69	117	643	691	5.64e-11	63.9	233741
NODE_85360_length_424_cov_19.7371	gb_HM990671_+_5192-6671_ARO:3003112_lsaC	94.372	231	13	0	194	424	2	232	7.13e-99	355	3438878
NODE_88502_length_409_cov_4.64972	gb_HM990671_+_5192-6671_ARO:3003112_lsaC	94.737	76	4	0	334	409	1479	1404	9.81e-28	119	3438878
