NODE_8_length_132175_cov_12.6948	gb_AY768532_+_0-1935_ARO:3000535_macB	81.926	1942	340	10	121941	123878	1935	1	0.0	1631	1057768
NODE_8_length_132175_cov_12.6948	gb_AY768532_+_0-1935_ARO:3000535_macB	81.926	1942	340	10	121941	123878	1935	1	0.0	1631	2792958
NODE_8_length_132175_cov_12.6948	gb_AY768532_+_0-1935_ARO:3000535_macB	81.926	1942	340	10	121941	123878	1935	1	0.0	1631	4167626
NODE_8_length_132175_cov_12.6948	gb_AY768532_+_0-1935_ARO:3000535_macB	81.926	1942	340	10	121941	123878	1935	1	0.0	1631	4167626
NODE_8_length_132175_cov_12.6948	gb_AY768532_+_0-1935_ARO:3000535_macB	81.926	1942	340	10	121941	123878	1935	1	0.0	1631	2120155
NODE_8_length_132175_cov_12.6948	gb_AY768532_+_0-1935_ARO:3000535_macB	81.926	1942	340	10	121941	123878	1935	1	0.0	1631	601971
NODE_8_length_132175_cov_12.6948	gb_AY768532_+_0-1935_ARO:3000535_macB	81.926	1942	340	10	121941	123878	1935	1	0.0	1631	2822783
NODE_8_length_132175_cov_12.6948	gb_AY768532_+_0-1935_ARO:3000535_macB	81.926	1942	340	10	121941	123878	1935	1	0.0	1631	332495
NODE_8_length_132175_cov_12.6948	gb_AY768532_+_0-1935_ARO:3000535_macB	81.926	1942	340	10	121941	123878	1935	1	0.0	1631	3442125
NODE_8_length_132175_cov_12.6948	gb_AY768532_+_0-1935_ARO:3000535_macB	81.926	1942	340	10	121941	123878	1935	1	0.0	1631	3442125
NODE_8_length_132175_cov_12.6948	gb_AY768532_+_0-1935_ARO:3000535_macB	81.926	1942	340	10	121941	123878	1935	1	0.0	1631	1648223
NODE_8_length_132175_cov_12.6948	gb_AY768532_+_0-1935_ARO:3000535_macB	81.926	1942	340	10	121941	123878	1935	1	0.0	1631	1648223
NODE_8_length_132175_cov_12.6948	gb_AY768532_+_0-1935_ARO:3000535_macB	81.926	1942	340	10	121941	123878	1935	1	0.0	1631	488661
NODE_8_length_132175_cov_12.6948	gb_AY768532_+_0-1935_ARO:3000535_macB	81.926	1942	340	10	121941	123878	1935	1	0.0	1631	2638180
NODE_8_length_132175_cov_12.6948	gb_AY768532_+_0-1935_ARO:3000535_macB	81.926	1942	340	10	121941	123878	1935	1	0.0	1631	2638180
NODE_8_length_132175_cov_12.6948	gb_AY768532_+_0-1935_ARO:3000535_macB	81.926	1942	340	10	121941	123878	1935	1	0.0	1631	993088
NODE_8_length_132175_cov_12.6948	gb_AY768532_+_0-1935_ARO:3000535_macB	81.926	1942	340	10	121941	123878	1935	1	0.0	1631	162734
NODE_9_length_130670_cov_11.5173	gb_NC_003112.2_-_1791966-1795170_ARO:3000811_mtrD	85.366	369	50	3	130304	130670	3176	2810	1.36e-103	379	117614
NODE_9_length_130670_cov_11.5173	gb_NC_003112.2_-_1791966-1795170_ARO:3000811_mtrD	85.366	369	50	3	130304	130670	3176	2810	1.36e-103	379	1495064
NODE_9_length_130670_cov_11.5173	gb_NC_003112.2_-_1791966-1795170_ARO:3000811_mtrD	85.366	369	50	3	130304	130670	3176	2810	1.36e-103	379	4078399
NODE_9_length_130670_cov_11.5173	gb_NC_003112.2_-_1791966-1795170_ARO:3000811_mtrD	85.366	369	50	3	130304	130670	3176	2810	1.36e-103	379	4078399
NODE_9_length_130670_cov_11.5173	gb_NC_003112.2_-_1791966-1795170_ARO:3000811_mtrD	85.366	369	50	3	130304	130670	3176	2810	1.36e-103	379	2261036
NODE_9_length_130670_cov_11.5173	gb_NC_003112.2_-_1791966-1795170_ARO:3000811_mtrD	85.366	369	50	3	130304	130670	3176	2810	1.36e-103	379	273856
NODE_9_length_130670_cov_11.5173	gb_NC_003112.2_-_1791966-1795170_ARO:3000811_mtrD	85.366	369	50	3	130304	130670	3176	2810	1.36e-103	379	2089494
NODE_9_length_130670_cov_11.5173	gb_NC_003112.2_-_1791966-1795170_ARO:3000811_mtrD	85.366	369	50	3	130304	130670	3176	2810	1.36e-103	379	4077434
NODE_9_length_130670_cov_11.5173	gb_NC_003112.2_-_1791966-1795170_ARO:3000811_mtrD	85.366	369	50	3	130304	130670	3176	2810	1.36e-103	379	5211292
NODE_9_length_130670_cov_11.5173	gb_NC_003112.2_-_1791966-1795170_ARO:3000811_mtrD	85.366	369	50	3	130304	130670	3176	2810	1.36e-103	379	4054963
NODE_9_length_130670_cov_11.5173	gb_NC_003112.2_-_1791966-1795170_ARO:3000811_mtrD	85.366	369	50	3	130304	130670	3176	2810	1.36e-103	379	4934991
NODE_9_length_130670_cov_11.5173	gb_NC_003112.2_-_1791966-1795170_ARO:3000811_mtrD	85.366	369	50	3	130304	130670	3176	2810	1.36e-103	379	4934991
NODE_9_length_130670_cov_11.5173	gb_NC_003112.2_-_1791966-1795170_ARO:3000811_mtrD	85.366	369	50	3	130304	130670	3176	2810	1.36e-103	379	4934991
NODE_9_length_130670_cov_11.5173	gb_NC_003112.2_-_1791966-1795170_ARO:3000811_mtrD	85.366	369	50	3	130304	130670	3176	2810	1.36e-103	379	452749
NODE_9_length_130670_cov_11.5173	gb_NC_003112.2_-_1791966-1795170_ARO:3000811_mtrD	85.366	369	50	3	130304	130670	3176	2810	1.36e-103	379	452749
NODE_14_length_102731_cov_15.4223	gb_X63451_+_0-1653_ARO:3002828_srmB	97.059	34	1	0	97133	97166	1466	1499	5.70e-07	58.4	524899
NODE_14_length_102731_cov_15.4223	gb_X63451_+_0-1653_ARO:3002828_srmB	97.059	34	1	0	97133	97166	1466	1499	5.70e-07	58.4	5191711
NODE_14_length_102731_cov_15.4223	gb_X63451_+_0-1653_ARO:3002828_srmB	97.059	34	1	0	97133	97166	1466	1499	5.70e-07	58.4	53929
NODE_14_length_102731_cov_15.4223	gb_X63451_+_0-1653_ARO:3002828_srmB	97.059	34	1	0	97133	97166	1466	1499	5.70e-07	58.4	955198
NODE_14_length_102731_cov_15.4223	gb_X63451_+_0-1653_ARO:3002828_srmB	97.059	34	1	0	97133	97166	1466	1499	5.70e-07	58.4	955198
NODE_14_length_102731_cov_15.4223	gb_X63451_+_0-1653_ARO:3002828_srmB	97.059	34	1	0	97133	97166	1466	1499	5.70e-07	58.4	229569
NODE_14_length_102731_cov_15.4223	gb_X63451_+_0-1653_ARO:3002828_srmB	97.059	34	1	0	97133	97166	1466	1499	5.70e-07	58.4	714360
NODE_14_length_102731_cov_15.4223	gb_X63451_+_0-1653_ARO:3002828_srmB	97.059	34	1	0	97133	97166	1466	1499	5.70e-07	58.4	739160
NODE_14_length_102731_cov_15.4223	gb_X63451_+_0-1653_ARO:3002828_srmB	97.059	34	1	0	97133	97166	1466	1499	5.70e-07	58.4	30062
NODE_14_length_102731_cov_15.4223	gb_X63451_+_0-1653_ARO:3002828_srmB	97.059	34	1	0	97133	97166	1466	1499	5.70e-07	58.4	30062
NODE_14_length_102731_cov_15.4223	gb_X63451_+_0-1653_ARO:3002828_srmB	97.059	34	1	0	97133	97166	1466	1499	5.70e-07	58.4	131668
NODE_14_length_102731_cov_15.4223	gb_X63451_+_0-1653_ARO:3002828_srmB	97.059	34	1	0	97133	97166	1466	1499	5.70e-07	58.4	869632
NODE_320_length_26400_cov_10.6429	gb_NC_003112.2_-_1791966-1795170_ARO:3000811_mtrD	80.745	2872	537	14	1	2864	2864	1	0.0	2226	67175
NODE_500_length_20457_cov_60.7473	gb_AF540889_+_0-327_ARO:3002871_tet37	100.000	222	0	0	12908	13129	222	1	7.58e-114	411	681215
NODE_500_length_20457_cov_60.7473	gb_AF540889_+_0-327_ARO:3002871_tet37	100.000	222	0	0	12908	13129	222	1	7.58e-114	411	4879941
NODE_500_length_20457_cov_60.7473	gb_AF540889_+_0-327_ARO:3002871_tet37	100.000	222	0	0	12908	13129	222	1	7.58e-114	411	111004
NODE_500_length_20457_cov_60.7473	gb_AF540889_+_0-327_ARO:3002871_tet37	100.000	222	0	0	12908	13129	222	1	7.58e-114	411	2770232
NODE_798_length_15528_cov_35.1889	gb_AF235050.4_+_38028-40140_ARO:3003318_Streptomyces	77.749	382	77	7	14265	14642	76	453	6.22e-59	228	403066
NODE_798_length_15528_cov_35.1889	gb_AF235050.4_+_38028-40140_ARO:3003318_Streptomyces	77.749	382	77	7	14265	14642	76	453	6.22e-59	228	2784182
NODE_798_length_15528_cov_35.1889	gb_AF235050.4_+_38028-40140_ARO:3003318_Streptomyces	77.749	382	77	7	14265	14642	76	453	6.22e-59	228	269429
NODE_798_length_15528_cov_35.1889	gb_AF235050.4_+_38028-40140_ARO:3003318_Streptomyces	77.749	382	77	7	14265	14642	76	453	6.22e-59	228	682020
NODE_798_length_15528_cov_35.1889	gb_AF235050.4_+_38028-40140_ARO:3003318_Streptomyces	77.749	382	77	7	14265	14642	76	453	6.22e-59	228	156201
NODE_798_length_15528_cov_35.1889	gb_AF235050.4_+_38028-40140_ARO:3003318_Streptomyces	77.749	382	77	7	14265	14642	76	453	6.22e-59	228	929873
NODE_798_length_15528_cov_35.1889	gb_AF235050.4_+_38028-40140_ARO:3003318_Streptomyces	77.749	382	77	7	14265	14642	76	453	6.22e-59	228	1742740
NODE_1376_length_10841_cov_18.7989	gb_NC_014638.1_-_1610636-1613960_ARO:3003730_Bifidobacteria	79.032	186	39	0	1077	1262	3067	3252	4.52e-29	128	140770
NODE_1376_length_10841_cov_18.7989	gb_NC_014638.1_-_1610636-1613960_ARO:3003730_Bifidobacteria	79.032	186	39	0	1077	1262	3067	3252	4.52e-29	128	716612
NODE_1376_length_10841_cov_18.7989	gb_NC_014638.1_-_1610636-1613960_ARO:3003730_Bifidobacteria	79.032	186	39	0	1077	1262	3067	3252	4.52e-29	128	5211140
NODE_1376_length_10841_cov_18.7989	gb_NC_014638.1_-_1610636-1613960_ARO:3003730_Bifidobacteria	79.032	186	39	0	1077	1262	3067	3252	4.52e-29	128	4133954
NODE_1430_length_10604_cov_45.6079	gb_AM180355_+_600033-601953_ARO:3000186_tetM	89.516	992	104	0	9613	10604	1	992	0.0	1256	1667528
NODE_1430_length_10604_cov_45.6079	gb_L09756_+_0-1926_ARO:3000192_tetS	77.255	998	213	12	9614	10604	2	992	4.73e-163	573	1667528
NODE_1605_length_9792_cov_41.7399	gb_AF235050.4_+_38028-40140_ARO:3003318_Streptomyces	77.749	382	77	7	8529	8906	76	453	3.92e-59	228	929873
NODE_1605_length_9792_cov_41.7399	gb_AF235050.4_+_38028-40140_ARO:3003318_Streptomyces	77.749	382	77	7	8529	8906	76	453	3.92e-59	228	1613671
NODE_1605_length_9792_cov_41.7399	gb_AF235050.4_+_38028-40140_ARO:3003318_Streptomyces	77.749	382	77	7	8529	8906	76	453	3.92e-59	228	1613671
NODE_1828_length_8881_cov_37.8363	gb_AF472622_+_52-1018_ARO:3003003_CfxA3	100.000	52	0	0	8830	8881	966	915	1.05e-19	97.1	1306691
NODE_1828_length_8881_cov_37.8363	gb_AY769934_+_27-993_ARO:3003096_CfxA5	100.000	52	0	0	8830	8881	966	915	1.05e-19	97.1	1306691
NODE_1828_length_8881_cov_37.8363	gb_U38243_+_149-1115_ARO:3003001_CfxA	100.000	52	0	0	8830	8881	966	915	1.05e-19	97.1	1306691
NODE_1828_length_8881_cov_37.8363	gb_AY769933_+_0-966_ARO:3003005_CfxA4	100.000	52	0	0	8830	8881	966	915	1.05e-19	97.1	1306691
NODE_1828_length_8881_cov_37.8363	gb_AF118110.1_-_71-1037_ARO:3003002_CfxA2	100.000	52	0	0	8830	8881	966	915	1.05e-19	97.1	1306691
NODE_2239_length_7585_cov_15.9903	gb_KX000272.1_+_0-1740_ARO:3004035_tetA(60)	89.202	1741	186	2	4639	6378	1740	1	0.0	2172	1211685
NODE_2239_length_7585_cov_15.9903	gb_KX000273.1_+_0-1740_ARO:3004036_tetB(60)	85.362	1742	251	3	2903	4642	1740	1	0.0	1801	1211685
NODE_3857_length_5076_cov_14.338	gb_L36601_+_1420-3130_ARO:3003036_oleB	90.000	50	3	2	1158	1206	691	643	6.05e-10	63.9	1204887
NODE_3857_length_5076_cov_14.338	gb_L36601_+_1420-3130_ARO:3003036_oleB	90.000	50	3	2	1158	1206	691	643	6.05e-10	63.9	130575
NODE_3857_length_5076_cov_14.338	gb_L36601_+_1420-3130_ARO:3003036_oleB	90.000	50	3	2	1158	1206	691	643	6.05e-10	63.9	258109
NODE_4427_length_4596_cov_60.6897	gb_HQ652506.1_+_373-2098_ARO:3004032_tetA(46)	95.188	1725	83	0	1131	2855	1	1725	0.0	2726	915993
NODE_4427_length_4596_cov_60.6897	gb_HQ652506.1_+_2099-3836_ARO:3004033_tetB(46)	92.567	1722	126	2	2857	4577	1	1721	0.0	2470	915993
NODE_4427_length_4596_cov_60.6897	gb_HQ652506.1_+_373-2098_ARO:3004032_tetA(46)	95.188	1725	83	0	1131	2855	1	1725	0.0	2726	915993
NODE_4427_length_4596_cov_60.6897	gb_HQ652506.1_+_2099-3836_ARO:3004033_tetB(46)	92.567	1722	126	2	2857	4577	1	1721	0.0	2470	915993
NODE_4427_length_4596_cov_60.6897	gb_HQ652506.1_+_373-2098_ARO:3004032_tetA(46)	95.188	1725	83	0	1131	2855	1	1725	0.0	2726	290693
NODE_4427_length_4596_cov_60.6897	gb_HQ652506.1_+_2099-3836_ARO:3004033_tetB(46)	92.567	1722	126	2	2857	4577	1	1721	0.0	2470	290693
NODE_4527_length_4525_cov_45.3275	gb_AM180355_+_600033-601953_ARO:3000186_tetM	96.703	546	18	0	1	546	1375	1920	0.0	909	2603153
NODE_4527_length_4525_cov_45.3275	gb_L09756_+_0-1926_ARO:3000192_tetS	82.084	547	95	3	1	545	1375	1920	1.27e-130	464	2603153
NODE_11043_length_2327_cov_2.22535	gb_NC_003112.2_-_1791966-1795170_ARO:3000811_mtrD	86.179	369	47	3	1	367	2810	3176	2.40e-110	396	189810
NODE_14747_length_1862_cov_9.47593	gb_CP007593.1_+_2148923-2149772_ARO:3001301_RlmA(II)	85.562	845	110	9	120	958	839	1	0.0	874	155868
NODE_15949_length_1747_cov_2.87116	gb_AY768532_+_0-1935_ARO:3000535_macB	84.499	1258	184	10	490	1743	1923	673	0.0	1232	1335
NODE_15949_length_1747_cov_2.87116	gb_AY768532_+_0-1935_ARO:3000535_macB	84.499	1258	184	10	490	1743	1923	673	0.0	1232	162734
NODE_20523_length_1426_cov_8.11889	gb_HM990671_+_5192-6671_ARO:3003112_lsaC	96.744	215	7	0	1	215	1265	1479	1.92e-99	359	627966
NODE_32057_length_988_cov_9.09861	gb_HM990671_+_5192-6671_ARO:3003112_lsaC	96.744	215	7	0	1	215	1265	1479	1.32e-99	359	3657756
NODE_47582_length_714_cov_8.7739	gb_HM990671_+_5192-6671_ARO:3003112_lsaC	94.413	716	36	4	1	714	1237	524	0.0	1098	6434490
NODE_92377_length_415_cov_5.86111	gb_HM990671_+_5192-6671_ARO:3003112_lsaC	92.048	415	31	2	2	415	824	1237	2.94e-167	582	6434490
