NODE_71_length_22138_cov_8.27184	gb_NC_003112.2_-_1791966-1795170_ARO:3000811_mtrD	81.003	3190	578	22	17230	20405	1	3176	0.0	2508	3417266
NODE_71_length_22138_cov_8.27184	gb_CP001050.1_+_1332866-1333499_ARO:3000817_mtrR	79.355	620	117	9	15089	15702	615	1	2.93e-118	425	3417266
NODE_71_length_22138_cov_8.27184	gb_NC_003112.2_-_1791966-1795170_ARO:3000811_mtrD	81.003	3190	578	22	17230	20405	1	3176	0.0	2508	68494
NODE_71_length_22138_cov_8.27184	gb_CP001050.1_+_1332866-1333499_ARO:3000817_mtrR	79.355	620	117	9	15089	15702	615	1	2.93e-118	425	68494
NODE_71_length_22138_cov_8.27184	gb_NC_003112.2_-_1791966-1795170_ARO:3000811_mtrD	81.003	3190	578	22	17230	20405	1	3176	0.0	2508	3417266
NODE_71_length_22138_cov_8.27184	gb_CP001050.1_+_1332866-1333499_ARO:3000817_mtrR	79.355	620	117	9	15089	15702	615	1	2.93e-118	425	3417266
NODE_71_length_22138_cov_8.27184	gb_NC_003112.2_-_1791966-1795170_ARO:3000811_mtrD	81.003	3190	578	22	17230	20405	1	3176	0.0	2508	1273972
NODE_71_length_22138_cov_8.27184	gb_CP001050.1_+_1332866-1333499_ARO:3000817_mtrR	79.355	620	117	9	15089	15702	615	1	2.93e-118	425	1273972
NODE_71_length_22138_cov_8.27184	gb_NC_003112.2_-_1791966-1795170_ARO:3000811_mtrD	81.003	3190	578	22	17230	20405	1	3176	0.0	2508	4028135
NODE_71_length_22138_cov_8.27184	gb_CP001050.1_+_1332866-1333499_ARO:3000817_mtrR	79.355	620	117	9	15089	15702	615	1	2.93e-118	425	4028135
NODE_135_length_14504_cov_14.6624	gb_AY768532_+_0-1935_ARO:3000535_macB	86.250	1920	253	10	157	2072	1913	1	0.0	2073	60602
NODE_135_length_14504_cov_14.6624	gb_AY768531_+_0-1179_ARO:3000533_macA	84.392	1102	159	11	2173	3269	1170	77	0.0	1070	60602
NODE_135_length_14504_cov_14.6624	gb_AY768532_+_0-1935_ARO:3000535_macB	86.250	1920	253	10	157	2072	1913	1	0.0	2073	55622
NODE_135_length_14504_cov_14.6624	gb_AY768531_+_0-1179_ARO:3000533_macA	84.392	1102	159	11	2173	3269	1170	77	0.0	1070	55622
NODE_135_length_14504_cov_14.6624	gb_AY768532_+_0-1935_ARO:3000535_macB	86.250	1920	253	10	157	2072	1913	1	0.0	2073	65681
NODE_135_length_14504_cov_14.6624	gb_AY768531_+_0-1179_ARO:3000533_macA	84.392	1102	159	11	2173	3269	1170	77	0.0	1070	65681
NODE_700_length_5885_cov_33.9545	gb_CP007593.1_+_2148923-2149772_ARO:3001301_RlmA(II)	91.723	447	35	2	5440	5885	841	396	3.32e-177	619	221339
NODE_700_length_5885_cov_33.9545	gb_CP007593.1_+_2148923-2149772_ARO:3001301_RlmA(II)	91.723	447	35	2	5440	5885	841	396	3.32e-177	619	3260
NODE_1091_length_4700_cov_8.03057	gb_AF235050.4_+_38028-40140_ARO:3003318_Streptomyces	86.154	65	9	0	4110	4174	1961	1897	3.35e-12	71.3	285573
NODE_2174_length_3268_cov_7.94709	gb_NC_014638.1_-_1610636-1613960_ARO:3003730_Bifidobacteria	74.478	862	188	23	1765	2601	2156	1302	1.24e-94	344	236608
NODE_2174_length_3268_cov_7.94709	gb_NC_014638.1_-_1610636-1613960_ARO:3003730_Bifidobacteria	74.478	862	188	23	1765	2601	2156	1302	1.24e-94	344	236608
NODE_2174_length_3268_cov_7.94709	gb_NC_014638.1_-_1610636-1613960_ARO:3003730_Bifidobacteria	74.478	862	188	23	1765	2601	2156	1302	1.24e-94	344	2009054
NODE_2174_length_3268_cov_7.94709	gb_NC_014638.1_-_1610636-1613960_ARO:3003730_Bifidobacteria	74.478	862	188	23	1765	2601	2156	1302	1.24e-94	344	239298
NODE_2174_length_3268_cov_7.94709	gb_NC_014638.1_-_1610636-1613960_ARO:3003730_Bifidobacteria	74.478	862	188	23	1765	2601	2156	1302	1.24e-94	344	2009054
NODE_2174_length_3268_cov_7.94709	gb_NC_014638.1_-_1610636-1613960_ARO:3003730_Bifidobacteria	74.478	862	188	23	1765	2601	2156	1302	1.24e-94	344	239298
NODE_3268_length_2608_cov_7.14532	gb_AF235050.4_+_38028-40140_ARO:3003318_Streptomyces	75.257	1265	250	57	40	1277	763	1991	9.08e-155	544	149176
NODE_3273_length_2605_cov_5.29373	gb_NC_003098.1_-_1359228-1360395_ARO:3000025_patB	83.261	1159	190	3	756	1912	1157	1	0.0	1062	454580
NODE_3273_length_2605_cov_5.29373	gb_NC_003098.1_-_1359228-1360395_ARO:3000025_patB	83.261	1159	190	3	756	1912	1157	1	0.0	1062	192542
NODE_9156_length_1355_cov_18.6415	gb_AP006618.1_+_4835199-4838688_ARO:3000501_Nocardia	74.055	1376	297	48	1	1352	253	1592	1.71e-144	508	1512870
NODE_9156_length_1355_cov_18.6415	gb_AP006618.1_+_4835199-4838688_ARO:3000501_Nocardia	74.055	1376	297	48	1	1352	253	1592	1.71e-144	508	3852522
NODE_11171_length_1173_cov_12.9642	gb_NC_003098.1_+_866210-867410_ARO:3000822_pmrA	93.396	424	28	0	1	424	424	1	1.09e-180	628	353942
NODE_12345_length_1093_cov_11.237	gb_CP007593.1_+_2148923-2149772_ARO:3001301_RlmA(II)	87.423	326	41	0	1	326	518	843	1.45e-104	375	51985
NODE_107321_length_242_cov_11.2513	gb_NC_003098.1_-_1359228-1360395_ARO:3000025_patB	100.000	29	0	0	214	242	1	29	1.61e-08	54.7	454580
