NODE_8_length_231683_cov_42.8609	gb_AF540889_+_0-327_ARO:3002871_tet37	99.550	222	1	0	55216	55437	222	1	3.98e-111	405	6789434
NODE_8_length_231683_cov_42.8609	gb_AF540889_+_0-327_ARO:3002871_tet37	99.550	222	1	0	55216	55437	222	1	3.98e-111	405	188146
NODE_8_length_231683_cov_42.8609	gb_AF540889_+_0-327_ARO:3002871_tet37	99.550	222	1	0	55216	55437	222	1	3.98e-111	405	65630
NODE_8_length_231683_cov_42.8609	gb_AF540889_+_0-327_ARO:3002871_tet37	99.550	222	1	0	55216	55437	222	1	3.98e-111	405	916860
NODE_8_length_231683_cov_42.8609	gb_AF540889_+_0-327_ARO:3002871_tet37	99.550	222	1	0	55216	55437	222	1	3.98e-111	405	2554400
NODE_8_length_231683_cov_42.8609	gb_AF540889_+_0-327_ARO:3002871_tet37	99.550	222	1	0	55216	55437	222	1	3.98e-111	405	119475
NODE_8_length_231683_cov_42.8609	gb_AF540889_+_0-327_ARO:3002871_tet37	99.550	222	1	0	55216	55437	222	1	3.98e-111	405	65630
NODE_8_length_231683_cov_42.8609	gb_AF540889_+_0-327_ARO:3002871_tet37	99.550	222	1	0	55216	55437	222	1	3.98e-111	405	65630
NODE_8_length_231683_cov_42.8609	gb_AF540889_+_0-327_ARO:3002871_tet37	99.550	222	1	0	55216	55437	222	1	3.98e-111	405	65630
NODE_8_length_231683_cov_42.8609	gb_AF540889_+_0-327_ARO:3002871_tet37	99.550	222	1	0	55216	55437	222	1	3.98e-111	405	124328
NODE_8_length_231683_cov_42.8609	gb_AF540889_+_0-327_ARO:3002871_tet37	99.550	222	1	0	55216	55437	222	1	3.98e-111	405	110081
NODE_8_length_231683_cov_42.8609	gb_AF540889_+_0-327_ARO:3002871_tet37	99.550	222	1	0	55216	55437	222	1	3.98e-111	405	331844
NODE_8_length_231683_cov_42.8609	gb_AF540889_+_0-327_ARO:3002871_tet37	99.550	222	1	0	55216	55437	222	1	3.98e-111	405	143527
NODE_8_length_231683_cov_42.8609	gb_AF540889_+_0-327_ARO:3002871_tet37	99.550	222	1	0	55216	55437	222	1	3.98e-111	405	2340893
NODE_8_length_231683_cov_42.8609	gb_AF540889_+_0-327_ARO:3002871_tet37	99.550	222	1	0	55216	55437	222	1	3.98e-111	405	26832
NODE_8_length_231683_cov_42.8609	gb_AF540889_+_0-327_ARO:3002871_tet37	99.550	222	1	0	55216	55437	222	1	3.98e-111	405	3106824
NODE_8_length_231683_cov_42.8609	gb_AF540889_+_0-327_ARO:3002871_tet37	99.550	222	1	0	55216	55437	222	1	3.98e-111	405	35495
NODE_8_length_231683_cov_42.8609	gb_AF540889_+_0-327_ARO:3002871_tet37	99.550	222	1	0	55216	55437	222	1	3.98e-111	405	35495
NODE_8_length_231683_cov_42.8609	gb_AF540889_+_0-327_ARO:3002871_tet37	99.550	222	1	0	55216	55437	222	1	3.98e-111	405	898027
NODE_8_length_231683_cov_42.8609	gb_AF540889_+_0-327_ARO:3002871_tet37	99.550	222	1	0	55216	55437	222	1	3.98e-111	405	405626
NODE_8_length_231683_cov_42.8609	gb_AF540889_+_0-327_ARO:3002871_tet37	99.550	222	1	0	55216	55437	222	1	3.98e-111	405	508255
NODE_8_length_231683_cov_42.8609	gb_AF540889_+_0-327_ARO:3002871_tet37	99.550	222	1	0	55216	55437	222	1	3.98e-111	405	84995
NODE_8_length_231683_cov_42.8609	gb_AF540889_+_0-327_ARO:3002871_tet37	99.550	222	1	0	55216	55437	222	1	3.98e-111	405	256301
NODE_8_length_231683_cov_42.8609	gb_AF540889_+_0-327_ARO:3002871_tet37	99.550	222	1	0	55216	55437	222	1	3.98e-111	405	84995
NODE_8_length_231683_cov_42.8609	gb_AF540889_+_0-327_ARO:3002871_tet37	99.550	222	1	0	55216	55437	222	1	3.98e-111	405	1957668
NODE_8_length_231683_cov_42.8609	gb_AF540889_+_0-327_ARO:3002871_tet37	99.550	222	1	0	55216	55437	222	1	3.98e-111	405	4858712
NODE_8_length_231683_cov_42.8609	gb_AF540889_+_0-327_ARO:3002871_tet37	99.550	222	1	0	55216	55437	222	1	3.98e-111	405	142394
NODE_8_length_231683_cov_42.8609	gb_AF540889_+_0-327_ARO:3002871_tet37	99.550	222	1	0	55216	55437	222	1	3.98e-111	405	71179
NODE_8_length_231683_cov_42.8609	gb_AF540889_+_0-327_ARO:3002871_tet37	99.550	222	1	0	55216	55437	222	1	3.98e-111	405	71179
NODE_8_length_231683_cov_42.8609	gb_AF540889_+_0-327_ARO:3002871_tet37	99.550	222	1	0	55216	55437	222	1	3.98e-111	405	71179
NODE_33_length_130177_cov_49.1801	gb_X63451_+_0-1653_ARO:3002828_srmB	97.059	34	1	0	8308	8341	1466	1499	7.23e-07	58.4	4968976
NODE_33_length_130177_cov_49.1801	gb_X63451_+_0-1653_ARO:3002828_srmB	97.059	34	1	0	8308	8341	1466	1499	7.23e-07	58.4	35998
NODE_33_length_130177_cov_49.1801	gb_X63451_+_0-1653_ARO:3002828_srmB	97.059	34	1	0	8308	8341	1466	1499	7.23e-07	58.4	35998
NODE_33_length_130177_cov_49.1801	gb_X63451_+_0-1653_ARO:3002828_srmB	97.059	34	1	0	8308	8341	1466	1499	7.23e-07	58.4	131379
NODE_33_length_130177_cov_49.1801	gb_X63451_+_0-1653_ARO:3002828_srmB	97.059	34	1	0	8308	8341	1466	1499	7.23e-07	58.4	1982153
NODE_33_length_130177_cov_49.1801	gb_X63451_+_0-1653_ARO:3002828_srmB	97.059	34	1	0	8308	8341	1466	1499	7.23e-07	58.4	949719
NODE_33_length_130177_cov_49.1801	gb_X63451_+_0-1653_ARO:3002828_srmB	97.059	34	1	0	8308	8341	1466	1499	7.23e-07	58.4	677526
NODE_33_length_130177_cov_49.1801	gb_X63451_+_0-1653_ARO:3002828_srmB	97.059	34	1	0	8308	8341	1466	1499	7.23e-07	58.4	4880258
NODE_33_length_130177_cov_49.1801	gb_X63451_+_0-1653_ARO:3002828_srmB	97.059	34	1	0	8308	8341	1466	1499	7.23e-07	58.4	2050184
NODE_33_length_130177_cov_49.1801	gb_X63451_+_0-1653_ARO:3002828_srmB	97.059	34	1	0	8308	8341	1466	1499	7.23e-07	58.4	2050184
NODE_33_length_130177_cov_49.1801	gb_X63451_+_0-1653_ARO:3002828_srmB	97.059	34	1	0	8308	8341	1466	1499	7.23e-07	58.4	834418
NODE_33_length_130177_cov_49.1801	gb_X63451_+_0-1653_ARO:3002828_srmB	97.059	34	1	0	8308	8341	1466	1499	7.23e-07	58.4	4432809
NODE_33_length_130177_cov_49.1801	gb_X63451_+_0-1653_ARO:3002828_srmB	97.059	34	1	0	8308	8341	1466	1499	7.23e-07	58.4	328739
NODE_33_length_130177_cov_49.1801	gb_X63451_+_0-1653_ARO:3002828_srmB	97.059	34	1	0	8308	8341	1466	1499	7.23e-07	58.4	4836390
NODE_107_length_78963_cov_44.3315	gb_HM990671_+_5192-6671_ARO:3003112_lsaC	95.405	1480	64	4	1075	2552	1479	2	0.0	2353	609930
NODE_107_length_78963_cov_44.3315	gb_HM990671_+_5192-6671_ARO:3003112_lsaC	95.405	1480	64	4	1075	2552	1479	2	0.0	2353	1294397
NODE_107_length_78963_cov_44.3315	gb_HM990671_+_5192-6671_ARO:3003112_lsaC	95.405	1480	64	4	1075	2552	1479	2	0.0	2353	3375438
NODE_107_length_78963_cov_44.3315	gb_HM990671_+_5192-6671_ARO:3003112_lsaC	95.405	1480	64	4	1075	2552	1479	2	0.0	2353	453738
NODE_107_length_78963_cov_44.3315	gb_HM990671_+_5192-6671_ARO:3003112_lsaC	95.405	1480	64	4	1075	2552	1479	2	0.0	2353	3375673
NODE_107_length_78963_cov_44.3315	gb_HM990671_+_5192-6671_ARO:3003112_lsaC	95.405	1480	64	4	1075	2552	1479	2	0.0	2353	3375673
NODE_483_length_28537_cov_11.4517	gb_HM990671_+_5192-6671_ARO:3003112_lsaC	70.428	1214	305	48	26943	28128	1464	277	1.92e-51	204	1294379
NODE_483_length_28537_cov_11.4517	gb_HM990671_+_5192-6671_ARO:3003112_lsaC	70.428	1214	305	48	26943	28128	1464	277	1.92e-51	204	1294379
NODE_780_length_19876_cov_67.8597	gb_Z21523_+_0-1974_ARO:3000191_tetQ	100.000	1974	0	0	815	2788	1974	1	0.0	3646	235718
NODE_780_length_19876_cov_67.8597	gb_Z21523_+_0-1974_ARO:3000191_tetQ	100.000	1974	0	0	815	2788	1974	1	0.0	3646	127175
NODE_780_length_19876_cov_67.8597	gb_Z21523_+_0-1974_ARO:3000191_tetQ	100.000	1974	0	0	815	2788	1974	1	0.0	3646	51481
NODE_780_length_19876_cov_67.8597	gb_Z21523_+_0-1974_ARO:3000191_tetQ	100.000	1974	0	0	815	2788	1974	1	0.0	3646	131756
NODE_780_length_19876_cov_67.8597	gb_Z21523_+_0-1974_ARO:3000191_tetQ	100.000	1974	0	0	815	2788	1974	1	0.0	3646	330182
NODE_780_length_19876_cov_67.8597	gb_Z21523_+_0-1974_ARO:3000191_tetQ	100.000	1974	0	0	815	2788	1974	1	0.0	3646	4836918
NODE_1293_length_13828_cov_16.5353	gb_HM990671_+_5192-6671_ARO:3003112_lsaC	98.513	1479	22	0	4666	6144	1	1479	0.0	2610	1124920
NODE_1293_length_13828_cov_16.5353	gb_HM990671_+_5192-6671_ARO:3003112_lsaC	98.513	1479	22	0	4666	6144	1	1479	0.0	2610	833425
NODE_1293_length_13828_cov_16.5353	gb_HM990671_+_5192-6671_ARO:3003112_lsaC	98.513	1479	22	0	4666	6144	1	1479	0.0	2610	833425
NODE_1293_length_13828_cov_16.5353	gb_HM990671_+_5192-6671_ARO:3003112_lsaC	98.513	1479	22	0	4666	6144	1	1479	0.0	2610	954386
NODE_1363_length_13253_cov_8.67813	gb_AF162694_+_5192-5888_ARO:3002922_vanRC	92.105	38	3	0	8752	8789	47	10	9.52e-07	54.7	6717866
NODE_3701_length_6244_cov_24.2267	gb_AF242872_+_2131-2878_ARO:3000375_ErmB	97.826	46	0	1	6200	6244	747	702	2.66e-14	78.7	104360
NODE_3740_length_6193_cov_269.243	gb_AP006618.1_+_4835199-4838688_ARO:3000501_Nocardia	86.486	333	43	2	3093	3424	2968	3299	1.81e-100	364	6390714
NODE_3740_length_6193_cov_269.243	gb_AP006618.1_+_4835199-4838688_ARO:3000501_Nocardia	86.486	333	43	2	3093	3424	2968	3299	1.81e-100	364	4672327
NODE_3740_length_6193_cov_269.243	gb_AP006618.1_+_4835199-4838688_ARO:3000501_Nocardia	86.486	333	43	2	3093	3424	2968	3299	1.81e-100	364	2077097
NODE_3740_length_6193_cov_269.243	gb_AP006618.1_+_4835199-4838688_ARO:3000501_Nocardia	86.486	333	43	2	3093	3424	2968	3299	1.81e-100	364	4672327
NODE_3740_length_6193_cov_269.243	gb_AP006618.1_+_4835199-4838688_ARO:3000501_Nocardia	86.486	333	43	2	3093	3424	2968	3299	1.81e-100	364	2009275
NODE_3740_length_6193_cov_269.243	gb_AP006618.1_+_4835199-4838688_ARO:3000501_Nocardia	86.486	333	43	2	3093	3424	2968	3299	1.81e-100	364	60524
NODE_3740_length_6193_cov_269.243	gb_AP006618.1_+_4835199-4838688_ARO:3000501_Nocardia	86.486	333	43	2	3093	3424	2968	3299	1.81e-100	364	3545320
NODE_3740_length_6193_cov_269.243	gb_AP006618.1_+_4835199-4838688_ARO:3000501_Nocardia	86.486	333	43	2	3093	3424	2968	3299	1.81e-100	364	482742
NODE_3740_length_6193_cov_269.243	gb_AP006618.1_+_4835199-4838688_ARO:3000501_Nocardia	86.486	333	43	2	3093	3424	2968	3299	1.81e-100	364	325183
NODE_3740_length_6193_cov_269.243	gb_AP006618.1_+_4835199-4838688_ARO:3000501_Nocardia	86.486	333	43	2	3093	3424	2968	3299	1.81e-100	364	24396
NODE_3740_length_6193_cov_269.243	gb_AP006618.1_+_4835199-4838688_ARO:3000501_Nocardia	86.486	333	43	2	3093	3424	2968	3299	1.81e-100	364	621614
NODE_3740_length_6193_cov_269.243	gb_AP006618.1_+_4835199-4838688_ARO:3000501_Nocardia	86.486	333	43	2	3093	3424	2968	3299	1.81e-100	364	482742
NODE_3740_length_6193_cov_269.243	gb_AP006618.1_+_4835199-4838688_ARO:3000501_Nocardia	86.486	333	43	2	3093	3424	2968	3299	1.81e-100	364	24396
NODE_3740_length_6193_cov_269.243	gb_AP006618.1_+_4835199-4838688_ARO:3000501_Nocardia	86.486	333	43	2	3093	3424	2968	3299	1.81e-100	364	621614
NODE_3740_length_6193_cov_269.243	gb_AP006618.1_+_4835199-4838688_ARO:3000501_Nocardia	86.486	333	43	2	3093	3424	2968	3299	1.81e-100	364	4432767
NODE_3740_length_6193_cov_269.243	gb_AP006618.1_+_4835199-4838688_ARO:3000501_Nocardia	86.486	333	43	2	3093	3424	2968	3299	1.81e-100	364	4432767
NODE_3740_length_6193_cov_269.243	gb_AP006618.1_+_4835199-4838688_ARO:3000501_Nocardia	86.486	333	43	2	3093	3424	2968	3299	1.81e-100	364	517104
NODE_3740_length_6193_cov_269.243	gb_AP006618.1_+_4835199-4838688_ARO:3000501_Nocardia	86.486	333	43	2	3093	3424	2968	3299	1.81e-100	364	175033
NODE_3740_length_6193_cov_269.243	gb_AP006618.1_+_4835199-4838688_ARO:3000501_Nocardia	86.486	333	43	2	3093	3424	2968	3299	1.81e-100	364	421837
NODE_3740_length_6193_cov_269.243	gb_AP006618.1_+_4835199-4838688_ARO:3000501_Nocardia	86.486	333	43	2	3093	3424	2968	3299	1.81e-100	364	938554
NODE_3740_length_6193_cov_269.243	gb_AP006618.1_+_4835199-4838688_ARO:3000501_Nocardia	86.486	333	43	2	3093	3424	2968	3299	1.81e-100	364	938554
NODE_3740_length_6193_cov_269.243	gb_AP006618.1_+_4835199-4838688_ARO:3000501_Nocardia	86.486	333	43	2	3093	3424	2968	3299	1.81e-100	364	93177
NODE_3899_length_5993_cov_96.1608	gb_NC_014638.1_-_1610636-1613960_ARO:3003730_Bifidobacteria	77.233	347	64	11	1	344	275	609	1.13e-47	189	582465
NODE_3899_length_5993_cov_96.1608	gb_NC_014638.1_-_1610636-1613960_ARO:3003730_Bifidobacteria	80.749	187	36	0	2768	2954	3066	3252	6.90e-35	147	582465
NODE_3899_length_5993_cov_96.1608	gb_NC_014638.1_-_1610636-1613960_ARO:3003730_Bifidobacteria	77.233	347	64	11	1	344	275	609	1.13e-47	189	582465
NODE_3899_length_5993_cov_96.1608	gb_NC_014638.1_-_1610636-1613960_ARO:3003730_Bifidobacteria	80.749	187	36	0	2768	2954	3066	3252	6.90e-35	147	582465
NODE_3899_length_5993_cov_96.1608	gb_NC_014638.1_-_1610636-1613960_ARO:3003730_Bifidobacteria	77.233	347	64	11	1	344	275	609	1.13e-47	189	1601786
NODE_3899_length_5993_cov_96.1608	gb_NC_014638.1_-_1610636-1613960_ARO:3003730_Bifidobacteria	80.749	187	36	0	2768	2954	3066	3252	6.90e-35	147	1601786
NODE_3899_length_5993_cov_96.1608	gb_NC_014638.1_-_1610636-1613960_ARO:3003730_Bifidobacteria	77.233	347	64	11	1	344	275	609	1.13e-47	189	1601786
NODE_3899_length_5993_cov_96.1608	gb_NC_014638.1_-_1610636-1613960_ARO:3003730_Bifidobacteria	80.749	187	36	0	2768	2954	3066	3252	6.90e-35	147	1601786
NODE_3899_length_5993_cov_96.1608	gb_NC_014638.1_-_1610636-1613960_ARO:3003730_Bifidobacteria	77.233	347	64	11	1	344	275	609	1.13e-47	189	31489
NODE_3899_length_5993_cov_96.1608	gb_NC_014638.1_-_1610636-1613960_ARO:3003730_Bifidobacteria	80.749	187	36	0	2768	2954	3066	3252	6.90e-35	147	31489
NODE_3899_length_5993_cov_96.1608	gb_NC_014638.1_-_1610636-1613960_ARO:3003730_Bifidobacteria	77.233	347	64	11	1	344	275	609	1.13e-47	189	31489
NODE_3899_length_5993_cov_96.1608	gb_NC_014638.1_-_1610636-1613960_ARO:3003730_Bifidobacteria	80.749	187	36	0	2768	2954	3066	3252	6.90e-35	147	31489
NODE_3899_length_5993_cov_96.1608	gb_NC_014638.1_-_1610636-1613960_ARO:3003730_Bifidobacteria	77.233	347	64	11	1	344	275	609	1.13e-47	189	4432832
NODE_3899_length_5993_cov_96.1608	gb_NC_014638.1_-_1610636-1613960_ARO:3003730_Bifidobacteria	80.749	187	36	0	2768	2954	3066	3252	6.90e-35	147	4432832
NODE_3899_length_5993_cov_96.1608	gb_NC_014638.1_-_1610636-1613960_ARO:3003730_Bifidobacteria	77.233	347	64	11	1	344	275	609	1.13e-47	189	5950729
NODE_3899_length_5993_cov_96.1608	gb_NC_014638.1_-_1610636-1613960_ARO:3003730_Bifidobacteria	80.749	187	36	0	2768	2954	3066	3252	6.90e-35	147	5950729
NODE_3899_length_5993_cov_96.1608	gb_NC_014638.1_-_1610636-1613960_ARO:3003730_Bifidobacteria	77.233	347	64	11	1	344	275	609	1.13e-47	189	5950729
NODE_3899_length_5993_cov_96.1608	gb_NC_014638.1_-_1610636-1613960_ARO:3003730_Bifidobacteria	80.749	187	36	0	2768	2954	3066	3252	6.90e-35	147	5950729
NODE_4093_length_5751_cov_300.873	gb_AF242872_+_2131-2878_ARO:3000375_ErmB	99.063	747	6	1	287	1032	1	747	0.0	1339	104360
NODE_4093_length_5751_cov_300.873	gb_AF242872_+_2131-2878_ARO:3000375_ErmB	96.364	55	2	0	5697	5751	206	260	3.15e-18	91.6	104360
NODE_4093_length_5751_cov_300.873	gb_AF242872_+_2131-2878_ARO:3000375_ErmB	99.063	747	6	1	287	1032	1	747	0.0	1339	1194880
NODE_4093_length_5751_cov_300.873	gb_AF242872_+_2131-2878_ARO:3000375_ErmB	96.364	55	2	0	5697	5751	206	260	3.15e-18	91.6	1194880
NODE_5216_length_4698_cov_86.7491	gb_AF024666.2_-_2207-2969_ARO:3000596_ErmX	96.592	763	25	1	625	1387	762	1	0.0	1264	329099
NODE_5216_length_4698_cov_86.7491	gb_AF024666.2_-_2207-2969_ARO:3000596_ErmX	96.592	763	25	1	625	1387	762	1	0.0	1264	4066210
NODE_5216_length_4698_cov_86.7491	gb_AF024666.2_-_2207-2969_ARO:3000596_ErmX	96.592	763	25	1	625	1387	762	1	0.0	1264	4066210
NODE_8336_length_3118_cov_42.49	gb_HM990671_+_5192-6671_ARO:3003112_lsaC	93.302	1478	99	0	1155	2632	1479	2	0.0	2182	3375392
NODE_9973_length_2619_cov_50.9403	gb_L36601_+_1420-3130_ARO:3003036_oleB	90.000	50	3	2	325	373	643	691	3.11e-10	63.9	1609557
NODE_9973_length_2619_cov_50.9403	gb_L36601_+_1420-3130_ARO:3003036_oleB	90.000	50	3	2	325	373	643	691	3.11e-10	63.9	645088
NODE_12977_length_1998_cov_219.925	gb_AF024666.2_-_2207-2969_ARO:3000596_ErmX	99.869	763	0	1	225	987	1	762	0.0	1402	27210
NODE_12977_length_1998_cov_219.925	gb_AF024666.2_-_2207-2969_ARO:3000596_ErmX	99.869	763	0	1	225	987	1	762	0.0	1402	29068
NODE_18722_length_1325_cov_5.07953	gb_CP007593.1_+_2148923-2149772_ARO:3001301_RlmA(II)	89.691	97	10	0	1217	1313	1	97	7.07e-29	124	5950935
NODE_27760_length_818_cov_2.92792	gb_CP007593.1_+_2148923-2149772_ARO:3001301_RlmA(II)	85.424	542	78	1	21	562	291	831	7.75e-161	562	155198
NODE_27760_length_818_cov_2.92792	gb_CP007593.1_+_2148923-2149772_ARO:3001301_RlmA(II)	85.424	542	78	1	21	562	291	831	7.75e-161	562	155198
NODE_34678_length_622_cov_96.642	gb_KU736867.1_+_19653-21573_ARO:3004442_tet(W/N/W)	95.812	191	8	0	432	622	1	191	8.40e-85	309	1982113
NODE_34678_length_622_cov_96.642	gb_EU434751_+_658-2578_ARO:3000194_tetW	95.812	191	8	0	432	622	1	191	8.40e-85	309	1982113
NODE_34678_length_622_cov_96.642	gb_KU736867.1_+_19653-21573_ARO:3004442_tet(W/N/W)	95.812	191	8	0	432	622	1	191	8.40e-85	309	3375399
NODE_34678_length_622_cov_96.642	gb_EU434751_+_658-2578_ARO:3000194_tetW	95.812	191	8	0	432	622	1	191	8.40e-85	309	3375399
NODE_34678_length_622_cov_96.642	gb_KU736867.1_+_19653-21573_ARO:3004442_tet(W/N/W)	95.812	191	8	0	432	622	1	191	8.40e-85	309	6789516
NODE_34678_length_622_cov_96.642	gb_EU434751_+_658-2578_ARO:3000194_tetW	95.812	191	8	0	432	622	1	191	8.40e-85	309	6789516
NODE_45897_length_446_cov_10.7647	gb_HM990671_+_5192-6671_ARO:3003112_lsaC	95.067	446	22	0	1	446	800	1245	0.0	702	3375392
