NODE_34_length_84062_cov_25.6885	gb_M80346_+_0-1656_ARO:3002817_carA	100.000	34	0	0	29025	29058	1469	1502	1.00e-08	63.9	461753
NODE_34_length_84062_cov_25.6885	gb_X63451_+_0-1653_ARO:3002828_srmB	97.143	35	1	0	28145	28179	1465	1499	1.30e-07	60.2	461753
NODE_34_length_84062_cov_25.6885	gb_M80346_+_0-1656_ARO:3002817_carA	100.000	34	0	0	29025	29058	1469	1502	1.00e-08	63.9	730445
NODE_34_length_84062_cov_25.6885	gb_X63451_+_0-1653_ARO:3002828_srmB	97.143	35	1	0	28145	28179	1465	1499	1.30e-07	60.2	730445
NODE_37_length_82603_cov_5.09431	gb_AFRQ01000061.1_-_23986-27124_ARO:3004144_AxyY	100.000	30	0	0	80727	80756	1200	1229	1.65e-06	56.5	5949499
NODE_37_length_82603_cov_5.09431	gb_U57969_+_1485-4617_ARO:3000801_MexD	84.906	53	8	0	80704	80756	1186	1238	5.93e-06	54.7	5949499
NODE_37_length_82603_cov_5.09431	gb_AFRQ01000061.1_-_23986-27124_ARO:3004144_AxyY	100.000	30	0	0	80727	80756	1200	1229	1.65e-06	56.5	419903
NODE_37_length_82603_cov_5.09431	gb_U57969_+_1485-4617_ARO:3000801_MexD	84.906	53	8	0	80704	80756	1186	1238	5.93e-06	54.7	419903
NODE_37_length_82603_cov_5.09431	gb_AFRQ01000061.1_-_23986-27124_ARO:3004144_AxyY	100.000	30	0	0	80727	80756	1200	1229	1.65e-06	56.5	1390846
NODE_37_length_82603_cov_5.09431	gb_U57969_+_1485-4617_ARO:3000801_MexD	84.906	53	8	0	80704	80756	1186	1238	5.93e-06	54.7	1390846
NODE_37_length_82603_cov_5.09431	gb_AFRQ01000061.1_-_23986-27124_ARO:3004144_AxyY	100.000	30	0	0	80727	80756	1200	1229	1.65e-06	56.5	6789375
NODE_37_length_82603_cov_5.09431	gb_U57969_+_1485-4617_ARO:3000801_MexD	84.906	53	8	0	80704	80756	1186	1238	5.93e-06	54.7	6789375
NODE_66_length_63355_cov_5.87202	gb_L36601_+_1420-3130_ARO:3003036_oleB	97.368	38	1	0	1684	1721	671	634	2.10e-09	65.8	4560983
NODE_66_length_63355_cov_5.87202	gb_L36601_+_1420-3130_ARO:3003036_oleB	97.368	38	1	0	1684	1721	671	634	2.10e-09	65.8	3852407
NODE_66_length_63355_cov_5.87202	gb_L36601_+_1420-3130_ARO:3003036_oleB	97.368	38	1	0	1684	1721	671	634	2.10e-09	65.8	56115
NODE_66_length_63355_cov_5.87202	gb_L36601_+_1420-3130_ARO:3003036_oleB	97.368	38	1	0	1684	1721	671	634	2.10e-09	65.8	5950107
NODE_66_length_63355_cov_5.87202	gb_L36601_+_1420-3130_ARO:3003036_oleB	97.368	38	1	0	1684	1721	671	634	2.10e-09	65.8	5950107
NODE_66_length_63355_cov_5.87202	gb_L36601_+_1420-3130_ARO:3003036_oleB	97.368	38	1	0	1684	1721	671	634	2.10e-09	65.8	2237382
NODE_66_length_63355_cov_5.87202	gb_L36601_+_1420-3130_ARO:3003036_oleB	97.368	38	1	0	1684	1721	671	634	2.10e-09	65.8	4141515
NODE_66_length_63355_cov_5.87202	gb_L36601_+_1420-3130_ARO:3003036_oleB	97.368	38	1	0	1684	1721	671	634	2.10e-09	65.8	4141515
NODE_66_length_63355_cov_5.87202	gb_L36601_+_1420-3130_ARO:3003036_oleB	97.368	38	1	0	1684	1721	671	634	2.10e-09	65.8	3462015
NODE_66_length_63355_cov_5.87202	gb_L36601_+_1420-3130_ARO:3003036_oleB	97.368	38	1	0	1684	1721	671	634	2.10e-09	65.8	868376
NODE_66_length_63355_cov_5.87202	gb_L36601_+_1420-3130_ARO:3003036_oleB	97.368	38	1	0	1684	1721	671	634	2.10e-09	65.8	160561
NODE_66_length_63355_cov_5.87202	gb_L36601_+_1420-3130_ARO:3003036_oleB	97.368	38	1	0	1684	1721	671	634	2.10e-09	65.8	65310
NODE_91_length_55089_cov_61.1892	gb_AP006618.1_+_4835199-4838688_ARO:3000501_Nocardia	73.495	3222	733	98	23567	26741	3365	218	0.0	1107	6782325
NODE_91_length_55089_cov_61.1892	gb_AP006618.1_+_4835199-4838688_ARO:3000501_Nocardia	73.495	3222	733	98	23567	26741	3365	218	0.0	1107	5949884
NODE_91_length_55089_cov_61.1892	gb_AP006618.1_+_4835199-4838688_ARO:3000501_Nocardia	73.495	3222	733	98	23567	26741	3365	218	0.0	1107	4432483
NODE_91_length_55089_cov_61.1892	gb_AP006618.1_+_4835199-4838688_ARO:3000501_Nocardia	73.495	3222	733	98	23567	26741	3365	218	0.0	1107	162365
NODE_91_length_55089_cov_61.1892	gb_AP006618.1_+_4835199-4838688_ARO:3000501_Nocardia	73.495	3222	733	98	23567	26741	3365	218	0.0	1107	4432483
NODE_91_length_55089_cov_61.1892	gb_AP006618.1_+_4835199-4838688_ARO:3000501_Nocardia	73.495	3222	733	98	23567	26741	3365	218	0.0	1107	2405493
NODE_91_length_55089_cov_61.1892	gb_AP006618.1_+_4835199-4838688_ARO:3000501_Nocardia	73.495	3222	733	98	23567	26741	3365	218	0.0	1107	406462
NODE_91_length_55089_cov_61.1892	gb_AP006618.1_+_4835199-4838688_ARO:3000501_Nocardia	73.495	3222	733	98	23567	26741	3365	218	0.0	1107	1520500
NODE_91_length_55089_cov_61.1892	gb_AP006618.1_+_4835199-4838688_ARO:3000501_Nocardia	73.495	3222	733	98	23567	26741	3365	218	0.0	1107	3969733
NODE_91_length_55089_cov_61.1892	gb_AP006618.1_+_4835199-4838688_ARO:3000501_Nocardia	73.495	3222	733	98	23567	26741	3365	218	0.0	1107	2032012
NODE_91_length_55089_cov_61.1892	gb_AP006618.1_+_4835199-4838688_ARO:3000501_Nocardia	73.495	3222	733	98	23567	26741	3365	218	0.0	1107	2032012
NODE_91_length_55089_cov_61.1892	gb_AP006618.1_+_4835199-4838688_ARO:3000501_Nocardia	73.495	3222	733	98	23567	26741	3365	218	0.0	1107	294310
NODE_91_length_55089_cov_61.1892	gb_AP006618.1_+_4835199-4838688_ARO:3000501_Nocardia	73.495	3222	733	98	23567	26741	3365	218	0.0	1107	1144443
NODE_91_length_55089_cov_61.1892	gb_AP006618.1_+_4835199-4838688_ARO:3000501_Nocardia	73.495	3222	733	98	23567	26741	3365	218	0.0	1107	2001692
NODE_91_length_55089_cov_61.1892	gb_AP006618.1_+_4835199-4838688_ARO:3000501_Nocardia	73.495	3222	733	98	23567	26741	3365	218	0.0	1107	171920
NODE_91_length_55089_cov_61.1892	gb_AP006618.1_+_4835199-4838688_ARO:3000501_Nocardia	73.495	3222	733	98	23567	26741	3365	218	0.0	1107	1507794
NODE_91_length_55089_cov_61.1892	gb_AP006618.1_+_4835199-4838688_ARO:3000501_Nocardia	73.495	3222	733	98	23567	26741	3365	218	0.0	1107	4432444
NODE_91_length_55089_cov_61.1892	gb_AP006618.1_+_4835199-4838688_ARO:3000501_Nocardia	73.495	3222	733	98	23567	26741	3365	218	0.0	1107	2005516
NODE_91_length_55089_cov_61.1892	gb_AP006618.1_+_4835199-4838688_ARO:3000501_Nocardia	73.495	3222	733	98	23567	26741	3365	218	0.0	1107	4149066
NODE_91_length_55089_cov_61.1892	gb_AP006618.1_+_4835199-4838688_ARO:3000501_Nocardia	73.495	3222	733	98	23567	26741	3365	218	0.0	1107	89493
NODE_91_length_55089_cov_61.1892	gb_AP006618.1_+_4835199-4838688_ARO:3000501_Nocardia	73.495	3222	733	98	23567	26741	3365	218	0.0	1107	3658436
NODE_91_length_55089_cov_61.1892	gb_AP006618.1_+_4835199-4838688_ARO:3000501_Nocardia	73.495	3222	733	98	23567	26741	3365	218	0.0	1107	5949576
NODE_91_length_55089_cov_61.1892	gb_AP006618.1_+_4835199-4838688_ARO:3000501_Nocardia	73.495	3222	733	98	23567	26741	3365	218	0.0	1107	237641
NODE_91_length_55089_cov_61.1892	gb_AP006618.1_+_4835199-4838688_ARO:3000501_Nocardia	73.495	3222	733	98	23567	26741	3365	218	0.0	1107	1981726
NODE_91_length_55089_cov_61.1892	gb_AP006618.1_+_4835199-4838688_ARO:3000501_Nocardia	73.495	3222	733	98	23567	26741	3365	218	0.0	1107	5949680
NODE_91_length_55089_cov_61.1892	gb_AP006618.1_+_4835199-4838688_ARO:3000501_Nocardia	73.495	3222	733	98	23567	26741	3365	218	0.0	1107	5949680
NODE_91_length_55089_cov_61.1892	gb_AP006618.1_+_4835199-4838688_ARO:3000501_Nocardia	73.495	3222	733	98	23567	26741	3365	218	0.0	1107	60744
NODE_91_length_55089_cov_61.1892	gb_AP006618.1_+_4835199-4838688_ARO:3000501_Nocardia	73.495	3222	733	98	23567	26741	3365	218	0.0	1107	3375055
NODE_91_length_55089_cov_61.1892	gb_AP006618.1_+_4835199-4838688_ARO:3000501_Nocardia	73.495	3222	733	98	23567	26741	3365	218	0.0	1107	139527
NODE_91_length_55089_cov_61.1892	gb_AP006618.1_+_4835199-4838688_ARO:3000501_Nocardia	73.495	3222	733	98	23567	26741	3365	218	0.0	1107	75885
NODE_95_length_54026_cov_6.08971	gb_HM990671_+_5192-6671_ARO:3003112_lsaC	100.000	29	0	0	42422	42450	452	424	3.88e-06	54.7	6789274
NODE_97_length_53618_cov_52.2569	gb_Z21523_+_0-1974_ARO:3000191_tetQ	96.150	1974	76	0	32331	34304	1974	1	0.0	3225	784307
NODE_97_length_53618_cov_52.2569	gb_Z21523_+_0-1974_ARO:3000191_tetQ	96.150	1974	76	0	32331	34304	1974	1	0.0	3225	834314
NODE_204_length_37798_cov_58.75	gb_AF235050.4_+_38028-40140_ARO:3003318_Streptomyces	75.159	1099	215	52	17871	18943	1991	925	1.06e-129	464	5949808
NODE_204_length_37798_cov_58.75	gb_AF235050.4_+_38028-40140_ARO:3003318_Streptomyces	75.159	1099	215	52	17871	18943	1991	925	1.06e-129	464	989353
NODE_204_length_37798_cov_58.75	gb_AF235050.4_+_38028-40140_ARO:3003318_Streptomyces	75.159	1099	215	52	17871	18943	1991	925	1.06e-129	464	2034709
NODE_204_length_37798_cov_58.75	gb_AF235050.4_+_38028-40140_ARO:3003318_Streptomyces	75.159	1099	215	52	17871	18943	1991	925	1.06e-129	464	1148371
NODE_204_length_37798_cov_58.75	gb_AF235050.4_+_38028-40140_ARO:3003318_Streptomyces	75.159	1099	215	52	17871	18943	1991	925	1.06e-129	464	4641577
NODE_204_length_37798_cov_58.75	gb_AF235050.4_+_38028-40140_ARO:3003318_Streptomyces	75.159	1099	215	52	17871	18943	1991	925	1.06e-129	464	712248
NODE_204_length_37798_cov_58.75	gb_AF235050.4_+_38028-40140_ARO:3003318_Streptomyces	75.159	1099	215	52	17871	18943	1991	925	1.06e-129	464	330668
NODE_204_length_37798_cov_58.75	gb_AF235050.4_+_38028-40140_ARO:3003318_Streptomyces	75.159	1099	215	52	17871	18943	1991	925	1.06e-129	464	2046284
NODE_204_length_37798_cov_58.75	gb_AF235050.4_+_38028-40140_ARO:3003318_Streptomyces	75.159	1099	215	52	17871	18943	1991	925	1.06e-129	464	3921393
NODE_204_length_37798_cov_58.75	gb_AF235050.4_+_38028-40140_ARO:3003318_Streptomyces	75.159	1099	215	52	17871	18943	1991	925	1.06e-129	464	6086391
NODE_204_length_37798_cov_58.75	gb_AF235050.4_+_38028-40140_ARO:3003318_Streptomyces	75.159	1099	215	52	17871	18943	1991	925	1.06e-129	464	972469
NODE_204_length_37798_cov_58.75	gb_AF235050.4_+_38028-40140_ARO:3003318_Streptomyces	75.159	1099	215	52	17871	18943	1991	925	1.06e-129	464	1738488
NODE_204_length_37798_cov_58.75	gb_AF235050.4_+_38028-40140_ARO:3003318_Streptomyces	75.159	1099	215	52	17871	18943	1991	925	1.06e-129	464	5949892
NODE_204_length_37798_cov_58.75	gb_AF235050.4_+_38028-40140_ARO:3003318_Streptomyces	75.159	1099	215	52	17871	18943	1991	925	1.06e-129	464	5949892
NODE_204_length_37798_cov_58.75	gb_AF235050.4_+_38028-40140_ARO:3003318_Streptomyces	75.159	1099	215	52	17871	18943	1991	925	1.06e-129	464	2938154
NODE_204_length_37798_cov_58.75	gb_AF235050.4_+_38028-40140_ARO:3003318_Streptomyces	75.159	1099	215	52	17871	18943	1991	925	1.06e-129	464	132316
NODE_204_length_37798_cov_58.75	gb_AF235050.4_+_38028-40140_ARO:3003318_Streptomyces	75.159	1099	215	52	17871	18943	1991	925	1.06e-129	464	2240309
NODE_204_length_37798_cov_58.75	gb_AF235050.4_+_38028-40140_ARO:3003318_Streptomyces	75.159	1099	215	52	17871	18943	1991	925	1.06e-129	464	288891
NODE_204_length_37798_cov_58.75	gb_AF235050.4_+_38028-40140_ARO:3003318_Streptomyces	75.159	1099	215	52	17871	18943	1991	925	1.06e-129	464	1376480
NODE_204_length_37798_cov_58.75	gb_AF235050.4_+_38028-40140_ARO:3003318_Streptomyces	75.159	1099	215	52	17871	18943	1991	925	1.06e-129	464	1950462
NODE_204_length_37798_cov_58.75	gb_AF235050.4_+_38028-40140_ARO:3003318_Streptomyces	75.159	1099	215	52	17871	18943	1991	925	1.06e-129	464	1376480
NODE_204_length_37798_cov_58.75	gb_AF235050.4_+_38028-40140_ARO:3003318_Streptomyces	75.159	1099	215	52	17871	18943	1991	925	1.06e-129	464	3021626
NODE_211_length_36744_cov_5.62215	gb_M80346_+_0-1656_ARO:3002817_carA	97.222	36	1	0	8508	8543	1468	1503	1.58e-08	62.1	730445
NODE_211_length_36744_cov_5.62215	gb_M80346_+_0-1656_ARO:3002817_carA	97.222	36	1	0	8508	8543	1468	1503	1.58e-08	62.1	192882
NODE_211_length_36744_cov_5.62215	gb_M80346_+_0-1656_ARO:3002817_carA	97.222	36	1	0	8508	8543	1468	1503	1.58e-08	62.1	126666
NODE_282_length_30715_cov_10.7502	gb_NC_003112.2_+_330790-332317_ARO:3003962_farB	75.963	1506	331	26	26930	28421	39	1527	0.0	747	846990
NODE_282_length_30715_cov_10.7502	gb_NC_003112.2_+_329612-330767_ARO:3003961_farA	72.519	917	232	20	25663	26569	127	1033	3.35e-74	279	846990
NODE_282_length_30715_cov_10.7502	gb_NC_003112.2_+_330790-332317_ARO:3003962_farB	75.963	1506	331	26	26930	28421	39	1527	0.0	747	78426
NODE_282_length_30715_cov_10.7502	gb_NC_003112.2_+_329612-330767_ARO:3003961_farA	72.519	917	232	20	25663	26569	127	1033	3.35e-74	279	78426
NODE_282_length_30715_cov_10.7502	gb_NC_003112.2_+_330790-332317_ARO:3003962_farB	75.963	1506	331	26	26930	28421	39	1527	0.0	747	4432700
NODE_282_length_30715_cov_10.7502	gb_NC_003112.2_+_329612-330767_ARO:3003961_farA	72.519	917	232	20	25663	26569	127	1033	3.35e-74	279	4432700
NODE_282_length_30715_cov_10.7502	gb_NC_003112.2_+_330790-332317_ARO:3003962_farB	75.963	1506	331	26	26930	28421	39	1527	0.0	747	2575519
NODE_282_length_30715_cov_10.7502	gb_NC_003112.2_+_329612-330767_ARO:3003961_farA	72.519	917	232	20	25663	26569	127	1033	3.35e-74	279	2575519
NODE_305_length_29244_cov_5.50738	gb_AF235050.4_+_38028-40140_ARO:3003318_Streptomyces	72.982	2032	465	68	21511	23491	68	2066	0.0	634	5949924
NODE_305_length_29244_cov_5.50738	gb_AF235050.4_+_38028-40140_ARO:3003318_Streptomyces	72.982	2032	465	68	21511	23491	68	2066	0.0	634	742619
NODE_305_length_29244_cov_5.50738	gb_AF235050.4_+_38028-40140_ARO:3003318_Streptomyces	72.982	2032	465	68	21511	23491	68	2066	0.0	634	5865480
NODE_305_length_29244_cov_5.50738	gb_AF235050.4_+_38028-40140_ARO:3003318_Streptomyces	72.982	2032	465	68	21511	23491	68	2066	0.0	634	847991
NODE_305_length_29244_cov_5.50738	gb_AF235050.4_+_38028-40140_ARO:3003318_Streptomyces	72.982	2032	465	68	21511	23491	68	2066	0.0	634	5950140
NODE_305_length_29244_cov_5.50738	gb_AF235050.4_+_38028-40140_ARO:3003318_Streptomyces	72.982	2032	465	68	21511	23491	68	2066	0.0	634	5950140
NODE_305_length_29244_cov_5.50738	gb_AF235050.4_+_38028-40140_ARO:3003318_Streptomyces	72.982	2032	465	68	21511	23491	68	2066	0.0	634	1096663
NODE_305_length_29244_cov_5.50738	gb_AF235050.4_+_38028-40140_ARO:3003318_Streptomyces	72.982	2032	465	68	21511	23491	68	2066	0.0	634	1109447
NODE_310_length_28849_cov_13.4683	gb_HM990671_+_5192-6671_ARO:3003112_lsaC	84.168	1478	228	5	12404	13878	1475	1	0.0	1428	1104381
NODE_310_length_28849_cov_13.4683	gb_HM990671_+_5192-6671_ARO:3003112_lsaC	84.168	1478	228	5	12404	13878	1475	1	0.0	1428	3914918
NODE_310_length_28849_cov_13.4683	gb_HM990671_+_5192-6671_ARO:3003112_lsaC	84.168	1478	228	5	12404	13878	1475	1	0.0	1428	1981668
NODE_310_length_28849_cov_13.4683	gb_HM990671_+_5192-6671_ARO:3003112_lsaC	84.168	1478	228	5	12404	13878	1475	1	0.0	1428	6433829
NODE_310_length_28849_cov_13.4683	gb_HM990671_+_5192-6671_ARO:3003112_lsaC	84.168	1478	228	5	12404	13878	1475	1	0.0	1428	6433829
NODE_435_length_24121_cov_10.3302	gb_NC_003112.2_-_1795181-1796420_ARO:3000810_mtrC	82.056	1031	182	3	202	1230	1155	126	0.0	876	54160
NODE_435_length_24121_cov_10.3302	gb_CP001050.1_+_1332866-1333499_ARO:3000817_mtrR	80.243	577	110	4	1613	2187	1	575	6.86e-120	431	54160
NODE_435_length_24121_cov_10.3302	gb_NC_003112.2_-_1795181-1796420_ARO:3000810_mtrC	82.056	1031	182	3	202	1230	1155	126	0.0	876	38640
NODE_435_length_24121_cov_10.3302	gb_CP001050.1_+_1332866-1333499_ARO:3000817_mtrR	80.243	577	110	4	1613	2187	1	575	6.86e-120	431	38640
NODE_435_length_24121_cov_10.3302	gb_NC_003112.2_-_1795181-1796420_ARO:3000810_mtrC	82.056	1031	182	3	202	1230	1155	126	0.0	876	3338571
NODE_435_length_24121_cov_10.3302	gb_CP001050.1_+_1332866-1333499_ARO:3000817_mtrR	80.243	577	110	4	1613	2187	1	575	6.86e-120	431	3338571
NODE_435_length_24121_cov_10.3302	gb_NC_003112.2_-_1795181-1796420_ARO:3000810_mtrC	82.056	1031	182	3	202	1230	1155	126	0.0	876	199339
NODE_435_length_24121_cov_10.3302	gb_CP001050.1_+_1332866-1333499_ARO:3000817_mtrR	80.243	577	110	4	1613	2187	1	575	6.86e-120	431	199339
NODE_435_length_24121_cov_10.3302	gb_NC_003112.2_-_1795181-1796420_ARO:3000810_mtrC	82.056	1031	182	3	202	1230	1155	126	0.0	876	202142
NODE_435_length_24121_cov_10.3302	gb_CP001050.1_+_1332866-1333499_ARO:3000817_mtrR	80.243	577	110	4	1613	2187	1	575	6.86e-120	431	202142
NODE_515_length_21285_cov_10.2326	gb_AY768532_+_0-1935_ARO:3000535_macB	85.832	1941	262	12	15768	17703	1	1933	0.0	2049	2160389
NODE_515_length_21285_cov_10.2326	gb_AY768531_+_0-1179_ARO:3000533_macA	84.133	1084	162	9	14573	15651	77	1155	0.0	1040	2160389
NODE_515_length_21285_cov_10.2326	gb_AY768532_+_0-1935_ARO:3000535_macB	85.832	1941	262	12	15768	17703	1	1933	0.0	2049	20734
NODE_515_length_21285_cov_10.2326	gb_AY768531_+_0-1179_ARO:3000533_macA	84.133	1084	162	9	14573	15651	77	1155	0.0	1040	20734
NODE_515_length_21285_cov_10.2326	gb_AY768532_+_0-1935_ARO:3000535_macB	85.832	1941	262	12	15768	17703	1	1933	0.0	2049	65681
NODE_515_length_21285_cov_10.2326	gb_AY768531_+_0-1179_ARO:3000533_macA	84.133	1084	162	9	14573	15651	77	1155	0.0	1040	65681
NODE_515_length_21285_cov_10.2326	gb_AY768532_+_0-1935_ARO:3000535_macB	85.832	1941	262	12	15768	17703	1	1933	0.0	2049	167459
NODE_515_length_21285_cov_10.2326	gb_AY768531_+_0-1179_ARO:3000533_macA	84.133	1084	162	9	14573	15651	77	1155	0.0	1040	167459
NODE_700_length_17274_cov_37.2191	gb_AF235050.4_+_38028-40140_ARO:3003318_Streptomyces	75.199	1004	199	37	15215	16193	1089	2067	1.77e-119	429	546972
NODE_700_length_17274_cov_37.2191	gb_AF235050.4_+_38028-40140_ARO:3003318_Streptomyces	78.358	402	81	4	14159	14557	54	452	3.17e-67	255	546972
NODE_700_length_17274_cov_37.2191	gb_AF235050.4_+_38028-40140_ARO:3003318_Streptomyces	75.199	1004	199	37	15215	16193	1089	2067	1.77e-119	429	546972
NODE_700_length_17274_cov_37.2191	gb_AF235050.4_+_38028-40140_ARO:3003318_Streptomyces	78.358	402	81	4	14159	14557	54	452	3.17e-67	255	546972
NODE_700_length_17274_cov_37.2191	gb_AF235050.4_+_38028-40140_ARO:3003318_Streptomyces	75.199	1004	199	37	15215	16193	1089	2067	1.77e-119	429	546972
NODE_700_length_17274_cov_37.2191	gb_AF235050.4_+_38028-40140_ARO:3003318_Streptomyces	78.358	402	81	4	14159	14557	54	452	3.17e-67	255	546972
NODE_700_length_17274_cov_37.2191	gb_AF235050.4_+_38028-40140_ARO:3003318_Streptomyces	75.199	1004	199	37	15215	16193	1089	2067	1.77e-119	429	3844156
NODE_700_length_17274_cov_37.2191	gb_AF235050.4_+_38028-40140_ARO:3003318_Streptomyces	78.358	402	81	4	14159	14557	54	452	3.17e-67	255	3844156
NODE_700_length_17274_cov_37.2191	gb_AF235050.4_+_38028-40140_ARO:3003318_Streptomyces	75.199	1004	199	37	15215	16193	1089	2067	1.77e-119	429	1738488
NODE_700_length_17274_cov_37.2191	gb_AF235050.4_+_38028-40140_ARO:3003318_Streptomyces	78.358	402	81	4	14159	14557	54	452	3.17e-67	255	1738488
NODE_700_length_17274_cov_37.2191	gb_AF235050.4_+_38028-40140_ARO:3003318_Streptomyces	75.199	1004	199	37	15215	16193	1089	2067	1.77e-119	429	506517
NODE_700_length_17274_cov_37.2191	gb_AF235050.4_+_38028-40140_ARO:3003318_Streptomyces	78.358	402	81	4	14159	14557	54	452	3.17e-67	255	506517
NODE_700_length_17274_cov_37.2191	gb_AF235050.4_+_38028-40140_ARO:3003318_Streptomyces	75.199	1004	199	37	15215	16193	1089	2067	1.77e-119	429	847991
NODE_700_length_17274_cov_37.2191	gb_AF235050.4_+_38028-40140_ARO:3003318_Streptomyces	78.358	402	81	4	14159	14557	54	452	3.17e-67	255	847991
NODE_700_length_17274_cov_37.2191	gb_AF235050.4_+_38028-40140_ARO:3003318_Streptomyces	75.199	1004	199	37	15215	16193	1089	2067	1.77e-119	429	2251459
NODE_700_length_17274_cov_37.2191	gb_AF235050.4_+_38028-40140_ARO:3003318_Streptomyces	78.358	402	81	4	14159	14557	54	452	3.17e-67	255	2251459
NODE_841_length_15133_cov_63.1495	gb_AF118110.1_-_71-1037_ARO:3003002_CfxA2	100.000	966	0	0	764	1729	1	966	0.0	1784	5241815
NODE_841_length_15133_cov_63.1495	gb_AF472622_+_52-1018_ARO:3003003_CfxA3	99.896	966	1	0	764	1729	1	966	0.0	1779	5241815
NODE_841_length_15133_cov_63.1495	gb_AY769934_+_27-993_ARO:3003096_CfxA5	99.896	966	1	0	764	1729	1	966	0.0	1779	5241815
NODE_841_length_15133_cov_63.1495	gb_U38243_+_149-1115_ARO:3003001_CfxA	99.896	966	1	0	764	1729	1	966	0.0	1779	5241815
NODE_841_length_15133_cov_63.1495	gb_AY769933_+_0-966_ARO:3003005_CfxA4	99.896	966	1	0	764	1729	1	966	0.0	1779	5241815
NODE_841_length_15133_cov_63.1495	gb_GQ342996_+_797-1793_ARO:3003097_CfxA6	89.234	966	101	3	760	1724	30	993	0.0	1205	5241815
NODE_844_length_15061_cov_4.51773	gb_NC_003112.2_+_329612-330767_ARO:3003961_farA	73.232	919	222	22	11289	12195	127	1033	1.62e-84	313	94965
NODE_1229_length_11107_cov_4.62459	gb_U57969_+_1485-4617_ARO:3000801_MexD	75.606	578	131	10	4131	4703	1553	981	4.35e-74	278	5949818
NODE_1229_length_11107_cov_4.62459	gb_NC_007779_+_2586250-2589364_ARO:3000491_acrD	73.145	283	64	12	4425	4701	1253	977	6.08e-18	91.6	5949818
NODE_1229_length_11107_cov_4.62459	gb_U00096_+_3660413-3663527_ARO:3000796_mdtF	77.852	149	31	2	4365	4512	1313	1166	6.08e-18	91.6	5949818
NODE_1229_length_11107_cov_4.62459	gb_AB219524.1_+_1176-4338_ARO:3003699_mexQ	88.235	68	6	2	4419	4485	1265	1199	1.32e-14	80.5	5949818
NODE_1229_length_11107_cov_4.62459	gb_U57969_+_1485-4617_ARO:3000801_MexD	75.606	578	131	10	4131	4703	1553	981	4.35e-74	278	5949818
NODE_1229_length_11107_cov_4.62459	gb_NC_007779_+_2586250-2589364_ARO:3000491_acrD	73.145	283	64	12	4425	4701	1253	977	6.08e-18	91.6	5949818
NODE_1229_length_11107_cov_4.62459	gb_U00096_+_3660413-3663527_ARO:3000796_mdtF	77.852	149	31	2	4365	4512	1313	1166	6.08e-18	91.6	5949818
NODE_1229_length_11107_cov_4.62459	gb_AB219524.1_+_1176-4338_ARO:3003699_mexQ	88.235	68	6	2	4419	4485	1265	1199	1.32e-14	80.5	5949818
NODE_1229_length_11107_cov_4.62459	gb_U57969_+_1485-4617_ARO:3000801_MexD	75.606	578	131	10	4131	4703	1553	981	4.35e-74	278	76223
NODE_1229_length_11107_cov_4.62459	gb_NC_007779_+_2586250-2589364_ARO:3000491_acrD	73.145	283	64	12	4425	4701	1253	977	6.08e-18	91.6	76223
NODE_1229_length_11107_cov_4.62459	gb_U00096_+_3660413-3663527_ARO:3000796_mdtF	77.852	149	31	2	4365	4512	1313	1166	6.08e-18	91.6	76223
NODE_1229_length_11107_cov_4.62459	gb_AB219524.1_+_1176-4338_ARO:3003699_mexQ	88.235	68	6	2	4419	4485	1265	1199	1.32e-14	80.5	76223
NODE_1465_length_9573_cov_9.2344	gb_HM990671_+_5192-6671_ARO:3003112_lsaC	90.264	1479	144	0	1691	3169	1479	1	0.0	1934	151322
NODE_1465_length_9573_cov_9.2344	gb_HM990671_+_5192-6671_ARO:3003112_lsaC	90.264	1479	144	0	1691	3169	1479	1	0.0	1934	1981668
NODE_1465_length_9573_cov_9.2344	gb_HM990671_+_5192-6671_ARO:3003112_lsaC	90.264	1479	144	0	1691	3169	1479	1	0.0	1934	123575
NODE_1670_length_8648_cov_65.5247	gb_NC_014638.1_-_1610636-1613960_ARO:3003730_Bifidobacteria	75.870	862	176	21	7526	8362	2156	1302	3.20e-114	411	6789360
NODE_1670_length_8648_cov_65.5247	gb_NC_014638.1_-_1610636-1613960_ARO:3003730_Bifidobacteria	75.870	862	176	21	7526	8362	2156	1302	3.20e-114	411	1981602
NODE_1670_length_8648_cov_65.5247	gb_NC_014638.1_-_1610636-1613960_ARO:3003730_Bifidobacteria	75.870	862	176	21	7526	8362	2156	1302	3.20e-114	411	2630244
NODE_1670_length_8648_cov_65.5247	gb_NC_014638.1_-_1610636-1613960_ARO:3003730_Bifidobacteria	75.870	862	176	21	7526	8362	2156	1302	3.20e-114	411	4119125
NODE_1670_length_8648_cov_65.5247	gb_NC_014638.1_-_1610636-1613960_ARO:3003730_Bifidobacteria	75.870	862	176	21	7526	8362	2156	1302	3.20e-114	411	4119125
NODE_1670_length_8648_cov_65.5247	gb_NC_014638.1_-_1610636-1613960_ARO:3003730_Bifidobacteria	75.870	862	176	21	7526	8362	2156	1302	3.20e-114	411	1209719
NODE_1670_length_8648_cov_65.5247	gb_NC_014638.1_-_1610636-1613960_ARO:3003730_Bifidobacteria	75.870	862	176	21	7526	8362	2156	1302	3.20e-114	411	1209719
NODE_1670_length_8648_cov_65.5247	gb_NC_014638.1_-_1610636-1613960_ARO:3003730_Bifidobacteria	75.870	862	176	21	7526	8362	2156	1302	3.20e-114	411	34054
NODE_1670_length_8648_cov_65.5247	gb_NC_014638.1_-_1610636-1613960_ARO:3003730_Bifidobacteria	75.870	862	176	21	7526	8362	2156	1302	3.20e-114	411	683669
NODE_1670_length_8648_cov_65.5247	gb_NC_014638.1_-_1610636-1613960_ARO:3003730_Bifidobacteria	75.870	862	176	21	7526	8362	2156	1302	3.20e-114	411	683669
NODE_1670_length_8648_cov_65.5247	gb_NC_014638.1_-_1610636-1613960_ARO:3003730_Bifidobacteria	75.870	862	176	21	7526	8362	2156	1302	3.20e-114	411	737440
NODE_1670_length_8648_cov_65.5247	gb_NC_014638.1_-_1610636-1613960_ARO:3003730_Bifidobacteria	75.870	862	176	21	7526	8362	2156	1302	3.20e-114	411	1286364
NODE_1670_length_8648_cov_65.5247	gb_NC_014638.1_-_1610636-1613960_ARO:3003730_Bifidobacteria	75.870	862	176	21	7526	8362	2156	1302	3.20e-114	411	834301
NODE_2546_length_6161_cov_4.3567	gb_NC_003098.1_-_1359228-1360395_ARO:3000025_patB	83.003	1159	193	3	3903	5059	1	1157	0.0	1046	1127884
NODE_3089_length_5221_cov_20.9592	gb_U00096_+_2155262-2158385_ARO:3000793_mdtB	73.542	480	117	9	1758	2232	3076	2602	2.76e-43	174	6789222
NODE_3331_length_4935_cov_4.19221	gb_X63451_+_0-1653_ARO:3002828_srmB	97.059	34	1	0	4213	4246	1466	1499	2.74e-08	58.4	1481223
NODE_6556_length_2845_cov_5.63656	gb_AF235050.4_+_38028-40140_ARO:3003318_Streptomyces	77.014	1105	194	50	1	1078	920	1991	2.72e-165	579	3331260
NODE_6960_length_2697_cov_13.7263	gb_AF235050.4_+_38028-40140_ARO:3003318_Streptomyces	74.921	1268	249	59	1369	2606	1991	763	2.05e-146	516	1291394
NODE_6960_length_2697_cov_13.7263	gb_AF235050.4_+_38028-40140_ARO:3003318_Streptomyces	74.921	1268	249	59	1369	2606	1991	763	2.05e-146	516	3331260
NODE_7301_length_2594_cov_4.60536	gb_AY768532_+_0-1935_ARO:3000535_macB	81.245	1237	217	13	7	1237	708	1935	0.0	985	167459
NODE_8370_length_2330_cov_13.1763	gb_NC_003112.2_-_1791966-1795170_ARO:3000811_mtrD	80.163	2334	455	8	1	2330	31	2360	0.0	1738	2251086
NODE_11851_length_1752_cov_4.14673	gb_AY768532_+_0-1935_ARO:3000535_macB	80.972	247	47	0	837	1083	662	416	1.96e-50	196	5949678
NODE_13585_length_1569_cov_4.17569	gb_NC_003098.1_-_1359228-1360395_ARO:3000025_patB	82.704	318	55	0	1	318	318	1	1.31e-76	283	1127884
NODE_28794_length_867_cov_90.6466	gb_AP006618.1_+_4835199-4838688_ARO:3000501_Nocardia	75.551	454	82	22	2	445	1311	877	9.58e-51	196	477563
NODE_28794_length_867_cov_90.6466	gb_AP006618.1_+_4835199-4838688_ARO:3000501_Nocardia	75.551	454	82	22	2	445	1311	877	9.58e-51	196	1512870
NODE_28794_length_867_cov_90.6466	gb_AP006618.1_+_4835199-4838688_ARO:3000501_Nocardia	75.551	454	82	22	2	445	1311	877	9.58e-51	196	1512870
NODE_33415_length_769_cov_153.66	gb_AF235050.4_+_38028-40140_ARO:3003318_Streptomyces	86.154	65	9	0	588	652	1897	1961	5.37e-13	71.3	3866418
NODE_33415_length_769_cov_153.66	gb_AF235050.4_+_38028-40140_ARO:3003318_Streptomyces	86.154	65	9	0	588	652	1897	1961	5.37e-13	71.3	3898981
NODE_33415_length_769_cov_153.66	gb_AF235050.4_+_38028-40140_ARO:3003318_Streptomyces	86.154	65	9	0	588	652	1897	1961	5.37e-13	71.3	4427447
NODE_36190_length_723_cov_198.472	gb_NC_014638.1_-_1610636-1613960_ARO:3003730_Bifidobacteria	76.259	695	137	17	25	696	1991	1302	2.69e-95	344	683669
NODE_36190_length_723_cov_198.472	gb_NC_014638.1_-_1610636-1613960_ARO:3003730_Bifidobacteria	76.259	695	137	17	25	696	1991	1302	2.69e-95	344	330560
NODE_36190_length_723_cov_198.472	gb_NC_014638.1_-_1610636-1613960_ARO:3003730_Bifidobacteria	76.259	695	137	17	25	696	1991	1302	2.69e-95	344	330560
NODE_144790_length_231_cov_0.954545	gb_M80346_+_0-1656_ARO:3002817_carA	100.000	28	0	0	159	186	1161	1188	5.49e-08	52.8	518497
