NODE_13_length_244266_cov_51.2508	gb_L11616_+_1569-4710_ARO:3000378_MexB	77.652	443	92	7	29979	30418	1057	1495	2.68e-68	263	1290886
NODE_13_length_244266_cov_51.2508	gb_L11616_+_1569-4710_ARO:3000378_MexB	77.652	443	92	7	29979	30418	1057	1495	2.68e-68	263	1290886
NODE_13_length_244266_cov_51.2508	gb_L11616_+_1569-4710_ARO:3000378_MexB	77.652	443	92	7	29979	30418	1057	1495	2.68e-68	263	34680
NODE_13_length_244266_cov_51.2508	gb_L11616_+_1569-4710_ARO:3000378_MexB	77.652	443	92	7	29979	30418	1057	1495	2.68e-68	263	5179699
NODE_13_length_244266_cov_51.2508	gb_L11616_+_1569-4710_ARO:3000378_MexB	77.652	443	92	7	29979	30418	1057	1495	2.68e-68	263	1115632
NODE_13_length_244266_cov_51.2508	gb_L11616_+_1569-4710_ARO:3000378_MexB	77.652	443	92	7	29979	30418	1057	1495	2.68e-68	263	745873
NODE_13_length_244266_cov_51.2508	gb_L11616_+_1569-4710_ARO:3000378_MexB	77.652	443	92	7	29979	30418	1057	1495	2.68e-68	263	6773849
NODE_13_length_244266_cov_51.2508	gb_L11616_+_1569-4710_ARO:3000378_MexB	77.652	443	92	7	29979	30418	1057	1495	2.68e-68	263	745873
NODE_13_length_244266_cov_51.2508	gb_L11616_+_1569-4710_ARO:3000378_MexB	77.652	443	92	7	29979	30418	1057	1495	2.68e-68	263	1970562
NODE_13_length_244266_cov_51.2508	gb_L11616_+_1569-4710_ARO:3000378_MexB	77.652	443	92	7	29979	30418	1057	1495	2.68e-68	263	307472
NODE_13_length_244266_cov_51.2508	gb_L11616_+_1569-4710_ARO:3000378_MexB	77.652	443	92	7	29979	30418	1057	1495	2.68e-68	263	357004
NODE_13_length_244266_cov_51.2508	gb_L11616_+_1569-4710_ARO:3000378_MexB	77.652	443	92	7	29979	30418	1057	1495	2.68e-68	263	4421195
NODE_13_length_244266_cov_51.2508	gb_L11616_+_1569-4710_ARO:3000378_MexB	77.652	443	92	7	29979	30418	1057	1495	2.68e-68	263	5201965
NODE_75_length_145387_cov_31.2498	gb_KX531046.1_+_0-864_ARO:3003982_LlmA	72.868	387	81	21	52809	53182	659	284	6.10e-23	111	1121116
NODE_75_length_145387_cov_31.2498	gb_KX531046.1_+_0-864_ARO:3003982_LlmA	72.868	387	81	21	52809	53182	659	284	6.10e-23	111	4421224
NODE_75_length_145387_cov_31.2498	gb_KX531046.1_+_0-864_ARO:3003982_LlmA	72.868	387	81	21	52809	53182	659	284	6.10e-23	111	1121116
NODE_75_length_145387_cov_31.2498	gb_KX531046.1_+_0-864_ARO:3003982_LlmA	72.868	387	81	21	52809	53182	659	284	6.10e-23	111	5087735
NODE_75_length_145387_cov_31.2498	gb_KX531046.1_+_0-864_ARO:3003982_LlmA	72.868	387	81	21	52809	53182	659	284	6.10e-23	111	1027965
NODE_75_length_145387_cov_31.2498	gb_KX531046.1_+_0-864_ARO:3003982_LlmA	72.868	387	81	21	52809	53182	659	284	6.10e-23	111	229122
NODE_75_length_145387_cov_31.2498	gb_KX531046.1_+_0-864_ARO:3003982_LlmA	72.868	387	81	21	52809	53182	659	284	6.10e-23	111	248555
NODE_75_length_145387_cov_31.2498	gb_KX531046.1_+_0-864_ARO:3003982_LlmA	72.868	387	81	21	52809	53182	659	284	6.10e-23	111	4421275
NODE_75_length_145387_cov_31.2498	gb_KX531046.1_+_0-864_ARO:3003982_LlmA	72.868	387	81	21	52809	53182	659	284	6.10e-23	111	578383
NODE_75_length_145387_cov_31.2498	gb_KX531046.1_+_0-864_ARO:3003982_LlmA	72.868	387	81	21	52809	53182	659	284	6.10e-23	111	1970535
NODE_75_length_145387_cov_31.2498	gb_KX531046.1_+_0-864_ARO:3003982_LlmA	72.868	387	81	21	52809	53182	659	284	6.10e-23	111	237307
NODE_75_length_145387_cov_31.2498	gb_KX531046.1_+_0-864_ARO:3003982_LlmA	72.868	387	81	21	52809	53182	659	284	6.10e-23	111	6355616
NODE_75_length_145387_cov_31.2498	gb_KX531046.1_+_0-864_ARO:3003982_LlmA	72.868	387	81	21	52809	53182	659	284	6.10e-23	111	114870
NODE_75_length_145387_cov_31.2498	gb_KX531046.1_+_0-864_ARO:3003982_LlmA	72.868	387	81	21	52809	53182	659	284	6.10e-23	111	97151
NODE_75_length_145387_cov_31.2498	gb_KX531046.1_+_0-864_ARO:3003982_LlmA	72.868	387	81	21	52809	53182	659	284	6.10e-23	111	1032063
NODE_75_length_145387_cov_31.2498	gb_KX531046.1_+_0-864_ARO:3003982_LlmA	72.868	387	81	21	52809	53182	659	284	6.10e-23	111	61038
NODE_75_length_145387_cov_31.2498	gb_KX531046.1_+_0-864_ARO:3003982_LlmA	72.868	387	81	21	52809	53182	659	284	6.10e-23	111	4421280
NODE_75_length_145387_cov_31.2498	gb_KX531046.1_+_0-864_ARO:3003982_LlmA	72.868	387	81	21	52809	53182	659	284	6.10e-23	111	4421119
NODE_75_length_145387_cov_31.2498	gb_KX531046.1_+_0-864_ARO:3003982_LlmA	72.868	387	81	21	52809	53182	659	284	6.10e-23	111	3356629
NODE_75_length_145387_cov_31.2498	gb_KX531046.1_+_0-864_ARO:3003982_LlmA	72.868	387	81	21	52809	53182	659	284	6.10e-23	111	1031695
NODE_75_length_145387_cov_31.2498	gb_KX531046.1_+_0-864_ARO:3003982_LlmA	72.868	387	81	21	52809	53182	659	284	6.10e-23	111	3724147
NODE_75_length_145387_cov_31.2498	gb_KX531046.1_+_0-864_ARO:3003982_LlmA	72.868	387	81	21	52809	53182	659	284	6.10e-23	111	3724147
NODE_75_length_145387_cov_31.2498	gb_KX531046.1_+_0-864_ARO:3003982_LlmA	72.868	387	81	21	52809	53182	659	284	6.10e-23	111	2238318
NODE_75_length_145387_cov_31.2498	gb_KX531046.1_+_0-864_ARO:3003982_LlmA	72.868	387	81	21	52809	53182	659	284	6.10e-23	111	4308882
NODE_75_length_145387_cov_31.2498	gb_KX531046.1_+_0-864_ARO:3003982_LlmA	72.868	387	81	21	52809	53182	659	284	6.10e-23	111	532886
NODE_75_length_145387_cov_31.2498	gb_KX531046.1_+_0-864_ARO:3003982_LlmA	72.868	387	81	21	52809	53182	659	284	6.10e-23	111	6243911
NODE_75_length_145387_cov_31.2498	gb_KX531046.1_+_0-864_ARO:3003982_LlmA	72.868	387	81	21	52809	53182	659	284	6.10e-23	111	1970497
NODE_75_length_145387_cov_31.2498	gb_KX531046.1_+_0-864_ARO:3003982_LlmA	72.868	387	81	21	52809	53182	659	284	6.10e-23	111	3843284
NODE_75_length_145387_cov_31.2498	gb_KX531046.1_+_0-864_ARO:3003982_LlmA	72.868	387	81	21	52809	53182	659	284	6.10e-23	111	881405
NODE_75_length_145387_cov_31.2498	gb_KX531046.1_+_0-864_ARO:3003982_LlmA	72.868	387	81	21	52809	53182	659	284	6.10e-23	111	5798068
NODE_75_length_145387_cov_31.2498	gb_KX531046.1_+_0-864_ARO:3003982_LlmA	72.868	387	81	21	52809	53182	659	284	6.10e-23	111	881405
NODE_75_length_145387_cov_31.2498	gb_KX531046.1_+_0-864_ARO:3003982_LlmA	72.868	387	81	21	52809	53182	659	284	6.10e-23	111	5798068
NODE_75_length_145387_cov_31.2498	gb_KX531046.1_+_0-864_ARO:3003982_LlmA	72.868	387	81	21	52809	53182	659	284	6.10e-23	111	3356565
NODE_75_length_145387_cov_31.2498	gb_KX531046.1_+_0-864_ARO:3003982_LlmA	72.868	387	81	21	52809	53182	659	284	6.10e-23	111	3843520
NODE_75_length_145387_cov_31.2498	gb_KX531046.1_+_0-864_ARO:3003982_LlmA	72.868	387	81	21	52809	53182	659	284	6.10e-23	111	1590012
NODE_75_length_145387_cov_31.2498	gb_KX531046.1_+_0-864_ARO:3003982_LlmA	72.868	387	81	21	52809	53182	659	284	6.10e-23	111	2739111
NODE_75_length_145387_cov_31.2498	gb_KX531046.1_+_0-864_ARO:3003982_LlmA	72.868	387	81	21	52809	53182	659	284	6.10e-23	111	592423
NODE_75_length_145387_cov_31.2498	gb_KX531046.1_+_0-864_ARO:3003982_LlmA	72.868	387	81	21	52809	53182	659	284	6.10e-23	111	578693
NODE_75_length_145387_cov_31.2498	gb_KX531046.1_+_0-864_ARO:3003982_LlmA	72.868	387	81	21	52809	53182	659	284	6.10e-23	111	578693
NODE_75_length_145387_cov_31.2498	gb_KX531046.1_+_0-864_ARO:3003982_LlmA	72.868	387	81	21	52809	53182	659	284	6.10e-23	111	591324
NODE_75_length_145387_cov_31.2498	gb_KX531046.1_+_0-864_ARO:3003982_LlmA	72.868	387	81	21	52809	53182	659	284	6.10e-23	111	578693
NODE_75_length_145387_cov_31.2498	gb_KX531046.1_+_0-864_ARO:3003982_LlmA	72.868	387	81	21	52809	53182	659	284	6.10e-23	111	578693
NODE_75_length_145387_cov_31.2498	gb_KX531046.1_+_0-864_ARO:3003982_LlmA	72.868	387	81	21	52809	53182	659	284	6.10e-23	111	831740
NODE_75_length_145387_cov_31.2498	gb_KX531046.1_+_0-864_ARO:3003982_LlmA	72.868	387	81	21	52809	53182	659	284	6.10e-23	111	579120
NODE_75_length_145387_cov_31.2498	gb_KX531046.1_+_0-864_ARO:3003982_LlmA	72.868	387	81	21	52809	53182	659	284	6.10e-23	111	578693
NODE_75_length_145387_cov_31.2498	gb_KX531046.1_+_0-864_ARO:3003982_LlmA	72.868	387	81	21	52809	53182	659	284	6.10e-23	111	579120
NODE_75_length_145387_cov_31.2498	gb_KX531046.1_+_0-864_ARO:3003982_LlmA	72.868	387	81	21	52809	53182	659	284	6.10e-23	111	579120
NODE_75_length_145387_cov_31.2498	gb_KX531046.1_+_0-864_ARO:3003982_LlmA	72.868	387	81	21	52809	53182	659	284	6.10e-23	111	817687
NODE_75_length_145387_cov_31.2498	gb_KX531046.1_+_0-864_ARO:3003982_LlmA	72.868	387	81	21	52809	53182	659	284	6.10e-23	111	578693
NODE_75_length_145387_cov_31.2498	gb_KX531046.1_+_0-864_ARO:3003982_LlmA	72.868	387	81	21	52809	53182	659	284	6.10e-23	111	578693
NODE_75_length_145387_cov_31.2498	gb_KX531046.1_+_0-864_ARO:3003982_LlmA	72.868	387	81	21	52809	53182	659	284	6.10e-23	111	1120958
NODE_75_length_145387_cov_31.2498	gb_KX531046.1_+_0-864_ARO:3003982_LlmA	72.868	387	81	21	52809	53182	659	284	6.10e-23	111	817687
NODE_75_length_145387_cov_31.2498	gb_KX531046.1_+_0-864_ARO:3003982_LlmA	72.868	387	81	21	52809	53182	659	284	6.10e-23	111	578693
NODE_75_length_145387_cov_31.2498	gb_KX531046.1_+_0-864_ARO:3003982_LlmA	72.868	387	81	21	52809	53182	659	284	6.10e-23	111	717120
NODE_75_length_145387_cov_31.2498	gb_KX531046.1_+_0-864_ARO:3003982_LlmA	72.868	387	81	21	52809	53182	659	284	6.10e-23	111	578693
NODE_75_length_145387_cov_31.2498	gb_KX531046.1_+_0-864_ARO:3003982_LlmA	72.868	387	81	21	52809	53182	659	284	6.10e-23	111	578693
NODE_75_length_145387_cov_31.2498	gb_KX531046.1_+_0-864_ARO:3003982_LlmA	72.868	387	81	21	52809	53182	659	284	6.10e-23	111	578693
NODE_75_length_145387_cov_31.2498	gb_KX531046.1_+_0-864_ARO:3003982_LlmA	72.868	387	81	21	52809	53182	659	284	6.10e-23	111	578693
NODE_75_length_145387_cov_31.2498	gb_KX531046.1_+_0-864_ARO:3003982_LlmA	72.868	387	81	21	52809	53182	659	284	6.10e-23	111	1566824
NODE_75_length_145387_cov_31.2498	gb_KX531046.1_+_0-864_ARO:3003982_LlmA	72.868	387	81	21	52809	53182	659	284	6.10e-23	111	1118677
NODE_75_length_145387_cov_31.2498	gb_KX531046.1_+_0-864_ARO:3003982_LlmA	72.868	387	81	21	52809	53182	659	284	6.10e-23	111	3540600
NODE_75_length_145387_cov_31.2498	gb_KX531046.1_+_0-864_ARO:3003982_LlmA	72.868	387	81	21	52809	53182	659	284	6.10e-23	111	312595
NODE_75_length_145387_cov_31.2498	gb_KX531046.1_+_0-864_ARO:3003982_LlmA	72.868	387	81	21	52809	53182	659	284	6.10e-23	111	829623
NODE_75_length_145387_cov_31.2498	gb_KX531046.1_+_0-864_ARO:3003982_LlmA	72.868	387	81	21	52809	53182	659	284	6.10e-23	111	6774093
NODE_75_length_145387_cov_31.2498	gb_KX531046.1_+_0-864_ARO:3003982_LlmA	72.868	387	81	21	52809	53182	659	284	6.10e-23	111	372349
NODE_75_length_145387_cov_31.2498	gb_KX531046.1_+_0-864_ARO:3003982_LlmA	72.868	387	81	21	52809	53182	659	284	6.10e-23	111	74760
NODE_75_length_145387_cov_31.2498	gb_KX531046.1_+_0-864_ARO:3003982_LlmA	72.868	387	81	21	52809	53182	659	284	6.10e-23	111	1025717
NODE_75_length_145387_cov_31.2498	gb_KX531046.1_+_0-864_ARO:3003982_LlmA	72.868	387	81	21	52809	53182	659	284	6.10e-23	111	1331254
NODE_75_length_145387_cov_31.2498	gb_KX531046.1_+_0-864_ARO:3003982_LlmA	72.868	387	81	21	52809	53182	659	284	6.10e-23	111	1506476
NODE_75_length_145387_cov_31.2498	gb_KX531046.1_+_0-864_ARO:3003982_LlmA	72.868	387	81	21	52809	53182	659	284	6.10e-23	111	697427
NODE_75_length_145387_cov_31.2498	gb_KX531046.1_+_0-864_ARO:3003982_LlmA	72.868	387	81	21	52809	53182	659	284	6.10e-23	111	697427
NODE_108_length_126910_cov_20.6403	gb_AFRQ01000061.1_-_23986-27124_ARO:3004144_AxyY	73.978	465	105	15	78982	79438	1023	1479	6.71e-42	174	956676
NODE_108_length_126910_cov_20.6403	gb_AFRQ01000061.1_-_23986-27124_ARO:3004144_AxyY	73.978	465	105	15	78982	79438	1023	1479	6.71e-42	174	1382373
NODE_108_length_126910_cov_20.6403	gb_AFRQ01000061.1_-_23986-27124_ARO:3004144_AxyY	73.978	465	105	15	78982	79438	1023	1479	6.71e-42	174	958603
NODE_108_length_126910_cov_20.6403	gb_AFRQ01000061.1_-_23986-27124_ARO:3004144_AxyY	73.978	465	105	15	78982	79438	1023	1479	6.71e-42	174	1334851
NODE_108_length_126910_cov_20.6403	gb_AFRQ01000061.1_-_23986-27124_ARO:3004144_AxyY	73.978	465	105	15	78982	79438	1023	1479	6.71e-42	174	975469
NODE_108_length_126910_cov_20.6403	gb_AFRQ01000061.1_-_23986-27124_ARO:3004144_AxyY	73.978	465	105	15	78982	79438	1023	1479	6.71e-42	174	5918582
NODE_108_length_126910_cov_20.6403	gb_AFRQ01000061.1_-_23986-27124_ARO:3004144_AxyY	73.978	465	105	15	78982	79438	1023	1479	6.71e-42	174	2695379
NODE_108_length_126910_cov_20.6403	gb_AFRQ01000061.1_-_23986-27124_ARO:3004144_AxyY	73.978	465	105	15	78982	79438	1023	1479	6.71e-42	174	1900594
NODE_108_length_126910_cov_20.6403	gb_AFRQ01000061.1_-_23986-27124_ARO:3004144_AxyY	73.978	465	105	15	78982	79438	1023	1479	6.71e-42	174	6543860
NODE_108_length_126910_cov_20.6403	gb_AFRQ01000061.1_-_23986-27124_ARO:3004144_AxyY	73.978	465	105	15	78982	79438	1023	1479	6.71e-42	174	3427113
NODE_108_length_126910_cov_20.6403	gb_AFRQ01000061.1_-_23986-27124_ARO:3004144_AxyY	73.978	465	105	15	78982	79438	1023	1479	6.71e-42	174	4172012
NODE_108_length_126910_cov_20.6403	gb_AFRQ01000061.1_-_23986-27124_ARO:3004144_AxyY	73.978	465	105	15	78982	79438	1023	1479	6.71e-42	174	284061
NODE_108_length_126910_cov_20.6403	gb_AFRQ01000061.1_-_23986-27124_ARO:3004144_AxyY	73.978	465	105	15	78982	79438	1023	1479	6.71e-42	174	5262144
NODE_108_length_126910_cov_20.6403	gb_AFRQ01000061.1_-_23986-27124_ARO:3004144_AxyY	73.978	465	105	15	78982	79438	1023	1479	6.71e-42	174	2916841
NODE_108_length_126910_cov_20.6403	gb_AFRQ01000061.1_-_23986-27124_ARO:3004144_AxyY	73.978	465	105	15	78982	79438	1023	1479	6.71e-42	174	4715243
NODE_108_length_126910_cov_20.6403	gb_AFRQ01000061.1_-_23986-27124_ARO:3004144_AxyY	73.978	465	105	15	78982	79438	1023	1479	6.71e-42	174	179963
NODE_108_length_126910_cov_20.6403	gb_AFRQ01000061.1_-_23986-27124_ARO:3004144_AxyY	73.978	465	105	15	78982	79438	1023	1479	6.71e-42	174	3305521
NODE_108_length_126910_cov_20.6403	gb_AFRQ01000061.1_-_23986-27124_ARO:3004144_AxyY	73.978	465	105	15	78982	79438	1023	1479	6.71e-42	174	6773844
NODE_108_length_126910_cov_20.6403	gb_AFRQ01000061.1_-_23986-27124_ARO:3004144_AxyY	73.978	465	105	15	78982	79438	1023	1479	6.71e-42	174	6214861
NODE_108_length_126910_cov_20.6403	gb_AFRQ01000061.1_-_23986-27124_ARO:3004144_AxyY	73.978	465	105	15	78982	79438	1023	1479	6.71e-42	174	2480801
NODE_141_length_111998_cov_77.4117	gb_NC_007779_+_2586250-2589364_ARO:3000491_acrD	96.875	32	1	0	14621	14652	1907	1876	8.04e-06	54.7	1970285
NODE_141_length_111998_cov_77.4117	gb_NC_007779_+_2586250-2589364_ARO:3000491_acrD	96.875	32	1	0	14621	14652	1907	1876	8.04e-06	54.7	3843266
NODE_141_length_111998_cov_77.4117	gb_NC_007779_+_2586250-2589364_ARO:3000491_acrD	96.875	32	1	0	14621	14652	1907	1876	8.04e-06	54.7	2238182
NODE_141_length_111998_cov_77.4117	gb_NC_007779_+_2586250-2589364_ARO:3000491_acrD	96.875	32	1	0	14621	14652	1907	1876	8.04e-06	54.7	5918179
NODE_141_length_111998_cov_77.4117	gb_NC_007779_+_2586250-2589364_ARO:3000491_acrD	96.875	32	1	0	14621	14652	1907	1876	8.04e-06	54.7	2736626
NODE_141_length_111998_cov_77.4117	gb_NC_007779_+_2586250-2589364_ARO:3000491_acrD	96.875	32	1	0	14621	14652	1907	1876	8.04e-06	54.7	3538501
NODE_141_length_111998_cov_77.4117	gb_NC_007779_+_2586250-2589364_ARO:3000491_acrD	96.875	32	1	0	14621	14652	1907	1876	8.04e-06	54.7	2547422
NODE_141_length_111998_cov_77.4117	gb_NC_007779_+_2586250-2589364_ARO:3000491_acrD	96.875	32	1	0	14621	14652	1907	1876	8.04e-06	54.7	2705132
NODE_141_length_111998_cov_77.4117	gb_NC_007779_+_2586250-2589364_ARO:3000491_acrD	96.875	32	1	0	14621	14652	1907	1876	8.04e-06	54.7	5918234
NODE_141_length_111998_cov_77.4117	gb_NC_007779_+_2586250-2589364_ARO:3000491_acrD	96.875	32	1	0	14621	14652	1907	1876	8.04e-06	54.7	5918255
NODE_141_length_111998_cov_77.4117	gb_NC_007779_+_2586250-2589364_ARO:3000491_acrD	96.875	32	1	0	14621	14652	1907	1876	8.04e-06	54.7	3843307
NODE_141_length_111998_cov_77.4117	gb_NC_007779_+_2586250-2589364_ARO:3000491_acrD	96.875	32	1	0	14621	14652	1907	1876	8.04e-06	54.7	2719682
NODE_141_length_111998_cov_77.4117	gb_NC_007779_+_2586250-2589364_ARO:3000491_acrD	96.875	32	1	0	14621	14652	1907	1876	8.04e-06	54.7	3979948
NODE_141_length_111998_cov_77.4117	gb_NC_007779_+_2586250-2589364_ARO:3000491_acrD	96.875	32	1	0	14621	14652	1907	1876	8.04e-06	54.7	3356498
NODE_141_length_111998_cov_77.4117	gb_NC_007779_+_2586250-2589364_ARO:3000491_acrD	96.875	32	1	0	14621	14652	1907	1876	8.04e-06	54.7	1343986
NODE_141_length_111998_cov_77.4117	gb_NC_007779_+_2586250-2589364_ARO:3000491_acrD	96.875	32	1	0	14621	14652	1907	1876	8.04e-06	54.7	1681331
NODE_141_length_111998_cov_77.4117	gb_NC_007779_+_2586250-2589364_ARO:3000491_acrD	96.875	32	1	0	14621	14652	1907	1876	8.04e-06	54.7	3356451
NODE_141_length_111998_cov_77.4117	gb_NC_007779_+_2586250-2589364_ARO:3000491_acrD	96.875	32	1	0	14621	14652	1907	1876	8.04e-06	54.7	993879
NODE_141_length_111998_cov_77.4117	gb_NC_007779_+_2586250-2589364_ARO:3000491_acrD	96.875	32	1	0	14621	14652	1907	1876	8.04e-06	54.7	5918364
NODE_148_length_108557_cov_75.6567	gb_U05883_+_555-1458_ARO:3003559_cepA	77.669	815	164	17	7583	8388	77	882	3.02e-134	481	5918370
NODE_148_length_108557_cov_75.6567	gb_U05883_+_555-1458_ARO:3003559_cepA	77.669	815	164	17	7583	8388	77	882	3.02e-134	481	2547361
NODE_148_length_108557_cov_75.6567	gb_U05883_+_555-1458_ARO:3003559_cepA	77.669	815	164	17	7583	8388	77	882	3.02e-134	481	60585
NODE_148_length_108557_cov_75.6567	gb_U05883_+_555-1458_ARO:3003559_cepA	77.669	815	164	17	7583	8388	77	882	3.02e-134	481	47174
NODE_148_length_108557_cov_75.6567	gb_U05883_+_555-1458_ARO:3003559_cepA	77.669	815	164	17	7583	8388	77	882	3.02e-134	481	818745
NODE_148_length_108557_cov_75.6567	gb_U05883_+_555-1458_ARO:3003559_cepA	77.669	815	164	17	7583	8388	77	882	3.02e-134	481	5918282
NODE_148_length_108557_cov_75.6567	gb_U05883_+_555-1458_ARO:3003559_cepA	77.669	815	164	17	7583	8388	77	882	3.02e-134	481	6430114
NODE_148_length_108557_cov_75.6567	gb_U05883_+_555-1458_ARO:3003559_cepA	77.669	815	164	17	7583	8388	77	882	3.02e-134	481	1412477
NODE_148_length_108557_cov_75.6567	gb_U05883_+_555-1458_ARO:3003559_cepA	77.669	815	164	17	7583	8388	77	882	3.02e-134	481	2565700
NODE_148_length_108557_cov_75.6567	gb_U05883_+_555-1458_ARO:3003559_cepA	77.669	815	164	17	7583	8388	77	882	3.02e-134	481	323218
NODE_148_length_108557_cov_75.6567	gb_U05883_+_555-1458_ARO:3003559_cepA	77.669	815	164	17	7583	8388	77	882	3.02e-134	481	3356667
NODE_148_length_108557_cov_75.6567	gb_U05883_+_555-1458_ARO:3003559_cepA	77.669	815	164	17	7583	8388	77	882	3.02e-134	481	6188271
NODE_148_length_108557_cov_75.6567	gb_U05883_+_555-1458_ARO:3003559_cepA	77.669	815	164	17	7583	8388	77	882	3.02e-134	481	2374915
NODE_182_length_97782_cov_21.1884	gb_M57437_+_0-1647_ARO:3002827_tlrC	92.500	40	1	2	75390	75429	594	557	1.95e-06	56.5	4995218
NODE_182_length_97782_cov_21.1884	gb_M57437_+_0-1647_ARO:3002827_tlrC	92.500	40	1	2	75390	75429	594	557	1.95e-06	56.5	2402082
NODE_182_length_97782_cov_21.1884	gb_M57437_+_0-1647_ARO:3002827_tlrC	92.500	40	1	2	75390	75429	594	557	1.95e-06	56.5	6773862
NODE_182_length_97782_cov_21.1884	gb_M57437_+_0-1647_ARO:3002827_tlrC	92.500	40	1	2	75390	75429	594	557	1.95e-06	56.5	6773862
NODE_182_length_97782_cov_21.1884	gb_M57437_+_0-1647_ARO:3002827_tlrC	92.500	40	1	2	75390	75429	594	557	1.95e-06	56.5	953666
NODE_182_length_97782_cov_21.1884	gb_M57437_+_0-1647_ARO:3002827_tlrC	92.500	40	1	2	75390	75429	594	557	1.95e-06	56.5	2861891
NODE_182_length_97782_cov_21.1884	gb_M57437_+_0-1647_ARO:3002827_tlrC	92.500	40	1	2	75390	75429	594	557	1.95e-06	56.5	4795141
NODE_182_length_97782_cov_21.1884	gb_M57437_+_0-1647_ARO:3002827_tlrC	92.500	40	1	2	75390	75429	594	557	1.95e-06	56.5	4421095
NODE_182_length_97782_cov_21.1884	gb_M57437_+_0-1647_ARO:3002827_tlrC	92.500	40	1	2	75390	75429	594	557	1.95e-06	56.5	6187215
NODE_183_length_97738_cov_16.4789	gb_NC_002516_+_2810008-2813197_ARO:3000804_MexF	72.727	506	118	20	3891	4386	1500	1005	2.42e-35	152	2059111
NODE_183_length_97738_cov_16.4789	gb_NC_010378.1_+_47850-51003_ARO:3003923_oqxB	71.834	458	107	20	3913	4359	1478	1032	4.11e-23	111	2059111
NODE_183_length_97738_cov_16.4789	gb_L11616_+_1569-4710_ARO:3000378_MexB	76.471	204	38	9	4141	4339	1241	1043	2.47e-20	102	2059111
NODE_183_length_97738_cov_16.4789	gb_NC_002516_+_4707534-4710624_ARO:3000808_mexI	96.296	54	1	1	4141	4193	1220	1167	6.92e-16	87.9	2059111
NODE_183_length_97738_cov_16.4789	gb_NC_002516.2_+_4904646-4907703_ARO:3003031_mexW	94.545	55	2	1	4140	4193	1221	1167	8.95e-15	84.2	2059111
NODE_183_length_97738_cov_16.4789	gb_U57969_+_1485-4617_ARO:3000801_MexD	90.566	53	5	0	4141	4193	1247	1195	6.97e-11	71.3	2059111
NODE_183_length_97738_cov_16.4789	gb_NC_002516_+_2810008-2813197_ARO:3000804_MexF	72.727	506	118	20	3891	4386	1500	1005	2.42e-35	152	6773786
NODE_183_length_97738_cov_16.4789	gb_NC_010378.1_+_47850-51003_ARO:3003923_oqxB	71.834	458	107	20	3913	4359	1478	1032	4.11e-23	111	6773786
NODE_183_length_97738_cov_16.4789	gb_L11616_+_1569-4710_ARO:3000378_MexB	76.471	204	38	9	4141	4339	1241	1043	2.47e-20	102	6773786
NODE_183_length_97738_cov_16.4789	gb_NC_002516_+_4707534-4710624_ARO:3000808_mexI	96.296	54	1	1	4141	4193	1220	1167	6.92e-16	87.9	6773786
NODE_183_length_97738_cov_16.4789	gb_NC_002516.2_+_4904646-4907703_ARO:3003031_mexW	94.545	55	2	1	4140	4193	1221	1167	8.95e-15	84.2	6773786
NODE_183_length_97738_cov_16.4789	gb_U57969_+_1485-4617_ARO:3000801_MexD	90.566	53	5	0	4141	4193	1247	1195	6.97e-11	71.3	6773786
NODE_183_length_97738_cov_16.4789	gb_NC_002516_+_2810008-2813197_ARO:3000804_MexF	72.727	506	118	20	3891	4386	1500	1005	2.42e-35	152	180842
NODE_183_length_97738_cov_16.4789	gb_NC_010378.1_+_47850-51003_ARO:3003923_oqxB	71.834	458	107	20	3913	4359	1478	1032	4.11e-23	111	180842
NODE_183_length_97738_cov_16.4789	gb_L11616_+_1569-4710_ARO:3000378_MexB	76.471	204	38	9	4141	4339	1241	1043	2.47e-20	102	180842
NODE_183_length_97738_cov_16.4789	gb_NC_002516_+_4707534-4710624_ARO:3000808_mexI	96.296	54	1	1	4141	4193	1220	1167	6.92e-16	87.9	180842
NODE_183_length_97738_cov_16.4789	gb_NC_002516.2_+_4904646-4907703_ARO:3003031_mexW	94.545	55	2	1	4140	4193	1221	1167	8.95e-15	84.2	180842
NODE_183_length_97738_cov_16.4789	gb_U57969_+_1485-4617_ARO:3000801_MexD	90.566	53	5	0	4141	4193	1247	1195	6.97e-11	71.3	180842
NODE_183_length_97738_cov_16.4789	gb_NC_002516_+_2810008-2813197_ARO:3000804_MexF	72.727	506	118	20	3891	4386	1500	1005	2.42e-35	152	3843313
NODE_183_length_97738_cov_16.4789	gb_NC_010378.1_+_47850-51003_ARO:3003923_oqxB	71.834	458	107	20	3913	4359	1478	1032	4.11e-23	111	3843313
NODE_183_length_97738_cov_16.4789	gb_L11616_+_1569-4710_ARO:3000378_MexB	76.471	204	38	9	4141	4339	1241	1043	2.47e-20	102	3843313
NODE_183_length_97738_cov_16.4789	gb_NC_002516_+_4707534-4710624_ARO:3000808_mexI	96.296	54	1	1	4141	4193	1220	1167	6.92e-16	87.9	3843313
NODE_183_length_97738_cov_16.4789	gb_NC_002516.2_+_4904646-4907703_ARO:3003031_mexW	94.545	55	2	1	4140	4193	1221	1167	8.95e-15	84.2	3843313
NODE_183_length_97738_cov_16.4789	gb_U57969_+_1485-4617_ARO:3000801_MexD	90.566	53	5	0	4141	4193	1247	1195	6.97e-11	71.3	3843313
NODE_183_length_97738_cov_16.4789	gb_NC_002516_+_2810008-2813197_ARO:3000804_MexF	72.727	506	118	20	3891	4386	1500	1005	2.42e-35	152	631096
NODE_183_length_97738_cov_16.4789	gb_NC_010378.1_+_47850-51003_ARO:3003923_oqxB	71.834	458	107	20	3913	4359	1478	1032	4.11e-23	111	631096
NODE_183_length_97738_cov_16.4789	gb_L11616_+_1569-4710_ARO:3000378_MexB	76.471	204	38	9	4141	4339	1241	1043	2.47e-20	102	631096
NODE_183_length_97738_cov_16.4789	gb_NC_002516_+_4707534-4710624_ARO:3000808_mexI	96.296	54	1	1	4141	4193	1220	1167	6.92e-16	87.9	631096
NODE_183_length_97738_cov_16.4789	gb_NC_002516.2_+_4904646-4907703_ARO:3003031_mexW	94.545	55	2	1	4140	4193	1221	1167	8.95e-15	84.2	631096
NODE_183_length_97738_cov_16.4789	gb_U57969_+_1485-4617_ARO:3000801_MexD	90.566	53	5	0	4141	4193	1247	1195	6.97e-11	71.3	631096
NODE_297_length_78007_cov_183.571	gb_GQ343019_+_132-1023_ARO:3002999_CblA-1	97.082	891	26	0	9953	10843	891	1	0.0	1502	3512453
NODE_297_length_78007_cov_183.571	gb_GQ343019_+_132-1023_ARO:3002999_CblA-1	97.082	891	26	0	9953	10843	891	1	0.0	1502	5918251
NODE_297_length_78007_cov_183.571	gb_GQ343019_+_132-1023_ARO:3002999_CblA-1	97.082	891	26	0	9953	10843	891	1	0.0	1502	1182398
NODE_297_length_78007_cov_183.571	gb_GQ343019_+_132-1023_ARO:3002999_CblA-1	97.082	891	26	0	9953	10843	891	1	0.0	1502	1970354
NODE_297_length_78007_cov_183.571	gb_GQ343019_+_132-1023_ARO:3002999_CblA-1	97.082	891	26	0	9953	10843	891	1	0.0	1502	2239010
NODE_297_length_78007_cov_183.571	gb_GQ343019_+_132-1023_ARO:3002999_CblA-1	97.082	891	26	0	9953	10843	891	1	0.0	1502	3357127
NODE_388_length_63977_cov_34.9449	gb_AP006618.1_+_4835199-4838688_ARO:3000501_Nocardia	74.229	811	176	22	58669	59464	1063	1855	8.88e-83	309	59546
NODE_388_length_63977_cov_34.9449	gb_AP006618.1_+_4835199-4838688_ARO:3000501_Nocardia	74.229	811	176	22	58669	59464	1063	1855	8.88e-83	309	592482
NODE_388_length_63977_cov_34.9449	gb_AP006618.1_+_4835199-4838688_ARO:3000501_Nocardia	74.229	811	176	22	58669	59464	1063	1855	8.88e-83	309	5918879
NODE_388_length_63977_cov_34.9449	gb_AP006618.1_+_4835199-4838688_ARO:3000501_Nocardia	74.229	811	176	22	58669	59464	1063	1855	8.88e-83	309	814983
NODE_388_length_63977_cov_34.9449	gb_AP006618.1_+_4835199-4838688_ARO:3000501_Nocardia	74.229	811	176	22	58669	59464	1063	1855	8.88e-83	309	814983
NODE_388_length_63977_cov_34.9449	gb_AP006618.1_+_4835199-4838688_ARO:3000501_Nocardia	74.229	811	176	22	58669	59464	1063	1855	8.88e-83	309	814983
NODE_388_length_63977_cov_34.9449	gb_AP006618.1_+_4835199-4838688_ARO:3000501_Nocardia	74.229	811	176	22	58669	59464	1063	1855	8.88e-83	309	1855506
NODE_388_length_63977_cov_34.9449	gb_AP006618.1_+_4835199-4838688_ARO:3000501_Nocardia	74.229	811	176	22	58669	59464	1063	1855	8.88e-83	309	4020948
NODE_388_length_63977_cov_34.9449	gb_AP006618.1_+_4835199-4838688_ARO:3000501_Nocardia	74.229	811	176	22	58669	59464	1063	1855	8.88e-83	309	100759
NODE_388_length_63977_cov_34.9449	gb_AP006618.1_+_4835199-4838688_ARO:3000501_Nocardia	74.229	811	176	22	58669	59464	1063	1855	8.88e-83	309	374305
NODE_388_length_63977_cov_34.9449	gb_AP006618.1_+_4835199-4838688_ARO:3000501_Nocardia	74.229	811	176	22	58669	59464	1063	1855	8.88e-83	309	672475
NODE_388_length_63977_cov_34.9449	gb_AP006618.1_+_4835199-4838688_ARO:3000501_Nocardia	74.229	811	176	22	58669	59464	1063	1855	8.88e-83	309	96772
NODE_388_length_63977_cov_34.9449	gb_AP006618.1_+_4835199-4838688_ARO:3000501_Nocardia	74.229	811	176	22	58669	59464	1063	1855	8.88e-83	309	3843382
NODE_388_length_63977_cov_34.9449	gb_AP006618.1_+_4835199-4838688_ARO:3000501_Nocardia	74.229	811	176	22	58669	59464	1063	1855	8.88e-83	309	795087
NODE_388_length_63977_cov_34.9449	gb_AP006618.1_+_4835199-4838688_ARO:3000501_Nocardia	74.229	811	176	22	58669	59464	1063	1855	8.88e-83	309	2105567
NODE_388_length_63977_cov_34.9449	gb_AP006618.1_+_4835199-4838688_ARO:3000501_Nocardia	74.229	811	176	22	58669	59464	1063	1855	8.88e-83	309	628418
NODE_388_length_63977_cov_34.9449	gb_AP006618.1_+_4835199-4838688_ARO:3000501_Nocardia	74.229	811	176	22	58669	59464	1063	1855	8.88e-83	309	628418
NODE_388_length_63977_cov_34.9449	gb_AP006618.1_+_4835199-4838688_ARO:3000501_Nocardia	74.229	811	176	22	58669	59464	1063	1855	8.88e-83	309	2547408
NODE_388_length_63977_cov_34.9449	gb_AP006618.1_+_4835199-4838688_ARO:3000501_Nocardia	74.229	811	176	22	58669	59464	1063	1855	8.88e-83	309	2547408
NODE_388_length_63977_cov_34.9449	gb_AP006618.1_+_4835199-4838688_ARO:3000501_Nocardia	74.229	811	176	22	58669	59464	1063	1855	8.88e-83	309	2547408
NODE_388_length_63977_cov_34.9449	gb_AP006618.1_+_4835199-4838688_ARO:3000501_Nocardia	74.229	811	176	22	58669	59464	1063	1855	8.88e-83	309	5918633
NODE_388_length_63977_cov_34.9449	gb_AP006618.1_+_4835199-4838688_ARO:3000501_Nocardia	74.229	811	176	22	58669	59464	1063	1855	8.88e-83	309	395469
NODE_388_length_63977_cov_34.9449	gb_AP006618.1_+_4835199-4838688_ARO:3000501_Nocardia	74.229	811	176	22	58669	59464	1063	1855	8.88e-83	309	6773787
NODE_388_length_63977_cov_34.9449	gb_AP006618.1_+_4835199-4838688_ARO:3000501_Nocardia	74.229	811	176	22	58669	59464	1063	1855	8.88e-83	309	1559503
NODE_388_length_63977_cov_34.9449	gb_AP006618.1_+_4835199-4838688_ARO:3000501_Nocardia	74.229	811	176	22	58669	59464	1063	1855	8.88e-83	309	1054356
NODE_388_length_63977_cov_34.9449	gb_AP006618.1_+_4835199-4838688_ARO:3000501_Nocardia	74.229	811	176	22	58669	59464	1063	1855	8.88e-83	309	175157
NODE_388_length_63977_cov_34.9449	gb_AP006618.1_+_4835199-4838688_ARO:3000501_Nocardia	74.229	811	176	22	58669	59464	1063	1855	8.88e-83	309	2186935
NODE_388_length_63977_cov_34.9449	gb_AP006618.1_+_4835199-4838688_ARO:3000501_Nocardia	74.229	811	176	22	58669	59464	1063	1855	8.88e-83	309	103686
NODE_388_length_63977_cov_34.9449	gb_AP006618.1_+_4835199-4838688_ARO:3000501_Nocardia	74.229	811	176	22	58669	59464	1063	1855	8.88e-83	309	1078982
NODE_388_length_63977_cov_34.9449	gb_AP006618.1_+_4835199-4838688_ARO:3000501_Nocardia	74.229	811	176	22	58669	59464	1063	1855	8.88e-83	309	5918175
NODE_388_length_63977_cov_34.9449	gb_AP006618.1_+_4835199-4838688_ARO:3000501_Nocardia	74.229	811	176	22	58669	59464	1063	1855	8.88e-83	309	831676
NODE_388_length_63977_cov_34.9449	gb_AP006618.1_+_4835199-4838688_ARO:3000501_Nocardia	74.229	811	176	22	58669	59464	1063	1855	8.88e-83	309	2547375
NODE_388_length_63977_cov_34.9449	gb_AP006618.1_+_4835199-4838688_ARO:3000501_Nocardia	74.229	811	176	22	58669	59464	1063	1855	8.88e-83	309	173014
NODE_388_length_63977_cov_34.9449	gb_AP006618.1_+_4835199-4838688_ARO:3000501_Nocardia	74.229	811	176	22	58669	59464	1063	1855	8.88e-83	309	173014
NODE_388_length_63977_cov_34.9449	gb_AP006618.1_+_4835199-4838688_ARO:3000501_Nocardia	74.229	811	176	22	58669	59464	1063	1855	8.88e-83	309	247885
NODE_388_length_63977_cov_34.9449	gb_AP006618.1_+_4835199-4838688_ARO:3000501_Nocardia	74.229	811	176	22	58669	59464	1063	1855	8.88e-83	309	169298
NODE_388_length_63977_cov_34.9449	gb_AP006618.1_+_4835199-4838688_ARO:3000501_Nocardia	74.229	811	176	22	58669	59464	1063	1855	8.88e-83	309	135780
NODE_388_length_63977_cov_34.9449	gb_AP006618.1_+_4835199-4838688_ARO:3000501_Nocardia	74.229	811	176	22	58669	59464	1063	1855	8.88e-83	309	201930
NODE_388_length_63977_cov_34.9449	gb_AP006618.1_+_4835199-4838688_ARO:3000501_Nocardia	74.229	811	176	22	58669	59464	1063	1855	8.88e-83	309	617621
NODE_388_length_63977_cov_34.9449	gb_AP006618.1_+_4835199-4838688_ARO:3000501_Nocardia	74.229	811	176	22	58669	59464	1063	1855	8.88e-83	309	136160
NODE_388_length_63977_cov_34.9449	gb_AP006618.1_+_4835199-4838688_ARO:3000501_Nocardia	74.229	811	176	22	58669	59464	1063	1855	8.88e-83	309	558292
NODE_388_length_63977_cov_34.9449	gb_AP006618.1_+_4835199-4838688_ARO:3000501_Nocardia	74.229	811	176	22	58669	59464	1063	1855	8.88e-83	309	575758
NODE_388_length_63977_cov_34.9449	gb_AP006618.1_+_4835199-4838688_ARO:3000501_Nocardia	74.229	811	176	22	58669	59464	1063	1855	8.88e-83	309	136160
NODE_388_length_63977_cov_34.9449	gb_AP006618.1_+_4835199-4838688_ARO:3000501_Nocardia	74.229	811	176	22	58669	59464	1063	1855	8.88e-83	309	1673423
NODE_388_length_63977_cov_34.9449	gb_AP006618.1_+_4835199-4838688_ARO:3000501_Nocardia	74.229	811	176	22	58669	59464	1063	1855	8.88e-83	309	1673423
NODE_388_length_63977_cov_34.9449	gb_AP006618.1_+_4835199-4838688_ARO:3000501_Nocardia	74.229	811	176	22	58669	59464	1063	1855	8.88e-83	309	329915
NODE_388_length_63977_cov_34.9449	gb_AP006618.1_+_4835199-4838688_ARO:3000501_Nocardia	74.229	811	176	22	58669	59464	1063	1855	8.88e-83	309	4748836
NODE_388_length_63977_cov_34.9449	gb_AP006618.1_+_4835199-4838688_ARO:3000501_Nocardia	74.229	811	176	22	58669	59464	1063	1855	8.88e-83	309	745039
NODE_388_length_63977_cov_34.9449	gb_AP006618.1_+_4835199-4838688_ARO:3000501_Nocardia	74.229	811	176	22	58669	59464	1063	1855	8.88e-83	309	2423506
NODE_388_length_63977_cov_34.9449	gb_AP006618.1_+_4835199-4838688_ARO:3000501_Nocardia	74.229	811	176	22	58669	59464	1063	1855	8.88e-83	309	2685146
NODE_388_length_63977_cov_34.9449	gb_AP006618.1_+_4835199-4838688_ARO:3000501_Nocardia	74.229	811	176	22	58669	59464	1063	1855	8.88e-83	309	316985
NODE_388_length_63977_cov_34.9449	gb_AP006618.1_+_4835199-4838688_ARO:3000501_Nocardia	74.229	811	176	22	58669	59464	1063	1855	8.88e-83	309	700226
NODE_442_length_59911_cov_395.01	gb_AF242872_+_2131-2878_ARO:3000375_ErmB	99.331	747	4	1	40818	41563	747	1	0.0	1351	5010707
NODE_442_length_59911_cov_395.01	gb_AF242872_+_2131-2878_ARO:3000375_ErmB	99.331	747	4	1	40818	41563	747	1	0.0	1351	2058021
NODE_442_length_59911_cov_395.01	gb_AF242872_+_2131-2878_ARO:3000375_ErmB	99.331	747	4	1	40818	41563	747	1	0.0	1351	604572
NODE_442_length_59911_cov_395.01	gb_AF242872_+_2131-2878_ARO:3000375_ErmB	99.331	747	4	1	40818	41563	747	1	0.0	1351	6773693
NODE_442_length_59911_cov_395.01	gb_AF242872_+_2131-2878_ARO:3000375_ErmB	99.331	747	4	1	40818	41563	747	1	0.0	1351	6773693
NODE_442_length_59911_cov_395.01	gb_AF242872_+_2131-2878_ARO:3000375_ErmB	99.331	747	4	1	40818	41563	747	1	0.0	1351	6773638
NODE_442_length_59911_cov_395.01	gb_AF242872_+_2131-2878_ARO:3000375_ErmB	99.331	747	4	1	40818	41563	747	1	0.0	1351	1937666
NODE_442_length_59911_cov_395.01	gb_AF242872_+_2131-2878_ARO:3000375_ErmB	99.331	747	4	1	40818	41563	747	1	0.0	1351	1937666
NODE_442_length_59911_cov_395.01	gb_AF242872_+_2131-2878_ARO:3000375_ErmB	99.331	747	4	1	40818	41563	747	1	0.0	1351	5221197
NODE_442_length_59911_cov_395.01	gb_AF242872_+_2131-2878_ARO:3000375_ErmB	99.331	747	4	1	40818	41563	747	1	0.0	1351	5221197
NODE_442_length_59911_cov_395.01	gb_AF242872_+_2131-2878_ARO:3000375_ErmB	99.331	747	4	1	40818	41563	747	1	0.0	1351	1246729
NODE_442_length_59911_cov_395.01	gb_AF242872_+_2131-2878_ARO:3000375_ErmB	99.331	747	4	1	40818	41563	747	1	0.0	1351	3356589
NODE_442_length_59911_cov_395.01	gb_AF242872_+_2131-2878_ARO:3000375_ErmB	99.331	747	4	1	40818	41563	747	1	0.0	1351	5918382
NODE_442_length_59911_cov_395.01	gb_AF242872_+_2131-2878_ARO:3000375_ErmB	99.331	747	4	1	40818	41563	747	1	0.0	1351	93411
NODE_442_length_59911_cov_395.01	gb_AF242872_+_2131-2878_ARO:3000375_ErmB	99.331	747	4	1	40818	41563	747	1	0.0	1351	93411
NODE_442_length_59911_cov_395.01	gb_AF242872_+_2131-2878_ARO:3000375_ErmB	99.331	747	4	1	40818	41563	747	1	0.0	1351	1711604
NODE_442_length_59911_cov_395.01	gb_AF242872_+_2131-2878_ARO:3000375_ErmB	99.331	747	4	1	40818	41563	747	1	0.0	1351	1211047
NODE_442_length_59911_cov_395.01	gb_AF242872_+_2131-2878_ARO:3000375_ErmB	99.331	747	4	1	40818	41563	747	1	0.0	1351	1711604
NODE_442_length_59911_cov_395.01	gb_AF242872_+_2131-2878_ARO:3000375_ErmB	99.331	747	4	1	40818	41563	747	1	0.0	1351	201321
NODE_442_length_59911_cov_395.01	gb_AF242872_+_2131-2878_ARO:3000375_ErmB	99.331	747	4	1	40818	41563	747	1	0.0	1351	249763
NODE_442_length_59911_cov_395.01	gb_AF242872_+_2131-2878_ARO:3000375_ErmB	99.331	747	4	1	40818	41563	747	1	0.0	1351	6724100
NODE_442_length_59911_cov_395.01	gb_AF242872_+_2131-2878_ARO:3000375_ErmB	99.331	747	4	1	40818	41563	747	1	0.0	1351	198581
NODE_442_length_59911_cov_395.01	gb_AF242872_+_2131-2878_ARO:3000375_ErmB	99.331	747	4	1	40818	41563	747	1	0.0	1351	2117309
NODE_442_length_59911_cov_395.01	gb_AF242872_+_2131-2878_ARO:3000375_ErmB	99.331	747	4	1	40818	41563	747	1	0.0	1351	5918203
NODE_442_length_59911_cov_395.01	gb_AF242872_+_2131-2878_ARO:3000375_ErmB	99.331	747	4	1	40818	41563	747	1	0.0	1351	175187
NODE_442_length_59911_cov_395.01	gb_AF242872_+_2131-2878_ARO:3000375_ErmB	99.331	747	4	1	40818	41563	747	1	0.0	1351	175187
NODE_442_length_59911_cov_395.01	gb_AF242872_+_2131-2878_ARO:3000375_ErmB	99.331	747	4	1	40818	41563	747	1	0.0	1351	1009649
NODE_442_length_59911_cov_395.01	gb_AF242872_+_2131-2878_ARO:3000375_ErmB	99.331	747	4	1	40818	41563	747	1	0.0	1351	1009649
NODE_442_length_59911_cov_395.01	gb_AF242872_+_2131-2878_ARO:3000375_ErmB	99.331	747	4	1	40818	41563	747	1	0.0	1351	2739987
NODE_484_length_56086_cov_19.0173	gb_L11616_+_1569-4710_ARO:3000378_MexB	75.789	190	38	7	43723	43908	1242	1057	1.11e-16	89.8	144050
NODE_484_length_56086_cov_19.0173	gb_NC_002516_+_2810008-2813197_ARO:3000804_MexF	91.667	60	5	0	43723	43782	1251	1192	5.14e-15	84.2	144050
NODE_484_length_56086_cov_19.0173	gb_NC_002516_+_4707534-4710624_ARO:3000808_mexI	97.917	48	1	0	43723	43770	1221	1174	5.14e-15	84.2	144050
NODE_484_length_56086_cov_19.0173	gb_NC_002516.2_+_4904646-4907703_ARO:3003031_mexW	95.745	47	2	0	43724	43770	1220	1174	8.61e-13	76.8	144050
NODE_484_length_56086_cov_19.0173	gb_NC_010378.1_+_47850-51003_ARO:3003923_oqxB	73.232	198	47	5	43723	43917	1251	1057	5.18e-10	67.6	144050
NODE_484_length_56086_cov_19.0173	gb_U57969_+_1485-4617_ARO:3000801_MexD	87.037	54	7	0	43723	43776	1248	1195	2.41e-08	62.1	144050
NODE_484_length_56086_cov_19.0173	gb_L11616_+_1569-4710_ARO:3000378_MexB	75.789	190	38	7	43723	43908	1242	1057	1.11e-16	89.8	1452079
NODE_484_length_56086_cov_19.0173	gb_NC_002516_+_2810008-2813197_ARO:3000804_MexF	91.667	60	5	0	43723	43782	1251	1192	5.14e-15	84.2	1452079
NODE_484_length_56086_cov_19.0173	gb_NC_002516_+_4707534-4710624_ARO:3000808_mexI	97.917	48	1	0	43723	43770	1221	1174	5.14e-15	84.2	1452079
NODE_484_length_56086_cov_19.0173	gb_NC_002516.2_+_4904646-4907703_ARO:3003031_mexW	95.745	47	2	0	43724	43770	1220	1174	8.61e-13	76.8	1452079
NODE_484_length_56086_cov_19.0173	gb_NC_010378.1_+_47850-51003_ARO:3003923_oqxB	73.232	198	47	5	43723	43917	1251	1057	5.18e-10	67.6	1452079
NODE_484_length_56086_cov_19.0173	gb_U57969_+_1485-4617_ARO:3000801_MexD	87.037	54	7	0	43723	43776	1248	1195	2.41e-08	62.1	1452079
NODE_484_length_56086_cov_19.0173	gb_L11616_+_1569-4710_ARO:3000378_MexB	75.789	190	38	7	43723	43908	1242	1057	1.11e-16	89.8	1452079
NODE_484_length_56086_cov_19.0173	gb_NC_002516_+_2810008-2813197_ARO:3000804_MexF	91.667	60	5	0	43723	43782	1251	1192	5.14e-15	84.2	1452079
NODE_484_length_56086_cov_19.0173	gb_NC_002516_+_4707534-4710624_ARO:3000808_mexI	97.917	48	1	0	43723	43770	1221	1174	5.14e-15	84.2	1452079
NODE_484_length_56086_cov_19.0173	gb_NC_002516.2_+_4904646-4907703_ARO:3003031_mexW	95.745	47	2	0	43724	43770	1220	1174	8.61e-13	76.8	1452079
NODE_484_length_56086_cov_19.0173	gb_NC_010378.1_+_47850-51003_ARO:3003923_oqxB	73.232	198	47	5	43723	43917	1251	1057	5.18e-10	67.6	1452079
NODE_484_length_56086_cov_19.0173	gb_U57969_+_1485-4617_ARO:3000801_MexD	87.037	54	7	0	43723	43776	1248	1195	2.41e-08	62.1	1452079
NODE_484_length_56086_cov_19.0173	gb_L11616_+_1569-4710_ARO:3000378_MexB	75.789	190	38	7	43723	43908	1242	1057	1.11e-16	89.8	5918834
NODE_484_length_56086_cov_19.0173	gb_NC_002516_+_2810008-2813197_ARO:3000804_MexF	91.667	60	5	0	43723	43782	1251	1192	5.14e-15	84.2	5918834
NODE_484_length_56086_cov_19.0173	gb_NC_002516_+_4707534-4710624_ARO:3000808_mexI	97.917	48	1	0	43723	43770	1221	1174	5.14e-15	84.2	5918834
NODE_484_length_56086_cov_19.0173	gb_NC_002516.2_+_4904646-4907703_ARO:3003031_mexW	95.745	47	2	0	43724	43770	1220	1174	8.61e-13	76.8	5918834
NODE_484_length_56086_cov_19.0173	gb_NC_010378.1_+_47850-51003_ARO:3003923_oqxB	73.232	198	47	5	43723	43917	1251	1057	5.18e-10	67.6	5918834
NODE_484_length_56086_cov_19.0173	gb_U57969_+_1485-4617_ARO:3000801_MexD	87.037	54	7	0	43723	43776	1248	1195	2.41e-08	62.1	5918834
NODE_484_length_56086_cov_19.0173	gb_L11616_+_1569-4710_ARO:3000378_MexB	75.789	190	38	7	43723	43908	1242	1057	1.11e-16	89.8	1590746
NODE_484_length_56086_cov_19.0173	gb_NC_002516_+_2810008-2813197_ARO:3000804_MexF	91.667	60	5	0	43723	43782	1251	1192	5.14e-15	84.2	1590746
NODE_484_length_56086_cov_19.0173	gb_NC_002516_+_4707534-4710624_ARO:3000808_mexI	97.917	48	1	0	43723	43770	1221	1174	5.14e-15	84.2	1590746
NODE_484_length_56086_cov_19.0173	gb_NC_002516.2_+_4904646-4907703_ARO:3003031_mexW	95.745	47	2	0	43724	43770	1220	1174	8.61e-13	76.8	1590746
NODE_484_length_56086_cov_19.0173	gb_NC_010378.1_+_47850-51003_ARO:3003923_oqxB	73.232	198	47	5	43723	43917	1251	1057	5.18e-10	67.6	1590746
NODE_484_length_56086_cov_19.0173	gb_U57969_+_1485-4617_ARO:3000801_MexD	87.037	54	7	0	43723	43776	1248	1195	2.41e-08	62.1	1590746
NODE_584_length_50046_cov_70.5769	gb_NC_002516.2_-_2847775-2850886_ARO:3004075_MuxC	100.000	33	0	0	11847	11879	1233	1201	2.15e-08	62.1	2130381
NODE_584_length_50046_cov_70.5769	gb_NC_002516.2_-_2847775-2850886_ARO:3004075_MuxC	100.000	33	0	0	11847	11879	1233	1201	2.15e-08	62.1	1117215
NODE_584_length_50046_cov_70.5769	gb_NC_002516.2_-_2847775-2850886_ARO:3004075_MuxC	100.000	33	0	0	11847	11879	1233	1201	2.15e-08	62.1	443835
NODE_584_length_50046_cov_70.5769	gb_NC_002516.2_-_2847775-2850886_ARO:3004075_MuxC	100.000	33	0	0	11847	11879	1233	1201	2.15e-08	62.1	5918715
NODE_584_length_50046_cov_70.5769	gb_NC_002516.2_-_2847775-2850886_ARO:3004075_MuxC	100.000	33	0	0	11847	11879	1233	1201	2.15e-08	62.1	5362544
NODE_798_length_39313_cov_594.744	gb_L42817_+_201-936_ARO:3000522_ErmG	100.000	735	0	0	6600	7334	735	1	0.0	1358	2547449
NODE_798_length_39313_cov_594.744	gb_M64090_+_0-735_ARO:3000595_ErmT	78.095	735	147	11	6607	7334	728	1	2.38e-126	453	2547449
NODE_798_length_39313_cov_594.744	gb_L42817_+_201-936_ARO:3000522_ErmG	100.000	735	0	0	6600	7334	735	1	0.0	1358	2547512
NODE_798_length_39313_cov_594.744	gb_M64090_+_0-735_ARO:3000595_ErmT	78.095	735	147	11	6607	7334	728	1	2.38e-126	453	2547512
NODE_798_length_39313_cov_594.744	gb_L42817_+_201-936_ARO:3000522_ErmG	100.000	735	0	0	6600	7334	735	1	0.0	1358	6243296
NODE_798_length_39313_cov_594.744	gb_M64090_+_0-735_ARO:3000595_ErmT	78.095	735	147	11	6607	7334	728	1	2.38e-126	453	6243296
NODE_798_length_39313_cov_594.744	gb_L42817_+_201-936_ARO:3000522_ErmG	100.000	735	0	0	6600	7334	735	1	0.0	1358	3538744
NODE_798_length_39313_cov_594.744	gb_M64090_+_0-735_ARO:3000595_ErmT	78.095	735	147	11	6607	7334	728	1	2.38e-126	453	3538744
NODE_798_length_39313_cov_594.744	gb_L42817_+_201-936_ARO:3000522_ErmG	100.000	735	0	0	6600	7334	735	1	0.0	1358	3538744
NODE_798_length_39313_cov_594.744	gb_M64090_+_0-735_ARO:3000595_ErmT	78.095	735	147	11	6607	7334	728	1	2.38e-126	453	3538744
NODE_798_length_39313_cov_594.744	gb_L42817_+_201-936_ARO:3000522_ErmG	100.000	735	0	0	6600	7334	735	1	0.0	1358	3796943
NODE_798_length_39313_cov_594.744	gb_M64090_+_0-735_ARO:3000595_ErmT	78.095	735	147	11	6607	7334	728	1	2.38e-126	453	3796943
NODE_798_length_39313_cov_594.744	gb_L42817_+_201-936_ARO:3000522_ErmG	100.000	735	0	0	6600	7334	735	1	0.0	1358	2953336
NODE_798_length_39313_cov_594.744	gb_M64090_+_0-735_ARO:3000595_ErmT	78.095	735	147	11	6607	7334	728	1	2.38e-126	453	2953336
NODE_798_length_39313_cov_594.744	gb_L42817_+_201-936_ARO:3000522_ErmG	100.000	735	0	0	6600	7334	735	1	0.0	1358	5918399
NODE_798_length_39313_cov_594.744	gb_M64090_+_0-735_ARO:3000595_ErmT	78.095	735	147	11	6607	7334	728	1	2.38e-126	453	5918399
NODE_798_length_39313_cov_594.744	gb_L42817_+_201-936_ARO:3000522_ErmG	100.000	735	0	0	6600	7334	735	1	0.0	1358	5918399
NODE_798_length_39313_cov_594.744	gb_M64090_+_0-735_ARO:3000595_ErmT	78.095	735	147	11	6607	7334	728	1	2.38e-126	453	5918399
NODE_798_length_39313_cov_594.744	gb_L42817_+_201-936_ARO:3000522_ErmG	100.000	735	0	0	6600	7334	735	1	0.0	1358	1575545
NODE_798_length_39313_cov_594.744	gb_M64090_+_0-735_ARO:3000595_ErmT	78.095	735	147	11	6607	7334	728	1	2.38e-126	453	1575545
NODE_798_length_39313_cov_594.744	gb_L42817_+_201-936_ARO:3000522_ErmG	100.000	735	0	0	6600	7334	735	1	0.0	1358	4179842
NODE_798_length_39313_cov_594.744	gb_M64090_+_0-735_ARO:3000595_ErmT	78.095	735	147	11	6607	7334	728	1	2.38e-126	453	4179842
NODE_798_length_39313_cov_594.744	gb_L42817_+_201-936_ARO:3000522_ErmG	100.000	735	0	0	6600	7334	735	1	0.0	1358	1739479
NODE_798_length_39313_cov_594.744	gb_M64090_+_0-735_ARO:3000595_ErmT	78.095	735	147	11	6607	7334	728	1	2.38e-126	453	1739479
NODE_798_length_39313_cov_594.744	gb_L42817_+_201-936_ARO:3000522_ErmG	100.000	735	0	0	6600	7334	735	1	0.0	1358	6760950
NODE_798_length_39313_cov_594.744	gb_M64090_+_0-735_ARO:3000595_ErmT	78.095	735	147	11	6607	7334	728	1	2.38e-126	453	6760950
NODE_798_length_39313_cov_594.744	gb_L42817_+_201-936_ARO:3000522_ErmG	100.000	735	0	0	6600	7334	735	1	0.0	1358	2318143
NODE_798_length_39313_cov_594.744	gb_M64090_+_0-735_ARO:3000595_ErmT	78.095	735	147	11	6607	7334	728	1	2.38e-126	453	2318143
NODE_798_length_39313_cov_594.744	gb_L42817_+_201-936_ARO:3000522_ErmG	100.000	735	0	0	6600	7334	735	1	0.0	1358	2517012
NODE_798_length_39313_cov_594.744	gb_M64090_+_0-735_ARO:3000595_ErmT	78.095	735	147	11	6607	7334	728	1	2.38e-126	453	2517012
NODE_798_length_39313_cov_594.744	gb_L42817_+_201-936_ARO:3000522_ErmG	100.000	735	0	0	6600	7334	735	1	0.0	1358	2547577
NODE_798_length_39313_cov_594.744	gb_M64090_+_0-735_ARO:3000595_ErmT	78.095	735	147	11	6607	7334	728	1	2.38e-126	453	2547577
NODE_1168_length_27925_cov_15.9402	gb_M57437_+_0-1647_ARO:3002827_tlrC	96.970	33	1	0	6871	6903	600	568	5.58e-07	56.5	5112074
NODE_1168_length_27925_cov_15.9402	gb_M57437_+_0-1647_ARO:3002827_tlrC	96.970	33	1	0	6871	6903	600	568	5.58e-07	56.5	6341287
NODE_1168_length_27925_cov_15.9402	gb_M57437_+_0-1647_ARO:3002827_tlrC	96.970	33	1	0	6871	6903	600	568	5.58e-07	56.5	4022197
NODE_1168_length_27925_cov_15.9402	gb_M57437_+_0-1647_ARO:3002827_tlrC	96.970	33	1	0	6871	6903	600	568	5.58e-07	56.5	5919048
NODE_1168_length_27925_cov_15.9402	gb_M57437_+_0-1647_ARO:3002827_tlrC	96.970	33	1	0	6871	6903	600	568	5.58e-07	56.5	1066145
NODE_1168_length_27925_cov_15.9402	gb_M57437_+_0-1647_ARO:3002827_tlrC	96.970	33	1	0	6871	6903	600	568	5.58e-07	56.5	4182121
NODE_1168_length_27925_cov_15.9402	gb_M57437_+_0-1647_ARO:3002827_tlrC	96.970	33	1	0	6871	6903	600	568	5.58e-07	56.5	211006
NODE_1782_length_18926_cov_162.697	gb_U00096_+_3415032-3418137_ARO:3000502_acrF	74.797	123	29	2	12623	12744	1125	1246	1.36e-06	54.7	450355
NODE_1782_length_18926_cov_162.697	gb_U00096_+_3415032-3418137_ARO:3000502_acrF	74.797	123	29	2	12623	12744	1125	1246	1.36e-06	54.7	450355
NODE_1782_length_18926_cov_162.697	gb_U00096_+_3415032-3418137_ARO:3000502_acrF	74.797	123	29	2	12623	12744	1125	1246	1.36e-06	54.7	6223403
NODE_1782_length_18926_cov_162.697	gb_U00096_+_3415032-3418137_ARO:3000502_acrF	74.797	123	29	2	12623	12744	1125	1246	1.36e-06	54.7	2547472
NODE_1782_length_18926_cov_162.697	gb_U00096_+_3415032-3418137_ARO:3000502_acrF	74.797	123	29	2	12623	12744	1125	1246	1.36e-06	54.7	5918224
NODE_1782_length_18926_cov_162.697	gb_U00096_+_3415032-3418137_ARO:3000502_acrF	74.797	123	29	2	12623	12744	1125	1246	1.36e-06	54.7	2130381
NODE_2413_length_13451_cov_40.1556	gb_AP006618.1_+_4835199-4838688_ARO:3000501_Nocardia	81.275	251	43	4	3364	3612	3285	3037	1.17e-50	200	307472
NODE_2413_length_13451_cov_40.1556	gb_AP006618.1_+_4835199-4838688_ARO:3000501_Nocardia	81.275	251	43	4	3364	3612	3285	3037	1.17e-50	200	613456
NODE_2413_length_13451_cov_40.1556	gb_AP006618.1_+_4835199-4838688_ARO:3000501_Nocardia	81.275	251	43	4	3364	3612	3285	3037	1.17e-50	200	956651
NODE_2413_length_13451_cov_40.1556	gb_AP006618.1_+_4835199-4838688_ARO:3000501_Nocardia	81.275	251	43	4	3364	3612	3285	3037	1.17e-50	200	5918502
NODE_2413_length_13451_cov_40.1556	gb_AP006618.1_+_4835199-4838688_ARO:3000501_Nocardia	81.275	251	43	4	3364	3612	3285	3037	1.17e-50	200	1239805
NODE_2413_length_13451_cov_40.1556	gb_AP006618.1_+_4835199-4838688_ARO:3000501_Nocardia	81.275	251	43	4	3364	3612	3285	3037	1.17e-50	200	2895426
NODE_2413_length_13451_cov_40.1556	gb_AP006618.1_+_4835199-4838688_ARO:3000501_Nocardia	81.275	251	43	4	3364	3612	3285	3037	1.17e-50	200	4421277
NODE_2413_length_13451_cov_40.1556	gb_AP006618.1_+_4835199-4838688_ARO:3000501_Nocardia	81.275	251	43	4	3364	3612	3285	3037	1.17e-50	200	1587514
NODE_5140_length_5885_cov_10.4676	gb_AF235050.4_+_38028-40140_ARO:3003318_Streptomyces	74.783	345	68	14	2055	2392	417	85	4.08e-32	137	605096
NODE_5140_length_5885_cov_10.4676	gb_AF235050.4_+_38028-40140_ARO:3003318_Streptomyces	74.783	345	68	14	2055	2392	417	85	4.08e-32	137	5918968
NODE_11346_length_2551_cov_4.8097	gb_NC_023287.1_-_65291-66509_ARO:3000615_mefA	90.879	1217	107	4	394	1608	1215	1	0.0	1629	222866
NODE_11346_length_2551_cov_4.8097	gb_NC_012469.1_-_1800927-1802391_ARO:3000616_mel	90.789	76	7	0	193	268	76	1	6.42e-22	102	222866
NODE_12247_length_2359_cov_1376.94	gb_Z21523_+_0-1974_ARO:3000191_tetQ	97.670	1974	46	0	289	2262	1974	1	0.0	3391	2238184
NODE_12247_length_2359_cov_1376.94	gb_Z21523_+_0-1974_ARO:3000191_tetQ	97.670	1974	46	0	289	2262	1974	1	0.0	3391	2238184
NODE_16682_length_1726_cov_30.6523	gb_AY928180_+_0-495_ARO:3002837_lnuC	99.192	495	4	0	1150	1644	1	495	0.0	893	5918854
NODE_20212_length_1431_cov_2.56468	gb_AY768532_+_0-1935_ARO:3000535_macB	95.556	45	2	0	1097	1141	474	430	2.81e-13	73.1	880304
NODE_20212_length_1431_cov_2.56468	gb_AY768532_+_0-1935_ARO:3000535_macB	95.556	45	2	0	1097	1141	474	430	2.81e-13	73.1	381781
NODE_21653_length_1338_cov_1.86282	gb_L11616_+_1569-4710_ARO:3000378_MexB	77.162	451	97	6	590	1037	1494	1047	6.75e-69	257	1310759
NODE_21653_length_1338_cov_1.86282	gb_NC_007779_+_2586250-2589364_ARO:3000491_acrD	73.389	481	120	7	602	1078	1482	1006	2.52e-43	172	1310759
NODE_21653_length_1338_cov_1.86282	gb_NC_002516_+_2810008-2813197_ARO:3000804_MexF	74.900	251	59	4	830	1078	1263	1015	5.56e-25	111	1310759
NODE_21653_length_1338_cov_1.86282	gb_U57969_+_1485-4617_ARO:3000801_MexD	73.379	293	66	11	816	1102	1274	988	4.33e-21	99.0	1310759
NODE_21653_length_1338_cov_1.86282	gb_AB219524.1_+_1176-4338_ARO:3003699_mexQ	84.524	84	13	0	830	913	1260	1177	1.21e-16	84.2	1310759
NODE_21653_length_1338_cov_1.86282	gb_NC_002516_+_4707534-4710624_ARO:3000808_mexI	92.982	57	4	0	836	892	1227	1171	1.21e-16	84.2	1310759
NODE_21653_length_1338_cov_1.86282	gb_NC_010378.1_+_47850-51003_ARO:3003923_oqxB	85.714	70	10	0	831	900	1262	1193	7.30e-14	75.0	1310759
NODE_31819_length_935_cov_1.39545	gb_NC_002516.2_-_2850882-2854014_ARO:3004074_MuxB	82.495	497	87	0	90	586	954	1450	5.60e-123	436	1025129
NODE_37526_length_806_cov_1.8775	gb_X63451_+_0-1653_ARO:3002828_srmB	94.286	35	2	0	263	297	1465	1499	5.68e-08	54.7	4123807
NODE_200665_length_211_cov_1.4359	gb_X63451_+_0-1653_ARO:3002828_srmB	100.000	29	0	0	135	163	1471	1499	1.38e-08	54.7	5919415
