NODE_2_length_341049_cov_48.1185	gb_AY768532_+_0-1935_ARO:3000535_macB	81.645	1945	340	15	330786	332723	1935	1	0.0	1598	60769
NODE_2_length_341049_cov_48.1185	gb_AY768532_+_0-1935_ARO:3000535_macB	81.645	1945	340	15	330786	332723	1935	1	0.0	1598	30120
NODE_2_length_341049_cov_48.1185	gb_AY768532_+_0-1935_ARO:3000535_macB	81.645	1945	340	15	330786	332723	1935	1	0.0	1598	3442750
NODE_2_length_341049_cov_48.1185	gb_AY768532_+_0-1935_ARO:3000535_macB	81.645	1945	340	15	330786	332723	1935	1	0.0	1598	3057747
NODE_2_length_341049_cov_48.1185	gb_AY768532_+_0-1935_ARO:3000535_macB	81.645	1945	340	15	330786	332723	1935	1	0.0	1598	673026
NODE_2_length_341049_cov_48.1185	gb_AY768532_+_0-1935_ARO:3000535_macB	81.645	1945	340	15	330786	332723	1935	1	0.0	1598	4054309
NODE_2_length_341049_cov_48.1185	gb_AY768532_+_0-1935_ARO:3000535_macB	81.645	1945	340	15	330786	332723	1935	1	0.0	1598	666561
NODE_2_length_341049_cov_48.1185	gb_AY768532_+_0-1935_ARO:3000535_macB	81.645	1945	340	15	330786	332723	1935	1	0.0	1598	125523
NODE_2_length_341049_cov_48.1185	gb_AY768532_+_0-1935_ARO:3000535_macB	81.645	1945	340	15	330786	332723	1935	1	0.0	1598	107404
NODE_2_length_341049_cov_48.1185	gb_AY768532_+_0-1935_ARO:3000535_macB	81.645	1945	340	15	330786	332723	1935	1	0.0	1598	30120
NODE_2_length_341049_cov_48.1185	gb_AY768532_+_0-1935_ARO:3000535_macB	81.645	1945	340	15	330786	332723	1935	1	0.0	1598	1792211
NODE_2_length_341049_cov_48.1185	gb_AY768532_+_0-1935_ARO:3000535_macB	81.645	1945	340	15	330786	332723	1935	1	0.0	1598	1792211
NODE_2_length_341049_cov_48.1185	gb_AY768532_+_0-1935_ARO:3000535_macB	81.645	1945	340	15	330786	332723	1935	1	0.0	1598	47306
NODE_2_length_341049_cov_48.1185	gb_AY768532_+_0-1935_ARO:3000535_macB	81.645	1945	340	15	330786	332723	1935	1	0.0	1598	47306
NODE_2_length_341049_cov_48.1185	gb_AY768532_+_0-1935_ARO:3000535_macB	81.645	1945	340	15	330786	332723	1935	1	0.0	1598	67175
NODE_2_length_341049_cov_48.1185	gb_AY768532_+_0-1935_ARO:3000535_macB	81.645	1945	340	15	330786	332723	1935	1	0.0	1598	67175
NODE_2_length_341049_cov_48.1185	gb_AY768532_+_0-1935_ARO:3000535_macB	81.645	1945	340	15	330786	332723	1935	1	0.0	1598	107404
NODE_2_length_341049_cov_48.1185	gb_AY768532_+_0-1935_ARO:3000535_macB	81.645	1945	340	15	330786	332723	1935	1	0.0	1598	1792123
NODE_2_length_341049_cov_48.1185	gb_AY768532_+_0-1935_ARO:3000535_macB	81.645	1945	340	15	330786	332723	1935	1	0.0	1598	1792123
NODE_2_length_341049_cov_48.1185	gb_AY768532_+_0-1935_ARO:3000535_macB	81.645	1945	340	15	330786	332723	1935	1	0.0	1598	37772
NODE_2_length_341049_cov_48.1185	gb_AY768532_+_0-1935_ARO:3000535_macB	81.645	1945	340	15	330786	332723	1935	1	0.0	1598	4476917
NODE_2_length_341049_cov_48.1185	gb_AY768532_+_0-1935_ARO:3000535_macB	81.645	1945	340	15	330786	332723	1935	1	0.0	1598	4476917
NODE_2_length_341049_cov_48.1185	gb_AY768532_+_0-1935_ARO:3000535_macB	81.645	1945	340	15	330786	332723	1935	1	0.0	1598	60602
NODE_2_length_341049_cov_48.1185	gb_AY768532_+_0-1935_ARO:3000535_macB	81.645	1945	340	15	330786	332723	1935	1	0.0	1598	332495
NODE_2_length_341049_cov_48.1185	gb_AY768532_+_0-1935_ARO:3000535_macB	81.645	1945	340	15	330786	332723	1935	1	0.0	1598	848068
NODE_2_length_341049_cov_48.1185	gb_AY768532_+_0-1935_ARO:3000535_macB	81.645	1945	340	15	330786	332723	1935	1	0.0	1598	848068
NODE_2_length_341049_cov_48.1185	gb_AY768532_+_0-1935_ARO:3000535_macB	81.645	1945	340	15	330786	332723	1935	1	0.0	1598	794394
NODE_2_length_341049_cov_48.1185	gb_AY768532_+_0-1935_ARO:3000535_macB	81.645	1945	340	15	330786	332723	1935	1	0.0	1598	794394
NODE_2_length_341049_cov_48.1185	gb_AY768532_+_0-1935_ARO:3000535_macB	81.645	1945	340	15	330786	332723	1935	1	0.0	1598	1083900
NODE_2_length_341049_cov_48.1185	gb_AY768532_+_0-1935_ARO:3000535_macB	81.645	1945	340	15	330786	332723	1935	1	0.0	1598	153431
NODE_2_length_341049_cov_48.1185	gb_AY768532_+_0-1935_ARO:3000535_macB	81.645	1945	340	15	330786	332723	1935	1	0.0	1598	67175
NODE_2_length_341049_cov_48.1185	gb_AY768532_+_0-1935_ARO:3000535_macB	81.645	1945	340	15	330786	332723	1935	1	0.0	1598	6067148
NODE_9_length_109634_cov_41.5713	gb_NC_003112.2_-_1791966-1795170_ARO:3000811_mtrD	82.841	3182	534	9	77969	81144	1	3176	0.0	2841	268982
NODE_9_length_109634_cov_41.5713	gb_CP001050.1_+_1332866-1333499_ARO:3000817_mtrR	77.207	623	124	16	75849	76462	614	1	3.23e-94	348	268982
NODE_9_length_109634_cov_41.5713	gb_NC_003112.2_-_1791966-1795170_ARO:3000811_mtrD	82.841	3182	534	9	77969	81144	1	3176	0.0	2841	67175
NODE_9_length_109634_cov_41.5713	gb_CP001050.1_+_1332866-1333499_ARO:3000817_mtrR	77.207	623	124	16	75849	76462	614	1	3.23e-94	348	67175
NODE_9_length_109634_cov_41.5713	gb_NC_003112.2_-_1791966-1795170_ARO:3000811_mtrD	82.841	3182	534	9	77969	81144	1	3176	0.0	2841	1792042
NODE_9_length_109634_cov_41.5713	gb_CP001050.1_+_1332866-1333499_ARO:3000817_mtrR	77.207	623	124	16	75849	76462	614	1	3.23e-94	348	1792042
NODE_9_length_109634_cov_41.5713	gb_NC_003112.2_-_1791966-1795170_ARO:3000811_mtrD	82.841	3182	534	9	77969	81144	1	3176	0.0	2841	1792042
NODE_9_length_109634_cov_41.5713	gb_CP001050.1_+_1332866-1333499_ARO:3000817_mtrR	77.207	623	124	16	75849	76462	614	1	3.23e-94	348	1792042
NODE_9_length_109634_cov_41.5713	gb_NC_003112.2_-_1791966-1795170_ARO:3000811_mtrD	82.841	3182	534	9	77969	81144	1	3176	0.0	2841	43333
NODE_9_length_109634_cov_41.5713	gb_CP001050.1_+_1332866-1333499_ARO:3000817_mtrR	77.207	623	124	16	75849	76462	614	1	3.23e-94	348	43333
NODE_9_length_109634_cov_41.5713	gb_NC_003112.2_-_1791966-1795170_ARO:3000811_mtrD	82.841	3182	534	9	77969	81144	1	3176	0.0	2841	30120
NODE_9_length_109634_cov_41.5713	gb_CP001050.1_+_1332866-1333499_ARO:3000817_mtrR	77.207	623	124	16	75849	76462	614	1	3.23e-94	348	30120
NODE_9_length_109634_cov_41.5713	gb_NC_003112.2_-_1791966-1795170_ARO:3000811_mtrD	82.841	3182	534	9	77969	81144	1	3176	0.0	2841	263331
NODE_9_length_109634_cov_41.5713	gb_CP001050.1_+_1332866-1333499_ARO:3000817_mtrR	77.207	623	124	16	75849	76462	614	1	3.23e-94	348	263331
NODE_9_length_109634_cov_41.5713	gb_NC_003112.2_-_1791966-1795170_ARO:3000811_mtrD	82.841	3182	534	9	77969	81144	1	3176	0.0	2841	30120
NODE_9_length_109634_cov_41.5713	gb_CP001050.1_+_1332866-1333499_ARO:3000817_mtrR	77.207	623	124	16	75849	76462	614	1	3.23e-94	348	30120
NODE_9_length_109634_cov_41.5713	gb_NC_003112.2_-_1791966-1795170_ARO:3000811_mtrD	82.841	3182	534	9	77969	81144	1	3176	0.0	2841	4071216
NODE_9_length_109634_cov_41.5713	gb_CP001050.1_+_1332866-1333499_ARO:3000817_mtrR	77.207	623	124	16	75849	76462	614	1	3.23e-94	348	4071216
NODE_9_length_109634_cov_41.5713	gb_NC_003112.2_-_1791966-1795170_ARO:3000811_mtrD	82.841	3182	534	9	77969	81144	1	3176	0.0	2841	4071216
NODE_9_length_109634_cov_41.5713	gb_CP001050.1_+_1332866-1333499_ARO:3000817_mtrR	77.207	623	124	16	75849	76462	614	1	3.23e-94	348	4071216
NODE_120_length_24649_cov_18.8924	gb_X63451_+_0-1653_ARO:3002828_srmB	97.059	34	1	0	5492	5525	1499	1466	1.37e-07	58.4	4220572
NODE_120_length_24649_cov_18.8924	gb_X63451_+_0-1653_ARO:3002828_srmB	97.059	34	1	0	5492	5525	1499	1466	1.37e-07	58.4	4220572
NODE_1060_length_8669_cov_25.7836	gb_M80346_+_0-1656_ARO:3002817_carA	97.297	37	1	0	5939	5975	568	604	1.04e-09	63.9	4967223
NODE_1365_length_7536_cov_64.9568	gb_AP006618.1_+_4835199-4838688_ARO:3000501_Nocardia	86.228	334	42	4	4113	4444	3299	2968	1.02e-98	359	1020308
NODE_1365_length_7536_cov_64.9568	gb_AP006618.1_+_4835199-4838688_ARO:3000501_Nocardia	86.228	334	42	4	4113	4444	3299	2968	1.02e-98	359	1020308
NODE_1365_length_7536_cov_64.9568	gb_AP006618.1_+_4835199-4838688_ARO:3000501_Nocardia	86.228	334	42	4	4113	4444	3299	2968	1.02e-98	359	42980
NODE_1365_length_7536_cov_64.9568	gb_AP006618.1_+_4835199-4838688_ARO:3000501_Nocardia	86.228	334	42	4	4113	4444	3299	2968	1.02e-98	359	42980
NODE_1365_length_7536_cov_64.9568	gb_AP006618.1_+_4835199-4838688_ARO:3000501_Nocardia	86.228	334	42	4	4113	4444	3299	2968	1.02e-98	359	52437
NODE_1365_length_7536_cov_64.9568	gb_AP006618.1_+_4835199-4838688_ARO:3000501_Nocardia	86.228	334	42	4	4113	4444	3299	2968	1.02e-98	359	158973
NODE_1365_length_7536_cov_64.9568	gb_AP006618.1_+_4835199-4838688_ARO:3000501_Nocardia	86.228	334	42	4	4113	4444	3299	2968	1.02e-98	359	158973
NODE_1365_length_7536_cov_64.9568	gb_AP006618.1_+_4835199-4838688_ARO:3000501_Nocardia	86.228	334	42	4	4113	4444	3299	2968	1.02e-98	359	4672327
NODE_1365_length_7536_cov_64.9568	gb_AP006618.1_+_4835199-4838688_ARO:3000501_Nocardia	86.228	334	42	4	4113	4444	3299	2968	1.02e-98	359	4672327
NODE_1383_length_7468_cov_14.6458	gb_NC_003098.1_-_1359228-1360395_ARO:3000025_patB	78.365	1174	239	15	3233	4398	1	1167	0.0	747	3793602
NODE_1383_length_7468_cov_14.6458	gb_NC_003098.1_-_1359228-1360395_ARO:3000025_patB	78.365	1174	239	15	3233	4398	1	1167	0.0	747	1615962
NODE_1383_length_7468_cov_14.6458	gb_NC_003098.1_-_1359228-1360395_ARO:3000025_patB	78.365	1174	239	15	3233	4398	1	1167	0.0	747	2632104
NODE_1383_length_7468_cov_14.6458	gb_NC_003098.1_-_1359228-1360395_ARO:3000025_patB	78.365	1174	239	15	3233	4398	1	1167	0.0	747	818043
NODE_5559_length_3214_cov_13.4505	gb_NC_003098.1_+_866210-867410_ARO:3000822_pmrA	75.475	1211	275	18	1039	2238	1200	1	5.14e-163	571	1792198
NODE_5884_length_3103_cov_41.0548	gb_Z21523_+_0-1974_ARO:3000191_tetQ	97.366	1974	52	0	668	2641	1974	1	0.0	3358	59896
NODE_8236_length_2444_cov_37.1252	gb_AF472622_+_52-1018_ARO:3003003_CfxA3	98.276	58	1	0	1	58	121	64	6.15e-22	102	405665
NODE_8236_length_2444_cov_37.1252	gb_AY769934_+_27-993_ARO:3003096_CfxA5	98.276	58	1	0	1	58	121	64	6.15e-22	102	405665
NODE_8236_length_2444_cov_37.1252	gb_U38243_+_149-1115_ARO:3003001_CfxA	98.276	58	1	0	1	58	121	64	6.15e-22	102	405665
NODE_8236_length_2444_cov_37.1252	gb_AY769933_+_0-966_ARO:3003005_CfxA4	98.276	58	1	0	1	58	121	64	6.15e-22	102	405665
NODE_8236_length_2444_cov_37.1252	gb_AF118110.1_-_71-1037_ARO:3003002_CfxA2	98.276	58	1	0	1	58	121	64	6.15e-22	102	405665
NODE_8236_length_2444_cov_37.1252	gb_AF472622_+_52-1018_ARO:3003003_CfxA3	98.276	58	1	0	1	58	121	64	6.15e-22	102	405665
NODE_8236_length_2444_cov_37.1252	gb_AY769934_+_27-993_ARO:3003096_CfxA5	98.276	58	1	0	1	58	121	64	6.15e-22	102	405665
NODE_8236_length_2444_cov_37.1252	gb_U38243_+_149-1115_ARO:3003001_CfxA	98.276	58	1	0	1	58	121	64	6.15e-22	102	405665
NODE_8236_length_2444_cov_37.1252	gb_AY769933_+_0-966_ARO:3003005_CfxA4	98.276	58	1	0	1	58	121	64	6.15e-22	102	405665
NODE_8236_length_2444_cov_37.1252	gb_AF118110.1_-_71-1037_ARO:3003002_CfxA2	98.276	58	1	0	1	58	121	64	6.15e-22	102	405665
NODE_9829_length_2158_cov_34.8616	gb_L36601_+_1420-3130_ARO:3003036_oleB	90.000	50	3	2	1351	1399	691	643	2.56e-10	63.9	49207
NODE_9829_length_2158_cov_34.8616	gb_L36601_+_1420-3130_ARO:3003036_oleB	90.000	50	3	2	1351	1399	691	643	2.56e-10	63.9	49207
NODE_9830_length_2158_cov_38.1408	gb_L36601_+_1420-3130_ARO:3003036_oleB	90.000	50	3	2	1351	1399	691	643	2.56e-10	63.9	49207
NODE_9830_length_2158_cov_38.1408	gb_L36601_+_1420-3130_ARO:3003036_oleB	90.000	50	3	2	1351	1399	691	643	2.56e-10	63.9	233741
NODE_10684_length_2030_cov_11.1722	gb_HQ652506.1_+_2099-3836_ARO:3004033_tetB(46)	79.742	1318	215	40	1	1292	446	1737	0.0	907	5364771
NODE_21026_length_1256_cov_16.5062	gb_CP007593.1_+_2148923-2149772_ARO:3001301_RlmA(II)	98.684	76	1	0	1181	1256	849	774	3.09e-32	135	351247
NODE_22379_length_1202_cov_39.4717	gb_NC_014638.1_-_1610636-1613960_ARO:3003730_Bifidobacteria	80.645	186	36	0	796	981	3252	3067	4.92e-35	145	1972831
NODE_32020_length_928_cov_15.0172	gb_CP007593.1_+_2148923-2149772_ARO:3001301_RlmA(II)	94.737	38	2	0	890	927	843	806	1.41e-09	60.2	24851
NODE_36933_length_839_cov_10.6569	gb_CP007593.1_+_2148923-2149772_ARO:3001301_RlmA(II)	90.470	829	77	2	1	828	828	1	0.0	1092	155868
NODE_52267_length_657_cov_3.21096	gb_CP007593.1_+_2148923-2149772_ARO:3001301_RlmA(II)	84.275	655	101	2	4	657	682	29	0.0	638	361250
NODE_139697_length_328_cov_2.6337	gb_HM990671_+_5192-6671_ARO:3003112_lsaC	91.385	325	28	0	4	328	383	59	3.15e-126	446	4220780
NODE_167228_length_289_cov_1.30769	gb_AY768532_+_0-1935_ARO:3000535_macB	94.444	36	1	1	253	288	422	456	1.95e-08	54.7	271687
NODE_279465_length_191_cov_3.51471	gb_CP007593.1_+_2148923-2149772_ARO:3001301_RlmA(II)	94.286	70	4	0	122	191	843	774	9.37e-25	108	155868
