NODE_211_length_75659_cov_6.21871	gb_L36601_+_1420-3130_ARO:3003036_oleB	97.368	38	1	0	23916	23953	1532	1569	2.51e-09	65.8	287361
NODE_211_length_75659_cov_6.21871	gb_L36601_+_1420-3130_ARO:3003036_oleB	97.368	38	1	0	23916	23953	1532	1569	2.51e-09	65.8	5418327
NODE_211_length_75659_cov_6.21871	gb_L36601_+_1420-3130_ARO:3003036_oleB	97.368	38	1	0	23916	23953	1532	1569	2.51e-09	65.8	4238168
NODE_211_length_75659_cov_6.21871	gb_L36601_+_1420-3130_ARO:3003036_oleB	97.368	38	1	0	23916	23953	1532	1569	2.51e-09	65.8	3709927
NODE_211_length_75659_cov_6.21871	gb_L36601_+_1420-3130_ARO:3003036_oleB	97.368	38	1	0	23916	23953	1532	1569	2.51e-09	65.8	75191
NODE_211_length_75659_cov_6.21871	gb_L36601_+_1420-3130_ARO:3003036_oleB	97.368	38	1	0	23916	23953	1532	1569	2.51e-09	65.8	2002328
NODE_250_length_69850_cov_6.9266	gb_AY082011_+_5900-6932_ARO:3000005_vanD	86.301	73	10	0	32695	32767	295	367	8.28e-14	80.5	558614
NODE_250_length_69850_cov_6.9266	gb_AY082011_+_5900-6932_ARO:3000005_vanD	86.301	73	10	0	32695	32767	295	367	8.28e-14	80.5	96673
NODE_1062_length_27115_cov_7.09265	gb_AF235050.4_+_38028-40140_ARO:3003318_Streptomyces	74.463	419	85	16	15092	15498	79	487	1.12e-38	161	1797388
NODE_1062_length_27115_cov_7.09265	gb_AF235050.4_+_38028-40140_ARO:3003318_Streptomyces	74.463	419	85	16	15092	15498	79	487	1.12e-38	161	2784810
NODE_1132_length_25882_cov_23.5163	gb_AF235050.4_+_38028-40140_ARO:3003318_Streptomyces	75.811	339	80	2	8024	8361	76	413	1.77e-41	171	5476231
NODE_1247_length_23855_cov_5.89761	gb_L36601_+_1420-3130_ARO:3003036_oleB	100.000	31	0	0	17696	17726	1538	1568	1.33e-07	58.4	1046950
NODE_1247_length_23855_cov_5.89761	gb_L36601_+_1420-3130_ARO:3003036_oleB	100.000	31	0	0	17696	17726	1538	1568	1.33e-07	58.4	1046950
NODE_1247_length_23855_cov_5.89761	gb_L36601_+_1420-3130_ARO:3003036_oleB	100.000	31	0	0	17696	17726	1538	1568	1.33e-07	58.4	811129
NODE_1247_length_23855_cov_5.89761	gb_L36601_+_1420-3130_ARO:3003036_oleB	100.000	31	0	0	17696	17726	1538	1568	1.33e-07	58.4	112518
NODE_1247_length_23855_cov_5.89761	gb_L36601_+_1420-3130_ARO:3003036_oleB	100.000	31	0	0	17696	17726	1538	1568	1.33e-07	58.4	1242294
NODE_1247_length_23855_cov_5.89761	gb_L36601_+_1420-3130_ARO:3003036_oleB	100.000	31	0	0	17696	17726	1538	1568	1.33e-07	58.4	681596
NODE_1247_length_23855_cov_5.89761	gb_L36601_+_1420-3130_ARO:3003036_oleB	100.000	31	0	0	17696	17726	1538	1568	1.33e-07	58.4	891239
NODE_1358_length_22289_cov_6.4217	gb_U57969_+_1485-4617_ARO:3000801_MexD	78.613	173	31	5	19454	19623	2771	2940	3.37e-23	110	1551786
NODE_1463_length_20941_cov_32.2581	gb_AF235050.4_+_38028-40140_ARO:3003318_Streptomyces	100.000	31	0	0	14932	14962	1896	1926	1.16e-07	58.4	1858707
NODE_1463_length_20941_cov_32.2581	gb_AF235050.4_+_38028-40140_ARO:3003318_Streptomyces	100.000	31	0	0	14932	14962	1896	1926	1.16e-07	58.4	2694742
NODE_1463_length_20941_cov_32.2581	gb_AF235050.4_+_38028-40140_ARO:3003318_Streptomyces	100.000	31	0	0	14932	14962	1896	1926	1.16e-07	58.4	2694742
NODE_1463_length_20941_cov_32.2581	gb_AF235050.4_+_38028-40140_ARO:3003318_Streptomyces	100.000	31	0	0	14932	14962	1896	1926	1.16e-07	58.4	2215630
NODE_1463_length_20941_cov_32.2581	gb_AF235050.4_+_38028-40140_ARO:3003318_Streptomyces	100.000	31	0	0	14932	14962	1896	1926	1.16e-07	58.4	2215630
NODE_1463_length_20941_cov_32.2581	gb_AF235050.4_+_38028-40140_ARO:3003318_Streptomyces	100.000	31	0	0	14932	14962	1896	1926	1.16e-07	58.4	3709952
NODE_1463_length_20941_cov_32.2581	gb_AF235050.4_+_38028-40140_ARO:3003318_Streptomyces	100.000	31	0	0	14932	14962	1896	1926	1.16e-07	58.4	3709952
NODE_1602_length_19241_cov_6.56786	gb_AP006618.1_+_4835199-4838688_ARO:3000501_Nocardia	80.097	206	41	0	13245	13450	1451	1246	1.33e-36	154	1846601
NODE_1602_length_19241_cov_6.56786	gb_AP006618.1_+_4835199-4838688_ARO:3000501_Nocardia	80.097	206	41	0	13245	13450	1451	1246	1.33e-36	154	310830
NODE_1602_length_19241_cov_6.56786	gb_AP006618.1_+_4835199-4838688_ARO:3000501_Nocardia	80.097	206	41	0	13245	13450	1451	1246	1.33e-36	154	797392
NODE_1602_length_19241_cov_6.56786	gb_AP006618.1_+_4835199-4838688_ARO:3000501_Nocardia	80.097	206	41	0	13245	13450	1451	1246	1.33e-36	154	1028579
NODE_1602_length_19241_cov_6.56786	gb_AP006618.1_+_4835199-4838688_ARO:3000501_Nocardia	80.097	206	41	0	13245	13450	1451	1246	1.33e-36	154	42980
NODE_1602_length_19241_cov_6.56786	gb_AP006618.1_+_4835199-4838688_ARO:3000501_Nocardia	80.097	206	41	0	13245	13450	1451	1246	1.33e-36	154	1252155
NODE_1602_length_19241_cov_6.56786	gb_AP006618.1_+_4835199-4838688_ARO:3000501_Nocardia	80.097	206	41	0	13245	13450	1451	1246	1.33e-36	154	4034101
NODE_1602_length_19241_cov_6.56786	gb_AP006618.1_+_4835199-4838688_ARO:3000501_Nocardia	80.097	206	41	0	13245	13450	1451	1246	1.33e-36	154	1028888
NODE_1602_length_19241_cov_6.56786	gb_AP006618.1_+_4835199-4838688_ARO:3000501_Nocardia	80.097	206	41	0	13245	13450	1451	1246	1.33e-36	154	299459
NODE_2098_length_14697_cov_12.803	gb_NC_014638.1_-_1610636-1613960_ARO:3003730_Bifidobacteria	79.092	1167	211	22	13553	14695	3237	2080	0.0	773	691442
NODE_2098_length_14697_cov_12.803	gb_NC_014638.1_-_1610636-1613960_ARO:3003730_Bifidobacteria	79.092	1167	211	22	13553	14695	3237	2080	0.0	773	566725
NODE_2098_length_14697_cov_12.803	gb_NC_014638.1_-_1610636-1613960_ARO:3003730_Bifidobacteria	79.092	1167	211	22	13553	14695	3237	2080	0.0	773	566725
NODE_2098_length_14697_cov_12.803	gb_NC_014638.1_-_1610636-1613960_ARO:3003730_Bifidobacteria	79.092	1167	211	22	13553	14695	3237	2080	0.0	773	689953
NODE_2098_length_14697_cov_12.803	gb_NC_014638.1_-_1610636-1613960_ARO:3003730_Bifidobacteria	79.092	1167	211	22	13553	14695	3237	2080	0.0	773	426403
NODE_2098_length_14697_cov_12.803	gb_NC_014638.1_-_1610636-1613960_ARO:3003730_Bifidobacteria	79.092	1167	211	22	13553	14695	3237	2080	0.0	773	691442
NODE_2098_length_14697_cov_12.803	gb_NC_014638.1_-_1610636-1613960_ARO:3003730_Bifidobacteria	79.092	1167	211	22	13553	14695	3237	2080	0.0	773	584700
NODE_2098_length_14697_cov_12.803	gb_NC_014638.1_-_1610636-1613960_ARO:3003730_Bifidobacteria	79.092	1167	211	22	13553	14695	3237	2080	0.0	773	426403
NODE_2098_length_14697_cov_12.803	gb_NC_014638.1_-_1610636-1613960_ARO:3003730_Bifidobacteria	79.092	1167	211	22	13553	14695	3237	2080	0.0	773	689953
NODE_2098_length_14697_cov_12.803	gb_NC_014638.1_-_1610636-1613960_ARO:3003730_Bifidobacteria	79.092	1167	211	22	13553	14695	3237	2080	0.0	773	302363
NODE_2098_length_14697_cov_12.803	gb_NC_014638.1_-_1610636-1613960_ARO:3003730_Bifidobacteria	79.092	1167	211	22	13553	14695	3237	2080	0.0	773	231237
NODE_2098_length_14697_cov_12.803	gb_NC_014638.1_-_1610636-1613960_ARO:3003730_Bifidobacteria	79.092	1167	211	22	13553	14695	3237	2080	0.0	773	302363
NODE_2098_length_14697_cov_12.803	gb_NC_014638.1_-_1610636-1613960_ARO:3003730_Bifidobacteria	79.092	1167	211	22	13553	14695	3237	2080	0.0	773	302363
NODE_2098_length_14697_cov_12.803	gb_NC_014638.1_-_1610636-1613960_ARO:3003730_Bifidobacteria	79.092	1167	211	22	13553	14695	3237	2080	0.0	773	691442
NODE_2098_length_14697_cov_12.803	gb_NC_014638.1_-_1610636-1613960_ARO:3003730_Bifidobacteria	79.092	1167	211	22	13553	14695	3237	2080	0.0	773	584700
NODE_2098_length_14697_cov_12.803	gb_NC_014638.1_-_1610636-1613960_ARO:3003730_Bifidobacteria	79.092	1167	211	22	13553	14695	3237	2080	0.0	773	691442
NODE_2098_length_14697_cov_12.803	gb_NC_014638.1_-_1610636-1613960_ARO:3003730_Bifidobacteria	79.092	1167	211	22	13553	14695	3237	2080	0.0	773	584700
NODE_2098_length_14697_cov_12.803	gb_NC_014638.1_-_1610636-1613960_ARO:3003730_Bifidobacteria	79.092	1167	211	22	13553	14695	3237	2080	0.0	773	231237
NODE_2098_length_14697_cov_12.803	gb_NC_014638.1_-_1610636-1613960_ARO:3003730_Bifidobacteria	79.092	1167	211	22	13553	14695	3237	2080	0.0	773	691533
NODE_2098_length_14697_cov_12.803	gb_NC_014638.1_-_1610636-1613960_ARO:3003730_Bifidobacteria	79.092	1167	211	22	13553	14695	3237	2080	0.0	773	566337
NODE_2098_length_14697_cov_12.803	gb_NC_014638.1_-_1610636-1613960_ARO:3003730_Bifidobacteria	79.092	1167	211	22	13553	14695	3237	2080	0.0	773	426403
NODE_2287_length_13497_cov_5.51718	gb_X74948_+_0-492_ARO:3002688_catS	89.024	492	52	2	11113	11603	1	491	1.65e-173	608	5419598
NODE_2287_length_13497_cov_5.51718	gb_AF226276.1_+_3583-4207_ARO:3002682_catD	82.456	627	104	6	11053	11676	1	624	4.72e-154	544	5419598
NODE_2287_length_13497_cov_5.51718	gb_U15027_+_0-624_ARO:3002686_catP	82.456	627	104	6	11053	11676	1	624	4.72e-154	544	5419598
NODE_2287_length_13497_cov_5.51718	gb_X74948_+_0-492_ARO:3002688_catS	89.024	492	52	2	11113	11603	1	491	1.65e-173	608	5418608
NODE_2287_length_13497_cov_5.51718	gb_AF226276.1_+_3583-4207_ARO:3002682_catD	82.456	627	104	6	11053	11676	1	624	4.72e-154	544	5418608
NODE_2287_length_13497_cov_5.51718	gb_U15027_+_0-624_ARO:3002686_catP	82.456	627	104	6	11053	11676	1	624	4.72e-154	544	5418608
NODE_2287_length_13497_cov_5.51718	gb_X74948_+_0-492_ARO:3002688_catS	89.024	492	52	2	11113	11603	1	491	1.65e-173	608	229467
NODE_2287_length_13497_cov_5.51718	gb_AF226276.1_+_3583-4207_ARO:3002682_catD	82.456	627	104	6	11053	11676	1	624	4.72e-154	544	229467
NODE_2287_length_13497_cov_5.51718	gb_U15027_+_0-624_ARO:3002686_catP	82.456	627	104	6	11053	11676	1	624	4.72e-154	544	229467
NODE_2287_length_13497_cov_5.51718	gb_X74948_+_0-492_ARO:3002688_catS	89.024	492	52	2	11113	11603	1	491	1.65e-173	608	2123777
NODE_2287_length_13497_cov_5.51718	gb_AF226276.1_+_3583-4207_ARO:3002682_catD	82.456	627	104	6	11053	11676	1	624	4.72e-154	544	2123777
NODE_2287_length_13497_cov_5.51718	gb_U15027_+_0-624_ARO:3002686_catP	82.456	627	104	6	11053	11676	1	624	4.72e-154	544	2123777
NODE_2953_length_10382_cov_27.6632	gb_AP006618.1_+_4835199-4838688_ARO:3000501_Nocardia	72.676	3195	766	87	4412	7569	3365	241	0.0	965	140294
NODE_2953_length_10382_cov_27.6632	gb_AP006618.1_+_4835199-4838688_ARO:3000501_Nocardia	72.676	3195	766	87	4412	7569	3365	241	0.0	965	140294
NODE_2953_length_10382_cov_27.6632	gb_AP006618.1_+_4835199-4838688_ARO:3000501_Nocardia	72.676	3195	766	87	4412	7569	3365	241	0.0	965	5418233
NODE_2953_length_10382_cov_27.6632	gb_AP006618.1_+_4835199-4838688_ARO:3000501_Nocardia	72.676	3195	766	87	4412	7569	3365	241	0.0	965	475405
NODE_2953_length_10382_cov_27.6632	gb_AP006618.1_+_4835199-4838688_ARO:3000501_Nocardia	72.676	3195	766	87	4412	7569	3365	241	0.0	965	4238119
NODE_2953_length_10382_cov_27.6632	gb_AP006618.1_+_4835199-4838688_ARO:3000501_Nocardia	72.676	3195	766	87	4412	7569	3365	241	0.0	965	2073577
NODE_2953_length_10382_cov_27.6632	gb_AP006618.1_+_4835199-4838688_ARO:3000501_Nocardia	72.676	3195	766	87	4412	7569	3365	241	0.0	965	2073577
NODE_2953_length_10382_cov_27.6632	gb_AP006618.1_+_4835199-4838688_ARO:3000501_Nocardia	72.676	3195	766	87	4412	7569	3365	241	0.0	965	2179835
NODE_3412_length_8896_cov_12.2483	gb_M35190.1_+_308-932_ARO:3004454_Campylobacter	97.436	624	16	0	5413	6036	1	624	0.0	1064	6524165
NODE_3412_length_8896_cov_12.2483	gb_X53797_+_133-775_ARO:3002684_catII	94.118	34	2	0	5959	5992	556	589	2.30e-06	52.8	6524165
NODE_6196_length_4762_cov_3.09029	gb_AP006618.1_+_4835199-4838688_ARO:3000501_Nocardia	82.520	246	35	7	498	739	3023	3264	6.89e-54	209	1112151
NODE_6196_length_4762_cov_3.09029	gb_AP006618.1_+_4835199-4838688_ARO:3000501_Nocardia	82.520	246	35	7	498	739	3023	3264	6.89e-54	209	2714004
NODE_6960_length_4270_cov_31.6909	gb_EU434751_+_658-2578_ARO:3000194_tetW	99.948	1920	1	0	2093	4012	1920	1	0.0	3541	184823
NODE_6960_length_4270_cov_31.6909	gb_KU736867.1_+_19653-21573_ARO:3004442_tet(W/N/W)	96.077	1912	73	2	2102	4012	1911	1	0.0	3114	184823
NODE_6960_length_4270_cov_31.6909	gb_EU434751_+_658-2578_ARO:3000194_tetW	99.948	1920	1	0	2093	4012	1920	1	0.0	3541	129445
NODE_6960_length_4270_cov_31.6909	gb_KU736867.1_+_19653-21573_ARO:3004442_tet(W/N/W)	96.077	1912	73	2	2102	4012	1911	1	0.0	3114	129445
NODE_6960_length_4270_cov_31.6909	gb_EU434751_+_658-2578_ARO:3000194_tetW	99.948	1920	1	0	2093	4012	1920	1	0.0	3541	648036
NODE_6960_length_4270_cov_31.6909	gb_KU736867.1_+_19653-21573_ARO:3004442_tet(W/N/W)	96.077	1912	73	2	2102	4012	1911	1	0.0	3114	648036
NODE_6960_length_4270_cov_31.6909	gb_EU434751_+_658-2578_ARO:3000194_tetW	99.948	1920	1	0	2093	4012	1920	1	0.0	3541	180197
NODE_6960_length_4270_cov_31.6909	gb_KU736867.1_+_19653-21573_ARO:3004442_tet(W/N/W)	96.077	1912	73	2	2102	4012	1911	1	0.0	3114	180197
NODE_7797_length_3818_cov_50.6609	gb_AJ295238.3_+_163-2083_ARO:3000196_tet32	87.923	1921	212	19	1650	3560	1911	1	0.0	2244	6215706
NODE_8612_length_3482_cov_4.22615	gb_AF235050.4_+_38028-40140_ARO:3003318_Streptomyces	71.770	209	57	2	1780	1987	76	283	1.93e-08	58.4	3085253
NODE_9739_length_3133_cov_6.67836	gb_AF235050.4_+_38028-40140_ARO:3003318_Streptomyces	72.622	347	89	6	209	552	76	419	4.72e-24	110	1047767
NODE_9739_length_3133_cov_6.67836	gb_AF235050.4_+_38028-40140_ARO:3003318_Streptomyces	72.622	347	89	6	209	552	76	419	4.72e-24	110	75197
NODE_9739_length_3133_cov_6.67836	gb_AF235050.4_+_38028-40140_ARO:3003318_Streptomyces	72.622	347	89	6	209	552	76	419	4.72e-24	110	1807735
NODE_9739_length_3133_cov_6.67836	gb_AF235050.4_+_38028-40140_ARO:3003318_Streptomyces	72.622	347	89	6	209	552	76	419	4.72e-24	110	478753
NODE_9739_length_3133_cov_6.67836	gb_AF235050.4_+_38028-40140_ARO:3003318_Streptomyces	72.622	347	89	6	209	552	76	419	4.72e-24	110	50716
NODE_9739_length_3133_cov_6.67836	gb_AF235050.4_+_38028-40140_ARO:3003318_Streptomyces	72.622	347	89	6	209	552	76	419	4.72e-24	110	4017218
NODE_12604_length_2517_cov_12.7636	gb_AF235050.4_+_38028-40140_ARO:3003318_Streptomyces	77.348	362	58	19	2115	2467	421	75	3.66e-49	193	646859
NODE_14734_length_2228_cov_522.416	gb_GQ342996_+_797-1793_ARO:3003097_CfxA6	99.598	996	4	0	1208	2203	996	1	0.0	1818	3838244
NODE_14734_length_2228_cov_522.416	gb_AF118110.1_-_71-1037_ARO:3003002_CfxA2	89.189	962	101	3	1211	2170	961	1	0.0	1197	3838244
NODE_14734_length_2228_cov_522.416	gb_AF472622_+_52-1018_ARO:3003003_CfxA3	89.085	962	102	3	1211	2170	961	1	0.0	1192	3838244
NODE_14734_length_2228_cov_522.416	gb_AY769934_+_27-993_ARO:3003096_CfxA5	89.085	962	102	3	1211	2170	961	1	0.0	1192	3838244
NODE_14734_length_2228_cov_522.416	gb_U38243_+_149-1115_ARO:3003001_CfxA	89.085	962	102	3	1211	2170	961	1	0.0	1192	3838244
NODE_14734_length_2228_cov_522.416	gb_AY769933_+_0-966_ARO:3003005_CfxA4	89.085	962	102	3	1211	2170	961	1	0.0	1192	3838244
NODE_14734_length_2228_cov_522.416	gb_GQ342996_+_797-1793_ARO:3003097_CfxA6	99.598	996	4	0	1208	2203	996	1	0.0	1818	479081
NODE_14734_length_2228_cov_522.416	gb_AF118110.1_-_71-1037_ARO:3003002_CfxA2	89.189	962	101	3	1211	2170	961	1	0.0	1197	479081
NODE_14734_length_2228_cov_522.416	gb_AF472622_+_52-1018_ARO:3003003_CfxA3	89.085	962	102	3	1211	2170	961	1	0.0	1192	479081
NODE_14734_length_2228_cov_522.416	gb_AY769934_+_27-993_ARO:3003096_CfxA5	89.085	962	102	3	1211	2170	961	1	0.0	1192	479081
NODE_14734_length_2228_cov_522.416	gb_U38243_+_149-1115_ARO:3003001_CfxA	89.085	962	102	3	1211	2170	961	1	0.0	1192	479081
NODE_14734_length_2228_cov_522.416	gb_AY769933_+_0-966_ARO:3003005_CfxA4	89.085	962	102	3	1211	2170	961	1	0.0	1192	479081
NODE_20436_length_1730_cov_2.46209	gb_L36601_+_1420-3130_ARO:3003036_oleB	94.595	37	2	0	1606	1642	1532	1568	9.54e-09	58.4	681596
NODE_26267_length_1430_cov_15.848	gb_X74948_+_0-492_ARO:3002688_catS	96.334	491	18	0	602	1092	491	1	0.0	808	97478
NODE_26267_length_1430_cov_15.848	gb_AF226276.1_+_3583-4207_ARO:3002682_catD	85.032	628	86	7	529	1152	624	1	0.0	632	97478
NODE_26267_length_1430_cov_15.848	gb_U15027_+_0-624_ARO:3002686_catP	85.032	628	86	7	529	1152	624	1	0.0	632	97478
NODE_31383_length_1256_cov_3.31557	gb_X74948_+_0-492_ARO:3002688_catS	81.705	481	86	2	298	777	13	492	9.94e-112	399	5418802
NODE_34828_length_1161_cov_3.4783	gb_AF235050.4_+_38028-40140_ARO:3003318_Streptomyces	77.049	122	24	3	60	179	194	75	1.06e-11	67.6	2314057
NODE_36363_length_1124_cov_1.3087	gb_U00096_+_2812615-2814154_ARO:3000074_emrB	83.784	1073	174	0	1	1073	457	1529	0.0	1018	3586272
NODE_45962_length_952_cov_3.78707	gb_AF235050.4_+_38028-40140_ARO:3003318_Streptomyces	77.348	181	24	14	773	947	491	322	5.12e-19	91.6	1895863
NODE_54021_length_851_cov_21.4535	gb_X74948_+_0-492_ARO:3002688_catS	92.357	314	24	0	1	314	314	1	2.35e-126	448	167093
NODE_75721_length_674_cov_1.57351	gb_U97042_+_1263-4347_ARO:3003010_ceoB	100.000	37	0	0	395	431	2870	2834	1.69e-12	69.4	5359960
NODE_75721_length_674_cov_1.57351	gb_AB219524.1_+_1176-4338_ARO:3003699_mexQ	94.737	38	2	0	394	431	2853	2816	1.01e-09	60.2	5359960
NODE_97597_length_568_cov_1.21053	gb_NC_000913.3_-_481253-484403_ARO:3000216_acrB	83.922	566	88	2	6	568	1658	1093	8.96e-154	538	3110665
NODE_97597_length_568_cov_1.21053	gb_NC_007779_+_2586250-2589364_ARO:3000491_acrD	78.372	393	83	2	177	568	1484	1093	3.63e-68	254	3110665
NODE_97597_length_568_cov_1.21053	gb_AFRQ01000061.1_-_23986-27124_ARO:3004144_AxyY	75.758	396	86	9	178	568	1480	1090	2.89e-49	191	3110665
NODE_222202_length_333_cov_1.78777	gb_KU254579.1_+_59421-59841_ARO:3004111_FosA6	92.857	266	19	0	68	333	1	266	1.97e-108	387	439050
NODE_222202_length_333_cov_1.78777	gb_KP143090.1_-_1199-1619_ARO:3003209_FosA5	92.857	266	19	0	68	333	1	266	1.97e-108	387	439050
NODE_266803_length_298_cov_0.880658	gb_AY082011_+_0-699_ARO:3002923_vanRD	87.879	66	5	1	29	94	258	320	1.54e-14	75.0	4681759
NODE_288944_length_285_cov_1.17391	gb_NC_002695.1_-_4903561-4904935_ARO:3000830_cpxA	85.263	285	42	0	1	285	1133	849	1.04e-80	294	2448334
NODE_305734_length_276_cov_1.29864	gb_NC_000913.3_-_481253-484403_ARO:3000216_acrB	87.681	276	34	0	1	276	862	1137	4.60e-89	322	3110665
NODE_305734_length_276_cov_1.29864	gb_L11616_+_1569-4710_ARO:3000378_MexB	79.851	268	52	2	10	276	871	1137	1.05e-50	195	3110665
NODE_305734_length_276_cov_1.29864	gb_AF173226_+_3767-6917_ARO:3003052_smeB	84.828	145	22	0	123	267	984	1128	2.97e-36	147	3110665
NODE_305734_length_276_cov_1.29864	gb_AJ252200_+_1278-4401_ARO:3003056_smeE	83.766	154	25	0	114	267	975	1128	2.97e-36	147	3110665
NODE_500874_length_210_cov_1.4	gb_AY768532_+_0-1935_ARO:3000535_macB	88.679	53	6	0	1	53	421	473	6.35e-12	65.8	133596
