NODE_137_length_95674_cov_24.1434	gb_X74948_+_0-492_ARO:3002688_catS	88.211	492	58	0	41192	41683	492	1	1.52e-166	588	589621
NODE_137_length_95674_cov_24.1434	gb_X74948_+_0-492_ARO:3002688_catS	88.211	492	58	0	41192	41683	492	1	1.52e-166	588	284995
NODE_137_length_95674_cov_24.1434	gb_X74948_+_0-492_ARO:3002688_catS	88.211	492	58	0	41192	41683	492	1	1.52e-166	588	117030
NODE_137_length_95674_cov_24.1434	gb_X74948_+_0-492_ARO:3002688_catS	88.211	492	58	0	41192	41683	492	1	1.52e-166	588	3609911
NODE_137_length_95674_cov_24.1434	gb_X74948_+_0-492_ARO:3002688_catS	88.211	492	58	0	41192	41683	492	1	1.52e-166	588	560598
NODE_137_length_95674_cov_24.1434	gb_X74948_+_0-492_ARO:3002688_catS	88.211	492	58	0	41192	41683	492	1	1.52e-166	588	594469
NODE_137_length_95674_cov_24.1434	gb_X74948_+_0-492_ARO:3002688_catS	88.211	492	58	0	41192	41683	492	1	1.52e-166	588	2483079
NODE_137_length_95674_cov_24.1434	gb_X74948_+_0-492_ARO:3002688_catS	88.211	492	58	0	41192	41683	492	1	1.52e-166	588	1054307
NODE_137_length_95674_cov_24.1434	gb_X74948_+_0-492_ARO:3002688_catS	88.211	492	58	0	41192	41683	492	1	1.52e-166	588	75129
NODE_137_length_95674_cov_24.1434	gb_X74948_+_0-492_ARO:3002688_catS	88.211	492	58	0	41192	41683	492	1	1.52e-166	588	76437
NODE_137_length_95674_cov_24.1434	gb_X74948_+_0-492_ARO:3002688_catS	88.211	492	58	0	41192	41683	492	1	1.52e-166	588	3603636
NODE_768_length_35894_cov_37.9151	gb_X74948_+_0-492_ARO:3002688_catS	96.334	491	18	0	23722	24212	491	1	0.0	808	111384
NODE_768_length_35894_cov_37.9151	gb_AF226276.1_+_3583-4207_ARO:3002682_catD	84.185	626	95	3	23649	24272	624	1	5.68e-172	604	111384
NODE_768_length_35894_cov_37.9151	gb_U15027_+_0-624_ARO:3002686_catP	84.185	626	95	3	23649	24272	624	1	5.68e-172	604	111384
NODE_768_length_35894_cov_37.9151	gb_X74948_+_0-492_ARO:3002688_catS	96.334	491	18	0	23722	24212	491	1	0.0	808	585822
NODE_768_length_35894_cov_37.9151	gb_AF226276.1_+_3583-4207_ARO:3002682_catD	84.185	626	95	3	23649	24272	624	1	5.68e-172	604	585822
NODE_768_length_35894_cov_37.9151	gb_U15027_+_0-624_ARO:3002686_catP	84.185	626	95	3	23649	24272	624	1	5.68e-172	604	585822
NODE_768_length_35894_cov_37.9151	gb_X74948_+_0-492_ARO:3002688_catS	96.334	491	18	0	23722	24212	491	1	0.0	808	77773
NODE_768_length_35894_cov_37.9151	gb_AF226276.1_+_3583-4207_ARO:3002682_catD	84.185	626	95	3	23649	24272	624	1	5.68e-172	604	77773
NODE_768_length_35894_cov_37.9151	gb_U15027_+_0-624_ARO:3002686_catP	84.185	626	95	3	23649	24272	624	1	5.68e-172	604	77773
NODE_768_length_35894_cov_37.9151	gb_X74948_+_0-492_ARO:3002688_catS	96.334	491	18	0	23722	24212	491	1	0.0	808	475749
NODE_768_length_35894_cov_37.9151	gb_AF226276.1_+_3583-4207_ARO:3002682_catD	84.185	626	95	3	23649	24272	624	1	5.68e-172	604	475749
NODE_768_length_35894_cov_37.9151	gb_U15027_+_0-624_ARO:3002686_catP	84.185	626	95	3	23649	24272	624	1	5.68e-172	604	475749
NODE_768_length_35894_cov_37.9151	gb_X74948_+_0-492_ARO:3002688_catS	96.334	491	18	0	23722	24212	491	1	0.0	808	592974
NODE_768_length_35894_cov_37.9151	gb_AF226276.1_+_3583-4207_ARO:3002682_catD	84.185	626	95	3	23649	24272	624	1	5.68e-172	604	592974
NODE_768_length_35894_cov_37.9151	gb_U15027_+_0-624_ARO:3002686_catP	84.185	626	95	3	23649	24272	624	1	5.68e-172	604	592974
NODE_768_length_35894_cov_37.9151	gb_X74948_+_0-492_ARO:3002688_catS	96.334	491	18	0	23722	24212	491	1	0.0	808	1900117
NODE_768_length_35894_cov_37.9151	gb_AF226276.1_+_3583-4207_ARO:3002682_catD	84.185	626	95	3	23649	24272	624	1	5.68e-172	604	1900117
NODE_768_length_35894_cov_37.9151	gb_U15027_+_0-624_ARO:3002686_catP	84.185	626	95	3	23649	24272	624	1	5.68e-172	604	1900117
NODE_768_length_35894_cov_37.9151	gb_X74948_+_0-492_ARO:3002688_catS	96.334	491	18	0	23722	24212	491	1	0.0	808	1900004
NODE_768_length_35894_cov_37.9151	gb_AF226276.1_+_3583-4207_ARO:3002682_catD	84.185	626	95	3	23649	24272	624	1	5.68e-172	604	1900004
NODE_768_length_35894_cov_37.9151	gb_U15027_+_0-624_ARO:3002686_catP	84.185	626	95	3	23649	24272	624	1	5.68e-172	604	1900004
NODE_768_length_35894_cov_37.9151	gb_X74948_+_0-492_ARO:3002688_catS	96.334	491	18	0	23722	24212	491	1	0.0	808	331088
NODE_768_length_35894_cov_37.9151	gb_AF226276.1_+_3583-4207_ARO:3002682_catD	84.185	626	95	3	23649	24272	624	1	5.68e-172	604	331088
NODE_768_length_35894_cov_37.9151	gb_U15027_+_0-624_ARO:3002686_catP	84.185	626	95	3	23649	24272	624	1	5.68e-172	604	331088
NODE_768_length_35894_cov_37.9151	gb_X74948_+_0-492_ARO:3002688_catS	96.334	491	18	0	23722	24212	491	1	0.0	808	2441394
NODE_768_length_35894_cov_37.9151	gb_AF226276.1_+_3583-4207_ARO:3002682_catD	84.185	626	95	3	23649	24272	624	1	5.68e-172	604	2441394
NODE_768_length_35894_cov_37.9151	gb_U15027_+_0-624_ARO:3002686_catP	84.185	626	95	3	23649	24272	624	1	5.68e-172	604	2441394
NODE_768_length_35894_cov_37.9151	gb_X74948_+_0-492_ARO:3002688_catS	96.334	491	18	0	23722	24212	491	1	0.0	808	2441394
NODE_768_length_35894_cov_37.9151	gb_AF226276.1_+_3583-4207_ARO:3002682_catD	84.185	626	95	3	23649	24272	624	1	5.68e-172	604	2441394
NODE_768_length_35894_cov_37.9151	gb_U15027_+_0-624_ARO:3002686_catP	84.185	626	95	3	23649	24272	624	1	5.68e-172	604	2441394
NODE_768_length_35894_cov_37.9151	gb_X74948_+_0-492_ARO:3002688_catS	96.334	491	18	0	23722	24212	491	1	0.0	808	6679740
NODE_768_length_35894_cov_37.9151	gb_AF226276.1_+_3583-4207_ARO:3002682_catD	84.185	626	95	3	23649	24272	624	1	5.68e-172	604	6679740
NODE_768_length_35894_cov_37.9151	gb_U15027_+_0-624_ARO:3002686_catP	84.185	626	95	3	23649	24272	624	1	5.68e-172	604	6679740
NODE_768_length_35894_cov_37.9151	gb_X74948_+_0-492_ARO:3002688_catS	96.334	491	18	0	23722	24212	491	1	0.0	808	128633
NODE_768_length_35894_cov_37.9151	gb_AF226276.1_+_3583-4207_ARO:3002682_catD	84.185	626	95	3	23649	24272	624	1	5.68e-172	604	128633
NODE_768_length_35894_cov_37.9151	gb_U15027_+_0-624_ARO:3002686_catP	84.185	626	95	3	23649	24272	624	1	5.68e-172	604	128633
NODE_768_length_35894_cov_37.9151	gb_X74948_+_0-492_ARO:3002688_catS	96.334	491	18	0	23722	24212	491	1	0.0	808	6679740
NODE_768_length_35894_cov_37.9151	gb_AF226276.1_+_3583-4207_ARO:3002682_catD	84.185	626	95	3	23649	24272	624	1	5.68e-172	604	6679740
NODE_768_length_35894_cov_37.9151	gb_U15027_+_0-624_ARO:3002686_catP	84.185	626	95	3	23649	24272	624	1	5.68e-172	604	6679740
NODE_768_length_35894_cov_37.9151	gb_X74948_+_0-492_ARO:3002688_catS	96.334	491	18	0	23722	24212	491	1	0.0	808	1867003
NODE_768_length_35894_cov_37.9151	gb_AF226276.1_+_3583-4207_ARO:3002682_catD	84.185	626	95	3	23649	24272	624	1	5.68e-172	604	1867003
NODE_768_length_35894_cov_37.9151	gb_U15027_+_0-624_ARO:3002686_catP	84.185	626	95	3	23649	24272	624	1	5.68e-172	604	1867003
NODE_768_length_35894_cov_37.9151	gb_X74948_+_0-492_ARO:3002688_catS	96.334	491	18	0	23722	24212	491	1	0.0	808	198700
NODE_768_length_35894_cov_37.9151	gb_AF226276.1_+_3583-4207_ARO:3002682_catD	84.185	626	95	3	23649	24272	624	1	5.68e-172	604	198700
NODE_768_length_35894_cov_37.9151	gb_U15027_+_0-624_ARO:3002686_catP	84.185	626	95	3	23649	24272	624	1	5.68e-172	604	198700
NODE_768_length_35894_cov_37.9151	gb_X74948_+_0-492_ARO:3002688_catS	96.334	491	18	0	23722	24212	491	1	0.0	808	3788671
NODE_768_length_35894_cov_37.9151	gb_AF226276.1_+_3583-4207_ARO:3002682_catD	84.185	626	95	3	23649	24272	624	1	5.68e-172	604	3788671
NODE_768_length_35894_cov_37.9151	gb_U15027_+_0-624_ARO:3002686_catP	84.185	626	95	3	23649	24272	624	1	5.68e-172	604	3788671
NODE_768_length_35894_cov_37.9151	gb_X74948_+_0-492_ARO:3002688_catS	96.334	491	18	0	23722	24212	491	1	0.0	808	311322
NODE_768_length_35894_cov_37.9151	gb_AF226276.1_+_3583-4207_ARO:3002682_catD	84.185	626	95	3	23649	24272	624	1	5.68e-172	604	311322
NODE_768_length_35894_cov_37.9151	gb_U15027_+_0-624_ARO:3002686_catP	84.185	626	95	3	23649	24272	624	1	5.68e-172	604	311322
NODE_768_length_35894_cov_37.9151	gb_X74948_+_0-492_ARO:3002688_catS	96.334	491	18	0	23722	24212	491	1	0.0	808	6680252
NODE_768_length_35894_cov_37.9151	gb_AF226276.1_+_3583-4207_ARO:3002682_catD	84.185	626	95	3	23649	24272	624	1	5.68e-172	604	6680252
NODE_768_length_35894_cov_37.9151	gb_U15027_+_0-624_ARO:3002686_catP	84.185	626	95	3	23649	24272	624	1	5.68e-172	604	6680252
NODE_768_length_35894_cov_37.9151	gb_X74948_+_0-492_ARO:3002688_catS	96.334	491	18	0	23722	24212	491	1	0.0	808	5727483
NODE_768_length_35894_cov_37.9151	gb_AF226276.1_+_3583-4207_ARO:3002682_catD	84.185	626	95	3	23649	24272	624	1	5.68e-172	604	5727483
NODE_768_length_35894_cov_37.9151	gb_U15027_+_0-624_ARO:3002686_catP	84.185	626	95	3	23649	24272	624	1	5.68e-172	604	5727483
NODE_768_length_35894_cov_37.9151	gb_X74948_+_0-492_ARO:3002688_catS	96.334	491	18	0	23722	24212	491	1	0.0	808	3065758
NODE_768_length_35894_cov_37.9151	gb_AF226276.1_+_3583-4207_ARO:3002682_catD	84.185	626	95	3	23649	24272	624	1	5.68e-172	604	3065758
NODE_768_length_35894_cov_37.9151	gb_U15027_+_0-624_ARO:3002686_catP	84.185	626	95	3	23649	24272	624	1	5.68e-172	604	3065758
NODE_768_length_35894_cov_37.9151	gb_X74948_+_0-492_ARO:3002688_catS	96.334	491	18	0	23722	24212	491	1	0.0	808	975338
NODE_768_length_35894_cov_37.9151	gb_AF226276.1_+_3583-4207_ARO:3002682_catD	84.185	626	95	3	23649	24272	624	1	5.68e-172	604	975338
NODE_768_length_35894_cov_37.9151	gb_U15027_+_0-624_ARO:3002686_catP	84.185	626	95	3	23649	24272	624	1	5.68e-172	604	975338
NODE_768_length_35894_cov_37.9151	gb_X74948_+_0-492_ARO:3002688_catS	96.334	491	18	0	23722	24212	491	1	0.0	808	1077291
NODE_768_length_35894_cov_37.9151	gb_AF226276.1_+_3583-4207_ARO:3002682_catD	84.185	626	95	3	23649	24272	624	1	5.68e-172	604	1077291
NODE_768_length_35894_cov_37.9151	gb_U15027_+_0-624_ARO:3002686_catP	84.185	626	95	3	23649	24272	624	1	5.68e-172	604	1077291
NODE_768_length_35894_cov_37.9151	gb_X74948_+_0-492_ARO:3002688_catS	96.334	491	18	0	23722	24212	491	1	0.0	808	1059219
NODE_768_length_35894_cov_37.9151	gb_AF226276.1_+_3583-4207_ARO:3002682_catD	84.185	626	95	3	23649	24272	624	1	5.68e-172	604	1059219
NODE_768_length_35894_cov_37.9151	gb_U15027_+_0-624_ARO:3002686_catP	84.185	626	95	3	23649	24272	624	1	5.68e-172	604	1059219
NODE_768_length_35894_cov_37.9151	gb_X74948_+_0-492_ARO:3002688_catS	96.334	491	18	0	23722	24212	491	1	0.0	808	588259
NODE_768_length_35894_cov_37.9151	gb_AF226276.1_+_3583-4207_ARO:3002682_catD	84.185	626	95	3	23649	24272	624	1	5.68e-172	604	588259
NODE_768_length_35894_cov_37.9151	gb_U15027_+_0-624_ARO:3002686_catP	84.185	626	95	3	23649	24272	624	1	5.68e-172	604	588259
NODE_768_length_35894_cov_37.9151	gb_X74948_+_0-492_ARO:3002688_catS	96.334	491	18	0	23722	24212	491	1	0.0	808	3027647
NODE_768_length_35894_cov_37.9151	gb_AF226276.1_+_3583-4207_ARO:3002682_catD	84.185	626	95	3	23649	24272	624	1	5.68e-172	604	3027647
NODE_768_length_35894_cov_37.9151	gb_U15027_+_0-624_ARO:3002686_catP	84.185	626	95	3	23649	24272	624	1	5.68e-172	604	3027647
NODE_768_length_35894_cov_37.9151	gb_X74948_+_0-492_ARO:3002688_catS	96.334	491	18	0	23722	24212	491	1	0.0	808	168030
NODE_768_length_35894_cov_37.9151	gb_AF226276.1_+_3583-4207_ARO:3002682_catD	84.185	626	95	3	23649	24272	624	1	5.68e-172	604	168030
NODE_768_length_35894_cov_37.9151	gb_U15027_+_0-624_ARO:3002686_catP	84.185	626	95	3	23649	24272	624	1	5.68e-172	604	168030
NODE_768_length_35894_cov_37.9151	gb_X74948_+_0-492_ARO:3002688_catS	96.334	491	18	0	23722	24212	491	1	0.0	808	75118
NODE_768_length_35894_cov_37.9151	gb_AF226276.1_+_3583-4207_ARO:3002682_catD	84.185	626	95	3	23649	24272	624	1	5.68e-172	604	75118
NODE_768_length_35894_cov_37.9151	gb_U15027_+_0-624_ARO:3002686_catP	84.185	626	95	3	23649	24272	624	1	5.68e-172	604	75118
NODE_768_length_35894_cov_37.9151	gb_X74948_+_0-492_ARO:3002688_catS	96.334	491	18	0	23722	24212	491	1	0.0	808	3244992
NODE_768_length_35894_cov_37.9151	gb_AF226276.1_+_3583-4207_ARO:3002682_catD	84.185	626	95	3	23649	24272	624	1	5.68e-172	604	3244992
NODE_768_length_35894_cov_37.9151	gb_U15027_+_0-624_ARO:3002686_catP	84.185	626	95	3	23649	24272	624	1	5.68e-172	604	3244992
NODE_768_length_35894_cov_37.9151	gb_X74948_+_0-492_ARO:3002688_catS	96.334	491	18	0	23722	24212	491	1	0.0	808	3244992
NODE_768_length_35894_cov_37.9151	gb_AF226276.1_+_3583-4207_ARO:3002682_catD	84.185	626	95	3	23649	24272	624	1	5.68e-172	604	3244992
NODE_768_length_35894_cov_37.9151	gb_U15027_+_0-624_ARO:3002686_catP	84.185	626	95	3	23649	24272	624	1	5.68e-172	604	3244992
NODE_768_length_35894_cov_37.9151	gb_X74948_+_0-492_ARO:3002688_catS	96.334	491	18	0	23722	24212	491	1	0.0	808	5606377
NODE_768_length_35894_cov_37.9151	gb_AF226276.1_+_3583-4207_ARO:3002682_catD	84.185	626	95	3	23649	24272	624	1	5.68e-172	604	5606377
NODE_768_length_35894_cov_37.9151	gb_U15027_+_0-624_ARO:3002686_catP	84.185	626	95	3	23649	24272	624	1	5.68e-172	604	5606377
NODE_768_length_35894_cov_37.9151	gb_X74948_+_0-492_ARO:3002688_catS	96.334	491	18	0	23722	24212	491	1	0.0	808	5606377
NODE_768_length_35894_cov_37.9151	gb_AF226276.1_+_3583-4207_ARO:3002682_catD	84.185	626	95	3	23649	24272	624	1	5.68e-172	604	5606377
NODE_768_length_35894_cov_37.9151	gb_U15027_+_0-624_ARO:3002686_catP	84.185	626	95	3	23649	24272	624	1	5.68e-172	604	5606377
NODE_768_length_35894_cov_37.9151	gb_X74948_+_0-492_ARO:3002688_catS	96.334	491	18	0	23722	24212	491	1	0.0	808	358701
NODE_768_length_35894_cov_37.9151	gb_AF226276.1_+_3583-4207_ARO:3002682_catD	84.185	626	95	3	23649	24272	624	1	5.68e-172	604	358701
NODE_768_length_35894_cov_37.9151	gb_U15027_+_0-624_ARO:3002686_catP	84.185	626	95	3	23649	24272	624	1	5.68e-172	604	358701
NODE_768_length_35894_cov_37.9151	gb_X74948_+_0-492_ARO:3002688_catS	96.334	491	18	0	23722	24212	491	1	0.0	808	1031604
NODE_768_length_35894_cov_37.9151	gb_AF226276.1_+_3583-4207_ARO:3002682_catD	84.185	626	95	3	23649	24272	624	1	5.68e-172	604	1031604
NODE_768_length_35894_cov_37.9151	gb_U15027_+_0-624_ARO:3002686_catP	84.185	626	95	3	23649	24272	624	1	5.68e-172	604	1031604
NODE_768_length_35894_cov_37.9151	gb_X74948_+_0-492_ARO:3002688_catS	96.334	491	18	0	23722	24212	491	1	0.0	808	3383459
NODE_768_length_35894_cov_37.9151	gb_AF226276.1_+_3583-4207_ARO:3002682_catD	84.185	626	95	3	23649	24272	624	1	5.68e-172	604	3383459
NODE_768_length_35894_cov_37.9151	gb_U15027_+_0-624_ARO:3002686_catP	84.185	626	95	3	23649	24272	624	1	5.68e-172	604	3383459
NODE_776_length_35731_cov_65.8559	gb_AF118110.1_-_71-1037_ARO:3003002_CfxA2	100.000	966	0	0	22022	22987	1	966	0.0	1784	201511
NODE_776_length_35731_cov_65.8559	gb_AF472622_+_52-1018_ARO:3003003_CfxA3	99.896	966	1	0	22022	22987	1	966	0.0	1779	201511
NODE_776_length_35731_cov_65.8559	gb_AY769934_+_27-993_ARO:3003096_CfxA5	99.896	966	1	0	22022	22987	1	966	0.0	1779	201511
NODE_776_length_35731_cov_65.8559	gb_U38243_+_149-1115_ARO:3003001_CfxA	99.896	966	1	0	22022	22987	1	966	0.0	1779	201511
NODE_776_length_35731_cov_65.8559	gb_AY769933_+_0-966_ARO:3003005_CfxA4	99.896	966	1	0	22022	22987	1	966	0.0	1779	201511
NODE_776_length_35731_cov_65.8559	gb_GQ342996_+_797-1793_ARO:3003097_CfxA6	89.234	966	101	3	22018	22982	30	993	0.0	1205	201511
NODE_776_length_35731_cov_65.8559	gb_AF118110.1_-_71-1037_ARO:3003002_CfxA2	100.000	966	0	0	22022	22987	1	966	0.0	1784	1452344
NODE_776_length_35731_cov_65.8559	gb_AF472622_+_52-1018_ARO:3003003_CfxA3	99.896	966	1	0	22022	22987	1	966	0.0	1779	1452344
NODE_776_length_35731_cov_65.8559	gb_AY769934_+_27-993_ARO:3003096_CfxA5	99.896	966	1	0	22022	22987	1	966	0.0	1779	1452344
NODE_776_length_35731_cov_65.8559	gb_U38243_+_149-1115_ARO:3003001_CfxA	99.896	966	1	0	22022	22987	1	966	0.0	1779	1452344
NODE_776_length_35731_cov_65.8559	gb_AY769933_+_0-966_ARO:3003005_CfxA4	99.896	966	1	0	22022	22987	1	966	0.0	1779	1452344
NODE_776_length_35731_cov_65.8559	gb_GQ342996_+_797-1793_ARO:3003097_CfxA6	89.234	966	101	3	22018	22982	30	993	0.0	1205	1452344
NODE_776_length_35731_cov_65.8559	gb_AF118110.1_-_71-1037_ARO:3003002_CfxA2	100.000	966	0	0	22022	22987	1	966	0.0	1784	201511
NODE_776_length_35731_cov_65.8559	gb_AF472622_+_52-1018_ARO:3003003_CfxA3	99.896	966	1	0	22022	22987	1	966	0.0	1779	201511
NODE_776_length_35731_cov_65.8559	gb_AY769934_+_27-993_ARO:3003096_CfxA5	99.896	966	1	0	22022	22987	1	966	0.0	1779	201511
NODE_776_length_35731_cov_65.8559	gb_U38243_+_149-1115_ARO:3003001_CfxA	99.896	966	1	0	22022	22987	1	966	0.0	1779	201511
NODE_776_length_35731_cov_65.8559	gb_AY769933_+_0-966_ARO:3003005_CfxA4	99.896	966	1	0	22022	22987	1	966	0.0	1779	201511
NODE_776_length_35731_cov_65.8559	gb_GQ342996_+_797-1793_ARO:3003097_CfxA6	89.234	966	101	3	22018	22982	30	993	0.0	1205	201511
NODE_776_length_35731_cov_65.8559	gb_AF118110.1_-_71-1037_ARO:3003002_CfxA2	100.000	966	0	0	22022	22987	1	966	0.0	1784	197788
NODE_776_length_35731_cov_65.8559	gb_AF472622_+_52-1018_ARO:3003003_CfxA3	99.896	966	1	0	22022	22987	1	966	0.0	1779	197788
NODE_776_length_35731_cov_65.8559	gb_AY769934_+_27-993_ARO:3003096_CfxA5	99.896	966	1	0	22022	22987	1	966	0.0	1779	197788
NODE_776_length_35731_cov_65.8559	gb_U38243_+_149-1115_ARO:3003001_CfxA	99.896	966	1	0	22022	22987	1	966	0.0	1779	197788
NODE_776_length_35731_cov_65.8559	gb_AY769933_+_0-966_ARO:3003005_CfxA4	99.896	966	1	0	22022	22987	1	966	0.0	1779	197788
NODE_776_length_35731_cov_65.8559	gb_GQ342996_+_797-1793_ARO:3003097_CfxA6	89.234	966	101	3	22018	22982	30	993	0.0	1205	197788
NODE_776_length_35731_cov_65.8559	gb_AF118110.1_-_71-1037_ARO:3003002_CfxA2	100.000	966	0	0	22022	22987	1	966	0.0	1784	197788
NODE_776_length_35731_cov_65.8559	gb_AF472622_+_52-1018_ARO:3003003_CfxA3	99.896	966	1	0	22022	22987	1	966	0.0	1779	197788
NODE_776_length_35731_cov_65.8559	gb_AY769934_+_27-993_ARO:3003096_CfxA5	99.896	966	1	0	22022	22987	1	966	0.0	1779	197788
NODE_776_length_35731_cov_65.8559	gb_U38243_+_149-1115_ARO:3003001_CfxA	99.896	966	1	0	22022	22987	1	966	0.0	1779	197788
NODE_776_length_35731_cov_65.8559	gb_AY769933_+_0-966_ARO:3003005_CfxA4	99.896	966	1	0	22022	22987	1	966	0.0	1779	197788
NODE_776_length_35731_cov_65.8559	gb_GQ342996_+_797-1793_ARO:3003097_CfxA6	89.234	966	101	3	22018	22982	30	993	0.0	1205	197788
NODE_776_length_35731_cov_65.8559	gb_AF118110.1_-_71-1037_ARO:3003002_CfxA2	100.000	966	0	0	22022	22987	1	966	0.0	1784	127913
NODE_776_length_35731_cov_65.8559	gb_AF472622_+_52-1018_ARO:3003003_CfxA3	99.896	966	1	0	22022	22987	1	966	0.0	1779	127913
NODE_776_length_35731_cov_65.8559	gb_AY769934_+_27-993_ARO:3003096_CfxA5	99.896	966	1	0	22022	22987	1	966	0.0	1779	127913
NODE_776_length_35731_cov_65.8559	gb_U38243_+_149-1115_ARO:3003001_CfxA	99.896	966	1	0	22022	22987	1	966	0.0	1779	127913
NODE_776_length_35731_cov_65.8559	gb_AY769933_+_0-966_ARO:3003005_CfxA4	99.896	966	1	0	22022	22987	1	966	0.0	1779	127913
NODE_776_length_35731_cov_65.8559	gb_GQ342996_+_797-1793_ARO:3003097_CfxA6	89.234	966	101	3	22018	22982	30	993	0.0	1205	127913
NODE_776_length_35731_cov_65.8559	gb_AF118110.1_-_71-1037_ARO:3003002_CfxA2	100.000	966	0	0	22022	22987	1	966	0.0	1784	3245054
NODE_776_length_35731_cov_65.8559	gb_AF472622_+_52-1018_ARO:3003003_CfxA3	99.896	966	1	0	22022	22987	1	966	0.0	1779	3245054
NODE_776_length_35731_cov_65.8559	gb_AY769934_+_27-993_ARO:3003096_CfxA5	99.896	966	1	0	22022	22987	1	966	0.0	1779	3245054
NODE_776_length_35731_cov_65.8559	gb_U38243_+_149-1115_ARO:3003001_CfxA	99.896	966	1	0	22022	22987	1	966	0.0	1779	3245054
NODE_776_length_35731_cov_65.8559	gb_AY769933_+_0-966_ARO:3003005_CfxA4	99.896	966	1	0	22022	22987	1	966	0.0	1779	3245054
NODE_776_length_35731_cov_65.8559	gb_GQ342996_+_797-1793_ARO:3003097_CfxA6	89.234	966	101	3	22018	22982	30	993	0.0	1205	3245054
NODE_776_length_35731_cov_65.8559	gb_AF118110.1_-_71-1037_ARO:3003002_CfxA2	100.000	966	0	0	22022	22987	1	966	0.0	1784	2898757
NODE_776_length_35731_cov_65.8559	gb_AF472622_+_52-1018_ARO:3003003_CfxA3	99.896	966	1	0	22022	22987	1	966	0.0	1779	2898757
NODE_776_length_35731_cov_65.8559	gb_AY769934_+_27-993_ARO:3003096_CfxA5	99.896	966	1	0	22022	22987	1	966	0.0	1779	2898757
NODE_776_length_35731_cov_65.8559	gb_U38243_+_149-1115_ARO:3003001_CfxA	99.896	966	1	0	22022	22987	1	966	0.0	1779	2898757
NODE_776_length_35731_cov_65.8559	gb_AY769933_+_0-966_ARO:3003005_CfxA4	99.896	966	1	0	22022	22987	1	966	0.0	1779	2898757
NODE_776_length_35731_cov_65.8559	gb_GQ342996_+_797-1793_ARO:3003097_CfxA6	89.234	966	101	3	22018	22982	30	993	0.0	1205	2898757
NODE_776_length_35731_cov_65.8559	gb_AF118110.1_-_71-1037_ARO:3003002_CfxA2	100.000	966	0	0	22022	22987	1	966	0.0	1784	125795
NODE_776_length_35731_cov_65.8559	gb_AF472622_+_52-1018_ARO:3003003_CfxA3	99.896	966	1	0	22022	22987	1	966	0.0	1779	125795
NODE_776_length_35731_cov_65.8559	gb_AY769934_+_27-993_ARO:3003096_CfxA5	99.896	966	1	0	22022	22987	1	966	0.0	1779	125795
NODE_776_length_35731_cov_65.8559	gb_U38243_+_149-1115_ARO:3003001_CfxA	99.896	966	1	0	22022	22987	1	966	0.0	1779	125795
NODE_776_length_35731_cov_65.8559	gb_AY769933_+_0-966_ARO:3003005_CfxA4	99.896	966	1	0	22022	22987	1	966	0.0	1779	125795
NODE_776_length_35731_cov_65.8559	gb_GQ342996_+_797-1793_ARO:3003097_CfxA6	89.234	966	101	3	22018	22982	30	993	0.0	1205	125795
NODE_776_length_35731_cov_65.8559	gb_AF118110.1_-_71-1037_ARO:3003002_CfxA2	100.000	966	0	0	22022	22987	1	966	0.0	1784	5054914
NODE_776_length_35731_cov_65.8559	gb_AF472622_+_52-1018_ARO:3003003_CfxA3	99.896	966	1	0	22022	22987	1	966	0.0	1779	5054914
NODE_776_length_35731_cov_65.8559	gb_AY769934_+_27-993_ARO:3003096_CfxA5	99.896	966	1	0	22022	22987	1	966	0.0	1779	5054914
NODE_776_length_35731_cov_65.8559	gb_U38243_+_149-1115_ARO:3003001_CfxA	99.896	966	1	0	22022	22987	1	966	0.0	1779	5054914
NODE_776_length_35731_cov_65.8559	gb_AY769933_+_0-966_ARO:3003005_CfxA4	99.896	966	1	0	22022	22987	1	966	0.0	1779	5054914
NODE_776_length_35731_cov_65.8559	gb_GQ342996_+_797-1793_ARO:3003097_CfxA6	89.234	966	101	3	22018	22982	30	993	0.0	1205	5054914
NODE_776_length_35731_cov_65.8559	gb_AF118110.1_-_71-1037_ARO:3003002_CfxA2	100.000	966	0	0	22022	22987	1	966	0.0	1784	5127816
NODE_776_length_35731_cov_65.8559	gb_AF472622_+_52-1018_ARO:3003003_CfxA3	99.896	966	1	0	22022	22987	1	966	0.0	1779	5127816
NODE_776_length_35731_cov_65.8559	gb_AY769934_+_27-993_ARO:3003096_CfxA5	99.896	966	1	0	22022	22987	1	966	0.0	1779	5127816
NODE_776_length_35731_cov_65.8559	gb_U38243_+_149-1115_ARO:3003001_CfxA	99.896	966	1	0	22022	22987	1	966	0.0	1779	5127816
NODE_776_length_35731_cov_65.8559	gb_AY769933_+_0-966_ARO:3003005_CfxA4	99.896	966	1	0	22022	22987	1	966	0.0	1779	5127816
NODE_776_length_35731_cov_65.8559	gb_GQ342996_+_797-1793_ARO:3003097_CfxA6	89.234	966	101	3	22018	22982	30	993	0.0	1205	5127816
NODE_776_length_35731_cov_65.8559	gb_AF118110.1_-_71-1037_ARO:3003002_CfxA2	100.000	966	0	0	22022	22987	1	966	0.0	1784	2997135
NODE_776_length_35731_cov_65.8559	gb_AF472622_+_52-1018_ARO:3003003_CfxA3	99.896	966	1	0	22022	22987	1	966	0.0	1779	2997135
NODE_776_length_35731_cov_65.8559	gb_AY769934_+_27-993_ARO:3003096_CfxA5	99.896	966	1	0	22022	22987	1	966	0.0	1779	2997135
NODE_776_length_35731_cov_65.8559	gb_U38243_+_149-1115_ARO:3003001_CfxA	99.896	966	1	0	22022	22987	1	966	0.0	1779	2997135
NODE_776_length_35731_cov_65.8559	gb_AY769933_+_0-966_ARO:3003005_CfxA4	99.896	966	1	0	22022	22987	1	966	0.0	1779	2997135
NODE_776_length_35731_cov_65.8559	gb_GQ342996_+_797-1793_ARO:3003097_CfxA6	89.234	966	101	3	22018	22982	30	993	0.0	1205	2997135
NODE_776_length_35731_cov_65.8559	gb_AF118110.1_-_71-1037_ARO:3003002_CfxA2	100.000	966	0	0	22022	22987	1	966	0.0	1784	201511
NODE_776_length_35731_cov_65.8559	gb_AF472622_+_52-1018_ARO:3003003_CfxA3	99.896	966	1	0	22022	22987	1	966	0.0	1779	201511
NODE_776_length_35731_cov_65.8559	gb_AY769934_+_27-993_ARO:3003096_CfxA5	99.896	966	1	0	22022	22987	1	966	0.0	1779	201511
NODE_776_length_35731_cov_65.8559	gb_U38243_+_149-1115_ARO:3003001_CfxA	99.896	966	1	0	22022	22987	1	966	0.0	1779	201511
NODE_776_length_35731_cov_65.8559	gb_AY769933_+_0-966_ARO:3003005_CfxA4	99.896	966	1	0	22022	22987	1	966	0.0	1779	201511
NODE_776_length_35731_cov_65.8559	gb_GQ342996_+_797-1793_ARO:3003097_CfxA6	89.234	966	101	3	22018	22982	30	993	0.0	1205	201511
NODE_776_length_35731_cov_65.8559	gb_AF118110.1_-_71-1037_ARO:3003002_CfxA2	100.000	966	0	0	22022	22987	1	966	0.0	1784	197788
NODE_776_length_35731_cov_65.8559	gb_AF472622_+_52-1018_ARO:3003003_CfxA3	99.896	966	1	0	22022	22987	1	966	0.0	1779	197788
NODE_776_length_35731_cov_65.8559	gb_AY769934_+_27-993_ARO:3003096_CfxA5	99.896	966	1	0	22022	22987	1	966	0.0	1779	197788
NODE_776_length_35731_cov_65.8559	gb_U38243_+_149-1115_ARO:3003001_CfxA	99.896	966	1	0	22022	22987	1	966	0.0	1779	197788
NODE_776_length_35731_cov_65.8559	gb_AY769933_+_0-966_ARO:3003005_CfxA4	99.896	966	1	0	22022	22987	1	966	0.0	1779	197788
NODE_776_length_35731_cov_65.8559	gb_GQ342996_+_797-1793_ARO:3003097_CfxA6	89.234	966	101	3	22018	22982	30	993	0.0	1205	197788
NODE_776_length_35731_cov_65.8559	gb_AF118110.1_-_71-1037_ARO:3003002_CfxA2	100.000	966	0	0	22022	22987	1	966	0.0	1784	197788
NODE_776_length_35731_cov_65.8559	gb_AF472622_+_52-1018_ARO:3003003_CfxA3	99.896	966	1	0	22022	22987	1	966	0.0	1779	197788
NODE_776_length_35731_cov_65.8559	gb_AY769934_+_27-993_ARO:3003096_CfxA5	99.896	966	1	0	22022	22987	1	966	0.0	1779	197788
NODE_776_length_35731_cov_65.8559	gb_U38243_+_149-1115_ARO:3003001_CfxA	99.896	966	1	0	22022	22987	1	966	0.0	1779	197788
NODE_776_length_35731_cov_65.8559	gb_AY769933_+_0-966_ARO:3003005_CfxA4	99.896	966	1	0	22022	22987	1	966	0.0	1779	197788
NODE_776_length_35731_cov_65.8559	gb_GQ342996_+_797-1793_ARO:3003097_CfxA6	89.234	966	101	3	22018	22982	30	993	0.0	1205	197788
NODE_880_length_32434_cov_8.56444	gb_M64090_+_0-735_ARO:3000595_ErmT	99.479	384	2	0	1	384	384	1	0.0	699	142902
NODE_880_length_32434_cov_8.56444	gb_L42817_+_201-936_ARO:3000522_ErmG	76.350	389	82	8	1	384	384	1	2.83e-50	200	142902
NODE_880_length_32434_cov_8.56444	gb_M64090_+_0-735_ARO:3000595_ErmT	99.479	384	2	0	1	384	384	1	0.0	699	1995198
NODE_880_length_32434_cov_8.56444	gb_L42817_+_201-936_ARO:3000522_ErmG	76.350	389	82	8	1	384	384	1	2.83e-50	200	1995198
NODE_880_length_32434_cov_8.56444	gb_M64090_+_0-735_ARO:3000595_ErmT	99.479	384	2	0	1	384	384	1	0.0	699	6499940
NODE_880_length_32434_cov_8.56444	gb_L42817_+_201-936_ARO:3000522_ErmG	76.350	389	82	8	1	384	384	1	2.83e-50	200	6499940
NODE_1150_length_26079_cov_36.0387	gb_AF235050.4_+_38028-40140_ARO:3003318_Streptomyces	75.115	434	79	23	16492	16913	75	491	3.83e-43	176	2064011
NODE_1150_length_26079_cov_36.0387	gb_AF235050.4_+_38028-40140_ARO:3003318_Streptomyces	75.115	434	79	23	16492	16913	75	491	3.83e-43	176	566602
NODE_1150_length_26079_cov_36.0387	gb_AF235050.4_+_38028-40140_ARO:3003318_Streptomyces	75.115	434	79	23	16492	16913	75	491	3.83e-43	176	1080231
NODE_1150_length_26079_cov_36.0387	gb_AF235050.4_+_38028-40140_ARO:3003318_Streptomyces	75.115	434	79	23	16492	16913	75	491	3.83e-43	176	168480
NODE_1150_length_26079_cov_36.0387	gb_AF235050.4_+_38028-40140_ARO:3003318_Streptomyces	75.115	434	79	23	16492	16913	75	491	3.83e-43	176	594476
NODE_1150_length_26079_cov_36.0387	gb_AF235050.4_+_38028-40140_ARO:3003318_Streptomyces	75.115	434	79	23	16492	16913	75	491	3.83e-43	176	231669
NODE_1150_length_26079_cov_36.0387	gb_AF235050.4_+_38028-40140_ARO:3003318_Streptomyces	75.115	434	79	23	16492	16913	75	491	3.83e-43	176	374586
NODE_1150_length_26079_cov_36.0387	gb_AF235050.4_+_38028-40140_ARO:3003318_Streptomyces	75.115	434	79	23	16492	16913	75	491	3.83e-43	176	5726500
NODE_1150_length_26079_cov_36.0387	gb_AF235050.4_+_38028-40140_ARO:3003318_Streptomyces	75.115	434	79	23	16492	16913	75	491	3.83e-43	176	5726500
NODE_1150_length_26079_cov_36.0387	gb_AF235050.4_+_38028-40140_ARO:3003318_Streptomyces	75.115	434	79	23	16492	16913	75	491	3.83e-43	176	309367
NODE_1150_length_26079_cov_36.0387	gb_AF235050.4_+_38028-40140_ARO:3003318_Streptomyces	75.115	434	79	23	16492	16913	75	491	3.83e-43	176	309367
NODE_1150_length_26079_cov_36.0387	gb_AF235050.4_+_38028-40140_ARO:3003318_Streptomyces	75.115	434	79	23	16492	16913	75	491	3.83e-43	176	300735
NODE_1150_length_26079_cov_36.0387	gb_AF235050.4_+_38028-40140_ARO:3003318_Streptomyces	75.115	434	79	23	16492	16913	75	491	3.83e-43	176	3512805
NODE_1150_length_26079_cov_36.0387	gb_AF235050.4_+_38028-40140_ARO:3003318_Streptomyces	75.115	434	79	23	16492	16913	75	491	3.83e-43	176	340648
NODE_1150_length_26079_cov_36.0387	gb_AF235050.4_+_38028-40140_ARO:3003318_Streptomyces	75.115	434	79	23	16492	16913	75	491	3.83e-43	176	475772
NODE_1150_length_26079_cov_36.0387	gb_AF235050.4_+_38028-40140_ARO:3003318_Streptomyces	75.115	434	79	23	16492	16913	75	491	3.83e-43	176	814966
NODE_1150_length_26079_cov_36.0387	gb_AF235050.4_+_38028-40140_ARO:3003318_Streptomyces	75.115	434	79	23	16492	16913	75	491	3.83e-43	176	2208168
NODE_1150_length_26079_cov_36.0387	gb_AF235050.4_+_38028-40140_ARO:3003318_Streptomyces	75.115	434	79	23	16492	16913	75	491	3.83e-43	176	74658
NODE_1150_length_26079_cov_36.0387	gb_AF235050.4_+_38028-40140_ARO:3003318_Streptomyces	75.115	434	79	23	16492	16913	75	491	3.83e-43	176	1270590
NODE_1150_length_26079_cov_36.0387	gb_AF235050.4_+_38028-40140_ARO:3003318_Streptomyces	75.115	434	79	23	16492	16913	75	491	3.83e-43	176	1590882
NODE_1150_length_26079_cov_36.0387	gb_AF235050.4_+_38028-40140_ARO:3003318_Streptomyces	75.115	434	79	23	16492	16913	75	491	3.83e-43	176	434936
NODE_1150_length_26079_cov_36.0387	gb_AF235050.4_+_38028-40140_ARO:3003318_Streptomyces	75.115	434	79	23	16492	16913	75	491	3.83e-43	176	2325095
NODE_1150_length_26079_cov_36.0387	gb_AF235050.4_+_38028-40140_ARO:3003318_Streptomyces	75.115	434	79	23	16492	16913	75	491	3.83e-43	176	573354
NODE_1210_length_24991_cov_5.66258	gb_U00096_+_2484373-2487967_ARO:3000833_evgS	99.360	3594	23	0	8293	11886	1	3594	0.0	6510	6680085
NODE_1210_length_24991_cov_5.66258	gb_D78168_+_1591-3130_ARO:3000254_emrY	99.090	1539	14	0	4557	6095	1539	1	0.0	2765	6680085
NODE_1210_length_24991_cov_5.66258	gb_D78168_+_536-1592_ARO:3000206_emrK	99.905	1056	1	0	6095	7150	1056	1	0.0	1945	6680085
NODE_1210_length_24991_cov_5.66258	gb_NC_002695_+_3211891-3212506_ARO:3000832_evgA	99.187	615	5	0	7674	8288	1	615	0.0	1109	6680085
NODE_1424_length_21447_cov_6.94956	gb_AP009048_-_4338624-4340268_ARO:3003576_eptA	99.513	1644	8	0	11294	12937	1	1644	0.0	2992	875388
NODE_1424_length_21447_cov_6.94956	gb_AP009048_-_4338624-4340268_ARO:3003576_eptA	99.513	1644	8	0	11294	12937	1	1644	0.0	2992	3517145
NODE_1424_length_21447_cov_6.94956	gb_AP009048_-_4338624-4340268_ARO:3003576_eptA	99.513	1644	8	0	11294	12937	1	1644	0.0	2992	4351374
NODE_1424_length_21447_cov_6.94956	gb_AP009048_-_4338624-4340268_ARO:3003576_eptA	99.513	1644	8	0	11294	12937	1	1644	0.0	2992	4351374
NODE_1424_length_21447_cov_6.94956	gb_AP009048_-_4338624-4340268_ARO:3003576_eptA	99.513	1644	8	0	11294	12937	1	1644	0.0	2992	5726495
NODE_1493_length_20463_cov_6.18723	gb_NC_000913.3_+_3219493-3220873_ARO:3000024_patA	99.420	1380	8	0	10520	11899	1380	1	0.0	2505	807107
NODE_1493_length_20463_cov_6.18723	gb_NC_000913.3_+_3219493-3220873_ARO:3000024_patA	99.420	1380	8	0	10520	11899	1380	1	0.0	2505	126965
NODE_1493_length_20463_cov_6.18723	gb_NC_000913.3_+_3219493-3220873_ARO:3000024_patA	99.420	1380	8	0	10520	11899	1380	1	0.0	2505	311820
NODE_1565_length_19494_cov_82.8659	gb_Z21523_+_0-1974_ARO:3000191_tetQ	95.542	1974	87	1	227	2199	1	1974	0.0	3157	6679715
NODE_1565_length_19494_cov_82.8659	gb_Z21523_+_0-1974_ARO:3000191_tetQ	95.542	1974	87	1	227	2199	1	1974	0.0	3157	1001264
NODE_1565_length_19494_cov_82.8659	gb_Z21523_+_0-1974_ARO:3000191_tetQ	95.542	1974	87	1	227	2199	1	1974	0.0	3157	3800420
NODE_1565_length_19494_cov_82.8659	gb_Z21523_+_0-1974_ARO:3000191_tetQ	95.542	1974	87	1	227	2199	1	1974	0.0	3157	2314499
NODE_1565_length_19494_cov_82.8659	gb_Z21523_+_0-1974_ARO:3000191_tetQ	95.542	1974	87	1	227	2199	1	1974	0.0	3157	2506872
NODE_1565_length_19494_cov_82.8659	gb_Z21523_+_0-1974_ARO:3000191_tetQ	95.542	1974	87	1	227	2199	1	1974	0.0	3157	4843553
NODE_1565_length_19494_cov_82.8659	gb_Z21523_+_0-1974_ARO:3000191_tetQ	95.542	1974	87	1	227	2199	1	1974	0.0	3157	1899925
NODE_1565_length_19494_cov_82.8659	gb_Z21523_+_0-1974_ARO:3000191_tetQ	95.542	1974	87	1	227	2199	1	1974	0.0	3157	28149
NODE_1565_length_19494_cov_82.8659	gb_Z21523_+_0-1974_ARO:3000191_tetQ	95.542	1974	87	1	227	2199	1	1974	0.0	3157	3539407
NODE_1765_length_17395_cov_6.9966	gb_AP009048.1_-_4153663-4154296_ARO:3000518_CRP	99.526	633	3	0	14522	15154	1	633	0.0	1153	1061541
NODE_1765_length_17395_cov_6.9966	gb_AP009048.1_-_4153663-4154296_ARO:3000518_CRP	99.526	633	3	0	14522	15154	1	633	0.0	1153	230036
NODE_1765_length_17395_cov_6.9966	gb_AP009048.1_-_4153663-4154296_ARO:3000518_CRP	99.526	633	3	0	14522	15154	1	633	0.0	1153	5726607
NODE_1765_length_17395_cov_6.9966	gb_AP009048.1_-_4153663-4154296_ARO:3000518_CRP	99.526	633	3	0	14522	15154	1	633	0.0	1153	5726607
NODE_1765_length_17395_cov_6.9966	gb_AP009048.1_-_4153663-4154296_ARO:3000518_CRP	99.526	633	3	0	14522	15154	1	633	0.0	1153	1900253
NODE_1765_length_17395_cov_6.9966	gb_AP009048.1_-_4153663-4154296_ARO:3000518_CRP	99.526	633	3	0	14522	15154	1	633	0.0	1153	1900409
NODE_1900_length_16104_cov_4.94853	gb_AP006618.1_+_4835199-4838688_ARO:3000501_Nocardia	77.684	354	75	4	7858	8209	2986	3337	1.80e-54	213	304732
NODE_1900_length_16104_cov_4.94853	gb_AP006618.1_+_4835199-4838688_ARO:3000501_Nocardia	77.684	354	75	4	7858	8209	2986	3337	1.80e-54	213	650211
NODE_1900_length_16104_cov_4.94853	gb_AP006618.1_+_4835199-4838688_ARO:3000501_Nocardia	77.684	354	75	4	7858	8209	2986	3337	1.80e-54	213	3046413
NODE_1900_length_16104_cov_4.94853	gb_AP006618.1_+_4835199-4838688_ARO:3000501_Nocardia	77.684	354	75	4	7858	8209	2986	3337	1.80e-54	213	3626936
NODE_1987_length_15568_cov_11.569	gb_M35190.1_+_308-932_ARO:3004454_Campylobacter	98.675	151	2	0	1	151	474	624	3.67e-71	268	598388
NODE_1987_length_15568_cov_11.569	gb_M35190.1_+_308-932_ARO:3004454_Campylobacter	98.675	151	2	0	1	151	474	624	3.67e-71	268	3245262
NODE_2093_length_14854_cov_4.75884	gb_M57437_+_0-1647_ARO:3002827_tlrC	96.970	33	1	0	5387	5419	600	568	2.97e-07	56.5	2214028
NODE_2093_length_14854_cov_4.75884	gb_M57437_+_0-1647_ARO:3002827_tlrC	96.970	33	1	0	5387	5419	600	568	2.97e-07	56.5	1900604
NODE_2093_length_14854_cov_4.75884	gb_M57437_+_0-1647_ARO:3002827_tlrC	96.970	33	1	0	5387	5419	600	568	2.97e-07	56.5	1900604
NODE_2093_length_14854_cov_4.75884	gb_M57437_+_0-1647_ARO:3002827_tlrC	96.970	33	1	0	5387	5419	600	568	2.97e-07	56.5	1900604
NODE_2093_length_14854_cov_4.75884	gb_M57437_+_0-1647_ARO:3002827_tlrC	96.970	33	1	0	5387	5419	600	568	2.97e-07	56.5	6680201
NODE_2093_length_14854_cov_4.75884	gb_M57437_+_0-1647_ARO:3002827_tlrC	96.970	33	1	0	5387	5419	600	568	2.97e-07	56.5	744823
NODE_2093_length_14854_cov_4.75884	gb_M57437_+_0-1647_ARO:3002827_tlrC	96.970	33	1	0	5387	5419	600	568	2.97e-07	56.5	5728467
NODE_2093_length_14854_cov_4.75884	gb_M57437_+_0-1647_ARO:3002827_tlrC	96.970	33	1	0	5387	5419	600	568	2.97e-07	56.5	172910
NODE_2093_length_14854_cov_4.75884	gb_M57437_+_0-1647_ARO:3002827_tlrC	96.970	33	1	0	5387	5419	600	568	2.97e-07	56.5	787566
NODE_2093_length_14854_cov_4.75884	gb_M57437_+_0-1647_ARO:3002827_tlrC	96.970	33	1	0	5387	5419	600	568	2.97e-07	56.5	787566
NODE_2175_length_14344_cov_6.67933	gb_NC_002695.1_-_4903561-4904935_ARO:3000830_cpxA	98.690	1374	18	0	9160	10533	1	1374	0.0	2438	1412839
NODE_2175_length_14344_cov_6.67933	gb_NC_002695.1_-_4903561-4904935_ARO:3000830_cpxA	98.690	1374	18	0	9160	10533	1	1374	0.0	2438	2747711
NODE_2175_length_14344_cov_6.67933	gb_NC_002695.1_-_4903561-4904935_ARO:3000830_cpxA	98.690	1374	18	0	9160	10533	1	1374	0.0	2438	2747711
NODE_2196_length_14234_cov_34.7516	gb_AF235050.4_+_38028-40140_ARO:3003318_Streptomyces	75.115	434	79	23	8716	9137	491	75	2.09e-43	176	6186149
NODE_2196_length_14234_cov_34.7516	gb_AF235050.4_+_38028-40140_ARO:3003318_Streptomyces	75.115	434	79	23	8716	9137	491	75	2.09e-43	176	6186149
NODE_2196_length_14234_cov_34.7516	gb_AF235050.4_+_38028-40140_ARO:3003318_Streptomyces	75.115	434	79	23	8716	9137	491	75	2.09e-43	176	889954
NODE_2196_length_14234_cov_34.7516	gb_AF235050.4_+_38028-40140_ARO:3003318_Streptomyces	75.115	434	79	23	8716	9137	491	75	2.09e-43	176	203778
NODE_2196_length_14234_cov_34.7516	gb_AF235050.4_+_38028-40140_ARO:3003318_Streptomyces	75.115	434	79	23	8716	9137	491	75	2.09e-43	176	1778684
NODE_2196_length_14234_cov_34.7516	gb_AF235050.4_+_38028-40140_ARO:3003318_Streptomyces	75.115	434	79	23	8716	9137	491	75	2.09e-43	176	475772
NODE_2196_length_14234_cov_34.7516	gb_AF235050.4_+_38028-40140_ARO:3003318_Streptomyces	75.115	434	79	23	8716	9137	491	75	2.09e-43	176	3512805
NODE_2482_length_12671_cov_6.11462	gb_NC_000913.3_-_481253-484403_ARO:3000216_acrB	99.397	3150	19	0	5818	8967	3150	1	0.0	5712	1333148
NODE_2482_length_12671_cov_6.11462	gb_NC_000913.3_-_484425-485619_ARO:3004043_Escherichia	99.749	1194	3	0	8990	10183	1194	1	0.0	2189	1333148
NODE_2482_length_12671_cov_6.11462	gb_U00096_+_3415032-3418137_ARO:3000502_acrF	73.693	3136	733	83	5868	8959	3097	10	0.0	1136	1333148
NODE_2482_length_12671_cov_6.11462	gb_AJ318073.1_+_793-1990_ARO:3004041_Klebsiella	78.492	1167	242	8	9023	10183	1164	1	0.0	756	1333148
NODE_2482_length_12671_cov_6.11462	gb_NC_006350.1_-_2147817-2150949_ARO:3002983_amrB	73.385	387	86	16	5963	6342	2984	2608	5.29e-29	128	1333148
NODE_2482_length_12671_cov_6.11462	gb_NC_000913.3_-_481253-484403_ARO:3000216_acrB	99.397	3150	19	0	5818	8967	3150	1	0.0	5712	5727228
NODE_2482_length_12671_cov_6.11462	gb_NC_000913.3_-_484425-485619_ARO:3004043_Escherichia	99.749	1194	3	0	8990	10183	1194	1	0.0	2189	5727228
NODE_2482_length_12671_cov_6.11462	gb_U00096_+_3415032-3418137_ARO:3000502_acrF	73.693	3136	733	83	5868	8959	3097	10	0.0	1136	5727228
NODE_2482_length_12671_cov_6.11462	gb_AJ318073.1_+_793-1990_ARO:3004041_Klebsiella	78.492	1167	242	8	9023	10183	1164	1	0.0	756	5727228
NODE_2482_length_12671_cov_6.11462	gb_NC_006350.1_-_2147817-2150949_ARO:3002983_amrB	73.385	387	86	16	5963	6342	2984	2608	5.29e-29	128	5727228
NODE_2482_length_12671_cov_6.11462	gb_NC_000913.3_-_481253-484403_ARO:3000216_acrB	99.397	3150	19	0	5818	8967	3150	1	0.0	5712	5727228
NODE_2482_length_12671_cov_6.11462	gb_NC_000913.3_-_484425-485619_ARO:3004043_Escherichia	99.749	1194	3	0	8990	10183	1194	1	0.0	2189	5727228
NODE_2482_length_12671_cov_6.11462	gb_U00096_+_3415032-3418137_ARO:3000502_acrF	73.693	3136	733	83	5868	8959	3097	10	0.0	1136	5727228
NODE_2482_length_12671_cov_6.11462	gb_AJ318073.1_+_793-1990_ARO:3004041_Klebsiella	78.492	1167	242	8	9023	10183	1164	1	0.0	756	5727228
NODE_2482_length_12671_cov_6.11462	gb_NC_006350.1_-_2147817-2150949_ARO:3002983_amrB	73.385	387	86	16	5963	6342	2984	2608	5.29e-29	128	5727228
NODE_2513_length_12561_cov_5.94099	gb_JQ394987_+_0-1233_ARO:3001328_Escherichia	96.837	1233	39	0	3185	4417	1233	1	0.0	2061	2165857
NODE_2513_length_12561_cov_5.94099	gb_JQ394987_+_0-1233_ARO:3001328_Escherichia	96.837	1233	39	0	3185	4417	1233	1	0.0	2061	5342146
NODE_2513_length_12561_cov_5.94099	gb_JQ394987_+_0-1233_ARO:3001328_Escherichia	96.837	1233	39	0	3185	4417	1233	1	0.0	2061	5727908
NODE_2531_length_12458_cov_5.45578	gb_U00096.3_-_4567286-4568519_ARO:3001214_mdtM	96.412	1059	38	0	11400	12458	1227	169	0.0	1746	5059018
NODE_2609_length_12064_cov_5.39054	gb_NC_002695.2_-_1737690-1738104_ARO:3000676_H-NS	99.275	414	3	0	6592	7005	1	414	0.0	749	5726464
NODE_2609_length_12064_cov_5.39054	gb_NC_002695.2_-_1737690-1738104_ARO:3000676_H-NS	99.275	414	3	0	6592	7005	1	414	0.0	749	5727883
NODE_3094_length_10098_cov_73.437	gb_AF319779.2_+_32-833_ARO:3000604_Erm(35)	100.000	49	0	0	1	49	49	1	5.53e-18	91.6	1079298
NODE_3094_length_10098_cov_73.437	gb_M17124_+_1181-1982_ARO:3000498_ErmF	100.000	49	0	0	1	49	49	1	5.53e-18	91.6	1079298
NODE_3094_length_10098_cov_73.437	gb_AF319779.2_+_32-833_ARO:3000604_Erm(35)	100.000	49	0	0	1	49	49	1	5.53e-18	91.6	1079298
NODE_3094_length_10098_cov_73.437	gb_M17124_+_1181-1982_ARO:3000498_ErmF	100.000	49	0	0	1	49	49	1	5.53e-18	91.6	1079298
NODE_3094_length_10098_cov_73.437	gb_AF319779.2_+_32-833_ARO:3000604_Erm(35)	100.000	49	0	0	1	49	49	1	5.53e-18	91.6	5095728
NODE_3094_length_10098_cov_73.437	gb_M17124_+_1181-1982_ARO:3000498_ErmF	100.000	49	0	0	1	49	49	1	5.53e-18	91.6	5095728
NODE_3094_length_10098_cov_73.437	gb_AF319779.2_+_32-833_ARO:3000604_Erm(35)	100.000	49	0	0	1	49	49	1	5.53e-18	91.6	616224
NODE_3094_length_10098_cov_73.437	gb_M17124_+_1181-1982_ARO:3000498_ErmF	100.000	49	0	0	1	49	49	1	5.53e-18	91.6	616224
NODE_3094_length_10098_cov_73.437	gb_AF319779.2_+_32-833_ARO:3000604_Erm(35)	100.000	49	0	0	1	49	49	1	5.53e-18	91.6	615889
NODE_3094_length_10098_cov_73.437	gb_M17124_+_1181-1982_ARO:3000498_ErmF	100.000	49	0	0	1	49	49	1	5.53e-18	91.6	615889
NODE_3094_length_10098_cov_73.437	gb_AF319779.2_+_32-833_ARO:3000604_Erm(35)	100.000	49	0	0	1	49	49	1	5.53e-18	91.6	4317871
NODE_3094_length_10098_cov_73.437	gb_M17124_+_1181-1982_ARO:3000498_ErmF	100.000	49	0	0	1	49	49	1	5.53e-18	91.6	4317871
NODE_3094_length_10098_cov_73.437	gb_AF319779.2_+_32-833_ARO:3000604_Erm(35)	100.000	49	0	0	1	49	49	1	5.53e-18	91.6	3244778
NODE_3094_length_10098_cov_73.437	gb_M17124_+_1181-1982_ARO:3000498_ErmF	100.000	49	0	0	1	49	49	1	5.53e-18	91.6	3244778
NODE_3094_length_10098_cov_73.437	gb_AF319779.2_+_32-833_ARO:3000604_Erm(35)	100.000	49	0	0	1	49	49	1	5.53e-18	91.6	6679665
NODE_3094_length_10098_cov_73.437	gb_M17124_+_1181-1982_ARO:3000498_ErmF	100.000	49	0	0	1	49	49	1	5.53e-18	91.6	6679665
NODE_3094_length_10098_cov_73.437	gb_AF319779.2_+_32-833_ARO:3000604_Erm(35)	100.000	49	0	0	1	49	49	1	5.53e-18	91.6	6679665
NODE_3094_length_10098_cov_73.437	gb_M17124_+_1181-1982_ARO:3000498_ErmF	100.000	49	0	0	1	49	49	1	5.53e-18	91.6	6679665
NODE_3094_length_10098_cov_73.437	gb_AF319779.2_+_32-833_ARO:3000604_Erm(35)	100.000	49	0	0	1	49	49	1	5.53e-18	91.6	59745
NODE_3094_length_10098_cov_73.437	gb_M17124_+_1181-1982_ARO:3000498_ErmF	100.000	49	0	0	1	49	49	1	5.53e-18	91.6	59745
NODE_3094_length_10098_cov_73.437	gb_AF319779.2_+_32-833_ARO:3000604_Erm(35)	100.000	49	0	0	1	49	49	1	5.53e-18	91.6	59745
NODE_3094_length_10098_cov_73.437	gb_M17124_+_1181-1982_ARO:3000498_ErmF	100.000	49	0	0	1	49	49	1	5.53e-18	91.6	59745
NODE_3320_length_9388_cov_6.79846	gb_U00096_+_3415032-3418137_ARO:3000502_acrF	99.130	3105	27	0	1220	4324	3105	1	0.0	5585	5728503
NODE_3320_length_9388_cov_6.79846	gb_U00096_+_3413863-3415021_ARO:3000499_acrE	98.791	1158	14	0	4336	5493	1158	1	0.0	2061	5728503
NODE_3320_length_9388_cov_6.79846	gb_U00096_-_3412802-3413465_ARO:3000656_acrS	99.397	663	4	0	5892	6554	1	663	0.0	1203	5728503
NODE_3320_length_9388_cov_6.79846	gb_NC_000913.3_-_481253-484403_ARO:3000216_acrB	73.652	3135	736	79	1228	4315	3100	9	0.0	1131	5728503
NODE_3320_length_9388_cov_6.79846	gb_NC_003197.2_-_393893-397061_ARO:3000790_mdsB	81.928	83	9	6	1340	1419	3012	2933	3.12e-10	65.8	5728503
NODE_3750_length_8248_cov_5.52313	gb_NC_000913.3_+_966620-968369_ARO:3003950_msbA	99.257	1749	13	0	1159	2907	1749	1	0.0	3158	1079597
NODE_3919_length_7918_cov_5.54712	gb_NC_007779_+_2586250-2589364_ARO:3000491_acrD	98.908	3114	34	0	187	3300	1	3114	0.0	5563	530180
NODE_3919_length_7918_cov_5.54712	gb_AJ252200_+_1278-4401_ARO:3003056_smeE	73.421	839	211	10	873	1705	687	1519	5.12e-82	303	530180
NODE_3919_length_7918_cov_5.54712	gb_U00096_+_3660413-3663527_ARO:3000796_mdtF	74.359	468	106	11	1210	1670	1024	1484	5.38e-47	187	530180
NODE_3919_length_7918_cov_5.54712	gb_AB219524.1_+_1176-4338_ARO:3003699_mexQ	83.582	67	11	0	1370	1436	1190	1256	9.45e-10	63.9	530180
NODE_4985_length_6282_cov_11.7212	gb_AF173226_+_3767-6917_ARO:3003052_smeB	86.486	74	10	0	5287	5360	1242	1169	2.07e-15	82.4	1913489
NODE_4985_length_6282_cov_11.7212	gb_AJ252200_+_1278-4401_ARO:3003056_smeE	84.722	72	11	0	5287	5358	1242	1171	1.25e-12	73.1	1913489
NODE_4985_length_6282_cov_11.7212	gb_AF173226_+_3767-6917_ARO:3003052_smeB	86.486	74	10	0	5287	5360	1242	1169	2.07e-15	82.4	5078156
NODE_4985_length_6282_cov_11.7212	gb_AJ252200_+_1278-4401_ARO:3003056_smeE	84.722	72	11	0	5287	5358	1242	1171	1.25e-12	73.1	5078156
NODE_4985_length_6282_cov_11.7212	gb_AF173226_+_3767-6917_ARO:3003052_smeB	86.486	74	10	0	5287	5360	1242	1169	2.07e-15	82.4	179636
NODE_4985_length_6282_cov_11.7212	gb_AJ252200_+_1278-4401_ARO:3003056_smeE	84.722	72	11	0	5287	5358	1242	1171	1.25e-12	73.1	179636
NODE_4985_length_6282_cov_11.7212	gb_AF173226_+_3767-6917_ARO:3003052_smeB	86.486	74	10	0	5287	5360	1242	1169	2.07e-15	82.4	5725874
NODE_4985_length_6282_cov_11.7212	gb_AJ252200_+_1278-4401_ARO:3003056_smeE	84.722	72	11	0	5287	5358	1242	1171	1.25e-12	73.1	5725874
NODE_4992_length_6269_cov_29.9813	gb_Z21523_+_0-1974_ARO:3000191_tetQ	100.000	55	0	0	1	55	1907	1961	1.59e-21	102	6544316
NODE_4992_length_6269_cov_29.9813	gb_Z21523_+_0-1974_ARO:3000191_tetQ	100.000	55	0	0	1	55	1907	1961	1.59e-21	102	196505
NODE_5691_length_5525_cov_4.2958	gb_L36601_+_1420-3130_ARO:3003036_oleB	97.059	34	1	0	2137	2170	1532	1565	3.07e-08	58.4	681596
NODE_5691_length_5525_cov_4.2958	gb_L36601_+_1420-3130_ARO:3003036_oleB	97.059	34	1	0	2137	2170	1532	1565	3.07e-08	58.4	1444963
NODE_6179_length_5107_cov_6.09283	gb_U00096_+_2812615-2814154_ARO:3000074_emrB	99.935	1539	1	0	338	1876	1	1539	0.0	2837	3218049
NODE_6179_length_5107_cov_6.09283	gb_AP009048_+_2810082-2811255_ARO:3000027_emrA	97.508	321	8	0	1	321	853	1173	3.83e-156	549	3218049
NODE_6179_length_5107_cov_6.09283	gb_U00096_+_2812615-2814154_ARO:3000074_emrB	99.935	1539	1	0	338	1876	1	1539	0.0	2837	2506879
NODE_6179_length_5107_cov_6.09283	gb_AP009048_+_2810082-2811255_ARO:3000027_emrA	97.508	321	8	0	1	321	853	1173	3.83e-156	549	2506879
NODE_6179_length_5107_cov_6.09283	gb_U00096_+_2812615-2814154_ARO:3000074_emrB	99.935	1539	1	0	338	1876	1	1539	0.0	2837	2506879
NODE_6179_length_5107_cov_6.09283	gb_AP009048_+_2810082-2811255_ARO:3000027_emrA	97.508	321	8	0	1	321	853	1173	3.83e-156	549	2506879
NODE_6873_length_4654_cov_8.48054	gb_GQ343019_+_132-1023_ARO:3002999_CblA-1	99.848	656	1	0	3999	4654	1	656	0.0	1206	2858562
NODE_6873_length_4654_cov_8.48054	gb_GQ343019_+_132-1023_ARO:3002999_CblA-1	99.848	656	1	0	3999	4654	1	656	0.0	1206	1395754
NODE_8218_length_3988_cov_3.86677	gb_NC_002516.2_+_4904646-4907703_ARO:3003031_mexW	82.178	101	18	0	818	918	1224	1124	2.82e-17	87.9	5727402
NODE_8753_length_3771_cov_17.4026	gb_AJ295238.3_+_163-2083_ARO:3000196_tet32	87.871	1921	213	19	1613	3523	1911	1	0.0	2239	2718366
NODE_9050_length_3666_cov_17.4359	gb_M35190.1_+_308-932_ARO:3004454_Campylobacter	100.000	51	0	0	3616	3666	1	51	1.55e-19	95.3	2205989
NODE_9050_length_3666_cov_17.4359	gb_M35190.1_+_308-932_ARO:3004454_Campylobacter	100.000	51	0	0	3616	3666	1	51	1.55e-19	95.3	1900099
NODE_11057_length_3107_cov_4.65924	gb_AP009048_+_2165012-2166416_ARO:3000829_baeS	99.929	1404	1	0	1491	2894	1404	1	0.0	2588	5727002
NODE_11057_length_3107_cov_4.65924	gb_NC_007779_+_2166412-2167135_ARO:3000828_baeR	99.447	723	4	0	772	1494	723	1	0.0	1314	5727002
NODE_11057_length_3107_cov_4.65924	gb_AP009048_+_2165012-2166416_ARO:3000829_baeS	99.929	1404	1	0	1491	2894	1404	1	0.0	2588	5727002
NODE_11057_length_3107_cov_4.65924	gb_NC_007779_+_2166412-2167135_ARO:3000828_baeR	99.447	723	4	0	772	1494	723	1	0.0	1314	5727002
NODE_11191_length_3073_cov_28.6905	gb_EU434751_+_658-2578_ARO:3000194_tetW	98.906	1920	21	0	905	2824	1920	1	0.0	3430	6185665
NODE_11191_length_3073_cov_28.6905	gb_KU736867.1_+_19653-21573_ARO:3004442_tet(W/N/W)	95.868	1912	77	2	914	2824	1911	1	0.0	3092	6185665
NODE_11191_length_3073_cov_28.6905	gb_EU434751_+_658-2578_ARO:3000194_tetW	98.906	1920	21	0	905	2824	1920	1	0.0	3430	6185665
NODE_11191_length_3073_cov_28.6905	gb_KU736867.1_+_19653-21573_ARO:3004442_tet(W/N/W)	95.868	1912	77	2	914	2824	1911	1	0.0	3092	6185665
NODE_11323_length_3041_cov_4.31715	gb_M64090_+_0-735_ARO:3000595_ErmT	100.000	73	0	0	2969	3041	735	663	7.56e-32	135	879008
NODE_11323_length_3041_cov_4.31715	gb_M12730_+_779-1514_ARO:3000250_ErmC	98.529	68	1	0	2974	3041	730	663	2.12e-27	121	879008
NODE_11323_length_3041_cov_4.31715	gb_M64090_+_0-735_ARO:3000595_ErmT	100.000	73	0	0	2969	3041	735	663	7.56e-32	135	3245854
NODE_11323_length_3041_cov_4.31715	gb_M12730_+_779-1514_ARO:3000250_ErmC	98.529	68	1	0	2974	3041	730	663	2.12e-27	121	3245854
NODE_13388_length_2655_cov_4.25885	gb_U00096_+_2155262-2158385_ARO:3000793_mdtB	98.778	2045	25	0	1	2045	1079	3123	0.0	3639	311792
NODE_13388_length_2655_cov_4.25885	gb_U00096_+_2158385-2161463_ARO:3000794_mdtC	98.689	610	8	0	2046	2655	1	610	0.0	1083	311792
NODE_13388_length_2655_cov_4.25885	gb_U00096_+_2155262-2158385_ARO:3000793_mdtB	98.778	2045	25	0	1	2045	1079	3123	0.0	3639	311792
NODE_13388_length_2655_cov_4.25885	gb_U00096_+_2158385-2161463_ARO:3000794_mdtC	98.689	610	8	0	2046	2655	1	610	0.0	1083	311792
NODE_13524_length_2632_cov_11.6993	gb_M35190.1_+_308-932_ARO:3004454_Campylobacter	100.000	51	0	0	1	51	51	1	1.11e-19	95.3	990095
NODE_20933_length_1896_cov_3.00978	gb_U00096_-_2098446-2099613_ARO:3003577_ugd	95.822	742	31	0	1	742	426	1167	0.0	1199	368879
NODE_32261_length_1381_cov_2.46305	gb_M18896.2_+_206-2126_ARO:3000190_tetO	100.000	40	0	0	1342	1381	1758	1719	7.54e-14	75.0	200695
NODE_32261_length_1381_cov_2.46305	gb_AJ295238.3_+_163-2083_ARO:3000196_tet32	100.000	40	0	0	1342	1381	1758	1719	7.54e-14	75.0	200695
NODE_204311_length_361_cov_1.63072	gb_NC_000913.3_-_481253-484403_ARO:3000216_acrB	88.579	359	41	0	1	359	1337	979	2.10e-123	436	308587
NODE_204311_length_361_cov_1.63072	gb_AB015853_+_1330-4471_ARO:3003033_mexY	77.193	342	71	7	21	359	1313	976	5.01e-50	193	308587
NODE_204311_length_361_cov_1.63072	gb_NC_000913.3_-_481253-484403_ARO:3000216_acrB	88.579	359	41	0	1	359	1337	979	2.10e-123	436	1333148
NODE_204311_length_361_cov_1.63072	gb_AB015853_+_1330-4471_ARO:3003033_mexY	77.193	342	71	7	21	359	1313	976	5.01e-50	193	1333148
NODE_299701_length_281_cov_1.72566	gb_U00096_+_3415032-3418137_ARO:3000502_acrF	81.102	254	48	0	8	261	254	1	1.77e-53	204	5726567
NODE_299701_length_281_cov_1.72566	gb_NC_000913.3_-_481253-484403_ARO:3000216_acrB	80.159	252	50	0	10	261	252	1	4.96e-49	189	5726567
