NODE_55_length_129709_cov_9.10125	gb_L36601_+_1420-3130_ARO:3003036_oleB	100.000	29	0	0	39963	39991	1568	1540	9.32e-06	54.7	322209
NODE_55_length_129709_cov_9.10125	gb_L36601_+_1420-3130_ARO:3003036_oleB	100.000	29	0	0	39963	39991	1568	1540	9.32e-06	54.7	4218286
NODE_55_length_129709_cov_9.10125	gb_L36601_+_1420-3130_ARO:3003036_oleB	100.000	29	0	0	39963	39991	1568	1540	9.32e-06	54.7	3122393
NODE_55_length_129709_cov_9.10125	gb_L36601_+_1420-3130_ARO:3003036_oleB	100.000	29	0	0	39963	39991	1568	1540	9.32e-06	54.7	1845620
NODE_55_length_129709_cov_9.10125	gb_L36601_+_1420-3130_ARO:3003036_oleB	100.000	29	0	0	39963	39991	1568	1540	9.32e-06	54.7	1335725
NODE_55_length_129709_cov_9.10125	gb_L36601_+_1420-3130_ARO:3003036_oleB	100.000	29	0	0	39963	39991	1568	1540	9.32e-06	54.7	117036
NODE_55_length_129709_cov_9.10125	gb_L36601_+_1420-3130_ARO:3003036_oleB	100.000	29	0	0	39963	39991	1568	1540	9.32e-06	54.7	98682
NODE_55_length_129709_cov_9.10125	gb_L36601_+_1420-3130_ARO:3003036_oleB	100.000	29	0	0	39963	39991	1568	1540	9.32e-06	54.7	4722702
NODE_55_length_129709_cov_9.10125	gb_L36601_+_1420-3130_ARO:3003036_oleB	100.000	29	0	0	39963	39991	1568	1540	9.32e-06	54.7	117036
NODE_55_length_129709_cov_9.10125	gb_L36601_+_1420-3130_ARO:3003036_oleB	100.000	29	0	0	39963	39991	1568	1540	9.32e-06	54.7	66417
NODE_55_length_129709_cov_9.10125	gb_L36601_+_1420-3130_ARO:3003036_oleB	100.000	29	0	0	39963	39991	1568	1540	9.32e-06	54.7	1054121
NODE_55_length_129709_cov_9.10125	gb_L36601_+_1420-3130_ARO:3003036_oleB	100.000	29	0	0	39963	39991	1568	1540	9.32e-06	54.7	6479780
NODE_55_length_129709_cov_9.10125	gb_L36601_+_1420-3130_ARO:3003036_oleB	100.000	29	0	0	39963	39991	1568	1540	9.32e-06	54.7	158509
NODE_55_length_129709_cov_9.10125	gb_L36601_+_1420-3130_ARO:3003036_oleB	100.000	29	0	0	39963	39991	1568	1540	9.32e-06	54.7	5328507
NODE_55_length_129709_cov_9.10125	gb_L36601_+_1420-3130_ARO:3003036_oleB	100.000	29	0	0	39963	39991	1568	1540	9.32e-06	54.7	885887
NODE_55_length_129709_cov_9.10125	gb_L36601_+_1420-3130_ARO:3003036_oleB	100.000	29	0	0	39963	39991	1568	1540	9.32e-06	54.7	686740
NODE_1046_length_21482_cov_3.88659	gb_L36601_+_1420-3130_ARO:3003036_oleB	97.368	38	1	0	7374	7411	1532	1569	7.14e-10	65.8	5540066
NODE_1370_length_17568_cov_7.44613	gb_KU736867.1_+_19653-21573_ARO:3004442_tet(W/N/W)	97.938	97	2	0	17472	17568	1	97	4.32e-41	169	5548072
NODE_1370_length_17568_cov_7.44613	gb_EU434751_+_658-2578_ARO:3000194_tetW	97.938	97	2	0	17472	17568	1	97	4.32e-41	169	5548072
NODE_2858_length_9061_cov_24.3661	gb_L06249_+_1527-2505_ARO:3003748_oleC	100.000	29	0	0	771	799	95	123	6.51e-07	54.7	129152
NODE_2858_length_9061_cov_24.3661	gb_L06249_+_1527-2505_ARO:3003748_oleC	100.000	29	0	0	771	799	95	123	6.51e-07	54.7	129152
NODE_2858_length_9061_cov_24.3661	gb_L06249_+_1527-2505_ARO:3003748_oleC	100.000	29	0	0	771	799	95	123	6.51e-07	54.7	74585
NODE_2858_length_9061_cov_24.3661	gb_L06249_+_1527-2505_ARO:3003748_oleC	100.000	29	0	0	771	799	95	123	6.51e-07	54.7	117048
NODE_2858_length_9061_cov_24.3661	gb_L06249_+_1527-2505_ARO:3003748_oleC	100.000	29	0	0	771	799	95	123	6.51e-07	54.7	58957
NODE_3553_length_7307_cov_8.26407	gb_AF235050.4_+_38028-40140_ARO:3003318_Streptomyces	88.235	68	7	1	6234	6301	1961	1895	8.66e-15	80.5	2686369
NODE_3553_length_7307_cov_8.26407	gb_AF235050.4_+_38028-40140_ARO:3003318_Streptomyces	88.235	68	7	1	6234	6301	1961	1895	8.66e-15	80.5	10421
NODE_3553_length_7307_cov_8.26407	gb_AF235050.4_+_38028-40140_ARO:3003318_Streptomyces	88.235	68	7	1	6234	6301	1961	1895	8.66e-15	80.5	813500
NODE_4738_length_5504_cov_7.20591	gb_AY768532_+_0-1935_ARO:3000535_macB	94.737	38	2	0	3382	3419	118	155	8.49e-09	60.2	3742628
NODE_4898_length_5338_cov_4.3727	gb_X63451_+_0-1653_ARO:3002828_srmB	100.000	35	0	0	4698	4732	1499	1465	1.77e-10	65.8	715479
NODE_4898_length_5338_cov_4.3727	gb_X63451_+_0-1653_ARO:3002828_srmB	100.000	35	0	0	4698	4732	1499	1465	1.77e-10	65.8	144755
NODE_5413_length_4881_cov_4.28471	gb_AP006618.1_+_4835199-4838688_ARO:3000501_Nocardia	80.097	206	41	0	4267	4472	1246	1451	3.36e-37	154	40751
NODE_5413_length_4881_cov_4.28471	gb_AP006618.1_+_4835199-4838688_ARO:3000501_Nocardia	80.097	206	41	0	4267	4472	1246	1451	3.36e-37	154	259155
NODE_5422_length_4874_cov_362.126	gb_GQ342996_+_797-1793_ARO:3003097_CfxA6	99.498	996	5	0	1380	2375	996	1	0.0	1812	479081
NODE_5422_length_4874_cov_362.126	gb_AY769934_+_27-993_ARO:3003096_CfxA5	89.085	962	102	3	1383	2342	961	1	0.0	1192	479081
NODE_5422_length_4874_cov_362.126	gb_AF118110.1_-_71-1037_ARO:3003002_CfxA2	89.085	962	102	3	1383	2342	961	1	0.0	1192	479081
NODE_5422_length_4874_cov_362.126	gb_AF472622_+_52-1018_ARO:3003003_CfxA3	88.981	962	103	3	1383	2342	961	1	0.0	1186	479081
NODE_5422_length_4874_cov_362.126	gb_U38243_+_149-1115_ARO:3003001_CfxA	88.981	962	103	3	1383	2342	961	1	0.0	1186	479081
NODE_5422_length_4874_cov_362.126	gb_AY769933_+_0-966_ARO:3003005_CfxA4	88.981	962	103	3	1383	2342	961	1	0.0	1186	479081
NODE_6311_length_4270_cov_87.6766	gb_X74948_+_0-492_ARO:3002688_catS	88.285	478	54	2	2426	2902	477	1	6.84e-163	571	594469
NODE_9497_length_3030_cov_28.2565	gb_L06249_+_1527-2505_ARO:3003748_oleC	100.000	29	0	0	2232	2260	123	95	2.17e-07	54.7	129152
NODE_11635_length_2585_cov_3.07628	gb_AF170880_+_0-1848_ARO:3002522_novA	76.636	214	44	6	490	700	1591	1381	3.01e-25	113	373819
NODE_11635_length_2585_cov_3.07628	gb_AF170880_+_0-1848_ARO:3002522_novA	76.636	214	44	6	490	700	1591	1381	3.01e-25	113	578634
NODE_11635_length_2585_cov_3.07628	gb_AF170880_+_0-1848_ARO:3002522_novA	76.636	214	44	6	490	700	1591	1381	3.01e-25	113	3742556
NODE_11942_length_2534_cov_6.49012	gb_AF235050.4_+_38028-40140_ARO:3003318_Streptomyces	72.759	290	63	13	2251	2532	75	356	2.31e-16	84.2	1013075
NODE_17596_length_1892_cov_5.43549	gb_X01702_+_484-1285_ARO:3002659_APH(6)-Ic	96.875	32	1	0	488	519	483	514	1.35e-07	54.7	1570499
NODE_30258_length_1273_cov_116.62	gb_AF118110.1_-_71-1037_ARO:3003002_CfxA2	100.000	966	0	0	279	1244	966	1	0.0	1784	3150852
NODE_30258_length_1273_cov_116.62	gb_AF472622_+_52-1018_ARO:3003003_CfxA3	99.896	966	1	0	279	1244	966	1	0.0	1779	3150852
NODE_30258_length_1273_cov_116.62	gb_AY769934_+_27-993_ARO:3003096_CfxA5	99.896	966	1	0	279	1244	966	1	0.0	1779	3150852
NODE_30258_length_1273_cov_116.62	gb_U38243_+_149-1115_ARO:3003001_CfxA	99.896	966	1	0	279	1244	966	1	0.0	1779	3150852
NODE_30258_length_1273_cov_116.62	gb_AY769933_+_0-966_ARO:3003005_CfxA4	99.896	966	1	0	279	1244	966	1	0.0	1779	3150852
NODE_30258_length_1273_cov_116.62	gb_GQ342996_+_797-1793_ARO:3003097_CfxA6	89.234	966	101	3	284	1248	993	30	0.0	1205	3150852
NODE_31576_length_1232_cov_2.0068	gb_AF235050.4_+_38028-40140_ARO:3003318_Streptomyces	73.487	347	86	6	671	1014	419	76	1.83e-29	126	4703013
NODE_54689_length_828_cov_1.94567	gb_AF235050.4_+_38028-40140_ARO:3003318_Streptomyces	77.049	122	24	3	97	216	194	75	7.50e-12	67.6	5547246
NODE_63898_length_741_cov_2.86006	gb_NC_014638.1_-_1610636-1613960_ARO:3003730_Bifidobacteria	85.081	744	105	6	1	741	1538	798	0.0	754	5547388
NODE_63898_length_741_cov_2.86006	gb_NC_014638.1_-_1610636-1613960_ARO:3003730_Bifidobacteria	85.081	744	105	6	1	741	1538	798	0.0	754	5547388
NODE_215430_length_325_cov_1.53333	gb_AF235050.4_+_38028-40140_ARO:3003318_Streptomyces	76.875	160	33	3	76	233	413	256	2.18e-18	87.9	801238
NODE_325885_length_255_cov_1.955	gb_X01702_+_484-1285_ARO:3002659_APH(6)-Ic	94.444	36	1	1	166	200	483	518	1.70e-08	54.7	5547389
NODE_325885_length_255_cov_1.955	gb_X01702_+_484-1285_ARO:3002659_APH(6)-Ic	94.444	36	1	1	166	200	483	518	1.70e-08	54.7	5547389
