NODE_2_length_99805_cov_9.48902	gb_AP009048_-_4338624-4340268_ARO:3003576_eptA	99.878	1644	2	0	8099	9742	1644	1	0.0	3025	166345
NODE_2_length_99805_cov_9.48902	gb_NC_000913.3_-_4377810-4378944_ARO:3004290_Escherichia	100.000	1134	0	0	51964	53097	1134	1	0.0	2095	166345
NODE_2_length_99805_cov_9.48902	gb_AJ555823_+_0-1146_ARO:3002026_CMY-15	72.588	1109	267	30	51979	53064	1131	37	1.06e-88	329	166345
NODE_2_length_99805_cov_9.48902	gb_AM931008_+_0-1146_ARO:3002049_CMY-38	72.613	1110	265	31	51979	53064	1131	37	1.06e-88	329	166345
NODE_2_length_99805_cov_9.48902	gb_Y16785_+_0-1143_ARO:3002023_CMY-12	72.498	1109	268	30	51979	53064	1131	37	4.95e-87	324	166345
NODE_2_length_99805_cov_9.48902	gb_KM087859_+_0-1146_ARO:3002176_MIR-11	72.057	977	243	25	52016	52977	1094	133	3.04e-69	265	166345
NODE_2_length_99805_cov_9.48902	gb_KM087851_+_0-1146_ARO:3002180_MIR-15	72.057	977	243	26	52016	52977	1094	133	3.04e-69	265	166345
NODE_2_length_99805_cov_9.48902	gb_AY227752_+_88-1234_ARO:3002168_MIR-2	71.720	1029	261	25	51964	52977	1146	133	3.94e-68	261	166345
NODE_2_length_99805_cov_9.48902	gb_KM087858_+_0-1146_ARO:3002175_MIR-10	71.955	977	244	25	52016	52977	1094	133	1.42e-67	259	166345
NODE_2_length_99805_cov_9.48902	gb_KM087860_+_0-1146_ARO:3002174_MIR-9	71.955	977	244	25	52016	52977	1094	133	1.42e-67	259	166345
NODE_2_length_99805_cov_9.48902	gb_JQ664733_+_0-1146_ARO:3002171_MIR-6	71.955	977	244	26	52016	52977	1094	133	1.42e-67	259	166345
NODE_2_length_99805_cov_9.48902	gb_KM087861_+_0-1146_ARO:3002181_MIR-16	71.955	977	244	25	52016	52977	1094	133	1.42e-67	259	166345
NODE_2_length_99805_cov_9.48902	gb_EF417572_+_29-1175_ARO:3002167_MIR-4	71.853	977	245	26	52016	52977	1094	133	6.59e-66	254	166345
NODE_2_length_99805_cov_9.48902	gb_FJ237367_+_0-1146_ARO:3002173_MIR-8	71.853	977	245	26	52016	52977	1094	133	6.59e-66	254	166345
NODE_2_length_99805_cov_9.48902	gb_KM087863_+_0-1146_ARO:3002177_MIR-12	71.853	977	245	25	52016	52977	1094	133	6.59e-66	254	166345
NODE_2_length_99805_cov_9.48902	gb_KP050484_+_0-1146_ARO:3002170_MIR-5	71.853	977	245	25	52016	52977	1094	133	6.59e-66	254	166345
NODE_2_length_99805_cov_9.48902	gb_AY743435_+_13-1159_ARO:3002169_MIR-3	71.853	977	245	26	52016	52977	1094	133	6.59e-66	254	166345
NODE_2_length_99805_cov_9.48902	gb_M37839_+_927-2073_ARO:3002166_MIR-1	71.750	977	246	25	52016	52977	1094	133	3.06e-64	248	166345
NODE_2_length_99805_cov_9.48902	gb_LN515535_+_0-1146_ARO:3003173_MIR-17	71.750	977	246	25	52016	52977	1094	133	3.06e-64	248	166345
NODE_2_length_99805_cov_9.48902	gb_KM087862_+_0-1146_ARO:3002178_MIR-13	71.648	977	247	26	52016	52977	1094	133	1.43e-62	243	166345
NODE_2_length_99805_cov_9.48902	gb_KM926622_+_238-1384_ARO:3003172_ACT-37	70.192	1040	258	42	51964	52977	1146	133	1.91e-36	156	166345
NODE_2_length_99805_cov_9.48902	gb_KF992029_+_748-1894_ARO:3001840_ACT-19	69.971	1039	262	41	51964	52977	1146	133	4.14e-33	145	166345
NODE_2_length_99805_cov_9.48902	gb_AP009048_-_4338624-4340268_ARO:3003576_eptA	99.878	1644	2	0	8099	9742	1644	1	0.0	3025	1256626
NODE_2_length_99805_cov_9.48902	gb_NC_000913.3_-_4377810-4378944_ARO:3004290_Escherichia	100.000	1134	0	0	51964	53097	1134	1	0.0	2095	1256626
NODE_2_length_99805_cov_9.48902	gb_AJ555823_+_0-1146_ARO:3002026_CMY-15	72.588	1109	267	30	51979	53064	1131	37	1.06e-88	329	1256626
NODE_2_length_99805_cov_9.48902	gb_AM931008_+_0-1146_ARO:3002049_CMY-38	72.613	1110	265	31	51979	53064	1131	37	1.06e-88	329	1256626
NODE_2_length_99805_cov_9.48902	gb_Y16785_+_0-1143_ARO:3002023_CMY-12	72.498	1109	268	30	51979	53064	1131	37	4.95e-87	324	1256626
NODE_2_length_99805_cov_9.48902	gb_KM087859_+_0-1146_ARO:3002176_MIR-11	72.057	977	243	25	52016	52977	1094	133	3.04e-69	265	1256626
NODE_2_length_99805_cov_9.48902	gb_KM087851_+_0-1146_ARO:3002180_MIR-15	72.057	977	243	26	52016	52977	1094	133	3.04e-69	265	1256626
NODE_2_length_99805_cov_9.48902	gb_AY227752_+_88-1234_ARO:3002168_MIR-2	71.720	1029	261	25	51964	52977	1146	133	3.94e-68	261	1256626
NODE_2_length_99805_cov_9.48902	gb_KM087858_+_0-1146_ARO:3002175_MIR-10	71.955	977	244	25	52016	52977	1094	133	1.42e-67	259	1256626
NODE_2_length_99805_cov_9.48902	gb_KM087860_+_0-1146_ARO:3002174_MIR-9	71.955	977	244	25	52016	52977	1094	133	1.42e-67	259	1256626
NODE_2_length_99805_cov_9.48902	gb_JQ664733_+_0-1146_ARO:3002171_MIR-6	71.955	977	244	26	52016	52977	1094	133	1.42e-67	259	1256626
NODE_2_length_99805_cov_9.48902	gb_KM087861_+_0-1146_ARO:3002181_MIR-16	71.955	977	244	25	52016	52977	1094	133	1.42e-67	259	1256626
NODE_2_length_99805_cov_9.48902	gb_EF417572_+_29-1175_ARO:3002167_MIR-4	71.853	977	245	26	52016	52977	1094	133	6.59e-66	254	1256626
NODE_2_length_99805_cov_9.48902	gb_FJ237367_+_0-1146_ARO:3002173_MIR-8	71.853	977	245	26	52016	52977	1094	133	6.59e-66	254	1256626
NODE_2_length_99805_cov_9.48902	gb_KM087863_+_0-1146_ARO:3002177_MIR-12	71.853	977	245	25	52016	52977	1094	133	6.59e-66	254	1256626
NODE_2_length_99805_cov_9.48902	gb_KP050484_+_0-1146_ARO:3002170_MIR-5	71.853	977	245	25	52016	52977	1094	133	6.59e-66	254	1256626
NODE_2_length_99805_cov_9.48902	gb_AY743435_+_13-1159_ARO:3002169_MIR-3	71.853	977	245	26	52016	52977	1094	133	6.59e-66	254	1256626
NODE_2_length_99805_cov_9.48902	gb_M37839_+_927-2073_ARO:3002166_MIR-1	71.750	977	246	25	52016	52977	1094	133	3.06e-64	248	1256626
NODE_2_length_99805_cov_9.48902	gb_LN515535_+_0-1146_ARO:3003173_MIR-17	71.750	977	246	25	52016	52977	1094	133	3.06e-64	248	1256626
NODE_2_length_99805_cov_9.48902	gb_KM087862_+_0-1146_ARO:3002178_MIR-13	71.648	977	247	26	52016	52977	1094	133	1.43e-62	243	1256626
NODE_2_length_99805_cov_9.48902	gb_KM926622_+_238-1384_ARO:3003172_ACT-37	70.192	1040	258	42	51964	52977	1146	133	1.91e-36	156	1256626
NODE_2_length_99805_cov_9.48902	gb_KF992029_+_748-1894_ARO:3001840_ACT-19	69.971	1039	262	41	51964	52977	1146	133	4.14e-33	145	1256626
NODE_2_length_99805_cov_9.48902	gb_AP009048_-_4338624-4340268_ARO:3003576_eptA	99.878	1644	2	0	8099	9742	1644	1	0.0	3025	2680898
NODE_2_length_99805_cov_9.48902	gb_NC_000913.3_-_4377810-4378944_ARO:3004290_Escherichia	100.000	1134	0	0	51964	53097	1134	1	0.0	2095	2680898
NODE_2_length_99805_cov_9.48902	gb_AJ555823_+_0-1146_ARO:3002026_CMY-15	72.588	1109	267	30	51979	53064	1131	37	1.06e-88	329	2680898
NODE_2_length_99805_cov_9.48902	gb_AM931008_+_0-1146_ARO:3002049_CMY-38	72.613	1110	265	31	51979	53064	1131	37	1.06e-88	329	2680898
NODE_2_length_99805_cov_9.48902	gb_Y16785_+_0-1143_ARO:3002023_CMY-12	72.498	1109	268	30	51979	53064	1131	37	4.95e-87	324	2680898
NODE_2_length_99805_cov_9.48902	gb_KM087859_+_0-1146_ARO:3002176_MIR-11	72.057	977	243	25	52016	52977	1094	133	3.04e-69	265	2680898
NODE_2_length_99805_cov_9.48902	gb_KM087851_+_0-1146_ARO:3002180_MIR-15	72.057	977	243	26	52016	52977	1094	133	3.04e-69	265	2680898
NODE_2_length_99805_cov_9.48902	gb_AY227752_+_88-1234_ARO:3002168_MIR-2	71.720	1029	261	25	51964	52977	1146	133	3.94e-68	261	2680898
NODE_2_length_99805_cov_9.48902	gb_KM087858_+_0-1146_ARO:3002175_MIR-10	71.955	977	244	25	52016	52977	1094	133	1.42e-67	259	2680898
NODE_2_length_99805_cov_9.48902	gb_KM087860_+_0-1146_ARO:3002174_MIR-9	71.955	977	244	25	52016	52977	1094	133	1.42e-67	259	2680898
NODE_2_length_99805_cov_9.48902	gb_JQ664733_+_0-1146_ARO:3002171_MIR-6	71.955	977	244	26	52016	52977	1094	133	1.42e-67	259	2680898
NODE_2_length_99805_cov_9.48902	gb_KM087861_+_0-1146_ARO:3002181_MIR-16	71.955	977	244	25	52016	52977	1094	133	1.42e-67	259	2680898
NODE_2_length_99805_cov_9.48902	gb_EF417572_+_29-1175_ARO:3002167_MIR-4	71.853	977	245	26	52016	52977	1094	133	6.59e-66	254	2680898
NODE_2_length_99805_cov_9.48902	gb_FJ237367_+_0-1146_ARO:3002173_MIR-8	71.853	977	245	26	52016	52977	1094	133	6.59e-66	254	2680898
NODE_2_length_99805_cov_9.48902	gb_KM087863_+_0-1146_ARO:3002177_MIR-12	71.853	977	245	25	52016	52977	1094	133	6.59e-66	254	2680898
NODE_2_length_99805_cov_9.48902	gb_KP050484_+_0-1146_ARO:3002170_MIR-5	71.853	977	245	25	52016	52977	1094	133	6.59e-66	254	2680898
NODE_2_length_99805_cov_9.48902	gb_AY743435_+_13-1159_ARO:3002169_MIR-3	71.853	977	245	26	52016	52977	1094	133	6.59e-66	254	2680898
NODE_2_length_99805_cov_9.48902	gb_M37839_+_927-2073_ARO:3002166_MIR-1	71.750	977	246	25	52016	52977	1094	133	3.06e-64	248	2680898
NODE_2_length_99805_cov_9.48902	gb_LN515535_+_0-1146_ARO:3003173_MIR-17	71.750	977	246	25	52016	52977	1094	133	3.06e-64	248	2680898
NODE_2_length_99805_cov_9.48902	gb_KM087862_+_0-1146_ARO:3002178_MIR-13	71.648	977	247	26	52016	52977	1094	133	1.43e-62	243	2680898
NODE_2_length_99805_cov_9.48902	gb_KM926622_+_238-1384_ARO:3003172_ACT-37	70.192	1040	258	42	51964	52977	1146	133	1.91e-36	156	2680898
NODE_2_length_99805_cov_9.48902	gb_KF992029_+_748-1894_ARO:3001840_ACT-19	69.971	1039	262	41	51964	52977	1146	133	4.14e-33	145	2680898
NODE_2_length_99805_cov_9.48902	gb_AP009048_-_4338624-4340268_ARO:3003576_eptA	99.878	1644	2	0	8099	9742	1644	1	0.0	3025	6188373
NODE_2_length_99805_cov_9.48902	gb_NC_000913.3_-_4377810-4378944_ARO:3004290_Escherichia	100.000	1134	0	0	51964	53097	1134	1	0.0	2095	6188373
NODE_2_length_99805_cov_9.48902	gb_AJ555823_+_0-1146_ARO:3002026_CMY-15	72.588	1109	267	30	51979	53064	1131	37	1.06e-88	329	6188373
NODE_2_length_99805_cov_9.48902	gb_AM931008_+_0-1146_ARO:3002049_CMY-38	72.613	1110	265	31	51979	53064	1131	37	1.06e-88	329	6188373
NODE_2_length_99805_cov_9.48902	gb_Y16785_+_0-1143_ARO:3002023_CMY-12	72.498	1109	268	30	51979	53064	1131	37	4.95e-87	324	6188373
NODE_2_length_99805_cov_9.48902	gb_KM087859_+_0-1146_ARO:3002176_MIR-11	72.057	977	243	25	52016	52977	1094	133	3.04e-69	265	6188373
NODE_2_length_99805_cov_9.48902	gb_KM087851_+_0-1146_ARO:3002180_MIR-15	72.057	977	243	26	52016	52977	1094	133	3.04e-69	265	6188373
NODE_2_length_99805_cov_9.48902	gb_AY227752_+_88-1234_ARO:3002168_MIR-2	71.720	1029	261	25	51964	52977	1146	133	3.94e-68	261	6188373
NODE_2_length_99805_cov_9.48902	gb_KM087858_+_0-1146_ARO:3002175_MIR-10	71.955	977	244	25	52016	52977	1094	133	1.42e-67	259	6188373
NODE_2_length_99805_cov_9.48902	gb_KM087860_+_0-1146_ARO:3002174_MIR-9	71.955	977	244	25	52016	52977	1094	133	1.42e-67	259	6188373
NODE_2_length_99805_cov_9.48902	gb_JQ664733_+_0-1146_ARO:3002171_MIR-6	71.955	977	244	26	52016	52977	1094	133	1.42e-67	259	6188373
NODE_2_length_99805_cov_9.48902	gb_KM087861_+_0-1146_ARO:3002181_MIR-16	71.955	977	244	25	52016	52977	1094	133	1.42e-67	259	6188373
NODE_2_length_99805_cov_9.48902	gb_EF417572_+_29-1175_ARO:3002167_MIR-4	71.853	977	245	26	52016	52977	1094	133	6.59e-66	254	6188373
NODE_2_length_99805_cov_9.48902	gb_FJ237367_+_0-1146_ARO:3002173_MIR-8	71.853	977	245	26	52016	52977	1094	133	6.59e-66	254	6188373
NODE_2_length_99805_cov_9.48902	gb_KM087863_+_0-1146_ARO:3002177_MIR-12	71.853	977	245	25	52016	52977	1094	133	6.59e-66	254	6188373
NODE_2_length_99805_cov_9.48902	gb_KP050484_+_0-1146_ARO:3002170_MIR-5	71.853	977	245	25	52016	52977	1094	133	6.59e-66	254	6188373
NODE_2_length_99805_cov_9.48902	gb_AY743435_+_13-1159_ARO:3002169_MIR-3	71.853	977	245	26	52016	52977	1094	133	6.59e-66	254	6188373
NODE_2_length_99805_cov_9.48902	gb_M37839_+_927-2073_ARO:3002166_MIR-1	71.750	977	246	25	52016	52977	1094	133	3.06e-64	248	6188373
NODE_2_length_99805_cov_9.48902	gb_LN515535_+_0-1146_ARO:3003173_MIR-17	71.750	977	246	25	52016	52977	1094	133	3.06e-64	248	6188373
NODE_2_length_99805_cov_9.48902	gb_KM087862_+_0-1146_ARO:3002178_MIR-13	71.648	977	247	26	52016	52977	1094	133	1.43e-62	243	6188373
NODE_2_length_99805_cov_9.48902	gb_KM926622_+_238-1384_ARO:3003172_ACT-37	70.192	1040	258	42	51964	52977	1146	133	1.91e-36	156	6188373
NODE_2_length_99805_cov_9.48902	gb_KF992029_+_748-1894_ARO:3001840_ACT-19	69.971	1039	262	41	51964	52977	1146	133	4.14e-33	145	6188373
NODE_2_length_99805_cov_9.48902	gb_AP009048_-_4338624-4340268_ARO:3003576_eptA	99.878	1644	2	0	8099	9742	1644	1	0.0	3025	6188373
NODE_2_length_99805_cov_9.48902	gb_NC_000913.3_-_4377810-4378944_ARO:3004290_Escherichia	100.000	1134	0	0	51964	53097	1134	1	0.0	2095	6188373
NODE_2_length_99805_cov_9.48902	gb_AJ555823_+_0-1146_ARO:3002026_CMY-15	72.588	1109	267	30	51979	53064	1131	37	1.06e-88	329	6188373
NODE_2_length_99805_cov_9.48902	gb_AM931008_+_0-1146_ARO:3002049_CMY-38	72.613	1110	265	31	51979	53064	1131	37	1.06e-88	329	6188373
NODE_2_length_99805_cov_9.48902	gb_Y16785_+_0-1143_ARO:3002023_CMY-12	72.498	1109	268	30	51979	53064	1131	37	4.95e-87	324	6188373
NODE_2_length_99805_cov_9.48902	gb_KM087859_+_0-1146_ARO:3002176_MIR-11	72.057	977	243	25	52016	52977	1094	133	3.04e-69	265	6188373
NODE_2_length_99805_cov_9.48902	gb_KM087851_+_0-1146_ARO:3002180_MIR-15	72.057	977	243	26	52016	52977	1094	133	3.04e-69	265	6188373
NODE_2_length_99805_cov_9.48902	gb_AY227752_+_88-1234_ARO:3002168_MIR-2	71.720	1029	261	25	51964	52977	1146	133	3.94e-68	261	6188373
NODE_2_length_99805_cov_9.48902	gb_KM087858_+_0-1146_ARO:3002175_MIR-10	71.955	977	244	25	52016	52977	1094	133	1.42e-67	259	6188373
NODE_2_length_99805_cov_9.48902	gb_KM087860_+_0-1146_ARO:3002174_MIR-9	71.955	977	244	25	52016	52977	1094	133	1.42e-67	259	6188373
NODE_2_length_99805_cov_9.48902	gb_JQ664733_+_0-1146_ARO:3002171_MIR-6	71.955	977	244	26	52016	52977	1094	133	1.42e-67	259	6188373
NODE_2_length_99805_cov_9.48902	gb_KM087861_+_0-1146_ARO:3002181_MIR-16	71.955	977	244	25	52016	52977	1094	133	1.42e-67	259	6188373
NODE_2_length_99805_cov_9.48902	gb_EF417572_+_29-1175_ARO:3002167_MIR-4	71.853	977	245	26	52016	52977	1094	133	6.59e-66	254	6188373
NODE_2_length_99805_cov_9.48902	gb_FJ237367_+_0-1146_ARO:3002173_MIR-8	71.853	977	245	26	52016	52977	1094	133	6.59e-66	254	6188373
NODE_2_length_99805_cov_9.48902	gb_KM087863_+_0-1146_ARO:3002177_MIR-12	71.853	977	245	25	52016	52977	1094	133	6.59e-66	254	6188373
NODE_2_length_99805_cov_9.48902	gb_KP050484_+_0-1146_ARO:3002170_MIR-5	71.853	977	245	25	52016	52977	1094	133	6.59e-66	254	6188373
NODE_2_length_99805_cov_9.48902	gb_AY743435_+_13-1159_ARO:3002169_MIR-3	71.853	977	245	26	52016	52977	1094	133	6.59e-66	254	6188373
NODE_2_length_99805_cov_9.48902	gb_M37839_+_927-2073_ARO:3002166_MIR-1	71.750	977	246	25	52016	52977	1094	133	3.06e-64	248	6188373
NODE_2_length_99805_cov_9.48902	gb_LN515535_+_0-1146_ARO:3003173_MIR-17	71.750	977	246	25	52016	52977	1094	133	3.06e-64	248	6188373
NODE_2_length_99805_cov_9.48902	gb_KM087862_+_0-1146_ARO:3002178_MIR-13	71.648	977	247	26	52016	52977	1094	133	1.43e-62	243	6188373
NODE_2_length_99805_cov_9.48902	gb_KM926622_+_238-1384_ARO:3003172_ACT-37	70.192	1040	258	42	51964	52977	1146	133	1.91e-36	156	6188373
NODE_2_length_99805_cov_9.48902	gb_KF992029_+_748-1894_ARO:3001840_ACT-19	69.971	1039	262	41	51964	52977	1146	133	4.14e-33	145	6188373
NODE_2_length_99805_cov_9.48902	gb_AP009048_-_4338624-4340268_ARO:3003576_eptA	99.878	1644	2	0	8099	9742	1644	1	0.0	3025	886639
NODE_2_length_99805_cov_9.48902	gb_NC_000913.3_-_4377810-4378944_ARO:3004290_Escherichia	100.000	1134	0	0	51964	53097	1134	1	0.0	2095	886639
NODE_2_length_99805_cov_9.48902	gb_AJ555823_+_0-1146_ARO:3002026_CMY-15	72.588	1109	267	30	51979	53064	1131	37	1.06e-88	329	886639
NODE_2_length_99805_cov_9.48902	gb_AM931008_+_0-1146_ARO:3002049_CMY-38	72.613	1110	265	31	51979	53064	1131	37	1.06e-88	329	886639
NODE_2_length_99805_cov_9.48902	gb_Y16785_+_0-1143_ARO:3002023_CMY-12	72.498	1109	268	30	51979	53064	1131	37	4.95e-87	324	886639
NODE_2_length_99805_cov_9.48902	gb_KM087859_+_0-1146_ARO:3002176_MIR-11	72.057	977	243	25	52016	52977	1094	133	3.04e-69	265	886639
NODE_2_length_99805_cov_9.48902	gb_KM087851_+_0-1146_ARO:3002180_MIR-15	72.057	977	243	26	52016	52977	1094	133	3.04e-69	265	886639
NODE_2_length_99805_cov_9.48902	gb_AY227752_+_88-1234_ARO:3002168_MIR-2	71.720	1029	261	25	51964	52977	1146	133	3.94e-68	261	886639
NODE_2_length_99805_cov_9.48902	gb_KM087858_+_0-1146_ARO:3002175_MIR-10	71.955	977	244	25	52016	52977	1094	133	1.42e-67	259	886639
NODE_2_length_99805_cov_9.48902	gb_KM087860_+_0-1146_ARO:3002174_MIR-9	71.955	977	244	25	52016	52977	1094	133	1.42e-67	259	886639
NODE_2_length_99805_cov_9.48902	gb_JQ664733_+_0-1146_ARO:3002171_MIR-6	71.955	977	244	26	52016	52977	1094	133	1.42e-67	259	886639
NODE_2_length_99805_cov_9.48902	gb_KM087861_+_0-1146_ARO:3002181_MIR-16	71.955	977	244	25	52016	52977	1094	133	1.42e-67	259	886639
NODE_2_length_99805_cov_9.48902	gb_EF417572_+_29-1175_ARO:3002167_MIR-4	71.853	977	245	26	52016	52977	1094	133	6.59e-66	254	886639
NODE_2_length_99805_cov_9.48902	gb_FJ237367_+_0-1146_ARO:3002173_MIR-8	71.853	977	245	26	52016	52977	1094	133	6.59e-66	254	886639
NODE_2_length_99805_cov_9.48902	gb_KM087863_+_0-1146_ARO:3002177_MIR-12	71.853	977	245	25	52016	52977	1094	133	6.59e-66	254	886639
NODE_2_length_99805_cov_9.48902	gb_KP050484_+_0-1146_ARO:3002170_MIR-5	71.853	977	245	25	52016	52977	1094	133	6.59e-66	254	886639
NODE_2_length_99805_cov_9.48902	gb_AY743435_+_13-1159_ARO:3002169_MIR-3	71.853	977	245	26	52016	52977	1094	133	6.59e-66	254	886639
NODE_2_length_99805_cov_9.48902	gb_M37839_+_927-2073_ARO:3002166_MIR-1	71.750	977	246	25	52016	52977	1094	133	3.06e-64	248	886639
NODE_2_length_99805_cov_9.48902	gb_LN515535_+_0-1146_ARO:3003173_MIR-17	71.750	977	246	25	52016	52977	1094	133	3.06e-64	248	886639
NODE_2_length_99805_cov_9.48902	gb_KM087862_+_0-1146_ARO:3002178_MIR-13	71.648	977	247	26	52016	52977	1094	133	1.43e-62	243	886639
NODE_2_length_99805_cov_9.48902	gb_KM926622_+_238-1384_ARO:3003172_ACT-37	70.192	1040	258	42	51964	52977	1146	133	1.91e-36	156	886639
NODE_2_length_99805_cov_9.48902	gb_KF992029_+_748-1894_ARO:3001840_ACT-19	69.971	1039	262	41	51964	52977	1146	133	4.14e-33	145	886639
NODE_2_length_99805_cov_9.48902	gb_AP009048_-_4338624-4340268_ARO:3003576_eptA	99.878	1644	2	0	8099	9742	1644	1	0.0	3025	126965
NODE_2_length_99805_cov_9.48902	gb_NC_000913.3_-_4377810-4378944_ARO:3004290_Escherichia	100.000	1134	0	0	51964	53097	1134	1	0.0	2095	126965
NODE_2_length_99805_cov_9.48902	gb_AJ555823_+_0-1146_ARO:3002026_CMY-15	72.588	1109	267	30	51979	53064	1131	37	1.06e-88	329	126965
NODE_2_length_99805_cov_9.48902	gb_AM931008_+_0-1146_ARO:3002049_CMY-38	72.613	1110	265	31	51979	53064	1131	37	1.06e-88	329	126965
NODE_2_length_99805_cov_9.48902	gb_Y16785_+_0-1143_ARO:3002023_CMY-12	72.498	1109	268	30	51979	53064	1131	37	4.95e-87	324	126965
NODE_2_length_99805_cov_9.48902	gb_KM087859_+_0-1146_ARO:3002176_MIR-11	72.057	977	243	25	52016	52977	1094	133	3.04e-69	265	126965
NODE_2_length_99805_cov_9.48902	gb_KM087851_+_0-1146_ARO:3002180_MIR-15	72.057	977	243	26	52016	52977	1094	133	3.04e-69	265	126965
NODE_2_length_99805_cov_9.48902	gb_AY227752_+_88-1234_ARO:3002168_MIR-2	71.720	1029	261	25	51964	52977	1146	133	3.94e-68	261	126965
NODE_2_length_99805_cov_9.48902	gb_KM087858_+_0-1146_ARO:3002175_MIR-10	71.955	977	244	25	52016	52977	1094	133	1.42e-67	259	126965
NODE_2_length_99805_cov_9.48902	gb_KM087860_+_0-1146_ARO:3002174_MIR-9	71.955	977	244	25	52016	52977	1094	133	1.42e-67	259	126965
NODE_2_length_99805_cov_9.48902	gb_JQ664733_+_0-1146_ARO:3002171_MIR-6	71.955	977	244	26	52016	52977	1094	133	1.42e-67	259	126965
NODE_2_length_99805_cov_9.48902	gb_KM087861_+_0-1146_ARO:3002181_MIR-16	71.955	977	244	25	52016	52977	1094	133	1.42e-67	259	126965
NODE_2_length_99805_cov_9.48902	gb_EF417572_+_29-1175_ARO:3002167_MIR-4	71.853	977	245	26	52016	52977	1094	133	6.59e-66	254	126965
NODE_2_length_99805_cov_9.48902	gb_FJ237367_+_0-1146_ARO:3002173_MIR-8	71.853	977	245	26	52016	52977	1094	133	6.59e-66	254	126965
NODE_2_length_99805_cov_9.48902	gb_KM087863_+_0-1146_ARO:3002177_MIR-12	71.853	977	245	25	52016	52977	1094	133	6.59e-66	254	126965
NODE_2_length_99805_cov_9.48902	gb_KP050484_+_0-1146_ARO:3002170_MIR-5	71.853	977	245	25	52016	52977	1094	133	6.59e-66	254	126965
NODE_2_length_99805_cov_9.48902	gb_AY743435_+_13-1159_ARO:3002169_MIR-3	71.853	977	245	26	52016	52977	1094	133	6.59e-66	254	126965
NODE_2_length_99805_cov_9.48902	gb_M37839_+_927-2073_ARO:3002166_MIR-1	71.750	977	246	25	52016	52977	1094	133	3.06e-64	248	126965
NODE_2_length_99805_cov_9.48902	gb_LN515535_+_0-1146_ARO:3003173_MIR-17	71.750	977	246	25	52016	52977	1094	133	3.06e-64	248	126965
NODE_2_length_99805_cov_9.48902	gb_KM087862_+_0-1146_ARO:3002178_MIR-13	71.648	977	247	26	52016	52977	1094	133	1.43e-62	243	126965
NODE_2_length_99805_cov_9.48902	gb_KM926622_+_238-1384_ARO:3003172_ACT-37	70.192	1040	258	42	51964	52977	1146	133	1.91e-36	156	126965
NODE_2_length_99805_cov_9.48902	gb_KF992029_+_748-1894_ARO:3001840_ACT-19	69.971	1039	262	41	51964	52977	1146	133	4.14e-33	145	126965
NODE_2_length_99805_cov_9.48902	gb_AP009048_-_4338624-4340268_ARO:3003576_eptA	99.878	1644	2	0	8099	9742	1644	1	0.0	3025	426084
NODE_2_length_99805_cov_9.48902	gb_NC_000913.3_-_4377810-4378944_ARO:3004290_Escherichia	100.000	1134	0	0	51964	53097	1134	1	0.0	2095	426084
NODE_2_length_99805_cov_9.48902	gb_AJ555823_+_0-1146_ARO:3002026_CMY-15	72.588	1109	267	30	51979	53064	1131	37	1.06e-88	329	426084
NODE_2_length_99805_cov_9.48902	gb_AM931008_+_0-1146_ARO:3002049_CMY-38	72.613	1110	265	31	51979	53064	1131	37	1.06e-88	329	426084
NODE_2_length_99805_cov_9.48902	gb_Y16785_+_0-1143_ARO:3002023_CMY-12	72.498	1109	268	30	51979	53064	1131	37	4.95e-87	324	426084
NODE_2_length_99805_cov_9.48902	gb_KM087859_+_0-1146_ARO:3002176_MIR-11	72.057	977	243	25	52016	52977	1094	133	3.04e-69	265	426084
NODE_2_length_99805_cov_9.48902	gb_KM087851_+_0-1146_ARO:3002180_MIR-15	72.057	977	243	26	52016	52977	1094	133	3.04e-69	265	426084
NODE_2_length_99805_cov_9.48902	gb_AY227752_+_88-1234_ARO:3002168_MIR-2	71.720	1029	261	25	51964	52977	1146	133	3.94e-68	261	426084
NODE_2_length_99805_cov_9.48902	gb_KM087858_+_0-1146_ARO:3002175_MIR-10	71.955	977	244	25	52016	52977	1094	133	1.42e-67	259	426084
NODE_2_length_99805_cov_9.48902	gb_KM087860_+_0-1146_ARO:3002174_MIR-9	71.955	977	244	25	52016	52977	1094	133	1.42e-67	259	426084
NODE_2_length_99805_cov_9.48902	gb_JQ664733_+_0-1146_ARO:3002171_MIR-6	71.955	977	244	26	52016	52977	1094	133	1.42e-67	259	426084
NODE_2_length_99805_cov_9.48902	gb_KM087861_+_0-1146_ARO:3002181_MIR-16	71.955	977	244	25	52016	52977	1094	133	1.42e-67	259	426084
NODE_2_length_99805_cov_9.48902	gb_EF417572_+_29-1175_ARO:3002167_MIR-4	71.853	977	245	26	52016	52977	1094	133	6.59e-66	254	426084
NODE_2_length_99805_cov_9.48902	gb_FJ237367_+_0-1146_ARO:3002173_MIR-8	71.853	977	245	26	52016	52977	1094	133	6.59e-66	254	426084
NODE_2_length_99805_cov_9.48902	gb_KM087863_+_0-1146_ARO:3002177_MIR-12	71.853	977	245	25	52016	52977	1094	133	6.59e-66	254	426084
NODE_2_length_99805_cov_9.48902	gb_KP050484_+_0-1146_ARO:3002170_MIR-5	71.853	977	245	25	52016	52977	1094	133	6.59e-66	254	426084
NODE_2_length_99805_cov_9.48902	gb_AY743435_+_13-1159_ARO:3002169_MIR-3	71.853	977	245	26	52016	52977	1094	133	6.59e-66	254	426084
NODE_2_length_99805_cov_9.48902	gb_M37839_+_927-2073_ARO:3002166_MIR-1	71.750	977	246	25	52016	52977	1094	133	3.06e-64	248	426084
NODE_2_length_99805_cov_9.48902	gb_LN515535_+_0-1146_ARO:3003173_MIR-17	71.750	977	246	25	52016	52977	1094	133	3.06e-64	248	426084
NODE_2_length_99805_cov_9.48902	gb_KM087862_+_0-1146_ARO:3002178_MIR-13	71.648	977	247	26	52016	52977	1094	133	1.43e-62	243	426084
NODE_2_length_99805_cov_9.48902	gb_KM926622_+_238-1384_ARO:3003172_ACT-37	70.192	1040	258	42	51964	52977	1146	133	1.91e-36	156	426084
NODE_2_length_99805_cov_9.48902	gb_KF992029_+_748-1894_ARO:3001840_ACT-19	69.971	1039	262	41	51964	52977	1146	133	4.14e-33	145	426084
NODE_2_length_99805_cov_9.48902	gb_AP009048_-_4338624-4340268_ARO:3003576_eptA	99.878	1644	2	0	8099	9742	1644	1	0.0	3025	111521
NODE_2_length_99805_cov_9.48902	gb_NC_000913.3_-_4377810-4378944_ARO:3004290_Escherichia	100.000	1134	0	0	51964	53097	1134	1	0.0	2095	111521
NODE_2_length_99805_cov_9.48902	gb_AJ555823_+_0-1146_ARO:3002026_CMY-15	72.588	1109	267	30	51979	53064	1131	37	1.06e-88	329	111521
NODE_2_length_99805_cov_9.48902	gb_AM931008_+_0-1146_ARO:3002049_CMY-38	72.613	1110	265	31	51979	53064	1131	37	1.06e-88	329	111521
NODE_2_length_99805_cov_9.48902	gb_Y16785_+_0-1143_ARO:3002023_CMY-12	72.498	1109	268	30	51979	53064	1131	37	4.95e-87	324	111521
NODE_2_length_99805_cov_9.48902	gb_KM087859_+_0-1146_ARO:3002176_MIR-11	72.057	977	243	25	52016	52977	1094	133	3.04e-69	265	111521
NODE_2_length_99805_cov_9.48902	gb_KM087851_+_0-1146_ARO:3002180_MIR-15	72.057	977	243	26	52016	52977	1094	133	3.04e-69	265	111521
NODE_2_length_99805_cov_9.48902	gb_AY227752_+_88-1234_ARO:3002168_MIR-2	71.720	1029	261	25	51964	52977	1146	133	3.94e-68	261	111521
NODE_2_length_99805_cov_9.48902	gb_KM087858_+_0-1146_ARO:3002175_MIR-10	71.955	977	244	25	52016	52977	1094	133	1.42e-67	259	111521
NODE_2_length_99805_cov_9.48902	gb_KM087860_+_0-1146_ARO:3002174_MIR-9	71.955	977	244	25	52016	52977	1094	133	1.42e-67	259	111521
NODE_2_length_99805_cov_9.48902	gb_JQ664733_+_0-1146_ARO:3002171_MIR-6	71.955	977	244	26	52016	52977	1094	133	1.42e-67	259	111521
NODE_2_length_99805_cov_9.48902	gb_KM087861_+_0-1146_ARO:3002181_MIR-16	71.955	977	244	25	52016	52977	1094	133	1.42e-67	259	111521
NODE_2_length_99805_cov_9.48902	gb_EF417572_+_29-1175_ARO:3002167_MIR-4	71.853	977	245	26	52016	52977	1094	133	6.59e-66	254	111521
NODE_2_length_99805_cov_9.48902	gb_FJ237367_+_0-1146_ARO:3002173_MIR-8	71.853	977	245	26	52016	52977	1094	133	6.59e-66	254	111521
NODE_2_length_99805_cov_9.48902	gb_KM087863_+_0-1146_ARO:3002177_MIR-12	71.853	977	245	25	52016	52977	1094	133	6.59e-66	254	111521
NODE_2_length_99805_cov_9.48902	gb_KP050484_+_0-1146_ARO:3002170_MIR-5	71.853	977	245	25	52016	52977	1094	133	6.59e-66	254	111521
NODE_2_length_99805_cov_9.48902	gb_AY743435_+_13-1159_ARO:3002169_MIR-3	71.853	977	245	26	52016	52977	1094	133	6.59e-66	254	111521
NODE_2_length_99805_cov_9.48902	gb_M37839_+_927-2073_ARO:3002166_MIR-1	71.750	977	246	25	52016	52977	1094	133	3.06e-64	248	111521
NODE_2_length_99805_cov_9.48902	gb_LN515535_+_0-1146_ARO:3003173_MIR-17	71.750	977	246	25	52016	52977	1094	133	3.06e-64	248	111521
NODE_2_length_99805_cov_9.48902	gb_KM087862_+_0-1146_ARO:3002178_MIR-13	71.648	977	247	26	52016	52977	1094	133	1.43e-62	243	111521
NODE_2_length_99805_cov_9.48902	gb_KM926622_+_238-1384_ARO:3003172_ACT-37	70.192	1040	258	42	51964	52977	1146	133	1.91e-36	156	111521
NODE_2_length_99805_cov_9.48902	gb_KF992029_+_748-1894_ARO:3001840_ACT-19	69.971	1039	262	41	51964	52977	1146	133	4.14e-33	145	111521
NODE_2_length_99805_cov_9.48902	gb_AP009048_-_4338624-4340268_ARO:3003576_eptA	99.878	1644	2	0	8099	9742	1644	1	0.0	3025	397083
NODE_2_length_99805_cov_9.48902	gb_NC_000913.3_-_4377810-4378944_ARO:3004290_Escherichia	100.000	1134	0	0	51964	53097	1134	1	0.0	2095	397083
NODE_2_length_99805_cov_9.48902	gb_AJ555823_+_0-1146_ARO:3002026_CMY-15	72.588	1109	267	30	51979	53064	1131	37	1.06e-88	329	397083
NODE_2_length_99805_cov_9.48902	gb_AM931008_+_0-1146_ARO:3002049_CMY-38	72.613	1110	265	31	51979	53064	1131	37	1.06e-88	329	397083
NODE_2_length_99805_cov_9.48902	gb_Y16785_+_0-1143_ARO:3002023_CMY-12	72.498	1109	268	30	51979	53064	1131	37	4.95e-87	324	397083
NODE_2_length_99805_cov_9.48902	gb_KM087859_+_0-1146_ARO:3002176_MIR-11	72.057	977	243	25	52016	52977	1094	133	3.04e-69	265	397083
NODE_2_length_99805_cov_9.48902	gb_KM087851_+_0-1146_ARO:3002180_MIR-15	72.057	977	243	26	52016	52977	1094	133	3.04e-69	265	397083
NODE_2_length_99805_cov_9.48902	gb_AY227752_+_88-1234_ARO:3002168_MIR-2	71.720	1029	261	25	51964	52977	1146	133	3.94e-68	261	397083
NODE_2_length_99805_cov_9.48902	gb_KM087858_+_0-1146_ARO:3002175_MIR-10	71.955	977	244	25	52016	52977	1094	133	1.42e-67	259	397083
NODE_2_length_99805_cov_9.48902	gb_KM087860_+_0-1146_ARO:3002174_MIR-9	71.955	977	244	25	52016	52977	1094	133	1.42e-67	259	397083
NODE_2_length_99805_cov_9.48902	gb_JQ664733_+_0-1146_ARO:3002171_MIR-6	71.955	977	244	26	52016	52977	1094	133	1.42e-67	259	397083
NODE_2_length_99805_cov_9.48902	gb_KM087861_+_0-1146_ARO:3002181_MIR-16	71.955	977	244	25	52016	52977	1094	133	1.42e-67	259	397083
NODE_2_length_99805_cov_9.48902	gb_EF417572_+_29-1175_ARO:3002167_MIR-4	71.853	977	245	26	52016	52977	1094	133	6.59e-66	254	397083
NODE_2_length_99805_cov_9.48902	gb_FJ237367_+_0-1146_ARO:3002173_MIR-8	71.853	977	245	26	52016	52977	1094	133	6.59e-66	254	397083
NODE_2_length_99805_cov_9.48902	gb_KM087863_+_0-1146_ARO:3002177_MIR-12	71.853	977	245	25	52016	52977	1094	133	6.59e-66	254	397083
NODE_2_length_99805_cov_9.48902	gb_KP050484_+_0-1146_ARO:3002170_MIR-5	71.853	977	245	25	52016	52977	1094	133	6.59e-66	254	397083
NODE_2_length_99805_cov_9.48902	gb_AY743435_+_13-1159_ARO:3002169_MIR-3	71.853	977	245	26	52016	52977	1094	133	6.59e-66	254	397083
NODE_2_length_99805_cov_9.48902	gb_M37839_+_927-2073_ARO:3002166_MIR-1	71.750	977	246	25	52016	52977	1094	133	3.06e-64	248	397083
NODE_2_length_99805_cov_9.48902	gb_LN515535_+_0-1146_ARO:3003173_MIR-17	71.750	977	246	25	52016	52977	1094	133	3.06e-64	248	397083
NODE_2_length_99805_cov_9.48902	gb_KM087862_+_0-1146_ARO:3002178_MIR-13	71.648	977	247	26	52016	52977	1094	133	1.43e-62	243	397083
NODE_2_length_99805_cov_9.48902	gb_KM926622_+_238-1384_ARO:3003172_ACT-37	70.192	1040	258	42	51964	52977	1146	133	1.91e-36	156	397083
NODE_2_length_99805_cov_9.48902	gb_KF992029_+_748-1894_ARO:3001840_ACT-19	69.971	1039	262	41	51964	52977	1146	133	4.14e-33	145	397083
NODE_2_length_99805_cov_9.48902	gb_AP009048_-_4338624-4340268_ARO:3003576_eptA	99.878	1644	2	0	8099	9742	1644	1	0.0	3025	2439735
NODE_2_length_99805_cov_9.48902	gb_NC_000913.3_-_4377810-4378944_ARO:3004290_Escherichia	100.000	1134	0	0	51964	53097	1134	1	0.0	2095	2439735
NODE_2_length_99805_cov_9.48902	gb_AJ555823_+_0-1146_ARO:3002026_CMY-15	72.588	1109	267	30	51979	53064	1131	37	1.06e-88	329	2439735
NODE_2_length_99805_cov_9.48902	gb_AM931008_+_0-1146_ARO:3002049_CMY-38	72.613	1110	265	31	51979	53064	1131	37	1.06e-88	329	2439735
NODE_2_length_99805_cov_9.48902	gb_Y16785_+_0-1143_ARO:3002023_CMY-12	72.498	1109	268	30	51979	53064	1131	37	4.95e-87	324	2439735
NODE_2_length_99805_cov_9.48902	gb_KM087859_+_0-1146_ARO:3002176_MIR-11	72.057	977	243	25	52016	52977	1094	133	3.04e-69	265	2439735
NODE_2_length_99805_cov_9.48902	gb_KM087851_+_0-1146_ARO:3002180_MIR-15	72.057	977	243	26	52016	52977	1094	133	3.04e-69	265	2439735
NODE_2_length_99805_cov_9.48902	gb_AY227752_+_88-1234_ARO:3002168_MIR-2	71.720	1029	261	25	51964	52977	1146	133	3.94e-68	261	2439735
NODE_2_length_99805_cov_9.48902	gb_KM087858_+_0-1146_ARO:3002175_MIR-10	71.955	977	244	25	52016	52977	1094	133	1.42e-67	259	2439735
NODE_2_length_99805_cov_9.48902	gb_KM087860_+_0-1146_ARO:3002174_MIR-9	71.955	977	244	25	52016	52977	1094	133	1.42e-67	259	2439735
NODE_2_length_99805_cov_9.48902	gb_JQ664733_+_0-1146_ARO:3002171_MIR-6	71.955	977	244	26	52016	52977	1094	133	1.42e-67	259	2439735
NODE_2_length_99805_cov_9.48902	gb_KM087861_+_0-1146_ARO:3002181_MIR-16	71.955	977	244	25	52016	52977	1094	133	1.42e-67	259	2439735
NODE_2_length_99805_cov_9.48902	gb_EF417572_+_29-1175_ARO:3002167_MIR-4	71.853	977	245	26	52016	52977	1094	133	6.59e-66	254	2439735
NODE_2_length_99805_cov_9.48902	gb_FJ237367_+_0-1146_ARO:3002173_MIR-8	71.853	977	245	26	52016	52977	1094	133	6.59e-66	254	2439735
NODE_2_length_99805_cov_9.48902	gb_KM087863_+_0-1146_ARO:3002177_MIR-12	71.853	977	245	25	52016	52977	1094	133	6.59e-66	254	2439735
NODE_2_length_99805_cov_9.48902	gb_KP050484_+_0-1146_ARO:3002170_MIR-5	71.853	977	245	25	52016	52977	1094	133	6.59e-66	254	2439735
NODE_2_length_99805_cov_9.48902	gb_AY743435_+_13-1159_ARO:3002169_MIR-3	71.853	977	245	26	52016	52977	1094	133	6.59e-66	254	2439735
NODE_2_length_99805_cov_9.48902	gb_M37839_+_927-2073_ARO:3002166_MIR-1	71.750	977	246	25	52016	52977	1094	133	3.06e-64	248	2439735
NODE_2_length_99805_cov_9.48902	gb_LN515535_+_0-1146_ARO:3003173_MIR-17	71.750	977	246	25	52016	52977	1094	133	3.06e-64	248	2439735
NODE_2_length_99805_cov_9.48902	gb_KM087862_+_0-1146_ARO:3002178_MIR-13	71.648	977	247	26	52016	52977	1094	133	1.43e-62	243	2439735
NODE_2_length_99805_cov_9.48902	gb_KM926622_+_238-1384_ARO:3003172_ACT-37	70.192	1040	258	42	51964	52977	1146	133	1.91e-36	156	2439735
NODE_2_length_99805_cov_9.48902	gb_KF992029_+_748-1894_ARO:3001840_ACT-19	69.971	1039	262	41	51964	52977	1146	133	4.14e-33	145	2439735
NODE_2_length_99805_cov_9.48902	gb_AP009048_-_4338624-4340268_ARO:3003576_eptA	99.878	1644	2	0	8099	9742	1644	1	0.0	3025	248568
NODE_2_length_99805_cov_9.48902	gb_NC_000913.3_-_4377810-4378944_ARO:3004290_Escherichia	100.000	1134	0	0	51964	53097	1134	1	0.0	2095	248568
NODE_2_length_99805_cov_9.48902	gb_AJ555823_+_0-1146_ARO:3002026_CMY-15	72.588	1109	267	30	51979	53064	1131	37	1.06e-88	329	248568
NODE_2_length_99805_cov_9.48902	gb_AM931008_+_0-1146_ARO:3002049_CMY-38	72.613	1110	265	31	51979	53064	1131	37	1.06e-88	329	248568
NODE_2_length_99805_cov_9.48902	gb_Y16785_+_0-1143_ARO:3002023_CMY-12	72.498	1109	268	30	51979	53064	1131	37	4.95e-87	324	248568
NODE_2_length_99805_cov_9.48902	gb_KM087859_+_0-1146_ARO:3002176_MIR-11	72.057	977	243	25	52016	52977	1094	133	3.04e-69	265	248568
NODE_2_length_99805_cov_9.48902	gb_KM087851_+_0-1146_ARO:3002180_MIR-15	72.057	977	243	26	52016	52977	1094	133	3.04e-69	265	248568
NODE_2_length_99805_cov_9.48902	gb_AY227752_+_88-1234_ARO:3002168_MIR-2	71.720	1029	261	25	51964	52977	1146	133	3.94e-68	261	248568
NODE_2_length_99805_cov_9.48902	gb_KM087858_+_0-1146_ARO:3002175_MIR-10	71.955	977	244	25	52016	52977	1094	133	1.42e-67	259	248568
NODE_2_length_99805_cov_9.48902	gb_KM087860_+_0-1146_ARO:3002174_MIR-9	71.955	977	244	25	52016	52977	1094	133	1.42e-67	259	248568
NODE_2_length_99805_cov_9.48902	gb_JQ664733_+_0-1146_ARO:3002171_MIR-6	71.955	977	244	26	52016	52977	1094	133	1.42e-67	259	248568
NODE_2_length_99805_cov_9.48902	gb_KM087861_+_0-1146_ARO:3002181_MIR-16	71.955	977	244	25	52016	52977	1094	133	1.42e-67	259	248568
NODE_2_length_99805_cov_9.48902	gb_EF417572_+_29-1175_ARO:3002167_MIR-4	71.853	977	245	26	52016	52977	1094	133	6.59e-66	254	248568
NODE_2_length_99805_cov_9.48902	gb_FJ237367_+_0-1146_ARO:3002173_MIR-8	71.853	977	245	26	52016	52977	1094	133	6.59e-66	254	248568
NODE_2_length_99805_cov_9.48902	gb_KM087863_+_0-1146_ARO:3002177_MIR-12	71.853	977	245	25	52016	52977	1094	133	6.59e-66	254	248568
NODE_2_length_99805_cov_9.48902	gb_KP050484_+_0-1146_ARO:3002170_MIR-5	71.853	977	245	25	52016	52977	1094	133	6.59e-66	254	248568
NODE_2_length_99805_cov_9.48902	gb_AY743435_+_13-1159_ARO:3002169_MIR-3	71.853	977	245	26	52016	52977	1094	133	6.59e-66	254	248568
NODE_2_length_99805_cov_9.48902	gb_M37839_+_927-2073_ARO:3002166_MIR-1	71.750	977	246	25	52016	52977	1094	133	3.06e-64	248	248568
NODE_2_length_99805_cov_9.48902	gb_LN515535_+_0-1146_ARO:3003173_MIR-17	71.750	977	246	25	52016	52977	1094	133	3.06e-64	248	248568
NODE_2_length_99805_cov_9.48902	gb_KM087862_+_0-1146_ARO:3002178_MIR-13	71.648	977	247	26	52016	52977	1094	133	1.43e-62	243	248568
NODE_2_length_99805_cov_9.48902	gb_KM926622_+_238-1384_ARO:3003172_ACT-37	70.192	1040	258	42	51964	52977	1146	133	1.91e-36	156	248568
NODE_2_length_99805_cov_9.48902	gb_KF992029_+_748-1894_ARO:3001840_ACT-19	69.971	1039	262	41	51964	52977	1146	133	4.14e-33	145	248568
NODE_2_length_99805_cov_9.48902	gb_AP009048_-_4338624-4340268_ARO:3003576_eptA	99.878	1644	2	0	8099	9742	1644	1	0.0	3025	2158679
NODE_2_length_99805_cov_9.48902	gb_NC_000913.3_-_4377810-4378944_ARO:3004290_Escherichia	100.000	1134	0	0	51964	53097	1134	1	0.0	2095	2158679
NODE_2_length_99805_cov_9.48902	gb_AJ555823_+_0-1146_ARO:3002026_CMY-15	72.588	1109	267	30	51979	53064	1131	37	1.06e-88	329	2158679
NODE_2_length_99805_cov_9.48902	gb_AM931008_+_0-1146_ARO:3002049_CMY-38	72.613	1110	265	31	51979	53064	1131	37	1.06e-88	329	2158679
NODE_2_length_99805_cov_9.48902	gb_Y16785_+_0-1143_ARO:3002023_CMY-12	72.498	1109	268	30	51979	53064	1131	37	4.95e-87	324	2158679
NODE_2_length_99805_cov_9.48902	gb_KM087859_+_0-1146_ARO:3002176_MIR-11	72.057	977	243	25	52016	52977	1094	133	3.04e-69	265	2158679
NODE_2_length_99805_cov_9.48902	gb_KM087851_+_0-1146_ARO:3002180_MIR-15	72.057	977	243	26	52016	52977	1094	133	3.04e-69	265	2158679
NODE_2_length_99805_cov_9.48902	gb_AY227752_+_88-1234_ARO:3002168_MIR-2	71.720	1029	261	25	51964	52977	1146	133	3.94e-68	261	2158679
NODE_2_length_99805_cov_9.48902	gb_KM087858_+_0-1146_ARO:3002175_MIR-10	71.955	977	244	25	52016	52977	1094	133	1.42e-67	259	2158679
NODE_2_length_99805_cov_9.48902	gb_KM087860_+_0-1146_ARO:3002174_MIR-9	71.955	977	244	25	52016	52977	1094	133	1.42e-67	259	2158679
NODE_2_length_99805_cov_9.48902	gb_JQ664733_+_0-1146_ARO:3002171_MIR-6	71.955	977	244	26	52016	52977	1094	133	1.42e-67	259	2158679
NODE_2_length_99805_cov_9.48902	gb_KM087861_+_0-1146_ARO:3002181_MIR-16	71.955	977	244	25	52016	52977	1094	133	1.42e-67	259	2158679
NODE_2_length_99805_cov_9.48902	gb_EF417572_+_29-1175_ARO:3002167_MIR-4	71.853	977	245	26	52016	52977	1094	133	6.59e-66	254	2158679
NODE_2_length_99805_cov_9.48902	gb_FJ237367_+_0-1146_ARO:3002173_MIR-8	71.853	977	245	26	52016	52977	1094	133	6.59e-66	254	2158679
NODE_2_length_99805_cov_9.48902	gb_KM087863_+_0-1146_ARO:3002177_MIR-12	71.853	977	245	25	52016	52977	1094	133	6.59e-66	254	2158679
NODE_2_length_99805_cov_9.48902	gb_KP050484_+_0-1146_ARO:3002170_MIR-5	71.853	977	245	25	52016	52977	1094	133	6.59e-66	254	2158679
NODE_2_length_99805_cov_9.48902	gb_AY743435_+_13-1159_ARO:3002169_MIR-3	71.853	977	245	26	52016	52977	1094	133	6.59e-66	254	2158679
NODE_2_length_99805_cov_9.48902	gb_M37839_+_927-2073_ARO:3002166_MIR-1	71.750	977	246	25	52016	52977	1094	133	3.06e-64	248	2158679
NODE_2_length_99805_cov_9.48902	gb_LN515535_+_0-1146_ARO:3003173_MIR-17	71.750	977	246	25	52016	52977	1094	133	3.06e-64	248	2158679
NODE_2_length_99805_cov_9.48902	gb_KM087862_+_0-1146_ARO:3002178_MIR-13	71.648	977	247	26	52016	52977	1094	133	1.43e-62	243	2158679
NODE_2_length_99805_cov_9.48902	gb_KM926622_+_238-1384_ARO:3003172_ACT-37	70.192	1040	258	42	51964	52977	1146	133	1.91e-36	156	2158679
NODE_2_length_99805_cov_9.48902	gb_KF992029_+_748-1894_ARO:3001840_ACT-19	69.971	1039	262	41	51964	52977	1146	133	4.14e-33	145	2158679
NODE_5_length_88608_cov_8.97292	gb_NC_000913.3_+_3219493-3220873_ARO:3000024_patA	99.928	1380	1	0	988	2367	1	1380	0.0	2543	111521
NODE_5_length_88608_cov_8.97292	gb_NC_000913.3_+_3219493-3220873_ARO:3000024_patA	99.928	1380	1	0	988	2367	1	1380	0.0	2543	111521
NODE_5_length_88608_cov_8.97292	gb_NC_000913.3_+_3219493-3220873_ARO:3000024_patA	99.928	1380	1	0	988	2367	1	1380	0.0	2543	201686
NODE_5_length_88608_cov_8.97292	gb_NC_000913.3_+_3219493-3220873_ARO:3000024_patA	99.928	1380	1	0	988	2367	1	1380	0.0	2543	166345
NODE_5_length_88608_cov_8.97292	gb_NC_000913.3_+_3219493-3220873_ARO:3000024_patA	99.928	1380	1	0	988	2367	1	1380	0.0	2543	1173998
NODE_5_length_88608_cov_8.97292	gb_NC_000913.3_+_3219493-3220873_ARO:3000024_patA	99.928	1380	1	0	988	2367	1	1380	0.0	2543	111521
NODE_7_length_81745_cov_7.93387	gb_JQ394987_+_0-1233_ARO:3001328_Escherichia	98.378	1233	20	0	50320	51552	1	1233	0.0	2167	427263
NODE_7_length_81745_cov_7.93387	gb_JQ394987_+_0-1233_ARO:3001328_Escherichia	98.378	1233	20	0	50320	51552	1	1233	0.0	2167	1793812
NODE_7_length_81745_cov_7.93387	gb_JQ394987_+_0-1233_ARO:3001328_Escherichia	98.378	1233	20	0	50320	51552	1	1233	0.0	2167	166345
NODE_7_length_81745_cov_7.93387	gb_JQ394987_+_0-1233_ARO:3001328_Escherichia	98.378	1233	20	0	50320	51552	1	1233	0.0	2167	227924
NODE_14_length_71522_cov_9.62528	gb_NC_002695.1_-_4903561-4904935_ARO:3000830_cpxA	98.981	1374	14	0	8987	10360	1374	1	0.0	2460	4336525
NODE_14_length_71522_cov_9.62528	gb_NC_002695.1_-_4903561-4904935_ARO:3000830_cpxA	98.981	1374	14	0	8987	10360	1374	1	0.0	2460	3060524
NODE_14_length_71522_cov_9.62528	gb_NC_002695.1_-_4903561-4904935_ARO:3000830_cpxA	98.981	1374	14	0	8987	10360	1374	1	0.0	2460	185329
NODE_14_length_71522_cov_9.62528	gb_NC_002695.1_-_4903561-4904935_ARO:3000830_cpxA	98.981	1374	14	0	8987	10360	1374	1	0.0	2460	126965
NODE_14_length_71522_cov_9.62528	gb_NC_002695.1_-_4903561-4904935_ARO:3000830_cpxA	98.981	1374	14	0	8987	10360	1374	1	0.0	2460	303802
NODE_17_length_70804_cov_7.31755	gb_U00096_-_1124117-1125326_ARO:3001216_mdtH	100.000	1209	0	0	28310	29518	1209	1	0.0	2233	103435
NODE_17_length_70804_cov_7.31755	gb_CP000800.1_-_1191727-1192954_ARO:3001329_mdtG	99.430	1227	7	0	18455	19681	1227	1	0.0	2228	103435
NODE_17_length_70804_cov_7.31755	gb_U00096_-_1124117-1125326_ARO:3001216_mdtH	100.000	1209	0	0	28310	29518	1209	1	0.0	2233	113062
NODE_17_length_70804_cov_7.31755	gb_CP000800.1_-_1191727-1192954_ARO:3001329_mdtG	99.430	1227	7	0	18455	19681	1227	1	0.0	2228	113062
NODE_17_length_70804_cov_7.31755	gb_U00096_-_1124117-1125326_ARO:3001216_mdtH	100.000	1209	0	0	28310	29518	1209	1	0.0	2233	111521
NODE_17_length_70804_cov_7.31755	gb_CP000800.1_-_1191727-1192954_ARO:3001329_mdtG	99.430	1227	7	0	18455	19681	1227	1	0.0	2228	111521
NODE_31_length_59695_cov_9.37658	gb_AP009048.1_-_4153663-4154296_ARO:3000518_CRP	99.842	633	1	0	44083	44715	633	1	0.0	1164	6200436
NODE_31_length_59695_cov_9.37658	gb_AP009048.1_-_4153663-4154296_ARO:3000518_CRP	99.842	633	1	0	44083	44715	633	1	0.0	1164	6200436
NODE_31_length_59695_cov_9.37658	gb_AP009048.1_-_4153663-4154296_ARO:3000518_CRP	99.842	633	1	0	44083	44715	633	1	0.0	1164	4736377
NODE_31_length_59695_cov_9.37658	gb_AP009048.1_-_4153663-4154296_ARO:3000518_CRP	99.842	633	1	0	44083	44715	633	1	0.0	1164	2308655
NODE_31_length_59695_cov_9.37658	gb_AP009048.1_-_4153663-4154296_ARO:3000518_CRP	99.842	633	1	0	44083	44715	633	1	0.0	1164	2308655
NODE_31_length_59695_cov_9.37658	gb_AP009048.1_-_4153663-4154296_ARO:3000518_CRP	99.842	633	1	0	44083	44715	633	1	0.0	1164	580631
NODE_35_length_55249_cov_6.09351	gb_U00096_-_2098446-2099613_ARO:3003577_ugd	78.188	949	193	12	47480	48421	218	1159	1.89e-168	593	427263
NODE_35_length_55249_cov_6.09351	gb_U00096_-_2098446-2099613_ARO:3003577_ugd	93.458	107	7	0	50344	50450	1061	1167	8.18e-38	159	427263
NODE_35_length_55249_cov_6.09351	gb_U00096_-_2098446-2099613_ARO:3003577_ugd	78.188	949	193	12	47480	48421	218	1159	1.89e-168	593	2322535
NODE_35_length_55249_cov_6.09351	gb_U00096_-_2098446-2099613_ARO:3003577_ugd	93.458	107	7	0	50344	50450	1061	1167	8.18e-38	159	2322535
NODE_35_length_55249_cov_6.09351	gb_U00096_-_2098446-2099613_ARO:3003577_ugd	78.188	949	193	12	47480	48421	218	1159	1.89e-168	593	2322535
NODE_35_length_55249_cov_6.09351	gb_U00096_-_2098446-2099613_ARO:3003577_ugd	93.458	107	7	0	50344	50450	1061	1167	8.18e-38	159	2322535
NODE_62_length_44220_cov_8.18872	gb_NC_000913.3_-_481253-484403_ARO:3000216_acrB	100.000	739	0	0	43482	44220	3150	2412	0.0	1365	1793762
NODE_62_length_44220_cov_8.18872	gb_NC_006350.1_-_2147817-2150949_ARO:3002983_amrB	73.902	387	84	16	43627	44006	2984	2608	8.53e-32	139	1793762
NODE_62_length_44220_cov_8.18872	gb_NC_000913.3_-_481253-484403_ARO:3000216_acrB	100.000	739	0	0	43482	44220	3150	2412	0.0	1365	1793762
NODE_62_length_44220_cov_8.18872	gb_NC_006350.1_-_2147817-2150949_ARO:3002983_amrB	73.902	387	84	16	43627	44006	2984	2608	8.53e-32	139	1793762
NODE_62_length_44220_cov_8.18872	gb_NC_000913.3_-_481253-484403_ARO:3000216_acrB	100.000	739	0	0	43482	44220	3150	2412	0.0	1365	5370228
NODE_62_length_44220_cov_8.18872	gb_NC_006350.1_-_2147817-2150949_ARO:3002983_amrB	73.902	387	84	16	43627	44006	2984	2608	8.53e-32	139	5370228
NODE_62_length_44220_cov_8.18872	gb_NC_000913.3_-_481253-484403_ARO:3000216_acrB	100.000	739	0	0	43482	44220	3150	2412	0.0	1365	5370228
NODE_62_length_44220_cov_8.18872	gb_NC_006350.1_-_2147817-2150949_ARO:3002983_amrB	73.902	387	84	16	43627	44006	2984	2608	8.53e-32	139	5370228
NODE_76_length_40624_cov_8.32397	gb_NC_000913.3_-_481253-484403_ARO:3000216_acrB	99.880	2500	3	0	1	2500	2500	1	0.0	4601	794697
NODE_76_length_40624_cov_8.32397	gb_NC_000913.3_-_484425-485619_ARO:3004043_Escherichia	100.000	1194	0	0	2523	3716	1194	1	0.0	2206	794697
NODE_76_length_40624_cov_8.32397	gb_U00096_+_3415032-3418137_ARO:3000502_acrF	73.256	2509	587	75	24	2492	2474	10	0.0	839	794697
NODE_76_length_40624_cov_8.32397	gb_AJ318073.1_+_793-1990_ARO:3004041_Klebsiella	78.578	1167	241	8	2556	3716	1164	1	0.0	761	794697
NODE_79_length_40274_cov_7.39755	gb_NC_000913.3_-_721055-721733_ARO:3003841_kdpE	100.000	678	0	0	7934	8611	1	678	0.0	1253	438083
NODE_79_length_40274_cov_7.39755	gb_NC_000913.3_-_721055-721733_ARO:3003841_kdpE	90.278	144	14	0	12803	12946	535	678	7.61e-47	189	438083
NODE_79_length_40274_cov_7.39755	gb_NC_000913.3_-_721055-721733_ARO:3003841_kdpE	100.000	678	0	0	7934	8611	1	678	0.0	1253	6507218
NODE_79_length_40274_cov_7.39755	gb_NC_000913.3_-_721055-721733_ARO:3003841_kdpE	90.278	144	14	0	12803	12946	535	678	7.61e-47	189	6507218
NODE_79_length_40274_cov_7.39755	gb_NC_000913.3_-_721055-721733_ARO:3003841_kdpE	100.000	678	0	0	7934	8611	1	678	0.0	1253	562460
NODE_79_length_40274_cov_7.39755	gb_NC_000913.3_-_721055-721733_ARO:3003841_kdpE	90.278	144	14	0	12803	12946	535	678	7.61e-47	189	562460
NODE_79_length_40274_cov_7.39755	gb_NC_000913.3_-_721055-721733_ARO:3003841_kdpE	100.000	678	0	0	7934	8611	1	678	0.0	1253	704869
NODE_79_length_40274_cov_7.39755	gb_NC_000913.3_-_721055-721733_ARO:3003841_kdpE	90.278	144	14	0	12803	12946	535	678	7.61e-47	189	704869
NODE_79_length_40274_cov_7.39755	gb_NC_000913.3_-_721055-721733_ARO:3003841_kdpE	100.000	678	0	0	7934	8611	1	678	0.0	1253	103435
NODE_79_length_40274_cov_7.39755	gb_NC_000913.3_-_721055-721733_ARO:3003841_kdpE	90.278	144	14	0	12803	12946	535	678	7.61e-47	189	103435
NODE_98_length_36218_cov_7.14382	gb_NC_002695.2_-_1737690-1738104_ARO:3000676_H-NS	99.275	414	3	0	20817	21230	414	1	0.0	749	83952
NODE_126_length_32303_cov_9.42582	gb_U00096_+_3415032-3418137_ARO:3000502_acrF	99.968	3105	1	0	23863	26967	1	3105	0.0	5729	5370315
NODE_126_length_32303_cov_9.42582	gb_U00096_+_3413863-3415021_ARO:3000499_acrE	100.000	1158	0	0	22694	23851	1	1158	0.0	2139	5370315
NODE_126_length_32303_cov_9.42582	gb_U00096_-_3412802-3413465_ARO:3000656_acrS	100.000	663	0	0	21633	22295	663	1	0.0	1225	5370315
NODE_126_length_32303_cov_9.42582	gb_NC_000913.3_-_481253-484403_ARO:3000216_acrB	73.790	3140	723	89	23872	26959	9	3100	0.0	1147	5370315
NODE_126_length_32303_cov_9.42582	gb_NC_003197.2_-_393893-397061_ARO:3000790_mdsB	81.928	83	9	6	26768	26847	2933	3012	1.07e-09	65.8	5370315
NODE_126_length_32303_cov_9.42582	gb_U00096_+_3415032-3418137_ARO:3000502_acrF	99.968	3105	1	0	23863	26967	1	3105	0.0	5729	3060424
NODE_126_length_32303_cov_9.42582	gb_U00096_+_3413863-3415021_ARO:3000499_acrE	100.000	1158	0	0	22694	23851	1	1158	0.0	2139	3060424
NODE_126_length_32303_cov_9.42582	gb_U00096_-_3412802-3413465_ARO:3000656_acrS	100.000	663	0	0	21633	22295	663	1	0.0	1225	3060424
NODE_126_length_32303_cov_9.42582	gb_NC_000913.3_-_481253-484403_ARO:3000216_acrB	73.790	3140	723	89	23872	26959	9	3100	0.0	1147	3060424
NODE_126_length_32303_cov_9.42582	gb_NC_003197.2_-_393893-397061_ARO:3000790_mdsB	81.928	83	9	6	26768	26847	2933	3012	1.07e-09	65.8	3060424
NODE_126_length_32303_cov_9.42582	gb_U00096_+_3415032-3418137_ARO:3000502_acrF	99.968	3105	1	0	23863	26967	1	3105	0.0	5729	3060424
NODE_126_length_32303_cov_9.42582	gb_U00096_+_3413863-3415021_ARO:3000499_acrE	100.000	1158	0	0	22694	23851	1	1158	0.0	2139	3060424
NODE_126_length_32303_cov_9.42582	gb_U00096_-_3412802-3413465_ARO:3000656_acrS	100.000	663	0	0	21633	22295	663	1	0.0	1225	3060424
NODE_126_length_32303_cov_9.42582	gb_NC_000913.3_-_481253-484403_ARO:3000216_acrB	73.790	3140	723	89	23872	26959	9	3100	0.0	1147	3060424
NODE_126_length_32303_cov_9.42582	gb_NC_003197.2_-_393893-397061_ARO:3000790_mdsB	81.928	83	9	6	26768	26847	2933	3012	1.07e-09	65.8	3060424
NODE_128_length_31643_cov_9.8514	gb_AP009048.1_-_4304505-4306557_ARO:3003549_mdtO	99.951	2052	1	0	1705	3756	1	2052	0.0	3784	111521
NODE_128_length_31643_cov_9.8514	gb_AP009048.1_-_4303042-4304509_ARO:3003550_mdtP	99.932	1467	1	0	3753	5219	1	1467	0.0	2704	111521
NODE_128_length_31643_cov_9.8514	gb_AP009048.1_-_4306556-4307588_ARO:3003548_mdtN	100.000	1032	0	0	674	1705	1	1032	0.0	1906	111521
NODE_128_length_31643_cov_9.8514	gb_AP009048.1_-_4304505-4306557_ARO:3003549_mdtO	99.951	2052	1	0	1705	3756	1	2052	0.0	3784	5370338
NODE_128_length_31643_cov_9.8514	gb_AP009048.1_-_4303042-4304509_ARO:3003550_mdtP	99.932	1467	1	0	3753	5219	1	1467	0.0	2704	5370338
NODE_128_length_31643_cov_9.8514	gb_AP009048.1_-_4306556-4307588_ARO:3003548_mdtN	100.000	1032	0	0	674	1705	1	1032	0.0	1906	5370338
NODE_277_length_21831_cov_17.9986	gb_Z21523_+_0-1974_ARO:3000191_tetQ	96.040	202	8	0	21630	21831	1974	1773	2.33e-89	329	1377688
NODE_277_length_21831_cov_17.9986	gb_Z21523_+_0-1974_ARO:3000191_tetQ	96.040	202	8	0	21630	21831	1974	1773	2.33e-89	329	619406
NODE_277_length_21831_cov_17.9986	gb_Z21523_+_0-1974_ARO:3000191_tetQ	96.040	202	8	0	21630	21831	1974	1773	2.33e-89	329	619406
NODE_277_length_21831_cov_17.9986	gb_Z21523_+_0-1974_ARO:3000191_tetQ	96.040	202	8	0	21630	21831	1974	1773	2.33e-89	329	101856
NODE_277_length_21831_cov_17.9986	gb_Z21523_+_0-1974_ARO:3000191_tetQ	96.040	202	8	0	21630	21831	1974	1773	2.33e-89	329	304431
NODE_277_length_21831_cov_17.9986	gb_Z21523_+_0-1974_ARO:3000191_tetQ	96.040	202	8	0	21630	21831	1974	1773	2.33e-89	329	1419180
NODE_277_length_21831_cov_17.9986	gb_Z21523_+_0-1974_ARO:3000191_tetQ	96.040	202	8	0	21630	21831	1974	1773	2.33e-89	329	1021234
NODE_277_length_21831_cov_17.9986	gb_Z21523_+_0-1974_ARO:3000191_tetQ	96.040	202	8	0	21630	21831	1974	1773	2.33e-89	329	1021234
NODE_277_length_21831_cov_17.9986	gb_Z21523_+_0-1974_ARO:3000191_tetQ	96.040	202	8	0	21630	21831	1974	1773	2.33e-89	329	307148
NODE_277_length_21831_cov_17.9986	gb_Z21523_+_0-1974_ARO:3000191_tetQ	96.040	202	8	0	21630	21831	1974	1773	2.33e-89	329	2696476
NODE_277_length_21831_cov_17.9986	gb_Z21523_+_0-1974_ARO:3000191_tetQ	96.040	202	8	0	21630	21831	1974	1773	2.33e-89	329	2696476
NODE_285_length_21148_cov_8.04243	gb_NC_007779_+_2586250-2589364_ARO:3000491_acrD	99.936	3114	2	0	11138	14251	3114	1	0.0	5740	126965
NODE_285_length_21148_cov_8.04243	gb_AJ252200_+_1278-4401_ARO:3003056_smeE	73.501	834	209	10	12738	13565	1514	687	3.80e-82	305	126965
NODE_285_length_21148_cov_8.04243	gb_U00096_+_3660413-3663527_ARO:3000796_mdtF	74.359	468	106	11	12768	13228	1484	1024	1.44e-46	187	126965
NODE_285_length_21148_cov_8.04243	gb_AB219524.1_+_1176-4338_ARO:3003699_mexQ	83.582	67	11	0	13002	13068	1256	1190	2.53e-09	63.9	126965
NODE_441_length_16615_cov_7.92615	gb_NC_000913.3_-_2306971-2308615_ARO:3003952_yojI	99.871	773	1	0	15843	16615	1644	872	0.0	1423	126965
NODE_441_length_16615_cov_7.92615	gb_NC_000913.3_-_2306971-2308615_ARO:3003952_yojI	99.871	773	1	0	15843	16615	1644	872	0.0	1423	227924
NODE_441_length_16615_cov_7.92615	gb_NC_000913.3_-_2306971-2308615_ARO:3003952_yojI	99.871	773	1	0	15843	16615	1644	872	0.0	1423	227924
NODE_617_length_12992_cov_8.55824	gb_U00096.3_-_3203309-3204131_ARO:3002986_bacA	100.000	822	0	0	4078	4899	1	822	0.0	1519	427263
NODE_2763_length_2692_cov_6.71672	gb_U00096_+_2154015-2155263_ARO:3000792_mdtA	98.317	1248	21	0	413	1660	1	1248	0.0	2189	2434775
NODE_2763_length_2692_cov_6.71672	gb_U00096_+_2155262-2158385_ARO:3000793_mdtB	97.289	1033	28	0	1660	2692	1	1033	0.0	1753	2434775
NODE_5541_length_1505_cov_82.8414	gb_GQ342996_+_797-1793_ARO:3003097_CfxA6	99.598	996	4	0	291	1286	996	1	0.0	1818	479081
NODE_5541_length_1505_cov_82.8414	gb_AF118110.1_-_71-1037_ARO:3003002_CfxA2	89.189	962	101	3	294	1253	961	1	0.0	1197	479081
NODE_5541_length_1505_cov_82.8414	gb_AF472622_+_52-1018_ARO:3003003_CfxA3	89.085	962	102	3	294	1253	961	1	0.0	1192	479081
NODE_5541_length_1505_cov_82.8414	gb_AY769934_+_27-993_ARO:3003096_CfxA5	89.085	962	102	3	294	1253	961	1	0.0	1192	479081
NODE_5541_length_1505_cov_82.8414	gb_U38243_+_149-1115_ARO:3003001_CfxA	89.085	962	102	3	294	1253	961	1	0.0	1192	479081
NODE_5541_length_1505_cov_82.8414	gb_AY769933_+_0-966_ARO:3003005_CfxA4	89.085	962	102	3	294	1253	961	1	0.0	1192	479081
NODE_5541_length_1505_cov_82.8414	gb_GQ342996_+_797-1793_ARO:3003097_CfxA6	99.598	996	4	0	291	1286	996	1	0.0	1818	479081
NODE_5541_length_1505_cov_82.8414	gb_AF118110.1_-_71-1037_ARO:3003002_CfxA2	89.189	962	101	3	294	1253	961	1	0.0	1197	479081
NODE_5541_length_1505_cov_82.8414	gb_AF472622_+_52-1018_ARO:3003003_CfxA3	89.085	962	102	3	294	1253	961	1	0.0	1192	479081
NODE_5541_length_1505_cov_82.8414	gb_AY769934_+_27-993_ARO:3003096_CfxA5	89.085	962	102	3	294	1253	961	1	0.0	1192	479081
NODE_5541_length_1505_cov_82.8414	gb_U38243_+_149-1115_ARO:3003001_CfxA	89.085	962	102	3	294	1253	961	1	0.0	1192	479081
NODE_5541_length_1505_cov_82.8414	gb_AY769933_+_0-966_ARO:3003005_CfxA4	89.085	962	102	3	294	1253	961	1	0.0	1192	479081
NODE_12667_length_847_cov_2.52399	gb_AF235050.4_+_38028-40140_ARO:3003318_Streptomyces	74.882	422	81	18	3	414	491	85	2.04e-42	169	554848
NODE_12667_length_847_cov_2.52399	gb_AF235050.4_+_38028-40140_ARO:3003318_Streptomyces	74.882	422	81	18	3	414	491	85	2.04e-42	169	554848
