NODE_139_length_14428_cov_25.3863	gb_Z21523_+_0-1974_ARO:3000191_tetQ	97.366	1974	52	0	9099	11072	1	1974	0.0	3358	120842
NODE_139_length_14428_cov_25.3863	gb_Z21523_+_0-1974_ARO:3000191_tetQ	97.366	1974	52	0	9099	11072	1	1974	0.0	3358	120842
NODE_175_length_12152_cov_23.0989	gb_AF118110.1_-_71-1037_ARO:3003002_CfxA2	100.000	966	0	0	1232	2197	1	966	0.0	1784	12747
NODE_175_length_12152_cov_23.0989	gb_AF472622_+_52-1018_ARO:3003003_CfxA3	99.896	966	1	0	1232	2197	1	966	0.0	1779	12747
NODE_175_length_12152_cov_23.0989	gb_AY769934_+_27-993_ARO:3003096_CfxA5	99.896	966	1	0	1232	2197	1	966	0.0	1779	12747
NODE_175_length_12152_cov_23.0989	gb_U38243_+_149-1115_ARO:3003001_CfxA	99.896	966	1	0	1232	2197	1	966	0.0	1779	12747
NODE_175_length_12152_cov_23.0989	gb_AY769933_+_0-966_ARO:3003005_CfxA4	99.896	966	1	0	1232	2197	1	966	0.0	1779	12747
NODE_175_length_12152_cov_23.0989	gb_GQ342996_+_797-1793_ARO:3003097_CfxA6	89.234	966	101	3	1228	2192	30	993	0.0	1205	12747
NODE_364_length_7464_cov_59.0464	gb_NC_003098.1_+_866210-867410_ARO:3000822_pmrA	94.333	1200	68	0	4798	5997	1200	1	0.0	1840	67707
NODE_364_length_7464_cov_59.0464	gb_NC_003098.1_+_866210-867410_ARO:3000822_pmrA	94.333	1200	68	0	4798	5997	1200	1	0.0	1840	344116
NODE_364_length_7464_cov_59.0464	gb_NC_003098.1_+_866210-867410_ARO:3000822_pmrA	94.333	1200	68	0	4798	5997	1200	1	0.0	1840	1877115
NODE_364_length_7464_cov_59.0464	gb_NC_003098.1_+_866210-867410_ARO:3000822_pmrA	94.333	1200	68	0	4798	5997	1200	1	0.0	1840	3206177
NODE_364_length_7464_cov_59.0464	gb_NC_003098.1_+_866210-867410_ARO:3000822_pmrA	94.333	1200	68	0	4798	5997	1200	1	0.0	1840	3206302
NODE_364_length_7464_cov_59.0464	gb_NC_003098.1_+_866210-867410_ARO:3000822_pmrA	94.333	1200	68	0	4798	5997	1200	1	0.0	1840	6645055
NODE_1587_length_3266_cov_36.5858	gb_NC_003098.1_-_1359228-1360395_ARO:3000025_patB	94.634	205	11	0	3062	3266	1	205	7.52e-87	318	1736764
NODE_1587_length_3266_cov_36.5858	gb_NC_003098.1_-_1359228-1360395_ARO:3000025_patB	94.634	205	11	0	3062	3266	1	205	7.52e-87	318	4132639
NODE_1587_length_3266_cov_36.5858	gb_NC_003098.1_-_1359228-1360395_ARO:3000025_patB	94.634	205	11	0	3062	3266	1	205	7.52e-87	318	1432796
NODE_1587_length_3266_cov_36.5858	gb_NC_003098.1_-_1359228-1360395_ARO:3000025_patB	94.634	205	11	0	3062	3266	1	205	7.52e-87	318	1392318
NODE_1912_length_2970_cov_38.6202	gb_NC_003098.1_-_1359228-1360395_ARO:3000025_patB	95.122	205	10	0	2766	2970	1	205	1.47e-88	324	41181
NODE_1912_length_2970_cov_38.6202	gb_NC_003098.1_-_1359228-1360395_ARO:3000025_patB	95.122	205	10	0	2766	2970	1	205	1.47e-88	324	1723
NODE_2559_length_2542_cov_73.7728	gb_CP007593.1_+_2148923-2149772_ARO:3001301_RlmA(II)	98.851	87	1	0	1	87	87	1	4.84e-38	156	783294
NODE_5102_length_1695_cov_31.9512	gb_CP007593.1_+_2148923-2149772_ARO:3001301_RlmA(II)	89.744	819	80	4	1	817	33	849	0.0	1044	275211
NODE_5102_length_1695_cov_31.9512	gb_CP007593.1_+_2148923-2149772_ARO:3001301_RlmA(II)	89.744	819	80	4	1	817	33	849	0.0	1044	301150
NODE_5102_length_1695_cov_31.9512	gb_CP007593.1_+_2148923-2149772_ARO:3001301_RlmA(II)	89.744	819	80	4	1	817	33	849	0.0	1044	6253715
NODE_5102_length_1695_cov_31.9512	gb_CP007593.1_+_2148923-2149772_ARO:3001301_RlmA(II)	89.744	819	80	4	1	817	33	849	0.0	1044	6253715
NODE_5102_length_1695_cov_31.9512	gb_CP007593.1_+_2148923-2149772_ARO:3001301_RlmA(II)	89.744	819	80	4	1	817	33	849	0.0	1044	199040
NODE_7726_length_1322_cov_17.7727	gb_CP007593.1_+_2148923-2149772_ARO:3001301_RlmA(II)	89.100	844	90	2	152	994	843	1	0.0	1048	199040
NODE_7726_length_1322_cov_17.7727	gb_CP007593.1_+_2148923-2149772_ARO:3001301_RlmA(II)	89.100	844	90	2	152	994	843	1	0.0	1048	275211
NODE_7726_length_1322_cov_17.7727	gb_CP007593.1_+_2148923-2149772_ARO:3001301_RlmA(II)	89.100	844	90	2	152	994	843	1	0.0	1048	301150
