NODE_175_length_78077_cov_7.71629	gb_DQ212986_+_7787-9926_ARO:3002972_vanTG	99.018	2139	21	0	62703	64841	2139	1	0.0	3834	1240566
NODE_175_length_78077_cov_7.71629	gb_DQ212986_+_7030-7795_ARO:3003069_vanXYG	95.686	765	33	0	64834	65598	765	1	0.0	1230	1240566
NODE_175_length_78077_cov_7.71629	gb_DQ212986_+_5984-7034_ARO:3002909_vanG	86.286	1050	144	0	65595	66644	1050	1	0.0	1142	1240566
NODE_175_length_78077_cov_7.71629	gb_DQ212986_+_5137-5983_ARO:3002965_vanWG	84.775	821	123	2	66646	67465	846	27	0.0	822	1240566
NODE_175_length_78077_cov_7.71629	gb_DQ212986_+_2258-2966_ARO:3002926_vanRG	79.603	706	144	0	69418	70123	706	1	3.58e-142	507	1240566
NODE_175_length_78077_cov_7.71629	gb_DQ212986_+_7787-9926_ARO:3002972_vanTG	99.018	2139	21	0	62703	64841	2139	1	0.0	3834	6502209
NODE_175_length_78077_cov_7.71629	gb_DQ212986_+_7030-7795_ARO:3003069_vanXYG	95.686	765	33	0	64834	65598	765	1	0.0	1230	6502209
NODE_175_length_78077_cov_7.71629	gb_DQ212986_+_5984-7034_ARO:3002909_vanG	86.286	1050	144	0	65595	66644	1050	1	0.0	1142	6502209
NODE_175_length_78077_cov_7.71629	gb_DQ212986_+_5137-5983_ARO:3002965_vanWG	84.775	821	123	2	66646	67465	846	27	0.0	822	6502209
NODE_175_length_78077_cov_7.71629	gb_DQ212986_+_2258-2966_ARO:3002926_vanRG	79.603	706	144	0	69418	70123	706	1	3.58e-142	507	6502209
NODE_175_length_78077_cov_7.71629	gb_DQ212986_+_7787-9926_ARO:3002972_vanTG	99.018	2139	21	0	62703	64841	2139	1	0.0	3834	1788931
NODE_175_length_78077_cov_7.71629	gb_DQ212986_+_7030-7795_ARO:3003069_vanXYG	95.686	765	33	0	64834	65598	765	1	0.0	1230	1788931
NODE_175_length_78077_cov_7.71629	gb_DQ212986_+_5984-7034_ARO:3002909_vanG	86.286	1050	144	0	65595	66644	1050	1	0.0	1142	1788931
NODE_175_length_78077_cov_7.71629	gb_DQ212986_+_5137-5983_ARO:3002965_vanWG	84.775	821	123	2	66646	67465	846	27	0.0	822	1788931
NODE_175_length_78077_cov_7.71629	gb_DQ212986_+_2258-2966_ARO:3002926_vanRG	79.603	706	144	0	69418	70123	706	1	3.58e-142	507	1788931
NODE_175_length_78077_cov_7.71629	gb_DQ212986_+_7787-9926_ARO:3002972_vanTG	99.018	2139	21	0	62703	64841	2139	1	0.0	3834	40824
NODE_175_length_78077_cov_7.71629	gb_DQ212986_+_7030-7795_ARO:3003069_vanXYG	95.686	765	33	0	64834	65598	765	1	0.0	1230	40824
NODE_175_length_78077_cov_7.71629	gb_DQ212986_+_5984-7034_ARO:3002909_vanG	86.286	1050	144	0	65595	66644	1050	1	0.0	1142	40824
NODE_175_length_78077_cov_7.71629	gb_DQ212986_+_5137-5983_ARO:3002965_vanWG	84.775	821	123	2	66646	67465	846	27	0.0	822	40824
NODE_175_length_78077_cov_7.71629	gb_DQ212986_+_2258-2966_ARO:3002926_vanRG	79.603	706	144	0	69418	70123	706	1	3.58e-142	507	40824
NODE_175_length_78077_cov_7.71629	gb_DQ212986_+_7787-9926_ARO:3002972_vanTG	99.018	2139	21	0	62703	64841	2139	1	0.0	3834	5606276
NODE_175_length_78077_cov_7.71629	gb_DQ212986_+_7030-7795_ARO:3003069_vanXYG	95.686	765	33	0	64834	65598	765	1	0.0	1230	5606276
NODE_175_length_78077_cov_7.71629	gb_DQ212986_+_5984-7034_ARO:3002909_vanG	86.286	1050	144	0	65595	66644	1050	1	0.0	1142	5606276
NODE_175_length_78077_cov_7.71629	gb_DQ212986_+_5137-5983_ARO:3002965_vanWG	84.775	821	123	2	66646	67465	846	27	0.0	822	5606276
NODE_175_length_78077_cov_7.71629	gb_DQ212986_+_2258-2966_ARO:3002926_vanRG	79.603	706	144	0	69418	70123	706	1	3.58e-142	507	5606276
NODE_175_length_78077_cov_7.71629	gb_DQ212986_+_7787-9926_ARO:3002972_vanTG	99.018	2139	21	0	62703	64841	2139	1	0.0	3834	1790494
NODE_175_length_78077_cov_7.71629	gb_DQ212986_+_7030-7795_ARO:3003069_vanXYG	95.686	765	33	0	64834	65598	765	1	0.0	1230	1790494
NODE_175_length_78077_cov_7.71629	gb_DQ212986_+_5984-7034_ARO:3002909_vanG	86.286	1050	144	0	65595	66644	1050	1	0.0	1142	1790494
NODE_175_length_78077_cov_7.71629	gb_DQ212986_+_5137-5983_ARO:3002965_vanWG	84.775	821	123	2	66646	67465	846	27	0.0	822	1790494
NODE_175_length_78077_cov_7.71629	gb_DQ212986_+_2258-2966_ARO:3002926_vanRG	79.603	706	144	0	69418	70123	706	1	3.58e-142	507	1790494
NODE_175_length_78077_cov_7.71629	gb_DQ212986_+_7787-9926_ARO:3002972_vanTG	99.018	2139	21	0	62703	64841	2139	1	0.0	3834	414809
NODE_175_length_78077_cov_7.71629	gb_DQ212986_+_7030-7795_ARO:3003069_vanXYG	95.686	765	33	0	64834	65598	765	1	0.0	1230	414809
NODE_175_length_78077_cov_7.71629	gb_DQ212986_+_5984-7034_ARO:3002909_vanG	86.286	1050	144	0	65595	66644	1050	1	0.0	1142	414809
NODE_175_length_78077_cov_7.71629	gb_DQ212986_+_5137-5983_ARO:3002965_vanWG	84.775	821	123	2	66646	67465	846	27	0.0	822	414809
NODE_175_length_78077_cov_7.71629	gb_DQ212986_+_2258-2966_ARO:3002926_vanRG	79.603	706	144	0	69418	70123	706	1	3.58e-142	507	414809
NODE_175_length_78077_cov_7.71629	gb_DQ212986_+_7787-9926_ARO:3002972_vanTG	99.018	2139	21	0	62703	64841	2139	1	0.0	3834	5359634
NODE_175_length_78077_cov_7.71629	gb_DQ212986_+_7030-7795_ARO:3003069_vanXYG	95.686	765	33	0	64834	65598	765	1	0.0	1230	5359634
NODE_175_length_78077_cov_7.71629	gb_DQ212986_+_5984-7034_ARO:3002909_vanG	86.286	1050	144	0	65595	66644	1050	1	0.0	1142	5359634
NODE_175_length_78077_cov_7.71629	gb_DQ212986_+_5137-5983_ARO:3002965_vanWG	84.775	821	123	2	66646	67465	846	27	0.0	822	5359634
NODE_175_length_78077_cov_7.71629	gb_DQ212986_+_2258-2966_ARO:3002926_vanRG	79.603	706	144	0	69418	70123	706	1	3.58e-142	507	5359634
NODE_703_length_31219_cov_64.8457	gb_X74948_+_0-492_ARO:3002688_catS	88.912	478	51	2	29375	29851	477	1	4.97e-167	588	1871553
NODE_703_length_31219_cov_64.8457	gb_X74948_+_0-492_ARO:3002688_catS	88.912	478	51	2	29375	29851	477	1	4.97e-167	588	368945
NODE_703_length_31219_cov_64.8457	gb_X74948_+_0-492_ARO:3002688_catS	88.912	478	51	2	29375	29851	477	1	4.97e-167	588	1790146
NODE_717_length_30825_cov_12.2082	gb_L20800_+_2308-4267_ARO:3000195_tetB(P)	100.000	28	0	0	5216	5243	220	247	7.97e-06	52.8	1791037
NODE_717_length_30825_cov_12.2082	gb_L20800_+_2308-4267_ARO:3000195_tetB(P)	100.000	28	0	0	5216	5243	220	247	7.97e-06	52.8	1240520
NODE_717_length_30825_cov_12.2082	gb_L20800_+_2308-4267_ARO:3000195_tetB(P)	100.000	28	0	0	5216	5243	220	247	7.97e-06	52.8	1790096
NODE_717_length_30825_cov_12.2082	gb_L20800_+_2308-4267_ARO:3000195_tetB(P)	100.000	28	0	0	5216	5243	220	247	7.97e-06	52.8	6502017
NODE_823_length_27659_cov_46.6128	gb_AF028812_+_392-887_ARO:3002867_dfrF	99.597	496	1	1	18832	19327	1	495	0.0	904	326764
NODE_823_length_27659_cov_46.6128	gb_AF028812_+_392-887_ARO:3002867_dfrF	99.597	496	1	1	18832	19327	1	495	0.0	904	1790581
NODE_823_length_27659_cov_46.6128	gb_AF028812_+_392-887_ARO:3002867_dfrF	99.597	496	1	1	18832	19327	1	495	0.0	904	151317
NODE_823_length_27659_cov_46.6128	gb_AF028812_+_392-887_ARO:3002867_dfrF	99.597	496	1	1	18832	19327	1	495	0.0	904	571130
NODE_823_length_27659_cov_46.6128	gb_AF028812_+_392-887_ARO:3002867_dfrF	99.597	496	1	1	18832	19327	1	495	0.0	904	167878
NODE_823_length_27659_cov_46.6128	gb_AF028812_+_392-887_ARO:3002867_dfrF	99.597	496	1	1	18832	19327	1	495	0.0	904	1445403
NODE_823_length_27659_cov_46.6128	gb_AF028812_+_392-887_ARO:3002867_dfrF	99.597	496	1	1	18832	19327	1	495	0.0	904	177168
NODE_823_length_27659_cov_46.6128	gb_AF028812_+_392-887_ARO:3002867_dfrF	99.597	496	1	1	18832	19327	1	495	0.0	904	177168
NODE_823_length_27659_cov_46.6128	gb_AF028812_+_392-887_ARO:3002867_dfrF	99.597	496	1	1	18832	19327	1	495	0.0	904	297223
NODE_823_length_27659_cov_46.6128	gb_AF028812_+_392-887_ARO:3002867_dfrF	99.597	496	1	1	18832	19327	1	495	0.0	904	67028
NODE_823_length_27659_cov_46.6128	gb_AF028812_+_392-887_ARO:3002867_dfrF	99.597	496	1	1	18832	19327	1	495	0.0	904	4218153
NODE_823_length_27659_cov_46.6128	gb_AF028812_+_392-887_ARO:3002867_dfrF	99.597	496	1	1	18832	19327	1	495	0.0	904	887795
NODE_823_length_27659_cov_46.6128	gb_AF028812_+_392-887_ARO:3002867_dfrF	99.597	496	1	1	18832	19327	1	495	0.0	904	794094
NODE_823_length_27659_cov_46.6128	gb_AF028812_+_392-887_ARO:3002867_dfrF	99.597	496	1	1	18832	19327	1	495	0.0	904	424796
NODE_823_length_27659_cov_46.6128	gb_AF028812_+_392-887_ARO:3002867_dfrF	99.597	496	1	1	18832	19327	1	495	0.0	904	3695641
NODE_2922_length_9261_cov_62.1356	gb_AF118110.1_-_71-1037_ARO:3003002_CfxA2	100.000	966	0	0	8234	9199	966	1	0.0	1784	5357680
NODE_2922_length_9261_cov_62.1356	gb_AF472622_+_52-1018_ARO:3003003_CfxA3	99.896	966	1	0	8234	9199	966	1	0.0	1779	5357680
NODE_2922_length_9261_cov_62.1356	gb_AY769934_+_27-993_ARO:3003096_CfxA5	99.896	966	1	0	8234	9199	966	1	0.0	1779	5357680
NODE_2922_length_9261_cov_62.1356	gb_U38243_+_149-1115_ARO:3003001_CfxA	99.896	966	1	0	8234	9199	966	1	0.0	1779	5357680
NODE_2922_length_9261_cov_62.1356	gb_AY769933_+_0-966_ARO:3003005_CfxA4	99.896	966	1	0	8234	9199	966	1	0.0	1779	5357680
NODE_2922_length_9261_cov_62.1356	gb_GQ342996_+_797-1793_ARO:3003097_CfxA6	89.234	966	101	3	8239	9203	993	30	0.0	1205	5357680
NODE_3504_length_7778_cov_3.56118	gb_L36601_+_1420-3130_ARO:3003036_oleB	97.368	38	1	0	5407	5444	1569	1532	2.58e-10	65.8	1019628
NODE_4167_length_6572_cov_52.57	gb_JQ740052_+_2108-3329_ARO:3000567_tet(40)	97.552	1062	26	0	1	1062	160	1221	0.0	1818	4009346
NODE_4167_length_6572_cov_52.57	gb_JQ740052_+_2108-3329_ARO:3000567_tet(40)	97.552	1062	26	0	1	1062	160	1221	0.0	1818	96173
NODE_4475_length_6146_cov_5.56838	gb_X74948_+_0-492_ARO:3002688_catS	82.556	493	84	2	3802	4293	492	1	4.85e-121	433	5358741
NODE_4475_length_6146_cov_5.56838	gb_X74948_+_0-492_ARO:3002688_catS	82.556	493	84	2	3802	4293	492	1	4.85e-121	433	4198843
NODE_6518_length_4383_cov_58.0809	gb_Z21523_+_0-1974_ARO:3000191_tetQ	100.000	89	0	0	4295	4383	1	89	1.39e-40	165	2946497
NODE_6518_length_4383_cov_58.0809	gb_Z21523_+_0-1974_ARO:3000191_tetQ	100.000	89	0	0	4295	4383	1	89	1.39e-40	165	159398
NODE_8028_length_3657_cov_5.17879	gb_AF226276.1_+_3583-4207_ARO:3002682_catD	99.840	624	1	0	1676	2299	1	624	0.0	1147	4715580
NODE_8028_length_3657_cov_5.17879	gb_U15027_+_0-624_ARO:3002686_catP	99.840	624	1	0	1676	2299	1	624	0.0	1147	4715580
NODE_8028_length_3657_cov_5.17879	gb_X74948_+_0-492_ARO:3002688_catS	82.474	485	79	4	1746	2227	11	492	2.24e-117	420	4715580
NODE_8028_length_3657_cov_5.17879	gb_AF226276.1_+_3583-4207_ARO:3002682_catD	99.840	624	1	0	1676	2299	1	624	0.0	1147	743002
NODE_8028_length_3657_cov_5.17879	gb_U15027_+_0-624_ARO:3002686_catP	99.840	624	1	0	1676	2299	1	624	0.0	1147	743002
NODE_8028_length_3657_cov_5.17879	gb_X74948_+_0-492_ARO:3002688_catS	82.474	485	79	4	1746	2227	11	492	2.24e-117	420	743002
NODE_15330_length_2119_cov_299.004	gb_GQ342996_+_797-1793_ARO:3003097_CfxA6	99.598	996	4	0	1088	2083	1	996	0.0	1818	562676
NODE_15330_length_2119_cov_299.004	gb_AF118110.1_-_71-1037_ARO:3003002_CfxA2	89.189	962	101	3	1121	2080	1	961	0.0	1197	562676
NODE_15330_length_2119_cov_299.004	gb_AF472622_+_52-1018_ARO:3003003_CfxA3	89.085	962	102	3	1121	2080	1	961	0.0	1192	562676
NODE_15330_length_2119_cov_299.004	gb_AY769934_+_27-993_ARO:3003096_CfxA5	89.085	962	102	3	1121	2080	1	961	0.0	1192	562676
NODE_15330_length_2119_cov_299.004	gb_U38243_+_149-1115_ARO:3003001_CfxA	89.085	962	102	3	1121	2080	1	961	0.0	1192	562676
NODE_15330_length_2119_cov_299.004	gb_AY769933_+_0-966_ARO:3003005_CfxA4	89.085	962	102	3	1121	2080	1	961	0.0	1192	562676
NODE_18303_length_1849_cov_2.24526	gb_NC_002695.2_-_1737690-1738104_ARO:3000676_H-NS	88.424	406	45	2	174	578	405	1	3.05e-138	488	4736321
NODE_19102_length_1788_cov_3.6382	gb_AF235050.4_+_38028-40140_ARO:3003318_Streptomyces	77.576	165	35	2	965	1128	256	419	5.81e-21	99.0	5359191
NODE_20651_length_1681_cov_3.18696	gb_AP009048.1_-_4153663-4154296_ARO:3000518_CRP	87.994	633	76	0	1019	1651	1	633	0.0	749	6244673
NODE_21737_length_1616_cov_10.542	gb_M35190.1_+_308-932_ARO:3004454_Campylobacter	100.000	51	0	0	1566	1616	1	51	6.78e-20	95.3	5360595
NODE_21737_length_1616_cov_10.542	gb_M35190.1_+_308-932_ARO:3004454_Campylobacter	100.000	51	0	0	1566	1616	1	51	6.78e-20	95.3	114363
NODE_22282_length_1587_cov_3.93538	gb_AF170880_+_0-1848_ARO:3002522_novA	76.636	214	44	6	476	686	1591	1381	1.84e-25	113	1574798
NODE_42570_length_980_cov_2.73622	gb_AF235050.4_+_38028-40140_ARO:3003318_Streptomyces	78.182	165	34	2	740	903	413	250	6.77e-23	104	5359730
NODE_53428_length_833_cov_2.47943	gb_U00096_+_2812615-2814154_ARO:3000074_emrB	83.528	771	127	0	63	833	1538	768	0.0	721	1790547
NODE_64244_length_730_cov_30.5007	gb_M35190.1_+_308-932_ARO:3004454_Campylobacter	88.356	146	17	0	1	146	474	619	1.05e-44	176	75118
NODE_85367_length_599_cov_1.55147	gb_AJ252200_+_1278-4401_ARO:3003056_smeE	70.954	482	124	16	63	536	2858	2385	5.29e-22	100	5359960
NODE_85367_length_599_cov_1.55147	gb_NC_002516_+_2810008-2813197_ARO:3000804_MexF	97.222	36	1	0	63	98	2885	2850	2.50e-10	62.1	5359960
NODE_197342_length_344_cov_13.0969	gb_AF235050.4_+_38028-40140_ARO:3003318_Streptomyces	75.439	342	63	14	4	337	163	491	3.76e-36	147	1068947
NODE_298116_length_269_cov_1.26168	gb_L36601_+_1420-3130_ARO:3003036_oleB	100.000	32	0	0	28	59	1568	1537	3.87e-10	60.2	144755
NODE_461460_length_211_cov_0.884615	gb_NC_007779_+_2586250-2589364_ARO:3000491_acrD	80.693	202	33	6	1	199	1193	1391	4.77e-38	152	1473035
NODE_461460_length_211_cov_0.884615	gb_U00096_+_3660413-3663527_ARO:3000796_mdtF	83.761	117	15	4	1	115	1193	1307	1.05e-24	108	1473035
NODE_461460_length_211_cov_0.884615	gb_AB219524.1_+_1176-4338_ARO:3003699_mexQ	87.097	62	6	2	1	61	1199	1259	4.94e-13	69.4	1473035
